4.497150703439624309e+00
4.655672459816555531e+00
4.694167683837452643e+00
5.924667176898880783e+00
6.190540086429293432e+00
2.407383543630324529e-02
5.926785328032807776e+00
5.282265898128775561e+00
6.074994646907688534e+00
2.889279787085585305e+00
5.631969812230063432e+00
6.110097951861094501e+00
3.755092434694872416e+00
5.282951213831153403e+00
2.893914455970949540e+00
5.768861765430987276e+00
3.429436121969083651e+00
4.085790656939819243e+00
4.073403535854877688e+00
4.754220162196435950e+00
4.602732572706676351e+00
3.700175112950574885e+00
6.054672052912978053e+00
3.072889510224745102e+00
4.204823430849384813e+00
5.352794922923055587e+00
5.411978107458443432e+00
4.957535063637410033e+00
5.131680055413353259e+00
2.514249348684400420e+00
5.185661675155585293e+00
4.342203687549172741e+00
4.376259172662088304e+00
3.469194445868342580e+00
5.090824604078806104e+00
5.437055242646343878e+00
3.860918959460741373e+00
5.876302752713029598e+00
3.093190190386956751e+00
1.165662867703997296e+00
3.087190995491634116e+00
5.657214635963272897e+00
3.295557931698165355e+00
3.716639464886684507e+00
6.166929222513463316e+00
4.021043286484420776e+00
5.922347945934264501e+00
5.918341702284087624e+00
5.783541699366538502e+00
5.684749663198362057e+00
5.567555551251328616e+00
5.508341124831639846e+00
5.565225050948951591e+00
5.765522974163367564e+00
4.174984358194647527e+00
2.899208872476876309e+00
3.134276347221208514e+00
5.218571586597867906e+00
4.047974820863949219e+00
3.078882142025932467e+00
5.766157252307591463e+00
5.898984206918653328e+00
4.660647187046825124e+00
5.431675215953990943e+00
3.559857452233594621e+00
1.603041885055149773e+00
5.750324383403835782e+00
3.148924552619725148e+00
5.889243797645409728e+00
5.976253726925575549e+00
3.562690982777311888e+00
2.951877000558227770e+00
3.587590675018441644e+00
5.148758165368111150e+00
3.632382648328647434e+00
3.978209565389870583e+00
4.797208138690764123e+00
6.102465465329838246e+00
2.833585216821559616e+00
4.641605419270909749e+00
6.019523288178213249e+00
4.158654695673926760e+00
5.272103383004030697e+00
5.122074875864151444e+00
2.312307409472196262e+00
5.395313347929634240e+00
1.538232018985565386e+00
5.854685716577579413e+00
6.142474478734638588e+00
5.966771149196484991e+00
4.238707173714793441e+00
6.175973425501144476e+00
5.718099276833759070e+00
6.192397098040639314e+00
3.649438949382104447e+00
5.389705921827964374e+00
4.913651010675113007e+00
4.411732185546107132e+00
5.796674899077189913e+00
2.864292693541715007e+00
4.720585153732942629e+00
5.426029947481824323e+00
4.535397157019456671e+00
2.971600108841742305e+00
5.489160899163614715e+00
5.270078023409694445e+00
5.562303918700443717e+00
2.376883238435659518e+00
5.843527255440942980e+00
4.865147459908821581e+00
5.798627717895431744e+00
6.043965617285776304e+00
5.962294528820113015e+00
5.169483447191061565e+00
5.122074875864151444e+00
3.234191580588717141e+00
2.908230796222630143e+00
6.042009373605690570e+00
6.152637560672641115e+00
5.357258761535686808e+00
2.926111875485778224e+00
5.916113713453124312e+00
5.186055975979979138e+00
5.438272637200859627e+00
6.192744866869469789e+00
4.277823656305579370e+00
3.611268849392789360e+00
5.850828402256766481e+00
3.064222873093288335e+00
2.754396871534506630e+00
5.045188560340754691e+00
5.725688383745617394e+00
5.718099276833759070e+00
5.558893973607625938e+00
5.663490367543103865e+00
4.514462677247427891e+00
1.741625891085748945e+00
2.878597422671920203e+00
5.389705921827964374e+00
4.313548461801990364e+00
5.268988127230374019e+00
5.772350109869780255e+00
4.894966032427625180e+00
5.194293595328421276e+00
4.606061696354633028e+00
3.208676892916356937e+00
5.886913801712153393e+00
3.324853201541634107e+00
2.903691320273514620e+00
5.517526465445158124e+00
5.963186302022171148e+00
4.834010392712533744e+00
1.232070041959046458e+00
6.131713876082703685e+00
2.848514868969807434e+00
5.297885588205327956e+00
3.553614003611163863e+00
4.408884995898247894e+00
5.534111714485359101e+00
4.738497676074365117e+00
5.749503619250440067e+00
6.190540086429293432e+00
5.539278876054378742e+00
2.014899692628472128e+00
4.382591570492477828e+00
6.072487830579970769e+00
4.740566989345407656e+00
3.935756339623823763e+00
5.629510291063803962e+00
5.792224957823927767e+00
3.984088862458893043e+00
3.887369285576733446e+00
5.967815886015056748e+00
5.707112441116618307e+00
1.302076447334350462e+00
4.814385951497424543e+00
5.730432843961891010e+00
5.981811981381079946e+00
1.806708116615140414e+00
5.860753869660712212e+00
5.724299006967442871e+00
5.726828635023448300e+00
6.121217998690122286e+00
5.023826794506923044e+00
5.522757361775648022e+00
5.730096777340802916e+00
5.978053361923791442e+00
5.898932793641084693e+00
5.076293271945633734e+00
5.895997641013317470e+00
4.349310700991094514e+00
6.030596522722809105e+00
6.148829005690586769e+00
5.684474562448309065e+00
4.656817535119990303e+00
5.945796174885826346e+00
5.073483283438700475e+00
4.527065184694717637e+00
3.287024019918055373e+00
3.024372995602647496e+00
5.725209581521156110e+00
5.669871236023420025e+00
6.077104638329803521e+00
5.778811562594999174e+00
2.713530760681254428e+00
5.940586876385058446e+00
2.941964572298688463e+00
5.791863131969318346e+00
3.911477173535248930e+00
5.226850781765689291e+00
2.672587952741975137e+00
6.285394485721018665e-01
3.819562070684920929e+00
3.045839310443599235e+00
5.791863131969318346e+00
3.185455824852897244e+00
5.930158912801536175e+00
3.118557659270725591e+00
4.801799558044375082e+00
4.121752330407103315e+00
3.517101141615242010e+00
5.967045987000908269e+00
4.404225557334176422e+00
4.261290570448017512e+00
5.146147264293059465e+00
9.711346136361288517e-01
5.646711356447217334e+00
6.050272617349614634e+00
6.002716145632344791e+00
4.838281879618483217e+00
5.667189869482374576e+00
4.362521356420571372e+00
2.800193812863533527e+00
2.841417640324658045e+00
2.883205544231505879e+00
3.865958293009671642e+00
4.697294447604165590e+00
2.912063404528759669e+00
1.553805756179871267e+00
2.899709379786761243e+00
2.725462084920724060e+00
4.338057023101058007e+00
5.992155374287683856e+00
4.699616940244222718e+00
4.559960293177976354e+00
4.155821248708583049e+00
5.377751929476648485e+00
3.062834437405249854e+00
5.397644407899877983e+00
5.749020837843616505e+00
2.857840170142583958e+00
2.979980618307284335e+00
4.884078685099852102e+00
5.623698972054722134e+00
5.301407527588527735e+00
4.104355081652950155e+00
5.898919108131494227e+00
2.568549435453073571e+00
5.791052168515944842e+00
5.702478911745336276e+00
5.577235028169202025e+00
4.831128140249687064e+00
4.407265926269429812e+00
6.066570949787188027e+00
6.166695817254299605e+00
3.017624195986392976e+00
5.859517637572833060e+00
5.313910577774580091e+00
3.499914296443479955e+00
4.082972400463021678e+00
3.076762886442580669e+00
2.691951382605510812e+00
5.902900149646344907e+00
1.081437206015998465e+00
3.025662456949852697e+00
5.568510135904694458e+00
5.207570604970717554e+00
5.262968027348341238e+00
5.621969630546529650e+00
6.026513770132246428e+00
5.941116234522062278e+00
5.873690042427815783e+00
2.912063404528759669e+00
3.370865555931581881e+00
2.858633346004670006e+00
2.843312899238328750e+00
5.783117355043572161e+00
3.287024019918055373e+00
3.085925498961299862e+00
4.880893788104835984e+00
5.888768118146434638e+00
4.897643384490913299e+00
4.966568875835878139e+00
5.738882802591252386e+00
3.625496423186857609e+00
2.918772004226678707e+00
2.970860125551683772e+00
4.980541058051688452e+00
5.012065488847497363e+00
6.189702006330425554e+00
4.197524342874102921e+00
2.241279194880821279e+00
4.578174111251800404e+00
2.577123193016984892e+00
2.752420026998416258e+00
4.258393899267259641e+00
4.984308850434612914e+00
5.997361782962459920e+00
4.140862999908057951e+00
5.436200231485518231e+00
3.585944978025164875e+00
5.746584361834008448e+00
6.019577588527898371e+00
4.038533399486711417e+00
4.032241847069854224e+00
4.667315138705935951e+00
6.154226868077470769e+00
5.508958578152100216e+00
5.549702832178978085e+00
5.297579658555619631e+00
5.964464816706639638e+00
5.827191293340112210e+00
3.198904718067359099e+00
6.095646735522299409e+00
3.193754589770501529e+00
1.402441220921984089e+00
4.048205656918967499e+00
5.723443659075436507e+00
5.744172995935068471e+00
5.056695890794262738e+00
5.215940203364962890e+00
4.804741718856565313e+00
3.933096283860681552e+00
5.844236927561134998e+00
2.098189772729518232e+00
3.228978141398295421e+00
2.801030963816995456e+00
5.936695571171271446e+00
6.007822559836420773e+00
5.904320088599854799e+00
5.293209253207114884e+00
2.775844453242391374e+00
6.133390657615169772e+00
2.864945088441953835e+00
5.865657208381724885e+00
5.639004952794144820e+00
5.791850526460545545e+00
6.031045268282122507e+00
5.591352724851955891e+00
5.807215950777147029e+00
5.117629312076200421e+00
8.082287893646653565e-01
4.960742963054017629e+00
5.636737314197567628e+00
4.255963685410343089e+00
5.800070900056031320e+00
4.363374071018758293e+00
4.895373381343864239e+00
3.860072989181821068e+00
1.427381831717240424e+00
1.743888097974415130e+00
4.932230546406356275e+00
5.346199159918953114e+00
6.063639204365808055e+00
2.814752973144800663e+00
6.183059491509797390e+00
5.789198366666980178e+00
5.132545326568417110e+00
3.831192640170474562e+00
4.853841008696038628e+00
5.727436219223559277e+00
3.055057206719214768e+00
5.021695724923704418e+00
5.905226000940489328e+00
2.874937882349932305e+00
4.951335728716808937e+00
5.861422307036143309e+00
3.025267793305730368e+00
3.997126328541943607e+00
4.819861066441635700e+00
1.421645394527542683e+00
3.640043510327205745e+00
2.862607635266962713e+00
5.725631956361786123e+00
4.696605274719560796e+00
3.669035263787022494e+00
6.106866728822541113e+00
5.645209532017907428e+00
3.011988457631381788e+00
5.954542078831790874e+00
5.601091146129351550e+00
5.471032004572211171e+00
6.031422531194392533e+00
6.021100106793519480e+00
4.598801986300985689e+00
5.192512287140277571e+00
3.499175650234374491e+00
4.426297821808212518e+00
5.573452148760283720e+00
4.866942593172150389e+00
5.466705369733515951e+00
5.785144090284764395e+00
6.131478093390140494e+00
5.708673736848815849e+00
6.137574514854993168e+00
1.787624999902049261e+00
4.288088310903932943e+00
5.405624960641264742e+00
3.906267167753216807e+00
5.946274443241873264e+00
2.763858213182252221e+00
2.876366698843551006e+00
2.343269826695231206e+00
6.086042263045652767e+00
6.072487830579970769e+00
6.046434433558559363e+00
5.206825037191615380e+00
6.015758013610702726e+00
5.937984072282404213e+00
1.970817154612516831e+00
5.726828635023448300e+00
4.801512613143912311e+00
2.453068303852460552e+00
5.503571551080341351e+00
6.126280063199939008e+00
6.002873447535612250e+00
3.501338347760150960e+00
6.082037183126189461e+00
3.095344091959693955e+00
3.711864546752721150e+00
3.317026392297367288e+00
4.738209688903271655e+00
4.246714429295519899e+00
2.902947358786666321e+00
5.637798444207382076e+00
5.987252721238299102e+00
2.861829444754913521e+00
6.039886313532106143e+00
5.412126128466400843e+00
3.041523379422210738e+00
4.626938059535512515e+00
5.437066767534368239e+00
5.852416967666568937e+00
4.686211266685200272e+00
6.009309196900438188e+00
4.747547066364615098e+00
6.008354169559526170e+00
5.777842016875972320e+00
5.935225225995398368e+00
5.749802606293695995e+00
4.887388974092663041e+00
2.974311879085815402e+00
5.928957497520869424e+00
1.374024791213722119e-01
5.941974637832649009e+00
5.525265379313989200e+00
3.242896216310076074e+00
2.709615681944672616e+00
4.767622531721450230e+00
2.895740714489746015e+00
2.727498990055132744e+00
5.768405362676089609e+00
3.694557342315346382e+00
5.021695724923704418e+00
6.055611092746303825e+00
6.099935947097399946e+00
6.156260472892414626e+00
2.985973050808666152e+00
2.940210770430057519e+00
5.745762983462730844e+00
3.295557931698165355e+00
5.886526028685027612e+00
6.109094184828343543e+00
4.881721461485054370e+00
2.888408737889962552e+00
3.900935649322759158e+00
3.171384291588868809e+00
5.826073158919875539e+00
2.272485974317669744e+00
2.954540452738614320e+00
3.023755003125047303e+00
3.097603931790680942e+00
4.288953314285198104e+00
5.413190794872791756e+00
5.100298666756791555e+00
5.356774189212757165e+00
3.162281820315090197e+00
4.902835868075650083e+00
5.753270238843444240e+00
2.438141606165102893e+00
5.982899485304423948e+00
5.877214947884462859e+00
6.160539566877614170e+00
5.135278963314755529e+00
5.453228795071773050e+00
5.286541233956809194e+00
3.728944767528125759e+00
4.459200882624601014e+00
5.983426861701682142e+00
1.665534104298767248e+00
5.652700285356910825e+00
2.888428238381201218e+00
5.978111103379892377e+00
2.839628764510513825e+00
5.762077624811349885e+00
6.079637399853192292e+00
6.035119332143879411e+00
5.313164807606827189e+00
5.890713959941175304e+00
5.914267539363899928e+00
5.916113713453124312e+00
2.097059264799893796e+00
5.301644190461239248e+00
5.340905726594189495e+00
5.564702389365538515e+00
2.912423797872061737e+00
4.720872110921949805e+00
1.904516620132187477e+00
2.896316873359835231e+00
4.515149880686776918e+00
2.904630349962545655e+00
2.887086095421709242e+00
3.096440271855576576e+00
5.282951213831153403e+00
4.807014281597171035e+00
5.922642369378541716e+00
4.097240132888309461e+00
5.800596146209821669e+00
5.826279428279515393e+00
2.865691249453811373e+00
5.690458783537057919e+00
5.818727895172715492e+00
6.044875323497840292e+00
5.772596316944550665e+00
5.847415176818191895e+00
5.018322210041811005e+00
5.873404563937754119e+00
4.459196888355602795e+00
2.858622601780822503e+00
5.273591121722581043e+00
6.096976170462477640e+00
5.421677076546146168e+00
4.811744065467520315e+00
5.587109606322592015e+00
3.311124720523519027e+00
5.561519239271270898e+00
3.665609972084540757e+00
5.029429450288044556e+00
1.301912112522649378e+00
4.895649213017879475e+00
5.477976093874213248e+00
3.586388543338296486e+00
4.836987927751462024e+00
5.353322132704897207e+00
3.077607006503342291e+00
6.107901581192732188e+00
5.804065760719531397e+00
5.985525890818315986e+00
3.431536936979914909e+00
1.000566851141248409e-01
6.192744866869469789e+00
2.999676501671280526e+00
3.010088509483862751e+00
5.645568597385668852e+00
4.967843732659677158e+00
3.826809715951435376e+00
3.622268171443418616e+00
5.153083244205675761e+00
4.800317620394798368e+00
4.729522612707313556e+00
2.994027133297817667e+00
4.874181550153153353e+00
2.950576593470099152e+00
5.686250357192465188e+00
3.418934224609707417e+00
5.830136260806471071e+00
5.875326125519697129e+00
4.603833141414607866e+00
4.338020859450326228e+00
5.903488200190713187e+00
2.821019696415563160e+00
5.775224853355820365e+00
5.865142485799594851e+00
5.730096777340802916e+00
6.057681721145319997e+00
5.587109606322592015e+00
1.693060434196416372e-02
4.506519305448964730e+00
5.792314978835672257e+00
3.740108972275838717e+00
6.024946286111610760e+00
5.962294528820113015e+00
2.597243843521568785e+00
6.123403291135876891e+00
5.845591165980899007e+00
5.866248713398924508e+00
5.855112896384522259e+00
1.186199287136556757e+00
5.317485120812026622e+00
6.006430279023346586e+00
4.223312814062158971e+00
3.652990776173867360e+00
5.992673161046729646e+00
2.429384370412116745e+00
3.826451905562634703e+00
5.916988043740476044e+00
1.662241826508513265e+00
3.234956529271609149e+00
5.436200231485518231e+00
6.024967312459928337e+00
5.023826794506923044e+00
3.213362507283430425e+00
2.988937918905583579e+00
3.376595358184491413e+00
5.998886463121348100e+00
5.269420553599028167e+00
5.797642855175052290e+00
5.906120041753416317e+00
3.495694944772301582e+00
6.168061309748821053e+00
3.821663724911787519e+00
5.416806395084957870e+00
1.050431203866391883e+00
3.927958863979499338e+00
5.493407150457889188e+00
3.776179732029778080e+00
5.647259931205545591e+00
5.748803003593012662e+00
2.152267971351353282e+00
4.968417154650826006e+00
5.635249190348942783e+00
6.055841394475185879e+00
5.948306640821593660e+00
4.738363264545469633e+00
5.054726364336337596e+00
3.906899689823326582e+00
1.618909185306707688e+00
3.771629732769796739e+00
2.859709727800925805e+00
5.637798444207382076e+00
6.144896786697685798e+00
2.955722491497497550e+00
3.472233069482014489e+00
5.518409312699370517e+00
4.850907436634028791e+00
4.128906780072103544e+00
4.921847525515362420e+00
6.031462484394014112e+00
4.842950248244589417e+00
3.771410937088126580e+00
5.892050982464052566e+00
1.986351735577143618e+00
3.124476210413372090e+00
5.827267915142973820e+00
5.716474223510836339e+00
5.289124389698334205e+00
5.749348158320546354e+00
5.780112259297040644e+00
4.838906826725027699e+00
5.748350299824448228e+00
2.888428238381201218e+00
5.538075939643608336e+00
2.947884292278094343e+00
2.948598497777409122e+00
5.034724282485520064e+00
5.757846715270781957e+00
2.923333356844250108e+00
5.480983170882333333e+00
3.961827583716424961e+00
4.055456961073781841e+00
5.890406205540800855e+00
5.340900786817140755e+00
3.089213708475925912e+00
5.788528362311554432e+00
3.253418145362372282e-01
5.015458504201647294e+00
3.166004008873615660e+00
5.562303918700443717e+00
3.977877528178608735e+00
5.463900488342680717e+00
5.741696874847860066e+00
5.753370359209912799e+00
5.356986184166961706e+00
5.604910668381332783e+00
6.029750223076026927e+00
5.583176685948833651e+00
4.629108903208994263e+00
5.216919932632218426e+00
6.046434433558559363e+00
2.411785381522685512e+00
5.727436219223559277e+00
2.965508708192690079e+00
5.420520274748118261e+00
1.764862778363152973e+00
5.588534731607127881e+00
6.053131002283441475e+00
4.515662127175201768e+00
6.114112224086714065e+00
1.032938634577147685e-02
5.613796058774592979e+00
4.950500363092370293e+00
5.530386124411096560e+00
5.664957241324582782e+00
4.967235166582660177e+00
6.021100106793519480e+00
5.000968155751071897e+00
6.095611906035246719e+00
5.807439694847737144e+00
5.390721228860106962e+00
3.328165178725726037e+00
4.287441579829325278e+00
5.160541403624568702e+00
5.952036542981415046e+00
2.937528831561743825e+00
3.293722215444367052e+00
2.991109760695072506e+00
3.149287715644641494e+00
5.238467026633291113e+00
5.823388742891489223e+00
2.867697981628503978e+00
4.564408909880446785e+00
6.140510379617474257e+00
4.552558510529690849e+00
5.517591755517386787e+00
4.913822681298058548e+00
5.939496824884224147e+00
3.375785120517704740e+00
3.720193238678266567e+00
2.830203819963072576e+00
5.410122667734346358e+00
5.963186302022171148e+00
5.705625472200437365e+00
2.942928251168714482e+00
5.311825724049038300e+00
6.038899657280744293e+00
5.842208498134773720e+00
5.696305614179589583e+00
4.994548762357165828e+00
5.678792755455949859e+00
5.654733456796796176e+00
6.071987992593442129e+00
3.860253620068264002e+00
2.971646193415363957e+00
3.419725634066374198e+00
2.822017057402673501e+00
1.793787381680040038e+00
3.967804587010506978e+00
1.815893244257846595e+00
4.605451391264891114e+00
4.874329094665394990e+00
4.145616047408186233e+00
5.573370348341714298e+00
4.990409203629646129e+00
1.963821185877749009e+00
5.192440642688244345e+00
5.927504764395703063e+00
4.200537092550368001e+00
4.895480827275968672e+00
3.878573440295825847e+00
2.876019485223940020e+00
5.776260052766478026e+00
2.528421934590375564e+00
2.622516819414651312e+00
2.968610591498514584e+00
2.856978116029234016e+00
4.512468616128483490e+00
5.181736210538290699e+00
4.333485926295832513e+00
3.942794787347196905e+00
4.747547066364615098e+00
5.857644406518692115e+00
3.960255138058539792e+00
5.866252013768619378e+00
5.262446503735962011e+00
6.155094338733315240e+00
5.797075963660629938e+00
4.930640247896356243e+00
5.160271174070186539e+00
1.378576734757445355e+00
5.447698757104863176e+00
5.389754237876506870e+00
3.131515267818385517e+00
5.943371444782142632e+00
5.511397900364638502e+00
2.937173932374220531e+00
3.897235378042270160e+00
3.759902265153900913e+00
3.375785120517704740e+00
3.818808631922757879e+00
3.165172853628965832e+00
5.998311420395619820e+00
5.415408844836274938e+00
3.159206610687201433e+00
2.204515589363286843e+00
5.745004469674487524e+00
5.137367544791628049e+00
4.715136682950112679e+00
3.619411797061602876e+00
5.307829129986824768e+00
4.741273748701165580e+00
2.838891889268443602e+00
4.265541588718193111e+00
2.972028135801845661e+00
4.883934595790032418e+00
5.042271816332697831e+00
5.301407527588527735e+00
5.726179712795827825e+00
5.967414078874192285e+00
5.895191569907352047e+00
6.155747731026993463e+00
3.228625838801757464e+00
4.091785363947900933e+00
4.266021671570555895e+00
2.014899692628472128e+00
3.760522713253889648e+00
3.985722414388807255e+00
5.262927069942421099e+00
5.951001194844463882e+00
6.082590386645573055e+00
5.836591675979036609e+00
2.886466522415493507e+00
5.262446503735962011e+00
6.036258529865145661e+00
6.126874267487529835e+00
4.875888666775257896e+00
5.192512287140277571e+00
3.856110600574865988e+00
4.746967718153758398e+00
3.919083673822737257e+00
5.417093809829065520e+00
5.803221432109320510e+00
4.578174111251800404e+00
3.302441194251439338e+00
2.945902127254427683e+00
4.812227144358060649e+00
5.255268024455928000e+00
6.088809736212744461e+00
5.922642369378541716e+00
3.047436266256719151e+00
4.328978908941182091e+00
2.955722491497497550e+00
2.839628764510513825e+00
4.493568837387655890e+00
2.197212240891525337e+00
5.765502707332954557e+00
3.691508319348490552e+00
2.881518987158764755e+00
3.908822617655197451e+00
2.931602348269919833e+00
2.566916524197834004e+00
1.316251549545255806e+00
5.444833239075348885e+00
2.097059264799893796e+00
4.333485926295832513e+00
2.754452524321814977e+00
5.629510291063803962e+00
4.674715369097730999e+00
2.881964138366455597e+00
4.680611241530037603e+00
5.553279775987610023e+00
4.621654020801852170e+00
5.294233398596056794e+00
6.133844708532724788e+00
5.827191293340112210e+00
5.275930840783804143e+00
4.380942662216613215e+00
2.280720558154333055e+00
5.744205719058310677e+00
5.974133310756341686e+00
5.230764919105736155e+00
5.178096082281666845e+00
5.207074612628196597e+00
5.557262998321006897e+00
4.612608482107164676e+00
4.626938059535512515e+00
6.130857252584555717e+00
2.874263999626968769e+00
2.682537150451245633e+00
5.793937769517174985e+00
5.037649074722406084e+00
5.741813571029917185e+00
5.169483447191061565e+00
2.713688479687441202e+00
5.778247472506032878e+00
3.921198854265568023e+00
5.808403203584972196e+00
5.877954327500890308e+00
2.857084816540265138e+00
3.628188099517126730e+00
1.932268408473166277e+00
5.715867005691453784e+00
3.963494501948315207e+00
6.145936898166533879e+00
3.323861357877742506e+00
3.930435271650272178e+00
5.782390428079984268e+00
4.470855933355176504e+00
2.978144595505133108e+00
2.859011525295983347e+00
6.105002726480900144e+00
5.732926141968330391e+00
4.142347313220870575e+00
5.122305635707297355e+00
5.666055423542687208e+00
3.738910696001692902e+00
4.500446008669246822e+00
2.953562585745120206e+00
5.953571284910546879e+00
5.058085739735635578e+00
3.984702384098188777e+00
5.700131495309268104e+00
2.975352410415106341e+00
4.991075113482227543e+00
5.834367662139817057e+00
6.105261711957691517e+00
4.224064131844043501e+00
5.840959624929936922e+00
3.875820414993059515e+00
3.771410937088126580e+00
6.063405206507263223e+00
5.184164806202026909e+00
5.118188086123442559e+00
4.535977379680073973e+00
2.995545162783025628e+00
5.594093840578736376e+00
4.498995919089814777e+00
5.971866373285667606e+00
4.544349272755293434e+00
2.908694880972151342e+00
2.569296266973494447e+00
4.765806194048380462e+00
2.795123593042592614e+00
5.817002949533778278e+00
4.339592835590121211e+00
2.902361193568482101e+00
5.259237338094631120e+00
3.283888587640801049e+00
5.022755116543224041e+00
3.633519531630982513e+00
5.751442355924870853e+00
5.865142485799594851e+00
3.898775688019903818e+00
5.844795280474565757e+00
5.519896819848820080e+00
4.795344087578286008e+00
5.722374723193615509e+00
6.075088265550888877e+00
2.877422679634948022e+00
5.018829364980627261e+00
5.704107286465508686e+00
6.179121880331461369e+00
5.758085936559264262e+00
4.775429944757508594e+00
2.235066831949328758e+00
2.616042450361327987e+00
1.626345966850790248e+00
5.619866285924496552e+00
5.594114397211373380e+00
3.134458833810843004e+00
6.102465465329838246e+00
4.779497337581235072e+00
4.352524506328223630e+00
5.908570165727221379e+00
4.816086130457574832e+00
5.685637213872979601e+00
4.808579832326960180e+00
5.884550763313786348e+00
6.114112224086714065e+00
4.098519525548801390e+00
2.927513230688591150e+00
5.035543779891810345e+00
4.577711116267458635e+00
2.893140835087831597e+00
5.645554172280402128e+00
3.647289023478928804e+00
2.977121582552685997e+00
5.829876500352682456e+00
3.043213447880121603e+00
5.528494044685952957e+00
5.980506209219893954e+00
5.906502781223245790e+00
5.524792998430292812e+00
5.806030327294289251e+00
3.083834648102547593e+00
4.318409770566804973e+00
5.971874384839228611e+00
6.136393911958425207e+00
2.571600501759563784e+00
5.834825309393156800e+00
5.580813789062307961e+00
5.540470034334681770e+00
2.867379195026319660e+00
3.418934224609707417e+00
5.305324836974169678e+00
5.844568582319679351e+00
5.508255867827151597e+00
6.041091316631283625e+00
4.924534443536844996e+00
5.696922945371039049e+00
5.796223613690811405e+00
