7.778909109038944624e-04
7.675119189881796262e-04
8.135755197735211825e-04
5.025932696144569172e-04
7.654413285854523097e-04
4.622405591345341838e-04
7.266702851822992235e-04
3.708544921473342759e-04
2.694674015516700539e-03
7.456395061380025838e-04
2.690846468250351897e-03
3.784277150322229119e-04
5.813939161613057094e-04
4.349613357630054372e-04
6.887691732570798983e-04
8.142354495764940470e-04
4.125021835264005405e-04
1.909720327885571075e-03
7.714080948664365492e-04
3.355628241940515188e-04
2.257141602034577733e-04
7.573706997585316581e-04
8.939882603901715217e-04
5.250856307731830395e-04
4.497482654342982162e-04
2.559737709637456299e-03
4.179453945171910214e-04
5.194460283394192581e-04
1.701694274457675243e-03
9.518209773436007212e-04
5.005486725054039774e-04
5.931653413039565496e-04
1.102559276266514357e-03
1.685743984711287951e-03
8.843456102369297040e-04
2.298700682876884255e-03
1.180360158454744641e-03
6.642742027204773031e-04
2.486864341411837475e-04
5.716176060122113997e-04
4.555218864797933444e-04
8.796601127324392595e-04
9.007179251679958048e-04
3.731450836831176924e-04
6.840568747244773649e-04
7.672196503560173861e-04
5.262697530848250765e-04
5.105923860957454694e-04
8.660413173086685011e-04
4.860575626113974369e-04
8.696073111217760172e-04
2.009544253800621839e-03
6.540079543530928239e-04
4.300413671349228705e-04
8.241778878302967416e-04
4.015302985568389052e-04
1.469640646478776900e-03
6.059450736785766808e-04
4.287108624447693076e-04
1.556330791276263996e-03
8.648757731310028783e-04
6.713893768628111320e-04
4.936373091043672143e-04
3.424854243914841521e-04
5.916509090655992613e-04
8.627767912065515505e-04
5.250005503136182103e-04
9.106949692999950644e-04
6.316532514513767882e-04
7.003411801456676383e-04
1.706177195368083601e-03
9.262468292610742324e-04
1.093728263184071733e-03
2.478444917109162270e-03
1.166416833603436043e-03
6.877041084516096999e-04
1.736100592225107032e-03
7.312645826033343068e-04
1.504889220684153166e-03
9.727186728391386998e-04
2.036266836408099582e-03
7.924315995989727026e-04
4.898431006221492905e-04
5.271112560625806735e-04
1.124442615835380540e-03
1.210486370409837985e-03
2.410364770276053788e-03
7.771319355750405319e-04
4.400834258188195168e-04
1.059008838760562045e-03
5.165558483528763685e-04
5.004105158799755258e-04
1.745045071421994594e-03
5.778585050633607044e-04
9.559083563685839445e-04
2.262399846400338279e-03
4.040566418520219125e-04
1.216884136253932073e-03
7.969043087214557064e-04
7.295814422897832279e-04
3.710816583860575800e-04
4.972000961089718517e-04
9.922320844404854297e-04
1.695896764858417609e-03
1.581926450183592219e-03
7.429185947670536054e-04
5.683081752038090422e-04
6.317613821672406682e-04
9.225728498503195417e-04
1.582093743346610522e-03
1.009754981270407454e-03
9.460046088703338895e-04
1.091073555827077853e-03
5.498113170980060407e-04
7.426995209609102465e-04
3.608610988292823389e-03
5.574860941484645728e-04
1.901685661942250326e-03
7.088712195556208864e-04
1.038699011965659065e-03
4.930297852108226579e-04
7.682014032097018866e-04
3.426608197779728291e-04
1.083480588101638732e-03
5.030109171570628854e-04
8.397346835589370676e-04
1.707167836086501351e-03
4.543947503339482944e-04
1.105448114828294854e-03
5.341228148625537823e-04
9.210583131838772589e-04
1.187456763542977904e-03
1.553965022110884121e-03
1.028525159041119002e-03
4.369063298604457420e-04
1.328658944061306699e-03
5.563128301189791940e-04
1.006789115546712077e-03
1.002835933913428677e-03
4.405787369895784234e-04
1.205513872214441151e-03
7.746788824146820128e-04
9.531564378158211741e-04
6.694337512796234586e-04
5.016301425290690388e-04
8.269647225503112689e-04
5.103059172786154375e-04
3.460926193628272290e-03
1.612279061897677187e-03
9.829461912362481412e-04
3.442360943688990769e-04
8.589789013350830008e-04
4.836977984147650209e-04
4.454693323287628026e-04
5.586147770726098468e-04
4.722778221498627883e-04
2.697177555811768827e-03
9.221570977312867684e-04
7.566347690057089988e-04
4.258804619885846578e-04
1.977838291224988995e-03
1.231653952467120887e-03
1.657809381466022070e-03
1.132624622764716142e-03
3.592368085168870409e-04
1.605495859102825740e-03
7.931858463451963619e-04
3.702179351933321131e-04
1.864189637534274758e-03
7.077819177034548864e-04
5.412969749934928724e-04
1.192001127357022973e-03
4.828832448104889699e-04
5.811756690011516411e-04
7.468604533696964008e-04
9.433515406100514500e-04
6.746211086722180656e-04
8.941573793531323736e-04
5.308808033699056062e-04
1.039640462990893766e-03
3.679741994010826385e-04
4.912602581555477023e-04
1.736238733774554113e-03
1.171567002594766727e-03
8.089719339324953759e-04
5.221836793243723194e-04
7.486363914424330529e-04
1.026183491420783146e-03
8.823142583026332255e-04
1.002419960706500300e-03
6.161394520268249648e-04
7.154533340193491896e-04
1.553628113444828008e-03
1.038558146303227535e-03
9.647618785309663601e-04
1.925296128858823086e-03
7.114539365910728386e-04
2.386414136154249230e-03
7.028169208005808450e-04
2.323050495665315331e-03
7.506196837652598028e-04
7.139298275599183534e-04
5.684815374696095295e-04
8.494462811372927111e-04
5.011339871093980873e-04
1.866591568373041684e-03
1.048161321122713851e-03
1.063926347401522674e-03
4.381810421528020802e-04
2.232694688188599768e-03
5.808594305786920348e-04
1.318783566443549205e-03
6.394225105196050564e-04
5.183361686582509857e-04
5.121214506412060307e-04
6.374002791088077781e-04
5.584913330587554237e-04
8.548178247217948830e-04
9.100470495532950437e-04
6.626720391731477991e-04
3.390615590988374159e-03
5.401083938079622327e-04
1.090887147203816214e-03
1.004732771197832525e-03
1.283149698276377180e-03
7.413351055777505109e-04
1.183025809231774781e-03
8.761471443786854113e-04
2.350168625153591030e-04
7.011909206276183831e-04
7.369877635690599057e-04
4.542932311983581290e-04
5.118756160553838584e-04
5.810993595710046587e-04
1.008209351319108498e-03
1.227925413703191649e-03
1.888329374352730678e-03
9.867393255836968708e-04
1.714884586112282693e-03
1.137223457988670566e-03
1.059824577914802611e-03
4.900037057797850155e-04
8.259584547527753758e-04
6.296110008721977945e-04
6.603260504689206344e-04
2.478444917109162270e-03
6.858737410904414394e-04
6.758647118920641569e-04
8.259885467078467930e-04
5.280369401670372779e-04
4.168940045059652509e-03
2.375813055474911614e-03
7.922996728134628188e-04
1.423593895696785962e-03
5.284029724857413225e-04
9.980399530527313962e-04
6.523101812453998942e-04
4.417026583426243735e-04
3.523798483841590352e-04
8.042548371067536131e-04
1.154841039842480210e-03
1.028514645685065431e-03
4.485638738342556816e-04
1.754131494893942369e-03
9.710378945243957520e-04
1.089389399292214379e-03
1.145671547742097571e-03
5.375469120821210582e-04
8.953641571812568896e-04
3.554840444596866784e-04
4.197017478432285044e-04
3.473967517916515344e-04
7.742932054030728138e-04
3.625487514932868960e-04
4.818419214984113194e-04
5.837108107730052450e-04
6.910670670567671103e-04
3.058440963062558898e-03
5.557961257969023031e-03
9.543117294041840839e-04
2.859525127279154578e-03
8.943771806781956228e-04
8.799083395711277192e-04
1.127593483041163793e-03
1.104566906387546583e-03
9.867393255836968708e-04
1.109095180438515087e-03
8.202334097157905563e-04
1.077471070969640088e-03
7.530430661402289340e-04
9.582933090208155908e-04
3.060704114770355141e-03
6.254756243839613202e-04
6.223405969883074023e-04
1.377868200896343372e-03
7.934554799456504815e-04
2.697177555811768827e-03
8.368876955611100369e-04
9.569814642667959920e-04
7.355001201164155546e-04
4.756609264276754419e-04
6.303107132423257973e-04
1.239425746929377669e-03
2.657388073035304912e-03
6.971837365619810946e-04
3.856647856175265715e-04
1.001927689395656993e-03
4.015081221007034819e-04
8.563252753941366516e-04
7.473501844715953668e-04
1.088022292639450770e-03
1.006358607610187590e-03
8.358456648503996599e-04
4.258492049414574761e-04
7.118458318817682358e-04
1.910864147050154354e-03
4.377802869716828802e-04
3.830535200418652090e-04
6.034341597454544095e-04
4.873534111208003747e-04
5.624143377186872298e-04
6.374682577289337649e-04
8.130264097528149079e-04
5.833341041193518348e-04
5.785313665793178663e-04
7.795033929303335279e-04
6.627087210809604837e-04
5.053841807190368471e-04
2.339373186883170891e-03
3.608525548288182448e-04
5.910636175936641052e-04
6.384846135274182492e-04
8.389212405866202467e-04
3.947613249021052575e-04
1.063248928138660473e-03
1.119433921880047750e-03
1.402772148925260408e-03
1.097077041999673609e-03
9.992717466472331167e-04
1.207260820820837662e-03
2.555282674963252039e-04
6.563938548629074743e-04
2.365894897822347560e-04
4.404720801428871390e-04
9.147228336312241380e-04
4.551219607544406396e-04
1.972206316769631144e-03
3.121335401424246855e-04
5.987330798115817702e-04
7.612730760217080537e-04
9.303734943442365166e-04
1.693597141741418977e-03
2.067606974138111366e-03
2.056747882603496627e-03
6.680791715917858359e-04
3.879435179989822722e-04
6.504111504784832343e-04
5.684493672146468789e-04
6.034341597454544095e-04
4.693691308274707354e-04
5.120870770522914592e-04
1.886869428099356965e-03
2.928325625986477349e-03
8.493472703316607818e-04
8.352495708562299474e-04
8.373208798896580006e-04
8.426296897398176822e-04
1.162835783963820160e-03
8.142354495764940470e-04
8.164760349665683850e-04
7.218595885203620433e-04
7.886064652892545721e-04
1.228017560033623076e-03
1.663107337797652737e-03
6.964595373669199172e-04
6.121820043321821430e-04
1.097077041999673609e-03
6.849159118028844140e-04
2.505807181995734541e-03
1.190467871287663720e-03
4.034512445917883753e-04
8.683269192948162626e-04
1.220882464376073359e-03
4.363915912884790116e-04
4.557882876284808683e-04
6.886305217366796554e-04
6.596954715568464868e-04
6.100862046354981350e-04
7.059318179748418597e-04
5.696203631968000660e-04
5.374847671698093068e-04
7.220439483725313431e-04
1.332216736555427977e-03
3.064608141871622005e-03
8.416192971679852539e-04
4.726586203432297877e-04
6.899442449520642269e-04
9.589358779821994822e-04
5.546241941228476600e-04
5.264970113357226277e-04
2.220023647848053691e-04
6.443222723594258265e-04
2.159977249790789172e-03
1.775328299798662086e-03
1.147689788287878680e-03
5.547989644952357495e-04
1.171014211862976767e-03
4.371763412223102848e-04
2.505807181995734541e-03
8.192772414853268350e-04
8.783530065681083732e-04
1.047736207423873717e-03
3.932011820746465595e-03
1.312546504021679800e-03
5.867278349439186864e-04
9.366728675217892612e-04
1.166416833603436043e-03
7.775404129388047451e-04
6.569268197894758375e-04
6.273120156229151662e-04
9.500903157675443878e-04
9.384689757270307754e-04
2.855890503684108237e-04
5.324405503960303113e-04
3.809811367534150436e-03
1.369062366122651610e-03
1.550166780352454487e-03
6.511400571668622033e-04
2.879262500625227525e-04
7.376966669306040921e-04
5.147897543275462614e-04
5.006696464929722475e-04
7.003935321701680681e-04
5.742084301880801336e-04
1.083947307515798668e-03
2.036896763896756894e-03
5.767359477189308798e-04
6.834588368642771639e-04
5.784674340409474329e-04
3.359775914326672708e-04
4.037096144472216526e-04
5.700982309403851986e-04
2.024006397998095053e-03
9.835027456241091440e-04
7.593830966598989199e-04
1.185705061487367287e-03
5.136688311228540266e-04
8.804211464902911895e-04
5.217969803968096777e-04
3.716721998391809417e-03
1.027089835020249253e-03
2.173669532033136766e-03
9.446204862714184958e-04
1.872727593336857106e-03
4.269979098618053963e-04
8.830629170437261088e-04
3.537032356743091406e-04
5.672333272247629061e-04
9.136833463888829497e-04
9.424143432316173154e-04
1.379134812188063724e-03
4.936373091043672143e-04
3.001941077531984463e-04
1.396608306980989160e-03
7.565227932273617568e-04
6.444456489739826266e-04
1.478527077129453962e-03
2.024006397998095053e-03
3.372258663312671656e-04
1.222149334286447547e-03
1.147689788287878680e-03
5.722148137241432229e-04
3.529619558647516600e-03
2.296437582105315036e-03
5.815048328630071251e-04
1.298445682533092395e-03
9.543439141209100101e-04
1.470531333357924780e-03
6.540072523330413582e-04
3.987188931215588598e-04
1.277755317406357484e-03
4.706910303813588567e-04
3.294935390482057959e-04
3.525870771621174900e-03
5.795947984573572055e-04
3.549447977300169131e-04
7.875000679591896051e-04
1.436667561509865710e-03
5.128722362819619239e-04
9.896318660357096564e-04
6.673091880873325372e-04
1.820761992359619776e-03
5.291528512456151936e-04
1.870230615386403146e-03
1.640560350354182623e-03
5.217004122609290038e-04
3.357088812576197669e-04
1.415577413774707317e-03
1.373977845930293663e-03
4.356042958006323866e-04
6.272051942253835345e-04
4.302790875713690386e-04
8.273571280345122731e-04
6.815047226292222883e-04
4.027816618716879957e-04
1.694057675521567835e-03
1.125761300489384973e-03
1.239960478255294762e-03
7.140136337346784457e-04
5.895795973298791504e-04
8.085853217005102090e-04
1.502515721720181722e-03
6.966801717534882536e-04
1.147689788287878680e-03
1.828588054059803857e-03
1.397575764752881757e-03
7.765099307140971427e-04
4.269304158870232857e-04
3.199176632900963707e-04
3.964386877235719802e-04
1.619695201594123545e-03
1.176724110794751931e-03
7.199169873631314914e-04
2.267584743305074344e-04
1.459648070476246172e-03
5.086010463112078167e-04
6.567079235867691019e-04
4.477005563922298011e-04
8.267056612402907739e-04
2.775745743955263640e-04
6.471345551086664458e-04
2.056754237906012646e-03
5.895146176411990031e-04
9.151909148581678166e-04
2.059557712214496634e-03
5.034024437880331394e-04
1.656022996009591693e-03
1.449389237987430039e-03
1.280727665238582703e-03
5.581618813235076065e-04
8.900748724132746814e-04
5.152358211091181538e-04
6.439077822970801831e-04
5.384429083539326319e-04
6.375452429869042474e-04
2.927313928321034157e-03
1.182314371959450284e-03
6.803554166417532167e-04
3.998752277784011237e-04
1.602083076012959621e-03
3.736523804237363287e-04
8.350030435985050835e-04
3.544298745522922022e-04
1.245253452926726057e-03
1.590501576807896176e-03
8.897090175942490037e-04
4.427373768968501143e-04
7.747195563056177760e-04
6.257764867319707885e-04
1.341417740620544190e-03
1.402812583272501287e-03
5.335900228700658863e-04
1.850320686519514764e-03
4.699381451757800744e-04
8.919382860987954765e-04
7.119820188366898046e-04
9.921889208621688210e-04
7.771319355750405319e-04
7.193048321583409704e-04
2.155417203068622431e-03
8.533208868745019741e-04
5.974828297657876382e-04
3.543727663436107905e-04
1.209299489159072240e-03
4.240065177955580503e-04
4.348211264200252217e-04
4.290240342534659126e-04
4.959147056825346199e-03
2.505807181995734541e-03
6.321118817466665459e-04
1.333945000176502051e-03
3.948598540678982267e-04
1.167256321110989774e-03
5.845764736523267327e-04
3.598998484690573872e-04
4.395914400691319323e-04
5.639242930057346281e-04
3.675976031290633782e-03
7.241244145796357388e-04
3.980606751398199660e-04
1.439099092202803009e-03
6.272051942253835345e-04
7.522187181971670212e-04
2.154369044940693690e-03
2.250548617601167041e-03
1.757632697925384010e-03
2.314217729650262876e-03
1.761113501085878651e-03
7.115012921793849787e-04
9.058242567491064110e-04
6.740475152480356362e-04
1.913093030305066874e-03
7.684453320602979655e-04
6.191880657480095841e-04
3.031682487069278635e-04
6.636741391667905611e-04
6.963005499041691410e-04
6.618057007870526386e-04
1.111911902674802242e-03
5.321581448411245776e-04
1.574205269995966518e-03
9.112462362719846122e-04
5.129484602428782550e-04
7.466339548334427999e-04
6.832020460892937810e-04
8.624580923041974632e-04
1.560711067313292960e-03
4.527451779779836992e-04
1.025517537168103279e-03
5.599102795771852391e-04
1.007237340182905302e-03
6.349446049874778912e-04
4.592087174803834398e-04
6.121820043321821430e-04
4.476087780505227736e-04
4.613113781465796436e-04
1.356708089020263472e-03
1.374038763997294634e-03
1.441779714846607059e-03
7.169805397113062284e-04
7.064490815456028966e-04
1.220971391877109921e-03
5.250856307731830395e-04
6.306091920373487706e-04
4.743657828229977521e-04
8.643016963087485523e-04
1.170039452553443826e-03
8.246474322766938992e-04
8.415993846925425275e-04
2.086035364289215519e-03
4.551975833389229685e-04
3.323444132768753833e-04
6.612101208962166150e-04
7.049030571686307201e-04
3.363905793794001817e-03
7.561428796421489551e-04
7.357447523043195159e-04
4.920914466209877535e-04
1.554711145980271344e-03
6.741475204239590763e-04
2.279729964927627688e-03
1.352403078841414369e-03
3.390868635710365649e-04
5.800169763819632745e-04
2.636983467156328565e-04
1.788896887645336029e-03
5.118756160553838584e-04
6.468257580482648537e-04
4.192878062950292258e-03
1.929523226978001760e-03
9.970029881606998386e-04
1.282544916613845851e-03
2.085451153257536754e-03
6.623978814626654528e-04
9.287939321107213132e-04
1.351874168492117482e-03
5.784674340409474329e-04
9.483487317746374214e-04
2.697177555811768827e-03
3.839970461782062951e-04
1.560472012804173768e-03
1.319394219294272620e-03
4.376037455658106454e-04
1.101383950592842555e-03
6.969737253342632834e-04
4.671885614396377277e-04
5.684815374696095295e-04
5.529343319558055513e-04
6.073237635479939280e-04
1.064213532188479317e-03
2.889408549945784543e-04
5.434494670815643918e-04
1.954465712897312645e-03
2.887338047224301003e-03
1.873016687929432303e-03
7.466940555935978711e-04
3.577103420662999106e-03
1.209133034741733618e-03
2.244844852939181269e-03
5.898051652045832984e-04
7.891684101661710238e-04
1.432360181414080950e-03
2.746316508273064644e-03
7.793641846172549154e-04
6.479439476799772439e-04
4.485685272274878422e-04
9.750894436431051639e-04
7.129680915128651245e-04
8.429785404396730264e-04
8.038168330551235304e-04
7.369877635690599057e-04
1.166755280058767198e-03
1.034178597571094350e-03
1.301198575978693064e-03
6.627087210809604837e-04
6.615421504158633479e-04
1.618910510635263337e-03
1.256624611523742257e-03
4.722182933414547485e-04
4.681429741935591604e-04
9.538961563004002241e-04
1.474962107680793336e-03
3.239819614728198585e-04
4.057299795087165048e-04
6.161731112496535026e-04
1.214865009938221555e-03
1.061073078816471196e-03
6.659756850337757638e-04
4.882055984015031187e-04
4.784189516159026000e-04
7.854445763463446155e-04
5.440174875289544281e-04
1.239478379819689609e-03
1.311447230821328070e-03
4.506688493199293702e-04
8.143319220101014663e-04
9.018985432959741172e-04
1.903092132329668165e-03
2.317781356175233987e-04
6.313590678476654850e-04
4.525948971471580604e-04
1.446016148458947664e-03
6.365954354760378249e-04
4.684158557063533438e-04
7.759967317387856008e-04
5.129963660035617061e-04
1.005170720639229605e-03
3.374741588182303647e-04
6.830075420143925848e-04
3.280060834872694422e-03
6.148272537679800188e-04
2.036266836408099582e-03
1.196995427571978868e-03
5.079962820523896156e-04
8.658935262621357152e-04
8.919382860987954765e-04
6.815047226292222883e-04
5.013081977472240913e-04
3.615580560804501978e-03
1.293868112910920515e-03
7.297326995148283035e-04
3.123635116903592641e-04
3.704389808014303676e-04
9.377155758231072846e-04
6.683811814612638852e-04
1.423838479187217220e-03
8.536873581730889532e-04
6.659756850337757638e-04
6.833014998232603450e-04
3.728729310205387707e-04
6.578110724989573660e-04
5.061324582951281506e-04
5.112535600667998279e-04
1.239425746929377669e-03
5.340152274343815380e-04
9.271146134076779918e-04
5.600187978753097843e-04
4.126332312410117766e-04
6.423620216193028651e-04
3.448139003814895687e-03
5.188341419697850218e-04
1.228017560033623076e-03
6.171498000147591879e-04
2.623140676967926094e-03
3.974824455118703965e-04
4.448131174702973901e-04
2.220909880051938085e-03
4.660208534411695012e-04
4.699381451757800744e-04
4.518275886623341784e-04
2.368428972407974134e-03
1.911056670791555934e-03
3.031682487069278635e-04
9.112462362719846122e-04
1.094296511975827646e-03
1.700998115125122766e-03
4.607666202307199050e-04
1.790136948228846902e-03
5.897844124235755324e-04
5.075844571316517027e-04
3.127501539435915837e-04
1.047736207423873717e-03
1.493793477339399765e-03
1.081603081259999589e-03
9.577225240956874653e-04
8.142354495764940470e-04
7.306403999363568838e-04
7.514773683747684755e-04
5.930258408388277723e-04
1.132021257140146614e-03
5.152358211091181538e-04
3.898144413261215809e-04
1.044972388307787966e-03
4.555218864797933444e-04
1.292677885847791277e-03
1.153979764856997037e-03
5.761827161159311554e-04
9.948296462049545895e-04
1.647054880378963099e-03
8.714660519121519150e-03
4.019900269822607912e-04
9.374492245362178820e-04
5.324563791434836976e-04
5.736478473027439634e-04
5.020394996226153293e-04
1.418019447826433235e-03
1.206339499354852889e-03
1.164476524594420647e-03
7.119697319765377723e-04
2.374575236933360815e-03
8.699652189484148417e-04
3.543727663436107905e-04
1.020490954350377136e-03
1.547695401700949387e-03
5.563128301189791940e-04
1.920296655510989828e-03
1.119772144039451805e-03
2.255360687778059856e-03
9.578662834763892065e-04
3.651696121894986249e-04
1.496045877112424025e-03
3.213750798905423180e-03
1.578957437261029441e-03
8.373208798896580006e-04
1.328716676691241855e-03
5.749013639581819013e-04
4.004509135591822447e-04
4.622974588349326903e-04
6.811571133355765438e-04
5.482109810660515696e-04
5.808594305786920348e-04
8.518575388418132095e-04
1.641702411153156968e-03
9.557116371449573839e-04
7.542402500917829919e-04
2.873949567123386655e-03
6.585873872542096852e-04
6.961252459270978257e-04
5.526758070213029506e-04
8.642994135646912953e-04
3.776604833197305233e-04
1.026414775018876348e-03
6.888236891039568139e-04
6.008628893932170274e-04
8.631253886645189315e-04
1.483451964664378323e-03
7.413725753035758448e-04
5.930258408388277723e-04
6.565861861838336684e-04
6.794286159416534085e-04
4.378988739678558637e-04
9.768987842578120365e-04
6.553155838245831432e-04
1.309274510360824810e-03
1.005957550468081522e-03
1.135918284814975941e-03
7.446780721256116096e-04
4.719390593744706677e-04
1.378539935945335797e-03
4.726586203432297877e-04
9.816425249974389863e-04
4.653066754785698000e-04
1.698032673227961803e-03
3.517460901950103178e-04
8.959083579215343721e-04
1.508900826586036682e-03
9.074131179669256506e-04
9.527721042588784993e-04
7.833733972797480216e-04
1.020599062917488566e-03
2.368428972407974134e-03
9.662451573693676618e-04
4.696844802696836124e-04
6.304234060863756449e-04
8.658935262621357152e-04
6.297758887752886699e-04
4.690048482471892563e-04
7.096718788671858846e-04
1.163219363718006076e-03
1.558429778686126277e-03
8.359016461456021977e-04
2.930538586463619748e-03
7.891684101661710238e-04
9.046411117426992688e-04
7.081685142392766088e-04
1.081603081259999589e-03
5.297498051277936852e-04
2.085213800923501823e-03
7.566901614059925963e-04
6.925182957557920755e-04
7.226314005177691784e-04
5.608319508840828695e-04
4.406784474213525289e-04
6.702342749155220086e-04
1.227661384623864342e-03
4.421725958163126905e-04
1.031830970329115525e-03
1.077471070969640088e-03
7.103830404630931405e-04
1.816529937992713119e-03
1.001310063214142735e-03
6.738483446566360252e-04
7.664733119486592241e-04
1.693597141741418977e-03
1.627958206782569679e-03
8.867646821021013190e-04
1.363346316875639966e-03
8.333184212334984872e-04
5.034000440806772440e-04
3.889887845948179854e-04
3.567384624899018431e-04
6.306307900773957306e-04
4.383476282198216917e-03
5.711516069629295634e-04
6.290826272677381772e-04
1.572369559525869107e-03
4.064217390697276357e-04
1.520566026793034910e-03
5.079260916073004284e-04
1.843628371529775628e-03
8.174764648108880528e-04
8.286183667709028609e-04
1.853580863805114965e-03
2.085451153257536754e-03
5.636271208816817559e-04
7.573706997585316581e-04
7.045799458214612896e-04
1.866591568373041684e-03
2.326609251744540894e-03
8.485683005776141876e-04
1.457996815215277693e-03
2.768669579032774931e-04
8.616970945409727339e-04
7.663490277373324411e-04
7.405076068904890927e-04
8.172649366220947160e-04
7.539796865302873709e-04
3.471465733747610273e-04
6.187313750791386150e-04
5.935735451683653296e-04
1.633313882139403794e-03
1.028514645685065431e-03
5.813939161613057094e-04
7.901692361767763406e-04
6.249649964745869696e-04
8.126381041258260926e-04
7.453973802064659936e-04
1.893918160494378498e-03
9.367507333265665459e-04
6.031374248237618982e-04
3.969579993782714096e-04
2.363811766090652671e-03
2.766854805294187251e-03
1.097077041999673609e-03
8.424473178243756157e-04
1.167276043277806980e-03
1.482702810613332122e-03
4.618045438070934438e-04
9.201849248452304529e-04
6.232177380909981711e-04
3.450831740319220005e-04
3.689601100806143199e-04
5.775737287971302375e-04
9.504526648576208485e-04
5.756429220459477469e-04
3.545328683813820064e-04
6.815047226292222883e-04
2.809283721559558723e-03
1.089575033873757277e-03
1.570733252614451864e-03
7.918326598612229717e-04
4.117453098923683132e-04
6.249805447445090732e-04
3.497256011166176401e-04
6.479611640134295318e-04
7.795033929303335279e-04
9.512136279781531088e-04
3.232922083963249709e-04
8.342651134559870597e-04
5.233212633826203868e-04
6.553155838245831432e-04
5.043398342717978280e-04
8.294155970094709528e-04
1.847788604220571961e-03
8.330774152452619964e-04
5.071065314528174156e-04
9.377155758231072846e-04
4.478357715392822756e-04
8.089719339324953759e-04
6.524618898670629706e-04
