5.867598635676805507e+00
5.882344056189971582e+00
2.881341083134008496e+00
5.805000087826307720e+00
6.185614558946939567e+00
4.286309716442215922e+00
4.954247776354137045e+00
1.727297474408138411e+00
2.276094221691824515e+00
2.688893445182338304e+00
5.367262400011147072e+00
5.094654973332316317e+00
4.067320714941969229e+00
5.727392291724243911e+00
5.429898352901603609e+00
4.199279088142155558e+00
5.808515094849550309e+00
6.000589361042286463e+00
6.237058716126064439e+00
5.975774668588824667e+00
5.374480913871153120e+00
4.677044813741914275e+00
4.779326630232632489e+00
3.618443186664746847e+00
6.264653009554090879e+00
3.712399026902026833e+00
2.656276698785634327e+00
4.772803657377926001e+00
3.221869549354956064e+00
6.251548211224999818e+00
4.331738407552935932e+00
4.095409267268710352e+00
4.969738600182364685e+00
4.786262713567316140e+00
4.857185776665029486e+00
3.383452729336659193e+00
2.808600660523395742e+00
5.269037652262541727e+00
4.350125444759957993e+00
5.245553060266278322e+00
6.178413166639263210e+00
5.420486251302985004e+00
3.533812859159985997e+00
5.630455935356008190e+00
5.969140749161048198e+00
4.200545913277282217e+00
4.892851197209763470e+00
6.258757037239554677e+00
5.487614816792066641e+00
3.779661076932304020e+00
4.391434432277796063e+00
5.702467803779459388e+00
5.173914967072494875e+00
4.427457724199279632e+00
6.214963327130919701e+00
4.156233205627676952e+00
5.755441146064635305e+00
4.024583980320290522e+00
6.100808374393922762e+00
5.238496933999356564e+00
4.965214871864404245e+00
5.852666412927365336e+00
5.094654973332316317e+00
5.179450480133922952e+00
5.586191277582568837e+00
4.491527206247548420e+00
4.281812891508179675e+00
4.966397860623026794e+00
3.697053932134625409e+00
5.155458929688958136e+00
4.144719648982244209e+00
5.411112248180066864e+00
4.898167818950359020e+00
6.274345371122202586e+00
5.928257829006211566e+00
2.014014089300472765e+00
5.606232595713439792e+00
5.396511086206567498e+00
3.377896312659466549e+00
3.636993779924245107e+00
5.055317522610632608e+00
4.542964157056072594e+00
5.141430542677454696e+00
3.466000174954075863e+00
6.074648660662239408e+00
4.897076315488259723e+00
4.981926016327977713e+00
4.310301603014143446e+00
3.495482924277633074e+00
4.966246070920684375e+00
4.271910056804074429e+00
5.429342817134390486e+00
4.065270143111618495e+00
5.965396213270261150e+00
3.758882847156331586e+00
2.481688845876691474e+00
3.285815201931146845e+00
3.635470813043297333e+00
4.006960793438918422e+00
3.491752571509954883e+00
5.824336411482344822e+00
5.545243824654571441e+00
2.410181057352700940e+00
4.606161577601116441e+00
6.194679610160357619e+00
2.901874997840056203e+00
3.604646102533127117e+00
6.131143294968580015e+00
4.554938765911447973e+00
3.567450284675173666e+00
1.852381313972419452e+00
3.492411446399305230e+00
5.989922076607996360e+00
5.201821504816862785e+00
3.407754731413381144e+00
4.426898293172570220e+00
3.249751021032737608e+00
5.058950258722051174e+00
4.030479322830839983e+00
4.732756243989641121e+00
6.051453409368818370e+00
1.924922204209681187e+00
5.839283570411010871e+00
1.914820128832158685e+00
6.216411900403809199e+00
5.798774500912295515e+00
5.169794993810455708e+00
3.244432467682438759e+00
3.716280864381196203e+00
5.656090946758728144e+00
3.650924806475948969e+00
4.716193747678916637e+00
4.173243917723907792e+00
5.015732854193018397e+00
4.384716667588471672e+00
6.098350306430086576e+00
4.137522410533269301e+00
5.714067304018294102e+00
5.585451474759173252e+00
1.111320973969250891e+00
3.171060422609687901e+00
5.882174133592935839e+00
3.462738568865926236e+00
5.803860749728618096e+00
5.770952070186352145e+00
4.213320128863710323e+00
6.000589361042286463e+00
4.768797253421604765e+00
5.543336055757094094e+00
5.966426332897967200e+00
5.771069592760976974e+00
6.269628469020121386e+00
5.650558333713249226e+00
5.744830091240121561e+00
6.171381390442377324e+00
3.603295723509345461e+00
6.067734877578890185e+00
5.878665672237793904e-01
3.502543206588311975e+00
3.138411111981375345e+00
3.016792307075846225e+00
4.629839772064744174e+00
2.704802907346590235e+00
6.254634516949623801e+00
2.230276755080343065e+00
4.518708012152921505e+00
5.419065258616218905e+00
3.940217499288367620e+00
5.512984737835406435e+00
4.897587844208623586e+00
5.337885923764035923e+00
5.055714143184543374e+00
5.738823549306768967e+00
5.750654971723861308e+00
3.933158840655704314e+00
2.436284368689369817e+00
5.138294753607017817e+00
5.556890156341548703e+00
5.327247363072412867e+00
6.161451792726007959e+00
6.088402791709039086e+00
6.230407270493788729e+00
3.487995978748053449e+00
4.946163185593341005e+00
6.197761400827660694e+00
5.291869309025333479e+00
5.363535134193502252e+00
4.264771285667550593e+00
4.767126586849534498e+00
4.663677625962758810e+00
3.754172372051421736e+00
3.083334992063758051e+00
3.462738568865926236e+00
5.452067165686764305e+00
4.530266886712551511e+00
5.885476300183702492e+00
6.048904428338780725e+00
3.812795461382263440e+00
5.735067998704992398e+00
5.475011211146121326e+00
5.135316883924851972e+00
5.996546098447527839e+00
5.820912368936770775e+00
4.999628192958693873e+00
5.529369984368256219e+00
4.966515282060289138e+00
6.113495972323422123e+00
4.556928129149356188e+00
3.839985772664770369e+00
4.541177599768718487e+00
6.012011269857965523e+00
5.621440338337964526e+00
5.907665310346195575e+00
5.395558414319070906e+00
5.694468016158617196e+00
5.233433865156382758e+00
6.251548211224999818e+00
5.794968195859626192e+00
5.942522632843614261e+00
4.242418986494371325e+00
5.348948435467884011e+00
5.989922076607996360e+00
6.201504262835742409e+00
4.707923987598871207e+00
4.675618964446413450e+00
4.454705498581567724e+00
6.192057865856179788e+00
4.700966624320699339e+00
2.524079673412360059e+00
4.673685885864961698e+00
5.094654973332316317e+00
5.752882910296041707e+00
4.967726101555405727e+00
3.762984632265824469e+00
3.399827724795726702e+00
3.250625432671325310e+00
6.032020388466245109e+00
2.812003963148550056e+00
6.210186117979303866e+00
4.531875919827689003e+00
4.987522665198525829e+00
5.590389343990323390e+00
2.914488210062117890e+00
4.509218011534343873e+00
4.813199361819461508e+00
5.403393296277704039e+00
5.388716829473751524e+00
5.705524798119860463e+00
5.791816418140320444e+00
1.533974967263550537e+00
5.740066015057123217e+00
5.973906878203573356e+00
4.074794848095907085e+00
5.035313902400924135e+00
4.085120558202063101e+00
4.534616305458057717e+00
4.395012880693108137e+00
5.983362967763388163e+00
6.093330795853696635e+00
5.723709870246479703e+00
4.403197349535154181e+00
5.637488781648883673e+00
4.954247776354137045e+00
5.435219166472838204e+00
3.122830602474562234e+00
5.773325388029853400e+00
5.927577328827553060e+00
3.667388230382196745e+00
6.245505234514601156e+00
3.239834053367610434e+00
4.374809035444518379e+00
4.619567343680414773e+00
5.444943321641360079e+00
5.033634939701059352e+00
6.260269513872992242e+00
5.726539976318048453e+00
6.144158742250326988e+00
1.588770612227448309e+00
2.832470221510938302e+00
2.607808668807313435e+00
5.124217184983834272e+00
5.479263610344559332e+00
4.562980218394120158e+00
5.809468074930934200e+00
5.351618568627822370e+00
4.039317500243846837e+00
4.088932484490272579e+00
4.038483699270849492e+00
5.503741044628178258e+00
2.646651417395143202e+00
5.007311270175211604e+00
2.725216498454400949e+00
5.881803351658994039e+00
3.024338214600216457e+00
5.177410004852944780e+00
3.821423071587479292e+00
5.129161963516883915e+00
5.499766122797807633e+00
2.753134790204700977e+00
5.215614457399221138e+00
4.662311352230076977e+00
4.861992044980104843e+00
5.699432434934607272e+00
5.215748557437196453e+00
3.346132071191942892e+00
5.448385559007544288e+00
5.417425105805794949e+00
4.491715253612420078e+00
2.854697401750961649e+00
3.614719898575881718e+00
6.205523080380538126e+00
6.091980902038959478e+00
3.708717546967760015e+00
2.557873400005509001e+00
3.845615209682699209e+00
5.612165481397526356e+00
5.180253432775391964e+00
5.807274423829870358e+00
5.744717517403846507e+00
4.789227373280221300e+00
3.880482661603589456e+00
5.802710269452229674e+00
3.138032446907310202e+00
6.024894333509681843e+00
5.344162893759828670e+00
5.910697637532386750e+00
6.232104187236923387e+00
1.391133644880071296e+00
4.606161577601116441e+00
5.624119996302021640e+00
5.244606918415586350e+00
5.354325916863458268e+00
3.724503759492014954e+00
3.903780513382518969e+00
3.591896851174910310e+00
2.765819178036250658e+00
4.857736740263959518e+00
4.106545549920153526e+00
2.227625918978102693e+00
4.859059211645828213e+00
5.756062629064595093e+00
5.822119530828291367e+00
4.055324333653554270e+00
3.243826362798353902e+00
5.104941631117076106e+00
2.665450396107231779e+00
6.080332297251914930e+00
5.058733656970845871e+00
2.098427687877675307e+00
4.349230433367500481e+00
2.829525157147362968e+00
5.469294676750660500e+00
6.241614737088010401e+00
5.507284013857770333e+00
4.897587844208623586e+00
4.926938144861289004e+00
2.167055791560852818e+00
3.750395076128276273e+00
1.022240231005583366e+00
4.601881521260869690e+00
3.468868839343310473e+00
4.983239574651872061e+00
5.262858577338881183e+00
4.012408703927381026e+00
4.602094229685049775e+00
2.195180944052796512e+00
3.693488252941572458e+00
5.944014327265098707e+00
3.684114927727864863e+00
4.848735066117919601e+00
6.134395244778754197e+00
6.170146880859855187e+00
5.253945482902046216e+00
3.735050517002514336e+00
5.923501648368186601e+00
5.609018710463118396e+00
5.614046159778597556e+00
3.318763426567612917e+00
5.861619784118327736e+00
5.089265718260868709e+00
4.359339105485187105e+00
5.391951970987257425e+00
5.857716417274611231e+00
6.176369560595474262e+00
5.345567664977528999e+00
3.804488372575996813e+00
5.521294548113696798e+00
6.015282796060690274e+00
5.979370227032835494e+00
2.541861020223112000e+00
5.725452474491240729e+00
5.854568945535251423e+00
3.622259064322365330e+00
4.525071644773237090e+00
6.114765335027166238e+00
4.800866696707323023e+00
4.736182821664864484e+00
3.635118075895626966e+00
4.772586644191226135e+00
5.362648464725672248e+00
5.521363300367407412e+00
3.803399542985465676e+00
6.178355333351928103e+00
2.989727693225409322e+00
3.358410657982251468e+00
3.375151794514934522e+00
2.876547841178898501e+00
4.563285022714377526e+00
4.139619488714221696e+00
4.318706998028598143e+00
1.852381313972419452e+00
5.725384843425912251e+00
6.185500579989085423e+00
6.164777623574840604e+00
4.432194172538852506e+00
5.632506794943757278e+00
6.000077912083884080e+00
5.946490087249644674e+00
5.420220935343389002e+00
5.171956015366352410e+00
5.715284862970690938e+00
5.873563916781774807e+00
5.508692109439954798e+00
3.208395693222077405e+00
6.042394453923861875e+00
5.907245640890353755e+00
4.292169561762449348e+00
4.897587844208623586e+00
3.689582884118459916e+00
5.588101402413130359e+00
6.243471192746378406e+00
5.567943028786257464e+00
4.505381792025258569e+00
2.639411855338055890e+00
3.147619889323765907e+00
6.142954390016846844e+00
4.497585598362952020e+00
6.064927638084121497e+00
6.161451792726007959e+00
4.312824596558280987e+00
4.701208172001069663e+00
5.365124158657624598e+00
3.828975787280175958e+00
6.220808383569268685e+00
1.933407152100795390e+00
5.610473986200766205e+00
5.326801461165222129e+00
5.067596146880934072e+00
2.582539392054297611e+00
5.532330453160020589e+00
3.038713436819994396e+00
5.022564062815017216e+00
5.403393296277704039e+00
2.331940353861681636e+00
5.577579513573474479e+00
5.962254968241724740e+00
3.338341809810789762e+00
3.476652697056172414e+00
3.475481613758206301e+00
4.447494335985918923e+00
3.405644534216103025e+00
3.449789094982747883e+00
4.358619077408194542e+00
3.458638705249229339e+00
5.689888658307721059e+00
6.141739180041733803e+00
5.400422703015229864e+00
4.069004737464872790e+00
4.223404571430765309e+00
5.347721336087206900e+00
2.177471717453264954e+00
5.365361165738510962e+00
4.013814789729683419e+00
3.512303136400226400e+00
4.467326906880431103e+00
4.867475600249449919e+00
6.175533031003414663e+00
5.955445979149858182e+00
3.122830602474562234e+00
3.197932630594018111e+00
4.450143030163322244e+00
5.837264509985770289e+00
6.241614737088010401e+00
6.060071776107218255e+00
4.815999952609391954e+00
3.467880217010266719e+00
5.728580970370270364e+00
4.504503636678225398e+00
5.587756954571871049e+00
4.275501810686047399e+00
6.024242480254020649e+00
6.063588575190316021e+00
5.804660433107880380e+00
3.879761606445605526e+00
3.844961434715312265e+00
5.834627239356385608e+00
4.019698249427155368e+00
4.968791262663862618e+00
5.638688412075493872e+00
3.740304996834792561e+00
5.663238074843966352e+00
4.137534094488037439e+00
5.938705914807644426e+00
6.129003582894841706e+00
4.076841103513936915e+00
2.167055791560852818e+00
5.906232190876898436e+00
6.090737770348329860e+00
5.856248488167275390e+00
3.636993779924245107e+00
6.214531313213547570e+00
5.084299904008589444e+00
2.580255826979488187e+00
3.411891230337886327e+00
4.746742661920174911e+00
3.469961393255721838e+00
4.126673854233085414e+00
4.127697932537109260e+00
4.058641098814238291e+00
5.669350736189941564e+00
6.256495162430264934e+00
5.613389216227822942e+00
5.964841848390754819e+00
5.801404148849578668e+00
4.543252194023729373e+00
4.739351140234591142e+00
5.812115304913505476e+00
2.316967237290190607e+00
5.693943143780668237e+00
6.168611534003911601e+00
6.242411024582861678e+00
6.192589360576047142e+00
5.632011750511784598e+00
3.338341809810789762e+00
5.400422703015229864e+00
5.845696780077950905e+00
5.887800626628083123e+00
4.237666989135751905e+00
4.224273189733413147e+00
5.504397359191225192e+00
4.663875273448198300e+00
5.411329049279566483e+00
3.646206133836920937e+00
3.771001654746911402e+00
3.650548384766219012e+00
5.500695705614843334e+00
3.471062128356360077e+00
4.221401538846128787e+00
2.871174687719696195e+00
5.152030908271991727e+00
6.281196569753250358e+00
4.568483692522066875e+00
5.841046617136956165e+00
5.157183138146208989e+00
2.348123476919483643e+00
6.026950071963648625e+00
3.367711193212599596e+00
4.624841580525496099e+00
4.460013555714549938e+00
3.335663940072062239e+00
5.559351369540560306e+00
4.735658701596289433e+00
6.097108273276512946e+00
5.599332173297426607e+00
4.531875919827689003e+00
5.400422703015229864e+00
2.714651669618531660e+00
4.104519537093898052e+00
5.788263008091904638e+00
4.829012457617764653e+00
5.878151985003867708e+00
2.402175203000436632e+00
4.100556292900316535e+00
5.690666715233069439e+00
4.364186438558730785e+00
3.024338214600216457e+00
3.201392298074019482e+00
2.860647497625610214e+00
5.784179447850848810e+00
5.679811247981345623e+00
3.774370448713614490e+00
4.552003438449138351e+00
5.552692795249791757e+00
5.771673581368826689e+00
4.143175819356093470e+00
5.071717163446002097e+00
5.146286039413346280e+00
5.172285377518401894e+00
5.803860749728618096e+00
5.440902842047392163e+00
6.108450301675111938e+00
5.268133538720898734e+00
3.447661415503543214e+00
2.989727693225409322e+00
3.387561709220573203e+00
4.594038950635399132e+00
6.178752355026261078e+00
4.162767506041372911e+00
5.431565654575301494e+00
5.140279550670395992e+00
5.820168179534108255e+00
5.691235651832923459e+00
4.920489574955611012e+00
6.277867934929032501e+00
3.675176005240760713e+00
3.236716073349832801e+00
5.134027294288149079e+00
6.220808383569268685e+00
4.690322123764900653e+00
5.999611388087316755e+00
6.127464187043871746e+00
3.387825492250401638e+00
4.934186799694112224e+00
4.776424874451273617e+00
5.938488227692524823e+00
5.064348662236766607e+00
2.483271804761566504e+00
3.333171302183422391e+00
5.345567664977528999e+00
2.331940353861681636e+00
3.083334992063758051e+00
5.352589405803517941e+00
4.852133399271275849e+00
4.009612472457797949e+00
3.734930525247503130e+00
4.051513397489334700e+00
3.880108841307108758e+00
6.114412596335967898e+00
5.843381557861760278e+00
6.016238108236534821e+00
5.952235064550229104e+00
6.015432913032630502e+00
5.279004948578090328e+00
5.747629475340359839e+00
5.928257829006211566e+00
4.461250175482762259e+00
4.679549561429558580e+00
6.225726982947503707e+00
5.528086707974918745e+00
6.167433857331577229e+00
4.214354281025728177e+00
3.285272511205206580e+00
4.852820471508186628e+00
4.127899643693473841e+00
3.672199456111035154e+00
1.591413019872472967e+00
5.176037537075396600e+00
6.251556487179172450e+00
5.842036229082149035e+00
5.773690885236907988e+00
5.919013499683090984e+00
5.461045109146625443e+00
5.682914057944294051e+00
3.374463220269130925e+00
5.961821865435576129e+00
6.280968626387753773e+00
3.904712499634996004e+00
4.290868679208385217e+00
4.557428423341300494e+00
3.944527875790025284e+00
6.152497021760741980e+00
5.886936018281537564e+00
4.981252991266414298e+00
4.106639670012620869e+00
2.092848174366963132e+00
3.653734922573759647e+00
4.286309716442215922e+00
2.964642506160213742e+00
5.616363338348953071e+00
6.113983646697873198e+00
5.418444239164742271e+00
4.691341725012746267e+00
5.071717163446002097e+00
4.602699414675145206e+00
5.285000399594711240e+00
5.564628882530583631e+00
5.892628346252705818e+00
3.390766721930446259e+00
4.662348932888567887e+00
5.253584111247607602e+00
6.264136594811720471e+00
4.634070256634957197e+00
4.592932417265555678e+00
5.708811343152857987e+00
5.602657932563085197e+00
4.187603210677376175e+00
3.729201304428593211e+00
5.732912097747767000e+00
5.655196078125399595e+00
6.005686011375434674e+00
2.891744207809721967e+00
6.113233094482088070e+00
4.400215103212511636e+00
5.559710129079619811e+00
5.207597769148764932e+00
6.122891911148760080e+00
5.881066634518972158e+00
2.354812044881290145e+00
5.104848538804959368e+00
5.067596146880934072e+00
6.080233609324548816e+00
2.214360085221753760e+00
2.081382663870342320e+00
5.511043274642802636e+00
5.045200729248311866e+00
3.683475576400928375e+00
5.367957962099772828e+00
6.112084978839401828e+00
4.128380585912769796e+00
5.567089010326546017e+00
4.865699022973483778e+00
4.825229435164096081e+00
5.627633648754165385e+00
3.986245378390997018e+00
5.749692093044931340e+00
4.162767506041372911e+00
5.926795681303659968e+00
2.706603794981063515e+00
5.011304815572980687e+00
6.041934585842987815e+00
5.021417098470993601e+00
4.716193747678916637e+00
4.833938380371372467e+00
4.669258020624869054e+00
8.412361786515779594e-01
4.435605094023007844e+00
5.004622847789550910e+00
5.504812961826518247e+00
4.301400691774409424e+00
4.861193506664386099e+00
5.677907945449689464e+00
4.146391246003043207e+00
3.707699491902209488e+00
2.014348803013917166e+00
4.416538272529218823e+00
5.891936059929906655e+00
4.421063231969886154e+00
5.812013276662550076e+00
4.613044876818566564e+00
5.780623213142580319e+00
3.616327443487190152e+00
5.768550352307833862e+00
5.519929310142746459e+00
5.178223307130815911e+00
5.389629826312598126e+00
3.856749326617590512e+00
4.601237528270591959e+00
4.213320128863710323e+00
4.377170051586008803e+00
5.400422703015229864e+00
4.756218472868307678e+00
5.936756004279544641e+00
5.134049607103355228e+00
3.372344696296722955e+00
3.901510979974775584e+00
4.416367192793945406e+00
6.033759078395779518e+00
5.614358629304002868e+00
5.687757007375695117e+00
4.278094808718855724e+00
3.873595583657095442e+00
5.710403201407932450e+00
4.070325876408674048e+00
5.415095136213767368e+00
1.834212331660040052e+00
6.056769326082140914e+00
1.847562250510627724e+00
6.033677954206877914e+00
2.858240855107070377e+00
6.171858554589190859e+00
5.100718450128892023e+00
4.454705498581567724e+00
6.000589361042286463e+00
5.887800626628083123e+00
5.016863377930658174e+00
5.057534588381801477e+00
4.061624858497459911e+00
1.865244277291647323e+00
5.755950220046548438e+00
4.593029690801757603e+00
3.348607095764189356e+00
6.220550090919600983e+00
5.472816446493451892e+00
5.916903367310569095e+00
5.048181667646349347e+00
1.352971874905151584e+00
5.481413293092768590e+00
4.545091405356314951e+00
3.228333464058729341e+00
5.599892581322762020e+00
4.526531166365066916e+00
3.911116873347308509e+00
4.507285055860712930e+00
4.065507332578602195e+00
6.119579993489232095e+00
6.023725329020810371e+00
5.015969762653037733e+00
5.282841376863656180e+00
4.557153820310619885e+00
5.732670204417424031e+00
3.898508008212831832e+00
4.887666762713857693e+00
1.924922204209681187e+00
6.204500040609095990e+00
5.881045793807447630e+00
3.751014234418248883e+00
4.982545886899933052e+00
5.415095136213767368e+00
3.545303078981030698e+00
5.511628675023510837e+00
5.722662206049801803e+00
6.213502684724657499e+00
5.055889892508448114e+00
5.942188441587823000e+00
2.481427441222315622e+00
3.870063115133772769e+00
5.654970007539485977e+00
5.656774704572780976e+00
6.242403929395386797e+00
3.399708224451385430e+00
2.538131378067807198e+00
5.455701033084372931e+00
5.908661291208148647e+00
5.269630222745986359e+00
2.491260542768928499e+00
5.947681197780772422e+00
5.940181273798819994e+00
6.220808383569268685e+00
2.739854110747184102e+00
3.556790019264265634e+00
2.177471717453264954e+00
2.905168453212976232e+00
4.578688487575438337e+00
5.654722866049976204e+00
4.349629352652661929e+00
5.606856854936421719e+00
6.282216291372202832e+00
6.048314824887225605e+00
3.629110663933912573e+00
3.221869549354956064e+00
3.585718821997236905e+00
3.175722245483468598e+00
5.900655965499878697e+00
5.203169522895730204e+00
1.309361536343017107e+00
3.823338033125468716e+00
5.903696972910777774e+00
5.534471813134822504e+00
2.983293264377222087e+00
3.518893157749694467e+00
6.097080648543492742e+00
4.693194363516109746e+00
4.009332494469751929e+00
5.365928524365595642e+00
5.938705914807644426e+00
6.030024439509670486e+00
3.296893434617058194e+00
4.575581491290310332e+00
2.902482935544674181e+00
5.517939456821547850e+00
3.956511374518385082e+00
3.226519756323574573e+00
4.187603210677376175e+00
4.519042769305162466e+00
3.416479824923376096e+00
1.726875225890541987e+00
3.264918908904663297e+00
5.329837452415540966e+00
2.860588791106041473e+00
2.997168253929994641e+00
5.374480913871153120e+00
4.035612221055643545e+00
4.945519827161682258e+00
6.241614737088010401e+00
3.873595583657095442e+00
4.144433008992597145e+00
4.572784530854089091e+00
6.047147190308686859e+00
4.354393399508120766e+00
4.063771979604513085e+00
3.468868839343310473e+00
5.552692795249791757e+00
3.811701902846261980e+00
4.558201279192718225e+00
3.675960891308845291e+00
6.215836098172486501e+00
4.129465709612085256e+00
5.809837764829230977e+00
5.976020214596307056e+00
5.635172215265022544e+00
2.983831578916059879e+00
5.582837102974012922e+00
2.130783236739648423e+00
5.699593517973996271e+00
3.158270071344189578e+00
4.662348932888567887e+00
2.854697401750961649e+00
5.674313456431367086e+00
6.197858998461860836e+00
6.152464375645968708e+00
6.217910348583095548e+00
3.882113892788529697e+00
6.143209886956753074e+00
4.974233384246863565e+00
5.815663655961340162e+00
4.985714498281374141e+00
2.860647497625610214e+00
3.919377310424700056e+00
4.968791262663862618e+00
6.019883967177481310e+00
3.871605751690524677e+00
3.086727175000260281e+00
3.329231831031619571e+00
5.946284551848844302e+00
5.198468411495221986e+00
5.894050235542735550e+00
2.948758551671354589e+00
5.769504256950440002e+00
5.014664045842342155e+00
2.926423485898163701e+00
5.880344462968404962e+00
3.492697254374724114e+00
3.310942688740242890e+00
3.132900314893290350e+00
5.986187446130533552e+00
3.316508553196287234e+00
3.608631005602763508e+00
5.575217393928930676e+00
5.432223498645544879e+00
5.671392635939777271e+00
5.533489202261089979e+00
5.429342817134390486e+00
3.849408122611561289e+00
4.898503399544662074e+00
5.140236168477228418e+00
5.693296512989108216e+00
3.990375545323559425e+00
4.416538272529218823e+00
4.600255489505978623e+00
4.070325876408674048e+00
5.315123175447435955e+00
2.220581290004965958e+00
5.332625079626288844e+00
3.719069571345755332e+00
5.245131335015292606e+00
5.509983362273503715e+00
5.325988258154606747e+00
2.629700224382733875e+00
5.831927672132847462e+00
2.358171548998204692e+00
4.983239574651872061e+00
4.005206207324400580e+00
2.167055791560852818e+00
2.712481582193011054e+00
5.400422703015229864e+00
5.753027865121690176e+00
5.747138463846766854e+00
5.553202715321241101e+00
5.063449530663651998e+00
4.082953795384556273e+00
2.805047896217718773e+00
6.006277348738751520e+00
4.516370071916759876e+00
5.928257829006211566e+00
3.962922630434136728e+00
5.665685492525173395e+00
5.500695705614843334e+00
5.202713188509729747e+00
4.467044071783865533e+00
4.202388515005837100e+00
5.874863615576961351e+00
6.192043947442048335e+00
5.211972698698828843e+00
5.978161211068178105e+00
4.377749114855856938e+00
3.486623503185193318e+00
2.329207264572775937e+00
3.861314288113265381e+00
4.404276058290726326e+00
5.244052339653105577e+00
5.374480913871153120e+00
5.682583781073804019e+00
3.403684867434735306e+00
4.497908455634863856e+00
6.024894333509681843e+00
5.003391677104947810e+00
5.365869219594577189e+00
4.544658698638175842e+00
5.253584111247607602e+00
5.856248488167275390e+00
6.233464002656813996e+00
4.509914792288743257e+00
5.048181667646349347e+00
4.995359012405842236e+00
4.554913989096445626e+00
9.148469537906581683e-01
5.778325853115286570e+00
4.587927317056722742e+00
6.186320688091551112e+00
1.418219621968244137e+00
