6.022983207403541428e+00
9.753707135037528175e+00
7.754064039367042582e+00
6.017062146110801812e+00
7.404052766299153987e+00
9.147531912956349487e+00
7.967315472666274268e+00
5.502180472404648803e+00
9.386097605401086952e+00
9.745726209416144314e+00
9.745770400720530802e+00
8.491111715738517418e+00
3.375260238192768103e+00
8.667076762577769600e+00
6.398925384218268952e+00
6.419433620171725252e+00
8.427014160076963023e+00
9.026061866111282583e+00
9.191528548985161251e+00
6.039756699329748457e+00
7.710493171703316051e+00
9.873290400110988685e+00
5.714891769929264065e+00
5.955978594642820312e+00
9.886896757400968738e+00
8.700705732881354848e+00
4.477078399279487364e+00
5.706686184177246268e+00
9.861741869723983811e+00
9.400876082950366808e+00
9.855234304524298494e+00
9.385366509864809359e+00
8.840059420395572687e+00
7.655500745975365007e+00
8.039194461181198292e+00
8.878996462105195775e+00
8.873660878673360841e+00
6.297858531175875463e+00
5.333371472028574090e+00
9.015519062736007783e+00
6.524014323218117362e+00
5.139689894888885391e+00
8.434806307222155297e+00
6.156975088870714430e+00
8.738320030619430412e+00
4.314355462282232878e+00
3.251016110861109532e+00
5.165476953507981861e+00
7.224098988781019415e+00
7.822551627559062304e+00
4.072746508594931925e+00
9.634878532686512287e+00
7.299674742631506064e+00
9.822384975670461316e+00
7.463395853989541529e+00
9.482442890178834460e+00
9.744383383256010944e+00
8.350340873424034527e+00
4.548823349708944974e+00
2.907638232231520181e+00
7.740004565964014205e+00
6.952942604768844070e+00
3.238463957855996167e+00
9.043566227226040866e+00
7.147074138394094334e+00
7.267345476321954933e+00
3.396673749636264006e+00
1.992621217448224957e+00
9.001395720712176640e+00
3.390222317438159827e+00
9.079641488611326139e+00
9.115013626590341644e+00
8.513040702395288761e+00
8.608474841394613719e+00
6.944018119358075225e+00
8.688058095424047167e+00
5.126774062379351626e+00
6.770917827522126231e+00
8.189920858877073329e+00
9.946114636289497213e+00
6.179648489287622226e+00
9.654219948459747513e+00
7.239348912070006747e+00
9.782860469437478557e+00
5.429760996183636834e+00
8.222868660990075185e+00
5.395921412226483582e+00
9.776403300748221170e+00
7.947844249023314767e+00
3.282051360395457085e+00
7.934067467475778734e+00
7.603873796646762884e+00
6.932509986448931905e+00
9.167404723836494185e+00
6.875379887292546677e+00
8.168071653676598487e+00
9.131641343575310543e+00
3.709116072733594560e+00
8.813365637953818776e+00
8.950281717642976531e+00
5.423896466380436543e+00
5.029832465399850960e+00
9.020930439232076381e+00
4.271084456996641521e+00
8.271864800127820772e+00
7.115176293415700570e+00
7.187149756153710101e+00
3.181431987374470527e+00
9.907071158580913917e+00
7.036419062763358490e+00
8.414960347440635147e+00
7.801765069765189686e+00
7.004882822995726954e+00
8.991675821530112245e+00
8.494265874621753198e+00
6.633588590276030317e+00
9.361262338411606265e+00
8.811660027086528402e+00
8.055467366179206223e+00
3.796340328544269394e+00
7.725675646756381632e+00
8.564402264087823013e+00
7.117793635271528530e+00
6.136556301311689943e+00
6.602903578926856198e+00
1.000189894092386389e+01
7.901053044104334511e+00
6.539568027413263707e+00
9.302710205963107271e+00
8.558912709227399773e+00
7.711405742634434013e+00
7.606120568064308252e+00
9.267355168456584025e+00
4.684422753087251756e+00
9.545724036102484433e+00
8.910290496692137907e+00
7.481704756632912456e+00
8.669541383247144850e+00
4.627188246867890875e+00
7.503008940048009556e+00
9.934275903198308555e+00
9.835985378911162869e+00
8.741673294268888839e+00
9.507971136077747687e+00
7.597395275075305321e+00
3.982556323435665568e+00
9.924193613298708527e+00
8.350309455713908591e+00
9.137524886021848758e+00
9.147248947468419544e+00
9.434934222920659863e+00
7.674726002655423152e+00
7.347953655734192679e+00
9.328566913252121395e+00
5.169384663394339441e+00
8.060014514192044288e+00
8.817840352547168692e+00
9.760499161757509867e+00
8.257555226873737553e+00
4.034694866404324287e+00
8.912569719877826202e+00
9.511207048806596731e+00
6.623036152309579983e+00
2.791824769179725330e+00
9.668573656268360850e+00
8.009420113253634455e+00
8.528126564328719184e+00
7.932700158892484588e+00
6.028151434132392517e+00
9.175789286429679947e+00
7.871518615570801458e+00
8.804791842126970636e+00
6.536189246402025255e+00
5.455474953566611163e+00
6.729077272412637534e+00
2.625349196268852214e+00
9.889153369238121272e+00
9.702427594654885468e+00
4.256890460381248076e+00
4.064327426157384515e+00
7.515616316115512063e+00
8.457997783351967058e+00
8.937363571934158202e+00
8.922530156462658013e+00
4.396814474566478559e+00
9.745638060235977562e+00
9.418916511432978922e+00
7.428066270381535219e+00
9.183780638028981258e+00
9.780504098855010042e+00
7.127655124705989387e+00
8.828039064204565634e+00
9.942051871571116806e+00
8.710623967124359268e+00
9.021523323739829792e+00
6.444522783275979272e+00
4.855744639793115880e+00
8.946339398503001306e+00
9.044344084548482599e+00
7.860989467812013132e+00
9.691304366221892508e+00
9.775954144616209263e+00
9.827173495612006704e+00
7.229249523348502571e+00
9.441434290747015012e+00
5.471138518694239394e+00
5.741190714992192135e+00
9.451010182840640539e+00
6.251933819643546109e+00
7.082367624995494104e+00
9.365567321700329018e+00
8.759907643529254884e+00
6.778963642331840234e+00
8.996087788897863646e+00
7.501227603361374285e+00
4.326892418045320987e+00
8.748349641073565053e+00
5.316782796743289907e+00
2.918584967088834414e+00
9.770987127711922682e+00
5.878200788654465825e+00
4.005430391585576899e+00
8.844620375726305994e+00
8.384236987366799454e+00
6.769091117809285407e+00
5.286762116890818319e+00
8.949146631355768378e+00
8.883969870819667491e+00
9.275183015626360827e+00
4.830600291771854238e+00
8.374467341666154141e+00
6.780571737217584882e+00
9.246070165887019243e+00
5.825392656728152652e+00
6.475687484017733198e+00
8.128356887129797315e+00
7.526657518114879153e+00
9.219128073982954419e+00
8.327331699106261809e+00
9.610654497319531586e+00
4.599751634515850007e+00
8.537208910849420462e+00
5.395921412226483582e+00
7.284527009681381671e+00
7.229249523348502571e+00
9.477091437789805894e+00
8.714733286074467955e+00
8.580115698219357157e+00
7.885997088706940161e+00
9.543823686129435657e+00
9.547912427462781793e+00
7.299425987484585931e+00
9.669530546352822498e+00
7.550950368208562580e+00
9.529854997682186024e+00
5.345354756194343970e+00
5.371694040065661646e+00
7.481751735680463256e+00
7.742441138829590841e+00
5.480164893938720638e+00
8.156589796848274787e+00
4.254922105706195445e+00
9.854034815150477300e+00
9.403894573357852948e+00
9.418730514814351196e+00
9.507092452648006287e+00
8.539612242753499061e+00
8.961566559674601251e+00
8.294871045434904389e+00
8.621253999269910651e+00
6.069958196193306676e+00
7.168909724786263205e+00
9.463622197054631258e+00
5.743778892525268631e+00
7.250277254573153307e+00
9.220625967477992901e+00
9.911630461156407890e+00
4.563488740074626904e+00
9.392322768469426819e+00
8.501308380262456055e+00
9.554493264009433773e+00
5.117977909867315489e+00
8.125610026150727805e+00
9.855421335883937317e+00
6.478836694171025812e+00
6.896786436254721764e+00
9.929396016965498006e+00
6.402681878259104842e+00
8.616471433126321244e+00
8.279770966795526377e+00
9.855234304524298494e+00
9.831632221867787180e+00
9.403894573357852948e+00
8.972143384248045805e+00
8.828095163850424143e+00
8.823977152863943019e+00
9.880926608981834391e+00
8.786770838115220528e+00
4.643923323605789300e+00
9.234471123909896662e+00
7.437793093913925624e+00
5.216214315375294674e+00
9.592984743072475950e+00
6.138015183362352190e+00
8.404964135217104726e+00
2.590491749649613151e+00
9.923627478003757219e+00
9.976556994863836181e+00
7.395059968344684265e+00
9.613460777752688813e+00
9.096157247497661302e+00
9.510140548622759482e+00
9.158931509443966945e+00
9.920907636147344277e+00
7.106327282149830893e+00
5.656059652088261558e+00
8.284378930821036491e+00
7.282999180859126120e+00
8.108858891212786801e+00
3.764656746218931538e+00
9.807619619136342948e+00
6.489626256367131418e+00
7.533745674352613442e+00
9.970497872641550074e+00
4.238062057497713475e+00
6.914929083758969419e+00
6.829688807392690464e+00
4.984884441712069680e+00
7.388793691577083322e+00
9.202568047205172519e+00
8.988969988553586532e+00
6.057425967673117029e+00
9.650705542984194807e+00
7.684365787961699112e+00
3.708777472486426419e+00
9.189385595606983870e+00
9.648721427379202353e+00
9.089955003999504513e+00
6.916863860996082636e+00
9.547258374467970654e+00
8.630647299081012136e+00
9.294943779924409455e+00
8.949146631355768378e+00
9.602041761028926814e+00
9.259247683934594519e+00
9.897048786561068567e+00
9.460094448463181038e+00
5.473644773203544922e+00
5.959972960715518298e+00
9.921354575624629746e+00
7.116643269338390532e+00
9.175208282710087815e+00
8.560018692725661182e+00
7.791492991243464949e+00
6.117226338771472705e+00
9.546613969960148438e+00
7.389753192228856626e+00
5.981402201440218391e+00
9.881329570377516802e+00
5.871224070077906809e+00
4.954112535269624473e+00
7.299425987484585931e+00
9.204394943323164213e+00
8.851886291029209985e+00
7.606523789222526588e+00
6.067031885606223085e+00
6.449913642547221215e+00
4.916174404374586082e+00
6.289037764651467910e+00
9.675270263393898063e+00
7.040728565357769142e+00
4.801349166917954214e+00
8.373577375325382377e+00
4.963093126909360109e+00
8.127347560244565727e+00
9.815337334774570266e+00
9.967039874116116138e+00
8.015399721156407864e+00
9.343219317763779230e+00
9.638201838198346749e+00
8.701360009293193087e+00
8.690417997353046431e+00
5.389578733429462254e+00
4.230589879417923527e+00
8.748349641073565053e+00
9.534537440983609002e+00
5.169384663394339441e+00
8.661149373495035775e+00
4.963638818089275873e+00
9.773622955127544643e+00
6.960937787771550589e+00
8.092201888207513960e+00
8.436445371324989395e+00
5.682609238526899809e+00
3.087286522887851881e+00
5.696414526703438952e+00
7.789150096997390804e+00
7.672314030450488431e+00
4.229177748362801026e+00
9.565793767590710317e+00
7.288250122439593248e+00
9.163577010055485417e+00
6.479156542928353524e+00
8.249292438108502878e+00
8.568897929205682829e+00
7.211542877361081239e+00
8.070560531146705685e+00
9.862457593814621504e+00
8.093394045524625824e+00
5.013486389017847600e+00
9.577135630830987623e+00
4.215819452143168000e+00
4.890156790063259429e+00
8.160387283064860497e+00
8.901989370145249936e+00
9.678946496669425414e+00
8.854803365662110792e+00
9.603946768392724209e+00
9.775749578019238939e+00
7.212782377317082272e+00
4.926347711234762450e+00
8.671805236400061290e+00
8.014935887997388875e+00
5.590407095268373538e+00
9.248551408820716802e+00
9.021523323739829792e+00
8.044784777623334548e+00
7.610409964196436228e+00
9.391393260460930037e+00
9.730148637342123763e+00
9.588217039797108043e+00
6.069958196193306676e+00
9.691304366221892508e+00
9.005599712009873414e+00
7.135048259155642114e+00
8.975776118501340051e+00
7.684739857037322430e+00
7.151519578699441659e+00
6.374122062583373882e+00
7.904100838531102013e+00
5.728742172617784512e+00
6.981338890175104339e+00
6.176594836666836841e+00
9.608977447988614529e+00
3.946789795596785222e+00
3.420880143609793311e+00
8.934035709473519660e+00
4.043979723467324483e+00
4.647642231301823301e+00
5.955916895809052924e+00
9.064858204410642273e+00
7.551456809543503290e+00
6.524117743572563910e+00
4.358893340394546456e+00
5.300866224902076596e+00
9.360354169070639330e+00
9.132018983395669309e+00
4.581043378841396674e+00
8.423117732914814582e+00
6.037384227206760379e+00
4.156819517324691127e+00
8.849376309815257358e+00
8.354137390760897119e+00
9.945661959895380377e+00
8.584677047808428441e+00
5.856281785092706471e+00
9.480213531743768129e+00
4.507238398168587956e+00
4.990750833717108925e+00
3.025183058435199523e+00
9.006479267218859164e+00
9.520989953836606290e+00
9.009048150965389468e+00
6.555956310835783007e+00
9.384095150785594086e+00
7.886796998618052612e+00
7.503299839219508272e+00
8.300610625529621700e+00
7.171227375311188368e+00
8.859366993092230302e+00
8.204081763456841259e+00
8.690339174297339042e+00
2.089496770629393652e+00
6.374122062583373882e+00
9.891472419849943520e+00
8.747917180391027614e+00
9.645165134455437439e+00
9.642021083527609449e+00
9.717500651560200708e+00
6.106711863994944700e+00
9.855234304524298494e+00
9.963279416615145934e+00
3.613414783775382944e+00
9.334852288676872334e+00
5.567551057755641963e+00
3.410447461316003626e+00
8.530192242103771250e+00
9.244204795008906572e+00
5.747203891612394422e+00
7.345131476892644784e+00
9.091592295694887582e+00
9.099794732506023109e+00
8.412974752438724835e+00
9.607405687470190969e+00
4.759651031458202119e+00
8.492203699397215644e+00
2.481430351614462904e+00
9.315663479142953562e+00
9.827864038538297820e+00
9.677169171972149542e+00
8.629945099318305779e+00
8.734575155743698360e+00
8.900607465154404707e+00
7.286918414628533291e+00
7.859569374951428600e+00
5.109537797517950786e+00
8.814431230937689321e+00
9.909835577434300546e+00
4.747347566462053692e+00
5.358465627477237980e+00
5.037743106676717098e+00
7.739851294047110031e+00
4.741706611831398632e+00
6.987394822005568606e+00
9.854034815150477300e+00
7.803676175740252852e+00
9.561058700756184692e+00
8.992783138492983497e+00
7.113646613687923725e+00
2.585377338457535146e+00
9.247583101496580582e+00
7.185416269010872270e+00
9.961094223684407112e+00
7.719939098956719370e+00
9.594109063848963004e+00
9.361262338411606265e+00
7.477602874529532428e+00
8.517791622975014576e+00
3.808550519138758084e+00
8.033289528988113659e+00
9.577987939462065725e+00
9.870421396339816411e+00
8.867440947371777682e+00
5.781267019421432174e+00
5.909656667874215508e+00
8.047694669043913507e+00
7.735395374061662999e+00
9.884927812562551708e+00
6.762197956465590742e+00
7.092709182284793634e+00
6.247027679167709735e+00
3.658710386577075369e+00
4.990336911857984781e+00
7.582823513066860421e+00
3.385448809904014755e+00
9.659298927013079350e+00
6.337335322344370248e+00
6.896786436254721764e+00
7.238333664227685205e+00
6.560757191546722211e+00
9.945167595595394872e+00
4.596583455288408615e+00
7.068854464532533299e+00
8.200984203331760369e+00
7.567821426419004460e+00
9.820145283280275805e+00
9.079106471680427504e+00
8.159219447674106007e+00
8.238820057568437605e+00
5.461877839933915624e+00
6.290491036693683924e+00
8.715760888805789364e+00
9.071646999386357990e+00
8.620824826983962907e+00
6.823263019239264260e+00
9.722493253721456341e+00
8.298662661900326754e+00
5.602231652878848500e+00
9.679593625453048134e+00
8.002978506052818020e+00
9.096157247497661302e+00
7.274517775647707296e+00
4.929368910575953500e+00
3.668593376635275849e+00
9.639587269213588883e+00
3.823309532678734968e+00
4.437591470036291064e+00
8.668453335248910818e+00
4.034613982162758461e+00
6.442517114726117988e+00
7.870428758360721311e+00
8.579555896959810468e+00
5.051569986410921587e+00
7.353923845274406013e+00
6.311453155833472550e+00
7.512763691176145286e+00
5.421418192273918635e+00
7.123714279783446734e+00
9.291020825267899852e+00
8.878515738266857582e+00
7.457026947683709217e+00
9.852735075941131626e+00
9.292693610523471648e+00
9.585535093471575507e+00
8.947922559915776120e+00
7.813714423320440083e+00
7.834430599570140430e+00
8.067876590032735606e+00
8.909670598033546440e+00
9.638201838198346749e+00
4.926347711234762450e+00
9.578506298612747827e+00
9.563135366430026707e+00
9.365567321700329018e+00
8.753102073955812301e+00
9.690007994150976245e+00
8.607462235015685081e+00
8.998887102022766982e+00
3.823309532678734968e+00
6.755831604442509963e+00
6.749399824346557608e+00
7.384548136102980109e+00
9.534369180974998415e+00
7.960792366173207846e+00
6.341096044252858555e+00
9.451584038818262812e+00
9.425108594149529395e+00
9.638212527045013189e+00
8.839477303986482681e+00
6.999247905108948231e+00
8.362421265618742439e+00
7.858149398210549030e+00
2.902831373546019389e+00
5.869062974637090591e+00
9.342171622730074176e+00
9.112970764849055882e+00
9.294158171167314464e+00
9.500619172870180762e+00
4.872194181839960336e+00
9.830190015845058582e+00
6.641759485328540435e+00
3.228408736706409599e+00
7.659726960254616301e+00
8.620929468369975979e+00
9.590823357129051985e+00
7.482265096160092277e+00
5.030882888853454915e+00
6.273854487120280154e+00
9.778100093585280206e+00
7.271645746453692993e+00
8.258632789731706225e+00
6.130124740678406958e+00
2.443040874589037070e+00
8.429193936596886871e+00
9.735950003579567635e+00
8.711712705792304945e+00
5.628611273955359096e+00
9.698595089932688040e+00
8.165626452972285065e+00
7.137939947718152212e+00
9.642756294408385997e+00
8.252489234105535587e+00
9.513715035480210247e+00
7.684739857037322430e+00
3.968286212934452717e+00
9.397686273974347415e+00
9.318986972358306531e+00
9.666237229238280548e+00
6.524590227915083140e+00
6.284321194566939717e+00
8.038535388553009753e+00
9.874301108329490262e+00
7.149236036971656993e+00
8.784973775782507488e+00
7.782351857254720784e+00
1.000693948741594852e+01
8.031265158213201971e+00
9.074673004309509849e+00
9.099192077954446845e+00
8.778085704775712372e+00
5.688752050735913279e+00
8.756351403991367022e+00
9.801353240585751081e+00
9.731241477162980047e+00
6.607321808429140297e+00
9.151301696182393641e+00
8.812812731111570486e+00
5.079663044531064209e+00
6.790754584666784943e+00
7.422676003875015915e+00
9.384839120533824186e+00
8.184476220412062020e+00
6.444055385821333637e+00
8.410674691258773095e+00
8.564402264087823013e+00
9.880054724131154487e+00
5.587237164014696944e+00
9.385342310725151904e+00
8.991675821530112245e+00
8.597037181895368363e+00
9.250854791651978104e+00
8.579555896959810468e+00
8.459925562470749227e+00
7.147353995805325155e+00
9.381861246553050648e+00
5.024680649916890118e+00
5.844279182885358637e+00
9.327781184686879001e+00
9.111473560769455915e+00
9.227240169049604646e+00
8.844350777435540323e+00
8.788698996639986660e+00
7.756152224585243005e+00
9.973708487229707487e+00
8.389585507940303444e+00
4.486541322316207392e+00
8.393944045257285325e+00
7.395059968344684265e+00
8.565657859218143599e+00
5.967553547055088004e+00
8.874227898641084522e+00
7.186943846713382378e+00
9.922878122186894245e+00
6.229333603528989016e+00
9.971179893231473912e+00
6.180954685089713685e+00
8.298662661900326754e+00
8.833754912592858943e+00
8.714682779997055206e+00
9.946581653635638176e+00
8.828889005110273303e+00
9.355846070912797074e+00
7.594132746556583768e+00
6.549322901043964862e+00
7.587120383805466162e+00
9.114551817739350525e+00
4.066266458305348053e+00
9.074667827802862519e+00
6.185296606822870302e+00
9.904476278060098338e+00
7.153072638885821455e+00
7.833085042205591542e+00
6.449913642547221215e+00
9.739393718094930819e+00
7.401981727594991511e+00
7.447825910802841953e+00
5.113837190550288625e+00
9.441469417799034147e+00
9.700519543675850898e+00
8.999718570149697783e+00
7.824257198022440463e+00
5.758458313030903497e+00
9.546059240131322454e+00
8.922590774006868841e+00
6.879009769153968001e+00
8.776590622512605577e+00
9.919179092929587327e+00
5.169384663394339441e+00
7.204137520190943000e+00
9.145091620486471840e+00
9.916680648299081469e+00
6.212939354775484091e+00
6.958132373547265992e+00
8.216857009743909757e+00
9.365567321700329018e+00
9.786185236605982496e+00
8.058312762413873287e+00
8.518004959434092527e+00
9.407467707255458222e+00
8.120001491866322141e+00
8.857249837834057615e+00
9.725356465012380269e+00
6.188763430556442735e+00
8.972143384248045805e+00
6.374122062583373882e+00
9.146208238033292304e+00
7.131005311217009535e+00
9.346979464335849030e+00
6.725808083270834459e+00
9.507772088945408484e+00
9.833247535973695719e+00
4.761663856484903867e+00
7.400815978922195448e+00
9.463850503379836354e+00
9.418902099591553778e+00
8.305768721247732245e+00
9.352621933576861224e+00
9.586317144474353569e+00
9.745638060235977562e+00
7.226989790520855550e+00
6.941736572378915504e+00
7.641605480851635157e+00
5.346593441495294030e+00
6.219128907059296996e-01
8.124287512388956856e+00
9.655781112945158284e+00
4.353419417725449492e+00
8.834617394276879310e+00
6.361721638879647145e+00
9.219128073982954419e+00
6.529235048731132807e+00
5.785293080985679737e+00
7.624564009456650027e+00
9.625222665511998343e+00
7.637953830072982342e+00
6.933486674625635615e+00
8.295837976078153986e+00
4.122795053724375158e+00
1.850282391203448285e+00
8.855827605734802432e+00
3.189081040446569926e+00
7.300631855451957364e+00
9.880054724131154487e+00
2.089496770629393652e+00
6.765015063038788412e+00
7.117113137399496026e+00
7.259205433645921524e+00
8.916760592014956188e+00
3.975583073720758698e+00
4.656640290876646660e+00
6.132520008591374250e+00
5.616478856622872939e+00
8.587518451901626548e+00
6.692284813000839883e+00
9.989769829134484525e+00
9.691319767814491115e+00
3.026609393086977740e+00
8.009257588750889667e+00
7.449566039163979525e+00
9.397498858771410113e+00
7.060956952841161538e+00
9.174495594226689477e+00
5.704861110197693819e+00
8.644387264070612531e+00
9.766914653221153486e+00
9.837584105156665260e+00
3.867681773002206391e+00
3.764656746218931538e+00
5.870996341084665282e+00
4.509446377695363495e+00
5.624256448173058587e+00
9.370096491820651963e+00
4.301536839620869301e+00
4.679614610494963856e+00
6.652032368907438986e+00
5.081512213053292371e+00
4.482298175135892571e+00
6.862481567616328881e+00
9.028000058894489754e+00
7.844463772193746465e+00
3.233407495589600611e+00
8.963095763627825008e+00
8.935593456620495090e+00
5.636046459495442917e+00
9.948022224162869520e+00
9.002886331034066103e+00
9.311849581896607830e+00
6.974693339434875128e+00
6.663804335728313433e+00
9.714883085763570847e+00
9.020930439232076381e+00
6.041718621659953214e+00
9.546613969960148438e+00
6.745917593070096530e+00
9.924193613298708527e+00
9.875741363578669052e+00
7.360178488298831034e+00
8.988845670106053731e+00
7.277102337741858662e+00
8.821680910306447743e+00
9.796818067547299336e+00
5.206470831482422845e+00
8.134693251568997141e+00
6.834854672961469646e+00
9.065062560600777530e+00
3.413240263043148204e+00
9.886896757400968738e+00
9.413316614259379378e+00
3.265084380878420234e+00
4.814129418686963646e+00
6.057425967673117029e+00
9.881365393176622547e+00
3.545993502867235136e+00
9.262514348797697750e+00
9.875741363578669052e+00
4.018894919791625497e+00
7.750377196892390685e+00
8.443037541531733581e+00
9.609996750445667146e+00
3.466950412319877994e+00
4.839422762210267237e+00
5.786111593847545365e+00
6.281373858079944306e+00
9.914577482645436035e+00
6.219128907059296996e-01
7.580227405689257125e+00
2.175097623559949511e+00
9.921025628360256476e+00
9.143993215682243658e+00
9.164725845555784289e+00
9.833247535973695719e+00
9.890960586874815164e+00
6.917444151576320976e+00
5.838085979834077399e+00
9.195740621627148670e+00
9.690007994150976245e+00
3.301358323593342359e+00
8.398945584744771153e+00
8.630589995695812533e+00
4.473827691742942925e+00
7.707596798238930624e+00
9.412402376232813950e+00
6.352546812758463446e+00
8.694842071642248982e+00
6.120280902392281952e+00
7.321357934731081762e+00
5.404695351552873284e+00
9.946581653635638176e+00
8.722495362620433568e+00
9.178017815064757556e+00
9.724410667182256773e+00
6.549322901043964862e+00
7.250634838359445666e+00
6.156975088870714430e+00
8.397850027414753171e+00
7.522491000401982042e+00
6.875839139826688040e+00
7.463314743286617592e+00
4.723609264672449903e+00
5.878610061642371321e+00
9.399330728158140857e+00
9.158157190331754904e+00
8.892556669263335323e+00
6.367843622100778589e+00
9.880305990991487874e+00
9.302665445736785443e+00
5.548570658001962030e+00
8.791791031475245433e+00
5.765678621262551040e+00
7.841028096990365626e+00
8.722452913034796751e+00
5.081512213053292371e+00
8.774819643908598366e+00
9.884927812562551708e+00
8.837142801310774232e+00
9.224872495526572180e+00
7.523103273357979681e+00
8.997236212219126728e+00
8.429473037886003439e+00
8.399032753787201599e+00
7.040728565357769142e+00
8.494594756965719640e+00
4.884132026334348176e+00
7.749186201004053309e+00
9.463124154536298960e+00
8.824264068473111067e+00
8.203159700639401919e+00
8.980077544699305747e+00
3.465322246766241232e+00
8.835440895185065813e+00
8.601037881976949961e+00
5.015698907135871742e+00
8.928357109048004503e+00
4.524195168763786690e+00
7.680802996599536137e+00
8.891931218738983844e+00
4.929521597467659610e+00
8.500226821586688075e+00
9.900054671931741268e+00
9.898660433461575536e+00
6.913157461843839613e+00
6.845065796606426112e+00
9.095988058736415027e+00
8.674339894824699471e+00
7.080682400802640331e+00
7.858772565379001485e+00
6.481428058135068504e+00
7.406539744287349514e+00
4.122795053724375158e+00
8.758555187877790971e+00
5.143225384801467293e+00
9.370340541397535361e+00
9.961094223684407112e+00
9.275183015626360827e+00
9.708188702406461701e+00
4.596583455288408615e+00
9.751423584270481726e+00
9.035963702842050083e+00
5.664560694717446054e+00
7.144342817196222661e+00
9.717119887797837308e+00
8.116057725306731641e+00
5.898100414026603566e+00
8.628919133448059497e+00
7.907069385992058663e+00
8.765983708871225133e+00
9.253460929508863231e+00
7.747175418715551487e+00
9.839837869870537546e+00
5.322450126593029296e+00
