6.220546665581715368e-04
3.403910349465861206e-03
8.447814554131806517e-04
5.181082101556390733e-04
1.215120902784598902e-03
1.632000443684835820e-03
8.391908005323301702e-04
2.605736374386621304e-04
3.432319147465202240e-04
1.217836416373868896e-03
7.611498263167743635e-04
4.000855856761277151e-04
5.682542625545235031e-04
2.241643479560392297e-04
6.304082674554184343e-04
5.920609230025341511e-04
6.570584166581836189e-04
1.151840834282812651e-03
9.244921391257739009e-04
1.279738629751313046e-03
1.466052500043534598e-03
6.256509068844495368e-04
6.075976816518573317e-04
1.818717301703929603e-04
5.444724656193555726e-05
1.047407724393671115e-03
9.839053963849998894e-04
5.105383159264570295e-04
1.288029214520141231e-03
8.010276724398305431e-04
2.164189658678498528e-04
2.779821421733603471e-04
2.262782725495879105e-04
1.223166725900821255e-04
3.720045318581121068e-03
1.574601952740221260e-03
1.450923742229449627e-04
4.667893448578545727e-04
3.885800605071924332e-04
3.918122893526380501e-04
7.589972571927503572e-04
2.132830465311596059e-04
2.473007911240487303e-03
2.847309271645273024e-04
4.411997409892011793e-04
2.287231399297411354e-03
4.785398272467892926e-04
2.399251948446902048e-04
7.946165951470442190e-04
1.506146287839197229e-03
6.024529881474889213e-04
1.133164092630094873e-03
2.009488384034768208e-03
1.988091089611558805e-05
7.790270347305341568e-04
7.162983661601267198e-04
6.074896882960679383e-04
1.802783426455182442e-03
7.823291152917115181e-04
5.444724656193555726e-05
9.053282956201406202e-04
1.271814661313595048e-04
1.205013271935596007e-03
5.113640897256179320e-04
1.104911532002056211e-03
5.162200110565166649e-04
8.025469119000868106e-04
2.147661754135641449e-03
8.080007918224031260e-04
6.902806752162826643e-04
1.814001881466960385e-03
8.293883047980295025e-04
1.858202167662459912e-04
3.049595876525251575e-04
5.170512358640389459e-04
7.159364189100528297e-03
4.671153630002213421e-04
1.196372875303153109e-03
1.630849659193167253e-03
8.318032889621840601e-05
3.211219778988165063e-04
4.378697885243339134e-05
7.849406793680778829e-04
6.714501698274082976e-04
1.791434849264790876e-04
4.871546211365934990e-04
1.682348163712930108e-04
3.629871673982090091e-04
1.133997919602758612e-03
4.566926242581048688e-04
5.171399122989962316e-04
8.126071514369362543e-04
7.386307935912167152e-04
9.475047186342435031e-05
1.044776429353233603e-03
4.375907321178802256e-04
4.846503690606462911e-03
1.688602930977120954e-04
3.210668000839813317e-04
1.832481296649274001e-04
3.580980508324486337e-03
2.890421323879037961e-03
4.993566809364485652e-04
1.470555523113957442e-03
3.956272091415081603e-04
1.541849247438271996e-03
6.239767455937136583e-04
6.351322333595459373e-04
7.126690142484340060e-04
2.429876690995991413e-04
3.282675428893402653e-03
2.370461113054228119e-04
5.171930475316895148e-04
3.492655436235911001e-04
8.162598526162975028e-04
1.706357605262356436e-03
3.518639471528712181e-04
8.355330225675048966e-04
3.478453286585132202e-04
4.990645162258574349e-04
1.986165121196700322e-04
5.218202263183526098e-04
1.296727553563021065e-03
4.599569874585450794e-04
9.847618566729437507e-04
7.255617966102601360e-03
5.017726501457264732e-04
4.749322174972772648e-03
9.257049359787606008e-04
5.752343452724630393e-03
2.760434235605179008e-03
2.604764037131867323e-04
3.213677357888626465e-04
2.485159149332110502e-04
2.145033046339312561e-04
2.321860002824848942e-04
6.466818938163456688e-04
5.947062860152770762e-04
7.585979735849065564e-04
1.191215484033041755e-03
3.120851561111650965e-05
4.154399713172279070e-04
5.956773738555479420e-04
1.086344771810697973e-03
6.542282840833879695e-04
1.895943412697721460e-03
3.587377529189072112e-04
1.630350177518042828e-03
8.173897647517397620e-04
2.151865636060682515e-04
7.859804334299740200e-04
4.934368995642485949e-04
4.769681323266996512e-04
4.350719752793974254e-04
3.899678145252800411e-03
3.240108012773155045e-04
2.412768523412497565e-04
1.088995721949656027e-03
1.094069926197062219e-03
6.553187265601410471e-04
1.009532855719900534e-04
2.414637244484203087e-04
3.491482392071797516e-04
2.828434871690392940e-03
3.748790552588851955e-04
2.185180769856205803e-04
1.666575999901011003e-04
5.502408096953346692e-04
5.441241961549685667e-03
1.175821305806856471e-03
1.337755765388276238e-04
3.064189419699175302e-03
4.701513188081789989e-04
3.237666973819301611e-04
2.836712676300850197e-04
4.051774441703707313e-04
7.447515217031256719e-03
4.112091235133973717e-04
2.636032834674298712e-04
3.746583386350146047e-04
3.300300462537887592e-04
2.236770828225555154e-04
6.926041117798191092e-04
6.751888826555424742e-04
2.991210632560184902e-04
2.972104559173053499e-03
8.080449006837688367e-04
1.544579581866603428e-03
1.070672170367977308e-02
1.661160231270417597e-03
3.644579922093843342e-03
3.153273387949676238e-04
2.463419922212364745e-03
1.100691623539165392e-03
5.944469965684382254e-04
2.170370722796834129e-03
4.983031637578048045e-04
2.307551675458168155e-04
2.023603635127619021e-03
8.203543437393999264e-04
3.519866186116536429e-04
2.013738661327738391e-03
2.806208850779863041e-04
3.492154413009000073e-04
1.167155103071718493e-03
3.163200522984817038e-03
1.015516903436868961e-04
1.032274724028898593e-03
3.502015315381705376e-04
8.495800556870701428e-04
6.369763404246068334e-04
2.977772020869672151e-04
7.116307801778476612e-04
2.347113814571973143e-04
2.865027492048359981e-03
3.875449379249645029e-04
4.216678885356523951e-03
1.432879438189389634e-04
6.219132143895994775e-04
4.140823042022236567e-04
2.767799645942078403e-04
1.016580384981682385e-03
8.616481153628595792e-04
3.039382448512686387e-03
6.947093989986074343e-04
9.246498539501697353e-04
1.021179224600306983e-03
6.010755378863793857e-04
1.199369499952500937e-04
4.306586621885713333e-04
8.087219113147348136e-04
1.753569878685813633e-04
1.133164092630094873e-03
1.052206378685420886e-03
6.536583849014029543e-04
7.969453768422077311e-03
1.877668496531516729e-04
8.612219067835399791e-04
5.171738673644681213e-04
3.106610453131102511e-04
4.576301341318822990e-04
5.537418079988461715e-04
3.224341385796674589e-04
4.207293167358720169e-04
3.971470377771001712e-04
5.967734067504123097e-04
6.649483841819944351e-04
4.558499140932952844e-04
1.371085232994808311e-04
4.179061437276615607e-04
2.123746902237191782e-03
2.536498326211382654e-04
3.412385731162087890e-04
4.284847281181551506e-04
2.465232845505670937e-04
4.242534504113749504e-04
2.043807242775314524e-03
2.160470461756153334e-04
7.425980152600345765e-04
6.063329647704486514e-04
7.616211370461582536e-04
5.439893858527763103e-04
1.013012602334862960e-03
4.029271918756677576e-03
4.270090043401483619e-04
3.001380787934335615e-04
2.023059217073733024e-04
7.568503364893858264e-04
1.962057969352980821e-03
3.059277865046698772e-04
1.133164092630094873e-03
5.236725683345867322e-04
8.237002941251941619e-04
2.359451901386407178e-04
6.146621086057931730e-04
7.330254394606938511e-04
4.329606671098967037e-04
2.737281101874855386e-04
1.932941388561975867e-03
2.071822937853151549e-03
4.621386927319774793e-04
7.824102678632444824e-04
2.335658268303640595e-03
3.780661729475113283e-04
4.365108591913051915e-03
9.043541079548734563e-04
3.305572793765734567e-04
4.601025078411752475e-04
2.604399961615319571e-04
4.632661921753687640e-04
4.574600793096738195e-04
1.543644397518490450e-04
1.530122705098838553e-03
2.241888826773297488e-04
6.274584527106236631e-04
1.796287219314373663e-03
5.171738673644681213e-04
4.056892269746176878e-04
1.295665423331715700e-03
7.034937596609625206e-04
4.881215219062311748e-04
9.901849137167587946e-04
2.887868459631377262e-04
2.867635005141348174e-03
3.944836008700546644e-04
3.467779138102976581e-04
3.077327631791117722e-04
1.223166725900821255e-04
7.588277256073463475e-04
8.887145531116614821e-04
2.142298906428080109e-04
6.069573778444042119e-05
2.295932735586520175e-04
2.201347783641978331e-04
5.014171546448641754e-04
3.932293346223020639e-03
3.041307549488989721e-04
1.201004549917799539e-03
3.901746637751502098e-04
6.192018442518198171e-04
3.876326958663128190e-04
4.043754012278716228e-04
2.706834654288145449e-04
4.349377857168613515e-04
9.993542178484988298e-04
2.505721615555163082e-03
5.444724656193555726e-05
7.883933910116840485e-05
9.539740241822017167e-04
6.453131396890460355e-04
3.466954342724102960e-04
2.454182615686012112e-04
3.044216216927296634e-04
6.651857701112663104e-04
2.520842451130945018e-04
1.612422210822288086e-03
6.325344303285520067e-04
6.429081858088750998e-04
1.260926090505020683e-03
1.067401419157773534e-03
2.915928277315247836e-04
4.499234679085261290e-04
8.948177966577501932e-04
1.088995721949656027e-03
7.139252922884573895e-03
5.687806967054915425e-04
3.689914987567066078e-04
6.687822767048523173e-04
4.163118304735490254e-04
2.177702197005700058e-03
3.150811089075285449e-04
6.180927680544776471e-04
9.021717204554592293e-03
1.152614884324966926e-03
2.503174531235741532e-04
2.788169338754377911e-04
4.224661202222654960e-04
2.962771152564185571e-03
2.358158454623428268e-04
1.296342843959219049e-04
9.623717617831184165e-04
5.305091011557896627e-04
3.829250314427775780e-04
6.501587942807108287e-04
3.153582795297816578e-04
1.737085091531040968e-03
1.194974986087233041e-03
2.655490843157805010e-04
9.250794244868327122e-04
4.263285564050359384e-04
2.897786904930807115e-04
7.374715737982487189e-03
6.672816890663623834e-04
2.906247020593465450e-04
8.908244304980898884e-04
2.542750780920464884e-04
6.011804725225039676e-04
1.264227121350008920e-02
1.324163349724438807e-03
7.806054256964429106e-04
7.856244176753430543e-04
4.077694292101722239e-04
1.022498452930700264e-03
3.242726033445646997e-04
2.797849661640002157e-03
9.317615298415011843e-05
7.724426188744769762e-04
2.662577888960453165e-03
4.420561658346377674e-04
7.286185007559187144e-04
1.588558952638576590e-04
2.428056806685433347e-03
5.495198458670193806e-04
9.082666661209895520e-04
4.226131376114230847e-04
7.466257222283205529e-04
7.024045916499320691e-04
4.841405275810342352e-04
1.819416726664642491e-04
7.792284238837997789e-04
3.911077998857756923e-04
3.492154413009000073e-04
1.451917420442342722e-04
2.502826051973033612e-03
5.957259109985051137e-04
1.491789900147342011e-04
1.538245756806404371e-03
7.603616321477514421e-04
1.024271575819870944e-03
1.506861424216134298e-04
9.921469636482579350e-04
1.311979965681832035e-03
1.920525972749653905e-04
4.622175221859168041e-04
4.197619616278480377e-04
5.460626099439111134e-03
5.526107085940251814e-04
6.995834622904826281e-04
1.327195745533687283e-03
8.088088106729944982e-04
7.130806274023108191e-04
6.471353283534126734e-04
1.198391487032270455e-03
1.395986419422659466e-03
5.396384344558113324e-04
4.329606671098967037e-04
5.389271714909783448e-04
2.566621956928913113e-04
3.689246545781165679e-03
1.817406545433903264e-03
1.327605992494899131e-03
2.265836796485712096e-04
2.386700019945770738e-04
6.751888826555424742e-04
1.217661470677352869e-03
2.849937692412239285e-04
1.930652721688627411e-03
2.391973401656541831e-04
1.471909874602455323e-03
4.363244299351515319e-04
7.107584236913110131e-04
3.360440445886777173e-04
7.594780230735414042e-04
7.898646632631409550e-03
7.441335248501105420e-04
2.887802246840615950e-04
2.545189682039328445e-04
3.706964530652829388e-04
5.688793611536333873e-03
1.642961053133285823e-03
9.180244532409121729e-04
6.936410140079035018e-04
5.573459887437109267e-04
3.885887008097781972e-04
1.384959917225396823e-03
7.406025744453933069e-04
2.960205450022931613e-04
5.555484845835451666e-04
4.893736873314308983e-04
8.141402086684611803e-04
3.630957165669910385e-04
3.366884235178479339e-04
1.896022148847871069e-04
3.305441412936175379e-04
3.427720806708634124e-04
3.859234910778107787e-04
4.385924489145532268e-04
7.997781734639009162e-04
4.110750356343065987e-04
1.067647452929832222e-03
2.096475669494259498e-03
3.853024784823690877e-04
5.958361199762831186e-04
1.236258417073109401e-03
3.090278681711664346e-04
1.979844121597067186e-03
3.185341731549120496e-04
1.897262263555737492e-04
8.752821278937803233e-04
3.395959917549560897e-04
1.743227076095739706e-03
9.205945856577859958e-04
1.392055302147237250e-03
2.699283578873905211e-04
1.682348163712930108e-04
2.100307360051357098e-04
2.668629229416212751e-04
1.529008542246426900e-03
2.086571857862682918e-04
2.164375404386924566e-04
1.743227076095739706e-03
3.332761235754741523e-04
4.572243469826049733e-04
4.365108591913051915e-03
9.167426587255087227e-04
7.545086243814213287e-04
6.424126206923562107e-04
6.541914355257361091e-03
1.260920418618091969e-04
3.058677899638764623e-04
2.353864009788194560e-04
9.198949546195757561e-04
5.571941637848926631e-04
9.570124068755353573e-04
4.570399106294483794e-04
1.268766220967252039e-03
3.459185519651686996e-02
8.982818220418289359e-04
1.010108302085473836e-03
6.716770832243490431e-04
1.808524993406792746e-04
3.041908638617824815e-04
1.982267257427226467e-03
3.617503249302189998e-04
1.311979965681832035e-03
6.838617516963176220e-04
1.005157883189202773e-03
8.549742938872751828e-04
4.701069104930311504e-04
7.709840191195402098e-04
3.451755316174336423e-04
3.272766911735304528e-04
4.768017498688121767e-04
5.852108937314538231e-04
8.582827725984833785e-04
1.689740727413423130e-04
1.852931329373409613e-04
5.444724656193555726e-05
5.947740758479346575e-04
6.558605522232893118e-04
5.179082606750908630e-04
3.896891327694506279e-04
4.378697885243339134e-05
8.090169962618879492e-04
3.449831217962899999e-04
3.834010236026133642e-04
4.469988992108202166e-04
1.284176490402096039e-03
3.581283039266406742e-04
1.743010472607374212e-04
1.240008070193667844e-03
2.608451929909882624e-04
2.805212773954920947e-04
2.523437358158583097e-04
3.587377529189072112e-04
5.042330724101494726e-04
2.842689092284143675e-03
7.432324715473778882e-04
4.422728514041285243e-04
4.963311114159594953e-04
2.687114964203796120e-04
7.599996838959030424e-04
3.019179998116626983e-03
5.846955634698757778e-04
2.208262402380990839e-04
1.720151736281497255e-04
3.292720725614757906e-04
2.042106144050156319e-04
4.852620927912585399e-04
2.177702197005700058e-03
1.137224394413104221e-03
2.957129261308153790e-04
3.822743769407389229e-04
2.387996925233013337e-03
4.156331368080428638e-04
1.734906682557816509e-03
4.658360883609553968e-04
3.229616817765255075e-04
2.900586142541270482e-04
4.727608168806327646e-04
2.228908270712529039e-04
2.362182207027621985e-04
7.449706676130039059e-04
2.201053653836194187e-04
7.524230402976436966e-04
7.582588225985912840e-04
6.989097422799810241e-04
4.477044169541198257e-04
2.015814200005446716e-04
2.866009959781919830e-03
1.085731947885660523e-03
6.687569823694240398e-04
5.277486009177611648e-04
3.461133177769185466e-04
9.106963869805499365e-04
1.571729493650227312e-04
1.144296401317247604e-03
1.334814354416135251e-03
3.529168722039980385e-04
4.394414618247834354e-04
5.206533957860884094e-04
6.180927680544776471e-04
3.602959548422506823e-04
4.712470797744583570e-04
9.571193727721970983e-04
6.972883733772225956e-04
7.068326708023902087e-04
4.077008012831576534e-04
3.737633209393742984e-04
1.779318932530205022e-04
4.332779016985394897e-04
2.091886450505885467e-03
7.627305598187691243e-04
2.573899568860290297e-04
4.195771866274939201e-04
1.837496809896725625e-04
7.004097318549924430e-04
6.698193718262275683e-04
2.996381722459833387e-04
9.173763447380553970e-04
2.926682257898415192e-04
1.136218697557260607e-04
4.427414173046479448e-04
4.392739027721401452e-04
1.930961478248502568e-03
9.878166081105010585e-04
1.763259049111828955e-04
8.249567433017254616e-04
1.432879438189389634e-04
3.346602288272902031e-04
1.039649579754444017e-03
3.907527412366410382e-04
4.193018353746916379e-04
1.254917809706055764e-04
4.025655541116574562e-04
4.517594754085925749e-04
2.502826051973033612e-03
7.144555022052448542e-04
9.146879593934992888e-04
1.880006376688270187e-04
1.889354173203872242e-04
3.284404901257759494e-04
2.675960995925537583e-03
5.242789012998779223e-04
6.943970669826102400e-04
1.152336570659621019e-03
5.444724656193555726e-05
7.272824697251344334e-04
5.764738684992127410e-04
1.866837745726507172e-04
4.598410972449202909e-04
3.339300960731053864e-04
9.388194310187169449e-04
7.485392177897871781e-04
5.424288772825201386e-04
6.810923080160539642e-04
5.544183450284874328e-04
1.217836416373868896e-03
1.432165131216790472e-03
1.145082622151762141e-03
2.589289645118034448e-04
4.901905508868814078e-04
2.245574829167947266e-04
8.555285875597887311e-04
5.424288772825201386e-04
8.173897647517397620e-04
9.843233769240883509e-04
2.387800129923906087e-03
1.289140417108204564e-03
1.493089912869464443e-03
3.926753355003400649e-04
1.131740577874923263e-03
2.507321820482973735e-04
1.963954431573888024e-04
6.403672342009491918e-04
8.307027974570753122e-04
7.996255392412929914e-04
5.394896833161664379e-04
5.866040678426397191e-04
2.486363028825902067e-04
7.537221780035599896e-04
9.332085171182412809e-04
1.015516903436868961e-04
1.154643714578859094e-03
2.545189682039328445e-04
4.881855698079691215e-04
7.039018802539590740e-04
2.481322349655718656e-03
4.103649041984327376e-04
4.581096530681094659e-04
4.378697885243339134e-05
1.479523201757565356e-04
1.818717301703929603e-04
1.331762672758514269e-03
8.397739530137755728e-04
1.314884229434821073e-03
5.460626099439111134e-03
5.897196079818425472e-04
2.532685080212004804e-04
1.071350054275770720e-03
9.000409858608847445e-04
4.618496433419255927e-04
9.820317561786053723e-04
1.581915777433622397e-03
3.510638009574235780e-04
8.799829616226900785e-04
3.928541432010097963e-04
3.023787955718503255e-04
1.928660519468196550e-03
4.601535673144046927e-04
8.230766230640958192e-04
2.611465458840918049e-04
6.245768073249030605e-04
1.178348762880258816e-03
1.002705672884914891e-02
8.738756504222380730e-04
1.502616527872088509e-03
4.392434612472324884e-04
4.869434109967114800e-04
2.276983448702918572e-04
6.304545507103482193e-04
7.226185174447266732e-04
4.703982449375758283e-04
5.774332624185204250e-04
3.483785559866537339e-04
2.948435053911499190e-04
3.045914454270845376e-04
1.025627147292256609e-03
4.699835733683351132e-04
9.018373808819510383e-04
1.177413841585473386e-03
1.838052097064544295e-03
1.724165537370148755e-03
3.515111057619771818e-04
4.226882607268434922e-04
5.906462631547169072e-03
4.566926242581048688e-04
1.706357605262356436e-03
2.276118204603416067e-04
1.865613429816745470e-04
3.925769795891623400e-04
1.927437749256994933e-03
3.494830793703979370e-04
2.860418409510034486e-04
5.851799215410413008e-04
7.484285025663149366e-04
8.975448476131636958e-04
5.017772888908424720e-04
2.395845978379613345e-04
6.104529645779391582e-04
6.278489720254248549e-04
5.537418079988461715e-04
2.438630682099558050e-03
9.053282956201406202e-04
1.924758382813699948e-04
4.887722116971993233e-04
6.347912255037507648e-04
3.682807335756818796e-04
7.203722803724526245e-04
8.277474304675112339e-04
3.040644862615510388e-04
2.956325307550408199e-04
7.386307935912167152e-04
9.798106188837066646e-04
4.594276989148448481e-03
3.049595876525251575e-04
3.719886301263569260e-04
2.787304189336653991e-03
4.615591838134419558e-04
3.601690579426597579e-04
1.060109001059418013e-03
2.283689785236636335e-04
2.331206376817580015e-04
2.417511476708749144e-04
7.203722803724526245e-04
1.750061409424058696e-03
6.868109085919095469e-04
2.112748304248784762e-04
4.865841339521589644e-04
1.304044576887768755e-03
2.143138596654712614e-04
5.665164851916819518e-04
4.745000316761296966e-04
2.367482030258326949e-04
4.547787963322239869e-04
3.402019413189225506e-03
2.406765475103712665e-04
2.952371518305873881e-04
2.063398076347954576e-03
2.644759371339220223e-04
2.489002240976782724e-04
2.093605920206809742e-04
2.508615068940141853e-04
9.477174151914284856e-04
4.087071509077696402e-04
7.247921805297683623e-04
6.481589570977501448e-04
1.380151669453214035e-03
4.416168746053447149e-03
5.612340778757661389e-04
1.718361672347826566e-03
1.619611452665283696e-03
3.747375322744553468e-04
9.480569395776495883e-04
4.173912279039058461e-04
1.731470782709484935e-04
3.225342901796561545e-04
5.683209207738773713e-04
2.786819834562387788e-04
5.922211517858106799e-04
1.054583977494280176e-03
6.069573778444042119e-05
6.131854002184966134e-04
7.906500751673150272e-04
1.630826314986642009e-04
1.924677058053012610e-04
2.387800129923906087e-03
8.505190177607645317e-04
1.074726757848222134e-03
3.816317789705157013e-04
2.006333852610594657e-04
2.668867025492786598e-04
1.084706430501961071e-03
3.835018805874887372e-04
7.258883035468474340e-04
4.373892258511367253e-04
7.016893393667694104e-04
3.211234307891585585e-04
4.974823175217792061e-04
6.836102012235765069e-04
9.705071129130958757e-04
1.358853236401068570e-03
4.768017498688121767e-04
3.168547112779100910e-04
3.860808182934772118e-04
3.587377529189072112e-04
3.153541555218193843e-04
5.034539775519593623e-04
7.004097318549924430e-04
8.692374932083917968e-04
1.206631671518360992e-03
6.025988987336769768e-04
9.475047186342435031e-05
6.395217786220870441e-04
6.106145788407857334e-04
3.096739954693479048e-04
5.598645304964256289e-04
2.007136980533782988e-04
1.166599196378665000e-03
1.493089912869464443e-03
2.502084708391340718e-03
2.860517612166073829e-03
6.524557606561206917e-04
6.417838786089386871e-04
2.450765566816972760e-02
6.013679402033778303e-04
4.497878946658369608e-04
3.204180909880982348e-04
9.734859384683347897e-04
7.546510880165884384e-04
2.480489667181197877e-04
5.869643509572391137e-04
2.557542578229687761e-04
1.218861876342784267e-03
4.008527679460434433e-04
7.146274094089883873e-04
7.139470566156739953e-04
1.121641381534845645e-03
7.946165951470442190e-04
8.277842618236185869e-04
2.162192051913885635e-04
7.325778553139676444e-04
4.173992559264664811e-04
2.267140828965846008e-04
2.228473769833660273e-03
7.552681950738714643e-04
5.808696629377667732e-04
5.577202075430575485e-04
1.813374198923592472e-04
9.167540898632486196e-03
7.537221780035599896e-04
5.770438476901912188e-04
6.536583849014029543e-04
1.733159169717098298e-04
1.015516903436868961e-04
2.379926193772991720e-04
9.824755689422663609e-04
1.173314176315980650e-03
3.237666973819301611e-04
3.001380787934335615e-04
8.161277942752695122e-04
1.552955756645889350e-03
3.113445724767293439e-04
1.726554732584552310e-04
6.207556848536240762e-04
1.668592581645198143e-04
6.562267130052547607e-04
3.790015612404407986e-04
2.545065857365665010e-04
5.457635434366741320e-04
2.915928277315247836e-04
1.953719817714958881e-02
1.153495113790990343e-03
7.142152686328508051e-04
2.890490030758915280e-04
1.425398987192837922e-03
5.663688378051595943e-04
2.448638862761548453e-04
2.042106144050156319e-04
8.124743842254829058e-04
1.347982150377174211e-03
5.384155064880352020e-04
4.172045166812922727e-04
1.662689563134779223e-03
2.722898993050603192e-03
2.184162477187880319e-04
9.946320086415632276e-04
3.885840603389943693e-03
3.588518291995516701e-04
3.664052241060835029e-04
4.378697885243339134e-05
4.935840156487326068e-03
2.053361016006760228e-03
2.096475669494259498e-03
7.528879906827416150e-04
5.170512358640389459e-04
5.735889053578156109e-04
1.127735701960275215e-03
4.111694164874688277e-04
3.436711034938022698e-04
6.290048164360174899e-04
2.461237929343857420e-04
1.470555523113957442e-03
6.063184788899768319e-04
2.847805431757896924e-03
3.968472653469220374e-04
2.665224995416592794e-04
1.894872868117750565e-03
6.645984449808032581e-04
6.612560040803371281e-04
1.263216516443738634e-03
2.726337704533667852e-04
2.379926193772991720e-04
2.605229917966731738e-04
2.361109262953966831e-04
2.462899497903636671e-04
4.526090235076837311e-03
6.336837280974768520e-04
5.782240648622466624e-04
4.005968667286977352e-04
4.632984505581198473e-04
7.203756734088881007e-04
6.304545507103482193e-04
1.210599904385114677e-03
6.687151780222496756e-04
4.639125436618663661e-04
9.809524083618785962e-04
2.996381722459833387e-04
1.817927608467202185e-04
8.963087693726282806e-04
3.765585647874686195e-04
3.866798432868001059e-04
1.978672472146885883e-04
4.914613073217958357e-04
1.770943185886987743e-03
7.340654962189374676e-04
4.329606671098967037e-04
1.908435225377739033e-04
2.706946384750456543e-04
2.628212213972466044e-03
5.666015122437106834e-04
1.663402891324072298e-03
6.617239045283601108e-04
1.658201665661841392e-04
4.156331368080428638e-04
4.319247811777802656e-04
4.732860920205990483e-04
2.988495925495678550e-04
3.980194851856826447e-04
4.017371486435707302e-03
4.817799573346842330e-04
7.484651905758664186e-04
4.727972914014846547e-04
2.959219690020279108e-04
2.535705224030146724e-04
2.150574006295252662e-04
9.406055224949516668e-04
6.624454659219070063e-03
7.912487334651101918e-04
1.891969322743545069e-03
2.162192051913885635e-04
7.124213448600587783e-04
6.069573778444042119e-05
2.311053745744058661e-04
1.265831806303820183e-03
1.816163752493966368e-04
8.220741569209635315e-04
1.468834188286755949e-04
4.617454621773396444e-04
1.706631709070566705e-04
7.258563403047657960e-04
4.183113562595223035e-04
1.343171073614308217e-03
6.709371335554513427e-04
9.342935109224218774e-04
4.080211825671082432e-04
2.616657038987033859e-04
3.488783864259257551e-03
9.510136391314731250e-04
6.262206598801726715e-04
