1.101855625095445783e-03
1.157027612771347478e-03
9.424882290831547958e-04
3.229680378699108061e-03
5.351337603080225146e-04
1.168230782692867035e-03
9.499702247341437972e-04
1.730011918132582217e-04
9.065628842606480737e-04
5.636937663308305918e-04
5.199135396702000153e-04
2.137722039229056088e-03
9.030512037626397745e-04
7.368852895047984467e-04
5.374007993555183528e-04
1.953540236613148645e-04
6.115393236826853918e-04
1.987944079603414741e-04
1.764170124052552753e-03
3.152149413930278431e-04
1.116005720215172865e-03
8.672730836725972819e-04
1.093426282307470793e-03
1.238657724123195429e-03
1.128825618321855706e-03
1.227391779621296326e-03
1.859962555290309554e-03
9.117261691229586575e-04
1.222355528555537718e-03
1.161502039593834091e-03
8.549756126434906317e-04
1.097485922350103235e-03
1.600882472663325232e-03
8.122847103337613520e-04
1.674582452375696561e-03
6.523660362426816342e-04
5.046461707842239816e-04
5.008614955049310461e-04
8.945435935047655468e-04
1.625198441331520381e-03
8.572431723232801486e-04
5.916258607732733255e-04
8.373527453239033727e-04
9.683565235674802471e-04
4.106565102922442984e-04
8.091437323960613479e-04
8.925766358155028547e-04
5.113914178336146418e-04
1.300757743938810553e-03
1.194792062157510335e-03
9.228232898146959207e-04
9.731138930669018484e-04
3.415866088121912044e-04
1.203569937961636131e-03
3.965830282290822603e-04
5.142370089295041254e-04
1.072730657896644969e-03
7.877518732666236728e-04
9.785205120066786753e-04
4.199295022282459539e-04
8.689814767134241679e-04
5.131840628688159184e-04
8.592588946108600063e-04
5.765548854955767754e-04
2.431260840305569568e-04
6.541364795043491361e-04
1.276512484739958505e-03
2.766706711352660874e-04
4.999249207516670828e-04
1.306690739347726379e-03
4.181604926836824743e-04
5.964651596603111382e-04
1.519972549617541009e-03
2.168493339700902406e-04
7.061181745183536980e-04
2.010528919653311545e-03
4.679426232418494049e-04
5.292642856491203444e-04
4.637276164650638789e-04
1.282501405021396756e-03
7.583284310761536761e-04
6.510572162372727954e-04
5.524404888769995003e-04
1.010609059871412068e-03
1.228062445174683175e-03
1.249986527918333853e-03
3.097873386415017291e-03
1.409597739697136505e-03
3.673516099960633997e-04
2.229362761466242848e-03
1.018108807783685852e-03
5.511211254027085192e-04
7.755974229933250939e-04
1.763066672699156777e-03
3.869003040267379907e-03
4.458451905937197324e-04
3.757251611020842401e-04
1.084102409841607899e-03
5.050832457776642005e-04
1.933944412184541647e-03
2.126675315992172983e-04
8.126070876263577969e-04
3.011808982608206648e-04
9.524439381292593631e-04
3.203863838157939583e-04
8.902155361817045863e-04
8.672716880869890503e-04
8.101095890003745612e-04
1.460205850573207797e-03
3.473300173312977163e-04
5.039133012606545909e-04
4.327596518555788005e-04
3.517202845940338592e-04
1.019832088725023669e-03
3.310274218569733045e-04
4.315161817123326876e-04
2.331613674611310999e-03
1.707881622452241078e-03
2.841518989936344286e-04
1.075326944954579792e-03
1.467679379886434538e-03
4.673674670253182874e-03
1.202961587880744089e-03
1.048691933524727171e-03
1.400916019064797364e-03
5.327564819091188449e-04
1.367886910679264436e-03
1.364027857838320422e-03
5.270393830648069594e-04
1.507968293890012091e-03
1.207138324821459404e-03
9.280767574915526740e-04
3.026923357470790864e-04
9.653990481817378193e-04
8.880532912913432358e-04
9.263431608770283238e-04
1.457295881828047810e-03
8.159338202178948200e-04
5.694490021653399311e-04
7.560026096868838544e-04
9.362561206328251289e-04
7.602643641849938724e-04
2.295691897781366921e-03
7.442611918913441451e-04
4.781721570075354606e-04
8.747192162864758560e-04
6.545427457492655450e-04
1.413626990175899248e-03
6.819615961278470894e-04
1.206636950293166069e-03
1.542508111254219322e-03
3.088569387812060236e-04
5.385904567556484184e-04
6.617111085758611323e-04
7.016676661838437690e-04
7.858170138387661399e-04
2.701095813956716626e-04
4.243918397842763243e-03
1.452148132293343274e-03
7.639934602613520634e-04
4.252601162293673893e-04
6.365528648341351597e-04
1.789113297848894148e-03
3.249145697959542316e-03
4.279225253057472112e-04
4.908487402571384654e-04
2.652432255386077769e-04
5.755824306959267779e-04
4.213321017134157498e-04
1.119603906582503994e-03
3.609688376411997060e-04
5.856593222181484147e-04
7.959939858815707646e-04
6.717115289369475929e-04
4.884474002028433388e-04
6.999173726026691918e-04
1.064531338037126790e-03
1.557627118248256903e-03
7.559647537143652542e-04
2.111400518416597667e-03
9.035476851945215514e-04
2.874085318367100659e-03
1.664721175154844704e-03
2.925455037225196541e-04
7.654575904280752326e-04
5.067430815856450695e-04
3.085401264111985631e-04
7.730329541649319557e-04
8.575505786207245768e-04
1.900733804337401958e-03
4.186653736377134649e-04
3.002387575422165995e-04
4.333620371611521011e-04
6.764295766539636049e-04
3.156450026939426482e-04
5.142508504199430749e-04
5.842885424869962699e-04
3.222939456317895981e-03
2.304258361929757432e-03
3.528880921314557712e-04
6.836108546839262485e-04
3.931862387363189212e-04
5.436510039942368290e-04
5.816933608464052623e-04
3.479493249467545748e-04
1.342182273073429461e-03
2.042578540108026201e-03
6.991825298643090198e-04
4.043227317572097674e-04
7.864380439190156490e-04
9.229115096258524780e-04
1.823479278899047332e-03
5.756566500774870860e-04
7.083875569019282108e-04
1.167172164234791089e-03
9.186629106559209999e-04
8.167223975405373589e-04
2.032713169909262235e-03
9.726889216490912284e-04
7.926073645602840561e-04
4.691061856382092361e-04
7.645218193342261104e-04
2.686202757717156436e-04
5.194760378338751910e-04
9.777963148001455468e-04
2.874677028510451773e-04
5.411326475323985190e-04
1.137430258271951823e-03
6.323571355789536124e-04
7.709033225664805537e-04
1.412469393424777746e-03
7.962149349231013428e-04
1.106177665944411232e-03
7.166289923346770736e-04
1.983827998178383338e-03
2.015573297031904439e-04
3.850665022312020364e-03
5.679200180174160881e-04
9.041096691377807203e-04
8.809491716592794675e-04
2.518815609641860960e-04
7.068959308553308864e-04
5.904770950885555782e-04
3.745136858297700745e-04
8.796508389707076263e-04
4.195171521520777227e-04
5.576910937638832923e-04
4.401409142625723955e-03
4.821185604732043271e-04
4.718676388705992731e-04
2.318979074806266742e-03
6.540804339150514853e-04
9.276509660225873595e-04
4.411590488870174224e-04
8.792421384120236187e-04
1.414626461845799659e-03
5.680303610390456323e-04
1.703258679437379434e-03
1.504784584744989304e-03
1.052226972918214381e-03
9.620665877070575271e-04
2.925455037225196541e-04
3.061112393115934284e-03
7.610389416439078273e-04
3.486444280607605621e-04
4.058039762358157010e-04
1.110427318300929653e-03
4.077647985891463302e-04
1.102919682503542779e-03
4.415402623065848501e-04
6.837302166089471132e-03
5.201691602250248844e-04
4.863147899275990327e-04
5.768930620969422605e-04
4.462057944639372109e-04
1.268645582045597369e-03
8.604805382165085260e-04
3.155767039053771037e-04
1.325685480527477676e-03
5.062274988504415763e-04
1.135533585619154717e-03
8.653193248120706052e-04
9.417351370842427967e-04
6.738079677881186414e-04
2.351156789061472979e-04
4.017442911215343714e-04
4.230128281209801638e-04
7.480976545720380419e-04
3.951043859691090129e-04
5.557799589845446126e-04
2.042607466432887642e-03
3.362630972967736134e-04
7.320481042928669944e-04
1.272158763476373064e-03
3.102172437604910470e-03
1.157932666338238464e-03
9.915064040914587165e-04
5.746456097585823149e-04
8.397320171280727667e-04
5.016562556138382109e-04
9.836472801483119206e-04
6.607761250577269410e-04
1.114224865273295319e-03
3.165100333396260262e-04
1.735772436529594773e-02
1.385444378191498082e-03
3.342138040668789765e-04
5.690807497343209785e-04
4.956451572445558793e-04
4.807060651970135475e-04
9.767466821660217118e-04
1.309781218763522584e-03
4.368863135042875710e-04
2.109629578840301284e-04
9.621408220871314424e-04
2.649532264374288536e-03
5.029907623116247747e-04
4.711614197068323827e-04
1.248069200666781890e-03
9.996390401721688430e-04
7.069006742452772296e-04
3.307201174241446856e-03
1.434072358961801250e-03
8.704983404002469838e-04
7.013086566294520798e-04
3.615729934789937874e-04
8.448949207307595438e-04
2.022085755575622214e-04
9.512750048309720095e-04
3.933736796915435836e-04
1.826626573011852191e-03
1.249089959219966796e-03
1.372711818508064261e-03
6.731067428389607291e-04
3.195251047966741770e-03
6.411516388570186794e-04
7.649106009092546945e-04
6.248821252638964759e-04
3.256765980623158746e-04
9.307943430566474130e-04
1.097485922350103235e-03
1.498718637647793953e-03
1.135472337955966814e-03
8.574669719960780053e-04
1.079697816030571146e-03
3.725935685508022406e-03
7.977785664771714497e-04
3.049754751943847906e-04
1.283118748077120190e-03
7.109322686440820802e-04
6.829254343446258292e-04
9.622496819628170370e-04
3.413767449162228955e-04
8.118808752834937546e-04
7.340594388166234597e-04
1.505215130042119286e-03
1.188450888236710495e-03
2.671791616861839028e-04
2.572604291472955942e-04
9.219582047761856573e-04
7.582505411771252746e-04
6.173856223007770155e-04
7.119441991901561762e-04
5.757009396190826888e-04
8.821281885317332292e-04
2.382270846784493353e-03
3.543079218853079949e-04
1.948712537925103346e-04
9.616874760436268507e-04
8.498364670700526372e-04
7.696714086614029867e-04
5.105144718979447637e-04
1.652088433384490311e-03
3.514449816929534655e-03
1.964728684472399553e-03
1.838017565651391778e-03
4.824515573475321732e-04
8.954752847782409880e-04
3.702951533522829113e-03
5.197955582274232499e-04
5.366118601335629961e-04
1.026704762346645041e-03
3.972487474047996193e-04
4.633179762535557340e-04
5.570160936483392134e-04
2.851185843387699201e-04
9.941949594230010089e-04
1.147318073242979859e-03
1.063575334834957918e-03
9.342619239245373870e-04
6.014332534587213093e-04
5.656782671498107509e-04
8.000386017262165828e-04
3.518088447062537867e-04
2.199205277402086248e-04
6.936011820368985373e-04
2.668421917582420883e-04
4.997612774038450540e-04
7.159505906912314163e-04
1.017780864045418360e-03
5.457602216951689018e-04
5.961910877546153535e-04
1.631122595635717655e-03
1.153285923519502395e-03
1.353107406879417622e-03
2.754467769810540318e-04
9.985396187349511888e-04
5.014923928646328362e-04
2.376994215406785457e-04
1.185441932360299828e-04
7.754365588409668905e-04
1.680061083227230283e-04
1.014337558040403087e-03
6.643409152217513844e-04
3.717686512716867221e-04
6.365097826689985680e-04
5.944895073209619527e-04
1.338228097907523569e-03
3.798614290924102045e-04
7.885709813176950116e-04
1.310696405008046714e-03
4.568134252257491758e-04
3.694338516581947168e-04
4.899916326558706762e-04
9.859540297536668017e-04
6.709502422670780538e-04
1.188450888236710495e-03
1.778871500951985038e-04
7.095947386289542472e-04
2.987847064455650958e-04
6.585262676065225433e-04
4.011234409924593750e-04
2.126675315992172983e-04
8.518355004219737214e-04
1.484738041164623996e-03
9.061333102429685151e-04
1.010328334599747439e-03
2.601547054622682631e-04
1.076457300600375169e-03
2.626594698381635941e-04
3.939667359000971958e-04
9.749734812271233265e-04
7.031208630511588632e-04
9.748044459843439782e-04
1.423931450547885917e-03
6.980203523606296487e-04
1.235211261418091332e-03
1.058614775225516849e-03
5.466156001066615989e-04
1.460205850573207797e-03
3.438564265641790105e-03
7.398942184850806686e-04
1.519972549617541009e-03
6.555060082535002410e-04
6.121788918474123332e-04
3.090707753237462250e-03
9.096138611022124097e-04
9.220845329460062179e-04
8.592747040893777702e-04
5.465665617917998863e-04
1.009422634464666622e-03
1.514748386673503552e-03
7.970782219135726966e-04
7.148786962970681350e-04
6.154870167398757185e-04
1.245100293499024199e-03
1.400916019064797364e-03
2.332514656133783965e-03
8.919151242886792438e-04
8.273298951322726868e-04
1.699112310306331430e-03
7.051100869245415697e-04
1.248180775523339767e-03
8.477129291485547852e-04
3.156450026939426482e-04
1.292631003546773584e-03
4.117899054716542772e-04
7.379009933824925765e-04
1.615760929310800561e-03
1.474934526519985391e-03
6.395640318043239493e-04
2.681121334100194410e-03
2.111893817151104264e-03
1.519691941859963383e-03
1.061781813796009236e-03
7.028586358296736326e-04
1.281068455359307126e-03
7.368852895047984467e-04
6.269085762176333093e-04
4.551064340873640793e-04
1.212142975962979524e-03
3.249145697959542316e-03
6.878443947350586143e-04
9.700259080022556428e-04
4.658693675080535519e-04
4.908959557692242712e-04
1.374380955190188580e-03
4.271653390595822977e-04
5.770065411133458878e-04
8.228549377073961398e-04
9.549429855688553338e-04
1.289930326687055559e-03
3.003843879573473482e-04
8.616333743263938786e-04
2.427917552060190182e-04
2.863121513473390048e-04
4.576558535582105568e-04
1.450956318217945908e-03
4.567231991484607678e-04
1.844514087228614095e-03
3.026923357470790864e-04
5.932878337901320576e-04
5.039133012606545909e-04
1.110908561022156543e-03
6.789452286807657558e-04
5.634295316728826428e-04
8.569674364289425013e-04
2.794077249926627091e-04
2.557114693917373737e-03
3.510597283226309117e-04
7.813766411792444312e-04
1.338283994196879344e-03
1.012241878551033668e-03
5.689868797348840651e-04
3.170683475229403234e-04
1.010328334599747439e-03
2.398889871823190866e-03
9.721367356914669116e-04
5.967598720853656020e-04
1.260873908032092037e-03
2.081830858711102125e-04
8.544758534108482222e-04
2.782136713991858849e-03
8.263279386639743119e-04
3.970140937206279421e-04
1.625198441331520381e-03
3.610263322000313948e-04
6.640552752291192101e-04
8.219459605488382012e-04
3.766146714395264246e-04
1.414286870637467995e-03
5.172032528261920987e-04
1.188302596794572332e-03
6.658761932118582210e-04
1.752449922589129658e-04
5.060368362103277251e-04
3.895707938197515759e-04
5.663050870802653278e-04
8.607611176915375400e-04
2.475014226588114364e-03
1.384349853600437075e-03
7.943423948142673986e-04
1.556435630418772633e-03
1.097796645727934506e-03
9.524439381292593631e-04
2.187471373953907630e-03
3.253153455657543762e-03
2.310776524914815236e-03
2.293103540612113130e-03
5.127272183880479195e-04
7.703688918678153934e-04
1.153285923519502395e-03
1.507392698722809189e-03
2.679763631661318674e-03
5.913138431639246339e-04
4.266600946077329275e-04
4.887042516842169402e-04
7.920352750455083570e-04
4.535582389031317710e-04
1.052226972918214381e-03
1.115725164800184270e-03
6.738072614259516414e-04
1.076457300600375169e-03
3.744751513272835306e-04
6.673853813574723423e-04
1.313761091067013618e-03
1.618098013931398025e-03
1.153201690299762196e-03
3.965521430455679519e-04
3.322559978038000300e-04
7.719482749376753309e-04
1.938933660472067768e-03
1.026246293354562619e-03
9.589867158770512112e-04
4.943127590867232813e-04
1.626395753252053277e-03
4.901153490808721246e-04
4.914113807703914287e-04
4.561240905907512893e-04
3.217426630805385801e-04
5.254647935103687502e-04
7.213150021342384661e-04
3.972487474047996193e-04
4.986031853351752903e-04
1.154328069994287097e-03
1.018516499709733571e-03
1.846207373775688235e-03
4.164240375869834214e-04
6.757538435880620009e-04
3.181217719641666209e-04
1.097485922350103235e-03
6.873223052596305919e-04
2.549562557405671108e-03
4.252076880219753672e-04
1.417013524075122878e-03
7.009168517444995788e-04
3.152149413930278431e-04
1.264627974029221584e-03
1.386850500689121475e-03
2.061744823107405922e-03
4.226201058192257396e-04
1.151390643822308149e-03
1.962991773404444522e-03
1.600882472663325232e-03
6.595842098757756728e-04
1.618510925076421369e-03
1.187998764872244539e-03
4.852132146631024157e-04
5.989698860293129383e-04
1.045436793590191239e-03
4.743956311099399299e-04
1.006144814522953257e-03
7.717162875681134009e-04
5.973125768933445264e-04
6.396891611001057076e-03
9.619882004289932731e-04
8.034702238977082384e-04
1.156014643785166583e-03
1.677700073885169969e-03
1.914578434578538850e-03
8.256537227405276675e-04
1.046338539042967553e-03
6.715099405064349231e-04
6.100065197958289519e-04
2.820912499114838616e-04
3.078254921590548986e-04
4.933994598249164757e-04
1.470542393110273313e-03
3.813640548799743474e-04
6.591988227955771678e-04
4.525294694613912197e-04
8.679120532653191106e-04
1.966406387744222550e-03
2.536823113124546847e-04
5.086008077544957803e-04
2.264802265845045418e-03
9.453904405201639122e-04
4.284170076481490751e-03
5.499051090111786114e-04
2.380164701963810906e-04
6.427668693391380217e-04
4.168430055660112140e-04
2.891251226986508755e-04
6.323991052320983861e-04
5.624635605158938160e-04
3.802742554981435822e-04
1.002367425810137252e-03
6.365097826689985680e-04
3.802299736560188145e-04
2.812652487948939730e-04
4.534186720841601090e-04
4.231817003740615478e-04
1.924447151579000573e-03
5.998392682131438751e-04
3.502644389460239844e-04
2.993980762774196380e-04
3.970231949089294199e-04
7.171847758032980644e-04
1.412431271595111868e-03
3.225998042088861362e-04
9.229115096258524780e-04
1.014363741665839317e-03
2.456429718342650979e-03
5.628428822385977449e-04
4.689297229563098171e-04
5.476852265459639666e-04
6.779133862524840300e-04
7.253087798670521504e-04
2.553353624566514785e-03
4.146072165471313513e-03
7.766661577691798485e-04
8.688305943902538278e-04
5.744834474160307467e-04
4.458451905937197324e-04
2.586638833355038233e-03
5.707435874708876580e-04
3.710473062833556115e-04
6.545427457492655450e-04
1.464388162638141514e-03
2.597353239998342650e-04
8.545545314732259879e-04
6.203167905633913230e-04
1.161624410756446207e-03
9.577821924800083986e-04
5.036164505915546527e-04
4.971040246710789305e-03
6.971421135132421960e-04
8.367465925817156591e-04
9.545597141812851892e-04
5.769840713159954306e-04
1.071958964473791005e-03
1.244161200619151421e-03
9.144380846703790543e-04
1.446880790190103452e-03
1.353107406879417622e-03
7.189786930470839143e-04
7.548829650626256386e-04
1.244186338166367945e-03
1.189142987697483066e-03
9.644665699604963120e-04
5.771350381429963747e-03
1.521269212349375937e-03
4.990220776703546387e-04
2.146009928216578190e-03
8.004288157639705354e-04
6.876335513596109564e-04
5.631363304020056649e-04
1.610852725084199136e-03
1.674571144462117314e-03
3.528880921314557712e-04
5.789584217568639933e-04
3.840508324812743832e-04
3.413767449162228955e-04
1.524902641203714979e-03
5.451999742873558799e-04
5.633103958459948976e-04
2.033384584617779160e-03
5.205573918760565038e-04
8.060603159500594542e-04
9.849421144991091313e-04
9.227431994669037804e-04
3.117538900377886499e-04
1.169034659512693157e-03
5.565914079719261505e-04
1.518985527707692254e-03
1.717684853747195473e-03
8.102994868151472234e-04
8.718971308923569074e-04
2.055874281198342458e-03
5.904275500235310918e-04
3.553495781593496894e-04
6.727360660272190158e-04
7.036506727362176446e-04
4.772816837229377227e-04
5.993699587354127693e-04
5.033798759796262717e-04
6.554470552565088695e-04
1.652444559117799460e-04
3.890385032112771320e-03
6.633715063724859905e-04
3.737393340785624967e-04
3.844971286930578668e-04
2.428413914547687886e-04
5.623254617547940358e-04
1.059692070097669305e-03
8.426828077383358324e-04
4.238177642716288917e-04
1.542344796103153849e-03
1.097798194402168715e-03
9.778051276849702295e-04
9.806123121743649806e-04
8.192375800190727052e-04
1.437128311240844702e-03
2.203063763380842376e-03
7.216152951668415930e-04
5.188565195662453271e-04
6.518223931442973171e-04
3.777930869460896708e-04
7.017149859328541137e-04
1.368705284109144422e-03
3.939667359000971958e-04
1.414551982409480591e-03
5.627744219038117350e-04
8.176442863403248981e-04
9.550362704821391095e-04
9.561008696240924469e-04
6.405358434191881336e-04
7.963536432478923125e-04
7.903038843556284537e-04
2.788020139537858042e-04
1.335418435127167045e-03
1.593788781990429287e-03
2.493249011314532110e-03
2.853087932478694331e-03
5.428199404212544817e-04
3.304028643169535946e-03
1.960224920774286672e-03
7.548829650626256386e-04
7.659980316451986621e-04
1.085079899369571733e-03
4.534186720841601090e-04
6.624272937255730985e-04
1.224150673671776587e-03
1.423931450547885917e-03
1.709487289052671324e-03
4.899916326558706762e-04
5.745423713440609044e-04
4.752037197256851883e-04
1.133275087314646610e-03
4.119420827765206037e-04
1.448748112243514966e-03
7.462356754562214861e-04
9.337791538447491472e-04
2.300837889319448399e-03
1.059559861460562021e-03
8.092817895215577428e-04
5.915686827587845120e-04
1.406238640093436998e-03
5.718294479711493686e-04
2.395956435462540460e-03
2.160662981308866457e-03
1.915449220727040002e-03
4.625072753002527231e-04
1.210330746342195857e-03
2.618069467901965974e-04
5.226556745123277356e-04
2.762370087488146388e-04
5.790948975293017977e-04
6.112597340359394093e-04
7.433271656477377209e-04
5.906708330791877277e-04
6.638129366066367098e-04
1.656664065383944753e-03
9.394332172671921279e-04
1.123058001708877960e-03
9.678094533618558995e-04
1.145161102577873938e-03
7.134295107766039715e-04
5.340902704077161610e-04
7.509849756076477333e-04
3.915206466316657665e-04
4.334001132560468114e-04
1.515462256557996391e-03
4.223059334681563857e-04
7.594680807970837725e-04
8.999656511467840278e-04
1.457805806855643664e-03
1.623842491181554755e-03
3.946291970876164286e-04
8.410183924320237432e-04
8.044932955817104582e-04
1.789113297848894148e-03
3.116051861693530547e-04
4.938385409317072204e-04
6.145711080050244744e-04
8.668614013019711661e-04
3.066706083488503968e-04
5.620501247253993074e-04
1.977801560173542052e-03
9.793862305169083547e-04
9.854910165020499581e-04
2.681121334100194410e-03
1.623119403747738491e-03
5.084565417987807652e-04
2.316678009202193498e-04
8.677038896932406800e-04
5.519576999491612951e-04
1.931987225337428431e-03
1.623074105890528291e-03
7.610389416439078273e-04
3.263464436830734445e-04
9.828201638388436683e-04
2.794928812812360838e-04
4.609382759988024094e-04
9.094367760189032285e-04
1.027309837041959521e-03
2.437589359442959760e-03
2.247217463212491072e-03
5.044193450328371365e-04
4.142777953999096240e-04
6.913394701876142282e-04
1.549067775042623505e-03
4.322076253046496300e-04
5.278808210124402104e-04
1.126766970932192033e-03
5.919194590834901855e-04
4.226741714910998027e-04
8.833400127785177554e-04
2.169383145204748821e-03
5.142462743276047903e-04
5.945949745142511348e-04
2.774368012797139797e-03
5.856593222181484147e-04
1.006875101541357311e-03
3.497906058500987645e-04
9.551585941941637126e-04
3.890385032112771320e-03
8.662019591686055805e-04
3.862970490637083012e-04
1.012255526359686839e-03
1.120910796723550767e-03
1.833939670429105386e-03
6.755379350083862882e-04
2.312432273684109454e-04
1.969191552118574728e-03
1.555638340059288484e-03
3.035258365098213369e-04
9.430813672199753672e-04
2.086462169046014248e-04
1.923968713716921576e-03
3.370907099278701931e-04
1.549451756650025921e-03
5.330957413461140859e-04
4.626553178168085908e-04
1.151004592656953854e-03
1.661484050164555634e-03
2.928093360834908387e-04
1.064550352379418658e-03
8.316592747121399724e-04
1.082619605015698507e-03
2.350063541635766186e-04
2.407855294936760756e-03
3.307962162100603894e-04
1.471066042949755121e-03
1.097400959240459745e-03
9.894002851412084763e-04
6.402938474403471747e-04
1.607882450579979075e-03
3.771255602564228164e-04
6.017955807049129961e-04
9.820231483276260602e-04
7.201071690690516143e-04
1.042113783862975507e-03
7.802974049622138277e-04
5.024472275783114974e-04
1.571655895095010625e-03
8.176735052852666333e-04
1.598726673768456792e-03
3.287088687061780483e-04
6.917022605478173559e-04
9.094367760189032285e-04
1.599548528528388488e-03
7.189957936669541484e-04
9.372174501486731741e-04
6.371134699452898464e-04
3.887090499093327919e-04
3.129268587146657185e-04
9.233246149572915760e-04
1.034352109089346815e-03
3.868966927765351031e-04
5.645595571057277200e-04
3.000451971281397658e-03
1.059559861460562021e-03
5.205946849157133205e-04
4.414192887252097255e-04
5.872448579350458180e-04
5.717504418844682450e-04
7.337578688296739248e-04
4.424006101308727108e-04
5.312957894144614132e-04
9.878057772549824010e-04
1.995042021245637287e-04
1.072730657896644969e-03
2.406711479545416577e-04
3.901366619980852759e-04
1.348869921017093474e-03
9.267810141597868437e-04
1.109210319304715061e-03
1.117716450949645833e-03
3.695541044042513230e-04
4.397610798109136219e-04
4.673674670253182874e-03
1.088287574760835562e-03
7.331740705816223178e-04
7.670377402810863582e-04
5.982606613396464386e-04
1.550222354749537009e-03
1.353222016767047448e-03
1.007337068277243961e-03
3.361345762651471230e-04
4.839330651097137120e-04
2.139069722838163410e-03
5.464299510416963188e-04
1.047761065957811613e-03
7.108226976613838018e-04
1.210330746342195857e-03
6.711533213579535563e-04
9.416566689004158761e-04
7.575026274841940117e-04
8.445560486504821848e-04
8.217973564948746149e-04
7.104192444817730451e-04
3.263464436830734445e-04
2.391264861362608993e-03
3.265878285431591936e-04
2.602676030405950275e-03
1.066006644048098475e-03
7.611747590219296051e-04
6.856730043672871642e-04
5.146381721879087759e-04
2.094290460169942144e-04
3.380800868275251930e-04
4.655370358210697145e-04
1.963744513053956864e-03
7.592346173026758970e-04
5.509960497705874939e-04
4.230272001947736442e-03
1.034091324207921580e-03
9.454885668474525195e-04
3.789539574553337821e-04
