SLURM_MEM_PER_CPU=8192
SLURM_NODEID=0
SLURM_TASK_PID=3650084
SLURM_PRIO_PROCESS=0
SLURM_SUBMIT_DIR=/users/ibarbier/AC-DC
SLURM_CPUS_PER_TASK=1
SLURM_PROCID=0
SLURM_JOB_GID=11000
SLURMD_NODENAME=dna001
SLURM_TASKS_PER_NODE=1
SLURM_NNODES=1
SLURM_JOB_NODELIST=dna001
SLURM_CLUSTER_NAME=curnagl
SLURM_NODELIST=dna001
SLURM_NTASKS=1
SLURM_JOB_CPUS_PER_NODE=1
SLURM_TOPOLOGY_ADDR=core.edge1.dna001
SLURM_WORKING_CLUSTER=curnagl:admin1:6817:9216:109
SLURM_JOB_NAME=sbatch_bifurcation.sh
SLURM_JOBID=2583117
SLURM_CONF=/etc/slurm/slurm.conf
SLURM_NODE_ALIASES=(null)
SLURM_JOB_QOS=cpu-normal
SLURM_TOPOLOGY_ADDR_PATTERN=switch.switch.node
SLURM_CPUS_ON_NODE=1
SLURM_JOB_NUM_NODES=1
SLURM_JOB_UID=69294
SLURM_JOB_PARTITION=cpu
SLURM_JOB_USER=ibarbier
SLURM_NPROCS=1
SLURM_SUBMIT_HOST=login.curnagl
SLURM_JOB_ACCOUNT=yschaerl_snsf_2017
SLURM_GTIDS=0
SLURM_JOB_ID=2583117
SLURM_LOCALID=0
error in limit cycle ara = 0.00010985411419875573, p11
please, check homoclinic for p19
please, check homoclinic for p28
error in limit cycle ara = 8.286427728546843e-05, p43
error in limit cycle ara = 0.00025595479226995333, p43
please, check homoclinic for p74
too long oscillation?? at 0.0005963623316594637 arabinose at p89
error in limit cycle ara = 6.250551925273976e-05, p127
error in limit cycle ara = 0.00014563484775012445, p127
error in limit cycle ara = 0.0007906043210907702, p127
error in limit cycle ara = 0.001389495494373136, p127
error in limit cycle ara = 0.00323745754281764, p127
error in limit cycle ara = 0.004291934260128779, p127
error in limit cycle ara = 0.005689866029018293, p127
please, check homoclinic for p181
error in limit cycle ara = 0.00025595479226995333, p183
error in limit cycle ara = 8.286427728546843e-05, p268
error in limit cycle ara = 0.00010985411419875573, p268
error in limit cycle ara = 0.000339322177189533, p268
error in limit cycle ara = 0.0005963623316594637, p268
error in limit cycle ara = 0.0007906043210907702, p268
error in limit cycle ara = 0.0010481131341546852, p268
error in limit cycle ara = 0.001389495494373136, p268
too long oscillation?? at 0.0024420530945486497 arabinose at p301
error in limit cycle ara = 6.250551925273976e-05, p328
too long oscillation?? at 1e-08 arabinose at p414
too long oscillation?? at 1.3257113655901082e-08 arabinose at p414
too long oscillation?? at 1.757510624854793e-08 arabinose at p414
too long oscillation?? at 2.329951810515372e-08 arabinose at p414
too long oscillation?? at 3.0888435964774783e-08 arabinose at p414
too long oscillation?? at 4.0949150623804276e-08 arabinose at p414
too long oscillation?? at 5.4286754393238595e-08 arabinose at p414
too long oscillation?? at 7.196856730011513e-08 arabinose at p414
too long oscillation?? at 9.540954763499944e-08 arabinose at p414
too long oscillation?? at 1.2648552168552957e-07 arabinose at p414
too long oscillation?? at 1.67683293681101e-07 arabinose at p414
too long oscillation?? at 2.2229964825261955e-07 arabinose at p414
too long oscillation?? at 2.94705170255181e-07 arabinose at p414
please, check homoclinic for p431
too long oscillation?? at 0.001389495494373136 arabinose at p449
too long oscillation?? at 4.71486636345739e-05 arabinose at p477
too long oscillation?? at 0.0007906043210907702 arabinose at p487
error in limit cycle ara = 0.0010481131341546852, p487
error in limit cycle ara = 0.001389495494373136, p487
error in limit cycle ara = 0.0018420699693267163, p487
error in limit cycle ara = 0.0024420530945486497, p487
error in limit cycle ara = 0.00323745754281764, p487
please, check homoclinic for p488
error in limit cycle ara = 0.00025595479226995333, p554
error in limit cycle ara = 0.00025595479226995333, p572
error in limit cycle ara = 0.0007906043210907702, p572
error in limit cycle ara = 0.0010481131341546852, p572
error in limit cycle ara = 0.001389495494373136, p572
error in limit cycle ara = 3.5564803062231284e-05, p643
error in limit cycle ara = 4.71486636345739e-05, p663
error in limit cycle ara = 6.250551925273976e-05, p663
error in limit cycle ara = 0.00014563484775012445, p663
error in limit cycle ara = 0.00025595479226995333, p663
error in limit cycle ara = 0.000339322177189533, p663
error in limit cycle ara = 0.00014563484775012445, p671
error in limit cycle ara = 0.004291934260128779, p671
error in limit cycle ara = 0.005689866029018293, p671
error in limit cycle ara = 0.0075431200633546075, p671
error in limit cycle ara = 0.01, p671
error in limit cycle ara = 0.00010985411419875573, p719
error in limit cycle ara = 0.00025595479226995333, p719
error in limit cycle ara = 0.000339322177189533, p719
error in limit cycle ara = 0.0005963623316594637, p719
error in limit cycle ara = 0.0010481131341546852, p719
error in limit cycle ara = 0.001389495494373136, p719
error in limit cycle ara = 0.004291934260128779, p719
error in limit cycle ara = 0.005689866029018293, p719
error in limit cycle ara = 0.0075431200633546075, p719
error in limit cycle ara = 0.01, p719
error in limit cycle ara = 6.250551925273976e-05, p814
error in limit cycle ara = 0.00010985411419875573, p814
error in limit cycle ara = 0.00025595479226995333, p814
error in limit cycle ara = 0.000339322177189533, p814
error in limit cycle ara = 0.0005963623316594637, p814
error in limit cycle ara = 0.0007906043210907702, p814
error in limit cycle ara = 0.005689866029018293, p814
error in limit cycle ara = 0.0075431200633546075, p814
error in limit cycle ara = 0.01, p814
error in limit cycle ara = 0.01, p816
error in limit cycle ara = 0.00010985411419875573, p819
error in limit cycle ara = 0.00025595479226995333, p819
too long oscillation?? at 4.71486636345739e-05 arabinose at p927
error in limit cycle ara = 0.00014563484775012445, p992
error in limit cycle ara = 0.00019306977288832496, p992
error in limit cycle ara = 0.0005963623316594637, p992
error in limit cycle ara = 0.0007906043210907702, p992
error in limit cycle ara = 0.0010481131341546852, p992
error in limit cycle ara = 0.001389495494373136, p992
error in limit cycle ara = 0.0024420530945486497, p992
error in limit cycle ara = 0.00323745754281764, p992
error in limit cycle ara = 0.004291934260128779, p992
error in limit cycle ara = 0.01, p992
error in limit cycle ara = 0.00014563484775012445, p993
error in limit cycle ara = 0.00019306977288832496, p993
error in limit cycle ara = 0.0005963623316594637, p993
error in limit cycle ara = 0.0007906043210907702, p993
error in limit cycle ara = 0.0010481131341546852, p993
error in limit cycle ara = 0.001389495494373136, p993
error in limit cycle ara = 0.0024420530945486497, p993
error in limit cycle ara = 0.00323745754281764, p993
error in limit cycle ara = 0.004291934260128779, p993
error in limit cycle ara = 0.01, p993
0
1
2
3
4
5
6
7
8
9
10
too long oscillation?? at 0.0005963623316594637 arabinose at p10
11
12
13
14
15
16
17
18
19
20
21
22
23
24
25
26
27
28
29
30
31
32
33
34
35
36
37
38
39
40
41
42
43
44
45
46
47
48
49
50
51
0
1
2
3
4
5
6
7
8
9
10
11
12
13
14
15
16
too long oscillation?? at 0.0005963623316594637 arabinose at p16
17
18
19
20
21
22
23
24
25
26
27
28
29
30
31
32
33
34
35
36
37
38
39
40
41
42
43
44
45
46
47
48
49
50
51
52
53
54
55
56
57
58
59
60
61
62
63
64
65
66
67
68
69
70
