SLURM_MEM_PER_CPU=8192
SLURM_NODEID=0
SLURM_TASK_PID=3847293
SLURM_PRIO_PROCESS=0
SLURM_SUBMIT_DIR=/users/ibarbier/AC-DC
SLURM_CPUS_PER_TASK=40
SLURM_PROCID=0
SLURM_JOB_GID=11000
SLURMD_NODENAME=dna045
SLURM_TASKS_PER_NODE=1
SLURM_NNODES=1
SLURM_JOB_NODELIST=dna045
SLURM_CLUSTER_NAME=curnagl
SLURM_NODELIST=dna045
SLURM_NTASKS=1
SLURM_JOB_CPUS_PER_NODE=40
SLURM_TOPOLOGY_ADDR=core.edge2.dna045
SLURM_WORKING_CLUSTER=curnagl:admin1:6817:9216:109
SLURM_JOB_NAME=sbatch_icvara.sh
SLURM_JOBID=2593959
SLURM_CONF=/etc/slurm/slurm.conf
SLURM_NODE_ALIASES=(null)
SLURM_JOB_QOS=cpu-normal
SLURM_TOPOLOGY_ADDR_PATTERN=switch.switch.node
SLURM_CPUS_ON_NODE=40
SLURM_JOB_NUM_NODES=1
SLURM_JOB_UID=69294
SLURM_JOB_PARTITION=cpu
SLURM_JOB_USER=ibarbier
SLURM_NPROCS=1
SLURM_SUBMIT_HOST=login.curnagl
SLURM_JOB_ACCOUNT=yschaerl_snsf_2017
SLURM_GTIDS=0
SLURM_JOB_ID=2593959
SLURM_LOCALID=0
SMC step with target distance: 1.7122263629694594
>>>> Loop processing time: 11449.137 sec on 40 CPU cores.
acceptance rate: 0.0024372232228377566
min accepted distance:  0.2166488985697103
median accepted distance:  1.5534548971470516
median evaluated distance:  10.015008219757245
SMC step with target distance: 1.5534548971470516
>>>> Loop processing time: 12781.044 sec on 40 CPU cores.
acceptance rate: 0.001957280398032542
min accepted distance:  0.23002298702129015
median accepted distance:  1.4102216200767257
median evaluated distance:  10.12978125049394
SMC step with target distance: 1.4102216200767257
slurmstepd: error: *** JOB 2593959 ON dna045 CANCELLED AT 2021-09-28T10:21:10 DUE TO TIME LIMIT ***
