SLURM_MEM_PER_CPU=8192
SLURM_NODEID=0
SLURM_TASK_PID=4029944
SLURM_PRIO_PROCESS=0
SLURM_SUBMIT_DIR=/users/ibarbier/AC-DC
SLURM_CPUS_PER_TASK=1
SLURM_PROCID=0
SLURM_JOB_GID=11000
SLURMD_NODENAME=dna001
SLURM_TASKS_PER_NODE=1
SLURM_NNODES=1
SLURM_JOB_NODELIST=dna001
SLURM_CLUSTER_NAME=curnagl
SLURM_NODELIST=dna001
SLURM_NTASKS=1
SLURM_JOB_CPUS_PER_NODE=1
SLURM_TOPOLOGY_ADDR=core.edge1.dna001
SLURM_WORKING_CLUSTER=curnagl:admin1:6817:9216:109
SLURM_JOB_NAME=sbatch_bifurcation.sh
SLURM_JOBID=1171741
SLURM_CONF=/etc/slurm/slurm.conf
SLURM_NODE_ALIASES=(null)
SLURM_JOB_QOS=cpu-normal
SLURM_TOPOLOGY_ADDR_PATTERN=switch.switch.node
SLURM_CPUS_ON_NODE=1
SLURM_JOB_NUM_NODES=1
SLURM_JOB_UID=69294
SLURM_JOB_PARTITION=cpu
SLURM_JOB_USER=ibarbier
SLURM_NPROCS=1
SLURM_SUBMIT_HOST=login.curnagl
SLURM_JOB_ACCOUNT=yschaerl_snsf_2017
SLURM_GTIDS=0
SLURM_JOB_ID=1171741
SLURM_LOCALID=0
