SLURM_MEM_PER_CPU=8192
SLURM_NODEID=0
SLURM_TASK_PID=108224
SLURM_PRIO_PROCESS=0
SLURM_SUBMIT_DIR=/users/ibarbier/AC-DC
SLURM_CPUS_PER_TASK=40
SLURM_PROCID=0
SLURM_JOB_GID=11000
SLURMD_NODENAME=dna046
SLURM_TASKS_PER_NODE=1
SLURM_NNODES=1
SLURM_JOB_NODELIST=dna046
SLURM_CLUSTER_NAME=curnagl
SLURM_NODELIST=dna046
SLURM_NTASKS=1
SLURM_JOB_CPUS_PER_NODE=40
SLURM_TOPOLOGY_ADDR=core.edge2.dna046
SLURM_WORKING_CLUSTER=curnagl:admin1:6817:9216:109
SLURM_JOB_NAME=sbatch_icvara.sh
SLURM_JOBID=626000
SLURM_CONF=/etc/slurm/slurm.conf
SLURM_NODE_ALIASES=(null)
SLURM_JOB_QOS=cpu-normal
SLURM_TOPOLOGY_ADDR_PATTERN=switch.switch.node
SLURM_CPUS_ON_NODE=40
SLURM_JOB_NUM_NODES=1
SLURM_JOB_UID=69294
SLURM_JOB_PARTITION=cpu
SLURM_JOB_USER=ibarbier
SLURM_NPROCS=1
SLURM_SUBMIT_HOST=login.curnagl
SLURM_JOB_ACCOUNT=yschaerl_snsf_2017
SLURM_GTIDS=0
SLURM_JOB_ID=626000
SLURM_LOCALID=0
SMC step with target distance: 40.0
>>>> Loop processing time: 75.832 sec on 40 CPU cores.
acceptance rate: 0.1858390633711206
min accepted distance:  -18689.126006906226
median accepted distance:  -31.110101081815902
median evaluated distance:  121.50004291144825
SMC step with target distance: 2.5
>>>> Loop processing time: 109.184 sec on 40 CPU cores.
acceptance rate: 0.2521432173474534
min accepted distance:  -106797.84759118808
median accepted distance:  -81.17332572386071
median evaluated distance:  121.00000068066188
