SLURM_MEM_PER_CPU=8192
SLURM_NODEID=0
SLURM_TASK_PID=2501461
SLURM_PRIO_PROCESS=0
SLURM_SUBMIT_DIR=/users/ibarbier/AC-DC
SLURM_CPUS_PER_TASK=1
SLURM_PROCID=0
SLURM_JOB_GID=11000
SLURMD_NODENAME=dna051
SLURM_TASKS_PER_NODE=1
SLURM_NNODES=1
SLURM_JOB_NODELIST=dna051
SLURM_CLUSTER_NAME=curnagl
SLURM_NODELIST=dna051
SLURM_NTASKS=1
SLURM_JOB_CPUS_PER_NODE=1
SLURM_TOPOLOGY_ADDR=core.edge3.dna051
SLURM_WORKING_CLUSTER=curnagl:admin1:6817:9216:109
SLURM_JOB_NAME=sbatch_bifurcation.sh
SLURM_JOBID=2466215
SLURM_CONF=/etc/slurm/slurm.conf
SLURM_NODE_ALIASES=(null)
SLURM_JOB_QOS=cpu-normal
SLURM_TOPOLOGY_ADDR_PATTERN=switch.switch.node
SLURM_CPUS_ON_NODE=1
SLURM_JOB_NUM_NODES=1
SLURM_JOB_UID=69294
SLURM_JOB_PARTITION=cpu
SLURM_JOB_USER=ibarbier
SLURM_NPROCS=1
SLURM_SUBMIT_HOST=login.curnagl
SLURM_JOB_ACCOUNT=yschaerl_snsf_2017
SLURM_GTIDS=0
SLURM_JOB_ID=2466215
SLURM_LOCALID=0
K_ARAX          -2.230969
n_ARAX           1.561418
K_XY            -1.496016
n_XY             1.649937
K_XZ            -3.131424
n_XZ             1.476549
beta/alpha_X     3.723627
K_YZ            -4.591790
n_YZ             0.966680
beta/alpha_Y     0.945332
K_ZX            -5.086707
n_ZX             1.972640
beta/alpha_Z     3.586728
dist             0.024649
max_stability    2.000000
saddle           1.000000
hopf             0.000000
homoclinic       2.000000
Name: 462, dtype: float64
{'K_ARAX': -2.230969315657641, 'n_ARAX': 1.5614184757014282, 'K_XY': -1.4960164422161397, 'n_XY': 1.649936543692192, 'K_XZ': -3.131423895471535, 'n_XZ': 1.476548550572301, 'beta/alpha_X': 3.723626518657944, 'K_YZ': -4.591789988171262, 'n_YZ': 0.9666800707414096, 'beta/alpha_Y': 0.9453322970964536, 'K_ZX': -5.086706738815207, 'n_ZX': 1.9726403641736046, 'beta/alpha_Z': 3.586727813075682}
0
1
2
3
4
5
6
7
8
9
10
11
12
13
14
15
16
17
18
19
20
21
22
23
24
25
26
27
28
29
30
31
32
33
34
35
36
37
38
39
40
41
42
43
44
45
46
47
48
49
0
1
2
3
4
5
6
7
8
9
10
11
12
13
14
15
16
17
18
19
20
21
22
23
24
25
26
27
28
29
30
31
32
33
error in limit cycle ara = 0.006250551925273976, p33
error in limit cycle ara = 0.0079060432109077, p33
error in limit cycle ara = 0.00889159333916464, p33
34
35
36
37
38
39
40
41
42
43
44
45
46
47
48
49
50
51
52
53
54
55
56
57
error in limit cycle ara = 0.0079060432109077, p57
58
59
60
61
62
63
64
65
66
error in limit cycle ara = 0.005557736586486881, p66
67
error in limit cycle ara = 0.005557736586486881, p67
68
69
70
71
72
73
74
75
76
77
78
79
80
81
82
83
84
85
86
87
88
89
90
91
92
93
94
95
96
97
98
99
100
101
102
103
104
105
106
107
108
109
110
111
112
113
114
115
116
117
118
119
120
121
122
123
124
125
126
127
128
129
130
131
132
133
134
135
136
137
138
139
140
141
142
143
144
145
146
147
148
149
150
151
152
153
154
155
156
157
158
159
160
161
162
163
164
165
166
167
168
169
170
171
172
173
174
175
176
177
178
179
180
181
182
183
184
185
186
187
error in limit cycle ara = 0.0079060432109077, p187
188
189
190
191
192
193
194
195
196
197
198
199
200
201
202
203
204
