SLURM_MEM_PER_CPU=8192
SLURM_NODEID=0
SLURM_TASK_PID=4164551
SLURM_PRIO_PROCESS=0
SLURM_SUBMIT_DIR=/users/ibarbier/AC-DC
SLURM_ARRAY_TASK_COUNT=8
SLURM_CPUS_PER_TASK=30
SLURM_PROCID=0
SLURM_JOB_GID=11000
SLURMD_NODENAME=dna017
SLURM_TASKS_PER_NODE=1
SLURM_NNODES=1
SLURM_ARRAY_TASK_ID=5
SLURM_JOB_NODELIST=dna017
SLURM_ARRAY_TASK_STEP=1
SLURM_CLUSTER_NAME=curnagl
SLURM_NODELIST=dna017
SLURM_NTASKS=1
SLURM_JOB_CPUS_PER_NODE=30
SLURM_TOPOLOGY_ADDR=core.edge1.dna017
SLURM_WORKING_CLUSTER=curnagl:admin1:6817:9216:109
SLURM_JOB_NAME=sbatch_plot.sh
SLURM_JOBID=318624
SLURM_CONF=/etc/slurm/slurm.conf
SLURM_NODE_ALIASES=(null)
SLURM_JOB_QOS=cpu-normal
SLURM_TOPOLOGY_ADDR_PATTERN=switch.switch.node
SLURM_ARRAY_JOB_ID=318619
SLURM_CPUS_ON_NODE=30
SLURM_JOB_NUM_NODES=1
SLURM_JOB_UID=69294
SLURM_JOB_PARTITION=cpu
SLURM_JOB_USER=ibarbier
SLURM_NPROCS=1
SLURM_ARRAY_TASK_MIN=1
SLURM_SUBMIT_HOST=login.curnagl
SLURM_JOB_ACCOUNT=yschaerl_snsf_2017
SLURM_GTIDS=0
SLURM_JOB_ID=318624
SLURM_ARRAY_TASK_MAX=8
SLURM_LOCALID=0
