slurmstepd: error: TMPDIR [/tmp/377085] is not writeable
slurmstepd: error: Setting TMPDIR to /tmp
SLURM_MEM_PER_CPU=8192
SLURM_NODEID=0
SLURM_TASK_PID=1044736
SLURM_PRIO_PROCESS=0
SLURM_SUBMIT_DIR=/users/ibarbier/AC-DC
SLURM_CPUS_PER_TASK=30
SLURM_PROCID=0
SLURM_JOB_GID=11000
SLURMD_NODENAME=dna050
SLURM_TASKS_PER_NODE=1
SLURM_NNODES=1
SLURM_JOB_NODELIST=dna050
SLURM_CLUSTER_NAME=curnagl
SLURM_NODELIST=dna050
SLURM_NTASKS=1
SLURM_JOB_CPUS_PER_NODE=30
SLURM_TOPOLOGY_ADDR=core.edge3.dna050
SLURM_WORKING_CLUSTER=curnagl:admin1:6817:9216:109
SLURM_JOB_NAME=sbatch_icvara.sh
SLURM_JOBID=377085
SLURM_CONF=/etc/slurm/slurm.conf
SLURM_NODE_ALIASES=(null)
SLURM_JOB_QOS=cpu-normal
SLURM_TOPOLOGY_ADDR_PATTERN=switch.switch.node
SLURM_CPUS_ON_NODE=30
SLURM_JOB_NUM_NODES=1
SLURM_JOB_UID=69294
SLURM_JOB_PARTITION=cpu
SLURM_JOB_USER=nobody
SLURM_NPROCS=1
SLURM_SUBMIT_HOST=login.curnagl
SLURM_JOB_ACCOUNT=yschaerl_snsf_2017
SLURM_GTIDS=0
SLURM_JOB_ID=377085
SLURM_LOCALID=0
SMC step with target distance: 20.0
>>>> Loop processing time: 5.626 sec on 30 CPU cores.
acceptance rate: 0.779423226812159
min accepted distance:  11.035191785267987
median accepted distance:  16.752846196597233
median evaluated distance:  17.29443929452634
SMC step with target distance: 16.752846196597233
>>>> Loop processing time: 834.694 sec on 30 CPU cores.
acceptance rate: 0.4472271914132379
min accepted distance:  9.854335429168522
median accepted distance:  16.144511512712274
median evaluated distance:  16.96366472370938
SMC step with target distance: 16.144511512712274
>>>> Loop processing time: 502.160 sec on 30 CPU cores.
acceptance rate: 0.3079765937788728
min accepted distance:  9.804673100416043
median accepted distance:  16.030620441021206
median evaluated distance:  16.464535049617908
SMC step with target distance: 16.030620441021206
>>>> Loop processing time: 557.749 sec on 30 CPU cores.
acceptance rate: 0.2295684113865932
min accepted distance:  8.595712415415706
median accepted distance:  16.00908141598592
median evaluated distance:  16.267954019627204
SMC step with target distance: 16.00908141598592
slurmstepd: error: *** JOB 377085 ON dna050 CANCELLED AT 2021-07-16T01:19:52 ***
