SLURM_MEM_PER_CPU=8192
SLURM_NODEID=0
SLURM_TASK_PID=2446980
SLURM_PRIO_PROCESS=0
SLURM_SUBMIT_DIR=/users/ibarbier/AC-DC
SLURM_CPUS_PER_TASK=40
SLURM_PROCID=0
SLURM_JOB_GID=11000
SLURMD_NODENAME=dna015
SLURM_TASKS_PER_NODE=1
SLURM_NNODES=1
SLURM_JOB_NODELIST=dna015
SLURM_CLUSTER_NAME=curnagl
SLURM_NODELIST=dna015
SLURM_NTASKS=1
SLURM_JOB_CPUS_PER_NODE=40
SLURM_TOPOLOGY_ADDR=core.edge1.dna015
SLURM_WORKING_CLUSTER=curnagl:admin1:6817:9216:109
SLURM_JOB_NAME=sbatch_icvara.sh
SLURM_JOBID=586977
SLURM_CONF=/etc/slurm/slurm.conf
SLURM_NODE_ALIASES=(null)
SLURM_JOB_QOS=cpu-normal
SLURM_TOPOLOGY_ADDR_PATTERN=switch.switch.node
SLURM_CPUS_ON_NODE=40
SLURM_JOB_NUM_NODES=1
SLURM_JOB_UID=69294
SLURM_JOB_PARTITION=cpu
SLURM_JOB_USER=ibarbier
SLURM_NPROCS=1
SLURM_SUBMIT_HOST=login.curnagl
SLURM_JOB_ACCOUNT=yschaerl_snsf_2017
SLURM_GTIDS=0
SLURM_RESTART_COUNT=1
SLURM_JOB_ID=586977
SLURM_LOCALID=0
SMC step with target distance: 40.0
slurmstepd: error: *** JOB 586977 ON dna015 CANCELLED AT 2021-07-30T04:50:45 DUE TO TIME LIMIT ***
