9.498041203415560574e+00
1.033132736940809160e+01
1.133312945346054335e+01
1.133243093461397955e+01
1.126068583014986935e+01
1.133199883280948228e+01
1.133066700762040568e+01
1.133261317683666825e+01
1.055338122212978291e+01
1.099690167719425204e+01
1.105123171607295518e+01
1.133213000423785033e+01
1.083265955529055091e+01
1.074455886333119459e+01
1.133248228071694363e+01
9.992321547458326236e+00
1.133208472182727000e+01
1.133319924322268157e+01
1.133070012702555651e+01
1.133116453109216870e+01
1.116550867267126179e+01
1.100143824042407026e+01
1.100026407389924366e+01
1.116606259332049333e+01
1.108142242548176171e+01
1.133165952215738237e+01
1.099875153281687545e+01
1.133148407555370696e+01
1.028407093054696020e+01
1.133082822945654300e+01
1.133020491755009651e+01
1.133014557794947308e+01
1.133200165313559715e+01
1.107735634128405167e+01
1.133274031443199092e+01
1.133320008030644566e+01
1.117046324067487362e+01
1.083868986155881053e+01
1.117841905589671470e+01
1.133310160971022995e+01
1.133146616887631275e+01
1.133122834549842572e+01
1.133036656199339554e+01
9.348653310517084591e+00
1.133313657459088475e+01
1.133318144541956762e+01
1.133280668892794019e+01
1.133265446732328385e+01
1.099892247804275058e+01
1.015837132952773558e+01
1.133177548909842791e+01
1.133164851740549750e+01
1.116605948044571761e+01
1.133296628318043808e+01
1.133099597010310511e+01
1.133182141558248190e+01
1.133319342185811074e+01
1.116511680606169143e+01
1.133244782404895723e+01
1.133312891040690573e+01
1.133144557818405929e+01
1.133302970355180506e+01
1.117415906401721593e+01
1.116661023061202940e+01
1.133207813367939387e+01
1.099991775321108278e+01
1.133276813225196200e+01
1.133033509180345533e+01
1.133201750987103651e+01
1.074135679835563550e+01
1.133101587452736148e+01
1.116614481552558935e+01
1.061353438826907514e+01
1.073423332205343250e+01
1.133219976344646973e+01
1.019387651108359982e+01
1.133276390122929733e+01
1.133253299428603178e+01
1.133304902734526465e+01
9.838905269176359880e+00
1.133057698515569278e+01
1.133091103471579331e+01
1.099876400030845147e+01
1.099963014974759012e+01
1.133302374335695184e+01
1.116565872483115385e+01
1.133277973637366998e+01
1.133155862071058451e+01
1.133190764462376521e+01
1.133287068703471867e+01
1.133279727109825075e+01
9.561409969986266688e+00
1.074755359291843781e+01
1.133193689854361885e+01
9.533984355873652561e+00
1.133290000360256577e+01
1.083474313294683888e+01
1.100010066909565865e+01
1.133293398102155791e+01
1.083428842965589745e+01
1.100009824146912862e+01
1.116541913947569320e+01
9.341882199245077345e+00
1.133216766332573577e+01
1.114342397922950489e+01
1.133112977356192452e+01
1.133208948014780404e+01
1.125805809780175437e+01
1.133318105110516782e+01
1.133065953540281079e+01
1.133236882725477912e+01
1.122554545332728893e+01
8.981079754650433955e+00
1.133303898993698766e+01
1.133240421868737080e+01
1.133197634822123234e+01
1.133294140052175081e+01
1.133129239054706083e+01
1.133288982698413250e+01
1.116570142867485593e+01
1.133319433049370240e+01
1.099925461759534784e+01
1.133134692296330392e+01
1.133301212472237118e+01
1.133076878823375289e+01
1.133304902734526465e+01
1.133303147067253924e+01
1.132974199982928454e+01
1.116319793880802891e+01
1.066637636520589361e+01
1.133290718612626691e+01
9.722008250372409677e+00
1.133297894892166013e+01
1.043561319415312028e+01
1.133220000616159062e+01
9.341072291854700893e+00
1.116371600699504363e+01
1.117232804793251333e+01
1.133275101262462492e+01
1.133090810234972245e+01
1.004436529415482937e+01
1.116658637120628583e+01
1.083286873472056655e+01
9.723232457604582990e+00
1.025987548054724385e+01
1.099820192838985378e+01
1.099850038154880849e+01
1.133197237738422025e+01
1.133204643634947573e+01
1.099554695021192963e+01
1.133165750515223458e+01
1.133301895142771443e+01
1.133314482754571628e+01
1.133101992314249529e+01
1.133045408643517504e+01
1.099527880647651301e+01
1.132805694281054798e+01
1.099927341799897640e+01
1.000846438311462272e+01
1.088333585046997776e+01
1.133289685556517057e+01
1.133133667475987139e+01
1.133314175681655023e+01
1.133165160578179176e+01
1.133279736806257887e+01
1.133277472360086691e+01
1.133240000365649358e+01
1.099989727241901249e+01
1.133188094870327234e+01
1.133180322023804543e+01
1.083556940556076498e+01
1.133161881768778834e+01
1.133025485627804407e+01
1.124971435871698233e+01
1.124914310578981613e+01
1.133149124167237076e+01
1.133125774684394571e+01
1.133302995187285056e+01
1.133268355644221614e+01
1.116599499151831942e+01
1.133224575562690362e+01
9.501241727515209234e+00
1.133320663802419581e+01
1.099969711729572275e+01
1.099963014974759012e+01
1.042906613237090774e+01
9.831320156576866864e+00
9.203710660860780379e+00
1.133299136918342853e+01
1.099958231148789523e+01
1.133162003403308304e+01
1.133154548074712586e+01
1.133141200325864517e+01
1.132966288423840240e+01
1.133175654449441083e+01
1.133139168496868798e+01
1.133073602043248940e+01
1.125275703527636217e+01
1.133101177828342898e+01
9.509471087800777767e+00
9.993428148409131850e+00
1.133138317746045054e+01
1.109002299441345585e+01
1.133151539037223188e+01
1.133302744824771757e+01
9.988930489556425485e+00
1.133259379878877837e+01
1.133301021216866999e+01
1.116611620889950274e+01
1.133272592164519388e+01
1.116666438083740687e+01
9.994956377469067732e+00
9.164608108698855560e+00
1.133214639982183769e+01
9.533252304978303115e+00
1.116598777214296412e+01
1.133260966998600949e+01
1.133262701172161258e+01
1.133250630403913917e+01
1.133186683788032667e+01
1.133220579849627718e+01
1.003464612490449426e+01
1.133118419648658382e+01
1.133306050278447863e+01
1.133145900353880009e+01
1.133271493603505675e+01
1.133132267453961539e+01
1.133274356976510866e+01
1.124971435871698233e+01
1.133309589994080824e+01
1.066584725628413644e+01
1.116608858236006085e+01
1.133288710346816508e+01
1.133148069793112889e+01
1.133314869256996005e+01
1.099921276523385316e+01
9.996738292890915645e+00
1.133303017237730259e+01
9.602275321391786633e+00
1.133185121330731349e+01
1.133264888359273392e+01
1.133102520171290983e+01
1.133270985128712205e+01
1.038276152824286669e+01
1.099876400030845147e+01
1.133227447575016633e+01
1.124484175306252709e+01
1.133308277181843771e+01
1.133303802260490656e+01
1.133095944835738678e+01
1.133291898147855647e+01
1.133250880662624382e+01
1.099648010318718505e+01
1.133314773215373705e+01
1.127996267840728883e+01
1.133267019799401965e+01
1.083270796332426222e+01
1.074716946626648806e+01
1.116506735795889682e+01
1.133275163881384984e+01
1.133209396398146573e+01
1.133278066882130375e+01
1.132949792704779313e+01
1.133165952215738237e+01
1.133265783361337675e+01
1.099854214855541912e+01
1.133311234057641670e+01
1.099979133876432336e+01
1.083353047403102920e+01
1.133266881876726728e+01
1.133312376403703858e+01
1.124321553057047574e+01
1.066050695078020993e+01
1.133079877173747008e+01
1.116606440266443911e+01
1.133286442000642857e+01
1.133107778734036764e+01
1.133319662157119900e+01
1.133292582109378444e+01
1.133232746766658749e+01
9.443112714721607404e+00
1.099794658127957980e+01
1.133112321113333287e+01
1.133234189620032595e+01
1.133302744824771757e+01
1.133295464156646482e+01
1.133299245555402912e+01
1.133315507805991196e+01
1.132843074424748941e+01
1.133060182427760054e+01
1.047501835645046242e+01
9.317154848134634904e+00
1.133291580772073104e+01
1.133243093461397955e+01
1.133160407143791915e+01
1.133061367372430084e+01
9.333292905813513229e+00
1.133302546082220097e+01
1.133283602122384437e+01
1.133306555481433264e+01
1.115775583522466441e+01
1.133210598983929707e+01
1.116671152150413349e+01
1.132915272883093039e+01
1.133085746053784604e+01
9.831844018130249552e+00
1.133183733891585021e+01
1.132890021385849799e+01
1.090535266825221328e+01
1.133191103542228895e+01
1.049957802523184647e+01
1.133200165313559715e+01
1.083275317719594533e+01
1.133083111209178107e+01
1.133145392540110130e+01
1.116629506590263077e+01
1.133181943978902417e+01
1.025398217241326471e+01
1.133302034717145368e+01
1.133180014890679033e+01
1.133147737342688899e+01
1.133212883753161293e+01
1.133300611154846393e+01
9.554564147149140041e+00
1.133143732224225886e+01
1.133318144541956762e+01
9.616379446840838341e+00
1.133139749023834675e+01
1.107095533440779001e+01
1.133075244538815163e+01
9.623694243550794170e+00
1.133303074415001532e+01
1.133230413515054735e+01
1.133052068318921357e+01
1.099357659303221979e+01
1.133263417089990810e+01
1.099617632056629901e+01
9.594532982793253950e+00
1.100006781430924896e+01
1.098315384823372298e+01
1.116515946997126107e+01
1.133156309593596767e+01
1.133248198640920457e+01
1.015774475283752132e+01
1.133078973735489470e+01
1.098604855224956722e+01
1.133157436642529348e+01
1.125943379292559854e+01
1.116319793880802891e+01
1.133219644488093891e+01
9.916243211425184612e+00
9.605985400530542506e+00
1.108201688851847599e+01
9.537639659753887500e+00
1.132965766536646690e+01
1.133320015339595166e+01
1.133223244468137025e+01
1.106478928808961015e+01
1.133227533783554897e+01
1.133147661502636083e+01
1.133300434397465217e+01
1.133146101256953564e+01
9.600544416510203405e+00
1.133083423679079260e+01
1.099915947890439050e+01
1.133043736723894312e+01
1.006072603985330183e+01
1.133030012110173956e+01
1.116543716180139256e+01
1.133193618433284300e+01
1.005360004219630632e+01
1.133138548024723136e+01
1.091254814593546918e+01
1.083254079534821734e+01
1.133275179454209791e+01
1.133075940774718404e+01
1.099987696814092075e+01
9.679122702584331606e+00
9.413240504877260051e+00
1.132955575162467987e+01
1.133268070586441745e+01
9.491807124465298173e+00
1.133129853996214287e+01
1.124359023788168344e+01
1.133190667485883374e+01
1.133320729330582388e+01
1.133280561985060331e+01
1.133169364936777157e+01
1.133109437919078033e+01
1.049855472166465731e+01
1.133278862607985360e+01
1.133304200849442722e+01
1.133299177835564997e+01
1.133045636940751955e+01
1.133249128434803765e+01
1.081538697933844873e+01
1.133320454069356309e+01
1.117205543720561600e+01
1.133303347273185580e+01
1.132906204095600344e+01
1.133170599428887471e+01
1.133169193406518538e+01
1.133260789067353969e+01
1.133299177835564997e+01
1.133239114527208002e+01
1.133318046593124251e+01
1.133310437778393798e+01
1.000157401566781523e+01
1.115740958686477313e+01
1.133273948023448341e+01
1.133159269602720087e+01
1.124869057027556174e+01
1.131427657758672112e+01
1.133147217186480837e+01
1.133298084953966445e+01
1.133132926469044399e+01
1.099853039409151911e+01
1.133318695202159709e+01
1.133175657621864474e+01
1.133278289938911598e+01
1.133257057753680996e+01
1.133303773477192422e+01
1.047262221910982660e+01
1.132923983269061274e+01
9.419687206985438266e+00
1.133106383139191919e+01
1.133183341678906508e+01
1.133085746053784604e+01
1.091600192502025912e+01
1.124957775919990510e+01
1.133318410973514112e+01
1.133291015517667155e+01
9.771262519606992214e+00
9.833868945366306846e+00
1.133098142372868899e+01
9.641451218745038076e+00
1.133209701016509463e+01
1.133288126522051797e+01
1.124823387885139425e+01
1.115838908789095818e+01
1.133167695501064998e+01
1.133224580064759834e+01
1.132916928021692371e+01
1.114416644678012958e+01
1.133319709662223040e+01
1.133110129912954633e+01
1.116644330321032541e+01
1.133305604659130061e+01
1.133313231212806471e+01
1.133275860689175829e+01
1.122545862642820502e+01
1.133293137778861670e+01
1.116619269554152361e+01
9.664567022203820912e+00
1.083270555915625089e+01
1.133320252611442314e+01
9.998264716256958451e+00
1.133285253488902811e+01
1.116666447312127985e+01
1.133206870689984669e+01
1.132962607433063340e+01
1.133186779688423584e+01
1.116684737746946254e+01
1.133113489520077444e+01
1.133315803200011196e+01
1.119851026097595081e+01
1.099965393755149101e+01
1.133259791756363200e+01
1.083323230304718798e+01
1.133288719169837222e+01
9.327805815679713675e+00
1.133310940425213609e+01
1.133305546348770143e+01
1.133295077357104041e+01
1.098939977417018099e+01
9.334642579465999290e+00
1.133283634841438392e+01
1.133312135005968280e+01
1.083359304519498068e+01
1.133288982698413250e+01
1.116542706430866438e+01
1.133268485553431404e+01
1.124951259465306919e+01
1.133184394289163599e+01
9.718760842079202433e+00
1.133164777358937947e+01
1.132944641330193569e+01
1.032668611415042648e+01
1.083372947801481168e+01
1.083271241430786347e+01
1.133151828718600385e+01
1.083031477026102962e+01
1.133131782738515803e+01
1.133290738948631926e+01
1.133240390508138518e+01
1.133103801787976472e+01
1.133170934470659397e+01
1.133147384882881958e+01
1.132805694281054798e+01
1.066548787599375459e+01
1.133279845809566488e+01
1.133133910391981836e+01
9.660176474857209428e+00
1.133143617459347752e+01
1.133113489520077444e+01
1.083247973889851146e+01
1.099818899643721792e+01
1.049865140350876480e+01
1.133320478035064127e+01
1.116641674262158013e+01
1.083134604690701330e+01
1.133313507432029787e+01
1.133297735887933300e+01
1.133307727890454508e+01
1.133284755783879660e+01
1.133076800117694560e+01
1.133320037553522930e+01
1.117232804793251333e+01
1.125005877493990702e+01
1.133311216726200854e+01
1.133205767327311797e+01
1.121340435322136031e+01
1.116646036786950447e+01
1.109928890452137296e+01
1.133311325235402123e+01
1.133053566761911490e+01
1.133297361253542768e+01
1.133300177822657773e+01
1.133222472134201730e+01
1.116606019427441332e+01
1.124867644268989864e+01
1.133313507432029787e+01
1.133250968902611078e+01
1.115403741003214932e+01
1.124978587717305878e+01
1.133314024959847366e+01
1.090189113122735698e+01
1.133175564570503546e+01
9.615476674034711735e+00
1.133187884912651633e+01
1.116661485054805603e+01
1.133235767440882569e+01
1.133318144541956762e+01
1.133303458372112260e+01
1.020744471775630302e+01
9.595025120192222090e+00
1.099985076784139437e+01
1.133154756412306341e+01
1.133088404073383337e+01
1.133240821491120620e+01
1.099944059335743773e+01
1.102120380696385205e+01
1.099966988824812120e+01
1.133219921101907879e+01
1.049111414548461241e+01
1.099900583883562888e+01
1.133217555456993786e+01
1.133131411797332611e+01
1.133265861234796645e+01
1.133161930603814227e+01
1.133102806234304438e+01
1.133167695501064998e+01
1.100024845649835825e+01
1.133083111209178107e+01
1.133126665907016495e+01
1.114199548225295011e+01
1.133209648446898932e+01
9.499424216402667653e+00
1.133172058233687451e+01
1.133247178930432497e+01
1.133118071340604160e+01
1.099967432096137010e+01
1.133163467709721317e+01
1.133278128221548720e+01
1.124610427277025160e+01
1.083340850083981621e+01
1.099874655110424371e+01
1.133255422945464375e+01
1.132883338854662902e+01
1.133315371455673670e+01
1.133278862607985360e+01
9.492291337365113435e+00
1.116581943370258934e+01
1.133230974719535133e+01
1.133043744575600620e+01
1.133190768973200768e+01
1.132962857461981088e+01
1.133218299971742660e+01
1.133253323209098085e+01
1.109311620598057857e+01
1.133310063893609509e+01
1.099956536001476515e+01
1.133105659387723030e+01
1.079407047225513949e+01
9.707156564146282918e+00
1.133218230431635654e+01
1.133237905141884205e+01
1.133308904679488016e+01
1.133270074753886014e+01
1.116608914870909430e+01
1.083330014209014536e+01
1.083264599634204117e+01
1.133233168493387488e+01
1.116621505847051665e+01
1.116590215916168027e+01
1.133286590336432376e+01
1.021023556942956390e+01
1.133319032982727848e+01
1.133312585180176946e+01
1.133128048145291622e+01
1.133165420867446826e+01
1.133299865199394674e+01
1.133319353383687655e+01
1.116670629142363502e+01
1.133229723992443105e+01
1.133202763952207093e+01
9.417425866476976992e+00
1.083300158280722592e+01
1.066668733650703516e+01
1.133141511044983218e+01
9.416662392579926433e+00
1.031149529673526288e+01
1.013245813774307713e+01
9.332586561659487856e+00
1.133297963507979667e+01
1.060211274128185011e+01
1.133108523472855644e+01
1.133001503946964661e+01
1.133169053763426604e+01
1.133237815000831006e+01
1.083272353751538475e+01
1.049933699390139452e+01
1.133086595737957758e+01
1.011495950522312981e+01
1.083290095839592304e+01
1.133279736806257887e+01
9.588316328495366747e+00
1.133281115961421293e+01
1.115804666501570352e+01
1.133190847568131332e+01
1.133138548024723136e+01
1.133103870887219600e+01
1.133309875086010798e+01
1.133075343866327067e+01
1.046063344627024883e+01
1.132981357243915177e+01
1.099982592959803185e+01
1.087739243974533210e+01
1.083424127687069571e+01
1.133231869278351134e+01
1.083335410850165914e+01
9.540311394398903744e+00
9.785381284226135179e+00
1.133116291590068592e+01
1.133154694213223301e+01
9.673445475402466798e+00
1.099940555493942540e+01
9.341319930905445545e+00
1.099591011111393790e+01
1.133246453532975373e+01
1.133312106217240611e+01
1.083463599332776717e+01
9.532309155939200807e+00
1.133239523348470712e+01
1.133191546004863426e+01
1.133319762843449041e+01
9.840372594540909290e+00
1.133318261865465004e+01
1.124575068415000345e+01
1.126180200419148036e+01
8.995664759313468650e+00
1.133159092356053677e+01
1.122545862642820502e+01
1.133278128221548720e+01
1.116400882439638131e+01
9.348653310517084591e+00
1.050005654832125757e+01
1.116686001735989464e+01
1.099808302438234797e+01
1.133263531389544809e+01
1.126076688938752213e+01
9.675676492274273954e+00
1.099987995983399891e+01
9.673445475402466798e+00
1.133311351028178215e+01
1.133316385942877069e+01
1.116120366678595310e+01
1.133235006260322919e+01
1.132938697914762471e+01
1.133186683788032667e+01
1.104856889641629714e+01
1.116581943370258934e+01
1.133277080570610273e+01
1.133305271933646807e+01
1.133316529791653515e+01
1.133045636940751955e+01
1.133312455894026272e+01
1.116529583965897388e+01
1.133272850746376648e+01
1.132944475508482363e+01
1.116603527316644318e+01
1.133201917886473531e+01
1.133138428619858118e+01
1.133034904777320762e+01
1.133085269748517732e+01
1.133281415130323744e+01
1.133268452237461332e+01
9.827758503021559733e+00
9.926379453271408693e+00
1.133259791756363200e+01
1.116617674453791054e+01
1.121340435322136031e+01
1.133253723254683365e+01
1.133310056275552746e+01
1.133250580275599795e+01
1.133265680052824820e+01
1.133291313306044934e+01
1.099945564040602619e+01
1.099977884548919782e+01
1.083286162190159985e+01
1.104208275033430908e+01
1.116676378409469272e+01
1.099883720462641890e+01
1.133311962308401100e+01
1.040137421428344311e+01
1.133312083523479785e+01
1.115403741003214932e+01
1.132890275992623685e+01
1.100042736081856454e+01
1.083308518351201144e+01
1.100037846498763550e+01
1.133229621469292958e+01
1.133302154649332927e+01
1.125306486149441021e+01
1.116715547683354437e+01
1.116635601381819320e+01
1.133212129598310369e+01
1.133312435939953033e+01
1.116204561718641131e+01
1.133318549819687782e+01
9.996660134283946064e+00
1.133308125422339074e+01
1.133196291799655953e+01
9.554564147149140041e+00
1.133307727890454508e+01
1.115962379086357181e+01
1.008491661830079700e+01
1.132972500933073690e+01
1.012683173205453180e+01
1.133242545618930741e+01
1.133312209568801521e+01
1.116612781950807332e+01
1.133253068066786540e+01
1.024700161936545584e+01
9.478765331473626432e+00
1.133302320330513879e+01
1.110269548005820006e+01
1.133293862898146998e+01
1.116686437453075520e+01
1.133220129445783542e+01
1.132904415183217317e+01
1.133307977084367657e+01
1.133298618599887675e+01
1.116715547683354437e+01
1.133109716600635153e+01
1.133207909815938486e+01
1.133012105723855534e+01
1.133303271095518028e+01
1.133171134175225170e+01
1.133112977356192452e+01
1.133317078848606130e+01
9.337115959529127096e+00
1.133269587520476840e+01
1.099924844624595366e+01
1.133310553482856520e+01
1.116576821037673461e+01
1.133037051654019223e+01
1.133310832648147581e+01
1.133227645549387219e+01
1.089754834787362014e+01
1.002811542913350173e+01
1.097364030369746679e+01
1.133300002508607918e+01
1.133048610679612977e+01
1.099580073994368767e+01
1.124924685836629834e+01
1.099537031421005118e+01
9.360349045117608568e+00
1.116584192428422639e+01
1.133318585003756951e+01
1.133230786990922745e+01
1.133309588450177685e+01
1.025886794041341332e+01
1.133129290848746962e+01
1.133115510106108914e+01
1.133279180486450777e+01
1.038501383075020357e+01
1.133317871946173128e+01
1.132980061903257329e+01
1.133136564785680100e+01
1.133281659771009764e+01
1.083311526219005394e+01
9.995319251482166933e+00
1.099911019520021505e+01
1.099764911081949492e+01
1.133255037841837343e+01
1.133110325600500801e+01
9.653397174982073281e+00
1.133227649841856888e+01
1.133302679871501084e+01
1.091594137041401069e+01
1.133306505597675695e+01
1.133247816823468135e+01
1.133230178842955738e+01
9.554564147149140041e+00
1.133129852088023704e+01
1.133211855064879003e+01
1.132709795737403979e+01
1.133228099039014758e+01
1.133128521949035772e+01
1.133303303553580577e+01
1.133229621469292958e+01
1.133276407166359867e+01
1.099791934779972813e+01
1.133269399172185388e+01
1.099922597127199353e+01
1.133308271779899457e+01
1.132988202742726891e+01
1.133173732659943234e+01
1.083328991286366261e+01
1.133118811355003430e+01
9.527691148957147860e+00
1.099918371776619885e+01
1.133317550362145631e+01
1.133182129730751875e+01
1.049586525169739915e+01
9.590879405122050727e+00
1.131767696714866567e+01
1.133196795114017164e+01
1.053845628236295084e+01
1.133306810971891565e+01
1.133239213469394180e+01
1.133313364596261685e+01
1.133066399132828472e+01
1.133212883753161293e+01
1.133170988675782276e+01
1.116208766929527307e+01
1.133253376584443295e+01
1.133316657903532310e+01
9.508514684773485826e+00
1.043999509803229486e+01
1.116583569607429105e+01
1.099820571799785718e+01
1.133294862367606726e+01
1.133045636940751955e+01
9.478765331473626432e+00
1.116627658475042750e+01
1.099939948157290281e+01
1.133315812271349543e+01
1.133293001800944211e+01
1.133275372338714249e+01
1.099920364848743226e+01
1.133081259155869702e+01
1.133309663450355664e+01
1.133210157583098088e+01
1.133057130618623809e+01
1.133165249341998759e+01
1.133240681936320726e+01
1.124480099981428616e+01
1.124766582739506404e+01
1.133317687291645903e+01
9.488183787195497487e+00
9.827758503021559733e+00
1.099810534524767824e+01
1.133106383139191919e+01
1.116673497825437700e+01
1.133295936517876790e+01
1.116541585871373243e+01
1.133317495813570019e+01
1.099908070394662651e+01
1.133315151618819172e+01
1.133072874767364802e+01
9.832227496054125382e+00
1.100013171795673905e+01
1.054312627167172600e+01
1.133108290428391740e+01
1.133278558779353951e+01
1.133064180499696505e+01
1.133116402847642412e+01
1.133250017768198425e+01
1.099647912453999510e+01
1.116616916122358383e+01
1.133302006786358263e+01
9.833170366876476720e+00
1.118680551620298935e+01
1.133267818703501462e+01
1.133243580223898661e+01
1.133318451512011471e+01
9.513102404730569006e+00
1.133137070815988956e+01
1.133281281237043459e+01
1.116568922529169505e+01
1.133320729330582388e+01
1.133094226472488941e+01
1.133274004131008184e+01
1.133114471171654891e+01
1.133251490983964693e+01
1.133315260563403015e+01
1.099872028890680120e+01
1.125323836501843111e+01
1.133303624038960500e+01
1.133221727331076067e+01
1.133320587606185725e+01
1.133188176153718452e+01
1.133288089313668401e+01
1.133308377780467602e+01
1.133280511619760134e+01
1.133226382250352771e+01
1.133257875358882671e+01
1.133145947912945850e+01
1.133231886319666337e+01
9.634295635380251355e+00
1.133113741612598169e+01
1.133262947375904517e+01
1.133314344266613283e+01
1.133125064783877534e+01
1.032668611415042648e+01
1.133180555646866594e+01
1.083334613404929314e+01
1.133289790003541420e+01
1.133208074231171558e+01
1.133131797996466794e+01
1.133230788013129775e+01
1.114342397922950489e+01
1.133102785380524580e+01
1.133221549545980089e+01
1.083322064329468937e+01
1.133220589184707983e+01
1.083767051411222937e+01
9.960322574933336170e+00
1.133283463936386504e+01
1.099056845854581610e+01
9.737535426177855058e+00
1.044961162100160657e+01
9.395222767103300399e+00
1.108254244646958853e+01
1.074813789417228449e+01
1.133291493461048383e+01
1.133158920877393250e+01
1.133305149065785677e+01
1.043999509803229486e+01
1.108055077902620411e+01
1.133253937491578434e+01
1.133087603740823823e+01
1.133320393277217697e+01
1.133313228218397306e+01
1.133132503987522455e+01
9.331251805578885339e+00
1.116599688872327789e+01
1.133209886588639392e+01
1.133273073390345331e+01
1.133045636940751955e+01
1.132933079179485958e+01
1.133306425279070417e+01
1.116480488815833993e+01
1.133125841815030554e+01
1.133316496790295069e+01
1.099975168477835119e+01
1.133318041563318879e+01
1.116650188939168409e+01
9.673567896230220953e+00
1.083342336610736822e+01
1.133184112984794645e+01
9.332586561659487856e+00
1.100028627462208597e+01
1.116763259154842025e+01
1.132964943295127824e+01
1.133191893527926553e+01
1.133173139481217184e+01
1.132745720079342000e+01
1.099972851040689825e+01
1.116682735112567570e+01
1.116584192428422639e+01
1.099908529958445946e+01
1.132560069878102382e+01
1.133132446081074285e+01
1.116378890418754999e+01
1.133111205071871197e+01
1.009259517526506933e+01
1.116618521106865103e+01
1.083288064859626765e+01
1.124882124815516882e+01
9.458251588052304371e+00
1.133320731847548224e+01
1.047347319559843370e+01
1.117097165065904640e+01
1.133313657459088475e+01
1.133258060030825121e+01
1.133233146836755978e+01
1.133100278183991705e+01
