9.206827686457705440e+00
9.509791689850226604e+00
9.375138345918221816e+00
8.512096915857433999e+00
8.633235337077922011e+00
9.481427549946891631e+00
9.225116286846946068e+00
9.525619151656911754e+00
9.332817039346448240e+00
8.327296706589701003e+00
9.506207514046618456e+00
9.504096841882150315e+00
8.739923445664656398e+00
9.466370340627953794e+00
9.119472077381995945e+00
9.396368945967633834e+00
9.331644101402178038e+00
8.222189734695117380e+00
9.408252925945680190e+00
9.460597864641416166e+00
9.240551492121289456e+00
8.327296706589701003e+00
9.527965046350093559e+00
9.338631317610417426e+00
9.333055375713081858e+00
9.498662949259022881e+00
9.538225056794928491e+00
9.281887264255841430e+00
9.032642198774119890e+00
8.880628725985657113e+00
7.866853772615203688e+00
9.326668767369367785e+00
9.489669089287536607e+00
9.496076822348253899e+00
9.524266218024962427e+00
9.333175669187655288e+00
9.508675584723384588e+00
9.338631317610417426e+00
8.398536651814971776e+00
8.578921268094548580e+00
9.235031538315565669e+00
9.524143063603244030e+00
9.525619151656911754e+00
8.249707628367431766e+00
9.334335904039559040e+00
8.327296706589701003e+00
8.516401390842952779e+00
9.496273175376837017e+00
8.697683913698226021e+00
9.153030382282917543e+00
9.511216898088639127e+00
9.489669089287536607e+00
9.240551492121289456e+00
8.512096915857433999e+00
9.336383634142855215e+00
8.272952209105836729e+00
9.499850363797841979e+00
8.826333052399760959e+00
9.281887264255841430e+00
7.201407399161083411e+00
9.206827686457705440e+00
9.524143063603244030e+00
9.445632697967260683e+00
9.541832647832308112e+00
9.331644101402178038e+00
9.369414134654119763e+00
9.408252925945680190e+00
9.539652135912787045e+00
9.504233688865289409e+00
8.872215936947693393e+00
9.541087043566427894e+00
9.500252334381809050e+00
7.873919458223467061e+00
9.489669089287536607e+00
9.509791689850226604e+00
8.739923445664656398e+00
9.351787113268475338e+00
8.249707628367431766e+00
9.399046806644948404e+00
9.465267103085860612e+00
9.541087043566427894e+00
7.866853772615203688e+00
9.360322387969663538e+00
9.206827686457705440e+00
9.375138345918221816e+00
9.467106026426428400e+00
8.633235337077922011e+00
9.489372251582887330e+00
9.499126286205425984e+00
8.222189734695117380e+00
8.662515275766308420e+00
9.284704573796735971e+00
9.491028922473553564e+00
9.460597864641416166e+00
9.494889865444473998e+00
9.475666544663669200e+00
8.272952209105836729e+00
9.080835036868277754e+00
9.461999848103401334e+00
9.506650755999080715e+00
8.512096915857433999e+00
9.524143063603244030e+00
9.523576354065459881e+00
9.453598623553480351e+00
9.234787490172408297e+00
9.518757807022701911e+00
9.465267103085860612e+00
9.514762263272984910e+00
8.017416255501903066e+00
9.333055375713081858e+00
8.426178823334886658e+00
9.500252334381809050e+00
8.512096915857433999e+00
8.739923445664656398e+00
8.994577606700699945e+00
9.430987446017075726e+00
9.410921973138790975e+00
9.351787113268475338e+00
9.538751250022221129e+00
9.508675584723384588e+00
9.109949023459332551e+00
8.426178823334886658e+00
9.511216898088639127e+00
9.390614742904155321e+00
9.206827686457705440e+00
9.240551492121289456e+00
9.506207514046618456e+00
8.884285364624188830e+00
9.390773935080774848e+00
9.495272431250656453e+00
9.516086044237754393e+00
9.511216898088639127e+00
9.375138345918221816e+00
9.498325862558923305e+00
8.102916080353574912e+00
8.788590007268563653e+00
9.466370340627953794e+00
9.497887057162454738e+00
9.398958208834308437e+00
9.225116286846946068e+00
7.866853772615203688e+00
9.496076822348253899e+00
7.950955878760469275e+00
9.523576354065459881e+00
9.430987446017075726e+00
9.491433311277260643e+00
8.327296706589701003e+00
9.333175669187655288e+00
9.415709550882798595e+00
9.539652135912787045e+00
8.512096915857433999e+00
9.394510414013668154e+00
9.524143063603244030e+00
8.045996285660386604e+00
9.369186642600565662e+00
9.503778363937772866e+00
9.483427293404959713e+00
9.419950136993897161e+00
9.461999848103401334e+00
8.826333052399760959e+00
9.206827686457705440e+00
9.375138345918221816e+00
8.498739613064582699e+00
8.336392028401489185e+00
9.408252925945680190e+00
9.539652135912787045e+00
9.465447063829198981e+00
9.503381227175800916e+00
9.430608247232886043e+00
9.504233688865289409e+00
9.240551492121289456e+00
9.496076822348253899e+00
9.541832647832308112e+00
9.369414134654119763e+00
9.415583464261949587e+00
9.508675584723384588e+00
9.333055375713081858e+00
9.438173959263464141e+00
8.078629544573342258e+00
9.483427293404959713e+00
8.426178823334886658e+00
9.235031538315565669e+00
7.866853772615203688e+00
8.512096915857433999e+00
9.526678006280123512e+00
9.407650863969028165e+00
9.225116286846946068e+00
9.234787490172408297e+00
8.249707628367431766e+00
9.399046806644948404e+00
9.498154944742633887e+00
9.489669089287536607e+00
9.240551492121289456e+00
9.442064259181950803e+00
9.524143063603244030e+00
9.506207514046618456e+00
9.523576354065459881e+00
8.222189734695117380e+00
9.408252925945680190e+00
9.508675584723384588e+00
9.541087043566427894e+00
9.489669089287536607e+00
9.240551492121289456e+00
9.442064259181950803e+00
9.497887057162454738e+00
9.528556052362349149e+00
9.536575633066501467e+00
8.045996285660386604e+00
8.697683913698226021e+00
9.144875735841537789e+00
7.859815452763442956e+00
7.950955878760469275e+00
9.466370340627953794e+00
8.249707628367431766e+00
9.408252925945680190e+00
9.399046806644948404e+00
8.045996285660386604e+00
9.335113722178896012e+00
8.017416255501903066e+00
9.460597864641416166e+00
9.235031538315565669e+00
9.500252334381809050e+00
7.859815452763442956e+00
9.466370340627953794e+00
9.541832647832308112e+00
9.453598623553480351e+00
8.336392028401489185e+00
9.451014873471809352e+00
8.808114696165922908e+00
9.353046000936172888e+00
9.541087043566427894e+00
9.240551492121289456e+00
9.467106026426428400e+00
9.318508061299260348e+00
9.416215733207373262e+00
9.528556052362349149e+00
9.508077221775556254e+00
9.369414134654119763e+00
9.234787490172408297e+00
9.507724070023183316e+00
9.102547852403956696e+00
9.496076822348253899e+00
9.495786314881312862e+00
8.222189734695117380e+00
8.398536651814971776e+00
9.424003731756828373e+00
8.578921268094548580e+00
8.826333052399760959e+00
9.497732583238569504e+00
9.538225056794928491e+00
9.541087043566427894e+00
9.102547852403956696e+00
9.375138345918221816e+00
9.496076822348253899e+00
8.512096915857433999e+00
9.225116286846946068e+00
9.518757807022701911e+00
9.481110508457760488e+00
9.460597864641416166e+00
8.716096565967198728e+00
8.426178823334886658e+00
9.206827686457705440e+00
9.467106026426428400e+00
9.524143063603244030e+00
9.466370340627953794e+00
9.408252925945680190e+00
8.398536651814971776e+00
9.465447063829198981e+00
8.987303130855577749e+00
9.507830536973219893e+00
9.541087043566427894e+00
9.240551492121289456e+00
9.509791689850226604e+00
9.442064259181950803e+00
9.524143063603244030e+00
8.633235337077922011e+00
7.672907818750065445e+00
8.739923445664656398e+00
9.466370340627953794e+00
9.518757807022701911e+00
9.500252334381809050e+00
9.240551492121289456e+00
9.488853628806722895e+00
9.467106026426428400e+00
8.633235337077922011e+00
9.536575633066501467e+00
9.332817039346448240e+00
9.333958768882173018e+00
9.419950136993897161e+00
9.334553391021934488e+00
8.426178823334886658e+00
9.500252334381809050e+00
9.467106026426428400e+00
9.497887057162454738e+00
9.334346742747733572e+00
9.501450879871812916e+00
9.494717103316435924e+00
9.491433311277260643e+00
9.351787113268475338e+00
9.498734412777576352e+00
9.235031538315565669e+00
9.102547852403956696e+00
9.525363853023568694e+00
7.859815452763442956e+00
7.950955878760469275e+00
9.523576354065459881e+00
9.119472077381995945e+00
9.453598623553480351e+00
9.493424128303789900e+00
9.497381002239192682e+00
9.511216898088639127e+00
9.240551492121289456e+00
9.509791689850226604e+00
9.496076822348253899e+00
8.662515275766308420e+00
9.331720939857717667e+00
9.442064259181950803e+00
7.672907818750065445e+00
9.361435328100698783e+00
9.407650863969028165e+00
9.511216898088639127e+00
9.360322387969663538e+00
9.240551492121289456e+00
8.512096915857433999e+00
9.194796123277191313e+00
9.497887057162454738e+00
9.334005000171980981e+00
9.351787113268475338e+00
8.249707628367431766e+00
9.518757807022701911e+00
9.360322387969663538e+00
9.489669089287536607e+00
9.430987446017075726e+00
9.539705505536472785e+00
9.514762263272984910e+00
9.460597864641416166e+00
9.369186642600565662e+00
9.475666544663669200e+00
8.578921268094548580e+00
9.203531116319203065e+00
9.541087043566427894e+00
9.102547852403956696e+00
9.360322387969663538e+00
7.950955878760469275e+00
9.442064259181950803e+00
9.505749278367702004e+00
9.225116286846946068e+00
9.369414134654119763e+00
8.045996285660386604e+00
8.017416255501903066e+00
7.950955878760469275e+00
9.526678006280123512e+00
9.491433311277260643e+00
8.222189734695117380e+00
9.498833761516102925e+00
8.826333052399760959e+00
9.538225056794928491e+00
9.486928194005788129e+00
9.337679464116313000e+00
9.174877482314824917e+00
9.240551492121289456e+00
8.662515275766308420e+00
9.467106026426428400e+00
9.234787490172408297e+00
8.249707628367431766e+00
9.338631317610417426e+00
9.460597864641416166e+00
9.518171819448859594e+00
9.461999848103401334e+00
9.028369459070756164e+00
8.426178823334886658e+00
7.950955878760469275e+00
9.225116286846946068e+00
9.536575633066501467e+00
9.495272431250656453e+00
9.508675584723384588e+00
8.045996285660386604e+00
9.460597864641416166e+00
9.515197655035015245e+00
9.311193028004222327e+00
9.109949023459332551e+00
7.866853772615203688e+00
9.240551492121289456e+00
8.222189734695117380e+00
9.496971655181637217e+00
9.499048618618635587e+00
9.539652135912787045e+00
8.578921268094548580e+00
8.272952209105836729e+00
9.412832561931468334e+00
9.541087043566427894e+00
9.496076822348253899e+00
7.859815452763442956e+00
9.505749278367702004e+00
9.351787113268475338e+00
9.465447063829198981e+00
9.430608247232886043e+00
9.507830536973219893e+00
9.504259019678800158e+00
9.013768470960370038e+00
9.109949023459332551e+00
9.516086044237754393e+00
9.235031538315565669e+00
9.332873665253602624e+00
9.493431873996460268e+00
9.351787113268475338e+00
9.509100338390547691e+00
9.408252925945680190e+00
9.339136159661975967e+00
8.697683913698226021e+00
9.541087043566427894e+00
9.102547852403956696e+00
9.496076822348253899e+00
8.102916080353574912e+00
9.225116286846946068e+00
9.491433311277260643e+00
9.351787113268475338e+00
9.508675584723384588e+00
9.465267103085860612e+00
8.398536651814971776e+00
9.489669089287536607e+00
9.122979536350886320e+00
9.333672837207227957e+00
9.465267103085860612e+00
9.203531116319203065e+00
9.498662949259022881e+00
9.144875735841537789e+00
9.463752893478291739e+00
8.872215936947693393e+00
9.486928194005788129e+00
9.541087043566427894e+00
9.511216898088639127e+00
9.489669089287536607e+00
8.512096915857433999e+00
7.950955878760469275e+00
8.102916080353574912e+00
9.524143063603244030e+00
9.466370340627953794e+00
9.528556052362349149e+00
9.351787113268475338e+00
9.541087043566427894e+00
9.505771136869888949e+00
9.442064259181950803e+00
9.524143063603244030e+00
9.399046806644948404e+00
9.508448497487833606e+00
9.527965046350093559e+00
9.203531116319203065e+00
9.461999848103401334e+00
9.529622348870381288e+00
8.426178823334886658e+00
9.505771136869888949e+00
9.225116286846946068e+00
9.524095394683147475e+00
9.465447063829198981e+00
9.501865901091855804e+00
8.272952209105836729e+00
9.203531116319203065e+00
8.648094236414687330e+00
9.518171819448859594e+00
9.500252334381809050e+00
8.102916080353574912e+00
9.523576354065459881e+00
9.505749278367702004e+00
8.739923445664656398e+00
9.234787490172408297e+00
9.335277197079291156e+00
9.469029370412568980e+00
8.697683913698226021e+00
9.138654057762725103e+00
9.498154944742633887e+00
8.739923445664656398e+00
9.416928961357298178e+00
8.884285364624188830e+00
8.249707628367431766e+00
9.504233688865289409e+00
8.697683913698226021e+00
9.334553391021934488e+00
9.369556870304254659e+00
9.540634480649099913e+00
9.102547852403956696e+00
7.859815452763442956e+00
9.225116286846946068e+00
9.541832647832308112e+00
9.469855931938960580e+00
9.518757807022701911e+00
9.508675584723384588e+00
8.045996285660386604e+00
9.514762263272984910e+00
9.475666544663669200e+00
9.496258597606443530e+00
9.528556052362349149e+00
9.351787113268475338e+00
8.327296706589701003e+00
9.514762263272984910e+00
8.017416255501903066e+00
9.330319593749415219e+00
8.892920295056619295e+00
9.419950136993897161e+00
9.138654057762725103e+00
8.249707628367431766e+00
8.920764622758202478e+00
9.159349927662818303e+00
9.399046806644948404e+00
9.333175669187655288e+00
9.369186642600565662e+00
8.272952209105836729e+00
9.497732583238569504e+00
8.793653184014129209e+00
9.413368154575334046e+00
9.109949023459332551e+00
8.426178823334886658e+00
9.235031538315565669e+00
8.947553066575864023e+00
8.327296706589701003e+00
9.532157524800073389e+00
9.495300979228503024e+00
9.504233688865289409e+00
8.697683913698226021e+00
9.153030382282917543e+00
9.511216898088639127e+00
8.947553066575864023e+00
9.416765815388030703e+00
9.509791689850226604e+00
9.488853628806722895e+00
9.496076822348253899e+00
9.523576354065459881e+00
9.119472077381995945e+00
9.320584856112573036e+00
9.331143635124997004e+00
8.426178823334886658e+00
9.500252334381809050e+00
9.206827686457705440e+00
9.541832647832308112e+00
9.536575633066501467e+00
9.525619151656911754e+00
9.338631317610417426e+00
9.500174015153444174e+00
9.514369035897692228e+00
8.032202995896332354e+00
9.541087043566427894e+00
8.947553066575864023e+00
9.102547852403956696e+00
9.489669089287536607e+00
9.375138345918221816e+00
9.332454718356581580e+00
9.442064259181950803e+00
8.249707628367431766e+00
8.327296706589701003e+00
9.408252925945680190e+00
9.509791689850226604e+00
9.496076822348253899e+00
7.859815452763442956e+00
7.950955878760469275e+00
9.321757001176539603e+00
9.225116286846946068e+00
9.536575633066501467e+00
9.412151294848321470e+00
9.524266218024962427e+00
9.352500611831679578e+00
8.662515275766308420e+00
9.467106026426428400e+00
9.442064259181950803e+00
8.739923445664656398e+00
9.536575633066501467e+00
9.507724070023183316e+00
9.530568935547064413e+00
9.518171819448859594e+00
9.506650755999080715e+00
9.013768470960370038e+00
9.360322387969663538e+00
9.194796123277191313e+00
9.453598623553480351e+00
9.491433311277260643e+00
9.351787113268475338e+00
8.249707628367431766e+00
9.399046806644948404e+00
8.078629544573342258e+00
9.347107196158505715e+00
9.334553391021934488e+00
9.489669089287536607e+00
7.950955878760469275e+00
9.347688568294298506e+00
9.442064259181950803e+00
9.322118837362848964e+00
9.334346742747733572e+00
9.407650863969028165e+00
9.411678925513275118e+00
9.463585259801918781e+00
8.045996285660386604e+00
8.947553066575864023e+00
9.332187950357567985e+00
9.524143063603244030e+00
9.343133094792182902e+00
9.453598623553480351e+00
9.351787113268475338e+00
8.670685582791930912e+00
9.408252925945680190e+00
9.333175669187655288e+00
8.892920295056619295e+00
8.947553066575864023e+00
9.466370340627953794e+00
9.536575633066501467e+00
9.351787113268475338e+00
9.501545309284479046e+00
9.531941717520366453e+00
8.045996285660386604e+00
9.333209101269995145e+00
8.892920295056619295e+00
9.174047005465066462e+00
8.947553066575864023e+00
9.102547852403956696e+00
7.950955878760469275e+00
9.442064259181950803e+00
9.225116286846946068e+00
9.536575633066501467e+00
9.491433311277260643e+00
9.234787490172408297e+00
9.415583464261949587e+00
9.465267103085860612e+00
9.541087043566427894e+00
9.488853628806722895e+00
9.496076822348253899e+00
7.859815452763442956e+00
7.950955878760469275e+00
7.672907818750065445e+00
9.506207514046618456e+00
8.045996285660386604e+00
9.412528755180117557e+00
8.398536651814971776e+00
9.541087043566427894e+00
8.947553066575864023e+00
9.489669089287536607e+00
9.496076822348253899e+00
8.662515275766308420e+00
8.102916080353574912e+00
9.524143063603244030e+00
9.225116286846946068e+00
9.453598623553480351e+00
8.327296706589701003e+00
9.489669089287536607e+00
9.467106026426428400e+00
9.524143063603244030e+00
7.672907818750065445e+00
9.541832647832308112e+00
8.327296706589701003e+00
8.045996285660386604e+00
8.578921268094548580e+00
9.461999848103401334e+00
8.826333052399760959e+00
9.500252334381809050e+00
9.505167169143490469e+00
9.375138345918221816e+00
8.662515275766308420e+00
9.505771136869888949e+00
7.950955878760469275e+00
8.739923445664656398e+00
9.430987446017075726e+00
9.375566462538564849e+00
9.525619151656911754e+00
9.502149946040146844e+00
8.102916080353574912e+00
9.442064259181950803e+00
7.988949086966521840e+00
9.527965046350093559e+00
9.334582575575021579e+00
9.475666544663669200e+00
8.578921268094548580e+00
9.504233688865289409e+00
9.346683269082481260e+00
8.947553066575864023e+00
9.502088015117976738e+00
9.509791689850226604e+00
9.375138345918221816e+00
9.225116286846946068e+00
9.524266218024962427e+00
9.436083422839161017e+00
8.578921268094548580e+00
8.078629544573342258e+00
9.503778363937772866e+00
9.489669089287536607e+00
7.672907818750065445e+00
9.436083422839161017e+00
8.920764622758202478e+00
9.408252925945680190e+00
9.508675584723384588e+00
9.465267103085860612e+00
8.045996285660386604e+00
9.352500611831679578e+00
8.398536651814971776e+00
9.206827686457705440e+00
9.328201103563978691e+00
9.509791689850226604e+00
9.351787113268475338e+00
9.333175669187655288e+00
8.045996285660386604e+00
9.438173959263464141e+00
9.203531116319203065e+00
9.504233688865289409e+00
9.530568935547064413e+00
9.416765815388030703e+00
9.206827686457705440e+00
9.225116286846946068e+00
9.508038210186754213e+00
8.398536651814971776e+00
8.999942142567608272e+00
8.032202995896332354e+00
9.419950136993897161e+00
9.334553391021934488e+00
9.385600413553687460e+00
9.541087043566427894e+00
7.859815452763442956e+00
9.467106026426428400e+00
9.523576354065459881e+00
9.496626913141211546e+00
9.225116286846946068e+00
9.493424128303789900e+00
9.351787113268475338e+00
9.524266218024962427e+00
8.926746188522374226e+00
9.541087043566427894e+00
8.947553066575864023e+00
9.206827686457705440e+00
9.240551492121289456e+00
9.509791689850226604e+00
9.466370340627953794e+00
9.369414134654119763e+00
9.234787490172408297e+00
9.518757807022701911e+00
9.369186642600565662e+00
9.119472077381995945e+00
8.249707628367431766e+00
8.222189734695117380e+00
8.045996285660386604e+00
9.333055375713081858e+00
9.475666544663669200e+00
9.430608247232886043e+00
9.493105828243075806e+00
9.153030382282917543e+00
9.529622348870381288e+00
9.509791689850226604e+00
9.375138345918221816e+00
8.662515275766308420e+00
8.512096915857433999e+00
9.332187950357567985e+00
9.442064259181950803e+00
7.672907818750065445e+00
9.351787113268475338e+00
9.508675584723384588e+00
9.338631317610417426e+00
8.947553066575864023e+00
9.321466036527025878e+00
9.501450879871812916e+00
9.527965046350093559e+00
9.333055375713081858e+00
8.398536651814971776e+00
8.272952209105836729e+00
9.504233688865289409e+00
8.892920295056619295e+00
9.419950136993897161e+00
9.541087043566427894e+00
9.206827686457705440e+00
9.375138345918221816e+00
7.950955878760469275e+00
7.672907818750065445e+00
9.523576354065459881e+00
8.739923445664656398e+00
9.501450879871812916e+00
9.412151294848321470e+00
9.234787490172408297e+00
9.235031538315565669e+00
9.360322387969663538e+00
9.489669089287536607e+00
9.453598623553480351e+00
9.411445734964850374e+00
8.017416255501903066e+00
9.475666544663669200e+00
8.578921268094548580e+00
8.078629544573342258e+00
9.383624780966886902e+00
9.541087043566427894e+00
8.426178823334886658e+00
9.521668587166045583e+00
9.206827686457705440e+00
9.509791689850226604e+00
9.375138345918221816e+00
9.466370340627953794e+00
9.430987446017075726e+00
8.222189734695117380e+00
8.516401390842952779e+00
9.541087043566427894e+00
9.489669089287536607e+00
9.206827686457705440e+00
9.332187950357567985e+00
7.672907818750065445e+00
9.492692392449392003e+00
9.407650863969028165e+00
9.436083422839161017e+00
8.045996285660386604e+00
9.539652135912787045e+00
8.426178823334886658e+00
9.206827686457705440e+00
9.496076822348253899e+00
9.524143063603244030e+00
9.482660250872287477e+00
8.994577606700699945e+00
9.071735832424446144e+00
9.499001194779586044e+00
8.017416255501903066e+00
9.333055375713081858e+00
8.426178823334886658e+00
9.235031538315565669e+00
9.489669089287536607e+00
9.524143063603244030e+00
8.633235337077922011e+00
9.526678006280123512e+00
9.333608931312106449e+00
9.351787113268475338e+00
8.249707628367431766e+00
8.808114696165922908e+00
9.541087043566427894e+00
8.426178823334886658e+00
8.947553066575864023e+00
9.496076822348253899e+00
7.950955878760469275e+00
9.524143063603244030e+00
9.330181400304347505e+00
9.536575633066501467e+00
8.808114696165922908e+00
9.514762263272984910e+00
8.947553066575864023e+00
9.496381227203915643e+00
9.467106026426428400e+00
7.672907818750065445e+00
9.526678006280123512e+00
9.491433311277260643e+00
8.884285364624188830e+00
9.509100338390547691e+00
9.408252925945680190e+00
9.416757744232812755e+00
9.235031538315565669e+00
8.512096915857433999e+00
8.739923445664656398e+00
9.491433311277260643e+00
8.808114696165922908e+00
9.465267103085860612e+00
9.527965046350093559e+00
9.301305764132273168e+00
9.460597864641416166e+00
9.514369035897692228e+00
7.866853772615203688e+00
9.489669089287536607e+00
9.500825652940820376e+00
9.524143063603244030e+00
7.672907818750065445e+00
9.496626913141211546e+00
9.541832647832308112e+00
9.453598623553480351e+00
9.495272431250656453e+00
9.408252925945680190e+00
9.500252334381809050e+00
9.496076822348253899e+00
9.442064259181950803e+00
8.739923445664656398e+00
9.500783268296578044e+00
9.353288600613090864e+00
9.518757807022701911e+00
9.122979536350886320e+00
9.539652135912787045e+00
8.578921268094548580e+00
8.512096915857433999e+00
9.467106026426428400e+00
9.442064259181950803e+00
9.524143063603244030e+00
9.333333024521991206e+00
8.739923445664656398e+00
9.453598623553480351e+00
9.369414134654119763e+00
8.398536651814971776e+00
9.203531116319203065e+00
9.541087043566427894e+00
9.489669089287536607e+00
9.496076822348253899e+00
7.950955878760469275e+00
9.442064259181950803e+00
9.501357716207067483e+00
9.491297177189419898e+00
9.465267103085860612e+00
8.045996285660386604e+00
9.527965046350093559e+00
9.488853628806722895e+00
9.496076822348253899e+00
8.633235337077922011e+00
9.494042060235146963e+00
9.234787490172408297e+00
9.495272431250656453e+00
8.462321549244764540e+00
9.465267103085860612e+00
9.527965046350093559e+00
9.333055375713081858e+00
9.496076822348253899e+00
7.672907818750065445e+00
9.506207514046618456e+00
9.508077221775556254e+00
9.469855931938960580e+00
9.518757807022701911e+00
8.017416255501903066e+00
9.333055375713081858e+00
9.460597864641416166e+00
9.430608247232886043e+00
8.426178823334886658e+00
9.360322387969663538e+00
9.206827686457705440e+00
7.859815452763442956e+00
9.442064259181950803e+00
9.194796123277191313e+00
9.225116286846946068e+00
8.222189734695117380e+00
9.430608247232886043e+00
9.203531116319203065e+00
8.426178823334886658e+00
9.521668587166045583e+00
8.947553066575864023e+00
9.199457898430276614e+00
9.250366236772482154e+00
9.485046393660860886e+00
9.351787113268475338e+00
9.525619151656911754e+00
9.524266218024962427e+00
8.222189734695117380e+00
9.498959484491448890e+00
9.489669089287536607e+00
7.950955878760469275e+00
8.102916080353574912e+00
7.672907818750065445e+00
9.119472077381995945e+00
9.541832647832308112e+00
9.453598623553480351e+00
9.369414134654119763e+00
9.333055375713081858e+00
8.947553066575864023e+00
9.489669089287536607e+00
9.496076822348253899e+00
8.739923445664656398e+00
9.351787113268475338e+00
9.508675584723384588e+00
9.539652135912787045e+00
9.369186642600565662e+00
8.272952209105836729e+00
9.507830536973219893e+00
9.511216898088639127e+00
9.240551492121289456e+00
9.332187950357567985e+00
9.442064259181950803e+00
9.384493968548357046e+00
9.469855931938960580e+00
8.336392028401489185e+00
8.006755320945490695e+00
9.408252925945680190e+00
9.333666060112401297e+00
9.102547852403956696e+00
9.489669089287536607e+00
8.739923445664656398e+00
9.488970939905419399e+00
9.217899350816667337e+00
9.490126118272202760e+00
9.529622348870381288e+00
9.306908774656907468e+00
9.523551979099869058e+00
9.508889264358419524e+00
9.102547852403956696e+00
7.950955878760469275e+00
9.347688568294298506e+00
9.225116286846946068e+00
9.351787113268475338e+00
9.332817039346448240e+00
9.419950136993897161e+00
8.697683913698226021e+00
8.814579244437291905e+00
9.448309604870283707e+00
9.235031538315565669e+00
9.499286970666560137e+00
9.496076822348253899e+00
7.859815452763442956e+00
9.505749278367702004e+00
8.739923445664656398e+00
9.344975505612044486e+00
9.466370340627953794e+00
9.399046806644948404e+00
9.508675584723384588e+00
7.950955878760469275e+00
9.524143063603244030e+00
9.385366677777895461e+00
9.119472077381995945e+00
9.408252925945680190e+00
9.465447063829198981e+00
9.203531116319203065e+00
9.339136159661975967e+00
8.697683913698226021e+00
9.138654057762725103e+00
