1.414430810162208374e+01
1.215444877042107663e+01
1.348538459375089360e+01
7.778511077710618338e+00
1.088133364310447604e+01
1.385021760377001421e+01
1.372513380504607028e+01
1.400007035207939055e+01
1.238107709466344808e+01
1.415975563875285026e+01
1.340890166838812370e+01
1.358022743037581037e+01
1.370154385113335138e+01
1.225602161755686659e+01
1.353696311065656133e+01
1.277391565815786123e+01
1.271131118074885791e+01
1.383669203157847605e+01
1.432174087750439639e+01
1.424298474635511624e+01
1.428692194279123839e+01
1.410424864109161724e+01
1.334750255256749085e+01
1.391582716375058126e+01
1.391658722109714574e+01
1.376778487308635412e+01
1.424074643017281083e+01
1.353535391991228565e+01
1.379712410656686927e+01
1.400017688488626888e+01
1.416143402347261926e+01
1.427509587914041411e+01
1.301595047072893507e+01
1.426041603594352480e+01
1.372835623835967489e+01
1.352600053194268881e+01
1.404078711685180991e+01
1.342119390976970905e+01
1.319097741717801320e+01
1.431407915564115463e+01
1.208612055277889752e+01
1.422065544444593499e+01
1.351618497755653792e+01
1.422102058220176701e+01
1.350199892584495487e+01
1.326227280077941906e+01
1.411107384446870050e+01
1.309025218967489046e+01
1.350712553809425032e+01
1.235314973250887149e+01
1.423716878451843648e+01
1.402728060989202419e+01
1.376031098711456835e+01
1.377978961441603367e+01
1.330425032653486994e+01
1.411009313036617385e+01
1.432152225330015050e+01
1.319066974571017958e+01
1.313008385332568650e+01
1.416619612284798002e+01
1.280710198847612169e+01
1.410230925291046589e+01
1.423196906527542893e+01
1.410132804869784451e+01
1.410009552501806063e+01
1.412944720477889149e+01
1.432147931112085182e+01
1.363759293182488364e+01
1.416603177256761725e+01
1.430883408297663095e+01
1.398304291982358549e+01
1.284939703631878061e+01
1.377067460931725229e+01
1.335012178863170185e+01
1.429896184803004644e+01
1.375107876775799554e+01
1.405613663682957437e+01
1.288057702973514296e+01
1.400237719837970118e+01
1.390594938825218918e+01
1.425301219297954880e+01
1.428509460454518987e+01
1.428420507313318133e+01
1.410245525320294924e+01
1.416894725965694590e+01
1.394795252488110648e+01
1.375005991569101838e+01
1.415499974834030184e+01
6.511375664645894012e+00
1.388461101006127940e+01
6.127814182366522644e+00
1.428391139296655865e+01
1.430026213205314889e+01
1.315741396473497282e+01
1.386195165750957337e+01
1.358760509400155314e+01
1.378211183257781869e+01
1.400035497546521945e+01
1.433226576580873335e+01
1.376791217613862983e+01
1.396580220500881708e+01
1.414350846981997023e+01
1.352474314419405310e+01
1.395015727462952881e+01
1.390136127178037739e+01
1.417279380965462465e+01
1.395366333364162337e+01
1.400014998781043829e+01
1.207459336571404762e+01
1.394997622564824624e+01
1.420519364002842977e+01
1.410877360858097695e+01
1.428060286324168260e+01
1.431368103183800855e+01
1.335887390746963277e+01
1.430468404066581201e+01
1.033874393959349547e+01
1.430168052378790478e+01
1.387394005288192744e+01
1.205866743152170706e+01
1.364714558129055888e+01
1.385033171845599753e+01
1.337758777191584159e+01
1.392446783125664389e+01
1.416719647425763640e+01
1.427708837577982059e+01
1.410131450458813696e+01
1.371207587041374509e+01
1.402196606673056323e+01
1.427965851702852973e+01
1.427509587914041411e+01
5.668868946618935034e+00
1.143780739075621256e+01
1.408105547402844593e+01
1.399193509784942435e+01
1.227128969043173079e+01
1.313605672834907701e+01
1.410051506670250809e+01
1.425818907475646391e+01
1.394149507053361958e+01
1.297791299123488606e+01
1.431868452958699223e+01
1.421456106641903361e+01
1.358208007656337202e+01
1.295449729595755173e+01
1.423829062883986651e+01
1.405493008952888090e+01
1.422912742001751418e+01
1.423668751147773648e+01
5.694100012807461475e+00
1.431498127441041035e+01
9.243228641007505075e+00
1.332060596646284978e+01
1.422120992136478357e+01
1.431699915962585834e+01
5.862977173154743760e+00
1.400096014697999358e+01
7.056051728375875243e+00
1.410018444354710709e+01
1.370479843621231275e+01
1.384894913602551014e+01
1.423558450372774509e+01
1.371844712075299633e+01
1.284656553271100776e+01
1.342581484196654174e+01
1.330424620969855454e+01
1.410059771461591893e+01
1.421739915514339714e+01
1.430091560103487325e+01
1.333370963593156944e+01
1.423764717594274742e+01
1.329026505326920216e+01
1.321351049374876574e+01
1.348457688913331509e+01
1.280522302547556990e+01
1.250863482552822248e+01
1.402728060989202419e+01
1.333277016443316754e+01
1.375004681427741282e+01
1.390136127178037739e+01
1.421272900688300567e+01
6.270895690617980911e+00
1.279452336834792803e+01
1.429943238353445523e+01
1.420715813492988389e+01
1.248432870719885557e+01
1.410055322976937475e+01
1.355942716361974476e+01
1.390034888886106224e+01
1.429832700292315906e+01
1.309978176916631476e+01
1.398619415923957199e+01
1.319574006712576342e+01
1.225602161755686659e+01
1.405104874192122466e+01
1.422687566431662987e+01
1.420348668806231629e+01
1.415835155698634473e+01
1.366689534876703505e+01
1.421884553492130010e+01
1.428435960367033175e+01
1.297791299123488606e+01
1.423857800360373815e+01
1.356314829129963329e+01
6.658217390420106518e+00
1.375178653553352248e+01
1.337200407338617758e+01
1.385401461446360827e+01
1.375104985440130001e+01
1.289467161069620005e+01
1.374073673955940578e+01
1.343510682866186556e+01
1.400655518389847742e+01
1.406656700393028814e+01
1.360966148874119597e+01
1.123096993763503271e+01
1.347368316735409088e+01
1.207490191205769037e+01
1.248546657362556012e+01
1.406734260113067947e+01
1.421941474292263052e+01
1.375000031759628527e+01
1.086879383086604989e+01
1.386465799990525127e+01
1.229125185696656075e+01
1.419204188233058517e+01
1.344377585368007288e+01
1.304719519866037913e+01
1.423268310486563948e+01
1.411850337871691963e+01
1.346550923273604283e+01
1.400013605058351551e+01
1.364019931421642262e+01
1.377013795593058454e+01
1.030576561998811513e+01
1.389709630292151665e+01
1.421884553492130010e+01
1.405382227221347513e+01
1.306550305403909462e+01
1.405180932367843027e+01
1.362406924415056508e+01
5.601490723550313966e+00
1.416538856579963479e+01
5.757416589743832525e+00
1.414378958537727371e+01
1.430708736545204829e+01
1.356319542699694303e+01
1.380167759474551126e+01
1.375516471196157653e+01
1.381921682322961153e+01
1.402823598771229641e+01
1.416679789387428912e+01
1.287266967574873178e+01
1.385365762174843951e+01
1.381210761728766201e+01
1.416705014021791698e+01
1.431763292615847583e+01
1.277990844702527085e+01
1.416698906381120437e+01
1.374523726754710751e+01
1.323456586938447899e+01
1.403238202507626298e+01
1.395777608206887876e+01
1.264257456221413278e+01
1.030766218194498407e+01
1.406728294517011690e+01
1.400033340164507933e+01
1.421793119683190731e+01
1.391986922308914743e+01
1.425244619378441868e+01
1.425515608170597304e+01
1.375602537904238076e+01
1.429742653009651576e+01
1.360845053787616266e+01
1.410887646210838930e+01
1.431366094809574108e+01
1.327887370853384041e+01
1.391151236007319625e+01
1.417216496376245516e+01
6.215287834746730411e+00
1.411496834652524157e+01
1.420365393100070328e+01
1.329658074223571518e+01
5.852979627967576981e+00
6.239635113572668423e+00
1.399954795286656406e+01
1.401661810178578271e+01
8.176341078436538012e+00
1.400062153796831410e+01
1.373667826796197389e+01
1.338124578053297498e+01
1.411718819617576592e+01
1.410103513299354816e+01
1.423710386497630687e+01
1.416745843640429570e+01
1.300696373157669328e+01
1.385034956427271879e+01
1.420393526695310449e+01
1.431665832147610118e+01
1.408348054810541328e+01
1.274070783699473530e+01
1.420307488432361076e+01
1.428144291870367333e+01
1.206887354142686242e+01
1.406802678309050236e+01
1.421430810944747236e+01
1.334338776012376826e+01
1.411915188313583869e+01
1.430325234600017126e+01
9.306746989295968220e+00
1.420307488432361076e+01
1.224662605722382835e+01
1.366773720009502036e+01
1.388307218430831469e+01
1.298003918483256491e+01
1.287855573247979635e+01
1.228552069235075095e+01
1.416674961958426593e+01
1.267340562817751248e+01
6.130441234104615944e+00
1.360796055094574086e+01
1.417644382820992099e+01
1.424516563883379305e+01
1.431822541157819728e+01
1.411194840581532972e+01
1.416928265563910649e+01
1.391740492335882351e+01
6.876279618092141277e+00
1.385148803465204992e+01
1.331762449751315458e+01
1.429496768862799705e+01
1.278854991453625090e+01
1.421452219972911379e+01
1.399613883536324010e+01
1.428788485423886456e+01
1.412227827862776941e+01
1.401860318417060647e+01
1.381179643526471601e+01
1.428006628391300481e+01
1.350058367788331815e+01
1.265178100849105114e+01
1.294989154129694597e+01
1.432916016166947770e+01
1.431808996888388918e+01
1.359995757044602982e+01
1.340812283230494728e+01
1.350199892584495487e+01
8.620894985009929457e+00
1.270948440039114757e+01
1.264895987016985757e+01
1.286271380644150852e+01
1.360775991080081582e+01
1.400092852952061051e+01
1.381179643526471601e+01
1.289733104890270354e+01
1.375016049802787776e+01
1.396652699055611535e+01
1.393463292400140574e+01
1.419254940613273774e+01
1.300693147956860329e+01
1.293173846055763399e+01
1.396456847968617154e+01
1.372918279782844664e+01
1.427311192376753191e+01
1.389597682110771260e+01
1.205978984471313709e+01
1.428152137343340833e+01
1.416719374059174008e+01
1.394119994091993320e+01
1.299262133185016488e+01
1.363165663842813657e+01
1.386295037146524933e+01
1.373122023479078813e+01
1.412200766634426152e+01
1.393023978045136779e+01
1.223533578194214755e+01
1.432499730235208446e+01
1.384331781897505209e+01
8.234094372949886775e+00
1.391240163405280583e+01
1.410083719362263110e+01
1.427722203771046949e+01
1.352474314419405310e+01
1.428904707431072296e+01
1.416660405621004060e+01
1.429863252840891086e+01
1.359587418661309144e+01
7.561945418610121372e+00
1.371096676863492370e+01
1.430284355319908940e+01
1.368997954056219868e+01
1.416933312169454240e+01
1.393162942818029926e+01
1.422488497510611083e+01
1.376581441287759766e+01
1.111677924517242744e+01
1.220185942072003904e+01
1.124909610441021357e+01
1.413432019565622966e+01
1.342540244276088401e+01
1.339161175485913802e+01
1.428536197185664491e+01
1.346089479529127786e+01
1.343785262092239741e+01
1.375024691065924465e+01
1.375096779825335958e+01
1.431277710334448017e+01
1.375322255093843893e+01
1.236556877749029226e+01
1.423790330658591685e+01
1.431861054369768027e+01
1.259298006602512388e+01
1.422126283079353648e+01
1.333630310408291564e+01
1.410274908111573033e+01
1.422563493641575860e+01
1.375108890948913398e+01
1.390021744088953426e+01
1.271528842550377547e+01
1.416671096686502729e+01
1.385033171845599753e+01
1.431706402952540458e+01
8.331405792763247220e+00
6.659778752241569677e+00
1.416397197250004325e+01
1.432184294649304590e+01
1.418170906129286912e+01
1.297693499259903938e+01
1.381410011799449933e+01
1.415185355751490803e+01
1.333242432813794132e+01
1.083052325560816342e+01
7.038191832501025758e+00
1.388741361596858148e+01
1.403332335666797270e+01
5.959050182988516298e+00
6.002912157795689652e+00
1.427621984537212896e+01
1.409691972316898045e+01
1.357153188777246378e+01
1.402986864855889770e+01
1.425515608170597304e+01
1.259254408745036002e+01
1.427924745858885025e+01
1.320809915998454542e+01
1.423908190536859131e+01
1.241305944191798361e+01
1.400792129849542000e+01
1.320774563152556169e+01
1.421973544712116855e+01
1.391509592991063471e+01
1.420993556474705954e+01
1.297366932564454345e+01
1.428867413573126122e+01
1.383140643526233760e+01
1.427696242515686365e+01
1.417080465639651266e+01
1.361423103414186286e+01
1.427954221917630662e+01
1.416629443091558471e+01
1.347068883390565475e+01
1.384014970868421202e+01
1.373737698967093301e+01
1.330899215864947749e+01
1.416193306380100125e+01
1.403217316246720614e+01
1.415621263053998291e+01
1.400080308571175181e+01
5.818590261665574914e+00
1.357011856114654869e+01
1.390209463099865062e+01
1.376929833541367287e+01
9.019998128599400644e+00
1.304870028720699082e+01
1.414419730231592354e+01
1.361423103414186286e+01
1.220344455915089910e+01
1.342393523176226822e+01
1.421793023291002100e+01
1.329684972967152490e+01
1.424008430914504864e+01
1.279823240261088912e+01
1.428421207705152618e+01
6.160389594897755394e+00
1.307547119098661703e+01
1.400040885853417905e+01
1.357022076860593707e+01
1.413937898057263709e+01
1.431991672532121385e+01
1.226554014295586370e+01
1.430420889325369771e+01
1.428590114681753320e+01
1.428448187256200441e+01
1.403764025136164761e+01
1.428191042284419154e+01
1.425605269451519774e+01
1.405500442707742081e+01
1.316433069003186063e+01
1.347329941848247614e+01
1.360204432196986524e+01
1.120232410711480142e+01
1.406891304065970161e+01
1.355436300972190367e+01
1.390222437062806193e+01
1.423854220209067378e+01
1.429873304551562541e+01
1.384445846767306065e+01
1.420966975717928804e+01
1.421510231935967639e+01
1.416253649463340203e+01
1.375909274138081884e+01
1.428440973420546101e+01
1.393940955283524374e+01
1.391262355886734170e+01
1.298967842811237716e+01
1.285175814207779155e+01
1.084224979650691623e+01
1.260342001952674984e+01
1.379589519302178857e+01
1.415784714231369179e+01
1.361367562462844205e+01
1.325494899453414988e+01
1.420924329284044063e+01
1.374636234689154080e+01
1.365397485424863255e+01
1.167949220646608666e+01
1.370490293175792118e+01
6.737262008607194375e+00
1.185997903699980327e+01
1.421590293301613350e+01
1.391708687005232292e+01
1.313178581807184386e+01
6.658217390420106518e+00
1.334643296467655915e+01
1.423733720070552700e+01
1.400375073406388005e+01
1.417396482417820636e+01
1.424671432387556536e+01
1.372316150171840299e+01
1.392286860662504111e+01
1.433020138826861611e+01
1.358765711050959801e+01
1.403238202507626298e+01
1.428047629251410733e+01
1.418280928210578651e+01
1.410130073565335707e+01
1.397913885044589222e+01
1.427682467022939861e+01
1.419603661609771628e+01
1.429002833734311650e+01
1.423942050325885589e+01
1.375016527885643214e+01
1.415445237494731856e+01
1.378817454842099899e+01
1.306543711684507691e+01
1.316396835096417739e+01
1.401860318417060647e+01
1.382733318873539829e+01
1.273860092722647330e+01
1.410159545081382149e+01
1.375042425704824112e+01
1.356482336168381231e+01
1.428649106404052738e+01
1.416953716222707271e+01
1.350905235577938512e+01
6.127814182366522644e+00
1.373107271188063905e+01
1.343610020744685940e+01
1.426914444889061784e+01
1.400076265323844282e+01
1.405392588406621002e+01
1.120458354727644057e+01
1.416466048284928725e+01
1.411429364447541168e+01
1.370506039702353362e+01
1.408347707438143992e+01
1.335617274614729943e+01
1.000291802817814002e+01
1.250630134107723634e+01
1.418209710831261994e+01
1.432180628290053193e+01
1.381023615560004991e+01
1.198503244355229747e+01
1.433200781516711331e+01
1.432067401054738554e+01
1.400024591050033429e+01
1.318411538835839814e+01
1.421678957910215857e+01
1.381279044418142021e+01
1.414387912732953367e+01
1.256543964568135863e+01
1.306354003957089205e+01
1.399193509784942435e+01
1.383614446624508076e+01
1.399987056949604636e+01
1.071737405689712119e+01
1.153339841422043932e+01
1.418982018432084047e+01
1.429211319496385535e+01
1.416693681600044741e+01
1.385099308343718150e+01
1.387364415836589515e+01
1.309784831258326854e+01
1.428097906294272690e+01
1.206887354142686242e+01
1.375035243319842237e+01
1.421420636877809685e+01
1.153369906490344476e+01
1.431149939040441588e+01
1.414333535960250998e+01
1.403499991072950337e+01
1.255976899369786004e+01
1.318792346443678021e+01
1.420469630236170744e+01
1.426872383387522092e+01
1.427023074740886521e+01
9.217130049114238943e+00
1.290467236782156668e+01
1.433226466528804366e+01
1.352028454982900740e+01
1.386465799990525127e+01
1.416474901288651544e+01
1.307016174587370116e+01
1.284857673515507770e+01
1.421936180761622026e+01
1.153369906490344476e+01
1.375026752290783705e+01
1.391220209127346052e+01
1.124960637217729698e+01
1.390297243218377332e+01
1.376369953555049896e+01
1.410189750603412229e+01
1.370171984714402846e+01
8.940498695432577136e+00
1.003068086587699348e+01
1.416710200787237994e+01
1.432656413771036696e+01
1.407626120419202742e+01
1.123294894418109635e+01
1.379407781140283795e+01
1.355109320716692878e+01
1.328397967942344415e+01
1.346052048458125583e+01
1.432038378962884551e+01
1.373914119512483367e+01
1.303438158884863540e+01
1.106091282188317848e+01
1.375005991569101838e+01
1.343128878592592379e+01
1.196898041719392047e+01
1.361884395930789182e+01
1.404489284525281256e+01
1.400130626182512472e+01
1.299299570329797149e+01
1.258877836865222655e+01
1.428421207705152618e+01
1.411480660589710645e+01
1.410161618448007204e+01
1.408068489873222617e+01
1.425778223883467710e+01
1.400077557989946975e+01
1.385182762325796801e+01
1.379746731351412947e+01
1.410210941144730867e+01
1.263969214676162878e+01
1.173259582438553927e+01
1.430223607457611124e+01
9.496687853098981336e+00
1.215234593957076825e+01
1.335062019181964388e+01
1.363806188961154930e+01
1.375004681427741282e+01
1.423836805591886545e+01
1.397927710807914892e+01
1.416673057330124408e+01
1.212645305974216825e+01
1.419123410578938049e+01
1.330404370515092261e+01
1.319589906192234174e+01
1.232099336751901220e+01
1.363769576525956673e+01
5.729733607403195705e+00
1.314858476383151320e+01
1.397019877588438597e+01
1.285339989188770460e+01
1.196914612557531399e+01
1.276762523719759912e+01
1.394706348440144694e+01
1.401692131680976239e+01
1.369188636146452964e+01
1.416711734411352985e+01
1.381740454388222261e+01
1.344803731005443659e+01
1.214850387744048454e+01
1.430318769188026451e+01
1.340193080064278597e+01
1.183812707265246900e+01
1.403396129326418418e+01
1.416725978428162946e+01
1.337387633951142085e+01
1.416894889871536378e+01
1.412470326625047079e+01
1.381768424081491808e+01
1.396316537884662878e+01
1.401949132258092945e+01
1.343198900692420494e+01
1.424207953588762265e+01
1.244665108876800907e+01
1.418456162929285291e+01
1.421862412055243041e+01
1.180509599110285279e+01
1.385413227278801429e+01
1.358445133338319089e+01
1.296058706991018461e+01
1.429473261324474898e+01
1.353696311065656133e+01
1.427829566462655819e+01
1.380887528338705472e+01
1.417598013954725999e+01
1.295410132786457957e+01
1.424620909047751383e+01
1.241031343995882708e+01
1.431699915962585834e+01
1.330257711558571820e+01
1.354856271768208842e+01
1.322237271801764180e+01
1.416580521151568917e+01
1.393637716264635174e+01
1.430304876066893272e+01
1.323840891398909214e+01
1.433033191661506045e+01
1.375909274138081884e+01
1.402969762445743385e+01
1.393365094454418518e+01
1.238735662833294882e+01
1.215123550651183848e+01
1.410014773742316763e+01
1.375031591793604946e+01
1.428115232562830172e+01
1.321190138464667285e+01
1.428021579579326428e+01
1.409136687359349338e+01
1.399711660959949100e+01
1.385033171845599753e+01
1.353208249954004572e+01
1.391759586116530656e+01
1.407151133130383691e+01
1.354890314551683161e+01
1.407011677211304601e+01
1.409206356149735129e+01
1.409700818072688655e+01
8.886243476154472631e+00
1.420966975717928804e+01
1.369675426786438877e+01
1.400142679166487980e+01
1.306266913816029884e+01
1.198995455832873169e+01
1.009596867688271793e+01
1.408805690219246287e+01
6.013299894809384760e+00
1.397138931663020500e+01
1.384395200801262327e+01
1.421936180761622026e+01
1.385189416629234493e+01
1.375002796805017979e+01
1.109378054838622418e+01
1.419387362356550852e+01
1.349208769465419167e+01
1.370403123104170362e+01
1.317422425064680347e+01
1.428569578688852459e+01
1.428579412296721785e+01
1.405296304174582112e+01
1.373439256310925849e+01
1.428371487536804452e+01
1.292705422983542363e+01
1.423659030001972781e+01
1.428313515715301207e+01
1.400053168083012167e+01
1.285263306873737932e+01
1.361892040848200125e+01
1.427509587914041411e+01
1.343072749322073278e+01
1.396978758165497680e+01
1.172072382142044589e+01
8.579445455751388394e+00
1.336671825456407348e+01
6.239635113572668423e+00
1.417525337551639097e+01
1.325117065689584628e+01
1.433139479054171339e+01
1.420200588444015466e+01
1.344471326858558413e+01
1.428994350070157537e+01
1.093022984494936445e+01
1.069836495783973618e+01
1.351601765403634126e+01
1.428463247897458643e+01
1.427113724883743195e+01
1.423843737711304414e+01
1.417218555906583788e+01
1.354365255307447313e+01
1.429554236429052949e+01
1.413034288469247990e+01
1.423616508459207708e+01
1.422646187840975074e+01
1.315488521646335940e+01
1.414979942078697306e+01
1.405690971682898649e+01
1.159356940005617886e+01
1.428258243291039520e+01
1.432407139172568833e+01
1.369137371645581425e+01
1.419581142309005628e+01
1.412999032502466079e+01
1.403569739485132573e+01
1.071409649154602128e+01
1.400076922703779125e+01
9.244551114004389447e+00
1.396988560240813371e+01
1.218888432674911648e+01
1.356319542699694303e+01
1.418846150821778451e+01
6.256810370357865914e+00
1.419026137257973552e+01
1.341145706841608920e+01
1.425719010891063654e+01
5.746357881246258792e+00
1.365362055623640103e+01
1.432464394418740028e+01
1.408657973334660696e+01
1.421635575938196716e+01
1.346470855222583829e+01
1.371334638099066972e+01
1.312038375347910701e+01
1.426276816926278457e+01
1.059351530980020506e+01
1.250914744723895922e+01
1.364073839353479656e+01
1.379148124378074414e+01
1.427882029123295027e+01
1.413994807886941807e+01
1.416633166054277027e+01
1.385876427349430173e+01
1.430769920943458828e+01
1.308702770885467004e+01
1.423738451512505065e+01
1.407236522308393489e+01
1.352219180805345999e+01
1.416981456238600501e+01
1.260997284147079789e+01
1.413693677611593991e+01
1.360282780527836266e+01
1.350623221564509180e+01
1.360963394940214499e+01
1.416638728964182548e+01
1.432916016166947770e+01
1.384984665560742556e+01
1.423196906527542893e+01
1.385068310035811479e+01
1.361892040848200125e+01
1.400040314051489077e+01
1.324503434113788103e+01
1.409016181280584235e+01
1.402969762445743385e+01
1.372704263520731871e+01
1.353074723526914980e+01
1.380887528338705472e+01
6.460776540058941642e+00
1.429767042790713205e+01
1.280744662439223625e+01
1.422135436948364529e+01
1.430268439538548364e+01
1.417168002690305073e+01
1.403478227412751700e+01
1.177344894089954508e+01
1.390628644966174932e+01
1.418108466186772887e+01
1.409574686525368392e+01
1.378043529418172497e+01
1.239836837151806570e+01
1.419528349413966950e+01
1.386502822518858302e+01
1.415169162992607887e+01
1.356262323225714894e+01
1.334338776012376826e+01
1.290231495479361712e+01
1.411722608452555860e+01
1.381711626507153845e+01
1.360281719285079305e+01
1.357172072094365411e+01
1.421339794909616039e+01
1.224242481605672594e+01
1.423545752917426910e+01
1.413092150019789983e+01
1.263069677371301758e+01
1.406628979312641903e+01
1.406877308305555729e+01
1.400102881061932081e+01
1.432976180061310068e+01
1.400033651155092684e+01
9.429125980839629051e+00
1.375516471196157653e+01
1.380040825581177089e+01
1.421005528196665324e+01
1.375093190716118841e+01
1.371960976276653454e+01
1.321555721760188362e+01
8.755166089564191623e+00
1.422162101679986534e+01
1.412406386068461295e+01
1.423497277438518793e+01
1.400058071164831297e+01
1.353375232759008107e+01
1.112367828736655007e+01
1.288015497447839941e+01
1.430724393404151762e+01
1.404540572227701745e+01
6.037133019796350197e+00
1.363288365942148062e+01
1.291149826354670971e+01
1.120186447703281196e+01
8.293564321814763218e+00
1.389253855751085709e+01
1.430497715850277807e+01
1.430631236006156470e+01
1.385019935380284295e+01
1.423451090974707611e+01
1.376975538480884609e+01
1.359286529949119426e+01
1.413709816803378239e+01
1.430790298153594620e+01
1.423877763031818233e+01
1.427870375983362550e+01
1.407614850858767497e+01
1.427549188657756396e+01
1.406690008119962698e+01
1.361686343734670679e+01
1.364773865305806666e+01
1.423291044978596354e+01
1.410160776784360515e+01
1.360757892057925389e+01
1.383050767830465766e+01
1.428574034576644891e+01
8.270962544249046644e+00
1.379442341481115797e+01
1.365800733077309381e+01
1.387222014529385739e+01
1.428476497608068208e+01
1.280075032262761603e+01
5.720494532762558038e+00
1.432733861039910472e+01
1.283362902055403865e+01
1.429712145429472869e+01
1.416671096686502729e+01
1.416637293410496845e+01
1.380963950553045017e+01
1.426262864372269235e+01
1.301808250561326474e+01
1.401013739753414100e+01
1.348722458312982475e+01
1.396226761865737309e+01
1.360756798666103506e+01
1.427671485336572665e+01
1.420673071395598974e+01
1.430189973928382940e+01
1.430820981999693942e+01
1.286631801644855599e+01
1.261551327749258533e+01
1.400503946603783589e+01
1.401197864581273578e+01
6.850991002984959444e+00
1.427414817572772598e+01
1.430268439538548364e+01
9.791036418223784565e+00
1.362973068561892376e+01
1.416749276069752739e+01
1.366304936867879860e+01
1.415103341411371396e+01
1.400081483567198504e+01
1.351757639154133628e+01
1.416707356194211087e+01
1.391023492839043207e+01
1.356319542699694303e+01
1.417168002690305073e+01
1.423934701108310108e+01
1.427011482606963710e+01
1.400005888573203450e+01
1.375017399482810987e+01
7.819516656738311866e+00
7.842024538325166994e+00
1.390508729323197556e+01
1.382315588596241973e+01
1.389219922538744001e+01
7.307585503449527842e+00
1.427955493694698674e+01
1.427746518466577541e+01
1.321840460299937092e+01
1.352383275528709206e+01
1.363130167156799111e+01
