6.052965187776567779e-01
9.754623890642593054e-01
1.438383678029545309e-01
2.124170261422985151e-01
1.282483093035111377e-01
9.752965037374026203e-01
3.301292581243926716e-02
8.076131336451467524e-01
1.850455687205670649e-02
6.648385982317867038e-01
5.462395557275311758e-02
3.237076097346151538e-01
5.860650838767724746e-01
8.138645512782537450e-01
8.145065560880768718e-01
3.819061721424094058e-01
2.436195312244959499e-01
5.427131624581536806e-02
4.245439632807028185e-01
5.457263992619737492e-01
5.768091228088404465e-01
7.653285124309126830e-02
6.053035997008514579e-01
8.226659519619510252e-01
3.958660803336278011e-02
4.660623127948234634e-01
8.802869018519965394e-01
2.786593716198580428e-01
3.439691729053606095e-01
7.953260531408508083e-01
3.053077121592919774e-01
8.777776361369247216e-01
7.520306303070299903e-01
1.046903623596282529e-01
6.582216104501146248e-01
1.939951858047822830e-01
2.181051583534114879e-01
8.615571372348193036e-01
7.444836440471390426e-02
3.989682801997993522e-01
4.787876196053718614e-01
6.921921625187806848e-01
6.686510020008028243e-02
4.912999214198902898e-02
2.669049296910996211e-02
2.160117379629863665e-01
7.727513797864156153e-01
8.741249762251159794e-01
3.443622623519965870e-02
1.728149519835751602e-01
1.874577462927142502e-01
6.957796811238733947e-02
4.197874822591483590e-01
8.489018243558231480e-02
2.650035651193157205e-01
1.056292231167406254e-01
5.415297833829794266e-02
6.579832281652181480e-01
8.285133128318636908e-01
4.359759422098589132e-01
2.767172208319299553e-01
7.024817171110768754e-01
4.293278574133090747e-02
3.538113227495525148e-01
7.146664741553845901e-02
3.571034474923436286e-01
1.436736977650867608e-01
2.736669873675415809e-01
6.297883778891733009e-01
6.801008865326200192e-01
7.552056620463204473e-01
6.338771254277268674e-02
7.325108211419086857e-01
1.924775115261833647e-01
2.114663135791728654e-01
2.124622259557539528e-01
4.930412228301154359e-02
5.618041512964855322e-01
1.842513284799688900e-01
4.870017639486975969e-01
7.122855744061068473e-02
4.065201722370702098e-01
4.131410697606588411e-01
3.407963572380872108e-01
8.896479127394119057e-01
7.413384379136891966e-02
9.857480604030974258e-02
7.728138211400833457e-01
4.333305728953322777e-01
7.063339815454960924e-01
1.540770140334701832e-01
7.127165373649784197e-01
2.512434521466404280e-02
1.792307479387392766e-01
5.343910436812058240e-01
4.768800265165228369e-01
1.298256178557655183e-01
4.641247755802013764e-01
4.736475786161708501e-01
6.233794618656351982e-01
7.586036885067753976e-02
4.264414671562748449e-01
8.094969268637963733e-02
5.176068256445469640e-01
3.407363223599066959e-01
8.909965503787545260e-02
3.463109019729879723e-01
1.749717893430653703e-01
2.460767146227929858e-01
7.437557654116119799e-02
1.571938355749185334e-01
8.708402845395093461e-01
7.863694096976177328e-02
1.792661767060709233e-01
6.520125583767986122e-01
3.795322195422514144e-01
3.615398986043487362e-02
1.053811951451299189e-01
1.132881164364878401e-01
8.600804055630740796e-01
9.034860479776720688e-01
5.668105845956519784e-02
8.445201751043842631e-01
4.013840267623301761e-02
3.182702824475665965e-02
1.208593420468291879e-01
5.931618719778727344e-01
6.941524004009011484e-02
3.021576946316950618e-01
3.463109019729879723e-01
4.613388253027345121e-02
1.784714488994610104e-01
7.083852005657129136e-02
1.767821257152636105e-01
9.597560761542847652e-02
4.600666013846226310e-01
1.664835772549403681e-01
5.437611649653386614e-01
1.835752620603199325e-01
2.586599914613929019e-01
1.436736977650867608e-01
2.940014246589302549e-01
5.533384662162925405e-02
3.614926560678650702e-01
8.011446473350231079e-01
1.548887409093545053e-01
2.536432960706465622e-01
4.006178134354069220e-01
3.503156754724590094e-01
1.502662385851086801e-01
6.916222089056563993e-01
6.666530985691035971e-01
8.966313116095221691e-02
2.602721463350805009e-01
9.909322928438905886e-02
1.455041401980111393e-01
6.233752668108412387e-02
9.485140871385742967e-02
2.688421404915388724e-01
1.029953995206869255e-01
2.295141451587542902e-01
4.694111172729320547e-02
1.322854860087800399e-01
6.877023479121073812e-01
3.985846695094125841e-02
1.127888763670565481e-01
1.952166261033738970e-01
2.563904460210192915e-01
3.497972737790109310e-01
6.039363116654435926e-01
2.124170261422985151e-01
3.640248391874227885e-01
4.843529292550891596e-01
4.220742143540617275e-01
4.446004234833584867e-01
8.937513124853857516e-01
2.556197373401088990e-01
6.522548147611309521e-02
4.490899872227902545e-01
6.817137802691549675e-01
3.642127791140400972e-01
9.130643794094939203e-01
4.392220154259770387e-02
3.733678999015522804e-01
5.092346141263870418e-02
6.655625858470300971e-01
1.299696808886300070e-01
4.566499683180658686e-01
1.550597840210010958e-01
7.556451705444957589e-01
8.528482280044029640e-01
7.543894151917153179e-01
4.295056323724975866e-02
9.721394117684418745e-01
5.779628271739737366e-01
9.775604684128100796e-01
3.321139446278096319e-01
6.133874480750344249e-01
9.270327878581519077e-01
6.912630767665063347e-01
6.018027687923506452e-02
4.148447244458007277e-01
6.404463213754555406e-01
8.743888225478776977e-02
4.956051708647856158e-01
8.154666667984309392e-01
1.397857388806808543e-01
4.058180546786491205e-02
8.430663887039894222e-01
5.054491042494532183e-01
1.743677801051760623e-01
2.829081662563188715e-01
6.690551536855511572e-02
2.106277594282257859e-01
6.161677653748958150e-01
5.398654061595008491e-01
1.314980245165015549e-01
2.179163244206323014e-01
2.936938898005663212e-01
8.081040343105998225e-02
1.510352082469039181e-01
7.897007456612976650e-01
6.882700331353822643e-01
5.412653652624329625e-01
7.337382136985209913e-02
3.047182120616307444e-01
1.227408317719761444e-01
1.777810833297827631e-01
9.745227595523227315e-02
4.719486971908663092e-02
4.854936424892271618e-01
1.953497254988071918e-01
7.938345156305588735e-02
1.359371390140182156e-01
1.871561439042893071e-01
5.007033425810089589e-02
5.790802112824779135e-02
4.896891344893314901e-01
6.336702982090818281e-01
3.781486004576878890e-01
7.783743880549311989e-01
1.035805655682458387e-01
1.183888527676032199e-01
8.672056672377578823e-02
7.036155685741193322e-01
4.392987149273894221e-01
7.342521666889471887e-02
1.431474711103189190e-01
2.438811143730501563e-01
8.563113222452470308e-02
4.845723941172264682e-01
1.453280293182185323e-01
7.007472363668006965e-01
5.896658933788556656e-02
3.125238344966380644e-01
8.938187125025602864e-01
4.368245311077556536e-01
3.827835358544342537e-01
8.817194478429656035e-02
4.104617787583592636e-01
1.478216530628606862e-01
8.113974612465643110e-01
1.364663150391369761e-01
1.252800193851546506e-01
5.404863848309056085e-01
3.233570598571618437e-01
3.799610598665241756e-01
3.693587548015874189e-01
9.235402895430842030e-01
3.756751638505618218e-01
3.177922336237923306e-01
1.421587357682365382e-01
1.310153152677611121e-01
2.629769816879462888e-02
6.524029112120316443e-02
6.493790385655455744e-01
1.613579054431351911e-01
1.241262109275343001e-01
3.663263429409254202e-01
6.368817467340949223e-01
3.787299663113946613e-02
4.202198045579368380e-01
6.574414659746301570e-01
6.567430632492319287e-01
6.168697615086132791e-01
3.181928159037730186e-01
1.467124803418000945e-01
6.912630767665063347e-01
1.356261202917008468e-01
2.403964870103353635e-01
2.478926796698261228e-02
1.585064782373848610e-02
7.362777034483966032e-01
9.504012456525147146e-01
1.716049336780440526e-01
3.982969018566942521e-02
7.273150685209939237e-01
2.121959545016756932e-01
6.912269614397015260e-01
1.280486182424530051e-01
5.283194452752734138e-01
1.664458136435308377e-01
2.844795915670443875e-01
8.102690382478844322e-02
1.333665939976090391e-02
6.161947386951338590e-02
2.453940688045919694e-01
1.446070960942603678e-01
4.843180658901434232e-01
5.955804046101359495e-02
7.222115328566294234e-01
7.288522271880877312e-01
7.977224175239793214e-01
3.177922336237923306e-01
4.855166968209630451e-01
1.827993683615724563e-01
9.948060852483268102e-01
5.425393157254591869e-02
1.291836391025173170e-01
6.707696672595512277e-01
5.173019789205867136e-01
5.865496151037281614e-01
5.389598488240025798e-02
5.387959710460817897e-01
7.756213600684406240e-01
1.678231726790654355e-01
5.504269437877665205e-02
6.661886790075051135e-01
7.341492114983672046e-01
3.966072589483424227e-01
5.077971928839251081e-01
3.254001077866713887e-01
3.773174382403968186e-01
6.932660039799478646e-01
7.977224175239793214e-01
1.329687297970194026e-01
7.723130574569573303e-01
6.483390731145682873e-01
2.891933809569230754e-02
5.456387795729789048e-01
5.559221780584034933e-01
1.133133241588880624e-01
3.733678999015522804e-01
1.660666928213013482e-01
8.165705483271731846e-02
3.369225868653415168e-02
2.180924738844338129e-01
3.215251648236197579e-01
5.122006744150048307e-01
2.688421404915388724e-01
6.764053821715926285e-01
2.175110198155835450e-01
5.123985984659530368e-01
2.714000459947912836e-01
9.783481216061613583e-01
9.554561293595258409e-01
1.546982861067756065e-01
3.316754211809896380e-01
1.886263852403385066e-01
6.116648037031616747e-01
7.149396072821363746e-02
5.590624802164574358e-01
5.184780166974821691e-01
1.914449098380719694e-01
3.315933956395494264e-01
8.071018135762117462e-02
1.630920621925612268e-01
5.466098314786129592e-02
7.580180315634973409e-01
2.991287325392331109e-01
5.039644628624617012e-02
4.692338355241837400e-02
3.063299151779608209e-02
3.531326718162108858e-02
4.232513029341929134e-02
6.904558786555820005e-01
4.058180546786491205e-02
7.255099157701723200e-01
9.650185171375356141e-01
2.184870985886979977e-01
7.264591402342454041e-01
1.678310560212755986e-01
6.440985498147223653e-01
5.051432189506468440e-01
3.539670719576287761e-01
8.926090539520292744e-01
4.777147725574264481e-01
6.295076379138793421e-02
1.234725663243707722e-01
3.516495556072484624e-02
7.088923258022736817e-01
4.403497452729300821e-01
9.729377432317148910e-02
2.313398466863850478e-01
2.794185920190748740e-01
7.180304665365416783e-01
3.004894979648920494e-01
9.515318883743852096e-02
4.143080615081052853e-01
3.958660803336278011e-02
2.946117405442129078e-01
3.275054304801487959e-01
1.359313590321758192e-01
6.653565619960444266e-01
4.130216774335265795e-01
9.781109731896625581e-01
5.907983907312083227e-01
5.485512075916774283e-02
4.067597749665542439e-01
4.701515958736563472e-01
3.501245734169430857e-02
5.815895635462908775e-01
4.358200275438217641e-01
1.652165917511145277e-01
1.537286204275077617e-01
9.409493416998565563e-02
8.154755255336737507e-01
5.980283112914569488e-01
7.227208704536064454e-01
1.621670158573951248e-01
2.253610925797788767e-01
8.581088773744520448e-02
3.845119913015764279e-01
9.857480604030974258e-02
4.333305728953322777e-01
3.149808694803018366e-02
4.052024270998528799e-01
1.108764263426773727e-01
3.315501422443558610e-01
5.088487691088945386e-01
2.598866345483264451e-01
5.167883727840211217e-01
3.124189144215853697e-01
1.577022800478335429e-01
4.356537304814263045e-01
1.138124721361441216e-01
2.181037361981681688e-01
5.026763524844596320e-01
4.537879899064123923e-01
3.990802450033884563e-01
1.049884958794472800e-01
6.666530985691035971e-01
9.049307160512481962e-01
2.284198729058753430e-01
1.940104283776815930e-01
4.970287304045364341e-01
9.821783099283671881e-01
6.213663743394622907e-01
2.931482435872913572e-01
6.764590236881827534e-02
1.275567400137997964e-01
1.855332211352163918e-01
4.323548675899886728e-02
9.763708281779948095e-02
4.508265572241747510e-01
3.989511375534646187e-01
7.804724112122707336e-02
2.667459264966648425e-01
2.430921602514935498e-01
4.233668324309917130e-01
7.530646396065579506e-02
1.559928841307564040e-01
1.656328791992044414e-01
1.308549051217215431e-01
5.430494980304957364e-01
6.378086216328924252e-01
6.098598061255651459e-02
9.704021088678085882e-02
7.000642428354408864e-01
8.802869018519965394e-01
2.521628951292007037e-01
1.416692042839186663e-02
3.456809420937778654e-02
9.343321760294817646e-02
7.897007456612976650e-01
3.110622741682041448e-01
4.355777371506019957e-01
6.090368533282072283e-01
4.566499683180658686e-01
4.347402326513472581e-01
3.342474813716730386e-01
1.422269974663360470e-01
1.800590121945721822e-01
2.683421603035033853e-01
4.250279013725594690e-01
1.061166565123251582e-01
2.479805731881536413e-01
1.530861078911586737e-01
9.895977834231685089e-01
3.296506983478983965e-01
2.815234348804087627e-01
1.470126067274847570e-01
1.732134916020602322e-01
3.527405384004811406e-01
6.509630726278089474e-01
4.447049005150938150e-02
2.530471131568245435e-01
4.719776883375893517e-01
8.993162681953255078e-01
3.426736780377594993e-01
4.709100036806204703e-01
8.182951446804491713e-01
8.489018243558231480e-02
2.698821097712750250e-02
2.062332856986815455e-01
4.392987149273894221e-01
1.109582686861152467e-01
4.848794672288677110e-01
8.597872675264904840e-01
1.230011241024266816e-01
5.771519544751755326e-01
3.850149764169973343e-01
3.606930343619311197e-01
5.934271665280611563e-01
3.872837123450736940e-01
1.948959004062251199e-01
2.991287325392331109e-01
3.625874839137607081e-02
8.276898342043226275e-01
5.721181405995904301e-01
5.791441007781819028e-01
2.362995891578099916e-02
2.957893588903222001e-02
7.727749913249509772e-01
2.831398099876901164e-01
5.911420084621821225e-01
5.457794206984661889e-01
7.663663790944624798e-01
4.419128233434468367e-01
6.335154855569169463e-01
7.866039624665726038e-01
2.550297352158970576e-01
1.521409774247384217e-01
5.370976588695076659e-01
8.835938944639555315e-01
5.232997674109971520e-01
5.383512569895014810e-01
8.178271726183908852e-01
1.663406528102288895e-01
3.306990655418193814e-01
7.554308163617364791e-01
3.259978141761336046e-01
2.346830937499827241e-01
2.003231999115698825e-01
4.671581899873066268e-01
1.262500186755692866e-01
2.913193657448700513e-01
2.000653360956209381e-01
1.623912549971995023e-01
1.895620776582777889e-01
2.790808627991072655e-01
7.772533572777801103e-01
9.103981594099379571e-01
2.420127021448971114e-02
5.953760692763694351e-01
4.765722432139448128e-01
8.569577779035072451e-01
5.459241100207544717e-01
4.053090534128966915e-02
2.659525986216588200e-01
8.909615053008714813e-01
4.284752887744725514e-01
9.022642244603074069e-01
8.896479127394119057e-01
8.206796027888754175e-01
6.072205207113150482e-01
2.515076144906639444e-01
1.050303824034129474e-01
4.629742341192322197e-01
9.144258167162748752e-01
1.864453158486714390e-01
7.148516067209272074e-02
4.082413864373084511e-01
1.704207881612750108e-01
5.511472407322932920e-02
2.179125163505529483e-01
7.779047035706178059e-01
2.743161726309094606e-01
5.136687807319979815e-02
2.681111645978285218e-01
6.105320444238219180e-01
6.937689081706706062e-01
3.623591629719529611e-02
2.659966254996866120e-01
3.732948853651093524e-01
4.154002880725093383e-01
1.295181543160479898e-01
3.846051946041111336e-01
5.245178656927398375e-01
6.846623590169033102e-01
2.501722138370442439e-01
7.410206802911872837e-02
9.720315481702633820e-01
2.512538632210209455e-02
1.947425051495701720e-01
5.686218037678806292e-01
4.107479833531865743e-01
2.986999861186277472e-01
1.540501347623097206e-01
3.911728934480008246e-01
8.426340600258906965e-01
5.234045452347407812e-01
4.991315461564864164e-01
6.330154436928100425e-01
1.787714248722586108e-01
5.887014409068359599e-01
2.093222200741292893e-01
5.908524738886365979e-01
1.464878943174490744e-01
4.423543270564552765e-01
4.283812554721186383e-01
3.264916861784575852e-01
5.428476796289133377e-02
8.763982623474639300e-02
7.055593327032486095e-02
1.863341218139106525e-01
1.992952251237951056e-01
5.045257447744397883e-01
1.452549621380472278e-01
7.411047443890221853e-01
2.100032620099523406e-01
8.236968404533797639e-01
1.025061241868413381e-01
2.340054026545131949e-01
7.189175257503255256e-02
4.662651435205780182e-01
4.941192362632403773e-02
7.637205700548362064e-02
1.700480040263770976e-01
1.321151476771577696e-02
8.102926779545972513e-01
1.893208367067629738e-01
2.422016089490779400e-01
2.592205914877561135e-01
9.900552668585458349e-01
1.256333438923881995e-01
3.782285897210392878e-01
9.254986870846375335e-02
7.434541237708565398e-02
2.063198234498051786e-01
7.159431470180858958e-02
9.836219225163640445e-01
3.291721302405207772e-01
2.558327616908029345e-01
4.791518664093440405e-01
2.166429942308659706e-01
1.487162848107836111e-01
3.505969175977756702e-01
2.339261573614803136e-01
7.957609259289287751e-01
2.471307645860191526e-01
6.249378588640179810e-01
1.377067305400446751e-01
1.577167726955685731e-02
2.529019298135127269e-01
1.455041401980111393e-01
1.520523754292286145e-01
3.899940760001115447e-01
6.116372233628800670e-01
2.058599272825355764e-01
6.117944267976126449e-01
1.512521635618264693e-01
9.977607682521101584e-02
2.870332996065180220e-01
1.285794142048706235e-01
4.233056817478700884e-01
3.592352829865412267e-01
4.440806462900338536e-01
2.573044161593464052e-01
4.391124377617063312e-01
6.452230927452260456e-01
3.759020582881846678e-02
9.291436098387715337e-01
4.777147725574264481e-01
2.411767344661654988e-01
6.037710529514533908e-01
3.669052435818422886e-01
8.755173317686656409e-01
9.230566859617506115e-01
9.781356431075808322e-01
2.673995730325214315e-01
1.423082344523936560e-01
2.170488724883484488e-01
8.148376363449714166e-01
6.512769966752426920e-02
2.955225627247853870e-01
3.336733033834184126e-02
1.091356547189501480e-01
7.579297555510161599e-01
4.238615956983712296e-01
2.225331201535971359e-01
9.037718620397581226e-01
9.154798131776387127e-01
2.412275244013955544e-01
4.034736197545520098e-02
1.910781697924843203e-02
1.488904045670061682e-01
6.222294623622982579e-01
1.148005605429047171e-01
9.215948265768106884e-01
8.741921362520728156e-01
8.299079102157692900e-02
8.640915433451997751e-01
8.926690038204614375e-01
2.195759161205097787e-01
9.893734248043939417e-02
1.036945843650506349e-01
2.758534955846623365e-02
4.135416851681680273e-01
9.390716117385259354e-01
1.339327675188247690e-01
3.232464619163290531e-01
3.088179834482308872e-02
1.369083269523400058e-02
2.502196364351017555e-01
6.411095078825362892e-01
3.201102061636453833e-01
3.532409688026675876e-01
2.202717014806739593e-01
2.239670281291872844e-01
1.557630643079300770e-01
3.422307207675445717e-01
1.979111895335143867e-01
4.592464556226593525e-02
2.267614259662592557e-01
9.728236507315882187e-02
7.212955612019769092e-01
2.772222845103979871e-01
2.888176250531423461e-01
9.562520654904779760e-02
7.695713593295264721e-01
7.170944207646658963e-01
1.979111895335143867e-01
1.874577462927142502e-01
4.855166968209630451e-01
6.435478650431127878e-01
2.597731069834486872e-01
6.661735840408600229e-01
2.092540927379160087e-01
1.271756142734541128e-01
6.408381779688238078e-01
6.620140883980174529e-02
1.447831353843301305e-01
3.153743979390062346e-01
1.459321161784340459e-01
5.449547915861839842e-01
9.704021088678085882e-02
2.723120916475591513e-01
2.048396763440779034e-01
6.838688052213693913e-01
1.176685845509380379e-01
4.569402201064485247e-01
9.687010102130687583e-01
3.505969175977756702e-01
4.463854548077448303e-01
4.366847694839059296e-02
8.924784377807635227e-01
9.485140871385742967e-02
2.667371847580499167e-01
3.966072589483424227e-01
3.566835836900653645e-01
6.934701442311860808e-02
1.359313590321758192e-01
9.765069102113114186e-01
5.727123993188610457e-02
4.881237730375199702e-01
7.079829098312102609e-01
4.063222148336431694e-01
5.271213993051339086e-01
5.935858538700473641e-01
4.640022631845719947e-01
6.283960544699485062e-01
5.208392528459551141e-01
2.034896949699342150e-01
1.409262714586501375e-01
9.019649524923228912e-01
7.597213113242101690e-01
4.683493974853852326e-01
8.021240828211045892e-02
7.458066163865150200e-01
9.129072177529944376e-01
4.489540478470216978e-01
1.569799540734782006e-01
4.323760653086549111e-01
3.434532612606379376e-02
8.690517222483287729e-02
4.255896288829095209e-01
8.372933287876778430e-02
8.527899960688851699e-01
8.189193449038330019e-01
9.143184991745234580e-01
1.240210393435229597e-01
2.058814109885234722e-01
5.494153428275447837e-01
1.656768386261810444e-01
5.899734596098964168e-02
6.159581150253580495e-02
5.598944698262261488e-01
9.852573119836198767e-01
8.388966685851025895e-01
7.598872020427032137e-01
5.380818750228209130e-02
6.304708051698999505e-01
4.109112082548475597e-01
4.813982251494122178e-01
3.103544348770069169e-02
6.267077363096523746e-01
2.705369405654650672e-01
8.675373723881154575e-01
4.510005194319086780e-02
9.125607047008130746e-01
4.969532193599515701e-02
9.126924459506464693e-01
1.056328633664233019e-01
3.086892139029753790e-01
1.548124113766422005e-01
8.242927995737706626e-01
1.032117538515245764e-01
1.840349278330372443e-02
6.945652299545222730e-02
2.517528033028876289e-01
6.152859170237621189e-01
8.680129104105751559e-01
8.492146206335760006e-02
5.325740595889782991e-02
9.166736159850228383e-01
2.991287325392331109e-01
4.656842110536027479e-01
6.804228437666841600e-01
3.530500726717188398e-01
3.106362370550380322e-02
8.426340600258906965e-01
4.876779171946930003e-01
4.499055042461058695e-02
3.184306199061794351e-01
2.512538632210209455e-02
1.073323527090276341e-01
1.066585052588693849e-01
9.843864345177988362e-01
5.738945049675230337e-01
5.945902016660447043e-01
5.131672400370745207e-02
9.775430755358367751e-02
5.638484492393146252e-02
1.043637876658303765e-01
2.857771422893120583e-01
6.621224844737394477e-01
1.989095917384720025e-01
4.260397828509947526e-01
2.491339043046015070e-02
2.873119857456790105e-01
8.187174338234114446e-01
6.464017989424356569e-01
9.132724553183945160e-01
7.910218344413489922e-01
5.768766009087658020e-01
3.335732802365234395e-01
6.871696994351002008e-01
1.047210778871452697e-01
9.618188208900395608e-01
8.505000971502384433e-01
3.126455596663480496e-01
5.106407362480842871e-02
7.817116037235664061e-01
1.670586873609070655e-01
5.771373625025297827e-01
4.188218881647406411e-01
9.276220116395481607e-01
7.933813275660760445e-01
8.184935262432647962e-02
3.693803102277166128e-01
5.167883727840211217e-01
2.753445675484160748e-01
4.601824217553228680e-01
2.024780775913744557e-01
3.870435620028513934e-01
7.485633634483228604e-01
7.868801079130153253e-01
4.137359950846055123e-01
2.178493149300128606e-01
2.422488905937575376e-01
5.259725386518110390e-01
4.765667935901113372e-02
6.626744433796949441e-01
2.489434579323162033e-01
4.004645736395263667e-01
4.445927050188947655e-02
2.622335260607516760e-01
1.580949207112034016e-01
3.090395472174970459e-01
2.705225169544994701e-01
2.602988317532828888e-01
3.179301741885750543e-01
4.314163232991101715e-01
4.363199196174010197e-01
1.467784999409433300e-01
1.447157474564040591e-01
1.957932730725187032e-01
2.909220478664686360e-01
5.806743217070253760e-02
4.010578255593376107e-01
8.683379637048000976e-01
7.144084150291047930e-01
2.114562773395951278e-01
1.664161495610982922e-02
6.342703172625001606e-01
2.129422297006908493e-01
4.677253271629554510e-01
5.300193663228525143e-01
4.245439632807028185e-01
4.778363628916389994e-01
7.333253365113572286e-01
2.744991805280093122e-01
6.393891783650391680e-01
2.226954977847983852e-01
5.419683123099727773e-01
4.224727747378626552e-01
5.437611649653386614e-01
4.053090534128966915e-02
8.164950036675932069e-03
4.729269742642270291e-01
2.853638677804042345e-01
4.134779148226779694e-02
9.130501641820357173e-02
2.480656166901509252e-01
5.397903265769088410e-01
8.503101102215679385e-02
3.460518385417440251e-02
3.766654167028238298e-01
6.196050346617275606e-01
9.553683447033579634e-01
9.282865900929500036e-01
4.325327350417841332e-01
1.120187964234113515e-01
8.050436572540916602e-01
4.025706371039473874e-02
6.648385982317867038e-01
9.174963871916108626e-01
4.997518583842273238e-02
8.320676376850235645e-01
5.429673532788849011e-01
3.798393304651255797e-01
2.399539999338742013e-01
1.993032568579839459e-01
8.977019192664084102e-01
3.629762292924561956e-02
2.814331515412326623e-01
5.845698379098888953e-02
5.275695783014732604e-02
6.757402575797101241e-01
7.644959278727831986e-01
1.176793119557528328e-01
5.681247578145921795e-02
7.518115724580397563e-01
1.478216530628606862e-01
2.145176720913188548e-02
3.300354398454303784e-01
5.147850659817120311e-01
1.069426236330683067e-01
2.818926871645625054e-01
6.052079056936062740e-01
2.390543563159409080e-01
1.537140843150633651e-01
6.851974137306102719e-01
1.437906947296613003e-01
8.185993587650061687e-02
5.787520954190371603e-01
2.414101947738094278e-01
6.980639722054523544e-01
3.741530561197347615e-01
5.415303586245916456e-01
5.009898774619289119e-01
7.086904476894181903e-02
5.429294611030023310e-01
7.269790385394765408e-01
7.847435254212346001e-01
9.934645522003646145e-02
2.688421404915388724e-01
4.081969784880241092e-01
4.401692157288940310e-02
9.348131773626860985e-02
4.504895303047461441e-01
6.535004047395623350e-02
3.284672381089158433e-02
6.654061240689976842e-01
7.103061837666131417e-01
8.298691300477951671e-01
8.708678489281589385e-01
7.809587687797745481e-01
2.281768221219029336e-01
6.346413450786959620e-01
3.843285382294341079e-02
7.004005573104025995e-02
5.922426555799759768e-02
2.480142720241375331e-01
9.883652006820201619e-01
3.641248379311898264e-01
3.214826073124190109e-01
2.839057416705931605e-02
5.300193663228525143e-01
