6.029900722053198195e-04
8.975913190476672923e-04
7.309441125934694602e-04
9.197476505020617775e-04
8.936345573777963996e-04
9.072733384782145308e-04
7.609809293289629276e-04
7.137580897983087551e-04
7.166954993093757956e-04
1.306809014842569153e-03
7.367104469149509142e-04
7.129770670523138433e-04
5.825433867550256113e-04
3.675312812193162141e-03
4.434955342724521479e-04
4.961867974100136938e-04
4.533533697734699083e-04
5.277025995339865942e-04
7.354662826201019583e-04
8.540315972196981702e-04
7.486067379719307108e-04
1.321658151663037892e-03
5.915312638988396961e-04
7.789016314873003057e-04
6.899041384075148059e-04
5.720935629179057288e-04
1.009092377021637279e-03
1.339264653101431609e-03
6.092221078841205577e-04
1.496420202763276697e-03
5.969724757631432671e-04
4.904871164699548371e-04
1.079567899111825817e-03
8.815512313380954390e-04
9.665563855382506642e-04
1.196339148630196298e-03
5.169628080628047538e-04
8.596659729990522225e-04
9.199390488313826655e-04
5.996487498474754960e-04
4.737354717978025168e-04
1.018288361232346775e-03
7.547332473232588228e-04
1.097278061289688311e-03
1.269140704447804758e-03
1.637846118287941384e-03
7.582595953310757291e-04
5.591004489870712467e-04
5.961983712366824943e-04
7.793611206639098612e-04
5.835590141329665944e-04
1.061833230501285251e-03
7.132486758196858977e-04
8.181650178944252375e-04
9.481708809134265382e-04
1.040855178946615374e-03
5.660722411998373761e-04
9.480622582948655891e-04
9.630922392984891467e-04
4.276067767510768414e-04
6.901009157515941529e-04
1.108770885100176552e-03
8.741795480346412073e-04
4.452073427766231476e-04
2.104919270769740631e-03
6.694392952415388707e-04
1.121627302942478435e-03
5.180218219467973197e-04
4.948897240964137811e-04
7.813771271050928184e-04
4.297317374000539781e-04
7.484434746557367020e-04
1.032359416976653997e-03
1.331276708315959866e-03
9.446426347603703371e-04
1.341250041023192433e-03
1.091369082070348150e-03
5.632568239817379186e-04
5.911582986752101547e-04
9.838682386234952511e-04
1.557112273229145074e-03
1.602007730276071512e-03
7.475343554827686577e-04
6.565025746664331432e-04
5.999879706052522717e-04
5.127034815035815679e-04
6.584666772563071546e-04
1.755502498804979239e-03
4.526246243452456373e-04
6.221986350482862230e-04
7.076988195803975666e-04
6.478448623628456967e-04
9.628228305578614239e-04
5.842532236462094804e-04
7.939538640122965158e-04
2.307871439924441461e-03
7.363370101264269264e-04
1.188829734491353776e-03
1.743400738917740131e-03
3.470809713545865453e-04
1.354010873697645374e-03
6.259921186242568131e-04
4.726534767917213550e-04
1.091369082070348150e-03
6.983595673240874067e-04
1.632476569415518535e-03
3.871920579598110116e-04
4.273052584747954433e-04
1.068223057549336913e-03
1.269352804577769276e-03
1.126049948033753991e-03
1.601401187042900175e-03
9.831213325716240976e-04
6.645011187018407418e-04
4.775162483058084640e-04
5.528525727066520117e-04
1.393011865088552431e-03
3.986191361171714754e-04
5.414736099365465797e-04
1.009092377021637279e-03
8.346702590622383797e-04
8.218044933890633098e-04
6.141835295241162033e-04
6.717968475705123673e-04
5.704404711941930047e-04
4.618139295310618136e-04
1.365247071652724107e-03
7.765576412058812364e-04
1.686940628442720009e-03
5.049295251666587395e-04
5.118410330784961808e-04
4.009879210356332335e-04
7.901459235958798073e-04
7.519505636237031922e-04
5.864807477421556375e-04
5.176068419257304036e-04
4.685503654886209539e-04
5.300547510988134255e-04
6.704172876869770800e-04
4.790189589351967654e-04
8.909152612315501081e-04
8.515538556063776418e-04
1.087435072350961904e-03
8.136095322333756130e-04
3.946751081980691953e-04
5.322181375879110003e-04
6.820532155860543899e-04
8.578179786080932998e-04
1.451332120472429398e-03
5.144684525016865332e-04
6.901126772480418222e-04
9.494295873086133156e-04
1.527618492360516408e-03
6.287682990551116558e-04
5.915178689094561680e-04
5.448558863099927513e-04
7.803730993214829000e-04
7.657827940931936613e-04
2.046764735673278768e-03
1.253826626376903890e-03
4.569321878030975720e-04
8.869180978960252652e-04
1.014432996722555410e-03
2.214471664331577137e-03
6.465231122071811313e-04
1.015882644705603209e-03
1.693024271814193120e-03
5.871120342185115817e-04
1.641485364637460887e-03
6.850713843225237710e-04
1.544871061388035241e-03
9.250138228568036657e-04
7.655650954978794132e-04
1.421769392267245406e-03
7.519505636237031922e-04
4.294990188352938005e-04
5.961983712366824943e-04
7.932242292692787263e-04
7.816661767486225536e-04
3.681502695669582504e-04
1.053844843089002436e-03
3.238051014860598032e-03
1.415512827179255710e-03
1.723753215022358169e-03
6.158328602845964577e-04
7.340398071139494834e-04
7.719436509083335042e-04
8.356369416392887394e-04
1.805151482010651075e-03
5.697588387504876452e-04
1.189149687753084540e-03
1.098525777937645444e-03
7.185749523939487888e-04
2.359562851157718903e-03
7.634934544739514902e-04
2.274535763478567098e-03
5.961710850649751866e-04
1.363306070230338798e-03
3.218886767317000750e-04
6.367810330773248425e-04
7.248544666058412411e-04
9.110990908856595252e-04
4.164762091858858323e-04
8.502572527921938494e-04
5.971858180647942596e-04
2.391010671961091641e-03
1.087085450494565918e-03
1.245119573590696034e-03
8.828647810778945514e-04
5.679035441506932822e-04
1.761448849088077719e-03
6.205108080704703532e-04
6.534503566815529725e-04
1.111942641986142944e-03
1.414466461265015840e-03
4.750794997391719694e-04
7.582129576255393832e-04
7.635533000204172954e-04
1.291761959057335278e-03
9.253642256749833924e-04
6.070107945456261825e-04
8.336196833177843702e-04
6.165928462151760645e-04
9.691822396986462043e-04
7.924800173950933158e-04
1.075039712043465061e-03
5.582651014326757985e-04
7.972343747325744698e-04
7.074400965795997216e-04
6.623310858286789605e-04
6.584675095790342792e-04
7.003156877343127149e-04
9.323836838214049445e-04
3.886967199281453713e-04
3.659823625350962293e-04
8.469688146541271695e-04
8.237504551185360034e-04
4.757956802727086550e-04
9.489278891728397582e-04
1.083988884205736546e-03
1.221312346090841321e-03
1.476358082639802434e-03
7.383295811510147064e-04
2.127196728412109744e-03
7.809753839069887146e-04
3.696854282604552242e-04
2.166139780761471619e-03
2.125427066827431655e-03
6.899041384075148059e-04
2.224703145001720450e-03
5.645698217312219210e-04
1.861974970570305296e-03
1.437856951613031807e-03
1.538626342772975771e-03
7.208938190839446697e-04
1.085291008089818042e-03
9.138599929441506686e-04
3.404820731106352350e-03
1.023122996631861247e-03
3.691537492264888951e-04
3.637397009255397343e-03
1.478958273632789439e-03
1.796754315652641628e-03
1.449705955937310563e-03
5.533613095656445382e-04
9.974558849803279083e-04
8.828647810778945514e-04
5.915774924773360699e-04
5.419485022535019134e-04
4.582774531144672152e-04
1.125469302986056202e-03
1.132097886406007066e-03
3.474319917077407630e-04
9.214956800771122863e-04
3.243301516647707772e-03
5.060251580875317883e-04
3.412036041175204866e-04
5.779293009262362162e-04
7.464184486977692556e-04
6.029296917452678243e-04
9.057669143364554133e-04
8.452995195105669291e-04
6.446376690284957856e-04
8.383429007965544858e-04
7.946292743773602802e-04
4.675775451321934539e-04
8.052736801563981214e-04
9.008840433423951190e-04
5.796421554138497627e-04
7.854540588134110556e-04
2.396145599476794726e-03
8.054722625844833476e-04
4.588115377813452214e-04
1.031505481674166100e-03
4.874151643353587921e-04
2.395712042775287147e-03
9.117092928729820731e-04
9.247281475434628939e-04
9.769325901540133490e-04
1.323610141599536154e-03
3.608395153347839987e-03
8.764714601100301317e-04
1.639817994051833696e-03
6.819361250673092222e-04
3.117737976850705126e-03
6.735912547615407163e-04
8.296277734374602267e-04
1.041773390032023783e-03
1.563775907555967765e-03
9.895585978158898642e-04
2.884991477089985084e-03
3.367169988886490641e-03
7.548606980884905440e-04
7.144855868960249979e-04
8.050297947780963833e-04
5.986559106159827044e-04
9.207906509595325866e-04
9.095199892055275126e-04
1.114659396618375127e-03
6.681912102511400114e-04
6.305670031067021333e-04
1.440925418354926458e-03
1.676167403262544776e-03
9.276938515397092390e-04
6.589771192615529339e-04
9.247085365167069266e-04
9.984060051200134307e-04
6.753318681479252277e-04
9.842109386670814652e-04
8.963523823935933520e-04
1.031721006738070155e-03
2.162334967936572604e-03
1.600627637896534288e-03
1.645831397588882767e-03
4.049600333011273167e-04
4.175370460446137569e-04
1.393495963159107178e-03
1.094167596688331396e-03
5.475030703790499925e-04
7.274387790654144583e-04
9.932329696326729074e-04
5.473635549175517260e-04
1.311258811143157675e-03
9.243089386304746561e-04
4.782245927355255051e-04
1.082917027556403854e-03
9.821061729263073393e-04
5.995859258966724017e-04
1.650786680160659789e-03
9.568215071382535439e-04
7.899951498323951223e-04
5.088049746966770643e-04
1.370500304024696667e-03
4.776678924524465145e-03
4.935743981511147129e-04
7.549605021202905998e-04
3.792699673397965389e-04
7.956486938606775012e-04
2.162334967936572604e-03
4.609312362374632754e-04
4.640820158116649042e-04
4.154267032496468197e-04
8.102112124046935773e-04
1.108613012680726741e-03
7.279676916434132689e-04
5.454076496768196433e-04
6.427039802657981155e-04
1.087574604907497579e-03
5.730172989100789727e-04
4.948443023979806057e-04
6.067001875224873947e-04
1.557112273229145074e-03
6.316197936486085684e-04
7.424520659463859380e-04
1.227879936077144480e-03
1.193442709848438563e-03
8.515342874927063271e-04
9.904521268660061543e-04
9.472156971936188672e-04
7.513852379186401146e-04
2.057383564273224802e-03
5.692784337942927977e-04
6.832004525778601891e-04
6.163080517899241105e-04
3.010773142987371951e-03
5.675381649435903885e-04
1.305565863466269690e-03
4.840642140510017827e-04
1.468218019553760821e-03
4.985072116423391007e-04
6.316197936486085684e-04
1.872179561772449163e-03
5.480646774596120794e-04
1.716296129861578056e-03
9.259222698370392444e-04
4.859147864383948174e-04
1.148420679448994720e-03
3.345781930576823427e-04
1.018901444188528415e-03
7.005218024219562025e-04
8.352079483236811127e-04
5.043265476281861073e-04
7.274493261164633904e-04
7.411894854129712738e-04
1.137883168918592562e-03
4.832885105342669464e-04
4.827410094098307891e-04
7.085144206143037353e-04
5.881304625790958725e-04
8.770817607342479890e-04
8.658412210120744251e-04
7.887885480667343680e-04
5.922550824945796086e-04
1.478956624741572514e-03
4.690793207408921160e-03
4.129021589271582998e-03
7.606645499124502999e-04
5.232973310752022343e-04
1.493631057653387745e-03
9.535209205373040625e-04
5.312327108825946236e-04
1.192861977877395516e-03
1.855991974218942474e-03
9.911482461165842164e-04
1.089660362860029891e-03
4.157701231098443525e-04
5.200218293671603036e-04
1.081152295322607235e-03
1.009092377021637279e-03
6.299961763430058075e-04
1.366470347123920591e-03
1.113739313248866391e-03
1.208838065096689380e-03
4.832885105342669464e-04
4.975325452162684741e-04
9.359225567467061935e-04
8.104424066317973295e-04
7.011000739521829929e-04
8.637823422135896103e-04
7.236258276965200310e-04
1.156537172313422011e-03
6.478448623628456967e-04
4.356529050343707112e-04
1.160425852963787360e-03
8.410225286275175996e-04
8.505026316833919509e-04
6.996436351062311791e-04
1.274009026922162191e-03
1.640015613044389651e-03
5.795396158344199265e-04
4.180005171462804550e-03
3.235330543579706657e-03
1.585705901724101608e-03
1.494540053700628510e-03
6.993543210752012698e-04
5.698360918095220044e-04
8.671328695277575813e-04
7.161956151674262047e-04
4.863094381038933142e-04
1.672219592660278455e-03
4.826009775401043315e-04
9.435609344164932631e-04
5.287537924052088025e-04
8.005271398045310039e-04
9.334831353528226256e-04
5.498749552897337113e-04
5.514488844720058991e-04
6.188901485159159065e-04
3.725498352765681948e-04
9.057862067448787082e-04
1.071516697398018679e-03
8.268841656303697234e-04
8.204458563197028053e-04
7.674707352713626982e-04
1.162911684698287196e-03
4.880198546619572177e-04
1.294760434518652664e-03
1.324161976498134654e-03
1.264087610520512510e-03
5.739763199340221136e-04
8.279125768144139251e-04
6.685642677933978806e-04
8.798573573201679768e-04
3.436866960760209355e-04
7.749192886683885619e-04
4.318732504174759707e-04
6.484470519626464461e-04
4.312955448039742829e-04
2.730013250263514223e-03
8.517124759506976023e-04
6.730267018218757512e-04
1.558705046798204274e-03
9.402837446264094515e-04
6.009290212390805278e-04
6.392677943683600485e-04
4.944596728788120668e-04
9.079385870134147173e-04
9.116547944243851313e-04
1.206862320071721466e-03
5.773025776418611249e-04
5.374829422604071117e-04
1.098375144954003837e-03
7.920625716408558059e-04
4.121083385654117684e-04
1.081087249822424139e-03
8.416307394913804607e-04
1.206963960605483745e-03
5.187327904105546545e-04
5.808664877099055336e-04
4.398661985176301973e-04
1.757497876737806929e-03
9.467850536692318285e-04
3.696633228377640100e-04
7.489664571585524398e-04
9.823997088174141711e-04
8.505026316833919509e-04
5.465821938469222303e-04
1.952733248997176726e-03
6.739557542881154280e-04
7.602890313663633213e-04
5.975325707491035889e-04
1.217183528400930369e-03
9.788499964395107160e-04
5.436749933298469376e-04
1.503630005863926689e-03
8.120414339015789460e-04
1.669072892617455171e-03
9.199899323630124966e-04
7.599376528795124142e-04
4.924640512803347622e-04
9.785509099189469533e-04
7.809307435612400242e-04
1.376445021915526914e-03
3.601049807894682298e-04
5.240466787681111790e-04
4.458638713516613534e-04
6.387674267766543183e-04
1.162111278755466369e-03
1.019180869661880009e-03
1.103198134667690523e-03
7.311681099618629965e-04
6.685642677933978806e-04
1.286236418544417720e-03
1.854793179403232484e-03
1.019154986102680177e-03
4.509798282343460219e-04
1.735563664805628379e-03
3.749167840733971021e-03
7.356659528461711442e-04
7.435558793947726237e-04
3.208452388729162883e-04
5.252503443753602603e-04
5.950986378722760090e-04
8.555266093844330049e-04
8.638671699332514317e-04
8.108821834089902179e-04
6.631635087223310045e-04
7.183875144953476028e-04
5.553489658472480963e-04
1.178004605470378335e-03
9.903487215206813622e-04
4.117964835571859099e-04
1.023230884099344271e-03
1.706033326560556186e-03
7.668412255451454796e-04
4.623020289932873645e-04
8.502546288647922119e-04
9.483336971890890012e-04
2.290885969542559401e-03
4.618139295310618136e-04
1.189404646696359900e-03
2.624588368397666287e-03
1.012963469902352243e-03
8.549655421830950350e-04
1.034714840412008594e-03
6.391657080292558000e-04
2.057584592379152130e-03
6.242470738534409156e-04
6.788773400202540711e-04
1.351145562586558713e-03
6.166449669092972713e-04
5.397102313757079755e-04
5.843655881788254076e-04
1.243203671451029342e-03
3.727639449378459288e-04
1.246932272719698895e-03
3.384167459812375232e-04
9.992239803773676505e-04
8.510965923669719596e-04
7.584152878556362680e-04
9.371575489948130288e-04
1.620273188708098392e-03
1.227879936077144480e-03
1.350724802430546467e-03
1.034281562953822840e-03
1.315526050516742720e-03
6.125099651911098840e-04
7.249287391762276140e-04
6.308722580414130934e-04
2.275811941173202721e-03
7.117794867339482341e-04
7.334340835369098505e-04
3.144284148130687632e-03
1.423136157818296168e-03
7.925100294090738767e-04
3.385171170498748228e-04
6.938927039858706729e-04
7.635681717785465245e-04
3.857983299055550448e-04
4.996281521219532798e-04
1.135686376627242315e-03
6.199249918041214655e-04
6.502021624470541872e-04
1.315875719785994684e-03
1.002989404453729760e-03
4.945588128073851765e-04
4.456426248859045769e-04
5.809944773758236999e-04
5.111126370668884816e-04
2.275939475092651678e-03
6.293362712619249028e-04
8.077487814275536920e-04
1.305116968850021089e-03
4.028348189858259060e-04
2.650225527783160902e-03
3.600935873517434370e-04
7.301283600680999290e-04
1.952733248997176726e-03
4.762581811464940379e-04
6.120073360108703019e-04
4.102947692391729147e-04
1.169061514208090272e-03
1.259866179005401975e-03
4.973384476778828838e-04
8.743067101431348763e-04
7.097567107378128680e-04
1.091256964575803862e-03
3.962506951644009876e-04
6.476929943032996937e-04
1.571345100779191015e-03
7.684117606274403585e-04
4.915511315570695022e-04
4.938419393291907820e-04
7.077795928607885255e-04
5.336671883943033433e-04
6.420280702467615324e-04
6.344625651832348735e-04
7.555906838138853930e-04
7.482878240260537042e-04
6.094271238079334739e-04
6.164370166692052485e-04
8.885757307185727363e-04
5.270931736721558292e-04
9.936450806010651334e-04
5.634452352969008702e-04
7.328674122381985487e-04
4.352836720474807211e-04
8.974413459590693505e-04
5.798463566415962105e-04
4.748173372551605840e-04
8.136520761563978063e-04
6.269425861458352263e-04
2.173278453012923890e-03
7.917782046449810089e-04
1.474123457890561548e-03
8.647932008657029622e-04
1.842887354419727374e-03
6.378231842776755115e-04
9.789746476543148036e-04
1.264840555286960442e-03
8.691116169958053523e-04
1.059705890707787236e-03
1.728717692616298573e-03
8.277815053166909243e-04
4.049917037559440901e-04
7.518849409423564471e-04
7.502127365128834430e-04
1.087264868248545655e-03
7.232358594081065521e-04
6.634275173207947792e-04
2.007884802972063985e-03
4.471214284434322389e-04
5.291599036752518909e-04
2.360507785530342999e-03
2.150579043085739089e-03
8.316520628781045232e-04
1.154336864465611888e-03
6.248765929318693055e-04
5.449570966809932828e-04
9.205802008120142054e-04
1.178039457119187854e-03
9.932329696326729074e-04
9.642478893886602658e-04
5.893944238786967115e-04
9.970646296706840630e-04
7.674707352713626982e-04
1.029726273361806404e-03
5.040414839860535940e-04
1.240997015868114959e-03
7.678117098680536327e-04
9.550050340022981374e-04
5.723442493870973657e-04
4.224244884142452656e-04
4.054069859280043592e-04
4.460306265381928925e-04
1.002190336872182952e-03
5.809944773758236999e-04
3.387587429479924995e-04
5.241528895712595964e-04
7.039586621702848294e-04
5.923282366641085964e-04
2.024822795528213957e-03
8.420970589177091290e-04
1.901003148656308034e-03
1.715134814426596795e-03
6.587485139432541813e-04
4.618139295310618136e-04
7.634934544739514902e-04
1.056176577979227663e-03
7.467151971952393132e-04
5.097706191608332741e-04
3.923657865142354015e-04
8.402019030297893471e-04
3.002994689647038411e-03
1.158225298764854576e-03
7.681924177448221395e-04
1.792093288269600493e-03
8.360699145334761235e-04
9.518440384821251227e-04
8.086542171616539071e-04
1.392776773285404326e-03
7.406366848005631809e-04
6.580469671136112211e-04
9.655596829771903762e-04
8.307904592832222185e-04
5.182989410823114068e-04
4.739851943332301816e-04
5.966520032419838629e-04
4.678341744874024797e-04
3.735382216096816963e-04
9.186970615360745248e-04
1.079346240102982543e-03
7.887161993375176993e-04
9.813953786883304001e-04
6.313594024921847202e-04
1.875842655559191961e-03
8.217394110075352306e-04
1.066196878154190147e-03
2.832184131011859091e-03
7.841871303504830033e-04
6.245449626001404282e-04
6.901126772480418222e-04
6.824496903911455225e-04
4.734324721606921935e-04
1.251918271690295129e-03
5.622269057939053563e-04
1.135970204740009877e-02
9.022342128905201219e-04
2.253047276394098356e-03
4.242584822770627978e-04
4.915511315570695022e-04
3.879321935603542802e-04
7.145502416625349211e-04
1.299604679080742804e-03
6.427247279190929571e-04
5.565272469163780973e-04
1.294760434518652664e-03
7.006090572844620454e-04
6.613983723077263141e-04
1.038986710431786522e-03
2.433820885506435272e-03
6.611888813890822152e-04
5.428230144290641752e-04
3.117737976850705126e-03
1.648193130886084793e-03
5.737532453522788383e-04
1.039803779090118759e-03
9.399135696609269485e-04
3.382407869316322846e-04
5.171472520284417637e-04
3.509216217471296077e-03
1.286236418544417720e-03
1.271549673915214288e-03
1.808738270533625939e-03
4.567260089069421504e-04
6.844688191040566427e-04
1.090908136350172281e-03
7.614788005040223386e-04
6.327978765761267275e-04
9.756926546415888848e-04
7.576002230793809061e-04
5.219254234614027852e-04
5.562295484074934520e-04
5.402908013930982772e-04
1.224958474661724155e-03
6.283426494446046982e-04
1.201274116459775856e-03
8.915744587468102996e-04
8.768503761623894135e-04
8.120104123817733143e-04
1.415741351382113601e-03
8.098475417338434805e-04
1.025626465897243279e-03
1.324266638688613657e-03
1.097861968799804591e-03
4.492534184512996420e-04
4.690793207408921160e-03
7.050214443828154961e-04
7.022640704808861796e-04
4.031863823932634147e-04
6.331474207224141839e-04
4.262549929037538331e-04
1.373619600296056972e-03
1.709904727168876917e-03
1.743059277444465333e-03
7.782836825643274893e-04
2.926756123702785404e-03
9.509398555718616593e-04
9.172208928595654200e-04
4.961651725686679233e-04
1.576568111927150470e-03
7.935890905090444130e-04
7.388371052521918369e-04
9.181208500250980778e-04
6.773817481368440453e-04
8.545069020951140968e-04
4.618139295310618136e-04
2.311842673866531302e-03
1.141154871624453946e-03
1.269809634873278513e-03
7.208307868934188010e-04
1.247166323839365336e-03
2.357776236198984212e-03
3.412799355874162927e-04
2.762137690148525580e-03
6.248743363996237411e-04
4.902261058908172382e-04
7.897667449987335079e-04
1.911812841503460160e-03
5.129474060839273692e-04
5.866966918007340435e-04
4.198450494210385128e-04
8.886311164006225087e-04
1.324681665400829784e-03
1.717414890941983607e-03
4.157023782039795802e-04
1.072886505972319273e-03
2.292256386092087015e-03
5.695970480435949557e-04
1.988969096331515835e-03
1.366470347123920591e-03
5.583126063487742945e-04
3.144433230103946069e-04
6.599225558055677636e-04
4.849078878442782646e-03
6.865771948519856305e-04
4.023778676423343760e-04
2.362268171223526943e-03
6.053031545730969045e-04
5.550973488041343945e-04
8.402019030297893471e-04
1.258979278721778861e-03
2.012151547620189863e-03
5.253221365868279442e-04
3.628927444337657921e-04
5.971291432490654499e-04
6.767674631070447850e-04
8.353938986725461310e-04
6.378231842776755115e-04
9.396197724645868063e-04
8.843953905148451301e-04
8.507909168187701310e-04
9.055072325933967480e-04
7.685392990380862264e-04
7.765576412058812364e-04
8.559046498971376211e-04
4.332038608677198348e-04
4.666930765910997400e-04
6.148065593977049921e-04
6.147775001664889001e-04
1.850796768715528770e-03
5.609123223140697473e-04
3.863544001939907334e-04
5.798463566415962105e-04
3.144284148130687632e-03
9.650947934869003172e-04
1.854673973312563401e-03
4.223089002263498816e-04
6.205996430196556411e-04
9.270557098201300623e-04
2.452055425659425969e-03
3.792699673397965389e-04
6.206546127059802418e-04
1.564618009596472747e-03
4.645961051685136632e-04
6.489412636951934947e-04
7.926104177872560870e-04
9.377597970217071283e-04
1.011004197798897946e-03
4.425351338343403427e-04
3.618847809887678312e-03
7.144672392334477104e-04
8.381522125951697613e-04
1.289441985095136868e-03
2.369787665911655180e-03
1.085438223281080241e-03
1.147653249324828142e-03
6.833184744052628280e-04
1.874875386616703951e-03
7.029081864970745377e-04
2.211870735948679931e-03
4.634969413318821077e-04
7.548764341132735683e-04
7.475362243444115713e-04
4.439764079664023657e-04
1.861974970570305296e-03
1.152617549841015044e-03
4.597754813148029500e-04
4.891526922708263518e-04
1.402628662265130487e-03
8.003982746722025339e-04
6.630681346950900983e-04
7.761945320328213519e-04
5.532059216329123213e-04
1.478958273632789439e-03
6.086893242823647812e-04
1.796754315652641628e-03
1.044844024383724491e-03
7.393266285473538155e-04
8.119492996272357436e-04
1.219889303701812006e-03
4.154267032496468197e-04
7.222383462592109121e-04
3.367169988886490641e-03
4.789830688351767534e-04
5.882839026884509976e-04
7.818182067738354548e-04
1.037414652724211878e-03
5.943404465943499934e-04
2.755893573753609872e-03
8.452995195105669291e-04
3.545677482189531801e-04
5.623214976802531949e-04
7.121830690005480271e-04
1.025585448022953237e-03
4.987809419132884815e-03
1.842887354419727374e-03
6.819402036811935677e-04
1.648926825048036178e-03
6.132893064844966791e-04
1.886957882246373050e-03
9.491533174315805845e-04
6.717583006319231657e-04
9.224133362709535395e-04
2.099813984819222552e-03
1.491399418835693364e-03
7.305194411774976410e-04
3.992748811234331403e-04
2.406782496224180775e-03
1.075023687603944523e-03
7.791925384819856212e-04
7.948665205973546970e-04
1.376710023998665858e-03
9.087903272894474202e-04
9.409660179104159918e-04
2.900499320755130857e-04
5.844843082096778551e-04
5.848355514719316174e-04
1.006269602943472233e-03
1.095293958073227962e-03
1.100164190753588535e-03
7.706626514547455916e-04
1.808970509106348681e-03
6.968985384023214727e-04
6.298567803613208454e-04
7.214660353225562208e-04
9.767756559192820355e-04
1.087264868248545655e-03
4.739851943332301816e-04
4.231103682899608445e-04
3.537914999342701441e-04
5.936597430679591220e-04
3.775891686627335796e-04
5.788497143879458131e-04
7.970599528634859498e-04
8.683511459310484489e-04
1.164598992228296033e-03
6.630257293793702985e-04
4.996836412302655068e-04
1.108560620035794596e-03
6.988887439707666595e-04
7.644885637815580217e-04
1.842806971696130027e-03
1.941135400462257838e-03
1.958478401484133307e-03
4.836934691135495387e-04
2.496471416686879986e-03
6.455470593323769067e-04
5.092345911926550624e-04
1.166693211213230396e-03
