3.793148654596191882e+00
3.802528772906703658e+00
3.327311877524203432e+00
1.979696338565808844e+00
3.841382517983406686e+00
3.841296575396663471e+00
2.289037938740237532e+00
3.763704863606990969e+00
1.842695378653953941e+00
2.262693466311042290e+00
1.635452405725871916e+00
3.709444190651054907e+00
1.939046725765966039e+00
3.852846743783760353e+00
3.830557803438752629e+00
3.876813308100811817e+00
3.793515208940751116e+00
3.870340663105470647e+00
3.774004949101893658e+00
1.761862636506891233e+00
3.842110695212304972e+00
3.192073883231609344e+00
3.433398269826333671e+00
3.812678809185388040e+00
3.903538115519393337e+00
3.656535427807580341e+00
3.810300692537829992e+00
3.713226875967941876e+00
3.865921278209810907e+00
3.861865935271306061e+00
3.905820627987274918e+00
3.841077742538229867e+00
3.204330384144709942e+00
3.866371612859011986e+00
1.900468444084668196e+00
3.804423804212351268e+00
3.822159396367904804e+00
3.706617809397829255e+00
3.794645083381247730e+00
3.776461536038248745e+00
1.489306834481006758e+00
3.586759961175113531e+00
3.870059569775790909e+00
3.785362621852499387e+00
3.818930434494018478e+00
1.703904691735278476e+00
3.848819590698496995e+00
1.790810822544997016e+00
2.397732142447098092e+00
3.704550993325935071e+00
3.864317357389542629e+00
3.089027437430452050e+00
2.857475485800990977e+00
3.881145020467501094e+00
3.903710764407565925e+00
3.892205208545726602e+00
3.769375981230957962e+00
3.844727103018373615e+00
1.573310837805519835e+00
3.821248424239608532e+00
3.894490135489133031e+00
1.471266558399226820e+00
3.802354368681011287e+00
3.072812636885968285e+00
3.530507062380462635e+00
3.581199646820075522e+00
3.844796909374676996e+00
2.289037938740237532e+00
2.899441583091708186e+00
3.862146444018778269e+00
3.834434896007131499e+00
3.785552123819988957e+00
2.461060138640106310e+00
3.325333454589233018e+00
3.723002297396579063e+00
3.790951157458650300e+00
2.452271097621510521e+00
3.891546313862324968e+00
3.764837305297698222e+00
3.859929888964019895e+00
3.815608252698052816e+00
3.841598014963736762e+00
3.849086876569763227e+00
3.844524151559882696e+00
3.758325436103344686e+00
3.483727093172407585e+00
3.704338144525936904e+00
3.523320171466405970e+00
3.797624717992451160e+00
1.729687403567961024e+00
3.720642046421799076e+00
2.679878087074305526e+00
2.448396408081884079e+00
3.778419955079183268e+00
3.891162668967758087e+00
3.811888206489422171e+00
3.861233910680611281e+00
3.803159601125886358e+00
3.853729955458268019e+00
2.556656468734474164e+00
3.740507072805240085e+00
3.902444319082321478e+00
3.879923566896043674e+00
3.872221262491200910e+00
2.313149055780683305e+00
3.660312408066694889e+00
3.737939944164737405e+00
3.764588795203848370e+00
3.862924738838354521e+00
2.041672684881230992e+00
3.779819531477210504e+00
3.859041474165435748e+00
3.817127661952383288e+00
3.807595021263508350e+00
3.844312182620293505e+00
3.133658289921124496e+00
3.262566063932216043e+00
3.016395024900929922e+00
3.051573341131495809e+00
3.884355672649892899e+00
3.697512672972848691e+00
3.757382165690136944e+00
3.871080179298154622e+00
3.130237226893729297e+00
3.660768907877130829e+00
2.393779127895353742e+00
2.578176225103905317e+00
3.791677579130790843e+00
3.076190493559926242e+00
2.256183877355745437e+00
3.829816870508242488e+00
2.094493687390703407e+00
3.856370559714606294e+00
1.506089488310940139e+00
3.093390754077478544e+00
3.738613685368451289e+00
3.869294916592699529e+00
3.721267090330398375e+00
3.881034292742988168e+00
3.844190962977510395e+00
3.859062355870635397e+00
3.885863167352697989e+00
2.289168345016328932e+00
3.832525592313304585e+00
3.867993316476154853e+00
3.837392925495577867e+00
3.847386543404749837e+00
3.819399463036163844e+00
3.854933495597052673e+00
2.745438201019938518e+00
2.984361907428859428e+00
3.838775295834889079e+00
3.870497886256653253e+00
3.053114089795660568e+00
3.628985943932173885e+00
3.889922516324624713e+00
3.844893083889667995e+00
3.812215540267557046e+00
3.712211872619756825e+00
3.827529526655287562e+00
2.710140356994502842e+00
3.640173238058861838e+00
2.655979529520884785e+00
3.788567481530758840e+00
3.674374540963483149e+00
3.771114236318852786e+00
1.560760430236802776e+00
3.784470753093399864e+00
3.646511135156216721e+00
2.347515421193311802e+00
3.377564591369455638e+00
3.901745512245160086e+00
3.856976040172339637e+00
3.841929911078662663e+00
3.837642159066313230e+00
3.795705212150473518e+00
1.364930742717485490e+00
2.268542081885640549e+00
3.895502516344708344e+00
3.829880897235366177e+00
3.805189464630218232e+00
1.705958514537109671e+00
3.800028855412630246e+00
3.397039651351968281e+00
1.799907903164037926e+00
2.231069886934562430e+00
3.811452872913693390e+00
3.893780449085892048e+00
3.028419567380161048e+00
3.809752786646551037e+00
3.712789367163854770e+00
3.747762049240333404e+00
3.812669892247555037e+00
2.427305962005258166e+00
3.904006567179902909e+00
3.865921278209810907e+00
1.653365759749990227e+00
3.760838497989437812e+00
3.177875524764532056e+00
2.021101197498405444e+00
3.799007791997692340e+00
3.433398269826333671e+00
3.521027903126081160e+00
3.822969976765477451e+00
3.703263408273622659e+00
3.158745599291282957e+00
3.820766296657149397e+00
2.309493470692892458e+00
3.670174423058165658e+00
3.175105418133331803e+00
3.017850316907326746e+00
3.820820772674154320e+00
3.748196388009436220e+00
3.774836026032143632e+00
2.651129627041834080e+00
3.250621756627185999e+00
3.899313320068937827e+00
3.741836217701720368e+00
3.840416795494648206e+00
3.760095468842665767e+00
3.607215708854388136e+00
3.761144186552756175e+00
3.902219887882272698e+00
3.796672789129581282e+00
3.072159697839357051e+00
2.146017871474923844e+00
3.795604921224150274e+00
2.866385908320284948e+00
3.792676444614572873e+00
3.502138972079069212e+00
3.901774349529997465e+00
3.793470266773174782e+00
3.720788563631682866e+00
2.048157106651747217e+00
3.841527895072624599e+00
3.703994771923111440e+00
3.578598726845081845e+00
3.448188081134549776e+00
3.823079653044116455e+00
3.625554377845622955e+00
3.736737520761976405e+00
3.823956784608654402e+00
3.851315445456740427e+00
3.834976022632580861e+00
3.873201021702749713e+00
2.980689976281270415e+00
3.884300209660763059e+00
3.795863555091961494e+00
3.711466830294047448e+00
1.752008055742076520e+00
3.901522529556546992e+00
3.806565504906120889e+00
3.858633731806342837e+00
3.766832822518939139e+00
3.294999732741605403e+00
3.825782533324930679e+00
1.941717252133931648e+00
3.648388214556381293e+00
3.860185391547418021e+00
3.832503336028665775e+00
3.634933981887583876e+00
3.793417646374331653e+00
3.795556674116957296e+00
3.902576779829113551e+00
3.898581186102359819e+00
3.838716855750825108e+00
3.743721643028230073e+00
3.543264502139179317e+00
1.900627987023811416e+00
1.528124593957137956e+00
3.720202804227528581e+00
3.778645287125520724e+00
1.705958514537109671e+00
3.130237226893729297e+00
3.821748846761664709e+00
3.368369541931843791e+00
3.775144409476630880e+00
3.852565010179190619e+00
3.466723081353753066e+00
3.592864413893456899e+00
2.197494050520095499e+00
2.635486325490114634e+00
3.513068142595939136e+00
3.078710881181299541e+00
2.460253570982424698e+00
3.691251506410426764e+00
2.504926714334790638e+00
3.801314786060524309e+00
3.751305079651411134e+00
2.745438201019938518e+00
3.833037731246232482e+00
3.832313566619776957e+00
3.738613685368451289e+00
3.724821522605603619e+00
3.682545691892062489e+00
3.570108016975706011e+00
3.838310684999125755e+00
2.117648640054390796e+00
3.741066283770345002e+00
3.883855847439151798e+00
3.749218093248985806e+00
3.619640915732664332e+00
3.601482058684824406e+00
1.711798160170745930e+00
3.820734212327532298e+00
3.875178000990094684e+00
3.838569771412956744e+00
3.863928476194136152e+00
2.562670526176951569e+00
3.758802874670172933e+00
2.989742899114926189e+00
3.761755669846354788e+00
2.814446393540044777e+00
3.827342895851906679e+00
1.559153255014436912e+00
3.456751532411374228e+00
3.863064237665606804e+00
1.915046281746148438e+00
3.852401717106864520e+00
3.836905905408687811e+00
2.774855752240953155e+00
2.179533769267655963e+00
2.157658146947219358e+00
3.890385182514158657e+00
3.888308713450880916e+00
3.896477721735406519e+00
3.903206727117281893e+00
3.884640576872474771e+00
3.724075026617670314e+00
3.890953485801788236e+00
1.622167810403927213e+00
3.860177608422779016e+00
3.787547850507198444e+00
2.942996724553823551e+00
3.847932972648762551e+00
3.022513033617803657e+00
3.844247648557065133e+00
3.224578805949724014e+00
3.875863227506002318e+00
3.252411476964308434e+00
1.781507247954043249e+00
3.833603851571115939e+00
3.762112035368309293e+00
3.833289889591126265e+00
3.890651707417414507e+00
3.835372619924072968e+00
3.821025034813923860e+00
3.873627253632630385e+00
2.605635226745166566e+00
3.834271399288577964e+00
3.767876654631838296e+00
2.962814471358361956e+00
1.621610604995227911e+00
3.818038908119369967e+00
3.736081756017972655e+00
3.839208307586065683e+00
3.846163577617520257e+00
3.799637253549636107e+00
3.874273076145166694e+00
3.523453587312157520e+00
2.978780035076722843e+00
3.857752519601382879e+00
1.180733869561814808e+00
2.123176909538880608e+00
3.788292574737808671e+00
1.559153255014436912e+00
3.557917780207804359e+00
3.603332050949776377e+00
2.494202560389044088e+00
2.253124449192092094e+00
3.824995764606712090e+00
2.231672764681971621e+00
3.056286626331472522e+00
3.283002704644828462e+00
3.725853353503472576e+00
3.791159078219723089e+00
3.533575374230120580e+00
3.823701117878260280e+00
3.490530169943710792e+00
3.579958166868935976e+00
1.734222408203297983e+00
3.153354438725953557e+00
3.411896199842179733e+00
2.810390850106303517e+00
3.879660868833161302e+00
3.674713483177142415e+00
1.577704688144340839e+00
3.837526253440629809e+00
3.823378749101816965e+00
3.816511668918117550e+00
1.687949763961266170e+00
3.895213867139838193e+00
1.824247865694577531e+00
3.624743361524406904e+00
3.723203682873625908e+00
3.851807301436876330e+00
3.457483294539815510e+00
3.889380501939862178e+00
3.862091923335530641e+00
3.610265062757834542e+00
3.776048127880023308e+00
3.899860906988765308e+00
3.878590424074888077e+00
1.199917959316803229e+00
2.388083882979650241e+00
3.826682552279697447e+00
3.772756006777121751e+00
3.799529186396707559e+00
3.865574639740831042e+00
3.898219968428597859e+00
3.878938497100180793e+00
3.820184302163025514e+00
7.546131788847324495e-01
3.892469662831181232e+00
3.257097564015359215e+00
2.205291785394744686e+00
3.903303372884157962e+00
3.859592107222792556e+00
2.132981009457451282e+00
1.955241150950078222e+00
3.845528632905389266e+00
3.797374600980182091e+00
1.180733869561814808e+00
3.871004540350837964e+00
2.532823111427362939e+00
3.621376056452729753e+00
3.298381660256052506e+00
2.633459300198064845e+00
3.719080921463459255e+00
3.819326537134901667e+00
3.825995010376535443e+00
2.633362560564815880e+00
3.854539218636549691e+00
3.797873173377275702e+00
2.356374034529141959e+00
3.886519124483573950e+00
3.203592090815604365e+00
2.738443706253212095e+00
3.375415678812180076e+00
3.680611299077302334e+00
3.793470266773174782e+00
3.904481074224126047e+00
3.719746766543570615e+00
1.618078103072440044e+00
3.135137496570620907e+00
3.801375504715234221e+00
3.458646006138454077e+00
1.837025528276728492e+00
3.781259373722894779e+00
3.790849030572338130e+00
1.887630337362607325e+00
3.683132740634341928e+00
2.048331549827992148e+00
3.799769207375613078e+00
3.890356194319302574e+00
3.790322360755591813e+00
1.518107285769126236e+00
2.359273440399655808e+00
3.539267616743002609e+00
1.563370646706475409e+00
3.792086266409663953e+00
3.374113209672790159e+00
3.829983266134675546e+00
3.602255904523203434e+00
3.745525449499103932e+00
2.676435057278127250e+00
3.851337456057585484e+00
3.844578750797312150e+00
2.192760111081019758e+00
1.799686291494626555e+00
3.872049059222915091e+00
3.792749931714848088e+00
3.524335193884011286e+00
3.825081042288676070e+00
3.888948683563439701e+00
3.537149028596270117e+00
2.709297419053385170e+00
3.848764255846287785e+00
3.792767009004590406e+00
3.664697122326724177e+00
3.399435345376860873e+00
3.565021712865893200e+00
3.672611773367830956e+00
3.384540867358290406e+00
3.886793235161631888e+00
2.945316729846661374e+00
1.714932802997066519e+00
3.833689365975987862e+00
1.538492040347140044e+00
3.073494323286638519e+00
3.822274651499173004e+00
3.820531676558569956e+00
2.951063855383702084e+00
3.896583768034514339e+00
3.830327984608588032e+00
3.849704687545011605e+00
3.801945012787891098e+00
3.647926490050440673e+00
3.861986793776994276e+00
3.067383162310706624e+00
3.866416451218381845e+00
3.821262330670530893e+00
3.834432736778321527e+00
3.807474212213499243e+00
3.792335113686120529e+00
2.238085405513753123e+00
3.845868967185674947e+00
3.818904365890143371e+00
2.477543789271626107e+00
3.822885027190758844e+00
3.689863025878418412e+00
3.823221349320610418e+00
3.715724780343516720e+00
3.887178173111971891e+00
3.879201100500142108e+00
3.886510730108827971e+00
2.961819328228500581e+00
3.782325190604292064e+00
3.754685805480694860e+00
2.187075106509740685e+00
3.663650571570201908e+00
3.868652054695593367e+00
3.833211681706899299e+00
3.323091386824441607e+00
3.892388397895289120e+00
3.690360057267751515e+00
2.206970899186550206e+00
3.843196504901657207e+00
3.849157827695204759e+00
3.532334640857688335e+00
3.763163754306257935e+00
3.863143675283300382e+00
3.816414873923707596e+00
3.863116058684717302e+00
3.462566864719371029e+00
3.814631028428128623e+00
3.786809514097420504e+00
3.816631835135003925e+00
3.379886349509326315e+00
3.844578750797312150e+00
3.872779538033535918e+00
3.656562732311963160e+00
3.777300310025293761e+00
2.808731891514689050e+00
3.870313144285140172e+00
3.827249524877202713e+00
2.048331549827992148e+00
2.525051574019570033e+00
3.843841482450082392e+00
3.795053512079502589e+00
3.871524279758944420e+00
1.852198523189135138e+00
2.954572945071278323e+00
2.218070609176177932e+00
3.426662108773648630e+00
1.884742756541123221e+00
2.030060445641535427e+00
3.792028770818370642e+00
3.666530010022121644e+00
3.882498324325272421e+00
1.658672440645711177e+00
3.849984203643442182e+00
3.865635499003313047e+00
3.845504282701061260e+00
3.709726166953288384e+00
3.786969758551415932e+00
3.771515650005379694e+00
3.844527122446474543e+00
3.816730345111706946e+00
3.836595209339761947e+00
2.905850018104572552e+00
3.556651842143136122e+00
3.887588085649031466e+00
3.863111957476185410e+00
3.681277697559299344e+00
3.752535170163992184e+00
3.254757283878434215e+00
3.822882770773182060e+00
3.772383571489164034e+00
3.807186596987216731e+00
3.774044737092062896e+00
2.448740625612028765e+00
1.865318631448389386e+00
3.809452448761469157e+00
3.009529903063297596e+00
3.864200604896341318e+00
3.838528444870712431e+00
2.847375755257468111e+00
3.846302787151639535e+00
3.900658091261900218e+00
2.857475485800990977e+00
3.819351673682810588e+00
2.470353994314192558e+00
3.856864037237856646e+00
3.886046748175269627e+00
3.439615178272476648e+00
3.829211216521583694e+00
3.770946507394620895e+00
3.481139207786240863e+00
2.120122536817507175e+00
3.260641926453633044e+00
3.847000723742523220e+00
3.786475894640956685e+00
3.795603169507838714e+00
3.806336450098131152e+00
3.743047664785398077e+00
3.220613758084132527e+00
3.825589109954897094e+00
2.489076404340218929e+00
3.698860296015239246e+00
3.567676971720958878e+00
3.865679063661114245e+00
3.558817266160282600e+00
3.433398269826333671e+00
2.392326402871034485e+00
3.043716719185991959e+00
3.871238093735261732e+00
2.273763299431180052e+00
2.030060445641535427e+00
2.604026621012591747e+00
3.794971276262139703e+00
2.458705593083840846e+00
3.858844096630421383e+00
3.868678836019253886e+00
3.846754504325625490e+00
3.850516600871843220e+00
3.867959043889607873e+00
3.634024176490614710e+00
3.891191539255949294e+00
1.884742756541123221e+00
3.768324275907767529e+00
3.594535691770482266e+00
3.900760240276873070e+00
3.779731211370308763e+00
3.815374750507769974e+00
3.544224108408243090e+00
3.812032758148068190e+00
3.864087415085915911e+00
3.681842008627457918e+00
2.415078582690552977e+00
3.086272845462974868e+00
3.594033570639429520e+00
3.827141479931809087e+00
3.653448400582559596e+00
1.672178361641211808e+00
3.792335113686120529e+00
3.137012941074018624e+00
3.797032321475414030e+00
3.773212343175877059e+00
2.063908550158066291e+00
3.854789089811544667e+00
2.565529796850249955e+00
3.810205773811977892e+00
3.896011489497667846e+00
3.765530467949155025e+00
3.864317357389542629e+00
3.822515625468571265e+00
3.721265516623666780e+00
3.866089598371651448e+00
3.724298627055246946e+00
3.666265374613221439e+00
2.590504702502052670e+00
2.868383590390954030e+00
3.802555781016228043e+00
3.899476814947947290e+00
3.776048698754543409e+00
3.790675333630983079e+00
3.823421689544720614e+00
3.620836284396663718e+00
2.371396904260713256e+00
3.718261641481507063e+00
3.791818365053725159e+00
2.978516098400233680e+00
3.874316558786443210e+00
3.867055539518579277e+00
3.697302074331527688e+00
3.886046748175269627e+00
3.668161235298122325e+00
3.753043271119920199e+00
3.723935821807569546e+00
2.211836964171113973e+00
3.903781419559169130e+00
3.826658015634540888e+00
3.770678283265931352e+00
2.917279317294534824e+00
2.745438201019938518e+00
1.729687403567961024e+00
3.557186651153314116e+00
3.553666531670676143e+00
3.842051090761134269e+00
1.864387956827078918e+00
3.283002704644828462e+00
3.734934664107430358e+00
3.352582219836088839e+00
3.866074872422162301e+00
2.375420411510676288e+00
3.878745485752973288e+00
3.780013585678701826e+00
2.761882292973644848e+00
3.719756574109946534e+00
3.408817431959114685e+00
3.857219389696199485e+00
3.896905113160390677e+00
3.698339741920157131e+00
3.903918232073963601e+00
3.329750694277274992e+00
3.838841463431012180e+00
2.146943319115126148e+00
3.778022325976444051e+00
3.801712760124414725e+00
3.271745138382305740e+00
3.522783105766190914e+00
3.862016160228033623e+00
3.578043465591932648e+00
3.900632285403068167e+00
3.857356313709848550e+00
3.779991068609457550e+00
3.874572328430722745e+00
3.384784281254594518e+00
3.402243221302025056e+00
3.895748096581758801e+00
3.817940146512936561e+00
3.002100045783747451e+00
2.781440701860792952e+00
3.590413851559747016e+00
3.881130728443676681e+00
3.861738523767116238e+00
3.873395481846232169e+00
3.839576232994868832e+00
3.307738822940978096e+00
1.979712005986705492e+00
3.639622616781784892e+00
3.478965834322758965e+00
3.829744230627420531e+00
3.732440211181218714e+00
3.839863259476098190e+00
3.112963040841965068e+00
3.807646861865102927e+00
2.180309756722926373e+00
2.558483745437540868e+00
3.239004037340269981e+00
3.566389830609731249e+00
3.850000833377734466e+00
3.699914635739296465e+00
2.266084013735152780e+00
2.845531059022548881e+00
2.539978829661593274e+00
3.837475457498609188e+00
3.747381835912833470e+00
2.229418555344155450e+00
2.839190715262719600e+00
3.853800839559976765e+00
3.728037686080193591e+00
3.799683111827471205e+00
3.713713375073376621e+00
3.837477900243976503e+00
3.336389621293397223e+00
3.759051977396520527e+00
3.887801582929722333e+00
3.887651549546986995e+00
3.850357971662632384e+00
3.760323454105521268e+00
2.448396408081884079e+00
1.484304998381007046e+00
3.636503458604929850e+00
3.814038507309823522e+00
1.910112919254553621e+00
2.517049963865414686e+00
3.900605854743443235e+00
3.764398966571754102e+00
3.889805886191438855e+00
3.891455434042991879e+00
3.790913218921161842e+00
3.075766523653463480e+00
2.238144653253544281e+00
3.877295493440767515e+00
3.793214362220064917e+00
3.674250709456808650e+00
3.828436539673261141e+00
3.891927011419167304e+00
3.876939180274815655e+00
2.034311339403997998e+00
2.663918402796648710e+00
3.815270841101755739e+00
3.885429865954761475e+00
3.484096812195919046e+00
3.508111262969792588e+00
3.858873042317863877e+00
3.888087919332698483e+00
3.870970791890310014e+00
2.254686105625254289e+00
3.877158047916016148e+00
1.746162653287810729e+00
2.914841543622220144e+00
3.841453447128998278e+00
3.759877556444943369e+00
3.889808509253985136e+00
1.863918047599502081e+00
1.042001144366502485e+00
3.443022652809501150e+00
3.897428434323035873e+00
3.600407571175714860e+00
3.809369446425362238e+00
3.759051977396520527e+00
3.293162732377562740e+00
2.132981009457451282e+00
1.884742756541123221e+00
3.867304403354340003e+00
3.606739865338338014e+00
3.674300842384815802e+00
3.787573862797770197e+00
3.754612804586558550e+00
2.258189472592294411e+00
3.022513033617803657e+00
1.833063828963222619e+00
2.948893398371703167e+00
3.637615380076491434e+00
3.646998005057311421e+00
3.851205941344545192e+00
3.799636653495714000e+00
2.347512968276022072e+00
3.861153459197728122e+00
3.801616974416818451e+00
2.901887221934857042e+00
3.565354965895166650e+00
3.614552256618671411e+00
2.300943236312632756e+00
3.718647783718685762e+00
3.740667811247652796e+00
1.816859566525723668e+00
1.612927404981286061e+00
3.793914202782405098e+00
3.820603967548113822e+00
3.793167443578224329e+00
3.901412647378136089e+00
3.510406625382194612e+00
3.795132687002304994e+00
3.581445976976984191e+00
3.829588504807980964e+00
3.775865379332946858e+00
2.458705593083840846e+00
3.853286680691841326e+00
2.984361907428859428e+00
3.808387384778524343e+00
3.433398269826333671e+00
3.808813800779335956e+00
3.729719742251196735e+00
2.272062934065132822e+00
3.803117403340165126e+00
3.851679474661345637e+00
3.797706483505311592e+00
3.747000158685239501e+00
2.213120727250867503e+00
3.855083888051261010e+00
3.693616321621589371e+00
3.874310411070394977e+00
1.508643110054527225e+00
3.822719136046925481e+00
3.856117168798784078e+00
3.881034292742988168e+00
3.485760960135001696e+00
2.528294397856583053e+00
2.781434494169666927e+00
3.857859079217276665e+00
3.798664883061074082e+00
3.859194617915459702e+00
3.444982008530510953e+00
3.850151986665919068e+00
3.148508335035670846e+00
3.768138614026035782e+00
2.925465569052306147e+00
3.896232542088919004e+00
3.811879403613757766e+00
2.431198554893775565e+00
3.453209390543513280e+00
3.899981077873735380e+00
3.644752689143439639e+00
2.289037938740237532e+00
3.825632042303761970e+00
3.816136183099893664e+00
3.794971276262139703e+00
3.818458697466259544e+00
3.273689146099109326e+00
3.652423409712031610e+00
2.801151078854857701e+00
1.042001144366502485e+00
1.746209880972311002e+00
3.779991068609457550e+00
3.785609365955433514e+00
3.882018790860582325e+00
3.832231593000216208e+00
2.973077635756470549e+00
3.842908615935620276e+00
3.811377577619125212e+00
3.802672734833818513e+00
3.822253500587063257e+00
3.753283805401304463e+00
3.894290458042009906e+00
3.098340324498015441e+00
1.648450853530676108e+00
3.857278038181071178e+00
3.835974928685773389e+00
3.821515015595439380e+00
3.591499161510014471e+00
3.825105953521961144e+00
3.850309989502424646e+00
3.886558731553123813e+00
3.237362726676583424e+00
3.880023581540347877e+00
3.831414567016874440e+00
3.558817266160282600e+00
1.744895234590125854e+00
1.981487598925365079e+00
3.793976198138989453e+00
3.427332451666853519e+00
3.730553598414805272e+00
3.892229744761263710e+00
2.052907503324091998e+00
1.688777413518541159e+00
3.827142103947668073e+00
3.684673819045269028e+00
3.636503458604929850e+00
3.871512984477634145e+00
3.880770678659388739e+00
3.825778211282414798e+00
3.714758708287409839e+00
3.721154036185855496e+00
3.828086288299934914e+00
3.866741942813293864e+00
3.799989568609997814e+00
3.046093310467871795e+00
3.778118454783552682e+00
3.819576143519185951e+00
2.289168345016328932e+00
2.677518647665262819e+00
3.754087695695969007e+00
3.766670583149054785e+00
3.464878831063495479e+00
3.876360938984237947e+00
3.811725364050672749e+00
3.806293732258971829e+00
3.283002704644828462e+00
3.841249825894660574e+00
3.899174726991609496e+00
2.089007818369803537e+00
3.866716915824286449e+00
3.703578437942915969e+00
3.812970099689296788e+00
2.928491310361175159e+00
3.860246260956350817e+00
3.866282675906183020e+00
3.797622619527934784e+00
3.350413005396485122e+00
3.754340549908693259e+00
2.899631569281365007e+00
3.867287223883761449e+00
3.826404223248550895e+00
3.829498083323824797e+00
3.812351343296653372e+00
3.870806979403603520e+00
3.819312570167883170e+00
3.896634536590547260e+00
2.353826567751617471e+00
3.863087477989188834e+00
3.808704259462291741e+00
1.799907903164037926e+00
3.880174202958810437e+00
3.811215823728107299e+00
3.317878235252586183e+00
2.096669066383833879e+00
2.181257967864755898e+00
3.766654070819392963e+00
1.687949763961266170e+00
3.016887290414133727e+00
3.130237226893729297e+00
1.824293048253393668e+00
3.811112475313273240e+00
3.793526377322531395e+00
3.798361635208722831e+00
1.773583594813462616e+00
3.859345154990271975e+00
3.893571372329828861e+00
3.894183021087566310e+00
3.834976022632580861e+00
2.074074224616529349e+00
3.791192143903440837e+00
3.889545446102196102e+00
3.688761420088174869e+00
3.640919650364858207e+00
3.859142226452356272e+00
3.570791388547787548e+00
3.883465833351630092e+00
3.841921995541019097e+00
3.869707498769129117e+00
1.824293048253393668e+00
2.379236304599896545e+00
2.385721326229814920e+00
3.164389534546381277e+00
2.207865936981895150e+00
3.906502078545241119e+00
