4.375257446748733294e-04
1.037690900051683541e-03
8.655376391531009869e-04
1.468782897072668609e-03
6.203851665176622794e-04
7.445782125294312000e-04
3.809738428786165116e-04
1.191516067967778644e-03
1.031489984685553815e-03
1.123163024870432692e-03
7.083387498048688896e-04
1.146732324711545112e-03
4.220333548162119911e-04
3.234165428706136237e-04
6.716317115743095740e-04
4.843410702046737834e-04
1.069880672867320939e-03
5.347344256897269919e-04
8.356635779718791764e-04
5.050957542100853372e-04
5.644626211101937173e-04
4.353190336768391873e-04
1.496487252273260779e-03
5.714293567743414411e-04
8.602525088905726286e-04
9.768185636048038432e-04
3.564768805767379312e-04
5.537844679109924862e-04
1.557781074405886453e-03
1.008680508062052795e-03
4.578526339631221447e-04
2.681056485375063296e-03
4.719437434609823978e-04
7.462880464423472630e-04
5.187225971856983513e-04
4.989195851941930285e-04
2.620498264236465684e-04
2.437862640175706124e-03
4.548179890486728151e-04
9.177443465911856160e-04
8.951656789391467233e-04
2.690405441648421056e-04
6.613412017275862101e-04
4.792368726834161409e-03
2.300626071682477884e-04
2.744634200351649795e-04
6.340187882281363803e-04
5.274057637722143069e-04
2.221151652531146940e-03
9.118981838549192068e-04
1.121355516271309218e-03
7.321210269318756403e-04
7.135989239123143512e-04
9.060204442372516960e-04
1.536939720411341446e-03
2.012722438993960750e-04
3.361423621227942020e-04
7.711813269274110476e-04
7.838198529093412959e-04
6.421025473218465625e-04
9.367143240559738446e-04
6.849929579591782815e-04
4.370087110486514507e-04
1.118803764329047348e-03
5.997154027262225013e-04
1.085057861528320637e-03
8.916492282517062733e-04
6.125432115551927501e-04
3.991685149826254293e-04
5.567278110150654597e-04
7.415887440725982965e-04
9.328410937479419268e-04
1.125135295634291767e-03
1.281902839557174994e-03
3.863718888117077636e-04
2.776986218164037025e-04
1.096457643797794056e-03
1.844493674219673147e-03
1.085837073270244993e-03
6.197241639057184158e-04
5.489467778780574578e-04
6.771017292804473861e-04
6.863764390444436394e-04
3.889629188311481234e-04
8.896054431824187330e-04
4.679433138150378819e-04
2.272003866996451064e-03
9.997772745243612303e-04
6.528763905039651439e-04
6.992580239552875342e-04
1.368283843952391348e-03
1.223582544820383004e-03
4.865319911301514829e-04
4.598664818345021116e-04
4.857474438626354176e-04
1.583324499307008602e-03
2.813355627899986476e-04
4.016872569465258693e-04
5.358457709368496949e-04
1.188576330388823503e-03
5.707739417579313010e-04
1.039815127551507474e-03
6.030113664976066538e-04
1.680037155426310170e-03
8.960013359828219700e-04
6.005538397495854960e-04
7.191734329105779712e-04
7.113444081894100459e-04
4.818551787149541856e-04
1.169104651132077096e-03
4.201453507622989500e-04
5.535364508854724933e-04
5.102613784178319269e-04
6.516584131724225456e-04
3.350696207875164577e-04
7.017863520498394004e-04
1.559319305333769536e-03
1.771475720456516280e-03
6.998704844305543788e-04
2.097079208781336794e-03
1.447717882398070902e-03
1.275798273274279804e-03
4.195065920156044992e-04
6.640994886661323246e-04
2.964526175536207086e-04
7.296702296873413835e-04
1.131103454060889205e-03
6.951576376931707961e-04
4.126163644155807220e-03
4.636042431303597595e-04
7.730793113051364837e-04
6.623143004551322382e-04
2.711069047007389279e-03
7.453937398807697259e-04
1.806232185344811827e-03
5.777380640657304263e-04
4.594697621643706255e-04
4.154516463822167439e-04
7.346929747595914084e-04
2.772364109512217146e-04
7.389138845446096551e-04
3.059643823548487780e-04
6.701028942467053334e-04
5.493038071541143886e-04
5.376029741939056467e-04
1.269720047395865017e-03
4.136938687583359116e-04
4.326473462223251487e-04
9.248893774987131979e-04
6.560298708921619105e-04
1.172231374691794876e-03
1.348231422857824576e-03
1.483548295171329117e-03
3.087475602425648544e-04
4.025456777881050220e-04
4.794551016945895403e-04
1.577061571638207083e-03
5.677797021404937770e-04
6.575391916004679751e-04
1.012272239623813455e-03
2.874898636484728718e-04
4.557958106585998140e-04
5.011965935813294647e-04
1.152305620658475305e-03
1.102045202381240303e-03
1.064089362121839943e-03
6.971641115967771836e-04
8.132438184620802884e-04
6.685122038788495792e-04
2.419472050385282087e-03
9.056924202567230185e-04
1.498134529800432832e-03
3.519217898281674353e-04
7.968602192038645162e-04
6.641109980905728462e-04
8.160363574156871257e-04
2.966940816222192532e-04
6.070751565480281189e-04
1.226252500047660555e-03
3.484362753624148184e-04
3.685325149902699124e-04
3.058308997216432077e-04
7.110114279983325214e-04
5.468340085028520169e-04
6.679433968151519702e-04
4.460012560753458927e-04
7.332054031959873508e-04
7.886716996868070942e-04
3.538764137354827614e-04
2.161370643331472861e-03
8.961779925984349323e-04
5.975765815199544223e-04
1.225051235759975566e-03
2.666736890825978368e-03
6.513018895882916656e-04
1.053798332344369794e-03
4.741215031676862101e-04
3.208563195583962976e-04
5.675689890001701281e-04
6.649585990294087576e-04
4.078369382506262975e-04
9.236874387792888032e-04
3.906090631306715754e-04
1.281401830155073094e-03
2.113844807978845428e-03
9.643017821056476969e-04
1.080252774899470407e-03
4.278310190188611833e-04
3.334925706938749812e-04
1.741737060336804492e-03
7.331644254120150929e-04
4.713875121921608409e-04
8.615985994034287875e-04
4.704928668949426383e-04
9.691049259653990123e-04
8.862999130239863910e-04
3.429885826073927392e-04
4.540123370114662626e-04
1.118303210911830931e-03
5.274710864089001685e-04
4.653200850796917966e-04
2.024935132811406680e-03
5.868663862231501566e-04
2.169229134696974877e-03
1.137321315682903455e-01
4.175752410126740643e-04
1.024429906425970618e-03
2.338019772974460255e-03
3.897718901399405632e-04
1.134276789127922330e-03
5.918968944917829024e-04
4.123040196590632245e-04
3.631113422703757245e-04
9.823621622775621266e-04
8.222142815061942627e-04
4.916886464348455390e-04
7.223173561233932425e-04
2.047273881670065576e-03
6.576224796195920480e-04
8.110365263584555246e-04
5.535364508854724933e-04
1.149437011587858826e-03
4.846643688806604399e-04
5.134790197651330603e-04
8.398849027079267979e-04
1.270331948956105080e-03
1.269720047395865017e-03
7.114776924973276748e-04
3.701802358712594915e-04
1.223810948986594257e-03
5.596528782909541803e-04
3.619397140514464214e-04
7.050238438987379338e-04
8.459688442678133229e-04
9.375625031566713497e-04
6.392750669516655869e-04
4.888320963305379727e-04
5.339988533949190140e-04
9.780781384407057945e-04
3.049924429996936468e-04
4.805835310114641595e-04
9.653764293079985419e-04
2.412696945069210588e-03
4.982492001291066253e-04
5.358779776753452287e-04
7.114776924973276748e-04
1.726059503593855692e-03
8.120576568641958834e-04
2.815852118861281259e-03
4.604989914576699183e-04
8.938506866378109154e-04
1.018437277062104887e-03
3.524072134594854956e-04
3.929672638235311437e-04
4.016734029214814048e-04
5.446424713494961304e-04
2.703037468825446928e-04
7.041975482842143018e-04
6.933669134080213672e-04
6.732847063379082068e-04
7.695292199622166514e-04
1.050644944579573080e-03
8.916492282517062733e-04
4.176042403481103598e-04
3.932513639686905879e-04
3.577559746010226262e-04
5.883416093113225716e-04
5.374139188907719978e-04
4.714852742257201511e-04
7.866954658920172552e-04
1.370314033637827630e-03
3.914518902313811962e-04
6.232799030592391706e-04
1.826652853600033545e-03
5.463608932440996383e-04
1.151557236926393753e-03
1.499731265744796201e-03
1.488406628721951298e-03
2.828948280456784173e-04
8.533038691189581432e-04
2.625510124454932316e-04
9.815775167649188043e-04
5.067230146663263607e-04
9.315637105261760339e-04
5.264277578164322123e-04
3.642498233932670634e-04
8.449046631502729219e-04
9.726705162515244087e-04
6.464530930416250354e-04
4.767868024926138495e-04
4.394906914358940090e-04
5.142995728843271792e-04
9.461401961833946616e-04
6.206338681285714087e-04
9.982438231442660771e-04
5.577885734285295202e-04
3.690959892003360665e-04
5.403127466022759201e-04
3.677623698154177030e-04
1.149517385768392998e-03
5.959178730136890706e-04
4.730864751979580807e-04
1.211156661722067023e-03
1.102675623774531819e-03
2.022443753560507901e-03
2.137039933299405507e-03
6.831127154361738875e-04
4.989416241494746499e-04
6.145673448726544138e-04
2.104253605644232188e-03
6.628532744018042619e-04
9.431252778243702332e-04
6.082039440356152822e-04
9.845142471815266846e-04
9.945362984268809377e-04
7.119898030905006791e-04
7.325095036219319211e-04
5.309452523174639123e-04
8.641446093042109934e-04
5.139384250217997894e-04
8.217133527684373573e-04
7.321191878144338609e-04
1.212157581235639645e-03
4.618919085245247903e-04
5.798728851731092294e-03
3.944044008481660752e-04
7.029835014946633027e-04
8.190686339478329752e-04
4.275994230760074111e-04
4.435586279595324474e-04
9.820804815085803791e-04
6.529584053328780797e-04
4.128710439098882425e-04
3.613301547345154413e-04
1.188858299649924117e-03
1.235287917093755815e-03
1.193052109157949608e-03
5.684339826335035612e-04
7.141052350409255595e-04
5.575699761594193025e-04
6.336566830406215869e-04
1.578405592001800185e-03
7.299691510659878611e-04
7.924248840626649942e-04
8.522656102417015172e-04
6.250555203398374185e-04
3.856317917695371356e-04
2.683978968819158745e-04
9.362859087463464274e-04
6.292361263917824882e-04
6.040443685196638735e-04
1.169084286840111481e-03
4.020730460716568223e-04
6.687945744917315376e-04
4.635782905432060566e-04
1.004322499519549623e-03
5.173198262740809740e-04
6.875961964275867149e-04
7.291790498384962240e-04
7.828253145246349748e-04
9.959153655566108012e-04
3.102460019556480702e-04
1.501600388582847176e-03
6.052206782146355574e-04
7.717378697449117121e-04
1.205096975631923242e-03
9.063167472938980958e-04
9.016160616095104030e-04
1.247389467682606407e-03
3.898072433941683623e-04
5.108621214918964608e-04
1.781013139920629247e-03
1.247576641512338934e-03
4.527889138285246537e-04
1.044390945259832722e-03
6.461187915303914656e-04
9.847461084425573365e-04
1.582066092759065864e-03
3.341790186176238678e-04
1.262399542399925958e-03
1.027999209143073880e-03
1.975123839183155327e-03
5.238392582734947237e-04
5.453318033292338905e-04
8.804062696005323556e-04
1.022497347841962731e-03
7.646468701425530737e-04
1.375729796138416491e-03
5.091773974076498456e-04
3.236728135969697438e-04
4.887564379939207757e-04
4.590417614934213207e-03
5.632590551151465865e-04
5.211552395195034404e-04
5.824702897967908542e-03
6.103147015689065237e-04
8.121086288546683959e-04
1.269796569595279265e-03
1.272750035019991257e-03
2.238650483187191662e-03
5.008665788009610291e-04
2.057573122483410174e-03
8.109236578570364930e-04
1.229245917272268028e-03
9.899553510700201051e-04
3.790072328348545309e-04
1.296107413957487331e-03
1.491261459385664564e-04
7.086714586861138495e-04
1.540137318091349067e-03
6.990553312665870453e-04
9.449853481861283325e-04
8.803346957668332310e-04
1.272327866616931608e-03
1.301017893369148639e-03
4.593345734418760053e-04
7.996381504485843396e-04
1.341381368885374717e-03
1.598977730562671897e-03
4.107931382701797115e-04
5.170701009098273770e-04
9.510009695645281870e-04
8.469567181089148345e-04
6.511162077322857778e-04
5.878170111107295509e-04
4.302492482589454176e-04
6.058266979123066781e-04
9.471657755376665594e-04
1.061810757406314370e-03
8.219917053973501211e-04
2.025413975115843753e-03
1.810442162444637383e-03
1.485220148668406131e-03
5.261648616029130114e-04
2.360546128108264273e-03
6.457893459565645228e-04
5.411919714742423077e-04
6.139505574468462129e-04
1.269237457796438661e-03
1.129185628126228545e-03
6.443614009580033233e-04
1.227540985233010248e-03
1.363719185979977728e-03
9.539843570471659819e-04
1.224100910040683970e-03
1.756677706386337119e-03
2.369510804663121310e-03
3.342504108415242869e-04
1.132641763991263902e-03
3.523981204288886187e-04
1.002735172709933202e-03
5.310178555268419169e-04
9.807282679102195550e-04
3.082961337539370751e-04
6.058266979123066781e-04
6.983210510876436752e-04
1.686360601444976967e-03
1.108426094265555894e-03
7.355953941151574136e-04
8.896970394618767489e-04
5.632590551151465865e-04
2.388511931567936948e-04
6.622903948496860994e-04
4.096965307628461380e-04
1.702398394541510072e-03
5.970932843528378633e-04
6.799353876351499999e-04
1.599314927296892385e-03
4.207732942407552330e-04
1.694093200003651692e-03
5.221107100409214585e-04
1.662592041332832619e-03
2.750382289028397895e-04
4.214419222944213285e-04
2.381965890916222517e-04
4.340095855929946254e-04
6.383656907244152773e-04
6.031638111155360497e-04
4.200073498848715830e-04
1.022167842193673782e-03
8.229187005181362938e-04
1.699954138925189326e-03
9.439780143847788978e-04
1.697788731184634312e-03
1.611127540206603584e-03
3.859581781492137987e-04
6.681266450963122038e-04
1.006620236264306033e-03
4.012597972483964250e-04
5.721531889703592669e-04
5.431753208244408148e-04
9.241485283129294986e-04
1.094935782176844783e-03
2.052696726592328146e-04
2.956508182630157794e-04
3.486816628562449815e-04
6.131185575744030510e-04
3.420513083443772751e-04
5.075999911085570578e-04
4.041782190461556089e-04
4.674443732989711810e-04
4.786325202997724986e-04
3.931115928738115927e-04
7.471385130166588321e-04
4.112518126783484655e-03
4.103864935875288110e-04
8.881841233442295570e-04
8.522728639394368646e-04
7.355953941151574136e-04
6.445062694737032109e-04
1.844829747182551161e-03
1.771921417470210614e-03
7.151603133209851002e-04
7.414680208474319720e-04
2.519602138384528355e-03
7.058170444728930010e-04
6.937392544695785562e-03
7.291636055359912612e-04
1.350351951824865955e-03
6.618688651718760080e-04
6.834821148451230080e-04
5.190502771372628582e-04
1.123411008446338621e-03
8.598037521714215229e-04
6.266694976105165399e-04
5.487105083856622318e-04
4.849321386092414737e-04
9.993915015085864766e-04
6.074355097525174600e-04
8.859169284077595720e-04
1.198257061205005572e-03
1.247576641512338934e-03
1.284422007917836433e-03
7.510367331790305731e-04
3.439814384350294236e-04
6.237966756023552309e-04
2.111289767628619658e-03
2.833871308541626452e-04
1.183122341234309465e-03
3.444846860111231150e-04
8.160936807688664576e-04
4.862585081038566155e-04
6.595011604895988783e-04
6.927136362649576789e-04
7.359540120647178581e-04
2.690044160335683149e-04
4.576590270094319803e-04
5.271311067262073177e-04
6.776846395632794102e-04
8.227135589884700768e-04
1.094202814646339384e-03
4.862585081038566155e-04
7.492318715008986245e-04
6.790357957274343898e-04
4.580497730525156966e-04
6.685122038788495792e-04
1.198515184342959341e-03
5.234219889518051472e-04
9.030890163572398216e-04
6.280186905918074165e-04
5.024495485322156077e-04
1.235287917093755815e-03
9.243444148605136843e-04
1.117268897876321073e-03
5.161908982368498388e-04
4.101990786836089251e-04
8.385632992153462537e-04
6.020587968146863230e-04
7.671075844610748600e-04
6.797451984849382746e-04
3.639835986827084577e-04
5.946850924580908415e-04
1.480200324441206848e-03
7.760854793048664471e-04
4.607951315174201186e-04
6.971306322039295218e-04
6.131610493406613105e-04
4.875083927057100681e-04
5.980338116532720296e-04
5.142428624330792029e-04
7.906867069975124802e-04
8.269364546121437320e-04
4.325306552320739824e-04
5.502975423297505999e-04
1.018131042277086373e-03
1.024429906425970618e-03
6.562105450750267341e-04
6.329255359042878538e-04
1.808865362111130139e-03
4.402149365361875469e-04
1.539151167268032428e-03
4.541864830651742109e-04
1.211156661722067023e-03
8.562756495622421936e-04
4.954552623978898803e-04
5.886116803943544163e-04
3.447742893815304056e-04
8.971990201655791674e-04
9.859363316344316956e-04
9.487100744558529027e-04
1.158729720611812244e-03
1.094037900027080385e-03
1.005950027476637098e-03
3.409570184270475078e-04
4.361072433528871348e-04
6.339338671167891147e-04
1.426006268741555547e-03
5.634646177576433908e-04
4.317912104996742342e-03
9.258579724418101098e-04
9.033014908693388998e-04
5.446091272184528298e-04
4.718046244962000165e-04
1.447717882398070902e-03
6.760362616520937395e-04
6.040820230646567731e-04
6.429135954747162507e-04
4.865330258073064722e-04
6.295672691777729922e-04
5.412148219314998976e-04
8.337212342940356112e-04
1.331140333288249400e-03
8.525052177329069374e-04
1.912732954615071123e-03
1.068504262473358437e-03
6.716543936488784039e-04
4.668751787880290370e-04
6.326951976114623087e-04
5.722087888721818193e-04
1.499731265744796201e-03
3.619397140514464214e-04
1.301464072191755184e-03
7.734190321010998978e-04
6.933669134080213672e-04
4.143912715583893927e-04
4.934212988843176498e-04
5.292465016049439225e-04
1.210077425447592895e-03
6.806882507555061341e-04
1.443332923090636559e-03
3.199608196137301765e-04
4.735643041848889689e-04
1.075322950280332372e-03
2.771820455651529454e-04
7.666904247119024672e-04
1.118870931194385163e-03
5.292338330512150798e-04
1.073963414254882395e-03
5.693588006867429880e-04
1.210811789042358583e-03
7.971628113951951958e-04
3.038523099247770489e-04
4.035790167474136701e-04
9.789489993717076684e-04
4.578564243717197059e-04
2.709287579273574314e-03
3.756286433492176248e-04
6.657323297820388506e-04
2.373720883430414930e-03
4.072195580680315163e-04
3.412846784816559701e-04
6.633043638417657206e-04
6.635415777127820405e-04
8.852278774304961394e-04
3.144628134966177238e-04
2.332298350642228804e-03
4.551559186990763962e-04
5.924848091353696012e-04
1.096177319501429048e-03
4.140975828618598947e-04
2.484741640908883203e-03
5.174351886962007090e-04
1.252472597623311866e-03
9.495857351632125019e-04
7.968602192038645162e-04
1.345471806076460565e-03
5.231966927412248130e-04
5.049765688478142014e-04
5.404219866218077121e-04
5.535031373914146543e-04
7.331644254120150929e-04
5.059028168445487295e-04
1.136700466488125942e-03
3.902473360817392402e-04
1.991723407917482926e-04
4.507010393841066735e-04
1.590153900694646653e-03
5.801047595091691133e-04
3.512177688584296902e-04
4.705491928062152857e-04
4.699637210802527451e-04
6.231990695559472184e-04
3.936357447868603669e-04
1.330718597042668391e-03
9.285070623033413791e-04
1.129822473163492489e-03
2.742031449739154038e-04
1.685189990972981973e-03
2.965952136545983286e-03
1.254371566399587823e-03
9.833383870003753729e-04
5.322131127414062935e-04
7.286181697215728375e-04
1.314448268810023031e-03
1.049866506421624898e-03
1.412732946371412102e-03
1.126945377569666881e-02
3.807316397059371861e-04
7.841531174021232863e-04
8.579792293730163820e-04
6.232799030592391706e-04
3.234483352598093320e-04
1.129730622988780152e-03
3.999923907290750189e-04
3.531330067426805734e-04
1.595518508309017904e-03
1.016171611016432937e-03
4.516490034853206867e-04
9.939885418642148592e-04
2.813668434433874146e-04
4.862585081038566155e-04
6.188125576451123213e-04
8.042452287980131776e-04
3.752438112888023991e-04
6.954652603914921512e-04
1.167576402389631195e-03
4.551559186990763962e-04
4.631743599846789008e-04
4.201511279097123455e-04
7.892619028592945743e-04
1.640037715161310819e-03
1.005900847048961247e-03
4.872409540171009448e-04
9.469307344639016051e-04
1.099109876970850780e-03
9.997772745243612303e-04
1.260093823086775493e-03
1.042526018184646497e-03
3.257151936460208979e-04
7.435992338563746475e-04
1.448149540161530226e-03
1.092969903198701869e-03
8.798498735957355037e-04
4.007214485517939483e-04
2.759584714153291121e-04
4.378330728357085954e-04
9.507341900703413645e-04
6.052149815547242960e-04
3.594221735798789068e-04
6.855859442490454389e-04
4.393424479128977536e-04
3.167606682753409584e-04
3.342406897077816351e-04
3.744042471120875219e-04
4.347743061922394454e-04
3.924209088497799809e-04
4.116682682885270447e-04
6.685122038788495792e-04
5.996743349363111266e-04
5.610088467974035662e-04
9.431252778243702332e-04
3.912164047584724448e-03
8.878709581171600682e-04
1.500626370875143660e-03
4.438752102873704040e-04
6.781361148896565723e-04
7.716091045367705478e-04
9.997772745243612303e-04
5.698732700872757156e-04
9.329508410131671925e-04
2.108305921113668129e-04
1.281013362844500439e-03
6.756589387666825418e-04
8.362627460719187058e-04
4.792320723174333546e-04
8.579612427589403036e-04
3.388900008828997132e-04
1.029823541088134391e-03
6.698709423952321990e-04
7.480604101338700525e-04
2.700020409425747236e-04
1.284422007917836433e-03
1.916990974027453238e-03
4.190553500858060936e-04
3.313997056908515827e-04
3.691622991970548002e-04
3.217204649548488764e-04
4.003770841304337856e-04
4.495808165605177042e-04
7.302525973413823319e-04
1.713569741547163157e-03
6.306116688688176430e-04
1.279925575561797558e-03
1.098675617782272082e-03
3.245285190222984813e-04
3.136517104082911902e-04
4.680924016218784714e-04
9.088865941475050923e-04
6.194913283975062458e-04
8.132438184620802884e-04
1.903901079627235956e-03
1.663673783859139985e-03
1.012220534381829459e-03
3.965342783360194159e-04
8.702859872411416401e-04
7.605987383898759604e-04
8.262214077790737757e-04
3.594221735798789068e-04
9.364273520682279625e-04
7.635953290948505967e-04
4.224269593950009949e-04
5.349354685230215409e-04
5.502975423297505999e-04
2.284448288784485161e-03
1.318300460743104374e-03
4.312543666563513865e-04
9.118981838549192068e-04
3.731134625141149016e-04
6.237966756023552309e-04
1.358914850988392512e-03
5.298697556340323201e-04
3.412963552837059854e-04
1.687903493612954043e-03
5.435972537336528423e-04
1.704498068712511900e-04
4.151710891301403747e-04
6.477339407441425794e-04
8.716158412172534710e-04
2.828948280456784173e-04
3.628655681677529256e-03
9.064867133443784341e-04
1.074274448260242355e-03
2.733395362206883419e-04
4.446711919091512750e-04
4.208429531314275096e-04
4.578844067834741830e-04
8.160162250179727080e-04
8.466393699035172637e-04
3.676886532424685481e-04
1.327471105924580728e-03
1.576042028827735059e-03
1.892544423695659847e-03
5.189757721416421530e-04
9.046984431980193038e-04
4.665887901678437391e-04
4.551559186990763962e-04
3.723455815319044455e-04
5.672500637480539735e-04
2.832590297528374615e-03
2.053693921973737905e-03
1.050051333063218477e-03
7.562426225542068225e-04
5.812744182138754280e-04
4.807479361788560184e-04
4.097957766151235715e-04
1.678192174208935914e-03
4.447498235935316239e-04
9.583209994185342860e-04
5.655215827559105122e-04
1.198558248127124057e-03
1.539151167268032428e-03
4.929305794470916933e-04
3.583926901529462601e-04
1.497779219577680555e-03
5.037119961621807415e-04
8.531425898288124039e-04
1.211156661722067023e-03
4.767868024926138495e-04
8.198388896203018293e-04
2.532096161841077063e-04
5.918968944917829024e-04
8.748387929012215293e-04
4.979078201014477045e-04
4.396896677035231119e-04
1.039557316057162411e-03
5.283518040743793824e-04
6.412658153137376594e-04
7.564877919507423127e-04
1.150631117806974295e-03
8.177456202083605106e-04
1.102675623774531819e-03
3.626955885676481873e-04
4.233255232504367434e-04
5.380162613399978129e-04
3.887849795686598936e-04
2.437862640175706124e-03
1.190056261256195380e-03
6.631934421253252469e-04
3.121370846205828980e-03
1.244944482105475765e-03
8.837636279421636279e-04
1.493955040173626297e-03
1.108364831282575465e-03
2.017440041445602494e-04
1.905992999486951769e-03
3.019060731895572311e-04
3.281455476528468015e-04
7.798936345424016233e-04
4.917839882997428018e-04
2.726894210823428265e-04
6.377601063969432502e-04
5.889219734013358349e-04
4.930641452769384632e-04
1.205401758408143186e-03
4.835421476220463683e-04
9.592945335342717428e-04
5.469090002506192321e-04
8.282885642662101951e-04
6.773361318032184667e-04
1.584553011856220045e-03
9.035477680059552600e-04
7.064522710557763398e-04
9.524385024686383159e-04
3.096223921835788637e-04
1.572392001921122046e-03
4.392723816242736774e-04
5.173122435333663482e-04
1.438189759431856684e-03
9.489452597144295166e-04
8.593223521144806223e-04
8.501902489588184213e-04
8.577044977257820705e-04
8.036785279464300075e-04
5.077775455137427396e-04
7.500074773674752105e-04
1.879290274007790239e-03
5.301496018896020108e-04
1.294088425945191974e-03
5.049765688478142014e-04
5.907625150012951829e-04
6.664045940941276235e-04
5.697811123274068145e-04
9.532031196792614160e-04
5.055575685498108667e-04
6.058061323729116432e-04
2.466824068216211165e-04
7.365550349904135185e-04
9.652864460333737424e-04
1.946155090933595049e-03
7.927543586676538516e-04
9.009896248808076233e-04
5.960594185704596714e-04
8.075102409606419547e-04
2.452286275216717607e-03
6.289841186781950592e-04
2.272750057579333096e-04
4.727627801312371146e-04
5.994990805584618932e-04
1.233426852937695656e-03
1.167576402389631195e-03
3.102395419076562494e-04
8.022101880881888497e-03
9.240713711835689577e-04
6.250525463826512185e-04
3.620392956519455602e-04
9.683509113541427429e-04
1.497853876353723258e-03
4.334797363742121969e-03
3.762048612629718481e-04
1.654220391731037014e-03
7.503418927076951645e-04
1.442998973530692499e-03
8.453254403336783350e-04
9.975727943998037063e-04
5.925020341548606481e-04
3.011172868798474463e-03
6.997775445988790735e-04
5.016189777942586542e-04
1.021836466627259760e-03
3.388349899372231121e-04
2.271331852649743639e-04
9.138839177213936614e-04
3.392726223740355007e-04
3.431877397833243948e-04
3.885090851665651962e-04
6.895974120390259638e-04
5.763358112972124386e-04
4.213063678090660626e-04
5.792039680201935487e-04
8.034114278002980848e-04
