7.961225911618970141e-04
8.031481959462702250e-04
8.104779764677007368e-04
2.220140320704333374e-04
3.469625937300959881e-04
6.980882478243238083e-04
1.597876557681362055e-03
8.884193942856367932e-04
4.330084508672924198e-04
6.064623060083271797e-04
1.123545434881053143e-03
3.370373766378274719e-04
7.755634786477255682e-04
4.457848571736943420e-04
8.360453268368732080e-04
1.006408359754661910e-03
9.654873210188119094e-04
1.283860081677446006e-03
3.667188667276543093e-04
1.020699800672706650e-03
5.380669213238165223e-04
3.243527612443853183e-04
3.409201428938966969e-03
1.372496212016247183e-03
1.332235417707778929e-03
3.048834761111000229e-04
4.545646143522018355e-04
1.623535068270866560e-03
4.922930001665373409e-04
5.859956543960822065e-04
4.471998881733793649e-04
3.967661449846460360e-04
6.949945949947442230e-04
9.393524974509758797e-04
5.868864789955634872e-04
4.117427157805807919e-04
7.303168036197288729e-04
4.195188053332210803e-04
2.418693228555834386e-03
5.577437742768495341e-04
6.207404262493563911e-04
1.862455329746657553e-03
4.908408523029002225e-04
5.342586352285517461e-04
5.383679536632318165e-04
4.038950556353408249e-04
1.200571582182148296e-03
5.340215013201179885e-04
4.995748088711391473e-04
3.884876081058277601e-04
3.126994072487010662e-04
2.555491479923755046e-04
1.663063889798735559e-03
1.261634621485386350e-03
7.855963410119369550e-04
1.548069592428461764e-03
4.317642161867458138e-04
7.792183281133639857e-04
8.917860045073543532e-03
5.793523950413847958e-04
1.093016546252244215e-03
1.216209152906898728e-03
6.560859907359836403e-04
5.703788307487127340e-04
6.444800940690654806e-04
1.135267606855710565e-03
2.669384779540253543e-04
5.614858122029528107e-04
5.913946995499541745e-04
1.134410012276423343e-03
8.457467557101894977e-04
1.945945228803181619e-03
7.616653048374946765e-04
2.561050634739203626e-04
1.087459671892097119e-03
1.155825919181852676e-03
1.066423030116108762e-03
5.096505510296284484e-04
7.582907589458738173e-04
1.671109251791598688e-03
3.847628114026078907e-04
1.172329584457451569e-03
2.585786957059618371e-04
1.001634059930744556e-03
2.804380709817795234e-04
5.802516556267294998e-04
2.730568988251432568e-04
8.975499336892004808e-04
3.982059431592488777e-03
7.162095604457740855e-04
2.148758811650239818e-03
9.029717463565270627e-04
1.026033364898317488e-03
4.389587332324894516e-03
4.303897780265820050e-04
4.750232100203006114e-04
4.869505652376083377e-04
1.927322006887939414e-03
1.581065145193579153e-03
3.685848043462676849e-04
2.484890933939819593e-04
6.184607351779554439e-04
5.688985741355174217e-04
1.252265146906134411e-03
5.826910426706066130e-04
7.898319258482782053e-04
7.377526534942518803e-03
9.495928390418423770e-04
6.213144008666742543e-04
4.992580012187867186e-04
1.772179016274435604e-03
1.042226044591219435e-03
6.687311793686913320e-04
9.776946983669307801e-04
8.792181341480880073e-04
4.574450516760172609e-04
5.755187920756920511e-04
3.652851735912579826e-04
1.019611185128108718e-03
4.476336288668205580e-04
4.476714102540766045e-04
3.629224499367769263e-03
1.031594730923718730e-03
3.457269549042194206e-04
5.224831980437013570e-04
4.534255667109531518e-04
8.822092474425464971e-04
1.734380177382399127e-03
4.894917927773972163e-04
1.213579171086770839e-03
1.133477392098293643e-03
5.012352226266862318e-04
1.188800598497405337e-03
5.208607670684664136e-04
4.597644432090809653e-04
6.374458687515902446e-04
2.777099740454362208e-04
1.075610914352361468e-03
7.163533264998448238e-04
3.761733941032624397e-04
3.842249369867465594e-04
1.103463624011236620e-03
7.725326312766736580e-04
5.296605418191205426e-04
2.169797493667912866e-04
3.818514276083085171e-04
5.424223090228748670e-04
2.371256524535354793e-03
4.969642816681610386e-04
1.531262004797198911e-03
6.908355108108770988e-04
4.396310601431628628e-04
1.234781611323333217e-03
2.165441376732714189e-03
1.009761887807605072e-03
6.824811859014121842e-04
2.318062621397895941e-04
1.612249895079917146e-03
1.215026966048857789e-03
4.739580653928690025e-03
8.200501904678798686e-04
4.204644527434502651e-04
4.745286246000728937e-03
4.128772915105776375e-04
6.518854199073352996e-04
8.165096226460126418e-04
3.275208501892921042e-04
5.597653917026876921e-04
5.292466007431201064e-04
4.194132089545061950e-04
1.021834539864794038e-03
2.891021074455018885e-04
1.959070949559677671e-03
3.800618987532368778e-04
5.765077187036838887e-04
1.577474971710476990e-03
7.460228927810470551e-04
5.404462179064856977e-04
1.129895178152890995e-03
6.114985458646803127e-04
8.488406430734890019e-04
5.326621294280730126e-04
1.332491063172153373e-03
1.512033590189056130e-03
4.297100752987097899e-04
8.210340474747229375e-04
1.024808830328856986e-03
2.858654811241694233e-04
2.733403622551543871e-03
8.533706217859535594e-04
2.674440122917965236e-04
8.302496340181071384e-04
9.700894632363657585e-04
5.395282969481654404e-04
5.879278215683645791e-04
6.916737159432531038e-04
1.549957422595544523e-03
3.573571169568574889e-04
1.156779265121702510e-03
4.199716208196466617e-04
4.654402364711237314e-04
1.045851838507350128e-03
4.445343684941358768e-04
7.090570076590399853e-04
1.726270258204299322e-03
1.252265146906134411e-03
4.630552325580276083e-04
9.169240776840737513e-04
1.204898947885247110e-03
4.517118856547201744e-03
9.736720383768091881e-04
9.355806939943282427e-04
1.639878274322598703e-03
3.648294677415943712e-04
9.141010409375340245e-04
9.029717463565270627e-04
3.523861223832546775e-04
2.265978982633455596e-03
4.794046002941073433e-04
1.261634621485386350e-03
6.117144241118558420e-04
7.396776428869897366e-04
5.348532349450026450e-04
4.478792201699758235e-04
3.357776409825971261e-04
7.272294945006665696e-04
9.055190958736962720e-04
1.790190014481934846e-03
2.488747084388836985e-03
1.024808830328856986e-03
9.064130464899923132e-04
2.830526450299973508e-04
5.412394412100334602e-04
2.709164972104809101e-04
9.987463202030799885e-04
7.113531619790823459e-04
2.618090004062242297e-03
1.401008879715322317e-03
1.058675337242307888e-03
2.074753638036038860e-03
4.347861775566882591e-04
4.230747723401230174e-04
2.369555643116513788e-03
1.168513652700484086e-03
1.538101063125040836e-03
6.696990439560229031e-04
1.255012232535000815e-03
5.287517185376910912e-04
1.328462629102094292e-03
1.683045972497805142e-03
6.277649061021566869e-04
4.358634574807071635e-04
1.028490392870017511e-03
2.447538998832455626e-04
6.461331969390099288e-04
3.578446501791938614e-04
8.639310841281890811e-04
1.531262004797198911e-03
1.648880524883603038e-02
6.885767362206403211e-04
1.126363229641477292e-03
2.383996716448840997e-03
2.530801432970415221e-03
4.045305190414959316e-04
1.005322011037720550e-03
2.740961127838369323e-03
3.147243045821569284e-03
4.311665699058767477e-04
1.851649740507523869e-04
8.426858804625135795e-04
4.043507414537926667e-04
5.673889783370139909e-04
4.701738284859215220e-04
2.674440122917965236e-04
4.719750033240359454e-04
6.948348024307544066e-04
1.977939289953328447e-03
2.972494705738272188e-04
4.477623747153825699e-04
7.500121215140344993e-04
7.135164457090741172e-04
1.351722360494416299e-03
7.860246667868088944e-04
1.076948350726269306e-03
9.042243783262421007e-04
2.780723016885359999e-03
3.147243045821569284e-03
5.082857211528666198e-04
4.714559059379243603e-04
3.820281760640100192e-04
3.685843121605716769e-04
5.403919688177184159e-04
4.048127090473817888e-04
3.202571571970904752e-04
3.838603533133681735e-04
8.217694415808430436e-04
5.020839935737462373e-04
4.700102156844423464e-04
2.711917846938759463e-03
9.468776272850265964e-04
3.396828152683000314e-04
5.681774649352320291e-04
1.026216869083365537e-03
5.903178960583925581e-04
6.308431415378626655e-04
3.658765039388349482e-04
7.330280361673922581e-04
7.559780237047595414e-04
2.191005726873646985e-03
2.199646829104329442e-03
3.405088272116867901e-04
2.326111455483215445e-03
8.855873964928923005e-04
1.550864865475480667e-03
3.558180334939499510e-04
3.076036939418347565e-04
4.360781252443112410e-04
1.111064224039204872e-03
1.049163427835925633e-03
4.811444651065148524e-04
1.026216869083365537e-03
5.413105983292804688e-04
6.074338258920908458e-03
2.419888617016814462e-04
2.518177339579614018e-04
1.005557477916272768e-03
1.977992766589161972e-03
4.489685156428478664e-04
4.723310395864890768e-04
4.188290609246391513e-04
3.822857027611637187e-04
1.871750075498872278e-03
8.324065663315183012e-04
3.025229317509406726e-04
5.899478850350128954e-04
1.385228287012961641e-03
5.671373372839224724e-04
7.431914430263321250e-04
3.183089706145883794e-04
4.339361501195433701e-04
1.844716930204133272e-03
2.422229842560809615e-04
5.976149878840277289e-04
4.867456958360422852e-04
6.173179394681595558e-04
3.125980952348246696e-04
1.457412372436987227e-03
4.550054337434192449e-04
7.755735273971485185e-04
5.200631355760321423e-04
3.776332189224186533e-04
2.936045920776900880e-04
2.454594807687674710e-04
4.195646671055478687e-04
3.289867076678732187e-04
4.766506853922899186e-04
2.518177339579614018e-04
1.832251392378537449e-03
1.484495106728167492e-03
5.653556025405415738e-04
6.005397017271749344e-04
4.312205570575683216e-04
5.634247731710692467e-04
1.197109943401276390e-03
2.304226799032172823e-03
7.990944540103218268e-04
9.896179510335177069e-04
5.191454594429799081e-04
1.304630531924153795e-03
4.060987470711716085e-04
3.983146381056480007e-04
1.668932328176076516e-03
4.731315598058045296e-04
2.300952377308196882e-04
6.105594289243227021e-04
5.263351579316047054e-04
4.086537552907498435e-04
1.110920085532514064e-03
2.304549966998486413e-03
8.938282060074332746e-04
7.786242059119284631e-04
7.489715734414085840e-04
8.744132685579217691e-04
8.510024763643038058e-04
1.468466637751047153e-03
2.658506425842944608e-04
3.968595623975443906e-04
5.094291713794935408e-04
7.026570102981016504e-04
3.312341032127834469e-04
7.813737356817861352e-04
3.645555002979881725e-04
8.104779764677007368e-04
2.068576500891111496e-03
5.449103268269360782e-04
9.169251985406141458e-04
3.982059431592488777e-03
4.581221093058133586e-04
1.991487753723129601e-03
9.137603507056545190e-04
1.052466020147936653e-03
2.756733676490689998e-04
2.751442557581782605e-04
3.638494092278455314e-04
3.806110823999859149e-04
2.733642569011385530e-04
2.403427614508296759e-03
2.645875746835535912e-03
6.604798228290669837e-04
2.111740628033266856e-03
7.105823974968572283e-04
3.141735342440190887e-04
4.434366752689350433e-03
4.588470710959459365e-04
5.003126439537585249e-04
3.852784492972068813e-04
4.573220799779279498e-04
6.084614767493396869e-04
9.578899347373968226e-04
1.515614824211257167e-03
3.993292077531938183e-03
7.265392951387183735e-04
5.347827776156248089e-04
4.417054439159423898e-04
1.338263320248722632e-03
7.116003203131319793e-04
6.496080736731898141e-04
4.699238594360913247e-04
1.374497632712634804e-03
1.318101006018171980e-03
3.960299396899366262e-03
1.445220067797027422e-03
5.138863971595686525e-04
4.736309939144928670e-04
6.015750813658102747e-04
4.540910747733579154e-04
5.817681725795643315e-04
7.164831193261548235e-04
5.006494740601489211e-04
1.440747279499733722e-03
1.338536327964744968e-03
5.267459638043973068e-04
1.484495106728167492e-03
3.222347382952594737e-04
5.543149270342996723e-04
2.143618622801162985e-03
8.964345945060220918e-04
3.483711176824569214e-04
1.812062232736938797e-03
9.047333965414751248e-04
8.621806829028314401e-04
8.161863676959197136e-04
2.758165256866295517e-04
5.294227946316772864e-04
3.212227346251728360e-04
4.936258171197799652e-04
5.183990479814792581e-04
4.060987470711716085e-04
5.111449207812177086e-04
5.795455465977167363e-04
9.236773736476303325e-04
2.966556570135463222e-04
2.112310426454713612e-03
5.516438031151817698e-04
7.359385173876981144e-04
2.566597566183257718e-03
1.375805715522123449e-03
1.010006844828653574e-03
1.787374458337186341e-03
5.135089022735643246e-04
1.350861806139841154e-03
4.741508069961942128e-04
6.209457137173003466e-04
1.197109943401276390e-03
3.025229317509406726e-04
6.909104561988052779e-04
5.516438031151817698e-04
3.658765039388349482e-04
5.970967096466225834e-04
5.693134708945298602e-04
2.071428959152835439e-03
6.027927728717712456e-04
7.270327470443668652e-04
6.980882478243238083e-04
3.532106245244160617e-03
3.815074860824693107e-04
2.228303449944001328e-04
2.592980161896069296e-04
5.196970581406673648e-04
9.321069415622605962e-04
2.456391309674015532e-04
3.499777347654354663e-04
4.070241469585387877e-04
4.992580012187867186e-04
2.756235594933959410e-03
3.436948507318404733e-03
5.126857725752895787e-04
2.033346605966010988e-03
2.616509537301430280e-04
1.156797301175059058e-03
4.711776715542791778e-04
7.219966775310661129e-04
8.732217019017063332e-04
8.169427690912518109e-04
5.956698637648681757e-04
5.074606300593403636e-04
1.993410537943907882e-03
8.318569142075174809e-04
1.058531373315481751e-03
8.055751466848282355e-04
1.364237812029035725e-03
3.987207745025994556e-04
6.968263040921408987e-04
2.572910398008597518e-04
7.287038480847204307e-04
7.882208489336319001e-04
7.768667151297653809e-04
6.476618229242146708e-04
8.862921009230840218e-04
4.120427216495620984e-04
3.263130211527447079e-04
4.340987783480232984e-04
4.552752462478819426e-04
1.244240498143345123e-03
7.090570076590399853e-04
1.383554514710547568e-03
7.117803419728387917e-04
4.850256638065283932e-04
4.253604686958348084e-04
4.904201503114654498e-03
3.347664383053483008e-04
1.097872268273624406e-03
7.460715639141777839e-04
4.466407170409757957e-04
1.978562250696812872e-04
5.521657410424595696e-04
6.948348024307544066e-04
1.468845000117523919e-03
3.543216827486631048e-04
4.597644432090809653e-04
4.890963831780757026e-04
6.464102659027020237e-04
6.137072737174314356e-04
3.127764212314636250e-04
4.918423225746708979e-04
2.518795436088908579e-04
4.146162106761425224e-04
4.289042342989680566e-04
8.895909523167380532e-04
8.624750926437517451e-04
3.988472782596172612e-03
3.591663951054209383e-04
1.356449938112272782e-03
6.494468927614596232e-04
3.386118748377772540e-03
4.599792573266584710e-04
5.443298618739904424e-04
3.475946365244517514e-04
1.384976998863801569e-03
3.912800366777198155e-04
4.736885436683347934e-04
1.332345581253860118e-03
1.711483198397115981e-03
5.743433867025150071e-04
3.784243103067550982e-04
6.716934461514800260e-04
5.166465141327715666e-04
3.323766283699740591e-04
4.081260340630525922e-04
4.617595773072860773e-04
5.659531092507009411e-04
3.799857205648818521e-04
1.203964526280153213e-03
3.183183956641113567e-03
7.963427708375962408e-04
9.658736011670294736e-04
4.036651101921317239e-04
2.068576500891111496e-03
2.553086694730468125e-04
5.100730044659068044e-04
1.184650537138023495e-03
9.630226764275340041e-04
5.758425346404241838e-04
6.044271166165710463e-04
1.261017800093202973e-03
1.607612875238179691e-03
1.266150339768484789e-03
1.093769830293589386e-03
1.102476615908664801e-03
3.788540536702431918e-04
7.567710028920620734e-04
4.695494745609073216e-04
1.230731065992389387e-03
5.016553230534140373e-04
5.963539166585987315e-04
8.166251759431802405e-04
6.451658438554272196e-04
4.081600156021441758e-03
4.059799068121777536e-04
1.070823666186674662e-03
4.984877619843894716e-04
9.561176097596112188e-04
3.931116216682451186e-04
3.017731278348189283e-04
1.183650583011447129e-03
4.443172120972724249e-04
3.484053518140884233e-04
6.133299484242804318e-04
3.152027019994342182e-04
5.590157925569572920e-04
1.400902810642906410e-03
4.509681380137173668e-04
3.310143987048244445e-04
1.997506323568074265e-03
5.921803565344530961e-04
1.036979698230407676e-03
9.555431845363429079e-04
1.010205781524052635e-03
2.191005726873646985e-03
9.932041837721736124e-04
8.059106519882524092e-04
3.326916212589262783e-04
2.502293207393058616e-04
6.026425940017259746e-04
3.515557112449748398e-04
4.737982774221666661e-04
6.627761615835524311e-04
5.949840780855429221e-04
2.755742391358064272e-04
4.928437866508288655e-04
1.615512943464907786e-02
4.733492064742149744e-04
3.935225726462524562e-04
3.807505006690964171e-04
7.753970185846523070e-04
5.544055810091938832e-04
3.922389172607710218e-04
6.824811859014121842e-04
4.854207222169620948e-04
5.984105676242032403e-04
4.862401778695927320e-04
1.424611270765181433e-03
4.192616493268899822e-04
9.560727964374035256e-04
3.208368028209916678e-04
6.065609262730413615e-04
3.364717338167674127e-04
4.297400132259024852e-04
1.548658712355972019e-03
4.945199809253131035e-04
6.893756075894031526e-04
4.208894316076665192e-04
7.100694792435475371e-04
1.537981109164704733e-03
2.664089084868085018e-04
2.434392073687214762e-04
1.545088228823989288e-03
6.198145914689957413e-04
1.161695329722423542e-03
6.614710253219236585e-04
3.872049688354925055e-04
1.544692620542860006e-03
6.712781951852927120e-04
1.098719573092279099e-03
4.627326429197030312e-04
4.916384665205841787e-04
1.411587985962836720e-03
3.174225916032412604e-04
2.341588745150736603e-03
2.593045806750786820e-04
5.360228927358569578e-04
3.356737040366235790e-04
4.425745667524454250e-04
5.642636239570524362e-04
5.846302192454430266e-04
3.941367031877269687e-04
5.459345840654713155e-04
4.579253223648248610e-04
4.195188053332210803e-04
3.913942940285368021e-04
4.627950405012712311e-04
7.643741084938467838e-04
6.260184397165331456e-04
1.114129923741538283e-03
6.909621145694329770e-04
1.025046536738882233e-03
3.855941093177627497e-04
1.208134980739759617e-03
8.819936002386272178e-04
1.066423030116108762e-03
1.323775457594639172e-03
8.984369474651866718e-04
1.512033590189056130e-03
6.804531815907422518e-04
3.865309903471227776e-04
9.331870289786118634e-04
4.910396362537279525e-04
1.495379827969774578e-03
9.047333965414751248e-04
1.181198939978959309e-03
6.973552479368593914e-04
6.118259957754068785e-04
6.277788305684314741e-04
3.661501842629103593e-04
1.261634621485386350e-03
7.539918388123890937e-04
6.952836927770862305e-04
6.469644393831716460e-03
7.954076555558103022e-04
8.938282060074332746e-04
3.993292077531938183e-03
5.640181466016752502e-04
8.497013998919315412e-04
1.166342098358493558e-03
6.173179394681595558e-04
1.136982965458662375e-03
2.284926601972899103e-04
1.373483615019926041e-03
2.082239765403095990e-03
7.679323064902671180e-04
4.030984343692730352e-04
4.642089509119647008e-04
6.499157970767168455e-04
3.645928718185400034e-04
1.755467605137710045e-03
5.599805714908568776e-04
1.320922633088639220e-03
4.222635327131926014e-04
4.273213127904259222e-04
3.787474447910833299e-04
7.090570076590399853e-04
5.975373974850918058e-04
1.200571582182148296e-03
3.638990175170703613e-04
4.434966399844213441e-04
5.550089308545882441e-04
6.863082222585382367e-04
7.328777603528241567e-04
3.643501900839144218e-04
4.744317104369329000e-04
3.568976715002948955e-03
6.195484559187213261e-04
6.639262451039511454e-04
9.218521214960173713e-04
2.371256524535354793e-03
9.730443964391829710e-04
1.496502238524021530e-03
4.083097156949756518e-04
4.714022114066958031e-04
4.990065119162124087e-04
1.615913183488732147e-04
6.520769502805209622e-04
5.147208205563223032e-04
1.522486968348238812e-03
9.206744202673830839e-04
1.026033364898317488e-03
5.709917280997840999e-04
2.746494196314344920e-03
1.028778490385479126e-03
1.035886386630921691e-03
7.495204856111370700e-04
5.821182872672616944e-04
5.556775804834426444e-04
4.805517867391568545e-04
1.584891371562485588e-03
1.899316777820417735e-03
2.829759340776556980e-04
9.456332424935962521e-04
1.412610420537841437e-03
7.876345301222481294e-04
1.351722360494416299e-03
6.495843388402225155e-04
6.464095932024223204e-04
3.658765039388349482e-04
2.758165256866295517e-04
2.563684106496763766e-03
5.219695265504758043e-04
4.656199119559358045e-04
1.136982965458662375e-03
4.643274619982537283e-04
5.297111839676015531e-04
1.080623485870223352e-03
1.122647927117655271e-03
7.538173679449977627e-04
1.446310495816582799e-03
3.932664070020138228e-04
2.935241064102908745e-04
9.657779428864724782e-04
9.456332424935962521e-04
8.938282060074332746e-04
6.560859907359836403e-04
2.572910398008597518e-04
1.014486767883077860e-03
2.986678738880083083e-04
5.128520246587440698e-04
3.508828105771005096e-03
4.050535059293100017e-04
1.335518818891361136e-03
1.039563621829793895e-03
4.574234026647241969e-04
4.984586013586230716e-04
1.348886565418955458e-03
4.071970730307975395e-04
8.324155514275081253e-04
2.735289304787505687e-04
3.132488057593947736e-04
6.104136103848444191e-04
2.083052849297636726e-03
1.197730390476558354e-03
1.027133907001734087e-03
4.688831860180300978e-04
5.667639069249491698e-04
3.895259940267285781e-03
3.433939122962826555e-03
3.314883522449690954e-04
4.431022308867540115e-04
8.654900348825749195e-04
4.579173036225875890e-04
5.520731914731916157e-04
2.722080899980226722e-04
5.711917870968761472e-04
4.037438485151727025e-04
5.021137937568171056e-04
7.538173679449977627e-04
6.479961049197514563e-04
5.935388547172493505e-04
9.842031910072155873e-04
5.369705709039174603e-04
6.260159639033358947e-04
5.521067147594759059e-04
4.030984343692730352e-04
2.662583863933118888e-04
4.230747723401230174e-04
9.712513664994444152e-04
5.841720172976434507e-04
3.289867076678732187e-04
1.391290208239705966e-03
4.695494745609073216e-04
3.960440658535028993e-04
8.050949847473536612e-04
6.207404262493563911e-04
4.654402364711237314e-04
2.892106635936122203e-04
5.660778393272249175e-04
9.053032026414114522e-04
1.482344851108974770e-03
1.050979732267090560e-03
4.850633231506087982e-04
2.418693228555834386e-03
1.515614824211257167e-03
5.821182872672616944e-04
9.080316816854139619e-04
4.095372686290238299e-04
6.622004046732591449e-04
3.870053398178403153e-04
6.195484559187213261e-04
3.158688182335770388e-03
4.172917223109011680e-04
5.948705829297261383e-04
5.117713661689091836e-03
1.051444519162039867e-03
1.383554514710547568e-03
4.450818115669800718e-04
2.212132966883076542e-04
4.944242310765363047e-04
1.968545794500934591e-03
9.490861397442007215e-04
1.884841059537893659e-03
2.575395438371848008e-04
1.287586942850431695e-03
6.432706479899399574e-04
6.035160600072383410e-04
3.370373766378274719e-04
4.654402364711237314e-04
6.042678443394929825e-04
1.033064941007479391e-03
2.604121479844415110e-03
2.188484453057520842e-03
7.536739946030867991e-04
8.738042088571421366e-04
6.044304345164409334e-04
3.930962168570166699e-04
4.918423225746708979e-04
1.008628766966562871e-03
1.606188658387217288e-03
1.043083252713427646e-03
2.779020993335915468e-04
1.234473347108868378e-03
5.323669121220228140e-04
1.680970559309282917e-04
1.097872268273624406e-03
9.736720383768091881e-04
5.021137937568171056e-04
3.800618987532368778e-04
6.118164415801851221e-04
1.757611473933750820e-03
7.377526534942518803e-03
1.682581130214164588e-03
6.172515168866827369e-04
1.374497632712634804e-03
4.642089509119647008e-04
9.765961562670448081e-04
6.318269273192396712e-04
3.660016085384037716e-04
3.007279655219051613e-03
1.703024005784794983e-03
5.064075322850500804e-04
4.940351130859354546e-04
1.476422490932545288e-03
1.268808509553431526e-03
8.071167417251508920e-04
1.001385188727961680e-03
4.024744838517218138e-04
1.197269183208116150e-03
4.672483467348496769e-04
1.365832809480991986e-03
8.047896175861164519e-04
4.289042342989680566e-04
1.385228287012961641e-03
2.647201990627050076e-03
7.105823974968572283e-04
1.501900509839880190e-03
5.389659616339583089e-04
1.476422490932545288e-03
8.114289955426756381e-04
4.049500326293950124e-04
4.278247750899181264e-04
5.602992428450996034e-04
2.894344591508613007e-04
7.377526534942518803e-03
2.390989604495721214e-04
2.806869070427549673e-04
2.198538047726086582e-04
8.747787581885002562e-04
1.225388978070991166e-03
4.056525599293300051e-04
3.838307538910558977e-03
1.811834453857620597e-02
4.878428946599896966e-04
2.145230517402227539e-03
1.500435216942545792e-03
2.534060516048053011e-04
6.044304345164409334e-04
2.816468413350001285e-04
6.469827300885672323e-04
1.879115213302268205e-03
4.496679279744366080e-04
1.038664411077980590e-03
5.483534514529510989e-04
1.261017800093202973e-03
1.772179016274435604e-03
3.084113638279227846e-04
6.461331969390099288e-04
1.024190540557760138e-03
9.237299273473032011e-04
1.124040191574136741e-03
6.607115417406895499e-04
2.622374853158066562e-04
7.845209888453493841e-04
1.660930725421818667e-03
3.921765668717282086e-04
8.708798500340096194e-04
1.977992766589161972e-03
4.343240476724435049e-04
1.236496907893914251e-03
8.256072447926397296e-04
3.666017113394481560e-04
1.536933791529661569e-03
4.195670401283786775e-04
4.361000006710083086e-04
3.870053398178403153e-04
4.201577006568250894e-04
1.021007860133582188e-03
1.498087257079936275e-03
2.891602826843189897e-04
1.868291555241222580e-03
6.808855778193774987e-03
2.086454378876856711e-03
9.281170673030372797e-04
4.244057535292868597e-04
4.885151045252442755e-04
7.450559360305126491e-04
1.296359561870766893e-03
7.105823974968572283e-04
1.312979779398268506e-03
1.862455329746657553e-03
7.130056504317073629e-04
7.158673505660683844e-04
2.447538998832455626e-04
4.389603464728141554e-04
1.165334577680807561e-03
4.988055895851871554e-04
2.833033055936781783e-04
5.022677282987867645e-04
7.546420389702013362e-04
1.426679309574966931e-03
6.404583936640996901e-04
1.556542781241479446e-03
1.642394206368817363e-03
1.962174604385934218e-03
