6.854942332229639786e-04
6.657202278198505116e-04
1.102177627089414007e-03
2.185536849178142376e-03
8.824789604279421624e-04
6.726185345764314509e-04
1.212704913408191960e-03
1.138459560636880755e-03
5.516583622175066492e-04
4.554759713305452378e-04
1.631856929810832166e-03
2.073086127521107415e-03
1.016807758951208951e-03
5.805040960104609991e-04
5.010470639186503363e-04
8.080978847268940933e-04
3.184819199420444867e-04
7.991180516212973263e-04
1.156996882725808877e-03
4.846937259978384687e-04
4.637507904822190394e-04
6.908519032530216703e-04
1.198915408543232931e-03
3.889327194827633342e-04
4.138146224417369660e-04
4.406801233940053431e-04
4.255327671454067198e-04
4.176455227399826324e-03
1.000769494169214541e-03
1.075331463096487706e-03
2.210376640968196929e-03
4.651848361914628568e-04
4.086350044763079081e-04
7.205766298417471240e-04
7.461908023515196253e-04
8.210072831555593380e-04
8.733271937058528127e-04
1.164270442872896360e-03
9.607803924880159918e-04
9.688996023443207511e-04
3.783591118902558366e-04
8.460928655038573885e-04
1.962788700492405433e-03
3.884889638798220794e-04
1.030839761416056481e-03
6.343429456873680202e-04
1.077871856158132448e-03
5.797477946017255950e-04
8.807580397742347271e-04
1.017268002009779921e-03
6.454874556474309542e-04
8.194381818237574631e-04
6.314291588237880802e-04
3.819682668747128446e-03
1.265559679358819068e-03
3.794892092388774704e-04
1.105313766080709414e-03
3.758989973993395500e-04
6.054722795279816189e-04
4.965053064468404010e-04
4.378420942153495249e-04
8.355682583334672143e-04
3.940145697033185226e-04
8.629781343311792403e-04
4.903125948525568784e-04
8.443671407968880932e-04
4.402536371503744405e-04
2.402226502567392577e-03
1.204197221685443389e-03
5.327444723109640281e-04
6.698233878949844166e-04
1.236340790097717772e-03
9.068853329173018687e-04
2.872395808618431138e-04
6.335768225255281093e-04
6.292812743307882100e-04
7.726222461500626163e-04
5.353143218760415042e-04
4.517775935813929627e-04
9.413439747301783830e-04
7.609610760849282824e-04
1.782547148260324368e-03
5.849084186053954415e-04
3.199527610356806516e-03
6.501937586203798128e-04
2.324870126694019139e-03
6.888120559212321812e-04
1.198442172295621864e-03
1.120629988717090344e-03
7.536226686353573838e-04
6.094751764290032986e-04
7.180797898951447834e-04
8.918689214562261882e-04
1.880235082514601771e-03
5.273476290762005867e-04
1.428655769823948323e-03
2.948213166562826774e-03
6.372501532492388324e-04
1.870326636612701853e-03
1.669834674874381454e-03
3.432154892129216507e-04
2.610125115959864139e-03
4.831410816019399146e-04
6.463459388294354093e-04
9.529705453196734557e-04
6.545616632476673009e-04
4.149771728437065999e-04
1.126878254023134553e-03
7.703891966433520054e-04
1.804585609355320369e-03
1.229435855000443351e-03
9.068853329173018687e-04
4.195205356865524572e-04
1.643376180580754771e-03
7.130518965818105582e-04
6.123088236673948073e-04
2.576318608270125642e-04
2.416340987561155468e-04
9.016394782366405876e-04
5.191063856259929164e-04
1.917047841912588538e-03
7.239044052976560456e-04
2.596280616072052603e-04
7.527458560183225003e-04
8.594551165225542636e-04
1.073726891053159750e-03
4.921315344376860903e-04
6.765954967755115649e-04
1.671234216718452820e-03
8.337491969167273387e-04
1.482068142187470796e-03
4.582744554496354138e-04
3.512287565818825175e-04
1.576018297775204227e-03
1.168138126104305372e-03
2.977523109438880741e-04
2.149393477453707089e-03
3.002347207615128910e-04
1.318811811603654320e-03
2.442341983748956211e-03
9.642709044598843024e-04
6.616617952950167112e-04
3.668790327558093178e-04
1.453924771698381947e-03
3.057734750839510352e-04
8.599233989198541402e-04
8.535844795887596610e-04
2.470808795994641413e-03
2.349587372447025247e-03
7.601208469579880979e-04
1.503220553412491821e-03
5.377264053188415133e-04
3.563887711181292200e-04
6.220097738227635441e-04
7.819672110694314126e-04
5.469641408703631615e-04
5.632572916653904660e-04
1.400136950720685513e-03
7.936080272884094965e-04
8.767929913084881403e-04
5.495876846063275012e-04
8.678600980487669427e-04
8.373199411391429609e-04
8.608020148712813195e-04
7.587124698614756101e-04
6.982182775240327417e-04
6.004926546106405380e-04
2.042356989065051594e-03
3.942248540673528494e-04
7.214024166689415396e-04
9.065499035712877617e-04
8.127077947472921430e-04
6.857447813731046326e-04
2.439163760785099683e-03
7.590873779255461959e-04
4.110274392280649502e-04
8.572764213829823501e-04
1.156372975897807139e-03
3.032284886408973348e-04
1.941015009951038619e-03
5.297588827505357199e-04
9.995453443486131129e-04
1.507771161063782952e-03
7.171196990976713573e-04
8.718425720573438290e-04
7.237808398177056519e-04
3.636001249817732506e-04
1.588480385354836336e-03
1.388519584443979275e-03
1.074082096749947104e-03
3.109473121433553827e-04
1.293675969853971645e-03
3.295352124475134608e-04
1.364851518308699604e-03
4.517775935813929627e-04
1.283969353818545898e-03
5.393522863894048081e-04
2.052561127479940722e-03
8.966209030833919126e-04
6.543627400010154551e-04
1.114113238993125763e-03
3.342842551889725058e-04
5.826949915218130336e-04
5.472404913892578958e-04
5.448321912639969133e-04
4.502151545201476656e-04
1.381077611042093745e-03
5.970164926799782128e-04
3.558502629909312924e-03
1.812711290268436944e-03
8.530321423022204502e-04
1.274747325334205225e-03
1.465044336353159716e-03
1.225932694571143979e-03
8.803708179847234694e-04
2.984664849577972254e-04
3.810623336779897443e-04
3.399978075763518512e-04
5.849557998791240490e-04
8.958666749901672121e-04
5.555346896728610272e-04
1.478427357870657410e-03
6.589411786513693246e-04
4.543152529131350452e-04
8.824789604279421624e-04
7.054105667829210086e-04
8.465936419410051038e-04
4.059520553908604152e-04
5.262530894257415152e-04
1.148603713121064364e-03
8.278003962643330424e-04
7.527458560183225003e-04
5.760230742696762895e-04
5.610112146206551638e-04
1.185997369614930292e-03
5.402129053351261865e-04
5.730940539548266214e-04
1.263559860702135034e-03
4.367442789141691363e-04
6.004457854176088955e-04
1.787992948389478679e-03
2.445493215489336308e-04
1.999165430654474551e-03
3.869392667060264483e-04
4.890729791376482484e-04
1.127581098402563988e-03
4.262116380683450296e-04
1.854075481712029374e-03
9.623178868445776690e-04
5.925027971267294918e-04
3.643971100940606323e-04
1.041591137755691751e-03
1.019959289628650677e-03
9.053475835953494859e-04
6.815428913642158784e-04
5.504282206601999062e-04
9.193224976130346315e-04
1.142603818158478314e-03
7.786610466867381793e-04
9.390318703636936623e-04
3.061379721745087555e-04
1.026912855892015081e-03
5.576336713384893356e-04
5.568197519134174441e-04
2.136440701047254403e-03
5.602578908420760909e-04
1.239623555534730224e-03
7.576258549167854198e-04
5.520884641061368260e-04
7.769731712129766604e-04
1.785997469737255058e-03
7.025868179111125888e-04
6.421158515295257796e-04
2.535081068467182671e-03
5.752357692744115370e-04
7.188809250556864316e-04
1.762846606078598104e-03
1.427746590783277687e-03
1.272267284723924011e-03
4.662929807836475350e-04
7.541271448351547727e-04
1.600743032908407727e-03
7.025868179111125888e-04
1.769185588609132947e-03
1.068629775827395576e-03
9.838828262442483093e-04
3.201005627353576896e-04
5.082456713466475956e-04
5.789860705156188187e-04
1.002726076174850290e-03
1.569459345355221245e-03
1.033367341198183735e-03
1.344155405430326987e-03
8.605536380833060401e-04
4.920495054125420499e-04
9.464110238948289077e-04
1.164270442872896360e-03
5.482471816520342054e-04
1.292370571854345711e-03
6.286979002068287864e-04
7.883185927483127645e-04
9.157191448341118860e-04
5.268144030716659029e-04
1.018814171052284797e-03
1.267340395277771932e-03
4.521045862980702969e-03
1.320884998619689145e-03
4.996926388913163018e-04
5.447023007497625406e-04
7.824338302100583824e-04
8.793378148419937930e-04
3.286682183148298148e-04
1.345217957537876794e-03
2.675075473019100734e-03
8.587569224729328004e-04
3.893485955072125792e-04
5.771227808422330031e-04
6.310509100552758998e-04
2.965271338087421783e-04
5.611696537451843231e-04
8.350066606726556971e-04
7.609247277392768884e-04
8.349570372755246760e-04
1.057192018340621540e-03
1.067908227032259754e-03
7.786842183120521116e-04
6.271311794010197118e-04
5.045564901827571599e-03
5.011280263012977184e-04
4.738765216241425625e-04
7.004507670538415902e-04
1.297247821721957042e-03
1.877174342778777701e-03
1.869001484493638694e-03
4.787179846262138187e-04
1.105547320336592665e-03
4.639014682121732585e-04
8.260397745514201640e-04
1.376989886054644056e-03
7.781030047043538097e-04
8.795234308283152993e-04
1.043799450901554795e-03
5.065509273382034399e-04
7.405151885159712462e-04
9.907571266215193552e-04
3.295352124475134608e-04
1.231052346783440997e-03
4.862935693039166182e-04
1.385625617823932993e-03
2.475759696177430060e-03
5.522426064547632414e-04
6.117605221435285390e-04
1.406846050190596912e-03
7.171196990976713573e-04
3.287530432726500779e-03
8.260160592289195669e-04
2.045559053555654448e-03
7.170585667821749226e-04
1.275508760945546442e-03
1.228943979109299416e-03
5.873627344927734783e-04
1.369769564536328340e-03
1.387522703373894042e-03
7.700094991272029947e-04
8.667796253107953614e-04
1.642170774822962389e-03
1.191780184369608262e-03
4.331763528193453686e-04
6.196953083065556006e-04
3.642011394367299895e-04
6.234692185126888223e-04
8.459385550456065533e-04
6.271755965195834016e-04
1.224709238321780103e-03
4.661243182824108418e-04
8.443671407968880932e-04
1.492000869525647068e-03
7.598326977697764193e-04
5.944862155980006882e-04
3.474880376942985467e-04
7.707432215639269850e-04
1.228851692565707462e-03
7.082231339859224126e-04
6.679611473815495748e-04
5.637335184829806887e-04
9.969398501514024728e-04
1.557689670251769789e-03
1.122752674393938995e-03
5.379506768751280343e-04
5.872096324068856428e-04
5.941328326447507108e-04
5.019960178545211996e-03
5.416611170994253474e-04
1.323016026112584526e-03
5.001570799546509617e-04
8.942288431717557813e-04
7.768478636755435157e-04
1.009059114255867005e-03
6.096596334028188272e-04
1.275801782248016164e-03
1.215623128452101480e-03
3.347616342921706420e-04
5.522426064547632414e-04
9.300955852351533394e-04
6.870316260344899294e-04
9.090678744341808282e-04
1.074352864217247017e-03
7.626885978885530925e-04
3.182528077343014161e-04
8.611020536016907772e-04
5.993447007956674002e-04
4.782304627574446754e-04
6.406369846402823779e-04
2.006986319583915421e-03
1.198456292709377006e-03
1.269481806324141608e-03
6.336460784538278232e-04
1.084157275870559125e-03
7.759127541692598324e-04
2.585376035065424429e-03
1.136399452798613884e-03
8.134007275292518338e-04
8.173366187915655093e-04
5.547609301711071928e-04
1.009465023547671380e-03
3.733492843094938954e-04
5.981177104328350711e-04
6.652946588244737936e-04
1.962788700492405433e-03
3.915025033918317519e-04
3.969570578654993669e-04
9.593631073364478588e-04
6.939742288968236755e-04
4.149646838740685302e-03
4.404896492337587849e-04
2.489821579882052775e-04
4.547826603826309413e-04
7.846733461749392461e-04
5.214043646926832219e-04
5.510713102051513707e-04
4.637885267272562383e-04
5.374931809179247372e-04
3.733492843094938954e-04
4.218341312724248966e-04
8.869454860820597886e-04
4.924544582520517817e-04
5.757892954406309974e-04
9.370352169628200136e-04
4.989639478403987789e-04
1.296729921129549743e-03
9.351525997741570641e-04
3.161738389508308403e-04
8.070519016024276264e-04
5.760230742696762895e-04
3.524449705797590756e-04
4.079952498554883220e-04
1.072758067444650604e-03
2.175981298490408181e-03
6.436177197111859127e-04
9.995566048448120081e-04
1.489755821348797294e-03
1.495186830444750854e-03
4.540025495925656385e-04
5.311150842388791911e-04
2.504035802429594067e-03
7.429114879383352061e-04
4.349947026700351840e-04
1.329326723959792537e-03
8.239701971852861524e-04
6.229017885539664054e-04
6.233746700846443459e-04
8.579835607128768332e-04
4.134214970222102516e-04
4.062555242465583881e-04
6.999850094820020711e-04
3.639657629407309393e-04
7.202147139865372645e-04
1.162433465802469338e-03
4.975802936104009285e-04
4.544781065796241084e-04
7.952473914675572747e-04
1.841595574575005103e-03
3.906860851232782784e-04
1.025443108515506491e-03
2.946528335686558970e-04
5.985275987625626000e-04
6.728011504500478173e-04
7.619491861673295370e-04
1.147672222175040706e-03
3.393235751229224206e-04
8.898128360255835303e-04
5.764989693543142064e-04
3.074247457681592716e-03
8.830648367930514367e-04
9.219668586872545226e-04
8.826655927086081389e-04
1.592584275224743140e-03
2.677610072351249747e-04
1.212147550632052114e-03
1.168140673489559715e-03
1.557445641642973312e-03
6.296466713848474384e-04
1.627125063975429654e-03
6.324344261688931131e-04
3.348262329516422790e-04
1.937325313283987669e-03
1.267340395277771932e-03
7.871610455189025383e-04
1.009750095969554149e-03
2.649793115901674439e-04
2.051655316874677424e-03
8.421822357473905977e-04
3.969570578654993669e-04
1.547287759157350319e-03
8.048216399190568152e-04
5.415052463617445492e-04
9.287589686175336343e-04
1.191340609847987364e-03
4.267502043774127718e-04
1.077525788983519760e-03
4.307231209126781879e-04
7.865000726485693247e-04
9.687382533098976012e-04
1.173358874569295669e-03
8.678600980487669427e-04
1.034987895223507971e-03
8.649391127972066301e-03
3.465120070850897225e-04
8.043550153950061038e-04
2.479058097885130686e-03
4.873618777961140737e-04
4.514592307348712016e-03
1.826833612712160451e-03
3.581713647048698841e-04
3.206720086524867275e-03
1.566452820272643291e-03
4.801804202365967961e-04
1.495072573435083556e-03
7.156098400658976759e-04
4.036613286224644014e-04
6.265501529638774821e-04
1.274747325334205225e-03
1.308387359953663495e-03
9.908657200365733955e-04
1.680722630596152714e-03
7.186029637078983562e-04
5.149203221512372013e-04
2.114379710135505519e-03
1.827514348982696825e-03
4.368445596488227615e-04
8.781395550708357605e-04
4.646367308720243477e-04
4.968052898124941099e-04
1.207043069180375279e-03
1.053527431444112273e-03
6.678351769089794143e-04
8.464183715596503834e-04
5.998011720576210386e-04
4.533740042090545321e-04
8.228106501572191771e-04
5.555346896728610272e-04
1.302507144990858786e-03
3.909348955332703776e-04
6.446383050286963153e-04
9.377181619061646187e-04
6.939380746456273079e-04
2.977523109438880741e-04
5.348573789504458900e-03
1.334768309279188913e-03
8.220537152058514634e-04
7.829229633658661616e-04
1.896955829379763951e-03
4.194034360308873904e-04
4.849585549196132046e-04
6.783058817897088828e-04
4.376798491003093864e-04
1.117929881153574296e-03
7.650815725484519294e-04
6.304666601726096036e-04
8.427138554600350920e-04
5.199695458249377735e-04
1.030424287450702834e-03
5.779833424044711516e-03
3.315889775523454298e-03
2.515315718128187297e-03
1.557689670251769789e-03
4.340348465701692436e-04
3.995751231467564051e-04
6.642339272075565779e-04
3.507651091845827036e-03
5.030978134008254115e-04
8.437039689386309450e-04
9.374383370199711402e-04
2.143035869083395259e-03
1.228198344138400943e-03
3.828446736342856370e-04
6.065892372397661781e-04
4.359934928287455573e-04
6.754525121149667494e-04
7.871908463160389542e-04
9.049934498686455775e-03
1.953568778318715178e-03
5.598301370888173877e-04
5.576336713384893356e-04
1.202641945660414295e-03
7.754753353703065831e-04
6.842200150116394246e-04
1.592183962824025639e-03
9.409497806693603800e-04
6.468622921733957216e-04
3.709106912907297491e-04
1.229435855000443351e-03
2.596280616072052603e-04
9.926970110771533677e-04
6.314291588237880802e-04
5.190935486937943780e-04
3.705305733050601007e-04
1.018323347105977873e-03
1.146366599056882233e-03
4.799159316756017681e-04
1.073021808415180892e-03
5.959533478400300859e-04
1.190384239179537347e-03
8.718307824327029172e-04
5.254299158125614200e-04
7.917141369049170933e-04
8.421619823425103039e-04
1.628836549587601816e-03
1.236156058471014028e-03
6.989060263484988015e-04
8.262762519513449071e-04
4.444500603097779933e-04
3.829495140776030190e-04
1.547287759157350319e-03
8.632405756451119088e-04
1.649343396025291283e-03
8.752128738282896701e-04
9.921269386688733906e-04
2.027929411987532127e-03
3.541595945263535444e-04
4.378420942153495249e-04
6.474957823312222586e-04
5.584773457382523039e-04
1.204806722402140600e-03
7.162899083222035298e-04
8.408455884370364059e-04
1.483533218498020879e-03
4.213220067462534742e-04
4.824793466753025191e-04
6.691521541105128774e-04
8.753986350640523403e-04
8.700802632050331446e-04
8.524904859366544321e-04
9.246337825398773073e-04
7.667592714833439387e-04
6.540116034737565587e-04
4.453249239025843550e-04
4.904198868914217075e-04
3.605506836541335844e-04
3.919333348207351729e-04
8.781395550708357605e-04
5.195228397982131928e-04
8.227882476366148515e-04
4.869016870083570829e-04
3.577370015986947624e-04
3.737281995282318108e-04
9.552590269152611132e-04
6.621101500800292841e-04
2.972211210875538596e-03
5.141959045098882727e-04
9.371104399567496386e-04
6.384921496063852755e-04
1.693610724347595266e-03
5.572400919390140981e-04
6.908519032530216703e-04
5.986070167349021162e-04
3.739801728084943418e-04
7.739063321773590647e-04
7.749672861618423728e-04
6.872515471979872767e-04
2.329462843406779175e-04
8.350066606726556971e-04
7.301805615126425678e-04
9.287589686175336343e-04
3.108677380499192929e-04
6.400154603970568132e-04
2.912419704579321937e-04
1.182501958438970848e-03
4.478161972868244332e-04
6.468622921733957216e-04
1.361872658167349480e-03
4.513143551408916525e-04
3.759906438400176330e-04
7.392481570453904392e-04
1.528537003030982101e-03
3.587673387153135171e-04
1.552285534116889425e-03
6.728296822562857601e-04
3.006589893165807314e-04
4.311849798028938047e-04
5.165582313088813715e-03
1.081683372037394114e-03
5.010470639186503363e-04
5.506763788024842234e-04
4.417003363319087781e-04
4.422928292442525290e-04
5.229685473588634864e-04
1.602165275994416570e-03
6.630826869479881360e-04
5.710513673841781379e-04
9.877254269543044377e-04
5.515926889131547673e-04
1.491258366111272889e-03
2.396210753385260173e-03
2.027735002194430963e-03
9.833820321572849573e-04
6.942819101058973720e-04
7.276578428047243826e-04
5.031600794810802465e-04
5.800161449675641416e-04
1.519159604305942487e-03
1.406382354593831586e-03
4.553418543101326221e-04
6.087949279846167341e-04
4.750498726894865505e-04
7.646163008579225312e-04
7.372919524070583285e-04
7.143365958460960816e-04
3.658757186954587665e-04
6.766604887496212219e-04
6.008807806702884304e-04
1.178387283878117985e-03
1.212838778167657202e-03
4.689212645972823737e-03
6.408736344134010731e-04
1.054416858009862889e-03
5.378008892408670926e-04
7.429114879383352061e-04
1.574186281787166722e-03
8.443671407968880932e-04
1.277866122421656477e-03
5.959533478400300859e-04
4.097358559448758967e-04
3.240113068718290259e-04
4.555362864572929282e-04
1.657114608212675649e-03
7.823953144690005013e-04
4.597811322176357466e-04
1.535989766514220776e-03
4.851018240377832566e-04
5.434406738552062955e-04
9.958604842986284317e-04
5.253570282339626446e-04
1.169105835432946491e-03
7.436918503136990015e-04
1.087054838591622634e-03
3.620519455888216603e-04
5.932013137998615442e-04
3.522360312075102835e-04
1.088753763112689822e-03
4.236591056343005186e-04
5.019960178545211996e-03
7.518104067711243793e-04
3.176626394785526421e-03
7.437748313753865005e-04
2.005510422118524875e-03
6.891221788593877157e-04
5.958008358347591064e-04
8.308300674246553354e-04
4.566191083364525070e-04
9.157191448341118860e-04
1.084268452440019471e-03
1.346973593041350193e-03
1.227178091727101168e-03
4.578953183347050514e-04
1.416562649178391715e-03
6.651990548308591442e-04
8.206205189521304953e-04
5.229685473588634864e-04
6.263693835422498189e-04
7.241567129423237721e-04
9.792813641079009795e-04
6.117605221435285390e-04
8.283590782317381196e-04
2.379539636571956294e-04
5.097288729387073041e-04
1.280273570041397507e-03
1.216513015389367311e-03
8.088490377662670497e-04
7.131241398590418669e-04
5.716734178979414847e-04
5.483675892596023924e-04
4.564582273314526256e-04
3.335058278415241177e-04
1.391338918141584672e-03
5.353799404204399783e-04
6.652955318309482398e-03
6.191097054398462520e-04
1.111712698101341218e-03
5.000433550034457308e-04
4.271454932601654914e-04
1.569459345355221245e-03
9.374567883675576823e-04
2.806728783043446144e-03
1.562163344862941249e-03
8.163530901009739046e-04
4.801540629625779114e-04
7.716442587995954016e-04
9.598327464227884680e-04
9.478225088120436790e-04
6.719746698027339888e-04
7.660971548038679468e-04
4.262116380683450296e-04
1.036215966951323534e-03
7.314860679211517176e-04
7.501990630024681561e-04
7.177061537532582018e-04
9.367384504430089579e-04
7.439508328196043534e-04
9.103729233943669416e-04
1.215850108505657891e-03
1.316701906670309126e-03
4.522539059584902016e-04
4.819272249815897773e-04
5.741213764387853363e-04
9.924705105547953436e-04
8.894865229391073691e-04
9.361239211603020844e-04
5.630453151578434807e-04
6.544044312915494894e-04
8.854958645944661488e-04
4.315394653528742798e-04
4.673995547793910075e-04
1.897141070957621698e-03
8.046154872129819341e-04
7.052720947683714875e-04
7.243821751793060428e-04
5.482471816520342054e-04
6.159448092769444997e-04
1.656840294530471762e-03
2.378425116927529708e-03
8.516872396485803375e-04
1.225216661415997384e-03
2.046997904884487705e-03
2.878849142857593541e-03
1.323854716688073647e-03
9.652550081376331864e-04
1.028072235479817170e-03
7.253725866539694964e-04
1.486094337525612147e-03
2.283034261371688807e-03
8.989242222101793489e-04
2.140145288288883198e-03
3.825592116447145818e-03
7.689985352960127148e-04
1.355310435015033522e-03
3.383489972333545760e-04
1.642619920683699962e-03
4.882842209471140822e-04
6.029840196377615627e-04
1.431011543266568495e-03
1.341698890281581638e-03
1.776215155831555384e-03
8.479969121381167232e-04
5.627720585976055123e-04
1.128335742716985628e-03
4.741110275894442260e-04
1.171159963800296692e-03
7.695643394512585852e-04
6.216942799865755919e-04
4.734853721367840592e-04
6.135516245440743831e-04
1.003381226875318683e-03
9.133272294120181557e-04
4.350063361564659873e-04
1.453320144674882883e-03
4.544781065796241084e-04
5.349930232317288157e-04
7.667198725107532246e-04
6.722334497451879767e-04
4.444500603097779933e-04
1.332566916779832043e-03
1.254761386181003913e-03
7.711647478644511038e-04
8.088121670554830611e-04
1.790708842151271908e-03
9.427353953407841903e-04
1.234444210034711838e-02
4.485333386306054730e-04
1.325452488287393775e-03
6.163855510682277267e-04
4.512258138448368224e-04
4.663962928165265036e-04
7.853487062226598365e-04
5.332967714899193102e-04
7.227718530044086260e-04
1.257656453086136760e-03
5.853131717753803356e-04
6.215130508926517165e-04
6.025468032291615966e-04
5.404155338683526650e-04
3.473585068601251370e-04
7.726222461500626163e-04
4.365394394198190021e-04
6.442607912209986736e-04
3.541595945263535444e-04
2.694331651567643702e-04
2.168527133999297724e-03
3.974328081399650212e-04
6.435746464145790380e-04
2.413274153908893417e-03
4.434661479711343680e-04
7.059989523330969293e-04
2.491166954458533863e-03
6.176692452941314132e-04
3.557453868065769791e-04
1.492000869525647068e-03
5.590506112848655628e-04
1.988316107110500545e-03
8.784024469847424290e-04
1.642203561776798540e-03
6.540455050384863089e-04
3.097709414097632517e-04
4.849864643446190381e-04
7.651336280052263615e-04
3.331707861885623684e-04
7.160648918577606700e-03
1.318811811603654320e-03
4.997116363913998776e-04
5.430277500236786519e-04
7.396254123141261403e-04
6.201402781453430567e-04
1.684310609190782515e-03
8.439240077923367825e-04
8.321709143769110166e-04
1.877928210299929443e-03
5.691532849163121995e-04
5.402129053351261865e-04
1.308345684831220632e-03
1.094780238065331830e-03
9.369810535989528920e-04
5.029437678950531530e-04
1.199825135143203119e-03
8.788450305154757317e-04
1.315845774287121347e-03
1.041695319761352413e-03
4.487639780375362393e-04
3.729253034387518522e-04
3.621939965569172162e-03
8.177983680801542525e-04
4.430559443413975931e-04
3.347616342921706420e-04
8.967118676144808162e-04
1.467058960347515737e-03
8.992191957089199199e-04
7.582571952178743377e-04
1.196784618948265903e-03
8.490707450572854533e-04
2.854118268558968031e-04
1.028120388634592161e-03
6.326205653880051559e-04
5.513167236819522567e-03
5.404155338683526650e-04
8.669981671084111023e-04
2.956701469689028612e-04
1.253613411632176905e-03
1.002726076174850290e-03
1.482071318917855401e-03
4.381847558943794698e-04
8.849001603639192887e-04
3.650647824516780292e-03
3.510347602776624004e-04
4.734853721367840592e-04
1.026912855892015081e-03
7.330229867556345077e-04
2.956701469689028612e-04
6.742635177271307304e-04
1.240648820110260312e-03
3.326131231485355806e-04
1.038008798431726753e-03
2.146363937369998552e-03
5.725829653530472565e-04
3.821464270182262091e-04
2.924171209576461369e-04
9.500694829416681019e-04
3.805806874861304614e-04
4.219449110261686725e-04
8.252903858133836361e-04
2.969049016841038085e-04
8.639733955814695755e-04
1.097267452110300230e-03
4.255624459818349472e-04
5.210788163400344305e-04
1.068470866424308567e-03
4.769499466574042166e-04
8.206360583874659992e-04
6.163481072242730412e-04
8.589660590932212715e-04
9.311959501397851051e-04
1.641674036330497939e-03
