1.796735695624206874e+00
1.689341996001533008e+00
1.824455949070737271e+00
1.830743088043299327e+00
1.808667987761095164e+00
1.757442561579605655e+00
1.825117383050723241e+00
1.802025009573185566e+00
1.777999920890585450e+00
1.815307940359865757e+00
1.734015100935684339e+00
1.787747908123725971e+00
1.756590539608090973e+00
1.799162974400378534e+00
1.713307463659589081e+00
1.779472787469506656e+00
1.799417347257844302e+00
1.666999701577767112e+00
1.801291430845832320e+00
1.824804106111751256e+00
1.510760240699357215e+00
1.792548633265778957e+00
1.840313384108525518e+00
1.805426295725794494e+00
1.660300128645149531e+00
1.838263559592257179e+00
1.746983141973818654e+00
1.664483742789122367e+00
1.767430262092144488e+00
1.730279244622949797e+00
1.805587742084848291e+00
1.840053220111738552e+00
1.794446961648771488e+00
1.701233454329006189e+00
1.687710483147694784e+00
1.765181993547844108e+00
1.801991530451624524e+00
1.276535233261566260e+00
1.782702338450408597e+00
1.826832642262438355e+00
1.797560098305853060e+00
1.756660291892269132e+00
1.744293804533918024e+00
1.829325625521814214e+00
1.662379164962657807e+00
1.673205902539618428e+00
1.822715703748650995e+00
1.768548010055992492e+00
1.735620102424557221e+00
1.723109159484331965e+00
1.432797001796106917e+00
1.694087328367400058e+00
1.800788007376520561e+00
1.757265814083850408e+00
1.766885135096627923e+00
1.814998278158831413e+00
1.827854244688318586e+00
1.643782133837368375e+00
1.533737908865866473e+00
1.790203290183498108e+00
1.722553455402978440e+00
1.839792678465814291e+00
1.702784435119635731e+00
1.801813034893318566e+00
1.728973221941418892e+00
1.775885756686355954e+00
1.741962859212508929e+00
1.780576918457839497e+00
1.677310379980097910e+00
1.794492843891821732e+00
1.809826483539859199e+00
1.697320640358017885e+00
1.766128923664671557e+00
1.759706258437562898e+00
1.782829155269064270e+00
1.835316209989148462e+00
1.805186475418227410e+00
1.809730059941466074e+00
1.776832545429703814e+00
1.812586314160158363e+00
1.829951318922759640e+00
1.717835814373900760e+00
1.806719856902296195e+00
1.804284924691134551e+00
1.761622039420202901e+00
1.771846504902074404e+00
1.781176741568990085e+00
1.836218000034767872e+00
1.562114419899804929e+00
1.775189946434572619e+00
1.632183055513921399e+00
1.765198084555767766e+00
1.505860200767109802e+00
1.753669497833459046e+00
1.785768260169915855e+00
1.811511634042514807e+00
1.772966691666114869e+00
1.702392682513477196e+00
1.794869718853330909e+00
1.795334208188571257e+00
1.810358030413065311e+00
1.807606673922190987e+00
1.796343539491574548e+00
1.444792935840681691e+00
1.687539290421543825e+00
1.761097809080655718e+00
1.828823842409206035e+00
1.395547515715646947e+00
1.798397021245139893e+00
1.828435188245631782e+00
1.778771201126105428e+00
1.504672136519300096e+00
1.661007653664573480e+00
1.831232055432120642e+00
1.755632500149138187e+00
1.702896803525313363e+00
1.793947456020159148e+00
1.834389226134095274e+00
1.833391742316444972e+00
1.835828843221951612e+00
1.807299522691494742e+00
1.742645745778002686e+00
1.746581509531050624e+00
1.767314879349205503e+00
1.731017431545302632e+00
1.770344412637681941e+00
1.775216883308405880e+00
1.800734274479623753e+00
1.812292123697893720e+00
1.750673904130579439e+00
1.806076196985523907e+00
1.814084501020040374e+00
1.784911468203779661e+00
1.716246147345544593e+00
1.649120537193218272e+00
1.807314372691420701e+00
1.706669650420698625e+00
1.669973222417568959e+00
1.672820484173989986e+00
1.652212709376588595e+00
1.817019984925506204e+00
1.777153412697144219e+00
1.759935473217653978e+00
1.736328746975942083e+00
1.829063251584900129e+00
1.810041978040276778e+00
1.817184294572096626e+00
1.579605512464818284e+00
1.837058021051949375e+00
1.796764393663975223e+00
1.597946816424766769e+00
1.822298216897846324e+00
1.627217073141022707e+00
1.836092085888159531e+00
1.802496922612903951e+00
1.781561886833953334e+00
1.747976196376421765e+00
1.717960202020669236e+00
1.684282114770069061e+00
1.794626817420992282e+00
1.838714116491618977e+00
1.815569950568908464e+00
1.742784357951964402e+00
1.796008565238734089e+00
1.577590329625478738e+00
1.739570745185127443e+00
1.735168508037038926e+00
1.737866054150364992e+00
1.793507434842268378e+00
1.725483292266680735e+00
1.762164780463398639e+00
1.836740281816470421e+00
1.832685912210472390e+00
1.726217909118173743e+00
1.444792935840681691e+00
1.830717047027149214e+00
1.726968385718568033e+00
1.807015323957036568e+00
1.806175816092946196e+00
1.545041945820190721e+00
1.831547942637156368e+00
1.715626627023627560e+00
1.550136516339452264e+00
1.834283378814204113e+00
1.684402588464769313e+00
1.809350032138532072e+00
1.729021593303274207e+00
1.816153683403165076e+00
1.834704447234418279e+00
1.626168490599530392e+00
1.745787991291852137e+00
1.761558466386116351e+00
1.816493736061879360e+00
1.650626050528605671e+00
1.837467274898112457e+00
1.816525332500494638e+00
1.818457302794519670e+00
1.717180868979181430e+00
1.744528942395023652e+00
1.604512188126300698e+00
1.782376458360069638e+00
1.804982146914295704e+00
1.744256309112138137e+00
1.776092429584102739e+00
1.828368898639191720e+00
1.765288238758329298e+00
1.577055461803662517e+00
1.679758356096708871e+00
1.703559350082515689e+00
1.717041032359785113e+00
1.728601842083206552e+00
1.822036057821742050e+00
1.817954540320494861e+00
1.809475378113652777e+00
1.678570827381738351e+00
1.799937844697303335e+00
1.801600419011600618e+00
1.722162179871948640e+00
1.832116752003367655e+00
1.823436124639853828e+00
1.711501187838669669e+00
1.712345329120535053e+00
1.829848738998425262e+00
1.717640686692714747e+00
1.735935590362100100e+00
1.737899730448455804e+00
1.816499972193815537e+00
1.802855737927375301e+00
1.793689085854595078e+00
1.734003688124251319e+00
1.736851315014003028e+00
1.775944426720613922e+00
1.812673141702078716e+00
1.797377780671845615e+00
1.744536994205925673e+00
1.796652156349945129e+00
1.817297060467467862e+00
1.605584778000114898e+00
1.685992126505577060e+00
1.815062315497632639e+00
1.808794918190681500e+00
1.763403867557454596e+00
1.686142973296924197e+00
1.640817172356324960e+00
1.647118210212017875e+00
1.830670422512767015e+00
1.760388676793236407e+00
1.794657696626551280e+00
1.766474417747714298e+00
1.814961952919668997e+00
1.832546448059517274e+00
1.719659494411336143e+00
1.717763612627255299e+00
1.815134645918732526e+00
1.832737929114187647e+00
1.748966356309932024e+00
1.817118409988778049e+00
1.763670827916342887e+00
1.823055305929583092e+00
1.818753616660854888e+00
1.785752665198121703e+00
1.816198834683370844e+00
1.696999079763364948e+00
1.828374933557013193e+00
1.442276563622379104e+00
1.466573770088302808e+00
1.450343012976424095e+00
1.815432462873528330e+00
1.772633093314956998e+00
1.770119806335254786e+00
1.565490164783773785e+00
1.811800851018711800e+00
1.821409198900532100e+00
1.816034390629920114e+00
1.760646395647970319e+00
1.655111979815749201e+00
1.721938611091096138e+00
1.794898162005478692e+00
1.808708948252942372e+00
1.732619679908126376e+00
1.676665412067576355e+00
1.769285388215293464e+00
1.810002676603039706e+00
1.817446976899985689e+00
1.712567523511113521e+00
1.563127755071267222e+00
1.628247807131847580e+00
1.823424371562195834e+00
1.714333419461629759e+00
1.756550324571632071e+00
1.809999037670273481e+00
1.748900557622718122e+00
1.514903148774637831e+00
1.714294296555177510e+00
1.834169927022340385e+00
1.557617493858421742e+00
1.822835495890475110e+00
1.689576636612556637e+00
1.802948045568643742e+00
1.803025338728167615e+00
1.575135049172364354e+00
1.736341693215137427e+00
1.694882063168893005e+00
1.745449244017722945e+00
1.829738518965216887e+00
1.512526265436054729e+00
1.831182109016807225e+00
1.826122481824191013e+00
1.643558920958524627e+00
1.702807750120198138e+00
1.719423196545664778e+00
1.771513745586491773e+00
1.815569950568908464e+00
1.661540095169464548e+00
1.811290605106266050e+00
1.766759461306140810e+00
1.729298734570617002e+00
1.738542529160837624e+00
1.766521402298429688e+00
1.833519606952697556e+00
1.762463258101139907e+00
1.726968385718568033e+00
1.671251564290164637e+00
1.592086186682425186e+00
1.781252500706330899e+00
1.756590275155176073e+00
1.815480260232775311e+00
1.716730202321442800e+00
1.803025338728167615e+00
1.695386546900871316e+00
1.658364914108252819e+00
1.827727311678694511e+00
1.707918560845239631e+00
1.782115890328948016e+00
1.721161172017211305e+00
1.821264038379741823e+00
1.379010555062693211e+00
1.721622917250111406e+00
1.814212590966241656e+00
1.805665030906381308e+00
1.759185701150955738e+00
1.811620318068951185e+00
1.768632006519232469e+00
1.779838424061439106e+00
1.807439513730966230e+00
1.812301066073267020e+00
1.758973398528237642e+00
1.785158400025644188e+00
1.781279058774731361e+00
1.826257633388100210e+00
1.818289417260115837e+00
1.828425960052010746e+00
1.827514912624603527e+00
1.087335197073992621e+00
1.728071072814852727e+00
1.835034806510166039e+00
1.807539794226772134e+00
1.566482144755316996e+00
1.804489347112057551e+00
1.787153740792083223e+00
1.802305758841988403e+00
1.641117750255579377e+00
1.726968385718568033e+00
1.680944239544314378e+00
1.820303723094421677e+00
1.689691957479669604e+00
1.730595839861011065e+00
1.763188038619571962e+00
1.770412510409479001e+00
1.784228994297036408e+00
1.666629968641045512e+00
1.635466102510399811e+00
1.776380278413536740e+00
1.710459018696778299e+00
1.793777051996926719e+00
1.763296700498802938e+00
1.725997786178344651e+00
1.759348991031728815e+00
1.839483824839336590e+00
1.609468274386545827e+00
1.640609556747203879e+00
1.727093772882982492e+00
1.826612842439760964e+00
1.716954593305751731e+00
1.708715141691038220e+00
1.833365603418176448e+00
1.808506062574859685e+00
1.808806036824744723e+00
1.810582956051844272e+00
1.741201636937672159e+00
1.709247391155768625e+00
1.774116707036693885e+00
1.766992463595658425e+00
1.828994951789960854e+00
1.792684905383954863e+00
1.720868463193669484e+00
1.751380162789555772e+00
1.662630750780057287e+00
1.803754173625750079e+00
1.836450265768028389e+00
1.706736575444131043e+00
1.788399596805975378e+00
1.837753049835673114e+00
1.751960898140207945e+00
1.806034275037034842e+00
1.822863688446936914e+00
1.833409084337121353e+00
1.797824435254988362e+00
1.796479566804229933e+00
1.835970315173159673e+00
1.686037728086760001e+00
1.788576719621403077e+00
1.783769387317265753e+00
1.722660144440525398e+00
1.819221045440262419e+00
1.681325766197856009e+00
1.811975230811663895e+00
1.769469894483067574e+00
1.673845096198172566e+00
1.825117383050723241e+00
1.828949407483556611e+00
1.810149742160368946e+00
1.771249750519724886e+00
1.834894267396579348e+00
1.810158612413498069e+00
1.733633992488966769e+00
1.563664250167261960e+00
1.787979337043046346e+00
1.769247525929728670e+00
1.757976661407813612e+00
1.832215487349212690e+00
1.834455119670963308e+00
1.801704158021619984e+00
1.695085842677954036e+00
1.768831258195304290e+00
1.834433889537834705e+00
1.760675948148367365e+00
1.688776521068262815e+00
1.796286472845819215e+00
1.820381176777903232e+00
1.774981749268322639e+00
1.818041337603601093e+00
1.755616599536574007e+00
1.824449630924998456e+00
1.637081057760586322e+00
1.827737309192272619e+00
1.795373569359458354e+00
1.788608121972752318e+00
1.839845765650546028e+00
1.697138082795185632e+00
1.806682892169496402e+00
1.834305381525281220e+00
1.688309911687373877e+00
1.746848366117103701e+00
1.737306537131576789e+00
1.802334742537670564e+00
1.779499184698982495e+00
1.704073535826310382e+00
1.830277206540643409e+00
1.793354752993856938e+00
1.753171591939501672e+00
1.837285195355234491e+00
1.678839663282940542e+00
1.669445612440229931e+00
1.809475378113652777e+00
1.771281370452742143e+00
1.757596898438325450e+00
1.704060244764087795e+00
1.533737908865866473e+00
1.509086407964918441e+00
1.748623736179927501e+00
1.799565199884554101e+00
1.795485454264000857e+00
1.805047030852292345e+00
1.814053164773579585e+00
1.782789415492915808e+00
1.758388226935060139e+00
1.776582381379235631e+00
1.791055039917889502e+00
1.832770695190865773e+00
1.840207786546051327e+00
1.725151154531501918e+00
1.775047172532974615e+00
1.770537633363697072e+00
1.810329585257092422e+00
1.747471694174130841e+00
1.518746288765636887e+00
1.763393658053199253e+00
1.751090430895979377e+00
1.731830942704106757e+00
1.709168484972422686e+00
1.801575827789289708e+00
1.766682354183483294e+00
1.782955628674465443e+00
1.836762647017567529e+00
1.622185818411769231e+00
1.671191075549498528e+00
1.741607165916268407e+00
1.645517908436318066e+00
1.741513548412358947e+00
1.831054130375285860e+00
1.815009836308834057e+00
1.713550662435462835e+00
1.715466308226966552e+00
1.753989247231400928e+00
1.783495686483822951e+00
1.615268456690496901e+00
1.782935642256045394e+00
1.786424234853958737e+00
1.789737806555539601e+00
1.593688859140309777e+00
1.720290400862304114e+00
1.837937508530220310e+00
1.777673444232900746e+00
1.680147193796460936e+00
1.784463399874349987e+00
1.702000875720373507e+00
1.679761685334536736e+00
1.772672223490997734e+00
1.718703844885893339e+00
1.644270230968959634e+00
1.704517812550882194e+00
1.692951308690341827e+00
1.762359395895252145e+00
1.815318480510292876e+00
1.783933885485715187e+00
1.815049760674300128e+00
1.759299497781205313e+00
1.661813423475226204e+00
1.653702143030658878e+00
1.719113604376136584e+00
1.781382462407516076e+00
1.806460663476622042e+00
1.660402573914171453e+00
1.780576918457839497e+00
1.408236753947823772e+00
1.681136070314594111e+00
1.740958080725050205e+00
1.822076858623371542e+00
1.650920414365665723e+00
1.778621598851402252e+00
1.788576393402020015e+00
1.805703090225385443e+00
1.727522456606825241e+00
1.823534643461225180e+00
1.819360310329887653e+00
1.768155940105478940e+00
1.804224157184845634e+00
1.711140525742283813e+00
1.805511165742228918e+00
1.818289417260115837e+00
1.837997810917411989e+00
1.797097593452959829e+00
1.495394332415466820e+00
1.835191639542360198e+00
1.695734668716253557e+00
1.772698813853077482e+00
1.639205844871501228e+00
1.804611051546806566e+00
1.597252953730119440e+00
1.806626093783169740e+00
1.803484016587324046e+00
1.803467661462344385e+00
1.744723251371585793e+00
1.806088471571822618e+00
1.779552578401800922e+00
1.464191210482737038e+00
1.759148004270530752e+00
1.703582031818191345e+00
1.747330260542928393e+00
1.789237606610842857e+00
1.830092098500381237e+00
1.573235317052988913e+00
1.781175981990222867e+00
1.728516733798376892e+00
1.815791635814612892e+00
1.756562341450489395e+00
1.814501936405514382e+00
1.784153898466346977e+00
1.807231294724219062e+00
1.784136779411400031e+00
1.825171834816296634e+00
1.498626794038990795e+00
1.807724201942202846e+00
1.826911556921656965e+00
1.816609201961854048e+00
1.805249168528561654e+00
1.668270784825955255e+00
1.823427947861113729e+00
1.831525926934320925e+00
1.724338994366065414e+00
1.808562504216779221e+00
1.780556671366660959e+00
1.765316372328361361e+00
1.724935125803337410e+00
1.825235835186657773e+00
1.721975416541182469e+00
1.750654983328017833e+00
1.759295795035402010e+00
1.783697149441819452e+00
1.715175123232370424e+00
1.726545281605432969e+00
1.790866080037163854e+00
1.775099200477140204e+00
1.749569543778172864e+00
1.823001966244053307e+00
1.681606567737637281e+00
1.758981231558672587e+00
1.731239727044667109e+00
1.813703551936711289e+00
1.693805145968677817e+00
1.784985109319510599e+00
1.832238120264360282e+00
1.678251289743923014e+00
1.743067349898868912e+00
1.816484937419509560e+00
1.819192832944579896e+00
1.808783672622626737e+00
1.728544453157744076e+00
1.675618317773746035e+00
1.647683700515196081e+00
1.746571853986762513e+00
1.582091963985146066e+00
1.738995706667417984e+00
1.788161036751401145e+00
1.835191639542360198e+00
1.809613986920225015e+00
1.530975454911923883e+00
1.724376339142219550e+00
1.686160655898386374e+00
1.813905173262193138e+00
1.773000058510278976e+00
1.803906404308135203e+00
1.781187476978478124e+00
1.817609798291150547e+00
1.698178203613124992e+00
1.736026144273044691e+00
1.803724171963354328e+00
1.737899730448455804e+00
1.700081102455937465e+00
1.653020995740444921e+00
1.814172249023917605e+00
1.724604150062911234e+00
1.805636366068243959e+00
1.795121691602463265e+00
1.769565907425382223e+00
1.762680946907156709e+00
1.809826200233118243e+00
1.826854148417523804e+00
1.822580389462336026e+00
1.682257879910250331e+00
1.541638484106895302e+00
1.815307940359865757e+00
1.617246562336904780e+00
1.661994144647465532e+00
1.835839042594244130e+00
1.756873292486447191e+00
1.724007909339427158e+00
1.811045903693885295e+00
1.676520146768422759e+00
1.837937508530220310e+00
1.737286210384841212e+00
1.589743519417812667e+00
1.754175923705225015e+00
1.776092429584102739e+00
1.837174143402715565e+00
1.817209790901147315e+00
1.359010731045280362e+00
1.799246368851370903e+00
1.811001667031412410e+00
1.705563145646186829e+00
1.836509901164054437e+00
1.779686305705079130e+00
1.805194698072762005e+00
1.598229389967968261e+00
1.728387062633885085e+00
1.801652501419051866e+00
1.834392400522335986e+00
1.788551617472229793e+00
1.802736261966782605e+00
1.819384198100030048e+00
1.828938230301232259e+00
1.615258453077446532e+00
1.484601628449581767e+00
1.812301066073267020e+00
1.740958080725050205e+00
1.561050274250515901e+00
1.837612842328330220e+00
1.781362857495811358e+00
1.775073334702572225e+00
1.709536220896506364e+00
1.723583215342370689e+00
1.828466832692231758e+00
1.831182109016807225e+00
1.824848667616950637e+00
1.550910683076304863e+00
1.745947869385091611e+00
1.812708873548888100e+00
1.831784247305784152e+00
1.788492706517672115e+00
1.763666008263927942e+00
1.696135996005407875e+00
1.828089145523863479e+00
1.559910749034148170e+00
1.819018943819944223e+00
1.837217317962888341e+00
1.710161325898304385e+00
1.587112829057411911e+00
1.724463280361568263e+00
1.510148610543472270e+00
1.805616907479977717e+00
1.643307453739370150e+00
1.691686149462917399e+00
1.769289260120406215e+00
1.713818543194326249e+00
1.815318480510292876e+00
1.688943206797355323e+00
1.766219118730798066e+00
1.792684905383954863e+00
1.711377173298312293e+00
1.716354245960779679e+00
1.791519114631605181e+00
1.834314511707796580e+00
1.754997631844512185e+00
1.801344591454587363e+00
1.811064235519953769e+00
1.646892273977799803e+00
1.782846022574932299e+00
1.716611940096229194e+00
1.626168490599530392e+00
1.471024790672055271e+00
1.745613014952725806e+00
1.839725812742281308e+00
1.727449655819584873e+00
1.737723888972586117e+00
1.783805599833012456e+00
1.593624929133240054e+00
1.828619901319229468e+00
1.796300388592805941e+00
1.603857215268551073e+00
1.654720164727249143e+00
1.720972862528030278e+00
1.766898349147911107e+00
1.549665853879401256e+00
1.761097809080655718e+00
1.803027780349581999e+00
1.822444837458816469e+00
1.811659223406387298e+00
1.753942686942988827e+00
1.603317359168361378e+00
1.649236312980482122e+00
1.636542578984980345e+00
1.749773824512538933e+00
1.775761537567199122e+00
1.829919820114547901e+00
1.693355267816223364e+00
1.788563595479385260e+00
1.822057674654859349e+00
1.796503116069887884e+00
1.636357401237152676e+00
1.768644016163819721e+00
1.761257931839318447e+00
1.764571837052803183e+00
1.835102788398503160e+00
1.825909935053695587e+00
1.740108998233024229e+00
1.705801915196484941e+00
1.773936227234361729e+00
1.812806266722711168e+00
1.692302050738335506e+00
1.829951318922759640e+00
1.795121691602463265e+00
1.805661651127993927e+00
1.720412529771960131e+00
1.518706662743854352e+00
1.722110968284912502e+00
1.815607931956129129e+00
1.784737363604199434e+00
1.818655200469621036e+00
1.654611327589876613e+00
1.838835544121628640e+00
1.779397581211163537e+00
1.806405232922895898e+00
1.779007045230023287e+00
1.737358731605699091e+00
1.795100995408049016e+00
1.837552713896805967e+00
1.793013894305337530e+00
1.805661651127993927e+00
1.838294547311489557e+00
1.750346794649597637e+00
1.762164780463398639e+00
1.747320772831995495e+00
1.664946826369788857e+00
1.836536560143200436e+00
1.653020995740444921e+00
1.782461346091842591e+00
1.800988505098479298e+00
1.771732994356153945e+00
1.782424108223642722e+00
1.764534098327192879e+00
1.818996422379839828e+00
1.779686305705079130e+00
1.820037045263391828e+00
1.745998644980762737e+00
1.731313564070751987e+00
1.828365124035306266e+00
1.761630281220065042e+00
1.712509805915995331e+00
1.752054115877255569e+00
1.744303930907499911e+00
1.646010383401829813e+00
1.678359850993710323e+00
1.725991446597297863e+00
1.817105051388169912e+00
1.828262716640037588e+00
1.826507864253442470e+00
1.817771311374429377e+00
1.812885714435854778e+00
1.826214400471012800e+00
1.832169019904621221e+00
1.749483324827084907e+00
1.799082949172606138e+00
1.826991331067964852e+00
1.403078542804850226e+00
1.596633212025894366e+00
1.780230788007264753e+00
1.775000580128803129e+00
1.824505621035156455e+00
1.826850228336276416e+00
1.623230285086532998e+00
1.796071723880699800e+00
1.771763338352744466e+00
1.595099036308283091e+00
1.658436963092769334e+00
1.740613562582102647e+00
1.782922697054061700e+00
1.638335328038042604e+00
1.778229025138380326e+00
1.810685485480924672e+00
1.793496687422270863e+00
1.576712900343941737e+00
1.819428727436062543e+00
1.808504479855601366e+00
1.831996515636985956e+00
1.748887162821784580e+00
1.831971638237293032e+00
1.828183688794042805e+00
1.840245813048764223e+00
1.464690469026782793e+00
1.742167863744537026e+00
1.830560563066359503e+00
1.762680946907156709e+00
1.695864636447428131e+00
1.835491155862125190e+00
1.834389226134095274e+00
1.563437229911953885e+00
1.808972742172148873e+00
1.747804162026284303e+00
1.799827897690101430e+00
1.796924138341454480e+00
1.676839904511134627e+00
1.813537354621123532e+00
1.753496899801232356e+00
1.777673444232900746e+00
1.834405938163800043e+00
1.797403568541295016e+00
1.703421459838508012e+00
1.653015124328415908e+00
1.757427674026277087e+00
1.572505100025593405e+00
1.725366700266802944e+00
1.780917694414650310e+00
1.649879134905757994e+00
1.713437897057054071e+00
1.582460607360813842e+00
1.763518965867184596e+00
1.683743491012525739e+00
1.764797140376660245e+00
1.809708563967225459e+00
1.781695571569885228e+00
1.726746335299280233e+00
1.639839236127194955e+00
1.813277051811596818e+00
1.763741269549343293e+00
1.654921019497575418e+00
1.748750778403243444e+00
1.798543559318403817e+00
1.703188985688097290e+00
1.726863258522316702e+00
1.746862661310831566e+00
1.773953958277520560e+00
1.799838656585668328e+00
1.765034308655889284e+00
1.760624169985259169e+00
1.816414851889548654e+00
1.807440868231033004e+00
1.776470146245811232e+00
1.665075337137873035e+00
1.800436169990714763e+00
1.783384642706858703e+00
1.830764408672774568e+00
1.765114160486702222e+00
1.807506245667823030e+00
1.792608494130680352e+00
1.582087778225479413e+00
1.762260276747962484e+00
1.788865031152323981e+00
1.731183544350909376e+00
1.839955565515977831e+00
1.770462547491169492e+00
1.698327753928408068e+00
1.783603037745476350e+00
1.777699934145564598e+00
1.833717731245327442e+00
1.799417347257844302e+00
1.741607165916268407e+00
1.650072674535263406e+00
1.784947389001839912e+00
1.816944113033948316e+00
1.587127212682078792e+00
1.617745081757217207e+00
1.747059766827331995e+00
1.829902168705463961e+00
1.840287036791040665e+00
1.794909863989904153e+00
1.815720654463974126e+00
1.688776521068262815e+00
1.810023005021087705e+00
1.750654983328017833e+00
1.808071560622311891e+00
1.611174851390894336e+00
1.794600135994671497e+00
1.839437008651098715e+00
1.815117814524229933e+00
1.673845096198172566e+00
1.835191639542360198e+00
1.801991530451624524e+00
1.795373569359458354e+00
1.508592358303925351e+00
1.710061744702825237e+00
1.542357133151247561e+00
1.735200449688837354e+00
1.796218838590822653e+00
1.769043514180841603e+00
1.839553763405091136e+00
1.729992153987507386e+00
1.587992530765419019e+00
1.752865609893532461e+00
1.779621693063416998e+00
1.741271452961524524e+00
1.806906155171328354e+00
1.781382462407516076e+00
1.819501155865841824e+00
1.778621598851402252e+00
1.737723888972586117e+00
1.687271725644996723e+00
1.637251020001189605e+00
1.722099191836891530e+00
1.821098361565759216e+00
1.571467999515862246e+00
1.830117102355128367e+00
1.827186484419649037e+00
1.803357908930590003e+00
1.565490164783773785e+00
1.790046966766338343e+00
1.801326394862862168e+00
1.795373569359458354e+00
1.728934142101063109e+00
1.494476672294595687e+00
1.812193066128388486e+00
1.581840295519281181e+00
1.582229008326814235e+00
1.751227730861328435e+00
1.533618922446021493e+00
1.818105403722604319e+00
1.729992153987507386e+00
1.839148750077929773e+00
1.618764136722925517e+00
1.734329933842897464e+00
1.810738820763388102e+00
1.768903016275072737e+00
1.789149021403080742e+00
1.778399933999740945e+00
1.691595109377183048e+00
1.638414600098649476e+00
1.820299432907925397e+00
1.799008038589236413e+00
1.789783366677300647e+00
1.771891838784328321e+00
1.816640569531130067e+00
1.760502801547962459e+00
1.689925184068201691e+00
1.435465681326559384e+00
1.822941980525671912e+00
1.826055148109243298e+00
1.794646057229933422e+00
1.636093741713670946e+00
1.649006909958516731e+00
1.727653234652749115e+00
