4.758751634770131966e-01
4.435067842492391721e-01
4.669782607771741922e-01
4.100073816940958960e-01
4.843128654848636860e-01
3.425157846238687243e-01
5.399742536568266082e-01
5.210005560725445850e-01
5.355380681658649111e-01
5.331690032921864164e-01
5.425911545859105622e-01
3.073491954068542920e-01
2.931670668981446459e-01
5.282332866880898870e-01
3.769376103306279480e-01
5.348259017048503372e-01
3.685753189362350746e-01
5.103740123857820610e-01
4.208791035687555193e-01
2.345405041588028150e-01
3.293827139685359118e-01
3.375719609815832634e-01
3.834859740667254102e-01
3.442058747534738616e-01
5.387673677515562032e-01
4.200429204155692320e-01
3.831639576732798758e-01
3.104396879057852998e-01
5.373841861041518397e-01
3.917237393962526570e-01
5.394420272393412041e-01
3.540738346352865218e-01
4.339624391079391352e-01
5.394499201431223190e-01
4.641652673746816116e-01
4.945319733426715714e-01
5.121859366671748237e-01
2.677739016026584040e-01
4.808643567634844906e-01
4.842859944958735063e-01
3.258792026764154026e-01
5.191098264890188219e-01
4.768006222033415176e-01
3.636433523588566974e-01
5.302737082221475884e-01
4.700866412032246866e-01
4.495395560621520681e-01
4.888098778818680823e-01
4.581282015300714994e-01
5.283006584579681419e-01
4.008702149853459185e-01
4.851548174763835042e-01
2.510652683491709225e-01
4.768246958926459222e-01
4.300414435775640198e-01
3.721948244904505487e-01
2.037343679709643363e-01
3.903720578700139998e-01
4.669502100523185706e-01
1.838431465392496023e-01
5.161221677927774198e-01
2.132062629512270213e-01
2.243693665767128864e-01
4.960477047197632827e-01
4.532637389586158250e-01
3.628208188665689726e-01
5.161658520903440461e-01
5.289905715796575647e-01
4.287897358801286418e-01
4.750411015127863901e-01
4.701561543127112941e-01
4.566082415720685295e-01
5.311464527346777542e-01
1.966031222944392420e-01
4.437417678148761757e-01
4.662487871839901543e-01
5.425667620275145264e-01
4.475786990959902956e-01
3.646211628226850854e-01
5.313357668815281709e-01
4.422346643363279650e-01
4.537447311797405125e-01
3.969011950705786385e-01
4.179137061439497924e-01
3.288345151601210770e-01
5.219484753328300641e-01
4.614418069839235081e-01
4.189867972177737099e-01
3.045737502129693408e-01
3.961476961899961236e-01
5.154224215076366189e-01
5.263551602486080672e-01
4.927108545671053941e-01
3.839972808062649401e-01
4.691132534653655317e-01
3.692836157812864339e-01
4.551616420203437041e-01
5.073434451741501983e-01
4.926323656141990415e-01
5.289488344627523153e-01
4.933476779667073098e-01
3.377278848305542702e-01
2.518107698285868001e-01
5.189033257970201429e-01
4.233339233461504425e-01
2.087744412537920757e-01
4.220992060339935348e-01
4.408561757126945313e-01
5.389575602372814744e-01
5.155097222898338272e-01
2.914408976903166693e-01
4.938139611792679573e-01
4.366561386648265541e-01
5.408012808656851300e-01
4.655252393333145222e-01
3.731732204418484744e-01
4.442249026689661373e-01
3.984424700824493737e-01
5.037985883917593943e-01
4.969639737308383376e-01
4.237953994575961447e-01
3.560391566212658954e-01
4.884000559630883309e-01
4.807295046019681162e-01
5.405753633874261777e-01
4.296208630283911423e-01
4.320026316784213449e-01
5.061230437659512971e-01
4.572111792288933718e-01
2.296398212550559426e-01
5.100559078506828881e-01
5.064202626868438140e-01
5.207711675932208406e-01
2.202069532531982787e-01
4.401838390001847623e-01
5.240463991771593388e-01
4.808954765891132466e-01
2.526007242746717840e-01
4.458341110340502400e-01
3.436440203040166952e-01
2.589094004324693499e-01
4.774625853261425523e-01
5.092126891961659130e-01
4.219398826342123376e-01
4.547727542884366092e-01
5.079120435095836328e-01
4.517050104845242164e-01
4.840163630437911979e-01
4.614335791301990564e-01
4.489171877673303057e-01
5.125777459286678939e-01
5.294079606447009700e-01
5.313203824943844022e-01
5.240997059710166273e-01
5.001934157753172849e-01
3.543000303464465817e-01
3.751111572879537448e-01
1.382422856942099876e-01
5.228617534765174213e-01
2.765920440228488153e-01
4.235631806610570815e-01
5.008990514949270834e-01
3.692894303659855493e-01
4.486592924766889534e-01
5.233767625579868188e-01
5.176835327817025378e-01
2.471372263582870266e-01
5.061587823357871496e-01
4.163437043023084372e-01
3.205834590974490084e-01
5.335178172101598948e-01
3.490947362479979166e-01
2.860725448984579034e-01
4.589035365768436292e-01
5.404170001893903175e-01
5.345677864912592447e-01
5.231435016182270914e-01
5.370084079767860619e-01
5.408963772956806304e-01
3.075162105012557712e-01
4.702218748531097892e-01
4.143259145014702161e-01
4.753699714141568222e-01
4.786346903719072010e-01
5.283745528228762645e-01
4.627886624865091281e-01
4.704276640157550871e-01
4.932460389674773737e-01
4.992656530515296454e-01
3.851721106382318127e-01
5.395956361482747710e-01
5.055583569191890447e-01
4.730321438741341145e-01
4.820072897105649457e-01
4.925053958514004626e-01
5.235032190931918628e-01
3.988072623290155327e-01
4.960687184191861498e-01
4.486085250193277418e-01
3.754855430929231463e-01
5.373869685648228200e-01
1.944181583274349479e-01
4.650478851222939469e-01
4.468294902976081562e-01
5.365963835015719052e-01
4.777605366539475207e-01
5.171397461138500518e-01
4.844809178351262013e-01
5.403093775001465149e-01
4.567569876512324045e-01
2.994742548420281092e-01
3.802480802629403245e-01
5.082826389596398764e-01
4.042218534631702997e-01
3.056089814259287385e-01
4.893681769698772221e-01
3.259760764651289389e-01
5.054300650942762374e-01
4.416922788317456106e-01
4.034836265773902308e-01
5.306868862619643634e-01
4.149476450375525483e-01
4.838575544577033982e-01
4.831015409384378789e-01
4.969120694423506679e-01
4.941186200334032885e-01
4.038133571549161749e-01
4.417521567376083702e-01
5.299912683193254148e-01
5.153172198823340322e-01
3.072645013162175198e-01
2.718371292972892594e-01
4.566595835142112647e-01
5.400369050710362995e-01
4.178317303911160963e-01
3.144150438990171992e-01
3.498794354326561495e-01
5.361903511462980942e-01
5.408518924401979344e-01
4.022586928635696890e-01
3.779138131330485040e-01
2.716273836156367083e-01
4.143117196942261438e-01
3.023235102700309596e-01
3.982512569350977749e-01
4.722808432130661260e-01
4.471646286457973685e-01
4.042218534631702997e-01
5.429347932716864777e-01
4.818513717901747317e-01
3.629021916142177728e-01
5.193332143398985412e-01
5.421146462710567659e-01
3.404859685860427421e-01
3.310547962178387316e-01
5.338729483696961209e-01
5.412396763134168509e-01
3.407462011975523897e-01
5.069466341808633869e-01
3.689925678233594852e-01
2.688094374100929440e-01
5.182534722341560762e-01
4.577791259002657043e-01
4.970315307577303221e-01
4.787161360620031392e-01
1.934342152626055689e-01
4.890400125030859302e-01
4.771118462109630864e-01
5.067117749090925827e-01
5.278537776993104114e-01
4.893739145233152454e-01
4.889332178806768958e-01
2.783168066617042746e-01
5.320662160654640038e-01
5.362445697867574967e-01
5.373841861041518397e-01
2.855361285841315211e-01
5.306695777859267160e-01
4.322295562775387290e-01
5.289334156267994080e-01
4.192014177297784805e-01
4.765691769984189974e-01
5.303998651420493982e-01
3.425695965250339370e-01
4.022586928635696890e-01
4.923616265363434108e-01
2.912188055108591023e-01
4.256287263057312864e-01
4.682852947270820243e-01
3.689091330500406385e-01
4.001851586746336675e-01
3.727783800731500619e-01
2.901128910757845292e-01
4.162797710552521568e-01
1.557581110334081420e-01
5.378931832503325294e-01
5.311955376424747355e-01
3.393241354176266822e-01
4.851881937354192154e-01
4.193965822212266659e-01
5.432705589647208733e-01
4.702666555140249116e-01
4.315996264213538547e-01
3.510430781573860570e-01
2.521774296358336165e-01
3.894048480618165775e-01
4.929599537344220850e-01
4.009078780125616692e-01
4.422193585938973825e-01
3.414238981106572646e-01
4.538426606651663198e-01
4.502126227713222906e-01
5.052876551375129477e-01
3.415358414600300763e-01
5.190273989887512762e-01
5.099523992099077585e-01
5.274329463244825655e-01
4.098080370163209030e-01
4.979292268641506425e-01
4.980713500864032417e-01
4.346037409281556241e-01
3.692766415044633210e-01
5.212228363925381913e-01
3.217117987526107448e-01
3.369613844763626465e-01
3.757601439717663805e-01
3.196425111328225488e-01
4.881605334219131787e-01
2.770065441167093301e-01
4.841812132177555905e-01
4.686259203323774325e-01
2.830862712351683297e-01
2.958853618243850181e-01
3.906549349041253949e-01
5.247976286607213270e-01
4.548198102969935874e-01
1.983715661234031757e-01
4.631538370223945988e-01
5.160648428064572579e-01
3.576784563320280497e-01
4.871599770493201254e-01
3.059091688963400668e-01
4.043437258792621503e-01
4.799360959390508996e-01
4.572831829734385622e-01
4.073608162836023228e-01
3.728483766548470468e-01
4.486845884749700031e-01
3.917237393962526570e-01
5.074029459379111318e-01
5.061341559106772303e-01
5.366880342991326991e-01
5.257316010775310300e-01
3.139140567758151312e-01
4.285843080140945838e-01
5.025984820543013543e-01
2.347679510349513221e-01
5.239023921440539855e-01
4.703364030184394307e-01
3.284237055418726126e-01
4.782763425145644676e-01
4.147538197393941806e-01
5.132232855877529865e-01
5.339365255811387989e-01
3.521241425767557831e-01
4.861067379511955222e-01
4.592488967817904832e-01
3.615630478228121780e-01
4.884529454511258861e-01
4.510055213481167780e-01
3.368771379089562368e-01
3.222826188257405522e-01
5.173208891361716910e-01
4.705487811917004604e-01
5.105874661854066243e-01
1.056815336959656543e-01
5.165523470718332844e-01
5.339365255811387989e-01
2.166251773258029423e-01
3.510905259540489931e-01
2.588470997833744458e-01
3.754898352809191708e-01
5.365963835015719052e-01
4.532637389586158250e-01
5.057308920751562020e-01
4.247695002149445287e-01
2.451116172538076454e-01
4.796873407664875022e-01
4.355465859473894863e-01
3.798114756198744946e-01
2.567106129790870939e-01
4.725676032120489922e-01
2.002326431886510827e-01
3.493734172397081061e-01
5.079140131896757726e-01
4.722358732290186101e-01
4.171052640983111681e-01
5.301941683401604211e-01
5.086063211453308863e-01
4.637193389790932874e-01
4.805015469307625242e-01
4.426349514524263729e-01
4.376983230764947552e-01
4.564079486096677130e-01
5.008462277622699466e-01
4.536801833852303067e-01
4.468088634258422509e-01
5.041862734870841134e-01
4.321442941655857517e-01
2.925383399059884315e-01
4.432428688333462929e-01
5.244013669451781379e-01
4.762930103721511599e-01
4.258581957827821118e-01
5.249798218856017717e-01
5.156025569926353525e-01
5.132232855877529865e-01
5.339365255811387989e-01
4.487008316510166517e-01
5.003278640972691482e-01
2.253551615568561151e-01
4.774191301945381882e-01
5.090827725634503587e-01
3.856340965922913644e-01
4.087541730582898158e-01
3.944066334518017136e-01
3.614994708589668870e-01
4.701149382435603763e-01
4.801726229385338551e-01
4.525887007746769997e-01
4.987816963367884271e-01
4.312982370915640629e-01
4.380614728142321890e-01
1.518342285016737458e-01
3.253626447756935991e-01
5.054097778954449449e-01
1.910282786257541943e-01
5.401893169672432604e-01
5.386521433618342014e-01
5.181880109352697827e-01
4.661219661268828363e-01
5.264382850998922114e-01
4.490052590576975033e-01
5.064427425992057419e-01
1.844691583660816314e-01
4.186561902188202788e-01
4.300414435775640198e-01
5.008295950022881859e-01
2.205548249645040149e-01
4.883866550250693939e-01
3.492156666524943720e-01
3.838901860112351461e-01
5.290138268990179915e-01
3.144389024699557056e-01
4.530628483116465044e-01
3.828028833284836674e-01
4.593907508926169947e-01
2.699857473270895203e-01
3.605992785349854124e-01
5.099201356484954761e-01
3.694464583966858839e-01
5.089792614745946020e-01
3.837893630751733065e-01
4.085574114544344160e-01
4.201029863579198165e-01
5.226600013232577391e-01
3.307429607430666940e-01
5.146537190529848482e-01
3.827099225966288931e-01
4.359814994887278305e-01
4.525240696855767353e-01
2.930870757323444376e-01
1.625458661460395804e-01
4.580896406192710435e-01
5.347739733541718721e-01
2.224446874309300159e-01
5.370904285133240030e-01
3.229530122004926063e-01
4.939182044636400426e-01
5.379266994273067537e-01
4.401699927540753676e-01
4.644131553981529215e-01
4.904588008579006120e-01
5.422889681113129967e-01
4.468294902976081562e-01
2.941210562552170615e-01
4.123790374219717392e-01
3.188294639932091057e-01
5.390480505113922627e-01
3.920751824342745273e-01
5.260393082438676871e-01
4.650478851222939469e-01
4.983058357845798758e-01
2.796534632169254686e-01
2.935475914578121182e-01
4.326201725648426422e-01
2.381087760184038282e-01
5.297096873305470188e-01
5.259134054571467098e-01
3.962550862906197291e-01
5.260453545138087383e-01
3.486038508478854214e-01
5.238812553854154119e-01
4.043437258792621503e-01
4.231810694798018302e-01
3.657571540300864621e-01
4.819398184325921486e-01
3.188039503812724607e-01
4.655252393333145222e-01
4.936299340198871954e-01
4.481753924658003485e-01
4.436616358174073071e-01
5.107125465017015031e-01
3.873863247125325926e-01
2.636186820251871232e-01
4.137442335615988398e-01
5.389334534596156301e-01
4.247393664893915344e-01
4.193330904241405754e-01
2.174974801000077729e-01
3.755275646944604140e-01
4.409429987139497076e-01
3.266588779636009354e-01
1.484521094840360045e-01
3.590533682215084066e-01
5.084196919438795925e-01
4.176997130620450638e-01
4.923616265363434108e-01
5.331249504294595098e-01
3.688035713800625337e-01
5.299026848352982322e-01
2.002326431886510827e-01
3.709866284162142702e-01
4.053313139690293831e-01
4.019860251284803621e-01
5.355380681658649111e-01
2.721063227584540334e-01
3.154081244457649924e-01
5.240999622316959705e-01
4.421112183203949608e-01
4.944812239811673948e-01
2.841385182658137665e-01
5.110353594046921355e-01
4.518230145464116609e-01
5.327211398367400763e-01
2.726195617382876080e-01
3.384799009716155660e-01
5.400583048020362043e-01
5.300504006407649182e-01
4.851135227823182294e-01
4.820072897105649457e-01
3.836500449291141979e-01
5.407300396920713403e-01
3.779105378597086839e-01
3.005600098558161015e-01
5.150317572119539333e-01
4.577424652660107562e-01
3.017030368906132298e-01
4.100642493401892019e-01
4.591137946504892375e-01
2.443292317570167904e-01
5.159494227528675925e-01
3.963298677229189493e-01
4.015898139144652990e-01
4.728208319334999410e-01
4.166070277208234751e-01
4.262243617269016460e-01
3.075162105012557712e-01
5.038673835275063739e-01
3.043757690246065017e-01
4.996458842603586081e-01
4.017470863558914584e-01
4.401981284243116632e-01
3.731704890612407843e-01
3.681189986591610896e-01
5.285711641128099103e-01
4.923616265363434108e-01
3.916333810186016229e-01
5.074700691265255914e-01
2.742870407072126038e-01
5.335818549685762413e-01
3.612188181636362683e-01
4.326201725648426422e-01
4.620986037028823601e-01
4.932670456750390398e-01
3.273793041542198967e-01
4.725695169377766014e-01
4.926126510431507177e-01
4.600509736471599109e-01
4.914421672744787584e-01
4.109912651042298970e-01
4.933476779667073098e-01
5.132915082732774081e-01
4.949748522588027222e-01
2.147508253781904020e-01
4.442479470166305622e-01
3.756401219080735543e-01
4.257217438260550435e-01
4.214280912117832067e-01
5.094625043990299584e-01
2.313377750615990824e-01
5.306271985835782079e-01
5.109401273688326528e-01
2.703944793861238205e-01
3.377519502004097118e-01
4.651560884894607728e-01
4.584863974638369588e-01
4.526497999857465593e-01
4.854739116607853511e-01
5.145718997883423906e-01
5.291793344018003165e-01
4.933494036642794289e-01
4.933393302624679011e-01
4.301444942694154783e-01
4.505973355272694381e-01
5.136467659669549102e-01
5.399742536568266082e-01
3.250200396768179734e-01
2.599198839496016933e-01
5.358022325094448091e-01
5.430110229520078713e-01
4.208471766394781821e-01
3.303813844414783540e-01
5.058383410278849412e-01
4.666626399698717842e-01
4.049617393162502910e-01
2.770065441167093301e-01
5.106640613667546846e-01
5.340627059436896529e-01
4.712793892724586042e-01
2.253551615568561151e-01
2.446868625966616140e-01
5.161221677927774198e-01
4.863987193014557286e-01
5.236313101517535706e-01
4.308563796112711564e-01
2.041633796484026986e-01
3.964401796087103080e-01
4.444467241199694940e-01
4.582627219860103129e-01
5.262882455255381009e-01
4.161801575785934459e-01
4.105533342979551525e-01
4.066082854514264655e-01
2.385514493615084886e-01
4.665365622845729088e-01
5.351273564378666858e-01
2.475172797278871739e-01
3.972023304264483134e-01
2.877612274294770733e-01
1.849506529793663867e-01
3.794022994688201478e-01
5.028635454620720147e-01
4.962586462640753426e-01
5.114172614220431345e-01
4.376208379859166109e-01
4.440732075706759208e-01
4.107605311331137821e-01
4.212901051274208775e-01
4.662258650002196192e-01
4.575299367814734119e-01
2.582554482954955710e-01
5.140369998052971567e-01
4.952640760022050115e-01
5.155451599718000599e-01
4.857803627239795086e-01
5.027848118240085817e-01
4.755352537682438485e-01
2.221146114189156973e-01
4.991599694494823769e-01
3.675438375843114169e-01
4.135875767682494208e-01
2.569978777939012082e-01
3.728483766548470468e-01
5.307682952264922704e-01
2.492430019211244185e-01
4.907631778753758223e-01
5.099582691474844331e-01
5.174632081903987046e-01
3.479760984344781316e-01
3.293827139685359118e-01
4.961836912324167903e-01
5.308299644519972604e-01
5.212030438724053472e-01
3.963358453654645119e-01
3.450174032954068659e-01
4.999710254791167041e-01
4.325811662712732431e-01
3.936749752244318445e-01
4.168355060468966755e-01
4.350711611181847793e-01
3.983541264451667674e-01
4.732644945459806296e-01
4.929365968518197305e-01
4.389213531010883185e-01
3.584701924862070954e-01
5.008585300231719328e-01
3.845313137060534792e-01
5.222828128624611432e-01
4.001539190584531003e-01
5.062339307133856270e-01
3.038290665924772149e-01
4.839676043862091159e-01
5.286243452503345264e-01
4.440131160218809825e-01
3.002952095305171931e-01
5.404446295577182147e-01
5.161408808821199568e-01
3.899062752307446145e-01
4.504189282358961322e-01
4.718453156231878221e-01
4.019699702568891864e-01
4.386866829417808700e-01
2.237359445798606516e-01
5.104571922454846922e-01
3.506652751223522935e-01
4.551616420203437041e-01
4.087541730582898158e-01
4.891278194180449512e-01
4.373532033055095858e-01
4.805015469307625242e-01
4.974071960995168906e-01
2.863512271372182783e-01
4.584435043627758666e-01
2.845629322410656026e-01
5.189033257970201429e-01
2.356880659451268123e-01
5.393575028561550244e-01
4.471646286457973685e-01
5.391394913437264069e-01
4.795029894309321139e-01
2.749686501283623019e-01
3.725558353452369520e-01
3.170078131062682991e-01
5.212621605649265799e-01
3.991165617213858208e-01
3.802491831272875045e-01
4.569505706437975157e-01
3.110036241584491212e-01
3.213379991195628449e-01
4.615821658279232187e-01
2.779256009053424070e-01
4.902824122475458735e-01
4.760317045705341754e-01
5.174698010183201857e-01
4.956154790537382615e-01
5.294018707649074118e-01
2.746380123678801022e-01
5.401915499880395322e-01
4.246663591462005449e-01
5.396630237388373441e-01
5.308839330777200827e-01
5.121136302099222881e-01
3.746489648538504080e-01
4.554615500641787107e-01
3.622247681304900935e-01
5.299631732522509520e-01
4.949230937746141312e-01
3.173605975753444053e-01
4.126414418175773369e-01
4.787834602682990992e-01
5.429123181540242982e-01
4.436616358174073071e-01
3.164999762355357737e-01
4.316147183668644360e-01
4.829438926678608635e-01
4.545119723295625302e-01
2.631747248680817441e-01
2.205548249645040149e-01
4.741795458878544922e-01
3.575723127766708420e-01
4.182327480035893941e-01
4.238592275634549544e-01
4.839676043862091159e-01
2.278251750690410415e-01
5.259313713350992625e-01
5.304353270345720794e-01
2.822534478388394885e-01
5.035224021700472896e-01
4.209578750585605822e-01
3.023235102700309596e-01
4.133084073901632238e-01
5.177280956728218531e-01
2.681320803786786389e-01
5.306487046676815478e-01
2.399612030680779995e-01
4.156463513047879421e-01
4.803910269320571524e-01
3.685151832478746892e-01
2.066521128695330001e-01
4.464382740404029826e-01
5.111543486551632931e-01
4.650478851222939469e-01
2.123485742306092383e-01
5.390213768918467041e-01
4.770338098593037146e-01
4.470384077698570935e-01
4.105187776972277769e-01
5.088187550821864358e-01
3.075162105012557712e-01
4.871307738983442492e-01
4.028020467197855892e-01
5.056778033709067310e-01
4.481363200893200838e-01
3.235332528926422313e-01
5.276334169854256517e-01
4.839965875681139229e-01
3.728483766548470468e-01
4.111538425518398432e-01
3.885489741954796239e-01
8.639358380429351669e-02
4.899937793331448632e-01
4.025011709608054544e-01
4.371804087634513780e-01
5.341481745903512435e-01
3.961476961899961236e-01
4.510673957508229415e-01
4.791644616232181297e-01
5.389073838979001607e-01
5.266788618700658509e-01
3.688758703475844558e-01
5.296860081026617539e-01
4.850538516423117397e-01
5.162735017280353222e-01
3.688035713800625337e-01
4.810147730591153858e-01
4.733293791741052803e-01
3.018561731357736200e-01
4.231443311493318093e-01
3.234408932293275640e-01
4.532036984893504927e-01
4.460365055115136923e-01
5.355473528054839338e-01
5.199472438835870403e-01
4.614952204804794733e-01
5.393575028561550244e-01
4.670557899086958953e-01
2.837770823630952899e-01
2.315999862615530369e-01
4.771114328508417324e-01
4.436168023835396768e-01
4.840163630437911979e-01
4.576025044190284441e-01
3.588661819777184125e-01
1.969819847291276460e-01
2.983778206323706161e-01
4.970599761525619775e-01
3.575983960033878861e-01
2.108140508839188021e-01
4.754528131707052574e-01
5.234666869638364695e-01
5.413345038009255150e-01
5.092126891961659130e-01
4.335561566784424947e-01
3.828933977228750063e-01
5.283006584579681419e-01
5.181498765528428363e-01
5.408911360433543702e-01
5.083275047723430085e-01
5.084416068546028233e-01
4.925053958514004626e-01
3.821975851543284453e-01
4.501422713856670366e-01
5.424944341890847177e-01
4.153948149296434189e-01
3.674874697561447690e-01
3.826194856994419857e-01
5.103897278237976565e-01
5.208277699283198059e-01
2.436671729751293536e-01
5.175989184844326241e-01
5.228874644360199664e-01
4.359911192786190548e-01
4.088561773063528193e-01
4.810454938685164716e-01
3.665412749750458499e-01
4.947153486292942270e-01
2.129225104858425699e-01
3.330178222609128658e-01
4.823573439499261317e-01
3.754145388112602455e-01
2.395062658584584669e-01
2.518107698285868001e-01
5.236313101517535706e-01
3.269055432008119433e-01
4.756164193476948854e-01
4.223856094001324779e-01
3.075162105012557712e-01
4.123946851722540829e-01
4.157747731652440826e-01
5.067151855086668988e-01
5.280716860984447925e-01
5.047129700819587006e-01
4.431440633553412334e-01
5.390172035785157911e-01
2.287864539073264369e-01
3.506652751223522935e-01
3.907653522011425018e-01
3.877137550597534177e-01
5.264357379148633109e-01
1.628747316723791194e-01
5.294397160530868174e-01
4.275086578216967803e-01
4.184908992204832145e-01
1.835850799378933584e-01
3.748555839676472323e-01
4.772006336887060773e-01
4.918929981791380635e-01
5.360511588837000296e-01
5.289334156267994080e-01
5.335799534326087779e-01
5.090827725634503587e-01
4.750411015127863901e-01
4.468218013594790761e-01
1.264497650132425932e-01
3.059343590587262907e-01
4.733403207621584841e-01
3.845313137060534792e-01
4.654434274160352270e-01
5.380455240102269832e-01
5.229252744861208058e-01
4.931541001193026075e-01
4.855901683537713898e-01
4.589175471303318932e-01
4.728242660135114628e-01
4.030755034392595748e-01
4.682372883620953274e-01
3.875838880597344827e-01
2.449976283737181348e-01
5.005947316427434846e-01
4.870902095693588896e-01
4.577791259002657043e-01
4.987841970776820677e-01
5.187199133244986271e-01
3.560391566212658954e-01
5.252073571725368595e-01
5.375380908568422322e-01
3.948269637059970694e-01
2.764824018497133440e-01
5.238152832944394932e-01
2.620837219403220897e-01
1.362668478520095705e-01
4.235394185335297212e-01
5.349241952122036903e-01
4.964042837128799790e-01
4.343233644772757085e-01
5.294018707649074118e-01
3.303813844414783540e-01
4.788893891914913770e-01
2.899708138598545148e-01
4.153186034119039083e-01
3.916530963434862178e-01
5.335818549685762413e-01
5.208709189800989625e-01
5.185422265253357699e-01
2.332374389407826931e-01
5.162735017280353222e-01
4.615982211964547721e-01
5.112638452253319699e-01
3.377515898561148644e-01
3.978178579399202497e-01
5.132232855877529865e-01
3.881251362695347651e-01
4.820007224007077928e-01
3.753243650557064881e-01
5.207320616222635978e-01
5.151578377078767090e-01
3.516898743027882523e-01
4.950064902222953700e-01
4.881218951916918569e-01
2.930870757323444376e-01
3.898890159122925803e-01
5.061961165659457640e-01
4.489934912589020888e-01
4.029156607985774907e-01
5.005511852542283702e-01
2.927006505327914843e-01
4.774598589451288788e-01
4.180670956544276784e-01
3.753766226865061784e-01
4.436616358174073071e-01
4.770811314631437372e-01
4.918810363725340529e-01
4.836290052634103498e-01
5.079644670165496256e-01
4.974642731915978056e-01
4.972580787419771386e-01
4.480220106149978010e-01
2.581508618506958008e-01
4.315461235029676157e-01
4.553097280950182402e-01
3.651235775732780686e-01
5.235032190931918628e-01
4.693053231367583789e-01
5.338299818476822667e-01
4.916287422393113560e-01
3.120070882226497200e-01
3.266741052710724347e-01
3.367816535801143596e-01
4.670032377442652760e-01
