1.177815333588211279e-04
1.714776460284380864e-09
1.230698429808460100e-08
1.029665574778667621e-08
2.407368431106344208e-07
2.720136236992283701e-07
3.717665055050785738e-07
4.254176822230934843e-04
1.217897721333370521e-08
3.175831689891924650e-07
1.177815333588211279e-04
2.249244346800702420e-08
1.714776460284380864e-09
1.230698429808460100e-08
1.029665574778667621e-08
2.407368431106344208e-07
2.720136236992283701e-07
3.717665055050785738e-07
1.217897721333370521e-08
3.175831689891924650e-07
1.177815333588211279e-04
2.249244346800702420e-08
1.714776460284380864e-09
1.230698429808460100e-08
1.029665574778667621e-08
2.407368431106344208e-07
2.720136236992283701e-07
3.717665055050785738e-07
1.217897721333370521e-08
3.175831689891924650e-07
2.249244346800702420e-08
1.714776460284380864e-09
1.230698429808460100e-08
1.029665574778667621e-08
2.407368431106344208e-07
1.168423398122896762e-05
2.720136236992283701e-07
3.717665055050785738e-07
1.217897721333370521e-08
3.175831689891924650e-07
1.177815333588211279e-04
2.249244346800702420e-08
1.714776460284380864e-09
1.230698429808460100e-08
1.029665574778667621e-08
2.407368431106344208e-07
2.720136236992283701e-07
3.717665055050785738e-07
1.217897721333370521e-08
3.175831689891924650e-07
1.575327042180430870e-04
1.177815333588211279e-04
2.249244346800702420e-08
1.714776460284380864e-09
1.230698429808460100e-08
1.029665574778667621e-08
2.407368431106344208e-07
2.004146247776127793e-03
2.720136236992283701e-07
3.717665055050785738e-07
1.177815333588211279e-04
2.249244346800702420e-08
1.714776460284380864e-09
1.230698429808460100e-08
1.029665574778667621e-08
2.407368431106344208e-07
2.720136236992283701e-07
3.717665055050785738e-07
1.217897721333370521e-08
3.175831689891924650e-07
1.177815333588211279e-04
2.249244346800702420e-08
1.714776460284380864e-09
1.230698429808460100e-08
1.029665574778667621e-08
2.407368431106344208e-07
2.720136236992283701e-07
3.717665055050785738e-07
1.217897721333370521e-08
3.175831689891924650e-07
1.177815333588211279e-04
2.249244346800702420e-08
1.714776460284380864e-09
1.230698429808460100e-08
1.029665574778667621e-08
2.407368431106344208e-07
2.720136236992283701e-07
3.717665055050785738e-07
1.217897721333370521e-08
3.175831689891924650e-07
1.177815333588211279e-04
2.249244346800702420e-08
1.714776460284380864e-09
1.029665574778667621e-08
2.407368431106344208e-07
2.720136236992283701e-07
3.717665055050785738e-07
7.798515202482417807e-01
1.217897721333370521e-08
3.175831689891924650e-07
1.177815333588211279e-04
2.249244346800702420e-08
1.714776460284380864e-09
1.029665574778667621e-08
2.407368431106344208e-07
2.720136236992283701e-07
3.717665055050785738e-07
2.865318429162921020e-06
1.217897721333370521e-08
3.175831689891924650e-07
1.177815333588211279e-04
2.249244346800702420e-08
1.714776460284380864e-09
1.230698429808460100e-08
1.029665574778667621e-08
2.407368431106344208e-07
2.720136236992283701e-07
3.717665055050785738e-07
1.217897721333370521e-08
9.513990327541134248e-07
1.177815333588211279e-04
4.179380341240203197e-06
2.249244346800702420e-08
1.714776460284380864e-09
1.230698429808460100e-08
1.029665574778667621e-08
2.407368431106344208e-07
2.720136236992283701e-07
3.717665055050785738e-07
1.217897721333370521e-08
1.177815333588211279e-04
2.249244346800702420e-08
1.230698429808460100e-08
1.029665574778667621e-08
2.407368431106344208e-07
2.004146247776127793e-03
2.720136236992283701e-07
3.717665055050785738e-07
1.217897721333370521e-08
3.175831689891924650e-07
1.177815333588211279e-04
2.249244346800702420e-08
1.714776460284380864e-09
8.390605385448187889e-03
1.230698429808460100e-08
1.029665574778667621e-08
2.407368431106344208e-07
2.720136236992283701e-07
3.717665055050785738e-07
1.217897721333370521e-08
1.177815333588211279e-04
2.249244346800702420e-08
3.023782284468316750e-06
1.714776460284380864e-09
1.880485589722281361e-04
1.230698429808460100e-08
1.029665574778667621e-08
2.407368431106344208e-07
2.720136236992283701e-07
3.717665055050785738e-07
1.177815333588211279e-04
2.249244346800702420e-08
1.714776460284380864e-09
1.230698429808460100e-08
1.029665574778667621e-08
2.407368431106344208e-07
2.720136236992283701e-07
3.717665055050785738e-07
1.217897721333370521e-08
3.175831689891924650e-07
1.177815333588211279e-04
2.249244346800702420e-08
1.714776460284380864e-09
6.521381958581727752e-05
1.230698429808460100e-08
1.029665574778667621e-08
2.407368431106344208e-07
3.717665055050785738e-07
1.217897721333370521e-08
3.175831689891924650e-07
1.177815333588211279e-04
7.812672134249199102e-07
2.249244346800702420e-08
1.714776460284380864e-09
1.230698429808460100e-08
1.029665574778667621e-08
2.407368431106344208e-07
2.720136236992283701e-07
1.213495191771146599e-05
3.717665055050785738e-07
1.177815333588211279e-04
1.714776460284380864e-09
1.230698429808460100e-08
1.029665574778667621e-08
2.720136236992283701e-07
3.717665055050785738e-07
1.217897721333370521e-08
3.175831689891924650e-07
9.513990327541134248e-07
1.800970032117079034e-08
1.177815333588211279e-04
2.249244346800702420e-08
1.714776460284380864e-09
1.230698429808460100e-08
1.029665574778667621e-08
2.407368431106344208e-07
2.720136236992283701e-07
1.217897721333370521e-08
3.175831689891924650e-07
9.513990327541134248e-07
1.177815333588211279e-04
2.249244346800702420e-08
1.714776460284380864e-09
1.230698429808460100e-08
1.029665574778667621e-08
2.407368431106344208e-07
2.720136236992283701e-07
3.717665055050785738e-07
1.217897721333370521e-08
3.175831689891924650e-07
2.665904169510094113e-05
1.177815333588211279e-04
4.179380341240203197e-06
2.249244346800702420e-08
1.714776460284380864e-09
1.230698429808460100e-08
1.029665574778667621e-08
2.407368431106344208e-07
2.720136236992283701e-07
3.717665055050785738e-07
1.177815333588211279e-04
2.249244346800702420e-08
2.811802967148291946e-06
1.714776460284380864e-09
1.230698429808460100e-08
1.029665574778667621e-08
2.720136236992283701e-07
3.717665055050785738e-07
1.217897721333370521e-08
3.175831689891924650e-07
1.177815333588211279e-04
2.249244346800702420e-08
1.714776460284380864e-09
1.230698429808460100e-08
1.773344404492655284e-06
2.407368431106344208e-07
2.720136236992283701e-07
3.717665055050785738e-07
1.217897721333370521e-08
3.175831689891924650e-07
1.177815333588211279e-04
2.249244346800702420e-08
1.714776460284380864e-09
3.222856257513025538e-06
1.230698429808460100e-08
1.029665574778667621e-08
2.407368431106344208e-07
2.720136236992283701e-07
3.717665055050785738e-07
1.217897721333370521e-08
1.177815333588211279e-04
1.714776460284380864e-09
1.230698429808460100e-08
1.029665574778667621e-08
2.407368431106344208e-07
2.720136236992283701e-07
3.717665055050785738e-07
1.217897721333370521e-08
3.175831689891924650e-07
1.800970032117079034e-08
1.177815333588211279e-04
2.249244346800702420e-08
1.714776460284380864e-09
1.230698429808460100e-08
1.029665574778667621e-08
2.407368431106344208e-07
2.720136236992283701e-07
3.717665055050785738e-07
1.217897721333370521e-08
3.175831689891924650e-07
1.177815333588211279e-04
2.249244346800702420e-08
1.714776460284380864e-09
1.230698429808460100e-08
1.029665574778667621e-08
2.407368431106344208e-07
2.720136236992283701e-07
3.717665055050785738e-07
1.217897721333370521e-08
3.175831689891924650e-07
1.177815333588211279e-04
1.231661080778412749e-06
2.181295706660431864e-04
1.714776460284380864e-09
1.230698429808460100e-08
1.029665574778667621e-08
2.407368431106344208e-07
2.720136236992283701e-07
3.717665055050785738e-07
1.217897721333370521e-08
1.177815333588211279e-04
2.249244346800702420e-08
1.714776460284380864e-09
1.230698429808460100e-08
1.029665574778667621e-08
2.407368431106344208e-07
2.720136236992283701e-07
3.717665055050785738e-07
1.375030920547574846e-05
2.865318429162921020e-06
1.177815333588211279e-04
2.249244346800702420e-08
1.714776460284380864e-09
1.047553887060188871e-02
1.230698429808460100e-08
1.029665574778667621e-08
2.407368431106344208e-07
2.720136236992283701e-07
3.717665055050785738e-07
1.217897721333370521e-08
2.256438878595380578e-07
1.107654649148588361e-04
1.177815333588211279e-04
2.249244346800702420e-08
1.714776460284380864e-09
1.230698429808460100e-08
1.029665574778667621e-08
2.407368431106344208e-07
2.720136236992283701e-07
3.717665055050785738e-07
1.177815333588211279e-04
2.249244346800702420e-08
1.714776460284380864e-09
1.880485589722281361e-04
1.230698429808460100e-08
1.029665574778667621e-08
2.720136236992283701e-07
3.797179564815691017e-05
3.717665055050785738e-07
1.217897721333370521e-08
1.177815333588211279e-04
2.249244346800702420e-08
5.592296729703643089e-06
9.614090438960455561e-07
1.714776460284380864e-09
5.941621025538365515e-05
1.230698429808460100e-08
4.174822261718557650e-04
5.638333676268165819e-07
2.407368431106344208e-07
1.177815333588211279e-04
2.249244346800702420e-08
1.714776460284380864e-09
1.230698429808460100e-08
1.029665574778667621e-08
2.407368431106344208e-07
2.720136236992283701e-07
3.717665055050785738e-07
1.217897721333370521e-08
3.175831689891924650e-07
1.177815333588211279e-04
2.249244346800702420e-08
1.714776460284380864e-09
1.230698429808460100e-08
1.029665574778667621e-08
2.407368431106344208e-07
2.720136236992283701e-07
3.717665055050785738e-07
1.217897721333370521e-08
3.175831689891924650e-07
1.177815333588211279e-04
2.249244346800702420e-08
4.374086923801433213e-02
1.714776460284380864e-09
1.230698429808460100e-08
1.029665574778667621e-08
2.407368431106344208e-07
2.720136236992283701e-07
3.717665055050785738e-07
1.217897721333370521e-08
1.177815333588211279e-04
7.812672134249199102e-07
2.249244346800702420e-08
1.714776460284380864e-09
1.230698429808460100e-08
1.029665574778667621e-08
2.407368431106344208e-07
2.720136236992283701e-07
3.717665055050785738e-07
1.217897721333370521e-08
1.177815333588211279e-04
2.249244346800702420e-08
1.714776460284380864e-09
1.230698429808460100e-08
1.029665574778667621e-08
2.407368431106344208e-07
2.720136236992283701e-07
3.717665055050785738e-07
1.217897721333370521e-08
3.175831689891924650e-07
1.177815333588211279e-04
2.249244346800702420e-08
1.714776460284380864e-09
1.230698429808460100e-08
2.407368431106344208e-07
2.720136236992283701e-07
3.717665055050785738e-07
1.217897721333370521e-08
3.175831689891924650e-07
9.513990327541134248e-07
1.177815333588211279e-04
2.249244346800702420e-08
1.714776460284380864e-09
1.230698429808460100e-08
1.029665574778667621e-08
2.407368431106344208e-07
2.720136236992283701e-07
3.717665055050785738e-07
1.217897721333370521e-08
3.175831689891924650e-07
1.177815333588211279e-04
2.249244346800702420e-08
1.714776460284380864e-09
1.230698429808460100e-08
1.029665574778667621e-08
2.407368431106344208e-07
2.720136236992283701e-07
3.717665055050785738e-07
1.217897721333370521e-08
3.175831689891924650e-07
1.177815333588211279e-04
2.249244346800702420e-08
1.714776460284380864e-09
1.230698429808460100e-08
1.029665574778667621e-08
2.407368431106344208e-07
2.720136236992283701e-07
3.717665055050785738e-07
1.217897721333370521e-08
3.175831689891924650e-07
1.177815333588211279e-04
2.249244346800702420e-08
1.714776460284380864e-09
1.230698429808460100e-08
1.029665574778667621e-08
2.407368431106344208e-07
2.720136236992283701e-07
3.717665055050785738e-07
1.217897721333370521e-08
3.175831689891924650e-07
1.177815333588211279e-04
2.249244346800702420e-08
1.714776460284380864e-09
1.230698429808460100e-08
1.029665574778667621e-08
2.407368431106344208e-07
2.720136236992283701e-07
3.717665055050785738e-07
1.217897721333370521e-08
3.175831689891924650e-07
1.107654649148588361e-04
1.177815333588211279e-04
2.249244346800702420e-08
1.089762823912437081e-06
1.714776460284380864e-09
1.230698429808460100e-08
1.029665574778667621e-08
2.407368431106344208e-07
2.720136236992283701e-07
1.843997467971556645e-05
1.177815333588211279e-04
2.249244346800702420e-08
1.714776460284380864e-09
1.029665574778667621e-08
2.407368431106344208e-07
2.720136236992283701e-07
3.717665055050785738e-07
1.217897721333370521e-08
3.175831689891924650e-07
1.800970032117079034e-08
1.177815333588211279e-04
2.249244346800702420e-08
1.714776460284380864e-09
1.230698429808460100e-08
1.029665574778667621e-08
2.407368431106344208e-07
2.911745788701698701e-02
2.720136236992283701e-07
3.717665055050785738e-07
1.217897721333370521e-08
1.177815333588211279e-04
2.249244346800702420e-08
1.714776460284380864e-09
1.230698429808460100e-08
1.029665574778667621e-08
2.407368431106344208e-07
2.720136236992283701e-07
1.024140665259789112e-01
3.717665055050785738e-07
1.217897721333370521e-08
2.256438878595380578e-07
1.177815333588211279e-04
2.249244346800702420e-08
1.714776460284380864e-09
1.230698429808460100e-08
1.029665574778667621e-08
2.407368431106344208e-07
2.720136236992283701e-07
3.717665055050785738e-07
1.217897721333370521e-08
1.177815333588211279e-04
3.479923685996366646e-05
2.249244346800702420e-08
1.714776460284380864e-09
1.230698429808460100e-08
1.029665574778667621e-08
2.720136236992283701e-07
3.717665055050785738e-07
1.217897721333370521e-08
3.175831689891924650e-07
1.177815333588211279e-04
2.249244346800702420e-08
9.371863430550477091e-06
1.714776460284380864e-09
1.230698429808460100e-08
1.029665574778667621e-08
2.407368431106344208e-07
2.720136236992283701e-07
3.717665055050785738e-07
1.217897721333370521e-08
1.177815333588211279e-04
2.249244346800702420e-08
9.614090438960455561e-07
1.714776460284380864e-09
1.230698429808460100e-08
1.029665574778667621e-08
2.407368431106344208e-07
2.720136236992283701e-07
3.717665055050785738e-07
1.490362825504336938e-04
1.177815333588211279e-04
2.249244346800702420e-08
1.714776460284380864e-09
1.230698429808460100e-08
1.029665574778667621e-08
2.407368431106344208e-07
2.720136236992283701e-07
3.717665055050785738e-07
1.217897721333370521e-08
3.175831689891924650e-07
1.177815333588211279e-04
2.249244346800702420e-08
1.714776460284380864e-09
1.551738571401645820e-06
1.230698429808460100e-08
1.029665574778667621e-08
2.407368431106344208e-07
2.720136236992283701e-07
3.717665055050785738e-07
1.217897721333370521e-08
1.177815333588211279e-04
2.249244346800702420e-08
1.714776460284380864e-09
1.230698429808460100e-08
1.029665574778667621e-08
2.407368431106344208e-07
2.720136236992283701e-07
3.717665055050785738e-07
1.217897721333370521e-08
3.175831689891924650e-07
1.177815333588211279e-04
2.249244346800702420e-08
1.714776460284380864e-09
1.230698429808460100e-08
1.029665574778667621e-08
2.407368431106344208e-07
1.376808715909257639e-03
2.720136236992283701e-07
3.717665055050785738e-07
1.217897721333370521e-08
1.177815333588211279e-04
2.249244346800702420e-08
1.714776460284380864e-09
1.029665574778667621e-08
2.407368431106344208e-07
2.720136236992283701e-07
3.717665055050785738e-07
1.217897721333370521e-08
3.614301503913056783e-04
3.175831689891924650e-07
1.177815333588211279e-04
7.812672134249199102e-07
2.249244346800702420e-08
1.714776460284380864e-09
1.230698429808460100e-08
1.029665574778667621e-08
2.407368431106344208e-07
2.720136236992283701e-07
3.717665055050785738e-07
1.217897721333370521e-08
1.177815333588211279e-04
2.249244346800702420e-08
1.714776460284380864e-09
1.230698429808460100e-08
1.029665574778667621e-08
2.407368431106344208e-07
3.012550273132254134e-05
2.720136236992283701e-07
3.717665055050785738e-07
1.217897721333370521e-08
1.177815333588211279e-04
2.249244346800702420e-08
1.714776460284380864e-09
1.230698429808460100e-08
1.029665574778667621e-08
2.407368431106344208e-07
2.720136236992283701e-07
3.717665055050785738e-07
1.217897721333370521e-08
3.175831689891924650e-07
1.177815333588211279e-04
2.249244346800702420e-08
1.714776460284380864e-09
1.230698429808460100e-08
1.029665574778667621e-08
2.407368431106344208e-07
2.720136236992283701e-07
3.717665055050785738e-07
1.217897721333370521e-08
3.175831689891924650e-07
1.177815333588211279e-04
2.249244346800702420e-08
1.714776460284380864e-09
1.230698429808460100e-08
1.029665574778667621e-08
2.720136236992283701e-07
3.717665055050785738e-07
1.217897721333370521e-08
3.175831689891924650e-07
9.513990327541134248e-07
1.177815333588211279e-04
2.249244346800702420e-08
2.811802967148291946e-06
3.023782284468316750e-06
1.714776460284380864e-09
9.333472640870544234e-05
1.230698429808460100e-08
1.029665574778667621e-08
2.407368431106344208e-07
2.720136236992283701e-07
1.177815333588211279e-04
2.249244346800702420e-08
1.714776460284380864e-09
1.230698429808460100e-08
1.029665574778667621e-08
2.407368431106344208e-07
2.720136236992283701e-07
3.717665055050785738e-07
9.214994591559966112e-05
1.217897721333370521e-08
1.177815333588211279e-04
2.249244346800702420e-08
1.714776460284380864e-09
1.551738571401645820e-06
1.230698429808460100e-08
1.029665574778667621e-08
2.407368431106344208e-07
2.720136236992283701e-07
1.217897721333370521e-08
3.175831689891924650e-07
1.177815333588211279e-04
2.249244346800702420e-08
1.714776460284380864e-09
1.230698429808460100e-08
1.029665574778667621e-08
2.407368431106344208e-07
1.217897721333370521e-08
3.175831689891924650e-07
9.513990327541134248e-07
1.800970032117079034e-08
1.177815333588211279e-04
2.249244346800702420e-08
1.714776460284380864e-09
1.230698429808460100e-08
1.029665574778667621e-08
2.407368431106344208e-07
2.720136236992283701e-07
3.717665055050785738e-07
1.217897721333370521e-08
3.175831689891924650e-07
1.177815333588211279e-04
2.249244346800702420e-08
1.230698429808460100e-08
1.029665574778667621e-08
2.407368431106344208e-07
2.720136236992283701e-07
3.717665055050785738e-07
1.217897721333370521e-08
2.475902500657865977e-06
3.175831689891924650e-07
1.177815333588211279e-04
7.812672134249199102e-07
2.249244346800702420e-08
1.714776460284380864e-09
1.230698429808460100e-08
1.029665574778667621e-08
2.407368431106344208e-07
2.720136236992283701e-07
3.717665055050785738e-07
1.217897721333370521e-08
1.231661080778412749e-06
9.733920859391319539e-07
1.714776460284380864e-09
1.230698429808460100e-08
1.029665574778667621e-08
2.407368431106344208e-07
2.720136236992283701e-07
3.717665055050785738e-07
1.217897721333370521e-08
3.175831689891924650e-07
1.177815333588211279e-04
2.249244346800702420e-08
1.714776460284380864e-09
1.230698429808460100e-08
1.029665574778667621e-08
2.407368431106344208e-07
2.720136236992283701e-07
3.717665055050785738e-07
1.217897721333370521e-08
3.175831689891924650e-07
1.177815333588211279e-04
6.417210805268720213e-07
1.714776460284380864e-09
1.230698429808460100e-08
1.029665574778667621e-08
2.407368431106344208e-07
2.720136236992283701e-07
3.175831689891924650e-07
9.513990327541134248e-07
1.800970032117079034e-08
1.177815333588211279e-04
2.249244346800702420e-08
1.714776460284380864e-09
1.230698429808460100e-08
1.029665574778667621e-08
2.407368431106344208e-07
3.717665055050785738e-07
1.217897721333370521e-08
3.175831689891924650e-07
9.513990327541134248e-07
1.177815333588211279e-04
2.249244346800702420e-08
1.714776460284380864e-09
1.230698429808460100e-08
1.029665574778667621e-08
2.407368431106344208e-07
2.720136236992283701e-07
3.717665055050785738e-07
1.217897721333370521e-08
3.175831689891924650e-07
1.177815333588211279e-04
2.249244346800702420e-08
1.714776460284380864e-09
1.230698429808460100e-08
1.029665574778667621e-08
2.407368431106344208e-07
2.720136236992283701e-07
3.717665055050785738e-07
1.217897721333370521e-08
3.175831689891924650e-07
4.766651744316104632e-05
1.177815333588211279e-04
2.249244346800702420e-08
1.230698429808460100e-08
1.029665574778667621e-08
2.407368431106344208e-07
2.720136236992283701e-07
3.717665055050785738e-07
1.217897721333370521e-08
3.175831689891924650e-07
1.177815333588211279e-04
2.249244346800702420e-08
1.714776460284380864e-09
1.230698429808460100e-08
1.029665574778667621e-08
2.407368431106344208e-07
2.720136236992283701e-07
6.340228632552872358e-06
3.717665055050785738e-07
3.175831689891924650e-07
2.249244346800702420e-08
1.714776460284380864e-09
1.230698429808460100e-08
4.174822261718557650e-04
1.029665574778667621e-08
2.407368431106344208e-07
2.720136236992283701e-07
3.717665055050785738e-07
1.217897721333370521e-08
3.175831689891924650e-07
1.177815333588211279e-04
6.027018092310308195e-05
2.249244346800702420e-08
1.714776460284380864e-09
4.174822261718557650e-04
1.029665574778667621e-08
2.407368431106344208e-07
2.720136236992283701e-07
3.717665055050785738e-07
1.217897721333370521e-08
1.177815333588211279e-04
2.249244346800702420e-08
1.714776460284380864e-09
1.230698429808460100e-08
1.029665574778667621e-08
2.407368431106344208e-07
2.720136236992283701e-07
3.717665055050785738e-07
1.217897721333370521e-08
3.175831689891924650e-07
2.249244346800702420e-08
1.714776460284380864e-09
1.230698429808460100e-08
1.029665574778667621e-08
2.407368431106344208e-07
2.720136236992283701e-07
1.217897721333370521e-08
3.175831689891924650e-07
9.513990327541134248e-07
1.800970032117079034e-08
1.177815333588211279e-04
2.249244346800702420e-08
1.714776460284380864e-09
1.230698429808460100e-08
1.029665574778667621e-08
2.407368431106344208e-07
2.720136236992283701e-07
3.717665055050785738e-07
1.217897721333370521e-08
3.175831689891924650e-07
1.177815333588211279e-04
2.249244346800702420e-08
1.714776460284380864e-09
1.230698429808460100e-08
1.029665574778667621e-08
2.407368431106344208e-07
1.117268438512180082e-04
2.720136236992283701e-07
3.717665055050785738e-07
1.217897721333370521e-08
1.990396011745300820e-04
1.177815333588211279e-04
2.249244346800702420e-08
1.714776460284380864e-09
1.230698429808460100e-08
1.029665574778667621e-08
2.407368431106344208e-07
3.717665055050785738e-07
1.217897721333370521e-08
3.175831689891924650e-07
1.177815333588211279e-04
2.249244346800702420e-08
1.714776460284380864e-09
1.230698429808460100e-08
1.029665574778667621e-08
2.407368431106344208e-07
2.720136236992283701e-07
3.717665055050785738e-07
1.217897721333370521e-08
3.175831689891924650e-07
1.663858190782618656e-06
1.177815333588211279e-04
2.249244346800702420e-08
1.714776460284380864e-09
1.230698429808460100e-08
1.029665574778667621e-08
2.407368431106344208e-07
3.717665055050785738e-07
1.217897721333370521e-08
3.175831689891924650e-07
1.177815333588211279e-04
2.249244346800702420e-08
1.714776460284380864e-09
1.230698429808460100e-08
1.029665574778667621e-08
2.407368431106344208e-07
2.720136236992283701e-07
3.678642045113212489e-05
1.217897721333370521e-08
3.175831689891924650e-07
1.177815333588211279e-04
2.249244346800702420e-08
1.714776460284380864e-09
1.230698429808460100e-08
1.029665574778667621e-08
2.407368431106344208e-07
3.717665055050785738e-07
1.217897721333370521e-08
3.175831689891924650e-07
9.513990327541134248e-07
1.177815333588211279e-04
2.249244346800702420e-08
1.714776460284380864e-09
1.029665574778667621e-08
2.407368431106344208e-07
2.720136236992283701e-07
3.717665055050785738e-07
1.217897721333370521e-08
3.175831689891924650e-07
9.513990327541134248e-07
1.177815333588211279e-04
2.249244346800702420e-08
1.714776460284380864e-09
2.960138645751549200e-03
1.230698429808460100e-08
1.029665574778667621e-08
2.407368431106344208e-07
2.004146247776127793e-03
2.720136236992283701e-07
3.717665055050785738e-07
1.177815333588211279e-04
2.249244346800702420e-08
1.714776460284380864e-09
1.230698429808460100e-08
1.029665574778667621e-08
2.407368431106344208e-07
2.720136236992283701e-07
3.717665055050785738e-07
1.217897721333370521e-08
3.175831689891924650e-07
1.177815333588211279e-04
2.249244346800702420e-08
1.714776460284380864e-09
1.230698429808460100e-08
1.029665574778667621e-08
2.407368431106344208e-07
2.720136236992283701e-07
3.717665055050785738e-07
1.217897721333370521e-08
3.175831689891924650e-07
1.177815333588211279e-04
2.249244346800702420e-08
1.714776460284380864e-09
1.230698429808460100e-08
1.029665574778667621e-08
2.407368431106344208e-07
2.720136236992283701e-07
4.112048601857999511e-05
6.340228632552872358e-06
3.717665055050785738e-07
1.177815333588211279e-04
2.249244346800702420e-08
1.714776460284380864e-09
1.230698429808460100e-08
1.029665574778667621e-08
2.407368431106344208e-07
2.720136236992283701e-07
3.717665055050785738e-07
1.217897721333370521e-08
3.175831689891924650e-07
1.177815333588211279e-04
2.249244346800702420e-08
1.714776460284380864e-09
1.230698429808460100e-08
2.407368431106344208e-07
2.720136236992283701e-07
3.717665055050785738e-07
1.217897721333370521e-08
3.175831689891924650e-07
9.513990327541134248e-07
1.177815333588211279e-04
2.249244346800702420e-08
1.714776460284380864e-09
1.230698429808460100e-08
1.029665574778667621e-08
2.407368431106344208e-07
2.720136236992283701e-07
3.717665055050785738e-07
1.217897721333370521e-08
3.175831689891924650e-07
1.177815333588211279e-04
2.249244346800702420e-08
1.089762823912437081e-06
1.714776460284380864e-09
1.029665574778667621e-08
2.407368431106344208e-07
3.717665055050785738e-07
1.217897721333370521e-08
3.175831689891924650e-07
9.513990327541134248e-07
1.177815333588211279e-04
2.249244346800702420e-08
1.714776460284380864e-09
1.230698429808460100e-08
1.029665574778667621e-08
2.720136236992283701e-07
3.717665055050785738e-07
1.217897721333370521e-08
3.175831689891924650e-07
9.513990327541134248e-07
