1.436367663778632267e-07
3.535012545736807162e-08
1.744753234816341376e-04
1.221281334848555308e-05
7.775496985786865972e-08
9.163247253499770694e-09
1.739539978074513486e-05
3.809106838917929519e-04
1.426673355742145278e-07
2.033593108230501235e-09
1.906301745848970053e-06
3.718213396722993447e-08
6.459045015719231597e-07
3.220288743963622624e-08
5.049096481020611609e-06
3.351849576507204266e-06
1.968300436834956543e-06
1.167632304008485531e-04
3.370496442872508068e-06
4.943236738823348795e-04
5.227624972616132541e-05
1.033712980650366528e-06
6.142499938264715258e-08
1.710352809713353689e-08
2.788319636887459761e-09
1.571949516560029632e-07
2.153075733784008826e-08
2.036411321229159241e-06
1.462131494071658834e-04
1.103933126139090999e-08
1.655423495480265678e-07
1.942683439590398127e-09
8.690606174675250657e-07
1.236273591094117565e-08
3.070201878576432271e-06
5.081815116951592790e-06
1.061261586572991651e-04
9.723571617125511985e-08
1.919267533323757278e-07
2.242114458638152587e-07
7.450114484671759072e-09
1.396437183582168684e-06
1.006852936383708299e-05
2.000860849066569160e-07
4.915782217127204852e-07
8.464129474569357251e-08
1.388256579410488648e-04
8.706332469372824851e-07
2.117384065264941768e-08
4.120178099350806609e-03
7.780131261968198530e-06
2.666532677180595165e-08
2.457271853031757467e-08
6.955690912624149220e-08
2.852035041668457356e-07
6.891478832408195637e-08
4.081116450370025435e-06
2.029682027092014825e-07
1.459227047710423374e-06
6.134963744607920477e-08
5.069278871964921314e-06
1.383400270628402249e-08
3.021088171296076282e-07
7.312679291691132127e-07
3.279388263611565184e-07
4.100040241628724915e-06
2.390794753018107843e-03
1.203785843504993013e-06
2.094905306765455233e-06
1.832655082355665430e-07
1.062261715381324980e-07
9.170654521001352673e-08
6.615026924235942272e-08
1.239554938157845620e-06
5.712679680054685442e-07
9.135368048450156457e-08
1.538025499325289021e-06
2.344000636046316770e-07
7.485543864343800331e-07
1.018838740412003917e-05
4.321648151067167640e-08
1.142375540274222982e-04
1.094025092566774984e-08
1.896678400651034056e-07
1.919347534408189299e-07
2.572191040433011733e-07
1.330456687642789073e-06
1.609363043743833980e-07
1.935609570560600214e-06
2.155350543547062977e-08
3.265241980625349301e-07
6.662737220096056465e-09
3.143107390014325518e-08
1.852875017042704882e-08
7.635594346828134827e-08
7.176429850778670915e-07
1.140579875647155919e-06
5.583580973411919438e-06
1.412684647271277909e-06
4.557947403784844129e-07
1.365983500801274531e-06
6.041984514172111535e-09
9.579182126646212686e-08
4.467593465601110356e-05
3.928913209065190937e-05
1.204145328305693296e-08
3.740797784396438360e-07
2.962996625778045018e-04
3.363072626476359525e-06
1.081514158333824865e-04
2.326972032414972555e-06
7.235237780864680643e-08
3.786514338780524479e-08
4.907987842866729644e-07
6.337361423255852249e-06
5.001574617434959689e-08
1.718002618202271176e-07
2.892419682150696128e-06
4.218375535487858334e-10
1.418472988060821103e-05
1.009619940731623972e-07
7.943520042390344032e-05
7.999026317846748822e-06
7.691399993989365173e-08
1.305732919129869931e-07
1.696212580770702475e-07
2.280619617203225793e-06
2.832961475145809874e-07
2.970378454639652495e-09
2.223930196851175712e-08
3.368994668444023128e-06
2.236363586045907085e-09
7.495644923328863032e-09
4.053267236493024801e-06
2.380653068219454733e-06
2.241365664032773273e-08
6.269798452263217775e-09
6.261427778852608501e-08
9.826297157422749069e-07
3.410100233164664761e-07
6.496650671498786874e-07
4.750622529173632279e-09
7.495644923328863032e-09
8.326556133030405985e-06
2.650152355331912948e-06
7.972448759528972554e-08
8.152503073956408308e-07
9.265850844928997701e-08
1.819908812793692612e-04
8.145480469014294917e-06
1.423361821996926033e-05
2.218527368323815950e-09
9.648846491965835622e-05
4.150786081563927899e-07
4.675251972256375485e-06
4.452080696503984680e-07
2.979521370119587957e-07
1.185252053620664833e-07
1.095988456635730256e-04
3.227972955345782240e-06
7.197017362153803217e-09
4.446181604378333051e-08
4.933794116139919181e-06
1.031466982089844886e-07
3.279388263611565184e-07
1.442893573688227361e-07
2.762898914202320234e-09
1.645466416346504396e-07
1.083250589209976650e-08
1.007574827983502927e-07
2.038972660366882276e-07
4.686747193989993889e-08
1.894806745971357964e-06
1.258708426207576628e-07
5.130922680926669217e-04
3.308673538555894717e-06
1.068477308137142626e-07
6.270596684863241170e-08
1.806794506474962285e-08
2.744291224115494277e-05
7.235907251870244172e-07
3.704244046832850410e-09
2.337744993202260100e-09
3.348682758013774177e-06
1.344583894638960499e-07
2.113188822564445022e-07
6.407796629570379525e-06
7.856367559491903821e-07
1.429838808889695258e-06
1.690246356309337515e-04
1.191724814562405371e-05
3.235020614686648486e-09
7.312679291691132127e-07
8.519209435230508660e-08
1.357087657780168175e-07
4.641342363571952609e-09
1.637284288659276338e-09
1.965562570356803138e-06
7.309431150730352103e-09
2.090568650869120703e-04
4.741400204098259396e-05
2.482345297798432873e-08
1.652575426766698354e-07
9.807169376718973606e-07
2.281871374686328947e-05
1.809376751861317774e-06
1.855205332239996007e-08
5.501977673993689728e-06
5.553697496913188228e-07
1.077320955982099403e-07
1.090141094909697084e-08
8.413391243490629530e-07
4.501734380346289321e-06
2.805619170612966653e-04
1.573295325067673480e-08
1.206806583705332432e-08
2.013454562816112114e-08
5.641334942370298669e-07
1.225269066022418592e-06
4.612402015260258698e-04
1.062261715381324980e-07
2.092873409000777941e-09
1.877288636581580060e-08
1.026665833467940020e-05
2.354587008457795383e-07
2.367365178065401194e-07
6.120118540783845756e-07
4.273198179560819282e-05
4.211217055680995375e-07
6.612968236222054573e-07
3.986384732508931255e-08
2.738207422201203278e-06
4.756098189609356535e-05
1.489572869131700509e-08
9.170654521001352673e-08
1.658850267322651179e-06
7.425464602558777065e-07
7.588904363002782369e-09
2.671804202173888262e-05
6.215463594878807647e-09
1.283822262213251202e-07
1.942683439590398127e-09
1.587889004036854351e-07
2.837159051046581026e-09
9.174015119621334399e-09
1.471799146228486829e-06
9.661038466106316934e-06
9.792241856542580856e-08
5.080701749027807885e-06
2.089174243097517822e-05
1.848172521300976738e-09
2.326972032414972555e-06
5.275628777808204358e-07
8.329176228332087285e-06
1.587889004036854351e-07
1.602026111823899308e-04
1.092236559204179254e-06
1.050084069791814267e-06
5.415920122445306435e-07
1.204145328305693296e-08
1.778893150668247752e-07
2.209171223492549888e-08
1.592867027495424129e-07
1.051401158944786237e-06
3.165519352620443499e-06
5.955782323085706970e-07
2.670178727468251592e-08
2.280871980064335558e-09
6.934261133544173898e-09
4.016011926174708617e-05
5.051975080180751641e-07
4.281096011359812088e-07
8.323748072210234057e-04
1.031466982089844886e-07
1.230276227859289138e-08
8.145480469014294917e-06
2.852206057208773119e-06
2.344000636046316770e-07
7.882795599728973814e-09
1.974716189130287587e-08
1.495727032030235470e-07
1.857977682653429036e-07
4.915782217127204852e-07
3.878430778882368142e-07
3.978296754891309761e-07
7.128428126201438257e-09
2.407533793545473555e-07
4.896079301954114208e-09
4.806915113301802670e-06
2.537565351026467491e-08
1.090141094909697084e-08
9.144432497661182800e-07
8.091390917478059651e-08
2.318112029549230941e-09
7.077371581352484081e-09
8.647588971538950586e-09
1.914293749980289057e-05
8.401721289663572598e-07
7.974573179916719264e-07
9.513688470644638621e-05
1.125889694472267859e-06
7.197017362153803217e-09
4.281096011359812088e-07
5.807897414466026360e-07
1.330456687642789073e-06
6.672165154262768441e-05
3.827005322088886644e-08
8.162999735474035442e-07
1.509112959862556817e-07
2.561319987169096702e-06
1.427026212792069255e-06
5.265996542849675916e-07
4.933794116139919181e-06
4.001311337062231471e-07
4.515037877238625636e-07
5.959295921609023233e-06
1.046551038719531530e-05
2.778815476832860112e-08
1.275462356649511783e-04
2.995112343391908129e-08
1.259968233763601706e-07
2.092873409000777941e-09
1.512834167373462322e-04
8.108207196983909649e-07
9.047526938077245040e-07
8.569974590236787687e-06
5.868435440890958197e-07
1.420714641622280410e-05
9.513688470644638621e-05
3.638044541446727975e-05
1.710352809713353689e-08
2.671475608086194955e-05
9.110036510036231576e-08
1.975099672669286682e-08
4.372835448315785005e-08
8.631154232366853600e-09
4.638335459686165409e-06
1.087396180164182252e-08
6.159555622530019222e-04
1.014154281623499011e-03
1.334650271653509457e-07
4.446181604378333051e-08
1.142375540274222982e-04
2.337744993202260100e-09
7.924504925854144503e-07
2.365815967224376608e-05
5.021980200048655172e-07
9.258219396996651522e-05
8.053483782415590141e-08
3.744708488859711013e-07
3.745948412191819443e-05
7.805251212022375452e-09
1.036846179337351921e-07
2.031775428371084272e-06
6.299307167556100673e-08
1.040770670232035719e-07
2.652671006061425353e-08
6.797317248421604732e-06
3.813510680819747790e-04
6.120118540783845756e-07
1.227572643072559256e-06
6.139571447888134506e-07
6.923754593949923761e-07
6.665778881470792566e-09
5.124836569797639444e-09
1.126408613175055304e-07
1.255515933373291681e-07
2.076667072757875893e-06
2.735380093927389792e-07
4.170566872188802947e-09
3.368994668444023128e-06
1.955493121509965174e-06
1.948014798765532203e-06
2.092873409000777941e-09
1.504747747918821588e-07
2.370869930165121376e-05
7.979168278755168505e-09
6.912570082894223268e-07
9.135368048450156457e-08
8.296283251106477917e-08
5.215378747353451027e-08
4.467593465601110356e-05
1.263580050767941152e-06
6.407796629570379525e-06
3.221642022724888219e-07
1.432102635764735804e-06
8.296283251106477917e-08
2.775933715701791022e-07
4.500968416013349631e-05
1.287390679639723808e-08
5.305390787171659477e-05
7.356141659283570751e-09
8.875654713407813909e-04
1.864548571119928853e-03
1.115367152012361817e-06
3.931315221511529129e-07
1.370388279657394456e-09
2.082811284172849996e-09
8.065239055448084865e-06
4.423340791225994074e-08
9.577349685560667680e-01
1.307030375794276505e-09
1.007551258754489625e-06
2.033226183094328858e-08
3.073004324499344627e-07
1.117929147888430473e-08
4.134464270891454912e-06
1.309816435181753468e-07
3.248155860995868237e-07
3.966929060364144035e-08
5.231269474600522234e-07
1.939782794105824637e-07
1.835096793791805262e-07
2.241365664032773273e-08
1.171130280935713739e-06
9.444365116419349319e-07
1.238180048866153183e-07
1.051401158944786237e-06
3.165519352620443499e-06
1.645466416346504396e-07
7.495644923328863032e-09
9.618178686905698934e-06
1.384674427362838993e-06
4.581839040561166518e-08
2.549996642644949242e-07
2.573303457561751973e-06
1.371309759080773156e-07
9.238710872588650339e-09
5.665397887602182258e-07
5.175121159731336959e-08
1.467860073821092719e-08
7.596454746626190265e-06
4.060172494350638507e-09
3.062480415192166055e-07
1.835096793791805262e-07
2.575793596862398158e-06
2.130322781387880894e-08
4.800668459996552350e-07
9.579922111903336728e-06
6.215463594878807647e-09
1.640226613929782626e-08
6.535272781128131969e-09
1.864022261270087077e-05
2.033226183094328858e-08
9.358194808057714622e-09
6.615026924235942272e-08
5.299098762574950896e-07
3.062128052964736261e-08
5.966410014404762321e-10
1.237899216749535255e-08
4.351569277008421777e-08
5.215378747353451027e-08
7.697776078783680025e-06
2.474587612473223616e-05
3.557116056309623324e-08
5.015334204067137454e-08
3.482446921958529754e-06
1.571949516560029632e-07
5.207697339006617479e-08
4.055451489017711184e-08
4.351569277008421777e-08
4.061415260871011880e-09
2.541149665657480278e-07
1.088011725105617627e-08
1.142375540274222982e-04
1.873439019521055614e-06
1.504747747918821588e-07
1.090211568877564706e-05
8.519209435230508660e-08
8.738079818298803669e-08
4.686747193989993889e-08
5.235917024059505177e-07
9.097762121898031508e-08
1.251194437854522317e-08
7.226558969863605258e-07
9.513688470644638621e-05
7.558139132306636908e-07
2.664911707657679264e-07
1.772808601050135891e-07
8.916161977774457576e-08
7.805251212022375452e-09
1.972753752521850154e-06
1.078482756464148966e-08
2.092873409000777941e-09
6.462841054167763900e-09
2.206374527172493820e-09
7.397434008003999988e-09
4.946880652473243131e-09
2.944875119955538840e-08
2.995112343391908129e-08
4.849629704688460374e-09
1.550812642334442016e-06
1.062261715381324980e-07
1.058953305041824436e-06
1.864548571119928853e-03
7.245860559240108929e-09
2.575793596862398158e-06
7.691487573970747778e-09
4.800668459996552350e-07
1.713394275955442644e-06
4.686747193989993889e-08
2.658517231132489981e-08
1.869970453116173914e-06
4.118837978387830736e-07
7.580358484719394450e-06
1.081211978310625841e-04
4.400693607605102824e-06
5.795087887399743685e-09
4.834361529813646012e-07
4.530828123875516013e-08
2.847346842354620156e-09
4.321648151067167640e-08
4.281096011359812088e-07
7.424394585019206645e-07
5.021980200048655172e-07
8.232385425567243685e-06
2.751179948058817161e-05
4.341725492594996189e-07
1.023968730754286150e-06
4.055451489017711184e-08
8.023547636271116961e-07
3.947873905821435748e-07
5.769814821943829847e-06
7.158550715715895731e-06
5.389530089995406873e-06
3.579640829329063006e-05
2.127671480428210586e-07
9.579922111903336728e-06
5.345541129980193158e-08
4.083859827643509403e-07
2.170222859234483398e-07
4.872947410190395110e-09
2.575793596862398158e-06
1.333548798301296668e-07
1.306483465638659295e-08
5.174052826003441144e-08
1.432102635764735804e-06
9.344484177724876105e-09
1.311161660818402614e-08
2.944875119955538840e-08
1.792912103010827395e-07
6.073199225352087649e-06
4.478542091784752837e-10
2.966992956858157785e-09
3.271339341837226855e-07
2.177519731767403972e-07
2.354587008457795383e-07
1.167520455043268181e-08
1.179214714672712597e-07
3.546323869647265666e-09
1.467860073821092719e-08
1.896678400651034056e-07
1.309816435181753468e-07
4.452080696503984680e-07
1.713394275955442644e-06
8.993418674686559088e-06
2.589933546901232806e-09
1.884276359623888202e-08
2.117384065264941768e-08
6.934261133544173898e-09
6.955690912624149220e-08
6.137715553629311440e-08
1.022785050745891687e-08
1.384674427362838993e-06
1.237899216749535255e-08
1.975099672669286682e-08
6.817167658421409187e-07
2.501850137880218037e-08
5.887992327392849019e-08
8.538977157042858324e-08
3.986384732508931255e-08
4.124295995220969326e-06
2.979521370119587957e-07
8.643562493241482237e-06
1.060009318635344721e-04
4.076552953447283348e-06
2.284126007299909406e-07
3.081260144614247002e-06
1.885785675786160430e-07
1.221281334848555308e-05
1.849546614047328483e-07
6.633140273939550232e-05
2.595273891419051238e-07
1.581838077531184044e-07
4.653315911446946673e-07
4.915782217127204852e-07
3.966929060364144035e-08
2.517017673693699071e-07
2.414561390307626646e-07
4.742253416641242482e-08
5.069278871964921314e-06
7.780131261968198530e-06
1.071790025117692768e-07
1.658187532466077280e-08
3.607785164084478191e-08
7.077371581352484081e-09
3.165519352620443499e-06
7.460229818638138544e-08
7.979168278755168505e-09
8.643562493241482237e-06
1.808799087291139168e-08
3.312699015557989450e-08
6.142499938264715258e-08
6.033260144300818094e-08
3.609536114872782907e-07
1.852763225364409218e-07
1.696642689979738454e-09
1.246407210862772983e-07
6.075424616702607720e-06
2.600469933025414813e-07
1.792912103010827395e-07
7.356141659283570751e-09
9.715288854851515852e-06
7.981448197405936903e-06
2.280619617203225793e-06
6.464042552523708246e-06
4.452080696503984680e-07
2.074941044102074669e-07
2.970378454639652495e-09
2.223930196851175712e-08
2.124942378850104466e-08
4.849629704688460374e-09
7.596454746626190265e-06
1.427026212792069255e-06
1.300416260640104525e-08
1.049198191416478213e-06
5.807897414466026360e-07
4.695722173932700759e-07
7.856367559491903821e-07
8.098150521632978730e-08
9.563675841555118123e-08
1.687781136241697021e-07
1.487958618309445918e-07
4.548957753760680674e-05
2.882454413153457266e-05
2.575385494073900443e-08
3.652485972820882934e-07
1.031129651442654093e-05
5.419929410593820645e-07
3.225249626668090920e-05
2.457271853031757467e-08
1.621881191274986329e-07
1.666507079992737651e-09
1.252998229278845713e-08
5.267430512857903659e-07
1.763583922431657578e-07
2.970378454639652495e-09
1.619974565106211694e-06
1.204145328305693296e-08
2.008011295868642960e-06
4.351569277008421777e-08
1.869970453116173914e-06
5.015334204067137454e-08
6.120118540783845756e-07
1.891295840764173589e-06
4.771486455141506030e-07
4.727954910434850372e-05
8.152020110706150290e-08
8.685004259628150269e-08
9.038883259677686836e-06
7.590898782754562169e-09
1.156523409259605183e-06
1.687781136241697021e-07
7.446895581503040026e-08
1.263580050767941152e-06
6.115891491500217070e-08
2.094927972250247184e-07
1.524883112730274181e-05
1.006852936383708299e-05
3.484780092926034602e-09
2.038972660366882276e-07
1.090141094909697084e-08
3.382496926660844709e-07
1.251194437854522317e-08
3.503967830199636711e-08
1.272721290410833689e-06
5.488387865453981752e-08
6.621002856071068598e-06
1.609363043743833980e-07
2.409238614501257549e-08
2.666532677180595165e-08
1.258708426207576628e-07
9.047526938077245040e-07
2.595627314423766580e-08
3.062128052964736261e-08
6.137715553629311440e-08
4.319089864357765165e-07
2.089174243097517822e-05
8.464798753621387358e-08
2.335743743405018427e-08
1.258708426207576628e-07
1.300416260640104525e-08
1.954865420306306387e-08
1.975099672669286682e-08
6.502592165186863417e-09
1.179523432140013883e-07
1.573466169697998804e-08
2.232921062119663945e-06
4.697481424234624847e-04
1.468704606462366853e-07
1.040770670232035719e-07
9.938569654370617835e-06
3.145086523173085777e-06
4.548957753760680674e-05
5.152467979173728364e-06
5.080701749027807885e-06
4.100040241628724915e-06
1.101329077256279755e-04
1.912816712212021435e-06
6.407796629570379525e-06
2.916126639869587408e-07
8.569974590236787687e-06
6.634814945008899659e-06
6.479561636830180821e-05
1.914293749980289057e-05
5.876926487757787497e-07
2.979521370119587957e-07
4.258018584036648449e-08
5.008037404568057461e-06
3.399922896994172196e-06
4.351569277008421777e-08
7.943520042390344032e-05
8.613982512760156283e-05
1.237899216749535255e-08
3.931315221511529129e-07
5.926035094502718980e-09
4.978380826394368548e-06
1.906301745848970053e-06
2.517017673693699071e-07
5.930294670293498755e-06
1.767934250210825244e-08
2.482518506603715061e-07
1.652575426766698354e-07
3.499709728671420844e-06
7.888788578007070909e-08
1.031466982089844886e-07
3.535111602639910300e-06
6.098074608591485129e-07
2.164937736772563400e-06
2.580442613956801634e-07
4.558715057195806128e-07
2.417663294519173891e-05
9.697669783469190473e-04
2.309397849598715921e-06
7.022928815772836148e-09
9.886466688073101050e-07
3.373324900378051948e-07
2.159546177453201609e-05
7.978250814621163357e-08
7.318389244151635460e-07
3.265241980625349301e-07
1.974827758124711443e-07
2.872112084913811010e-08
2.105370544074836522e-09
4.457161630652607830e-09
1.703274709447683756e-05
8.273865773718147968e-08
4.641342363571952609e-09
1.734351590988232400e-07
5.269803051329453553e-06
1.447074191861262733e-08
4.060172494350638507e-09
1.142375540274222982e-04
1.440822155286012575e-06
1.560340809537551862e-07
4.429275674803920080e-07
1.906301745848970053e-06
4.809436152411874837e-04
1.570636445820256419e-08
1.571247138879209981e-08
3.944193078399901147e-07
2.326972032414972555e-06
7.431568555647514486e-04
3.145086523173085777e-06
7.045760694204087173e-07
2.882454413153457266e-05
4.088102907355505170e-06
2.530532992360519976e-07
6.665778881470792566e-09
2.705959499014879564e-06
2.398370359440703653e-07
1.311899648402275410e-07
1.446344112371170850e-07
1.085117448313342076e-07
2.931474167969291613e-05
9.344484177724876105e-09
2.046150106541273008e-07
6.482238892899301027e-07
1.919267533323757278e-07
6.832679901170419615e-09
1.090141094909697084e-08
2.910279931595344269e-09
1.972753752521850154e-06
2.326972032414972555e-06
1.697783672053938137e-06
9.170654521001352673e-08
7.014729574752797849e-06
5.769814821943829847e-06
4.933794116139919181e-06
1.712098978831641230e-07
5.215378747353451027e-08
1.621881191274986329e-07
9.579182126646212686e-08
1.582763136407467542e-06
3.209179641909148389e-10
3.073004324499344627e-07
6.118099117845909780e-06
3.744708488859711013e-07
2.209389456060042363e-05
4.055451489017711184e-08
2.209171223492549888e-08
6.615026924235942272e-08
7.609392716937559950e-08
1.022785050745891687e-08
4.175372188046058422e-10
2.281871374686328947e-05
2.589933546901232806e-09
5.302922829372169541e-07
1.715696188569122158e-06
1.924141251314865179e-10
7.590898782754562169e-09
8.820829069434916047e-07
1.343832911850472015e-07
5.752332002825952490e-09
1.259719619332656680e-07
1.622684342474827450e-08
2.639381080530816133e-06
1.656817009241851198e-08
1.368619280878692145e-07
1.259197549999956225e-07
1.767934250210825244e-08
2.280642938259321197e-09
2.414336678835231196e-08
9.227038356774259141e-08
2.720003133641308060e-07
8.329176228332087285e-06
8.546225380925486588e-06
1.134338638841903552e-05
3.152362973142923182e-06
3.062480415192166055e-07
2.738207422201203278e-06
7.235907251870244172e-07
1.334650271653509457e-07
1.230313329396515514e-07
7.599355769196956584e-05
3.382496926660844709e-07
4.429275674803920080e-07
6.065025572145296980e-08
1.703274709447683756e-05
1.852763225364409218e-07
8.656743285514499727e-08
1.852875017042704882e-08
1.117929147888430473e-08
2.805619170612966653e-04
1.710352809713353689e-08
9.294298819717777574e-06
2.580442613956801634e-07
9.248130868053135579e-05
1.074186179236870112e-07
4.852256296396185233e-06
1.640226613929782626e-08
9.358194808057714622e-09
1.734770367008820391e-09
3.451093683000315454e-07
9.792241856542580856e-08
6.120118540783845756e-07
6.200842468364375458e-07
3.335264036662315653e-07
1.760399281080420405e-08
1.173131634975974253e-06
2.148662371293651244e-08
1.565951003047331481e-04
1.154262349912090118e-07
8.568024299982544997e-07
2.113188822564445022e-07
5.876926487757787497e-07
5.184808521320947499e-09
6.665778881470792566e-09
3.404811626485481356e-08
2.959579050656259051e-05
6.299307167556100673e-08
4.069568739333144745e-08
2.209171223492549888e-08
2.916126639869587408e-07
8.329176228332087285e-06
1.442893573688227361e-07
1.126408613175055304e-07
8.469962635304217275e-06
1.560203844132808548e-07
7.697273682769746709e-08
1.400427651871099717e-08
7.943520042390344032e-05
5.294423097618763489e-10
5.928352106516851431e-06
2.839054842717190462e-07
2.572191040433011733e-07
2.223930196851175712e-08
2.245932274480549463e-07
5.415920122445306435e-07
5.161871129150225592e-07
1.078482756464148966e-08
1.058953305041824436e-06
1.582763136407467542e-06
8.647588971538950586e-09
3.875998514087591824e-06
5.595191153170439980e-07
1.447756793799905518e-06
7.979168278755168505e-09
5.875960151709906063e-06
1.190710853909837234e-06
1.105547232500737017e-09
3.391763694480113903e-08
6.496650671498786874e-07
7.981448197405936903e-06
1.734770367008820391e-09
1.023968730754286150e-06
4.859243904621466215e-09
1.074186179236870112e-07
2.159546177453201609e-05
1.368619280878692145e-07
7.280294275599582093e-07
1.419036202283030697e-04
3.062480415192166055e-07
2.105370544074836522e-09
7.974573179916719264e-07
1.635115850430720325e-05
1.809376751861317774e-06
1.167520455043268181e-08
1.077320955982099403e-07
8.546298113778178038e-05
1.283822262213251202e-07
1.542836602398880202e-09
6.731216308439279227e-06
9.170654521001352673e-08
5.928352106516851431e-06
3.148405481360621821e-06
1.692125511380223593e-03
6.758573151226418932e-08
1.140579875647155919e-06
4.001311337062231471e-07
6.443459026447716155e-05
6.496650671498786874e-07
1.948014798765532203e-06
2.657946753804387249e-07
3.742961136827729746e-07
1.686404835533600253e-08
6.582048869409598684e-08
6.410168924264603174e-08
1.140579875647155919e-06
1.442893573688227361e-07
4.849629704688460374e-09
2.491934654129480363e-06
1.592867027495424129e-07
1.140579875647155919e-06
8.774269709876661547e-08
4.475175324262742639e-06
9.826297157422749069e-07
3.506709774841092951e-05
5.941494430689711807e-08
4.268966923545960584e-07
7.535496118235099287e-07
4.509466561958010269e-07
4.001311337062231471e-07
8.706332469372824851e-07
1.482474299780281331e-05
1.438419167932432597e-08
1.031953965269929970e-05
4.806915113301802670e-06
8.801459841466305553e-08
5.665397887602182258e-07
5.869598393583155381e-07
2.367134373031615428e-07
2.953349117459312019e-06
4.840541638674414222e-08
1.081211978310625841e-04
2.390794753018107843e-03
1.954865420306306387e-08
4.742253416641242482e-08
3.101890695543378288e-05
4.634414007387099194e-09
7.780131261968198530e-06
2.148662371293651244e-08
2.300141641621833964e-05
1.136301005469515443e-02
2.218527368323815950e-09
4.915782217127204852e-07
5.059537756976636996e-07
2.039346007057752217e-06
4.068446831249974429e-04
1.762367849429824861e-08
1.640226613929782626e-08
6.443459026447716155e-05
1.334650271653509457e-07
1.311899648402275410e-07
3.696227114753170354e-05
8.568024299982544997e-07
3.886374099760874058e-07
3.159426901005110597e-08
1.637284288659276338e-09
1.736269207150955728e-07
