5.843092166204561433e-04
4.507547654371573298e-04
1.787303915438998058e-04
2.463722904744102774e-04
1.169103665446710001e-03
6.107091887333769868e-04
3.549679217861286765e-03
5.202892841698303046e-04
1.113222848006045675e-03
8.259350093763676015e-04
7.251521133281934673e-04
2.182246053097534823e-04
4.320562668312044282e-04
1.342666364362161491e-03
1.422140017080366975e-03
1.104048282703793370e-03
2.162073537890733723e-03
3.928401786084668697e-04
4.537055278595725607e-04
1.661758821638024920e-03
6.146461657794323333e-04
5.562278645559263742e-04
5.691964846182624065e-04
5.680557608732213432e-04
1.955251941372053090e-03
4.882774799722439303e-04
1.175197194759892462e-03
6.356648164194065578e-04
6.726810316881508614e-04
3.747808025946996438e-04
1.196468489451209824e-03
3.944563756521973969e-04
1.905785832423862597e-03
6.811572679860384682e-04
2.103018278478769459e-03
7.326054163292875562e-04
1.498214377263263697e-03
3.859113708665204488e-04
7.098387528242778135e-04
2.699873124456694503e-04
5.387372988750759083e-04
9.204209401023556898e-04
5.618907523821238363e-03
8.123245644887729013e-04
3.669590439976105488e-04
3.534848974761567518e-04
7.577579720294584046e-04
1.203882901826922470e-03
6.098438898482003287e-04
1.194407910706943212e-03
5.577178316525414296e-04
6.947854278014548067e-04
1.081020390723197964e-03
8.263608183327661840e-04
9.886955757305738307e-04
2.990852827184370269e-04
1.483627288502414995e-04
1.540493284317122997e-03
7.767413857754877898e-04
1.870491147241777261e-04
6.731560272656968115e-04
2.981307495750292369e-04
5.534608316857188596e-04
2.861476708779432014e-04
7.716333416895724455e-04
7.350602456013856367e-04
3.803025684897791284e-04
7.496478934390379085e-04
3.670574830934288731e-04
9.546515690652861499e-04
3.401374442234268280e-03
2.907731845131805021e-03
2.520536556154462306e-04
5.433346744366675642e-04
1.234745032792945209e-03
7.618822849028862977e-04
1.284428659260858797e-03
2.413045583441372744e-04
3.745630070770321145e-04
1.007849381013573671e-03
8.409621835347505514e-04
4.720858872095240184e-04
4.227499369292184411e-04
2.379906292692205154e-04
2.792415646290097851e-04
3.832043311126466316e-04
1.136339227476506047e-03
3.630049265723179455e-04
3.537989442905833384e-04
6.578061000156094386e-04
5.109100379849814246e-04
6.545746028942067783e-04
1.442052877284745157e-03
1.726857345436806157e-03
3.593126965275697028e-04
5.115220050557408053e-04
9.580674967294451746e-04
3.161669900010312352e-04
3.259738040905273073e-04
1.858254237951771507e-03
1.914964359068886939e-03
5.691964846182624065e-04
6.743044377273993851e-04
5.675708733522371978e-03
1.156014111725434373e-03
2.825224954492741233e-03
4.127725673913687499e-04
1.157167178507340598e-03
2.797835957116410685e-04
5.852402146687425265e-04
1.013923338910077427e-03
1.392582893347002341e-03
3.053207951909486188e-03
7.447532450587020800e-04
1.048346226576456946e-03
1.174972196866555215e-03
1.078790896006234746e-03
1.200055391094867648e-03
2.591212156522416845e-04
3.495027371237796198e-04
4.170994894583454756e-04
3.558554111325836259e-04
4.305634003723586025e-04
2.767109302856583472e-04
1.940598873641450879e-04
8.219887143500006522e-04
3.753617115149353485e-04
8.285220142434440369e-04
1.715949977328119075e-04
1.160442858882704351e-03
3.393996303899658620e-04
1.363526721614415679e-03
4.051785452528485843e-04
7.720403036471457179e-04
1.069151058987876171e-03
1.060401031516395275e-03
1.388416884066237490e-03
2.759367400327426140e-04
5.188999568520742114e-04
1.321308818180483204e-03
4.766318285748544908e-04
4.160403594457209712e-04
1.812484379749337068e-03
6.457598437629814489e-04
7.667849178479188262e-04
9.603653955491277651e-04
8.014593266000752435e-04
5.391402682473604322e-04
1.372329375497283264e-04
8.793245091886997891e-04
7.827010469754295272e-04
1.082532904838401453e-03
8.497833407012484689e-04
7.643600508255228880e-04
8.467009120830573362e-04
5.637912084438160372e-04
8.575759479359356535e-04
6.176280423201874507e-04
5.821082264192667085e-04
1.071911361133227967e-03
1.035990613465464713e-03
2.924020014390009197e-04
5.991199316998772504e-04
1.465259567401816510e-03
1.191335276056777444e-03
7.365342797704138187e-04
8.288320604811454237e-04
9.326252565877818064e-04
1.024796601549552919e-03
1.403574074290787161e-03
1.571656916929635136e-03
7.647578521867904504e-04
3.191132787944602205e-04
4.013598430135364233e-04
7.701022394113538538e-04
1.073407472486186424e-03
5.938675778029240890e-04
6.451673882612052888e-04
4.125088338057938476e-04
7.325306068757424845e-04
1.930694207147077212e-03
1.290395837998809620e-03
4.555663041426157912e-04
1.573669098537099683e-03
3.733430405856162952e-04
4.375410257075440078e-04
8.406781071584514681e-04
3.147810305408692928e-04
7.411789648282124388e-04
3.740237055862243422e-04
3.051130926473295639e-04
5.364195969653922681e-04
9.176036926174370532e-04
1.298191606078701954e-03
1.093472001737702710e-03
2.139665983239591104e-03
1.265250910717465515e-03
1.296366212050419292e-03
5.189607661107899922e-04
4.089370558481491354e-04
1.167229777652898553e-03
4.456781589119249848e-04
6.515487945164550720e-04
1.251158303737793642e-03
5.217647925906807775e-04
9.431049928496390393e-04
2.954203188553747132e-03
4.124911941404692901e-04
7.941302036007913791e-04
5.071628682909520716e-04
6.794128612968715038e-04
2.623671127662701753e-04
2.866066235045873294e-04
1.194983123635814416e-03
2.769581352391455660e-04
8.633662992512834353e-03
4.113929063075722923e-04
4.727310523960568701e-03
3.951756871302042947e-04
7.660598240980938346e-04
1.548747001351605734e-03
5.775414790651250182e-04
9.529080797873701021e-04
6.978851643751569087e-04
4.725245888753940764e-04
6.757990727758173130e-04
1.727276281104321272e-03
3.563893485785391132e-04
1.761358755052702414e-03
8.622950591105849267e-04
5.118361556323774248e-04
3.334636199462021316e-03
2.947739298748890645e-03
1.465259567401816510e-03
3.594568720414525803e-04
4.458066598341289930e-04
7.647123256459664297e-04
3.501812157100191560e-04
1.423502398418012007e-03
1.785024023640289885e-03
2.040948690737784789e-04
3.136359858274373577e-04
4.500954370077769363e-04
5.700672053033150949e-04
2.583419889852233992e-04
2.379906292692205154e-04
3.488572172173141201e-04
9.085956784872978092e-04
7.398995528785116613e-04
5.362274031841659724e-04
5.465676042944566781e-04
1.037576642853216963e-03
5.234715641814019710e-04
1.465259567401816510e-03
2.517820420123135106e-03
5.762645204561460052e-04
1.756039072904060864e-03
1.167380152070887547e-03
7.061524602125680708e-04
2.699873124456694503e-04
1.874659513177722630e-03
6.058657215422669348e-04
1.011220411992400222e-03
1.982433666706029168e-04
8.494212850218224933e-03
6.548526469543538425e-04
7.438035587750423160e-04
6.686922388045761848e-04
8.339730015896881310e-04
4.220004419622755453e-04
5.465676042944566781e-04
4.665408457137672888e-04
1.465259567401816510e-03
3.841593476369915871e-04
3.280122703469471159e-04
1.498214377263263697e-03
5.305220933842044089e-04
3.941244568877075001e-04
4.143350297837896344e-04
6.471761471114876631e-04
5.645251435046587515e-04
6.876480117158024954e-04
4.563370469524387547e-04
6.981683690774416647e-04
5.581551947273741569e-04
4.112997079199592052e-04
2.180544525041541032e-03
3.988479974215183421e-04
7.321588366129395216e-04
5.916890326842441520e-04
4.027200840778665967e-04
2.827682800298362610e-04
6.314067390483537028e-04
3.548837473756387634e-04
3.730686603150754586e-04
5.775318508442147964e-04
3.447477468285841751e-04
7.031108474746546435e-04
5.194637066504470980e-04
2.649383657199623336e-04
2.684843427589833891e-03
5.346138784905489407e-04
5.645251435046587515e-04
1.105289633429455340e-03
1.683002680810207104e-03
1.352858781028275443e-03
8.633662992512834353e-03
6.717045830246427427e-04
7.966882330151664471e-04
6.137424176231388905e-04
5.364195969653922681e-04
7.665890581878376069e-04
7.219938183555456388e-04
6.682498277589608675e-04
3.629055857761725860e-04
2.653204959059765351e-03
4.494058054448706822e-04
5.822256403720830684e-04
6.344519485675173542e-04
2.450683804782251198e-03
7.001192795309861636e-04
4.225927961784430075e-04
5.688066876621314903e-04
2.708948361356190607e-04
2.556259137229181756e-04
3.701728282811716153e-04
4.393122791139873729e-04
3.268779671386409227e-04
8.294709763776796736e-04
1.592185464566692925e-03
4.110597206888840817e-04
1.197193666376463817e-03
1.487832117978246226e-03
9.087390645291966440e-04
3.842544674966340669e-04
1.277686834294100701e-03
4.395256144700110238e-04
2.720123204347560646e-04
4.476569319561589985e-04
2.590042546304165941e-04
2.829527164934721888e-04
5.332286733556582982e-04
1.617910773353861600e-03
4.556935350301292119e-04
3.356341601666153955e-04
2.814338131257162687e-03
1.019369024838271635e-03
3.984833885737910767e-04
9.434319396116886943e-04
1.274604312693159705e-03
8.769304908978718801e-04
6.804146793122288180e-04
7.060425264644100852e-04
3.137578454969609213e-04
4.718031620532944174e-04
5.407074554150910267e-04
9.514595454365175516e-04
7.787002646709163768e-04
1.084653857388993229e-03
9.920907249079701819e-04
3.338146903708380108e-04
3.481363212476526947e-04
5.094220361874200742e-04
3.424932837574881845e-04
1.112183981663768598e-03
6.231720857158353248e-04
7.633477143942417288e-04
2.796466032985479313e-04
2.006795374341954210e-04
4.068297743556019289e-04
3.082447686011593330e-04
6.483535936625257727e-04
1.465259567401816510e-03
6.265150079710812749e-04
5.019007588670544844e-04
8.118115522430440021e-04
8.261517533418767396e-04
8.169240096378916271e-04
2.784694514036543033e-04
3.680282057694181678e-04
1.389348147521203905e-03
3.149525696344575125e-04
4.542856737276558770e-04
1.366945097783302558e-03
1.602520667634014986e-03
5.656085406533691842e-04
8.848752279485788772e-04
2.420844383708394064e-04
1.018060106075474678e-03
4.314784210340561485e-04
7.457442622472235105e-04
2.271839221343128611e-03
3.398469667434281336e-04
4.289467703311861915e-04
8.622824465403161392e-04
3.545719326882268668e-04
1.100399705612677831e-03
9.830298359485600043e-04
3.820655937333713960e-04
7.622213357837325171e-04
1.151257874507711403e-03
3.101292996952407632e-04
5.214482534293993048e-04
1.535425351305936799e-03
1.276967480606543007e-03
1.125765857919109377e-03
1.025466588302981251e-03
7.542314455301630648e-04
2.636212425338942426e-04
5.735893662667557484e-04
6.384490754569597170e-04
4.583682885204118937e-04
9.163454627275470846e-04
5.665080386746612021e-04
1.418780546592955270e-03
2.217260644428658851e-03
8.352356300008914429e-04
1.419633683948759830e-03
1.268846437889422979e-03
2.224551163607771712e-04
2.408983410680617563e-04
4.278255118245428219e-04
9.573404683191736892e-04
5.394955571324356420e-04
3.418579157005495017e-04
5.395049053606108119e-04
3.961125650718451689e-04
4.350247642108076465e-04
4.402100910234159250e-04
9.773388854193813813e-04
4.391645385369436893e-04
6.123925414400308454e-04
9.786657055758040367e-04
1.327710521179748838e-03
1.203116094107542240e-03
1.418071021321414167e-03
4.934346709779952305e-04
8.202143974587399562e-04
6.859679046879846830e-04
6.788582360135694306e-04
5.468751939926909953e-04
2.831270988488872884e-04
9.876794227445247036e-04
8.230761472676607991e-04
1.041378647224750929e-03
1.919309021483336713e-03
5.493982122604117082e-04
4.650849945046796113e-04
3.917566125380148793e-04
5.736784198199191631e-04
4.860227314143550966e-04
4.632368733295653030e-04
5.404950220844810483e-04
1.236167564730212285e-03
5.354813217953768899e-04
4.177947076146697452e-04
4.622209993664055504e-04
4.090965464433895214e-04
9.495483020602014327e-04
9.580674967294451746e-04
3.671935428160573271e-04
3.361188530663643433e-04
2.308230991760667279e-04
5.842996507284147671e-04
6.698052984296376522e-04
2.454713648239599229e-04
3.904964014992495878e-04
8.950726197548352454e-04
4.043491685091319147e-04
1.706059247171674625e-03
1.263286248172092001e-03
4.878646889322627088e-04
5.669191372795987513e-04
1.303888865333836930e-03
1.121560220412002847e-03
5.074431312238837557e-04
7.609116100154339653e-04
3.538259178750906525e-04
3.229131799620987473e-04
4.134749086158648855e-03
4.971313739443692249e-04
1.573722686542214626e-03
1.154422078029792697e-03
1.817788365110476227e-03
2.135742234249105563e-04
7.954849140426022971e-04
5.878324429060154035e-04
3.789722380222332603e-04
1.182513773339907140e-03
4.849272740727930664e-04
3.187569540117783304e-04
1.053321641823636847e-03
1.006118188821898511e-03
2.163418459834810705e-03
1.040233566843013499e-03
1.494035068809683540e-03
3.988791507826790271e-04
6.983610297396745806e-04
8.497833407012484689e-04
5.703040971360087566e-04
2.572739853668577987e-04
6.603694157284352440e-04
5.479711754270388509e-04
5.041802280724572019e-04
5.814566603622720780e-04
7.526154883212563592e-04
7.219837757865744552e-04
1.024594975518700957e-03
5.856415999792780915e-04
4.166514199698808990e-04
2.448694383243498417e-04
5.094220361874200742e-04
8.389722001034512818e-04
1.465259567401816510e-03
1.418780546592955270e-03
5.159677510695770712e-04
8.264904594707248508e-04
5.120633453716572645e-04
1.193964471495953441e-03
2.738324844154875438e-04
1.888395374903711768e-03
9.760501049599467748e-04
7.951216396143829211e-04
2.456035167531208600e-03
7.532339085923847773e-04
8.814452207931318395e-04
6.886023520714620524e-03
7.261775939837189237e-04
1.320405276550512281e-03
1.089401054226987308e-03
3.775654735058204983e-04
4.444774211086468477e-04
4.199848546721466768e-04
8.118115522430440021e-04
4.166477747916753406e-04
1.074325502681343055e-03
4.376668123533691314e-03
2.860453265307870072e-03
1.311409504509271308e-03
3.484239861186532003e-04
1.312633050403735121e-03
5.070306035103856572e-04
8.328164973056558602e-04
1.208283596523296137e-03
9.616910538235339326e-04
7.901534426272351390e-04
2.189357758158897056e-03
5.579742023227468074e-04
1.997881316787465580e-03
4.310336858299585166e-04
1.725114098998455732e-03
4.646942216182015258e-04
3.914048473265817644e-04
1.737368636646535389e-03
1.187923930606584215e-03
4.449696387145862949e-04
3.255501334020825376e-03
4.460449991796704128e-04
2.146459722511078719e-04
3.910465744473179839e-04
1.001192907201046414e-03
3.629244307253078885e-04
1.296674059261146601e-03
5.232679715803656428e-04
1.169067735440933392e-03
5.351299494460956020e-03
1.004903221922874958e-03
3.097283870635832788e-04
5.640559972282880793e-03
1.177091010132220311e-02
3.862627777647974540e-04
1.874659513177722630e-03
1.252321572917736723e-03
9.178187724177850476e-04
1.247531320160625082e-03
4.830452731318194966e-04
4.490967854013163145e-04
1.122859201912891928e-03
5.120852613766147020e-04
4.949679270637233341e-04
4.500423155934481288e-04
1.106946313945136309e-03
1.896631475198532835e-04
6.933753023698223036e-04
3.861633683750699997e-04
2.556259137229181756e-04
8.929851766439147760e-04
3.204355187347981081e-04
1.008677449340811662e-03
3.472179304758877790e-04
8.488425658294732707e-04
8.369715344485337619e-04
4.613225613021199219e-03
5.443528432845021322e-04
9.205977170525362664e-04
6.078560005770007298e-04
2.637471072912687996e-04
2.438145148181522850e-02
2.987063872399708660e-04
6.360900015010716906e-04
1.175272480842336643e-03
8.334495945118894746e-04
4.825095543971486835e-04
1.338481312500214597e-03
8.598966420191778062e-04
6.346763592880894393e-04
3.904322411803879626e-04
2.663291632116813025e-04
5.792849276387347125e-04
1.089401054226987308e-03
7.148191113906366247e-04
6.818183698558778543e-04
2.011795715860569748e-04
5.987075996659758101e-04
5.005492132451213466e-03
5.452078772876623554e-04
2.037927337318727345e-04
5.703040971360087566e-04
8.241738817184818483e-04
5.717894978003645792e-04
5.435007231743264498e-04
5.537323494703872296e-04
4.143464971760160210e-04
6.646169510184582463e-04
1.005835619086375542e-03
2.663562984618418660e-04
1.299594017254803542e-03
1.107595594961959104e-03
4.859483216184538640e-04
3.842955266022360936e-04
7.544704136357845104e-04
5.264082236308457400e-04
3.650540630323995226e-04
5.647929334065740882e-04
4.608916929899743264e-04
5.037549559858759936e-04
1.190048147319481674e-03
2.861618180294488124e-04
4.338535967042249255e-04
6.247628366756801874e-04
3.756469817626261528e-04
6.444385063809463963e-04
3.868927295317653014e-04
6.427560025448896160e-04
1.037472875961401725e-03
4.178629519383988619e-03
5.917044004897678393e-04
1.023038548090674177e-03
8.907850383539355366e-04
3.541698321445701462e-04
1.173912356288593943e-03
3.101292996952407632e-04
2.931288213323673280e-04
3.293216472987248069e-04
1.300073166798341095e-03
4.699654840448037278e-04
5.618907523821238363e-03
3.991885995380550257e-04
6.981683690774416647e-04
1.963999198274130368e-04
9.247763696461647892e-04
1.465259567401816510e-03
3.240144197328819874e-04
7.407073047782917509e-03
1.167380152070887547e-03
1.236744668184915508e-03
8.980440303367351546e-04
2.198544673621077134e-04
5.039935255084530483e-04
5.435429292047069339e-04
5.000059479732425283e-04
1.096160442126674133e-03
4.505659684190129431e-04
4.468745666564829578e-04
5.820085912931358347e-04
7.349210745867374274e-04
1.328538576685968711e-03
4.649234739949188429e-04
1.100399705612677831e-03
7.803011669009060278e-04
2.449889899673553446e-04
9.632274318701652656e-04
9.906988398368161194e-04
7.558239120207902459e-04
3.791715553428779990e-04
3.171498417070889786e-04
7.993386920321347454e-04
4.119898774439562810e-04
4.017172464115725729e-04
3.391803358802590053e-04
6.807741160251134377e-04
3.566488211872394015e-04
3.157821511256897278e-04
7.426781276196250253e-04
4.303782220808523838e-04
2.606360324477458414e-04
8.809880968426512778e-04
2.227479946716173699e-04
7.390187583093743096e-04
1.106250022483912113e-03
2.942447041135110779e-04
1.244691654219936714e-03
3.084231037204903433e-03
3.103693544039251616e-04
4.138385641331885994e-04
5.462150340823273068e-04
4.092809159539484692e-04
4.323543434335938747e-04
2.656002079800380902e-04
5.951357467809074032e-04
6.953733502212568326e-04
8.346018744235070459e-04
6.191115934802472482e-04
7.941056211366155854e-04
5.131296677811326631e-04
5.792862281718768290e-04
1.894058895624913322e-03
5.034589127185842275e-04
3.673262226837518225e-04
2.843807184950387858e-04
1.605760934049300709e-03
5.364195969653922681e-04
4.366491250435173698e-04
1.923823014811674743e-03
7.002208195873783122e-04
1.255738399592964353e-03
5.019007588670544844e-04
5.315199385398399661e-04
3.936890605765443413e-04
4.517741081719657439e-04
2.508839498452662947e-03
2.634464826200373839e-04
2.686197481177295468e-04
7.874423865307837939e-04
8.948671785464031763e-04
3.722047587522192601e-04
2.139571303166815704e-03
4.153261447947192791e-04
1.302437801821517641e-03
5.260965779427676306e-04
8.573255743527541948e-04
4.339249106803102162e-04
8.728276290553144134e-04
6.539423757578693942e-04
4.678163357621802879e-04
6.091744591436417050e-04
4.017179318949777459e-04
6.559646160932342462e-04
9.467871478631181663e-04
4.231412975904170234e-04
7.454297038438503168e-04
9.584849799967954179e-04
2.993338042042224096e-04
1.934779767514554702e-03
4.980508115592737666e-04
6.196473860467563823e-04
1.009067269727755749e-03
4.884124699028503805e-04
1.796334855202695461e-03
4.536432607541634261e-04
5.130875238321265085e-04
5.675708733522371978e-03
7.668659624889667117e-04
7.155282394361080905e-04
1.779032988883616051e-04
9.230570764256016553e-04
8.144039747533839135e-04
1.095282449384355839e-03
7.016222611532151000e-04
1.592185464566692925e-03
2.866066235045873294e-04
6.662973375399752936e-04
5.790125329560669252e-04
4.299919561571445732e-03
6.398775127534085932e-04
9.351741173813950649e-04
1.057578651067027972e-03
2.146840586886496552e-03
7.201356693809725287e-04
1.586005730854943112e-03
4.998850205331217952e-04
8.145360213569970446e-04
5.346138784905489407e-04
5.988180614266444633e-04
4.872465040801895802e-04
3.215770595976454233e-04
1.934171918125090648e-03
7.304902849897327482e-04
5.185272312134869051e-04
2.682611194420884450e-03
8.159850193719838090e-04
1.921239417725007946e-03
1.465259567401816510e-03
4.425815995287742783e-04
1.206334183454345127e-03
1.651425459450829906e-04
4.085582419233645124e-03
7.803126078948175110e-04
9.235633001443907530e-04
5.093078925058615010e-04
5.706921971762219954e-04
1.539635363369080837e-03
4.303782220808523838e-04
4.104653203485240150e-04
4.554110570859715504e-04
3.130900124646541723e-04
2.969878498536166465e-04
7.720619436731269384e-04
7.349210745867374274e-04
5.057800782122376295e-04
9.277697783298780336e-04
5.273603240426297982e-04
5.742270918078332164e-04
1.439709595726160847e-03
2.344917152819386071e-04
2.600235894844639688e-04
3.886513724385500012e-04
7.603950448071064572e-04
9.540696361927647993e-04
1.413103809742438655e-03
6.983628403288090394e-04
1.465259567401816510e-03
3.831016189127102564e-04
6.075010591542846436e-04
4.086515836093587576e-04
7.390093021010520720e-04
8.908842027276248250e-04
5.979963490168941059e-04
1.074035065849683656e-03
1.586005730854943112e-03
7.929488072859851560e-04
3.972653392629289467e-04
3.794950833699121950e-04
6.289278080148974406e-04
6.640904697925760361e-04
1.032515760832173821e-02
1.765276577617142136e-03
5.249606963009055939e-04
5.878508965138507913e-04
8.193879051611943501e-04
3.964318293043566505e-03
1.132348994981854972e-03
1.029709771720396750e-03
7.146216171524467963e-04
7.662328367394662804e-04
2.876347673721243851e-04
1.065248882073851870e-03
6.398775127534085932e-04
1.528593651324111147e-03
3.404027512448579238e-03
3.051130926473295639e-04
1.173912356288593943e-03
2.588304261385213209e-04
8.159850193719838090e-04
4.890537587057436656e-04
3.392936366858879905e-04
7.458142584916549727e-04
4.766895295940248595e-04
4.144989379797161567e-04
6.023238944297331721e-04
3.579344418049454574e-04
9.097310768412663088e-04
3.358406824002242285e-04
8.540527397885998469e-04
3.691619927004651902e-04
3.070471156151263216e-04
3.696046375942778242e-04
1.296366212050419292e-03
8.329938740547013091e-04
2.454649285355828747e-04
5.911724495726709177e-04
3.241611316140725072e-04
4.743903910082617826e-04
1.605946870826788740e-03
1.465259567401816510e-03
6.447946489402030809e-04
5.585205246951109939e-04
6.739794518720689572e-04
1.077303203998103507e-03
5.590523093900944332e-03
3.394912005178171732e-04
8.494699659580993642e-04
4.406710740097648520e-04
2.549297008422392080e-04
7.490182890143166601e-04
5.441138533550777222e-04
1.088736791882257771e-03
2.273998311422413630e-03
2.859405341696051855e-04
1.221725089610469330e-03
1.017961658494542483e-03
2.103018278478769459e-03
3.519500203811983842e-03
1.196912352589522745e-03
3.260191299635231080e-04
1.194208061084681355e-03
3.949214611036174828e-04
3.001679942306380647e-03
4.071329474862465155e-04
8.507712101593450623e-04
5.364195969653922681e-04
1.337459488580684417e-03
1.597445537131902179e-03
4.592642274183962614e-04
3.725051333920300863e-04
3.455871891919957278e-02
1.206334183454345127e-03
4.096871671254034104e-04
4.575996687676240639e-04
6.475877190274745288e-04
6.051809902532407108e-04
3.217047453766265453e-04
6.665620567354036937e-04
1.713641980676436447e-03
1.947107141920222757e-03
9.667825648323261079e-04
1.614116157228648795e-03
4.638099539561693521e-04
4.782261219067097144e-04
4.853296941739820782e-04
9.943376219914649289e-04
4.128601180402583144e-04
7.193125923730912807e-04
3.120064931698649522e-04
8.477257251380541144e-04
8.131545911124526743e-04
3.001156228327752046e-04
3.393589078447559128e-04
4.376668123533691314e-03
3.242774215407012565e-04
9.188548778044616956e-04
3.542607114784489231e-04
4.757254237912824681e-03
3.594568720414525803e-04
8.411783730199364883e-04
5.117225859444231263e-04
7.016647766050625483e-04
6.398775127534085932e-04
2.653204959059765351e-03
5.017564445602933207e-04
2.769338481762714994e-04
6.713266248115041602e-04
9.754093766025886307e-04
9.965320658290961406e-04
8.123245644887729013e-04
5.426490716951844857e-04
4.371510130721817811e-04
7.349210745867374274e-04
6.980946659484081954e-04
5.422708094415580214e-04
4.384391201306161697e-04
2.966847333619094152e-04
6.450367800553985119e-04
4.849820045716368645e-04
3.264113614667092959e-04
3.881661906382208229e-04
4.499634543807385484e-04
1.281079558348120415e-03
6.290369161427552180e-04
3.787710304032524213e-04
9.483658581465379380e-04
1.465259567401816510e-03
4.258223631967034692e-04
5.306966336448649740e-04
2.215568919443370785e-04
6.995415305137788788e-04
4.514586653734341953e-03
8.621024607693685221e-04
7.952375253686875351e-04
1.443644497677931638e-03
5.736078308045076133e-04
1.158122706380033820e-03
1.089329686602595300e-03
6.231290782462121794e-04
6.548975379299607630e-03
2.814338131257162687e-03
1.684783781367507182e-03
3.147810305408692928e-04
1.006824036075345749e-03
3.934354441032991419e-04
1.440714637877894659e-03
1.437282869296943903e-03
2.947739298748890645e-03
1.230496804754841952e-03
6.169468746640632351e-04
1.143358004486828795e-03
1.508497752815547667e-03
1.645086953153868580e-03
3.297865913160318821e-04
5.561796943066616046e-04
6.157283202298661270e-04
4.463650259380398016e-04
5.406692238161267886e-04
3.195648208721027592e-04
1.552985120518922098e-03
5.585205246951109939e-04
9.614844833175476306e-04
6.061542665470899798e-04
1.930122987027961144e-03
3.063755585748627482e-04
