2.000000000003442224e+01
2.000000000003352341e+01
2.000000000003389644e+01
2.000000000004207834e+01
2.000000000003207035e+01
2.000000000003148770e+01
2.000000000003447198e+01
2.000000000003693401e+01
2.000000000003144507e+01
2.000000000004488498e+01
2.000000000003578648e+01
2.000000000004241230e+01
2.000000000003822009e+01
2.000000000003706901e+01
2.000000000004068212e+01
2.000000000004207834e+01
2.000000000003207035e+01
2.000000000003506173e+01
2.000000000003447198e+01
2.000000000004216716e+01
2.000000000003641176e+01
2.000000000004532197e+01
2.000000000004408562e+01
2.000000000004032685e+01
2.000000000003706901e+01
2.000000000004068212e+01
2.000000000004207834e+01
2.000000000003674216e+01
2.000000000003326761e+01
2.000000000003519673e+01
2.000000000003994316e+01
2.000000000004241230e+01
2.000000000003352341e+01
2.000000000003706901e+01
2.000000000004068212e+01
2.000000000003207035e+01
2.000000000004274270e+01
2.000000000004049383e+01
2.000000000003897327e+01
2.000000000003447198e+01
2.000000000003710809e+01
2.000000000004532197e+01
2.000000000003352341e+01
2.000000000004068212e+01
2.000000000002912515e+01
2.000000000003148770e+01
2.000000000004350653e+01
2.000000000003834799e+01
2.000000000004166623e+01
2.000000000002097522e+01
2.000000000003710809e+01
2.000000000003177902e+01
2.000000000004241230e+01
2.000000000004032685e+01
2.000000000003706901e+01
2.000000000004274270e+01
2.000000000004344614e+01
2.000000000003506173e+01
2.000000000003897327e+01
2.000000000003593570e+01
2.000000000003641176e+01
2.000000000004542855e+01
2.000000000004408562e+01
2.000000000003706901e+01
2.000000000004207834e+01
2.000000000004274270e+01
2.000000000002922107e+01
2.000000000003468514e+01
2.000000000003148770e+01
2.000000000004335377e+01
2.000000000003710809e+01
2.000000000004323297e+01
2.000000000004532197e+01
2.000000000004489920e+01
2.000000000004408562e+01
2.000000000004207834e+01
2.000000000004344614e+01
2.000000000004133938e+01
2.000000000003506173e+01
2.000000000004448353e+01
2.000000000002667022e+01
2.000000000003578648e+01
2.000000000004032685e+01
2.000000000004068212e+01
2.000000000003207035e+01
2.000000000004344614e+01
2.000000000004133938e+01
2.000000000003932499e+01
2.000000000003148770e+01
2.000000000004335377e+01
2.000000000004241230e+01
2.000000000004408562e+01
2.000000000003506173e+01
2.000000000003834799e+01
2.000000000002774669e+01
2.000000000004166623e+01
2.000000000003915446e+01
2.000000000004085265e+01
2.000000000004277112e+01
2.000000000004051159e+01
2.000000000003578648e+01
2.000000000004103029e+01
2.000000000003763745e+01
2.000000000004241230e+01
2.000000000004032685e+01
2.000000000004068212e+01
2.000000000004274270e+01
2.000000000002831158e+01
2.000000000003506173e+01
2.000000000003148770e+01
2.000000000003710809e+01
2.000000000002609468e+01
2.000000000004532197e+01
2.000000000004060041e+01
2.000000000004032685e+01
2.000000000003706901e+01
2.000000000004207834e+01
2.000000000004274270e+01
2.000000000004344614e+01
2.000000000004133938e+01
2.000000000004580869e+01
2.000000000004241230e+01
2.000000000003706901e+01
2.000000000003207035e+01
2.000000000004133938e+01
2.000000000003506173e+01
2.000000000003637268e+01
2.000000000003693401e+01
2.000000000004166623e+01
2.000000000004550316e+01
2.000000000004408562e+01
2.000000000003706901e+01
2.000000000004344614e+01
2.000000000003148770e+01
2.000000000003897327e+01
2.000000000004335377e+01
2.000000000003447198e+01
2.000000000004350653e+01
2.000000000003834799e+01
2.000000000004365219e+01
2.000000000003578648e+01
2.000000000004541789e+01
2.000000000004241230e+01
2.000000000004060041e+01
2.000000000003906919e+01
2.000000000004032685e+01
2.000000000004068212e+01
2.000000000004207834e+01
2.000000000004274270e+01
2.000000000004133938e+01
2.000000000003710809e+01
2.000000000003578648e+01
2.000000000002703615e+01
2.000000000003739231e+01
2.000000000004241230e+01
2.000000000003767653e+01
2.000000000004532197e+01
2.000000000004032685e+01
2.000000000003706901e+01
2.000000000004068212e+01
2.000000000003710809e+01
2.000000000003196021e+01
2.000000000002609468e+01
2.000000000004370548e+01
2.000000000004241230e+01
2.000000000004532197e+01
2.000000000004514789e+01
2.000000000004060041e+01
2.000000000004068212e+01
2.000000000004133938e+01
2.000000000003578648e+01
2.000000000004060041e+01
2.000000000004032685e+01
2.000000000003207035e+01
2.000000000004133938e+01
2.000000000003506173e+01
2.000000000003897327e+01
2.000000000004448353e+01
2.000000000004335377e+01
2.000000000003620571e+01
2.000000000003578648e+01
2.000000000004541789e+01
2.000000000004408562e+01
2.000000000003388934e+01
2.000000000003706901e+01
2.000000000004344614e+01
2.000000000003565859e+01
2.000000000004133938e+01
2.000000000003148770e+01
2.000000000004335377e+01
2.000000000003571543e+01
2.000000000004408562e+01
2.000000000004068212e+01
2.000000000003674216e+01
2.000000000004133938e+01
2.000000000003506173e+01
2.000000000003447198e+01
2.000000000003693401e+01
2.000000000004252954e+01
2.000000000003945999e+01
2.000000000003578648e+01
2.000000000003425882e+01
2.000000000004140333e+01
2.000000000004032685e+01
2.000000000003706901e+01
2.000000000003207035e+01
2.000000000004274270e+01
2.000000000004466116e+01
2.000000000003897327e+01
2.000000000004335377e+01
2.000000000003595346e+01
2.000000000004241230e+01
2.000000000004532197e+01
2.000000000004408562e+01
2.000000000004032685e+01
2.000000000003207035e+01
2.000000000003148770e+01
2.000000000004448353e+01
2.000000000003447198e+01
2.000000000002963674e+01
2.000000000004408562e+01
2.000000000004201439e+01
2.000000000003389644e+01
2.000000000003706901e+01
2.000000000004068212e+01
2.000000000004207834e+01
2.000000000003470291e+01
2.000000000004274270e+01
2.000000000004344614e+01
2.000000000004448353e+01
2.000000000003710809e+01
2.000000000003578648e+01
2.000000000004064304e+01
2.000000000004032685e+01
2.000000000004344614e+01
2.000000000004133938e+01
2.000000000002659206e+01
2.000000000003148770e+01
2.000000000004448353e+01
2.000000000003817746e+01
2.000000000003710809e+01
2.000000000003409184e+01
2.000000000004241230e+01
2.000000000004060041e+01
2.000000000004408562e+01
2.000000000004068212e+01
2.000000000004207834e+01
2.000000000003207035e+01
2.000000000002391332e+01
2.000000000004133938e+01
2.000000000003964118e+01
2.000000000003352341e+01
2.000000000003706901e+01
2.000000000004068212e+01
2.000000000004207834e+01
2.000000000004274270e+01
2.000000000004133938e+01
2.000000000003897327e+01
2.000000000004448353e+01
2.000000000004335377e+01
2.000000000004335732e+01
2.000000000004241230e+01
2.000000000004060041e+01
2.000000000004032685e+01
2.000000000004207834e+01
2.000000000004133938e+01
2.000000000003897327e+01
2.000000000004448353e+01
2.000000000004393641e+01
2.000000000003956657e+01
2.000000000003710809e+01
2.000000000004323297e+01
2.000000000002358291e+01
2.000000000003331735e+01
2.000000000004241230e+01
2.000000000004414602e+01
2.000000000003207035e+01
2.000000000004274270e+01
2.000000000004344614e+01
2.000000000004133938e+01
2.000000000003578648e+01
2.000000000004532197e+01
2.000000000003706901e+01
2.000000000003506173e+01
2.000000000004448353e+01
2.000000000004365219e+01
2.000000000004322942e+01
2.000000000004252954e+01
2.000000000003945999e+01
2.000000000003915446e+01
2.000000000004508394e+01
2.000000000004241230e+01
2.000000000003561595e+01
2.000000000003352341e+01
2.000000000004207834e+01
2.000000000003207035e+01
2.000000000003674216e+01
2.000000000003897327e+01
2.000000000002874501e+01
2.000000000004460787e+01
2.000000000004455813e+01
2.000000000003177902e+01
2.000000000004508394e+01
2.000000000003906919e+01
2.000000000003352341e+01
2.000000000004207834e+01
2.000000000003207035e+01
2.000000000004274270e+01
2.000000000004133938e+01
2.000000000004335377e+01
2.000000000003710809e+01
2.000000000003578648e+01
2.000000000003882761e+01
2.000000000003571543e+01
2.000000000003706901e+01
2.000000000003207035e+01
2.000000000004344614e+01
2.000000000004133938e+01
2.000000000003506173e+01
2.000000000003648637e+01
2.000000000003710809e+01
2.000000000003578648e+01
2.000000000003173994e+01
2.000000000004532197e+01
2.000000000001870504e+01
2.000000000003352341e+01
2.000000000003706901e+01
2.000000000004068212e+01
2.000000000004207834e+01
2.000000000003207035e+01
2.000000000004369838e+01
2.000000000004012790e+01
2.000000000004408562e+01
2.000000000004032685e+01
2.000000000004274270e+01
2.000000000003674216e+01
2.000000000004133938e+01
2.000000000003148770e+01
2.000000000003693401e+01
2.000000000003677414e+01
2.000000000003710809e+01
2.000000000003196021e+01
2.000000000003283418e+01
2.000000000003706901e+01
2.000000000004207834e+01
2.000000000003506173e+01
2.000000000003897327e+01
2.000000000004335377e+01
2.000000000003693401e+01
2.000000000004562395e+01
2.000000000004541789e+01
2.000000000003763390e+01
2.000000000004408562e+01
2.000000000004068212e+01
2.000000000004133938e+01
2.000000000003506173e+01
2.000000000003148770e+01
2.000000000003693401e+01
2.000000000004488498e+01
2.000000000003945999e+01
2.000000000003578648e+01
2.000000000004580869e+01
2.000000000002780354e+01
2.000000000004532197e+01
2.000000000003442224e+01
2.000000000003291589e+01
2.000000000004344614e+01
2.000000000003506173e+01
2.000000000003717560e+01
2.000000000003867839e+01
2.000000000003710809e+01
2.000000000004241230e+01
2.000000000004532197e+01
2.000000000004032685e+01
2.000000000003706901e+01
2.000000000004274270e+01
2.000000000004344614e+01
2.000000000003506173e+01
2.000000000004448353e+01
2.000000000002854605e+01
2.000000000004429168e+01
2.000000000002609468e+01
2.000000000004032685e+01
2.000000000004270717e+01
2.000000000003207035e+01
2.000000000004344614e+01
2.000000000004133938e+01
2.000000000003506173e+01
2.000000000002948042e+01
2.000000000003148770e+01
2.000000000004032685e+01
2.000000000003706901e+01
2.000000000004207834e+01
2.000000000004344614e+01
2.000000000003148770e+01
2.000000000003447198e+01
2.000000000004350653e+01
2.000000000004562395e+01
2.000000000003834799e+01
2.000000000004252954e+01
2.000000000004370548e+01
2.000000000004012790e+01
2.000000000004441603e+01
2.000000000004241230e+01
2.000000000004408562e+01
2.000000000004213518e+01
2.000000000003135625e+01
2.000000000004002132e+01
2.000000000003693401e+01
2.000000000004350653e+01
2.000000000004508394e+01
2.000000000004139267e+01
2.000000000004032685e+01
2.000000000004270717e+01
2.000000000003389644e+01
2.000000000004068212e+01
2.000000000004207834e+01
2.000000000003207035e+01
2.000000000004274270e+01
2.000000000003565859e+01
2.000000000003578648e+01
2.000000000004508394e+01
2.000000000003906919e+01
2.000000000003352341e+01
2.000000000003706901e+01
2.000000000004068212e+01
2.000000000004207834e+01
2.000000000003674216e+01
2.000000000003506173e+01
2.000000000003148770e+01
2.000000000003578648e+01
2.000000000004241230e+01
2.000000000004532197e+01
2.000000000004408562e+01
2.000000000003352341e+01
2.000000000003706901e+01
2.000000000004207834e+01
2.000000000003207035e+01
2.000000000004274270e+01
2.000000000003506173e+01
2.000000000002667022e+01
2.000000000004032685e+01
2.000000000002447820e+01
2.000000000003207035e+01
2.000000000003506173e+01
2.000000000003148770e+01
2.000000000003897327e+01
2.000000000004350653e+01
2.000000000004521894e+01
2.000000000004365219e+01
2.000000000003710809e+01
2.000000000002667022e+01
2.000000000004370548e+01
2.000000000003882761e+01
2.000000000004532197e+01
2.000000000004060041e+01
2.000000000004243006e+01
2.000000000003389644e+01
2.000000000004442313e+01
2.000000000003207035e+01
2.000000000003578648e+01
2.000000000003435119e+01
2.000000000004032685e+01
2.000000000003352341e+01
2.000000000003706901e+01
2.000000000003697309e+01
2.000000000003207035e+01
2.000000000003506173e+01
2.000000000004487788e+01
2.000000000002111733e+01
2.000000000004571277e+01
2.000000000004241230e+01
2.000000000004532197e+01
2.000000000004514789e+01
2.000000000004032685e+01
2.000000000003706901e+01
2.000000000004068212e+01
2.000000000003264589e+01
2.000000000003207035e+01
2.000000000003148770e+01
2.000000000003706901e+01
2.000000000003207035e+01
2.000000000004274270e+01
2.000000000003148770e+01
2.000000000004448353e+01
2.000000000003447198e+01
2.000000000003693401e+01
2.000000000003620571e+01
2.000000000004252954e+01
2.000000000004488498e+01
2.000000000003710809e+01
2.000000000003578648e+01
2.000000000003449685e+01
2.000000000004408562e+01
2.000000000004032685e+01
2.000000000002786749e+01
2.000000000004133938e+01
2.000000000004335377e+01
2.000000000003887379e+01
2.000000000003834799e+01
2.000000000003578648e+01
2.000000000004032685e+01
2.000000000004139622e+01
2.000000000003207035e+01
2.000000000004274270e+01
2.000000000003506173e+01
2.000000000003148770e+01
2.000000000003897327e+01
2.000000000004448353e+01
2.000000000003693401e+01
2.000000000003710809e+01
2.000000000004508394e+01
2.000000000004532197e+01
2.000000000004032685e+01
2.000000000003706901e+01
2.000000000004068212e+01
2.000000000004207834e+01
2.000000000003148770e+01
2.000000000003408474e+01
2.000000000003193534e+01
2.000000000004324363e+01
2.000000000003710809e+01
2.000000000004439471e+01
2.000000000003578648e+01
2.000000000004508394e+01
2.000000000003739231e+01
2.000000000003425882e+01
2.000000000004241230e+01
2.000000000003193890e+01
2.000000000004408562e+01
2.000000000003578648e+01
2.000000000004241230e+01
2.000000000004532197e+01
2.000000000004060041e+01
2.000000000004408562e+01
2.000000000004032685e+01
2.000000000003706901e+01
2.000000000004068212e+01
2.000000000004207834e+01
2.000000000003264589e+01
2.000000000004102318e+01
2.000000000004532197e+01
2.000000000004408562e+01
2.000000000003906919e+01
2.000000000004032685e+01
2.000000000003352341e+01
2.000000000003747047e+01
2.000000000004207834e+01
2.000000000003897327e+01
2.000000000004335377e+01
2.000000000003767653e+01
2.000000000004532197e+01
2.000000000004134293e+01
2.000000000004408207e+01
2.000000000003706901e+01
2.000000000004068212e+01
2.000000000004207834e+01
2.000000000003207035e+01
2.000000000004133938e+01
2.000000000003148770e+01
2.000000000003578648e+01
2.000000000004060041e+01
2.000000000004032685e+01
2.000000000004068212e+01
2.000000000003207035e+01
2.000000000004344614e+01
2.000000000004448353e+01
2.000000000003620571e+01
2.000000000004488498e+01
2.000000000003945999e+01
2.000000000003578648e+01
2.000000000004532197e+01
2.000000000003079137e+01
2.000000000003506173e+01
2.000000000002237499e+01
2.000000000002111733e+01
2.000000000003897327e+01
2.000000000004448353e+01
2.000000000003447198e+01
2.000000000003772271e+01
2.000000000003710809e+01
2.000000000004323297e+01
2.000000000004158451e+01
2.000000000004241230e+01
2.000000000004060041e+01
2.000000000004408562e+01
2.000000000004032685e+01
2.000000000003706901e+01
2.000000000004207834e+01
2.000000000004274270e+01
2.000000000003710809e+01
2.000000000004508394e+01
2.000000000004396838e+01
2.000000000004484946e+01
2.000000000004408562e+01
2.000000000004032685e+01
2.000000000003706901e+01
2.000000000004068212e+01
2.000000000003207035e+01
2.000000000004274270e+01
2.000000000004207834e+01
2.000000000004508394e+01
2.000000000004532197e+01
2.000000000004060041e+01
2.000000000003706901e+01
2.000000000004442313e+01
2.000000000003506173e+01
2.000000000003148770e+01
2.000000000004335377e+01
2.000000000003447198e+01
2.000000000003949907e+01
2.000000000004532197e+01
2.000000000004408562e+01
2.000000000003207035e+01
2.000000000004344614e+01
2.000000000004133938e+01
2.000000000004207479e+01
2.000000000004350653e+01
2.000000000004252954e+01
2.000000000003945999e+01
2.000000000003710809e+01
2.000000000003699441e+01
2.000000000003805667e+01
2.000000000004060041e+01
2.000000000004064304e+01
2.000000000004032685e+01
2.000000000004068212e+01
2.000000000004207834e+01
2.000000000003207035e+01
2.000000000004274270e+01
2.000000000003352341e+01
2.000000000003207035e+01
2.000000000004228795e+01
2.000000000003897327e+01
2.000000000004350653e+01
2.000000000003620571e+01
2.000000000003031175e+01
2.000000000004358114e+01
2.000000000004557421e+01
2.000000000004301981e+01
2.000000000004408562e+01
2.000000000004032685e+01
2.000000000004207834e+01
2.000000000004434142e+01
2.000000000003592149e+01
2.000000000003897327e+01
2.000000000004448353e+01
2.000000000003728218e+01
2.000000000003693401e+01
2.000000000004301270e+01
2.000000000003578648e+01
2.000000000004358824e+01
2.000000000004241230e+01
2.000000000004532197e+01
2.000000000004133938e+01
2.000000000003706901e+01
2.000000000004068212e+01
2.000000000003207035e+01
2.000000000003674216e+01
2.000000000003965539e+01
2.000000000004241230e+01
2.000000000003193890e+01
2.000000000003352341e+01
2.000000000003706901e+01
2.000000000004068212e+01
2.000000000003735323e+01
2.000000000004344614e+01
2.000000000002750866e+01
2.000000000003506173e+01
2.000000000003148770e+01
2.000000000004508394e+01
2.000000000004241230e+01
2.000000000004068212e+01
2.000000000004524736e+01
2.000000000004207834e+01
2.000000000003506173e+01
2.000000000003148770e+01
2.000000000003519673e+01
2.000000000004335377e+01
2.000000000004350653e+01
2.000000000003710809e+01
2.000000000002857803e+01
2.000000000004241230e+01
2.000000000003183942e+01
2.000000000004549605e+01
2.000000000004532197e+01
2.000000000004060041e+01
2.000000000003706901e+01
2.000000000004133938e+01
2.000000000004448353e+01
2.000000000004370548e+01
2.000000000004241230e+01
2.000000000003706901e+01
2.000000000004274270e+01
2.000000000003148770e+01
2.000000000003897327e+01
2.000000000004335377e+01
2.000000000003447198e+01
2.000000000003693401e+01
2.000000000002870237e+01
2.000000000003578648e+01
2.000000000003575806e+01
2.000000000004218492e+01
2.000000000004080647e+01
2.000000000003148770e+01
2.000000000003897327e+01
2.000000000004488498e+01
2.000000000004586909e+01
2.000000000003761258e+01
2.000000000004557421e+01
2.000000000004133938e+01
2.000000000003352341e+01
2.000000000003291589e+01
2.000000000003674216e+01
2.000000000003506173e+01
2.000000000004487788e+01
2.000000000003148770e+01
2.000000000003897327e+01
2.000000000004448353e+01
2.000000000003693401e+01
2.000000000003710809e+01
2.000000000004241230e+01
2.000000000004032685e+01
2.000000000004243006e+01
2.000000000004068212e+01
2.000000000004207834e+01
2.000000000003810996e+01
2.000000000004335377e+01
2.000000000003817746e+01
2.000000000003956657e+01
2.000000000003079492e+01
2.000000000004580869e+01
2.000000000003352341e+01
2.000000000004133938e+01
2.000000000003506173e+01
2.000000000004448353e+01
2.000000000003728218e+01
2.000000000003067768e+01
2.000000000003834799e+01
2.000000000004017409e+01
2.000000000003578648e+01
2.000000000002703615e+01
2.000000000004408562e+01
2.000000000004032685e+01
2.000000000003281286e+01
2.000000000004207834e+01
2.000000000003207035e+01
2.000000000004274270e+01
2.000000000004133938e+01
2.000000000002237499e+01
2.000000000004508394e+01
2.000000000002857803e+01
2.000000000004241230e+01
2.000000000003906919e+01
2.000000000003352341e+01
2.000000000003706901e+01
2.000000000004207834e+01
2.000000000003207035e+01
2.000000000003148770e+01
2.000000000004448353e+01
2.000000000003578648e+01
2.000000000004408562e+01
2.000000000003906919e+01
2.000000000004246203e+01
2.000000000004032685e+01
2.000000000003352341e+01
2.000000000003706901e+01
2.000000000003264589e+01
2.000000000003207035e+01
2.000000000004274270e+01
2.000000000003578648e+01
2.000000000004032685e+01
2.000000000004068212e+01
2.000000000004207834e+01
2.000000000004344614e+01
2.000000000004466116e+01
2.000000000003897327e+01
2.000000000004335377e+01
2.000000000003693401e+01
2.000000000004252954e+01
2.000000000004241230e+01
2.000000000004060041e+01
2.000000000004408562e+01
2.000000000004032685e+01
2.000000000002786749e+01
2.000000000003706901e+01
2.000000000004133938e+01
2.000000000003148770e+01
2.000000000004505907e+01
2.000000000004562395e+01
2.000000000003710809e+01
2.000000000003578648e+01
2.000000000004532197e+01
2.000000000004139267e+01
2.000000000004032685e+01
2.000000000004068212e+01
2.000000000004524736e+01
2.000000000004414602e+01
2.000000000003207035e+01
2.000000000004344614e+01
2.000000000003835865e+01
2.000000000004060041e+01
2.000000000004458300e+01
2.000000000004227729e+01
2.000000000004068212e+01
2.000000000004207834e+01
2.000000000003207035e+01
2.000000000004274270e+01
2.000000000004344614e+01
2.000000000004133938e+01
2.000000000003578648e+01
2.000000000004541789e+01
2.000000000004207834e+01
2.000000000004274270e+01
2.000000000004002132e+01
2.000000000003956657e+01
2.000000000004350653e+01
2.000000000003834799e+01
2.000000000004252954e+01
2.000000000002298606e+01
2.000000000002857803e+01
2.000000000004032685e+01
2.000000000004563461e+01
2.000000000003706901e+01
2.000000000004068212e+01
2.000000000004344614e+01
2.000000000004133938e+01
2.000000000003506173e+01
2.000000000003148770e+01
2.000000000004335377e+01
2.000000000002703615e+01
2.000000000004241230e+01
2.000000000003767653e+01
2.000000000004532197e+01
2.000000000001870504e+01
2.000000000003906919e+01
2.000000000003389644e+01
2.000000000004207834e+01
2.000000000003207035e+01
2.000000000004274270e+01
2.000000000003496581e+01
2.000000000003578648e+01
2.000000000004532197e+01
2.000000000003193890e+01
2.000000000004068212e+01
2.000000000003264589e+01
2.000000000003207035e+01
2.000000000004274270e+01
2.000000000004344614e+01
2.000000000004562040e+01
2.000000000003710809e+01
2.000000000004582290e+01
2.000000000003207035e+01
2.000000000004133938e+01
2.000000000003506173e+01
2.000000000003148770e+01
2.000000000004305534e+01
2.000000000003897327e+01
2.000000000004448353e+01
2.000000000004549605e+01
2.000000000003710809e+01
2.000000000003578648e+01
2.000000000004541789e+01
2.000000000004012790e+01
2.000000000004060041e+01
2.000000000003706901e+01
2.000000000004068212e+01
2.000000000004274270e+01
2.000000000004344614e+01
2.000000000003897327e+01
2.000000000004508394e+01
2.000000000004241230e+01
2.000000000003906919e+01
2.000000000004032685e+01
2.000000000003207035e+01
2.000000000004274270e+01
2.000000000004344614e+01
2.000000000004133938e+01
2.000000000004596856e+01
2.000000000003447198e+01
2.000000000003710809e+01
2.000000000001295319e+01
2.000000000004580869e+01
2.000000000004241230e+01
2.000000000003786838e+01
2.000000000003352341e+01
2.000000000004068212e+01
2.000000000004207834e+01
2.000000000003207035e+01
2.000000000004133938e+01
2.000000000004060041e+01
2.000000000004032685e+01
2.000000000003706901e+01
2.000000000004068212e+01
2.000000000004274270e+01
2.000000000004344614e+01
2.000000000004133938e+01
2.000000000003506173e+01
2.000000000003789680e+01
2.000000000004448353e+01
2.000000000003710809e+01
2.000000000002780354e+01
2.000000000004241230e+01
2.000000000004408562e+01
2.000000000004500578e+01
2.000000000003693401e+01
2.000000000003834799e+01
2.000000000003218403e+01
2.000000000003945999e+01
2.000000000003031175e+01
2.000000000003710809e+01
2.000000000003578648e+01
2.000000000003191047e+01
2.000000000003506528e+01
2.000000000004139267e+01
2.000000000004408562e+01
2.000000000004032685e+01
2.000000000004344969e+01
2.000000000002237499e+01
2.000000000003148770e+01
2.000000000003710809e+01
2.000000000004458300e+01
2.000000000004032685e+01
2.000000000003352341e+01
2.000000000004068212e+01
2.000000000004207834e+01
2.000000000004008172e+01
2.000000000003207035e+01
2.000000000004274270e+01
2.000000000004133938e+01
2.000000000003710809e+01
2.000000000003578648e+01
2.000000000004508394e+01
2.000000000004408562e+01
2.000000000004274270e+01
2.000000000003357670e+01
2.000000000003897327e+01
2.000000000003834799e+01
2.000000000004252954e+01
2.000000000003915446e+01
2.000000000003710809e+01
2.000000000004323297e+01
2.000000000004508394e+01
2.000000000004241230e+01
2.000000000004532197e+01
2.000000000004060041e+01
2.000000000004408562e+01
2.000000000004032685e+01
2.000000000003706901e+01
2.000000000003207035e+01
2.000000000003710809e+01
2.000000000003578648e+01
2.000000000004241230e+01
2.000000000004060041e+01
2.000000000004140333e+01
2.000000000003706901e+01
2.000000000004068212e+01
2.000000000004044765e+01
2.000000000004207834e+01
2.000000000003207035e+01
2.000000000003425882e+01
2.000000000004241230e+01
2.000000000003706901e+01
2.000000000004207834e+01
2.000000000004133938e+01
2.000000000003506173e+01
2.000000000004448353e+01
2.000000000004335377e+01
2.000000000003447198e+01
2.000000000003772982e+01
2.000000000003000267e+01
2.000000000004012790e+01
2.000000000004241230e+01
2.000000000003388934e+01
2.000000000003464251e+01
2.000000000002709299e+01
2.000000000004344614e+01
2.000000000004133938e+01
2.000000000004466116e+01
2.000000000003148770e+01
2.000000000003425882e+01
2.000000000003721112e+01
2.000000000003706901e+01
2.000000000004207834e+01
2.000000000003207035e+01
2.000000000004133938e+01
2.000000000003148770e+01
2.000000000003519673e+01
2.000000000003693401e+01
2.000000000004239098e+01
2.000000000003578648e+01
2.000000000004241230e+01
2.000000000004514789e+01
2.000000000003765876e+01
2.000000000004032685e+01
2.000000000003352341e+01
2.000000000003706901e+01
2.000000000004068212e+01
2.000000000004207834e+01
2.000000000004344614e+01
