1.600000000242378206e+01
1.600000000230370745e+01
1.600000000179965198e+01
1.600000000248103049e+01
1.600000000228006769e+01
1.600000000185605842e+01
1.600000000188440907e+01
1.600000000159910130e+01
1.600000000223350938e+01
1.600000000229512409e+01
1.600000000200779837e+01
1.600000000244411069e+01
1.600000000239508324e+01
1.600000000240787656e+01
1.600000000195115391e+01
1.600000000197630357e+01
1.600000000196692440e+01
1.600000000244630982e+01
1.600000000191360527e+01
1.600000000217105622e+01
1.600000000178012982e+01
1.600000000200300931e+01
1.600000000236481768e+01
1.600000000230956587e+01
1.600000000185066540e+01
1.600000000190373584e+01
1.600000000209921325e+01
1.600000000196135375e+01
1.600000000203167616e+01
1.600000000198703276e+01
1.600000000206956940e+01
1.600000000203797157e+01
1.600000000190185290e+01
1.600000000236655850e+01
1.600000000190331306e+01
1.600000000226746977e+01
1.600000000210220463e+01
1.399660023843991574e+01
1.600000000187011295e+01
1.600000000178907555e+01
1.600000000236784814e+01
1.600000000214036078e+01
1.600000000218066276e+01
1.600000000246266296e+01
1.600000000167807457e+01
1.600000000212168416e+01
1.600000000241817233e+01
1.600000000217875851e+01
1.600000000178399517e+01
1.600000000160393654e+01
1.600000000136657263e+01
1.600000000215012363e+01
1.600000000178501836e+01
1.600000000185526616e+01
1.600000000196970262e+01
1.600000000229604780e+01
1.600000000199853645e+01
1.600000000184637372e+01
1.600000000168906666e+01
1.600000000251757371e+01
1.600000000184845206e+01
1.600000000241735165e+01
1.600000000202816253e+01
1.600000000255300847e+01
1.600000000207035811e+01
1.600000000248142129e+01
1.600000000248270737e+01
1.600000000235812436e+01
1.600000000199618810e+01
1.600000000143067780e+01
1.600000000159803903e+01
1.600000000198740224e+01
1.600000000194847871e+01
1.600000000175940329e+01
1.600000000212682849e+01
1.600000000210678763e+01
1.600000000227384689e+01
1.600000000216975238e+01
1.600000000206457074e+01
1.600000000243069564e+01
1.600000000238297915e+01
1.600000000222588881e+01
1.600000000204395789e+01
1.600000000212498108e+01
1.600000000252448729e+01
1.600000000228099850e+01
1.600000000215369766e+01
1.600000000248142129e+01
1.600000000175662862e+01
1.600000000216526885e+01
1.600000000216374474e+01
1.600000000085118756e+01
1.600000000190964045e+01
1.600000000205208295e+01
1.600000000220360974e+01
1.600000000217078622e+01
1.600000000250063437e+01
1.600000000229682229e+01
1.600000000203822736e+01
1.600000000203490558e+01
1.600000000254016186e+01
1.600000000154199142e+01
1.600000000188699900e+01
1.600000000206252082e+01
1.600000000206037498e+01
1.600000000118712862e+01
1.600000000239253595e+01
1.600000000226824071e+01
1.600000000191856842e+01
1.600000000206506101e+01
1.600000000210745910e+01
1.600000000171693770e+01
1.600000000207490913e+01
1.600000000221035990e+01
1.600000000214569340e+01
1.600000000167849024e+01
1.600000000217173479e+01
1.600000000231961295e+01
1.600000000252046561e+01
1.600000000251775134e+01
1.600000000178605575e+01
1.600000000241511700e+01
1.600000000194181382e+01
1.600000000148808255e+01
1.600000000187655047e+01
1.600000000212881446e+01
1.600000000192263983e+01
1.600000000207793605e+01
1.600000000175954540e+01
1.600000000235817410e+01
1.600000000081309892e+01
1.600000000201920614e+01
1.600000000229686847e+01
1.600000000173417902e+01
1.600000000199779393e+01
1.600000000220522978e+01
1.600000000194766869e+01
1.600000000030699709e+01
1.600000000245748666e+01
1.600000000177627868e+01
1.600000000225851693e+01
1.600000000227339925e+01
1.600000000142763668e+01
1.600000000207744577e+01
1.600000000191602112e+01
1.600000000199802486e+01
1.600000000188851601e+01
1.600000000211829843e+01
1.600000000188034477e+01
1.600000000066277650e+01
1.600000000186413018e+01
1.600000000208001794e+01
1.600000000195257854e+01
1.600000000090048147e+01
1.600000000181726634e+01
1.600000000156849467e+01
1.600000000144299506e+01
1.600000000233006148e+01
1.600000000209604067e+01
1.600000000194894412e+01
1.600000000203296580e+01
1.600000000170087588e+01
1.600000000207911910e+01
1.600000000221426077e+01
1.600000000239320030e+01
1.600000000209206164e+01
1.600000000168770242e+01
1.600000000189755411e+01
1.600000000217386287e+01
1.600000000208778062e+01
1.600000000178583548e+01
1.600000000238564724e+01
1.600000000125067956e+01
1.600000000241379183e+01
1.600000000179215220e+01
1.600000000202684447e+01
1.600000000210540207e+01
1.600000000174773973e+01
1.600000000231448283e+01
1.600000000219259277e+01
1.600000000219506546e+01
1.600000000239943532e+01
1.600000000207073114e+01
1.600000000087830188e+01
1.600000000172273928e+01
1.600000000236064679e+01
1.600000000213939444e+01
1.600000000202119921e+01
1.600000000173389836e+01
1.600000000200210337e+01
1.600000000170874870e+01
1.600000000204521555e+01
1.600000000210751594e+01
1.600000000248776288e+01
1.600000000181701054e+01
1.600000000230136621e+01
1.600000000236287789e+01
1.600000000235521469e+01
1.600000000227214514e+01
1.600000000183094073e+01
1.600000000141395873e+01
1.600000000202556549e+01
1.600000000115383259e+01
1.600000000200761008e+01
1.600000000196753902e+01
1.600000000057219296e+01
1.600000000187856486e+01
1.600000000213280771e+01
1.600000000199379002e+01
1.600000000240707720e+01
1.600000000141276502e+01
1.600000000214824070e+01
1.600000000176795822e+01
1.600000000194882332e+01
1.600000000198744488e+01
1.600000000195748839e+01
1.600000000211609574e+01
1.600000000216933316e+01
1.600000000219171881e+01
1.600000000224036967e+01
1.600000000178890147e+01
1.600000000254228638e+01
1.600000000228586572e+01
1.600000000137054812e+01
1.600000000215126050e+01
1.600000000211259987e+01
1.600000000135495526e+01
1.600000000234306441e+01
1.600000000198744488e+01
1.600000000221082175e+01
1.600000000220870788e+01
1.600000000193550420e+01
1.600000000228963870e+01
1.600000000198560102e+01
1.600000000046857096e+01
1.600000000196939709e+01
1.600000000069385919e+01
1.600000000220325092e+01
1.600000000208042650e+01
1.600000000176151005e+01
1.600000000202845385e+01
1.600000000249403342e+01
1.600000000223214158e+01
1.600000000182958715e+01
1.600000000189679383e+01
1.600000000241610110e+01
1.600000000243278464e+01
1.600000000204993356e+01
1.600000000183379356e+01
1.600000000188851601e+01
1.600000000141518086e+01
1.600000000170358661e+01
1.600000000167523595e+01
1.600000000242805243e+01
1.600000000187589677e+01
1.600000000181667659e+01
1.600000000223036167e+01
1.600000000191027638e+01
1.600000000124069643e+01
1.600000000210163975e+01
1.600000000207298001e+01
1.600000000206944861e+01
1.600000000215863594e+01
1.600000000189229610e+01
1.600000000238018316e+01
1.600000000216813234e+01
1.600000000191343474e+01
1.600000000217259455e+01
1.600000000251566945e+01
1.600000000247624854e+01
1.600000000050991744e+01
1.600000000232594743e+01
1.600000000180888904e+01
1.600000000202366834e+01
1.600000000206602380e+01
1.600000000212234852e+01
1.600000000254169308e+01
1.600000000226672014e+01
1.600000000214858886e+01
1.600000000204772377e+01
1.600000000198907912e+01
1.600000000229167085e+01
1.600000000202244976e+01
1.600000000215113616e+01
1.600000000217849205e+01
1.600000000177787030e+01
1.600000000210518536e+01
1.600000000099334940e+01
1.600000000208606465e+01
1.600000000201168859e+01
1.600000000127061384e+01
1.600000000198468442e+01
1.600000000188106952e+01
1.600000000247823095e+01
1.600000000207745643e+01
1.600000000227504415e+01
1.600000000237110598e+01
1.600000000218858531e+01
1.600000000139062450e+01
1.600000000147402091e+01
1.600000000165861991e+01
1.600000000111747056e+01
1.600000000205964668e+01
1.600000000180773441e+01
1.600000000230827624e+01
1.600000000227714736e+01
1.600000000144311585e+01
1.600000000213803375e+01
1.600000000226084396e+01
1.600000000186125959e+01
1.600000000207480966e+01
1.600000000172417458e+01
1.600000000240458320e+01
1.600000000208358841e+01
1.600000000191954896e+01
1.600000000166810210e+01
1.600000000219027285e+01
1.600000000175682757e+01
1.600000000209139017e+01
1.600000000197292849e+01
1.600000000187729654e+01
1.600000000181899296e+01
1.600000000178183157e+01
1.600000000220216378e+01
1.600000000129336541e+01
1.600000000197076133e+01
1.600000000219490914e+01
1.600000000203601402e+01
1.600000000219475282e+01
1.600000000215852936e+01
1.600000000249455923e+01
1.600000000190421190e+01
1.600000000224505925e+01
1.600000000210575379e+01
1.600000000211360529e+01
1.600000000218037144e+01
1.600000000169615788e+01
1.600000000195149852e+01
1.600000000246394194e+01
1.600000000234409470e+01
1.600000000254528487e+01
1.600000000176243731e+01
1.600000000189442417e+01
1.600000000193865546e+01
1.600000000077241680e+01
1.600000000216883933e+01
1.600000000252448729e+01
1.600000000223529284e+01
1.600000000228860841e+01
1.600000000234877717e+01
1.600000000170433267e+01
1.600000000202914663e+01
1.600000000212334328e+01
1.600000000213184848e+01
1.600000000238113884e+01
1.600000000211718287e+01
1.600000000189180227e+01
1.600000000188908089e+01
1.600000000192362393e+01
1.600000000238031461e+01
1.600000000239623077e+01
1.600000000240567033e+01
1.600000000203057127e+01
1.600000000196684979e+01
1.600000000206601669e+01
1.600000000218868124e+01
1.600000000176115478e+01
1.600000000188990157e+01
1.600000000224822116e+01
1.600000000177234583e+01
1.600000000160757097e+01
1.600000000193722727e+01
1.600000000180278192e+01
1.600000000234603448e+01
1.600000000229406538e+01
1.600000000157326596e+01
1.600000000170354042e+01
1.600000000042330228e+01
1.600000000216664020e+01
1.600000000251797516e+01
1.600000000183442950e+01
1.600000000199786854e+01
1.600000000212196483e+01
1.600000000211909423e+01
1.600000000188072136e+01
1.600000000170199854e+01
1.600000000195748839e+01
1.600000000213149676e+01
1.600000000221759322e+01
1.600000000206288320e+01
1.600000000222990337e+01
1.600000000206202699e+01
1.600000000225596608e+01
1.600000000217540830e+01
1.600000000152794044e+01
1.600000000213150386e+01
1.600000000204835970e+01
1.600000000211433715e+01
1.600000000189128713e+01
1.600000000243472442e+01
1.600000000219201723e+01
1.600000000192861194e+01
1.600000000255008814e+01
1.600000000192707716e+01
1.600000000239320030e+01
1.600000000042330228e+01
1.600000000193690397e+01
1.600000000217181650e+01
1.600000000152433799e+01
1.600000000195563388e+01
1.600000000166248171e+01
1.600000000047226223e+01
1.600000000163422698e+01
1.600000000178697235e+01
1.600000000220132179e+01
1.600000000197638172e+01
1.600000000069653083e+01
1.600000000096014219e+01
1.600000000196198968e+01
1.600000000231795028e+01
1.600000000196049399e+01
1.600000000238321363e+01
1.600000000218610907e+01
1.600000000175527148e+01
1.600000000227115393e+01
1.600000000211833751e+01
1.600000000198443217e+01
1.600000000182886595e+01
1.600000000182913240e+01
1.600000000217105622e+01
1.600000000211148077e+01
1.600000000214981100e+01
1.600000000195582572e+01
1.600000000245928078e+01
1.600000000198443217e+01
1.600000000217882956e+01
1.600000000237461251e+01
1.600000000222594210e+01
1.600000000075692697e+01
1.600000000234768294e+01
1.600000000251072763e+01
1.600000000219201723e+01
1.600000000219788276e+01
1.600000000227013430e+01
1.600000000225550778e+01
1.600000000231025155e+01
1.600000000145230672e+01
1.600000000184493842e+01
1.600000000141996637e+01
1.600000000218870255e+01
1.600000000168902403e+01
1.600000000237961828e+01
1.600000000214479456e+01
1.600000000218682317e+01
1.600000000206829398e+01
1.600000000195145233e+01
1.600000000206851425e+01
1.600000000198419059e+01
1.600000000145735513e+01
1.600000000234510011e+01
1.600000000216140705e+01
1.600000000072793682e+01
1.600000000209206519e+01
1.600000000197966443e+01
1.600000000182739512e+01
1.600000000130424382e+01
1.600000000199359462e+01
1.600000000180416038e+01
1.600000000211186446e+01
1.600000000173968573e+01
1.600000000248808263e+01
1.600000000242188491e+01
1.600000000209828244e+01
1.600000000204946105e+01
1.600000000238528486e+01
1.600000000235507613e+01
1.600000000188550686e+01
1.600000000190982163e+01
1.600000000216111928e+01
1.600000000205575290e+01
1.600000000158411240e+01
1.600000000111747056e+01
1.600000000221321628e+01
1.600000000234667041e+01
1.600000000254789967e+01
1.600000000163613478e+01
1.600000000224974528e+01
1.600000000180821758e+01
1.600000000213985629e+01
1.600000000215788631e+01
1.600000000179453252e+01
1.600000000192089544e+01
1.600000000209604067e+01
1.600000000251106513e+01
1.600000000216883933e+01
1.600000000184199678e+01
1.600000000189511695e+01
1.600000000199828065e+01
1.600000000231137776e+01
1.600000000182367543e+01
1.466796990881203655e+01
1.600000000234653541e+01
1.600000000196735783e+01
1.600000000231165842e+01
1.600000000218763319e+01
1.600000000098830455e+01
1.600000000217593055e+01
1.600000000224479635e+01
1.600000000189726990e+01
1.600000000229116992e+01
1.600000000193578131e+01
1.600000000197709227e+01
1.600000000217202256e+01
1.600000000197166372e+01
1.600000000249295340e+01
1.600000000215552021e+01
1.600000000221092122e+01
1.600000000252839172e+01
1.600000000239761277e+01
1.600000000214194529e+01
1.600000000222588881e+01
1.600000000205686135e+01
1.600000000193861993e+01
1.600000000246663490e+01
1.600000000213550777e+01
1.600000000249167442e+01
1.600000000198943439e+01
1.600000000245469067e+01
1.600000000195656824e+01
1.600000000225068320e+01
1.600000000193414351e+01
1.600000000202187067e+01
1.600000000209761097e+01
1.600000000199093719e+01
1.600000000178216197e+01
1.600000000231484165e+01
1.600000000174669168e+01
1.600000000192407867e+01
1.600000000197996286e+01
1.600000000214174989e+01
1.600000000220076402e+01
1.600000000224790853e+01
1.600000000198478034e+01
1.600000000128251187e+01
1.600000000252658694e+01
1.600000000032783376e+01
1.600000000189231031e+01
1.600000000187367277e+01
1.600000000128342137e+01
1.600000000075827700e+01
1.600000000226226859e+01
1.600000000240567033e+01
1.398425800101890459e+01
1.600000000211698392e+01
1.600000000223084839e+01
1.600000000216513385e+01
1.600000000177140436e+01
1.600000000178907555e+01
1.600000000186076576e+01
1.600000000231347030e+01
1.600000000219903029e+01
1.600000000218335927e+01
1.600000000238577869e+01
1.600000000193244887e+01
1.600000000248319054e+01
1.600000000200031280e+01
1.600000000203811368e+01
1.600000000193639238e+01
1.600000000237188047e+01
1.600000000115370824e+01
1.600000000175325354e+01
1.600000000216047269e+01
1.600000000218105711e+01
1.600000000186839344e+01
1.600000000196343564e+01
1.600000000211507256e+01
1.600000000230344810e+01
1.600000000155469237e+01
1.600000000236130404e+01
1.600000000232324382e+01
1.600000000241804443e+01
1.600000000254050292e+01
1.600000000224993713e+01
1.600000000186783566e+01
1.600000000226708252e+01
1.600000000227296582e+01
1.600000000197798755e+01
1.600000000187159088e+01
1.600000000180663662e+01
1.600000000222749819e+01
1.600000000166724234e+01
1.600000000204225969e+01
1.600000000202977546e+01
1.600000000065880101e+01
1.600000000184892102e+01
1.600000000209795559e+01
1.600000000151666057e+01
1.600000000236134312e+01
1.600000000239549180e+01
1.600000000118311760e+01
1.600000000021589130e+01
1.600000000040063597e+01
1.600000000206792095e+01
1.600000000218783924e+01
1.600000000211090523e+01
1.600000000197382377e+01
1.600000000242499354e+01
1.600000000234074449e+01
1.600000000156905600e+01
1.600000000219562324e+01
1.600000000219629470e+01
1.600000000223568719e+01
1.600000000211331752e+01
1.600000000167523595e+01
1.600000000175401738e+01
1.600000000189678317e+01
1.600000000115370824e+01
1.600000000236515874e+01
1.600000000152861190e+01
1.600000000225544738e+01
1.600000000214460982e+01
1.600000000189260518e+01
1.600000000195024796e+01
1.100173330393285021e+01
1.600000000214346940e+01
1.600000000220723706e+01
1.600000000226003749e+01
1.600000000203009876e+01
1.600000000201223571e+01
1.600000000205268336e+01
1.600000000223552377e+01
1.600000000198708605e+01
1.600000000242827269e+01
1.600000000247474219e+01
1.600000000210479811e+01
1.600000000178447834e+01
1.600000000236043007e+01
1.600000000221048069e+01
1.600000000225423236e+01
1.600000000191460714e+01
1.600000000191521821e+01
1.600000000196049399e+01
1.600000000236784814e+01
1.600000000242201637e+01
1.600000000218746266e+01
1.600000000191328553e+01
1.600000000208250484e+01
1.600000000217845297e+01
1.600000000220312302e+01
1.600000000221544028e+01
1.600000000201670147e+01
1.600000000074695805e+01
1.600000000026136604e+01
1.600000000176201098e+01
1.600000000192564542e+01
1.600000000216184759e+01
1.600000000220676455e+01
1.600000000207140971e+01
1.600000000213866969e+01
1.600000000217021068e+01
1.600000000188943616e+01
1.600000000179277038e+01
1.600000000211516138e+01
1.600000000237527331e+01
1.600000000214528129e+01
1.600000000219647944e+01
1.600000000224883223e+01
1.600000000211946372e+01
1.600000000221193375e+01
1.600000000202010142e+01
1.600000000253139021e+01
1.600000000250360443e+01
1.600000000154644297e+01
1.600000000183371895e+01
1.600000000228970620e+01
1.600000000198986783e+01
1.600000000057561778e+01
1.600000000212477502e+01
1.600000000227214514e+01
1.600000000190670946e+01
1.600000000237865194e+01
1.600000000210369322e+01
1.600000000238376430e+01
1.600000000197675831e+01
1.600000000215337081e+01
1.600000000224243024e+01
1.600000000192960670e+01
1.600000000222653540e+01
1.600000000237189468e+01
1.600000000184922300e+01
1.600000000183642967e+01
1.600000000190015115e+01
1.600000000220379093e+01
1.600000000249713850e+01
1.600000000209530526e+01
1.600000000216664020e+01
1.600000000199223393e+01
1.600000000193402983e+01
1.600000000210828333e+01
1.600000000162589231e+01
1.600000000217080753e+01
1.600000000221884022e+01
1.600000000196591898e+01
1.600000000129336541e+01
1.600000000251843346e+01
1.600000000195471017e+01
1.600000000214404849e+01
1.600000000210661000e+01
1.600000000212502727e+01
1.600000000228139641e+01
1.600000000240567033e+01
1.600000000191949567e+01
1.600000000188959959e+01
1.600000000230633646e+01
1.600000000112077103e+01
1.600000000255354138e+01
1.600000000185443838e+01
1.600000000238096831e+01
1.600000000199152339e+01
1.600000000212867945e+01
1.600000000193414351e+01
1.600000000253596255e+01
1.600000000190810923e+01
1.600000000249291787e+01
1.600000000216094520e+01
1.600000000170333436e+01
1.600000000218388863e+01
1.600000000233987407e+01
1.600000000204772377e+01
1.600000000240387266e+01
1.600000000242204834e+01
1.600000000136306255e+01
1.600000000204912354e+01
1.600000000226344810e+01
1.600000000209543671e+01
1.600000000228767760e+01
1.600000000242805243e+01
1.600000000195388594e+01
1.600000000229466224e+01
1.600000000025308822e+01
1.600000000183823445e+01
1.600000000224197549e+01
1.600000000251963428e+01
1.600000000193247374e+01
1.600000000192839877e+01
1.600000000215597140e+01
1.600000000212256168e+01
1.600000000209478657e+01
1.600000000199843697e+01
1.600000000239630538e+01
1.600000000248190801e+01
1.600000000225851693e+01
1.600000000251089816e+01
1.600000000187041849e+01
1.600000000176374115e+01
1.600000000109403686e+01
1.600000000200147099e+01
1.600000000211301199e+01
1.600000000211345252e+01
1.600000000246375009e+01
1.600000000249403342e+01
1.600000000226279795e+01
1.600000000212227036e+01
1.600000000183855420e+01
1.600000000211444018e+01
1.600000000219615970e+01
1.600000000220212826e+01
1.600000000156806834e+01
1.600000000229488251e+01
1.600000000219979412e+01
1.600000000146278367e+01
1.600000000219629115e+01
1.600000000211444728e+01
1.600000000202307504e+01
1.600000000187463911e+01
1.600000000127607791e+01
1.600000000236733300e+01
1.600000000246281928e+01
1.600000000230096120e+01
1.600000000185323401e+01
1.600000000231924702e+01
1.600000000220585150e+01
1.600000000226374652e+01
1.600000000195703009e+01
1.600000000195490912e+01
1.600000000097971053e+01
1.600000000176623516e+01
1.600000000178074089e+01
1.600000000198720329e+01
1.600000000236495268e+01
1.600000000244958898e+01
1.600000000218032881e+01
1.600000000239549180e+01
1.600000000207665352e+01
1.600000000203140615e+01
1.600000000201263006e+01
1.600000000189603355e+01
1.600000000230151898e+01
1.600000000096128261e+01
1.600000000212831353e+01
1.600000000216578044e+01
1.600000000234264164e+01
1.600000000073802653e+01
1.600000000227173302e+01
1.600000000229181296e+01
1.600000000246862797e+01
1.600000000162687641e+01
1.600000000208139994e+01
1.600000000184199678e+01
1.600000000221399787e+01
1.600000000194838634e+01
1.600000000222922125e+01
1.600000000213833928e+01
1.600000000142372159e+01
1.600000000214254925e+01
1.600000000204524397e+01
1.600000000211403517e+01
1.600000000224748220e+01
1.600000000139932865e+01
1.600000000197395167e+01
1.600000000234532394e+01
1.600000000174977899e+01
1.600000000222027907e+01
1.600000000207489492e+01
1.600000000195069561e+01
1.600000000180730098e+01
1.600000000209981366e+01
1.600000000239357334e+01
1.298593325514147168e+01
1.600000000228358132e+01
1.600000000242378206e+01
1.600000000222262031e+01
1.600000000194809502e+01
1.600000000216890328e+01
1.600000000079998230e+01
1.600000000203501571e+01
1.600000000227492336e+01
1.600000000227126762e+01
1.600000000187875315e+01
1.600000000245033505e+01
1.600000000231669617e+01
1.600000000222744845e+01
1.600000000199786854e+01
1.600000000241048781e+01
1.600000000195178984e+01
1.600000000216691376e+01
1.600000000196470751e+01
1.600000000212473239e+01
1.600000000224864749e+01
1.600000000098967234e+01
1.600000000241193732e+01
1.600000000219334595e+01
1.600000000252263277e+01
1.600000000191813143e+01
1.600000000189162819e+01
1.600000000246619436e+01
1.600000000206111750e+01
1.600000000216790852e+01
1.600000000201383443e+01
1.600000000140522971e+01
1.600000000228855157e+01
1.600000000240501663e+01
1.600000000221790231e+01
1.600000000238113884e+01
1.600000000254662069e+01
1.600000000239103315e+01
1.600000000195041849e+01
1.600000000235068853e+01
1.600000000228357422e+01
1.600000000225497132e+01
1.600000000238655673e+01
1.600000000186704696e+01
1.600000000170029324e+01
1.600000000222105001e+01
1.600000000170524217e+01
1.600000000187691285e+01
1.600000000212080664e+01
1.600000000228396857e+01
1.600000000202973638e+01
1.600000000234634001e+01
1.600000000216140705e+01
1.600000000195819894e+01
1.600000000201723083e+01
1.600000000200727968e+01
1.600000000219475638e+01
1.600000000242909692e+01
1.600000000120079946e+01
1.600000000248910226e+01
1.600000000201396944e+01
1.600000000237008990e+01
1.600000000192423499e+01
1.600000000238376430e+01
1.600000000163779745e+01
1.600000000202246753e+01
1.600000000198085104e+01
1.600000000147526436e+01
1.600000000244563481e+01
1.600000000213807994e+01
1.600000000194119920e+01
1.600000000225242047e+01
1.600000000224295960e+01
1.600000000238028974e+01
1.600000000226517471e+01
1.600000000200066097e+01
1.600000000208173390e+01
1.600000000205964668e+01
1.600000000169140080e+01
1.600000000244615705e+01
1.600000000181996285e+01
1.600000000212993001e+01
1.600000000190725657e+01
1.600000000196010319e+01
1.600000000090700070e+01
1.600000000217525553e+01
1.600000000157190527e+01
1.600000000226103936e+01
1.600000000192939709e+01
1.600000000209604067e+01
1.600000000175435133e+01
1.600000000172305903e+01
1.600000000208035544e+01
1.600000000234248532e+01
1.600000000204531858e+01
1.600000000249151455e+01
1.600000000165485403e+01
1.600000000226848584e+01
1.600000000140168765e+01
1.600000000202366834e+01
1.600000000248201459e+01
1.600000000209333706e+01
1.600000000211133511e+01
1.600000000239456455e+01
1.600000000204611794e+01
1.600000000204633821e+01
1.600000000195804617e+01
1.600000000207764828e+01
1.600000000198222239e+01
1.600000000042199133e+01
1.600000000246838283e+01
1.600000000162472347e+01
1.600000000211127116e+01
1.600000000255285215e+01
1.600000000249158916e+01
1.600000000079998230e+01
1.600000000253023558e+01
1.600000000137100287e+01
1.600000000163266378e+01
1.600000000188033056e+01
1.600000000210812345e+01
1.600000000234356534e+01
1.600000000222588881e+01
1.600000000193182004e+01
1.600000000183435489e+01
1.600000000224293473e+01
1.600000000214649276e+01
1.600000000192364169e+01
1.600000000172564540e+01
1.600000000050558668e+01
1.600000000222593854e+01
1.600000000237501752e+01
1.600000000248931187e+01
1.600000000254729571e+01
1.600000000186316740e+01
1.600000000189534433e+01
1.600000000164441616e+01
1.600000000207080220e+01
1.600000000227169750e+01
1.600000000141101353e+01
1.600000000151496593e+01
1.600000000201961825e+01
1.600000000198465955e+01
1.600000000209493578e+01
1.600000000210093276e+01
1.600000000196805772e+01
1.600000000195499084e+01
1.600000000222084040e+01
1.600000000067906214e+01
1.600000000197641370e+01
1.600000000238360798e+01
1.600000000215688090e+01
1.600000000193293204e+01
1.600000000201980299e+01
1.600000000206975770e+01
1.600000000208320472e+01
1.600000000194377492e+01
1.600000000200942551e+01
1.600000000209934115e+01
1.600000000241100651e+01
1.600000000211925766e+01
1.600000000219367990e+01
1.600000000185209004e+01
1.600000000204506989e+01
1.600000000249116283e+01
1.600000000223350938e+01
1.600000000210094697e+01
1.600000000247525733e+01
1.600000000206821227e+01
1.600000000251775134e+01
1.600000000212923368e+01
1.600000000242095410e+01
