3.369741092739154129e-04
1.062665652652621147e-03
1.503106222037897113e-03
3.563712605176126572e-04
9.213939226489248780e-04
2.878433984262881388e-04
4.699495233865420016e-04
5.473002837833020225e-03
1.037944848074684977e-03
3.872176500472356876e-04
2.073570938698510472e-04
1.088298773569112542e-03
2.374147107473195608e-04
4.800171391043884443e-04
5.936012714634649043e-04
1.170640038571779153e-03
5.865282624966209083e-04
4.777360578084128228e-04
9.410042006380542985e-04
3.112592159307053731e-04
9.789591177225393480e-04
2.381873423813184480e-04
1.560030138132113343e-04
5.111179826094498129e-04
3.625035240868230068e-04
2.933123586452952326e-03
1.493248650013703858e-03
9.079475617499104629e-04
4.033297009526297210e-04
5.402013261364551093e-04
3.287632337746526461e-03
3.174283595712507826e-04
9.881074848282044975e-04
6.873550830398554362e-04
3.282019681720194136e-04
6.894636822762149854e-04
7.240265352997304416e-04
3.611424913606105171e-04
1.148763180858643944e-03
5.319866462153467757e-04
1.143116739274641297e-03
4.425246755357517612e-04
1.551011700858180445e-03
1.160772968704914480e-03
2.638455524838600043e-04
1.208843899138282085e-03
1.615837525866835930e-03
5.367084605492264664e-04
1.678823194954918334e-04
2.678993389616127294e-04
2.008824725771772796e-04
5.346038391385496934e-04
1.858479277534765797e-04
5.562793239372672196e-04
4.820717101275567330e-04
1.728616608321493966e-03
6.755669873162656932e-04
2.243236478439733159e-03
7.893850291904734758e-04
2.157797399168833060e-04
1.848488178593377790e-04
7.057091197122581207e-04
1.192401682070250672e-04
1.294594918023168699e-04
2.185591308601838602e-04
5.433918830539729910e-04
5.832460183470924465e-04
3.880283334003796838e-04
3.021193909140553022e-04
3.799788219554538953e-04
3.823395703289583628e-04
1.858479277534765797e-04
5.553585048310129973e-03
1.734435678582238027e-03
3.308478839492585695e-04
4.602515031562057820e-04
2.036237044389288726e-04
2.593096944205659652e-04
7.739833369607493482e-04
9.609199158990470004e-04
1.718348467529594921e-04
9.086743712887234477e-04
3.304594651344605963e-03
1.068797176152555886e-03
1.681284059054938686e-04
5.171354365620651995e-04
9.740066387207813687e-04
8.435125086592259970e-04
3.009720795519684106e-04
1.395452879341044792e-03
5.006764898708495346e-04
4.583421432468441116e-04
1.101121197762863421e-03
3.200034334604063679e-04
2.874165559277465734e-04
3.941740322094371141e-04
7.293878326923673846e-04
2.982503721416990337e-04
5.326679794460417554e-04
6.767587812966127615e-04
8.256154529460654496e-04
6.593626518906333051e-04
5.435362200398911013e-04
2.765032220271691570e-04
2.937077900744081171e-04
3.615389927674589050e-04
2.792992793548160235e-04
1.127832133948482784e-03
3.908683236988328737e-03
4.102703296053365279e-04
3.108747229947867526e-04
3.109436100943924804e-04
1.321216283014355552e-04
1.091617250576314060e-03
2.734781633235176465e-03
1.485544275740450539e-03
3.440848934116058199e-03
2.947097799859677817e-04
8.091185541908416014e-04
3.047050018374756510e-04
4.991682019829314946e-04
1.333482229603261571e-04
1.419528060525657165e-03
2.770951130732188000e-04
1.187671287155441955e-03
4.442117981049380389e-03
8.423221518483044526e-03
8.067068114283535698e-05
1.167332840919050848e-03
1.341403529171101812e-04
5.729749966717143095e-04
4.614748291820100750e-04
1.823714393402192538e-04
2.491379812843020920e-03
1.075316544164644757e-03
4.377408884558566752e-04
5.688395764459562012e-04
4.002792700949544527e-04
6.512821965381784079e-04
5.524767976447737860e-04
6.606643100718575558e-04
6.623736717446457572e-05
1.232082949184972874e-04
1.024764260552522540e-03
1.877938314182826893e-03
1.404048771724974044e-03
3.336289973614328468e-04
4.168442040146741142e-04
5.144815787210729177e-04
5.950343206226083601e-04
1.787729250011931025e-04
1.566150515722007782e-04
6.388916526806886218e-04
2.863617760464962211e-04
9.683531370937812363e-04
3.328218701894899816e-04
4.720981666461737539e-04
1.290656811827841379e-05
1.580976373397967490e-03
1.087615347245832675e-03
9.970199531227101272e-04
5.536872285694164047e-04
2.243640366506290465e-04
1.364891795334727351e-03
2.773039368238653475e-04
1.597860152784689840e-03
2.790421107801471703e-04
3.876785340258154006e-04
1.084460549706371549e-03
5.812966953057625364e-04
9.675314609882414933e-04
4.711203198788695428e-04
2.485376819842799304e-04
4.761147162300571173e-04
1.944546227611261612e-04
5.754540348615721623e-04
3.417927905947421214e-04
2.618139140415981156e-04
1.290656811827841379e-05
1.133347914396655443e-03
4.457065094973938508e-04
3.593500691800895880e-04
1.673283487927786518e-03
5.584419360346797945e-04
5.037842139115644192e-03
6.424005763657088947e-03
2.936898348319550572e-04
1.431720510103744876e-03
8.649252640136037345e-04
7.046058780338055683e-04
3.895718481666976432e-04
7.952213744203579264e-04
7.947461019463793273e-04
6.454578756053467974e-04
1.187637852243157190e-04
1.037304280898925825e-03
1.054773508196328938e-03
3.886145981118295577e-04
2.629859464441322656e-03
3.801386948990858900e-04
2.626484875949879690e-04
1.137532801575171166e-03
3.742700731680237837e-04
8.936944182001668778e-04
1.031568393346623137e-03
8.686856527563887719e-04
2.508738997157586911e-04
1.353106161044686671e-03
5.787505179462706711e-04
4.877550683866507071e-04
2.088392974151240689e-03
1.132373675417263454e-03
2.167052660814782004e-04
1.706752565014931725e-03
1.200577299325079298e-04
2.037569472309782030e-04
6.177118999313998627e-04
2.917765197984585005e-04
5.244689490492251060e-04
2.195784468588612027e-03
4.233879690540981455e-04
1.120209587764764859e-03
5.895746516337555714e-04
2.578617049478059732e-03
4.119260912282061548e-04
1.079223087215953241e-03
2.463046216859150739e-04
6.767587812966127615e-04
1.430488946149449311e-03
5.211711788472538076e-04
7.133548917497892737e-04
3.348421026995769957e-04
2.365822544964389163e-04
2.893661863329110955e-03
6.238505862380757825e-04
3.312946152631324236e-04
7.201625678405678549e-04
8.445886546085098253e-04
6.099277885397223591e-04
8.406510461440607797e-04
3.939804081261137343e-04
1.199214685890563436e-04
3.230243384472481893e-04
1.556268094418784397e-03
3.997900580315306095e-04
7.955923192464977494e-04
2.437188960654714431e-04
4.328580043555399037e-04
9.512878993114636103e-04
2.894353425356029053e-04
4.334548048097361622e-04
3.889463157495781078e-04
7.601494382849169340e-04
5.075224424534852292e-03
3.974405171506857626e-04
2.090894764924167235e-03
2.899255741177998095e-04
3.666640378771177274e-03
1.378213280033201149e-03
4.121729055416622546e-04
3.648681038094566537e-04
3.169069057732196572e-04
6.840894918845611067e-04
5.527217998197271002e-04
3.124126716769755167e-04
2.430844669744893969e-04
3.991433145834954533e-04
8.850811213633961311e-04
5.761830989680484603e-04
4.614670800266702051e-04
5.336692324898970876e-04
6.205420282985038083e-04
1.840117284662045780e-04
3.992947874913281309e-04
4.086834226568455204e-04
3.975423525508369632e-04
1.104964739874800912e-03
4.124051514306388815e-04
2.676907404498589317e-04
2.092784105933876565e-03
4.168329717361586931e-03
6.623736717446457572e-05
4.903635384185039622e-04
8.748045733998858087e-04
5.096302651385361919e-03
2.587602177166306084e-04
4.257703766725278154e-04
7.289443890704074350e-04
7.423254247383270343e-04
6.035453916815422711e-04
2.244886893782862148e-03
2.817905077025856719e-04
5.437618202445036394e-04
1.718139874056833025e-03
5.410067120744541059e-04
5.086260455692819416e-04
1.174944774101428259e-02
1.826598442531684606e-04
4.625054895273707787e-04
3.964504666265137017e-04
1.853168504044453184e-03
6.434809800950777809e-04
3.895718481666976432e-04
1.336596466736815871e-03
1.238758705648286833e-04
1.813709239940923458e-04
1.170465828711353537e-03
6.763897980720520254e-04
6.145311283081420807e-04
1.885126021860741180e-04
1.237835352188589554e-04
1.049958680150217972e-03
5.259878043655585389e-04
2.853464707711196070e-03
2.774484593648778594e-04
6.248066990200854074e-04
1.529520692256513160e-04
3.013510642628489436e-04
7.968219138629879621e-04
2.138455174006532750e-03
3.523903271761515197e-04
8.537163173406774139e-04
4.442262359520741076e-04
8.714491700694228975e-04
1.123265652601695584e-03
3.840761255882363737e-03
3.775318400531027779e-04
2.156034818161743898e-04
1.339931376872982192e-03
7.422991242088407791e-04
1.582068358256510888e-03
3.586945777818838113e-04
4.118745387976033832e-04
2.121377499731040648e-03
2.733903045287193901e-04
5.196858938670034008e-04
5.253680835667219173e-04
2.862169701374612488e-04
1.504640585038989652e-04
2.389052595881001242e-04
3.598762742581408398e-03
6.441051831297856011e-04
3.627823572257838627e-04
3.063006254171287486e-04
8.998850019538240028e-03
1.988090593308585179e-04
7.815703639749373068e-04
3.368273733157482611e-04
4.846707397621205721e-04
3.917880952101460926e-04
7.047801121169616680e-04
6.004748604950655398e-04
9.916418912094947941e-04
3.972613644942519368e-04
2.219958574513551761e-04
5.459579863351683975e-04
2.465122185806384531e-04
4.276639916362236574e-04
1.941831896156436584e-03
1.160716189806312816e-03
1.331688915785220152e-03
7.894237333230010988e-04
6.983472431630813456e-04
5.111179826094498129e-04
3.714994060602734203e-04
8.844999320010254714e-04
3.315731357201181324e-04
3.757354752454936000e-04
2.023342980003974749e-04
4.466192854288105656e-04
9.895926258546852098e-04
3.324590273670167029e-04
3.536872187069627950e-04
1.077596599712491799e-03
1.903768939385285181e-03
5.476276095729155479e-04
6.326205283116373554e-04
1.571630020944249449e-03
4.850474908032718370e-04
7.623991725054285375e-04
3.124186530426815251e-04
3.248116060747740174e-04
2.960071619885664275e-04
7.382128567803931864e-04
2.753160506456327661e-04
6.532386889983248608e-04
2.040551318337773933e-03
1.037304280898925825e-03
3.485161186761113051e-04
9.703419083433950740e-04
1.985909107382363530e-03
4.541341605412204806e-04
2.133750396033110182e-03
6.546112611125326757e-04
2.277604005653376552e-04
2.052092658964110427e-03
2.621378029589040582e-03
1.564498003211490422e-03
6.882200248627335292e-04
9.215690196109469932e-04
6.171740923213511493e-04
3.020985633710052761e-04
3.536872187069627950e-04
7.164574731660675131e-04
8.691174034922386242e-04
2.361990428103637402e-04
1.306219137689956723e-04
4.340962386791652168e-04
1.714224360061673488e-03
3.640930977541080430e-04
4.122114926552642410e-04
1.272736067170030937e-04
9.272559195295447228e-04
4.558161276397731552e-04
1.027491532149871212e-03
1.138477876606042464e-03
2.184994848505919496e-04
7.082087359323922761e-04
3.309260174739784232e-04
4.583566741595535812e-04
1.332370751985255571e-03
2.335030558200669156e-04
1.844558998711183571e-04
2.962224174769896752e-04
2.187681381240425753e-04
7.459620305926967492e-04
9.867779635934117565e-04
2.968568069101519200e-03
2.172928408975595166e-04
1.584449167836655742e-04
2.733944142978737227e-04
1.676931593458447526e-03
1.142958831507062114e-03
7.352851816640604407e-04
3.779742054905749107e-04
1.211279107158613581e-03
2.478461592416607469e-03
1.496630002146131892e-03
7.937974702879473142e-04
1.144449915539044607e-03
1.504133184074226998e-04
1.875907949004074768e-03
5.859223006950194535e-04
1.082239425527863194e-03
6.430895757889138441e-04
7.625869378552315109e-04
2.478196454796442478e-03
5.485538924275812876e-04
1.242101863516768519e-03
4.405745780861857462e-04
1.413198245931546020e-03
2.484683716403370338e-03
4.805728443694569146e-04
1.357971675712928345e-04
1.266526270215084923e-03
1.483217521362966904e-04
2.239986196670811815e-03
1.346798089361306620e-04
3.541400390346107429e-04
3.013510642628489436e-04
6.976025721590016319e-03
8.910782966542700597e-04
2.645999543213998638e-04
1.561001612080308758e-03
2.058490724124769754e-04
9.272559195295447228e-04
2.543196768071366229e-03
3.281925185346559054e-04
7.704487351554131823e-04
8.525497517555448304e-04
3.252802178710203812e-04
3.836461347161714518e-04
8.306839034477592545e-03
8.714374323683252502e-04
8.796536283874613034e-04
5.322238106861350466e-04
1.303324502249813372e-03
4.614044488753459667e-04
6.458648772451312543e-04
6.658434539778533036e-04
6.339664244101756449e-04
2.086141434336484871e-03
5.517595194458836325e-04
1.772846585544660732e-03
2.466691100845665174e-03
1.517072172405136397e-04
4.614399725958662148e-04
4.444478889284008815e-04
1.194309721005389459e-03
1.215268008821927381e-03
1.608052389589405555e-04
4.705543985411950896e-04
1.426921291813052287e-04
9.082449736334614247e-05
5.122521299301879610e-04
1.193109476284085445e-03
8.773571684337545806e-03
2.989874434965876689e-04
4.196458418577223796e-04
8.566718886878457902e-04
7.012727420861758921e-04
1.985909107382363530e-03
1.004534887611746759e-03
9.079233537748449641e-04
4.292512064510641033e-04
7.587420981397739435e-04
3.322880348576528705e-04
3.130285761178917651e-03
7.730959910603426351e-04
7.051996873158068030e-04
4.933047481773830765e-04
1.001301329701357809e-03
3.145515443015228980e-04
2.761066179483752251e-04
1.018706408246041004e-04
6.006404171986739864e-04
3.716390454394277710e-04
2.753160506456327661e-04
5.198357993799226744e-04
6.710603602161612771e-04
1.673610450748321443e-04
7.407088223369498068e-04
2.449036767410739152e-04
5.371157426011036662e-04
1.136224835110688199e-03
4.021837440187856221e-04
5.374759847223178335e-04
9.853646794643869562e-04
5.276408707319925947e-04
1.170387367430385760e-03
9.336599948623005999e-04
4.883657236827646918e-04
2.359966331431443938e-04
1.786283318233773535e-04
3.047487903375528120e-04
4.134366640269288105e-04
6.115714931089290046e-04
5.359787475841252440e-04
2.310009293542335425e-03
1.200823250842683083e-04
1.235969389184736261e-03
4.989586506497536685e-04
2.480389535599283185e-03
4.159969343928299483e-04
1.975178021872946990e-04
6.346306802864201463e-04
7.688978757988108002e-04
1.823714393402192538e-04
1.551011700858180445e-03
5.037842139115644192e-03
5.779542272437896387e-04
4.617301176996950821e-04
1.313022558900814362e-03
7.658586954463529693e-04
8.195191801017148985e-04
5.582135367917922262e-04
7.421441309349144149e-04
2.731690048391934174e-04
2.831535761984212422e-04
5.135395414268534688e-04
8.853348456845901637e-04
8.395066941845269817e-04
3.162146028643106777e-03
5.484874016394064751e-04
4.344040253137588441e-04
2.608152635160791450e-04
3.082065918806935960e-04
3.355831975386840073e-04
4.767312794014895070e-04
8.656901393309490277e-04
1.968385533459358298e-03
2.976404665087824535e-04
2.625661044931437314e-04
2.515228765510276604e-02
5.447248229179753104e-04
1.665070203092086437e-04
7.833928349190935484e-04
2.458683157870671207e-04
2.195784468588612027e-03
5.297842799766178286e-03
1.844296094836503710e-03
4.225426501496442797e-04
4.799710587074083358e-04
3.974334576744826099e-04
3.273414666809902206e-04
6.337406081807526537e-04
1.612121710198063766e-03
1.603756822478547906e-04
2.236685806375066088e-04
2.800653318038119882e-03
2.462543233252575763e-04
2.156034818161743898e-04
8.353440584050847136e-04
6.483775745758220367e-04
1.290656811827841379e-05
2.343243844283739825e-04
5.371809172154363640e-04
4.986541462711747107e-04
6.157942472311460575e-04
2.684727631171824691e-04
1.331688915785220152e-03
7.192025195337045261e-04
9.649821702294103997e-04
1.196210666029402488e-03
9.913436890533996234e-04
1.625310222839428044e-04
4.850474908032718370e-04
1.124522747758808843e-03
2.623086493886038137e-03
2.308950582874922687e-04
3.247256691266038890e-04
3.684319300664601641e-04
3.307116498509628352e-04
3.109402494807099091e-04
1.137790759116231098e-03
7.194282907447847311e-04
1.451636967097858898e-03
4.341249846407306914e-04
1.303324502249813372e-03
2.289823933559482886e-04
1.877018634244704111e-03
2.920952568912782974e-04
1.059743806406400566e-03
8.133790735972190643e-04
1.534231064245776988e-04
1.898985569808915282e-03
5.061622853960516229e-04
9.060299166420743462e-04
7.302853850564571024e-04
1.089526905770236325e-03
1.996208179553018416e-04
1.054695070370590673e-03
8.053956830111389485e-04
8.309639188788272950e-04
9.960142658236601030e-04
2.651865947041799902e-04
1.184273095784029074e-04
3.580560151702774033e-04
8.167384626687824219e-04
5.867194226378869048e-04
1.320039070874453506e-03
2.325047083826722860e-04
3.788518290218924030e-04
3.094234445945549870e-04
1.905645450869846639e-04
2.868518058711022395e-04
4.614044488753459667e-04
3.671296109881806778e-04
1.596029743077641196e-03
1.033469919523290160e-03
8.928069281050589551e-04
9.489174220964762289e-04
6.697321454321424885e-04
9.306234985980983525e-04
6.053017099668521646e-04
1.883090670811955541e-04
1.373777813424729120e-03
7.052213858854824990e-02
1.811076490379160081e-04
2.968927780199687519e-03
1.653365268159003151e-04
3.361101618813606712e-04
1.039991900457054065e-03
1.951904856533242573e-04
2.968806948508270673e-04
1.791262975041814278e-03
2.598633743808846262e-04
1.444922361088796790e-04
1.925963122853517444e-03
3.023770982049997914e-04
4.113488148322860284e-04
7.403152095790822406e-04
1.354564800504444628e-04
1.328727191425267814e-03
2.103724098372174080e-03
6.692426789737223117e-04
6.677288337566495780e-04
5.257213824812452876e-04
2.697888098927446921e-04
1.791262975041814278e-03
4.157082967671142854e-04
1.206478456853126054e-03
1.141804374547173827e-03
1.808420053593306261e-03
2.495305492322197512e-03
8.060461386609405181e-04
3.337802677052054351e-04
5.507643401552758276e-04
8.879343031224844153e-04
9.136703152640175815e-04
8.909060114029614043e-05
8.402231587468998166e-04
2.915856755045957488e-04
6.784778807041918960e-04
1.528129954345465100e-03
4.674613903700615414e-04
6.213427669685946337e-04
4.508068646956084032e-04
4.754675062901049802e-04
2.329972403111499075e-03
1.144843479509335656e-03
3.334579510550203844e-04
2.653627585169147495e-04
3.606973076547514935e-04
2.004457787829069739e-04
1.925005407949972609e-04
6.078984784876567769e-04
2.204574435544878752e-03
3.614535609231312634e-04
1.589588258696309072e-04
2.359470021381305973e-04
5.075224424534852292e-03
3.020985633710052761e-04
5.098805447156444341e-04
2.511958383336233423e-04
9.196457743410814574e-04
4.493527112792070587e-04
1.812961880915437308e-04
8.027432921663735276e-04
6.342078304148620043e-04
5.779305487155235845e-04
4.054799186180801885e-04
8.956345959154065088e-04
2.195784468588612027e-03
2.250769197978301299e-04
3.983170160175531979e-04
7.131070247201555003e-03
5.603136034977874427e-04
7.049954765145871561e-04
2.953386594011068208e-04
2.864396456849880473e-04
3.482454499413518197e-04
9.086743712887234477e-04
4.115314420603868048e-04
5.394171168828838401e-04
2.449461498747410992e-04
2.096794326905462847e-04
3.119576619522921018e-04
2.697715994849573650e-04
6.119253252435244211e-04
3.017512086860626845e-04
1.339756289730021114e-03
1.191016237579812847e-04
7.625869378552315109e-04
5.675034040324031465e-04
7.706700575595007777e-04
2.498247969621710603e-04
7.046058780338055683e-04
6.961784348371013184e-04
7.949703800051729314e-04
4.150613298503048822e-04
2.659527604702886469e-04
3.751429343557276296e-04
1.599141526038119201e-03
9.957577394977091081e-05
9.962141628792793319e-04
4.279864869935773460e-04
4.255790939040242989e-04
9.609199158990470004e-04
5.876840352327465091e-04
1.006329679844119186e-03
7.327861015693146185e-04
1.316491692178640722e-03
9.696089531501748396e-04
1.922781799051424562e-03
8.452264015932067429e-03
1.114764174909621802e-03
5.752758996304446672e-04
1.843760935615249832e-03
2.348375561920749012e-04
5.092991282895771533e-04
2.430785269009105496e-04
4.535712893891984208e-04
1.276835182536214858e-04
3.155540813177552719e-04
7.461941200792471555e-04
3.068892350360147075e-04
3.311716004889765815e-04
4.657622403436994683e-04
9.991993336214865422e-05
4.911078821068887938e-04
5.195751867294966502e-04
3.455580416146545263e-04
2.484135819654488108e-03
3.495841386218923996e-03
2.982805770819744887e-04
1.545693095783753435e-03
3.506765972196367910e-03
3.022720913493697685e-04
8.808497397049183664e-04
7.298341466570627475e-04
1.564808811634563158e-03
2.322138341823865991e-04
1.141870618169247035e-03
5.292110603708541751e-04
1.403075292577258312e-04
1.471784041141138959e-04
1.835726608828162779e-03
5.491240747263663805e-04
2.930217556420685286e-03
6.038597659607515241e-04
3.674636914141432261e-04
1.350239550471069212e-04
7.851895835209136022e-04
8.391379265702747156e-04
9.732601713790267357e-04
4.012188055624749681e-04
6.755669873162656932e-04
9.854138098039622561e-04
1.986110878980229934e-04
5.390138316507539842e-04
6.914294619879671113e-04
3.470743329730426974e-04
1.979359380893715419e-03
3.996656128715836724e-04
2.612204779037919484e-04
1.616274607980725398e-04
2.906092616244251902e-04
3.871702109447413783e-04
6.298874356270117670e-04
4.026674460574356700e-04
3.268338690684867778e-04
1.107669714781925200e-03
7.779019683255352117e-04
8.299772083831803661e-04
1.997633439604089636e-03
1.200528903756097054e-03
5.136739101101562644e-04
6.894636822762149854e-04
4.713608125750430458e-04
9.642819373422009200e-04
1.094453476792834007e-04
2.904307054963048721e-04
4.113488148322860284e-04
3.115374067024793340e-04
5.386424374179560066e-04
3.379616665160511848e-04
1.857567563392261410e-04
3.688825262179342541e-04
8.882260250081218649e-04
7.897704682018803378e-04
7.777620968619596269e-04
2.484598346843590387e-04
3.673127028548790166e-04
5.859520059802198356e-04
8.231424411958644704e-04
1.418966521578668080e-03
2.214524506730686758e-03
4.725286801804990549e-04
2.751315882631626478e-04
5.229702743901438414e-04
1.433484615633061517e-03
7.777620968619596269e-04
1.912699260213098808e-03
4.869302807211830088e-04
1.497366706610034131e-03
4.296338518883532193e-04
1.290656811827841379e-05
4.135839637522889392e-04
2.195784468588612027e-03
2.435697408023232511e-04
2.463038244275821001e-04
5.499073244298071077e-04
3.536872187069627950e-04
3.502022855452047558e-04
5.323388161261735163e-04
2.188719420099919689e-03
3.884492744014239607e-02
2.577208075751780819e-04
2.571365271973123754e-04
6.498772742182947577e-04
6.292717189141916294e-03
1.475889657342432633e-04
6.167171080986279469e-04
2.633222118413834352e-04
8.119749584055590457e-04
3.505244158342383609e-04
1.342310707229977477e-03
4.172861177679061066e-04
4.614044488753459667e-04
1.209284552494083176e-03
1.854492361693703753e-03
7.392765691574283010e-04
7.420680737757863943e-04
4.594305282297944160e-04
1.813709239940923458e-04
1.075880366086061834e-03
2.970932364739213463e-04
8.523652136687271362e-04
1.772461806190616892e-04
6.341352149142774272e-04
6.318482388096214502e-04
6.335938568038060759e-04
2.578201469241132079e-03
2.045480305328635983e-04
8.707606291424125830e-03
9.842163819248411424e-04
1.548761189080344325e-03
3.245653624072497492e-03
1.210847613743690096e-04
3.017512086860626845e-04
3.334646620514649783e-04
2.414197398988399102e-04
1.044355900743178028e-03
1.004358347802866269e-03
1.814175881631577107e-03
9.173953184020193713e-04
5.222727585823645161e-04
1.350794311386540193e-04
8.171587110719932909e-04
5.310030903652494067e-04
1.232082949184972874e-04
2.427743969668365895e-04
1.909887004016981712e-03
2.899101469198295949e-04
2.837647553257442137e-04
2.077120480707085799e-04
1.204983228330381044e-03
2.816515246534692196e-04
1.263197389060520483e-04
8.788914860538633075e-04
5.025874182142975885e-04
6.983769220383877077e-04
2.168259339687663378e-04
9.853646794643869562e-04
3.313693543355121897e-04
4.379055744367308105e-04
4.989634449497330369e-04
1.853479532812350120e-03
1.177556650142892958e-04
1.454836710531152728e-04
3.612636701034497937e-04
3.020224226917176628e-04
8.725320942696832872e-04
5.284715025403526230e-04
7.328033155009760092e-04
5.953038254163278871e-04
8.459550394899062594e-04
1.894434837050424595e-04
9.551957349515933365e-04
2.770558044450803828e-04
5.300633144239096485e-04
1.595993866854886895e-03
1.675559034620946919e-04
2.782363618099065899e-04
3.210219408575314798e-04
8.444112399668883637e-04
7.801082349628229128e-04
1.519886733858477157e-04
7.106476451492892577e-04
3.640994291305631680e-04
4.539646094757026598e-04
1.590548169444976718e-04
1.882586655053938884e-04
6.837547864128856170e-04
4.033920227632613038e-04
1.233315077080662239e-04
9.960142658236601030e-04
8.905216046666689696e-04
1.074349238794197140e-03
2.159587143656826374e-04
4.808265277597584286e-04
4.543525589734217379e-04
2.776627619773257174e-04
2.088922811291689646e-03
3.485161186761113051e-04
1.153794932510920999e-03
6.758772980810202283e-04
3.297528547349855310e-04
1.290656811827841379e-05
4.020614942544816872e-04
3.576409343337714824e-04
2.838217937353236888e-04
6.474218477106578754e-04
5.068416769849223933e-04
1.089526905770236325e-03
6.349834655128518872e-04
4.177411678753718718e-04
1.199683784624891100e-03
6.996507270271904149e-04
2.828726355140719073e-04
3.029814762374480417e-03
5.459579863351683975e-04
6.931260891570983343e-04
5.785273029807170252e-04
3.416401595167555330e-04
8.316480521579407712e-04
4.722780377637125337e-04
5.027068891369719560e-04
3.294845715335121454e-04
1.551118592342418589e-03
4.532759176407296785e-04
2.167052788890019323e-04
2.270983135654886106e-04
3.265032965562538522e-04
1.409818456685474558e-03
4.316996912423209931e-04
1.289200291367914065e-03
2.156034818161743898e-04
7.899295614403953466e-04
