1.200658197935241134e+01
1.184556437981338384e+01
1.203458678886937250e+01
1.113866015166781942e+01
1.067236349775959070e+01
1.103139734713381870e+01
1.137729449655586578e+01
1.135605535715013303e+01
1.112002291372561125e+01
1.143944812668401489e+01
1.122397933837569539e+01
1.115895516192557402e+01
9.580785334054278124e+00
9.283927990345384629e+00
1.201354042006457057e+01
1.134706744460992134e+01
1.179142711291815004e+01
9.693260105826324136e+00
1.093777073262829092e+01
1.196449349922252203e+01
1.085631266811214601e+01
1.092133242749221722e+01
9.907030915892184098e+00
1.056172220911253312e+01
1.158674539678145621e+01
1.064964471757907916e+01
1.188019233921344231e+01
9.977318810419641082e+00
1.114766901290635381e+01
8.540538240111910540e+00
1.109243574219750172e+01
1.095396667029081961e+01
9.303438815012663454e+00
1.164610671712065937e+01
1.149842020051989344e+01
1.170472273733003732e+01
1.126103218500935377e+01
1.149163977863763186e+01
9.944393031942068362e+00
1.191410227020547197e+01
1.166098530680357470e+01
1.183973916020439532e+01
1.152546422961252404e+01
1.129728144641276799e+01
1.123185392290611340e+01
1.121390940251488999e+01
1.086451247056041503e+01
1.183923170413372183e+01
9.502974216599179513e+00
1.180413313838914924e+01
9.481837392902372486e+00
1.055981109714976007e+01
1.196977506864096696e+01
1.004974309392473764e+01
9.392175377805655145e+00
9.270202222781936285e+00
1.202361123238707208e+01
1.104244087402787677e+01
1.144313188112907120e+01
1.034085327760339190e+01
1.197008634126352611e+01
1.078749910307030468e+01
1.197606536107674380e+01
1.127047721933012525e+01
1.144742920554358356e+01
1.168730293452256319e+01
9.361268587022113508e+00
1.190005063268990604e+01
1.105869115001078029e+01
1.048973403796870940e+01
1.156518768212894877e+01
1.181960643175733061e+01
1.080217613605234384e+01
1.092207947314834371e+01
1.148677417146700286e+01
1.170031357763466140e+01
1.169427635834367152e+01
1.166997828459454212e+01
1.162446702324263903e+01
1.153789801821516647e+01
1.196611955312322806e+01
1.145559984510297902e+01
1.090852331759807825e+01
1.139665851120841644e+01
1.128629645474686072e+01
9.095484419815537791e+00
1.165565169643106636e+01
1.102812421495926287e+01
1.188953331774682454e+01
1.029288317138348852e+01
1.153611549523766300e+01
9.488273714679921866e+00
1.202832062728506202e+01
1.181814256965297893e+01
1.151652762450015111e+01
8.729527678451413308e+00
1.153926950561506892e+01
1.123032311501588332e+01
1.143484247770907913e+01
9.844691640387839726e+00
1.148054657070652240e+01
1.157323365685696359e+01
1.185105934758211532e+01
1.043002187986964202e+01
1.180706223398542676e+01
9.275535278064197087e+00
1.119247832251259389e+01
1.121766247803456373e+01
9.703096978732920874e+00
1.180868847044339454e+01
1.149906895304478383e+01
1.185362315538688271e+01
1.161243348148489574e+01
1.052860647789534276e+01
9.658419117994482050e+00
1.112178418842543159e+01
9.313725014879342012e+00
9.060006233988062263e+00
9.722278988686548828e+00
1.138536518470742820e+01
1.149795935751842535e+01
8.681534527739319884e+00
1.137398260507360170e+01
1.132299712245026768e+01
1.150054968390552368e+01
1.152282152423528672e+01
1.169358756121955345e+01
1.088959383377860313e+01
1.158592925727847422e+01
1.154808644648828952e+01
1.201121690340835535e+01
1.036998017561755603e+01
1.092643732345483087e+01
1.172374931619910043e+01
9.648144434262199809e+00
1.105644998300776471e+01
1.160643070392802478e+01
1.160010983403183182e+01
1.168773310642174046e+01
1.175868935185379094e+01
9.260462078414214204e+00
1.179301518826151352e+01
1.171750342396332023e+01
1.185273259858236194e+01
1.202743571158067937e+01
1.064015642363458092e+01
1.029005855437125128e+01
1.195027357195625406e+01
1.046341073980966918e+01
1.109542184096225981e+01
9.480214605615486789e+00
1.072854379950948456e+01
1.144797273463493248e+01
1.154218225785389329e+01
1.062651373423949508e+01
1.160533848372731391e+01
1.135009424831249802e+01
1.143848316662174547e+01
1.173367003642782613e+01
1.159475026803306186e+01
1.151985164451846266e+01
1.116924413312000652e+01
1.154095872387871324e+01
9.662051098880315436e+00
1.184515964225667162e+01
1.124354604768394950e+01
1.166213766118397821e+01
1.095496129886491055e+01
1.026657107963265148e+01
9.979596576068413327e+00
9.397093225997371846e+00
1.187756586287794569e+01
1.176797881559279446e+01
9.667030973147955564e+00
1.164818026556705632e+01
1.087424496794917417e+01
1.127143111316632051e+01
1.188442614830089283e+01
1.192954666855666090e+01
1.194749292486065784e+01
1.183973916020439532e+01
1.146308561363494505e+01
1.095396667029081961e+01
1.082107510140129669e+01
9.502338692292893185e+00
1.047643359605037006e+01
1.036681727491767546e+01
1.040005412884784342e+01
1.166719574690598371e+01
1.144313188112907120e+01
9.547732904004732291e+00
1.192946140046553971e+01
1.170983557085040516e+01
1.166505664399341846e+01
1.083448603268550414e+01
1.166372057558806752e+01
1.185644629651639015e+01
1.135605535715013303e+01
1.012297905525864827e+01
1.195680137642959551e+01
1.164056951877658719e+01
1.191961741260887209e+01
1.146714195837408745e+01
1.164994018958845601e+01
1.060072978800059751e+01
1.105954882643542803e+01
1.151413121995864586e+01
1.099664155301574375e+01
1.109135023180627933e+01
1.166596404394264574e+01
1.187474250293994160e+01
1.200543395608651842e+01
1.132586641390888715e+01
1.124925939691933152e+01
1.128519538623424623e+01
1.153806905254285731e+01
1.165764498607180677e+01
1.200250581554446150e+01
1.104136431243278338e+01
1.029288317138348852e+01
1.152266301263074944e+01
1.095396667029081961e+01
1.179358537769091875e+01
9.894415327353172529e+00
1.150995071530250868e+01
1.175287103966216229e+01
8.404161162832048504e+00
1.170237428532632329e+01
1.200186099460055189e+01
1.141936419206362174e+01
1.183420422475026434e+01
9.644508908611843623e+00
1.192946140046553971e+01
9.565384974151747599e+00
1.189808676668247145e+01
9.285788430576891628e+00
1.203181314101245114e+01
1.018064425966806041e+01
1.144493431546923468e+01
1.016601735554549535e+01
1.179485686762799901e+01
1.121242146053390876e+01
1.098995578332607082e+01
1.204383733602063522e+01
1.195914370846653441e+01
1.127483727564729676e+01
1.059328906753935584e+01
1.167683574193387841e+01
1.160589403781226991e+01
1.131146567359409261e+01
1.141140186304955328e+01
1.174252365109274976e+01
1.182992889840535611e+01
1.074306099674841697e+01
1.157990849166970904e+01
9.452678480334522959e+00
1.188626887653174435e+01
1.050540289555313223e+01
1.196114425836064044e+01
1.158564487642538410e+01
1.165237255730325217e+01
1.111178129142249915e+01
1.158921854844555277e+01
9.974335313871522501e+00
1.033502728817572169e+01
1.158617223785620531e+01
1.048312532084810833e+01
1.170012102626355954e+01
1.201474987482788670e+01
1.201248081687142921e+01
1.204292240789016155e+01
9.630165401899047239e+00
1.048479447495801686e+01
1.060211856327303437e+01
1.027648561812060990e+01
1.191707303621393166e+01
1.140809206016857402e+01
1.201183609515429573e+01
1.095452963800518553e+01
1.196449349922252203e+01
9.420846839152694940e+00
1.204553450069667164e+01
1.131854028983552674e+01
9.990919349417811901e+00
1.188575704248924758e+01
1.060966269916272786e+01
1.137819355277702726e+01
1.048578867706332396e+01
1.192523546661906586e+01
1.182229745637605234e+01
1.176298091652583722e+01
9.693260105826324136e+00
1.143368560864501049e+01
1.130766430004559275e+01
1.155494288827836336e+01
1.182918221066309883e+01
1.033965442535055601e+01
9.287808430857051434e+00
1.128416950463122426e+01
1.094029766468608500e+01
1.056172220911253312e+01
1.179671584316019484e+01
1.141628195344578778e+01
1.064264725218240670e+01
1.040185458561373544e+01
8.663924815053915651e+00
1.130177985959229403e+01
1.195989622417883247e+01
1.134837232238663773e+01
1.194937864839806885e+01
1.201272998818217452e+01
9.709989544631561387e+00
1.199911951512026143e+01
1.179301518826151352e+01
1.008071695389083011e+01
1.184821644059366186e+01
1.025956618538359244e+01
1.162029956740641978e+01
1.028887931457530236e+01
9.455718186832346106e+00
1.100183843720322407e+01
1.058367849991778975e+01
9.694481427105149152e+00
1.090340408566634167e+01
1.187304514493408192e+01
1.109496074384050068e+01
1.023797517853218153e+01
1.120262575188503540e+01
1.142491322307240686e+01
1.184813886363316726e+01
1.177407776166539044e+01
1.178413930967377610e+01
1.164658001200818482e+01
1.199453606670746986e+01
1.160010983403183182e+01
1.171348918454124011e+01
9.919735523527211996e+00
1.126839264937055063e+01
1.181772250891985365e+01
9.084659685811109497e+00
1.160902426936294241e+01
1.054469115484196706e+01
1.027317555775564806e+01
9.607962644769912686e+00
1.122276484941153996e+01
9.706079087676782180e+00
9.671912048369851078e+00
1.117463611333111650e+01
1.118979963898929242e+01
1.190567529143993220e+01
1.186750686112276298e+01
1.146890278419041742e+01
1.119391989746389626e+01
1.135823480015087839e+01
1.183391887583362845e+01
1.121677364320335890e+01
1.078807879220834742e+01
1.177052841680416506e+01
1.071120867390645692e+01
9.918139208516835836e+00
1.171560367847930451e+01
1.148398150919330618e+01
1.112032162250691592e+01
1.012328307219431345e+01
1.169889355966950184e+01
1.173551406225870331e+01
1.148762312408647013e+01
1.016582610473129122e+01
9.779988829229495195e+00
1.197345756872437050e+01
1.069339497103815440e+01
9.786373927107950621e+00
1.198312725403943269e+01
1.033502728817572169e+01
1.130048751213870517e+01
1.095101124726259378e+01
1.021565362352389528e+01
1.200070487755969850e+01
1.166489612023542399e+01
1.109496074384050068e+01
1.149020057163285102e+01
8.627980651810489121e+00
1.165340777737594991e+01
1.136439358176753700e+01
1.011483515793009502e+01
1.008361018660543706e+01
1.095655404516512377e+01
9.405715083692390621e+00
1.109063669270751440e+01
1.141185447272848208e+01
1.120437960054540483e+01
1.167342790682960896e+01
1.159271317679863067e+01
1.146308561363494505e+01
1.115903286785415638e+01
1.182520591808443555e+01
1.043113530832334845e+01
1.036681727491767546e+01
1.125916551799481446e+01
1.136258251941078257e+01
9.539373132505376773e+00
1.115441350486164573e+01
1.161379644804432942e+01
1.037461675565813657e+01
1.026663526162156614e+01
1.193385180211920904e+01
1.136160789003158378e+01
1.112178418842543159e+01
1.143546117889572322e+01
1.096975340247462505e+01
1.187809398997692867e+01
1.198575130353269813e+01
1.145248585800063523e+01
1.054387919674864982e+01
1.075150187459150608e+01
1.148445522890536630e+01
1.136325733808752148e+01
1.127646384265669255e+01
1.200500822980934323e+01
1.184934753489814518e+01
1.151190189536294461e+01
1.090852331759807825e+01
9.303438815012663454e+00
1.144343765311635153e+01
1.087424496794917417e+01
9.465193753653503350e+00
1.204759398975026308e+01
1.014998544854930884e+01
1.119234231616194464e+01
9.081763287987934419e+00
1.198890821499166570e+01
9.539373132505376773e+00
1.128738963338243551e+01
1.127715444963061309e+01
1.130735181886386265e+01
9.454098402903444054e+00
1.190806704166749697e+01
1.063945618656126690e+01
1.007375873390529186e+01
9.555181316657341384e+00
1.111178129142249915e+01
1.181003159285245907e+01
1.044487628318323935e+01
9.907030915892184098e+00
1.143056377028735149e+01
1.108224881045687304e+01
1.072565355011597710e+01
1.153555590779734707e+01
1.198550814800485576e+01
1.149769770086956555e+01
1.059450442766486589e+01
1.143047087505762782e+01
1.146844839600764665e+01
1.146189683065948017e+01
1.097857708279560995e+01
1.198689962826717625e+01
8.716609700392455196e+00
1.137833058056284585e+01
1.089204914682419023e+01
1.187849633244643144e+01
9.721827080278991673e+00
1.172881946069058579e+01
1.127715444963061309e+01
1.120818998511279752e+01
1.144718952458669747e+01
1.031545371108314058e+01
9.800813294709143975e+00
1.156750119588741832e+01
1.186293996640094939e+01
1.196814932340408788e+01
9.260462078414214204e+00
1.135888904705596936e+01
1.131544448300936523e+01
1.179345478663021929e+01
1.161784923455080865e+01
1.103836857046196762e+01
1.112178418842543159e+01
1.203293249248140384e+01
1.102590431178320785e+01
1.173369889166074032e+01
1.144409548168913915e+01
1.075170363094961345e+01
1.136655101624986131e+01
1.200961247590503866e+01
1.166099409642125728e+01
1.095655404516512377e+01
1.174171152690053788e+01
8.362167974251045521e+00
1.071630101030706506e+01
1.120526141477096083e+01
1.178431776748124804e+01
9.615456071527155757e+00
1.155844702027654236e+01
1.129913830601536695e+01
1.150286684344851729e+01
1.183973916020439532e+01
1.142192079809809258e+01
1.107051756520099950e+01
1.199475278019702351e+01
1.138832914808385688e+01
1.180303872198615345e+01
1.202805952942025947e+01
1.170606009980220996e+01
1.181960643175733061e+01
9.437811874701907300e+00
1.114528961394668727e+01
1.041496366681268526e+01
1.167753849889987272e+01
1.159936969674533991e+01
1.053793677081476510e+01
1.152095142000437811e+01
1.169984753375282338e+01
1.185446925591913114e+01
1.088469858758666042e+01
8.423614006442393887e+00
1.105644998300776471e+01
1.196602063102121249e+01
1.036681727491767546e+01
7.557094902880796106e+00
1.167759508268025215e+01
1.106638260189892975e+01
9.636302260083709825e+00
1.015791363052914242e+01
1.018002261416251208e+01
1.171129520737776097e+01
1.160954884303054158e+01
1.032028862186178131e+01
1.107074744982218917e+01
1.179034507219238570e+01
1.150284743499675777e+01
1.161744166020929470e+01
1.162944826257248820e+01
1.142927169689407663e+01
1.203144267782620958e+01
1.144121973582406504e+01
1.115903286785415638e+01
7.730815905175911773e+00
1.102043442933791084e+01
1.081783296044593534e+01
1.191118301560758752e+01
1.195718552650374100e+01
1.195669370969789824e+01
1.037967074297241865e+01
1.002653333972958194e+01
1.190543169586979033e+01
1.153586513034651873e+01
1.176343075112420600e+01
1.150431722323099315e+01
9.468456529126049404e+00
1.201637096656557979e+01
1.166713201169223169e+01
1.184439541412403152e+01
1.148489551097924632e+01
1.006517968853697198e+01
1.153237774256898085e+01
1.060830606114524777e+01
1.061648585628365282e+01
1.142933383097300037e+01
1.189042274346262573e+01
9.482745097769393894e+00
1.147553233583982113e+01
1.184556437981338384e+01
1.203458678886937250e+01
1.178463583835343442e+01
1.191707303621393166e+01
1.123669129709360170e+01
1.148897099873289207e+01
1.203790002230702605e+01
1.176376796002317882e+01
9.977318810419641082e+00
9.497817420651619713e+00
9.971559091755233695e+00
1.204677801536750081e+01
9.488946520908875470e+00
1.154322286134704001e+01
1.187808338781106876e+01
9.055115445019618292e+00
1.183923170413372183e+01
1.076443222159034008e+01
1.086165069143084949e+01
1.036089248050286216e+01
1.100642745512756626e+01
1.133496261016352769e+01
1.181530714787624703e+01
1.046613289230086963e+01
1.166369506380177512e+01
1.200634060144373727e+01
9.741547974012064515e+00
1.171213314166376129e+01
9.691011391348842707e+00
1.081638904614449004e+01
1.094316931724918263e+01
1.105197843117773004e+01
9.343089633540010652e+00
9.520417040523781793e+00
1.131210095159941176e+01
1.169225176026502844e+01
1.011856719244174130e+01
1.151731946008683494e+01
1.155211381535353077e+01
9.630165401899047239e+00
1.122397933837569539e+01
1.203710000553125248e+01
1.150334628430499251e+01
1.203521800520009499e+01
1.171849556062833209e+01
1.166198737298373267e+01
1.149777836153196020e+01
1.128493410533601171e+01
9.451021121152232141e+00
1.150144418769507837e+01
1.151190189536294461e+01
1.183914048594935764e+01
1.072854379950948456e+01
1.144313188112907120e+01
1.096199451095188238e+01
1.117243938143658966e+01
1.126577925784027734e+01
1.192777377217687373e+01
1.193975149820535009e+01
1.172881946069058579e+01
1.115619543883492781e+01
1.192087786846929198e+01
1.171219939921321895e+01
1.161722130033608735e+01
1.114686573483648679e+01
1.183599305053954964e+01
1.197758120740279253e+01
9.054935268597620990e+00
1.106961413587788279e+01
9.824169473485973469e+00
1.200380213109546013e+01
1.069730701082765911e+01
1.042701767109372568e+01
1.027229611748805027e+01
1.154313426519503238e+01
1.196114425836064044e+01
1.017791171420868679e+01
1.196183016395982435e+01
1.186726281199582544e+01
9.253900518721858148e+00
1.161379644804432942e+01
1.102838304652824242e+01
1.100423953956837053e+01
9.838461872806968600e+00
1.187544465927115667e+01
9.913570266901951200e+00
1.152372572899682979e+01
1.138527692628479038e+01
1.070916865248189787e+01
1.055996624009455864e+01
1.070194584266266880e+01
1.183413781219877237e+01
1.031629456245668131e+01
9.679119203764811274e+00
9.979036041698103432e+00
1.148677417146700286e+01
1.087874121437577379e+01
1.185657967089738918e+01
9.448255551282832343e+00
1.041699335715576602e+01
1.164794334262012931e+01
1.133531512770509408e+01
1.161789503886003416e+01
1.140754421400373353e+01
1.029997914465738518e+01
1.148153944143152927e+01
1.176764549317552522e+01
1.126165350678978783e+01
1.161348734017928308e+01
1.160983478063846874e+01
1.184640910098180555e+01
1.199874970094768400e+01
1.014276958497716663e+01
1.128821252472458525e+01
9.477815628606933274e+00
1.047643359605037006e+01
1.196486920899946504e+01
1.187740741576283554e+01
1.091856381816378274e+01
9.725114847901334514e+00
9.649127893617492902e+00
1.114443445878036165e+01
1.161083936845362707e+01
1.175785389642893541e+01
1.135320866167826281e+01
1.179372238312447330e+01
1.080217613605234384e+01
1.061320225569763664e+01
1.204059080998610298e+01
1.170754752814290001e+01
1.198381701239682329e+01
1.198395783463678477e+01
8.763720442846691938e+00
1.114055988127182850e+01
1.156880749249084062e+01
1.080217613605234384e+01
1.192374954766319917e+01
1.049541618876248172e+01
1.134433000462699681e+01
1.131463251135407511e+01
1.147815790786682300e+01
1.100791833804131592e+01
1.128519538623424623e+01
1.144343765311635153e+01
1.183364853047694254e+01
9.591099488259512640e+00
1.161348734017928308e+01
1.028600069281449159e+01
1.119103020587984076e+01
1.177571353810014898e+01
1.115592784610622168e+01
1.161619001653490457e+01
1.013984137295902066e+01
1.028328635291307336e+01
1.027771585530171095e+01
1.155356633122417698e+01
1.172856786441865928e+01
1.190798269362005968e+01
1.138306354708917034e+01
1.117298160932425688e+01
1.038561138111606574e+01
1.163602159327858487e+01
1.029060115744736770e+01
1.026760316522590699e+01
1.171423684786472208e+01
1.170380601011823885e+01
1.145023339737124957e+01
1.152792982536080757e+01
1.053824018154789144e+01
9.880081540080947633e+00
1.198897369751758468e+01
1.181586667697226645e+01
1.165770698614145751e+01
9.164302279568326881e+00
1.192323525516503757e+01
1.153206952351056813e+01
1.069603166715432252e+01
1.052860647789534276e+01
1.193853010925635694e+01
1.085693894577117469e+01
1.149326172188039408e+01
8.752295623971045657e+00
1.142954949648770757e+01
8.493416749851652625e+00
1.140590211846591018e+01
1.148869782783848059e+01
1.191889023692317551e+01
1.103854539643172572e+01
8.562854373832033517e+00
1.177809563715773500e+01
1.081539519527571791e+01
1.184556437981338384e+01
1.197919640716891188e+01
1.015442897015640256e+01
1.174588657842472195e+01
1.056063036977249681e+01
1.200775445845413536e+01
1.147428379643953456e+01
1.093910920232499429e+01
9.907860933373775936e+00
1.026663526162156614e+01
1.194005011387979387e+01
1.125496399668432268e+01
1.157046866683805675e+01
1.177337026731023073e+01
1.037938003147987409e+01
1.182287478844577855e+01
1.151837261665204970e+01
1.116129472328515781e+01
1.190661970829872729e+01
1.121401343065978651e+01
1.150054968390552368e+01
1.169548746760067459e+01
1.121899347160802840e+01
7.696575854928313198e+00
1.141693929845128075e+01
1.196283774164495384e+01
1.195790343809738943e+01
8.933509219054691641e+00
1.181804875548385603e+01
1.036019872693103849e+01
1.197475372525298631e+01
1.144847257275019281e+01
9.698101320921912460e+00
1.100902272993903708e+01
1.143315165721185700e+01
1.131947706693813771e+01
9.971394833043508044e+00
1.025686472484788858e+01
1.000973936186329105e+01
1.069181779540384980e+01
1.064571029046025075e+01
1.097560371904949506e+01
9.286431483807549014e+00
1.050881022108386098e+01
9.015138693762160926e+00
1.176646738145081628e+01
1.124596815087680746e+01
1.166997828459454212e+01
1.141405216720797888e+01
1.129073827820938725e+01
1.157977818119536728e+01
1.131463251135407511e+01
1.201551569540193043e+01
1.196357224714819267e+01
1.183040959085142418e+01
1.138686234434188371e+01
1.167927499966640426e+01
1.107598241221212199e+01
1.036097359209331437e+01
1.128128127582669293e+01
1.121814308924300718e+01
1.137569164664467714e+01
1.158009788881277480e+01
1.037706399812977587e+01
1.130665794456266937e+01
1.155710294345727895e+01
1.118069021888105041e+01
1.006431853583612046e+01
1.161379644804432942e+01
1.172881946069058579e+01
9.445893402305481246e+00
1.125685741926739603e+01
1.197550147397519105e+01
1.051878775134776589e+01
1.188721965135485092e+01
1.003720700846955083e+01
8.979763062641504590e+00
1.157622450311022888e+01
1.111384894727164863e+01
1.081738350884147870e+01
1.157047711325948924e+01
1.086949896266032489e+01
1.107091717479573312e+01
1.098054799312945207e+01
1.126877563643169999e+01
1.166154238396051213e+01
1.138174548675350195e+01
1.169889355966950184e+01
1.193290801245192689e+01
9.537959003003924963e+00
1.007896145800645193e+01
1.088926609826817682e+01
9.556206079716943691e+00
1.200358786649350051e+01
1.041948041745148146e+01
1.180820792251597950e+01
1.133372768616835913e+01
1.167026922739933070e+01
1.181342927304656776e+01
1.175985518088991633e+01
1.160895491998033435e+01
1.056172220911253312e+01
1.179485686762799901e+01
1.168304721346374642e+01
8.145098825590356029e+00
1.052896999376444676e+01
1.121390940251488999e+01
1.197950812542259769e+01
1.083000480085439676e+01
1.060238525084021788e+01
1.194545014001656469e+01
1.186631174840405478e+01
1.174713778781772433e+01
1.018269275069488344e+01
9.693260105826324136e+00
1.069426911224082133e+01
1.169100964605987691e+01
1.176053489174685573e+01
1.126297800667561511e+01
8.521211281313769703e+00
1.164649108098679875e+01
9.931610702584967143e+00
1.144488000286332507e+01
1.041618823220934864e+01
1.180586475540708591e+01
1.153586513034651873e+01
1.196479710057797163e+01
1.190625412089329593e+01
1.175853654804634196e+01
1.015989358093852957e+01
1.154322286134704001e+01
1.175531719299509348e+01
1.146758062007654821e+01
1.164210585623991179e+01
1.080217613605234384e+01
1.135115046846545184e+01
9.632223476173260579e+00
1.160838393947444303e+01
1.118071917124487413e+01
1.090015361064284072e+01
1.069875246678135738e+01
9.682524939566340194e+00
9.962514242754792804e+00
1.148089935521749894e+01
1.148165365144294725e+01
1.131666191452738879e+01
1.164447093011713896e+01
1.123595504305351866e+01
9.453289134235518532e+00
1.020895850062357901e+01
1.048347011611637747e+01
9.896681937770029691e+00
1.193114485241796352e+01
1.140856987553983792e+01
1.134205741425308034e+01
9.269229069149805156e+00
8.386016049321604271e+00
1.199265699552250553e+01
1.193508002141522084e+01
1.062878935067219288e+01
1.181131499565568888e+01
1.174252365109274976e+01
1.127296721155343739e+01
1.188387793551441973e+01
1.055915878370558048e+01
1.145963194864649282e+01
1.194124096763925102e+01
1.174493227000432150e+01
1.199593597605255901e+01
9.347159866873788303e+00
1.050183490301355249e+01
1.007284135130109348e+01
1.069151719770826681e+01
1.145829058677134249e+01
1.159130765537630303e+01
1.060992250733657194e+01
1.190122281975236618e+01
8.356824023464747953e+00
9.798216016705106668e+00
9.522704876309500577e+00
9.710176695871650665e+00
1.130177985959229403e+01
1.195132989808813484e+01
1.182918221066309883e+01
1.138686234434188371e+01
9.618829236929792970e+00
1.069893448483841070e+01
1.149556769192798100e+01
9.860916854871771164e+00
1.192707579114697403e+01
1.038423014613576711e+01
1.170969560779566798e+01
1.167759508268025215e+01
1.086753602017872211e+01
1.072986745514271156e+01
1.138016288335868786e+01
1.192209797189703657e+01
1.194582866169690583e+01
1.141675663397151119e+01
1.155261018575009757e+01
1.202560040470708635e+01
1.014005708574057607e+01
1.189870017226841625e+01
9.454098402903444054e+00
1.013780414988390532e+01
1.086258325641098210e+01
9.613364811173422453e+00
1.184082744291995937e+01
1.167664702356194262e+01
1.039390997807790384e+01
1.037141244279722763e+01
1.201045174646775848e+01
9.467739067903206518e+00
1.191705236607469409e+01
1.143721118544992343e+01
1.146201804454726236e+01
1.088447955697381531e+01
1.161539795032090616e+01
1.200626863162445801e+01
1.183847295204970429e+01
1.056090299271121147e+01
1.038422337498306014e+01
1.171750342396332023e+01
1.145838948038062277e+01
1.052860647789534276e+01
1.125181140509762301e+01
1.101552592970644895e+01
1.122914366340288161e+01
1.188158842511861302e+01
1.185907802054017246e+01
1.189385956962386004e+01
1.101363017967246627e+01
1.129728144641276799e+01
1.199453606670746986e+01
1.149818984854042725e+01
1.005101472268078844e+01
1.073333961142417614e+01
1.190928666925691815e+01
1.146981027033933920e+01
1.192631877455607459e+01
1.176043326720532356e+01
1.168967960133730877e+01
1.161543936682022071e+01
1.165773931724810986e+01
1.188207850548303313e+01
1.203333996350616353e+01
1.203073338705653228e+01
1.003181610925927458e+01
