1.820132811251276550e+01
1.777224938229605655e+01
1.632455980396743911e+01
1.810510871519081633e+01
1.600092585921198918e+01
1.748116676862853325e+01
1.607766872388912560e+01
1.789083812574073562e+01
1.809171920774030795e+01
1.607868489095309883e+01
1.600930855290112476e+01
1.667814544005940292e+01
1.822032909094792785e+01
1.507137018685114782e+01
1.797464805980968094e+01
1.647682505143676579e+01
1.600654736791070931e+01
1.759834654597588255e+01
1.243823687312182535e+01
1.805064897196775320e+01
1.600468518514593441e+01
1.775515467021185501e+01
1.777166081164039113e+01
1.777390436098865223e+01
1.666880892280612159e+01
1.541566091957129103e+01
1.676392668158166188e+01
1.829043968862744762e+01
1.728452414893307676e+01
1.699455390607884908e+01
1.624227141902891347e+01
1.752062886211997039e+01
1.757220302146629720e+01
1.830713431167342975e+01
1.612855387264576379e+01
1.679748060566947743e+01
1.813023864298633470e+01
1.687803319455908380e+01
1.691762670217413245e+01
1.600125768218577349e+01
1.743981143147346557e+01
1.783877560172344801e+01
1.722325737691242509e+01
1.773102933537283832e+01
1.814271294472977303e+01
1.726247120657520995e+01
1.671787438665267089e+01
1.682125026722883732e+01
1.666096128544014121e+01
1.662861911434918483e+01
1.800542169437311557e+01
1.600059722509278970e+01
1.396322231769202205e+01
1.786575993678168928e+01
1.775958700569541904e+01
1.754268515390640459e+01
1.777597109958427879e+01
1.626635989569890484e+01
1.601041936566353030e+01
1.781705851314417899e+01
1.739942335764890302e+01
1.792530775885846950e+01
1.719052588288419159e+01
1.755843559795917841e+01
1.796747728674523970e+01
1.762394335660248146e+01
1.627166432108284511e+01
1.818398566529371863e+01
1.785509802015828029e+01
1.674946562306021036e+01
1.769464995768646531e+01
1.600683721894014511e+01
1.794590873485467242e+01
1.750479546363690275e+01
1.608854506739341517e+01
1.738031255091894423e+01
1.698988244889703836e+01
1.797035250898808201e+01
1.636349115333662141e+01
1.414331683136187756e+01
1.602414073759998558e+01
1.794151617248050101e+01
1.790159398034247573e+01
1.722438545876078919e+01
1.435856772352562061e+01
1.207337001179163849e+01
1.749114106769551569e+01
1.707321885952984175e+01
1.779897802412333618e+01
1.712472533138510755e+01
1.735679647327634711e+01
1.773639362782001072e+01
1.701812797826299928e+01
1.608489654681837422e+01
1.748736409160800420e+01
1.670897372388541058e+01
1.603851469447812406e+01
1.667190513531850371e+01
1.628277051804020203e+01
1.424811413765470647e+01
1.831851526222335735e+01
1.695007828086560053e+01
1.561897899953068247e+01
1.731239846225014389e+01
1.652511749011713249e+01
1.607871740214054768e+01
1.778861492135409961e+01
1.489488283865289020e+01
1.825950418465698988e+01
1.795260182454214259e+01
1.684700522012014545e+01
1.610624796741717546e+01
1.810157006084937592e+01
1.676735833781257412e+01
1.831211290503885891e+01
1.805408134536695641e+01
1.825947469419259761e+01
1.801485655267162400e+01
1.735257679187518320e+01
1.718512453779407778e+01
1.629170580435306803e+01
1.692802496852862149e+01
1.716679271505636706e+01
1.672337619571083422e+01
1.667091634011037016e+01
1.640488215301441599e+01
1.694746347539959430e+01
1.602107086200190267e+01
1.714249846718462678e+01
1.657727243491822122e+01
1.603344578515684660e+01
1.833235152371267773e+01
1.684500526787477881e+01
1.810114708394371874e+01
1.469849790087464925e+01
1.818789812625893987e+01
1.606173991960916325e+01
1.705771868372288580e+01
1.829564564701584573e+01
1.617387437968078956e+01
1.822258574779432294e+01
1.757075112228269020e+01
1.611235497232873470e+01
1.830518660500089823e+01
1.789813881614528412e+01
1.669480275531084246e+01
1.738199539869857091e+01
1.645128145240631667e+01
1.795884464783643253e+01
1.708986342188104146e+01
1.822115929242478316e+01
1.741457158973632602e+01
1.708239614533671968e+01
1.686545054022183265e+01
1.801694069277841237e+01
1.784381647190410547e+01
1.701640744730023158e+01
1.601005123044508593e+01
1.711530246898383112e+01
1.636404247509947041e+01
1.816585537960621011e+01
1.603593157232678834e+01
1.762640793191145150e+01
1.822512679648790268e+01
1.619821207926500506e+01
1.719976158666552024e+01
1.601029322927670506e+01
1.739282500089617045e+01
1.780252469301868956e+01
1.810900166839942926e+01
1.627065816891439098e+01
1.748285447864346409e+01
1.762826296995600828e+01
1.403350659058098238e+01
1.794132861151538449e+01
1.793197250226634765e+01
1.748486764456235676e+01
1.767889055700887724e+01
1.781907587896845513e+01
1.742225759069943081e+01
1.785301819895727604e+01
1.715501935302926029e+01
1.758142497620780986e+01
1.748724260432515365e+01
1.759809082397647373e+01
1.600646678149660218e+01
1.652467172677357610e+01
1.810963952970920943e+01
1.603073350785162887e+01
1.772767720750765008e+01
1.741572421133495396e+01
1.666890370530298426e+01
1.669414912178257282e+01
1.803883185677924672e+01
1.734946537225838270e+01
1.609965345156424377e+01
1.772767720750765008e+01
1.652040944957886381e+01
1.634695332339636664e+01
1.794195686081816632e+01
1.705592487614053354e+01
1.668945140285992679e+01
1.643419880148441692e+01
1.494091980533277209e+01
1.600387348073956062e+01
1.767427944689107733e+01
1.649708983471677470e+01
1.583762269744809004e+01
1.812403034873035423e+01
1.631647359133299702e+01
1.667322365676777807e+01
1.778712237525514794e+01
1.697155002573687455e+01
1.600060201357979395e+01
1.629111060858451765e+01
1.787130690046518566e+01
1.600251963340648231e+01
1.714577675166585990e+01
1.712771861106698879e+01
1.600096952251523419e+01
1.746448612827183666e+01
1.654856330055119074e+01
1.755097388070916509e+01
1.793483682094262832e+01
1.601035200791923785e+01
1.697183883340344579e+01
1.618529319902468089e+01
1.721758915838766058e+01
1.719407505411526316e+01
1.788957660335166011e+01
1.619291858472409729e+01
1.610624796741717546e+01
1.708239614533671968e+01
1.695636231956053663e+01
1.772535205586898499e+01
1.600797113942928718e+01
1.499117176608308277e+01
1.713017844093695885e+01
1.795588820647983042e+01
1.626845925579469920e+01
1.832544521688236472e+01
1.828113194903968264e+01
1.824230715571308892e+01
1.792892539151534237e+01
1.657176855174260766e+01
1.775429575478041500e+01
1.809961156313699604e+01
1.688880291886770735e+01
1.735603104288164644e+01
1.604076905974802969e+01
1.733925097801444792e+01
1.620404203836928758e+01
1.485873517623696216e+01
1.732139949388480460e+01
1.392722885666397126e+01
1.602948009809563956e+01
1.600378976470519277e+01
1.821272812644235373e+01
1.800014081573345592e+01
1.818877230199118600e+01
1.813672382876275790e+01
1.736072192993353980e+01
1.602810132782450836e+01
1.688142028643625991e+01
1.753031484668884232e+01
1.668197146815521847e+01
1.601782605367924717e+01
1.729830825004745876e+01
1.615767450746469436e+01
1.670447272028035712e+01
1.695930336619035472e+01
1.600145334256830765e+01
1.719912433999836665e+01
1.805908164914606573e+01
1.773850689287512594e+01
1.733478943578288778e+01
1.791166917937957948e+01
1.767139345336625667e+01
1.596914730877401745e+01
1.745410735417662806e+01
1.753997937906949289e+01
1.699939654903557695e+01
1.825693956754880531e+01
1.600595819149061683e+01
1.665068771663347746e+01
1.668656568710173360e+01
1.783885539296423417e+01
1.697375731470396332e+01
1.801266220272322016e+01
1.756711334826035298e+01
1.741457158973632602e+01
1.833590793718836665e+01
1.697637521198185340e+01
1.601365675665222099e+01
1.658388938772970178e+01
1.766348244248864319e+01
1.750615898918221802e+01
1.600139608939297631e+01
1.824198595511407106e+01
1.641080752293904510e+01
1.665553449031109778e+01
1.797164755898570832e+01
1.805071268482430469e+01
1.825066453226625640e+01
1.733754698676619554e+01
1.794919080690723945e+01
1.684077713856624925e+01
1.623129893971549009e+01
1.601934150559893411e+01
1.717661752929508268e+01
1.826392183587193330e+01
1.686985020052082973e+01
1.823472727703732588e+01
1.783407774641944954e+01
1.600077086942155802e+01
1.794492095929227560e+01
1.602996925686203511e+01
1.777014935849320310e+01
1.611113782511967685e+01
1.819547714322045451e+01
1.778156685067401455e+01
1.709034214866036194e+01
1.755477365931589517e+01
1.659569060604032487e+01
1.797393139492841030e+01
1.685035714667231588e+01
1.739482191122983323e+01
1.680687496583691143e+01
1.507137018685114782e+01
1.795475365976551529e+01
1.691017290280774787e+01
1.600611088117737069e+01
1.601867789907072037e+01
1.790282555346621862e+01
1.629273728080952210e+01
1.792975104077455839e+01
1.638088661186045414e+01
1.807479866599030061e+01
1.719905572048220677e+01
1.829348177610587811e+01
1.769855865220477753e+01
1.671427200123902779e+01
1.715789417335833988e+01
1.704493745364936430e+01
1.785925519535558692e+01
1.600196198369926037e+01
1.820391020237105195e+01
1.709622694399383391e+01
1.640664926457921524e+01
1.602412825338529956e+01
1.774962580454786476e+01
1.823107219204648288e+01
1.772883992980919743e+01
1.602007905169919511e+01
1.622030635898698492e+01
1.825261706479042090e+01
1.668407398938091646e+01
1.580063364081046728e+01
1.574804611935005383e+01
1.817101372965004202e+01
1.803749701174241693e+01
1.828625600208124169e+01
1.625407207621023886e+01
1.280151752562045075e+01
1.828226811942622021e+01
1.703994028160581209e+01
1.768045305246443633e+01
1.634415028847544349e+01
1.600705060746159702e+01
1.784784412075403282e+01
1.797473618923300265e+01
1.823768552868162018e+01
1.637675772365354732e+01
1.651721878977131297e+01
1.818392143192389554e+01
1.600443300277744285e+01
1.773353937053559903e+01
1.739589104961690680e+01
1.445966289526998594e+01
1.743734121149906713e+01
1.742949079073656904e+01
1.731338596891658810e+01
1.604260438704157821e+01
1.762145305570759746e+01
1.708366708484349061e+01
1.604037774053026766e+01
1.605283577347013590e+01
1.826590240786723740e+01
1.684260592954246860e+01
1.796427510760661050e+01
1.772883992980919743e+01
1.606636553331357575e+01
1.760131430915970085e+01
1.601612950508479472e+01
1.643325995727969868e+01
1.819810288864342596e+01
1.763451273740443881e+01
1.757815703879863989e+01
1.737531901697355607e+01
1.764933113990613123e+01
1.669055064678454414e+01
1.718325300322633353e+01
1.821827709711963550e+01
1.638088661186045414e+01
1.389621302628987998e+01
1.767025237279131744e+01
1.676021077029360384e+01
1.751280236989417816e+01
1.826909057926917157e+01
1.616647525678535047e+01
1.724458987199160376e+01
1.716679271505636706e+01
1.727087240182008543e+01
1.810477080257708948e+01
1.697795261117371624e+01
1.810421121482622908e+01
1.825680237597244471e+01
1.748722973001535053e+01
1.767167044357120886e+01
1.808172494674968078e+01
1.774266198363442015e+01
1.788793202752074407e+01
1.784637704229169941e+01
1.674491255632182174e+01
1.667089054858455199e+01
1.803597289417847094e+01
1.611340032008589773e+01
1.769422755580245621e+01
1.817472556560360175e+01
1.600385700805868794e+01
1.744998605580823892e+01
1.602322698775326515e+01
1.771186836602333514e+01
1.749582578910118968e+01
1.752435928650616503e+01
1.829806576103983318e+01
1.715625017612808634e+01
1.688414365660485572e+01
1.609222869868298389e+01
1.604937314831055062e+01
1.820618147328903547e+01
1.739766021228731674e+01
1.805908164914606573e+01
1.753357511197739171e+01
1.661979963862416554e+01
1.666983501141302781e+01
1.715332837110494424e+01
1.706716933118551793e+01
1.758204718535496980e+01
1.632500815864645460e+01
1.798972146708310405e+01
1.629170580435306803e+01
1.680590775906915724e+01
1.679425501695923373e+01
1.704613270551283577e+01
1.703672708192777563e+01
1.776821461479950770e+01
1.708459902673805431e+01
1.600441737128968001e+01
1.600177575619989057e+01
1.756822785588225599e+01
1.700331253482369931e+01
1.795725104549007511e+01
1.775328598901466037e+01
1.697206286683611154e+01
1.671691261512680882e+01
1.806883232474672596e+01
1.689900633883720005e+01
1.607466556683193559e+01
1.791752603163983437e+01
1.818233251357240121e+01
1.805822817006263037e+01
1.821746203418121723e+01
1.651774107270285441e+01
1.725142443792945812e+01
1.606427907466718352e+01
1.667845956779668271e+01
1.716917600861120263e+01
1.615306023583553241e+01
1.607148524425510416e+01
1.715804248042806179e+01
1.787459302937659089e+01
1.623129893971549009e+01
1.628863624074400107e+01
1.600119996063416394e+01
1.372776202600753592e+01
1.732396539011210734e+01
1.683259441125613165e+01
1.817316907720181973e+01
1.760717531178224249e+01
1.600157088552383655e+01
1.758323265089384435e+01
1.638131236435479110e+01
1.750768757697959899e+01
1.759861023613191122e+01
1.612572219639143967e+01
1.669147503648781949e+01
1.703811467919279465e+01
1.602359311804565678e+01
1.672933100688626595e+01
1.797010630497571526e+01
1.653853804691956242e+01
1.734345865105259321e+01
1.726885139362202182e+01
1.718968237601617588e+01
1.618958564181214754e+01
1.722834763094861543e+01
1.622787628813490457e+01
1.767549164635681080e+01
1.786229847550651684e+01
1.747588492709277119e+01
1.644372889261149240e+01
1.821272812644235373e+01
1.826373294049624363e+01
1.773433228766845460e+01
1.600705060746159702e+01
1.828131410786558675e+01
1.639629810027241064e+01
1.820891508985265261e+01
1.682109782481448690e+01
1.600968168129919533e+01
1.695997644578207542e+01
1.445081713856141725e+01
1.815082504015492049e+01
1.635935335454641049e+01
1.601048828153099279e+01
1.684492907603030787e+01
1.699546986786527825e+01
1.830917382216722800e+01
1.600740272202300929e+01
1.823998420882190530e+01
1.606898955890296321e+01
1.651573773731663053e+01
1.643814825640585653e+01
1.754596120092515577e+01
1.644842745749286905e+01
1.711230068986402131e+01
1.670606497722060979e+01
1.781124155417433741e+01
1.676991228487066721e+01
1.798550427918487671e+01
1.666720441330386038e+01
1.665152933964871806e+01
1.769570270589978733e+01
1.693441648506554387e+01
1.808861506932493057e+01
1.657190310480753581e+01
1.759608189552675128e+01
1.830674025169747310e+01
1.654520998428765211e+01
1.712727186752408670e+01
1.732676306521436160e+01
1.765469014809092485e+01
1.827987353482057031e+01
1.786480779175639455e+01
1.720468057182351629e+01
1.633126246183013208e+01
1.810664520774431452e+01
1.806069761338958202e+01
1.806996427853809095e+01
1.727821984978954006e+01
1.645999436848000030e+01
1.768074608385171231e+01
1.743600252434997699e+01
1.605453537831225930e+01
1.632777127462581035e+01
1.810421121482622908e+01
1.656318274284457814e+01
1.656629864493030269e+01
1.784300170457438028e+01
1.799511536987278859e+01
1.688924664492451555e+01
1.668197027811435973e+01
1.679970381392539380e+01
1.667824385847191593e+01
1.822691743854693414e+01
1.711444044134161757e+01
1.600361033040613634e+01
1.602597115016303775e+01
1.745902758607351757e+01
1.810090729724825209e+01
1.620404203836928758e+01
1.794719774409657020e+01
1.684115406249713587e+01
1.819380021085873977e+01
1.741372867765310417e+01
1.726101785429989377e+01
1.622649451354363137e+01
1.802837976015721466e+01
1.781685028421979311e+01
1.353771477966428449e+01
1.613602348384249652e+01
1.765578920573557298e+01
1.613516706658061040e+01
1.770620395020629445e+01
1.755843559795917841e+01
1.623260839263638644e+01
1.742788268404884278e+01
1.798110510478907642e+01
1.811521437885405206e+01
1.820940443915164764e+01
1.751594266286709711e+01
1.721449305064307822e+01
1.772968258966974631e+01
1.648477030688941269e+01
1.669480275531084246e+01
1.600428508119060567e+01
1.777526620715557470e+01
1.744379313122866648e+01
1.671662520016289477e+01
1.629739607089522124e+01
1.605074390100721260e+01
1.765970451513843997e+01
1.729027468890389585e+01
1.782623245771797471e+01
1.600100429206000996e+01
1.709085023789665314e+01
1.832919242095697143e+01
1.447387203009552969e+01
1.605437082415370043e+01
1.810090729724825209e+01
1.659052826091434696e+01
1.721073702835881392e+01
1.809154482205424230e+01
1.782921198190337719e+01
1.790996092701199416e+01
1.652475282543448287e+01
1.780221216042078680e+01
1.704099675336022202e+01
1.705795936121245404e+01
1.651387487542295318e+01
1.803071511510317038e+01
1.604223309337209358e+01
1.656555077875971094e+01
1.799291797071082755e+01
1.621092360098267804e+01
1.667814544005940292e+01
1.748486764456235676e+01
1.722437445711460668e+01
1.633849756203682446e+01
1.774952743096459784e+01
1.733451991462519715e+01
1.630872118563292972e+01
1.778669532563267808e+01
1.731318602506603810e+01
1.657772666269754325e+01
1.719403833982272189e+01
1.788877605414674221e+01
1.591268446678397908e+01
1.412729859499041929e+01
1.798533848966230053e+01
1.355786479544824985e+01
1.600758562316643818e+01
1.770456542497747421e+01
1.743601181818907264e+01
1.767318265964689061e+01
1.774339724727606438e+01
1.793846031041161737e+01
1.684845860538752760e+01
1.732913723997517152e+01
1.803071511510317038e+01
1.645355152397697296e+01
1.818340294443929395e+01
1.795818910307110272e+01
1.822916023231331906e+01
1.606258226697377012e+01
1.791443086078628610e+01
1.469889963168421154e+01
1.685940375055746188e+01
1.661139743387976964e+01
1.754812014383353258e+01
1.767335756870552643e+01
1.831350226307979412e+01
1.636752417171984320e+01
1.780508851465830844e+01
1.604984738808055411e+01
1.798840600970433456e+01
1.747606599884685963e+01
1.728339668072693414e+01
1.748053037867247284e+01
1.732395708128659351e+01
1.772575247352452621e+01
1.638286730914774481e+01
1.762394335660248146e+01
1.669480275531084246e+01
1.811480537216773357e+01
1.689913509517623069e+01
1.713956626400871031e+01
1.798120121725296627e+01
1.615306023583553241e+01
1.292330976299944290e+01
1.731549275495056150e+01
1.617402249232889844e+01
1.637328376387328532e+01
1.740174541952696785e+01
1.600544073985657079e+01
1.640970465930423572e+01
1.804296987680834974e+01
1.672208516549711632e+01
1.692007964528640684e+01
1.801739405975530062e+01
1.457126784011277643e+01
1.818398566529371863e+01
1.228067900380970734e+01
1.808727305557579612e+01
1.572365876403693008e+01
1.634711867031527532e+01
1.699473169867421518e+01
1.805617014652072783e+01
1.715663546710887033e+01
1.719728543084033134e+01
1.826511746639130962e+01
1.736542448837489161e+01
1.783531226111576728e+01
1.476684452698836303e+01
1.600397758530209558e+01
1.648762275502887675e+01
1.791374182064310716e+01
1.682035242704745315e+01
1.601776134920636352e+01
1.766051002710507944e+01
1.656921327177035153e+01
1.825715158755910039e+01
1.716712928243887859e+01
1.784871706874542596e+01
1.684065063014326213e+01
1.686973679676224336e+01
1.693839524534684315e+01
1.797790888830518341e+01
1.602801730254789092e+01
1.667424871002070930e+01
1.671751902490983710e+01
1.807666336612023628e+01
1.612769123203203847e+01
1.695757760593158991e+01
1.814632692991766305e+01
1.793665701562332515e+01
1.740979414097529698e+01
1.793018182613873535e+01
1.768083455055300135e+01
1.651387487542295318e+01
1.739400335065649728e+01
1.776823460872094174e+01
1.706748285093614115e+01
1.634313265171931562e+01
1.689600835812974111e+01
1.733651634483348047e+01
1.600184551656180076e+01
1.600065506221168476e+01
1.663293197715235294e+01
1.725467003785825781e+01
1.699939654903557695e+01
1.612007559289909153e+01
1.777184345089732176e+01
1.435332211718616691e+01
1.712567100805625486e+01
1.823040699909269335e+01
1.828545920205776554e+01
1.741948067696564451e+01
1.652944582521922356e+01
1.763702951730067170e+01
1.759766878647793575e+01
1.601209087015625343e+01
1.600372249886807907e+01
1.652384187669432691e+01
1.805533328256266046e+01
1.765103219232133114e+01
1.819095219286749909e+01
1.797479619320175459e+01
1.519665930498180018e+01
1.833951827465795148e+01
1.744224576396436532e+01
1.833995631093943146e+01
1.608511232516746858e+01
1.755436176892583333e+01
1.729919073397321938e+01
1.789645466666018692e+01
1.795398619610718782e+01
1.784822387418263290e+01
1.639789831796457165e+01
1.679810698637264466e+01
1.625070260463594707e+01
1.600063146244608703e+01
1.709472819898126161e+01
1.827163854803438170e+01
1.688957111515936660e+01
1.771023411685537141e+01
1.601335855629451999e+01
1.829928771684485156e+01
1.655495297297330382e+01
1.624785183545309764e+01
1.744244783362649898e+01
1.795031501383142114e+01
1.774391142437775670e+01
1.693177017859430578e+01
1.822012125364295088e+01
1.755542460026492080e+01
1.675892380971041717e+01
1.749315656451404521e+01
1.600282733018269354e+01
1.626079932608970680e+01
1.692337634905693378e+01
1.766530893759636811e+01
1.357150076633788416e+01
1.600083595132653613e+01
1.600100429206000996e+01
1.689481629270845886e+01
1.691500657384201745e+01
1.625813726814541837e+01
1.726162159885630487e+01
1.611063752837830876e+01
1.601425398673613287e+01
1.706017930217690548e+01
1.801398871694360082e+01
1.621075904040119653e+01
1.763436390877073379e+01
1.811642855011088571e+01
1.787454931460464280e+01
1.823986012327587147e+01
1.827331379234534481e+01
1.602383946225716471e+01
1.792482770285958793e+01
1.807401071676789073e+01
1.781828786451084312e+01
1.616300789562513884e+01
1.640970465930423572e+01
1.748084902804569651e+01
1.733188173002797328e+01
1.789270060123103789e+01
1.600023169059084793e+01
1.600806428153313377e+01
1.800542169437311557e+01
1.730621411607413407e+01
1.704278340626956023e+01
1.801455112047414175e+01
1.808059411470693689e+01
1.729692767143811594e+01
1.604514615422074186e+01
1.610246552909219631e+01
1.764787700299571682e+01
1.188283042425677927e+01
1.476684452698836303e+01
1.639138033354020862e+01
1.729233978334023902e+01
1.605379795030699341e+01
1.603438780593506507e+01
1.615662828598361145e+01
1.819091415926708422e+01
1.625407207621023886e+01
1.818392143192389554e+01
1.529137794669807171e+01
1.760050922725089961e+01
1.696133696549743419e+01
1.824689401325981919e+01
1.802017849492985491e+01
1.600962284177155226e+01
1.831914345331047045e+01
1.647524862103679055e+01
1.506902189207382925e+01
1.669859357919390774e+01
1.795166527083342700e+01
1.799626483889957029e+01
1.722669385411651888e+01
1.767417305976837483e+01
1.692916992548692789e+01
1.731037798628129920e+01
1.775574987337467192e+01
1.677565588609508396e+01
1.313312128445226890e+01
1.641080752293904510e+01
1.477911302330640808e+01
1.812571329772516293e+01
1.767784682004477403e+01
1.776198580655776027e+01
1.655731704042473851e+01
1.783432597855941637e+01
1.798908261743941850e+01
1.643157666422713703e+01
1.735823797942990510e+01
1.772579727200390920e+01
1.726757998718156273e+01
1.805273897764254798e+01
1.681035092047267909e+01
1.690303014226284617e+01
1.646882819899366268e+01
1.656291448578320313e+01
1.758398013628869805e+01
1.632608537625130296e+01
1.787435229428904648e+01
1.801259323555344949e+01
1.827730652348925844e+01
1.770749933072123028e+01
1.741572421133495396e+01
1.776255629235572542e+01
1.776824606722199462e+01
1.684702861443860655e+01
1.698866401152540817e+01
1.796747728674523970e+01
1.298994129739694259e+01
1.669402962455718864e+01
1.808662253427085531e+01
1.714766637497770319e+01
1.804119169352176044e+01
1.788947115181454706e+01
1.830557995046740416e+01
1.787640975939263299e+01
1.686833831118753935e+01
1.825918671640845048e+01
1.730654736433880103e+01
1.687285793706843862e+01
1.759871032194940099e+01
1.792147423312317045e+01
1.638321983052905040e+01
1.691449358562406147e+01
1.612360864887722300e+01
1.800821870199719044e+01
1.809971343902261864e+01
1.770823931345878322e+01
1.791137331069771932e+01
1.783573939487824589e+01
1.592993529423305077e+01
1.621593897745627899e+01
1.470820392304566226e+01
1.815458379668547551e+01
1.778533727342112414e+01
1.639789831796457165e+01
1.798135044212064670e+01
1.821538943020573242e+01
1.801784837310908216e+01
1.685622326993283338e+01
1.616934880442859424e+01
1.821722035289965902e+01
1.824406051077280466e+01
1.823749632350398997e+01
1.613283662265178720e+01
1.813104892531532286e+01
1.556501086933334044e+01
1.721792948781465071e+01
1.798064351306197750e+01
1.793709760617939608e+01
1.601386151898379850e+01
1.742855426181265344e+01
1.758588339430971104e+01
1.591546923411048908e+01
1.832541238835150210e+01
1.694424393395867412e+01
1.600033908779145264e+01
1.712853193927025330e+01
1.605120456301252219e+01
1.729450405024097392e+01
1.614374995151291614e+01
1.820391020237105195e+01
1.014505764462471937e+01
1.713339202455555466e+01
1.725985095465802033e+01
1.729539464128364656e+01
1.752844274576672490e+01
1.681480130163528131e+01
1.783772374607914202e+01
1.606261181695167295e+01
1.675653232848874197e+01
1.771186836602333514e+01
1.644557728024674503e+01
1.751887360873163857e+01
1.831047588767517453e+01
1.621037865453993732e+01
1.557397503126649596e+01
1.773569171158120383e+01
1.762232121604413493e+01
1.755367206539515834e+01
1.634263981852885550e+01
1.704285004130300862e+01
1.600521941358454114e+01
1.739584050435793827e+01
1.609272782036848426e+01
1.803056549962539989e+01
1.830317108948717930e+01
1.730765053275629128e+01
1.668947745371045954e+01
1.738015100335507412e+01
1.335636608144547033e+01
1.616567905420292561e+01
1.600600882320528839e+01
1.779639129505995854e+01
1.822475594084934158e+01
1.778982187879002197e+01
1.768015950800239366e+01
1.794571024197725251e+01
1.754807797733101182e+01
1.602921256651357851e+01
1.659052826091434696e+01
1.675227689192854186e+01
1.620904158933544181e+01
1.600264745506480324e+01
1.821021308847218023e+01
1.803755962344349939e+01
1.682462018580852714e+01
1.382575728544310856e+01
1.750691103997098708e+01
1.776969977222477226e+01
