1.030087312285609258e+01
9.514125781349394018e+00
9.612542094492162903e+00
9.656038162826549254e+00
9.974641008655622088e+00
1.001555903515897938e+01
1.021865011215951213e+01
1.025768819883372274e+01
1.014537444829402091e+01
9.580632413820351800e+00
1.027585093878828282e+01
9.484889672793874738e+00
9.983329098214944963e+00
9.892254838885591539e+00
9.554014741287291557e+00
9.624840887232211983e+00
9.504602548157679465e+00
9.772283650281595513e+00
1.025768819883372274e+01
9.806690136393822144e+00
8.708332888242994230e+00
9.441266266440969446e+00
1.028784730107580003e+01
9.404535741992782860e+00
9.309554912353867451e+00
9.181014794138521395e+00
1.029177063858726271e+01
9.522412987709783394e+00
9.738334086270272749e+00
8.989023871111454511e+00
1.022219285743566886e+01
7.911565638130289457e+00
9.105179366777953476e+00
9.974641008655622088e+00
9.751478860753682198e+00
9.655397926224777549e+00
1.003811372854344874e+01
9.157324373488256342e+00
9.467373029363947978e+00
9.629458639015796351e+00
9.412148173269958562e+00
1.004969319726074062e+01
9.897726991618363002e+00
1.014004761090916773e+01
9.548264735410029402e+00
9.572063239832017345e+00
9.756770767051079929e+00
1.015967993346705356e+01
1.029789499539123376e+01
9.513781145459187627e+00
9.839255401269646484e+00
1.009488032278525438e+01
9.897726991618363002e+00
9.181014794138521395e+00
9.196265092266079577e+00
9.226479562766936482e+00
8.979670172368305003e+00
9.637005179176682645e+00
9.502185403687237297e+00
9.600839448293408296e+00
8.665002097299669970e+00
9.996297241224892716e+00
9.334010932454873455e+00
9.335404269856793391e+00
1.008557452178905578e+01
1.028559228973463568e+01
9.366552584701233641e+00
1.004269371076111206e+01
8.813916972867275490e+00
9.198962683775201654e+00
9.103372990955042710e+00
1.012603200295301953e+01
9.918108920051340149e+00
9.772283650281595513e+00
9.679301652189110428e+00
9.329619566868785796e+00
9.782660504414518954e+00
1.030257474782638916e+01
9.605813089473699051e+00
9.132541495414784549e+00
1.029148561928756855e+01
8.501359710255110613e+00
1.025606624111675380e+01
8.799092003549226604e+00
9.978233108014469721e+00
9.181014794138521395e+00
9.656038162826549254e+00
9.421521941613740125e+00
9.367714271666770287e+00
1.027505787275399562e+01
9.654491802407365597e+00
1.017564499248378418e+01
9.595397456540556647e+00
9.700601005877604877e+00
9.695441531494408238e+00
9.421139308787628508e+00
9.418087152911466475e+00
9.856423456996783017e+00
9.327533244018027858e+00
9.530317882401339702e+00
8.640041340766774880e+00
9.502173941770612586e+00
9.294924142439327852e+00
9.712623779556786019e+00
9.656038162826549254e+00
7.384013878134207509e+00
9.176992534799140344e+00
9.506888768278360047e+00
8.868969541751113184e+00
9.313423706191278129e+00
9.218625481932230414e+00
9.495514807140835956e+00
9.706803422467535469e+00
9.579189190488325067e+00
9.347860053444204453e+00
9.772283650281595513e+00
8.954041003206903326e+00
9.400734275497450554e+00
9.754378657997675006e+00
1.031169431068665787e+01
9.063170726771275554e+00
1.026948718860231047e+01
1.006053289278414198e+01
1.015182579574308086e+01
9.204026132956999007e+00
8.353030813385034392e+00
9.981866368330159389e+00
9.481333330467938580e+00
9.480048374483478923e+00
9.512025929729507112e+00
9.991658760327620570e+00
9.559284345016470397e+00
1.029082477271239604e+01
9.251708271263174410e+00
9.461024778449894868e+00
9.325108613012512038e+00
9.834997007477779718e+00
9.318414549156054605e+00
1.018380442146408527e+01
8.836870201800362423e+00
9.582355155097136645e+00
1.030321087154646342e+01
8.304169355851424683e+00
1.013738325299438259e+01
9.768715366889741958e+00
9.632217298402888872e+00
9.413667462040155698e+00
9.185637859774514524e+00
1.028924385622283388e+01
9.382219555307127479e+00
8.552113286601324305e+00
9.595419514289295293e+00
9.946385946177921156e+00
9.507555447145392691e+00
1.012113172165291886e+01
9.577054219246212696e+00
1.029672863074812561e+01
1.014537444829402091e+01
8.990237034416466599e+00
9.494315126286331008e+00
9.635069829527092011e+00
1.008203671857643080e+01
9.786033523787928345e+00
7.384013878134207509e+00
9.296694725038138429e+00
1.017471333178647797e+01
9.451374913954547097e+00
1.025768819883372274e+01
9.882383440680214903e+00
1.010118069978640598e+01
9.393984657210582512e+00
9.918108920051340149e+00
9.476630134630390501e+00
1.029177063858726271e+01
8.187593356868141825e+00
9.514434748581695800e+00
9.716256618141079215e+00
9.619338085304153907e+00
9.439873697451492518e+00
9.625364715355232192e+00
1.014467421122291668e+01
9.809930304964501246e+00
9.943266880229435500e+00
9.204026132956999007e+00
9.991332723878835864e+00
9.765353060012218478e+00
8.538383064599265992e+00
8.803951959541167938e+00
9.566984668397461533e+00
9.800991819114839743e+00
9.950322257707767903e+00
9.662102986071214872e+00
9.477773460087302482e+00
9.996243476037944831e+00
8.748430890372736357e+00
1.008557452178905578e+01
1.016728489079200592e+01
9.540940057309157396e+00
9.734951890737290725e+00
9.834437699400625732e+00
9.309172122577225039e+00
9.804517946702034692e+00
9.320744685588374878e+00
9.207300569437613547e+00
8.946247389838950070e+00
8.194859959376906033e+00
1.020847634738381515e+01
9.313380213613172032e+00
9.306975043200969466e+00
9.572162362403966895e+00
9.516311754992951677e+00
9.617982285867086034e+00
9.932707500717588900e+00
1.024371235783462453e+01
8.656764511530898432e+00
9.917676215634280368e+00
9.438259501937405815e+00
9.290674207964217501e+00
9.411273130456965674e+00
8.983946700493298465e+00
9.156270485760730438e+00
1.002481788604732316e+01
1.003172598533525672e+01
8.804732908334521824e+00
9.816142205661263276e+00
9.515330269632126914e+00
9.053930477758663997e+00
1.005676540422035892e+01
9.370454133664951613e+00
9.443992853967534629e+00
8.941758022231798719e+00
9.011385822809847568e+00
1.016728489079200592e+01
9.181014794138521395e+00
1.007387334340423557e+01
9.251708271263174410e+00
9.233091144231554637e+00
9.335716869717975541e+00
1.005488845112104102e+01
9.332850371500271081e+00
9.611154713207708866e+00
9.662005421088446511e+00
9.828319861871088747e+00
1.028964886197898743e+01
9.612542094492162903e+00
9.754378657997675006e+00
1.014809816963608391e+01
9.359695935847366144e+00
9.903613055143853927e+00
9.610024172579148427e+00
1.007651230418951371e+01
9.477218738067923809e+00
9.842094673833386764e+00
8.794143446265280772e+00
9.640231067031598045e+00
9.419570193345547793e+00
1.005835202337369516e+01
8.568679117345414653e+00
9.166081238013886079e+00
9.544142834626216043e+00
9.393984657210582512e+00
9.418372674419456914e+00
9.380098660229915453e+00
9.145051464440150824e+00
1.028785122975561173e+01
1.031473808124388647e+01
1.020135263887366150e+01
9.890958322070794395e+00
1.003833764363983327e+01
9.662648708322622682e+00
8.924989769288409036e+00
9.694825521513672939e+00
9.879658242918369027e+00
9.177103459834311749e+00
9.565467377543594552e+00
9.706082957897928409e+00
9.950662289174902142e+00
9.489485622431004685e+00
1.002919096402364829e+01
1.031169431068665787e+01
7.911565638130289457e+00
9.318284211493320868e+00
1.026626388108500620e+01
9.806073317594599104e+00
9.791849652928389602e+00
9.404535741992782860e+00
1.007121607971328459e+01
9.656038162826549254e+00
1.007387334340423557e+01
9.772283650281595513e+00
1.014467421122291668e+01
9.788288900860095509e+00
1.001778302808787480e+01
8.175831476944763310e+00
9.735026263971921168e+00
1.012241833856625206e+01
9.804591410271660479e+00
9.689826774971843193e+00
9.506182007851236904e+00
9.397500154256924532e+00
1.020092607274467689e+01
8.501359710255110613e+00
1.026948718860231047e+01
9.959392679610846955e+00
9.376170208568014530e+00
1.019346617944479760e+01
9.962377143361713649e+00
9.306714099346089952e+00
8.963045587469338216e+00
8.721158275749106181e+00
9.750005889945050797e+00
9.632900812206360186e+00
9.535275643360305864e+00
9.635260789241240076e+00
9.515330269632126914e+00
9.212291316107721784e+00
8.755797942084738494e+00
9.163110768358789571e+00
1.022999160746516978e+01
9.336120881592043119e+00
9.002657926164992830e+00
9.623098354962278833e+00
8.501359710255110613e+00
9.608035834636313055e+00
9.495531632829662172e+00
9.422297760617151852e+00
1.031050581651830811e+01
9.195166108664396987e+00
1.028936944427100286e+01
1.031169431068665787e+01
8.815481440409620006e+00
1.011152528266293160e+01
9.439344037635921225e+00
9.355427981558065653e+00
9.643800591806433786e+00
1.023684753785748569e+01
9.642300702202962981e+00
8.656764511530898432e+00
9.484086665490069734e+00
9.772283650281595513e+00
1.002728610907343487e+01
1.026532796234072364e+01
9.918108920051340149e+00
9.970579324569438739e+00
9.569661544947745568e+00
1.022783477968064503e+01
1.025768819883372274e+01
1.026587541776668822e+01
1.002841244042327418e+01
9.931191428659634113e+00
9.393984657210582512e+00
9.548229128850579173e+00
9.441266266440969446e+00
9.512401597156888045e+00
9.918108920051340149e+00
9.709417403753400677e+00
1.013738325299438259e+01
9.423630350368346953e+00
9.315587301278636545e+00
9.325108613012512038e+00
8.708332888242994230e+00
9.170216879822021383e+00
9.441380215068203796e+00
9.263297927076260763e+00
9.963710913630716703e+00
9.979588054602727354e+00
9.854028021449659391e+00
7.384013878134207509e+00
1.028005474887666537e+01
9.416540700563977850e+00
9.103372990955042710e+00
1.004994169375508939e+01
8.538383064599265992e+00
9.463642470677365637e+00
1.005545309594804948e+01
9.838070259664247530e+00
1.022187364083450056e+01
1.021826490432518675e+01
1.030734065253975906e+01
9.974540945264674718e+00
1.014754597607091036e+01
9.641397550522510684e+00
1.028451034328676350e+01
9.635466900248944810e+00
9.741047058203145426e+00
1.007387334340423557e+01
1.031209996263551076e+01
8.107229224308186488e+00
9.417568717336397555e+00
9.459103356224288106e+00
9.812803658005275764e+00
9.709417403753400677e+00
9.573939515732675432e+00
9.751494745665771902e+00
9.985625904043718748e+00
9.274775879575063442e+00
9.699836416354846946e+00
9.650024165620187944e+00
9.959878718297659361e+00
9.766055521928437955e+00
9.758078750763994336e+00
9.412148173269958562e+00
9.496651641199106209e+00
9.790274405311615524e+00
9.650684014275768163e+00
9.612542094492162903e+00
9.918108920051340149e+00
1.013181354934540224e+01
9.719485018965874801e+00
9.772283650281595513e+00
9.418372674419456914e+00
1.022113736778462112e+01
9.684611516771894912e+00
9.144816519755837092e+00
9.886498673191612241e+00
8.538383064599265992e+00
9.195381009435710240e+00
9.940100535148587824e+00
8.578575487076300021e+00
9.886818866995248811e+00
1.030652307680383295e+01
1.027751840253599980e+01
9.502173941770612586e+00
9.877141141006267944e+00
1.002691253992457376e+01
9.331914375764089442e+00
1.029250922451344863e+01
1.016728489079200592e+01
9.599723506433212705e+00
9.546355090217810258e+00
1.020485224405254243e+01
1.023742981424713250e+01
1.014032993132760474e+01
9.359333417514365649e+00
9.533702170761701566e+00
9.157685558219286648e+00
9.392712533432659328e+00
9.930883267196692898e+00
9.691010332898049029e+00
9.348782788425605617e+00
9.956854723643070670e+00
1.016728489079200592e+01
9.970752125153977019e+00
9.910794934050077387e+00
9.456730220450115354e+00
9.614452718895094563e+00
9.206708026581738480e+00
9.432359111071578539e+00
9.777432856611209644e+00
1.025768819883372274e+01
9.375121158923528597e+00
9.948466743017549518e+00
9.671352519076371834e+00
1.027634171289548348e+01
9.479377525108617419e+00
9.145051464440150824e+00
1.007276472550699076e+01
9.882383440680214903e+00
1.016329065606534421e+01
1.026074443197971142e+01
9.393984657210582512e+00
9.398744271154793495e+00
9.620965208581635508e+00
9.378419892896546983e+00
1.006787881656736694e+01
1.028816895989120894e+01
9.896309445991947840e+00
9.754378657997675006e+00
9.538791735234312341e+00
9.436487253480317250e+00
9.414405474369175408e+00
9.624979018660852148e+00
9.782394804059014959e+00
8.965158822991925902e+00
1.014537444829402091e+01
9.344744693107728040e+00
9.116800482075845480e+00
9.315967510690940756e+00
9.138566167287043740e+00
9.383902195144976588e+00
9.897726991618363002e+00
9.442364302241168517e+00
1.029177063858726271e+01
9.868593850686430358e+00
8.643207763333688121e+00
9.154491024307803926e+00
9.506539371933593330e+00
9.347904944979553932e+00
8.232124918652116818e+00
1.004593615644577476e+01
7.893558779128205138e+00
9.545582266730971099e+00
1.001753553977471434e+01
8.592889672262632672e+00
9.844461552158245254e+00
9.935975480274649385e+00
9.290674207964217501e+00
9.994475721698465875e+00
1.003353554468503006e+01
9.787071312965057501e+00
9.431538425961583982e+00
9.475195601979542914e+00
9.875446528467158203e+00
8.768197599472861370e+00
9.323490301961710358e+00
8.314313761815519399e+00
9.394251454960091507e+00
9.947519726731027134e+00
9.576459176327539069e+00
9.516117445673216935e+00
1.003813170064485405e+01
9.616311483138547445e+00
9.738178714856069007e+00
9.511257265313934894e+00
9.495531632829662172e+00
1.011762444992179866e+01
9.914362663783485630e+00
9.207921595405334614e+00
9.655397926224777549e+00
9.413667462040155698e+00
9.519281227033388859e+00
9.564298810422238617e+00
1.026975572329574682e+01
9.918108920051340149e+00
1.025925163152397701e+01
8.331007624762573727e+00
9.515330269632126914e+00
1.027666052030524568e+01
9.804503468101138708e+00
9.629458639015796351e+00
8.946601986496597547e+00
9.012234632466860518e+00
9.512407460286317118e+00
9.352178352883994350e+00
9.745245099826446378e+00
9.460777069010061879e+00
9.456544293804103773e+00
1.014537444829402091e+01
9.701505042186548522e+00
9.192107403767241891e+00
9.801317686483214331e+00
1.029357654063528216e+01
8.320131596163617971e+00
9.844461552158245254e+00
1.025768819883372274e+01
9.501374643126798247e+00
9.773647549379743893e+00
8.984505260328383258e+00
1.018597646575676663e+01
8.836870201800362423e+00
9.753367748170628460e+00
1.019167744194871617e+01
9.484208378207954482e+00
1.004588191715981793e+01
9.233709849044586804e+00
1.015408203963017186e+01
1.017011565713822208e+01
9.739311839447921670e+00
9.227129624379688977e+00
9.290674207964217501e+00
9.393984657210582512e+00
1.020958187945153384e+01
1.007651230418951371e+01
9.631378108847451713e+00
9.931359003361379223e+00
9.270594383968097318e+00
9.978304348302607707e+00
1.013738325299438259e+01
9.753371716499726674e+00
1.013527308324553822e+01
1.000441638707284220e+01
1.007387334340423557e+01
9.526439669434626722e+00
8.074738922798735175e+00
1.020732071533260843e+01
9.621056186023038137e+00
1.010658089753210298e+01
9.568659090290305258e+00
9.451154473567985548e+00
9.585362125332638428e+00
7.893558779128205138e+00
9.528190519109751122e+00
1.004588191715981793e+01
9.404535741992782860e+00
9.612542094492162903e+00
9.906340802627111586e+00
1.023572180150677013e+01
9.271794705482790278e+00
9.941242175244084933e+00
1.020575383675146952e+01
9.437363725626859434e+00
9.957316006285967802e+00
9.981755606836404837e+00
9.563785416861824373e+00
9.462430170802658580e+00
9.629458639015796351e+00
1.009367332548273843e+01
9.624996172914482173e+00
1.013304499773335721e+01
8.850120626501677634e+00
9.245788947698386551e+00
9.441266266440969446e+00
9.918108920051340149e+00
1.022158051787445920e+01
9.688596970625887650e+00
9.935995795244121354e+00
8.948446064494861574e+00
1.031055296544804101e+01
1.000750204126370413e+01
1.001281944599027796e+01
9.496651641199106209e+00
9.162425897491289106e+00
1.011152528266293160e+01
1.007814718343444582e+01
1.011111886204234978e+01
1.011268922804186055e+01
9.196338395450595726e+00
9.613367439665930547e+00
9.612542094492162903e+00
9.918108920051340149e+00
1.026948718860231047e+01
1.026459123986056809e+01
8.607168088904071368e+00
1.029177063858726271e+01
9.626599466084709178e+00
1.015908953421225291e+01
7.555090069569486921e+00
9.446716832016067045e+00
1.010384311451511330e+01
1.017489983216645300e+01
1.001989045679740009e+01
9.448398541091822977e+00
9.627251456404133378e+00
1.004379434465045584e+01
9.418825347708255080e+00
8.593399786063409707e+00
9.601690187143359978e+00
1.003172598533525672e+01
9.532229447087631868e+00
9.225251223747466867e+00
9.496651641199106209e+00
9.789671133896154842e+00
9.789290674186748475e+00
9.918354396036669129e+00
9.871482334608272069e+00
9.515929781001158716e+00
9.896433305295616378e+00
9.729699133891873686e+00
1.017677631065668642e+01
6.997594294374427371e+00
1.015535735764691871e+01
9.931199174769721694e+00
1.017521859532746831e+01
9.611154713207708866e+00
9.387149749346827221e+00
9.579189190488325067e+00
9.097336277283718076e+00
9.439699334602952518e+00
9.417568717336397555e+00
9.095975293870306899e+00
1.005650723372933797e+01
8.747262198355043594e+00
1.018788065703652634e+01
1.008069695992888803e+01
1.009975695688475739e+01
9.840660345248553043e+00
9.789290674186748475e+00
9.886498673191612241e+00
1.031169431068665787e+01
9.721691694178147714e+00
9.897726991618363002e+00
1.017858978170768403e+01
8.593399786063409707e+00
9.476630134630390501e+00
9.648455924462551181e+00
9.980537682572112601e+00
1.029177063858726271e+01
8.079559154800593390e+00
9.090666089524722437e+00
9.803659531126244886e+00
1.014004761090916773e+01
9.441266266440969446e+00
8.975781021867717868e+00
9.650502407271712713e+00
9.375554983316570556e+00
9.626933184336330385e+00
9.664011724897880740e+00
8.803951959541167938e+00
9.489485622431004685e+00
1.017471333178647797e+01
9.516448227141156124e+00
1.019336968514093655e+01
1.019577534957012332e+01
1.019565276900448580e+01
9.585515884595542602e+00
9.434534518805545389e+00
9.641290048605453578e+00
9.498641849004384241e+00
1.023169882499150063e+01
9.434795620902225011e+00
1.004809073934540642e+01
9.918108920051340149e+00
9.177103459834311749e+00
9.036670407109003378e+00
1.025754104683466394e+01
7.960011277847756972e+00
9.402982739223258335e+00
1.008871187146442594e+01
1.024345957610151814e+01
9.369842077090009269e+00
9.496651641199106209e+00
9.641397550522510684e+00
9.421702103020031416e+00
1.012580689070875728e+01
9.720860322913884133e+00
1.029177063858726271e+01
9.186360266123800855e+00
9.444928855473254004e+00
9.740306149278133319e+00
9.365774914905999893e+00
9.967514705167719313e+00
8.791459553480880373e+00
1.001566648986752739e+01
9.747109873234132138e+00
9.601095663663850033e+00
9.658948374466730158e+00
1.009260910589396865e+01
9.453818309266930342e+00
1.019246644069471230e+01
8.287492102736106148e+00
1.007651230418951371e+01
1.011152528266293160e+01
9.715947900769492662e+00
9.862158709508225485e+00
1.014410665776284759e+01
9.424528200198514227e+00
9.695159842652515181e+00
9.855522544641384997e+00
8.232156942573734426e+00
1.014023817598430810e+01
1.016945774605211383e+01
9.595419514289295293e+00
1.004588191715981793e+01
9.648996565949747861e+00
9.513781145459187627e+00
9.624840887232211983e+00
1.014537444829402091e+01
9.334013059435820381e+00
8.836870201800362423e+00
9.863352584435444825e+00
9.671352519076371834e+00
9.251382265796127768e+00
9.723405805533502644e+00
9.414386770416479422e+00
9.772283650281595513e+00
1.009906317576243318e+01
1.014809816963608391e+01
9.439074455212857373e+00
8.989023871111454511e+00
1.014537444829402091e+01
9.497040587130101130e+00
9.548640724199774610e+00
9.831307774725651427e+00
1.015500970319471108e+01
9.495660111214274224e+00
9.911701902285896537e+00
9.975833725934421636e+00
1.023104053146255055e+01
9.439714579069299560e+00
8.638822708061914213e+00
7.893558779128205138e+00
9.641397550522510684e+00
1.008213188572847585e+01
9.434762454643779606e+00
8.592889672262632672e+00
9.772283650281595513e+00
1.003628730799906599e+01
9.522412987709783394e+00
7.812559567785744008e+00
9.482848881659451834e+00
9.326152664690164684e+00
9.780411527643106950e+00
8.708721849397171866e+00
9.384056074417689075e+00
1.011268922804186055e+01
9.576285000865642161e+00
1.028005474887666537e+01
1.019410244017064926e+01
9.557244353068830023e+00
1.015573641012443851e+01
1.024935603899194980e+01
9.531175476029854821e+00
9.732437619567500420e+00
9.974641008655622088e+00
8.998096019154685266e+00
1.007387334340423557e+01
9.914362663783485630e+00
8.737927033444131908e+00
1.020135263887366150e+01
9.634424259806507962e+00
9.393984657210582512e+00
9.409199298782834120e+00
9.548995307843306080e+00
1.007387334340423557e+01
9.228335483642240433e+00
1.006072756139114333e+01
9.318132621901463963e+00
9.186360266123800855e+00
9.779373079980542727e+00
9.569661544947745568e+00
9.559284345016470397e+00
1.004588191715981793e+01
9.543812799422072501e+00
9.980537682572112601e+00
9.324187265763908883e+00
9.502746551107650319e+00
9.377525353406042541e+00
1.025768819883372274e+01
9.401744451182088014e+00
8.802206750270133995e+00
8.665441692906149740e+00
1.025591782156491938e+01
9.684611516771894912e+00
1.011152528266293160e+01
9.190632253074593194e+00
1.016262823249788383e+01
9.879658242918369027e+00
9.230485216147211958e+00
1.001281944599027796e+01
1.028327143221183881e+01
9.502221148648821725e+00
9.772512648496874732e+00
9.280912455247243287e+00
9.495531632829662172e+00
9.790727784920635557e+00
1.027786014894057764e+01
9.488646314856735486e+00
9.640434042241805557e+00
1.001157497949102471e+01
9.494261113066764679e+00
7.911565638130289457e+00
1.001566648986752739e+01
1.007429045101035570e+01
1.002846558771894259e+01
8.737927033444131908e+00
8.578575487076300021e+00
1.030375901843089181e+01
9.518317194892970790e+00
1.004997331431130903e+01
9.635405445657845291e+00
9.684611516771894912e+00
9.613367439665930547e+00
9.447468337663963212e+00
9.181014794138521395e+00
9.648654476683999448e+00
9.484355128243269206e+00
9.901694799615254894e+00
9.647321545047905289e+00
9.477524784960548843e+00
9.501863359127799669e+00
1.019628785849908681e+01
9.343768413829280917e+00
9.730303063864949920e+00
8.538383064599265992e+00
9.871506896222150829e+00
9.577825066986401126e+00
9.387909045474630787e+00
9.688464512975309972e+00
8.386114822875747166e+00
9.872515212813965491e+00
1.014467421122291668e+01
1.008069695992888803e+01
9.470846641580902059e+00
8.944496276314257699e+00
9.195166108664396987e+00
9.522412987709783394e+00
9.816142205661263276e+00
9.823251175235084176e+00
9.910331877440297532e+00
9.294911931667000360e+00
9.831051514671358404e+00
9.393984657210582512e+00
9.614484433352712855e+00
8.501359710255110613e+00
1.006281795405627832e+01
1.006868346550399096e+01
1.031822448999893105e+01
9.062962857986168075e+00
6.048733829664636019e+00
1.019470536646860737e+01
1.009975695688475739e+01
9.611154713207708866e+00
8.656764511530898432e+00
9.745539222544426394e+00
1.018034367530623996e+01
1.002481788604732316e+01
1.029849708532669617e+01
9.991164825787009818e+00
9.663438635419167255e+00
9.240339688772735371e+00
1.029524942955087852e+01
1.023520791025315724e+01
9.616311483138547445e+00
8.501359710255110613e+00
9.553782058712149805e+00
1.031655990300912329e+01
9.800036604797982775e+00
9.974641008655622088e+00
9.772283650281595513e+00
9.456730220450115354e+00
8.946601986496597547e+00
1.024046927682822350e+01
1.012679501866179521e+01
1.022698990955913700e+01
1.016486166185573836e+01
1.005304613214554266e+01
1.010848684418198573e+01
9.608957443067186688e+00
1.029868513931386076e+01
9.462336040765512379e+00
1.004969319726074062e+01
9.621442904558492160e+00
1.008515957740662117e+01
9.285277775857021965e+00
1.007387334340423557e+01
9.520923906941508363e+00
9.910207449461900353e+00
9.816142205661263276e+00
9.321939349769218452e+00
9.436649477534240660e+00
8.501359710255110613e+00
9.342484526771846376e+00
1.008557452178905578e+01
9.761145839370740873e+00
1.012668860354853884e+01
9.930383289548803560e+00
9.317509085481525233e+00
1.014537444829402091e+01
1.006274099280418532e+01
9.426694657215220374e+00
9.684611516771894912e+00
1.011152528266293160e+01
9.439044342990960956e+00
9.320520038446957756e+00
9.480216766415086482e+00
1.004269371076111206e+01
9.460632579584501656e+00
1.031648146178601166e+01
8.015423075332279268e+00
1.020999802581862070e+01
9.834032101330985043e+00
8.622215471511257334e+00
1.023455358374736512e+01
9.448874027870262537e+00
1.022409730278003792e+01
9.679278682127542055e+00
1.020751813865538260e+01
9.484355128243269206e+00
9.290674207964217501e+00
9.186360266123800855e+00
9.453988026920129073e+00
9.564298810422238617e+00
1.005970286651920986e+01
9.481598438207221591e+00
8.713067808197898501e+00
9.790727784920635557e+00
9.260630168805445095e+00
9.275663458574857856e+00
9.923807216807773557e+00
9.444317591872204432e+00
9.282844637718417502e+00
9.522503386246523149e+00
9.486721278550033887e+00
9.437252197993721836e+00
9.641397550522510684e+00
9.656038162826549254e+00
9.223095556743652779e+00
9.504911135728029592e+00
1.031169431068665787e+01
1.000718274999894675e+01
1.015967993346705356e+01
9.546670329620544848e+00
1.017099760896198113e+01
1.001410852981664590e+01
1.022999160746516978e+01
9.878723738275990485e+00
9.543002150660182537e+00
9.766587402561965447e+00
1.011118389668617290e+01
9.321577924167986140e+00
1.005650723372933797e+01
9.321703854738196071e+00
9.874681084996980829e+00
9.201254991543832418e+00
9.673272160223390870e+00
8.452545057921195593e+00
9.550761638715353996e+00
9.753829024712828755e+00
1.017319359313446547e+01
1.007539588003067799e+01
