2.922497615748892116e-04
4.511453185239267622e-04
4.255492588159767026e-03
3.400769494956303691e-04
3.429065527495400896e-03
4.502313742036936320e-04
2.989818927995178304e-04
2.124861055369849449e-05
2.136133419400475144e-04
3.473314708362961085e-03
1.149031543527701373e-03
1.738621482789036920e-04
1.246437632208116783e-03
3.437766289859423875e-04
6.462583307703439811e-05
3.054246521378556814e-06
1.465112195218012730e-03
1.152129872989784195e-04
1.224673968862381506e-03
9.366439275448839956e-05
3.936131982130917873e-04
4.660637565860413349e-04
3.297110627100566585e-04
1.345583044345492795e-03
9.515028874262362185e-03
2.567435846156512335e-03
6.294030863121932980e-06
6.763675994178608170e-05
4.579797178471577070e-04
2.760317538170350385e-04
1.372096534810072696e-04
5.470665384136825854e-04
8.191958347746251565e-06
3.562333126144176586e-04
6.694987082667737573e-03
5.938936987442414639e-04
6.553294504048755732e-04
6.012015326057575798e-03
1.291805168079519306e-03
1.527448023705355734e-02
1.274661487592158176e-04
2.366507841488989065e-03
9.614372929084435840e-04
2.224314759348335752e-04
5.251812735618317145e-04
5.925169197519321307e-04
3.597323574173170064e-05
1.019705465246756548e-04
1.298002899565090635e-04
1.456080167780444815e-04
1.204049904719330490e-03
5.104971268183494567e-05
3.739486328629236652e-04
2.639748037393161947e-04
7.311045889194887762e-05
3.158717819616724547e-04
4.709693815277366056e-04
2.043132242853061954e-04
2.248867458753043246e-03
4.353812517736530848e-06
9.309890792128327043e-04
1.528117077928173957e-03
1.247312601858476075e-04
6.105761062104515021e-05
4.533675625139375952e-04
1.041731198314750423e-03
9.627880259757934140e-05
1.494244614579210914e-03
8.113427932379210935e-05
3.701878640921227358e-04
1.436591839273547932e-04
7.784919068790530517e-04
2.199335023067331102e-04
2.214248653389671686e-05
3.157718993120410241e-04
2.084991641537439397e-04
2.959146569648964239e-04
3.152857834425443467e-04
6.348168962976502095e-04
5.430777559344144483e-04
2.603621154817118300e-03
1.876445634537352630e-05
8.191958347746251565e-06
7.033447015200166175e-04
3.251227806533742550e-04
9.698522238650613596e-06
1.159271375756796115e-04
2.740249671577326893e-03
5.470838557722380868e-04
4.805076429077165647e-04
1.204062882802460005e-04
2.304139459032864207e-04
2.318358457038597849e-04
3.825417702274629410e-04
7.390858344877622866e-05
8.645307673826819941e-04
1.544016588768306513e-03
2.853757983300711423e-03
1.877224870005630617e-05
5.105472017848062876e-04
1.121320669878138289e-03
5.208568938808141912e-04
3.764016017124655826e-05
1.419779922008208200e-03
7.648595872311128065e-04
5.194815632363772653e-04
1.193194375782804248e-03
1.202880031316285363e-05
5.722339798701918303e-04
3.590474391712485981e-03
1.570882577719227282e-04
1.581845707410000428e-05
8.191958347746251565e-06
3.259565939674750521e-04
3.022778958669165589e-04
3.516451600100950026e-04
9.709779103455713431e-05
1.482237016143687046e-03
1.400672131184654877e-04
1.845103516171190815e-04
5.374460347170896806e-04
4.869100717443315706e-04
8.073213686727386093e-05
3.873140369525230578e-04
4.769503053315031667e-03
1.023240667458843317e-03
2.712642732265071305e-04
3.509789478866158670e-03
2.441697869078287468e-04
2.819757517410924536e-04
2.264021982481959137e-04
7.653587894681327259e-06
2.988797230990680319e-04
1.043479742464745435e-03
3.502503084552696135e-03
6.222811968619234267e-03
2.091726913471349855e-04
1.379649014989948888e-03
2.103484587105404848e-04
4.923309224508916294e-04
4.651563134959404056e-04
9.870462426449249814e-05
4.013808877222975902e-04
2.463025720165824307e-04
4.209238042964047813e-03
1.055245146800147543e-05
4.937975664210728782e-03
2.644769232850822114e-04
2.237412913027231453e-05
1.689384593361201690e-03
1.628411412372628196e-04
4.575667428224403343e-05
1.434867192285533839e-04
9.110454820717467546e-04
7.041464778347290637e-05
4.361585923038928701e-05
1.445397429662160355e-04
2.314468435721802036e-03
2.463025720165824307e-04
2.360401209051499834e-04
1.686525480744976622e-04
2.966627075260775369e-03
3.104258348998151489e-03
9.328982175473356534e-04
6.378464584959569854e-03
3.437557382504140930e-04
1.573790334710182531e-05
3.972618734371426976e-04
2.119924528067383684e-03
1.830795458808640302e-04
1.052515902028356700e-03
4.656144638504248578e-04
2.838804516360546445e-04
1.581845707410000428e-05
1.185642690118218366e-04
6.168827957897638587e-04
2.939437732546956944e-04
3.734860137636010122e-04
4.454845372369784342e-04
1.283776415355397465e-04
1.285398686050690800e-04
4.421248758677160935e-04
4.034754188441474977e-04
4.208481051951228591e-06
8.730286091712091126e-04
4.419866549503714907e-05
8.351430703499934392e-06
2.967330123026224419e-04
2.249382118865101484e-04
2.789997713451415032e-04
7.653587894681327259e-06
5.784914759754924198e-05
1.416448001799582512e-04
3.800580087978389077e-05
2.693812903233345612e-04
3.587567555938973515e-04
3.471639520066337322e-04
7.191162903048346463e-04
4.040476096650520471e-04
4.966318771153289176e-04
3.830985898853298834e-04
2.934067409670087947e-04
2.828051199137271280e-04
7.490452619697481355e-04
1.339466308923306409e-04
1.581845707410000428e-05
3.764016017124655826e-05
3.605084678079309001e-04
1.576789429179510389e-04
2.553655628927316854e-04
1.392593095334275759e-03
2.843252929855042245e-04
1.135499061971767391e-04
3.815737666191140157e-04
1.065496176246575688e-03
3.400522635124109236e-05
4.697701728464595268e-04
2.721533071120640999e-03
2.689170931749102194e-03
4.757364926850302924e-05
5.950892500555594368e-05
2.657196036190911069e-03
1.196288090595873680e-03
2.852494450056135278e-03
3.960659010310854872e-05
2.288310543248404483e-04
1.137173546497440193e-05
8.942185848994587370e-04
1.703304496228203705e-04
2.822388128895229236e-04
1.980364523192235928e-04
2.206137703381843922e-04
1.775650373337633577e-04
1.908196185398112251e-05
6.587753503278134240e-04
8.632891658610110635e-04
6.770784358591835006e-04
4.757364926850302924e-05
2.888632986396654379e-03
1.981121363150747505e-03
1.136289854611029421e-04
4.003289705971656748e-05
3.516451600100950026e-04
8.375589030809754178e-04
4.673354010074310750e-04
1.448074925212720172e-03
1.371406975237444330e-03
3.285557275660255620e-04
1.124724417094764530e-04
3.991957723500708100e-03
1.628411412372628196e-04
5.224088636333475925e-04
1.767465639491509462e-04
2.652520752625795678e-03
2.426146222367995934e-04
2.116057872413765976e-03
3.039300767053128034e-03
5.752127999413380720e-04
4.799647154192478648e-04
5.000361584860732586e-04
1.648633854298521551e-02
4.344215020410101573e-04
1.669713792981123660e-04
1.520945498132703815e-03
3.358043011836339860e-03
5.880588482388414168e-05
2.543260316729422949e-04
5.232966710061975717e-04
4.121410341325722128e-05
2.779710319407728133e-05
2.459645988699658489e-03
1.168535263975830404e-03
1.839529297038585256e-04
4.136583450101969685e-04
1.746341342035118427e-01
4.835951201524021003e-04
5.708041936548695979e-05
3.284352387334242302e-03
7.682536574680866922e-04
2.283285649378861309e-05
2.934067409670087947e-04
3.876250610595010455e-04
1.164397623791005651e-04
9.140864286594902171e-05
2.842176459867761353e-04
4.082478822628315409e-05
9.167904371210578113e-05
1.797512830362228220e-03
7.445747711759865303e-05
1.967977292923719229e-03
5.382629175677206609e-04
2.077219375980510771e-04
2.214248653389671686e-05
1.339863747757984386e-03
6.461403165398001396e-04
4.807749747025287057e-04
6.508700091948989731e-04
3.018868195728863528e-04
7.376021945586274178e-04
2.174592916344186334e-04
1.207216396400972048e-03
1.576924378532727029e-04
4.474916129338669946e-02
1.354138087842437057e-04
4.757364926850302924e-05
5.251812735618317145e-04
4.502313742036936320e-04
1.429676760453248499e-03
8.075725935387588581e-05
6.286739312468248280e-04
1.164991695776732223e-03
3.863665283777590036e-03
3.715454906457392199e-03
3.307824526289390005e-04
7.368417450120061866e-06
4.891184150624185460e-04
9.766792720122081592e-04
5.569001107418307828e-04
6.393669368200769615e-04
1.725370862433561845e-04
1.834005402952909960e-04
5.872628992372083126e-04
1.071494050641877719e-03
5.959941020015683784e-05
7.048766317199093526e-04
7.995625685659325072e-05
1.130034070183394987e-04
7.211414291112479584e-05
5.062876892833538230e-04
4.033837531934643004e-04
7.633671979725918308e-03
5.483413790428939014e-04
2.347650865918245644e-04
1.885364425124006361e-04
2.506868764932387926e-04
8.304834533456501066e-04
1.370449424475306450e-04
8.541527181543504335e-03
1.946531854213655148e-03
8.794024727993635646e-05
1.730405727495894870e-03
6.669647403369188647e-04
3.091006095433257309e-04
6.203633452429742172e-03
8.113427932379210935e-05
3.089190870554355748e-05
8.481096828240103271e-05
1.095783864178203187e-05
2.406849473166239772e-04
1.560222786461108149e-05
1.243501813523977125e-04
6.053649864821929839e-05
4.601030971241545399e-04
8.053466132420073560e-05
7.966970094631723983e-04
6.974497862527377721e-04
6.299472157317590132e-04
9.923894076560029961e-03
6.445642721049859268e-05
2.217842006897122610e-04
2.679711491035422378e-03
1.047244576286390262e-04
6.560672610115324613e-04
8.469649439881195155e-04
5.921084799873174058e-04
7.248431797203577895e-05
8.910052154580773215e-04
2.211840113145424310e-04
1.869125085543969333e-04
2.432369453439887398e-03
4.479242221268500516e-03
8.219816221103095862e-05
1.246817285581457732e-04
1.839529297038585256e-04
3.435258392200979437e-04
6.275861273681831304e-05
2.314202229558938277e-03
6.728879478173977954e-03
1.902390144713386028e-04
2.145748141505109878e-04
5.104202724350352470e-05
1.957823864695182564e-04
1.230155606879176173e-04
9.140864286594902171e-05
1.196288090595873680e-03
1.162352922006547730e-04
1.209732123969357821e-04
4.771621793013925501e-05
1.073053168939497917e-04
2.198125190984051658e-05
3.674123900053990273e-04
1.603397076657787706e-04
2.464801960990897507e-04
1.505266332563285833e-03
2.437301508417334716e-04
8.578080015389409282e-05
5.313598020029564701e-04
8.745677015679633956e-05
3.212990069505419636e-04
2.069714176449100832e-03
1.363320668972524841e-03
9.992054517904854470e-05
5.104202724350352470e-05
2.102697996678211910e-03
3.824827057539022745e-04
6.371359295759511170e-05
1.545720133349056996e-04
3.776531869913654096e-05
1.806484727240970453e-05
1.873531585399200905e-04
1.543281417695279106e-04
4.149108925040057017e-04
5.104202724350352470e-05
1.657440843381870893e-03
1.697256634919635382e-04
5.622160218789798956e-04
4.782609637427580747e-05
1.642673290550994707e-04
2.823201074496669693e-03
3.253970844621629057e-04
1.848662260212801875e-03
2.708430159676834966e-04
6.747584580920077063e-04
2.235043323897248412e-04
1.339466308923306409e-04
8.169923254777900108e-04
1.775039719428155081e-04
5.188460739174906170e-04
1.596620642838017691e-05
2.237412913027231453e-05
8.494186176500675165e-05
1.866608989339545686e-04
1.222184709260720542e-03
3.288481795600051226e-04
3.480917050635972450e-03
5.211944308549715981e-04
1.855226808772618289e-04
5.139061175237053490e-04
2.001759817528341555e-03
5.147783247910525835e-04
1.628411412372628196e-04
6.764584057704908099e-05
3.840525880818960211e-04
5.315776968904006210e-04
4.442125151660625683e-04
1.711747093491950084e-04
6.243995222424266614e-06
1.016227211873704128e-04
1.328416637132562219e-03
1.329386501458121664e-03
1.026790215139652268e-03
3.741558265438507083e-04
4.991660237230294522e-05
3.680534740330080587e-05
3.764428783531262334e-04
1.859321855137933705e-03
6.568679065782516598e-03
3.022149431046642731e-05
1.250987257117678610e-04
3.561138782648890075e-04
6.871730387868316180e-04
1.520945498132703815e-03
2.421075178030420393e-04
2.105070862428336167e-04
2.477265730391947206e-03
2.865512824095823338e-04
5.218359009745707547e-05
1.877224870005630617e-05
3.079605352208505351e-05
2.628673964986195434e-04
7.401963628498839680e-04
7.721786193473018436e-04
4.208481051951228591e-06
1.246437632208116783e-03
7.961073793258952383e-06
5.114447192968461569e-04
1.657807106277054722e-03
1.154384260430545901e-05
3.173963425379713031e-04
2.794068551897844403e-04
3.485279943939024040e-04
5.104971268183494567e-05
3.930969227625469883e-04
2.043934950943136698e-04
1.042494439396733988e-03
1.223006461390892458e-04
4.191406132892180501e-04
5.377169445983007959e-05
6.462583307703439811e-05
3.853653831603444027e-05
5.541533168509961589e-03
4.251200329924091203e-04
6.294030863121932980e-06
8.495043948258351561e-06
1.778397319809572950e-04
9.472849605364050320e-04
3.157718993120410241e-04
1.229383852128438249e-03
3.787054747176231352e-04
5.669008015442886890e-04
2.379610292642256938e-04
4.129681987837796327e-04
2.206440620101092162e-04
6.299879877864065277e-04
3.967191310173534004e-04
3.764016017124655826e-05
6.327815969117102845e-04
6.243995222424266614e-06
7.272677292507201147e-04
2.590925036650989859e-04
1.628411412372628196e-04
1.350297544419916244e-04
1.960026775980275716e-04
9.937203612768254787e-05
3.121606346481690854e-03
8.114813140790170989e-04
2.609044555583959731e-04
9.367718349749633907e-04
5.674162920900973516e-05
4.082107063454084699e-05
5.563871278579443766e-04
3.113167013433918492e-04
7.950190031250389637e-04
2.240129265040225056e-04
2.115678674189217217e-03
6.243995222424266614e-06
1.394909180534856868e-06
4.121410341325722128e-05
3.148532789980412142e-03
2.681304636955891049e-03
1.681006485034485529e-04
1.053910393559890295e-04
5.704957426111162281e-04
1.876445634537352630e-05
5.087468823451709102e-04
6.849132128203404453e-04
2.309547249214134637e-04
2.183311718687984025e-04
5.171049623274418422e-05
2.750689339545957387e-04
1.861494708276419390e-04
5.661543712316105840e-04
2.818637659096001006e-04
1.725884598597788320e-04
1.322652644618220789e-04
4.261564224367307523e-03
1.027602143359110680e-03
1.520134964106131543e-03
5.175682953398150384e-04
1.233625666542403649e-04
3.310885899374928438e-04
5.929033303354908524e-05
1.866608989339545686e-04
4.979288757367871849e-05
2.687412468081158427e-05
8.113427932379210935e-05
4.094391063950672842e-04
2.712315603392737549e-03
7.086689269438235361e-04
3.548354490362297625e-04
1.687419853979281285e-03
1.204062882802460005e-04
1.494355394867104942e-04
2.570403091024432859e-04
7.950190031250389637e-04
1.199333537951799552e-03
4.212017270959198304e-04
1.586975107316739551e-04
2.012782036082307730e-04
4.406314535564627628e-05
6.984453115104913236e-05
4.198878488691757028e-06
1.049605797844737004e-03
8.191958347746251565e-06
2.787306206242055472e-04
1.555061254052549449e-04
8.855907499857929076e-05
8.351430703499934392e-06
2.690551419623095071e-04
2.468071373421055537e-04
5.166505324224437474e-05
3.397437407905658691e-04
5.950892500555594368e-05
2.331652710002192215e-04
2.179802600715111983e-03
5.500887434208914795e-04
3.315138913386240257e-04
1.714521811258475808e-04
1.982395462863761719e-04
1.831101822446433403e-04
1.817140791139866855e-04
3.565920045223036779e-04
6.912442980153266471e-04
2.161735478114517239e-04
5.912472356013549800e-04
1.270722145916913597e-04
3.748383070113062480e-04
5.359212066734127256e-04
2.151035022973988523e-03
2.751835539972450218e-04
2.431827867458363833e-04
1.972685138238283297e-04
3.764016017124655826e-05
2.178366898710862884e-04
8.113427932379210935e-05
3.827341956561290193e-04
9.929776572974207327e-05
1.806484727240970453e-05
2.899835970797613434e-04
6.055469247712616217e-04
3.802737641719990125e-03
8.243905682812036019e-04
7.538666466612120001e-05
1.320947288620010103e-03
1.982514668208842749e-03
3.662083763543093990e-04
1.202880031316285363e-05
9.929776572974207327e-05
2.537844140146988344e-04
1.988703051957351918e-04
1.569065318012479761e-03
1.764613536232300479e-03
2.568539521817294561e-03
5.241408919447035136e-04
2.351128240540532606e-04
4.551608022167768879e-03
1.020891986529666017e-03
3.396427717225352391e-04
2.178366898710862884e-04
2.852494450056135278e-03
1.556941951624265879e-04
2.375740811258838961e-04
4.791910740728908333e-05
3.258487928246854072e-04
6.341684894538755996e-04
9.930601354967030867e-04
3.538717202830661697e-05
2.314965881524012198e-04
1.025040629567039436e-04
1.280891258829453244e-03
3.041824301742971937e-05
5.663599426333492011e-04
2.583521654795647933e-05
2.186161700157240829e-04
3.387998678032939936e-04
5.251812735618317145e-04
4.021875438562749327e-04
1.335315828804455626e-04
4.359160883582137631e-04
2.323712456648173615e-04
3.438827264573921243e-04
4.361283553749399713e-06
3.806125663652803657e-04
7.654116268149840528e-04
4.034754188441474977e-04
3.037398530613828447e-04
2.112986879680261705e-04
2.196177607615219698e-05
2.708576401239219260e-05
8.148636337959400545e-06
1.687419853979281285e-03
3.115641041058351320e-04
9.250944551211651504e-04
1.450437229028904733e-03
8.495213650350922957e-05
2.442596172005114772e-05
4.021875438562749327e-04
1.618608987818032400e-04
1.630550163723300684e-03
1.079875304235154753e-04
1.451947831714119378e-04
1.164991695776732223e-03
3.622999457744828814e-04
3.948493272799214610e-03
2.165066972328056878e-04
1.945717733136506547e-04
8.322413906410556931e-05
1.230308482934568039e-03
3.552992721391282500e-05
1.041731198314750423e-03
4.986777704986328826e-04
2.375740811258838961e-04
4.317930592403120688e-04
7.234788918651776854e-04
1.332963729266674986e-04
9.414021686458331215e-04
2.528393055631139650e-04
8.351430703499934392e-06
6.711012665789983615e-04
4.546899272390879029e-04
9.232669872455371717e-05
4.691792394968984569e-04
7.209668357409347583e-04
6.984453115104913236e-05
4.415888029725590237e-04
3.841508574219731431e-04
1.230155606879176173e-04
2.088195898396979523e-04
4.654506563377359615e-04
8.721147539173001225e-04
2.553416327695296113e-04
2.598428209147444221e-04
1.114552790019700040e-03
7.694405337625836441e-04
4.697701728464595268e-04
4.564196138295282309e-04
8.559108098344189080e-04
4.708726655510572464e-05
5.250705525866821268e-04
7.319313770406775518e-05
5.509180750359176238e-05
2.669496774299670482e-06
2.064868268597022639e-04
5.834451420314747789e-05
6.143219047973662913e-04
7.928220268536286886e-05
2.332290595900555997e-04
5.483474874852626441e-03
8.280297590534836519e-05
1.086789645702088605e-05
4.026677340232491368e-04
9.596113097819259123e-05
6.984453115104913236e-05
6.245068397358421823e-05
3.961946961151590653e-03
1.732855852178972797e-05
3.568261118278543380e-05
1.073053168939497917e-04
2.031978028836431681e-05
6.688838127928708761e-05
1.294189815370144075e-03
2.375740811258838961e-04
6.747584580920077063e-04
7.694405337625836441e-04
3.400522635124109236e-05
4.208481051951228591e-06
2.980168139514016278e-04
2.708576401239219260e-05
1.130541459743577290e-03
6.046800946333135730e-04
1.243501813523977125e-04
5.595341554792534816e-04
1.876445634537352630e-05
6.596365867959920167e-04
8.424958593858542172e-04
2.352551711583260340e-04
2.309547249214134637e-04
5.877234503064838978e-04
6.528770230981907358e-04
1.492013147147162118e-04
1.737075454550746306e-04
4.870683771340693412e-05
2.235043323897248412e-04
2.518731586452050515e-04
5.765407048530790532e-05
5.711859831067878047e-04
1.015557314319681442e-03
2.476460635224936009e-04
1.023240667458843317e-03
1.542606365193731561e-03
2.444460174437335966e-03
1.868253538571722162e-04
1.539089654013528171e-04
9.580510814345635665e-05
2.015156170964189789e-04
4.761297353518394193e-04
2.517533212523655542e-03
3.315138913386240257e-04
5.919401216795026725e-03
3.216418734056143095e-03
5.227717741003699587e-04
7.462418574403309219e-05
3.380037366378341553e-05
5.104971268183494567e-05
4.150691588413828160e-04
1.391399597159538538e-04
2.282065754846915339e-04
2.314791168336614630e-04
6.832790224339147130e-04
1.422164237354255024e-03
2.809982404941135242e-04
1.003912034198831517e-03
2.583521654795647933e-05
2.843027882361863403e-04
2.521981576955746162e-04
1.398225968972534707e-03
3.960896243477987980e-03
1.760775302407761064e-04
7.867064329307291073e-04
6.634611708456601925e-05
7.937537152966655553e-04
5.698450325927078598e-04
8.938127434210398027e-04
1.184075406792481382e-04
9.627880259757934140e-05
9.261017403761265384e-04
7.496893722925411507e-03
2.518891384413553172e-04
3.776531869913654096e-05
3.439077580986874081e-04
6.474163045749713056e-04
1.862719811617128633e-04
1.442475854488552318e-03
6.134439553477432716e-04
1.703560164054956211e-04
2.202948268065975542e-04
2.853757983300711423e-03
1.559607642617200085e-04
9.136274576928046082e-05
1.717835607090040587e-03
3.709167376105478985e-03
1.052515902028356700e-03
1.028049033738072382e-02
2.818227963940601139e-04
7.667945408307015164e-05
5.706787225145378093e-04
3.735940906227327215e-03
4.967461428304580226e-04
6.496204175734288013e-04
5.960273613885870830e-04
1.974845543918516810e-03
4.517144604659818779e-05
4.969677420873290329e-05
4.610355620429274066e-06
2.782631603681531667e-04
1.193194375782804248e-03
2.944047231320728872e-05
2.529922703084084862e-03
1.054662626386936264e-04
1.857210264703184970e-04
2.015940490430928101e-05
7.950190031250389637e-04
8.633341189653180364e-05
6.517444611156592460e-05
1.107394835398188061e-04
5.708041936548695979e-05
3.658187979078175982e-03
1.613517651582695156e-04
1.112735162335027478e-03
4.337628093771305447e-03
5.009704344126662085e-04
3.110962954047460493e-03
6.984453115104913236e-05
6.294030863121932980e-06
1.581845707410000428e-05
6.588956400850740818e-04
1.099118358489480779e-03
4.494523183198694655e-04
1.223291453201984073e-04
1.998625946897837451e-03
2.305874404276229809e-04
1.043236398203825502e-03
2.426737260115498956e-04
6.882933568734323675e-04
4.185034083174803327e-04
5.845923588558946636e-03
3.210298537922184219e-04
6.613360904617323959e-04
2.687412468081158427e-05
7.185557990117834477e-04
1.251678701573706674e-04
1.584046099725669866e-04
2.224211925257501936e-03
1.179806983044126827e-03
8.410518266337585090e-04
4.797776472916583405e-04
5.028856137467021631e-05
7.638341694198387186e-05
2.696160605152730515e-04
5.379029082268543338e-04
4.492380738345812144e-04
8.317422028387745647e-05
1.633598038088656518e-05
8.245592164888806974e-03
1.880405470091100410e-04
7.800462988169814182e-04
6.437947357759039315e-05
1.080387774083945809e-05
1.863567420229016354e-04
1.093942756543840334e-04
2.110504142680164638e-04
4.208481051951228591e-06
1.512195063551472006e-04
3.750189919122521166e-04
4.579797178471577070e-04
2.043736060576927904e-04
3.719428047813612870e-04
9.039548341195648672e-04
6.760516902734981599e-05
1.470082113143918331e-04
3.437701858736700493e-04
2.070261936348042828e-04
1.295339377813435817e-04
1.196288090595873680e-03
8.113427932379210935e-05
2.529922703084084862e-03
1.727434039511056016e-03
9.884862518434369555e-04
2.751835539972450218e-04
7.172544010407879951e-04
1.662002353688091607e-04
4.986777704986328826e-04
5.223767980757828937e-03
4.351769921776845840e-04
9.284004049281915243e-05
1.279686495088690028e-04
2.441918574928000126e-04
1.006483429985266650e-03
1.764614020474556744e-04
1.605717688040098794e-04
7.629798580138550616e-04
6.294030863121932980e-06
1.025313411622428336e-03
1.233431918387282132e-04
4.850225422571667329e-04
2.217865750484478724e-04
1.284348566948988288e-04
3.636369764002356469e-04
3.815072056471006446e-04
3.092744176617200167e-03
6.835416780943879254e-05
1.164991695776732223e-03
9.992054517904854470e-05
8.191958347746251565e-06
3.089190870554355748e-05
2.983109693415571446e-04
1.211980759735568165e-03
5.902042287581768867e-04
2.996499200503802054e-04
1.761894721231685229e-03
1.272391619406096179e-03
2.570403091024432859e-04
8.983824773130399824e-04
1.553795607613575190e-04
3.090931232036179112e-04
2.247233920416568588e-05
1.117566069921279256e-04
2.097172527500239681e-03
1.122372343798184807e-04
4.973644128594411235e-05
1.962286079768596448e-04
2.983144184310206710e-04
7.031874655861809114e-04
1.339466308923306409e-04
1.138194491237683702e-02
1.108429556662445708e-03
1.209732123969357821e-04
2.969499634425888570e-03
6.176190075806366198e-03
5.600361609155875796e-04
2.934067409670087947e-04
1.098454300201268910e-04
3.583775685106896434e-04
8.037660877017781605e-04
3.020739587984953912e-05
6.838893013677739682e-04
2.360401209051499834e-04
4.483518874925789292e-04
2.448225245337538509e-06
1.154384260430545901e-05
1.273963498879951753e-04
2.015940490430928101e-05
2.690251696868937396e-03
1.661445575570730888e-04
3.400522635124109236e-05
8.191958347746251565e-06
1.337867974272139489e-03
8.645307673826819941e-04
1.394909180534856868e-06
5.232966710061975717e-04
7.820244766037202271e-05
3.680534740330080587e-05
1.150366771120575268e-03
1.656977623488220324e-04
1.234979593862689962e-04
2.152228137956519127e-05
2.751835539972450218e-04
4.490786073587440261e-04
1.710258750596620105e-03
3.349982273612835343e-04
4.253546536985984734e-04
1.058912512357161839e-04
3.215337502157610168e-03
1.544698312179947314e-04
1.817140791139866855e-04
2.394218039916255509e-04
6.577820294012347952e-04
5.179687213875464307e-04
2.283285649378861309e-05
4.569677633933199299e-04
6.449437085551314869e-04
4.840458731409422161e-05
1.036341499070504273e-04
3.017511772142311959e-03
1.226307362007942334e-03
1.494934627654759772e-04
4.028444754379512799e-03
1.164968085184136008e-04
1.560222786461108149e-05
3.785324077234169865e-04
