9.313842492256970473e+00
8.809063844338043126e+00
9.643666479157175786e+00
1.004615750200794011e+01
9.067765018727966364e+00
1.007375520951004155e+01
1.017939056665183628e+01
9.474314218917314179e+00
9.422560030117390184e+00
9.830548388430132789e+00
1.028836019759484088e+01
9.437795322449114011e+00
8.969307588395992070e+00
1.028670529372366715e+01
1.028671924210560640e+01
9.112457263082793801e+00
9.370182808051374934e+00
9.595501976745701711e+00
9.611407172995615866e+00
9.170876770564053260e+00
9.858086811774292357e+00
9.473185471813531322e+00
9.400252961039251787e+00
9.317451104557482822e+00
8.983563078615892650e+00
1.021401925128154886e+01
9.890191613105281832e+00
8.268861063752170892e+00
1.018879920579515286e+01
9.994496429364090773e+00
9.090262738517104424e+00
1.030404373812704222e+01
9.968073289078116517e+00
9.067875638125936888e+00
9.072828231456970371e+00
1.019187421609160005e+01
9.677598954463320524e+00
1.011368174028319267e+01
9.338270379396716336e+00
9.647496778505548320e+00
9.935872226444045552e+00
9.233041055205122305e+00
9.231660780275086964e+00
9.953694105877863407e+00
1.012604405858854228e+01
9.252600194671595446e+00
9.104582547572318774e+00
9.396413540000050801e+00
9.792434098112568819e+00
1.020071280715793804e+01
1.019291292211588917e+01
9.966062414488682464e+00
9.538782934061311281e+00
8.316158735791363554e+00
1.019401247461383875e+01
9.785818621597416112e+00
8.847097162591396113e+00
9.909197997161003357e+00
1.029375979374350969e+01
9.616342441231225280e+00
9.426462020535343100e+00
9.950999718383958026e+00
1.014623500251234844e+01
1.016315174542399902e+01
9.896099949465000378e+00
9.582642934738426987e+00
1.015547233888355727e+01
1.029193053591438911e+01
9.308563985932206464e+00
9.386553936539550946e+00
9.159506130217081932e+00
1.027625232758263429e+01
9.225995685740688401e+00
1.016279594942338349e+01
8.058173673582109231e+00
9.759410338151548459e+00
1.006631578450864772e+01
9.333210238689648719e+00
9.874459492019845186e+00
9.072828231456970371e+00
9.638456812632405502e+00
8.649489535191033696e+00
9.493669314431556927e+00
9.473416023709521738e+00
1.015791781704542984e+01
9.609284286211753567e+00
9.373718291026920113e+00
1.016021736048989155e+01
9.706489250594122709e+00
9.090953298641608171e+00
8.955608988704582885e+00
9.428134761804795261e+00
9.567969545305501811e+00
9.102626123489853782e+00
9.257845062694936900e+00
9.673844786455958911e+00
9.839392363261707075e+00
1.020868864938893950e+01
9.809672632576317497e+00
9.378808482524183532e+00
9.838493887667413063e+00
8.997385425651993174e+00
1.009305036937471378e+01
9.488130046386174854e+00
9.999808128436923127e+00
9.182282004317182000e+00
9.811710894736430433e+00
1.023171422875167202e+01
9.349162520772271279e+00
9.576693157268527656e+00
1.027180103421847512e+01
9.320647413139147019e+00
1.023769238297579776e+01
9.683152627616253838e+00
8.779664770264883344e+00
1.019843087816136418e+01
9.538695065998258116e+00
1.018035091465396214e+01
9.345944695937877356e+00
9.943005725450234422e+00
9.056016588849914228e+00
9.613824694852246111e+00
9.247062756478261036e+00
9.693796046999699101e+00
9.497404311459510140e+00
9.944251871305075596e+00
9.392327753253400857e+00
9.227810461976524437e+00
1.021595677093248788e+01
9.813267547913278932e+00
9.443742310796334749e+00
9.665234259980234555e+00
9.413250289937597159e+00
9.908514347810243095e+00
9.914414198319818183e+00
8.220595326343445919e+00
8.979015050731582903e+00
1.020624724013837081e+01
9.513389646432052871e+00
1.018866057494778410e+01
1.008302694523546705e+01
9.441113812630936408e+00
1.029648256600378176e+01
1.015845424071596348e+01
1.002906513618919249e+01
9.160684111436333765e+00
9.436876283986592284e+00
9.611428926638504677e+00
9.943250247248151652e+00
1.007614919399856568e+01
1.007055451077842712e+01
1.006054883597337124e+01
1.018096621883563024e+01
9.418680233168544191e+00
9.282219204350441899e+00
1.024681351555542008e+01
9.693565843857340880e+00
9.236366532438296417e+00
9.988465329176218432e+00
8.964000400151357795e+00
9.388573803948421670e+00
1.012641648733632849e+01
9.503595648829376685e+00
1.030129538247324739e+01
9.531579305463733220e+00
9.150302185571563385e+00
1.026882171424695933e+01
9.376325916109349734e+00
9.906573833130899231e+00
8.993324389819370879e+00
9.410990422594226246e+00
9.188293544176945105e+00
1.020295860210691252e+01
1.013216531114525054e+01
9.956881992119603453e+00
9.310828264889748240e+00
9.142293146589084429e+00
1.028378464579169460e+01
9.290172931690120706e+00
1.015025232215019635e+01
1.012362165855216745e+01
8.992214398434775546e+00
9.696321657410750916e+00
1.022113448726836005e+01
9.426174899450510125e+00
9.614339544568466067e+00
9.939744439032702772e+00
9.369848405238352385e+00
9.675843399211474960e+00
1.023745844580877318e+01
1.002798488628709528e+01
9.570086434052983648e+00
8.462305559122482279e+00
9.714865496041392490e+00
9.202412705795790515e+00
9.247310449856717796e+00
9.469443251471373557e+00
9.861337257983974425e+00
9.183476373818264094e+00
9.685355413705792671e+00
9.783920649333460062e+00
9.868755881126277885e+00
9.134523967212604845e+00
9.309286840581632916e+00
1.021359198339007612e+01
9.355491071960646110e+00
9.450828579920516503e+00
1.015165844167575493e+01
9.254476380608371855e+00
9.891592251733959174e+00
1.006054883597337124e+01
9.634451830702671415e+00
9.331647940788352358e+00
1.023487315475701465e+01
1.000732075946281263e+01
9.484611650356624679e+00
9.349595190110507659e+00
9.724155933126416684e+00
1.024900657360081446e+01
9.527643554810198978e+00
1.007055451077842712e+01
9.582026106728777748e+00
8.049786053172974576e+00
8.661519346984931644e+00
8.880600479224332489e+00
1.018935615287526630e+01
9.013995040811346726e+00
9.403034954665471901e+00
9.279496840208889097e+00
9.987518199603290014e+00
1.020222035910313707e+01
8.775332219451582816e+00
9.716901188597104166e+00
9.667712960365886232e+00
1.026838499805728944e+01
9.215013639871804330e+00
8.633814166658602574e+00
8.379939201426703121e+00
9.863285122148729656e+00
1.009619714173055272e+01
9.625650058646353813e+00
9.716901188597104166e+00
9.425299010968700486e+00
9.423497083250195416e+00
8.031481399993513293e+00
9.182273351224170099e+00
9.240774519586302915e+00
1.027598725145150027e+01
9.608511732520138793e+00
9.994686630803077065e+00
1.002793598807068953e+01
1.007221015395498931e+01
9.357752719988827295e+00
9.396855294313265716e+00
9.721313325217398216e+00
9.955401114678311458e+00
9.735350565159317071e+00
1.024458771291402215e+01
9.404557639304362837e+00
9.100879898068019003e+00
9.564037286484683875e+00
9.230650373831547739e+00
9.962264870852308718e+00
1.021090189790924718e+01
9.729634608248080241e+00
9.386447217141434152e+00
9.282783570063731560e+00
7.408074139349067444e+00
9.454353729302534148e+00
1.028230982488797274e+01
9.609393219056977742e+00
9.509476711617262268e+00
9.130327209935167332e+00
7.729809984277745905e+00
1.010756353649286687e+01
1.022989758568559537e+01
9.307192442546186939e+00
9.014813593942022862e+00
1.029193053591438911e+01
1.011956057503201301e+01
9.354378088260880020e+00
9.766995875215206624e+00
9.361301698306816021e+00
9.489763678611446096e+00
9.807415114703097458e+00
9.689184784017337293e+00
8.866087823426004988e+00
1.021242810987493144e+01
9.889898033075944284e+00
9.399021729135322190e+00
1.014884215226022057e+01
1.017762867180360331e+01
9.142220095369580690e+00
9.663759616669784336e+00
1.020903139430488515e+01
9.371505522030565416e+00
1.024631802879726905e+01
9.360778705319296122e+00
1.009753241754879838e+01
9.189783839635127904e+00
9.675768132146272293e+00
9.169795020945180397e+00
9.858402106703376688e+00
1.026285132254002619e+01
1.025088664585468479e+01
9.471533140951805763e+00
1.010920293895356004e+01
9.589374676957923782e+00
7.888839320145890177e+00
1.002516924392002728e+01
8.941732621437505912e+00
9.928056886083966859e+00
9.978491318519445485e+00
1.031237365915419879e+01
9.685355413705792671e+00
9.610494814771039174e+00
9.566744513169563646e+00
1.016634935865063660e+01
9.441487008497670530e+00
9.247278593373712496e+00
9.968312504552681474e+00
9.077526767324496149e+00
9.640389711886465207e+00
9.922256521521257255e+00
9.088848787445778399e+00
9.669935017893820373e+00
9.975514279809699403e+00
9.422867216291129111e+00
9.550839388440362399e+00
9.448071124017371147e+00
1.017319085956602542e+01
8.532086692002819106e+00
9.979179411325745264e+00
9.603408939160884117e+00
9.731983455513983472e+00
1.009579087462518032e+01
9.548135894585650263e+00
1.027838314207879122e+01
8.634389434728969803e+00
9.601345862103819684e+00
9.548611822486630984e+00
8.199120627347312507e+00
9.264725369206729511e+00
9.265983468406922441e+00
9.742061250623731183e+00
9.931056965264927427e+00
9.194369414239151439e+00
9.601770686866505145e+00
1.017537391763191401e+01
9.762724223413156821e+00
9.097485434181297848e+00
9.021181440111371685e+00
9.570278484230545502e+00
9.746132073807702412e+00
9.321002478795092472e+00
1.009274301822363995e+01
9.690661175497693236e+00
9.665370248436506273e+00
8.687856570774165732e+00
9.453373706288573430e+00
9.435857556799311041e+00
9.952856278398778400e+00
9.858402106703376688e+00
1.006935587512535335e+01
9.206043901297395138e+00
9.469538632023366986e+00
1.026354817728393343e+01
1.011977100362117454e+01
9.907621500558132510e+00
9.349332487958571747e+00
9.437128803228294061e+00
7.970565476399971594e+00
1.004642368103802674e+01
9.400240017985598939e+00
1.002830202347816524e+01
9.281384283508160138e+00
1.006869813377005052e+01
9.834128234827380410e+00
9.571749217106612306e+00
9.499121564369467308e+00
6.890413744169566534e+00
9.482887944518397561e+00
8.879524557790151817e+00
9.988508959462127024e+00
9.972513871267667085e+00
9.216679770896964996e+00
9.560435754418232790e+00
9.175006964851622371e+00
1.000746250462323950e+01
9.536102994109862507e+00
1.010603887066816853e+01
1.000582739189881032e+01
9.285732450716835729e+00
9.237320218119990045e+00
9.789258692514131610e+00
9.370088088127820569e+00
9.211105638270934648e+00
1.028962165887126012e+01
9.597305671012671624e+00
9.442610621274475591e+00
1.006532643840886188e+01
9.224527999406621603e+00
1.018535825834498887e+01
9.290348100606397708e+00
8.568037153772550596e+00
9.418935337437291722e+00
9.289808716308501246e+00
1.003961964291593034e+01
9.324496183273533134e+00
8.832957684201439008e+00
1.001819862438647135e+01
8.105294695393396864e+00
9.399888954212636705e+00
9.860268208025216197e+00
9.482887944518397561e+00
9.315277654724241074e+00
9.373719203270194811e+00
9.876645117776442717e+00
9.402788780684792513e+00
9.044777525981768207e+00
1.022948283953037496e+01
9.066057916483849510e+00
9.216208406975786360e+00
9.629330711072546123e+00
9.493833604367168277e+00
9.503890162502282024e+00
9.917446258461904307e+00
9.875324544895146772e+00
9.300544293783838512e+00
9.551485450549421330e+00
8.921601881122020572e+00
1.024454048721778676e+01
9.087666953786166957e+00
9.462963393073826168e+00
9.226951703046170294e+00
8.744051167463522845e+00
9.751898705937941614e+00
1.011684508601822685e+01
1.028414901121976044e+01
9.915510612091951614e+00
1.029450181887204963e+01
9.674122258498018212e+00
7.762080082455454999e+00
9.117233441964025076e+00
1.006932119356595834e+01
9.749678232622988716e+00
9.426307257398134354e+00
9.213769513944196632e+00
7.985632081757787937e+00
8.944755689510278884e+00
9.492438752402417634e+00
9.886655656272507642e+00
1.027663360642713464e+01
9.408904286763434044e+00
1.010044500822591473e+01
1.003865600513161382e+01
9.502936021967240521e+00
9.429592059664468451e+00
9.961929707711554727e+00
1.010077733233619668e+01
9.649576274460084591e+00
1.014591301643974397e+01
9.290818066729473301e+00
9.952259326650329641e+00
8.899526007502336356e+00
1.005997163084315460e+01
9.784871792601592233e+00
9.171782340709075498e+00
9.566043357594189445e+00
9.579996675270257001e+00
9.886196133306039968e+00
1.010321234773996046e+01
9.791032492334359461e+00
9.498770274372732914e+00
9.132825134708387083e+00
9.339389384548404394e+00
9.975674520494070663e+00
1.029432032359020255e+01
8.957281602444790991e+00
1.022978786262420314e+01
1.029867178159487651e+01
9.467658629532987646e+00
9.988898420888469687e+00
9.407265735140176943e+00
9.520604115762539621e+00
9.903754483807349018e+00
9.537017762135414856e+00
1.029169285317197868e+01
1.007440964159855135e+01
9.357460247908212736e+00
8.719920949345727479e+00
1.019752106621863597e+01
1.019281799151403156e+01
9.569610112216945907e+00
9.512636579852866703e+00
9.581205644574072977e+00
9.969309781665808501e+00
1.006343049598311623e+01
1.002920878220722223e+01
9.118975026667500927e+00
9.304401298467446679e+00
8.977292727066013001e+00
1.029495319103870088e+01
1.000320901283888020e+01
9.777064950877129235e+00
9.410114281198444175e+00
1.031435723523931713e+01
9.588796268452057348e+00
9.708746341893730758e+00
9.967889392892045564e+00
8.549383553936282354e+00
1.031604956898968517e+01
1.008007307545814690e+01
1.027223287289745457e+01
9.464858838234574634e+00
9.769845353022454049e+00
9.192458874893210563e+00
1.019499349084816586e+01
9.583524174226415226e+00
8.903722433327889263e+00
9.882775698382085139e+00
1.021663519962769051e+01
9.165353358638430592e+00
1.007362920281649288e+01
9.410990422594226246e+00
9.961102468674420507e+00
8.311033166346314616e+00
9.219789612596906991e+00
1.019974353758734331e+01
1.025872661546029541e+01
9.694251345050128421e+00
3.717785185714127749e+00
9.370791533677827800e+00
1.018829321046229808e+01
1.021875636210647187e+01
1.005519902560913970e+01
9.506774794076049417e+00
9.226568376127151083e+00
9.494066960032633062e+00
1.022912269633271443e+01
9.347169044253190506e+00
9.068589561101035201e+00
9.489474925421502505e+00
9.406565194637705574e+00
9.477847606684074222e+00
9.399174000883325775e+00
9.326916586981793600e+00
9.285955090441280646e+00
9.915355302463298770e+00
8.612695799127443763e+00
9.016433312231102448e+00
9.902606809244907993e+00
9.625696189390019697e+00
9.400240017985598939e+00
9.845605370049138827e+00
9.641421353024368202e+00
9.617755856792559399e+00
8.679906765562011017e+00
9.193016974285640686e+00
9.892965283631799167e+00
9.911622164926484402e+00
1.023189296598290099e+01
8.857677927642452431e+00
9.844888744914614520e+00
1.009634588099887686e+01
8.541054086705919701e+00
9.225667896236210197e+00
9.653055764735931632e+00
9.491852879646966556e+00
9.343301189741984203e+00
9.767190414561349954e+00
9.970229659434428626e+00
9.380708176520279551e+00
1.020159093757092883e+01
1.002038811541285313e+01
1.004935638946218468e+01
1.012779541293695829e+01
9.649605756913578247e+00
9.537525809610380989e+00
8.876054358881825479e+00
1.014010483872720947e+01
9.452229836135487062e+00
8.544885410181642271e+00
9.032791378960810746e+00
8.980870520893022402e+00
9.542312382236014301e+00
1.018059875470705933e+01
1.001105546847930583e+01
1.024898770069618692e+01
9.441446627016357951e+00
9.285732450716835729e+00
9.354598595348356582e+00
9.950332042512052055e+00
9.537688638455453116e+00
9.596282323172033557e+00
9.032197566984088155e+00
8.817487586087514373e+00
9.763073353882152361e+00
1.029682865058705055e+01
1.003596242885742740e+01
9.360233842620861111e+00
1.007835951018894249e+01
1.021476121261014569e+01
9.467137068899617702e+00
9.474314218917314179e+00
9.370709721165143335e+00
1.019581407591421396e+01
8.847229732341219233e+00
9.898028051298826568e+00
9.577103364243340522e+00
1.007055451077842712e+01
9.325899699050568259e+00
1.012106785415187993e+01
7.576225069889167330e+00
9.062543693153150670e+00
9.996878110325070566e+00
8.829031382683274032e+00
9.717548602641405964e+00
1.017940311185578039e+01
8.801534188631059408e+00
1.021577511680459516e+01
9.807473521893040669e+00
8.836416167939205479e+00
9.267687531607998963e+00
8.949320696724790025e+00
1.019046750092402931e+01
1.025896556995288833e+01
9.910584253996443493e+00
1.015659730472595790e+01
9.607195357155644544e+00
1.015920654090212594e+01
9.595587314725628758e+00
9.523109510294741398e+00
9.714865496041392490e+00
1.030839687086545453e+01
9.829925357751337245e+00
9.204392894596580277e+00
9.726806942616923024e+00
9.197537528055606870e+00
9.539266760361684305e+00
9.806621172262016017e+00
9.441787426224312441e+00
9.917837240406138122e+00
9.467860672483128681e+00
9.496080442403242117e+00
9.998523491830479060e+00
8.954963139217717583e+00
9.072612770785458025e+00
9.472248731045372239e+00
9.076853978845905502e+00
9.956782419061358524e+00
1.020472160933269734e+01
9.822410796900364005e+00
9.561110114192276299e+00
7.476012409528077107e+00
1.026492925730615369e+01
9.775060401121356435e+00
1.007095592889411151e+01
9.268507809568646394e+00
9.612338956930980061e+00
9.716644467534356622e+00
9.248521081859673032e+00
9.396861774031671999e+00
8.740182962036037395e+00
9.611060015028890291e+00
9.829348592324702594e+00
9.411100806531258911e+00
1.024892578985354241e+01
1.030350300236525030e+01
9.013290695367855321e+00
8.607835312965521624e+00
1.009180726640730441e+01
9.384476974493640711e+00
1.016158555461386293e+01
9.459474431034060160e+00
9.892023030466464917e+00
1.015596741361908073e+01
1.010947322579646723e+01
9.347881377735449249e+00
9.482353793705067702e+00
1.026482156624277131e+01
9.052101483147703576e+00
9.540776998861760561e+00
8.993945827647451097e+00
9.527921324897699051e+00
1.027190782862534668e+01
1.024717299960097527e+01
8.427720439127552865e+00
9.288089243115221549e+00
9.557077752697017203e+00
9.736551273270331208e+00
9.757535135556265615e+00
9.932869234928595858e+00
9.688251448449763714e+00
9.355773625301413432e+00
8.462305559122482279e+00
9.493208268218552348e+00
9.972946897323337723e+00
1.009877650193930165e+01
9.906263669204252054e+00
9.980408233188663658e+00
1.013111027102991990e+01
9.424376689382540917e+00
6.531397762180134237e+00
8.825240367934169328e+00
9.372116470940943245e+00
1.030389072859349220e+01
8.931136380627352267e+00
9.698381799496061717e+00
9.489481604680912952e+00
9.438006517497360193e+00
9.585639691503853754e+00
8.710081075306979059e+00
1.010355083790870623e+01
9.795163024748907432e+00
9.885172996275969126e+00
9.578187196438703310e+00
1.018501960144658369e+01
9.332188749309601405e+00
9.469839464982063859e+00
9.171092954093666094e+00
9.497452778660374406e+00
1.013560617208612591e+01
9.002977403413595425e+00
9.559995688492062271e+00
9.672185046256361218e+00
9.577289560525429124e+00
9.824223002097003388e+00
9.085362433046960007e+00
9.092878868358059918e+00
9.517221358938899201e+00
1.021090189790924718e+01
1.026625614867734804e+01
1.012364944094745312e+01
9.278524070294427162e+00
1.020422614332108679e+01
8.237572732733388747e+00
9.455158318611978530e+00
9.304799388910044655e+00
9.386455524549552010e+00
9.695049624412888534e+00
8.737655277265787390e+00
1.007750016416125405e+01
9.950332042512052055e+00
8.592344685973998253e+00
1.005489137174937042e+01
1.011514947907286732e+01
9.501362680824430029e+00
9.440877438827186552e+00
1.010848957286279948e+01
1.008700505302401496e+01
9.622878014756958365e+00
1.022464583270408589e+01
9.824071748592565712e+00
9.658331693722438160e+00
9.666591251358759962e+00
9.172417334960979218e+00
9.500191502447027148e+00
1.026019419866052473e+01
9.959256032790460011e+00
1.014133957084156279e+01
9.936846480232153667e+00
9.478268186498597814e+00
8.948791062672878383e+00
9.003674749880369532e+00
9.141630321211595245e+00
9.721776873218800574e+00
1.029791050426975119e+01
9.832502805406381441e+00
9.341501892310292376e+00
9.323577138769243433e+00
8.873475848255642617e+00
1.017940311185578039e+01
9.902921945375434021e+00
1.022548954516899755e+01
9.474386481938887883e+00
1.000119188388654656e+01
9.392854066185160278e+00
9.653055764735931632e+00
9.453373706288573430e+00
9.578749966235498903e+00
1.025407900657924110e+01
8.759101664026109901e+00
9.480034468167458428e+00
9.657598285852152742e+00
9.322035633136485089e+00
7.593539633439218228e+00
9.923876861226190726e+00
9.775392426441403160e+00
9.735290643659563870e+00
9.790040867828478710e+00
9.401068173957796148e+00
8.913214260128484057e+00
9.538744033496520558e+00
1.008722130509953985e+01
9.974794417151413128e+00
8.978936885015649239e+00
1.020498673290727254e+01
9.489722763798384975e+00
9.446928441378695140e+00
9.420165418128398471e+00
9.251010270568226446e+00
1.030334429682464226e+01
9.259564335408409619e+00
9.475959080329113604e+00
9.288089243115221549e+00
9.280891766164524270e+00
9.120280442503737817e+00
9.338336661699100816e+00
9.551611271775657386e+00
1.010875988151599891e+01
1.014884215226022057e+01
9.449546945795590958e+00
9.572519030085505420e+00
9.771105969008623049e+00
9.414878905822456900e+00
9.779723482547989732e+00
9.287066809424073810e+00
9.612805905550874996e+00
1.000246897550582403e+01
9.282219204350441899e+00
9.666212848324519769e+00
1.023112985495608207e+01
1.009163529421938676e+01
1.000474245141543861e+01
9.817909656665898765e+00
9.455544547748113260e+00
9.320935489320921974e+00
1.025849803895280843e+01
9.620146635877214081e+00
8.723079369398957894e+00
9.244028459790966323e+00
9.516492178711919436e+00
1.006996410502541828e+01
9.566496899141151644e+00
9.573775280097459373e+00
9.361301698306816021e+00
8.812665521064122487e+00
1.006344796905116645e+01
1.001289772784192067e+01
8.625624879879531193e+00
1.023713439632386901e+01
1.020179395398184141e+01
1.022949671338773570e+01
9.900815974194864921e+00
9.952259326650329641e+00
9.101666438021650762e+00
8.806337944901001080e+00
1.006799375960547316e+01
9.559194846862137496e+00
9.207729314883664529e+00
9.911622164926484402e+00
9.538744033496520558e+00
9.371385675023416795e+00
3.717785185714127749e+00
8.449215865429001937e+00
8.632144741888014394e+00
9.354822531068581526e+00
1.008503196523986745e+01
9.906020039509460418e+00
1.029294541516351913e+01
9.502555067183044102e+00
1.019186864807723936e+01
9.359005712132223209e+00
1.010857028514210398e+01
9.359410176384708180e+00
1.013166952013308730e+01
1.027917904633323154e+01
9.558587234876965155e+00
9.774786615634308617e+00
9.582026106728777748e+00
1.015947850035927758e+01
9.795571016865592284e+00
9.466323799065898825e+00
9.651772996427688156e+00
9.614374072334113563e+00
9.055495485509686304e+00
9.513480082113632719e+00
1.023334799593457944e+01
1.013999695267566636e+01
9.408631047417811644e+00
9.654515358521912560e+00
9.240448954221969657e+00
9.361147634291214104e+00
1.001338392851358883e+01
9.693565843857340880e+00
1.021309504207272312e+01
9.676050163982040431e+00
1.020251460693584811e+01
9.087449811405225120e+00
9.447286699326824078e+00
9.375433324168165328e+00
9.660473769232533314e+00
9.459565933767271062e+00
9.369935442693092753e+00
9.581535284853199386e+00
9.732745321862068977e+00
8.916948118081968744e+00
9.883394206369485957e+00
1.010786665644258697e+01
9.344248316302460111e+00
9.476714376233225323e+00
1.028230062560222713e+01
9.352806598068900357e+00
8.890708690091932098e+00
1.010907589471890411e+01
9.553931676139287177e+00
9.903793901772813157e+00
9.614605294676318081e+00
9.566956972838285722e+00
1.015244022409245872e+01
1.013342993501837519e+01
1.004527071629073376e+01
9.501024158032301159e+00
9.574174031274811369e+00
9.500789838774249318e+00
8.443489802230242702e+00
1.005200140277103493e+01
9.960883260397071837e+00
9.210004610052939356e+00
9.467658629532987646e+00
9.535391513544354325e+00
8.888302869053944733e+00
9.787274849968564894e+00
1.021565252758561826e+01
7.994744887378488762e+00
1.018829321046229808e+01
1.017940311185578039e+01
9.809937727175812583e+00
9.437566065795708781e+00
1.020870049532778445e+01
1.028527693846220714e+01
9.193608593605784307e+00
1.023112985495608207e+01
1.020038191034591613e+01
8.987630381122045264e+00
9.340882431452580903e+00
1.024172068801587976e+01
1.000396139683656394e+01
9.852614252168027775e+00
9.680675600002130565e+00
1.027060312295834166e+01
1.004595585126346258e+01
9.308725189375060438e+00
1.013393877989880743e+01
9.698663253345038981e+00
8.150084227827070649e+00
1.011949459067299983e+01
9.744242085591837466e+00
8.318852906546531756e+00
9.936444668341893660e+00
1.001031882572491760e+01
9.629272788872169642e+00
9.438931230643920145e+00
9.951946848425652803e+00
1.004889737119231796e+01
9.193016974285640686e+00
1.030631940252244938e+01
1.002038811541285313e+01
9.323926144999218124e+00
1.020420858897717054e+01
1.018801398418245796e+01
9.529202191778230357e+00
8.991597882234957595e+00
1.003865600513161382e+01
1.003493391641355892e+01
9.847981616165556673e+00
9.272553024308084701e+00
1.013543214326304920e+01
1.007177792578916886e+01
9.973932239104961184e+00
9.326657119248453753e+00
8.937501482013207266e+00
9.828618552627991889e+00
1.030889952781344299e+01
7.847246959757064211e+00
9.965291681318598549e+00
1.015756433493225686e+01
9.863548394703796518e+00
9.864624757545763956e+00
1.007682278741737925e+01
9.495847424904535927e+00
1.016308995084740019e+01
9.559995688492062271e+00
8.970463693896945756e+00
1.029746436782297891e+01
8.343371655214356863e+00
1.018210703712024490e+01
8.933497846773807538e+00
9.286122788455879018e+00
1.018111159872187699e+01
9.052101483147703576e+00
1.018059671070806793e+01
9.394732441148775592e+00
9.848350497358486777e+00
9.416087434107275556e+00
1.011577423832490297e+01
1.009513227961138959e+01
1.013151193814766238e+01
1.012027431278317202e+01
