1.602232279793461345e+01
1.184647527487351937e+01
1.281162094742484214e+01
1.600773064293639436e+01
1.476790856013933428e+01
1.657650930345850426e+01
1.600467030828953341e+01
1.638874359969123162e+01
1.633250902632886081e+01
1.625352243144424236e+01
1.605588123925257804e+01
1.657934489653045063e+01
1.603458406343414566e+01
1.609073661452742598e+01
1.634838833723890161e+01
1.621300637048253535e+01
1.597254647398302296e+01
1.370071773381230074e+01
1.613558738316791974e+01
1.633974719066198134e+01
9.109551051750898409e+00
1.625266422179657866e+01
1.342605597588741695e+01
1.600028940639147024e+01
1.607351096620977771e+01
1.665802270734636892e+01
1.601730439705944065e+01
1.652513482278563473e+01
1.633380949891195755e+01
1.357995685417051490e+01
1.305025458325713217e+01
1.172083630612433147e+01
1.605844910977148032e+01
1.638755398501196936e+01
1.635392033463093497e+01
1.623487864519147195e+01
1.074896741330859484e+01
1.635571556072489230e+01
1.659828932182161765e+01
1.633405367794444984e+01
1.644486979370218194e+01
1.638193427537145297e+01
1.458644237540539024e+01
1.120424397118144810e+01
1.244838580444994847e+01
1.605420481930828203e+01
1.271723849569927189e+01
1.181364013286291303e+01
1.643189181052542480e+01
1.661549092208801426e+01
1.258597385182244821e+01
1.600120795123668316e+01
1.226448886658556070e+01
1.601057401276593239e+01
1.659986211947166623e+01
1.192620963173119897e+01
1.606574739069562341e+01
1.600070412762170236e+01
1.641975265327713984e+01
1.222452396117915363e+01
1.147741309139962418e+01
1.527470209249236710e+01
9.918593730593354252e+00
1.244838580444994847e+01
1.665067614918746131e+01
1.618039723686364439e+01
1.395117980738624830e+01
1.059676106071460211e+01
1.663646841106499252e+01
1.164182209406059343e+01
1.605682656604275849e+01
1.625551271942060794e+01
1.207653082845464354e+01
1.390401998246068693e+01
1.633670448080480853e+01
1.552038132598624109e+01
1.399744795253927698e+01
1.600739314992428319e+01
1.548180856651470982e+01
1.616452475979775016e+01
1.264584473776235996e+01
1.081399894525627481e+01
1.615239159425247095e+01
1.608904698520540322e+01
1.648081687798040207e+01
1.435964617722196834e+01
1.609382632343150021e+01
1.647416042357276922e+01
1.286053099794618149e+01
1.636571134311218145e+01
1.607701438333446120e+01
1.650807996817095358e+01
1.641877558877245491e+01
1.600016071356940728e+01
1.600532979954063606e+01
1.604693240183988578e+01
1.124840474592399531e+01
1.200092633213752258e+01
1.600097737460457026e+01
1.608688982466974338e+01
1.355865848106009253e+01
1.600234431194570206e+01
1.617461187851567317e+01
1.641845222799391024e+01
1.605545630928201462e+01
1.155074988518408041e+01
1.601057126520189300e+01
1.499859274029461886e+01
1.400350895835668119e+01
1.637527613920464020e+01
1.655063182427772261e+01
1.214266727692590209e+01
1.070031802949295496e+01
1.217027956515295273e+01
1.606202028296547724e+01
1.609715821745172804e+01
1.319978146290262444e+01
1.634535612965435547e+01
1.449048671912670905e+01
1.150119845741221525e+01
1.649289706142765866e+01
1.214038358172232712e+01
1.654248475540254049e+01
1.600032737121152238e+01
1.639677997512730201e+01
1.600040064073850488e+01
1.061600608409143121e+01
1.299026035723544936e+01
1.268044877848638308e+01
1.219545024688325441e+01
1.609345530156070225e+01
1.634168702893516212e+01
1.452359205154798971e+01
1.600234431194570206e+01
1.621355450803472209e+01
1.563822769747559427e+01
1.181586776333347899e+01
1.629352631643299532e+01
1.633785561941245490e+01
1.374802589203115666e+01
1.633128821017884391e+01
1.605682656604275849e+01
1.606345560789005944e+01
1.639745369984654744e+01
1.080406330369260814e+01
1.635178225940429186e+01
1.603205091962988149e+01
1.631795824631968728e+01
1.185628240653259269e+01
1.600484883966596783e+01
1.144642605903218602e+01
1.638825624269496828e+01
1.561499694102501401e+01
1.224274047985509917e+01
1.320476520067688853e+01
1.606624501457937981e+01
1.118873697870092698e+01
1.643310274891735645e+01
1.208262436058940104e+01
1.487634663706519866e+01
1.160205467799475443e+01
1.090756894746590788e+01
1.130474859878191474e+01
1.401762417893182544e+01
1.579603420971695016e+01
1.566771859449792537e+01
1.637743330449268697e+01
1.212278151813922555e+01
1.182465604110014823e+01
1.601237581546352473e+01
1.664660482525049545e+01
1.627711085999569818e+01
1.207653082845464354e+01
1.410873521530542973e+01
1.140086063073786704e+01
1.660115197382237540e+01
1.352364874942221995e+01
1.288191295352941523e+01
1.635840232376525805e+01
1.634442426307280627e+01
1.166379501549739750e+01
1.614135420809189725e+01
1.600713508667304552e+01
1.232529837767686409e+01
1.390401998246068693e+01
1.656259052168302759e+01
1.622897853310550076e+01
1.651185747108870316e+01
1.650238878833307155e+01
1.284744359284258586e+01
1.616187910946177553e+01
1.051360004184147634e+01
1.351379402227682647e+01
1.353290198854825022e+01
1.487605326261925676e+01
1.665172033932689288e+01
1.643397728703909166e+01
1.132659709086556177e+01
1.361541408098261563e+01
1.430097896449828987e+01
1.648221786235674458e+01
1.655472771556874534e+01
1.311642535723565040e+01
1.611018566771204874e+01
1.049400224593037301e+01
1.647791190427247798e+01
1.648101023433756751e+01
1.646889752304615939e+01
1.601514776563317710e+01
1.600085402721956029e+01
1.341432223828757309e+01
1.519531377320935128e+01
1.638124367998141295e+01
1.633814786865674762e+01
1.471246031772764340e+01
1.550706293465231056e+01
1.433696000464444431e+01
1.625495670711752894e+01
1.655478193757555871e+01
1.611616408378865017e+01
1.168350330829025729e+01
1.007679156875995652e+01
1.634531355599851921e+01
1.600029116040328958e+01
1.603138412247458078e+01
1.392323810671501860e+01
1.323444026926629569e+01
1.344067143467201397e+01
1.626244199398066570e+01
1.030424538662193434e+01
1.606567765928512870e+01
1.324370555031829255e+01
1.196428300081064933e+01
1.617043995337248674e+01
1.605708037253364395e+01
1.150080858296052533e+01
1.606103878805534890e+01
1.106033291447810996e+01
1.647216777357675710e+01
1.615637908146529256e+01
1.634009901211052807e+01
1.602110959971306414e+01
1.623734464574145875e+01
1.602370091142756792e+01
1.634027705722408186e+01
1.619476429660350547e+01
1.314794601260849483e+01
1.609333844488038423e+01
1.647705247372254789e+01
1.552038132598624109e+01
1.158782940179084164e+01
1.650499105520286847e+01
1.600067268509110008e+01
1.621409905124291484e+01
1.639676652573744065e+01
1.651834062813607318e+01
1.339893264208996015e+01
1.452725000309387404e+01
1.656028481487108905e+01
1.553782903205380350e+01
1.360050294861648901e+01
1.053818677280442273e+01
1.290658737311236770e+01
1.643407618724026520e+01
1.641144029223888268e+01
1.233309540583476682e+01
1.652012517464373431e+01
1.647132875819082898e+01
1.271893298840160469e+01
1.658724858381165745e+01
9.886330926409206299e+00
1.401033284758365660e+01
1.376245982486616626e+01
1.646723903437692726e+01
1.064792744162166471e+01
1.323605143850284094e+01
1.624592567997489567e+01
1.262208039859059205e+01
1.637313110392550897e+01
1.601800587428856559e+01
1.146432288692129120e+01
1.660619004110087715e+01
1.239110850165290856e+01
1.633344026823645123e+01
1.142792499072331935e+01
1.206989474344667812e+01
1.424326019149162370e+01
1.605514078163191627e+01
1.170227818032674172e+01
1.105625365446201158e+01
1.600222660161357169e+01
1.330927387603479062e+01
1.212416276179925667e+01
1.661382883008227296e+01
1.640818062529573140e+01
1.655213304089135207e+01
1.620149824053516241e+01
1.466331692285882582e+01
1.581825455427497396e+01
1.509870768046276446e+01
1.249036622533421514e+01
1.452359205154798971e+01
1.348851474358854574e+01
1.351363658905716925e+01
1.657883668039166736e+01
1.647228211807506426e+01
1.633505911840327585e+01
1.601898949513145354e+01
1.156599711888769377e+01
1.310746667270341348e+01
1.231036315770488798e+01
1.068367250817495240e+01
1.109959047939702970e+01
1.501103766415488039e+01
1.128970819401424208e+01
1.649475263546224113e+01
1.487547789861738146e+01
1.425067772546982603e+01
1.600174768044756135e+01
1.600254907253808767e+01
1.091035901604328018e+01
1.654646007368854654e+01
1.631239041937042700e+01
1.600483882837026428e+01
1.501907691936230549e+01
1.651405678839192603e+01
1.659533852447233571e+01
1.292085237534210584e+01
1.341163921461793507e+01
1.232212410147993609e+01
1.641171380474020225e+01
1.639688060420238713e+01
1.207653082845464354e+01
1.420722404687965401e+01
1.127189013092070624e+01
1.614981053795671428e+01
1.645756263060967584e+01
1.658107789870211590e+01
1.302034936079775918e+01
1.600020089885251195e+01
1.623266593875680286e+01
1.634149869285984380e+01
1.612910846542313692e+01
1.608322129040131543e+01
1.657022492363680044e+01
1.653664320886772288e+01
1.664567760201299862e+01
1.644951273382869772e+01
1.052517192433996485e+01
1.630448685567127143e+01
1.628071146391466328e+01
1.338336097053552365e+01
1.390401998246068693e+01
1.103597967327945994e+01
1.650572560612799222e+01
1.401762417893182544e+01
1.608932953468832494e+01
1.306932965908848132e+01
1.257056950358145642e+01
1.603444534076959727e+01
1.601113172428903297e+01
1.330945823992760424e+01
1.633387705399105982e+01
1.641975094388049072e+01
1.262447872355798673e+01
1.136795507160862684e+01
1.657599631059110479e+01
1.659876621243830996e+01
1.615595193240674021e+01
1.578611586229080999e+01
1.299564962030362381e+01
1.663174838466604655e+01
1.607853854541709282e+01
1.400215415904756178e+01
1.650572560612799222e+01
1.649909772934196539e+01
1.535601021685306655e+01
1.616085134033546922e+01
1.319510805689269795e+01
9.792397187714776408e+00
1.170196285035904538e+01
1.261339246454625496e+01
1.452359205154798971e+01
1.658315046737064691e+01
1.634424584617307730e+01
1.371217932629541281e+01
1.546825239635118265e+01
1.212516675973122382e+01
1.425067772546982603e+01
1.600021348867305804e+01
1.640104107908719655e+01
1.630548190945873088e+01
1.189349788764034699e+01
1.280483688754855898e+01
1.165455292929259201e+01
1.660530955104358242e+01
1.606461893563158227e+01
1.334082404408819933e+01
1.170876068634853873e+01
1.580190017442695805e+01
1.619407438686992862e+01
1.548180856651470982e+01
1.622480885921919480e+01
1.603408185109062245e+01
1.600041138553855546e+01
1.660593316503002725e+01
1.338142426823315567e+01
1.661526260035576286e+01
1.582551553409812151e+01
1.378693026295382573e+01
1.626267622598282259e+01
1.186561703916689048e+01
1.645490723724180882e+01
1.603210363378731884e+01
1.600659534545999918e+01
1.611999054149081445e+01
1.602483634149654890e+01
1.609460396732949050e+01
1.602490677809889519e+01
1.132659709086556177e+01
1.660693167354560984e+01
1.637052889706093595e+01
1.600119510614455365e+01
1.540187082201897795e+01
1.524289612670024141e+01
1.256803889847059708e+01
1.602999895587858958e+01
1.600689822655991534e+01
1.600193400416607048e+01
1.215602400341964007e+01
1.650145754049687241e+01
1.655476550986348272e+01
1.651102382771892962e+01
1.663368526389586322e+01
1.633136952039563639e+01
1.409163051478440565e+01
1.617680023517303312e+01
1.662964331126543271e+01
1.623717437736998903e+01
1.621415806584610309e+01
1.650943856340592930e+01
1.600090950991558003e+01
1.607489469033048124e+01
1.080406330369260814e+01
1.222634909006234771e+01
1.257123634842123217e+01
1.660795956056347933e+01
1.374401578666329904e+01
1.646695452997009923e+01
1.446848946722953499e+01
1.600785669474466744e+01
1.494419670452710136e+01
8.988387173401616081e+00
1.575702322230128161e+01
1.662241734456120668e+01
1.643982028130890072e+01
1.385095313577572362e+01
1.553109486839830389e+01
1.536829506834634174e+01
1.614104274435279152e+01
1.600083886405638012e+01
1.600417460008288728e+01
1.135327089278145785e+01
1.283465885811344087e+01
1.633116009651464395e+01
1.366259610444930139e+01
1.613578205834997092e+01
1.547249933852431880e+01
1.653733710164895854e+01
1.078108813326515936e+01
1.603875264326422112e+01
1.193470933519187227e+01
1.360768281418401848e+01
1.169322969849765315e+01
1.309402852904063508e+01
1.318352720294906533e+01
1.647150356406628546e+01
1.624742527186973007e+01
1.299497647062242933e+01
1.108051424351646652e+01
1.643420793202817620e+01
1.388749100596703911e+01
1.344728459960754385e+01
1.656433613913061009e+01
1.647351314893620966e+01
1.326103828657409700e+01
1.632668880608056838e+01
1.616201836999645636e+01
1.211022419141148454e+01
1.641738838914600507e+01
1.657247850244946008e+01
1.604408705855891881e+01
1.617588901369540011e+01
1.632265223144071697e+01
9.829947115727197371e+00
1.625758933014411767e+01
1.636701025085091388e+01
1.618914418103422648e+01
1.554948827260427713e+01
1.602692877600760823e+01
1.606997578027156592e+01
1.664002885721436797e+01
1.623350073320074927e+01
1.543819821068049336e+01
1.600394571646333475e+01
1.604877590652315789e+01
1.406466272083952873e+01
1.613719080502017178e+01
1.611332469748336038e+01
1.574671211659862990e+01
1.603121978419290983e+01
1.219830172107398880e+01
1.151741434860263880e+01
1.628488437902823449e+01
1.648855421351301587e+01
1.173293837017433816e+01
1.276747421892970280e+01
1.620109582487659239e+01
1.614175458073787439e+01
9.396458659812266134e+00
1.652876447547715344e+01
1.623956176652569638e+01
1.286353372437457843e+01
1.647228211807506426e+01
1.612150458132720487e+01
1.600446376287381511e+01
1.621182007933041902e+01
1.339783774169564090e+01
1.438739571965787434e+01
1.629789415349749504e+01
1.300072331077238985e+01
1.663399951084846151e+01
1.647257216618956477e+01
1.191795270159197884e+01
1.534180946731080653e+01
1.650895686810935814e+01
1.562257589042732597e+01
1.191357693471654855e+01
1.365426695875759222e+01
1.250860347240067227e+01
1.619491777216223838e+01
1.184816421142316401e+01
1.436865263083615929e+01
1.332054702977669436e+01
1.563394028246116108e+01
1.624689056015501265e+01
1.652010058742418153e+01
1.100295795811701183e+01
1.539179181046239009e+01
1.658182417081705751e+01
1.639172537860243395e+01
1.079957338966195657e+01
1.659457526309639164e+01
1.604316662062060672e+01
1.665684024956545173e+01
1.352364874942221995e+01
1.664283160068320555e+01
1.605965026343538682e+01
1.440762953363172905e+01
1.633576498820685075e+01
1.611461667855718360e+01
1.242507918956295931e+01
1.656982281876780050e+01
1.611830892525730263e+01
1.602499241224512971e+01
1.065125068598094238e+01
1.654647381373466786e+01
1.638740675659260404e+01
1.600728113756306925e+01
1.243085751450833421e+01
1.659891753406332171e+01
1.399414400493484223e+01
1.483365658805985987e+01
1.278243426562211482e+01
1.143352765185461628e+01
1.499859274029461886e+01
1.616311885936256232e+01
1.600454093649943843e+01
1.464736497665468207e+01
1.662790612829426351e+01
1.474013594495188784e+01
1.282282449433509441e+01
1.435854277947369084e+01
1.603625065655451820e+01
1.647561516534892334e+01
1.625514462084727896e+01
1.664648460656894002e+01
1.600715395133548569e+01
1.204976792637314631e+01
1.604055637242487009e+01
1.512516146906243719e+01
1.607853854541709282e+01
1.634713006179561745e+01
1.604158458144387467e+01
1.481206574519538854e+01
1.646954467903238495e+01
1.375642385598675155e+01
1.656020310344827351e+01
1.608331258341831571e+01
1.649077236641486977e+01
1.315395667655394973e+01
1.178344932909753595e+01
1.294617180232098264e+01
1.140423137304858159e+01
1.600285198912940032e+01
1.493532653640199293e+01
1.504247115426109005e+01
1.602696190579983337e+01
1.603518768839655806e+01
1.634253592946284073e+01
1.635711724853207727e+01
1.549610475074031690e+01
1.207427621249895289e+01
1.148124289285366473e+01
1.250773684104535022e+01
1.323444026926629569e+01
1.177106706293780114e+01
1.649077236641486977e+01
1.187121712996802358e+01
1.601029292860146924e+01
1.193856535042713141e+01
1.204121845478102237e+01
1.604850951962694339e+01
1.214679672183810055e+01
1.654761488578325412e+01
1.117865153802531708e+01
1.600550545244950129e+01
1.317173274690225249e+01
1.655712459949883097e+01
1.639340601367883110e+01
1.150835960960106696e+01
1.134895133624921293e+01
1.246256528829238164e+01
1.625099890352611709e+01
1.606988429410381514e+01
1.643700736350783131e+01
1.602033555251439623e+01
1.560109542226044965e+01
1.620009913994833894e+01
9.597503837748282862e+00
1.651499918331591488e+01
1.303906285203571436e+01
1.351119146032330853e+01
1.655830812824377674e+01
1.601129111624691248e+01
1.177476008027027987e+01
1.402840081688779250e+01
1.641853730836211511e+01
1.602399549713591398e+01
1.357155424936101262e+01
1.632219359216009025e+01
1.357009122414297586e+01
1.653581136619542491e+01
1.221465622902733905e+01
1.602878663684693805e+01
1.547299184310924147e+01
1.600356354570295281e+01
1.643348107024885962e+01
1.634642110126099013e+01
1.559953658405476240e+01
1.338129593600948297e+01
1.536474400565265697e+01
1.631315184691616338e+01
1.601465916719094906e+01
1.210361958100387447e+01
1.468908915715662289e+01
1.658606119223867026e+01
1.607842639019661846e+01
1.637620141042451394e+01
1.654079297663462356e+01
1.644548297558681327e+01
1.645385164273582035e+01
1.600127754875146380e+01
1.264601723033568348e+01
1.601373514540579990e+01
1.611508890816093853e+01
1.607931784612676296e+01
1.621520820855220180e+01
1.561381119697916375e+01
1.169527301667214481e+01
1.610073035379348738e+01
1.647546137434435920e+01
1.139475555699860543e+01
1.665570470731585218e+01
1.155389024205229020e+01
1.292893918887645555e+01
1.651037603245819341e+01
1.657605752112436548e+01
1.636467643941947969e+01
1.641889315103298941e+01
1.432410466843259478e+01
1.614143287481609690e+01
1.610674664732757222e+01
1.296582981803627810e+01
1.214367167341494280e+01
1.648636587305052004e+01
1.607248605478920922e+01
1.337511095827333740e+01
1.486315425746496643e+01
1.662568254065218198e+01
1.650145754049687241e+01
1.052459866587402004e+01
1.632412695863441598e+01
1.635807167800299666e+01
1.639562076689630032e+01
1.609514409031024584e+01
1.600067539498770941e+01
1.642175577530413833e+01
1.649257340495960023e+01
1.600683969525647754e+01
1.656902585535547701e+01
1.600560950925687465e+01
1.633396334775994774e+01
1.535600789976094305e+01
1.619167368297615184e+01
1.629513288006893035e+01
1.607151333840639040e+01
1.258470175460712426e+01
1.233253097661942910e+01
1.649589612388698256e+01
1.612449415300006095e+01
1.292893918887645555e+01
1.590600531268594864e+01
1.054450098427239091e+01
1.649673258698761202e+01
1.321521116924921380e+01
1.630657706418058694e+01
1.656020310344827351e+01
1.493917252613303148e+01
1.569104074999722087e+01
1.576407862185390307e+01
1.622579841888444818e+01
1.608893714132901920e+01
1.633341310681294445e+01
1.649687115744109178e+01
1.647545421340425165e+01
1.655252806319811398e+01
1.593210888824223659e+01
1.224221106876900222e+01
1.639562076689630032e+01
1.513702904493923285e+01
1.466321381822804426e+01
1.624401607247455104e+01
1.611239339802878945e+01
1.622207734591434303e+01
1.602988673336818337e+01
1.665395574339505913e+01
1.123380166447224582e+01
1.600019485628478222e+01
1.132354904553410790e+01
1.221891294864724564e+01
1.625387645010676252e+01
1.606528111228772460e+01
1.130085201379881887e+01
1.228556486751830867e+01
1.605644549168549418e+01
1.501949366720883106e+01
1.074366099081811399e+01
1.619394491737410746e+01
1.461950477715912733e+01
1.600178063263481576e+01
1.302500926800250802e+01
1.644373453900934834e+01
1.272807735341971735e+01
1.639808712725084661e+01
1.575552383321563887e+01
1.303643786093075008e+01
9.582440069796685833e+00
1.299875886968620087e+01
1.602656503681783917e+01
1.585076014522588750e+01
1.633478020441385681e+01
1.268916306720697129e+01
1.376241128620650755e+01
1.633384153696884056e+01
1.658326697509134107e+01
1.376634269909248864e+01
1.648088342600056677e+01
1.649592110618999286e+01
1.653048874220026576e+01
1.124153435665852108e+01
1.608331443190748899e+01
1.644151708570767312e+01
1.606240620449185386e+01
1.355458206199439175e+01
1.110765434029520904e+01
1.529450709300976285e+01
1.617929064227289260e+01
1.635587543837590374e+01
1.586917260832965404e+01
1.600040612755939762e+01
1.661486803325976780e+01
1.652769380644800989e+01
9.886330926409206299e+00
1.649064233439681360e+01
1.251869588093931185e+01
1.614254550082493367e+01
1.560922433809408361e+01
1.060247641732835433e+01
1.627363353847051997e+01
1.602598522553531879e+01
1.530030396211818555e+01
1.603083990779276391e+01
1.662808976214883216e+01
1.615496923101181892e+01
1.285923188945191775e+01
1.609151353787742167e+01
1.342761614154053262e+01
1.653997265321374854e+01
1.660117484203677662e+01
1.609678197603433958e+01
1.609345530156070225e+01
1.657122625962177409e+01
1.606919929447074580e+01
1.600660791429402252e+01
1.561259023160318726e+01
1.638697375582093585e+01
1.665906980761710088e+01
1.655830812824377674e+01
1.522992782844576176e+01
1.534329481429673869e+01
1.098485741192393839e+01
1.522323139360802635e+01
1.600480471987891562e+01
1.601496813137049102e+01
1.552757354390920419e+01
1.135720435977231979e+01
1.315840448418834363e+01
1.600265865251904529e+01
1.608007817139644402e+01
1.307355389753179153e+01
1.414929983043143480e+01
1.611014729876959350e+01
1.517209282336207288e+01
1.640443743942870825e+01
1.627209496303450109e+01
1.661382883008227296e+01
1.596529990460306969e+01
1.547457759618388096e+01
1.613317553303078000e+01
1.455395569700912262e+01
1.630362011893724983e+01
1.203888997944939732e+01
1.610674664732757222e+01
1.321933338161852767e+01
1.661727420227133933e+01
1.641005930005583480e+01
1.631622513547108611e+01
1.126960266212208062e+01
1.625948592482404464e+01
1.584807812486370970e+01
1.105303768034143452e+01
1.633742841641759114e+01
1.600599797128982260e+01
1.630199425401184499e+01
1.088553281188074351e+01
1.633728013199344176e+01
1.661471830624246593e+01
1.540004395719583563e+01
1.239769019673894412e+01
1.151562421865238939e+01
1.602475805173283518e+01
1.178344932909753595e+01
1.650361078531747339e+01
1.638755647173105245e+01
1.255498080777800318e+01
1.624481415074194501e+01
1.605099473187020109e+01
1.617030167947136476e+01
1.610906712870394131e+01
1.237328365035230426e+01
1.639146108391617673e+01
1.591599303684648703e+01
1.137170061750249594e+01
1.651155406781665036e+01
1.511680663550604464e+01
1.648811262302112368e+01
1.634383416308069314e+01
1.219411216657045216e+01
1.466450818202697093e+01
1.600105967293233533e+01
1.639519328748923499e+01
1.524664887693941751e+01
1.330790936720252304e+01
1.635178225940429186e+01
1.456326841525326010e+01
1.611935618438653250e+01
1.618835729125088463e+01
1.299926575801578998e+01
1.644374014627820912e+01
1.264066138174856491e+01
1.542602249675726078e+01
1.619359300737782803e+01
1.652528614762741910e+01
1.606528111228772460e+01
1.653500264312058832e+01
1.080406330369260814e+01
1.601573783769762116e+01
1.352040545164548924e+01
1.197164528417946805e+01
1.609103824070875532e+01
1.636641249125866437e+01
1.257951677535980295e+01
1.156315196905416087e+01
1.663736267716846484e+01
9.382842860192795342e+00
1.186610231048641317e+01
1.606513642777802531e+01
1.600954096784822767e+01
1.550839975011943395e+01
1.559137536978837169e+01
1.257840531430660036e+01
1.617680023517303312e+01
1.619476429660350547e+01
1.206212519454171783e+01
1.164423563327136968e+01
1.365357820724904414e+01
1.601465916719094906e+01
1.149954342333662005e+01
1.637413138035821447e+01
1.601308191282658555e+01
1.650761250834552385e+01
1.170695591102975541e+01
1.633377251156751342e+01
1.605212709233332902e+01
1.523132314384469943e+01
1.118449939536427173e+01
1.273841383016405615e+01
1.649181605907651615e+01
1.225392709632230925e+01
1.651313497068387193e+01
1.647546989449250887e+01
1.600548033446413143e+01
1.414608955523706513e+01
1.661277507735742631e+01
1.110684114013625745e+01
1.654444543393808686e+01
1.486569597619004135e+01
1.240659955006581860e+01
1.336893301419494762e+01
1.604895958330821415e+01
1.607515629991413419e+01
1.632366270093270799e+01
1.331873632269859442e+01
1.655830812824377674e+01
1.212511795488200406e+01
1.601275343435176524e+01
1.558892960304896924e+01
1.240659955006581860e+01
1.635840232376525805e+01
1.501945808451305275e+01
1.648979325416217279e+01
1.619482593192436681e+01
1.261552740441342557e+01
1.603625065655451820e+01
1.662987088056556573e+01
1.259733909960563736e+01
1.618914418103422648e+01
1.289266618666801278e+01
1.205303002885295882e+01
1.662149054456511621e+01
1.604790246836245160e+01
1.600678816885783107e+01
1.567377433810695386e+01
1.555598161333859153e+01
1.257056950358145642e+01
1.433277754191684394e+01
1.621033852217310312e+01
1.637080414149779273e+01
1.620380534922836091e+01
1.557159295806803279e+01
1.202309150253813463e+01
1.178750141644004046e+01
1.642263233894820829e+01
1.621182007933041902e+01
1.381275687256865403e+01
1.070969039729893169e+01
1.184465065298941866e+01
1.250977981922892113e+01
1.628486879844709634e+01
1.637135914731371145e+01
1.645094542808578453e+01
1.604152808550286835e+01
1.347391587844918348e+01
1.634151759101523282e+01
1.529329277618748151e+01
1.636256142328022989e+01
1.355992121860659161e+01
1.600461762692802026e+01
1.600068664309282696e+01
1.624371767596057481e+01
1.637333608549185371e+01
1.085457760187349052e+01
1.634027705722408186e+01
1.608182862614287600e+01
1.639218690751463114e+01
1.091369137181156113e+01
1.633111988933988101e+01
1.610866983740392300e+01
1.603072084546860765e+01
