7.252228949270706730e-07
3.148583751921287927e-06
1.871871713915283857e-08
4.712089558160315578e-07
1.423382058572355348e-08
4.436083055004706400e-08
3.143918525592790529e-08
6.207185391853299185e-07
1.909568625665872301e-07
6.813182574737282881e-08
7.252228949270706730e-07
2.219546148057233761e-08
2.537505891175462147e-08
1.659950765038541700e-07
1.871871713915283857e-08
5.151439480478110463e-08
4.959715283465842485e-06
1.909568625665872301e-07
7.626277911909267595e-07
2.500233159147358864e-07
2.537505891175462147e-08
5.752822141563042980e-08
3.760344200490006727e-01
6.728300374705500680e-08
6.126957576108131016e-08
4.375268792635474479e-09
7.924837106220223960e-06
8.084478730039322214e-07
4.695215369128227091e-08
4.844044522433747205e-08
2.411704213765328532e-07
3.108785983108622943e-06
2.069889694624292045e-06
1.387022282319630167e-05
2.966067782625178591e-06
8.211900829312631440e-09
1.909568625665872301e-07
2.514303696821244575e-07
3.968483623672616248e-07
2.297657317514694174e-06
4.602344110493661909e-07
1.268815503850731286e-08
1.603148626519966882e-08
4.712089558160315578e-07
7.263961573892836425e-09
2.699697722565116807e-08
5.244514737814183236e-05
1.005771340414971836e-05
2.993383799849641383e-08
7.163193486273200274e-07
1.112003969140214052e-07
2.199840532401240269e-08
2.880813845470124138e-09
7.620287940023034211e-08
3.094243615316873836e-04
4.154710387434083070e-08
2.367224274892825411e-08
3.185176563425883313e-06
9.945876023467889869e-06
4.326631613999035603e-09
3.003959229556448396e-05
1.659950765038541700e-07
1.916549275753265033e-04
4.154710387434083070e-08
1.377382990133604078e-08
1.702355933275010464e-09
4.149499301441965108e-07
9.008050437307986986e-06
1.909568625665872301e-07
7.897492600713928371e-08
5.900641897593663140e-09
1.196126145707419468e-07
1.659950765038541700e-07
1.871871713915283857e-08
3.589819902484678720e-07
1.993038272060533751e-03
3.143918525592790529e-08
3.378083688222851419e-06
1.545484550169388835e-07
2.500233159147358864e-07
2.112740724025701964e-04
2.147908193081658401e-06
3.469133792619051972e-08
2.751108314688401710e-08
8.211900829312631440e-09
5.151439480478110463e-08
5.618858512355993507e-06
3.462092846117115382e-06
3.008833249882817585e-08
1.187801522034934495e-06
7.252228949270706730e-07
1.659950765038541700e-07
4.154710387434083070e-08
1.232438827046302814e-06
3.671404667073502684e-05
3.401991340617584138e-07
3.588724520724331068e-08
1.132029818543698889e-06
5.151439480478110463e-08
3.507159694775644767e-05
5.012175701109627294e-08
3.588724520724331068e-08
8.426663066661278407e-07
1.445824772905515316e-08
3.948179249715964720e-07
4.844044522433747205e-08
2.989111939154359475e-08
2.394504226563352704e-07
3.098564977719702060e-08
2.100716114854945114e-08
1.682354027509439678e-07
3.261951897649724095e-07
4.712089558160315578e-07
6.728300374705500680e-08
9.143150473389037091e-08
2.699697722565116807e-08
4.149499301441965108e-07
5.729038931568480572e-08
2.131038456677052242e-06
2.282098337351723958e-04
1.821437932706164221e-07
8.056521362675185055e-07
1.096720742168027098e-07
2.022622442612613634e-08
3.340569230485313689e-06
1.391956239476486262e-08
4.844044522433747205e-08
1.880779129129414512e-07
3.510030225952603151e-08
2.022769485560080722e-07
2.537505891175462147e-08
1.470172811831005570e-07
7.620287940023034211e-08
2.696411092710598710e-08
4.308891134596123468e-08
6.596558337614946574e-09
4.107528481619461383e-07
1.909568625665872301e-07
2.137033607889807503e-08
4.844044522433747205e-08
2.790626713570591817e-07
7.620287940023034211e-08
3.003208822474335326e-08
7.786824766609646013e-05
2.782822260160952468e-04
2.751108314688401710e-08
1.909568625665872301e-07
4.326631613999035603e-09
4.690971008950113380e-04
5.809119329669127350e-09
3.079475503911200865e-06
2.643882331537053792e-09
3.757272451257428901e-07
1.627519462541631188e-09
8.223971112875761505e-09
7.263961573892836425e-09
2.276209766293238766e-08
1.872415866266016593e-08
2.642206146132612262e-05
1.381391517127119641e-02
1.603148626519966882e-08
4.375268792635474479e-09
5.934139136490148830e-09
1.909568625665872301e-07
6.747853060085842970e-07
1.143512416918041608e-08
4.690971008950113380e-04
2.048089990227442185e-08
3.670030615794863449e-07
2.571046666516741005e-04
1.871871713915283857e-08
4.496582427239310482e-07
1.232438827046302814e-06
4.188428462938673717e-08
6.596558337614946574e-09
7.746478159027963090e-09
5.151439480478110463e-08
1.909568625665872301e-07
6.388364691963075430e-09
4.941413074508632328e-09
3.261951897649724095e-07
4.631347467742467947e-06
6.882932688069739805e-07
2.966067782625178591e-06
1.370747786910301251e-08
8.211900829312631440e-09
1.838511196530017911e-07
1.756453646147521666e-07
5.100836490205872820e-08
1.173878986135996594e-08
5.900641897593663140e-09
4.650395032972918305e-06
2.007643098158011943e-08
3.559768130715555122e-07
1.606240098206693933e-07
2.072392246770163872e-08
3.359964818182791807e-07
1.656234002571009704e-09
4.393172726802793408e-08
6.823015054250002322e-07
7.619197489492224117e-07
3.108785983108622943e-06
1.603148626519966882e-08
2.403439952343100454e-08
4.539699703491606283e-06
2.699697722565116807e-08
5.934139136490148830e-09
2.103441857586158284e-09
1.025063631347952617e-04
3.770642299204526027e-06
4.223634472989948633e-08
6.810780985829689608e-08
7.700393759353242284e-09
3.671404667073502684e-05
3.677565738103047004e-08
7.139157604646329630e-08
1.909568625665872301e-07
8.166254307522917072e-06
1.430217073809148103e-07
3.968483623672616248e-07
1.659950765038541700e-07
8.501362579843963225e-08
1.627519462541631188e-09
2.969451757339685436e-07
1.074881525533702834e-06
1.909568625665872301e-07
3.968483623672616248e-07
1.700445353873663050e-09
3.359964818182791807e-07
3.924395176883199705e-07
5.900641897593663140e-09
2.407441632039587945e-07
2.894783766875301918e-09
1.178764957435037614e-07
3.469133792619051972e-08
1.020668885334950072e-07
3.143918525592790529e-08
5.921289133632540730e-07
1.000386426574052313e-07
1.871661148579129397e-07
1.017150528361109186e-07
3.462936276534499206e-08
7.163193486273200274e-07
1.756453646147521666e-07
1.416148622917684861e-08
1.845444356409168401e-09
3.510030225952603151e-08
5.297760787579166052e-06
5.064633316242207285e-06
9.708608118971202322e-09
3.268616047034403312e-06
1.603148626519966882e-08
8.436545585471410711e-05
2.543587662783752668e-08
4.539699703491606283e-06
3.671404667073502684e-05
3.688118957591004423e-08
1.756453646147521666e-07
4.844044522433747205e-08
3.510030225952603151e-08
3.145397668622560745e-06
2.069889694624292045e-06
7.879598529120142068e-07
1.232438827046302814e-06
8.211900829312631440e-09
1.580616085409592166e-07
2.994240511005668269e-08
2.993383799849641383e-08
7.601755380292373724e-10
3.754661531459268703e-07
1.112003969140214052e-07
4.650395032972918305e-06
2.401059082920925124e-07
1.040275061452310828e-07
3.807354243395662956e-06
2.457445567538716434e-07
9.945876023467889869e-06
6.049216587380055783e-09
7.163193486273200274e-07
1.074762215121322035e-04
1.659950765038541700e-07
1.358560296536768404e-08
2.069889694624292045e-06
3.677565738103047004e-08
9.945876023467889869e-06
2.364873795230649196e-05
1.430217073809148103e-07
3.510030225952603151e-08
1.352220054246320786e-07
1.527055307746662662e-04
4.383159940923817777e-08
2.453697209269526144e-06
1.603148626519966882e-08
4.539699703491606283e-06
3.469133792619051972e-08
1.377382990133604078e-08
5.729038931568480572e-08
1.909568625665872301e-07
7.163193486273200274e-07
2.562023454853173351e-07
5.566213539841393499e-09
2.971812084384584162e-06
2.199840532401240269e-08
2.790626713570591817e-07
7.620287940023034211e-08
7.263961573892836425e-09
5.032451813004301340e-06
1.909568625665872301e-07
6.681862480745954172e-09
1.656234002571009704e-09
2.018240107005395828e-07
7.619197489492224117e-07
2.537505891175462147e-08
1.112003969140214052e-07
3.350636118868816456e-08
1.541980245808316632e-05
1.491387468968578290e-05
1.389060057030412156e-07
1.377382990133604078e-08
9.008050437307986986e-06
1.270461448189766000e-07
1.302804982703054875e-08
6.882932688069739805e-07
3.094243615316873836e-04
5.074634027019429119e-08
1.046046831827509922e-08
3.469133792619051972e-08
1.780304237211200954e-05
1.909568625665872301e-07
6.813182574737282881e-08
4.542116229231971801e-08
1.145984168001245060e-07
1.046046831827509922e-08
1.909568625665872301e-07
2.137033607889807503e-08
1.124061028236662532e-06
3.510030225952603151e-08
5.514843462056191661e-04
3.299422496833120208e-07
3.494677654891840768e-08
3.333431830297128550e-07
1.659950765038541700e-07
2.271170093430537114e-08
1.603148626519966882e-08
8.436545585471410711e-05
2.924864274633953438e-09
1.017568121091116961e-08
3.588724520724331068e-08
1.341482536313632325e-06
1.545484550169388835e-07
1.038046208228129468e-07
2.696411092710598710e-08
2.138058317306430744e-07
2.699697722565116807e-08
6.820519492397690890e-09
3.241307716990007799e-07
1.000386426574052313e-07
2.501179355261983952e-06
1.020972933994348932e-05
2.799544248412660943e-06
2.919194191774751112e-06
2.080466765318609602e-06
1.659950765038541700e-07
6.930252852140272280e-07
7.839485304637131534e-05
1.872415866266016593e-08
1.040275061452310828e-07
8.522070447510364831e-07
8.186754545841177282e-06
1.948594020270758454e-07
2.003989010372997161e-08
1.659950765038541700e-07
2.894783766875301918e-09
4.969232762781531303e-07
6.549107753835322683e-07
6.207185391853299185e-07
1.909568625665872301e-07
6.294345104875759017e-08
9.673282647954997501e-07
1.187801522034934495e-06
1.821437932706164221e-07
3.984681218561292942e-08
1.096720742168027098e-07
9.143150473389037091e-08
2.993383799849641383e-08
2.103441857586158284e-09
5.616439516354872735e-09
7.163193486273200274e-07
1.345083762532863464e-08
7.909410443403181868e-08
2.007643098158011943e-08
4.436083055004706400e-08
3.462092846117115382e-06
1.291564460323278067e-04
1.399471639163460247e-06
4.599699156401608062e-06
1.541735463334655776e-08
1.593089593818509933e-08
5.705575741022635643e-05
3.383663238122976213e-06
1.302804982703054875e-08
1.565023346126835172e-06
2.367224274892825411e-08
3.469133792619051972e-08
2.030963922671559387e-07
5.313018421847937944e-09
1.430217073809148103e-07
7.163193486273200274e-07
8.218695912577331908e-06
2.766405580284132770e-07
1.302804982703054875e-08
6.484342659668507107e-08
4.436083055004706400e-08
3.671404667073502684e-05
3.469133792619051972e-08
1.909568625665872301e-07
3.378083688222851419e-06
4.829412014136478803e-01
1.143512416918041608e-08
6.147420395241196716e-05
3.261951897649724095e-07
3.333431830297128550e-07
3.148583751921287927e-06
5.206838887472041259e-03
1.978359746239754231e-05
1.387022282319630167e-05
2.894783766875301918e-09
3.309617475234568422e-06
8.033987929391103714e-08
8.426663066661278407e-07
7.377266033141484402e-05
1.778520467511132946e-06
1.112003969140214052e-07
1.038046208228129468e-07
3.063783472576884465e-06
2.248651058889997167e-08
5.613905578845095844e-07
2.993383799849641383e-08
1.396364659984272618e-07
1.909568625665872301e-07
4.302168065735569299e-07
1.752784302856890337e-07
8.436545585471410711e-05
4.969232762781531303e-07
2.592304786360469630e-06
3.948179249715964720e-07
6.887994134136759458e-06
3.263549152898216890e-08
1.656234002571009704e-09
3.643954265126180780e-07
1.112003969140214052e-07
2.069889694624292045e-06
1.122467880937771330e-07
1.554335135285353913e-08
8.102737393543654092e-04
2.924864274633953438e-09
1.323952442215822058e-05
1.005771340414971836e-05
1.780304237211200954e-05
2.588015337610786414e-08
3.145397668622560745e-06
1.112003969140214052e-07
8.947021562886177219e-04
4.558275537779105757e-09
1.445824772905515316e-08
1.571794359337115891e-03
3.236592078190598792e-08
1.572864766155351610e-09
1.820889174575662983e-06
1.187801522034934495e-06
2.167347553886611838e-06
9.447812582870312533e-08
7.398143895922719244e-08
1.445824772905515316e-08
6.681862480745954172e-09
2.857411164580037788e-06
1.420814135827905732e-08
3.510030225952603151e-08
2.442065731141716422e-06
4.303742328915635879e-05
1.736759331646543005e-06
1.358560296536768404e-08
9.221037456329663978e-08
8.801034280715793599e-07
1.632729019080851672e-04
4.172433510516753911e-08
1.656234002571009704e-09
7.554334104753474426e-08
6.652420666637254480e-06
3.383663238122976213e-06
5.566213539841393499e-09
1.659950765038541700e-07
1.603148626519966882e-08
1.819935765686095383e-06
3.469133792619051972e-08
9.585938763019638558e-06
1.370747786910301251e-08
2.248651058889997167e-08
3.588724520724331068e-08
8.270098714320044853e-07
1.232958700266059593e-08
1.659950765038541700e-07
2.271170093430537114e-08
1.541980245808316632e-05
1.387022282319630167e-05
5.684762281782682524e-09
2.699697722565116807e-08
2.103441857586158284e-09
5.032451813004301340e-06
1.909568625665872301e-07
1.603148626519966882e-08
2.880813845470124138e-09
1.162806068192551784e-05
2.751108314688401710e-08
3.185176563425883313e-06
2.022622442612613634e-08
3.378083688222851419e-06
4.844044522433747205e-08
2.442065731141716422e-06
1.593089593818509933e-08
1.946948940398713728e-08
7.398143895922719244e-08
3.143918525592790529e-08
1.123632288164952439e-07
4.172433510516753911e-08
4.599699156401608062e-06
7.273454563605076437e-08
2.500233159147358864e-07
1.593089593818509933e-08
1.057379846068715570e-05
5.900641897593663140e-09
3.108785983108622943e-06
1.387022282319630167e-05
9.143150473389037091e-08
1.954712567355484884e-08
1.593393072919467037e-04
6.596558337614946574e-09
6.209723081089193470e-08
7.551185685855099579e-08
8.386104453374419279e-07
1.736759331646543005e-06
1.603148626519966882e-08
1.358560296536768404e-08
4.712089558160315578e-07
1.953385572889713303e-05
2.993383799849641383e-08
1.444968680391692544e-05
2.514303696821244575e-07
2.522640050677096127e-06
8.652852366359599779e-07
5.507941782894311969e-07
7.377266033141484402e-05
1.736759331646543005e-06
1.225410687947224626e-07
2.342044954157085476e-05
2.250794461089773458e-06
1.107748568497090176e-06
1.251352022330682690e-07
1.379363745808359875e-07
5.276670004802890780e-08
2.407441632039587945e-07
8.102737393543654092e-04
2.782822260160952468e-04
1.445824772905515316e-08
1.345083762532863464e-08
2.155043300784591014e-06
3.510030225952603151e-08
6.652420666637254480e-06
1.065665531450097745e-07
2.213868935281769281e-07
1.603148626519966882e-08
1.358560296536768404e-08
1.232438827046302814e-06
1.909568625665872301e-07
5.053234188781808119e-06
1.656234002571009704e-09
1.420814135827905732e-08
1.187801522034934495e-06
1.593089593818509933e-08
3.412525953506687865e-07
7.620287940023034211e-08
1.387022282319630167e-05
3.149154506002504563e-07
6.049216587380055783e-09
4.844044522433747205e-08
7.017166314558474782e-04
2.040538057320926378e-04
2.989111939154359475e-08
1.845444356409168401e-09
6.729295276719819089e-06
3.316225095171942644e-08
1.659950765038541700e-07
7.786824766609646013e-05
2.894783766875301918e-09
2.751108314688401710e-08
2.813189401462072486e-05
6.747853060085842970e-07
6.388364691963075430e-09
2.297657317514694174e-06
7.909410443403181868e-08
1.174434160945940763e-04
2.219546148057233761e-08
2.524995427735510498e-08
1.013014045993733891e-07
7.700393759353242284e-09
2.894783766875301918e-09
2.022622442612613634e-08
5.032451813004301340e-06
1.909568625665872301e-07
4.455647136037220558e-09
3.854672939285747448e-04
1.112003969140214052e-07
1.128963384440007847e-06
6.810780985829689608e-08
1.627519462541631188e-09
3.063783472576884465e-06
1.780304237211200954e-05
1.571794359337115891e-03
7.514466383720768005e-09
4.844044522433747205e-08
2.387933694697449326e-08
1.659950765038541700e-07
4.712089558160315578e-07
3.589819902484678720e-07
2.894783766875301918e-09
1.878458901360659413e-07
2.699697722565116807e-08
3.555337428977548766e-06
1.005771340414971836e-05
1.909568625665872301e-07
1.269805118430262071e-07
1.603148626519966882e-08
2.880813845470124138e-09
2.790626713570591817e-07
1.693257133584211791e-07
1.423382058572355348e-08
6.596558337614946574e-09
7.746478159027963090e-09
1.756453646147521666e-07
4.844044522433747205e-08
3.757272451257428901e-07
1.677346659882982861e-05
2.344533920739191478e-05
1.780304237211200954e-05
1.444968680391692544e-05
1.909568625665872301e-07
2.294925719886137552e-06
2.198432787368729136e-05
6.700404042867811555e-08
2.442065731141716422e-06
7.619197489492224117e-07
7.252228949270706730e-07
6.126957576108131016e-08
4.539699703491606283e-06
3.588724520724331068e-08
3.951329299670229091e-08
8.426663066661278407e-07
4.149499301441965108e-07
1.909568625665872301e-07
7.163193486273200274e-07
2.662386271480202777e-05
4.326631613999035603e-09
6.747853060085842970e-07
2.284398408172863162e-07
4.836676114762452394e-09
4.393172726802793408e-08
1.845444356409168401e-09
3.510030225952603151e-08
1.178779634895646915e-07
5.705575741022635643e-05
1.659950765038541700e-07
1.111031279288437056e-06
3.984681218561292942e-08
2.696411092710598710e-08
1.096720742168027098e-07
3.133294313439640536e-07
3.377547760712144313e-07
1.008990191065168136e-07
3.688118957591004423e-08
4.326631613999035603e-09
5.566213539841393499e-09
2.643882331537053792e-09
9.544007246711784143e-09
7.839485304637131534e-05
3.677565738103047004e-08
8.426663066661278407e-07
1.871661148579129397e-07
7.070090936274729676e-02
5.221633854043051002e-08
1.656234002571009704e-09
2.221277286446852282e-07
4.223634472989948633e-08
5.749911184071016052e-09
1.005771340414971836e-05
3.462092846117115382e-06
5.616439516354872735e-09
5.793475182413480020e-08
4.995461564552602370e-06
7.514466383720768005e-09
4.690971008950113380e-04
5.918662765574004693e-06
3.469133792619051972e-08
1.099686660868873150e-05
1.347503277422057864e-05
2.490718692938808370e-08
1.909568625665872301e-07
3.948179249715964720e-07
7.273454563605076437e-08
1.656234002571009704e-09
3.510030225952603151e-08
2.643882331537053792e-09
2.537505891175462147e-08
2.085263312673951528e-07
1.132029818543698889e-06
7.163193486273200274e-07
7.554334104753474426e-08
7.517614472322208625e-04
1.304099578319747621e-06
2.258791853228678531e-07
3.225257243817550663e-07
1.270461448189766000e-07
1.871871713915283857e-08
4.712089558160315578e-07
3.812975581430702276e-06
1.572864766155351610e-09
6.747853060085842970e-07
2.766405580284132770e-07
1.656234002571009704e-09
1.845444356409168401e-09
3.510030225952603151e-08
2.880813845470124138e-09
2.323307779950685435e-06
3.469133792619051972e-08
3.695264443020335448e-05
3.507159694775644767e-05
9.870239531616907286e-05
2.103441857586158284e-09
5.032451813004301340e-06
1.025063631347952617e-04
6.388364691963075430e-09
2.643882331537053792e-09
1.232958700266059593e-08
3.982498657766126484e-05
1.517842985991615932e-07
1.017150528361109186e-07
2.031315499044789764e-06
5.749911184071016052e-09
1.046046831827509922e-08
1.544737926639169151e-07
1.909568625665872301e-07
1.163078785425860812e-08
1.871871713915283857e-08
3.003208822474335326e-08
7.786824766609646013e-05
2.256914942119255495e-03
2.993383799849641383e-08
3.968483623672616248e-07
1.143512416918041608e-08
1.199786450444202188e-08
2.845277647021172871e-06
1.163078785425860812e-08
3.333431830297128550e-07
1.659950765038541700e-07
2.401059082920925124e-07
1.387022282319630167e-05
2.248651058889997167e-08
2.592304786360469630e-06
1.909568625665872301e-07
4.844044522433747205e-08
2.849641442576834594e-08
3.316225095171942644e-08
1.659950765038541700e-07
1.603148626519966882e-08
1.325163816041575409e-05
2.276209766293238766e-08
5.918662765574004693e-06
1.444968680391692544e-05
3.056673577768823714e-07
1.656234002571009704e-09
4.455647136037220558e-09
1.232958700266059593e-08
2.790626713570591817e-07
3.042811725971271907e-07
3.309617475234568422e-06
1.232438827046302814e-06
5.151439480478110463e-08
6.207185391853299185e-07
5.729038931568480572e-08
5.616439516354872735e-09
7.163193486273200274e-07
4.134151973525332595e-07
1.659950765038541700e-07
1.268815503850731286e-08
2.342044954157085476e-05
1.417283702013642397e-03
3.094243615316873836e-04
2.894783766875301918e-09
2.969451757339685436e-07
1.040275061452310828e-07
2.751108314688401710e-08
1.017568121091116961e-08
2.993383799849641383e-08
2.865513472578107784e-05
3.236592078190598792e-08
1.572864766155351610e-09
1.820889174575662983e-06
4.138232364544334095e-07
2.989111939154359475e-08
4.393172726802793408e-08
4.455647136037220558e-09
2.537505891175462147e-08
1.871871713915283857e-08
1.627519462541631188e-09
7.366444048219547352e-08
3.688118957591004423e-08
1.763837555592740867e-06
1.571794359337115891e-03
7.601755380292373724e-10
1.399471639163460247e-06
2.409821697497062257e-05
3.984681218561292942e-08
3.469133792619051972e-08
1.885081976480292552e-04
5.032451813004301340e-06
1.909568625665872301e-07
1.572864766155351610e-09
8.084478730039322214e-07
1.656234002571009704e-09
4.455647136037220558e-09
1.266777663027358646e-07
5.012175701109627294e-08
2.007643098158011943e-08
8.732012338455199180e-07
1.945018530052279797e-08
2.642206146132612262e-05
3.671404667073502684e-05
2.490718692938808370e-08
2.514303696821244575e-07
1.062826414579590245e-07
1.756453646147521666e-07
5.685304598396808272e-08
1.794289925609305052e-07
6.732755115399469104e-05
3.671404667073502684e-05
9.289049014418894689e-08
1.132029818543698889e-06
1.678325439985904998e-06
1.871661148579129397e-07
2.557936001842676425e-08
3.547088799805622880e-04
4.390368830052522120e-06
9.617267363141368476e-08
5.558332729548347566e-07
2.592304786360469630e-06
1.909568625665872301e-07
1.020972933994348932e-05
1.143512416918041608e-08
2.849641442576834594e-08
1.539612900789699648e-08
2.158885760575504415e-07
3.333431830297128550e-07
1.871871713915283857e-08
2.271170093430537114e-08
4.436083055004706400e-08
2.367224274892825411e-08
8.211900829312631440e-09
2.993383799849641383e-08
8.166254307522917072e-06
7.163193486273200274e-07
4.455647136037220558e-09
2.581546175469842818e-05
2.138058317306430744e-07
3.172920502464828157e-06
1.377382990133604078e-08
7.526024438611099067e-06
1.780304237211200954e-05
8.084478730039322214e-07
2.040538057320926378e-04
1.656234002571009704e-09
1.352220054246320786e-07
1.659950765038541700e-07
2.367224274892825411e-08
5.558332729548347566e-07
2.344533920739191478e-05
2.103441857586158284e-09
1.445824772905515316e-08
4.844044522433747205e-08
6.388364691963075430e-09
1.591943901363169299e-05
2.853848282757279425e-05
2.036264996635445807e-04
1.627519462541631188e-09
6.032999353056213308e-07
5.616439516354872735e-09
1.574091524418861159e-08
1.537970701670617374e-07
2.442065731141716422e-06
3.151122484123638779e-07
3.229516309487775286e-06
2.536411245260568936e-07
1.871871713915283857e-08
2.880813845470124138e-09
2.344533920739191478e-05
5.618858512355993507e-06
7.369948358581343938e-06
7.290971667216717592e-06
3.940293661403114229e-08
1.656234002571009704e-09
2.442065731141716422e-06
1.593089593818509933e-08
1.736759331646543005e-06
7.495076249918276475e-08
6.728300374705500680e-08
8.538634178446663991e-05
6.126957576108131016e-08
2.894783766875301918e-09
1.232438827046302814e-06
2.966067782625178591e-06
2.248852959056934296e-08
2.297657317514694174e-06
6.794496265221947061e-08
1.038046208228129468e-07
1.330578737942974111e-06
8.033987929391103714e-08
7.027887126997385714e-07
9.673282647954997501e-07
4.243246374289535519e-06
1.416148622917684861e-08
6.315261239837133693e-07
3.510030225952603151e-08
3.108785983108622943e-06
8.501362579843963225e-08
8.436545585471410711e-05
1.040275061452310828e-07
9.221037456329663978e-08
3.266975376259289653e-07
2.490718692938808370e-08
1.820889174575662983e-06
4.393172726802793408e-08
4.455647136037220558e-09
2.537505891175462147e-08
4.223634472989948633e-08
2.696411092710598710e-08
1.232438827046302814e-06
1.985076522592395436e-07
3.813334187012914111e-08
3.951329299670229091e-08
2.128464637442118563e-06
2.592304786360469630e-06
9.383648422160969222e-06
5.900641897593663140e-09
3.145397668622560745e-06
2.537505891175462147e-08
1.268815503850731286e-08
8.647421057619148038e-08
3.559768130715555122e-07
8.223971112875761505e-09
5.505880118874280612e-08
6.001367513784830278e-06
2.647169467331792272e-02
1.659950765038541700e-07
2.271170093430537114e-08
2.880813845470124138e-09
2.342044954157085476e-05
1.107748568497090176e-06
2.813189401462072486e-05
9.815681920837632736e-08
9.008050437307986986e-06
7.163193486273200274e-07
3.605201443513142151e-08
3.807354243395662956e-06
1.909568625665872301e-07
3.968483623672616248e-07
5.110758089911701963e-07
3.359964818182791807e-07
3.510030225952603151e-08
2.148291916374369705e-04
3.619384660004300143e-09
2.636825645028979921e-07
2.365947545272014965e-06
1.659950765038541700e-07
2.271170093430537114e-08
9.143150473389037091e-08
1.330578737942974111e-06
6.209723081089193470e-08
5.151439480478110463e-08
1.909568625665872301e-07
4.092722905614190293e-08
7.290971667216717592e-06
1.656234002571009704e-09
4.748428277417575715e-07
1.659950765038541700e-07
1.017150528361109186e-07
8.647421057619148038e-08
1.383719882634409996e-06
4.375268792635474479e-09
4.539699703491606283e-06
5.221633854043051002e-08
2.500233159147358864e-07
1.656234002571009704e-09
