1.238838044736780652e+01
1.724849913025915882e+01
1.705168410646290056e+01
1.633059306869342464e+01
1.649299083925783194e+01
1.620046205729108735e+01
1.705578353286072257e+01
1.694510069429091459e+01
1.439656409123329084e+01
1.166367532440582444e+01
1.718029178694770565e+01
1.281406862578454842e+01
1.706476868139032987e+01
9.745174450421567158e+00
1.683039493130143427e+01
1.692141261170046107e+01
1.698270458842647201e+01
1.286946154739135117e+01
1.570701639502746261e+01
1.584196571707912682e+01
1.711440754606036307e+01
1.635836911407844241e+01
1.696584275990135637e+01
1.604355460650376131e+01
1.553339750634259708e+01
1.651675432723575909e+01
1.659931953710119856e+01
1.197742484225001292e+01
1.690383960659232088e+01
1.178132517772680288e+01
1.666565932874797440e+01
1.719828768425747256e+01
1.615306029470466243e+01
1.686663523464996217e+01
1.544153019738909549e+01
1.623472569455464409e+01
1.146262915761683843e+01
1.582301103787784413e+01
1.341508976600701786e+01
1.644541466492312409e+01
1.562450090339954301e+01
1.593077927259151139e+01
1.576795169992968937e+01
1.660410753068040890e+01
1.582925352894782556e+01
1.538981043612192501e+01
1.647167801878084958e+01
1.521040935044661246e+01
1.643105113131414186e+01
1.418433206382077572e+01
1.720539478125514776e+01
1.178021073574050348e+01
1.596781056729077264e+01
1.723511199669282234e+01
1.541873786245933253e+01
1.521666250617331606e+01
1.704231512663198700e+01
5.530876763503014715e+00
1.660526973027425157e+01
1.600422084974800896e+01
1.440812705019423845e+01
1.555280088035456210e+01
1.564532813106254672e+01
1.682403978041144654e+01
1.690162221054821146e+01
1.557785628305881609e+01
1.367621265790755736e+01
1.586514976445197078e+01
1.663274718529340745e+01
1.647757662827099523e+01
1.513687098318128754e+01
1.682179426463468985e+01
1.702441353057752593e+01
1.662367096670883981e+01
1.601374735045778763e+01
1.655696186482708754e+01
1.289665136853977323e+01
1.676601828229139812e+01
1.714706689796603456e+01
9.459485438030036164e+00
1.724655437343389508e+01
1.329164539619759644e+01
1.333042958530982958e+01
1.430069061082634718e+01
1.538765722772788003e+01
1.684598800353704107e+01
1.316868375790054912e+01
1.617742704447868718e+01
1.711978348417244078e+01
1.722960760563507066e+01
1.594392201993863623e+01
1.612571297182058316e+01
1.651865581000776473e+01
1.659973246255994894e+01
1.554201122171829752e+01
1.455290474004615220e+01
1.703967575664822931e+01
1.692530251791707485e+01
1.659260145040810031e+01
1.302040311423930419e+01
1.630138006534673423e+01
1.627332050492514881e+01
1.676686070844824172e+01
1.624995622489853275e+01
1.657556893337072879e+01
1.686692930186468331e+01
1.514026430904083398e+01
1.430673872453905027e+01
1.658869214041738616e+01
1.693550236882918725e+01
1.692272928861550341e+01
1.658258641528359689e+01
1.703578874632139417e+01
1.657348612075539407e+01
1.305148640473195165e+01
1.582546175294234203e+01
1.640848175089537619e+01
1.687317955793403357e+01
1.660301123926879185e+01
1.603990388404113432e+01
1.580692366002315374e+01
1.357483600383793743e+01
1.661608965086011125e+01
8.626904164980475187e+00
1.576042107562519945e+01
1.549578016180712581e+01
1.643456967152172155e+01
1.406556770221938102e+01
1.645175463365789881e+01
1.676897748391179377e+01
1.499280373031325553e+01
1.596781056729077264e+01
1.636092950989496231e+01
1.562657839739254229e+01
1.489118658909968573e+01
1.507221589121796690e+01
1.657450978008885656e+01
1.442924652356797921e+01
1.547515530558302999e+01
1.663381429389309929e+01
1.443562498459336751e+01
1.519183621943819595e+01
1.325767511802940390e+01
1.714147005509428112e+01
1.695527139567284536e+01
1.668106171508324920e+01
1.596001006707133030e+01
1.725737834818638206e+01
1.341785767399981566e+01
1.703138623306034560e+01
1.541980036323441716e+01
1.349059307719266876e+01
1.693550236882918725e+01
1.692892720776401205e+01
1.442845869643037915e+01
1.712282104505570857e+01
1.626467121995251119e+01
1.572576309880944478e+01
1.662185955763316159e+01
1.610275344232065819e+01
1.525645436039858538e+01
1.704492218520126556e+01
1.694146133755770478e+01
1.557126067785891621e+01
1.587151395887166139e+01
1.636615759779763479e+01
1.427590460476205259e+01
1.578954170255398815e+01
1.424151145172972655e+01
1.628892210274116081e+01
1.598480373075660133e+01
1.539574458028689463e+01
1.628461803704254862e+01
1.606116249139940066e+01
1.649347852466362951e+01
1.055383234899624334e+01
1.702983936896241701e+01
1.630072267067692593e+01
1.410911721043989608e+01
1.596150735325916337e+01
1.701016480155378474e+01
1.639478913040340302e+01
1.453067883880138389e+01
1.641633285382645369e+01
1.591089633022778571e+01
1.614481159089813644e+01
1.718993400555836004e+01
1.641391288856657837e+01
1.019623815458663252e+01
1.653193568167124639e+01
1.574068629225346072e+01
1.657398380399239102e+01
8.419583505933690759e+00
1.613401813573575794e+01
1.666611117795412156e+01
1.641944096749431381e+01
1.577624755437561532e+01
1.435874163267884285e+01
1.698212682864322431e+01
1.643207077464261801e+01
1.429196391032964542e+01
1.663512519148090618e+01
1.617499982688565296e+01
1.689109244013233280e+01
1.521021062570208926e+01
1.289665136853977323e+01
1.625930860672357170e+01
1.690270390016870650e+01
1.622911650243419857e+01
1.656204687615039717e+01
1.689280228008300355e+01
1.662576137326591663e+01
1.514718846527383533e+01
1.647820983579539700e+01
1.673780987373436346e+01
1.649883519349150873e+01
1.583525153626460202e+01
1.719505761432894886e+01
1.656127670670832686e+01
1.467346959544211060e+01
1.387359003875949703e+01
1.648886964034142011e+01
1.680090219716078792e+01
1.484422479418060448e+01
1.332252666824129861e+01
1.614538966580502333e+01
1.676109443705474078e+01
1.663343914372369170e+01
1.590421121565264428e+01
1.721989218716169034e+01
1.237168705317252737e+01
1.168794544546101122e+01
1.408281975793360807e+01
1.667914096456725304e+01
1.703707182651769969e+01
1.589959587901897464e+01
1.688757117638178329e+01
1.398303336178887690e+01
1.555366911880778957e+01
1.616924313783995615e+01
1.603584688815628567e+01
1.586792426912727194e+01
1.204015497796298284e+01
1.237421150942583736e+01
1.625281687330460656e+01
1.584774808450209882e+01
1.462762471986473223e+01
6.583699604655950388e+00
1.636963128393835376e+01
1.278747390776952031e+01
1.428056593337917946e+01
1.364133480173954638e+01
1.608606828167721403e+01
1.706877522379509315e+01
1.542066443356349659e+01
1.558968505698900131e+01
1.720774228838378761e+01
1.626415869863767938e+01
1.652873916440229607e+01
1.415487885840381921e+01
1.535275300431880297e+01
1.667459404211891183e+01
1.069425424504907873e+01
1.602996962721573482e+01
1.621838975584554632e+01
1.680088674788028058e+01
1.380992722308741882e+01
1.613327556864766166e+01
1.533614201279131883e+01
1.698014576485750737e+01
1.692357037981732759e+01
1.654348138601474005e+01
1.721596498217662941e+01
1.637370796408335138e+01
1.444092932363228066e+01
1.708757270191949118e+01
1.496166112558086070e+01
1.652635705844047820e+01
1.658448358788520238e+01
1.676601828229139812e+01
1.692905775824144143e+01
1.695751019890473543e+01
1.694431944643167398e+01
1.546424279026955517e+01
1.558708514103309639e+01
1.509823501430155090e+01
1.712029701462430964e+01
1.681850366474384373e+01
1.680820567847482749e+01
1.609303804472534694e+01
1.628871339552479469e+01
1.507123453670841151e+01
1.677233506037924471e+01
1.689465120609494519e+01
1.689206207282741801e+01
1.720950512787879205e+01
1.492039732450740175e+01
1.550771013175500812e+01
1.579440151703422934e+01
1.579939053419040640e+01
1.680299297439381689e+01
1.550078093163716630e+01
1.604683512439704174e+01
1.585161085424719474e+01
1.566369773248205455e+01
1.416640908531915777e+01
1.677430598715113774e+01
1.153123281495592600e+01
1.665205843764024607e+01
1.591536454172773851e+01
1.594511465680244378e+01
1.687689782745887612e+01
1.617009366870184550e+01
1.698243557898289069e+01
1.495504477982222546e+01
1.685190609112190430e+01
1.704578930794502512e+01
1.693678762192812215e+01
1.549517616220840921e+01
1.568736233353662612e+01
1.723824693455568990e+01
1.436652296574260390e+01
1.641974300725331659e+01
1.425981201205965476e+01
1.677688416678857308e+01
1.570721497538967881e+01
1.483005521519238457e+01
1.668341769415356524e+01
1.502778040006715621e+01
1.643474545785721475e+01
1.567095586007787489e+01
1.572619395377465601e+01
1.714118418944448763e+01
1.524788836550951743e+01
1.678610073518805379e+01
1.641198276562511182e+01
1.693484895373249088e+01
1.651031886023979567e+01
1.154827947913618758e+01
1.318661690414390719e+01
1.670948554184130685e+01
1.666010012638032833e+01
1.607063486985193279e+01
1.578225265472731031e+01
1.675688133870872321e+01
1.228262383993724960e+01
1.639595162213701229e+01
1.223710919220435578e+01
1.660696633138302047e+01
1.670259880501143002e+01
1.674678508988613146e+01
1.690420221343528695e+01
1.489101645385630235e+01
1.606116249139940066e+01
1.676065973904750450e+01
1.501396740811296482e+01
1.656434923356081512e+01
1.591564319754255763e+01
1.649257467581038128e+01
1.679479361611741695e+01
1.506674960813274033e+01
6.348352543078276788e+00
1.580365476782279543e+01
1.639238954941229309e+01
1.060646138147910733e+01
1.597675401629050462e+01
1.680140373986687052e+01
1.606380911885555562e+01
1.684287633061155987e+01
1.564066703326589902e+01
1.271107783044222472e+01
1.650332757439400666e+01
1.630983218503914856e+01
1.116741871326590463e+01
1.462687447228691084e+01
1.484875851085750220e+01
1.692647849155078887e+01
1.652422208734373044e+01
8.676576839858757495e+00
1.549989282252709444e+01
1.490765170563603448e+01
1.623251088137064357e+01
1.649622515756417584e+01
1.563282104819884033e+01
1.718673987472515563e+01
1.562911231489691843e+01
1.628278533738479439e+01
1.619065161212862591e+01
1.711251784371120266e+01
1.697605952221363168e+01
1.588987377728495964e+01
1.545748479341240866e+01
1.554335661384913259e+01
1.482158447367311815e+01
1.654664798955292682e+01
1.683297625250050089e+01
1.714767789449172852e+01
1.616788957148198591e+01
1.335552696825880581e+01
1.712816806728105234e+01
1.549073473520780198e+01
1.574599803225065031e+01
1.469254849331932888e+01
8.624861660141709407e+00
1.615700073995975217e+01
1.664567355180871644e+01
1.506619860458709326e+01
1.633514121842849320e+01
1.580902012559652015e+01
1.633036991045838349e+01
1.630346055361370361e+01
1.664159196690829745e+01
1.567612324230641896e+01
1.553339750634259708e+01
1.212337442794242826e+01
1.296617404749064839e+01
1.635697946926229207e+01
1.188136582419204679e+01
1.682125617444636489e+01
1.609002190793433584e+01
1.673412893620444564e+01
1.594432754863163737e+01
9.941603539141297574e+00
1.647114384369380602e+01
1.688055444191135734e+01
1.605091359786127470e+01
1.601862096577100658e+01
1.655376711550860591e+01
1.705498074412709641e+01
1.286067977699594067e+01
1.665138187697149874e+01
1.272590916899731894e+01
1.671685507178098717e+01
1.263618796569193492e+01
1.495313319093751403e+01
1.593515676181449336e+01
1.613625700917867789e+01
1.522047917345964763e+01
1.636151388942032980e+01
1.516009682984664764e+01
1.724113431559105081e+01
1.676686070844824172e+01
1.620146432322230012e+01
1.611165549530869612e+01
1.543504150349995285e+01
1.677017924517313219e+01
1.457192576434064968e+01
1.618238944587203676e+01
1.695232426380099611e+01
1.722160644784024797e+01
1.654348138601474005e+01
1.650570117653351332e+01
1.637756511599776488e+01
1.597923747734253652e+01
1.535895910127919173e+01
1.433021720728935122e+01
1.623994880922316497e+01
1.712556036890283551e+01
1.620957733700284820e+01
1.631923504249098400e+01
1.670875064522947184e+01
1.599247998996978914e+01
1.618507913002084564e+01
1.696485681566844761e+01
1.538312350317763766e+01
1.620805163548707384e+01
1.602963086401517856e+01
1.566966141515769628e+01
1.656996291278814581e+01
1.565997103597490003e+01
1.546024994297651034e+01
1.672922443730321973e+01
1.447106353708086424e+01
1.515398173197075593e+01
1.530348843212877341e+01
1.619384722928915110e+01
1.499159266158397230e+01
1.653943292886740224e+01
1.616004618860437247e+01
1.651345203981689380e+01
1.382776962346682836e+01
1.473957660108618661e+01
1.674735829170733581e+01
1.585270342872867566e+01
1.453147313349214542e+01
1.679288975234796766e+01
1.474709355473414618e+01
1.219088042771212699e+01
1.277319148082376898e+01
1.430889228007886160e+01
1.645467526113009882e+01
1.498296794853273006e+01
1.672023946473398581e+01
1.721371329634912684e+01
1.684354129130076316e+01
1.441865065819515124e+01
1.633835917227974477e+01
1.563159081618430335e+01
1.583922494298928996e+01
1.695535100936816519e+01
1.633296159479574072e+01
1.515874077732378566e+01
1.600449109351092147e+01
1.517682503064526678e+01
1.521039149095812526e+01
1.659398392916493492e+01
1.424800536301703247e+01
1.479808070870379311e+01
1.593515676181449336e+01
1.635404109548507279e+01
1.624602075895219855e+01
1.707995353998910204e+01
1.414214713625141862e+01
1.320666919354816038e+01
1.628606030235298974e+01
1.443849011079516487e+01
1.625540166047754198e+01
1.575895018551532090e+01
1.359365350083247570e+01
1.624790181193164784e+01
1.654943124166619839e+01
1.591100291643874876e+01
1.156845100077836008e+01
1.569154763869111235e+01
1.622175560852563692e+01
1.414731362773856027e+01
1.530207458862811620e+01
1.626155460901300032e+01
1.671183547522217339e+01
1.592425520919208992e+01
1.178021073574050348e+01
1.587045735555599002e+01
1.693103548243578871e+01
1.391315015631192864e+01
1.687689782745887612e+01
1.281266623527007376e+01
1.694325005837112386e+01
1.637810182859401920e+01
1.547683623429847444e+01
1.681749066634831991e+01
1.693073835841330421e+01
1.722715167565719696e+01
1.582301103787784413e+01
1.636583010815481387e+01
1.562811695572812276e+01
1.705578353286072257e+01
1.642697305263344276e+01
1.429785598207673303e+01
1.612218734295100120e+01
1.569223195447714403e+01
1.724391639420786504e+01
1.187352058081659578e+01
1.577065672062622426e+01
1.385407769565465763e+01
1.641306575156522385e+01
1.717008037370057139e+01
1.602850813698790944e+01
1.616777189022329964e+01
1.256675819213654322e+01
1.635478997433123993e+01
1.583285826395765206e+01
1.640501975574104065e+01
1.649050470437732940e+01
1.627982011387246075e+01
1.690578898020554632e+01
1.633541376086626684e+01
1.450016816808109077e+01
1.549110075141820175e+01
1.441981074164017507e+01
1.544125065801625851e+01
1.321426795559258771e+01
1.473620233014407432e+01
1.048685407219362453e+01
1.712404789843174768e+01
1.707455936753244785e+01
1.505229274780921145e+01
1.670120325259235017e+01
1.473107545915551242e+01
1.706966175169029754e+01
1.647562207236775222e+01
1.264969603842845913e+01
1.616989184501015586e+01
1.473922638337871049e+01
1.699222587788273842e+01
1.712850011927564253e+01
1.673983335073849688e+01
1.633363913071849538e+01
1.642351102985410449e+01
1.019662152325319582e+01
1.568077332042538252e+01
1.622272422662685898e+01
1.632074313880596605e+01
1.554558483135560465e+01
1.594695884436773348e+01
1.683700573477216977e+01
1.707546696728977054e+01
1.682899597997921859e+01
1.689122567353897608e+01
1.641583957977200114e+01
1.676635945798019023e+01
1.693073835841330421e+01
1.548570337121928908e+01
1.497625736913044037e+01
1.384897119917470221e+01
1.594010148552276185e+01
1.689528489783784693e+01
1.700691384644746051e+01
1.707750099008747924e+01
1.548687273228041050e+01
1.614481159089813644e+01
1.456560840317312078e+01
1.488153046881742725e+01
1.541868104752392021e+01
1.454102736644944471e+01
1.401849376882645082e+01
1.310189004854403017e+01
1.545009522291256232e+01
1.581742716944427407e+01
1.560432023725483219e+01
1.641244419218085326e+01
1.317910971715759594e+01
1.613401813573575794e+01
1.499466125221707813e+01
1.520866215332337745e+01
1.511743555182369114e+01
1.376819308435369038e+01
1.577360438948730526e+01
1.698084954909219491e+01
1.651377534928312585e+01
1.554035533415517634e+01
1.718743396456036265e+01
1.688049062498350139e+01
1.722970885466583724e+01
1.722944472147122852e+01
1.640402483637751629e+01
1.683700573477216977e+01
1.401849376882645082e+01
1.588484555486858341e+01
1.691932302832610802e+01
1.570236168454441383e+01
1.723020004754550882e+01
1.537237908922579877e+01
1.693618962411621354e+01
1.554353846099584224e+01
1.502378851723631925e+01
1.331347273146327481e+01
1.523788252946405564e+01
1.493454669948650171e+01
1.536233671438667869e+01
8.721768153197970719e+00
1.560404984263641204e+01
1.683207496413568549e+01
1.608106085643592564e+01
1.545062105567915545e+01
1.616336313727421015e+01
1.247041287047964175e+01
1.689231159195238874e+01
1.609520445821025447e+01
1.635497019135070218e+01
1.723275347170579508e+01
1.647920488574794362e+01
1.628124376560837305e+01
1.692202529799070376e+01
1.695448377963877107e+01
1.614440633082070420e+01
1.524182646384968720e+01
1.698610361252373835e+01
1.534834496637663470e+01
1.702166613811883522e+01
1.642750441354688107e+01
1.600701226855342441e+01
1.703886583629076767e+01
1.554353846099584224e+01
1.658270744016229514e+01
1.706294949880830103e+01
1.688294675054050487e+01
1.460897915283600490e+01
1.651266924824724569e+01
1.668885071602194259e+01
1.601862096577100658e+01
1.559705231116400626e+01
1.666593780009083048e+01
1.638032406713122313e+01
1.722094819613700523e+01
1.644150942238100654e+01
1.249680252394612801e+01
1.582905862634235206e+01
1.677585232490616107e+01
1.673094005959761432e+01
1.429785598207673303e+01
1.608505426534160421e+01
1.182153559093540096e+01
1.675931406330498064e+01
1.526781144128215928e+01
1.588215812266542315e+01
1.414853320437548057e+01
1.522329192263221387e+01
1.574570359733442793e+01
1.626605691900363126e+01
1.578572582173178773e+01
1.604826105819632431e+01
1.599574070291379257e+01
1.594396425750728952e+01
1.276350870333822840e+01
1.191755108946856545e+01
1.678610073518805379e+01
1.646720049609476888e+01
1.506706010517358862e+01
1.625660733690152782e+01
1.710028484961310369e+01
7.808800930244966132e+00
1.648684627316322349e+01
1.648203938844102723e+01
1.421277226567510077e+01
1.690566785203581546e+01
1.359965279344401701e+01
1.562657839739254229e+01
1.573531868883346796e+01
1.525339326639967474e+01
1.583498451515777461e+01
1.637026381455168433e+01
1.690420221343528695e+01
1.595734126218182958e+01
1.447116824999574725e+01
1.251064775515328265e+01
1.640650776534404542e+01
1.127012335563125944e+01
1.669942493672247252e+01
1.609001632075437982e+01
1.656941365418798995e+01
1.616460563602471012e+01
1.698552041589937645e+01
1.494500681539461162e+01
1.395827423577698667e+01
1.715364145497106563e+01
1.597402394795366654e+01
1.600309657160685006e+01
6.427088672297990968e+00
1.625150031785809546e+01
1.708013165342797635e+01
1.670948554184130685e+01
1.618608858718609866e+01
1.702120416304159889e+01
1.689616109330339810e+01
1.693457965388199682e+01
1.453341715315872662e+01
1.302389529711792271e+01
1.587690114088614912e+01
1.721159887827987234e+01
1.642697305263344276e+01
1.665252799713484322e+01
1.585549866037862543e+01
1.458903414196816861e+01
1.611654875254362551e+01
1.550203178412159133e+01
1.502642107106184888e+01
1.538632134639284210e+01
1.655418267474813021e+01
1.168180910969564579e+01
1.583216226040218189e+01
1.668074315981927924e+01
1.425981201205965476e+01
1.225127882477324803e+01
1.675960685579396170e+01
1.353446549910280439e+01
1.717240542694228367e+01
1.587029383401947058e+01
1.559123287861113916e+01
1.609520445821025447e+01
1.599008116020552706e+01
1.621772018390633008e+01
1.585068830123951855e+01
1.394488873166333676e+01
1.677065232373096748e+01
1.614481159089813644e+01
1.558881117101764247e+01
1.513015240190693156e+01
1.606595392024827618e+01
1.683294254440267679e+01
1.371347819636850218e+01
1.635643597251989334e+01
1.589123987635728597e+01
1.651316484287160691e+01
1.607535061741763371e+01
1.469249277877058368e+01
8.929057413599389648e+00
1.658009296688086920e+01
1.675590794034484787e+01
1.551742054891739286e+01
1.440348559999925726e+01
1.711037686279300729e+01
1.586608336238707295e+01
1.533174201518124669e+01
1.649533115985121512e+01
1.528777304713312901e+01
1.724900727692377700e+01
1.609612002785999962e+01
1.692258493460724722e+01
1.682199931161633089e+01
1.724093454896399535e+01
1.693221442551500289e+01
1.613788783981346597e+01
1.710080404612982008e+01
1.606380911885555562e+01
1.561553648274735195e+01
1.612371859666711060e+01
1.688724835892012877e+01
1.708530653734887039e+01
1.659692071283813419e+01
1.588546371078498964e+01
1.692247530455129478e+01
1.692837873999897980e+01
1.498695177786159327e+01
1.253498541962528101e+01
1.553154785867595322e+01
1.433259456644972474e+01
1.712607997296319695e+01
1.476075922663804185e+01
1.582274883663120590e+01
1.564331242532994537e+01
1.567794876974863527e+01
1.602770642312720639e+01
1.441283363409415585e+01
1.706045622227725644e+01
1.699703933705769288e+01
1.436420677995649697e+01
1.250431371083110399e+01
1.690525210799454570e+01
6.254153240898522093e+00
1.526133528490637659e+01
1.425160239061450085e+01
1.554353846099584224e+01
1.528829635763684536e+01
1.715772239094631146e+01
8.622819674454918371e+00
1.358916445748449675e+01
1.461205836877650732e+01
1.596349336467199720e+01
1.468659935802317307e+01
1.652612183566044024e+01
1.589796139783905282e+01
1.471086553708190614e+01
1.671024191908108492e+01
1.506594345540840507e+01
1.593339063662977040e+01
1.693134977255227724e+01
1.702895694678633021e+01
1.707750099008747924e+01
1.649042263677321785e+01
1.513584100217210882e+01
1.607012319078816276e+01
1.646720049609476888e+01
1.571340307393937863e+01
1.237098639666945310e+01
1.653038031344348724e+01
1.708408005108892525e+01
1.646432352127942522e+01
1.591495257236461569e+01
1.553820195007567051e+01
1.703661204532930640e+01
1.520676433103296077e+01
1.555069514579754042e+01
1.693134977255227724e+01
1.550618600539394087e+01
1.700580437782241106e+01
1.384393402329871847e+01
1.139115838544568859e+01
1.416574084931478694e+01
1.690485955714079935e+01
1.657904664808396333e+01
1.137741489184546673e+01
1.723239291138624196e+01
1.541873786245933253e+01
1.547466475919672035e+01
1.725664340231497107e+01
1.646968857904277428e+01
1.517823908214858619e+01
1.689793866104550091e+01
1.601984276370787086e+01
8.133954712112254626e+00
1.723576028496497869e+01
1.628319464587527321e+01
1.712797261890504430e+01
1.657577392135790006e+01
1.680960113515785181e+01
1.702166613811883522e+01
1.656434923356081512e+01
1.548373057315865253e+01
1.157574697404259823e+01
1.601984276370787086e+01
1.698477550750436649e+01
1.688928857138313333e+01
1.611882684888028905e+01
1.652422905836563061e+01
1.687778262404485830e+01
1.636354699820392611e+01
1.639275695336668903e+01
1.633616516606015523e+01
1.657019746867178966e+01
1.374437037040896215e+01
1.536672746243608145e+01
1.629596389076634111e+01
1.565072645447707167e+01
1.550719134532772969e+01
1.686237961191446644e+01
1.535945895782311510e+01
1.621432188009767117e+01
1.650804983294473516e+01
1.669780004956060537e+01
1.712158481701564483e+01
1.708499222658698358e+01
1.546310836647341880e+01
1.155853552302096432e+01
1.594135419805231635e+01
1.446200810645484403e+01
1.627689149281738423e+01
1.711195307180399539e+01
1.676238575387856855e+01
1.642581414684176266e+01
1.448847057399010119e+01
1.567143546469312376e+01
1.658374203094453492e+01
1.668689053402418665e+01
1.595323587822771216e+01
1.623055474079004057e+01
1.636985141243020436e+01
1.597902315282184205e+01
1.545399969465953127e+01
1.473705346597402333e+01
1.564356766442738689e+01
1.252358992534103521e+01
1.547520718434565268e+01
6.932554734742423896e+00
1.515398173197075593e+01
1.643299335718382181e+01
1.703874638662479057e+01
1.663865664540610823e+01
1.539224075366606925e+01
1.536393114033661433e+01
1.403371207273443666e+01
1.244634524021537025e+01
1.580329604242751174e+01
1.197385632709646863e+01
1.593920528785858792e+01
1.676732566448692907e+01
1.532252923846703752e+01
1.531167230518742350e+01
1.712295739599163369e+01
1.415931046640987745e+01
9.710350333785108035e+00
1.538788655428241903e+01
1.719509661620514152e+01
1.624690105257809947e+01
1.563637735077920787e+01
1.652524573077147352e+01
1.708778220985415430e+01
1.584793281434260059e+01
1.611647714916792395e+01
1.619719836069504026e+01
1.688798596370681793e+01
1.578768038449144129e+01
1.671354901316620101e+01
1.708949742817226536e+01
1.638480484892457412e+01
1.644474841741502402e+01
1.718705371897999257e+01
1.589504154470790098e+01
1.618065570024179678e+01
1.707283118923974286e+01
1.690856113876208155e+01
1.698122218343951673e+01
1.561963012496790704e+01
1.607535061741763371e+01
1.617784676184293247e+01
1.498441458664638759e+01
1.613815141807875975e+01
1.600393974786160101e+01
1.709513787421527908e+01
1.704183205290469871e+01
1.358176395805847214e+01
1.563025765647003951e+01
1.665666767881591781e+01
1.503414023169849401e+01
1.600424258821651691e+01
1.562152887344070251e+01
1.587259905311300834e+01
1.684245946674495542e+01
1.670023643287048287e+01
1.335223104035291897e+01
1.661395761533283633e+01
1.710462043484462313e+01
1.686972303705890042e+01
1.403867643557581957e+01
1.680816186640516818e+01
1.653082587612737342e+01
1.602963086401517856e+01
1.501325934817693408e+01
1.646163109561681281e+01
1.672792603614575313e+01
9.975711432823350933e+00
