1.882334239385143348e+01
1.576900872416569399e+01
1.951286280760525216e+01
1.263258897718467999e+01
1.831817452269288893e+01
1.717150259037105897e+01
1.971001481343947148e+01
1.710840650775266525e+01
1.869244062863151257e+01
1.765510462329672947e+01
1.886145511919916018e+01
1.960096476154143375e+01
1.755827077496595479e+01
1.745413331306524896e+01
1.616817896853693526e+01
1.745581710007790477e+01
1.726802503753082618e+01
1.566793173343420875e+01
1.532682147195861511e+01
7.948278451800623756e+00
1.885942757269672043e+01
1.974853654227703714e+01
1.542519048586929387e+01
1.981674626297832020e+01
1.868462766915073914e+01
1.680943769787213071e+01
1.710077631802861475e+01
1.569535665483693343e+01
1.648834161708084167e+01
1.517813244071863998e+01
1.404182648988240345e+01
1.322464691823998706e+01
1.962404108124727031e+01
1.983840668880927183e+01
1.845365975862220509e+01
1.257038954238030470e+01
1.994321298602136139e+01
1.888359702276186169e+01
1.976933619197126646e+01
1.740642329134227495e+01
1.784844795593735256e+01
1.763441684046566138e+01
1.309881085427199388e+01
1.561037628491501650e+01
1.969261911543653198e+01
1.780166918113181040e+01
1.837522455889966722e+01
1.697765250110341739e+01
1.832658880162656345e+01
1.993185889174879932e+01
1.906945833800031309e+01
1.575433049519429218e+01
1.657008957519565229e+01
1.848718531161008372e+01
1.865318726575343078e+01
1.844710964062023351e+01
1.663323718378799398e+01
1.479764720965490810e+01
1.946801753262192847e+01
1.633572512717907088e+01
1.882492445850843055e+01
1.519546886476097924e+01
1.627700286443000977e+01
1.621200776209763106e+01
1.808311344737639459e+01
1.589304263468680922e+01
1.970808932322923823e+01
1.479713150559449630e+01
1.511666411811325439e+01
1.960759154268374971e+01
1.218058400997627544e+01
1.610315748161745830e+01
1.901627088223960982e+01
1.813992746068375439e+01
1.565965995691768420e+01
1.962766034115050928e+01
1.853139277111160155e+01
1.774410692565346537e+01
1.824718404809654260e+01
1.715154138298660769e+01
1.596705779798672609e+01
1.738417730922537174e+01
1.649674205990363163e+01
1.639777180183579119e+01
1.685185717822800555e+01
1.917334606404760322e+01
1.734685491993050022e+01
1.955737401283254684e+01
1.778445682698873753e+01
1.764561154896730599e+01
1.487275445562829823e+01
1.282994428212837867e+01
1.871382090852072011e+01
1.805178178166452341e+01
1.642816871345961971e+01
1.682094702530778818e+01
1.491156854026691647e+01
1.758128286220505743e+01
1.883643029546336933e+01
1.831926953080298404e+01
1.979097997574962520e+01
1.824773052792746242e+01
1.722559077089459123e+01
1.853761884537930271e+01
1.827859385801912850e+01
1.622137370398373690e+01
1.603880593071010807e+01
1.793563078164672220e+01
1.553465133165777701e+01
1.559207655267855586e+01
1.499475077293470981e+01
1.630756356617767722e+01
1.750661294256420675e+01
1.713992986733637736e+01
1.995934249539557115e+01
1.652892533508782691e+01
1.466879471483806974e+01
1.582921081258884222e+01
1.774151519796803456e+01
1.859588950501556326e+01
1.755125226863184196e+01
1.847974694725539990e+01
1.932296555461821441e+01
1.216059451906186695e+01
1.875290024878420780e+01
7.616113249490395809e+00
1.577514652082944657e+01
1.685869575969855561e+01
1.897792586195672015e+01
1.948564788569692752e+01
1.996660467481044421e+01
1.454729053506909153e+01
1.873479363289734678e+01
1.941651279260407392e+01
1.788602101700816505e+01
1.483852891716314382e+01
1.840803190421911850e+01
1.865736011584980858e+01
1.782326361999941255e+01
1.672253620135697361e+01
1.809456681071401363e+01
1.257113240786520159e+01
1.809224084496129237e+01
1.696998860978371226e+01
1.890963015142347459e+01
1.638129887674034890e+01
1.969149746812230717e+01
1.852914116811779266e+01
1.661170541624305130e+01
1.844523731136261802e+01
1.785887320496984998e+01
1.329196245230376228e+01
1.706302880464798832e+01
1.754714581226222947e+01
1.848648835270780566e+01
1.781513526894496025e+01
1.632031319919772017e+01
1.793306534912947114e+01
1.862502978157990441e+01
1.500061515143378266e+01
3.754574197285681425e+00
1.615701029565930824e+01
1.772836651678063546e+01
1.866894221826272116e+01
1.620509742632313177e+01
1.783507705571769009e+01
1.707542813946747273e+01
1.983165633277133111e+01
1.665522548034982009e+01
1.782346845034636829e+01
1.917947391504046806e+01
1.678096382477099624e+01
1.563423640333673603e+01
1.450730649390255067e+01
1.483995175247192577e+01
1.808672619450719310e+01
1.988824880520265026e+01
1.819164497317158435e+01
1.979216990491476480e+01
1.567413052521164474e+01
1.541786411729991357e+01
1.758022264671075163e+01
1.618586888629267406e+01
1.670756316393451257e+01
1.781660733617029280e+01
1.851105766635858174e+01
1.929372608194338667e+01
1.478215607268487020e+01
1.806490910549636197e+01
1.796343651830271071e+01
1.605553041064974096e+01
1.860702963698042822e+01
1.652946543648592126e+01
1.605602737018409698e+01
1.573254848649751736e+01
1.714080607768583064e+01
1.396758733738575309e+01
1.500336191967841515e+01
1.375518034389394550e+01
1.557875679889994380e+01
1.296303956452647732e+01
1.734284063803845299e+01
1.949618035770270907e+01
1.644637338931632087e+01
1.824770770074023574e+01
1.939231410741477291e+01
1.388127890303915457e+01
1.686821013211912046e+01
1.944168253109796041e+01
1.835069950486545309e+01
1.755149199057141018e+01
1.899117564868667429e+01
1.586938004429239690e+01
1.904009357459879226e+01
1.770392007998593087e+01
1.937176194368787563e+01
1.814821955369860618e+01
1.747968239806758106e+01
1.957624213220476861e+01
1.548353659952097061e+01
1.874324885704282551e+01
1.810679253370826203e+01
1.628565807989574665e+01
1.359639840111421805e+01
1.737615316361280904e+01
1.669262402152136104e+01
1.878062920884756792e+01
1.790630152027583932e+01
1.638588004617353278e+01
7.910404445634870108e+00
1.855847181767201448e+01
1.674454411421007194e+01
1.586727556231538827e+01
1.819898343235618299e+01
1.878266078077055923e+01
1.697409684136075114e+01
1.528286395949435672e+01
1.654145781348891475e+01
1.293663770781512490e+01
1.867560863718818354e+01
1.642460227354318292e+01
1.723242826247561155e+01
1.806438446242564666e+01
1.846521719079011348e+01
1.239331892067118090e+01
1.601137439809138385e+01
1.872656783134907243e+01
1.749546395378228070e+01
1.927832138298785480e+01
1.928514606627062378e+01
1.921678984023238002e+01
1.727388084232939391e+01
1.894790290561921253e+01
1.745253503321519872e+01
1.593096166279771708e+01
1.712399832775608743e+01
1.370617132218979428e+01
1.862465958862025062e+01
1.505768537051189426e+01
1.688203299842984961e+01
1.841766776360437774e+01
1.334210125492786503e+01
1.772652706627495789e+01
1.962165005077705970e+01
1.661840981269565987e+01
1.864381548733939198e+01
1.286592183629815089e+01
1.810052286059845272e+01
1.458818352986081379e+01
1.783735563732031792e+01
1.720428268616260326e+01
1.742796365426334759e+01
1.936165091226565238e+01
1.639276783597624743e+01
1.760094924992372611e+01
1.539431889620406579e+01
1.917333338348760918e+01
1.951182143519191925e+01
1.788833310239180108e+01
1.884394837506123110e+01
1.892978594612179677e+01
1.989611700933459559e+01
1.682206718778527943e+01
1.701573566449915376e+01
1.937022125675186857e+01
1.910520914507720747e+01
1.590164338352325046e+01
1.757495004199740762e+01
8.163135562199903106e+00
1.289167189425134552e+01
1.725671431983484183e+01
1.617370078549898693e+01
1.857463671339298372e+01
1.685926813218501863e+01
1.885173007796814559e+01
1.765733014030788794e+01
1.630644972933190218e+01
1.531042717564489486e+01
1.496031568031101955e+01
1.741715091398632964e+01
1.972425047381909735e+01
1.789190295440105416e+01
1.593360581586627767e+01
1.668064904520529979e+01
1.763840083630115529e+01
1.605155084278775135e+01
1.974006511775750639e+01
1.775827409163679249e+01
1.950974111887005336e+01
1.932456368100631749e+01
1.952381671077153769e+01
1.934628960787405916e+01
1.971924756160587222e+01
1.617990227767496236e+01
1.810288502691715351e+01
1.607806337257446927e+01
1.872509083097430249e+01
1.692464899582527948e+01
1.714628735985810692e+01
1.897520108131239525e+01
1.990606990575782120e+01
1.910963569130255735e+01
1.955709018499594620e+01
1.762044032587547804e+01
1.629187194983932585e+01
1.365186163565882005e+01
1.589080704555422940e+01
1.667969933093861101e+01
1.636957784862174137e+01
1.416737536070510117e+01
1.703096956824605002e+01
1.678011728885244125e+01
1.743490792436837467e+01
1.658500273713645257e+01
1.880145332970146299e+01
1.798274793535312455e+01
1.981913295549871989e+01
1.670786308860830260e+01
1.701060360292691698e+01
1.293419239458072489e+01
1.330890806593289533e+01
1.862079736334754188e+01
1.917360958184978870e+01
1.652597072395083799e+01
1.688529468217641849e+01
1.834450051046730934e+01
1.961449403400315106e+01
1.936340510697999662e+01
1.685050122798633865e+01
1.565251342057961104e+01
1.769060312440669236e+01
1.664634848811575552e+01
1.695031949672191374e+01
1.686294805061557156e+01
1.653489517145490240e+01
1.750727622371982406e+01
1.672372846630974763e+01
1.762369539823654918e+01
1.694037533190465084e+01
1.851276258006055997e+01
1.448640766047813599e+01
1.544960413472823824e+01
1.108504932310112068e+01
1.883613054718502511e+01
1.888875404541514769e+01
1.930030439643265439e+01
1.779270191409194268e+01
1.392190026946521186e+01
1.718302744978946350e+01
1.365688420407616732e+01
1.449402917441973315e+01
1.727083015302446256e+01
1.625343448563914350e+01
1.913074200092622945e+01
1.801505716365369736e+01
1.823509946007394333e+01
1.986323278965737771e+01
1.701577315614017039e+01
1.881365720526530794e+01
1.882188009896931646e+01
1.693333167435189068e+01
1.691916652313199521e+01
1.635485132569248279e+01
1.739104288227192185e+01
1.701321800678536533e+01
1.374194052679580835e+01
1.860117032906526546e+01
1.582826862901059783e+01
1.505340988182335593e+01
1.841306266825162297e+01
1.648841638628457318e+01
1.714655251559825899e+01
1.577413696848213220e+01
1.096678214745050894e+01
1.867748072562077155e+01
1.664398387234091459e+01
1.924562725446279998e+01
1.876168818591962051e+01
1.780285756660249774e+01
1.923052680109168477e+01
1.571089768233660777e+01
1.840368771804513415e+01
1.823175692513722623e+01
1.719900170101847081e+01
1.619497919082807158e+01
1.784734014805560776e+01
1.634300176318881626e+01
1.686639526742727568e+01
1.948844584002497982e+01
1.856357450719328028e+01
1.519621233733563415e+01
1.785562069634200455e+01
1.720070224928207026e+01
1.810903536321002605e+01
1.114091189784197944e+01
1.716826332111159559e+01
1.662046826387739884e+01
1.978536557497941573e+01
1.926935712074072882e+01
1.675931343042506327e+01
1.916941730974799185e+01
1.412062714080832393e+01
1.960396807567487087e+01
1.663108592810081632e+01
1.591295994215129284e+01
1.623651317264710414e+01
1.709468527159097562e+01
1.830999228269390855e+01
1.601264395660385276e+01
1.784334965590361577e+01
1.873852330677638633e+01
1.401724281817847739e+01
1.730857535413689519e+01
1.590584215893261799e+01
1.769324094501652667e+01
9.354369408243869088e+00
9.177619336694792906e+00
1.904369177233157728e+01
1.821218752210842240e+01
1.679192349456726419e+01
1.609823397467533468e+01
1.861916851590318345e+01
1.365178689706761617e+01
1.394741296217065951e+01
1.627359608732151841e+01
1.416340059890598724e+01
1.699377496587628400e+01
1.646288069407782473e+01
1.770293197464519253e+01
1.997657412385042619e+01
1.840266715751847570e+01
1.809551066251506768e+01
1.482891363696701603e+01
1.279912554046828177e+01
1.382498919850545605e+01
1.852148348723813598e+01
1.309971686032816862e+01
1.833131439725581302e+01
1.901873892737135918e+01
1.837041991092183579e+01
1.802102007381846960e+01
1.824349314999575000e+01
1.652059396964660820e+01
1.865669784493174177e+01
1.609317309278208441e+01
1.906934314575054401e+01
1.907073580943472635e+01
1.904143715292369166e+01
1.998900856337064269e+01
1.670605195461901360e+01
1.890406456431761839e+01
1.858041875255236164e+01
1.678285791454542064e+01
1.890657993721729468e+01
1.967035268856488628e+01
1.768801581725255545e+01
1.614483530990681004e+01
1.491783941563469895e+01
1.125664952387278994e+01
1.826324398112334535e+01
1.628477884067667247e+01
1.734167950803670166e+01
1.894101155398856662e+01
1.827608474033706543e+01
1.884806437342976082e+01
1.899337406291890673e+01
1.642402579216683733e+01
1.862594025178506385e+01
1.620332955561513089e+01
1.691323518149528482e+01
1.787362087379661446e+01
1.567435034573443176e+01
1.960189595023843978e+01
8.619016920273743665e+00
1.951065637620365223e+01
1.766811726686741579e+01
1.725589732883321759e+01
1.792856984851166402e+01
1.821168209610739552e+01
1.907886272281067974e+01
1.590410932599474947e+01
1.561281701884323070e+01
1.909353054334788169e+01
1.847490307221577410e+01
8.134361093844681534e+00
1.501194147476821783e+01
1.711794719986848889e+01
1.931154653985998237e+01
1.813953133120392280e+01
1.938317622005437357e+01
1.673044982080165255e+01
1.697037213457299387e+01
1.778225399807691787e+01
1.337792695540776045e+01
1.801338674539234219e+01
1.547705928674511178e+01
1.761022075617579219e+01
1.904730055754418672e+01
1.623927272525640575e+01
1.863333781635648734e+01
1.501323057662061267e+01
1.855018439915322759e+01
1.756461520521435205e+01
1.585787619817187810e+01
1.939683311024756662e+01
1.847451023536552128e+01
1.602113576854507215e+01
1.941580829482422743e+01
1.528197459600438535e+01
1.716656712128157025e+01
1.733924360830328482e+01
1.547168107533060066e+01
1.790820982823087704e+01
1.363365908438913365e+01
1.798411857615548470e+01
1.788556530587865367e+01
1.689620962133426119e+01
1.741526256352316082e+01
1.801551838353439194e+01
1.521881231923672573e+01
1.653022021575749534e+01
1.636005642115713954e+01
1.750133016487939486e+01
1.797015618731930076e+01
1.678680281153547682e+01
1.578846064646491598e+01
1.744801647128044308e+01
1.952279182167449889e+01
1.744532074982211611e+01
1.604091056523691350e+01
1.794000486313655429e+01
1.601597411782892166e+01
1.962912137438918236e+01
1.689868510288167158e+01
1.672637748542061686e+01
1.116648988821689947e+01
1.522041305559886482e+01
1.618937407646652460e+01
1.919466199505993131e+01
1.809954614962612141e+01
1.299453412312260525e+01
1.932799473708048765e+01
1.363844787354980248e+01
1.917293590933260461e+01
1.579884554565343535e+01
1.944307062382395301e+01
1.817730176722589874e+01
1.623962202964325741e+01
1.040628931694246972e+01
1.707443515016921864e+01
1.442740489747101407e+01
1.637988853555700075e+01
1.834392503211838488e+01
1.929926242216899368e+01
1.696360584103727831e+01
1.578212565150885105e+01
1.983718233038029766e+01
1.787764706214610655e+01
1.601632576448174206e+01
1.863600389305257821e+01
1.552338771468632572e+01
1.748384324573712689e+01
1.478237856360186520e+01
1.932638617893059063e+01
1.903941116274450707e+01
1.565393032841297405e+01
1.622879233434767343e+01
1.595466052971275595e+01
1.718830890658384902e+01
1.555222221494386403e+01
1.407996077580881789e+01
1.659216211072494929e+01
1.842378873642929804e+01
1.485650073886873201e+01
1.399432732184983230e+01
1.891404027760143336e+01
1.733047063277872013e+01
7.017024843556952440e+00
8.718322058654504048e+00
1.714036866552740079e+01
1.770134283834761746e+01
1.838135916540936421e+01
1.912942055987334200e+01
1.578819971342874595e+01
1.440648523163744876e+01
1.593428426670990916e+01
1.998879823361497898e+01
1.820006697279516317e+01
1.853482374340736527e+01
1.805528321990993845e+01
1.711359267387398120e+01
1.880466773607672692e+01
1.765683427161302887e+01
1.695165904360168696e+01
1.815489435619896597e+01
1.707414670121928779e+01
1.972285693450664112e+01
1.752059132758626703e+01
1.642625168894009846e+01
1.839410467635043034e+01
1.715756569198886439e+01
1.942245917809925260e+01
1.587537240124261118e+01
1.952558905338529982e+01
1.429251477798491976e+01
1.943523786696524525e+01
1.871362569281858157e+01
1.765647347091386976e+01
1.573607802341084927e+01
1.846388752606183203e+01
1.613019610295077655e+01
1.792417085271659261e+01
1.754325931396889615e+01
1.638989871045632896e+01
1.885590219785063582e+01
1.334835191010396116e+01
1.803556293677025479e+01
1.753788508511593491e+01
1.662843093370795344e+01
1.892663734082667659e+01
1.736870657534619156e+01
1.765594313969692308e+01
1.579361665595619257e+01
1.720101758119259472e+01
1.649122697523042547e+01
1.442100339050750257e+01
1.980810466225296906e+01
1.722780389436890047e+01
1.954090469905589345e+01
1.845347518347855953e+01
1.597741640212146663e+01
1.719365027619368647e+01
1.987668433461879758e+01
1.962139575181669926e+01
1.667753916891035715e+01
1.992875956864195786e+01
1.860673008428369357e+01
1.620026966516502398e+01
1.557126404771853956e+01
1.525975092173132630e+01
1.556554995761619864e+01
1.862510827749718700e+01
1.517899431798535304e+01
1.441612392533271780e+01
1.492187881768564495e+01
1.112450456356265427e+01
1.989606934100054758e+01
1.725238584255161811e+01
1.773440933836759115e+01
1.745461401200072160e+01
1.715189207166329766e+01
1.714156253814458353e+01
1.636210960165737660e+01
1.755229464542442486e+01
1.829369228172819106e+01
1.523713901687327166e+01
1.346280770839203811e+01
1.765855446677473495e+01
1.833026233951000705e+01
1.822738361708767485e+01
1.350082377093997366e+01
7.697885681487715459e+00
1.877507903481899731e+01
1.753164730490022549e+01
1.882322075872417599e+01
1.661111160781250717e+01
1.841315268938332039e+01
1.918326902831721270e+01
1.852747710957720173e+01
1.868490824348707946e+01
1.660649192184304468e+01
1.725421063988405024e+01
1.692810969316910530e+01
1.681377501140012498e+01
1.725921863350092167e+01
1.588897621215622458e+01
1.617935543881054983e+01
1.889008198823554707e+01
1.627958623536277472e+01
1.882157498768005865e+01
1.393858465710344952e+01
1.459443984219950607e+01
1.734867101243217391e+01
1.717275611199398000e+01
1.480093461823746104e+01
1.944900204540254407e+01
1.831347751767888710e+01
1.493168551086823470e+01
1.564264154111836902e+01
1.737642520328520135e+01
1.837540458607687910e+01
1.981114024428728015e+01
1.689821596075701038e+01
1.657493088004956050e+01
1.778597390773686016e+01
1.790006946489222628e+01
1.632595553901892771e+01
1.889986282838754406e+01
1.757446859030665820e+01
1.674155724813740420e+01
1.717453517354799786e+01
1.855708635373972015e+01
1.710523033175039842e+01
1.572764560108863030e+01
1.805748971167358263e+01
1.596015522060183756e+01
1.889274489493780607e+01
1.633211996715668946e+01
1.782799155044536477e+01
1.625858764970424630e+01
1.658010258229636946e+01
1.723191602906973685e+01
1.958749653942017588e+01
1.542046190484492563e+01
1.576594150862620047e+01
1.575549267462401737e+01
1.843412171697169555e+01
1.957613244159967536e+01
1.626155945519300161e+01
1.806977590141840295e+01
1.792361752532591268e+01
1.620650992305388627e+01
1.753686849678493331e+01
1.606746261232608575e+01
1.561006075304453233e+01
1.979730824078219698e+01
1.685979920408421151e+01
1.526978779261450292e+01
1.994022139204443533e+01
1.642412433941229111e+01
1.760887530366643006e+01
1.676454550574363012e+01
1.721743060089943711e+01
1.468936597797939037e+01
1.968527815823676264e+01
1.498706848979792383e+01
1.774588810788226922e+01
1.763948640813282509e+01
1.682918016379907300e+01
1.661483976155569309e+01
1.849280830828644540e+01
1.706500992622113344e+01
1.990884467329675189e+01
1.988548791884188560e+01
1.768911720510754648e+01
1.492927004338775099e+01
1.764325117356041162e+01
1.718041407148508526e+01
1.944085075161972043e+01
1.626173684582107981e+01
1.473479558689992075e+01
1.715306342867861034e+01
1.861441382283767254e+01
1.608419707658460140e+01
1.732038544401788727e+01
1.956945409389930290e+01
1.807873717137568192e+01
1.746261775646421910e+01
1.608668177549757061e+01
1.699490897271576273e+01
1.825155509520450892e+01
1.968929655555997726e+01
1.545528408880895732e+01
1.960824601091365338e+01
1.617752581749215679e+01
1.879837265384689715e+01
1.754002651038559790e+01
1.323576495660502594e+01
1.454189004731880708e+01
1.653910474727063118e+01
1.850524950358134291e+01
1.715556719655513618e+01
1.929247886900553510e+01
1.922803097282929841e+01
1.715080733932662937e+01
1.927989086077063163e+01
1.105618615030957841e+01
1.961635636285827644e+01
1.981212982290872660e+01
1.755668103454511808e+01
1.846773641726112913e+01
1.985003377598489438e+00
1.933708077930529612e+01
1.717204631031388118e+01
1.396704284567061904e+01
1.723683288320968998e+01
1.772544894443144869e+01
1.512720475101103190e+01
1.266844262526475795e+01
1.693677501046473566e+01
1.986572042251814807e+01
1.535337706814996217e+01
1.816938149609442732e+01
1.312501042411869179e+01
1.719591394458294786e+01
1.761047592735267031e+01
1.794707757885256783e+01
1.678120272747420927e+01
1.699148070223224494e+01
1.696430378709006703e+01
1.570153197121972788e+01
1.893010766799627831e+01
1.879771307677363623e+01
1.569225211019999477e+01
1.701949452561884968e+01
1.998257271719705486e+01
1.597697291902843197e+01
1.890189504737775295e+01
1.358742920261317977e+01
1.224628933535045405e+01
1.994188368788804055e+01
1.896825371313098785e+01
1.570685835344655246e+01
1.903769394883796906e+01
1.726915911597544451e+01
1.594286717257221397e+01
1.545725756945064333e+01
1.767048775119920379e+01
1.976341237014591457e+01
1.655938412289112449e+01
1.896466870071821376e+01
1.792584916062766354e+01
1.941132345215254418e+01
1.926965737204074358e+01
1.405376224187824796e+01
1.683303951739565463e+01
1.638004960190966486e+01
1.998358365561772132e+01
1.653746691567184968e+01
1.649700337743472289e+01
1.117766330987989498e+01
1.741161248348669943e+01
1.405459000342933251e+01
1.542812223483571366e+01
1.781325201616818887e+01
1.591490484699627750e+01
1.721812681602034090e+01
1.757198096600762227e+01
1.699661214146783905e+01
1.640216819821043970e+01
1.624291037516596248e+01
1.644763044972623334e+01
1.953117834590424096e+01
1.635165558020996812e+01
1.938144130464601744e+01
1.802949622212990022e+01
1.897882805656061933e+01
1.787478068373274098e+01
1.799537926179730718e+01
1.874029035365805740e+01
1.918094840766305254e+01
1.840936919575541708e+01
1.970224984595241224e+01
1.486952236731498367e+01
1.941520176807439668e+01
1.554385962893609729e+01
1.616259223750695639e+01
1.718381267757916220e+01
1.658963201795529230e+01
1.602672451498886730e+01
1.790181980045983678e+01
1.621653792250100423e+01
1.717978234687696926e+01
1.732365031773344910e+01
1.367133435947738462e+01
1.469568337827815618e+01
1.936864488578647325e+01
1.730666634807685611e+01
1.509243790310199351e+01
1.547343349563552728e+01
1.567890294618198688e+01
1.874233672977735665e+01
1.797748228375606772e+01
1.674020689763099412e+01
1.661714703633459322e+01
1.437211990078914781e+01
1.851466155800791569e+01
1.940073361805862007e+01
1.818667338850802651e+01
1.868158155841401680e+01
1.946096351005568081e+01
1.297227806156696595e+01
1.595782135062974305e+01
1.833902417287388431e+01
1.887161284056263710e+01
1.841721512714739006e+01
1.958616263549488679e+01
1.847888000150696897e+01
1.755257720464899407e+01
1.539017261054253893e+01
1.948811570408871319e+01
1.781166098035703627e+01
1.695978883902690271e+01
1.828865607706224594e+01
1.899901104817128328e+01
1.723671648994513816e+01
1.734658827502150302e+01
1.731271091402201279e+01
1.463422216117047014e+01
1.565570300858979280e+01
1.580068805870525139e+01
1.921339029389524100e+01
6.622491693816776603e+00
1.174402104281366732e+01
1.759307468117724227e+01
1.720972041255107854e+01
1.647967406098844023e+01
1.814386859435647281e+01
1.557672160728803235e+01
1.902225240501084613e+01
1.833795036461219397e+01
1.031094532957684429e+01
1.522301914085318586e+01
1.795483052794469359e+01
1.677005658465908411e+01
1.719407623141839991e+01
1.407924396468525075e+01
1.351330759868573850e+01
1.814633794884312223e+01
1.627374124809438882e+01
1.710114845300217823e+01
1.468065807998387839e+01
1.681200120421822675e+01
1.700610070874223112e+01
1.540808856873776733e+01
1.696438441945188913e+01
1.938862822018271004e+01
1.666918853415277368e+01
1.855595287911952695e+01
1.980600365731705281e+01
1.408096658908680432e+01
1.827815339770202741e+01
1.306533991725761190e+01
1.600906903237844148e+01
1.796687182303481833e+01
1.658757345821690166e+01
1.874460305413033012e+01
1.564429697148205278e+01
1.229688206492896008e+01
1.418888680903202193e+01
1.766485053866009736e+01
1.865262973618039055e+01
1.769072601865854111e+01
1.241019136232285724e+01
1.940295873806213223e+01
1.474312286704933861e+01
1.690260436503736585e+01
1.967675369426960685e+01
1.994149563486206844e+01
1.592619093730110080e+01
1.688227727563493730e+01
1.676666274748586005e+01
1.856920912081408304e+01
1.695519821856326104e+01
1.700063630462298647e+01
1.648100462631726870e+01
1.532041936014955930e+01
1.540810099866831706e+01
1.529476386321332271e+01
1.618204811422440770e+01
1.925171761587654728e+01
1.724829864522449441e+01
1.653820314407147052e+01
1.643756475771831305e+01
1.833026388596044498e+01
1.799960879980702444e+01
1.541104457091760516e+01
1.928911272282925182e+01
1.574881687133298946e+01
1.180195844578943642e+01
6.335259841901772937e+00
1.858127056370370056e+01
1.992383853709849717e+01
1.789928676315559031e+01
1.668953937781247987e+01
1.785783930982854528e+01
1.452082819580602013e+01
1.835693350068542173e+01
1.575928329657236482e+01
1.685638254227448130e+01
