2.000008265534103913e+01
2.000008417067560273e+01
2.000008431961545341e+01
2.000008428935513649e+01
2.000008420712432056e+01
2.000008397243182046e+01
2.000008323298255064e+01
2.000008255902796961e+01
2.000008390180870776e+01
2.000008376924903430e+01
2.000008308566885162e+01
2.000008374737618411e+01
2.000008336159732991e+01
2.000008394675422707e+01
2.000008447773894105e+01
2.000008431961545341e+01
2.000008432009002846e+01
2.000008326836315220e+01
2.000008435630533299e+01
2.000008308422056302e+01
2.000008444506645944e+01
2.000008325813593402e+01
2.000008374737618411e+01
2.000008379232188815e+01
2.000008447773894105e+01
2.000008386685346196e+01
2.000008428935513649e+01
2.000008288992055583e+01
2.000008323298255064e+01
2.000008308422056302e+01
2.000008383882017782e+01
2.000008283399422382e+01
2.000008308566885162e+01
2.000008374737618411e+01
2.000008412231569821e+01
2.000008344861310761e+01
2.000008447773894105e+01
2.000008404277418705e+01
2.000008431961545341e+01
2.000008432009002846e+01
2.000008407699591473e+01
2.000008344861310761e+01
2.000008417067560273e+01
2.000008226030361058e+01
2.000008418168258828e+01
2.000008428935513649e+01
2.000008285121947793e+01
2.000008376924903430e+01
2.000008332587868765e+01
2.000008448360514990e+01
2.000008308566885162e+01
2.000008386583705189e+01
2.000008218288681405e+01
2.000008379232188815e+01
2.000008431961545341e+01
2.000008323298255064e+01
2.000008340093143389e+01
2.000008271693316431e+01
2.000008320118690719e+01
2.000008366352246014e+01
2.000008374737618411e+01
2.000008360843676769e+01
2.000008248209957529e+01
2.000008336159732991e+01
2.000008447773894105e+01
2.000008410149727212e+01
2.000008317691548143e+01
2.000008411001463671e+01
2.000008285121947793e+01
2.000008241551941524e+01
2.000008383882017782e+01
2.000008308566885162e+01
2.000008345911329855e+01
2.000008428935513649e+01
2.000008432009002846e+01
2.000008323298255064e+01
2.000008427755302520e+01
2.000008408051796138e+01
2.000008361749506847e+01
2.000008366352246014e+01
2.000008308566885162e+01
2.000008383416607671e+01
2.000008444517524708e+01
2.000008395713880205e+01
2.000008385095532404e+01
2.000008335051937891e+01
2.000008320118690719e+01
2.000008332587868765e+01
2.000008086802623808e+01
2.000008308635696608e+01
2.000008444506645944e+01
2.000008447309626547e+01
2.000008425355871466e+01
2.000008395713880205e+01
2.000008386685346196e+01
2.000008450203247534e+01
2.000008428935513649e+01
2.000008339548676872e+01
2.000008434244481492e+01
2.000008381558740922e+01
2.000008383882017782e+01
2.000008444506645944e+01
2.000008262244038804e+01
2.000008395601402000e+01
2.000008456047519445e+01
2.000008431961545341e+01
2.000008386685346196e+01
2.000008331903247694e+01
2.000008335051937891e+01
2.000008241551941524e+01
2.000008383882017782e+01
2.000008444506645944e+01
2.000008366741384336e+01
2.000008374737618411e+01
2.000008447773894105e+01
2.000008287471435864e+01
2.000008323298255064e+01
2.000008402857152845e+01
2.000008390180870776e+01
2.000008375366607538e+01
2.000008383882017782e+01
2.000008308566885162e+01
2.000008414271404433e+01
2.000008368156869309e+01
2.000008433244222772e+01
2.000008344861310761e+01
2.000008439076138345e+01
2.000008428935513649e+01
2.000008340526688855e+01
2.000008411001463671e+01
2.000008308566885162e+01
2.000008395713880205e+01
2.000008447773894105e+01
2.000008410149727212e+01
2.000008199924948116e+01
2.000008308422056302e+01
2.000008290552026224e+01
2.000008375240180669e+01
2.000008327205967973e+01
2.000008331492322711e+01
2.000008284550894899e+01
2.000008447309626547e+01
2.000008395713880205e+01
2.000008344861310761e+01
2.000008417067560273e+01
2.000008332789651533e+01
2.000008428935513649e+01
2.000008432009002846e+01
2.000008323298255064e+01
2.000008144361166984e+01
2.000008422100892247e+01
2.000008299754848551e+01
2.000008284550894899e+01
2.000008336159732991e+01
2.000008344861310761e+01
2.000008434833468129e+01
2.000008358384799223e+01
2.000008308422056302e+01
2.000008366352246014e+01
2.000008429107759866e+01
2.000008383882017782e+01
2.000008444506645944e+01
2.000008336159732991e+01
2.000008337910573530e+01
2.000008439076138345e+01
2.000008456047519445e+01
2.000008440061329651e+01
2.000008449269963506e+01
2.000008287471435864e+01
2.000008244379979416e+01
2.000008383882017782e+01
2.000008308566885162e+01
2.000008407699591473e+01
2.000008447773894105e+01
2.000008296980917777e+01
2.000008431961545341e+01
2.000008385095532404e+01
2.000008323298255064e+01
2.000008285121947793e+01
2.000008241551941524e+01
2.000008325813593402e+01
2.000008437977347953e+01
2.000008344861310761e+01
2.000008257712365989e+01
2.000008279626736751e+01
2.000008420516528318e+01
2.000008368692411054e+01
2.000008352006938495e+01
2.000008328456617335e+01
2.000008423685329007e+01
2.000008344661135595e+01
2.000008436284452529e+01
2.000008452071938692e+01
2.000008417067560273e+01
2.000008364047270959e+01
2.000008285121947793e+01
2.000008241551941524e+01
2.000008332587868765e+01
2.000008273485392252e+01
2.000008443157776838e+01
2.000008308566885162e+01
2.000008453683626897e+01
2.000008431961545341e+01
2.000008432009002846e+01
2.000008378565660649e+01
2.000008419287399164e+01
2.000008333602477606e+01
2.000008285121947793e+01
2.000008443169146588e+01
2.000008241551941524e+01
2.000008304636533296e+01
2.000008444506645944e+01
2.000008423876185049e+01
2.000008345911329855e+01
2.000008447773894105e+01
2.000008431065418435e+01
2.000008285121947793e+01
2.000008335051937891e+01
2.000008241551941524e+01
2.000008410164569739e+01
2.000008383882017782e+01
2.000008336159732991e+01
2.000008433244222772e+01
2.000008344861310761e+01
2.000008439076138345e+01
2.000008317691548143e+01
2.000008390180870776e+01
2.000008241551941524e+01
2.000008374873054962e+01
2.000008453534051966e+01
2.000008299754848551e+01
2.000008444506645944e+01
2.000008453683626897e+01
2.000008374737618411e+01
2.000008412231569821e+01
2.000008344861310761e+01
2.000008447773894105e+01
2.000008323298255064e+01
2.000008455634068127e+01
2.000008241551941524e+01
2.000008308566885162e+01
2.000008374737618411e+01
2.000008344861310761e+01
2.000008286040448979e+01
2.000008447773894105e+01
2.000008386685346196e+01
2.000008428935513649e+01
2.000008432009002846e+01
2.000008340526688855e+01
2.000008431209868931e+01
2.000008383882017782e+01
2.000008344661135595e+01
2.000008444506645944e+01
2.000008273767645406e+01
2.000008447773894105e+01
2.000008432009002846e+01
2.000008308635696608e+01
2.000008429107759866e+01
2.000008420516528318e+01
2.000008321062513161e+01
2.000008444506645944e+01
2.000008374737618411e+01
2.000008411799821673e+01
2.000008395713880205e+01
2.000008344861310761e+01
2.000008386685346196e+01
2.000008427940223399e+01
2.000008144361166984e+01
2.000008285121947793e+01
2.000008241551941524e+01
2.000008383882017782e+01
2.000008320987585364e+01
2.000008439076138345e+01
2.000008447773894105e+01
2.000008386685346196e+01
2.000008440061329651e+01
2.000008323298255064e+01
2.000008253762857535e+01
2.000008376924903430e+01
2.000008294633406436e+01
2.000008383882017782e+01
2.000008344661135595e+01
2.000008308566885162e+01
2.000008374737618411e+01
2.000008395713880205e+01
2.000008417067560273e+01
2.000008291308193620e+01
2.000008157434596967e+01
2.000008386685346196e+01
2.000008432009002846e+01
2.000008374737618411e+01
2.000008428221748957e+01
2.000008395713880205e+01
2.000008317691548143e+01
2.000008275532849567e+01
2.000008450103178959e+01
2.000008241551941524e+01
2.000008376924903430e+01
2.000008287620655878e+01
2.000008430658050429e+01
2.000008409732377146e+01
2.000008344861310761e+01
2.000008417067560273e+01
2.000008452808535608e+01
2.000008447773894105e+01
2.000008406286417895e+01
2.000008410149727212e+01
2.000008323298255064e+01
2.000008443157776838e+01
2.000008366352246014e+01
2.000008308566885162e+01
2.000008336159732991e+01
2.000008410536887027e+01
2.000008191928085921e+01
2.000008431961545341e+01
2.000008386685346196e+01
2.000008432009002846e+01
2.000008284009550508e+01
2.000008454717940864e+01
2.000008427755302520e+01
2.000008308566885162e+01
2.000008336159732991e+01
2.000008408263846960e+01
2.000008419573191887e+01
2.000008447773894105e+01
2.000008386685346196e+01
2.000008428935513649e+01
2.000008454529467983e+01
2.000008308422056302e+01
2.000008335051937891e+01
2.000008422100892247e+01
2.000008444506645944e+01
2.000008431961545341e+01
2.000008403565599835e+01
2.000008312403809896e+01
2.000008281167620083e+01
2.000008366352246014e+01
2.000008451463682491e+01
2.000008366656118852e+01
2.000008376712022340e+01
2.000008383882017782e+01
2.000008308566885162e+01
2.000008374737618411e+01
2.000008394597016803e+01
2.000008395713880205e+01
2.000008439076138345e+01
2.000008431209868931e+01
2.000008399540345749e+01
2.000008335051937891e+01
2.000008390180870776e+01
2.000008383882017782e+01
2.000008336159732991e+01
2.000008395713880205e+01
2.000008391082112524e+01
2.000008447773894105e+01
2.000008431961545341e+01
2.000008386685346196e+01
2.000008428935513649e+01
2.000008285121947793e+01
2.000008357692127348e+01
2.000008383882017782e+01
2.000008422100892247e+01
2.000008418538710586e+01
2.000008336159732991e+01
2.000008395713880205e+01
2.000008417067560273e+01
2.000008379232188815e+01
2.000008428935513649e+01
2.000008432009002846e+01
2.000008144337135363e+01
2.000008444506645944e+01
2.000008439076138345e+01
2.000008285121947793e+01
2.000008308422056302e+01
2.000008330473679763e+01
2.000008328456617335e+01
2.000008389838900769e+01
2.000008346472413479e+01
2.000008332757561647e+01
2.000008381191845785e+01
2.000008308566885162e+01
2.000008394597016803e+01
2.000008345911329855e+01
2.000008453814164966e+01
2.000008418168258828e+01
2.000008456047519445e+01
2.000008447773894105e+01
2.000008386685346196e+01
2.000008403565599835e+01
2.000008285121947793e+01
2.000008383882017782e+01
2.000008447773894105e+01
2.000008290552026224e+01
2.000008375783956893e+01
2.000008368692411054e+01
2.000008271244104563e+01
2.000008374393824084e+01
2.000008366656118852e+01
2.000008453534051966e+01
2.000008339464604745e+01
2.000008308566885162e+01
2.000008374737618411e+01
2.000008336159732991e+01
2.000008286532578694e+01
2.000008344861310761e+01
2.000008417067560273e+01
2.000008348869330987e+01
2.000008411001463671e+01
2.000008308422056302e+01
2.000008335051937891e+01
2.000008383882017782e+01
2.000008231120782654e+01
2.000008447441715376e+01
2.000008449072321781e+01
2.000008416450070925e+01
2.000008323292262702e+01
2.000008167061276865e+01
2.000008389838900769e+01
2.000008374873054962e+01
2.000008413387562101e+01
2.000008383882017782e+01
2.000008417067560273e+01
2.000008418168258828e+01
2.000008202753901543e+01
2.000008287471435864e+01
2.000008378565660649e+01
2.000008210246328488e+01
2.000008447441715376e+01
2.000008454717940864e+01
2.000008340197560130e+01
2.000008383882017782e+01
2.000008411799821673e+01
2.000008368156869309e+01
2.000008389854725976e+01
2.000008313564852358e+01
2.000008425351261110e+01
2.000008285121947793e+01
2.000008443169146588e+01
2.000008414887686214e+01
2.000008320118690719e+01
2.000008383882017782e+01
2.000008308566885162e+01
2.000008405360248176e+01
2.000008410328443631e+01
2.000008344861310761e+01
2.000008447773894105e+01
2.000008317691548143e+01
2.000008442333000147e+01
2.000008455600915624e+01
2.000008395172013920e+01
2.000008432009002846e+01
2.000008211794082413e+01
2.000008236581357579e+01
2.000008071860074566e+01
2.000008447441715376e+01
2.000008376924903430e+01
2.000008332587868765e+01
2.000008368692411054e+01
2.000008372150626101e+01
2.000008331492322711e+01
2.000008422100892247e+01
2.000008327704797395e+01
2.000008308566885162e+01
2.000008205264548167e+01
2.000008447773894105e+01
2.000008308422056302e+01
2.000008310636747666e+01
2.000008454717940864e+01
2.000008206724463378e+01
2.000008451401008358e+01
2.000008444506645944e+01
2.000008374737618411e+01
2.000008322658153048e+01
2.000008329728014544e+01
2.000008428935513649e+01
2.000008440061329651e+01
2.000008285121947793e+01
2.000008330473679763e+01
2.000008241551941524e+01
2.000008320118690719e+01
2.000008444506645944e+01
2.000008344861310761e+01
2.000008447773894105e+01
2.000008296980917777e+01
2.000008432009002846e+01
2.000008308422056302e+01
2.000008390180870776e+01
2.000008372419665648e+01
2.000008418376220121e+01
2.000008332587868765e+01
2.000008383882017782e+01
2.000008444506645944e+01
2.000008374737618411e+01
2.000008428732168042e+01
2.000008344861310761e+01
2.000008439076138345e+01
2.000008406286417895e+01
2.000008305633512862e+01
2.000008386685346196e+01
2.000008428935513649e+01
2.000008383882017782e+01
2.000008336159732991e+01
2.000008410536887027e+01
2.000008344861310761e+01
2.000008239323551251e+01
2.000008396146831302e+01
2.000008403565599835e+01
2.000008335051937891e+01
2.000008449072321781e+01
2.000008454163771887e+01
2.000008383882017782e+01
2.000008444506645944e+01
2.000008380973801891e+01
2.000008344861310761e+01
2.000008332789651533e+01
2.000008447773894105e+01
2.000008296980917777e+01
2.000008432009002846e+01
2.000008431209868931e+01
2.000008253762857535e+01
2.000008410536887027e+01
2.000008355081421030e+01
2.000008386685346196e+01
2.000008332587868765e+01
2.000008449072321781e+01
2.000008410164569739e+01
2.000008251576332086e+01
2.000008279626736751e+01
2.000008429107759866e+01
2.000008331492322711e+01
2.000008308566885162e+01
2.000008345911329855e+01
2.000008202753901543e+01
2.000008386685346196e+01
2.000008431209868931e+01
2.000008402015045661e+01
2.000008331903247694e+01
2.000008199924948116e+01
2.000008335051937891e+01
2.000008454717940864e+01
2.000008411799821673e+01
2.000008431961545341e+01
2.000008386685346196e+01
2.000008431209868931e+01
2.000008326836315220e+01
2.000008341506310572e+01
2.000008308422056302e+01
2.000008389722111701e+01
2.000008368692411054e+01
2.000008389838900769e+01
2.000008383882017782e+01
2.000008444506645944e+01
2.000008337910573530e+01
2.000008432009002846e+01
2.000008370369354438e+01
2.000008425340296725e+01
2.000008335051937891e+01
2.000008442930975150e+01
2.000008444420102904e+01
2.000008322578243636e+01
2.000008400748063053e+01
2.000008374737618411e+01
2.000008380070056546e+01
2.000008336159732991e+01
2.000008412231569821e+01
2.000008344861310761e+01
2.000008332789651533e+01
2.000008449269963506e+01
2.000008432009002846e+01
2.000008141935887807e+01
2.000008383882017782e+01
2.000008444506645944e+01
2.000008414271404433e+01
2.000008336159732991e+01
2.000008344861310761e+01
2.000008417067560273e+01
2.000008447773894105e+01
2.000008410149727212e+01
2.000008431961545341e+01
2.000008386685346196e+01
2.000008344661135595e+01
2.000008284550894899e+01
2.000008380776391448e+01
2.000008374737618411e+01
2.000008396146831302e+01
2.000008378565660649e+01
2.000008442960783483e+01
2.000008323298255064e+01
2.000008410164569739e+01
2.000008454591981533e+01
2.000008383882017782e+01
2.000008444506645944e+01
2.000008325813593402e+01
2.000008434545501501e+01
2.000008436373307319e+01
2.000008410536887027e+01
2.000008357451891428e+01
2.000008285121947793e+01
2.000008455600915624e+01
2.000008441351072364e+01
2.000008441383093327e+01
2.000008444506645944e+01
2.000008336159732991e+01
2.000008425355871466e+01
2.000008447773894105e+01
2.000008431961545341e+01
2.000008333602477606e+01
2.000008317691548143e+01
2.000008219739259729e+01
2.000008320118690719e+01
2.000008383882017782e+01
2.000008422100892247e+01
2.000008380776391448e+01
2.000008374737618411e+01
2.000008425355871466e+01
2.000008344861310761e+01
2.000008397243182046e+01
2.000008335051937891e+01
2.000008410271435011e+01
2.000008273485392252e+01
2.000008444506645944e+01
2.000008325813593402e+01
2.000008434545501501e+01
2.000008411799821673e+01
2.000008336159732991e+01
2.000008395713880205e+01
2.000008344861310761e+01
2.000008226030361058e+01
2.000008431961545341e+01
2.000008386685346196e+01
2.000008430381203794e+01
2.000008434545501501e+01
2.000008447309626547e+01
2.000008395713880205e+01
2.000008344861310761e+01
2.000008379232188815e+01
2.000008202753901543e+01
2.000008431961545341e+01
2.000008403565599835e+01
2.000008431209868931e+01
2.000008383882017782e+01
2.000008308566885162e+01
2.000008344861310761e+01
2.000008447773894105e+01
2.000008386685346196e+01
2.000008335051937891e+01
2.000008332587868765e+01
2.000008413126700191e+01
2.000008410164569739e+01
2.000008443157776838e+01
2.000008383882017782e+01
2.000008439076138345e+01
2.000008423667380697e+01
2.000008386685346196e+01
2.000008287471435864e+01
2.000008308422056302e+01
2.000008241551941524e+01
2.000008272314738278e+01
2.000008429107759866e+01
2.000008420516528318e+01
2.000008395713880205e+01
2.000008417067560273e+01
2.000008332789651533e+01
2.000008447773894105e+01
2.000008428935513649e+01
2.000008323298255064e+01
2.000008335051937891e+01
2.000008306988568307e+01
2.000008427755302520e+01
2.000008366352246014e+01
2.000008444506645944e+01
2.000008445853315564e+01
2.000008284755093513e+01
2.000008434833468129e+01
2.000008366272852101e+01
2.000008339194014795e+01
2.000008432009002846e+01
2.000008328960899462e+01
2.000008317190018658e+01
2.000008439468641086e+01
2.000008130768562964e+01
2.000008308566885162e+01
2.000008323298255064e+01
2.000008241551941524e+01
2.000008229869385801e+01
2.000008443157776838e+01
2.000008429107759866e+01
2.000008289841748521e+01
2.000008308923364808e+01
2.000008050414152905e+01
2.000008444506645944e+01
2.000008118822344372e+01
2.000008411997812274e+01
2.000008407699591473e+01
2.000008379232188815e+01
2.000008434833468129e+01
2.000008431961545341e+01
2.000008337243376033e+01
2.000008378565660649e+01
2.000008317691548143e+01
2.000008383882017782e+01
2.000008308566885162e+01
2.000008374737618411e+01
2.000008336159732991e+01
2.000008423876185049e+01
2.000008447773894105e+01
2.000008431961545341e+01
2.000008386685346196e+01
2.000008317691548143e+01
2.000008323298255064e+01
2.000008383882017782e+01
2.000008217688028012e+01
2.000008444506645944e+01
2.000008374737618411e+01
2.000008379232188815e+01
2.000008410149727212e+01
2.000008424922739536e+01
2.000008386685346196e+01
2.000008432009002846e+01
2.000008435630533299e+01
2.000008383882017782e+01
2.000008433244222772e+01
2.000008432134565695e+01
2.000008332789651533e+01
2.000008410149727212e+01
2.000008326836315220e+01
2.000008317691548143e+01
2.000008449072321781e+01
2.000008410164569739e+01
2.000008443157776838e+01
2.000008444506645944e+01
2.000008425921614830e+01
2.000008421415925852e+01
2.000008374737618411e+01
2.000008411799821673e+01
2.000008395713880205e+01
2.000008334319592151e+01
2.000008456047519445e+01
2.000008332046414239e+01
2.000008317691548143e+01
2.000008383882017782e+01
2.000008374737618411e+01
2.000008436284452529e+01
2.000008386583705189e+01
2.000008417067560273e+01
2.000008326819676796e+01
2.000008447773894105e+01
2.000008431961545341e+01
2.000008265903807825e+01
2.000008347303904799e+01
2.000008383882017782e+01
2.000008374737618411e+01
2.000008395713880205e+01
2.000008417067560273e+01
2.000008431623274063e+01
2.000008428935513649e+01
2.000008359703295469e+01
2.000008424943949947e+01
2.000008435441216648e+01
2.000008427755302520e+01
2.000008383882017782e+01
2.000008444506645944e+01
2.000008410328443631e+01
2.000008417067560273e+01
2.000008447773894105e+01
2.000008424922739536e+01
2.000008386685346196e+01
2.000008241551941524e+01
2.000008431396123854e+01
2.000008410164569739e+01
2.000008292980299274e+01
2.000008444506645944e+01
2.000008374737618411e+01
2.000008425355871466e+01
2.000008191928085921e+01
2.000008392056444606e+01
2.000008431961545341e+01
2.000008386685346196e+01
2.000008432009002846e+01
2.000008376138764987e+01
2.000008444506645944e+01
2.000008374737618411e+01
2.000008344861310761e+01
2.000008452808535608e+01
2.000008386685346196e+01
2.000008390180870776e+01
2.000008294633406436e+01
2.000008298503339077e+01
2.000008323292262702e+01
2.000008423081841258e+01
2.000008425678479185e+01
2.000008336159732991e+01
2.000008410536887027e+01
2.000008332789651533e+01
2.000008431961545341e+01
2.000008428935513649e+01
2.000008432009002846e+01
2.000008431209868931e+01
2.000008262013774996e+01
2.000008308422056302e+01
2.000008441383093327e+01
2.000008425678479185e+01
2.000008403565599835e+01
2.000008308422056302e+01
2.000008358259856678e+01
2.000008376712022340e+01
2.000008322218553403e+01
2.000008224304819393e+01
2.000008354068594940e+01
2.000008434361845033e+01
2.000008304636533296e+01
2.000008374737618411e+01
2.000008423876185049e+01
2.000008407699591473e+01
2.000008428935513649e+01
2.000008432009002846e+01
2.000008420712432056e+01
2.000008378565660649e+01
2.000008376924903430e+01
2.000008427755302520e+01
2.000008344861310761e+01
2.000008447773894105e+01
2.000008431961545341e+01
2.000008396146831302e+01
2.000008432009002846e+01
2.000008317691548143e+01
2.000008454816305559e+01
2.000008427755302520e+01
2.000008361985947047e+01
2.000008389722111701e+01
2.000008444506645944e+01
2.000008332789651533e+01
2.000008296980917777e+01
2.000008431961545341e+01
2.000008432009002846e+01
2.000008392866904927e+01
2.000008379237857170e+01
2.000008366352246014e+01
2.000008438919235587e+01
2.000008376712022340e+01
2.000008383882017782e+01
2.000008444506645944e+01
2.000008326018769722e+01
2.000008336159732991e+01
2.000008423876185049e+01
2.000008395713880205e+01
2.000008418168258828e+01
2.000008410149727212e+01
2.000008364895120394e+01
2.000008362861270683e+01
2.000008308566885162e+01
2.000008194999278288e+01
2.000008427761379437e+01
2.000008368195152997e+01
2.000008226030361058e+01
2.000008424922739536e+01
2.000008339986964145e+01
2.000008428935513649e+01
2.000008265903807825e+01
2.000008285121947793e+01
2.000008383882017782e+01
2.000008425355871466e+01
2.000008395713880205e+01
2.000008407699591473e+01
2.000008345911329855e+01
2.000008386685346196e+01
2.000008428935513649e+01
2.000008378565660649e+01
2.000008285121947793e+01
2.000008442346286586e+01
2.000008422100892247e+01
2.000008444506645944e+01
2.000008438541093980e+01
2.000008336159732991e+01
2.000008383685024782e+01
2.000008417067560273e+01
2.000008434889419817e+01
2.000008447773894105e+01
2.000008431961545341e+01
2.000008287471435864e+01
2.000008422100892247e+01
2.000008308566885162e+01
2.000008336159732991e+01
2.000008395713880205e+01
2.000008344861310761e+01
2.000008417067560273e+01
2.000008424922739536e+01
2.000008431961545341e+01
2.000008386685346196e+01
2.000008432009002846e+01
2.000008308566885162e+01
2.000008374737618411e+01
2.000008336159732991e+01
2.000008344861310761e+01
2.000008417067560273e+01
2.000008379232188815e+01
2.000008326819676796e+01
2.000008431209868931e+01
2.000008323298255064e+01
2.000008454434850691e+01
2.000008383882017782e+01
2.000008444506645944e+01
2.000008439076138345e+01
2.000008379232188815e+01
2.000008431961545341e+01
2.000008402828103726e+01
2.000008378565660649e+01
2.000008308422056302e+01
2.000008335051937891e+01
2.000008320118690719e+01
2.000008383882017782e+01
2.000008283399422382e+01
2.000008308566885162e+01
2.000008262367074607e+01
2.000008395713880205e+01
2.000008447773894105e+01
2.000008431961545341e+01
2.000008443360311361e+01
2.000008378565660649e+01
2.000008352932422895e+01
2.000008360843676769e+01
2.000008332789651533e+01
2.000008406286417895e+01
2.000008431961545341e+01
2.000008386685346196e+01
2.000008317691548143e+01
2.000008308422056302e+01
2.000008335051937891e+01
2.000008411554353671e+01
2.000008376924903430e+01
2.000008299754848551e+01
2.000008444506645944e+01
2.000008374737618411e+01
2.000008395713880205e+01
2.000008425446003457e+01
2.000008419573191887e+01
2.000008447773894105e+01
2.000008410149727212e+01
2.000008386685346196e+01
2.000008358384799223e+01
2.000008422100892247e+01
2.000008434545501501e+01
2.000008380776391448e+01
2.000008374737618411e+01
2.000008336159732991e+01
2.000008344861310761e+01
2.000008417067560273e+01
2.000008378565660649e+01
2.000008317691548143e+01
2.000008456628737363e+01
2.000008418168258828e+01
2.000008431961545341e+01
2.000008386685346196e+01
2.000008390055312546e+01
2.000008320358344349e+01
2.000008443157776838e+01
2.000008328456617335e+01
2.000008374873054962e+01
2.000008050414152905e+01
2.000008453534051966e+01
2.000008444506645944e+01
2.000008334657409037e+01
2.000008311496906188e+01
2.000008447773894105e+01
2.000008396146831302e+01
2.000008386685346196e+01
2.000008440061329651e+01
2.000008312497728724e+01
2.000008317691548143e+01
2.000008285121947793e+01
2.000008374737618411e+01
2.000008336159732991e+01
2.000008425355871466e+01
2.000008439076138345e+01
2.000008447773894105e+01
2.000008436303223647e+01
2.000008440061329651e+01
2.000008335051937891e+01
2.000008336594554237e+01
2.000008404605425127e+01
2.000008441383093327e+01
2.000008371676302232e+01
2.000008428935513649e+01
2.000008424943949947e+01
2.000008323298255064e+01
2.000008413429305776e+01
2.000008410164569739e+01
2.000008323292262702e+01
2.000008308635696608e+01
2.000008368692411054e+01
2.000008383882017782e+01
2.000008284550894899e+01
2.000008424950932095e+01
2.000008410536887027e+01
2.000008417067560273e+01
2.000008447773894105e+01
2.000008432009002846e+01
2.000008317691548143e+01
2.000008285121947793e+01
2.000008335051937891e+01
