2.000009468656475065e+01
2.000009470754491403e+01
2.000009588881196265e+01
2.000009533469127732e+01
2.000009481999153138e+01
2.000009407503277359e+01
2.000009559562039385e+01
2.000009353527023848e+01
2.000009576719994797e+01
2.000009388149663536e+01
2.000009468656475065e+01
2.000009509045860767e+01
2.000009533469127732e+01
2.000009353527023848e+01
2.000009536068430904e+01
2.000009427359109182e+01
2.000009495339626397e+01
2.000009567628912066e+01
2.000009434909845041e+01
2.000009515528608262e+01
2.000009496601823500e+01
2.000009560325741020e+01
2.000009533469127732e+01
2.000009481999153138e+01
2.000009407503277359e+01
2.000009552811897251e+01
2.000009472396796539e+01
2.000009538133698683e+01
2.000009552573144944e+01
2.000009576719994797e+01
2.000009468656475065e+01
2.000009574175934901e+01
2.000009481999153138e+01
2.000009552811897251e+01
2.000009538133698683e+01
2.000009552573144944e+01
2.000009576719994797e+01
2.000009436667270535e+01
2.000009427359109182e+01
2.000009289106519716e+01
2.000009533469127732e+01
2.000009561384780099e+01
2.000009407503277359e+01
2.000009552811897251e+01
2.000009353527023848e+01
2.000009436667270535e+01
2.000009415413575198e+01
2.000009368704631285e+01
2.000009558944322663e+01
2.000009553703035792e+01
2.000009468656475065e+01
2.000009536651542064e+01
2.000009481999153138e+01
2.000009407503277359e+01
2.000009552811897251e+01
2.000009445904851191e+01
2.000009353527023848e+01
2.000009536068430904e+01
2.000009388149663536e+01
2.000009415413575198e+01
2.000009468656475065e+01
2.000009560325741020e+01
2.000009533469127732e+01
2.000009481999153138e+01
2.000009497081099141e+01
2.000009353527023848e+01
2.000009576719994797e+01
2.000009579940225279e+01
2.000009427359109182e+01
2.000009538128113107e+01
2.000009496601823500e+01
2.000009597775344972e+01
2.000009533469127732e+01
2.000009481999153138e+01
2.000009353527023848e+01
2.000009536068430904e+01
2.000009436667270535e+01
2.000009585765616649e+01
2.000009289106519716e+01
2.000009495339626397e+01
2.000009588881196265e+01
2.000009574175934901e+01
2.000009509045860767e+01
2.000009561384780099e+01
2.000009538133698683e+01
2.000009576719994797e+01
2.000009388149663536e+01
2.000009575078675539e+01
2.000009415413575198e+01
2.000009567628912066e+01
2.000009468656475065e+01
2.000009578276203825e+01
2.000009509045860767e+01
2.000009533469127732e+01
2.000009481999153138e+01
2.000009407503277359e+01
2.000009552811897251e+01
2.000009472396796539e+01
2.000009559562039385e+01
2.000009536068430904e+01
2.000009523664947508e+01
2.000009496601823500e+01
2.000009588881196265e+01
2.000009574175934901e+01
2.000009481923108723e+01
2.000009533469127732e+01
2.000009481999153138e+01
2.000009552573144944e+01
2.000009576719994797e+01
2.000009436667270535e+01
2.000009574175934901e+01
2.000009596266115963e+01
2.000009560325741020e+01
2.000009533469127732e+01
2.000009552811897251e+01
2.000009538133698683e+01
2.000009536068430904e+01
2.000009388149663536e+01
2.000009538128113107e+01
2.000009495339626397e+01
2.000009496601823500e+01
2.000009546107092007e+01
2.000009536651542064e+01
2.000009533469127732e+01
2.000009481999153138e+01
2.000009353527023848e+01
2.000009555393308958e+01
2.000009536068430904e+01
2.000009427359109182e+01
2.000009585765616649e+01
2.000009578276203825e+01
2.000009574175934901e+01
2.000009560325741020e+01
2.000009533469127732e+01
2.000009481999153138e+01
2.000009353527023848e+01
2.000009576719994797e+01
2.000009388149663536e+01
2.000009289106519716e+01
2.000009470851769322e+01
2.000009588881196265e+01
2.000009533469127732e+01
2.000009535185964538e+01
2.000009481999153138e+01
2.000009353527023848e+01
2.000009536068430904e+01
2.000009388149663536e+01
2.000009289106519716e+01
2.000009540995287693e+01
2.000009434909845041e+01
2.000009437167558701e+01
2.000009496601823500e+01
2.000009588881196265e+01
2.000009574175934901e+01
2.000009509045860767e+01
2.000009533469127732e+01
2.000009481999153138e+01
2.000009407503277359e+01
2.000009552573144944e+01
2.000009436667270535e+01
2.000009468656475065e+01
2.000009422160761829e+01
2.000009496601823500e+01
2.000009588881196265e+01
2.000009574175934901e+01
2.000009533469127732e+01
2.000009546286745277e+01
2.000009561384780099e+01
2.000009559562039385e+01
2.000009353527023848e+01
2.000009468656475065e+01
2.000009509045860767e+01
2.000009533469127732e+01
2.000009561384780099e+01
2.000009353527023848e+01
2.000009552573144944e+01
2.000009536068430904e+01
2.000009427359109182e+01
2.000009538128113107e+01
2.000009415413575198e+01
2.000009578276203825e+01
2.000009574175934901e+01
2.000009560325741020e+01
2.000009407503277359e+01
2.000009538133698683e+01
2.000009353527023848e+01
2.000009536068430904e+01
2.000009436667270535e+01
2.000009585765616649e+01
2.000009415413575198e+01
2.000009496601823500e+01
2.000009481999153138e+01
2.000009533569485143e+01
2.000009538133698683e+01
2.000009353527023848e+01
2.000009576719994797e+01
2.000009436667270535e+01
2.000009494413074052e+01
2.000009567628912066e+01
2.000009558944322663e+01
2.000009571597927049e+01
2.000009373479775476e+01
2.000009509045860767e+01
2.000009561384780099e+01
2.000009485076224536e+01
2.000009353527023848e+01
2.000009576719994797e+01
2.000009427359109182e+01
2.000009538128113107e+01
2.000009585765616649e+01
2.000009468656475065e+01
2.000009572656865231e+01
2.000009533469127732e+01
2.000009481999153138e+01
2.000009353527023848e+01
2.000009536068430904e+01
2.000009388149663536e+01
2.000009494413074052e+01
2.000009540995287693e+01
2.000009434909845041e+01
2.000009496601823500e+01
2.000009440760301516e+01
2.000009546107092007e+01
2.000009533469127732e+01
2.000009501208038998e+01
2.000009576719994797e+01
2.000009436667270535e+01
2.000009559535246950e+01
2.000009289106519716e+01
2.000009434909845041e+01
2.000009546107092007e+01
2.000009533469127732e+01
2.000009481999153138e+01
2.000009552811897251e+01
2.000009353527023848e+01
2.000009388149663536e+01
2.000009585765616649e+01
2.000009540995287693e+01
2.000009434909845041e+01
2.000009582997112290e+01
2.000009468656475065e+01
2.000009578276203825e+01
2.000009574175934901e+01
2.000009533469127732e+01
2.000009561384780099e+01
2.000009407503277359e+01
2.000009552811897251e+01
2.000009538133698683e+01
2.000009353527023848e+01
2.000009583436598604e+01
2.000009588881196265e+01
2.000009574175934901e+01
2.000009561384780099e+01
2.000009407503277359e+01
2.000009533837172881e+01
2.000009536068430904e+01
2.000009427359109182e+01
2.000009585765616649e+01
2.000009289106519716e+01
2.000009415413575198e+01
2.000009468656475065e+01
2.000009496601823500e+01
2.000009588881196265e+01
2.000009546107092007e+01
2.000009509045860767e+01
2.000009560325741020e+01
2.000009533469127732e+01
2.000009481999153138e+01
2.000009353527023848e+01
2.000009576719994797e+01
2.000009578276203825e+01
2.000009509045860767e+01
2.000009533469127732e+01
2.000009576719994797e+01
2.000009388149663536e+01
2.000009434909845041e+01
2.000009368704631285e+01
2.000009570977660545e+01
2.000009558944322663e+01
2.000009562151147691e+01
2.000009496601823500e+01
2.000009546107092007e+01
2.000009560325741020e+01
2.000009533469127732e+01
2.000009481999153138e+01
2.000009538133698683e+01
2.000009353527023848e+01
2.000009576719994797e+01
2.000009388149663536e+01
2.000009495339626397e+01
2.000009468656475065e+01
2.000009588881196265e+01
2.000009574175934901e+01
2.000009546107092007e+01
2.000009509045860767e+01
2.000009561384780099e+01
2.000009533837172881e+01
2.000009353527023848e+01
2.000009536068430904e+01
2.000009436667270535e+01
2.000009496601823500e+01
2.000009509045860767e+01
2.000009533469127732e+01
2.000009481999153138e+01
2.000009538133698683e+01
2.000009353527023848e+01
2.000009552573144944e+01
2.000009576719994797e+01
2.000009388149663536e+01
2.000009320954378822e+01
2.000009468656475065e+01
2.000009496601823500e+01
2.000009533469127732e+01
2.000009561384780099e+01
2.000009552811897251e+01
2.000009353527023848e+01
2.000009436667270535e+01
2.000009513900974412e+01
2.000009427359109182e+01
2.000009585765616649e+01
2.000009578276203825e+01
2.000009472580207159e+01
2.000009574175934901e+01
2.000009536651542064e+01
2.000009535185964538e+01
2.000009561384780099e+01
2.000009407503277359e+01
2.000009552811897251e+01
2.000009538133698683e+01
2.000009585765616649e+01
2.000009468656475065e+01
2.000009496601823500e+01
2.000009546107092007e+01
2.000009560325741020e+01
2.000009533469127732e+01
2.000009481999153138e+01
2.000009533837172881e+01
2.000009576719994797e+01
2.000009388149663536e+01
2.000009567628912066e+01
2.000009510617117314e+01
2.000009509045860767e+01
2.000009560325741020e+01
2.000009533469127732e+01
2.000009535185964538e+01
2.000009481999153138e+01
2.000009552811897251e+01
2.000009353527023848e+01
2.000009552573144944e+01
2.000009576719994797e+01
2.000009468656475065e+01
2.000009472580207159e+01
2.000009560325741020e+01
2.000009481999153138e+01
2.000009538133698683e+01
2.000009536068430904e+01
2.000009388149663536e+01
2.000009585765616649e+01
2.000009508215271126e+01
2.000009582997112290e+01
2.000009468656475065e+01
2.000009578276203825e+01
2.000009571597927049e+01
2.000009546107092007e+01
2.000009533469127732e+01
2.000009481999153138e+01
2.000009552811897251e+01
2.000009552573144944e+01
2.000009576719994797e+01
2.000009388149663536e+01
2.000009509045860767e+01
2.000009533469127732e+01
2.000009481999153138e+01
2.000009552811897251e+01
2.000009533569485143e+01
2.000009353527023848e+01
2.000009552573144944e+01
2.000009576719994797e+01
2.000009388149663536e+01
2.000009415413575198e+01
2.000009468656475065e+01
2.000009578276203825e+01
2.000009510617117314e+01
2.000009560325741020e+01
2.000009533469127732e+01
2.000009561384780099e+01
2.000009353527023848e+01
2.000009536068430904e+01
2.000009436667270535e+01
2.000009289106519716e+01
2.000009578276203825e+01
2.000009496601823500e+01
2.000009588881196265e+01
2.000009546107092007e+01
2.000009533469127732e+01
2.000009481999153138e+01
2.000009552811897251e+01
2.000009536068430904e+01
2.000009567628912066e+01
2.000009434909845041e+01
2.000009509045860767e+01
2.000009533469127732e+01
2.000009353527023848e+01
2.000009536068430904e+01
2.000009388149663536e+01
2.000009538128113107e+01
2.000009289106519716e+01
2.000009495993648301e+01
2.000009423435526656e+01
2.000009582997112290e+01
2.000009578276203825e+01
2.000009472580207159e+01
2.000009533469127732e+01
2.000009535185964538e+01
2.000009561384780099e+01
2.000009353527023848e+01
2.000009536068430904e+01
2.000009436667270535e+01
2.000009538128113107e+01
2.000009585765616649e+01
2.000009588881196265e+01
2.000009574175934901e+01
2.000009509045860767e+01
2.000009481999153138e+01
2.000009472396796539e+01
2.000009538133698683e+01
2.000009552573144944e+01
2.000009576719994797e+01
2.000009388149663536e+01
2.000009538128113107e+01
2.000009468656475065e+01
2.000009588881196265e+01
2.000009546107092007e+01
2.000009533469127732e+01
2.000009481999153138e+01
2.000009538133698683e+01
2.000009552573144944e+01
2.000009436667270535e+01
2.000009538128113107e+01
2.000009415413575198e+01
2.000009570338268361e+01
2.000009546107092007e+01
2.000009481999153138e+01
2.000009552573144944e+01
2.000009536068430904e+01
2.000009388149663536e+01
2.000009570977660545e+01
2.000009558944322663e+01
2.000009395664569212e+01
2.000009568879914568e+01
2.000009578276203825e+01
2.000009560325741020e+01
2.000009533469127732e+01
2.000009481999153138e+01
2.000009538133698683e+01
2.000009536068430904e+01
2.000009436667270535e+01
2.000009585765616649e+01
2.000009415413575198e+01
2.000009570977660545e+01
2.000009510928541445e+01
2.000009496601823500e+01
2.000009574175934901e+01
2.000009509045860767e+01
2.000009552811897251e+01
2.000009536068430904e+01
2.000009436667270535e+01
2.000009427359109182e+01
2.000009538128113107e+01
2.000009289106519716e+01
2.000009588881196265e+01
2.000009574175934901e+01
2.000009596266115963e+01
2.000009481999153138e+01
2.000009552811897251e+01
2.000009576719994797e+01
2.000009388149663536e+01
2.000009427359109182e+01
2.000009538128113107e+01
2.000009585765616649e+01
2.000009481999153138e+01
2.000009407503277359e+01
2.000009353527023848e+01
2.000009536068430904e+01
2.000009388149663536e+01
2.000009427359109182e+01
2.000009289106519716e+01
2.000009567628912066e+01
2.000009434909845041e+01
2.000009582997112290e+01
2.000009496601823500e+01
2.000009560325741020e+01
2.000009533469127732e+01
2.000009481999153138e+01
2.000009407503277359e+01
2.000009472396796539e+01
2.000009552573144944e+01
2.000009536068430904e+01
2.000009436667270535e+01
2.000009585765616649e+01
2.000009468656475065e+01
2.000009578276203825e+01
2.000009500183895383e+01
2.000009561384780099e+01
2.000009533837172881e+01
2.000009353527023848e+01
2.000009536068430904e+01
2.000009436667270535e+01
2.000009497402209746e+01
2.000009513900974412e+01
2.000009523664947508e+01
2.000009588881196265e+01
2.000009574175934901e+01
2.000009509045860767e+01
2.000009533469127732e+01
2.000009481999153138e+01
2.000009407503277359e+01
2.000009353527023848e+01
2.000009536068430904e+01
2.000009415413575198e+01
2.000009468656475065e+01
2.000009546107092007e+01
2.000009481999153138e+01
2.000009407503277359e+01
2.000009552811897251e+01
2.000009472396796539e+01
2.000009353527023848e+01
2.000009576719994797e+01
2.000009436667270535e+01
2.000009427359109182e+01
2.000009440760301516e+01
2.000009546107092007e+01
2.000009496840843326e+01
2.000009481999153138e+01
2.000009552573144944e+01
2.000009536068430904e+01
2.000009436667270535e+01
2.000009427359109182e+01
2.000009585765616649e+01
2.000009415413575198e+01
2.000009496601823500e+01
2.000009588881196265e+01
2.000009574175934901e+01
2.000009373479775476e+01
2.000009481999153138e+01
2.000009552811897251e+01
2.000009538133698683e+01
2.000009552573144944e+01
2.000009576719994797e+01
2.000009388149663536e+01
2.000009578276203825e+01
2.000009574175934901e+01
2.000009546107092007e+01
2.000009533469127732e+01
2.000009481999153138e+01
2.000009559562039385e+01
2.000009552573144944e+01
2.000009388149663536e+01
2.000009513900974412e+01
2.000009320954378822e+01
2.000009468656475065e+01
2.000009472580207159e+01
2.000009546107092007e+01
2.000009560325741020e+01
2.000009533469127732e+01
2.000009481999153138e+01
2.000009576719994797e+01
2.000009436667270535e+01
2.000009454206254134e+01
2.000009434909845041e+01
2.000009496601823500e+01
2.000009509045860767e+01
2.000009533469127732e+01
2.000009481999153138e+01
2.000009472396796539e+01
2.000009353527023848e+01
2.000009536068430904e+01
2.000009388149663536e+01
2.000009427359109182e+01
2.000009585765616649e+01
2.000009496601823500e+01
2.000009533469127732e+01
2.000009481999153138e+01
2.000009552811897251e+01
2.000009536068430904e+01
2.000009436667270535e+01
2.000009538128113107e+01
2.000009289106519716e+01
2.000009415413575198e+01
2.000009508215271126e+01
2.000009588881196265e+01
2.000009509045860767e+01
2.000009533469127732e+01
2.000009561384780099e+01
2.000009538133698683e+01
2.000009552573144944e+01
2.000009536068430904e+01
2.000009289106519716e+01
2.000009573581897371e+01
2.000009494413074052e+01
2.000009578276203825e+01
2.000009588881196265e+01
2.000009533469127732e+01
2.000009353527023848e+01
2.000009536068430904e+01
2.000009555667108074e+01
2.000009289106519716e+01
2.000009495339626397e+01
2.000009299485829573e+01
2.000009458762432857e+01
2.000009468656475065e+01
2.000009496601823500e+01
2.000009509045860767e+01
2.000009560325741020e+01
2.000009533469127732e+01
2.000009481999153138e+01
2.000009407503277359e+01
2.000009472396796539e+01
2.000009538133698683e+01
2.000009353527023848e+01
2.000009468656475065e+01
2.000009578276203825e+01
2.000009496601823500e+01
2.000009533469127732e+01
2.000009561384780099e+01
2.000009353527023848e+01
2.000009536068430904e+01
2.000009388149663536e+01
2.000009497402209746e+01
2.000009427359109182e+01
2.000009578276203825e+01
2.000009574175934901e+01
2.000009546107092007e+01
2.000009481999153138e+01
2.000009407503277359e+01
2.000009538133698683e+01
2.000009353527023848e+01
2.000009552573144944e+01
2.000009536068430904e+01
2.000009388149663536e+01
2.000009578276203825e+01
2.000009578283885503e+01
2.000009533469127732e+01
2.000009481999153138e+01
2.000009353527023848e+01
2.000009552573144944e+01
2.000009388149663536e+01
2.000009585765616649e+01
2.000009567628912066e+01
2.000009434909845041e+01
2.000009468656475065e+01
2.000009578276203825e+01
2.000009560325741020e+01
2.000009533469127732e+01
2.000009561384780099e+01
2.000009353527023848e+01
2.000009576719994797e+01
2.000009579940225279e+01
2.000009585765616649e+01
2.000009567628912066e+01
2.000009468656475065e+01
2.000009481999153138e+01
2.000009533837172881e+01
2.000009552573144944e+01
2.000009536068430904e+01
2.000009495339626397e+01
2.000009434909845041e+01
2.000009368704631285e+01
2.000009509375344408e+01
2.000009553703035792e+01
2.000009468656475065e+01
2.000009578276203825e+01
2.000009510617117314e+01
2.000009589190740655e+01
2.000009509045860767e+01
2.000009533469127732e+01
2.000009535185964538e+01
2.000009481999153138e+01
2.000009552811897251e+01
2.000009353527023848e+01
2.000009481999153138e+01
2.000009353527023848e+01
2.000009536068430904e+01
2.000009388149663536e+01
2.000009427359109182e+01
2.000009538128113107e+01
2.000009415413575198e+01
2.000009434909845041e+01
2.000009582997112290e+01
2.000009471038175235e+01
2.000009468656475065e+01
2.000009588881196265e+01
2.000009574175934901e+01
2.000009560325741020e+01
2.000009533469127732e+01
2.000009561384780099e+01
2.000009552811897251e+01
2.000009536068430904e+01
2.000009579940225279e+01
2.000009388149663536e+01
2.000009588881196265e+01
2.000009373479775476e+01
2.000009560325741020e+01
2.000009533469127732e+01
2.000009481999153138e+01
2.000009436667270535e+01
2.000009427359109182e+01
2.000009567628912066e+01
2.000009582997112290e+01
2.000009368704631285e+01
2.000009496601823500e+01
2.000009546107092007e+01
2.000009560325741020e+01
2.000009481999153138e+01
2.000009552573144944e+01
2.000009576719994797e+01
2.000009388149663536e+01
2.000009427359109182e+01
2.000009289106519716e+01
2.000009415413575198e+01
2.000009574175934901e+01
2.000009533469127732e+01
2.000009481999153138e+01
2.000009552811897251e+01
2.000009576719994797e+01
2.000009421092821071e+01
2.000009427359109182e+01
2.000009585765616649e+01
2.000009289106519716e+01
2.000009415413575198e+01
2.000009588881196265e+01
2.000009574175934901e+01
2.000009560325741020e+01
2.000009533469127732e+01
2.000009481999153138e+01
2.000009552811897251e+01
2.000009353527023848e+01
2.000009536068430904e+01
2.000009538128113107e+01
2.000009289106519716e+01
2.000009533569485143e+01
2.000009536068430904e+01
2.000009388149663536e+01
2.000009320954378822e+01
2.000009538128113107e+01
2.000009585765616649e+01
2.000009289106519716e+01
2.000009415413575198e+01
2.000009495339626397e+01
2.000009434909845041e+01
2.000009496601823500e+01
2.000009588881196265e+01
2.000009440760301516e+01
2.000009575462113531e+01
2.000009533469127732e+01
2.000009481999153138e+01
2.000009552811897251e+01
2.000009538133698683e+01
2.000009353527023848e+01
2.000009536068430904e+01
2.000009578276203825e+01
2.000009496601823500e+01
2.000009509045860767e+01
2.000009535185964538e+01
2.000009561384780099e+01
2.000009407503277359e+01
2.000009353527023848e+01
2.000009552573144944e+01
2.000009536068430904e+01
2.000009585765616649e+01
2.000009576719994797e+01
2.000009597965837926e+01
2.000009289106519716e+01
2.000009454206254134e+01
2.000009567628912066e+01
2.000009434909845041e+01
2.000009568879914568e+01
2.000009529197133418e+01
2.000009515671664673e+01
2.000009589577724611e+01
2.000009468656475065e+01
2.000009588881196265e+01
2.000009509045860767e+01
2.000009533469127732e+01
2.000009481999153138e+01
2.000009407503277359e+01
2.000009552811897251e+01
2.000009536068430904e+01
2.000009436667270535e+01
2.000009427359109182e+01
2.000009578276203825e+01
2.000009496601823500e+01
2.000009574175934901e+01
2.000009552292731740e+01
2.000009561384780099e+01
2.000009585765616649e+01
2.000009289106519716e+01
2.000009495339626397e+01
2.000009434909845041e+01
2.000009570977660545e+01
2.000009468656475065e+01
2.000009588881196265e+01
2.000009574175934901e+01
2.000009546107092007e+01
2.000009561384780099e+01
2.000009436507824390e+01
2.000009353527023848e+01
2.000009552573144944e+01
2.000009536068430904e+01
2.000009388149663536e+01
2.000009574175934901e+01
2.000009533469127732e+01
2.000009481999153138e+01
2.000009536068430904e+01
2.000009388149663536e+01
2.000009585765616649e+01
2.000009494413074052e+01
2.000009434909845041e+01
2.000009582997112290e+01
2.000009368704631285e+01
2.000009571597927049e+01
2.000009574175934901e+01
2.000009572656865231e+01
2.000009533469127732e+01
2.000009481999153138e+01
2.000009407503277359e+01
2.000009536068430904e+01
2.000009579940225279e+01
2.000009562151147691e+01
2.000009553703035792e+01
2.000009578276203825e+01
2.000009546107092007e+01
2.000009500183895383e+01
2.000009536651542064e+01
2.000009533469127732e+01
2.000009481999153138e+01
2.000009552811897251e+01
2.000009353527023848e+01
2.000009436667270535e+01
2.000009289106519716e+01
2.000009574175934901e+01
2.000009560325741020e+01
2.000009481999153138e+01
2.000009353527023848e+01
2.000009536068430904e+01
2.000009388149663536e+01
2.000009567628912066e+01
2.000009582997112290e+01
2.000009553703035792e+01
2.000009568879914568e+01
2.000009574175934901e+01
2.000009546107092007e+01
2.000009533469127732e+01
2.000009481999153138e+01
2.000009538133698683e+01
2.000009536068430904e+01
2.000009320954378822e+01
2.000009415413575198e+01
2.000009495339626397e+01
2.000009595981258670e+01
2.000009496601823500e+01
2.000009574175934901e+01
2.000009533469127732e+01
2.000009481999153138e+01
2.000009538133698683e+01
2.000009353527023848e+01
2.000009552573144944e+01
2.000009536068430904e+01
2.000009436667270535e+01
2.000009538128113107e+01
2.000009509045860767e+01
2.000009533469127732e+01
2.000009561384780099e+01
2.000009407503277359e+01
2.000009538133698683e+01
2.000009552573144944e+01
2.000009536068430904e+01
2.000009579940225279e+01
2.000009436667270535e+01
2.000009427359109182e+01
2.000009588881196265e+01
2.000009546107092007e+01
2.000009509045860767e+01
2.000009481999153138e+01
2.000009538133698683e+01
2.000009388149663536e+01
2.000009513900974412e+01
2.000009538128113107e+01
2.000009585765616649e+01
2.000009415413575198e+01
2.000009578276203825e+01
2.000009560325741020e+01
2.000009496840843326e+01
2.000009481999153138e+01
2.000009536068430904e+01
2.000009388149663536e+01
2.000009427359109182e+01
2.000009585765616649e+01
2.000009582997112290e+01
2.000009401380738794e+01
2.000009496601823500e+01
2.000009588881196265e+01
2.000009574175934901e+01
2.000009546107092007e+01
2.000009560325741020e+01
2.000009533469127732e+01
2.000009561384780099e+01
2.000009485076224536e+01
2.000009538133698683e+01
2.000009353527023848e+01
2.000009523664947508e+01
2.000009588881196265e+01
2.000009546107092007e+01
2.000009533469127732e+01
2.000009481999153138e+01
2.000009407503277359e+01
2.000009353527023848e+01
2.000009536068430904e+01
2.000009538128113107e+01
2.000009540995287693e+01
2.000009496601823500e+01
2.000009546107092007e+01
2.000009560325741020e+01
2.000009481999153138e+01
2.000009538133698683e+01
2.000009353527023848e+01
2.000009552573144944e+01
2.000009388149663536e+01
2.000009497402209746e+01
2.000009538128113107e+01
2.000009574175934901e+01
2.000009509045860767e+01
2.000009560325741020e+01
2.000009481999153138e+01
2.000009538133698683e+01
2.000009353527023848e+01
2.000009552573144944e+01
2.000009388149663536e+01
2.000009427359109182e+01
2.000009585765616649e+01
2.000009481999153138e+01
2.000009353527023848e+01
2.000009552573144944e+01
2.000009576719994797e+01
2.000009513900974412e+01
2.000009427359109182e+01
2.000009538128113107e+01
2.000009585765616649e+01
2.000009540995287693e+01
2.000009368704631285e+01
2.000009496601823500e+01
2.000009546107092007e+01
2.000009560325741020e+01
2.000009481999153138e+01
2.000009353527023848e+01
2.000009536068430904e+01
2.000009320954378822e+01
2.000009585765616649e+01
2.000009434909845041e+01
2.000009582997112290e+01
2.000009468656475065e+01
2.000009578276203825e+01
2.000009572656865231e+01
2.000009509045860767e+01
2.000009407503277359e+01
2.000009353527023848e+01
2.000009552573144944e+01
2.000009536068430904e+01
2.000009436667270535e+01
2.000009495339626397e+01
2.000009578276203825e+01
2.000009574175934901e+01
2.000009572656865231e+01
2.000009561384780099e+01
2.000009552811897251e+01
2.000009559562039385e+01
2.000009353527023848e+01
2.000009552573144944e+01
2.000009536068430904e+01
2.000009388149663536e+01
2.000009523664947508e+01
2.000009496601823500e+01
2.000009588881196265e+01
2.000009440760301516e+01
2.000009500183895383e+01
2.000009509045860767e+01
2.000009596266115963e+01
2.000009533469127732e+01
2.000009481999153138e+01
2.000009353527023848e+01
2.000009468656475065e+01
2.000009578276203825e+01
2.000009496601823500e+01
2.000009509045860767e+01
2.000009481999153138e+01
2.000009407503277359e+01
2.000009576719994797e+01
2.000009538128113107e+01
2.000009415413575198e+01
2.000009470851769322e+01
