2.000009137440704876e+01
2.000009116095553097e+01
2.000009032513326801e+01
2.000009135216223655e+01
2.000009100264499295e+01
2.000009059444909099e+01
2.000009125251546749e+01
2.000009142049995248e+01
2.000009129984388423e+01
2.000009026919195065e+01
2.000009113969899133e+01
2.000009137440704876e+01
2.000009135573874630e+01
2.000009032513326801e+01
2.000009135216223655e+01
2.000009100264499295e+01
2.000009129984388423e+01
2.000009026919195065e+01
2.000009138655885010e+01
2.000009070060646721e+01
2.000009113969899133e+01
2.000009137440704876e+01
2.000009116095553097e+01
2.000009032513326801e+01
2.000009135216223655e+01
2.000009100264499295e+01
2.000009059444909099e+01
2.000009125251546749e+01
2.000009141913194455e+01
2.000009142049995248e+01
2.000009128301572403e+01
2.000009137440704876e+01
2.000009116095553097e+01
2.000009032513326801e+01
2.000009135216223655e+01
2.000009127490659466e+01
2.000009125251546749e+01
2.000009141913194455e+01
2.000009142049995248e+01
2.000009028097855079e+01
2.000009113969899133e+01
2.000009137440704876e+01
2.000009116095553097e+01
2.000009032513326801e+01
2.000009135216223655e+01
2.000009100264499295e+01
2.000009092743025718e+01
2.000009126336020415e+01
2.000009059444909099e+01
2.000009125251546749e+01
2.000009113969899133e+01
2.000009137440704876e+01
2.000009032513326801e+01
2.000009135216223655e+01
2.000009059444909099e+01
2.000009125251546749e+01
2.000009142049995248e+01
2.000009115617235977e+01
2.000009129984388423e+01
2.000009026919195065e+01
2.000009113969899133e+01
2.000009137440704876e+01
2.000009116095553097e+01
2.000009032513326801e+01
2.000009135216223655e+01
2.000009100264499295e+01
2.000009092743025718e+01
2.000009059444909099e+01
2.000009125251546749e+01
2.000009142049995248e+01
2.000009113969899133e+01
2.000009137440704876e+01
2.000009135216223655e+01
2.000009100264499295e+01
2.000009013036938299e+01
2.000009065474342407e+01
2.000009059444909099e+01
2.000009141913194455e+01
2.000009142049995248e+01
2.000009143191259042e+01
2.000009137440704876e+01
2.000009143903645281e+01
2.000009135216223655e+01
2.000009125251546749e+01
2.000009141913194455e+01
2.000009142049995248e+01
2.000009028097855079e+01
2.000009026919195065e+01
2.000009110812764845e+01
2.000009070060646721e+01
2.000009130044800187e+01
2.000009116095553097e+01
2.000009135216223655e+01
2.000009096946690335e+01
2.000009059444909099e+01
2.000009141913194455e+01
2.000009142049995248e+01
2.000009028097855079e+01
2.000009143191259042e+01
2.000009129984388423e+01
2.000009137440704876e+01
2.000009143903645281e+01
2.000009100264499295e+01
2.000009059444909099e+01
2.000009142049995248e+01
2.000009143191259042e+01
2.000009129984388423e+01
2.000009026919195065e+01
2.000009110812764845e+01
2.000009070060646721e+01
2.000009113969899133e+01
2.000009137440704876e+01
2.000009116095553097e+01
2.000009032513326801e+01
2.000009135216223655e+01
2.000009059444909099e+01
2.000009141913194455e+01
2.000009142049995248e+01
2.000009143191259042e+01
2.000009129984388423e+01
2.000009113969899133e+01
2.000009137440704876e+01
2.000009116095553097e+01
2.000009032513326801e+01
2.000009135216223655e+01
2.000009013036938299e+01
2.000009125251546749e+01
2.000009142049995248e+01
2.000009143191259042e+01
2.000009125946574784e+01
2.000009113969899133e+01
2.000009137440704876e+01
2.000009116095553097e+01
2.000009032513326801e+01
2.000009135216223655e+01
2.000009100264499295e+01
2.000009065474342407e+01
2.000009059444909099e+01
2.000009125251546749e+01
2.000009141913194455e+01
2.000009113969899133e+01
2.000009137440704876e+01
2.000009032513326801e+01
2.000009100264499295e+01
2.000009141913194455e+01
2.000009028097855079e+01
2.000009143191259042e+01
2.000009129984388423e+01
2.000009026919195065e+01
2.000009138655885010e+01
2.000009137440704876e+01
2.000009032513326801e+01
2.000009135216223655e+01
2.000009100264499295e+01
2.000009059444909099e+01
2.000009125251546749e+01
2.000009141913194455e+01
2.000009143191259042e+01
2.000009129984388423e+01
2.000009083066713700e+01
2.000009113969899133e+01
2.000009137440704876e+01
2.000009143903645281e+01
2.000009116095553097e+01
2.000009032513326801e+01
2.000009120380325456e+01
2.000009100264499295e+01
2.000009102681301698e+01
2.000009013036938299e+01
2.000009059444909099e+01
2.000009137440704876e+01
2.000009116095553097e+01
2.000009032513326801e+01
2.000009100264499295e+01
2.000009137692199701e+01
2.000009059444909099e+01
2.000009141913194455e+01
2.000009142049995248e+01
2.000009028097855079e+01
2.000009129984388423e+01
2.000009113969899133e+01
2.000009116095553097e+01
2.000009135216223655e+01
2.000009100264499295e+01
2.000009059444909099e+01
2.000009125251546749e+01
2.000009142049995248e+01
2.000009143191259042e+01
2.000009129984388423e+01
2.000009026919195065e+01
2.000009113969899133e+01
2.000009137440704876e+01
2.000009130044800187e+01
2.000009116095553097e+01
2.000009135216223655e+01
2.000009100264499295e+01
2.000009059444909099e+01
2.000009125251546749e+01
2.000009142049995248e+01
2.000009143191259042e+01
2.000009113969899133e+01
2.000009137440704876e+01
2.000009032513326801e+01
2.000009135216223655e+01
2.000009100264499295e+01
2.000009059444909099e+01
2.000009125251546749e+01
2.000009141913194455e+01
2.000009142049995248e+01
2.000009129984388423e+01
2.000009113969899133e+01
2.000009137440704876e+01
2.000009116095553097e+01
2.000009032513326801e+01
2.000009135216223655e+01
2.000009013036938299e+01
2.000009059444909099e+01
2.000009141913194455e+01
2.000009143191259042e+01
2.000009026919195065e+01
2.000009113969899133e+01
2.000009137440704876e+01
2.000009032513326801e+01
2.000009135216223655e+01
2.000009125251546749e+01
2.000009141913194455e+01
2.000009142049995248e+01
2.000009143191259042e+01
2.000009129984388423e+01
2.000009026919195065e+01
2.000009113969899133e+01
2.000009137440704876e+01
2.000009116095553097e+01
2.000009135216223655e+01
2.000009016497439518e+01
2.000009141913194455e+01
2.000009142049995248e+01
2.000009143191259042e+01
2.000009129984388423e+01
2.000009110812764845e+01
2.000009113969899133e+01
2.000009137440704876e+01
2.000009116095553097e+01
2.000009032513326801e+01
2.000009059444909099e+01
2.000009141913194455e+01
2.000009142049995248e+01
2.000009028097855079e+01
2.000009143191259042e+01
2.000009110370268317e+01
2.000009113969899133e+01
2.000009116095553097e+01
2.000009032513326801e+01
2.000009135216223655e+01
2.000009100264499295e+01
2.000009092743025718e+01
2.000009144110790515e+01
2.000009059444909099e+01
2.000009125251546749e+01
2.000009142049995248e+01
2.000009113969899133e+01
2.000009137440704876e+01
2.000009032513326801e+01
2.000009135216223655e+01
2.000009100264499295e+01
2.000009125251546749e+01
2.000009016497439518e+01
2.000009141913194455e+01
2.000009143191259042e+01
2.000009129984388423e+01
2.000009137440704876e+01
2.000009116095553097e+01
2.000009032513326801e+01
2.000009135216223655e+01
2.000009100264499295e+01
2.000009059444909099e+01
2.000009141913194455e+01
2.000009142049995248e+01
2.000009143191259042e+01
2.000009129984388423e+01
2.000009105112737018e+01
2.000009116095553097e+01
2.000009032513326801e+01
2.000009135216223655e+01
2.000009100264499295e+01
2.000009059444909099e+01
2.000009141913194455e+01
2.000009143191259042e+01
2.000009047136709839e+01
2.000009100330796130e+01
2.000009113969899133e+01
2.000009137440704876e+01
2.000009116095553097e+01
2.000009120380325456e+01
2.000009135216223655e+01
2.000009100264499295e+01
2.000009059444909099e+01
2.000009125251546749e+01
2.000009016497439518e+01
2.000009141913194455e+01
2.000009137440704876e+01
2.000009116095553097e+01
2.000009032513326801e+01
2.000009100264499295e+01
2.000009101484373630e+01
2.000009059444909099e+01
2.000009125251546749e+01
2.000009143191259042e+01
2.000009047136709839e+01
2.000009129984388423e+01
2.000009113969899133e+01
2.000009137440704876e+01
2.000009138937507558e+01
2.000009137383695190e+01
2.000009116095553097e+01
2.000009032513326801e+01
2.000009100264499295e+01
2.000009082344859124e+01
2.000009059444909099e+01
2.000009125251546749e+01
2.000009113969899133e+01
2.000009137440704876e+01
2.000009116095553097e+01
2.000009032513326801e+01
2.000009139160418670e+01
2.000009059444909099e+01
2.000009125251546749e+01
2.000009141913194455e+01
2.000009142049995248e+01
2.000009028097855079e+01
2.000009113969899133e+01
2.000009137440704876e+01
2.000009032513326801e+01
2.000009135216223655e+01
2.000009013036938299e+01
2.000009059444909099e+01
2.000009125251546749e+01
2.000009016497439518e+01
2.000009142049995248e+01
2.000009143191259042e+01
2.000009113969899133e+01
2.000009137440704876e+01
2.000009084148026517e+01
2.000009116095553097e+01
2.000009089350642100e+01
2.000009135216223655e+01
2.000009100264499295e+01
2.000009092743025718e+01
2.000009059444909099e+01
2.000009142049995248e+01
2.000009113969899133e+01
2.000009137440704876e+01
2.000009116095553097e+01
2.000009032513326801e+01
2.000009135216223655e+01
2.000009013036938299e+01
2.000009125251546749e+01
2.000009141913194455e+01
2.000009094370795992e+01
2.000009143191259042e+01
2.000009113969899133e+01
2.000009137440704876e+01
2.000009116095553097e+01
2.000009032513326801e+01
2.000009100264499295e+01
2.000009092743025718e+01
2.000009141913194455e+01
2.000009142049995248e+01
2.000009129984388423e+01
2.000009026919195065e+01
2.000009113969899133e+01
2.000009116095553097e+01
2.000009135216223655e+01
2.000009100264499295e+01
2.000009059444909099e+01
2.000009125251546749e+01
2.000009141913194455e+01
2.000009142049995248e+01
2.000009129984388423e+01
2.000009026919195065e+01
2.000009113969899133e+01
2.000009137440704876e+01
2.000009116095553097e+01
2.000009032513326801e+01
2.000009135216223655e+01
2.000009100264499295e+01
2.000009144786012882e+01
2.000009059444909099e+01
2.000009077498075172e+01
2.000009141913194455e+01
2.000009137440704876e+01
2.000009130044800187e+01
2.000009032513326801e+01
2.000009100264499295e+01
2.000009092743025718e+01
2.000009059444909099e+01
2.000009125251546749e+01
2.000009141913194455e+01
2.000009142049995248e+01
2.000009115617235977e+01
2.000009137440704876e+01
2.000009116095553097e+01
2.000009032513326801e+01
2.000009135216223655e+01
2.000009100264499295e+01
2.000008992361820503e+01
2.000009125251546749e+01
2.000009016497439518e+01
2.000009141913194455e+01
2.000009142049995248e+01
2.000009113969899133e+01
2.000009137440704876e+01
2.000009120380325456e+01
2.000009135216223655e+01
2.000009100264499295e+01
2.000009124500448010e+01
2.000009125251546749e+01
2.000009142049995248e+01
2.000009145035367908e+01
2.000009143191259042e+01
2.000009113969899133e+01
2.000009137440704876e+01
2.000009116095553097e+01
2.000009135216223655e+01
2.000009100264499295e+01
2.000009059444909099e+01
2.000009125251546749e+01
2.000009016497439518e+01
2.000009129984388423e+01
2.000009026919195065e+01
2.000009113969899133e+01
2.000009137440704876e+01
2.000009143903645281e+01
2.000009116095553097e+01
2.000009032513326801e+01
2.000009100264499295e+01
2.000009059444909099e+01
2.000009125251546749e+01
2.000009016497439518e+01
2.000009141913194455e+01
2.000009113969899133e+01
2.000009137440704876e+01
2.000009032513326801e+01
2.000009135216223655e+01
2.000009100264499295e+01
2.000009110078158514e+01
2.000009059444909099e+01
2.000009125251546749e+01
2.000009142049995248e+01
2.000009143191259042e+01
2.000009105112737018e+01
2.000009137440704876e+01
2.000009116095553097e+01
2.000009100264499295e+01
2.000009059444909099e+01
2.000009125251546749e+01
2.000009141913194455e+01
2.000009142049995248e+01
2.000009143191259042e+01
2.000009129984388423e+01
2.000009137440704876e+01
2.000009116095553097e+01
2.000009135216223655e+01
2.000009059444909099e+01
2.000009141913194455e+01
2.000009142049995248e+01
2.000009143191259042e+01
2.000009115617235977e+01
2.000009083066713700e+01
2.000009138655885010e+01
2.000009109071102387e+01
2.000009137440704876e+01
2.000009116095553097e+01
2.000009032513326801e+01
2.000009135216223655e+01
2.000009100264499295e+01
2.000008992361820503e+01
2.000009059444909099e+01
2.000009125251546749e+01
2.000009142049995248e+01
2.000009113969899133e+01
2.000009105112737018e+01
2.000009143903645281e+01
2.000009032513326801e+01
2.000009135216223655e+01
2.000009059444909099e+01
2.000009141913194455e+01
2.000009142049995248e+01
2.000009028097855079e+01
2.000009143191259042e+01
2.000009132731053541e+01
2.000009032513326801e+01
2.000009059444909099e+01
2.000009125251546749e+01
2.000009016497439518e+01
2.000009142049995248e+01
2.000009143191259042e+01
2.000009026919195065e+01
2.000009138655885010e+01
2.000009110812764845e+01
2.000009113969899133e+01
2.000009125251546749e+01
2.000009129984388423e+01
2.000009138655885010e+01
2.000009110812764845e+01
2.000009070060646721e+01
2.000009142499460069e+01
2.000009122109773330e+01
2.000009129494329585e+01
2.000009105130938991e+01
2.000009113969899133e+01
2.000009137440704876e+01
2.000009084148026517e+01
2.000009116095553097e+01
2.000009032513326801e+01
2.000009135216223655e+01
2.000009100264499295e+01
2.000009141913194455e+01
2.000009142049995248e+01
2.000009028097855079e+01
2.000009113969899133e+01
2.000009105112737018e+01
2.000009137440704876e+01
2.000009116095553097e+01
2.000009032513326801e+01
2.000009135216223655e+01
2.000009100264499295e+01
2.000009059444909099e+01
2.000009125251546749e+01
2.000009142049995248e+01
2.000009113969899133e+01
2.000009137440704876e+01
2.000009116095553097e+01
2.000009135216223655e+01
2.000009100264499295e+01
2.000009013036938299e+01
2.000009059444909099e+01
2.000009141913194455e+01
2.000009143191259042e+01
2.000009129984388423e+01
2.000009113969899133e+01
2.000009032513326801e+01
2.000009135216223655e+01
2.000009100264499295e+01
2.000009141913194455e+01
2.000009143191259042e+01
2.000009129984388423e+01
2.000009140040464217e+01
2.000009070060646721e+01
2.000009142499460069e+01
2.000009137440704876e+01
2.000009116095553097e+01
2.000009032513326801e+01
2.000009135216223655e+01
2.000009100264499295e+01
2.000009013036938299e+01
2.000009059444909099e+01
2.000009141913194455e+01
2.000009143191259042e+01
2.000009047136709839e+01
2.000009113969899133e+01
2.000009137440704876e+01
2.000009032513326801e+01
2.000009135216223655e+01
2.000009059444909099e+01
2.000009141913194455e+01
2.000009142049995248e+01
2.000009143191259042e+01
2.000009115617235977e+01
2.000009129984388423e+01
2.000009032513326801e+01
2.000009100264499295e+01
2.000009059444909099e+01
2.000009142049995248e+01
2.000009110812764845e+01
2.000009070060646721e+01
2.000009142499460069e+01
2.000009100225509684e+01
2.000009126719764296e+01
2.000009105130938991e+01
2.000009137440704876e+01
2.000009116095553097e+01
2.000009135216223655e+01
2.000009100264499295e+01
2.000009059444909099e+01
2.000009125251546749e+01
2.000009142049995248e+01
2.000009129984388423e+01
2.000009026919195065e+01
2.000009138655885010e+01
2.000009113969899133e+01
2.000009137440704876e+01
2.000009032513326801e+01
2.000009120380325456e+01
2.000009135216223655e+01
2.000009100264499295e+01
2.000009092743025718e+01
2.000009013036938299e+01
2.000009059444909099e+01
2.000009141913194455e+01
2.000009130044800187e+01
2.000009116095553097e+01
2.000009032513326801e+01
2.000009100264499295e+01
2.000008992361820503e+01
2.000009059444909099e+01
2.000009141913194455e+01
2.000009142049995248e+01
2.000009129984388423e+01
2.000009026919195065e+01
2.000009113969899133e+01
2.000009137440704876e+01
2.000009116095553097e+01
2.000009032513326801e+01
2.000009135216223655e+01
2.000009100264499295e+01
2.000008992361820503e+01
2.000009125251546749e+01
2.000009141913194455e+01
2.000009135098031976e+01
2.000009113969899133e+01
2.000009137440704876e+01
2.000009116095553097e+01
2.000009032513326801e+01
2.000009135216223655e+01
2.000009100264499295e+01
2.000009120978630861e+01
2.000009059444909099e+01
2.000009125251546749e+01
2.000009141913194455e+01
2.000009116095553097e+01
2.000009032513326801e+01
2.000009100264499295e+01
2.000009059444909099e+01
2.000009125251546749e+01
2.000009016497439518e+01
2.000009141913194455e+01
2.000009142049995248e+01
2.000009125946574784e+01
2.000009129984388423e+01
2.000009137440704876e+01
2.000009116095553097e+01
2.000009032513326801e+01
2.000009135216223655e+01
2.000009143534131795e+01
2.000009142049995248e+01
2.000009129984388423e+01
2.000009026919195065e+01
2.000009138655885010e+01
2.000009110812764845e+01
2.000009113969899133e+01
2.000009137440704876e+01
2.000009116095553097e+01
2.000009100264499295e+01
2.000009059444909099e+01
2.000009141913194455e+01
2.000009143191259042e+01
2.000009115617235977e+01
2.000009129984388423e+01
2.000009026919195065e+01
2.000009113969899133e+01
2.000009137440704876e+01
2.000009032513326801e+01
2.000009135216223655e+01
2.000009013036938299e+01
2.000009125251546749e+01
2.000009142049995248e+01
2.000009143191259042e+01
2.000009129984388423e+01
2.000009026919195065e+01
2.000009113969899133e+01
2.000009116095553097e+01
2.000009135216223655e+01
2.000009100264499295e+01
2.000009125251546749e+01
2.000009142049995248e+01
2.000009143191259042e+01
2.000009129984388423e+01
2.000009026919195065e+01
2.000009138655885010e+01
2.000009113969899133e+01
2.000009137440704876e+01
2.000009032513326801e+01
2.000009135216223655e+01
2.000009092743025718e+01
2.000009059444909099e+01
2.000009125251546749e+01
2.000009016497439518e+01
2.000009142049995248e+01
2.000009129984388423e+01
2.000009113969899133e+01
2.000009105112737018e+01
2.000009116095553097e+01
2.000009032513326801e+01
2.000009135216223655e+01
2.000009141913194455e+01
2.000009142049995248e+01
2.000009143191259042e+01
2.000009115617235977e+01
2.000009129984388423e+01
2.000009137440704876e+01
2.000009032513326801e+01
2.000009135216223655e+01
2.000009100264499295e+01
2.000009061110987574e+01
2.000009059444909099e+01
2.000009125251546749e+01
2.000009141913194455e+01
2.000009142049995248e+01
2.000009125946574784e+01
2.000009113969899133e+01
2.000009137440704876e+01
2.000009130044800187e+01
2.000009109097818083e+01
2.000009135216223655e+01
2.000009100264499295e+01
2.000008992361820503e+01
2.000009059444909099e+01
2.000009125251546749e+01
2.000009141913194455e+01
2.000009113969899133e+01
2.000009137440704876e+01
2.000009130044800187e+01
2.000009116095553097e+01
2.000009032513326801e+01
2.000009100264499295e+01
2.000009059444909099e+01
2.000009125251546749e+01
2.000009141913194455e+01
2.000009142049995248e+01
2.000009137440704876e+01
2.000009116095553097e+01
2.000009135216223655e+01
2.000009103814107547e+01
2.000009141913194455e+01
2.000009142049995248e+01
2.000009028097855079e+01
2.000009143191259042e+01
2.000009115617235977e+01
2.000009129984388423e+01
2.000009113969899133e+01
2.000009105112737018e+01
2.000009116095553097e+01
2.000009032513326801e+01
2.000009135216223655e+01
2.000009100264499295e+01
2.000009092743025718e+01
2.000009059444909099e+01
2.000009099765377130e+01
2.000009125251546749e+01
2.000009113969899133e+01
2.000009137440704876e+01
2.000009116095553097e+01
2.000009032513326801e+01
2.000009135216223655e+01
2.000009100264499295e+01
2.000009059444909099e+01
2.000009125251546749e+01
2.000009142049995248e+01
2.000009143191259042e+01
2.000009113969899133e+01
2.000009118373746730e+01
2.000009137440704876e+01
2.000009116095553097e+01
2.000009100264499295e+01
2.000009125251546749e+01
2.000009141913194455e+01
2.000009142049995248e+01
2.000009129220639181e+01
2.000009129984388423e+01
2.000009113969899133e+01
2.000009105112737018e+01
2.000009137440704876e+01
2.000009116095553097e+01
2.000009032513326801e+01
2.000009120380325456e+01
2.000009059444909099e+01
2.000009125251546749e+01
2.000009141913194455e+01
2.000009142049995248e+01
2.000009113969899133e+01
2.000009130044800187e+01
2.000009116095553097e+01
2.000009032513326801e+01
2.000009100264499295e+01
2.000009092743025718e+01
2.000009059444909099e+01
2.000009125251546749e+01
2.000009142049995248e+01
2.000009143191259042e+01
2.000009105112737018e+01
2.000009107645318096e+01
2.000009137440704876e+01
2.000009132731053541e+01
2.000009100264499295e+01
2.000009059444909099e+01
2.000009125251546749e+01
2.000009141913194455e+01
2.000009142049995248e+01
2.000009143191259042e+01
2.000009113969899133e+01
2.000009105112737018e+01
2.000009032513326801e+01
2.000009120380325456e+01
2.000009135216223655e+01
2.000009082344859124e+01
2.000009142891481062e+01
2.000009059444909099e+01
2.000009125251546749e+01
2.000009141913194455e+01
2.000009137440704876e+01
2.000009098673054808e+01
2.000009116095553097e+01
2.000009032513326801e+01
2.000009135216223655e+01
2.000009059444909099e+01
2.000009125251546749e+01
2.000009141913194455e+01
2.000009028097855079e+01
2.000009143191259042e+01
2.000009113969899133e+01
2.000009116095553097e+01
2.000009135216223655e+01
2.000009092743025718e+01
2.000008992361820503e+01
2.000009125251546749e+01
2.000009142049995248e+01
2.000009143191259042e+01
2.000009129984388423e+01
2.000009131861357403e+01
2.000009113969899133e+01
2.000009137440704876e+01
2.000009116095553097e+01
2.000009032513326801e+01
2.000009135216223655e+01
2.000009100264499295e+01
2.000009013036938299e+01
2.000009059444909099e+01
2.000009125251546749e+01
2.000009141913194455e+01
2.000009113969899133e+01
2.000009137440704876e+01
2.000009116095553097e+01
2.000009032513326801e+01
2.000009100264499295e+01
2.000009125251546749e+01
2.000009141913194455e+01
2.000009142049995248e+01
2.000009143191259042e+01
2.000009129984388423e+01
2.000009116095553097e+01
2.000009032513326801e+01
2.000009135216223655e+01
2.000009100264499295e+01
2.000009059444909099e+01
2.000009125251546749e+01
2.000009141913194455e+01
2.000009026919195065e+01
2.000009070060646721e+01
2.000009142499460069e+01
2.000009113969899133e+01
2.000009137440704876e+01
2.000009116095553097e+01
2.000009032513326801e+01
2.000009135216223655e+01
2.000009125251546749e+01
2.000009141913194455e+01
2.000009142049995248e+01
2.000009143191259042e+01
2.000009047136709839e+01
2.000009137440704876e+01
2.000009032513326801e+01
2.000009135216223655e+01
2.000009100264499295e+01
2.000009013036938299e+01
2.000009084244377888e+01
2.000009059444909099e+01
2.000009125251546749e+01
2.000009141913194455e+01
2.000009143191259042e+01
2.000009113969899133e+01
2.000009137440704876e+01
2.000009130044800187e+01
2.000009116095553097e+01
2.000009032513326801e+01
2.000009100264499295e+01
2.000008992361820503e+01
2.000009059444909099e+01
2.000009141913194455e+01
2.000009142049995248e+01
2.000009113969899133e+01
2.000009137440704876e+01
2.000009100264499295e+01
2.000009125251546749e+01
2.000009141913194455e+01
2.000009143191259042e+01
2.000009047136709839e+01
2.000009125946574784e+01
2.000009138655885010e+01
2.000009110812764845e+01
2.000009113969899133e+01
2.000009093398954363e+01
2.000009116095553097e+01
2.000009032513326801e+01
2.000009135216223655e+01
2.000009100264499295e+01
2.000009125251546749e+01
2.000009142049995248e+01
2.000009145035367908e+01
2.000009115617235977e+01
2.000009113969899133e+01
2.000009118373746730e+01
2.000009105112737018e+01
2.000009137440704876e+01
2.000009135216223655e+01
2.000009059444909099e+01
2.000009141913194455e+01
2.000009143191259042e+01
2.000009129984388423e+01
2.000009026919195065e+01
2.000009116095553097e+01
2.000009135216223655e+01
2.000009100264499295e+01
2.000009125251546749e+01
2.000009141913194455e+01
2.000009142049995248e+01
2.000009143191259042e+01
2.000009047136709839e+01
2.000009138655885010e+01
2.000009110812764845e+01
2.000009113969899133e+01
2.000009143903645281e+01
2.000009116095553097e+01
2.000009032513326801e+01
2.000009100264499295e+01
2.000009092743025718e+01
2.000009059444909099e+01
2.000009125251546749e+01
2.000009141913194455e+01
2.000009142049995248e+01
2.000009137440704876e+01
2.000009130044800187e+01
2.000009032513326801e+01
2.000009135216223655e+01
2.000009100264499295e+01
2.000009059444909099e+01
2.000009125251546749e+01
2.000009142049995248e+01
2.000009143191259042e+01
2.000009026919195065e+01
2.000009105112737018e+01
2.000009137440704876e+01
2.000009132731053541e+01
2.000009116095553097e+01
2.000009032513326801e+01
2.000009135216223655e+01
2.000009100264499295e+01
2.000009013036938299e+01
2.000009059444909099e+01
2.000009143191259042e+01
2.000009113969899133e+01
2.000009116095553097e+01
2.000009032513326801e+01
2.000009135216223655e+01
2.000009059444909099e+01
2.000009142049995248e+01
2.000009143191259042e+01
2.000009115617235977e+01
2.000009129984388423e+01
2.000009026919195065e+01
2.000009113969899133e+01
2.000009137440704876e+01
2.000009116095553097e+01
2.000009032513326801e+01
2.000009135216223655e+01
2.000009092743025718e+01
2.000009059444909099e+01
2.000009125251546749e+01
2.000009141913194455e+01
2.000009142049995248e+01
2.000009137440704876e+01
2.000009116095553097e+01
2.000009032513326801e+01
2.000009120380325456e+01
2.000009100264499295e+01
2.000009081970468472e+01
2.000009137692199701e+01
2.000009059444909099e+01
2.000009142049995248e+01
2.000009143191259042e+01
2.000009113969899133e+01
2.000009137440704876e+01
2.000009116095553097e+01
2.000009032513326801e+01
2.000009137685313476e+01
2.000009135216223655e+01
2.000009059444909099e+01
2.000009125251546749e+01
2.000009141913194455e+01
2.000009142049995248e+01
