2.000010120403671365e+01
2.000010019708264863e+01
2.000010142915854416e+01
2.000010215072306252e+01
2.000010211531278514e+01
2.000010063688538864e+01
2.000010200216289391e+01
2.000009766379464438e+01
2.000010035579993328e+01
2.000010175990051309e+01
2.000010090075731028e+01
2.000010142915854416e+01
2.000010140978532291e+01
2.000010063688538864e+01
2.000010048615072833e+01
2.000010116320878240e+01
2.000010200216289391e+01
2.000009766379464438e+01
2.000010035579993328e+01
2.000010191170153817e+01
2.000010120403671365e+01
2.000010200040548014e+01
2.000010142915854416e+01
2.000010087335968834e+01
2.000010211531278514e+01
2.000010063688538864e+01
2.000009944479937118e+01
2.000010026807692753e+01
2.000009766379464438e+01
2.000010172657147578e+01
2.000010090075731028e+01
2.000010042928232323e+01
2.000010214952155607e+01
2.000009980137063792e+01
2.000010019708264863e+01
2.000009886303530493e+01
2.000010119344646498e+01
2.000009985161578285e+01
2.000010140978532291e+01
2.000009995592851197e+01
2.000010200040548014e+01
2.000010042928232323e+01
2.000010140762077882e+01
2.000010142915854416e+01
2.000009985161578285e+01
2.000010140978532291e+01
2.000010211531278514e+01
2.000010048615072833e+01
2.000009766379464438e+01
2.000010035579993328e+01
2.000010090075731028e+01
2.000009980137063792e+01
2.000010142915854416e+01
2.000009985161578285e+01
2.000010140978532291e+01
2.000010150834965472e+01
2.000010063688538864e+01
2.000010116320878240e+01
2.000010172657147578e+01
2.000010137755885609e+01
2.000010090075731028e+01
2.000010042928232323e+01
2.000010142915854416e+01
2.000009985161578285e+01
2.000010140978532291e+01
2.000010048615072833e+01
2.000009944479937118e+01
2.000010026807692753e+01
2.000009766379464438e+01
2.000010035579993328e+01
2.000010090075731028e+01
2.000010147495586921e+01
2.000009886303530493e+01
2.000010142915854416e+01
2.000009985161578285e+01
2.000010087335968834e+01
2.000010048615072833e+01
2.000009944479937118e+01
2.000010200216289391e+01
2.000009766379464438e+01
2.000010090075731028e+01
2.000010042928232323e+01
2.000010099984259071e+01
2.000010142915854416e+01
2.000009985161578285e+01
2.000010140978532291e+01
2.000009944479937118e+01
2.000009766379464438e+01
2.000010035579993328e+01
2.000010056703403549e+01
2.000010120403671365e+01
2.000010180659063508e+01
2.000010090075731028e+01
2.000009980137063792e+01
2.000010099984259071e+01
2.000010142915854416e+01
2.000010215072306252e+01
2.000010063688538864e+01
2.000010116320878240e+01
2.000010026807692753e+01
2.000010120403671365e+01
2.000010090075731028e+01
2.000010019708264863e+01
2.000009886303530493e+01
2.000010142915854416e+01
2.000010087335968834e+01
2.000010063688538864e+01
2.000010116320878240e+01
2.000009766379464438e+01
2.000010035579993328e+01
2.000010120403671365e+01
2.000010090075731028e+01
2.000010042928232323e+01
2.000009886303530493e+01
2.000010119344646498e+01
2.000010140978532291e+01
2.000010211531278514e+01
2.000010048615072833e+01
2.000009944479937118e+01
2.000010191170153817e+01
2.000010042928232323e+01
2.000009980137063792e+01
2.000009886303530493e+01
2.000010142915854416e+01
2.000009985161578285e+01
2.000010140978532291e+01
2.000010063688538864e+01
2.000010187837007436e+01
2.000010130678770892e+01
2.000010031331337856e+01
2.000010120403671365e+01
2.000010090075731028e+01
2.000010042928232323e+01
2.000010019708264863e+01
2.000009886303530493e+01
2.000010142915854416e+01
2.000009985161578285e+01
2.000010140978532291e+01
2.000010200216289391e+01
2.000009766379464438e+01
2.000010200040548014e+01
2.000010042928232323e+01
2.000010119344646498e+01
2.000009985161578285e+01
2.000010140978532291e+01
2.000010211531278514e+01
2.000010063688538864e+01
2.000010167180925080e+01
2.000010191170153817e+01
2.000010055060473491e+01
2.000010120403671365e+01
2.000010090075731028e+01
2.000009886303530493e+01
2.000010142915854416e+01
2.000009985161578285e+01
2.000010087335968834e+01
2.000010063688538864e+01
2.000009995592851197e+01
2.000009944479937118e+01
2.000010070342927548e+01
2.000010120403671365e+01
2.000010090075731028e+01
2.000010042928232323e+01
2.000009886303530493e+01
2.000010119344646498e+01
2.000010087335968834e+01
2.000010063688538864e+01
2.000010116320878240e+01
2.000010191170153817e+01
2.000010167720002485e+01
2.000010090075731028e+01
2.000009980137063792e+01
2.000010142915854416e+01
2.000009985161578285e+01
2.000010140978532291e+01
2.000010211531278514e+01
2.000009944479937118e+01
2.000010026807692753e+01
2.000010197964256520e+01
2.000010191170153817e+01
2.000010120403671365e+01
2.000010090075731028e+01
2.000010099984259071e+01
2.000009886303530493e+01
2.000010142915854416e+01
2.000009985161578285e+01
2.000010140978532291e+01
2.000010063688538864e+01
2.000009995592851197e+01
2.000009944479937118e+01
2.000010200040548014e+01
2.000010099984259071e+01
2.000010142915854416e+01
2.000010140978532291e+01
2.000010063688538864e+01
2.000009766379464438e+01
2.000010035579993328e+01
2.000010137755885609e+01
2.000010056703403549e+01
2.000010131687673010e+01
2.000010090075731028e+01
2.000010019708264863e+01
2.000009886303530493e+01
2.000010119344646498e+01
2.000010140978532291e+01
2.000010211531278514e+01
2.000009944479937118e+01
2.000010200216289391e+01
2.000009766379464438e+01
2.000010035579993328e+01
2.000010042928232323e+01
2.000010154214944791e+01
2.000010019708264863e+01
2.000009886303530493e+01
2.000010119344646498e+01
2.000010087335968834e+01
2.000010206310081884e+01
2.000010048615072833e+01
2.000009944479937118e+01
2.000010026807692753e+01
2.000010090075731028e+01
2.000010142915854416e+01
2.000009985161578285e+01
2.000010087335968834e+01
2.000010211531278514e+01
2.000010063688538864e+01
2.000010048615072833e+01
2.000009944479937118e+01
2.000010026807692753e+01
2.000009766379464438e+01
2.000010090075731028e+01
2.000010042928232323e+01
2.000009980137063792e+01
2.000009886303530493e+01
2.000010142915854416e+01
2.000009985161578285e+01
2.000010215072306252e+01
2.000010063688538864e+01
2.000010048615072833e+01
2.000010026807692753e+01
2.000010042928232323e+01
2.000009980137063792e+01
2.000010099984259071e+01
2.000009886303530493e+01
2.000010142915854416e+01
2.000010140978532291e+01
2.000010048615072833e+01
2.000009944479937118e+01
2.000010070342927548e+01
2.000010035579993328e+01
2.000010120403671365e+01
2.000010090075731028e+01
2.000010042928232323e+01
2.000010142915854416e+01
2.000010140978532291e+01
2.000009944479937118e+01
2.000010167180925080e+01
2.000010191170153817e+01
2.000010056703403549e+01
2.000010108489359695e+01
2.000010120403671365e+01
2.000010090075731028e+01
2.000010142915854416e+01
2.000010087335968834e+01
2.000010063688538864e+01
2.000009944479937118e+01
2.000010200216289391e+01
2.000010167180925080e+01
2.000010191170153817e+01
2.000010056703403549e+01
2.000010120403671365e+01
2.000010154214944791e+01
2.000009980137063792e+01
2.000009886303530493e+01
2.000010142915854416e+01
2.000009985161578285e+01
2.000010140978532291e+01
2.000010211531278514e+01
2.000010116320878240e+01
2.000010026807692753e+01
2.000010090075731028e+01
2.000010099984259071e+01
2.000010142915854416e+01
2.000010140978532291e+01
2.000010063688538864e+01
2.000010048615072833e+01
2.000010116320878240e+01
2.000010167180925080e+01
2.000010191170153817e+01
2.000010124713623938e+01
2.000010200040548014e+01
2.000010119344646498e+01
2.000009985161578285e+01
2.000010215072306252e+01
2.000010048615072833e+01
2.000010035579993328e+01
2.000010056703403549e+01
2.000010031331337856e+01
2.000010046699115307e+01
2.000010131687673010e+01
2.000010120403671365e+01
2.000010090075731028e+01
2.000010019708264863e+01
2.000009886303530493e+01
2.000010142915854416e+01
2.000009985161578285e+01
2.000010087335968834e+01
2.000010063688538864e+01
2.000010116320878240e+01
2.000009766379464438e+01
2.000010120403671365e+01
2.000010200040548014e+01
2.000010019708264863e+01
2.000010142915854416e+01
2.000009985161578285e+01
2.000010140978532291e+01
2.000010063688538864e+01
2.000010116320878240e+01
2.000010200216289391e+01
2.000010035579993328e+01
2.000010090075731028e+01
2.000010119344646498e+01
2.000009985161578285e+01
2.000010140978532291e+01
2.000010048615072833e+01
2.000009944479937118e+01
2.000010026807692753e+01
2.000010035579993328e+01
2.000010172657147578e+01
2.000010131687673010e+01
2.000010120403671365e+01
2.000010090075731028e+01
2.000010119344646498e+01
2.000010140978532291e+01
2.000010063688538864e+01
2.000010048615072833e+01
2.000010026807692753e+01
2.000009766379464438e+01
2.000010035579993328e+01
2.000010197964256520e+01
2.000010090075731028e+01
2.000010099984259071e+01
2.000009886303530493e+01
2.000010142915854416e+01
2.000009985161578285e+01
2.000010087335968834e+01
2.000010116320878240e+01
2.000010167180925080e+01
2.000010137755885609e+01
2.000010056703403549e+01
2.000010200040548014e+01
2.000010042928232323e+01
2.000010019708264863e+01
2.000010099984259071e+01
2.000010119344646498e+01
2.000009985161578285e+01
2.000010140978532291e+01
2.000010206310081884e+01
2.000010200216289391e+01
2.000010167180925080e+01
2.000010090075731028e+01
2.000010042928232323e+01
2.000009886303530493e+01
2.000010142915854416e+01
2.000010215072306252e+01
2.000010048615072833e+01
2.000010116320878240e+01
2.000009766379464438e+01
2.000010035579993328e+01
2.000010191170153817e+01
2.000010120403671365e+01
2.000010200040548014e+01
2.000010119344646498e+01
2.000010140978532291e+01
2.000010211531278514e+01
2.000010063688538864e+01
2.000010048615072833e+01
2.000009944479937118e+01
2.000010167180925080e+01
2.000010197964256520e+01
2.000010200040548014e+01
2.000010042928232323e+01
2.000010099984259071e+01
2.000010142915854416e+01
2.000010140978532291e+01
2.000010175990051309e+01
2.000010116475379718e+01
2.000010036467657670e+01
2.000010031705656033e+01
2.000010201882693650e+01
2.000010200040548014e+01
2.000009980137063792e+01
2.000010207073160373e+01
2.000009985161578285e+01
2.000010140978532291e+01
2.000010048615072833e+01
2.000010116320878240e+01
2.000010035579993328e+01
2.000010172657147578e+01
2.000010137755885609e+01
2.000010120403671365e+01
2.000010090075731028e+01
2.000010042928232323e+01
2.000009886303530493e+01
2.000010142915854416e+01
2.000009985161578285e+01
2.000010140978532291e+01
2.000010048615072833e+01
2.000009766379464438e+01
2.000010172657147578e+01
2.000010090075731028e+01
2.000010142915854416e+01
2.000009985161578285e+01
2.000010140978532291e+01
2.000010063688538864e+01
2.000009944479937118e+01
2.000010026807692753e+01
2.000009766379464438e+01
2.000010137755885609e+01
2.000010175990051309e+01
2.000010042928232323e+01
2.000010019708264863e+01
2.000010142915854416e+01
2.000010140978532291e+01
2.000010063688538864e+01
2.000009944479937118e+01
2.000010197964256520e+01
2.000010126606933269e+01
2.000010031331337856e+01
2.000010046699115307e+01
2.000010120403671365e+01
2.000010099984259071e+01
2.000010207073160373e+01
2.000009985161578285e+01
2.000010087335968834e+01
2.000010048615072833e+01
2.000009944479937118e+01
2.000009766379464438e+01
2.000010035579993328e+01
2.000010137755885609e+01
2.000010090075731028e+01
2.000010042928232323e+01
2.000009980137063792e+01
2.000010142915854416e+01
2.000009985161578285e+01
2.000010140978532291e+01
2.000010116320878240e+01
2.000010026807692753e+01
2.000010035579993328e+01
2.000010137755885609e+01
2.000010120403671365e+01
2.000010200040548014e+01
2.000010042928232323e+01
2.000009980137063792e+01
2.000010207073160373e+01
2.000009985161578285e+01
2.000010087335968834e+01
2.000010211531278514e+01
2.000009944479937118e+01
2.000010197964256520e+01
2.000010200040548014e+01
2.000010042928232323e+01
2.000010142915854416e+01
2.000010215072306252e+01
2.000010063688538864e+01
2.000009944479937118e+01
2.000010026807692753e+01
2.000009766379464438e+01
2.000010197964256520e+01
2.000010137755885609e+01
2.000010042928232323e+01
2.000009886303530493e+01
2.000010119344646498e+01
2.000009985161578285e+01
2.000010215072306252e+01
2.000010063688538864e+01
2.000010048615072833e+01
2.000010172657147578e+01
2.000010137755885609e+01
2.000010056703403549e+01
2.000010042928232323e+01
2.000010142915854416e+01
2.000010087335968834e+01
2.000010211531278514e+01
2.000010063688538864e+01
2.000010048615072833e+01
2.000010026807692753e+01
2.000010035579993328e+01
2.000010191170153817e+01
2.000010130678770892e+01
2.000010090075731028e+01
2.000010042928232323e+01
2.000010099984259071e+01
2.000009886303530493e+01
2.000010142915854416e+01
2.000009985161578285e+01
2.000010215072306252e+01
2.000010211531278514e+01
2.000009766379464438e+01
2.000010172657147578e+01
2.000010120403671365e+01
2.000010090075731028e+01
2.000010042928232323e+01
2.000009886303530493e+01
2.000010142915854416e+01
2.000010063688538864e+01
2.000010048615072833e+01
2.000009766379464438e+01
2.000010167180925080e+01
2.000010191170153817e+01
2.000010042928232323e+01
2.000010099984259071e+01
2.000010119344646498e+01
2.000009985161578285e+01
2.000010215072306252e+01
2.000010048615072833e+01
2.000010116320878240e+01
2.000010197964256520e+01
2.000010191170153817e+01
2.000010056703403549e+01
2.000010200040548014e+01
2.000010042928232323e+01
2.000010140978532291e+01
2.000010063688538864e+01
2.000010200216289391e+01
2.000010167180925080e+01
2.000010191170153817e+01
2.000010130678770892e+01
2.000010056703403549e+01
2.000010116475379718e+01
2.000010200040548014e+01
2.000010019708264863e+01
2.000009886303530493e+01
2.000010119344646498e+01
2.000010087335968834e+01
2.000009944479937118e+01
2.000010200216289391e+01
2.000009766379464438e+01
2.000010167180925080e+01
2.000010191170153817e+01
2.000010200040548014e+01
2.000009886303530493e+01
2.000010142915854416e+01
2.000009985161578285e+01
2.000010087335968834e+01
2.000010063688538864e+01
2.000010116320878240e+01
2.000009766379464438e+01
2.000010172657147578e+01
2.000010191170153817e+01
2.000010200040548014e+01
2.000010042928232323e+01
2.000010142915854416e+01
2.000010140978532291e+01
2.000010048615072833e+01
2.000010116320878240e+01
2.000009766379464438e+01
2.000010167180925080e+01
2.000010191170153817e+01
2.000010056703403549e+01
2.000010200040548014e+01
2.000009980137063792e+01
2.000010099984259071e+01
2.000010119344646498e+01
2.000010087335968834e+01
2.000010063688538864e+01
2.000009944479937118e+01
2.000010200216289391e+01
2.000009766379464438e+01
2.000010167180925080e+01
2.000010200040548014e+01
2.000010119344646498e+01
2.000009985161578285e+01
2.000010140978532291e+01
2.000010167180925080e+01
2.000010191170153817e+01
2.000010070344689694e+01
2.000010056703403549e+01
2.000010131687673010e+01
2.000010184700444071e+01
2.000010120403671365e+01
2.000010090075731028e+01
2.000010042928232323e+01
2.000009980137063792e+01
2.000009886303530493e+01
2.000010142915854416e+01
2.000010140978532291e+01
2.000010197964256520e+01
2.000010191170153817e+01
2.000010056703403549e+01
2.000010042928232323e+01
2.000009980137063792e+01
2.000010019708264863e+01
2.000010142915854416e+01
2.000009985161578285e+01
2.000010215072306252e+01
2.000010063688538864e+01
2.000010116320878240e+01
2.000010153222495290e+01
2.000010035579993328e+01
2.000010152557052479e+01
2.000010090075731028e+01
2.000010042928232323e+01
2.000009980137063792e+01
2.000010099984259071e+01
2.000009886303530493e+01
2.000010087335968834e+01
2.000010063688538864e+01
2.000010026807692753e+01
2.000009766379464438e+01
2.000009980137063792e+01
2.000010147495586921e+01
2.000009886303530493e+01
2.000010142915854416e+01
2.000009985161578285e+01
2.000010215072306252e+01
2.000010211531278514e+01
2.000009944479937118e+01
2.000010035579993328e+01
2.000010070344689694e+01
2.000010120403671365e+01
2.000010090075731028e+01
2.000010042928232323e+01
2.000010099984259071e+01
2.000010119344646498e+01
2.000009985161578285e+01
2.000010215072306252e+01
2.000010063688538864e+01
2.000010200216289391e+01
2.000009766379464438e+01
2.000010090075731028e+01
2.000010042928232323e+01
2.000009865017337418e+01
2.000010019708264863e+01
2.000010142915854416e+01
2.000009985161578285e+01
2.000010140978532291e+01
2.000010048615072833e+01
2.000009944479937118e+01
2.000010200216289391e+01
2.000010042928232323e+01
2.000009980137063792e+01
2.000010099984259071e+01
2.000009886303530493e+01
2.000010140978532291e+01
2.000010211531278514e+01
2.000010048615072833e+01
2.000009944479937118e+01
2.000010035579993328e+01
2.000010197964256520e+01
2.000010090075731028e+01
2.000009886303530493e+01
2.000010142915854416e+01
2.000010215072306252e+01
2.000010048615072833e+01
2.000010200216289391e+01
2.000009766379464438e+01
2.000010172657147578e+01
2.000010191170153817e+01
2.000010130678770892e+01
2.000010120403671365e+01
2.000009865017337418e+01
2.000009980137063792e+01
2.000010099984259071e+01
2.000009886303530493e+01
2.000010119344646498e+01
2.000010087335968834e+01
2.000010153222495290e+01
2.000010035579993328e+01
2.000010172657147578e+01
2.000010019708264863e+01
2.000009886303530493e+01
2.000010119344646498e+01
2.000009985161578285e+01
2.000010140978532291e+01
2.000010063688538864e+01
2.000009944479937118e+01
2.000009766379464438e+01
2.000010167180925080e+01
2.000010056703403549e+01
2.000010099984259071e+01
2.000010142915854416e+01
2.000010087335968834e+01
2.000010200216289391e+01
2.000009766379464438e+01
2.000010035579993328e+01
2.000010172657147578e+01
2.000010191170153817e+01
2.000010163154636444e+01
2.000010046699115307e+01
2.000010200040548014e+01
2.000010042928232323e+01
2.000010154214944791e+01
2.000010019708264863e+01
2.000009886303530493e+01
2.000010142915854416e+01
2.000009985161578285e+01
2.000010087335968834e+01
2.000009944479937118e+01
2.000010181464608294e+01
2.000010090075731028e+01
2.000010019708264863e+01
2.000009886303530493e+01
2.000010142915854416e+01
2.000010087335968834e+01
2.000009766379464438e+01
2.000010035579993328e+01
2.000010137755885609e+01
2.000010130678770892e+01
2.000010056703403549e+01
2.000010200040548014e+01
2.000009980137063792e+01
2.000009886303530493e+01
2.000010119344646498e+01
2.000009985161578285e+01
2.000010126095210694e+01
2.000010211531278514e+01
2.000010063688538864e+01
2.000009944479937118e+01
2.000010035579993328e+01
2.000010090075731028e+01
2.000009980137063792e+01
2.000010119344646498e+01
2.000010140978532291e+01
2.000010048615072833e+01
2.000009944479937118e+01
2.000010035579993328e+01
2.000010197964256520e+01
2.000010187837007436e+01
2.000010130678770892e+01
2.000010042928232323e+01
2.000010099984259071e+01
2.000009886303530493e+01
2.000010215072306252e+01
2.000010116320878240e+01
2.000010035579993328e+01
2.000010172657147578e+01
2.000010056703403549e+01
2.000010031331337856e+01
2.000010108489359695e+01
2.000010200040548014e+01
2.000010019708264863e+01
2.000010119344646498e+01
2.000010140978532291e+01
2.000010116320878240e+01
2.000009766379464438e+01
2.000010167180925080e+01
2.000010175990051309e+01
2.000010031331337856e+01
2.000010131687673010e+01
2.000010027182395334e+01
2.000010099984259071e+01
2.000010142915854416e+01
2.000010140978532291e+01
2.000010211531278514e+01
2.000010048615072833e+01
2.000009944479937118e+01
2.000010200216289391e+01
2.000009766379464438e+01
2.000010191170153817e+01
2.000009980137063792e+01
2.000009886303530493e+01
2.000010142915854416e+01
2.000009985161578285e+01
2.000010087335968834e+01
2.000010211531278514e+01
2.000010063688538864e+01
2.000009944479937118e+01
2.000009766379464438e+01
2.000010167180925080e+01
2.000010027182395334e+01
2.000010090075731028e+01
2.000010042928232323e+01
2.000010099984259071e+01
2.000010142915854416e+01
2.000010087335968834e+01
2.000010063688538864e+01
2.000009944479937118e+01
2.000010026807692753e+01
2.000009766379464438e+01
2.000010200040548014e+01
2.000010019708264863e+01
2.000010119344646498e+01
2.000009985161578285e+01
2.000010087335968834e+01
2.000009944479937118e+01
2.000010056703403549e+01
2.000010031331337856e+01
2.000010148181790015e+01
2.000010215782589285e+01
2.000010090075731028e+01
2.000010042928232323e+01
2.000009886303530493e+01
2.000010119344646498e+01
2.000010087335968834e+01
2.000009944479937118e+01
2.000009766379464438e+01
2.000010137755885609e+01
2.000010130678770892e+01
2.000010175990051309e+01
2.000010120403671365e+01
2.000009886303530493e+01
2.000010142915854416e+01
2.000009985161578285e+01
2.000010116320878240e+01
2.000010035579993328e+01
2.000010191170153817e+01
2.000010130678770892e+01
2.000010175990051309e+01
2.000010031331337856e+01
2.000010200040548014e+01
2.000010042928232323e+01
2.000010142915854416e+01
2.000010087335968834e+01
2.000010063688538864e+01
2.000009766379464438e+01
2.000010035579993328e+01
2.000010172657147578e+01
2.000010130678770892e+01
2.000010031331337856e+01
2.000009980137063792e+01
2.000010019708264863e+01
2.000009886303530493e+01
2.000010119344646498e+01
2.000010087335968834e+01
2.000010026807692753e+01
2.000010035579993328e+01
2.000010197964256520e+01
2.000010137755885609e+01
2.000010108489359695e+01
2.000010090075731028e+01
2.000010042928232323e+01
2.000010019708264863e+01
2.000010207073160373e+01
2.000010136575395947e+01
2.000010215072306252e+01
2.000010063688538864e+01
2.000009944479937118e+01
2.000010200216289391e+01
2.000010035579993328e+01
2.000010090075731028e+01
2.000010042928232323e+01
2.000010065629260936e+01
2.000009886303530493e+01
2.000010207073160373e+01
2.000010140978532291e+01
2.000010063688538864e+01
2.000009944479937118e+01
2.000010200216289391e+01
2.000010108489359695e+01
2.000010120403671365e+01
2.000010200040548014e+01
2.000010142915854416e+01
2.000010063688538864e+01
2.000010048615072833e+01
2.000010116320878240e+01
2.000010167180925080e+01
2.000010197964256520e+01
2.000010137755885609e+01
2.000010130678770892e+01
2.000010200040548014e+01
2.000009886303530493e+01
2.000010142915854416e+01
2.000010140978532291e+01
2.000010211531278514e+01
2.000009944479937118e+01
2.000010200216289391e+01
2.000009766379464438e+01
2.000010130678770892e+01
2.000010055060473491e+01
2.000010042928232323e+01
2.000009980137063792e+01
2.000009886303530493e+01
2.000010142915854416e+01
2.000009985161578285e+01
2.000010140978532291e+01
2.000010063688538864e+01
2.000010048615072833e+01
2.000010200216289391e+01
2.000009766379464438e+01
2.000010042928232323e+01
2.000009886303530493e+01
2.000010119344646498e+01
2.000009985161578285e+01
2.000010140978532291e+01
2.000010063688538864e+01
2.000010048615072833e+01
2.000009944479937118e+01
2.000010137755885609e+01
2.000010052782680958e+01
2.000010090075731028e+01
2.000010042928232323e+01
2.000009980137063792e+01
2.000010099984259071e+01
2.000010119344646498e+01
2.000009985161578285e+01
2.000010087335968834e+01
2.000009944479937118e+01
2.000010200216289391e+01
2.000010035579993328e+01
2.000010090075731028e+01
2.000010042928232323e+01
2.000010142915854416e+01
2.000010140978532291e+01
2.000010211531278514e+01
2.000009944479937118e+01
2.000010167180925080e+01
2.000010137755885609e+01
2.000010175990051309e+01
2.000010031331337856e+01
2.000010120403671365e+01
2.000010200040548014e+01
2.000010019708264863e+01
2.000010207073160373e+01
2.000010087335968834e+01
2.000010211531278514e+01
2.000010063688538864e+01
2.000009766379464438e+01
2.000010191170153817e+01
2.000010056703403549e+01
2.000010090075731028e+01
2.000009886303530493e+01
2.000010142915854416e+01
2.000010215072306252e+01
2.000010211531278514e+01
2.000010063688538864e+01
2.000010048615072833e+01
2.000010116320878240e+01
2.000009766379464438e+01
2.000010035579993328e+01
2.000010042928232323e+01
2.000010019708264863e+01
2.000010099984259071e+01
2.000009886303530493e+01
2.000010207073160373e+01
2.000009985161578285e+01
2.000010140978532291e+01
2.000010063688538864e+01
2.000010048615072833e+01
2.000010116320878240e+01
2.000010080613319730e+01
2.000010119344646498e+01
2.000010140978532291e+01
2.000010116320878240e+01
2.000010026807692753e+01
2.000010172657147578e+01
2.000010191170153817e+01
2.000010130678770892e+01
2.000010131687673010e+01
2.000010055060473491e+01
2.000010147591235565e+01
2.000010099984259071e+01
2.000009886303530493e+01
2.000010142915854416e+01
2.000010140978532291e+01
2.000010063688538864e+01
2.000009995592851197e+01
2.000009944479937118e+01
2.000009766379464438e+01
2.000010172657147578e+01
2.000010120403671365e+01
2.000010090075731028e+01
2.000009980137063792e+01
2.000010019708264863e+01
2.000010142915854416e+01
2.000010140978532291e+01
2.000009944479937118e+01
2.000010035579993328e+01
2.000010172657147578e+01
2.000010191170153817e+01
2.000010027182395334e+01
2.000010142915854416e+01
2.000009985161578285e+01
2.000010087335968834e+01
2.000009766379464438e+01
2.000010172657147578e+01
2.000010137755885609e+01
2.000010056703403549e+01
2.000010031331337856e+01
2.000010046699115307e+01
2.000010200040548014e+01
2.000010042928232323e+01
2.000010142915854416e+01
2.000009985161578285e+01
2.000010140978532291e+01
2.000010063688538864e+01
2.000009944479937118e+01
2.000010153222495290e+01
2.000010124833731240e+01
2.000009766379464438e+01
2.000010120403671365e+01
2.000010200040548014e+01
2.000010042928232323e+01
2.000009886303530493e+01
2.000010119344646498e+01
2.000010215072306252e+01
2.000009766379464438e+01
2.000010172657147578e+01
2.000010056703403549e+01
2.000010031331337856e+01
