2.000009203904306432e+01
2.000009238788903332e+01
2.000009255503995931e+01
2.000009057485997133e+01
2.000009257059247147e+01
2.000009283277244165e+01
2.000009176017017154e+01
2.000009180197657344e+01
2.000009174448949523e+01
2.000009171953291442e+01
2.000009238788903332e+01
2.000009255503995931e+01
2.000009057485997133e+01
2.000009138071363424e+01
2.000009180197657344e+01
2.000009182523377405e+01
2.000009174448949523e+01
2.000009114655686204e+01
2.000009296995501629e+01
2.000009177592779253e+01
2.000009203904306432e+01
2.000009255503995931e+01
2.000009176017017154e+01
2.000009180197657344e+01
2.000009174448949523e+01
2.000009167982261360e+01
2.000009216172095350e+01
2.000009309366121713e+01
2.000009143896264163e+01
2.000009312999080535e+01
2.000009203904306432e+01
2.000009057485997133e+01
2.000009257059247147e+01
2.000009138071363424e+01
2.000009180197657344e+01
2.000009114655686204e+01
2.000009291151937774e+01
2.000009242525636566e+01
2.000009171953291442e+01
2.000009191068151182e+01
2.000009203904306432e+01
2.000009138071363424e+01
2.000009176017017154e+01
2.000009180197657344e+01
2.000009292701707508e+01
2.000009174448949523e+01
2.000009114655686204e+01
2.000009291151937774e+01
2.000009242525636566e+01
2.000009171953291442e+01
2.000009094065000070e+01
2.000009203904306432e+01
2.000009238788903332e+01
2.000009255503995931e+01
2.000009057485997133e+01
2.000009257059247147e+01
2.000009320606428176e+01
2.000009180197657344e+01
2.000009174448949523e+01
2.000009114655686204e+01
2.000009203904306432e+01
2.000009255503995931e+01
2.000009057485997133e+01
2.000009257059247147e+01
2.000009180197657344e+01
2.000009291421623558e+01
2.000009182523377405e+01
2.000009291151937774e+01
2.000009296995501629e+01
2.000009171953291442e+01
2.000009094065000070e+01
2.000009203904306432e+01
2.000009238788903332e+01
2.000009255503995931e+01
2.000009257059247147e+01
2.000009138071363424e+01
2.000009176017017154e+01
2.000009171953291442e+01
2.000009177592779253e+01
2.000009287381645251e+01
2.000009094065000070e+01
2.000009203904306432e+01
2.000009238788903332e+01
2.000009176017017154e+01
2.000009180197657344e+01
2.000009291421623558e+01
2.000009182523377405e+01
2.000009296995501629e+01
2.000009296518527790e+01
2.000009177592779253e+01
2.000009094065000070e+01
2.000009203904306432e+01
2.000009238788903332e+01
2.000009255503995931e+01
2.000009057485997133e+01
2.000009176017017154e+01
2.000009180197657344e+01
2.000009182523377405e+01
2.000009114655686204e+01
2.000009291151937774e+01
2.000009238788903332e+01
2.000009255503995931e+01
2.000009057485997133e+01
2.000009257059247147e+01
2.000009176017017154e+01
2.000009180197657344e+01
2.000009182523377405e+01
2.000009174448949523e+01
2.000009114655686204e+01
2.000009291151937774e+01
2.000009094065000070e+01
2.000009203904306432e+01
2.000009176017017154e+01
2.000009180197657344e+01
2.000009174448949523e+01
2.000009114655686204e+01
2.000009291151937774e+01
2.000009296995501629e+01
2.000009242525636566e+01
2.000009287381645251e+01
2.000009094065000070e+01
2.000009238788903332e+01
2.000009057485997133e+01
2.000009138071363424e+01
2.000009180197657344e+01
2.000009291421623558e+01
2.000009309718825534e+01
2.000009182523377405e+01
2.000009174448949523e+01
2.000009114655686204e+01
2.000009094065000070e+01
2.000009203904306432e+01
2.000009238788903332e+01
2.000009255503995931e+01
2.000009138071363424e+01
2.000009176017017154e+01
2.000009180197657344e+01
2.000009292701707508e+01
2.000009182523377405e+01
2.000009174448949523e+01
2.000009094065000070e+01
2.000009316768227663e+01
2.000009203904306432e+01
2.000009238788903332e+01
2.000009263867872988e+01
2.000009255503995931e+01
2.000009257059247147e+01
2.000009138071363424e+01
2.000009176017017154e+01
2.000009180197657344e+01
2.000009094065000070e+01
2.000009203904306432e+01
2.000009238788903332e+01
2.000009057485997133e+01
2.000009257059247147e+01
2.000009182523377405e+01
2.000009174448949523e+01
2.000009114655686204e+01
2.000009291151937774e+01
2.000009296995501629e+01
2.000009094065000070e+01
2.000009203904306432e+01
2.000009255503995931e+01
2.000009257059247147e+01
2.000009138071363424e+01
2.000009292701707508e+01
2.000009114655686204e+01
2.000009296995501629e+01
2.000009171953291442e+01
2.000009177592779253e+01
2.000009238788903332e+01
2.000009255503995931e+01
2.000009057485997133e+01
2.000009257059247147e+01
2.000009138071363424e+01
2.000009176017017154e+01
2.000009180197657344e+01
2.000009291421623558e+01
2.000009174448949523e+01
2.000009114655686204e+01
2.000009094065000070e+01
2.000009238788903332e+01
2.000009255503995931e+01
2.000009257059247147e+01
2.000009176017017154e+01
2.000009180197657344e+01
2.000009291151937774e+01
2.000009296995501629e+01
2.000009296518527790e+01
2.000009171953291442e+01
2.000009094065000070e+01
2.000009255503995931e+01
2.000009257059247147e+01
2.000009176017017154e+01
2.000009180197657344e+01
2.000009114655686204e+01
2.000009296995501629e+01
2.000009296518527790e+01
2.000009177592779253e+01
2.000009191068151182e+01
2.000009094065000070e+01
2.000009255503995931e+01
2.000009057485997133e+01
2.000009257059247147e+01
2.000009180197657344e+01
2.000009182523377405e+01
2.000009174448949523e+01
2.000009114655686204e+01
2.000009291151937774e+01
2.000009296518527790e+01
2.000009094065000070e+01
2.000009203904306432e+01
2.000009255503995931e+01
2.000009057485997133e+01
2.000009257059247147e+01
2.000009138071363424e+01
2.000009180197657344e+01
2.000009291421623558e+01
2.000009174448949523e+01
2.000009114655686204e+01
2.000009238788903332e+01
2.000009057485997133e+01
2.000009176017017154e+01
2.000009180197657344e+01
2.000009291421623558e+01
2.000009182523377405e+01
2.000009291151937774e+01
2.000009296995501629e+01
2.000009171953291442e+01
2.000009191068151182e+01
2.000009094065000070e+01
2.000009203904306432e+01
2.000009057485997133e+01
2.000009257059247147e+01
2.000009180197657344e+01
2.000009174448949523e+01
2.000009207847369552e+01
2.000009291151937774e+01
2.000009296995501629e+01
2.000009242525636566e+01
2.000009238788903332e+01
2.000009255503995931e+01
2.000009311747232843e+01
2.000009180197657344e+01
2.000009114655686204e+01
2.000009296995501629e+01
2.000009171953291442e+01
2.000009321789733008e+01
2.000009174374502052e+01
2.000009216172095350e+01
2.000009238788903332e+01
2.000009057485997133e+01
2.000009257059247147e+01
2.000009138071363424e+01
2.000009176017017154e+01
2.000009182523377405e+01
2.000009174448949523e+01
2.000009114655686204e+01
2.000009291151937774e+01
2.000009296995501629e+01
2.000009311744197049e+01
2.000009238788903332e+01
2.000009255503995931e+01
2.000009176017017154e+01
2.000009180197657344e+01
2.000009291421623558e+01
2.000009182523377405e+01
2.000009174448949523e+01
2.000009114655686204e+01
2.000009296995501629e+01
2.000009094065000070e+01
2.000009311744197049e+01
2.000009203904306432e+01
2.000009238788903332e+01
2.000009057485997133e+01
2.000009257059247147e+01
2.000009176017017154e+01
2.000009180197657344e+01
2.000009182523377405e+01
2.000009174448949523e+01
2.000009094065000070e+01
2.000009238788903332e+01
2.000009255503995931e+01
2.000009138071363424e+01
2.000009176017017154e+01
2.000009180197657344e+01
2.000009182523377405e+01
2.000009114655686204e+01
2.000009296995501629e+01
2.000009296518527790e+01
2.000009094065000070e+01
2.000009255503995931e+01
2.000009176017017154e+01
2.000009114655686204e+01
2.000009291151937774e+01
2.000009296995501629e+01
2.000009177592779253e+01
2.000009119512982991e+01
2.000009167982261360e+01
2.000009321789733008e+01
2.000009094065000070e+01
2.000009316768227663e+01
2.000009203904306432e+01
2.000009238788903332e+01
2.000009255503995931e+01
2.000009057485997133e+01
2.000009257059247147e+01
2.000009176017017154e+01
2.000009182523377405e+01
2.000009174448949523e+01
2.000009094065000070e+01
2.000009203904306432e+01
2.000009238788903332e+01
2.000009257059247147e+01
2.000009176017017154e+01
2.000009114655686204e+01
2.000009296995501629e+01
2.000009242525636566e+01
2.000009171953291442e+01
2.000009177592779253e+01
2.000009094065000070e+01
2.000009238788903332e+01
2.000009257059247147e+01
2.000009138071363424e+01
2.000009291421623558e+01
2.000009174448949523e+01
2.000009114655686204e+01
2.000009291151937774e+01
2.000009191068151182e+01
2.000009298899463062e+01
2.000009203904306432e+01
2.000009238788903332e+01
2.000009255503995931e+01
2.000009138071363424e+01
2.000009176017017154e+01
2.000009180197657344e+01
2.000009182523377405e+01
2.000009174448949523e+01
2.000009171953291442e+01
2.000009177592779253e+01
2.000009238788903332e+01
2.000009255503995931e+01
2.000009057485997133e+01
2.000009257059247147e+01
2.000009138071363424e+01
2.000009176017017154e+01
2.000009182523377405e+01
2.000009114655686204e+01
2.000009291151937774e+01
2.000009296995501629e+01
2.000009108628266219e+01
2.000009094065000070e+01
2.000009316768227663e+01
2.000009203904306432e+01
2.000009255503995931e+01
2.000009057485997133e+01
2.000009257059247147e+01
2.000009176017017154e+01
2.000009180197657344e+01
2.000009182523377405e+01
2.000009238788903332e+01
2.000009057485997133e+01
2.000009257059247147e+01
2.000009138071363424e+01
2.000009176017017154e+01
2.000009180197657344e+01
2.000009182523377405e+01
2.000009174448949523e+01
2.000009308716228063e+01
2.000009291151937774e+01
2.000009238788903332e+01
2.000009255503995931e+01
2.000009057485997133e+01
2.000009176017017154e+01
2.000009180197657344e+01
2.000009291421623558e+01
2.000009182523377405e+01
2.000009174448949523e+01
2.000009291151937774e+01
2.000009191068151182e+01
2.000009094065000070e+01
2.000009203904306432e+01
2.000009238788903332e+01
2.000009176017017154e+01
2.000009180197657344e+01
2.000009182523377405e+01
2.000009174448949523e+01
2.000009114655686204e+01
2.000009291151937774e+01
2.000009296995501629e+01
2.000009094065000070e+01
2.000009203904306432e+01
2.000009238788903332e+01
2.000009255503995931e+01
2.000009057485997133e+01
2.000009288203366253e+01
2.000009176017017154e+01
2.000009291151937774e+01
2.000009296995501629e+01
2.000009296518527790e+01
2.000009094065000070e+01
2.000009316768227663e+01
2.000009255503995931e+01
2.000009057485997133e+01
2.000009257059247147e+01
2.000009138071363424e+01
2.000009291421623558e+01
2.000009182523377405e+01
2.000009291151937774e+01
2.000009296995501629e+01
2.000009255503995931e+01
2.000009057485997133e+01
2.000009257059247147e+01
2.000009138071363424e+01
2.000009176017017154e+01
2.000009182523377405e+01
2.000009174448949523e+01
2.000009114655686204e+01
2.000009291151937774e+01
2.000009171953291442e+01
2.000009094065000070e+01
2.000009203904306432e+01
2.000009255503995931e+01
2.000009138071363424e+01
2.000009176017017154e+01
2.000009180197657344e+01
2.000009174448949523e+01
2.000009114655686204e+01
2.000009296995501629e+01
2.000009177592779253e+01
2.000009238788903332e+01
2.000009255503995931e+01
2.000009057485997133e+01
2.000009257059247147e+01
2.000009138071363424e+01
2.000009220380415798e+01
2.000009180197657344e+01
2.000009182523377405e+01
2.000009177592779253e+01
2.000009191068151182e+01
2.000009203904306432e+01
2.000009238788903332e+01
2.000009255503995931e+01
2.000009257059247147e+01
2.000009292701707508e+01
2.000009182523377405e+01
2.000009174448949523e+01
2.000009114655686204e+01
2.000009291151937774e+01
2.000009296995501629e+01
2.000009094065000070e+01
2.000009203904306432e+01
2.000009255503995931e+01
2.000009257059247147e+01
2.000009138071363424e+01
2.000009176017017154e+01
2.000009291421623558e+01
2.000009182523377405e+01
2.000009174448949523e+01
2.000009296995501629e+01
2.000009255503995931e+01
2.000009057485997133e+01
2.000009257059247147e+01
2.000009138071363424e+01
2.000009176017017154e+01
2.000009180197657344e+01
2.000009182523377405e+01
2.000009174448949523e+01
2.000009291151937774e+01
2.000009191068151182e+01
2.000009094065000070e+01
2.000009203904306432e+01
2.000009255503995931e+01
2.000009057485997133e+01
2.000009257059247147e+01
2.000009138071363424e+01
2.000009176017017154e+01
2.000009182523377405e+01
2.000009114655686204e+01
2.000009296995501629e+01
2.000009255503995931e+01
2.000009057485997133e+01
2.000009257059247147e+01
2.000009138071363424e+01
2.000009182523377405e+01
2.000009174448949523e+01
2.000009114655686204e+01
2.000009291151937774e+01
2.000009296995501629e+01
2.000009171953291442e+01
2.000009094065000070e+01
2.000009203904306432e+01
2.000009238788903332e+01
2.000009255503995931e+01
2.000009257059247147e+01
2.000009138071363424e+01
2.000009220380415798e+01
2.000009180197657344e+01
2.000009182523377405e+01
2.000009114655686204e+01
2.000009238788903332e+01
2.000009255503995931e+01
2.000009176017017154e+01
2.000009180197657344e+01
2.000009174448949523e+01
2.000009114655686204e+01
2.000009291151937774e+01
2.000009191068151182e+01
2.000009119512982991e+01
2.000009184905041337e+01
2.000009094065000070e+01
2.000009203904306432e+01
2.000009238788903332e+01
2.000009138071363424e+01
2.000009176017017154e+01
2.000009220380415798e+01
2.000009174448949523e+01
2.000009114655686204e+01
2.000009291151937774e+01
2.000009242525636566e+01
2.000009203904306432e+01
2.000009238788903332e+01
2.000009057485997133e+01
2.000009257059247147e+01
2.000009176017017154e+01
2.000009220380415798e+01
2.000009182523377405e+01
2.000009291151937774e+01
2.000009296995501629e+01
2.000009171953291442e+01
2.000009094065000070e+01
2.000009203904306432e+01
2.000009238788903332e+01
2.000009255503995931e+01
2.000009257059247147e+01
2.000009180197657344e+01
2.000009292701707508e+01
2.000009182523377405e+01
2.000009174448949523e+01
2.000009291151937774e+01
2.000009238788903332e+01
2.000009255503995931e+01
2.000009057485997133e+01
2.000009257059247147e+01
2.000009138071363424e+01
2.000009291151937774e+01
2.000009296995501629e+01
2.000009184905041337e+01
2.000009167982261360e+01
2.000009321789733008e+01
2.000009094065000070e+01
2.000009316768227663e+01
2.000009203904306432e+01
2.000009238788903332e+01
2.000009255503995931e+01
2.000009257059247147e+01
2.000009176017017154e+01
2.000009180197657344e+01
2.000009292701707508e+01
2.000009291151937774e+01
2.000009203904306432e+01
2.000009238788903332e+01
2.000009255503995931e+01
2.000009057485997133e+01
2.000009138071363424e+01
2.000009176017017154e+01
2.000009180197657344e+01
2.000009291421623558e+01
2.000009174448949523e+01
2.000009114655686204e+01
2.000009094065000070e+01
2.000009203904306432e+01
2.000009238788903332e+01
2.000009255503995931e+01
2.000009257059247147e+01
2.000009180197657344e+01
2.000009291421623558e+01
2.000009182523377405e+01
2.000009174448949523e+01
2.000009114655686204e+01
2.000009094065000070e+01
2.000009203904306432e+01
2.000009238788903332e+01
2.000009255503995931e+01
2.000009057485997133e+01
2.000009257059247147e+01
2.000009138071363424e+01
2.000009176017017154e+01
2.000009180197657344e+01
2.000009292701707508e+01
2.000009094065000070e+01
2.000009203904306432e+01
2.000009057485997133e+01
2.000009257059247147e+01
2.000009182523377405e+01
2.000009174448949523e+01
2.000009291151937774e+01
2.000009296995501629e+01
2.000009242525636566e+01
2.000009171953291442e+01
2.000009319143051556e+01
2.000009094065000070e+01
2.000009238788903332e+01
2.000009255503995931e+01
2.000009057485997133e+01
2.000009257059247147e+01
2.000009176017017154e+01
2.000009174448949523e+01
2.000009114655686204e+01
2.000009291151937774e+01
2.000009203904306432e+01
2.000009238788903332e+01
2.000009255503995931e+01
2.000009138071363424e+01
2.000009176017017154e+01
2.000009180197657344e+01
2.000009291421623558e+01
2.000009174448949523e+01
2.000009114655686204e+01
2.000009171953291442e+01
2.000009094065000070e+01
2.000009203904306432e+01
2.000009238788903332e+01
2.000009255503995931e+01
2.000009057485997133e+01
2.000009176017017154e+01
2.000009180197657344e+01
2.000009182523377405e+01
2.000009174448949523e+01
2.000009296995501629e+01
2.000009094065000070e+01
2.000009203904306432e+01
2.000009238788903332e+01
2.000009057485997133e+01
2.000009176017017154e+01
2.000009180197657344e+01
2.000009182523377405e+01
2.000009174448949523e+01
2.000009114655686204e+01
2.000009291151937774e+01
2.000009316768227663e+01
2.000009203904306432e+01
2.000009238788903332e+01
2.000009255503995931e+01
2.000009176017017154e+01
2.000009180197657344e+01
2.000009300267902290e+01
2.000009182523377405e+01
2.000009174448949523e+01
2.000009114655686204e+01
2.000009203904306432e+01
2.000009238788903332e+01
2.000009255503995931e+01
2.000009057485997133e+01
2.000009257059247147e+01
2.000009176017017154e+01
2.000009292701707508e+01
2.000009182523377405e+01
2.000009174448949523e+01
2.000009114655686204e+01
2.000009094065000070e+01
2.000009238788903332e+01
2.000009255503995931e+01
2.000009174448949523e+01
2.000009291151937774e+01
2.000009296995501629e+01
2.000009177592779253e+01
2.000009191068151182e+01
2.000009298899463062e+01
2.000009119512982991e+01
2.000009094065000070e+01
2.000009255503995931e+01
2.000009057485997133e+01
2.000009257059247147e+01
2.000009138071363424e+01
2.000009176017017154e+01
2.000009180197657344e+01
2.000009291421623558e+01
2.000009292701707508e+01
2.000009182523377405e+01
2.000009203904306432e+01
2.000009238788903332e+01
2.000009057485997133e+01
2.000009257059247147e+01
2.000009138071363424e+01
2.000009176017017154e+01
2.000009291421623558e+01
2.000009182523377405e+01
2.000009174448949523e+01
2.000009291151937774e+01
2.000009094065000070e+01
2.000009203904306432e+01
2.000009238788903332e+01
2.000009255503995931e+01
2.000009057485997133e+01
2.000009257059247147e+01
2.000009138071363424e+01
2.000009291421623558e+01
2.000009182523377405e+01
2.000009174448949523e+01
2.000009094065000070e+01
2.000009238788903332e+01
2.000009176017017154e+01
2.000009180197657344e+01
2.000009174448949523e+01
2.000009114655686204e+01
2.000009296995501629e+01
2.000009191068151182e+01
2.000009184905041337e+01
2.000009204070982705e+01
2.000009238788903332e+01
2.000009255503995931e+01
2.000009176017017154e+01
2.000009180197657344e+01
2.000009182523377405e+01
2.000009114655686204e+01
2.000009296995501629e+01
2.000009296518527790e+01
2.000009242525636566e+01
2.000009177592779253e+01
2.000009094065000070e+01
2.000009255503995931e+01
2.000009057485997133e+01
2.000009257059247147e+01
2.000009138071363424e+01
2.000009176017017154e+01
2.000009180197657344e+01
2.000009174448949523e+01
2.000009114655686204e+01
2.000009296518527790e+01
2.000009203904306432e+01
2.000009255503995931e+01
2.000009057485997133e+01
2.000009182523377405e+01
2.000009174448949523e+01
2.000009114655686204e+01
2.000009291151937774e+01
2.000009296995501629e+01
2.000009171953291442e+01
2.000009191068151182e+01
2.000009094065000070e+01
2.000009203904306432e+01
2.000009238788903332e+01
2.000009255503995931e+01
2.000009057485997133e+01
2.000009257059247147e+01
2.000009138071363424e+01
2.000009176017017154e+01
2.000009180197657344e+01
2.000009182523377405e+01
2.000009094065000070e+01
2.000009203904306432e+01
2.000009238788903332e+01
2.000009255503995931e+01
2.000009257059247147e+01
2.000009138071363424e+01
2.000009180197657344e+01
2.000009182523377405e+01
2.000009174448949523e+01
2.000009242525636566e+01
2.000009057485997133e+01
2.000009176017017154e+01
2.000009180197657344e+01
2.000009182523377405e+01
2.000009114655686204e+01
2.000009291151937774e+01
2.000009296995501629e+01
2.000009171953291442e+01
2.000009177592779253e+01
2.000009191068151182e+01
2.000009094065000070e+01
2.000009238788903332e+01
2.000009255503995931e+01
2.000009138071363424e+01
2.000009176017017154e+01
2.000009180197657344e+01
2.000009291421623558e+01
2.000009292701707508e+01
2.000009174448949523e+01
2.000009291151937774e+01
2.000009094065000070e+01
2.000009255503995931e+01
2.000009057485997133e+01
2.000009257059247147e+01
2.000009138071363424e+01
2.000009176017017154e+01
2.000009180197657344e+01
2.000009292701707508e+01
2.000009182523377405e+01
2.000009114655686204e+01
2.000009094065000070e+01
2.000009203904306432e+01
2.000009238788903332e+01
2.000009255503995931e+01
2.000009257059247147e+01
2.000009138071363424e+01
2.000009182523377405e+01
2.000009114655686204e+01
2.000009296995501629e+01
2.000009296518527790e+01
2.000009255503995931e+01
2.000009057485997133e+01
2.000009257059247147e+01
2.000009138071363424e+01
2.000009180197657344e+01
2.000009182523377405e+01
2.000009174448949523e+01
2.000009291151937774e+01
2.000009296518527790e+01
2.000009242525636566e+01
2.000009203904306432e+01
2.000009238788903332e+01
2.000009255503995931e+01
2.000009257059247147e+01
2.000009138071363424e+01
2.000009174448949523e+01
2.000009114655686204e+01
2.000009296995501629e+01
2.000009242525636566e+01
2.000009177592779253e+01
2.000009094065000070e+01
2.000009203904306432e+01
2.000009057485997133e+01
2.000009257059247147e+01
2.000009138071363424e+01
2.000009176017017154e+01
2.000009180197657344e+01
2.000009291421623558e+01
2.000009182523377405e+01
2.000009174448949523e+01
2.000009255503995931e+01
2.000009057485997133e+01
2.000009138071363424e+01
2.000009176017017154e+01
2.000009180197657344e+01
2.000009291421623558e+01
2.000009182523377405e+01
2.000009296995501629e+01
2.000009177592779253e+01
2.000009204070982705e+01
2.000009238788903332e+01
2.000009255503995931e+01
2.000009057485997133e+01
2.000009257059247147e+01
2.000009138071363424e+01
2.000009176017017154e+01
2.000009180197657344e+01
2.000009291151937774e+01
2.000009296995501629e+01
2.000009296518527790e+01
2.000009203904306432e+01
2.000009057485997133e+01
2.000009138071363424e+01
2.000009176017017154e+01
2.000009180197657344e+01
2.000009291421623558e+01
2.000009182523377405e+01
2.000009174448949523e+01
2.000009177592779253e+01
2.000009191068151182e+01
2.000009094065000070e+01
2.000009203904306432e+01
2.000009238788903332e+01
2.000009257059247147e+01
2.000009138071363424e+01
2.000009176017017154e+01
2.000009180197657344e+01
2.000009114655686204e+01
2.000009291151937774e+01
2.000009268649049687e+01
2.000009094065000070e+01
2.000009203904306432e+01
2.000009238788903332e+01
2.000009255503995931e+01
2.000009057485997133e+01
2.000009257059247147e+01
2.000009176017017154e+01
2.000009180197657344e+01
2.000009114655686204e+01
2.000009291151937774e+01
2.000009094065000070e+01
2.000009238788903332e+01
2.000009255503995931e+01
2.000009057485997133e+01
2.000009257059247147e+01
2.000009176017017154e+01
2.000009182523377405e+01
2.000009291151937774e+01
2.000009296995501629e+01
2.000009177592779253e+01
2.000009094065000070e+01
2.000009203904306432e+01
2.000009238788903332e+01
2.000009255503995931e+01
2.000009257059247147e+01
2.000009138071363424e+01
2.000009176017017154e+01
2.000009114655686204e+01
2.000009291151937774e+01
2.000009298899463062e+01
2.000009238788903332e+01
2.000009255503995931e+01
2.000009057485997133e+01
2.000009257059247147e+01
2.000009176017017154e+01
2.000009114655686204e+01
2.000009296995501629e+01
2.000009191068151182e+01
2.000009119512982991e+01
2.000009184905041337e+01
2.000009301735418177e+01
2.000009203904306432e+01
2.000009255503995931e+01
2.000009057485997133e+01
2.000009257059247147e+01
2.000009138071363424e+01
2.000009180197657344e+01
2.000009291421623558e+01
2.000009174448949523e+01
2.000009114655686204e+01
2.000009094065000070e+01
2.000009203904306432e+01
2.000009238788903332e+01
2.000009255503995931e+01
2.000009057485997133e+01
2.000009138071363424e+01
2.000009180197657344e+01
2.000009174448949523e+01
2.000009171953291442e+01
2.000009177592779253e+01
2.000009094065000070e+01
2.000009203904306432e+01
2.000009238788903332e+01
2.000009255503995931e+01
2.000009257059247147e+01
2.000009138071363424e+01
2.000009176017017154e+01
2.000009220380415798e+01
2.000009180197657344e+01
2.000009182523377405e+01
2.000009203904306432e+01
2.000009238788903332e+01
2.000009255503995931e+01
2.000009257059247147e+01
2.000009138071363424e+01
2.000009176017017154e+01
2.000009182523377405e+01
2.000009114655686204e+01
2.000009291151937774e+01
2.000009242525636566e+01
2.000009094065000070e+01
2.000009238788903332e+01
2.000009255503995931e+01
2.000009057485997133e+01
2.000009257059247147e+01
2.000009138071363424e+01
2.000009182523377405e+01
2.000009174448949523e+01
2.000009291151937774e+01
2.000009296995501629e+01
2.000009094065000070e+01
2.000009203904306432e+01
2.000009255503995931e+01
2.000009057485997133e+01
2.000009138071363424e+01
2.000009176017017154e+01
2.000009256097347077e+01
2.000009180197657344e+01
2.000009182523377405e+01
2.000009174448949523e+01
2.000009238788903332e+01
2.000009057485997133e+01
2.000009174448949523e+01
2.000009114655686204e+01
2.000009291151937774e+01
2.000009296995501629e+01
2.000009296518527790e+01
2.000009177592779253e+01
2.000009186660860294e+01
2.000009184905041337e+01
2.000009094065000070e+01
2.000009203904306432e+01
2.000009238788903332e+01
2.000009057485997133e+01
2.000009257059247147e+01
2.000009138071363424e+01
2.000009176017017154e+01
2.000009180197657344e+01
2.000009182523377405e+01
2.000009174448949523e+01
2.000009094065000070e+01
2.000009255503995931e+01
2.000009138071363424e+01
2.000009174448949523e+01
2.000009114655686204e+01
2.000009291151937774e+01
2.000009242525636566e+01
2.000009287381645251e+01
2.000009119512982991e+01
2.000009167982261360e+01
