2.000009406393080624e+01
2.000009637048977140e+01
2.000009491912144100e+01
2.000009637804737039e+01
2.000009579581166363e+01
2.000009618323209892e+01
2.000009564407106311e+01
2.000009550469156139e+01
2.000009598546920131e+01
2.000009602685880594e+01
2.000009497666493630e+01
2.000009637108749416e+01
2.000009643404006709e+01
2.000009564407106311e+01
2.000009590145230121e+01
2.000009584013971420e+01
2.000009650226466462e+01
2.000009538622800775e+01
2.000009645667912750e+01
2.000009522000290119e+01
2.000009442132846260e+01
2.000009567674137756e+01
2.000009587801588395e+01
2.000009649717381066e+01
2.000009484636788670e+01
2.000009536596316195e+01
2.000009644881617277e+01
2.000009635531904451e+01
2.000009637568602727e+01
2.000009605218920328e+01
2.000009606814156626e+01
2.000009586200592793e+01
2.000009409506847646e+01
2.000009647976511928e+01
2.000009539169605688e+01
2.000009645750633780e+01
2.000009639348340684e+01
2.000009645428707117e+01
2.000009603903732014e+01
2.000009625465861163e+01
2.000009642530440956e+01
2.000009606878225554e+01
2.000009638391444966e+01
2.000009485240542517e+01
2.000009646778600469e+01
2.000009573997018819e+01
2.000009494241645314e+01
2.000009556866039517e+01
2.000009615615334368e+01
2.000009505658663045e+01
2.000009619104373471e+01
2.000009534050325399e+01
2.000009618303916170e+01
2.000009601666333836e+01
2.000009600842140500e+01
2.000009612939060233e+01
2.000009646683377795e+01
2.000009631763050422e+01
2.000009547365226581e+01
2.000009630088966617e+01
2.000009613724589386e+01
2.000009642665052212e+01
2.000009647240302968e+01
2.000009609036371927e+01
2.000009637108749416e+01
2.000009562354131987e+01
2.000009622390502884e+01
2.000009560755998805e+01
2.000009556459541216e+01
2.000009648107747751e+01
2.000009634894959021e+01
2.000009484316980135e+01
2.000009536596316195e+01
2.000009635531904451e+01
2.000009633978591239e+01
2.000009649691332569e+01
2.000009589359145679e+01
2.000009635852472201e+01
2.000009528250930302e+01
2.000009587930333765e+01
2.000009618185270455e+01
2.000009586200592793e+01
2.000009409506847646e+01
2.000009548572955609e+01
2.000009598686422052e+01
2.000009643404006709e+01
2.000009605154030368e+01
2.000009590102266088e+01
2.000009480272134610e+01
2.000009581957029781e+01
2.000009642530440956e+01
2.000009406393080624e+01
2.000009620055245918e+01
2.000009555379703485e+01
2.000009624574199663e+01
2.000009638513619237e+01
2.000009539169605688e+01
2.000009427050772004e+01
2.000009557731464227e+01
2.000009629048745552e+01
2.000009579515267788e+01
2.000009587676094824e+01
2.000009620882174843e+01
2.000009539169605688e+01
2.000009582735731684e+01
2.000009637568602727e+01
2.000009641271245187e+01
2.000009548954900040e+01
2.000009619903044111e+01
2.000009615829115361e+01
2.000009574188326056e+01
2.000009567674137756e+01
2.000009540864497737e+01
2.000009596857765004e+01
2.000009476493301364e+01
2.000009624569802824e+01
2.000009594819566416e+01
2.000009518183877688e+01
2.000009646778600469e+01
2.000009605154030368e+01
2.000009577640609493e+01
2.000009643404006709e+01
2.000009644881617277e+01
2.000009563045390593e+01
2.000009650226466462e+01
2.000009625618909936e+01
2.000009615165725663e+01
2.000009336700759732e+01
2.000009646636762284e+01
2.000009646226502014e+01
2.000009620882174843e+01
2.000009566656918736e+01
2.000009624138341024e+01
2.000009557731464227e+01
2.000009480272134610e+01
2.000009648005184459e+01
2.000009645667912750e+01
2.000009522000290119e+01
2.000009602862485281e+01
2.000009601780430302e+01
2.000009642530440956e+01
2.000009646380565442e+01
2.000009610697420115e+01
2.000009647976511928e+01
2.000009551362836291e+01
2.000009587904424890e+01
2.000009539189591479e+01
2.000009644881617277e+01
2.000009650226466462e+01
2.000009648107747751e+01
2.000009638832848680e+01
2.000009637108749416e+01
2.000009603488671672e+01
2.000009602899249828e+01
2.000009600191509307e+01
2.000009642824619505e+01
2.000009563015217751e+01
2.000009538622800775e+01
2.000009581957029781e+01
2.000009597343148116e+01
2.000009640338992511e+01
2.000009604068282698e+01
2.000009427050772004e+01
2.000009599166043373e+01
2.000009635531904451e+01
2.000009544771036474e+01
2.000009624294225219e+01
2.000009589466377591e+01
2.000009619903044111e+01
2.000009615718428435e+01
2.000009647240302968e+01
2.000009593783039108e+01
2.000009462510035974e+01
2.000009637108749416e+01
2.000009597254673466e+01
2.000009532740959628e+01
2.000009589230629814e+01
2.000009605663048262e+01
2.000009597343148116e+01
2.000009631763050422e+01
2.000009628501971548e+01
2.000009577640609493e+01
2.000009605967914439e+01
2.000009560755998805e+01
2.000009590102266088e+01
2.000009557731464227e+01
2.000009602685880594e+01
2.000009553462928480e+01
2.000009548904587575e+01
2.000009551405492658e+01
2.000009600128655052e+01
2.000009649882529672e+01
2.000009554408691770e+01
2.000009545026719593e+01
2.000009605596302364e+01
2.000009644881617277e+01
2.000009599166043373e+01
2.000009650226466462e+01
2.000009582998118418e+01
2.000009538622800775e+01
2.000009637108749416e+01
2.000009571600415370e+01
2.000009536596316195e+01
2.000009628547027418e+01
2.000009635531904451e+01
2.000009602685880594e+01
2.000009528808428172e+01
2.000009589669700105e+01
2.000009593636726635e+01
2.000009539421355598e+01
2.000009642665052212e+01
2.000009624574199663e+01
2.000009548572955609e+01
2.000009638310528004e+01
2.000009647976511928e+01
2.000009643404006709e+01
2.000009644301967882e+01
2.000009509911989980e+01
2.000009591283911448e+01
2.000009605596302364e+01
2.000009647240302968e+01
2.000009567674137756e+01
2.000009647976511928e+01
2.000009643404006709e+01
2.000009648293298170e+01
2.000009545400149591e+01
2.000009557731464227e+01
2.000009642824619505e+01
2.000009585821964464e+01
2.000009590672077664e+01
2.000009531807076613e+01
2.000009598847008974e+01
2.000009600128655052e+01
2.000009648808852702e+01
2.000009588173872999e+01
2.000009647976511928e+01
2.000009631632453022e+01
2.000009556626600471e+01
2.000009644301967882e+01
2.000009590102266088e+01
2.000009609702896896e+01
2.000009406393080624e+01
2.000009527061547132e+01
2.000009591449973101e+01
2.000009577640609493e+01
2.000009635096553140e+01
2.000009650218263957e+01
2.000009614212701337e+01
2.000009597343148116e+01
2.000009528250930302e+01
2.000009642530440956e+01
2.000009595017752773e+01
2.000009606681154395e+01
2.000009583489286413e+01
2.000009589971612556e+01
2.000009548572955609e+01
2.000009530443869465e+01
2.000009550469156139e+01
2.000009504368398083e+01
2.000009644400130782e+01
2.000009558899962414e+01
2.000009550025812644e+01
2.000009530443869465e+01
2.000009550469156139e+01
2.000009563045390593e+01
2.000009648107747751e+01
2.000009645305845751e+01
2.000009542268111318e+01
2.000009643804624559e+01
2.000009620246409270e+01
2.000009642530440956e+01
2.000009475774264089e+01
2.000009621656719361e+01
2.000009584829923526e+01
2.000009616959509628e+01
2.000009607592062721e+01
2.000009637108749416e+01
2.000009605596302364e+01
2.000009622390502884e+01
2.000009614380054757e+01
2.000009497666493630e+01
2.000009646111479711e+01
2.000009518183877688e+01
2.000009624788075158e+01
2.000009530443869465e+01
2.000009646368745919e+01
2.000009640454906190e+01
2.000009582635710359e+01
2.000009480272134610e+01
2.000009650218263957e+01
2.000009624845468181e+01
2.000009577640609493e+01
2.000009594540549784e+01
2.000009643404006709e+01
2.000009518183877688e+01
2.000009536596316195e+01
2.000009599166043373e+01
2.000009538622800775e+01
2.000009618831005653e+01
2.000009550337970410e+01
2.000009491912144100e+01
2.000009475774264089e+01
2.000009545026719593e+01
2.000009643404006709e+01
2.000009554684115898e+01
2.000009624294225219e+01
2.000009615165725663e+01
2.000009641271245187e+01
2.000009552220700471e+01
2.000009503913346265e+01
2.000009647240302968e+01
2.000009559344836418e+01
2.000009475774264089e+01
2.000009648808852702e+01
2.000009519797719548e+01
2.000009644301967882e+01
2.000009605596302364e+01
2.000009530443869465e+01
2.000009623458779018e+01
2.000009557731464227e+01
2.000009619745165068e+01
2.000009458249622796e+01
2.000009589971612556e+01
2.000009644301967882e+01
2.000009573937412810e+01
2.000009648107747751e+01
2.000009480272134610e+01
2.000009609688910928e+01
2.000009513839114561e+01
2.000009593636726635e+01
2.000009565383410859e+01
2.000009642948476341e+01
2.000009616171151805e+01
2.000009605596302364e+01
2.000009644881617277e+01
2.000009480272134610e+01
2.000009600058283610e+01
2.000009615718428435e+01
2.000009603184288665e+01
2.000009555767674740e+01
2.000009646778600469e+01
2.000009638513619237e+01
2.000009623458779018e+01
2.000009550469156139e+01
2.000009646368745919e+01
2.000009609688910928e+01
2.000009645006401726e+01
2.000009589669700105e+01
2.000009528250930302e+01
2.000009605640285315e+01
2.000009642530440956e+01
2.000009638661281741e+01
2.000009602162070266e+01
2.000009534050325399e+01
2.000009548572955609e+01
2.000009643404006709e+01
2.000009621429448003e+01
2.000009618258748034e+01
2.000009598944407685e+01
2.000009630464760235e+01
2.000009590290827077e+01
2.000009409506847646e+01
2.000009475774264089e+01
2.000009643404006709e+01
2.000009644301967882e+01
2.000009587904424890e+01
2.000009620875229643e+01
2.000009563045390593e+01
2.000009551609294434e+01
2.000009650226466462e+01
2.000009567674137756e+01
2.000009587676094824e+01
2.000009588339973732e+01
2.000009642948476341e+01
2.000009589972354718e+01
2.000009494241645314e+01
2.000009427050772004e+01
2.000009563045390593e+01
2.000009618831005653e+01
2.000009572877272390e+01
2.000009648202668799e+01
2.000009642530440956e+01
2.000009587904424890e+01
2.000009494241645314e+01
2.000009574683308600e+01
2.000009575234432191e+01
2.000009624294225219e+01
2.000009640637216890e+01
2.000009516782067465e+01
2.000009568682364858e+01
2.000009606814156626e+01
2.000009642665052212e+01
2.000009567674137756e+01
2.000009409506847646e+01
2.000009588173872999e+01
2.000009644301967882e+01
2.000009519399637625e+01
2.000009571657001217e+01
2.000009605596302364e+01
2.000009638513619237e+01
2.000009537323219888e+01
2.000009549750499716e+01
2.000009647976511928e+01
2.000009624569802824e+01
2.000009616629102638e+01
2.000009586039679732e+01
2.000009504368398083e+01
2.000009611592019354e+01
2.000009643025734718e+01
2.000009550337970410e+01
2.000009567311057523e+01
2.000009569047606917e+01
2.000009647240302968e+01
2.000009554595640182e+01
2.000009545026719593e+01
2.000009632945118909e+01
2.000009562354131987e+01
2.000009618323209892e+01
2.000009539189591479e+01
2.000009636542204206e+01
2.000009406393080624e+01
2.000009544732800748e+01
2.000009562354131987e+01
2.000009597254673466e+01
2.000009532740959628e+01
2.000009563045390593e+01
2.000009628157317110e+01
2.000009633978591239e+01
2.000009623894770172e+01
2.000009612939060233e+01
2.000009563566646520e+01
2.000009545026719593e+01
2.000009574683308600e+01
2.000009480272134610e+01
2.000009649782142418e+01
2.000009625102331157e+01
2.000009589359145679e+01
2.000009598014598211e+01
2.000009613762239269e+01
2.000009643804624559e+01
2.000009487910451611e+01
2.000009563764881904e+01
2.000009589269811983e+01
2.000009586685214558e+01
2.000009605596302364e+01
2.000009536596316195e+01
2.000009628547027418e+01
2.000009598546920131e+01
2.000009609712418168e+01
2.000009602685880594e+01
2.000009579739679566e+01
2.000009467263775420e+01
2.000009582749621018e+01
2.000009635531904451e+01
2.000009494085374229e+01
2.000009650218263957e+01
2.000009620246409270e+01
2.000009522000290119e+01
2.000009531586422185e+01
2.000009575349190172e+01
2.000009611418228772e+01
2.000009409506847646e+01
2.000009586358939373e+01
2.000009646759303905e+01
2.000009548477705934e+01
2.000009618303916170e+01
2.000009571015074883e+01
2.000009564407106311e+01
2.000009599028067697e+01
2.000009648521582051e+01
2.000009642530440956e+01
2.000009631532878629e+01
2.000009586200592793e+01
2.000009546703264363e+01
2.000009563764881904e+01
2.000009607592062721e+01
2.000009643404006709e+01
2.000009518183877688e+01
2.000009628702056474e+01
2.000009557731464227e+01
2.000009590988846142e+01
2.000009586200592793e+01
2.000009639332597899e+01
2.000009640421812307e+01
2.000009598686422052e+01
2.000009605596302364e+01
2.000009536596316195e+01
2.000009550469156139e+01
2.000009599166043373e+01
2.000009529115681417e+01
2.000009406393080624e+01
2.000009606681154395e+01
2.000009591737869741e+01
2.000009519797719548e+01
2.000009591773613948e+01
2.000009552622994136e+01
2.000009638513619237e+01
2.000009574683308600e+01
2.000009598546920131e+01
2.000009623894770172e+01
2.000009487910451611e+01
2.000009647240302968e+01
2.000009548572955609e+01
2.000009615161367549e+01
2.000009579739679566e+01
2.000009637108749416e+01
2.000009638513619237e+01
2.000009505658663045e+01
2.000009650226466462e+01
2.000009635531904451e+01
2.000009648418341968e+01
2.000009637108749416e+01
2.000009620467170635e+01
2.000009494241645314e+01
2.000009563045390593e+01
2.000009650226466462e+01
2.000009557731464227e+01
2.000009480272134610e+01
2.000009615165725663e+01
2.000009641271245187e+01
2.000009545026719593e+01
2.000009598546920131e+01
2.000009648107747751e+01
2.000009572392764312e+01
2.000009585821964464e+01
2.000009589359145679e+01
2.000009643804624559e+01
2.000009634224070254e+01
2.000009631763050422e+01
2.000009639558764007e+01
2.000009567674137756e+01
2.000009575831887787e+01
2.000009494241645314e+01
2.000009532740959628e+01
2.000009636891241627e+01
2.000009635531904451e+01
2.000009480272134610e+01
2.000009522616061020e+01
2.000009592399865710e+01
2.000009647273870428e+01
2.000009596510754761e+01
2.000009573845713362e+01
2.000009609526921039e+01
2.000009619277350481e+01
2.000009484316980135e+01
2.000009523030259473e+01
2.000009638379689747e+01
2.000009620568436119e+01
2.000009643404006709e+01
2.000009429678615902e+01
2.000009637506231996e+01
2.000009529907660522e+01
2.000009643404006709e+01
2.000009616171151805e+01
2.000009518183877688e+01
2.000009620467170635e+01
2.000009616629102638e+01
2.000009598546920131e+01
2.000009620976475233e+01
2.000009649691332569e+01
2.000009567474718608e+01
2.000009649994010275e+01
2.000009637108749416e+01
2.000009643404006709e+01
2.000009646778600469e+01
2.000009587904424890e+01
2.000009554381127685e+01
2.000009610307012764e+01
2.000009597343148116e+01
2.000009587930333765e+01
2.000009487910451611e+01
2.000009643404006709e+01
2.000009494241645314e+01
2.000009627745154006e+01
2.000009630464760235e+01
2.000009589883859462e+01
2.000009650218263957e+01
2.000009623262500824e+01
2.000009522000290119e+01
2.000009597343148116e+01
2.000009548572955609e+01
2.000009464611121501e+01
2.000009643404006709e+01
2.000009564407106311e+01
2.000009628547027418e+01
2.000009427050772004e+01
2.000009532740959628e+01
2.000009631368716256e+01
2.000009632362862533e+01
2.000009538622800775e+01
2.000009647240302968e+01
2.000009607738533290e+01
2.000009624569802824e+01
2.000009563045390593e+01
2.000009598546920131e+01
2.000009635531904451e+01
2.000009637568602727e+01
2.000009568075458688e+01
2.000009589359145679e+01
2.000009618662578248e+01
2.000009406393080624e+01
2.000009623120238800e+01
2.000009649994010275e+01
2.000009543212792806e+01
2.000009637108749416e+01
2.000009644301967882e+01
2.000009519399637625e+01
2.000009620467170635e+01
2.000009530443869465e+01
2.000009635531904451e+01
2.000009565723122051e+01
2.000009618185270455e+01
2.000009545026719593e+01
2.000009625510493549e+01
2.000009619730740695e+01
2.000009556866039517e+01
2.000009579363054257e+01
2.000009582269663966e+01
2.000009557731464227e+01
2.000009538622800775e+01
2.000009642715284386e+01
2.000009495803863757e+01
2.000009601949737714e+01
2.000009635071825542e+01
2.000009598546920131e+01
2.000009648075697299e+01
2.000009494085374229e+01
2.000009628064167799e+01
2.000009648815212060e+01
2.000009550337970410e+01
2.000009620882174843e+01
2.000009554975310877e+01
2.000009550469156139e+01
2.000009532740959628e+01
2.000009557731464227e+01
2.000009635531904451e+01
2.000009428054655203e+01
2.000009624294225219e+01
2.000009336700759732e+01
2.000009641521437587e+01
2.000009618163454661e+01
2.000009548477705934e+01
2.000009607592062721e+01
2.000009620568436119e+01
2.000009643404006709e+01
2.000009646778600469e+01
2.000009557513662983e+01
2.000009530443869465e+01
2.000009623458779018e+01
2.000009644621619387e+01
2.000009406393080624e+01
2.000009567674137756e+01
2.000009598847008974e+01
2.000009562417509557e+01
2.000009579581166363e+01
2.000009625510493549e+01
2.000009573937412810e+01
2.000009536596316195e+01
2.000009427050772004e+01
2.000009609688910928e+01
2.000009642530440956e+01
2.000009642665052212e+01
2.000009623120704205e+01
2.000009638513619237e+01
2.000009557731464227e+01
2.000009566777826819e+01
2.000009618831005653e+01
2.000009550337970410e+01
2.000009650218263957e+01
2.000009620246409270e+01
2.000009586284133078e+01
2.000009647240302968e+01
2.000009548572955609e+01
2.000009551362836291e+01
2.000009605596302364e+01
2.000009505358274353e+01
2.000009598042316128e+01
2.000009642165760582e+01
2.000009535002252647e+01
2.000009516610906957e+01
2.000009647240302968e+01
2.000009567474718608e+01
2.000009635334040681e+01
2.000009622390502884e+01
2.000009536596316195e+01
2.000009573796919682e+01
2.000009641271245187e+01
2.000009550337970410e+01
2.000009650218263957e+01
2.000009542674157004e+01
2.000009579225170242e+01
2.000009549750499716e+01
2.000009518183877688e+01
2.000009605596302364e+01
2.000009637374300198e+01
2.000009639774717485e+01
2.000009538622800775e+01
2.000009617783117832e+01
2.000009593636726635e+01
2.000009548954900040e+01
2.000009537323219888e+01
2.000009638653637722e+01
2.000009619160997332e+01
2.000009628704947318e+01
2.000009532740959628e+01
2.000009598546920131e+01
2.000009553978891930e+01
2.000009538622800775e+01
2.000009540689388032e+01
2.000009628654627747e+01
2.000009619093824398e+01
2.000009552192292617e+01
2.000009637108749416e+01
2.000009632945118909e+01
2.000009562354131987e+01
2.000009628704947318e+01
2.000009624370176198e+01
2.000009590102266088e+01
2.000009646298994426e+01
2.000009574343135199e+01
2.000009606878225554e+01
2.000009643404006709e+01
2.000009560137521447e+01
2.000009616629102638e+01
2.000009598546920131e+01
2.000009635531904451e+01
2.000009480272134610e+01
2.000009463590859227e+01
2.000009631368716256e+01
2.000009637568602727e+01
2.000009586200592793e+01
2.000009567674137756e+01
2.000009633213606719e+01
2.000009562354131987e+01
2.000009643404006709e+01
2.000009539169605688e+01
2.000009650226466462e+01
2.000009480272134610e+01
2.000009609688910928e+01
2.000009650218263957e+01
2.000009606814156626e+01
2.000009614494115340e+01
2.000009619745165068e+01
2.000009644301967882e+01
2.000009620467170635e+01
2.000009459507029419e+01
2.000009644881617277e+01
2.000009550469156139e+01
2.000009627147641567e+01
2.000009571129656649e+01
2.000009572085303944e+01
2.000009619745165068e+01
2.000009620115852726e+01
2.000009626346903602e+01
2.000009548572955609e+01
2.000009607048750127e+01
2.000009643404006709e+01
2.000009519399637625e+01
2.000009573937412810e+01
2.000009576765529928e+01
2.000009527061547132e+01
2.000009586200592793e+01
2.000009607819789181e+01
2.000009534050325399e+01
2.000009647976511928e+01
2.000009556626600471e+01
2.000009592066727038e+01
2.000009573937412810e+01
2.000009549541153575e+01
2.000009557731464227e+01
2.000009642665052212e+01
2.000009442132846260e+01
2.000009586284133078e+01
2.000009586358939373e+01
2.000009616959509628e+01
2.000009555172671938e+01
2.000009620882174843e+01
2.000009595834483989e+01
2.000009562354131987e+01
2.000009644881617277e+01
2.000009603910962852e+01
2.000009609526921039e+01
2.000009409506847646e+01
2.000009562354131987e+01
2.000009596118792032e+01
2.000009607343428897e+01
2.000009550469156139e+01
2.000009650226466462e+01
2.000009550337970410e+01
2.000009650218263957e+01
2.000009621524492687e+01
2.000009637108749416e+01
2.000009429678615902e+01
2.000009646778600469e+01
2.000009532740959628e+01
2.000009599166043373e+01
2.000009563045390593e+01
2.000009627147641567e+01
2.000009494085374229e+01
2.000009336700759732e+01
2.000009642530440956e+01
2.000009561841939387e+01
2.000009647240302968e+01
2.000009571939451192e+01
2.000009597762796076e+01
2.000009591737869741e+01
2.000009548572955609e+01
2.000009562270612307e+01
2.000009616547313840e+01
2.000009571657001217e+01
2.000009642665052212e+01
2.000009606681154395e+01
2.000009475774264089e+01
2.000009562354131987e+01
2.000009518183877688e+01
2.000009427050772004e+01
2.000009443863933356e+01
2.000009550337970410e+01
2.000009643736644449e+01
2.000009608233133207e+01
2.000009565383410859e+01
2.000009567674137756e+01
2.000009491912144100e+01
2.000009649717381066e+01
2.000009647976511928e+01
2.000009427050772004e+01
2.000009598546920131e+01
2.000009557731464227e+01
2.000009639388132143e+01
2.000009636542204206e+01
2.000009409506847646e+01
2.000009629802368138e+01
2.000009625198585894e+01
2.000009484316980135e+01
2.000009607738533290e+01
2.000009647976511928e+01
2.000009637108749416e+01
2.000009596271177159e+01
2.000009636886976239e+01
2.000009598546920131e+01
2.000009567674137756e+01
2.000009524291111873e+01
2.000009508216039222e+01
2.000009584096316217e+01
2.000009557731464227e+01
2.000009480272134610e+01
2.000009554922417010e+01
2.000009581957029781e+01
2.000009550337970410e+01
2.000009625465861163e+01
2.000009587676094824e+01
2.000009607592062721e+01
2.000009518183877688e+01
2.000009536596316195e+01
2.000009616629102638e+01
2.000009550469156139e+01
2.000009612103166035e+01
2.000009557731464227e+01
2.000009494085374229e+01
2.000009638321905214e+01
2.000009586200592793e+01
2.000009624678364517e+01
2.000009615138009877e+01
2.000009627142694058e+01
2.000009529115681417e+01
2.000009480272134610e+01
2.000009637568602727e+01
2.000009336700759732e+01
2.000009585821964464e+01
2.000009603903732014e+01
2.000009554759181540e+01
2.000009619104373471e+01
2.000009580268255860e+01
2.000009607067321582e+01
2.000009637108749416e+01
2.000009620882174843e+01
2.000009536596316195e+01
2.000009530443869465e+01
2.000009624138341024e+01
2.000009551609294434e+01
2.000009527061547132e+01
2.000009584096316217e+01
2.000009562189275059e+01
2.000009565719033588e+01
2.000009560755998805e+01
2.000009644881617277e+01
2.000009598546920131e+01
2.000009503464978167e+01
2.000009571129656649e+01
2.000009592681682591e+01
2.000009586284133078e+01
2.000009647240302968e+01
2.000009576304272585e+01
2.000009562354131987e+01
2.000009628704947318e+01
2.000009607204527384e+01
2.000009618323209892e+01
2.000009646778600469e+01
2.000009605596302364e+01
2.000009568432796669e+01
2.000009406393080624e+01
2.000009637483421088e+01
2.000009624678364517e+01
2.000009601949737714e+01
2.000009605596302364e+01
2.000009530443869465e+01
2.000009427050772004e+01
2.000009599166043373e+01
2.000009621264580417e+01
2.000009494085374229e+01
2.000009642665052212e+01
2.000009409506847646e+01
2.000009607428149749e+01
2.000009579329521614e+01
2.000009638379689747e+01
2.000009545026719593e+01
2.000009643404006709e+01
2.000009509911989980e+01
2.000009618323209892e+01
2.000009635531904451e+01
2.000009475774264089e+01
2.000009605865817264e+01
2.000009630550611561e+01
2.000009650226466462e+01
2.000009635531904451e+01
2.000009597775822812e+01
2.000009585821964464e+01
2.000009628654627747e+01
2.000009620246409270e+01
2.000009631763050422e+01
2.000009586200592793e+01
2.000009620375083941e+01
2.000009625251918166e+01
2.000009599028067697e+01
2.000009586039679732e+01
2.000009637568602727e+01
2.000009624294225219e+01
2.000009590672077664e+01
2.000009620246409270e+01
2.000009597343148116e+01
2.000009519797719548e+01
2.000009643404006709e+01
2.000009605596302364e+01
2.000009638513619237e+01
2.000009562761769288e+01
2.000009650226466462e+01
2.000009633203822190e+01
2.000009646447006162e+01
2.000009620246409270e+01
2.000009607499842090e+01
2.000009487910451611e+01
2.000009647240302968e+01
2.000009527061547132e+01
2.000009623943475390e+01
2.000009567474718608e+01
2.000009620882174843e+01
2.000009628704947318e+01
2.000009564407106311e+01
2.000009494241645314e+01
2.000009479735564710e+01
2.000009406393080624e+01
2.000009589971612556e+01
2.000009549750499716e+01
2.000009607592062721e+01
2.000009571657001217e+01
2.000009427050772004e+01
2.000009413244385215e+01
2.000009598546920131e+01
2.000009609712418168e+01
2.000009538622800775e+01
2.000009642530440956e+01
2.000009623943475390e+01
2.000009536596316195e+01
2.000009427050772004e+01
2.000009598546920131e+01
2.000009557731464227e+01
2.000009512698306935e+01
2.000009624294225219e+01
2.000009538622800775e+01
2.000009639348340684e+01
2.000009567674137756e+01
2.000009548572955609e+01
2.000009501770110276e+01
2.000009579581166363e+01
2.000009536596316195e+01
2.000009602685880594e+01
2.000009615959068654e+01
2.000009561459699015e+01
2.000009593173800937e+01
2.000009593272381991e+01
2.000009574188326056e+01
2.000009597762796076e+01
2.000009564407106311e+01
2.000009644881617277e+01
2.000009557731464227e+01
2.000009586039679732e+01
2.000009637568602727e+01
2.000009605297799453e+01
2.000009603903732014e+01
2.000009589359145679e+01
