2.000010698880122817e+01
2.000010629572173571e+01
2.000010647760013072e+01
2.000010400848880110e+01
2.000010751512570906e+01
2.000010657979715489e+01
2.000010566150230673e+01
2.000010791860914239e+01
2.000010583432496247e+01
2.000010867565318762e+01
2.000010746073813195e+01
2.000010724163357523e+01
2.000010712747807773e+01
2.000010794489726251e+01
2.000010489521075385e+01
2.000010839791408657e+01
2.000010859698367227e+01
2.000010583432496247e+01
2.000010853695915714e+01
2.000010608252681621e+01
2.000010727656989573e+01
2.000010884583536352e+01
2.000010815225640570e+01
2.000010871032108284e+01
2.000010839791408657e+01
2.000010774732509944e+01
2.000010867565318762e+01
2.000010732954108406e+01
2.000010569346956402e+01
2.000010604855139462e+01
2.000010698880122817e+01
2.000010880201416441e+01
2.000010588789740851e+01
2.000010488887486204e+01
2.000010814708767271e+01
2.000010701339957109e+01
2.000010634486936212e+01
2.000010657508063616e+01
2.000010665328295545e+01
2.000010866621521544e+01
2.000010724163357523e+01
2.000010481960272557e+01
2.000010821651737203e+01
2.000010577718664351e+01
2.000010829576343596e+01
2.000010814708767271e+01
2.000010727812177436e+01
2.000010839791408657e+01
2.000010774732509944e+01
2.000010583432496247e+01
2.000010731541298625e+01
2.000010729980036217e+01
2.000010884583536352e+01
2.000010794489726251e+01
2.000010647760013072e+01
2.000010714576984583e+01
2.000010814708767271e+01
2.000010847949394588e+01
2.000010791860914239e+01
2.000010592688254718e+01
2.000010774418747772e+01
2.000010719154389349e+01
2.000010880201416441e+01
2.000010815225640570e+01
2.000010400848880110e+01
2.000010607212818670e+01
2.000010727812177436e+01
2.000010791860914239e+01
2.000010583432496247e+01
2.000010869386066048e+01
2.000010774418747772e+01
2.000010893453852390e+01
2.000010714576984583e+01
2.000010727812177436e+01
2.000010859698367227e+01
2.000010867565318762e+01
2.000010538782544245e+01
2.000010606707818894e+01
2.000010886900465223e+01
2.000010866886169580e+01
2.000010774418747772e+01
2.000010884583536352e+01
2.000010815225640570e+01
2.000010879100291206e+01
2.000010821385908599e+01
2.000010657979715489e+01
2.000010896810345074e+01
2.000010546940874789e+01
2.000010839791408657e+01
2.000010791860914239e+01
2.000010746073813195e+01
2.000010774418747772e+01
2.000010712747807773e+01
2.000010588789740851e+01
2.000010657109571710e+01
2.000010435938630238e+01
2.000010516032552133e+01
2.000010685102297003e+01
2.000010820953316326e+01
2.000010550208566329e+01
2.000010548112422271e+01
2.000010838450996786e+01
2.000010588789740851e+01
2.000010714576984583e+01
2.000010657979715489e+01
2.000010896810345074e+01
2.000010546940874789e+01
2.000010880226571430e+01
2.000010523119762240e+01
2.000010886645096875e+01
2.000010727656989573e+01
2.000010727425481605e+01
2.000010400848880110e+01
2.000010751512570906e+01
2.000010727812177436e+01
2.000010774732509944e+01
2.000010538939874039e+01
2.000010645503213169e+01
2.000010665328295545e+01
2.000010732954108406e+01
2.000010774418747772e+01
2.000010884583536352e+01
2.000010893453852390e+01
2.000010593514958401e+01
2.000010450072202062e+01
2.000010657508063616e+01
2.000010645503213169e+01
2.000010665328295545e+01
2.000010757173272324e+01
2.000010569346956402e+01
2.000010746073813195e+01
2.000010831512093290e+01
2.000010575501987020e+01
2.000010714576984583e+01
2.000010814708767271e+01
2.000010719700965112e+01
2.000010583432496247e+01
2.000010747308768444e+01
2.000010657508063616e+01
2.000010847423881444e+01
2.000010727656989573e+01
2.000010712747807773e+01
2.000010711480374681e+01
2.000010751512570906e+01
2.000010821385908599e+01
2.000010701339957109e+01
2.000010791860914239e+01
2.000010550208566329e+01
2.000010480816087721e+01
2.000010818344827257e+01
2.000010746073813195e+01
2.000010774418747772e+01
2.000010481960272557e+01
2.000010629572173571e+01
2.000010695307574338e+01
2.000010714576984583e+01
2.000010871032108284e+01
2.000010685102297003e+01
2.000010839991913514e+01
2.000010762682744314e+01
2.000010774418747772e+01
2.000010884583536352e+01
2.000010629572173571e+01
2.000010584546225800e+01
2.000010488887486204e+01
2.000010896810345074e+01
2.000010499574085543e+01
2.000010685102297003e+01
2.000010839991913514e+01
2.000010747308768444e+01
2.000010729980036217e+01
2.000010884583536352e+01
2.000010711480374681e+01
2.000010488887486204e+01
2.000010887356493683e+01
2.000010719700965112e+01
2.000010523119762240e+01
2.000010608252681621e+01
2.000010516379137471e+01
2.000010829370987508e+01
2.000010729980036217e+01
2.000010481960272557e+01
2.000010584546225800e+01
2.000010648236763089e+01
2.000010821385908599e+01
2.000010852690781959e+01
2.000010847949394588e+01
2.000010839991913514e+01
2.000010855723075665e+01
2.000010818344827257e+01
2.000010784647240669e+01
2.000010815225640570e+01
2.000010852690781959e+01
2.000010701339957109e+01
2.000010847949394588e+01
2.000010719700965112e+01
2.000010550208566329e+01
2.000010710021497218e+01
2.000010843285392426e+01
2.000010590743059069e+01
2.000010831512093290e+01
2.000010628851812555e+01
2.000010751512570906e+01
2.000010516032552133e+01
2.000010593514958401e+01
2.000010426561606280e+01
2.000010869386066048e+01
2.000010757173272324e+01
2.000010590743059069e+01
2.000010658738134595e+01
2.000010727656989573e+01
2.000010794489726251e+01
2.000010584546225800e+01
2.000010435938630238e+01
2.000010657979715489e+01
2.000010685102297003e+01
2.000010791860914239e+01
2.000010806080407733e+01
2.000010869386066048e+01
2.000010608252681621e+01
2.000010724163357523e+01
2.000010712747807773e+01
2.000010884583536352e+01
2.000010794489726251e+01
2.000010584546225800e+01
2.000010714576984583e+01
2.000010852690781959e+01
2.000010593514958401e+01
2.000010839991913514e+01
2.000010583432496247e+01
2.000010729980036217e+01
2.000010784647240669e+01
2.000010648236763089e+01
2.000010814708767271e+01
2.000010657979715489e+01
2.000010727812177436e+01
2.000010839791408657e+01
2.000010774732509944e+01
2.000010747308768444e+01
2.000010538782544245e+01
2.000010727656989573e+01
2.000010719154389349e+01
2.000010714576984583e+01
2.000010821385908599e+01
2.000010672298713743e+01
2.000010460378295818e+01
2.000010719700965112e+01
2.000010737179148634e+01
2.000010757173272324e+01
2.000010613903563339e+01
2.000010729980036217e+01
2.000010629572173571e+01
2.000010874763684754e+01
2.000010695307574338e+01
2.000010593514958401e+01
2.000010719700965112e+01
2.000010710021497218e+01
2.000010843285392426e+01
2.000010795891400761e+01
2.000010801841181873e+01
2.000010716590430704e+01
2.000010774418747772e+01
2.000010584546225800e+01
2.000010719711725216e+01
2.000010821385908599e+01
2.000010546940874789e+01
2.000010685102297003e+01
2.000010839991913514e+01
2.000010631003155837e+01
2.000010523119762240e+01
2.000010774418747772e+01
2.000010784647240669e+01
2.000010584546225800e+01
2.000010751512570906e+01
2.000010852690781959e+01
2.000010460378295818e+01
2.000010593514958401e+01
2.000010774732509944e+01
2.000010523119762240e+01
2.000010645503213169e+01
2.000010746073813195e+01
2.000010774418747772e+01
2.000010794489726251e+01
2.000010821651737203e+01
2.000010714576984583e+01
2.000010727812177436e+01
2.000010839791408657e+01
2.000010602944991689e+01
2.000010631003155837e+01
2.000010886900465223e+01
2.000010727656989573e+01
2.000010880201416441e+01
2.000010648236763089e+01
2.000010727812177436e+01
2.000010859698367227e+01
2.000010800332875149e+01
2.000010832706621855e+01
2.000010536876787981e+01
2.000010880571189986e+01
2.000010771019359268e+01
2.000010724163357523e+01
2.000010864415133582e+01
2.000010751512570906e+01
2.000010516032552133e+01
2.000010774732509944e+01
2.000010583432496247e+01
2.000010645503213169e+01
2.000010665328295545e+01
2.000010757173272324e+01
2.000010569346956402e+01
2.000010626344428388e+01
2.000010727656989573e+01
2.000010422642652230e+01
2.000010794489726251e+01
2.000010489521075385e+01
2.000010762047256918e+01
2.000010546940874789e+01
2.000010677714276142e+01
2.000010602944991689e+01
2.000010631003155837e+01
2.000010647760013072e+01
2.000010714576984583e+01
2.000010821385908599e+01
2.000010727812177436e+01
2.000010847949394588e+01
2.000010738017137157e+01
2.000010523119762240e+01
2.000010855723075665e+01
2.000010809703669068e+01
2.000010665328295545e+01
2.000010729980036217e+01
2.000010481960272557e+01
2.000010884583536352e+01
2.000010638632924298e+01
2.000010720983644319e+01
2.000010847949394588e+01
2.000010791860914239e+01
2.000010583432496247e+01
2.000010523119762240e+01
2.000010641028461222e+01
2.000010746073813195e+01
2.000010774418747772e+01
2.000010880580793327e+01
2.000010794489726251e+01
2.000010584546225800e+01
2.000010781038045238e+01
2.000010460378295818e+01
2.000010871032108284e+01
2.000010859698367227e+01
2.000010426561606280e+01
2.000010746073813195e+01
2.000010774418747772e+01
2.000010712747807773e+01
2.000010588789740851e+01
2.000010435938630238e+01
2.000010546940874789e+01
2.000010593514958401e+01
2.000010602944991689e+01
2.000010583432496247e+01
2.000010657508063616e+01
2.000010774418747772e+01
2.000010712747807773e+01
2.000010629572173571e+01
2.000010648236763089e+01
2.000010814708767271e+01
2.000010774732509944e+01
2.000010747308768444e+01
2.000010523119762240e+01
2.000010732954108406e+01
2.000010569346956402e+01
2.000010727656989573e+01
2.000010784647240669e+01
2.000010488887486204e+01
2.000010657979715489e+01
2.000010499574085543e+01
2.000010774732509944e+01
2.000010747308768444e+01
2.000010538782544245e+01
2.000010757173272324e+01
2.000010536876787981e+01
2.000010774418747772e+01
2.000010884583536352e+01
2.000010629572173571e+01
2.000010821651737203e+01
2.000010719711725216e+01
2.000010516032552133e+01
2.000010839791408657e+01
2.000010774732509944e+01
2.000010583432496247e+01
2.000010869386066048e+01
2.000010831512093290e+01
2.000010800461675942e+01
2.000010711480374681e+01
2.000010714576984583e+01
2.000010774732509944e+01
2.000010747308768444e+01
2.000010538782544245e+01
2.000010657508063616e+01
2.000010710021497218e+01
2.000010818344827257e+01
2.000010712747807773e+01
2.000010711480374681e+01
2.000010751512570906e+01
2.000010896810345074e+01
2.000010546940874789e+01
2.000010791860914239e+01
2.000010538782544245e+01
2.000010732954108406e+01
2.000010707800353771e+01
2.000010745955460223e+01
2.000010774418747772e+01
2.000010422642652230e+01
2.000010884583536352e+01
2.000010588789740851e+01
2.000010839791408657e+01
2.000010774732509944e+01
2.000010583432496247e+01
2.000010867565318762e+01
2.000010678956609667e+01
2.000010604855139462e+01
2.000010724163357523e+01
2.000010712747807773e+01
2.000010884583536352e+01
2.000010489521075385e+01
2.000010751512570906e+01
2.000010542380800160e+01
2.000010546940874789e+01
2.000010839991913514e+01
2.000010631003155837e+01
2.000010612776727825e+01
2.000010645124021735e+01
2.000010724163357523e+01
2.000010838450996786e+01
2.000010584546225800e+01
2.000010575501987020e+01
2.000010435938630238e+01
2.000010852690781959e+01
2.000010677714276142e+01
2.000010859698367227e+01
2.000010550208566329e+01
2.000010729980036217e+01
2.000010588789740851e+01
2.000010821651737203e+01
2.000010751512570906e+01
2.000010657979715489e+01
2.000010896810345074e+01
2.000010774732509944e+01
2.000010631003155837e+01
2.000010523119762240e+01
2.000010886900465223e+01
2.000010712747807773e+01
2.000010821651737203e+01
2.000010751512570906e+01
2.000010761695353168e+01
2.000010727812177436e+01
2.000010847949394588e+01
2.000010738017137157e+01
2.000010631003155837e+01
2.000010843285392426e+01
2.000010690241893130e+01
2.000010729980036217e+01
2.000010719154389349e+01
2.000010488887486204e+01
2.000010593514958401e+01
2.000010791860914239e+01
2.000010641028461222e+01
2.000010843285392426e+01
2.000010707800353771e+01
2.000010847136227454e+01
2.000010658738134595e+01
2.000010746073813195e+01
2.000010729980036217e+01
2.000010884583536352e+01
2.000010794489726251e+01
2.000010751512570906e+01
2.000010821385908599e+01
2.000010589590932852e+01
2.000010727812177436e+01
2.000010839791408657e+01
2.000010774732509944e+01
2.000010729980036217e+01
2.000010784647240669e+01
2.000010462100281927e+01
2.000010648236763089e+01
2.000010814708767271e+01
2.000010460378295818e+01
2.000010839791408657e+01
2.000010450072202062e+01
2.000010426561606280e+01
2.000010762682744314e+01
2.000010729980036217e+01
2.000010400848880110e+01
2.000010435938630238e+01
2.000010516032552133e+01
2.000010839791408657e+01
2.000010791860914239e+01
2.000010583432496247e+01
2.000010634486936212e+01
2.000010606707818894e+01
2.000010827510298483e+01
2.000010731541298625e+01
2.000010774418747772e+01
2.000010657109571710e+01
2.000010891885111519e+01
2.000010814708767271e+01
2.000010657979715489e+01
2.000010677714276142e+01
2.000010839991913514e+01
2.000010747308768444e+01
2.000010523119762240e+01
2.000010831512093290e+01
2.000010647760013072e+01
2.000010719711725216e+01
2.000010821385908599e+01
2.000010727812177436e+01
2.000010593514958401e+01
2.000010738017137157e+01
2.000010645503213169e+01
2.000010818344827257e+01
2.000010536876787981e+01
2.000010890457219759e+01
2.000010838450996786e+01
2.000010588789740851e+01
2.000010711480374681e+01
2.000010685102297003e+01
2.000010774732509944e+01
2.000010523119762240e+01
2.000010886900465223e+01
2.000010843285392426e+01
2.000010608252681621e+01
2.000010724163357523e+01
2.000010712747807773e+01
2.000010880201416441e+01
2.000010396185981421e+01
2.000010852690781959e+01
2.000010839791408657e+01
2.000010719700965112e+01
2.000010747308768444e+01
2.000010757173272324e+01
2.000010771019359268e+01
2.000010727656989573e+01
2.000010794489726251e+01
2.000010647760013072e+01
2.000010791412429612e+01
2.000010814708767271e+01
2.000010871032108284e+01
2.000010839791408657e+01
2.000010859698367227e+01
2.000010523119762240e+01
2.000010608252681621e+01
2.000010729980036217e+01
2.000010784647240669e+01
2.000010650299363490e+01
2.000010400848880110e+01
2.000010488887486204e+01
2.000010871032108284e+01
2.000010839991913514e+01
2.000010869386066048e+01
2.000010864455672532e+01
2.000010851280092083e+01
2.000010746073813195e+01
2.000010729980036217e+01
2.000010794489726251e+01
2.000010756123640476e+01
2.000010863327578292e+01
2.000010791860914239e+01
2.000010867565318762e+01
2.000010634486936212e+01
2.000010732954108406e+01
2.000010704460022382e+01
2.000010727656989573e+01
2.000010714576984583e+01
2.000010546940874789e+01
2.000010839791408657e+01
2.000010774732509944e+01
2.000010538782544245e+01
2.000010855723075665e+01
2.000010763677525816e+01
2.000010818344827257e+01
2.000010859612126168e+01
2.000010724163357523e+01
2.000010629572173571e+01
2.000010751512570906e+01
2.000010720983644319e+01
2.000010882411024582e+01
2.000010874009601025e+01
2.000010602944991689e+01
2.000010550208566329e+01
2.000010641028461222e+01
2.000010757173272324e+01
2.000010727656989573e+01
2.000010422642652230e+01
2.000010711480374681e+01
2.000010648236763089e+01
2.000010727812177436e+01
2.000010774732509944e+01
2.000010747308768444e+01
2.000010645503213169e+01
2.000010866886169580e+01
2.000010859612126168e+01
2.000010727656989573e+01
2.000010629572173571e+01
2.000010647760013072e+01
2.000010751512570906e+01
2.000010774732509944e+01
2.000010857834008604e+01
2.000010757173272324e+01
2.000010437454023204e+01
2.000010707800353771e+01
2.000010826398307273e+01
2.000010724163357523e+01
2.000010712747807773e+01
2.000010884591995364e+01
2.000010821385908599e+01
2.000010542380800160e+01
2.000010593514958401e+01
2.000010719700965112e+01
2.000010757173272324e+01
2.000010737986868037e+01
2.000010745955460223e+01
2.000010774418747772e+01
2.000010838450996786e+01
2.000010489521075385e+01
2.000010648236763089e+01
2.000010677714276142e+01
2.000010791860914239e+01
2.000010631003155837e+01
2.000010762682744314e+01
2.000010886900465223e+01
2.000010757173272324e+01
2.000010729980036217e+01
2.000010784647240669e+01
2.000010751512570906e+01
2.000010821385908599e+01
2.000010774732509944e+01
2.000010730378624046e+01
2.000010658738134595e+01
2.000010865849470676e+01
2.000010673786632509e+01
2.000010447591247953e+01
2.000010774418747772e+01
2.000010784647240669e+01
2.000010800461675942e+01
2.000010629572173571e+01
2.000010488887486204e+01
2.000010814708767271e+01
2.000010852690781959e+01
2.000010655411120553e+01
2.000010839791408657e+01
2.000010774732509944e+01
2.000010481960272557e+01
2.000010821651737203e+01
2.000010751512570906e+01
2.000010839791408657e+01
2.000010602944991689e+01
2.000010606707818894e+01
2.000010857834008604e+01
2.000010757173272324e+01
2.000010707800353771e+01
2.000010604855139462e+01
2.000010774418747772e+01
2.000010794489726251e+01
2.000010638632924298e+01
2.000010871032108284e+01
2.000010593514958401e+01
2.000010602944991689e+01
2.000010867565318762e+01
2.000010645503213169e+01
2.000010757173272324e+01
2.000010859612126168e+01
2.000010774418747772e+01
2.000010712747807773e+01
2.000010396185981421e+01
2.000010852690781959e+01
2.000010847949394588e+01
2.000010791860914239e+01
2.000010657508063616e+01
2.000010886900465223e+01
2.000010690241893130e+01
2.000010757173272324e+01
2.000010724163357523e+01
2.000010588789740851e+01
2.000010751512570906e+01
2.000010542380800160e+01
2.000010546940874789e+01
2.000010685102297003e+01
2.000010859698367227e+01
2.000010583432496247e+01
2.000010641028461222e+01
2.000010859612126168e+01
2.000010629572173571e+01
2.000010874763684754e+01
2.000010702634008553e+01
2.000010638632924298e+01
2.000010727812177436e+01
2.000010685102297003e+01
2.000010719700965112e+01
2.000010867565318762e+01
2.000010641028461222e+01
2.000010814664039671e+01
2.000010727656989573e+01
2.000010481960272557e+01
2.000010588789740851e+01
2.000010584546225800e+01
2.000010751512570906e+01
2.000010774732509944e+01
2.000010538939874039e+01
2.000010866886169580e+01
2.000010866621521544e+01
2.000010823082569189e+01
2.000010712747807773e+01
2.000010435938630238e+01
2.000010825398835479e+01
2.000010863327578292e+01
2.000010820953316326e+01
2.000010626298116634e+01
2.000010608252681621e+01
2.000010732954108406e+01
2.000010534118510819e+01
2.000010687938203802e+01
2.000010774418747772e+01
2.000010884583536352e+01
2.000010488887486204e+01
2.000010657979715489e+01
2.000010896810345074e+01
2.000010859698367227e+01
2.000010631003155837e+01
2.000010606333632524e+01
2.000010707800353771e+01
2.000010795511651907e+01
2.000010774418747772e+01
2.000010884583536352e+01
2.000010815225640570e+01
2.000010647760013072e+01
2.000010488887486204e+01
2.000010516032552133e+01
2.000010839791408657e+01
2.000010774732509944e+01
2.000010583432496247e+01
2.000010747308768444e+01
2.000010774418747772e+01
2.000010815225640570e+01
2.000010400848880110e+01
2.000010719711725216e+01
2.000010602944991689e+01
2.000010550208566329e+01
2.000010855723075665e+01
2.000010866886169580e+01
2.000010874001993955e+01
2.000010362635509864e+01
2.000010727656989573e+01
2.000010751512570906e+01
2.000010852690781959e+01
2.000010839791408657e+01
2.000010791860914239e+01
2.000010362635509864e+01
2.000010669600148105e+01
2.000010800403649469e+01
2.000010680635432792e+01
2.000010881135654017e+01
2.000010831831175295e+01
2.000010815225640570e+01
2.000010751512570906e+01
2.000010821385908599e+01
2.000010657979715489e+01
2.000010460378295818e+01
2.000010774732509944e+01
2.000010631003155837e+01
2.000010523119762240e+01
2.000010886900465223e+01
2.000010727656989573e+01
2.000010794489726251e+01
2.000010751512570906e+01
2.000010720983644319e+01
2.000010602944991689e+01
2.000010550208566329e+01
2.000010818344827257e+01
2.000010859612126168e+01
2.000010590743059069e+01
2.000010795511651907e+01
2.000010731541298625e+01
2.000010774418747772e+01
2.000010488887486204e+01
2.000010516032552133e+01
2.000010839791408657e+01
2.000010774732509944e+01
2.000010631003155837e+01
2.000010523119762240e+01
2.000010886900465223e+01
2.000010818344827257e+01
2.000010727656989573e+01
2.000010845456943542e+01
2.000010794489726251e+01
2.000010489521075385e+01
2.000010400848880110e+01
2.000010714576984583e+01
2.000010896810345074e+01
2.000010727812177436e+01
2.000010774732509944e+01
2.000010869386066048e+01
2.000010724163357523e+01
2.000010815225640570e+01
2.000010488887486204e+01
2.000010847238167244e+01
2.000010499574085543e+01
2.000010685102297003e+01
2.000010774732509944e+01
2.000010583432496247e+01
2.000010757173272324e+01
2.000010745955460223e+01
2.000010712747807773e+01
2.000010629572173571e+01
2.000010719711725216e+01
2.000010516032552133e+01
2.000010820953316326e+01
2.000010857364130956e+01
2.000010188287746260e+01
2.000010795511651907e+01
2.000010428550699260e+01
2.000010823082569189e+01
2.000010831831175295e+01
2.000010481960272557e+01
2.000010483777674253e+01
2.000010657979715489e+01
2.000010460378295818e+01
2.000010719700965112e+01
2.000010538782544245e+01
2.000010608252681621e+01
2.000010732954108406e+01
2.000010866621521544e+01
2.000010724163357523e+01
2.000010794489726251e+01
2.000010584546225800e+01
2.000010396185981421e+01
2.000010516032552133e+01
2.000010896810345074e+01
2.000010774732509944e+01
2.000010550208566329e+01
2.000010747308768444e+01
2.000010853546209688e+01
2.000010774418747772e+01
2.000010435938630238e+01
2.000010896810345074e+01
2.000010871032108284e+01
2.000010847949394588e+01
2.000010774732509944e+01
2.000010806080407733e+01
2.000010867565318762e+01
2.000010710021497218e+01
2.000010608252681621e+01
2.000010729980036217e+01
2.000010481960272557e+01
2.000010751512570906e+01
2.000010685102297003e+01
2.000010774732509944e+01
2.000010634486936212e+01
2.000010657508063616e+01
2.000010757173272324e+01
2.000010814664039671e+01
2.000010604855139462e+01
2.000010838450996786e+01
2.000010794489726251e+01
2.000010584546225800e+01
2.000010400848880110e+01
2.000010751512570906e+01
2.000010516032552133e+01
2.000010871032108284e+01
2.000010774732509944e+01
2.000010737179148634e+01
2.000010866886169580e+01
2.000010727656989573e+01
2.000010784647240669e+01
2.000010751512570906e+01
2.000010761695353168e+01
2.000010499574085543e+01
2.000010791860914239e+01
2.000010762682744314e+01
2.000010634486936212e+01
2.000010641028461222e+01
2.000010818344827257e+01
2.000010831512093290e+01
2.000010712747807773e+01
2.000010647760013072e+01
2.000010751512570906e+01
2.000010631003155837e+01
2.000010762682744314e+01
2.000010855723075665e+01
2.000010592688254718e+01
2.000010362635509864e+01
2.000010516379137471e+01
2.000010729980036217e+01
2.000010422642652230e+01
2.000010650299363490e+01
2.000010584546225800e+01
2.000010638632924298e+01
2.000010727812177436e+01
2.000010839791408657e+01
2.000010774732509944e+01
2.000010631003155837e+01
2.000010757173272324e+01
2.000010727656989573e+01
2.000010588789740851e+01
2.000010648236763089e+01
2.000010657979715489e+01
2.000010727812177436e+01
2.000010839791408657e+01
2.000010839991913514e+01
2.000010583432496247e+01
2.000010538782544245e+01
2.000010745955460223e+01
2.000010774418747772e+01
2.000010712747807773e+01
2.000010822824659584e+01
2.000010400848880110e+01
2.000010751512570906e+01
2.000010516032552133e+01
2.000010727812177436e+01
2.000010847949394588e+01
2.000010791860914239e+01
2.000010631003155837e+01
2.000010548112422271e+01
2.000010588789740851e+01
2.000010702634008553e+01
2.000010751512570906e+01
2.000010814708767271e+01
2.000010450072202062e+01
2.000010426561606280e+01
2.000010757173272324e+01
2.000010795891400761e+01
2.000010865849470676e+01
2.000010588789740851e+01
2.000010719711725216e+01
2.000010771130212817e+01
2.000010820953316326e+01
2.000010747308768444e+01
2.000010523119762240e+01
2.000010665328295545e+01
2.000010718810111854e+01
2.000010814664039671e+01
2.000010534118510819e+01
2.000010774418747772e+01
2.000010884583536352e+01
2.000010815225640570e+01
2.000010638632924298e+01
2.000010871032108284e+01
2.000010774732509944e+01
2.000010583432496247e+01
2.000010645503213169e+01
2.000010859612126168e+01
2.000010569346956402e+01
2.000010746073813195e+01
2.000010462100281927e+01
2.000010400848880110e+01
2.000010751512570906e+01
2.000010821385908599e+01
2.000010852690781959e+01
2.000010839791408657e+01
2.000010550208566329e+01
2.000010867565318762e+01
2.000010523119762240e+01
2.000010774418747772e+01
2.000010751512570906e+01
2.000010761695353168e+01
2.000010727812177436e+01
2.000010839791408657e+01
2.000010774732509944e+01
2.000010538939874039e+01
2.000010641028461222e+01
2.000010732954108406e+01
2.000010859612126168e+01
2.000010727656989573e+01
2.000010629572173571e+01
2.000010719711725216e+01
2.000010814708767271e+01
2.000010499574085543e+01
2.000010839791408657e+01
2.000010774732509944e+01
2.000010645503213169e+01
2.000010886645096875e+01
2.000010866886169580e+01
2.000010716590430704e+01
2.000010774418747772e+01
2.000010751512570906e+01
2.000010546940874789e+01
2.000010719700965112e+01
2.000010583432496247e+01
2.000010538782544245e+01
2.000010817527993012e+01
2.000010859612126168e+01
2.000010569346956402e+01
2.000010884583536352e+01
2.000010783988102148e+01
2.000010821385908599e+01
2.000010896810345074e+01
2.000010774732509944e+01
2.000010818344827257e+01
2.000010707800353771e+01
2.000010671940462714e+01
2.000010795891400761e+01
2.000010846392390107e+01
