2.007804291288243969e-09
4.293217911475363464e-06
4.289566465375226686e-07
4.382522737135257628e-10
3.516833576203099259e-08
2.478583463482153566e-08
5.809737453609032287e-08
9.299602709701738003e-09
2.973862816000740862e-08
5.269418529438869966e-05
4.293217911475363464e-06
4.289566465375226686e-07
2.679740133870253236e-08
5.809737453609032287e-08
1.631766735483894168e-07
2.973862816000740862e-08
6.844953396200685282e-09
4.598702635637988433e-07
4.109670430145907617e-09
1.878035534257286546e-10
2.007804291288243969e-09
5.633191603060879485e-06
4.382522737135257628e-10
3.516833576203099259e-08
4.655919497697912134e-09
1.378870668620734005e-03
1.699925570867746476e-08
2.973862816000740862e-08
5.269418529438869966e-05
8.983170174797343400e-09
5.633191603060879485e-06
4.382522737135257628e-10
4.655919497697912134e-09
3.369141490493729484e-04
9.299602709701738003e-09
2.973862816000740862e-08
8.983170174797343400e-09
4.598702635637988433e-07
1.201104533667062091e-08
4.109670430145907617e-09
2.203235698558197689e-08
2.007804291288243969e-09
4.293217911475363464e-06
4.382522737135257628e-10
3.516833576203099259e-08
1.699925570867746476e-08
5.269418529438869966e-05
6.844953396200685282e-09
4.598702635637988433e-07
1.201104533667062091e-08
2.203235698558197689e-08
1.114159684414106886e-09
5.633191603060879485e-06
7.361589457796218205e-01
4.289566465375226686e-07
4.382522737135257628e-10
2.679740133870253236e-08
1.765888504801421830e-06
1.378870668620734005e-03
5.809737453609032287e-08
2.203235698558197689e-08
1.261142477181490852e-08
5.633191603060879485e-06
2.760163133934708537e-09
3.825476465736984113e-08
1.378870668620734005e-03
3.303628974580426237e-07
5.809737453609032287e-08
9.299602709701738003e-09
1.699925570867746476e-08
2.203235698558197689e-08
1.230856839610280006e-07
4.293217911475363464e-06
2.679740133870253236e-08
4.655919497697912134e-09
1.637093997064878195e-08
4.797369603055307830e-07
9.299602709701738003e-09
1.699925570867746476e-08
1.631766735483894168e-07
2.203235698558197689e-08
1.261142477181490852e-08
5.633191603060879485e-06
4.382522737135257628e-10
2.679740133870253236e-08
1.637093997064878195e-08
5.809737453609032287e-08
1.699925570867746476e-08
1.631766735483894168e-07
2.266625392471849181e-08
2.007804291288243969e-09
4.289566465375226686e-07
2.679740133870253236e-08
4.655919497697912134e-09
2.478583463482153566e-08
1.699925570867746476e-08
2.266625392471849181e-08
6.553201916927939376e-07
6.844953396200685282e-09
1.201104533667062091e-08
1.044255346807273128e-06
2.203235698558197689e-08
2.007804291288243969e-09
4.293217911475363464e-06
4.382522737135257628e-10
2.679740133870253236e-08
2.266625392471849181e-08
6.844953396200685282e-09
4.109670430145907617e-09
1.849447676355746275e-08
1.114159684414106886e-09
2.007804291288243969e-09
4.293217911475363464e-06
4.382522737135257628e-10
3.516833576203099259e-08
4.655919497697912134e-09
7.395429206668377414e-06
1.378870668620734005e-03
3.329414493066180166e-05
2.973862816000740862e-08
2.203235698558197689e-08
5.633191603060879485e-06
4.289566465375226686e-07
4.382522737135257628e-10
3.516833576203099259e-08
4.655919497697912134e-09
1.378870668620734005e-03
1.637093997064878195e-08
1.414178103250235161e-06
5.809737453609032287e-08
2.203235698558197689e-08
5.633191603060879485e-06
4.289566465375226686e-07
2.679740133870253236e-08
4.655919497697912134e-09
1.378870668620734005e-03
1.637093997064878195e-08
2.478583463482153566e-08
5.809737453609032287e-08
9.299602709701738003e-09
4.117834614078066946e-04
2.007804291288243969e-09
4.293217911475363464e-06
4.382522737135257628e-10
3.516833576203099259e-08
4.655919497697912134e-09
1.637093997064878195e-08
5.809737453609032287e-08
2.507448155743436372e-07
1.699925570867746476e-08
1.323589942085294322e-07
2.203235698558197689e-08
1.230856839610280006e-07
4.293217911475363464e-06
4.382522737135257628e-10
2.679740133870253236e-08
4.655919497697912134e-09
1.378870668620734005e-03
2.478583463482153566e-08
5.809737453609032287e-08
1.114159684414106886e-09
2.007804291288243969e-09
5.633191603060879485e-06
2.679740133870253236e-08
4.655919497697912134e-09
1.378870668620734005e-03
3.369141490493729484e-04
5.809737453609032287e-08
1.699925570867746476e-08
2.266625392471849181e-08
5.633191603060879485e-06
1.417149377260885113e-06
4.289566465375226686e-07
4.382522737135257628e-10
2.679740133870253236e-08
4.655919497697912134e-09
1.378870668620734005e-03
1.637093997064878195e-08
2.478583463482153566e-08
5.809737453609032287e-08
2.007804291288243969e-09
4.382522737135257628e-10
3.516833576203099259e-08
4.655919497697912134e-09
6.775055919152234709e-07
1.378870668620734005e-03
2.478583463482153566e-08
5.809737453609032287e-08
9.299602709701738003e-09
1.631766735483894168e-07
2.203235698558197689e-08
2.007804291288243969e-09
1.191618704818945803e-03
2.894556109937188211e-04
4.382522737135257628e-10
3.516833576203099259e-08
4.655919497697912134e-09
1.378870668620734005e-03
1.637093997064878195e-08
2.478583463482153566e-08
2.007804291288243969e-09
5.633191603060879485e-06
2.718753962860222552e-05
3.516833576203099259e-08
1.378870668620734005e-03
1.637093997064878195e-08
2.478583463482153566e-08
5.809737453609032287e-08
1.699925570867746476e-08
2.266625392471849181e-08
2.007804291288243969e-09
4.293217911475363464e-06
1.853884425047056965e-05
2.679740133870253236e-08
4.655919497697912134e-09
1.637093997064878195e-08
2.478583463482153566e-08
9.299602709701738003e-09
2.266625392471849181e-08
5.269418529438869966e-05
5.633191603060879485e-06
4.289566465375226686e-07
4.382522737135257628e-10
2.679740133870253236e-08
5.809737453609032287e-08
1.631766735483894168e-07
2.266625392471849181e-08
5.269418529438869966e-05
6.844953396200685282e-09
1.201104533667062091e-08
2.852716021048082470e-06
2.203235698558197689e-08
4.293217911475363464e-06
4.289566465375226686e-07
4.655919497697912134e-09
2.478583463482153566e-08
2.507448155743436372e-07
2.973862816000740862e-08
3.318679895890470043e-04
8.983170174797343400e-09
4.117834614078066946e-04
7.866881368996312529e-06
4.382522737135257628e-10
3.516833576203099259e-08
3.825476465736984113e-08
9.938622571230437267e-07
5.809737453609032287e-08
1.631766735483894168e-07
2.266625392471849181e-08
5.269418529438869966e-05
5.633191603060879485e-06
4.289566465375226686e-07
1.023517919691193831e-06
5.809737453609032287e-08
1.699925570867746476e-08
1.631766735483894168e-07
2.973862816000740862e-08
5.269418529438869966e-05
6.844953396200685282e-09
4.598702635637988433e-07
4.117834614078066946e-04
2.007804291288243969e-09
5.633191603060879485e-06
1.409842534308451071e-04
2.679740133870253236e-08
4.655919497697912134e-09
1.637093997064878195e-08
2.478583463482153566e-08
4.832577921323391212e-06
1.631766735483894168e-07
2.203235698558197689e-08
2.007804291288243969e-09
4.293217911475363464e-06
3.516833576203099259e-08
4.655919497697912134e-09
7.492911879807415132e-02
1.637093997064878195e-08
5.809737453609032287e-08
9.299602709701738003e-09
1.631766735483894168e-07
5.633191603060879485e-06
4.382522737135257628e-10
3.516833576203099259e-08
3.825476465736984113e-08
1.378870668620734005e-03
2.478583463482153566e-08
9.299602709701738003e-09
1.699925570867746476e-08
2.266625392471849181e-08
8.983170174797343400e-09
2.203235698558197689e-08
4.293217911475363464e-06
4.382522737135257628e-10
3.516833576203099259e-08
4.655919497697912134e-09
1.378870668620734005e-03
5.809737453609032287e-08
1.699925570867746476e-08
1.631766735483894168e-07
2.973862816000740862e-08
1.261142477181490852e-08
4.293217911475363464e-06
4.289566465375226686e-07
1.082396373168022154e-05
4.655919497697912134e-09
7.492911879807415132e-02
2.478583463482153566e-08
5.809737453609032287e-08
8.208437498227218448e-05
1.699925570867746476e-08
2.007804291288243969e-09
4.382522737135257628e-10
6.255919729575364996e-05
4.655919497697912134e-09
1.378870668620734005e-03
2.478583463482153566e-08
9.299602709701738003e-09
1.699925570867746476e-08
1.631766735483894168e-07
2.266625392471849181e-08
2.203235698558197689e-08
2.382275800615995235e-05
2.007804291288243969e-09
5.633191603060879485e-06
4.289566465375226686e-07
4.382522737135257628e-10
4.655919497697912134e-09
7.395429206668377414e-06
1.378870668620734005e-03
1.637093997064878195e-08
1.261142477181490852e-08
5.633191603060879485e-06
1.417149377260885113e-06
2.679740133870253236e-08
4.655919497697912134e-09
5.809737453609032287e-08
9.299602709701738003e-09
2.507448155743436372e-07
1.631766735483894168e-07
2.973862816000740862e-08
5.633191603060879485e-06
2.760163133934708537e-09
2.679740133870253236e-08
4.655919497697912134e-09
4.453812627282367528e-06
9.299602709701738003e-09
2.266625392471849181e-08
6.844953396200685282e-09
4.598702635637988433e-07
4.109670430145907617e-09
2.007804291288243969e-09
4.293217911475363464e-06
4.289566465375226686e-07
3.516833576203099259e-08
4.655919497697912134e-09
1.378870668620734005e-03
9.299602709701738003e-09
1.699925570867746476e-08
2.266625392471849181e-08
5.269418529438869966e-05
5.633191603060879485e-06
1.417149377260885113e-06
4.289566465375226686e-07
4.382522737135257628e-10
3.516833576203099259e-08
1.637093997064878195e-08
5.809737453609032287e-08
9.299602709701738003e-09
1.631766735483894168e-07
2.266625392471849181e-08
4.293217911475363464e-06
4.289566465375226686e-07
4.382522737135257628e-10
2.679740133870253236e-08
5.809737453609032287e-08
9.299602709701738003e-09
1.699925570867746476e-08
1.477268473837924708e-06
6.844953396200685282e-09
4.598702635637988433e-07
2.487804806041161135e-06
2.203235698558197689e-08
2.007804291288243969e-09
4.382522737135257628e-10
3.516833576203099259e-08
7.395429206668377414e-06
1.378870668620734005e-03
1.637093997064878195e-08
5.809737453609032287e-08
9.299602709701738003e-09
4.293217911475363464e-06
4.289566465375226686e-07
2.679740133870253236e-08
3.825476465736984113e-08
1.378870668620734005e-03
2.478583463482153566e-08
5.809737453609032287e-08
1.699925570867746476e-08
1.631766735483894168e-07
2.266625392471849181e-08
2.203235698558197689e-08
1.114159684414106886e-09
4.293217911475363464e-06
4.289566465375226686e-07
1.378870668620734005e-03
2.478583463482153566e-08
3.308630812861261336e-06
5.809737453609032287e-08
9.299602709701738003e-09
1.699925570867746476e-08
2.203235698558197689e-08
4.293217911475363464e-06
3.516833576203099259e-08
6.255919729575364996e-05
4.655919497697912134e-09
1.378870668620734005e-03
1.637093997064878195e-08
2.266625392471849181e-08
5.269418529438869966e-05
6.844953396200685282e-09
2.203235698558197689e-08
1.114159684414106886e-09
4.293217911475363464e-06
4.382522737135257628e-10
3.516833576203099259e-08
3.825476465736984113e-08
6.775055919152234709e-07
1.378870668620734005e-03
2.478583463482153566e-08
5.809737453609032287e-08
5.633191603060879485e-06
3.516833576203099259e-08
3.825476465736984113e-08
6.905154382762867819e-07
4.797369603055307830e-07
9.299602709701738003e-09
1.699925570867746476e-08
2.266625392471849181e-08
5.507015706754447769e-07
4.598702635637988433e-07
2.203235698558197689e-08
1.298602494743901222e-07
5.633191603060879485e-06
4.289566465375226686e-07
4.382522737135257628e-10
3.516833576203099259e-08
7.395429206668377414e-06
1.378870668620734005e-03
1.637093997064878195e-08
5.809737453609032287e-08
5.633191603060879485e-06
2.679740133870253236e-08
1.378870668620734005e-03
2.478583463482153566e-08
2.973862816000740862e-08
6.844953396200685282e-09
4.109670430145907617e-09
2.933191809234020686e-05
5.457127890154704346e-09
1.849447676355746275e-08
2.203235698558197689e-08
2.007804291288243969e-09
4.289566465375226686e-07
2.679740133870253236e-08
4.655919497697912134e-09
1.378870668620734005e-03
2.478583463482153566e-08
2.507448155743436372e-07
1.699925570867746476e-08
1.631766735483894168e-07
2.852716021048082470e-06
2.007804291288243969e-09
2.679740133870253236e-08
4.655919497697912134e-09
1.378870668620734005e-03
1.637093997064878195e-08
5.809737453609032287e-08
9.299602709701738003e-09
1.699925570867746476e-08
1.631766735483894168e-07
1.323589942085294322e-07
2.007804291288243969e-09
4.293217911475363464e-06
4.382522737135257628e-10
2.679740133870253236e-08
1.378870668620734005e-03
4.797369603055307830e-07
2.266625392471849181e-08
8.983170174797343400e-09
4.598702635637988433e-07
2.203235698558197689e-08
2.007804291288243969e-09
4.293217911475363464e-06
4.289566465375226686e-07
4.382522737135257628e-10
3.516833576203099259e-08
5.809737453609032287e-08
9.299602709701738003e-09
1.699925570867746476e-08
2.266625392471849181e-08
4.293217911475363464e-06
4.382522737135257628e-10
1.398052158984686998e-05
4.453812627282367528e-06
6.686648086762107316e-07
5.809737453609032287e-08
9.299602709701738003e-09
9.233417769076800218e-07
1.631766735483894168e-07
2.973862816000740862e-08
4.293217911475363464e-06
1.417149377260885113e-06
4.289566465375226686e-07
2.679740133870253236e-08
4.655919497697912134e-09
2.478583463482153566e-08
9.299602709701738003e-09
1.699925570867746476e-08
2.266625392471849181e-08
5.269418529438869966e-05
2.007804291288243969e-09
4.655919497697912134e-09
1.378870668620734005e-03
1.637093997064878195e-08
1.844364353316665644e-06
5.809737453609032287e-08
2.507448155743436372e-07
1.699925570867746476e-08
2.266625392471849181e-08
5.269418529438869966e-05
2.760163133934708537e-09
3.516833576203099259e-08
1.378870668620734005e-03
5.809737453609032287e-08
1.699925570867746476e-08
1.631766735483894168e-07
2.973862816000740862e-08
8.983170174797343400e-09
2.896415793194600238e-06
1.201104533667062091e-08
2.007804291288243969e-09
5.633191603060879485e-06
4.289566465375226686e-07
2.760163133934708537e-09
2.679740133870253236e-08
1.637093997064878195e-08
1.844364353316665644e-06
5.809737453609032287e-08
9.299602709701738003e-09
1.699925570867746476e-08
2.203235698558197689e-08
4.293217911475363464e-06
2.679740133870253236e-08
1.378870668620734005e-03
2.478583463482153566e-08
1.699925570867746476e-08
1.631766735483894168e-07
2.266625392471849181e-08
6.844953396200685282e-09
4.598702635637988433e-07
1.417149377260885113e-06
2.679740133870253236e-08
4.655919497697912134e-09
1.378870668620734005e-03
1.637093997064878195e-08
5.809737453609032287e-08
1.631766735483894168e-07
2.266625392471849181e-08
6.844953396200685282e-09
4.598702635637988433e-07
2.203235698558197689e-08
2.007804291288243969e-09
5.633191603060879485e-06
3.516833576203099259e-08
1.378870668620734005e-03
5.809737453609032287e-08
9.299602709701738003e-09
6.170069076805853028e-07
1.631766735483894168e-07
2.973862816000740862e-08
2.007804291288243969e-09
5.633191603060879485e-06
1.456126535632951862e-06
4.655919497697912134e-09
1.378870668620734005e-03
1.637093997064878195e-08
5.809737453609032287e-08
9.299602709701738003e-09
3.592687252499320288e-03
1.631766735483894168e-07
4.293217911475363464e-06
4.289566465375226686e-07
3.516833576203099259e-08
4.655919497697912134e-09
1.378870668620734005e-03
1.637093997064878195e-08
2.973862816000740862e-08
5.269418529438869966e-05
6.844953396200685282e-09
5.834952606479264858e-07
1.114159684414106886e-09
2.007804291288243969e-09
4.293217911475363464e-06
4.289566465375226686e-07
2.679740133870253236e-08
2.478583463482153566e-08
2.976621529837338731e-05
9.299602709701738003e-09
1.699925570867746476e-08
2.266625392471849181e-08
2.203235698558197689e-08
2.007804291288243969e-09
4.289566465375226686e-07
4.382522737135257628e-10
2.679740133870253236e-08
2.478583463482153566e-08
2.507448155743436372e-07
1.699925570867746476e-08
2.266625392471849181e-08
8.983170174797343400e-09
4.293217911475363464e-06
4.289566465375226686e-07
3.516833576203099259e-08
4.655919497697912134e-09
1.378870668620734005e-03
1.637093997064878195e-08
9.299602709701738003e-09
1.631766735483894168e-07
6.844953396200685282e-09
1.201104533667062091e-08
2.203235698558197689e-08
2.007804291288243969e-09
4.293217911475363464e-06
1.428439418300829727e-05
1.456126535632951862e-06
1.378870668620734005e-03
1.637093997064878195e-08
2.478583463482153566e-08
1.631766735483894168e-07
2.266625392471849181e-08
4.655919497697912134e-09
1.378870668620734005e-03
1.637093997064878195e-08
2.478583463482153566e-08
1.699925570867746476e-08
1.631766735483894168e-07
2.266625392471849181e-08
5.269418529438869966e-05
6.844953396200685282e-09
2.896415793194600238e-06
4.289566465375226686e-07
3.516833576203099259e-08
4.655919497697912134e-09
1.378870668620734005e-03
1.637093997064878195e-08
2.478583463482153566e-08
5.809737453609032287e-08
1.699925570867746476e-08
5.269418529438869966e-05
8.983170174797343400e-09
1.261142477181490852e-08
5.633191603060879485e-06
2.679740133870253236e-08
2.478583463482153566e-08
9.299602709701738003e-09
1.699925570867746476e-08
1.631766735483894168e-07
2.266625392471849181e-08
3.318679895890470043e-04
6.844953396200685282e-09
5.633191603060879485e-06
4.289566465375226686e-07
4.382522737135257628e-10
3.516833576203099259e-08
1.378870668620734005e-03
1.637093997064878195e-08
2.478583463482153566e-08
5.809737453609032287e-08
1.631766735483894168e-07
6.844953396200685282e-09
1.323589942085294322e-07
2.203235698558197689e-08
5.633191603060879485e-06
4.382522737135257628e-10
4.655919497697912134e-09
1.378870668620734005e-03
3.369141490493729484e-04
5.809737453609032287e-08
1.699925570867746476e-08
1.631766735483894168e-07
2.007804291288243969e-09
5.633191603060879485e-06
4.382522737135257628e-10
2.679740133870253236e-08
4.655919497697912134e-09
2.478583463482153566e-08
5.809737453609032287e-08
9.299602709701738003e-09
1.699925570867746476e-08
1.631766735483894168e-07
1.323589942085294322e-07
5.633191603060879485e-06
4.289566465375226686e-07
4.382522737135257628e-10
2.679740133870253236e-08
1.378870668620734005e-03
1.637093997064878195e-08
2.478583463482153566e-08
5.809737453609032287e-08
1.699925570867746476e-08
2.203235698558197689e-08
2.007804291288243969e-09
4.293217911475363464e-06
3.516833576203099259e-08
4.655919497697912134e-09
9.299602709701738003e-09
2.266625392471849181e-08
5.269418529438869966e-05
8.983170174797343400e-09
4.598702635637988433e-07
1.258967113724010308e-05
4.289566465375226686e-07
2.679740133870253236e-08
3.403929323656639734e-06
1.378870668620734005e-03
9.299602709701738003e-09
2.507448155743436372e-07
1.699925570867746476e-08
2.973862816000740862e-08
5.269418529438869966e-05
4.293217911475363464e-06
4.289566465375226686e-07
3.516833576203099259e-08
2.478583463482153566e-08
5.809737453609032287e-08
1.699925570867746476e-08
2.266625392471849181e-08
5.269418529438869966e-05
6.844953396200685282e-09
2.896415793194600238e-06
2.487804806041161135e-06
2.203235698558197689e-08
4.293217911475363464e-06
3.516833576203099259e-08
9.299602709701738003e-09
1.699925570867746476e-08
2.266625392471849181e-08
5.269418529438869966e-05
6.844953396200685282e-09
4.598702635637988433e-07
2.007804291288243969e-09
2.679740133870253236e-08
6.775055919152234709e-07
1.378870668620734005e-03
1.631766735483894168e-07
2.266625392471849181e-08
5.269418529438869966e-05
6.844953396200685282e-09
5.457127890154704346e-09
2.788147960325073511e-07
2.203235698558197689e-08
4.289566465375226686e-07
3.516833576203099259e-08
1.378870668620734005e-03
2.478583463482153566e-08
2.266625392471849181e-08
6.844953396200685282e-09
1.201104533667062091e-08
5.161123870962265795e-08
1.878035534257286546e-10
2.203235698558197689e-08
5.633191603060879485e-06
3.516833576203099259e-08
4.655919497697912134e-09
1.637093997064878195e-08
2.478583463482153566e-08
1.699925570867746476e-08
2.973862816000740862e-08
8.983170174797343400e-09
2.896415793194600238e-06
3.454142470580108190e-04
2.679740133870253236e-08
4.655919497697912134e-09
9.603297793400461044e-07
1.378870668620734005e-03
1.637093997064878195e-08
2.478583463482153566e-08
9.299602709701738003e-09
1.699925570867746476e-08
2.266625392471849181e-08
2.203235698558197689e-08
1.114159684414106886e-09
2.007804291288243969e-09
4.293217911475363464e-06
4.289566465375226686e-07
4.382522737135257628e-10
3.345735573472213538e-07
2.478583463482153566e-08
9.299602709701738003e-09
1.699925570867746476e-08
5.633191603060879485e-06
3.516833576203099259e-08
3.303628974580426237e-07
1.699925570867746476e-08
2.266625392471849181e-08
8.983170174797343400e-09
5.457127890154704346e-09
9.281189730325161742e-07
2.236082884522701572e-07
5.834952606479264858e-07
4.293217911475363464e-06
4.289566465375226686e-07
4.382522737135257628e-10
2.679740133870253236e-08
4.655919497697912134e-09
1.378870668620734005e-03
2.478583463482153566e-08
1.699925570867746476e-08
2.973862816000740862e-08
5.269418529438869966e-05
5.633191603060879485e-06
4.289566465375226686e-07
3.516833576203099259e-08
1.699925570867746476e-08
2.266625392471849181e-08
6.844953396200685282e-09
1.201104533667062091e-08
4.109670430145907617e-09
5.457127890154704346e-09
1.849447676355746275e-08
2.007804291288243969e-09
5.633191603060879485e-06
4.289566465375226686e-07
4.382522737135257628e-10
1.378870668620734005e-03
1.637093997064878195e-08
3.303628974580426237e-07
9.299602709701738003e-09
1.699925570867746476e-08
2.266625392471849181e-08
1.114159684414106886e-09
5.633191603060879485e-06
2.679740133870253236e-08
4.655919497697912134e-09
1.378870668620734005e-03
1.637093997064878195e-08
2.478583463482153566e-08
9.299602709701738003e-09
1.699925570867746476e-08
1.631766735483894168e-07
2.007804291288243969e-09
4.293217911475363464e-06
2.679740133870253236e-08
4.655919497697912134e-09
1.637093997064878195e-08
4.898285869861311018e-06
5.809737453609032287e-08
9.299602709701738003e-09
7.923307697290597317e-04
2.973862816000740862e-08
2.006137940240611707e-06
2.679740133870253236e-08
4.655919497697912134e-09
6.775055919152234709e-07
1.378870668620734005e-03
5.809737453609032287e-08
3.592687252499320288e-03
1.631766735483894168e-07
5.269418529438869966e-05
2.933191809234020686e-05
4.293217911475363464e-06
2.679740133870253236e-08
9.299602709701738003e-09
5.457127890154704346e-09
1.849447676355746275e-08
2.839055399868310149e-06
1.878035534257286546e-10
6.140383570633005526e-07
8.302530170715117399e-06
3.648161810249982425e-07
7.395429206668377414e-06
2.478583463482153566e-08
5.809737453609032287e-08
1.699925570867746476e-08
6.844953396200685282e-09
1.201104533667062091e-08
4.109670430145907617e-09
5.414893828246188263e-05
5.457127890154704346e-09
1.797030182190644581e-05
2.007804291288243969e-09
4.293217911475363464e-06
9.299602709701738003e-09
1.699925570867746476e-08
2.266625392471849181e-08
6.844953396200685282e-09
5.295060171249628623e-08
5.834952606479264858e-07
6.326413138347238738e-06
2.788147960325073511e-07
2.493628101520741977e-02
1.417149377260885113e-06
4.289566465375226686e-07
4.382522737135257628e-10
2.679740133870253236e-08
1.637093997064878195e-08
2.478583463482153566e-08
5.809737453609032287e-08
9.299602709701738003e-09
3.071196382035206959e-04
1.216455920965059469e-06
2.007804291288243969e-09
5.633191603060879485e-06
4.289566465375226686e-07
4.382522737135257628e-10
4.655919497697912134e-09
1.378870668620734005e-03
1.699925570867746476e-08
5.269418529438869966e-05
1.443922195953477609e-04
2.203235698558197689e-08
5.633191603060879485e-06
3.516833576203099259e-08
1.637093997064878195e-08
2.478583463482153566e-08
5.809737453609032287e-08
9.299602709701738003e-09
1.699925570867746476e-08
2.973862816000740862e-08
5.269418529438869966e-05
1.323589942085294322e-07
5.633191603060879485e-06
4.289566465375226686e-07
4.382522737135257628e-10
2.679740133870253236e-08
4.655919497697912134e-09
9.603297793400461044e-07
1.699925570867746476e-08
1.631766735483894168e-07
2.266625392471849181e-08
4.293217911475363464e-06
1.417149377260885113e-06
4.289566465375226686e-07
3.516833576203099259e-08
1.378870668620734005e-03
1.844364353316665644e-06
1.023517919691193831e-06
7.382769717029708846e-06
3.071196382035206959e-04
1.699925570867746476e-08
4.293217911475363464e-06
1.417149377260885113e-06
2.679740133870253236e-08
1.637093997064878195e-08
2.478583463482153566e-08
1.017220830697638255e-05
4.797369603055307830e-07
1.699925570867746476e-08
6.844953396200685282e-09
4.598702635637988433e-07
2.203235698558197689e-08
2.007804291288243969e-09
4.293217911475363464e-06
4.382522737135257628e-10
2.478583463482153566e-08
5.809737453609032287e-08
6.873101815673426572e-06
1.699925570867746476e-08
1.631766735483894168e-07
1.477268473837924708e-06
2.007804291288243969e-09
5.633191603060879485e-06
4.382522737135257628e-10
2.679740133870253236e-08
4.655919497697912134e-09
1.378870668620734005e-03
2.478583463482153566e-08
5.809737453609032287e-08
9.299602709701738003e-09
1.699925570867746476e-08
2.760163133934708537e-09
2.679740133870253236e-08
1.378870668620734005e-03
1.836953864103060704e-06
5.809737453609032287e-08
9.299602709701738003e-09
1.699925570867746476e-08
1.631766735483894168e-07
2.266625392471849181e-08
6.844953396200685282e-09
4.293217911475363464e-06
4.289566465375226686e-07
2.679740133870253236e-08
5.809737453609032287e-08
1.699925570867746476e-08
2.266625392471849181e-08
6.844953396200685282e-09
2.896415793194600238e-06
4.109670430145907617e-09
1.849447676355746275e-08
