1.230071215221532748e-07
3.908407491663561475e-08
4.809268314092089372e-10
1.893915132945199266e-08
3.552149872314051434e-09
1.376019799628250658e-06
5.163470479679884023e-10
7.135113434956891774e-10
2.970805377545153033e-05
9.494112567562721077e-06
1.117995787678382913e-08
5.952560880629051747e-08
6.822653794514286531e-05
8.882455682195054182e-09
3.552149872314051434e-09
8.600128354625537373e-10
1.339686259780971093e-09
7.135113434956891774e-10
2.509320616277895741e-09
4.184200443628012692e-07
5.514591454812774749e-09
3.200580831577632860e-05
4.809268314092089372e-10
2.919895746438836614e-08
5.163470479679884023e-10
7.135113434956891774e-10
2.090875106900287534e-09
6.240264290465653881e-09
7.042664690587104430e-08
1.153962125397986368e-07
5.013951520950992142e-07
1.178166807387306430e-06
6.822653794514286531e-05
3.552149872314051434e-09
8.600128354625537373e-10
1.339686259780971093e-09
6.238348053144664689e-08
2.239581054258701497e-08
5.996501524464731419e-10
7.221262203029749977e-08
3.189629103307493982e-10
3.656059936090845785e-09
8.600128354625537373e-10
5.163470479679884023e-10
2.482643973548544903e-08
9.494112567562721077e-06
1.639161315165819313e-08
5.996501524464731419e-10
2.627993684585034833e-10
1.148406811098903058e-09
5.221010906606069744e-09
3.090255303874624563e-07
9.105729829965349486e-06
6.822653794514286531e-05
8.600128354625537373e-10
2.919895746438836614e-08
5.163470479679884023e-10
7.135113434956891774e-10
4.557069050976020101e-07
2.090875106900287534e-09
7.400610721234459416e-08
4.447071071913181943e-09
5.163470479679884023e-10
2.216958987611505324e-07
1.025817555664096100e-06
1.153962125397986368e-07
3.879890779590731391e-10
2.239581054258701497e-08
2.908468255274233924e-07
5.363700381234938503e-09
4.809268314092089372e-10
7.797857649330186064e-08
8.600128354625537373e-10
2.919895746438836614e-08
7.135113434956891774e-10
2.509320616277895741e-09
1.639161315165819313e-08
5.246251225137859331e-07
2.086564992527802304e-08
6.125308060739599575e-07
5.221010906606069744e-09
8.170513160208003829e-10
6.822653794514286531e-05
4.809268314092089372e-10
1.376019799628250658e-06
5.739598135430415797e-08
1.339686259780971093e-09
7.135113434956891774e-10
2.446748567135072286e-08
1.153962125397986368e-07
1.117995787678382913e-08
5.221010906606069744e-09
4.809268314092089372e-10
8.600128354625537373e-10
5.163470479679884023e-10
7.135113434956891774e-10
2.446748567135072286e-08
2.090875106900287534e-09
1.333148118497556310e-07
5.443522567536807630e-07
8.170513160208003829e-10
6.822653794514286531e-05
4.809268314092089372e-10
1.395600512760038264e-08
1.550113317291872754e-09
7.135113434956891774e-10
2.090875106900287534e-09
7.042664690587104430e-08
1.905604575767970121e-09
2.509320616277895741e-09
6.692577975337683744e-08
4.809268314092089372e-10
3.031518024228604120e-09
3.552149872314051434e-09
1.672027007089765977e-07
8.600128354625537373e-10
5.163470479679884023e-10
7.790532368642834834e-10
3.522267707274717131e-07
7.049562019522480621e-07
1.117995787678382913e-08
1.203711859065762143e-09
3.761406748950622482e-09
8.600128354625537373e-10
2.919895746438836614e-08
5.163470479679884023e-10
7.135113434956891774e-10
5.996501524464731419e-10
7.520172509945003877e-07
1.945518323835309083e-06
9.212555777818611090e-09
3.189629103307493982e-10
8.170513160208003829e-10
6.822653794514286531e-05
4.809268314092089372e-10
8.600128354625537373e-10
5.163470479679884023e-10
7.135113434956891774e-10
5.996501524464731419e-10
1.148406811098903058e-09
4.846130179086424001e-07
1.424458388709249733e-05
4.447071071913181943e-09
6.822653794514286531e-05
4.809268314092089372e-10
3.031518024228604120e-09
3.967969299735706533e-07
2.970805377545153033e-05
2.446748567135072286e-08
7.042664690587104430e-08
1.117995787678382913e-08
9.212555777818611090e-09
2.898128360309806964e-07
8.170513160208003829e-10
4.447071071913181943e-09
6.822653794514286531e-05
4.809268314092089372e-10
1.395600512760038264e-08
3.552149872314051434e-09
2.919895746438836614e-08
6.822653794514286531e-05
1.893915132945199266e-08
8.600128354625537373e-10
4.732930129924920547e-06
5.163470479679884023e-10
2.446748567135072286e-08
2.146385702279530790e-08
7.790532368642834834e-10
2.239581054258701497e-08
1.781250213950241765e-08
5.514591454812774749e-09
4.809268314092089372e-10
1.893915132945199266e-08
1.550113317291872754e-09
5.163470479679884023e-10
7.135113434956891774e-10
2.239581054258701497e-08
7.520172509945003877e-07
3.988391433325905884e-08
1.479135972555730053e-07
6.692577975337683744e-08
8.170513160208003829e-10
1.339686259780971093e-09
2.446748567135072286e-08
2.090875106900287534e-09
1.333148118497556310e-07
8.820476351370434830e-08
2.239581054258701497e-08
1.204838382802792451e-08
1.148406811098903058e-09
9.212555777818611090e-09
4.694573634910741963e-05
1.178166807387306430e-06
8.170513160208003829e-10
4.809268314092089372e-10
1.424361142278935219e-08
5.163470479679884023e-10
7.042664690587104430e-08
2.509320616277895741e-09
3.348082780297157343e-07
2.295932208671666712e-09
3.031518024228604120e-09
8.600128354625537373e-10
7.135113434956891774e-10
5.443522567536807630e-07
1.204838382802792451e-08
5.996501524464731419e-10
1.945518323835309083e-06
6.141701358806202784e-08
1.670059342138372582e-07
1.117995787678382913e-08
4.809268314092089372e-10
7.278240829304497994e-06
2.919895746438836614e-08
2.970805377545153033e-05
1.153962125397986368e-07
4.552936868956389002e-07
6.549810361137534596e-06
3.988391433325905884e-08
1.945518323835309083e-06
1.117995787678382913e-08
5.221010906606069744e-09
6.692577975337683744e-08
4.447071071913181943e-09
1.230071215221532748e-07
6.748648405438116464e-08
2.919895746438836614e-08
5.163470479679884023e-10
7.135113434956891774e-10
7.042664690587104430e-08
3.507247221063494165e-06
5.536156794536694164e-08
3.761406748950622482e-09
4.809268314092089372e-10
1.893915132945199266e-08
8.600128354625537373e-10
1.424361142278935219e-08
2.265295978125427233e-08
2.970805377545153033e-05
2.216958987611505324e-07
9.212555777818611090e-09
3.740701090505574447e-05
8.170513160208003829e-10
6.822653794514286531e-05
8.809634119482503874e-09
4.809268314092089372e-10
3.031518024228604120e-09
2.919895746438836614e-08
4.797922607191577888e-07
5.163470479679884023e-10
1.117995787678382913e-08
3.507247221063494165e-06
2.046555030053276057e-08
1.893915132945199266e-08
3.031518024228604120e-09
3.552149872314051434e-09
8.600128354625537373e-10
7.135113434956891774e-10
2.446748567135072286e-08
2.090875106900287534e-09
1.117995787678382913e-08
5.221010906606069744e-09
9.212555777818611090e-09
6.692577975337683744e-08
6.822653794514286531e-05
1.550113317291872754e-09
8.024816882259312077e-09
7.135113434956891774e-10
2.562728810765252580e-04
5.118370874011246748e-03
1.117995787678382913e-08
1.203711859065762143e-09
2.919895746438836614e-08
5.163470479679884023e-10
7.135113434956891774e-10
2.446748567135072286e-08
1.153962125397986368e-07
1.333148118497556310e-07
2.509320616277895741e-09
3.564627762538072437e-06
5.221010906606069744e-09
9.212555777818611090e-09
3.189629103307493982e-10
4.809268314092089372e-10
3.552149872314051434e-09
2.919895746438836614e-08
5.163470479679884023e-10
1.153962125397986368e-07
3.841325759901630913e-04
8.810197250128341609e-10
1.117995787678382913e-08
9.212555777818611090e-09
4.419017528943784849e-08
4.809268314092089372e-10
1.893915132945199266e-08
1.395600512760038264e-08
8.600128354625537373e-10
5.163470479679884023e-10
7.135113434956891774e-10
1.148406811098903058e-09
5.221010906606069744e-09
8.170513160208003829e-10
4.809268314092089372e-10
1.893915132945199266e-08
1.550113317291872754e-09
8.600128354625537373e-10
5.163470479679884023e-10
7.135113434956891774e-10
2.446748567135072286e-08
1.343652775539555751e-07
5.631634244267222299e-07
3.740701090505574447e-05
1.424458388709249733e-05
9.473701043144587308e-08
5.163470479679884023e-10
6.238348053144664689e-08
6.240264290465653881e-09
7.042664690587104430e-08
1.153962125397986368e-07
3.442251038613152443e-06
9.212555777818611090e-09
8.170513160208003829e-10
2.978800447486015632e-08
3.899419267553642308e-08
8.882455682195054182e-09
1.550113317291872754e-09
8.600128354625537373e-10
2.919895746438836614e-08
1.339686259780971093e-09
7.135113434956891774e-10
9.212555777818611090e-09
9.105729829965349486e-06
3.899419267553642308e-08
3.552149872314051434e-09
8.600128354625537373e-10
2.919895746438836614e-08
1.339686259780971093e-09
7.135113434956891774e-10
2.446748567135072286e-08
1.025817555664096100e-06
5.013951520950992142e-07
2.898128360309806964e-07
9.105729829965349486e-06
4.809268314092089372e-10
8.600128354625537373e-10
1.339686259780971093e-09
1.141947456347172297e-07
7.520172509945003877e-07
2.908468255274233924e-07
5.554352605246266018e-09
1.117995787678382913e-08
5.221010906606069744e-09
1.276166199422635282e-02
1.335559191832086051e-06
1.230071215221532748e-07
3.350187546224063987e-07
3.031518024228604120e-09
1.550113317291872754e-09
8.600128354625537373e-10
3.967969299735706533e-07
9.212555777818611090e-09
4.809268314092089372e-10
3.350187546224063987e-07
2.127432162179001846e-05
1.376019799628250658e-06
2.919895746438836614e-08
5.163470479679884023e-10
7.135113434956891774e-10
2.446748567135072286e-08
1.153962125397986368e-07
3.308831489073565094e-08
3.507247221063494165e-06
1.230071215221532748e-07
3.552149872314051434e-09
1.550113317291872754e-09
8.600128354625537373e-10
2.919895746438836614e-08
1.339686259780971093e-09
7.135113434956891774e-10
2.446748567135072286e-08
5.126927363989780274e-06
1.550113317291872754e-09
8.600128354625537373e-10
2.919895746438836614e-08
5.163470479679884023e-10
7.135113434956891774e-10
2.446748567135072286e-08
1.025817555664096100e-06
2.090875106900287534e-09
2.482643973548544903e-08
3.740701090505574447e-05
3.189629103307493982e-10
8.170513160208003829e-10
1.335559191832086051e-06
4.809268314092089372e-10
8.600128354625537373e-10
2.919895746438836614e-08
5.163470479679884023e-10
7.135113434956891774e-10
8.131127126476036387e-04
2.924306656942401768e-06
1.893915132945199266e-08
1.376019799628250658e-06
8.600128354625537373e-10
2.919895746438836614e-08
5.163470479679884023e-10
7.135113434956891774e-10
2.970805377545153033e-05
2.446748567135072286e-08
1.793793083403597932e-10
5.221010906606069744e-09
9.212555777818611090e-09
9.105729829965349486e-06
8.170513160208003829e-10
4.072965361285504699e-09
4.809268314092089372e-10
3.552149872314051434e-09
2.919895746438836614e-08
1.544207336523430475e-06
2.265295978125427233e-08
1.117995787678382913e-08
3.507247221063494165e-06
4.072965361285504699e-09
5.258574332132633920e-07
1.376019799628250658e-06
8.600128354625537373e-10
5.163470479679884023e-10
6.920475397895124585e-06
7.135113434956891774e-10
6.238348053144664689e-08
1.117995787678382913e-08
3.189629103307493982e-10
8.170513160208003829e-10
4.072965361285504699e-09
8.600128354625537373e-10
5.163470479679884023e-10
3.130286854797435651e-08
2.446748567135072286e-08
2.090875106900287534e-09
1.905604575767970121e-09
6.822653794514286531e-05
4.809268314092089372e-10
1.893915132945199266e-08
1.395600512760038264e-08
8.600128354625537373e-10
7.278240829304497994e-06
1.381451920737043954e-08
5.163470479679884023e-10
2.016660337030700691e-04
2.446748567135072286e-08
9.212555777818611090e-09
2.136522768942215613e-09
1.425339405625547003e-06
1.893915132945199266e-08
1.550113317291872754e-09
1.339686259780971093e-09
2.446748567135072286e-08
6.240264290465653881e-09
7.042664690587104430e-08
3.879890779590731391e-10
1.893915132945199266e-08
3.031518024228604120e-09
8.600128354625537373e-10
1.931521332932638267e-06
1.339686259780971093e-09
7.135113434956891774e-10
2.446748567135072286e-08
2.109091042199560714e-06
5.996501524464731419e-10
1.148406811098903058e-09
4.447071071913181943e-09
1.381451920737043954e-08
2.919895746438836614e-08
5.163470479679884023e-10
2.446748567135072286e-08
7.042664690587104430e-08
1.179275857158209021e-08
2.509320616277895741e-09
3.988391433325905884e-08
1.945518323835309083e-06
1.203711859065762143e-09
8.170513160208003829e-10
2.439477700982319606e-08
1.376019799628250658e-06
8.600128354625537373e-10
2.919895746438836614e-08
5.163470479679884023e-10
2.090875106900287534e-09
1.793793083403597932e-10
2.509320616277895741e-09
6.822653794514286531e-05
3.031518024228604120e-09
2.163174528235083409e-04
8.600128354625537373e-10
2.919895746438836614e-08
5.163470479679884023e-10
7.157807687749203219e-08
6.240264290465653881e-09
7.042664690587104430e-08
2.509320616277895741e-09
1.117995787678382913e-08
5.221010906606069744e-09
9.212555777818611090e-09
8.882455682195054182e-09
1.550113317291872754e-09
5.163470479679884023e-10
2.446748567135072286e-08
5.062317390269548739e-07
2.090875106900287534e-09
1.639161315165819313e-08
3.656059936090845785e-09
9.270765153461671435e-07
1.550113317291872754e-09
8.600128354625537373e-10
1.381451920737043954e-08
1.424361142278935219e-08
1.339686259780971093e-09
7.135113434956891774e-10
2.446748567135072286e-08
1.793793083403597932e-10
5.221010906606069744e-09
2.898128360309806964e-07
6.822653794514286531e-05
4.072965361285504699e-09
4.809268314092089372e-10
8.600128354625537373e-10
1.381451920737043954e-08
2.919895746438836614e-08
2.446748567135072286e-08
6.769470484716829174e-10
1.117995787678382913e-08
9.212555777818611090e-09
6.114890539328138135e-03
6.822653794514286531e-05
3.908407491663561475e-08
8.809634119482503874e-09
4.809268314092089372e-10
1.893915132945199266e-08
3.552149872314051434e-09
8.600128354625537373e-10
5.221010906606069744e-09
2.519506887628835034e-08
7.586012166425317439e-06
3.177552402009325427e-01
8.170513160208003829e-10
1.335559191832086051e-06
3.031518024228604120e-09
8.600128354625537373e-10
2.919895746438836614e-08
5.163470479679884023e-10
3.189629103307493982e-10
5.536156794536694164e-08
1.893915132945199266e-08
1.550113317291872754e-09
8.600128354625537373e-10
1.025817555664096100e-06
4.667770221901119179e-09
2.502392042671193330e-09
4.193015058973288596e-08
2.880168501349222000e-08
1.206104287713351568e-03
1.335559191832086051e-06
4.809268314092089372e-10
1.893915132945199266e-08
3.031518024228604120e-09
3.552149872314051434e-09
1.841850849188495325e-05
1.550113317291872754e-09
8.600128354625537373e-10
2.919895746438836614e-08
5.221010906606069744e-09
6.822653794514286531e-05
9.619650186679650313e-08
1.893915132945199266e-08
1.376019799628250658e-06
1.339686259780971093e-09
1.996834756521125389e-07
2.446748567135072286e-08
9.002787763002456596e-06
5.996501524464731419e-10
1.206104287713351568e-03
5.441613070463353630e-01
3.031518024228604120e-09
5.163470479679884023e-10
7.135113434956891774e-10
2.239581054258701497e-08
1.781250213950241765e-08
1.945518323835309083e-06
4.494669580707997887e-09
2.502392042671193330e-09
3.308831489073565094e-08
3.031518024228604120e-09
8.600128354625537373e-10
5.163470479679884023e-10
7.135113434956891774e-10
7.042664690587104430e-08
3.841325759901630913e-04
5.443522567536807630e-07
3.484504684018005678e-04
1.639161315165819313e-08
1.117995787678382913e-08
3.189629103307493982e-10
1.828251295629913166e-07
4.072965361285504699e-09
1.893915132945199266e-08
7.797857649330186064e-08
8.600128354625537373e-10
1.931521332932638267e-06
8.018328050969466327e-06
5.163470479679884023e-10
1.230071215221532748e-07
3.908407491663561475e-08
3.899419267553642308e-08
6.072400400232321081e-09
5.163470479679884023e-10
2.446748567135072286e-08
4.486970191040409440e-05
8.131127126476036387e-04
9.494112567562721077e-06
2.239581054258701497e-08
1.276166199422635282e-02
6.822653794514286531e-05
4.662856521606078416e-08
3.552149872314051434e-09
2.770224829992710578e-07
8.600128354625537373e-10
5.163470479679884023e-10
7.135113434956891774e-10
2.446748567135072286e-08
2.398577504617115410e-07
1.117995787678382913e-08
1.749697485400288757e-09
8.170513160208003829e-10
1.893915132945199266e-08
8.600128354625537373e-10
1.931521332932638267e-06
8.024816882259312077e-09
1.339686259780971093e-09
2.446748567135072286e-08
7.042664690587104430e-08
9.212555777818611090e-09
1.335559191832086051e-06
6.206464421948058779e-06
1.022314093719319568e-05
3.031518024228604120e-09
2.919895746438836614e-08
1.339686259780971093e-09
2.970805377545153033e-05
8.202236081359300102e-02
7.042664690587104430e-08
9.212555777818611090e-09
2.898128360309806964e-07
3.908407491663561475e-08
4.809268314092089372e-10
1.893915132945199266e-08
3.031518024228604120e-09
5.163470479679884023e-10
7.135113434956891774e-10
4.184200443628012692e-07
5.996501524464731419e-10
9.212555777818611090e-09
1.335559191832086051e-06
3.699103770384055717e-08
1.893915132945199266e-08
1.395600512760038264e-08
1.550113317291872754e-09
8.600128354625537373e-10
5.163470479679884023e-10
2.446748567135072286e-08
6.603577683092466485e-09
4.809268314092089372e-10
2.491489861802936018e-08
8.600128354625537373e-10
2.919895746438836614e-08
5.163470479679884023e-10
2.446748567135072286e-08
6.238348053144664689e-08
9.494112567562721077e-06
1.333148118497556310e-07
7.520172509945003877e-07
9.212555777818611090e-09
4.809268314092089372e-10
1.893915132945199266e-08
8.882455682195054182e-09
2.919895746438836614e-08
5.163470479679884023e-10
7.135113434956891774e-10
2.446748567135072286e-08
7.157807687749203219e-08
1.153962125397986368e-07
1.775254000786253644e-06
9.212555777818611090e-09
5.270410976567287005e-08
9.506123486296495192e-07
1.893915132945199266e-08
8.882455682195054182e-09
1.376019799628250658e-06
5.163470479679884023e-10
7.042664690587104430e-08
5.079808382253160536e-08
5.221010906606069744e-09
9.105729829965349486e-06
1.041267559241419216e-05
8.600128354625537373e-10
2.919895746438836614e-08
7.135113434956891774e-10
2.446748567135072286e-08
1.025817555664096100e-06
5.079808382253160536e-08
2.239581054258701497e-08
1.117995787678382913e-08
5.221010906606069744e-09
1.056265212648361401e-03
4.447071071913181943e-09
8.882455682195054182e-09
3.552149872314051434e-09
8.600128354625537373e-10
1.339686259780971093e-09
1.025817555664096100e-06
2.090875106900287534e-09
1.178166807387306430e-06
8.170513160208003829e-10
4.809268314092089372e-10
2.897896253010038706e-07
8.600128354625537373e-10
1.339686259780971093e-09
7.135113434956891774e-10
1.025817555664096100e-06
4.832906734656166296e-09
2.239581054258701497e-08
5.221010906606069744e-09
3.507247221063494165e-06
8.170513160208003829e-10
9.104705116990057607e-05
1.893915132945199266e-08
3.552149872314051434e-09
2.897896253010038706e-07
2.919895746438836614e-08
1.339686259780971093e-09
2.446748567135072286e-08
8.170513160208003829e-10
1.893915132945199266e-08
8.170251241509769775e-08
8.600128354625537373e-10
7.278240829304497994e-06
2.446748567135072286e-08
1.025817555664096100e-06
9.002787763002456596e-06
1.899816065936351930e-07
1.330537042678590617e-07
1.117995787678382913e-08
9.105729829965349486e-06
2.091181698208153563e-06
8.170513160208003829e-10
4.809268314092089372e-10
3.350187546224063987e-07
7.135113434956891774e-10
2.016660337030700691e-04
2.446748567135072286e-08
4.355254889549173638e-08
7.586012166425317439e-06
4.809268314092089372e-10
8.600128354625537373e-10
2.919895746438836614e-08
5.163470479679884023e-10
7.135113434956891774e-10
2.446748567135072286e-08
1.130848646474655323e-07
2.402752059004394181e-05
2.973701647107656124e-03
1.117995787678382913e-08
6.692577975337683744e-08
3.740701090505574447e-05
8.170513160208003829e-10
1.230071215221532748e-07
4.809268314092089372e-10
8.882455682195054182e-09
1.550113317291872754e-09
2.919895746438836614e-08
2.446748567135072286e-08
5.221010906606069744e-09
2.778427871258838801e-06
3.761406748950622482e-09
1.696756025753253524e-06
1.893915132945199266e-08
1.550113317291872754e-09
8.600128354625537373e-10
2.919895746438836614e-08
7.135113434956891774e-10
2.446748567135072286e-08
1.117995787678382913e-08
2.519506887628835034e-08
2.439477700982319606e-08
4.071877324346890741e-06
2.127432162179001846e-05
8.600128354625537373e-10
2.919895746438836614e-08
5.163470479679884023e-10
7.135113434956891774e-10
2.446748567135072286e-08
4.809268314092089372e-10
1.893915132945199266e-08
8.882455682195054182e-09
3.552149872314051434e-09
8.600128354625537373e-10
2.919895746438836614e-08
2.265295978125427233e-08
7.135113434956891774e-10
1.330537042678590617e-07
5.996501524464731419e-10
3.189629103307493982e-10
1.550113317291872754e-09
8.600128354625537373e-10
2.919895746438836614e-08
4.827820008502717777e-07
5.163470479679884023e-10
2.446748567135072286e-08
2.090875106900287534e-09
5.443522567536807630e-07
2.086564992527802304e-08
2.825384561987475444e-07
3.507247221063494165e-06
2.465282180236637541e-05
4.809268314092089372e-10
8.600128354625537373e-10
2.919895746438836614e-08
5.163470479679884023e-10
7.135113434956891774e-10
2.446748567135072286e-08
1.025817555664096100e-06
3.235664800131163898e-06
3.189629103307493982e-10
8.170513160208003829e-10
3.656059936090845785e-09
1.893915132945199266e-08
3.031518024228604120e-09
2.919895746438836614e-08
1.339686259780971093e-09
7.135113434956891774e-10
2.446748567135072286e-08
2.778427871258838801e-06
8.170513160208003829e-10
4.809268314092089372e-10
8.600128354625537373e-10
2.919895746438836614e-08
5.163470479679884023e-10
2.446748567135072286e-08
2.090875106900287534e-09
5.079808382253160536e-08
1.153962125397986368e-07
9.105729829965349486e-06
4.809268314092089372e-10
1.893915132945199266e-08
1.550113317291872754e-09
8.600128354625537373e-10
2.919895746438836614e-08
5.163470479679884023e-10
7.135113434956891774e-10
2.446748567135072286e-08
2.090875106900287534e-09
5.221010906606069744e-09
4.809268314092089372e-10
1.893915132945199266e-08
8.600128354625537373e-10
1.339686259780971093e-09
2.446748567135072286e-08
2.810115471379189662e-04
1.201544016979505003e-09
2.509320616277895741e-09
4.184200443628012692e-07
1.749697485400288757e-09
3.656059936090845785e-09
3.552149872314051434e-09
8.600128354625537373e-10
2.919895746438836614e-08
5.163470479679884023e-10
7.135113434956891774e-10
2.446748567135072286e-08
6.238348053144664689e-08
1.025817555664096100e-06
5.221010906606069744e-09
9.212555777818611090e-09
6.692577975337683744e-08
8.170513160208003829e-10
6.822653794514286531e-05
1.893915132945199266e-08
3.552149872314051434e-09
2.919895746438836614e-08
5.163470479679884023e-10
3.949892014962857147e-08
4.809268314092089372e-10
4.783768008343581803e-05
8.024816882259312077e-09
5.163470479679884023e-10
3.130286854797435651e-08
2.446748567135072286e-08
1.025817555664096100e-06
2.090875106900287534e-09
3.988391433325905884e-08
5.072514527112675077e-07
1.117995787678382913e-08
5.221010906606069744e-09
1.335559191832086051e-06
1.708942408841284365e-03
1.893915132945199266e-08
1.381451920737043954e-08
7.135113434956891774e-10
2.446748567135072286e-08
1.781250213950241765e-08
5.996501524464731419e-10
5.221010906606069744e-09
3.031518024228604120e-09
3.552149872314051434e-09
1.376019799628250658e-06
8.600128354625537373e-10
1.339686259780971093e-09
7.135113434956891774e-10
2.431210738313112146e-04
2.303327850331913198e-07
2.239581054258701497e-08
4.846130179086424001e-07
1.749697485400288757e-09
4.809268314092089372e-10
3.350187546224063987e-07
1.550113317291872754e-09
5.163470479679884023e-10
1.153962125397986368e-07
1.201544016979505003e-09
8.810197250128341609e-10
1.320619678062453057e-05
2.295932208671666712e-09
3.690028535625782587e-03
4.809268314092089372e-10
1.381451920737043954e-08
2.919895746438836614e-08
5.163470479679884023e-10
1.361909296286744037e-07
1.626256808230730921e-08
7.790532368642834834e-10
3.563541268847205280e-04
3.507247221063494165e-06
8.170513160208003829e-10
5.270410976567287005e-08
1.389818679340429119e-07
8.600128354625537373e-10
3.102884988156908005e-05
2.919895746438836614e-08
1.339686259780971093e-09
7.135113434956891774e-10
2.446748567135072286e-08
1.117995787678382913e-08
5.221010906606069744e-09
9.212555777818611090e-09
1.335559191832086051e-06
4.662856521606078416e-08
4.809268314092089372e-10
8.600128354625537373e-10
2.919895746438836614e-08
5.163470479679884023e-10
7.135113434956891774e-10
8.809634119482503874e-09
4.809268314092089372e-10
1.893915132945199266e-08
3.031518024228604120e-09
8.600128354625537373e-10
2.919895746438836614e-08
2.509320616277895741e-09
4.714420975724230452e-04
5.996501524464731419e-10
1.148406811098903058e-09
4.946344123020611662e-05
1.230071215221532748e-07
6.822653794514286531e-05
4.809268314092089372e-10
1.893915132945199266e-08
2.098613936923263220e-06
2.919895746438836614e-08
1.339686259780971093e-09
6.216562543882985772e-07
4.557069050976020101e-07
2.274384046115236424e-06
4.809268314092089372e-10
1.550113317291872754e-09
2.919895746438836614e-08
5.163470479679884023e-10
4.278591177556130461e-07
2.446748567135072286e-08
1.025817555664096100e-06
4.184200443628012692e-07
3.348082780297157343e-07
1.117995787678382913e-08
9.212555777818611090e-09
6.692577975337683744e-08
4.809268314092089372e-10
2.247217767781160070e-06
8.600128354625537373e-10
5.163470479679884023e-10
2.446748567135072286e-08
4.557069050976020101e-07
1.153962125397986368e-07
