5.518115293628837942e-07
1.019520011807137140e-07
7.251942671374193860e-05
1.090883839641849400e-05
2.104259259522146720e-06
1.383569349014688644e-04
8.159841368604267721e-06
7.252560174276997326e-07
5.056937973232390289e-07
3.661710152267175797e-05
7.182041981304601837e-09
5.518115293628837942e-07
6.219174553272184634e-04
7.251942671374193860e-05
1.090883839641849400e-05
2.104259259522146720e-06
5.056937973232390289e-07
3.661710152267175797e-05
2.777686386923362639e-07
7.277184053613645231e-08
7.182041981304601837e-09
5.518115293628837942e-07
1.019520011807137140e-07
7.251942671374193860e-05
1.090883839641849400e-05
2.104259259522146720e-06
1.383569349014688644e-04
8.159841368604267721e-06
4.528887612158106340e-07
7.252560174276997326e-07
6.135878449578209071e-04
5.518115293628837942e-07
1.019520011807137140e-07
7.251942671374193860e-05
1.090883839641849400e-05
2.794095917817990271e-01
8.159841368604267721e-06
4.528887612158106340e-07
7.252560174276997326e-07
4.220006405912627860e-05
7.182041981304601837e-09
5.518115293628837942e-07
1.019520011807137140e-07
7.251942671374193860e-05
1.090883839641849400e-05
2.104259259522146720e-06
1.155588457476594047e-06
3.714485148204781030e-04
1.383569349014688644e-04
8.159841368604267721e-06
7.182041981304601837e-09
5.518115293628837942e-07
7.251942671374193860e-05
1.090883839641849400e-05
1.383569349014688644e-04
8.159841368604267721e-06
7.252560174276997326e-07
1.203821087622886180e-07
5.056937973232390289e-07
3.661710152267175797e-05
7.182041981304601837e-09
5.518115293628837942e-07
1.019520011807137140e-07
7.251942671374193860e-05
1.090883839641849400e-05
2.104259259522146720e-06
1.155588457476594047e-06
1.383569349014688644e-04
8.159841368604267721e-06
7.252560174276997326e-07
7.182041981304601837e-09
5.518115293628837942e-07
1.090883839641849400e-05
2.104259259522146720e-06
5.227810970699690650e-06
1.094676459793476019e-03
1.383569349014688644e-04
4.528887612158106340e-07
7.252560174276997326e-07
1.207690501109799611e-07
5.518115293628837942e-07
7.280931741596670898e-08
1.090883839641849400e-05
8.159841368604267721e-06
4.528887612158106340e-07
7.252560174276997326e-07
4.220006405912627860e-05
3.661710152267175797e-05
1.110979452180935592e-07
7.277184053613645231e-08
1.736835307420638788e-06
1.019520011807137140e-07
1.090883839641849400e-05
6.062586284018557638e-06
1.383569349014688644e-04
4.528887612158106340e-07
7.252560174276997326e-07
4.220006405912627860e-05
1.207690501109799611e-07
5.056937973232390289e-07
5.518115293628837942e-07
7.280931741596670898e-08
2.104259259522146720e-06
1.383569349014688644e-04
7.252560174276997326e-07
1.207690501109799611e-07
5.056937973232390289e-07
3.661710152267175797e-05
1.110979452180935592e-07
7.277184053613645231e-08
7.182041981304601837e-09
5.518115293628837942e-07
1.019520011807137140e-07
7.251942671374193860e-05
1.090883839641849400e-05
1.383569349014688644e-04
4.528887612158106340e-07
7.252560174276997326e-07
1.207690501109799611e-07
5.056937973232390289e-07
7.182041981304601837e-09
5.518115293628837942e-07
1.019520011807137140e-07
7.251942671374193860e-05
1.090883839641849400e-05
5.227810970699690650e-06
8.159841368604267721e-06
7.252560174276997326e-07
1.207690501109799611e-07
7.000758370538593237e-07
7.182041981304601837e-09
5.518115293628837942e-07
1.019520011807137140e-07
7.251942671374193860e-05
1.090883839641849400e-05
2.104259259522146720e-06
1.094676459793476019e-03
1.383569349014688644e-04
8.159841368604267721e-06
4.528887612158106340e-07
7.182041981304601837e-09
5.518115293628837942e-07
7.251942671374193860e-05
2.104259259522146720e-06
4.528887612158106340e-07
4.220006405912627860e-05
1.207690501109799611e-07
5.056937973232390289e-07
3.661710152267175797e-05
2.777686386923362639e-07
5.518115293628837942e-07
7.251942671374193860e-05
1.090883839641849400e-05
2.104259259522146720e-06
1.383569349014688644e-04
8.159841368604267721e-06
4.528887612158106340e-07
1.207690501109799611e-07
5.056937973232390289e-07
3.878566436513668052e-04
7.182041981304601837e-09
5.518115293628837942e-07
7.280931741596670898e-08
1.019520011807137140e-07
7.251942671374193860e-05
1.990466689807591128e-05
2.104259259522146720e-06
1.309221067585017440e-01
5.227810970699690650e-06
1.383569349014688644e-04
5.518115293628837942e-07
1.019520011807137140e-07
7.251942671374193860e-05
2.104259259522146720e-06
1.333441602752065546e-05
1.383569349014688644e-04
4.528887612158106340e-07
7.252560174276997326e-07
4.220006405912627860e-05
5.056937973232390289e-07
7.182041981304601837e-09
1.019520011807137140e-07
1.090883839641849400e-05
2.104259259522146720e-06
1.383569349014688644e-04
8.159841368604267721e-06
7.252560174276997326e-07
1.207690501109799611e-07
5.056937973232390289e-07
3.661710152267175797e-05
7.182041981304601837e-09
5.518115293628837942e-07
1.736835307420638788e-06
1.019520011807137140e-07
1.090883839641849400e-05
2.104259259522146720e-06
1.383569349014688644e-04
8.159841368604267721e-06
7.252560174276997326e-07
1.207690501109799611e-07
7.182041981304601837e-09
5.518115293628837942e-07
7.251942671374193860e-05
1.090883839641849400e-05
2.104259259522146720e-06
1.383569349014688644e-04
8.159841368604267721e-06
4.528887612158106340e-07
7.252560174276997326e-07
5.056937973232390289e-07
7.182041981304601837e-09
5.518115293628837942e-07
1.019520011807137140e-07
7.251942671374193860e-05
1.090883839641849400e-05
5.227810970699690650e-06
1.383569349014688644e-04
4.528887612158106340e-07
1.207690501109799611e-07
3.661710152267175797e-05
7.182041981304601837e-09
5.518115293628837942e-07
7.251942671374193860e-05
1.090883839641849400e-05
8.159841368604267721e-06
4.528887612158106340e-07
7.252560174276997326e-07
1.207690501109799611e-07
5.056937973232390289e-07
3.661710152267175797e-05
7.182041981304601837e-09
5.518115293628837942e-07
1.019520011807137140e-07
1.090883839641849400e-05
1.083855741085359932e-06
4.528887612158106340e-07
7.252560174276997326e-07
1.207690501109799611e-07
5.056937973232390289e-07
1.110979452180935592e-07
7.182041981304601837e-09
5.518115293628837942e-07
1.019520011807137140e-07
7.251942671374193860e-05
1.383569349014688644e-04
4.528887612158106340e-07
7.252560174276997326e-07
4.220006405912627860e-05
1.207690501109799611e-07
1.942441910335629299e-04
7.182041981304601837e-09
1.019520011807137140e-07
7.251942671374193860e-05
1.090883839641849400e-05
2.104259259522146720e-06
1.155588457476594047e-06
8.867030168435274112e-05
1.383569349014688644e-04
8.159841368604267721e-06
7.252560174276997326e-07
7.182041981304601837e-09
5.518115293628837942e-07
7.251942671374193860e-05
1.090883839641849400e-05
2.104259259522146720e-06
8.159841368604267721e-06
1.083855741085359932e-06
4.528887612158106340e-07
1.207690501109799611e-07
5.056937973232390289e-07
5.518115293628837942e-07
1.019520011807137140e-07
7.251942671374193860e-05
1.090883839641849400e-05
2.104259259522146720e-06
1.383569349014688644e-04
4.528887612158106340e-07
7.252560174276997326e-07
1.207690501109799611e-07
5.056937973232390289e-07
7.297734305721809138e-06
1.019520011807137140e-07
7.251942671374193860e-05
1.090883839641849400e-05
2.104259259522146720e-06
1.383569349014688644e-04
4.528887612158106340e-07
1.207690501109799611e-07
6.603129679715529092e-07
7.031409529489055432e-05
7.182041981304601837e-09
5.518115293628837942e-07
1.019520011807137140e-07
1.990466689807591128e-05
1.090883839641849400e-05
2.104259259522146720e-06
1.383569349014688644e-04
8.159841368604267721e-06
1.083855741085359932e-06
4.528887612158106340e-07
5.518115293628837942e-07
1.019520011807137140e-07
7.251942671374193860e-05
2.104259259522146720e-06
1.950045330086982130e-03
1.383569349014688644e-04
8.159841368604267721e-06
1.207690501109799611e-07
6.603129679715529092e-07
5.056937973232390289e-07
7.182041981304601837e-09
5.518115293628837942e-07
2.039896582497513489e-01
7.285097171256338193e-05
1.019520011807137140e-07
7.251942671374193860e-05
2.104259259522146720e-06
1.901513807511529127e-04
1.383569349014688644e-04
8.159841368604267721e-06
7.182041981304601837e-09
5.518115293628837942e-07
1.019520011807137140e-07
7.251942671374193860e-05
5.811281161518193740e-05
1.383569349014688644e-04
8.159841368604267721e-06
4.528887612158106340e-07
7.252560174276997326e-07
4.220006405912627860e-05
7.182041981304601837e-09
5.518115293628837942e-07
7.251942671374193860e-05
1.090883839641849400e-05
5.227810970699690650e-06
1.383569349014688644e-04
8.159841368604267721e-06
1.083855741085359932e-06
7.252560174276997326e-07
1.207690501109799611e-07
7.182041981304601837e-09
5.518115293628837942e-07
4.537637225739335608e-04
1.019520011807137140e-07
3.539694883793785356e-04
1.090883839641849400e-05
2.104259259522146720e-06
1.155588457476594047e-06
1.383569349014688644e-04
7.252560174276997326e-07
7.182041981304601837e-09
5.518115293628837942e-07
1.019520011807137140e-07
7.251942671374193860e-05
1.090883839641849400e-05
5.227810970699690650e-06
8.159841368604267721e-06
4.528887612158106340e-07
5.438117156367284974e-06
1.207690501109799611e-07
7.182041981304601837e-09
5.518115293628837942e-07
1.019520011807137140e-07
7.251942671374193860e-05
2.104259259522146720e-06
1.155588457476594047e-06
4.528887612158106340e-07
7.252560174276997326e-07
5.056937973232390289e-07
3.661710152267175797e-05
7.182041981304601837e-09
1.019520011807137140e-07
1.090883839641849400e-05
2.104259259522146720e-06
1.383569349014688644e-04
8.159841368604267721e-06
4.528887612158106340e-07
7.252560174276997326e-07
5.056937973232390289e-07
3.661710152267175797e-05
7.182041981304601837e-09
5.518115293628837942e-07
1.019520011807137140e-07
7.251942671374193860e-05
1.090883839641849400e-05
2.104259259522146720e-06
8.091251347048177781e-05
1.383569349014688644e-04
1.223062683170319598e-03
4.528887612158106340e-07
5.518115293628837942e-07
1.736835307420638788e-06
7.251942671374193860e-05
2.104259259522146720e-06
1.155588457476594047e-06
1.383569349014688644e-04
8.159841368604267721e-06
4.528887612158106340e-07
7.252560174276997326e-07
1.203821087622886180e-07
5.518115293628837942e-07
1.019520011807137140e-07
7.251942671374193860e-05
1.090883839641849400e-05
2.104259259522146720e-06
8.722842344302783948e-03
8.159841368604267721e-06
1.083855741085359932e-06
4.528887612158106340e-07
7.252560174276997326e-07
7.182041981304601837e-09
5.518115293628837942e-07
1.990466689807591128e-05
1.090883839641849400e-05
2.104259259522146720e-06
5.766476667503923887e-05
8.159841368604267721e-06
7.252560174276997326e-07
4.364601390738072177e-05
1.207690501109799611e-07
7.182041981304601837e-09
5.518115293628837942e-07
1.019520011807137140e-07
1.090883839641849400e-05
2.104259259522146720e-06
1.383569349014688644e-04
8.159841368604267721e-06
1.083855741085359932e-06
5.056937973232390289e-07
3.661710152267175797e-05
7.182041981304601837e-09
5.518115293628837942e-07
7.280931741596670898e-08
1.019520011807137140e-07
7.251942671374193860e-05
2.104259259522146720e-06
1.383569349014688644e-04
8.159841368604267721e-06
1.083855741085359932e-06
4.528887612158106340e-07
7.182041981304601837e-09
5.518115293628837942e-07
7.251942671374193860e-05
1.090883839641849400e-05
2.104259259522146720e-06
4.088010625112032878e-03
1.383569349014688644e-04
8.159841368604267721e-06
7.252560174276997326e-07
1.207690501109799611e-07
7.297734305721809138e-06
5.518115293628837942e-07
1.019520011807137140e-07
2.104259259522146720e-06
1.383569349014688644e-04
8.159841368604267721e-06
4.528887612158106340e-07
7.252560174276997326e-07
1.207690501109799611e-07
5.056937973232390289e-07
5.518115293628837942e-07
1.019520011807137140e-07
1.090883839641849400e-05
1.383569349014688644e-04
4.528887612158106340e-07
7.252560174276997326e-07
1.207690501109799611e-07
1.203821087622886180e-07
3.878566436513668052e-04
2.777686386923362639e-07
3.322574350327928301e-05
5.518115293628837942e-07
1.019520011807137140e-07
7.251942671374193860e-05
1.090883839641849400e-05
2.104259259522146720e-06
8.722842344302783948e-03
1.383569349014688644e-04
8.159841368604267721e-06
7.252560174276997326e-07
7.182041981304601837e-09
7.297734305721809138e-06
7.280931741596670898e-08
7.251942671374193860e-05
1.090883839641849400e-05
1.383569349014688644e-04
4.528887612158106340e-07
7.252560174276997326e-07
4.220006405912627860e-05
1.207690501109799611e-07
5.913892091992586095e-04
7.251942671374193860e-05
1.383569349014688644e-04
8.159841368604267721e-06
1.083855741085359932e-06
7.252560174276997326e-07
1.207690501109799611e-07
3.661710152267175797e-05
2.777686386923362639e-07
1.110979452180935592e-07
7.182041981304601837e-09
8.159841368604267721e-06
5.056937973232390289e-07
2.777686386923362639e-07
1.110979452180935592e-07
7.277184053613645231e-08
1.182627121436026364e-07
1.067244982882838204e-04
8.029949795713466737e-07
4.736512916625217825e-08
7.182041981304601837e-09
5.518115293628837942e-07
4.537637225739335608e-04
1.019520011807137140e-07
7.251942671374193860e-05
1.090883839641849400e-05
2.104259259522146720e-06
4.528887612158106340e-07
7.252560174276997326e-07
4.220006405912627860e-05
7.182041981304601837e-09
7.297734305721809138e-06
5.518115293628837942e-07
1.019520011807137140e-07
7.251942671374193860e-05
1.090883839641849400e-05
2.104259259522146720e-06
1.383569349014688644e-04
8.159841368604267721e-06
7.252560174276997326e-07
7.182041981304601837e-09
5.518115293628837942e-07
1.019520011807137140e-07
1.090883839641849400e-05
2.104259259522146720e-06
5.227810970699690650e-06
1.383569349014688644e-04
4.528887612158106340e-07
1.207690501109799611e-07
5.056937973232390289e-07
7.182041981304601837e-09
7.251942671374193860e-05
1.090883839641849400e-05
2.104259259522146720e-06
4.528887612158106340e-07
1.207690501109799611e-07
5.056937973232390289e-07
1.225536866183777926e-05
7.277184053613645231e-08
1.182627121436026364e-07
5.518115293628837942e-07
1.019520011807137140e-07
7.251942671374193860e-05
1.090883839641849400e-05
2.104259259522146720e-06
5.227810970699690650e-06
1.383569349014688644e-04
4.528887612158106340e-07
1.207690501109799611e-07
6.603129679715529092e-07
7.182041981304601837e-09
5.518115293628837942e-07
7.251942671374193860e-05
1.090883839641849400e-05
1.383569349014688644e-04
4.528887612158106340e-07
7.252560174276997326e-07
1.207690501109799611e-07
1.203821087622886180e-07
5.056937973232390289e-07
7.251942671374193860e-05
2.104259259522146720e-06
1.383569349014688644e-04
7.252560174276997326e-07
1.110979452180935592e-07
7.277184053613645231e-08
1.182627121436026364e-07
2.350872730739885169e-06
1.090691137176819057e-07
4.736512916625217825e-08
5.518115293628837942e-07
1.019520011807137140e-07
1.090883839641849400e-05
2.104259259522146720e-06
1.383569349014688644e-04
8.159841368604267721e-06
7.252560174276997326e-07
5.056937973232390289e-07
3.661710152267175797e-05
2.777686386923362639e-07
7.182041981304601837e-09
5.518115293628837942e-07
7.251942671374193860e-05
1.990466689807591128e-05
1.090883839641849400e-05
2.104259259522146720e-06
1.155588457476594047e-06
5.227810970699690650e-06
1.383569349014688644e-04
4.528887612158106340e-07
1.736835307420638788e-06
1.019520011807137140e-07
7.251942671374193860e-05
2.104259259522146720e-06
8.722842344302783948e-03
1.383569349014688644e-04
4.528887612158106340e-07
7.252560174276997326e-07
5.056937973232390289e-07
3.661710152267175797e-05
7.182041981304601837e-09
5.518115293628837942e-07
1.019520011807137140e-07
7.251942671374193860e-05
1.090883839641849400e-05
2.104259259522146720e-06
8.722842344302783948e-03
8.159841368604267721e-06
4.528887612158106340e-07
3.404359418801027092e-04
7.182041981304601837e-09
5.518115293628837942e-07
1.019520011807137140e-07
7.251942671374193860e-05
1.090883839641849400e-05
2.104259259522146720e-06
1.435713076226152046e-04
1.383569349014688644e-04
8.159841368604267721e-06
4.528887612158106340e-07
1.019520011807137140e-07
7.251942671374193860e-05
2.104259259522146720e-06
1.383569349014688644e-04
8.159841368604267721e-06
1.083855741085359932e-06
4.528887612158106340e-07
7.252560174276997326e-07
7.000758370538593237e-07
5.056937973232390289e-07
5.518115293628837942e-07
1.019520011807137140e-07
7.251942671374193860e-05
1.090883839641849400e-05
1.176659125010976652e-03
7.252560174276997326e-07
5.056937973232390289e-07
3.661710152267175797e-05
2.777686386923362639e-07
1.110979452180935592e-07
7.182041981304601837e-09
5.518115293628837942e-07
1.019520011807137140e-07
2.104259259522146720e-06
1.383569349014688644e-04
4.528887612158106340e-07
1.207690501109799611e-07
1.203821087622886180e-07
5.056937973232390289e-07
3.661710152267175797e-05
7.182041981304601837e-09
5.518115293628837942e-07
7.251942671374193860e-05
1.090883839641849400e-05
5.227810970699690650e-06
8.159841368604267721e-06
7.252560174276997326e-07
1.207690501109799611e-07
5.056937973232390289e-07
3.661710152267175797e-05
7.182041981304601837e-09
1.019520011807137140e-07
1.090883839641849400e-05
2.104259259522146720e-06
8.159841368604267721e-06
7.252560174276997326e-07
1.207690501109799611e-07
5.056937973232390289e-07
3.661710152267175797e-05
2.777686386923362639e-07
7.182041981304601837e-09
5.518115293628837942e-07
7.251942671374193860e-05
1.090883839641849400e-05
1.155588457476594047e-06
1.383569349014688644e-04
8.159841368604267721e-06
1.083855741085359932e-06
7.252560174276997326e-07
5.056937973232390289e-07
7.182041981304601837e-09
7.297734305721809138e-06
1.019520011807137140e-07
7.251942671374193860e-05
1.090883839641849400e-05
4.528887612158106340e-07
7.252560174276997326e-07
1.207690501109799611e-07
1.203821087622886180e-07
5.056937973232390289e-07
5.518115293628837942e-07
7.251942671374193860e-05
1.090883839641849400e-05
2.104259259522146720e-06
3.061504265103310446e-02
1.383569349014688644e-04
8.159841368604267721e-06
4.528887612158106340e-07
7.252560174276997326e-07
7.000758370538593237e-07
7.182041981304601837e-09
5.518115293628837942e-07
1.736835307420638788e-06
1.338686718075203868e-05
1.090883839641849400e-05
2.104259259522146720e-06
8.722842344302783948e-03
1.383569349014688644e-04
8.159841368604267721e-06
4.528887612158106340e-07
7.182041981304601837e-09
5.518115293628837942e-07
1.736835307420638788e-06
1.019520011807137140e-07
7.251942671374193860e-05
2.104259259522146720e-06
1.383569349014688644e-04
8.159841368604267721e-06
4.528887612158106340e-07
7.252560174276997326e-07
5.518115293628837942e-07
1.019520011807137140e-07
1.090883839641849400e-05
2.695349943237977485e-05
4.528887612158106340e-07
7.252560174276997326e-07
4.220006405912627860e-05
1.207690501109799611e-07
1.203821087622886180e-07
5.056937973232390289e-07
7.182041981304601837e-09
7.297734305721809138e-06
1.019520011807137140e-07
7.251942671374193860e-05
1.090883839641849400e-05
2.104259259522146720e-06
1.155588457476594047e-06
1.383569349014688644e-04
7.676948748331774430e-04
8.159841368604267721e-06
7.182041981304601837e-09
5.518115293628837942e-07
1.019520011807137140e-07
7.251942671374193860e-05
1.090883839641849400e-05
2.104259259522146720e-06
1.383569349014688644e-04
8.159841368604267721e-06
7.252560174276997326e-07
1.207690501109799611e-07
7.182041981304601837e-09
1.032984374638028962e-03
5.518115293628837942e-07
1.019520011807137140e-07
2.104259259522146720e-06
8.159841368604267721e-06
4.528887612158106340e-07
7.252560174276997326e-07
1.564527379039690538e-02
5.056937973232390289e-07
7.182041981304601837e-09
7.297734305721809138e-06
5.518115293628837942e-07
1.019520011807137140e-07
7.251942671374193860e-05
1.990466689807591128e-05
1.383569349014688644e-04
8.159841368604267721e-06
4.528887612158106340e-07
7.252560174276997326e-07
7.182041981304601837e-09
1.736835307420638788e-06
1.019520011807137140e-07
7.251942671374193860e-05
2.104259259522146720e-06
1.155588457476594047e-06
1.383569349014688644e-04
8.159841368604267721e-06
7.252560174276997326e-07
1.207690501109799611e-07
7.297734305721809138e-06
2.679738244015085838e-05
5.518115293628837942e-07
5.913892091992586095e-04
2.104259259522146720e-06
1.383569349014688644e-04
8.159841368604267721e-06
4.528887612158106340e-07
7.252560174276997326e-07
1.207690501109799611e-07
7.182041981304601837e-09
7.297734305721809138e-06
7.251942671374193860e-05
1.990466689807591128e-05
1.090883839641849400e-05
1.901513807511529127e-04
2.057829770800121707e-04
1.383569349014688644e-04
8.159841368604267721e-06
4.528887612158106340e-07
5.518115293628837942e-07
4.335179536318411949e-05
1.019520011807137140e-07
7.251942671374193860e-05
1.090883839641849400e-05
1.383569349014688644e-04
8.159841368604267721e-06
4.528887612158106340e-07
4.220006405912627860e-05
1.207690501109799611e-07
7.182041981304601837e-09
1.019520011807137140e-07
1.090883839641849400e-05
1.155588457476594047e-06
8.722842344302783948e-03
8.159841368604267721e-06
7.252560174276997326e-07
1.207690501109799611e-07
5.056937973232390289e-07
1.266662533438858151e-01
7.182041981304601837e-09
5.518115293628837942e-07
1.019520011807137140e-07
7.251942671374193860e-05
1.090883839641849400e-05
2.104259259522146720e-06
5.227810970699690650e-06
1.383569349014688644e-04
8.159841368604267721e-06
4.528887612158106340e-07
7.182041981304601837e-09
5.518115293628837942e-07
1.019520011807137140e-07
7.251942671374193860e-05
2.104259259522146720e-06
8.159841368604267721e-06
4.528887612158106340e-07
7.252560174276997326e-07
1.207690501109799611e-07
5.056937973232390289e-07
1.019520011807137140e-07
7.251942671374193860e-05
1.090883839641849400e-05
2.104259259522146720e-06
1.383569349014688644e-04
8.159841368604267721e-06
4.528887612158106340e-07
3.661710152267175797e-05
7.277184053613645231e-08
1.182627121436026364e-07
7.182041981304601837e-09
5.518115293628837942e-07
1.019520011807137140e-07
7.251942671374193860e-05
1.090883839641849400e-05
8.159841368604267721e-06
4.528887612158106340e-07
7.252560174276997326e-07
1.207690501109799611e-07
6.603129679715529092e-07
5.518115293628837942e-07
7.251942671374193860e-05
1.090883839641849400e-05
2.104259259522146720e-06
5.227810970699690650e-06
1.095580339793975205e-01
1.383569349014688644e-04
8.159841368604267721e-06
4.528887612158106340e-07
1.207690501109799611e-07
7.182041981304601837e-09
5.518115293628837942e-07
1.736835307420638788e-06
1.019520011807137140e-07
7.251942671374193860e-05
2.104259259522146720e-06
8.722842344302783948e-03
1.383569349014688644e-04
4.528887612158106340e-07
7.252560174276997326e-07
7.182041981304601837e-09
5.518115293628837942e-07
2.104259259522146720e-06
8.159841368604267721e-06
4.528887612158106340e-07
1.207690501109799611e-07
6.603129679715529092e-07
7.000758370538593237e-07
2.777686386923362639e-07
1.110979452180935592e-07
7.182041981304601837e-09
2.136824695665598319e-03
1.019520011807137140e-07
7.251942671374193860e-05
1.090883839641849400e-05
2.104259259522146720e-06
8.159841368604267721e-06
7.252560174276997326e-07
4.364601390738072177e-05
1.203821087622886180e-07
7.182041981304601837e-09
1.032984374638028962e-03
7.297734305721809138e-06
5.518115293628837942e-07
1.090883839641849400e-05
1.383569349014688644e-04
4.528887612158106340e-07
1.207690501109799611e-07
5.056937973232390289e-07
3.661710152267175797e-05
1.019520011807137140e-07
1.090883839641849400e-05
2.104259259522146720e-06
8.159841368604267721e-06
4.528887612158106340e-07
7.252560174276997326e-07
1.207690501109799611e-07
6.603129679715529092e-07
2.777686386923362639e-07
1.110979452180935592e-07
7.182041981304601837e-09
7.280931741596670898e-08
1.019520011807137140e-07
7.251942671374193860e-05
2.104259259522146720e-06
1.155588457476594047e-06
1.383569349014688644e-04
8.159841368604267721e-06
4.528887612158106340e-07
7.252560174276997326e-07
5.518115293628837942e-07
1.736835307420638788e-06
7.251942671374193860e-05
1.090883839641849400e-05
2.104259259522146720e-06
1.383569349014688644e-04
8.159841368604267721e-06
7.252560174276997326e-07
1.207690501109799611e-07
3.661710152267175797e-05
7.297734305721809138e-06
5.518115293628837942e-07
5.913892091992586095e-04
1.019520011807137140e-07
7.251942671374193860e-05
1.090883839641849400e-05
2.104259259522146720e-06
5.227810970699690650e-06
1.383569349014688644e-04
1.207690501109799611e-07
7.182041981304601837e-09
1.019520011807137140e-07
7.251942671374193860e-05
1.090883839641849400e-05
1.383569349014688644e-04
7.252560174276997326e-07
1.207690501109799611e-07
1.203821087622886180e-07
5.056937973232390289e-07
3.661710152267175797e-05
7.182041981304601837e-09
5.518115293628837942e-07
1.019520011807137140e-07
7.251942671374193860e-05
1.090883839641849400e-05
1.155588457476594047e-06
1.383569349014688644e-04
8.159841368604267721e-06
4.528887612158106340e-07
7.252560174276997326e-07
5.518115293628837942e-07
1.019520011807137140e-07
7.251942671374193860e-05
1.990466689807591128e-05
2.104259259522146720e-06
2.782672883504720912e-04
1.333441602752065546e-05
1.383569349014688644e-04
7.252560174276997326e-07
1.207690501109799611e-07
7.182041981304601837e-09
5.518115293628837942e-07
1.019520011807137140e-07
7.251942671374193860e-05
2.404651734120670503e-04
1.090883839641849400e-05
1.383569349014688644e-04
8.159841368604267721e-06
4.528887612158106340e-07
7.252560174276997326e-07
