5.227940876934154861e-05
3.906126473039743443e-04
5.855598123258165403e-09
1.999396152192713515e-05
4.617157346811518220e-06
1.593105075439617919e-04
1.583945724127859616e-07
7.455290541059692000e-06
1.719255282031027822e-05
1.912790515761843171e-07
1.685102583806538546e-06
5.855598123258165403e-09
8.378525331340128622e-06
1.593105075439617919e-04
1.127272322862769155e-02
5.492666907924855061e-05
1.583945724127859616e-07
7.455290541059692000e-06
1.719255282031027822e-05
1.448832657175318529e-08
5.227940876934154861e-05
2.964104321407120487e-06
5.855598123258165403e-09
1.473778329755323494e-05
4.617157346811518220e-06
1.593105075439617919e-04
2.301717384731508708e-05
1.167551835547112936e-07
7.455290541059692000e-06
2.494420178283943408e-05
1.685102583806538546e-06
6.948731590473409351e-07
3.196547399122084200e-05
2.183716991536771832e-06
3.906126473039743443e-04
1.226114606611380167e-06
1.030002794401017613e-08
1.230495070694716210e-03
8.378525331340128622e-06
1.220511653602001922e-01
2.964104321407120487e-06
6.948731590473409351e-07
1.229859709901228977e-03
5.855598123258165403e-09
1.230495070694716210e-03
8.378525331340128622e-06
4.617157346811518220e-06
1.127272322862769155e-02
7.455290541059692000e-06
1.719255282031027822e-05
1.685102583806538546e-06
2.183716991536771832e-06
5.855598123258165403e-09
1.230495070694716210e-03
8.378525331340128622e-06
1.363633835259285673e-04
1.593105075439617919e-04
5.492666907924855061e-05
2.494420178283943408e-05
2.548504275905196562e-08
1.685102583806538546e-06
6.948731590473409351e-07
5.855598123258165403e-09
1.230495070694716210e-03
8.378525331340128622e-06
1.127272322862769155e-02
2.301717384731508708e-05
1.167551835547112936e-07
7.455290541059692000e-06
1.719255282031027822e-05
1.685102583806538546e-06
5.524256714971438972e-05
1.226114606611380167e-06
5.855598123258165403e-09
1.230495070694716210e-03
1.473778329755323494e-05
1.127272322862769155e-02
2.301717384731508708e-05
1.583945724127859616e-07
7.455290541059692000e-06
1.685102583806538546e-06
6.948731590473409351e-07
1.378753518318727471e-06
5.855598123258165403e-09
1.230495070694716210e-03
8.378525331340128622e-06
2.301717384731508708e-05
7.455290541059692000e-06
1.719255282031027822e-05
1.087427394873366500e-07
5.227940876934154861e-05
2.843848233900618441e-03
1.685102583806538546e-06
2.183716991536771832e-06
1.378753518318727471e-06
5.855598123258165403e-09
1.999396152192713515e-05
1.593105075439617919e-04
5.492666907924855061e-05
1.167551835547112936e-07
5.227940876934154861e-05
1.685102583806538546e-06
3.906126473039743443e-04
1.226114606611380167e-06
5.855598123258165403e-09
1.473778329755323494e-05
1.593105075439617919e-04
5.492666907924855061e-05
7.455290541059692000e-06
1.719255282031027822e-05
5.227940876934154861e-05
1.685102583806538546e-06
6.948731590473409351e-07
1.226114606611380167e-06
1.030002794401017613e-08
8.378525331340128622e-06
4.617157346811518220e-06
1.127272322862769155e-02
2.301717384731508708e-05
1.448832657175318529e-08
6.948731590473409351e-07
2.183716991536771832e-06
1.226114606611380167e-06
5.855598123258165403e-09
1.230495070694716210e-03
8.378525331340128622e-06
1.593105075439617919e-04
6.358195173782288843e-07
2.045061665847637174e-06
6.066541625989761358e-05
5.227940876934154861e-05
1.685102583806538546e-06
6.948731590473409351e-07
3.906126473039743443e-04
1.226114606611380167e-06
5.855598123258165403e-09
1.230495070694716210e-03
8.378525331340128622e-06
1.583945724127859616e-07
7.455290541059692000e-06
2.964104321407120487e-06
6.948731590473409351e-07
1.030002794401017613e-08
1.230495070694716210e-03
8.378525331340128622e-06
4.617157346811518220e-06
1.593105075439617919e-04
4.102717673564169773e-05
1.448832657175318529e-08
1.809292191531229851e-05
5.227940876934154861e-05
1.685102583806538546e-06
1.226114606611380167e-06
5.855598123258165403e-09
1.230495070694716210e-03
1.473778329755323494e-05
1.593105075439617919e-04
1.220511653602001922e-01
2.301717384731508708e-05
4.678034167788597729e-06
5.227940876934154861e-05
1.685102583806538546e-06
6.948731590473409351e-07
1.226114606611380167e-06
1.030002794401017613e-08
1.473778329755323494e-05
1.593105075439617919e-04
5.492666907924855061e-05
1.448832657175318529e-08
8.193955982657812325e-05
1.685102583806538546e-06
2.183716991536771832e-06
5.855598123258165403e-09
1.230495070694716210e-03
8.378525331340128622e-06
4.617157346811518220e-06
2.301717384731508708e-05
1.167551835547112936e-07
3.384026349215486762e-05
1.448832657175318529e-08
5.227940876934154861e-05
1.685102583806538546e-06
1.378753518318727471e-06
1.226114606611380167e-06
5.855598123258165403e-09
1.230495070694716210e-03
8.378525331340128622e-06
1.593105075439617919e-04
1.220511653602001922e-01
2.301717384731508708e-05
2.964104321407120487e-06
1.378753518318727471e-06
5.855598123258165403e-09
8.378525331340128622e-06
1.593105075439617919e-04
7.455290541059692000e-06
1.719255282031027822e-05
2.548504275905196562e-08
1.087427394873366500e-07
3.375703700622105388e-05
1.685102583806538546e-06
3.906126473039743443e-04
1.226114606611380167e-06
1.030002794401017613e-08
8.378525331340128622e-06
4.617157346811518220e-06
2.301717384731508708e-05
1.583945724127859616e-07
7.455290541059692000e-06
1.719255282031027822e-05
6.948731590473409351e-07
1.795674514130690311e-04
3.906126473039743443e-04
1.226114606611380167e-06
1.030002794401017613e-08
1.473778329755323494e-05
3.034063371650711112e-03
1.127272322862769155e-02
2.301717384731508708e-05
1.167551835547112936e-07
1.685102583806538546e-06
5.855598123258165403e-09
1.230495070694716210e-03
1.473778329755323494e-05
4.617157346811518220e-06
1.593105075439617919e-04
1.127272322862769155e-02
2.301717384731508708e-05
1.167551835547112936e-07
7.455290541059692000e-06
1.685102583806538546e-06
6.948731590473409351e-07
2.183716991536771832e-06
1.226114606611380167e-06
5.855598123258165403e-09
1.230495070694716210e-03
1.999396152192713515e-05
1.593105075439617919e-04
1.127272322862769155e-02
1.167551835547112936e-07
6.948731590473409351e-07
2.183716991536771832e-06
1.378753518318727471e-06
1.226114606611380167e-06
5.855598123258165403e-09
8.378525331340128622e-06
1.127272322862769155e-02
2.301717384731508708e-05
4.678034167788597729e-06
1.719255282031027822e-05
5.227940876934154861e-05
1.685102583806538546e-06
6.948731590473409351e-07
5.855598123258165403e-09
8.378525331340128622e-06
2.301717384731508708e-05
4.102717673564169773e-05
1.448832657175318529e-08
1.087427394873366500e-07
3.553196712327965292e-07
5.227940876934154861e-05
1.685102583806538546e-06
5.855598123258165403e-09
1.473778329755323494e-05
1.593105075439617919e-04
2.301717384731508708e-05
1.583945724127859616e-07
4.102717673564169773e-05
1.448832657175318529e-08
1.087427394873366500e-07
5.227940876934154861e-05
1.795674514130690311e-04
2.183716991536771832e-06
1.226114606611380167e-06
5.855598123258165403e-09
1.230495070694716210e-03
8.378525331340128622e-06
4.617157346811518220e-06
5.492666907924855061e-05
1.167551835547112936e-07
1.685102583806538546e-06
1.378753518318727471e-06
5.855598123258165403e-09
8.378525331340128622e-06
1.593105075439617919e-04
1.127272322862769155e-02
5.492666907924855061e-05
4.102717673564169773e-05
1.448832657175318529e-08
3.069669424057833887e-07
2.964104321407120487e-06
1.030002794401017613e-08
1.230495070694716210e-03
1.999396152192713515e-05
1.127272322862769155e-02
1.719255282031027822e-05
1.087427394873366500e-07
6.066541625989761358e-05
1.126349317616952480e-05
3.375703700622105388e-05
5.227940876934154861e-05
1.685102583806538546e-06
3.906126473039743443e-04
1.226114606611380167e-06
5.855598123258165403e-09
1.230495070694716210e-03
1.473778329755323494e-05
1.593105075439617919e-04
5.492666907924855061e-05
7.455290541059692000e-06
5.227940876934154861e-05
2.964104321407120487e-06
3.906126473039743443e-04
5.855598123258165403e-09
1.230495070694716210e-03
8.378525331340128622e-06
1.593105075439617919e-04
5.492666907924855061e-05
1.583945724127859616e-07
1.719255282031027822e-05
1.685102583806538546e-06
1.030002794401017613e-08
1.230495070694716210e-03
8.378525331340128622e-06
1.127272322862769155e-02
2.301717384731508708e-05
1.167551835547112936e-07
1.719255282031027822e-05
2.494420178283943408e-05
3.375703700622105388e-05
5.227940876934154861e-05
1.685102583806538546e-06
1.030002794401017613e-08
8.378525331340128622e-06
1.593105075439617919e-04
1.127272322862769155e-02
1.167551835547112936e-07
7.455290541059692000e-06
1.719255282031027822e-05
3.384026349215486762e-05
1.685102583806538546e-06
1.378753518318727471e-06
1.226114606611380167e-06
5.855598123258165403e-09
1.230495070694716210e-03
1.473778329755323494e-05
5.492666907924855061e-05
4.102717673564169773e-05
2.548504275905196562e-08
1.087427394873366500e-07
2.964104321407120487e-06
6.948731590473409351e-07
3.906126473039743443e-04
1.378753518318727471e-06
1.030002794401017613e-08
1.230495070694716210e-03
8.378525331340128622e-06
3.034063371650711112e-03
1.583945724127859616e-07
4.102717673564169773e-05
1.685102583806538546e-06
6.948731590473409351e-07
1.226114606611380167e-06
5.855598123258165403e-09
1.999396152192713515e-05
1.127272322862769155e-02
5.492666907924855061e-05
7.455290541059692000e-06
1.719255282031027822e-05
1.448832657175318529e-08
5.227940876934154861e-05
2.964104321407120487e-06
1.030002794401017613e-08
8.378525331340128622e-06
4.617157346811518220e-06
1.593105075439617919e-04
1.127272322862769155e-02
2.301717384731508708e-05
4.102717673564169773e-05
3.384026349215486762e-05
2.964104321407120487e-06
6.948731590473409351e-07
1.378753518318727471e-06
5.855598123258165403e-09
8.378525331340128622e-06
1.912790515761843171e-07
2.934660765677240320e-03
3.523457068044259938e-06
1.156258027752947477e-05
3.138942952997768479e-06
2.964104321407120487e-06
2.183716991536771832e-06
1.397341404773847919e-08
1.230495070694716210e-03
8.378525331340128622e-06
1.127272322862769155e-02
5.492666907924855061e-05
1.719255282031027822e-05
2.494420178283943408e-05
2.548504275905196562e-08
5.227940876934154861e-05
1.685102583806538546e-06
6.948731590473409351e-07
1.226114606611380167e-06
5.855598123258165403e-09
1.230495070694716210e-03
8.378525331340128622e-06
1.127272322862769155e-02
7.455290541059692000e-06
2.494420178283943408e-05
1.685102583806538546e-06
5.855598123258165403e-09
1.230495070694716210e-03
8.378525331340128622e-06
1.593105075439617919e-04
2.301717384731508708e-05
1.167551835547112936e-07
7.455290541059692000e-06
2.548504275905196562e-08
1.912790515761843171e-07
6.948731590473409351e-07
3.906126473039743443e-04
5.855598123258165403e-09
8.378525331340128622e-06
1.593105075439617919e-04
2.301717384731508708e-05
3.384026349215486762e-05
2.342501704062691212e-05
6.066541625989761358e-05
1.126349317616952480e-05
5.227940876934154861e-05
1.378753518318727471e-06
1.397341404773847919e-08
1.230495070694716210e-03
1.473778329755323494e-05
1.127272322862769155e-02
2.301717384731508708e-05
7.455290541059692000e-06
1.719255282031027822e-05
2.548504275905196562e-08
1.685102583806538546e-06
6.948731590473409351e-07
2.183716991536771832e-06
5.855598123258165403e-09
1.230495070694716210e-03
8.378525331340128622e-06
5.492666907924855061e-05
1.167551835547112936e-07
1.719255282031027822e-05
2.548504275905196562e-08
5.227940876934154861e-05
2.964104321407120487e-06
6.948731590473409351e-07
2.183716991536771832e-06
1.397341404773847919e-08
1.230495070694716210e-03
1.473778329755323494e-05
4.617157346811518220e-06
2.301717384731508708e-05
3.384026349215486762e-05
2.964104321407120487e-06
6.948731590473409351e-07
5.855598123258165403e-09
1.999396152192713515e-05
1.593105075439617919e-04
2.301717384731508708e-05
1.167551835547112936e-07
7.455290541059692000e-06
3.384026349215486762e-05
2.548504275905196562e-08
6.948731590473409351e-07
1.226114606611380167e-06
1.030002794401017613e-08
1.230495070694716210e-03
1.999396152192713515e-05
1.593105075439617919e-04
1.127272322862769155e-02
2.494420178283943408e-05
2.548504275905196562e-08
1.087427394873366500e-07
6.948731590473409351e-07
5.855598123258165403e-09
1.473778329755323494e-05
4.617157346811518220e-06
1.593105075439617919e-04
1.127272322862769155e-02
1.167551835547112936e-07
1.719255282031027822e-05
1.448832657175318529e-08
2.045061665847637174e-06
1.685102583806538546e-06
6.948731590473409351e-07
1.378753518318727471e-06
1.226114606611380167e-06
5.855598123258165403e-09
1.230495070694716210e-03
1.999396152192713515e-05
4.617157346811518220e-06
7.455290541059692000e-06
2.494420178283943408e-05
5.227940876934154861e-05
1.685102583806538546e-06
6.948731590473409351e-07
1.226114606611380167e-06
5.855598123258165403e-09
1.593105075439617919e-04
1.127272322862769155e-02
7.455290541059692000e-06
4.102717673564169773e-05
1.448832657175318529e-08
6.948731590473409351e-07
1.378753518318727471e-06
1.030002794401017613e-08
1.230495070694716210e-03
1.999396152192713515e-05
1.127272322862769155e-02
5.492666907924855061e-05
3.384026349215486762e-05
1.448832657175318529e-08
1.087427394873366500e-07
2.964104321407120487e-06
6.948731590473409351e-07
8.378525331340128622e-06
1.593105075439617919e-04
1.583945724127859616e-07
4.102717673564169773e-05
1.448832657175318529e-08
2.045061665847637174e-06
1.087427394873366500e-07
2.934660765677240320e-03
2.964104321407120487e-06
3.906126473039743443e-04
1.226114606611380167e-06
1.030002794401017613e-08
1.473778329755323494e-05
2.301717384731508708e-05
1.583945724127859616e-07
7.455290541059692000e-06
4.102717673564169773e-05
1.448832657175318529e-08
2.964104321407120487e-06
1.226114606611380167e-06
5.855598123258165403e-09
1.230495070694716210e-03
1.473778329755323494e-05
1.593105075439617919e-04
5.492666907924855061e-05
7.455290541059692000e-06
2.494420178283943408e-05
1.448832657175318529e-08
2.964104321407120487e-06
6.948731590473409351e-07
5.855598123258165403e-09
8.378525331340128622e-06
1.127272322862769155e-02
5.492666907924855061e-05
7.455290541059692000e-06
4.102717673564169773e-05
1.448832657175318529e-08
1.087427394873366500e-07
2.964104321407120487e-06
2.183716991536771832e-06
1.378753518318727471e-06
1.030002794401017613e-08
1.473778329755323494e-05
1.593105075439617919e-04
2.301717384731508708e-05
1.583945724127859616e-07
7.455290541059692000e-06
4.102717673564169773e-05
2.964104321407120487e-06
1.030002794401017613e-08
1.230495070694716210e-03
8.378525331340128622e-06
4.102717673564169773e-05
1.448832657175318529e-08
4.873664031276985631e-05
1.087427394873366500e-07
3.375703700622105388e-05
9.519870972671086050e-07
5.227940876934154861e-05
1.685102583806538546e-06
6.948731590473409351e-07
2.183716991536771832e-06
1.226114606611380167e-06
5.855598123258165403e-09
8.378525331340128622e-06
3.384026349215486762e-05
1.448832657175318529e-08
1.087427394873366500e-07
6.948731590473409351e-07
2.183716991536771832e-06
3.906126473039743443e-04
5.855598123258165403e-09
1.230495070694716210e-03
1.999396152192713515e-05
1.593105075439617919e-04
5.492666907924855061e-05
2.912893855469006313e-06
1.719255282031027822e-05
2.094680963280512453e-03
1.685102583806538546e-06
6.948731590473409351e-07
2.183716991536771832e-06
1.378753518318727471e-06
1.226114606611380167e-06
1.473778329755323494e-05
1.593105075439617919e-04
1.167551835547112936e-07
7.455290541059692000e-06
2.183716991536771832e-06
5.524256714971438972e-05
1.226114606611380167e-06
5.855598123258165403e-09
1.230495070694716210e-03
1.999396152192713515e-05
4.617157346811518220e-06
2.301717384731508708e-05
1.719255282031027822e-05
4.873664031276985631e-05
5.227940876934154861e-05
1.685102583806538546e-06
6.948731590473409351e-07
1.378753518318727471e-06
1.030002794401017613e-08
1.230495070694716210e-03
1.999396152192713515e-05
1.593105075439617919e-04
1.583945724127859616e-07
7.455290541059692000e-06
1.685102583806538546e-06
6.948731590473409351e-07
3.976281887172030603e-05
3.906126473039743443e-04
5.855598123258165403e-09
1.230495070694716210e-03
8.378525331340128622e-06
1.127272322862769155e-02
2.301717384731508708e-05
1.583945724127859616e-07
6.948731590473409351e-07
2.183716991536771832e-06
1.378753518318727471e-06
1.226114606611380167e-06
8.378525331340128622e-06
4.617157346811518220e-06
1.127272322862769155e-02
2.301717384731508708e-05
1.719255282031027822e-05
3.384026349215486762e-05
1.685102583806538546e-06
1.226114606611380167e-06
5.855598123258165403e-09
1.999396152192713515e-05
1.127272322862769155e-02
1.583945724127859616e-07
7.455290541059692000e-06
2.494420178283943408e-05
1.448832657175318529e-08
2.045061665847637174e-06
5.227940876934154861e-05
3.976281887172030603e-05
2.183716991536771832e-06
1.378753518318727471e-06
1.226114606611380167e-06
1.030002794401017613e-08
1.473778329755323494e-05
2.912893855469006313e-06
1.719255282031027822e-05
2.494420178283943408e-05
3.906126473039743443e-04
1.226114606611380167e-06
1.030002794401017613e-08
1.230495070694716210e-03
8.378525331340128622e-06
1.593105075439617919e-04
2.301717384731508708e-05
7.455290541059692000e-06
4.102717673564169773e-05
1.087427394873366500e-07
1.378753518318727471e-06
5.855598123258165403e-09
1.473778329755323494e-05
1.583945724127859616e-07
7.455290541059692000e-06
1.719255282031027822e-05
2.494420178283943408e-05
1.448832657175318529e-08
7.663984686518766546e-06
1.126349317616952480e-05
2.964104321407120487e-06
6.948731590473409351e-07
1.795674514130690311e-04
3.906126473039743443e-04
1.226114606611380167e-06
5.855598123258165403e-09
1.230495070694716210e-03
1.473778329755323494e-05
2.301717384731508708e-05
7.739762788784784742e-04
1.685102583806538546e-06
3.906126473039743443e-04
1.226114606611380167e-06
5.855598123258165403e-09
1.473778329755323494e-05
7.455290541059692000e-06
1.719255282031027822e-05
2.548504275905196562e-08
2.045061665847637174e-06
1.087427394873366500e-07
2.964104321407120487e-06
2.183716991536771832e-06
1.226114606611380167e-06
1.030002794401017613e-08
1.230495070694716210e-03
5.905027787519237514e-04
4.617157346811518220e-06
1.593105075439617919e-04
2.301717384731508708e-05
1.719255282031027822e-05
1.685102583806538546e-06
2.183716991536771832e-06
1.030002794401017613e-08
8.378525331340128622e-06
1.127272322862769155e-02
2.301717384731508708e-05
1.719255282031027822e-05
3.384026349215486762e-05
6.358195173782288843e-07
2.045061665847637174e-06
6.948731590473409351e-07
1.378753518318727471e-06
1.226114606611380167e-06
1.999396152192713515e-05
5.492666907924855061e-05
1.719255282031027822e-05
2.494420178283943408e-05
1.087427394873366500e-07
6.066541625989761358e-05
3.553196712327965292e-07
2.964104321407120487e-06
3.906126473039743443e-04
1.030002794401017613e-08
8.378525331340128622e-06
5.492666907924855061e-05
7.455290541059692000e-06
4.102717673564169773e-05
1.912790515761843171e-07
6.066541625989761358e-05
3.375703700622105388e-05
5.660356096301566832e-04
1.378753518318727471e-06
5.855598123258165403e-09
8.378525331340128622e-06
4.617157346811518220e-06
1.127272322862769155e-02
2.301717384731508708e-05
1.583945724127859616e-07
7.455290541059692000e-06
1.448832657175318529e-08
2.183716991536771832e-06
1.226114606611380167e-06
5.855598123258165403e-09
1.230495070694716210e-03
1.473778329755323494e-05
4.617157346811518220e-06
1.593105075439617919e-04
2.301717384731508708e-05
7.455290541059692000e-06
4.102717673564169773e-05
5.660356096301566832e-04
1.685102583806538546e-06
6.948731590473409351e-07
1.378753518318727471e-06
5.855598123258165403e-09
1.473778329755323494e-05
1.593105075439617919e-04
2.301717384731508708e-05
1.167551835547112936e-07
7.455290541059692000e-06
2.964104321407120487e-06
3.906126473039743443e-04
1.030002794401017613e-08
1.230495070694716210e-03
1.473778329755323494e-05
2.301717384731508708e-05
1.087427394873366500e-07
6.066541625989761358e-05
4.851830067090666388e-07
6.616792569809786739e-06
1.685102583806538546e-06
6.948731590473409351e-07
1.226114606611380167e-06
1.030002794401017613e-08
1.473778329755323494e-05
2.301717384731508708e-05
7.455290541059692000e-06
2.548504275905196562e-08
2.045061665847637174e-06
1.912790515761843171e-07
5.227940876934154861e-05
1.226114606611380167e-06
5.855598123258165403e-09
1.230495070694716210e-03
5.492666907924855061e-05
1.719255282031027822e-05
1.448832657175318529e-08
2.045061665847637174e-06
1.912790515761843171e-07
6.066541625989761358e-05
2.964104321407120487e-06
6.948731590473409351e-07
5.855598123258165403e-09
1.473778329755323494e-05
1.593105075439617919e-04
7.455290541059692000e-06
1.719255282031027822e-05
2.494420178283943408e-05
2.045061665847637174e-06
6.066541625989761358e-05
2.183716991536771832e-06
3.906126473039743443e-04
1.226114606611380167e-06
1.030002794401017613e-08
1.473778329755323494e-05
1.167551835547112936e-07
1.719255282031027822e-05
3.384026349215486762e-05
2.548504275905196562e-08
3.553196712327965292e-07
1.685102583806538546e-06
6.948731590473409351e-07
3.906126473039743443e-04
1.397341404773847919e-08
1.111985727430222625e-03
1.999396152192713515e-05
1.593105075439617919e-04
2.301717384731508708e-05
1.583945724127859616e-07
1.719255282031027822e-05
1.685102583806538546e-06
6.948731590473409351e-07
3.383037917788101899e-04
1.226114606611380167e-06
1.397341404773847919e-08
8.378525331340128622e-06
1.593105075439617919e-04
2.301717384731508708e-05
1.583945724127859616e-07
3.553196712327965292e-07
5.227940876934154861e-05
2.964104321407120487e-06
5.855598123258165403e-09
1.593105075439617919e-04
1.127272322862769155e-02
5.492666907924855061e-05
4.102717673564169773e-05
3.384026349215486762e-05
2.548504275905196562e-08
2.045061665847637174e-06
2.964104321407120487e-06
1.226114606611380167e-06
5.855598123258165403e-09
8.378525331340128622e-06
4.617157346811518220e-06
2.301717384731508708e-05
1.583945724127859616e-07
7.455290541059692000e-06
2.045061665847637174e-06
1.809292191531229851e-05
6.948731590473409351e-07
2.183716991536771832e-06
1.226114606611380167e-06
5.855598123258165403e-09
1.230495070694716210e-03
8.378525331340128622e-06
1.593105075439617919e-04
1.127272322862769155e-02
1.583945724127859616e-07
7.455290541059692000e-06
6.948731590473409351e-07
1.226114606611380167e-06
1.030002794401017613e-08
1.230495070694716210e-03
8.378525331340128622e-06
1.593105075439617919e-04
1.127272322862769155e-02
2.301717384731508708e-05
2.548504275905196562e-08
2.214213500037887959e-05
1.685102583806538546e-06
6.948731590473409351e-07
2.183716991536771832e-06
1.378753518318727471e-06
1.030002794401017613e-08
1.230495070694716210e-03
1.473778329755323494e-05
2.301717384731508708e-05
1.583945724127859616e-07
1.719255282031027822e-05
1.685102583806538546e-06
6.948731590473409351e-07
5.855598123258165403e-09
8.378525331340128622e-06
4.617157346811518220e-06
2.301717384731508708e-05
4.102717673564169773e-05
2.548504275905196562e-08
1.912790515761843171e-07
6.066541625989761358e-05
5.227940876934154861e-05
2.964104321407120487e-06
3.906126473039743443e-04
1.397341404773847919e-08
1.473778329755323494e-05
4.617157346811518220e-06
1.593105075439617919e-04
7.455290541059692000e-06
1.448832657175318529e-08
1.087427394873366500e-07
1.685102583806538546e-06
1.226114606611380167e-06
5.855598123258165403e-09
1.999396152192713515e-05
4.617157346811518220e-06
1.593105075439617919e-04
1.127272322862769155e-02
5.492666907924855061e-05
7.455290541059692000e-06
1.719255282031027822e-05
6.948731590473409351e-07
3.906126473039743443e-04
1.378753518318727471e-06
1.226114606611380167e-06
1.397341404773847919e-08
1.230495070694716210e-03
8.378525331340128622e-06
1.593105075439617919e-04
1.127272322862769155e-02
5.492666907924855061e-05
1.565069108517269311e-02
1.030002794401017613e-08
8.378525331340128622e-06
5.492666907924855061e-05
1.167551835547112936e-07
2.494420178283943408e-05
1.448832657175318529e-08
2.045061665847637174e-06
3.375703700622105388e-05
1.809292191531229851e-05
2.828164674478938394e-04
1.378753518318727471e-06
1.226114606611380167e-06
5.855598123258165403e-09
8.378525331340128622e-06
1.593105075439617919e-04
1.220511653602001922e-01
2.301717384731508708e-05
7.455290541059692000e-06
2.494420178283943408e-05
5.227940876934154861e-05
1.685102583806538546e-06
2.183716991536771832e-06
3.906126473039743443e-04
5.855598123258165403e-09
8.378525331340128622e-06
2.301717384731508708e-05
1.719255282031027822e-05
2.494420178283943408e-05
1.448832657175318529e-08
5.660356096301566832e-04
5.855598123258165403e-09
1.230495070694716210e-03
1.473778329755323494e-05
7.455290541059692000e-06
2.494420178283943408e-05
2.548504275905196562e-08
1.087427394873366500e-07
6.066541625989761358e-05
1.126349317616952480e-05
2.964104321407120487e-06
6.948731590473409351e-07
5.855598123258165403e-09
1.230495070694716210e-03
8.378525331340128622e-06
1.593105075439617919e-04
2.301717384731508708e-05
2.912893855469006313e-06
1.558781738055565677e-02
7.455290541059692000e-06
5.227940876934154861e-05
2.964104321407120487e-06
6.948731590473409351e-07
1.226114606611380167e-06
1.030002794401017613e-08
1.999396152192713515e-05
7.455290541059692000e-06
2.494420178283943408e-05
1.087427394873366500e-07
6.066541625989761358e-05
