6.181557731438380963e-07
7.748441071268866360e-05
1.382921092830031757e-05
1.965737396899455691e-05
1.041079032944778075e-03
2.790799468667662926e-06
3.855432597718629474e-05
1.273350569629104523e-05
1.859150218080507990e-05
7.491655683260348872e-09
2.236393254703388899e-04
6.056998245447145385e-06
4.201892604225320310e-06
6.181557731438380963e-07
1.102989767903962692e-02
4.738155920502596643e-05
3.194220238205028336e-06
1.583813086235260877e-06
1.529411744573751275e-06
1.965737396899455691e-05
1.068769058709133685e-06
1.034024794887389293e-07
1.043196466362911600e-06
1.174336492196400688e-04
1.217167836459216766e-06
5.512254244429229896e-06
1.716263325515332127e-05
6.181557731438380963e-07
4.954902277345969217e-07
1.145552600929042081e-04
4.975741178281552630e-05
2.446969984897299160e-07
1.718701146959697723e-01
1.660046060732965081e-04
7.152296405002270568e-07
6.644705994970209035e-08
7.406732583948299432e-07
4.852067868219692823e-06
2.789885958825883228e-06
1.360020356614129915e-03
1.068769058709133685e-06
8.076642589525214326e-07
4.119461771920911620e-05
4.908880338150931275e-06
4.194025972345368660e-07
3.027796264368475896e-07
9.115368533037818428e-06
1.014730419153807729e-03
2.984765779752356985e-04
3.529773361033656577e-05
1.068769058709133685e-06
1.144634540390699574e-05
5.512254244429229896e-06
1.152956637367426372e-04
6.181557731438380963e-07
1.142399033629447260e-05
3.091305958707566705e-04
1.965737396899455691e-05
1.517923000937738429e-06
1.261453139615317841e-03
8.076642589525214326e-07
6.411960699517558974e-07
5.474096488554506005e-04
7.175901067741613490e-07
1.920610918660378529e-07
2.048213942646436170e-06
1.483645859744889761e-06
2.135998671807966525e-04
1.423267912348483138e-05
1.491211612870118740e-04
8.076642589525214326e-07
1.795320748240413974e-02
7.428177869668624441e-04
4.605565571116707741e-06
4.170861030227010990e-04
3.147025286432012864e-05
1.599593395534251630e-04
4.300132382754186331e-04
1.657187016366223659e-05
1.466207699314628392e-06
8.076642589525214326e-07
1.212004659764570700e-03
1.186643669878149074e-03
1.386246702028413706e-02
1.356481795969760845e-04
2.816219852092678792e-05
9.115368533037818428e-06
1.172029641516910418e-04
1.965737396899455691e-05
1.491211612870118740e-04
9.460654552924674398e-05
8.076642589525214326e-07
1.212004659764570700e-03
4.894080667304148008e-04
3.054330980432511989e-05
5.474968887074788820e-04
3.397828127938318920e-07
1.517923000937738429e-06
9.507471712131178440e-04
1.050847887720592094e-04
6.011330842489155755e-04
8.076642589525214326e-07
1.993935263223465659e-04
3.836019803185318928e-05
2.816219852092678792e-05
7.267389336057853387e-05
1.339369722937185190e-04
4.715566669874648140e-07
1.491211612870118740e-04
6.658275373712938929e-06
8.076642589525214326e-07
7.090691199244406787e-06
3.107235255152244351e-04
3.910213627106066995e-06
1.399741050200534742e-01
4.715566669874648140e-07
4.418146538976568149e-06
2.135998671807966525e-04
6.644705994970209035e-08
1.491211612870118740e-04
1.068769058709133685e-06
4.010783020099648044e-04
6.000336923913902816e-05
7.152296405002270568e-07
4.715566669874648140e-07
9.507471712131178440e-04
1.349978001854102100e-03
7.553002238600671517e-07
2.159110730799169620e-05
1.002699779432052249e-05
1.068769058709133685e-06
1.144634540390699574e-05
4.741890164409837648e-03
4.514239031448009954e-07
1.043196466362911600e-06
4.975741178281552630e-05
6.683023521524536791e-08
5.050062805954074839e-06
1.674404712966490747e-03
1.472742468366602963e-04
4.269975076621277805e-07
1.086340211790281260e-05
4.908880338150931275e-06
1.632851554623336254e-05
2.816219852092678792e-05
4.622597117384121511e-05
2.978873280479153729e-03
5.703731842505696851e-05
1.791895754343781748e-05
8.539672966147500866e-04
8.076642589525214326e-07
3.836019803185318928e-05
2.816547360467723570e-04
3.761007346934063717e-07
6.181557731438380963e-07
3.156616894941496988e-07
1.045028215212873141e-04
1.527791952179935445e-08
2.833342414797657657e-06
7.491655683260348872e-09
2.092457752211955186e-05
1.653059985125402704e-06
4.767822890958651807e-07
4.255512414846154246e-06
2.162457545070433512e-05
9.115368533037818428e-06
3.147849152735892650e-07
3.062713667244328693e-03
3.262876792456394284e-06
1.278740811886882635e-02
4.269975076621277805e-07
3.836019803185318928e-05
4.556720085677063966e-04
3.482529506288157769e-05
1.811643391648853948e-05
1.347307506805280276e-06
3.147849152735892650e-07
1.339369722937185190e-04
1.233714497104135700e-05
5.085591537225352783e-05
8.076642589525214326e-07
4.326630445076940672e-05
6.181557731438380963e-07
2.816219852092678792e-05
1.364004517887843589e-06
1.920610918660378529e-07
3.666117728209024643e-05
2.790799468667662926e-06
3.755939737400126135e-07
3.855432597718629474e-05
8.076642589525214326e-07
1.173424574044969205e-05
1.298244625342585975e-04
3.054330980432511989e-05
5.050062805954074839e-06
1.148571448692670426e-04
3.967150007284971362e-05
3.397828127938318920e-07
1.241120734811267215e-05
3.529773361033656577e-05
1.034024794887389293e-07
1.043196466362911600e-06
1.217167836459216766e-06
2.282743614444658796e-05
5.154636406911388899e-03
1.386246702028413706e-02
6.181557731438380963e-07
1.364004517887843589e-06
1.965737396899455691e-05
7.553767998152442802e-06
8.076642589525214326e-07
1.261617985805007049e-04
4.908880338150931275e-06
6.411960699517558974e-07
6.266772142440391394e-05
4.382884924104871940e-06
1.118194472702156437e-05
4.795136573038638730e-07
1.965737396899455691e-05
6.969987006445151234e-06
1.068769058709133685e-06
8.076642589525214326e-07
2.668886803038219465e-05
4.514239031448009954e-07
3.130483054605606019e-05
2.516891306783809398e-05
7.347078244425119518e-05
1.288936641692243470e-03
1.429262272608748663e-04
1.332216353186326132e-05
1.431226882549057342e-04
8.076642589525214326e-07
1.212004659764570700e-03
4.894080667304148008e-04
5.931347691923028321e-05
2.456169082099084641e-05
3.331804394660679521e-04
7.820034323545092572e-06
6.027992433912939422e-07
5.703731842505696851e-05
1.068769058709133685e-06
8.076642589525214326e-07
1.212004659764570700e-03
2.857290793071584276e-03
7.428177869668624441e-04
1.264717139360742395e-05
2.753523808059501706e-04
7.087162679107781897e-06
6.181557731438380963e-07
7.820034323545092572e-06
2.236393254703388899e-04
3.836019803185318928e-05
4.734140298998861467e-06
2.266330982398088653e-03
3.910213627106066995e-06
2.084593049294111188e-05
6.027992433912939422e-07
2.624257228324855466e-05
4.699961388087935246e-05
7.184831033318479733e-04
1.068769058709133685e-06
4.490811004408411182e-07
6.612043863198134503e-06
3.535535370920765003e-02
1.105044117083438769e-03
6.181557731438380963e-07
4.194440208637008512e-03
7.175901067741613490e-07
1.920610918660378529e-07
2.113665872212735350e-06
1.467871297015226799e-03
1.894567508003791535e-04
4.195891054857813855e-06
1.466174327547312291e-04
1.791895754343781748e-05
4.346959827623905110e-07
1.282438724297310499e-04
6.654844501571702611e-05
1.527791952179935445e-08
6.106651935732030586e-07
1.068769058709133685e-06
1.929300502504761546e-04
2.604721018447179537e-07
4.255511687475797659e-03
4.195891054857813855e-06
3.967150007284971362e-05
1.491211612870118740e-04
6.658275373712938929e-06
9.719535899694360512e-07
7.643152606796462291e-07
8.076642589525214326e-07
4.490811004408411182e-07
6.683023521524536791e-08
2.540106199491094525e-03
1.714399538861656165e-03
1.756403969674137124e-04
7.456251529957545244e-06
1.517923000937738429e-06
7.428381649108815069e-07
2.789885958825883228e-06
4.908880338150931275e-06
3.066218027849135544e-04
3.957925116302116208e-04
7.966365676365384684e-06
1.529411744573751275e-06
1.463869437650870941e-05
4.406881513775626655e-06
9.684466199758505226e-08
2.856426898501843555e-06
7.491655683260348872e-09
9.460654552924674398e-05
4.368768823375862912e-06
8.076642589525214326e-07
4.269975076621277805e-07
4.556720085677063966e-04
6.181557731438380963e-07
2.330989792300294978e-04
7.152296405002270568e-07
4.000999222361296785e-03
1.517923000937738429e-06
1.068769058709133685e-06
4.421363734530614812e-04
2.821216900289399230e-05
1.818781299134584860e-05
6.181557731438380963e-07
3.397828127938318920e-07
3.227539211414847081e-04
1.491211612870118740e-04
3.724500522657466623e-04
3.156616894941496988e-07
2.236393254703388899e-04
1.458176122109610231e-03
3.836019803185318928e-05
6.612043863198134503e-06
1.217167836459216766e-06
1.233099123439426910e-02
2.604517501770736696e-05
4.201892604225320310e-06
2.745249422696104309e-04
1.920610918660378529e-07
3.151704675387704548e-05
5.061673902462527329e-05
1.791895754343781748e-05
1.230092981538702650e-03
1.965737396899455691e-05
1.400863966729181591e-04
1.384389348238747926e-03
1.679126446188442332e-06
6.106651935732030586e-07
3.827490131738240964e-05
6.683023521524536791e-08
1.716263325515332127e-05
5.050062805954074839e-06
1.364004517887843589e-06
5.637066519098640359e-07
1.102259875551583456e-04
7.433979196939937872e-06
1.491211612870118740e-04
2.244260771146067812e-06
2.211761047163461676e-05
1.068769058709133685e-06
8.076642589525214326e-07
8.088906735934609188e-05
1.632851554623336254e-05
7.323582839047761824e-07
4.201892604225320310e-06
2.604721018447179537e-07
7.820034323545092572e-06
3.227539211414847081e-04
6.644705994970209035e-08
4.908880338150931275e-06
9.267502944420903676e-06
2.632941702809887081e-04
2.146961169997474138e-05
1.233759185474217002e-03
1.142399033629447260e-05
1.139883063457970713e-04
2.624112016180254895e-04
2.079976379319067566e-04
1.384389348238747926e-03
1.068769058709133685e-06
8.076642589525214326e-07
6.612043863198134503e-06
7.041682171070322467e-04
2.833930679988956765e-03
2.604721018447179537e-07
8.530851155552268000e-04
3.147025286432012864e-05
7.152296405002270568e-07
1.082173219005486267e-04
1.068769058709133685e-06
8.076642589525214326e-07
3.891740616759143193e-03
6.056998245447145385e-06
1.217167836459216766e-06
1.440160073312514690e-05
1.716263325515332127e-05
3.147025286432012864e-05
6.181557731438380963e-07
2.816219852092678792e-05
3.836019803185318928e-05
2.303270264686480689e-02
5.050062805954074839e-06
1.429262272608748663e-04
8.052296077209026427e-08
7.544671660473969543e-05
4.527522261060684433e-05
7.311658772341255776e-06
5.237646460381738798e-05
4.852067868219692823e-06
2.935001395584027458e-06
5.210077278613159044e-04
5.637066519098640359e-07
8.031103296717037273e-06
3.190092622366251366e-04
4.959357333303416292e-04
2.244260771146067812e-06
1.859069504666863571e-06
4.731955336463275721e-06
5.091424655155673900e-06
1.068769058709133685e-06
4.908880338150931275e-06
1.674404712966490747e-03
1.920610918660378529e-07
3.397828127938318920e-07
9.886345787530600787e-06
1.517923000937738429e-06
1.491211612870118740e-04
7.553002238600671517e-07
1.527791952179935445e-08
4.894080667304148008e-04
2.446969984897299160e-07
3.482529506288157769e-05
9.587284725348973059e-05
2.816219852092678792e-05
4.195891054857813855e-06
1.984314135536871090e-05
1.343115139012576184e-06
5.181158972948414921e-04
4.852067868219692823e-06
1.068769058709133685e-06
4.975741178281552630e-05
6.683023521524536791e-08
4.908880338150931275e-06
3.482529506288157769e-05
3.027796264368475896e-07
2.048213942646436170e-06
3.165961294134551863e-06
1.965737396899455691e-05
1.517923000937738429e-06
8.076642589525214326e-07
6.644705994970209035e-08
1.491211612870118740e-04
1.859069504666863571e-06
5.574310422006041932e-06
6.087082466230520283e-06
1.050847887720592094e-04
7.553002238600671517e-07
9.684466199758505226e-08
7.200101939907918407e-04
9.460654552924674398e-05
3.519345273387796129e-05
1.068769058709133685e-06
1.043196466362911600e-06
2.733340065525582285e-05
3.836019803185318928e-05
7.428177869668624441e-04
5.512254244429229896e-06
6.743328114807510820e-07
2.604517501770736696e-05
7.993037101529174699e-06
2.668886803038219465e-05
6.411960699517558974e-07
1.873762927994381576e-06
6.181557731438380963e-07
3.008431838239530951e-05
9.115368533037818428e-06
7.175901067741613490e-07
5.030088719037098955e-05
1.965737396899455691e-05
2.309582705085817551e-04
1.716263325515332127e-05
5.050062805954074839e-06
1.033987120849740363e-04
7.087162679107781897e-06
4.059447113868172802e-04
3.008431838239530951e-05
1.364744580221831773e-04
1.035525306120763792e-06
3.674559242732386720e-05
7.961131757197568190e-05
8.076642589525214326e-07
1.929300502504761546e-04
3.699574558382330711e-06
1.152054669397983663e-05
2.524121290826653212e-05
1.395356805848224678e-03
3.910213627106066995e-06
7.175901067741613490e-07
1.920610918660378529e-07
1.653059985125402704e-06
4.908880338150931275e-06
2.723009306663011333e-06
2.513935694293354477e-05
1.791895754343781748e-05
1.965737396899455691e-05
1.491211612870118740e-04
4.725103213261939421e-06
2.234664646909279104e-03
1.110634602900072848e-03
1.068769058709133685e-06
8.076642589525214326e-07
5.115666077368329729e-05
2.139501471018836489e-04
1.100076330175174110e-04
1.217167836459216766e-06
9.037047892544695254e-05
4.194025972345368660e-07
7.323582839047761824e-07
4.201892604225320310e-06
8.076642589525214326e-07
7.028342748711738364e-03
3.836019803185318928e-05
5.109417133859898204e-04
3.644709234148142598e-03
2.023527182300505171e-05
1.339369722937185190e-04
3.967150007284971362e-05
3.397828127938318920e-07
4.315512302094629042e-05
4.269975076621277805e-07
4.908880338150931275e-06
1.430151989980433733e-03
2.604721018447179537e-07
8.580006810538856350e-04
1.199299181198382563e-05
2.220768632611213656e-04
5.989836041822111458e-05
1.646641059821702996e-04
3.150173003610258829e-04
1.068769058709133685e-06
1.144634540390699574e-05
8.408430080868882278e-04
3.482529506288157769e-05
1.657187016366223659e-05
1.800189521226820574e-05
2.048213942646436170e-06
1.145552600929042081e-04
1.822637579746831812e-04
1.491211612870118740e-04
1.832001004886519668e-04
8.076642589525214326e-07
4.490811004408411182e-07
5.050062805954074839e-06
2.604721018447179537e-07
2.869047635463178026e-05
4.195891054857813855e-06
1.791895754343781748e-05
9.921073139366241129e-05
1.491211612870118740e-04
1.068769058709133685e-06
4.767822890958651807e-07
1.173424574044969205e-05
7.440577479003065101e-06
3.576341323921287116e-05
2.146961169997474138e-05
6.181557731438380963e-07
9.115368533037818428e-06
8.073396716116920421e-07
2.404381658898392757e-06
9.460654552924674398e-05
1.144634540390699574e-05
4.767822890958651807e-07
7.090691199244406787e-06
1.328696174585758406e-05
5.157528688630445184e-04
7.440577479003065101e-06
2.604721018447179537e-07
6.181557731438380963e-07
2.816219852092678792e-05
1.073555603786440242e-03
6.411960699517558974e-07
6.181557731438380963e-07
3.262876792456394284e-06
1.630685316821947856e-06
3.855432597718629474e-05
4.695503247710110413e-03
7.044206065786987091e-04
8.717360789961881799e-08
6.106651935732030586e-07
1.929300502504761546e-04
1.034024794887389293e-07
2.446969984897299160e-07
4.908880338150931275e-06
1.982977911399742302e-06
5.290845933597146253e-06
2.503421733770142660e-04
1.657187016366223659e-05
9.802171615224318198e-05
4.346959827623905110e-07
8.076642589525214326e-07
2.041511611376354250e-04
3.836019803185318928e-05
1.217167836459216766e-06
4.908880338150931275e-06
5.512254244429229896e-06
1.100500897658403254e-03
6.181557731438380963e-07
9.115368533037818428e-06
3.758695188443374777e-04
8.076642589525214326e-07
1.378988836144526926e-03
1.516030298054130460e-05
1.716263325515332127e-05
1.267415755335580402e-02
1.660046060732965081e-04
3.937860090128362812e-05
1.181852377504059642e-03
8.302907838941371501e-05
1.082173219005486267e-04
1.068769058709133685e-06
7.090691199244406787e-06
1.152054669397983663e-05
6.743328114807510820e-07
6.181557731438380963e-07
9.652618119542126390e-07
1.491211612870118740e-04
1.311443257299098382e-05
1.719163725100623077e-06
9.719535899694360512e-07
7.961131757197568190e-05
8.076642589525214326e-07
6.683023521524536791e-08
1.332805810042905856e-03
7.323582839047761824e-07
9.440311604569398508e-04
1.114833361358019334e-06
1.657187016366223659e-05
6.000336923913902816e-05
2.687032300551454240e-05
4.908880338150931275e-06
2.122632596980564051e-04
4.439750214733390206e-06
1.440160073312514690e-05
7.087162679107781897e-06
5.290845933597146253e-06
1.657187016366223659e-05
6.000336923913902816e-05
4.054147524966500389e-05
1.161094107837553659e-03
1.068769058709133685e-06
5.115666077368329729e-05
2.282743614444658796e-05
1.264717139360742395e-05
2.604721018447179537e-07
5.637066519098640359e-07
1.339369722937185190e-04
3.397828127938318920e-07
1.265573305901347093e-03
7.553002238600671517e-07
2.446969984897299160e-07
4.194025972345368660e-07
2.604721018447179537e-07
5.290845933597146253e-06
4.817540114863371999e-04
1.466174327547312291e-04
1.339369722937185190e-04
3.397828127938318920e-07
1.356444860586796376e-04
3.747092186298616985e-04
7.376391659680939879e-07
1.068769058709133685e-06
4.269975076621277805e-07
1.173424574044969205e-05
1.965103025814037702e-03
1.264717139360742395e-05
6.181557731438380963e-07
1.399741050200534742e-01
1.657187016366223659e-05
3.957925116302116208e-04
1.185338216037822544e-02
1.068769058709133685e-06
7.090691199244406787e-06
4.908880338150931275e-06
5.872455874201420113e-06
3.482529506288157769e-05
1.660046060732965081e-04
4.890877584835619024e-04
1.100157736350204380e-03
1.364004517887843589e-06
6.056998245447145385e-06
2.540106199491094525e-03
4.908880338150931275e-06
4.648514109939142066e-04
1.249956140193445974e-04
1.904708489508959482e-04
6.181557731438380963e-07
2.052291655774039162e-03
2.208068473097485817e-04
8.056412852484401299e-06
1.068769058709133685e-06
3.891740616759143193e-03
1.328696174585758406e-05
2.303270264686480689e-02
4.201892604225320310e-06
7.087162679107781897e-06
6.181557731438380963e-07
4.255511687475797659e-03
9.115368533037818428e-06
7.277154030057808001e-05
8.076642589525214326e-07
1.219646048160274651e-02
4.908880338150931275e-06
4.439750214733390206e-06
4.734140298998861467e-06
2.816219852092678792e-05
8.052296077209026427e-08
1.381416193245272976e-03
2.490785792523250011e-06
3.940845388982389813e-03
1.212004659764570700e-03
1.929300502504761546e-04
4.908880338150931275e-06
6.512899426304639646e-05
2.680186705177705839e-02
6.982078970010929288e-05
1.657187016366223659e-05
1.529411744573751275e-06
3.529773361033656577e-05
6.658275373712938929e-06
1.068769058709133685e-06
3.836019803185318928e-05
4.908880338150931275e-06
3.552788919429753119e-04
4.734140298998861467e-06
5.637066519098640359e-07
7.820034323545092572e-06
8.052296077209026427e-08
1.529411744573751275e-06
1.118194472702156437e-05
1.068769058709133685e-06
6.056998245447145385e-06
1.043196466362911600e-06
4.908880338150931275e-06
9.218576211282304396e-05
1.716263325515332127e-05
5.103634823035171035e-05
6.181557731438380963e-07
3.147849152735892650e-07
1.871818845275527877e-05
7.993037101529174699e-06
3.836019803185318928e-05
4.908880338150931275e-06
5.512254244429229896e-06
1.660046060732965081e-04
6.181557731438380963e-07
6.985777908681107227e-04
7.175901067741613490e-07
2.196648963201830625e-04
1.558436908136837145e-05
1.068769058709133685e-06
1.929300502504761546e-04
1.993935263223465659e-04
2.446969984897299160e-07
3.836019803185318928e-05
1.561262346994595060e-03
3.107235255152244351e-04
3.331804394660679521e-04
2.244260771146067812e-06
4.852067868219692823e-06
1.068769058709133685e-06
4.975741178281552630e-05
1.173424574044969205e-05
4.908880338150931275e-06
2.662793716199218989e-06
6.181557731438380963e-07
2.330989792300294978e-04
9.115368533037818428e-06
6.000336923913902816e-05
1.082173219005486267e-04
8.076642589525214326e-07
2.646645390312361933e-06
1.043196466362911600e-06
4.908880338150931275e-06
6.678989716755971825e-04
2.604721018447179537e-07
6.181557731438380963e-07
1.199527809219467025e-04
4.163099573646737649e-06
4.650773753604885066e-04
1.664963775966110963e-04
1.212004659764570700e-03
1.929300502504761546e-04
6.683023521524536791e-08
1.795320748240413974e-02
1.217167836459216766e-06
4.908880338150931275e-06
4.734140298998861467e-06
3.961093444457046094e-04
1.657187016366223659e-05
1.068769058709133685e-06
8.076642589525214326e-07
5.931347691923028321e-05
5.512254244429229896e-06
4.734140298998861467e-06
7.929961917782109011e-05
1.674404712966490747e-03
1.189406410389655042e-04
3.406866138924874736e-05
1.311551726732049577e-06
2.290214453733293773e-04
1.043196466362911600e-06
4.908880338150931275e-06
1.152054669397983663e-05
7.087162679107781897e-06
1.095603370991290754e-03
1.920610918660378529e-07
1.791895754343781748e-05
1.190753040804739702e-04
1.965737396899455691e-05
1.068769058709133685e-06
8.076642589525214326e-07
4.514239031448009954e-07
4.975741178281552630e-05
6.612043863198134503e-06
4.908880338150931275e-06
6.743328114807510820e-07
1.982977911399742302e-06
1.429262272608748663e-04
2.063463125583620786e-04
1.068769058709133685e-06
2.540106199491094525e-03
2.263901894385012686e-04
8.073396716116920421e-07
4.300132382754186331e-04
8.052296077209026427e-08
1.491211612870118740e-04
8.717360789961881799e-08
1.050847887720592094e-04
3.692575525261640955e-04
3.893799649534738149e-04
1.610451142336825209e-03
9.218576211282304396e-05
9.626613296670206424e-04
1.527119920837095553e-03
7.087162679107781897e-06
5.578682348489410102e-06
1.995560330663181280e-05
1.502213141959158910e-04
1.491211612870118740e-04
7.993037101529174699e-06
8.076642589525214326e-07
7.021334899157020493e-04
3.891740616759143193e-03
2.630204347166786513e-02
3.836019803185318928e-05
4.908880338150931275e-06
1.152054669397983663e-05
7.323582839047761824e-07
4.201892604225320310e-06
1.068769058709133685e-06
4.908880338150931275e-06
3.443746090745123897e-04
4.194025972345368660e-07
5.050062805954074839e-06
2.833930679988956765e-03
3.397828127938318920e-07
1.791895754343781748e-05
1.491211612870118740e-04
5.786272368173610108e-05
8.076642589525214326e-07
4.194025972345368660e-07
4.201892604225320310e-06
2.817970632806340143e-04
7.087162679107781897e-06
6.181557731438380963e-07
2.174820638699049321e-04
4.388140721169022567e-05
6.644705994970209035e-08
4.731955336463275721e-06
1.068769058709133685e-06
1.212004659764570700e-03
4.767822890958651807e-07
4.328150820248428260e-02
1.595969874142336023e-03
6.181557731438380963e-07
1.364004517887843589e-06
2.810901082067902693e-04
7.406732583948299432e-07
9.208272360831827646e-08
1.212004659764570700e-03
1.774734744481618694e-04
2.197883862598639971e-06
2.604721018447179537e-07
8.402718623413242896e-04
3.910213627106066995e-06
7.966365676365384684e-06
1.118194472702156437e-05
2.356203899168965039e-05
7.553767998152442802e-06
4.894080667304148008e-04
6.056998245447145385e-06
1.043196466362911600e-06
7.090691199244406787e-06
1.982977911399742302e-06
1.381672227453901330e-04
1.627078645723116168e-05
3.802732028597090888e-05
2.007432419547418854e-05
1.421317298102257667e-05
7.090691199244406787e-06
3.836019803185318928e-05
6.612043863198134503e-06
4.908880338150931275e-06
1.674404712966490747e-03
3.867866130620728612e-04
6.181557731438380963e-07
8.366330465276909179e-04
1.199299181198382563e-05
3.961093444457046094e-04
8.076642589525214326e-07
4.490811004408411182e-07
4.975741178281552630e-05
3.836019803185318928e-05
2.484596187569179096e-04
4.195891054857813855e-06
5.637066519098640359e-07
1.630685316821947856e-06
1.491211612870118740e-04
2.130003954107286337e-03
1.068769058709133685e-06
1.217167836459216766e-06
1.516030298054130460e-05
4.194025972345368660e-07
5.050062805954074839e-06
6.181557731438380963e-07
4.143973013449887455e-07
4.579212758369099728e-06
4.980311133085209853e-06
1.965737396899455691e-05
1.664460690533621344e-05
3.836019803185318928e-05
4.908880338150931275e-06
1.447843215139599747e-04
6.181557731438380963e-07
8.031103296717037273e-06
3.572369186592147050e-05
2.795853867816475093e-04
5.149361200742015490e-05
3.397828127938318920e-07
7.993037101529174699e-06
1.068769058709133685e-06
5.931347691923028321e-05
4.269975076621277805e-07
3.836019803185318928e-05
4.908880338150931275e-06
1.716263325515332127e-05
2.604721018447179537e-07
3.090714119014484454e-07
4.300132382754186331e-04
1.068769058709133685e-06
8.076642589525214326e-07
5.290845933597146253e-06
1.199299181198382563e-05
1.364004517887843589e-06
6.027997268919465498e-05
7.820034323545092572e-06
5.703731842505696851e-05
1.118194472702156437e-05
2.135998671807966525e-04
1.014198942552290133e-03
4.269975076621277805e-07
1.217167836459216766e-06
1.660046060732965081e-04
9.652618119542126390e-07
1.491211612870118740e-04
2.950294902454687700e-04
7.553002238600671517e-07
1.527791952179935445e-08
3.616869567774590784e-04
1.068769058709133685e-06
1.034024794887389293e-07
1.173424574044969205e-05
3.836019803185318928e-05
1.613936733687832965e-06
4.908880338150931275e-06
1.578124576688168929e-04
8.031103296717037273e-06
1.657187016366223659e-05
2.113665872212735350e-06
2.591724728820205470e-04
6.683023521524536791e-08
1.795320748240413974e-02
6.743328114807510820e-07
5.673633909277517404e-04
2.816219852092678792e-05
1.114833361358019334e-06
1.868710391461940652e-04
3.397828127938318920e-07
1.977393821290297522e-04
