4.096985043681719628e-04
2.391205708337576012e-07
7.690336276979927882e-08
3.680332345533767616e-07
4.580423870257802586e-03
3.519260844656795349e-07
1.482648704173774971e-02
9.698318040552107776e-05
2.168997069552352477e-06
1.982829620553629244e-08
7.549915163715895799e-03
1.216430925411527472e-04
8.995303220821614668e-06
1.036470888263287388e-07
1.300888557097047322e-06
3.528150635421627179e-04
9.470476220162543006e-05
4.861699792482496289e-07
4.959438034613592374e-06
1.244345102501093984e-04
4.083889821291823772e-04
1.961375011367081222e-07
4.176932901181780473e-06
4.852592834034832510e-06
5.605625353997903617e-07
6.944448677045228411e-06
8.233221968313218669e-06
2.248497644284759004e-06
3.519816416318724731e-07
2.944465540256054350e-08
8.084644685592543608e-05
1.283380409901716173e-06
2.716019736652636532e-04
2.270245670394614265e-05
5.299347782323475412e-05
2.723149548370142872e-05
1.520778828503155323e-04
3.037532074732332214e-06
3.225352603674998417e-07
1.052482623021671075e-04
7.314701419763622683e-05
9.410973120547594186e-06
2.537513475034629176e-03
2.223456482641180857e-05
8.761019563645123566e-05
1.253841076177573260e-03
4.098816444731992721e-06
7.018435508064116391e-05
2.837116610842966575e-06
3.814691768983806615e-06
1.930700671950152005e-06
1.948704136642783070e-06
2.338663744335757436e-06
4.239839792940896241e-07
7.910778725975543282e-05
2.156332267712089009e-05
8.968474070233384621e-07
1.504562405080945707e-06
6.103437505435988055e-06
7.486984937781051145e-06
9.914239142652821197e-07
1.740509814123934075e-07
2.338663744335757436e-06
1.231584240564539620e-04
3.531199161287449090e-06
1.649075311035156570e-04
3.936677248820723870e-04
1.673316218845530837e-06
7.697221095526741568e-06
1.473233498745087345e-06
1.136156109045044183e-05
2.430276551507586621e-06
3.369415538071626162e-04
4.376851735635932869e-07
3.029959753155611374e-04
8.543245337458943764e-08
2.929329585984306278e-05
1.960600109924241644e-05
8.676806296390014259e-06
1.786593217598984000e-05
5.623270048098345493e-04
1.961375011367081222e-07
1.847349479342415290e-06
2.130029015751911924e-08
2.391205708337576012e-07
3.593460970483755832e-06
2.818717850708983478e-06
1.231584240564539620e-04
8.358474830234895007e-06
8.429647762084695986e-05
6.414676164017339385e-05
1.894035269885476511e-04
1.948704136642783070e-06
3.650598805606766100e-04
1.740509814123934075e-07
1.077883729754105639e-06
9.917054483084739766e-07
2.632300826976700404e-04
1.065932005263194732e-02
3.932666659953443049e-03
1.306606740847854071e-03
1.176835281967882202e-01
2.473279194788092049e-05
4.477168370939138466e-05
3.071555577079491950e-04
3.722389143574294092e-07
2.850364528911175485e-08
1.882265916935843704e-04
4.100108638348455461e-04
2.761074751213207950e-07
8.078810985279612336e-06
2.224665013923241021e-06
9.703744134235599572e-08
1.061002749491229139e-06
4.074041798562088187e-06
4.284985183664147298e-06
2.598801962195440053e-03
1.592981642246538616e-06
1.261527204917186219e-03
2.314947904474013297e-05
1.412960273169101716e-05
1.714079940283415256e-05
1.961375011367081222e-07
8.995303220821614668e-06
1.864022423337312901e-05
7.690336276979927882e-08
1.895672016743069435e-06
3.688291032887952841e-05
2.723149548370142872e-05
1.175739476445299662e-04
1.740509814123934075e-07
1.473191830913862940e-06
1.125197461240079040e-06
1.631343867376358194e-05
1.148745322384467815e-06
7.482022946236847053e-06
9.014305051573310093e-03
3.108719723843266083e-05
4.520496081954828896e-05
6.243434363459277405e-07
3.031645184004489103e-05
2.059437872596409918e-05
5.753314701545544386e-07
3.537850657143622999e-06
7.803779521286295732e-06
2.997356323676975357e-06
2.683233336501323866e-07
8.135807677779252622e-02
1.915014841779951230e-05
9.714880116079517916e-03
2.378931491503633185e-04
3.000838610852332736e-07
3.824284135484271296e-06
8.024142814434602919e-06
1.637062043487189603e-07
3.321380375815572784e-08
4.006364137840953595e-07
3.216897533701566802e-04
7.336258712280177861e-06
5.233851269264351494e-06
5.514443280202579160e-05
1.712026260369786206e-07
1.430538248876797288e-03
4.373026230963497629e-02
1.515640366630033101e-06
4.950385008790371237e-08
4.225719579512717035e-08
7.962913193635397240e-07
9.823607028067378648e-08
3.561156696524590300e-06
2.218469471459793120e-05
2.296601233398414856e-03
1.420882616137436475e-03
1.036470888263287388e-07
1.545096281465165933e-04
4.798649449651288727e-07
3.225352603674998417e-07
4.955478365793525458e-06
8.543245337458943764e-08
2.546254615237038450e-07
2.430276551507586621e-06
1.740509814123934075e-07
2.380434079657259571e-07
3.276072407848259268e-06
2.222249232065309579e-06
4.857521788122264126e-04
2.777830664817816411e-05
1.446432859986249468e-04
2.403577485154116072e-07
1.473233498745087345e-06
2.430276551507586621e-06
2.039783983733358630e-05
2.816254434826831465e-03
3.095758857254468190e-07
6.303941813197862752e-04
3.756652868950883303e-07
4.074041798562088187e-06
5.450359691293276201e-03
1.079802665548875201e-05
7.910778725975543282e-05
2.984674883302350140e-05
5.666176985287151355e-05
7.877732336611862598e-05
2.278117139381011203e-05
7.910778725975543282e-05
6.315775302560554011e-05
1.023339655415504105e-05
4.416246226514443189e-05
2.140081092857243112e-04
1.412275809322388610e-07
9.347092739553948396e-06
7.333177817758523768e-06
3.909373002290451177e-02
5.613952886986026965e-07
2.850364528911175485e-08
2.414127593112548619e-04
2.789662324057079717e-04
2.334712176464137294e-07
2.314947904474013297e-05
2.403577485154116072e-07
4.443912531037571585e-07
2.224665013923241021e-06
1.347547552396415794e-06
4.814567514652482832e-05
3.500905147212369909e-05
3.162329183553770997e-04
8.899143936990678918e-06
9.887860227983044896e-07
3.422710854835739803e-08
1.234169323793347895e-04
1.136156109045044183e-05
2.537513475034629176e-03
2.391205708337576012e-07
2.338663744335757436e-06
4.054971673203761930e-04
1.031338311205441894e-04
4.549849147675969267e-06
4.048989255826312184e-06
2.612405528002359313e-07
1.675585082434566766e-04
6.904301461571185411e-04
7.888918028082104534e-08
5.753314701545544386e-07
7.571424211555815285e-05
1.218696657920202536e-06
1.031338311205441894e-04
1.692627987150034305e-02
4.225719579512717035e-08
1.150405503192002403e-04
1.750321998093565474e-03
7.087594336223174030e-06
1.961375011367081222e-07
9.966415410057465028e-06
2.928590069972070360e-04
7.589935406853599001e-06
7.888918028082104534e-08
1.300936928711373025e-06
3.165203909674153826e-05
9.386498115632094824e-06
5.739884412717355043e-07
2.039783983733358630e-05
3.327113559497004667e-05
7.362106766128161226e-05
2.932117945357266896e-04
1.885201417216055789e-06
3.321380375815572784e-08
9.641322084976097794e-05
1.353249871094984501e-04
1.083537355671412273e-06
7.749856687256732529e-06
2.251772953021576700e-06
5.813063826864682559e-05
3.718003950307264115e-06
3.694886926971531065e-05
1.979176181718194930e-06
1.464724023077206985e-06
1.740509814123934075e-07
8.685536119342498985e-04
2.850364528911175485e-08
5.426003343090314218e-06
7.382937275684206590e-04
4.074041798562088187e-06
1.430538248876797288e-03
2.169900038777316059e-05
7.284028287293847446e-06
2.612405528002359313e-07
9.912492920099206476e-05
1.226087704862176662e-05
1.715951091712042214e-04
2.347140793665758413e-05
3.251567192755424896e-05
2.850364528911175485e-08
2.879389209984751657e-06
1.637062043487189603e-07
2.163798637832711280e-06
6.136117948582466496e-05
1.482367772480205036e-02
4.408144655112332237e-05
4.646651580986634576e-04
2.612405528002359313e-07
1.176835281967882202e-01
3.195114704558514989e-06
2.224665013923241021e-06
2.763479829054303074e-05
1.284075986568780636e-04
5.912518825536240349e-04
2.156332267712089009e-05
2.293547482158767340e-04
9.641322084976097794e-05
2.944465540256054350e-08
5.623270048098345493e-04
4.391700620058208578e-07
1.876672405347524662e-04
9.486031584972349877e-04
6.313408496985321123e-05
3.553229370171728888e-05
2.992508883633828386e-04
5.514443280202579160e-05
1.086796708728103685e-07
8.304852462957581361e-06
2.138582890207013176e-04
5.097220325855799758e-07
2.517924328120421375e-05
1.038834085669913263e-05
6.537239137096717686e-04
7.197605757617357365e-06
2.020031498663077983e-06
5.387793316487836306e-05
5.492724337393622253e-05
1.024415253193712249e-06
3.031645184004489103e-05
3.327113559497004667e-05
1.029010119070117327e-05
1.987869891061021842e-07
1.066146895158625992e-06
1.740509814123934075e-07
6.832340799611289365e-06
9.160257955918837879e-06
3.007773918252687039e-03
7.285232949521785301e-05
5.893284417623231473e-07
1.060565485899745191e-06
2.621456118521464001e-04
2.889853719175673529e-05
2.037880868752001162e-05
1.332330248832747110e-05
4.593753245703388418e-07
5.656773324493834605e-07
1.333896471590466815e-05
5.814465027777409524e-08
2.941842120974493775e-07
1.345962467587023794e-05
3.528150635421627179e-04
1.394867304397394443e-05
2.403577485154116072e-07
3.083376062117944527e-05
2.113657694055814354e-04
4.481484738350455336e-06
1.614827397783179523e-07
3.790399821035087073e-05
1.961375011367081222e-07
2.224665013923241021e-06
1.948704136642783070e-06
5.362732849751481877e-07
1.333896471590466815e-05
1.473233498745087345e-06
2.795129681269186014e-05
6.470890879250259815e-04
2.217870810381457655e-06
1.213657549271539896e-06
6.868269795116544037e-05
1.685741312384972585e-04
6.315775302560554011e-05
3.892722745556651941e-03
5.177621103023790543e-04
3.763373749174609281e-06
1.817653707329054804e-05
8.473821293349175705e-07
2.944465540256054350e-08
5.363675428732847875e-04
9.819953844583877457e-06
2.478966556427014001e-06
3.943153955503590464e-06
1.627645590537180401e-03
1.154254796653314346e-04
1.004553864306791978e-03
5.226202723630646169e-07
1.847586986558248249e-07
1.982829620553629244e-08
1.008975853861718981e-06
9.490372379569258319e-06
2.537513475034629176e-03
2.224665013923241021e-06
3.164327900415083750e-06
2.003068941739887752e-06
1.086796708728103685e-07
2.997356323676975357e-06
7.577832934551252360e-07
2.047205970179873288e-06
2.934273550148216525e-05
2.039783983733358630e-05
7.054850450925407037e-07
2.224665013923241021e-06
6.312843873008851248e-04
5.714365676129944978e-05
1.440100808843894353e-03
2.703869574082040244e-07
1.903974016463933091e-04
6.727230796803866002e-05
7.919207189651796485e-05
4.443912531037571585e-07
5.893284417623231473e-07
4.814567514652482832e-05
1.007570093211902068e-04
8.968474070233384621e-07
7.254421534034265902e-08
6.127747975103824926e-06
4.225719579512717035e-08
2.292368576218401200e-07
1.046679909582453246e-06
1.267700412444396645e-05
4.754132382223210843e-05
4.391700620058208578e-07
7.041716133437749838e-05
7.959283812120602572e-06
1.609994648595493538e-05
2.528946972460085716e-07
2.594141229767017116e-05
4.037191701715368299e-04
2.292368576218401200e-07
5.736671064829958894e-02
7.724489744697682797e-06
5.625056705387723942e-07
4.861699792482496289e-07
1.421269720809532289e-05
8.260689452047193773e-05
1.186171860387318605e-05
2.481797391871535543e-04
6.849767048903382605e-06
4.305153765839455802e-04
1.494383173055810120e-05
6.229217731019526920e-07
1.488797988505905619e-05
1.476027714230978866e-04
1.712026260369786206e-07
2.598801962195440053e-03
1.204832587525553030e-04
3.975749188621237708e-05
1.140995188411230076e-07
1.031338311205441894e-04
4.443912531037571585e-07
1.412684234675108029e-05
2.850364528911175485e-08
3.424834984590523813e-07
9.685015705134817287e-05
1.125039630196436975e-07
3.221889130943419765e-07
5.199031386553974114e-05
2.997765126589438195e-06
5.018037152387642245e-06
1.711804543192335442e-03
3.573030483904985352e-04
1.883144076279274838e-06
1.712026260369786206e-07
6.853748048528521264e-03
2.876078427352673464e-07
7.988344494583831083e-07
3.989271879477821858e-05
1.188027548897155316e-05
1.863905085543016283e-06
6.953524538702948016e-05
3.369415538071626162e-04
6.491636575685618381e-03
1.687942980586767385e-03
2.941842120974493775e-07
1.845170666157188908e-04
1.712026260369786206e-07
1.430538248876797288e-03
1.917306856783057116e-06
7.948513411219349400e-08
3.579813620675789351e-05
3.393443482453821998e-06
6.308744753029369573e-03
1.036470888263287388e-07
3.722389143574294092e-07
1.740509814123934075e-07
4.619812578876376208e-08
3.263848071106710330e-04
4.923361172969847561e-07
2.651496352889295704e-07
2.337758229753036720e-05
2.390980033945479723e-06
2.301680204665112941e-03
2.850364528911175485e-08
9.626999373092697229e-06
5.872859550556775445e-07
3.321380375815572784e-08
2.761074751213207950e-07
1.962371861040697590e-03
8.543245337458943764e-08
1.312038950272111288e-04
4.613965959409420331e-07
5.824877606530239613e-05
1.973212960994655176e-03
6.127747975103824926e-06
9.616164332577065567e-05
8.291685463855024758e-06
3.611931854307655336e-08
5.264010328401341667e-04
8.238410374396195761e-06
1.474620881300739081e-02
2.479330104305705438e-05
2.224665013923241021e-06
1.402737721383567557e-04
2.338663744335757436e-06
4.806454705009291075e-06
8.672385549518641322e-05
6.472622295543175508e-08
7.480720094901069589e-04
2.405204623005480571e-04
1.137656352890949792e-07
1.312038950272111288e-04
1.295889083664065838e-06
1.036470888263287388e-07
1.086796708728103685e-07
9.160257955918837879e-06
1.607038874521514536e-03
6.786870596332843121e-07
2.002271231167707243e-06
3.396876152043360305e-05
4.443912531037571585e-07
5.623270048098345493e-04
1.615914252847567518e-06
3.165203909674153826e-05
2.098047965525326763e-06
1.112646346625096629e-02
1.100340445323136655e-06
2.174456813184985680e-06
2.944465540256054350e-08
2.538328935514346722e-06
2.569812491330390327e-05
5.893284417623231473e-07
9.780055223831626583e-05
7.362106766128161226e-05
2.537513475034629176e-03
4.218880549656326890e-06
4.016203530474948781e-04
4.006364137840953595e-07
5.814465027777409524e-08
2.503895075800757734e-05
2.850364528911175485e-08
9.887860227983044896e-07
1.927943680990306028e-07
4.316907235281763925e-07
2.370504731622750389e-06
1.522692165035611704e-06
3.882986312730823931e-04
1.315452305485137229e-05
1.328517509188491040e-05
5.033196637351122177e-06
1.848722696889814482e-05
8.807752472002140180e-07
2.391205708337576012e-07
1.072789477826942141e-05
2.663874934801501175e-04
1.712026260369786206e-07
4.569645174198332781e-06
1.419703434316690566e-05
1.002637626926958361e-04
2.960807102788730740e-07
1.136156109045044183e-05
1.115694043222481354e-05
1.948704136642783070e-06
9.703744134235599572e-08
4.427534546071825811e-05
1.712026260369786206e-07
1.045524049144507081e-04
3.476484698965039664e-04
6.228534975379055803e-06
3.519816416318724731e-07
1.137656352890949792e-07
1.100340445323136655e-06
2.629226281987066659e-06
3.892607627323879606e-06
2.047205970179873288e-06
5.231384287664003603e-07
1.597342330089984339e-05
1.967621739415407949e-05
5.710029034701754159e-08
6.601709009061219099e-04
3.782237587449891439e-06
4.814567514652482832e-05
2.817422714287785897e-05
2.290529595380864534e-05
1.205997224897769997e-03
2.661459514495562708e-06
6.097716296814012964e-06
8.977553286893051945e-03
1.040169853568690916e-05
3.711582717347063504e-05
1.362505453613127582e-02
2.991722426091196984e-04
2.850364528911175485e-08
2.951780811508437907e-02
1.231584240564539620e-04
2.753233505048390266e-04
3.754328337318406439e-06
2.047205970179873288e-06
2.066762386689840897e-05
7.773190801322648941e-05
4.588324622842444072e-06
6.371254432280966092e-05
2.652985540232457359e-03
7.126545986607521071e-07
4.882322931496989909e-06
1.712026260369786206e-07
4.619812578876376208e-08
4.508534459363955181e-05
1.081041870581167692e-02
2.922315280279587607e-04
6.393595831589919502e-04
1.045097485224881107e-05
3.095758857254468190e-07
7.888918028082104534e-08
1.918759647224121869e-05
4.354150180767413412e-07
5.873221390068763649e-06
9.204056227235773345e-07
4.077729375923407193e-04
3.117293090527034827e-05
6.521819363201950383e-04
3.209102116702297809e-04
2.224665013923241021e-06
2.776457984131100015e-06
8.049630404844096182e-05
7.527150644060403415e-06
1.072789477826942141e-05
5.753314701545544386e-07
1.712026260369786206e-07
9.974453482950215017e-05
8.995303220821614668e-06
6.954533101664151862e-04
4.391700620058208578e-07
1.555356739796911564e-05
2.522728873775052325e-07
3.137071583086388405e-06
1.322114539584569510e-04
3.321380375815572784e-08
6.727973270449378869e-05
3.320093418853724688e-04
2.944188750416914454e-06
1.027288833520512859e-05
2.673594970094327260e-07
2.727483295054159112e-04
3.716263620798933125e-04
5.903606529183506270e-06
2.154340183813904287e-04
2.876078427352673464e-07
1.920515065914896790e-06
2.086875936718552698e-06
1.564524749142333587e-04
1.859965159550719469e-04
2.391205708337576012e-07
3.712165496668020151e-05
2.698614348773661973e-04
7.700445522761398341e-05
6.217326069241266299e-07
7.482022946236847053e-06
1.136159573416430848e-06
9.751260044227648763e-04
4.443912531037571585e-07
3.327113559497004667e-05
7.888918028082104534e-08
5.362732849751481877e-07
5.490166379751679638e-04
4.567608088065609620e-04
9.532110287708343071e-07
4.054971673203761930e-04
6.889152144572264862e-05
1.186786557733934202e-05
1.876797796272319845e-06
1.038834085669913263e-05
8.708785844024300373e-07
2.724747592872820644e-06
3.749185107087379822e-06
8.198510899779029712e-04
2.002271231167707243e-06
1.113646592727977441e-04
8.004080158867424809e-05
2.381644408012606375e-03
1.093961941801838215e-04
7.549915163715895799e-03
1.451670973133361251e-05
4.391700620058208578e-07
1.245699438671915647e-04
4.634582033257061796e-07
1.712026260369786206e-07
6.853748048528521264e-03
6.588901554722055411e-07
1.681491838145339663e-05
7.924178202772163915e-07
1.559886642834604307e-04
8.995303220821614668e-06
1.639661601259978377e-04
2.706928811176560539e-04
2.041335710038215490e-05
7.461536311603297260e-05
3.321380375815572784e-08
6.472622295543175508e-08
3.715783230814214664e-06
2.941842120974493775e-07
4.857451633835431842e-06
2.332572833030528273e-06
5.097220325855799758e-07
4.531792944689109690e-03
2.850364528911175485e-08
5.362732849751481877e-07
1.116970597527130565e-04
2.978886620333127104e-05
1.115636316849995716e-08
1.535568661241358748e-06
6.276239940092156527e-07
2.134746374097718245e-05
4.871878947115772587e-03
2.024838961831088079e-04
4.391700620058208578e-07
3.761159068767903392e-06
5.753314701545544386e-07
1.394864598906734752e-04
1.685741312384972585e-04
3.005651485889920301e-06
3.602121152579952591e-04
2.085871428281954991e-05
5.753314701545544386e-07
2.850364528911175485e-08
1.050064256237023123e-05
5.535680514237875606e-05
1.406680285592374832e-04
1.958720476338103933e-05
9.489805258910223367e-04
6.868269795116544037e-05
6.414676164017339385e-05
1.072789477826942141e-05
2.850364528911175485e-08
3.000838610852332736e-07
4.508534459363955181e-05
3.957649132953515947e-06
4.225719579512717035e-08
2.004807059533718996e-06
3.860339836511406092e-07
4.443912531037571585e-07
1.136156109045044183e-05
4.854443473705889620e-07
1.839493998198092761e-05
5.625056705387723942e-07
3.248595639401535959e-05
3.099778539807433020e-06
3.862266346404901016e-05
2.445242513728179251e-05
7.486984937781051145e-06
1.979176181718194930e-06
1.036470888263287388e-07
1.086796708728103685e-07
1.885201417216055789e-06
8.145668004146107441e-06
1.279086650529294032e-04
6.472622295543175508e-08
3.094110906237909544e-03
1.709169888682697072e-05
7.184562009006964241e-07
1.925349973888027108e-03
1.136156109045044183e-05
3.787760734906215677e-04
2.850364528911175485e-08
4.852592834034832510e-06
4.177692555943871716e-06
1.982829620553629244e-08
5.655818546151514988e-06
1.017469522882643461e-06
2.384480278723307616e-07
1.083620062873213562e-03
2.988796223303403598e-04
4.613965959409420331e-07
1.725575518051866079e-05
3.617106261198483335e-06
1.885201417216055789e-06
1.155122251602462027e-04
1.231584240564539620e-04
1.113646592727977441e-04
3.303928716029962159e-05
1.033439718430046746e-04
2.105975622941878150e-03
8.995303220821614668e-06
8.996866165676419520e-06
4.354150180767413412e-07
3.051457095917842287e-07
5.753314701545544386e-07
8.086865152206191816e-04
5.278623824888169545e-05
2.167801075369293288e-03
7.341147536403704998e-04
1.059073620993952348e-05
1.920085535767313521e-04
1.353170117157204845e-05
2.317305739256020781e-06
3.892722745556651941e-03
1.473233498745087345e-06
1.597342330089984339e-05
6.451791773655651439e-05
7.197014072205822962e-07
4.443912531037571585e-07
6.946673975985149250e-04
1.948704136642783070e-06
4.714855151910396306e-07
3.553229370171728888e-05
7.474047030667444453e-07
1.412275809322388610e-07
8.473821293349175705e-07
1.629181460612314565e-04
1.783358609787714759e-03
5.073458895241563074e-05
2.924769561486851869e-05
8.842423992760103471e-07
2.478966556427014001e-06
6.762262300817374486e-04
2.469530440844946831e-06
2.457683064399669286e-06
9.843393856805753020e-06
1.231584240564539620e-04
4.818323207259403948e-06
3.301405066053317479e-05
3.320939766383039949e-05
9.300511690058052238e-06
1.340425825836433483e-06
1.712026260369786206e-07
4.508534459363955181e-05
7.910778725975543282e-05
1.261527204917186219e-03
1.712150449407812461e-04
4.170650696407162409e-05
4.443912531037571585e-07
7.690336276979927882e-08
8.432935385453320864e-04
1.208135363789573599e-05
9.626999373092697229e-06
8.070386301898331994e-05
6.308077069415031599e-05
7.910778725975543282e-05
3.329315126105942456e-05
4.480471421229457107e-04
1.200820583460055002e-05
2.941842120974493775e-07
1.105444231467199109e-04
6.524211410495524277e-02
1.253841076177573260e-03
9.605272903118008450e-06
9.847581237463555695e-07
6.696463384203106977e-06
1.263217746115904375e-03
1.808805622167375371e-05
9.574582364245024868e-05
1.032846539980518257e-05
9.703744134235599572e-08
2.564968854334177123e-04
2.204074364991131935e-05
3.297429829294043317e-03
2.707010134110679467e-05
6.694059975824275042e-05
7.311338483914605567e-06
1.982829620553629244e-08
8.567436091210511038e-04
4.074041798562088187e-06
1.441308743262917296e-05
3.321380375815572784e-08
1.664773242776808511e-05
4.520511428208527860e-05
1.473233498745087345e-06
1.795933896245470896e-04
9.391543708407274979e-05
4.404146283139991011e-06
1.258036320817759435e-07
3.251567192755424896e-05
2.852138232199460596e-02
8.968474070233384621e-07
7.486984937781051145e-06
1.084355360241287506e-06
3.519816416318724731e-07
1.192824578790428789e-05
2.612405528002359313e-07
1.187759022980934331e-04
2.224665013923241021e-06
1.416669651176937796e-04
3.662711404036265680e-05
1.036470888263287388e-07
1.460368212888150008e-04
1.419703434316690566e-05
1.294164550214228374e-06
2.508319922485614806e-02
1.769372178713792157e-06
1.460434320891473440e-07
8.807752472002140180e-07
4.814567514652482832e-05
9.169668614783693693e-05
1.612586368660776968e-05
4.174008957435503221e-06
7.787685976020031426e-05
1.204832587525553030e-04
6.896469870546022816e-05
7.358749912975960844e-06
2.648427926463351421e-03
5.813063826864682559e-05
1.466234711606078014e-05
1.185934801797812666e-05
2.098047965525326763e-06
3.321380375815572784e-08
2.274605899721428496e-05
7.197014072205822962e-07
9.952458727579343323e-06
1.911664182415519989e-07
1.461077307615125563e-04
1.038834085669913263e-05
9.136839372160220955e-06
3.565013089381955856e-07
1.207387316403252923e-06
2.163607133973495921e-05
1.261527204917186219e-03
3.149975050235746289e-05
2.393055550349129531e-06
7.550919848291608194e-05
1.641043253550876484e-06
4.904071271863804553e-05
6.607299409722153303e-05
1.038834085669913263e-05
2.818717850708983478e-06
3.104386652410150637e-04
1.449649934559218327e-04
4.508534459363955181e-05
1.659694295062683532e-06
1.253491223170615854e-04
1.616070398473603827e-04
2.746540617071458813e-06
1.367950483480825368e-06
5.420670465550578562e-06
7.690336276979927882e-08
1.910921265823106456e-05
4.175997226146403230e-04
2.045392864135951380e-02
2.850364528911175485e-08
3.853090685032994042e-06
8.968474070233384621e-07
3.393443482453821998e-06
3.774941213896716176e-04
2.991722426091196984e-04
2.971304938342765597e-06
1.086796708728103685e-07
1.712026260369786206e-07
4.612489471579492252e-05
1.140995188411230076e-07
5.895705954865474910e-05
8.086865152206191816e-04
2.148686588085540497e-06
2.224665013923241021e-06
8.995303220821614668e-06
1.740509814123934075e-07
8.583243590444887647e-05
1.618182381584201376e-04
4.831152088261290456e-06
1.903974016463933091e-04
1.186786557733934202e-05
7.174358223620176819e-07
7.341613354820017098e-05
8.932795731435590040e-05
1.809025140414020316e-05
9.703744134235599572e-08
1.061002749491229139e-06
1.712026260369786206e-07
9.847581237463555695e-07
1.175739476445299662e-04
6.485897762026271102e-07
3.120914832222278202e-05
1.058347645002531897e-05
7.888918028082104534e-08
5.036896835179515298e-04
6.149536487284244790e-03
1.230102704393923968e-05
1.231584240564539620e-04
2.598801962195440053e-03
7.404993603509711417e-06
1.387206207998198680e-06
7.254131241543489230e-06
1.979176181718194930e-06
2.130029015751911924e-08
6.255104748555554841e-06
2.850364528911175485e-08
1.712026260369786206e-07
2.845771022577102573e-05
9.138702790615348701e-06
1.482648704173774971e-02
2.665431549540008558e-04
9.823607028067378648e-08
