1.812266188592528949e-04
2.186530859564296842e-08
5.295254270490962770e-05
7.166077943735511423e-05
4.034156034162367926e-03
1.230682233824289261e-05
7.414030576179875951e-07
6.262106346571652036e-06
1.059853736762450465e-05
2.812293905483851091e-04
2.636795496199540495e-07
2.336914121187639630e-05
1.055227843858606092e-05
5.889731076325470065e-07
4.034156034162367926e-03
2.135980058264894815e-02
7.414030576179875951e-07
6.223326778639290210e-06
6.262106346571652036e-06
2.812293905483851091e-04
1.109808062720245525e-04
4.195874769962960784e-05
2.336914121187639630e-05
1.055227843858606092e-05
5.889731076325470065e-07
3.058933087297548348e-05
2.181164934741364352e-06
4.034156034162367926e-03
7.414030576179875951e-07
7.523782777221276728e-06
2.636795496199540495e-07
2.478525429191304815e-07
2.336914121187639630e-05
1.055227843858606092e-05
7.166077943735511423e-05
5.889731076325470065e-07
4.034156034162367926e-03
7.414030576179875951e-07
6.262106346571652036e-06
7.523782777221276728e-06
1.109808062720245525e-04
1.553773270769370269e-05
2.186530859564296842e-08
2.636795496199540495e-07
2.478525429191304815e-07
2.336914121187639630e-05
4.060547714382991128e-07
1.055227843858606092e-05
7.166077943735511423e-05
2.181164934741364352e-06
2.336914121187639630e-05
4.060547714382991128e-07
5.889731076325470065e-07
6.262106346571652036e-06
7.523782777221276728e-06
8.114644443083258302e-04
1.717685872642545514e-06
1.318762516910848776e-03
2.869246319248909202e-03
4.911995979917724269e-06
1.109808062720245525e-04
1.312365882093736395e-03
2.636795496199540495e-07
4.195874769962960784e-05
5.295254270490962770e-05
1.055227843858606092e-05
1.993482185909688946e-06
3.058933087297548348e-05
2.181164934741364352e-06
4.034156034162367926e-03
2.636795496199540495e-07
2.478525429191304815e-07
4.195874769962960784e-05
2.336914121187639630e-05
5.486475366125475087e-05
5.889731076325470065e-07
3.058933087297548348e-05
2.181164934741364352e-06
4.034156034162367926e-03
1.230682233824289261e-05
1.109808062720245525e-04
1.553773270769370269e-05
2.186530859564296842e-08
2.636795496199540495e-07
4.195874769962960784e-05
4.060547714382991128e-07
1.055227843858606092e-05
2.181164934741364352e-06
4.034156034162367926e-03
6.223326778639290210e-06
2.924249599345937322e-03
2.636795496199540495e-07
2.478525429191304815e-07
4.060547714382991128e-07
1.055227843858606092e-05
7.166077943735511423e-05
2.181164934741364352e-06
4.034156034162367926e-03
7.414030576179875951e-07
6.223326778639290210e-06
1.109808062720245525e-04
2.636795496199540495e-07
2.478525429191304815e-07
4.195874769962960784e-05
2.336914121187639630e-05
4.060547714382991128e-07
5.486475366125475087e-05
1.055227843858606092e-05
5.889731076325470065e-07
2.181164934741364352e-06
1.553773270769370269e-05
5.709934188189762444e-04
5.295254270490962770e-05
4.060547714382991128e-07
5.486475366125475087e-05
1.055227843858606092e-05
1.993482185909688946e-06
5.889731076325470065e-07
3.058933087297548348e-05
2.398297130985706073e-05
1.553773270769370269e-05
2.186530859564296842e-08
2.636795496199540495e-07
5.295254270490962770e-05
7.166077943735511423e-05
1.993482185909688946e-06
5.889731076325470065e-07
3.058933087297548348e-05
4.034156034162367926e-03
6.223326778639290210e-06
3.541972571500928357e-06
9.126394264886243725e-06
2.186530859564296842e-08
2.758040677877642011e-02
2.336914121187639630e-05
5.486475366125475087e-05
1.055227843858606092e-05
4.869423261709390272e-04
7.414030576179875951e-07
6.262106346571652036e-06
1.109808062720245525e-04
2.108610859126051028e-03
2.636795496199540495e-07
4.195874769962960784e-05
5.295254270490962770e-05
4.060547714382991128e-07
5.889731076325470065e-07
2.181164934741364352e-06
4.034156034162367926e-03
1.230682233824289261e-05
1.553773270769370269e-05
2.636795496199540495e-07
5.295254270490962770e-05
5.889731076325470065e-07
4.034156034162367926e-03
7.414030576179875951e-07
6.223326778639290210e-06
6.262106346571652036e-06
7.523782777221276728e-06
8.114644443083258302e-04
1.109808062720245525e-04
1.553773270769370269e-05
9.126394264886243725e-06
2.186530859564296842e-08
2.636795496199540495e-07
4.195874769962960784e-05
5.295254270490962770e-05
1.055227843858606092e-05
3.082341963292541467e-02
5.889731076325470065e-07
5.556169065084529830e-06
1.553773270769370269e-05
4.195874769962960784e-05
5.295254270490962770e-05
6.463863355005423777e-06
1.055227843858606092e-05
2.181164934741364352e-06
4.034156034162367926e-03
6.223326778639290210e-06
6.262106346571652036e-06
1.109808062720245525e-04
2.108610859126051028e-03
2.636795496199540495e-07
2.336914121187639630e-05
5.889731076325470065e-07
4.034156034162367926e-03
6.223326778639290210e-06
6.262106346571652036e-06
1.059853736762450465e-05
8.114644443083258302e-04
2.186530859564296842e-08
4.195874769962960784e-05
1.055227843858606092e-05
5.889731076325470065e-07
2.181164934741364352e-06
4.034156034162367926e-03
6.223326778639290210e-06
5.196614049424045159e-04
6.559485272443891547e-04
1.717685872642545514e-06
1.109808062720245525e-04
1.553773270769370269e-05
2.636795496199540495e-07
2.478525429191304815e-07
4.195874769962960784e-05
5.295254270490962770e-05
5.486475366125475087e-05
1.055227843858606092e-05
2.565338011599898813e-02
4.034156034162367926e-03
5.556169065084529830e-06
1.063306073935198052e-04
9.126394264886243725e-06
2.186530859564296842e-08
2.636795496199540495e-07
2.478525429191304815e-07
4.195874769962960784e-05
2.336914121187639630e-05
1.055227843858606092e-05
1.993482185909688946e-06
1.553773270769370269e-05
2.186530859564296842e-08
5.295254270490962770e-05
1.055227843858606092e-05
4.034156034162367926e-03
1.230682233824289261e-05
7.414030576179875951e-07
6.223326778639290210e-06
7.523782777221276728e-06
8.114644443083258302e-04
1.553773270769370269e-05
7.288245003169220744e-05
2.186530859564296842e-08
4.980345640165610580e-04
4.195874769962960784e-05
1.055227843858606092e-05
7.414030576179875951e-07
6.223326778639290210e-06
6.262106346571652036e-06
8.114644443083258302e-04
1.109808062720245525e-04
1.553773270769370269e-05
9.126394264886243725e-06
2.636795496199540495e-07
5.295254270490962770e-05
5.889731076325470065e-07
2.181164934741364352e-06
4.034156034162367926e-03
7.414030576179875951e-07
6.223326778639290210e-06
5.556169065084529830e-06
1.553773270769370269e-05
3.541972571500928357e-06
4.195874769962960784e-05
2.336914121187639630e-05
4.060547714382991128e-07
1.055227843858606092e-05
7.166077943735511423e-05
2.181164934741364352e-06
7.414030576179875951e-07
2.186530859564296842e-08
2.636795496199540495e-07
4.195874769962960784e-05
4.060547714382991128e-07
1.993482185909688946e-06
5.889731076325470065e-07
2.181164934741364352e-06
4.034156034162367926e-03
7.414030576179875951e-07
6.223326778639290210e-06
1.553773270769370269e-05
7.288245003169220744e-05
2.478525429191304815e-07
4.195874769962960784e-05
2.336914121187639630e-05
4.060547714382991128e-07
1.055227843858606092e-05
2.181164934741364352e-06
4.034156034162367926e-03
6.262106346571652036e-06
1.553773270769370269e-05
2.186530859564296842e-08
2.636795496199540495e-07
2.478525429191304815e-07
4.195874769962960784e-05
2.336914121187639630e-05
1.055227843858606092e-05
1.993482185909688946e-06
2.181164934741364352e-06
4.034156034162367926e-03
1.553773270769370269e-05
2.336914121187639630e-05
4.060547714382991128e-07
5.486475366125475087e-05
1.055227843858606092e-05
7.166077943735511423e-05
1.993482185909688946e-06
5.889731076325470065e-07
3.058933087297548348e-05
4.034156034162367926e-03
5.556169065084529830e-06
4.195874769962960784e-05
4.060547714382991128e-07
5.486475366125475087e-05
1.055227843858606092e-05
7.166077943735511423e-05
5.889731076325470065e-07
2.181164934741364352e-06
4.034156034162367926e-03
1.230682233824289261e-05
1.109808062720245525e-04
4.130450610271476638e-05
1.553773270769370269e-05
2.478525429191304815e-07
4.195874769962960784e-05
5.295254270490962770e-05
5.486475366125475087e-05
1.055227843858606092e-05
7.166077943735511423e-05
2.181164934741364352e-06
1.109808062720245525e-04
1.553773270769370269e-05
2.636795496199540495e-07
2.478525429191304815e-07
5.295254270490962770e-05
4.060547714382991128e-07
1.055227843858606092e-05
5.889731076325470065e-07
4.034156034162367926e-03
7.414030576179875951e-07
1.553773270769370269e-05
3.541972571500928357e-06
2.636795496199540495e-07
4.195874769962960784e-05
7.166077943735511423e-05
5.889731076325470065e-07
1.660384607506297863e-04
3.058933087297548348e-05
4.034156034162367926e-03
7.874830063663704931e-04
5.556169065084529830e-06
2.186530859564296842e-08
2.636795496199540495e-07
2.478525429191304815e-07
4.195874769962960784e-05
5.889731076325470065e-07
3.058933087297548348e-05
3.990849311180405968e-04
2.181164934741364352e-06
4.034156034162367926e-03
1.553773270769370269e-05
2.186530859564296842e-08
4.195874769962960784e-05
2.336914121187639630e-05
1.055227843858606092e-05
7.166077943735511423e-05
5.889731076325470065e-07
3.058933087297548348e-05
2.181164934741364352e-06
4.034156034162367926e-03
1.109808062720245525e-04
2.636795496199540495e-07
4.195874769962960784e-05
5.295254270490962770e-05
1.055227843858606092e-05
5.889731076325470065e-07
3.058933087297548348e-05
6.217551572440075357e-03
4.034156034162367926e-03
1.230682233824289261e-05
1.553773270769370269e-05
4.195874769962960784e-05
5.295254270490962770e-05
4.060547714382991128e-07
1.055227843858606092e-05
3.058933087297548348e-05
2.181164934741364352e-06
4.034156034162367926e-03
7.414030576179875951e-07
3.248490592882970836e-04
1.109808062720245525e-04
1.553773270769370269e-05
2.636795496199540495e-07
2.336914121187639630e-05
1.055227843858606092e-05
7.166077943735511423e-05
5.889731076325470065e-07
3.990849311180405968e-04
1.230682233824289261e-05
6.262106346571652036e-06
5.556169065084529830e-06
1.553773270769370269e-05
2.636795496199540495e-07
2.478525429191304815e-07
5.295254270490962770e-05
4.060547714382991128e-07
5.486475366125475087e-05
7.166077943735511423e-05
5.889731076325470065e-07
3.058933087297548348e-05
5.556169065084529830e-06
1.553773270769370269e-05
9.126394264886243725e-06
2.186530859564296842e-08
4.712082969474039595e-01
2.478525429191304815e-07
4.195874769962960784e-05
1.055227843858606092e-05
1.349678310652483544e-03
1.993482185909688946e-06
5.556169065084529830e-06
1.553773270769370269e-05
3.541972571500928357e-06
4.195874769962960784e-05
2.336914121187639630e-05
1.993482185909688946e-06
5.889731076325470065e-07
2.181164934741364352e-06
4.034156034162367926e-03
1.230682233824289261e-05
5.556169065084529830e-06
3.541972571500928357e-06
2.478525429191304815e-07
4.195874769962960784e-05
2.336914121187639630e-05
1.055227843858606092e-05
4.034156034162367926e-03
7.874830063663704931e-04
7.402940909438811799e-05
7.414030576179875951e-07
3.541972571500928357e-06
1.497597758868349997e-06
2.636795496199540495e-07
2.336914121187639630e-05
9.347570189073186719e-04
5.889731076325470065e-07
4.034156034162367926e-03
7.414030576179875951e-07
6.223326778639290210e-06
6.262106346571652036e-06
1.553773270769370269e-05
4.980345640165610580e-04
2.636795496199540495e-07
4.195874769962960784e-05
2.336914121187639630e-05
5.486475366125475087e-05
1.055227843858606092e-05
7.166077943735511423e-05
5.889731076325470065e-07
3.058933087297548348e-05
2.186530859564296842e-08
2.636795496199540495e-07
4.195874769962960784e-05
2.336914121187639630e-05
1.055227843858606092e-05
7.166077943735511423e-05
1.993482185909688946e-06
2.181164934741364352e-06
4.034156034162367926e-03
1.230682233824289261e-05
1.109808062720245525e-04
1.553773270769370269e-05
4.195874769962960784e-05
2.336914121187639630e-05
1.055227843858606092e-05
2.181164934741364352e-06
7.414030576179875951e-07
8.114644443083258302e-04
6.559485272443891547e-04
1.717685872642545514e-06
1.553773270769370269e-05
4.195874769962960784e-05
5.295254270490962770e-05
1.055227843858606092e-05
5.889731076325470065e-07
3.058933087297548348e-05
2.181164934741364352e-06
7.414030576179875951e-07
6.223326778639290210e-06
7.523782777221276728e-06
1.553773270769370269e-05
3.541972571500928357e-06
2.636795496199540495e-07
4.195874769962960784e-05
5.295254270490962770e-05
7.166077943735511423e-05
2.181164934741364352e-06
4.034156034162367926e-03
6.223326778639290210e-06
6.262106346571652036e-06
5.556169065084529830e-06
1.014374471396366348e-04
9.126394264886243725e-06
7.288245003169220744e-05
2.636795496199540495e-07
2.336914121187639630e-05
4.060547714382991128e-07
7.166077943735511423e-05
4.034156034162367926e-03
1.230682233824289261e-05
3.942389405862479178e-03
2.636795496199540495e-07
2.478525429191304815e-07
5.295254270490962770e-05
8.612121019306115593e-07
5.889731076325470065e-07
3.058933087297548348e-05
4.034156034162367926e-03
7.414030576179875951e-07
6.223326778639290210e-06
5.556169065084529830e-06
1.553773270769370269e-05
3.541972571500928357e-06
2.636795496199540495e-07
4.195874769962960784e-05
2.336914121187639630e-05
4.060547714382991128e-07
8.733754511028832572e-04
1.055227843858606092e-05
4.034156034162367926e-03
4.195874769962960784e-05
5.295254270490962770e-05
5.486475366125475087e-05
1.055227843858606092e-05
7.166077943735511423e-05
3.058933087297548348e-05
2.181164934741364352e-06
1.230682233824289261e-05
6.223326778639290210e-06
6.262106346571652036e-06
1.553773270769370269e-05
9.126394264886243725e-06
4.195874769962960784e-05
1.055227843858606092e-05
1.993482185909688946e-06
5.889731076325470065e-07
6.223326778639290210e-06
6.262106346571652036e-06
6.559485272443891547e-04
2.249890308496641693e-04
5.556169065084529830e-06
4.195874769962960784e-05
5.295254270490962770e-05
4.060547714382991128e-07
1.055227843858606092e-05
1.993482185909688946e-06
3.058933087297548348e-05
8.114644443083258302e-04
5.196614049424045159e-04
3.217066671470276492e-06
1.109808062720245525e-04
1.553773270769370269e-05
4.195874769962960784e-05
5.295254270490962770e-05
5.889731076325470065e-07
4.034156034162367926e-03
7.414030576179875951e-07
6.223326778639290210e-06
6.262106346571652036e-06
2.812293905483851091e-04
1.553773270769370269e-05
4.195874769962960784e-05
2.336914121187639630e-05
1.993482185909688946e-06
5.889731076325470065e-07
2.181164934741364352e-06
4.034156034162367926e-03
1.230682233824289261e-05
2.135980058264894815e-02
6.472868590229450061e-03
5.556169065084529830e-06
2.186530859564296842e-08
2.636795496199540495e-07
2.478525429191304815e-07
4.195874769962960784e-05
5.486475366125475087e-05
7.166077943735511423e-05
2.181164934741364352e-06
4.034156034162367926e-03
1.230682233824289261e-05
4.195874769962960784e-05
2.336914121187639630e-05
4.060547714382991128e-07
1.055227843858606092e-05
2.181164934741364352e-06
1.230682233824289261e-05
7.414030576179875951e-07
6.223326778639290210e-06
7.523782777221276728e-06
1.717685872642545514e-06
2.636795496199540495e-07
5.295254270490962770e-05
4.060547714382991128e-07
1.055227843858606092e-05
5.889731076325470065e-07
2.181164934741364352e-06
4.034156034162367926e-03
7.414030576179875951e-07
6.223326778639290210e-06
6.262106346571652036e-06
5.556169065084529830e-06
2.186530859564296842e-08
2.478525429191304815e-07
2.336914121187639630e-05
5.486475366125475087e-05
1.055227843858606092e-05
5.889731076325470065e-07
2.181164934741364352e-06
4.034156034162367926e-03
1.230682233824289261e-05
1.553773270769370269e-05
3.541972571500928357e-06
2.636795496199540495e-07
2.478525429191304815e-07
2.336914121187639630e-05
6.463863355005423777e-06
5.486475366125475087e-05
1.055227843858606092e-05
7.166077943735511423e-05
1.993482185909688946e-06
1.109808062720245525e-04
1.553773270769370269e-05
2.636795496199540495e-07
2.336914121187639630e-05
4.060547714382991128e-07
1.055227843858606092e-05
1.993482185909688946e-06
5.889731076325470065e-07
2.181164934741364352e-06
7.414030576179875951e-07
1.109808062720245525e-04
3.541972571500928357e-06
2.186530859564296842e-08
4.195874769962960784e-05
2.336914121187639630e-05
4.060547714382991128e-07
7.166077943735511423e-05
5.889731076325470065e-07
2.181164934741364352e-06
7.414030576179875951e-07
3.541972571500928357e-06
2.636795496199540495e-07
2.478525429191304815e-07
2.336914121187639630e-05
1.055227843858606092e-05
5.889731076325470065e-07
4.034156034162367926e-03
7.414030576179875951e-07
6.223326778639290210e-06
6.262106346571652036e-06
1.553773270769370269e-05
3.541972571500928357e-06
2.636795496199540495e-07
5.295254270490962770e-05
9.422120336670549920e-03
1.055227843858606092e-05
7.166077943735511423e-05
2.181164934741364352e-06
4.034156034162367926e-03
1.230682233824289261e-05
5.556169065084529830e-06
1.553773270769370269e-05
3.541972571500928357e-06
2.636795496199540495e-07
2.478525429191304815e-07
4.060547714382991128e-07
1.055227843858606092e-05
2.181164934741364352e-06
4.034156034162367926e-03
7.414030576179875951e-07
1.109808062720245525e-04
1.553773270769370269e-05
3.560869882240230710e-02
5.295254270490962770e-05
1.055227843858606092e-05
7.166077943735511423e-05
4.463220948685612762e-05
5.889731076325470065e-07
2.181164934741364352e-06
4.034156034162367926e-03
5.556169065084529830e-06
3.541972571500928357e-06
4.195874769962960784e-05
5.295254270490962770e-05
1.993482185909688946e-06
5.889731076325470065e-07
3.058933087297548348e-05
4.034156034162367926e-03
6.262106346571652036e-06
5.196614049424045159e-04
1.553773270769370269e-05
3.541972571500928357e-06
4.195874769962960784e-05
5.295254270490962770e-05
4.060547714382991128e-07
5.486475366125475087e-05
7.166077943735511423e-05
5.889731076325470065e-07
3.058933087297548348e-05
2.181164934741364352e-06
1.109808062720245525e-04
5.556169065084529830e-06
1.553773270769370269e-05
4.195874769962960784e-05
5.295254270490962770e-05
7.166077943735511423e-05
1.993482185909688946e-06
3.058933087297548348e-05
2.181164934741364352e-06
4.034156034162367926e-03
5.556169065084529830e-06
1.553773270769370269e-05
3.541972571500928357e-06
2.636795496199540495e-07
2.336914121187639630e-05
5.486475366125475087e-05
1.055227843858606092e-05
5.889731076325470065e-07
2.181164934741364352e-06
4.034156034162367926e-03
5.556169065084529830e-06
4.195874769962960784e-05
2.336914121187639630e-05
4.060547714382991128e-07
7.166077943735511423e-05
2.181164934741364352e-06
4.034156034162367926e-03
7.414030576179875951e-07
6.262106346571652036e-06
2.812293905483851091e-04
1.109808062720245525e-04
9.117887642402155914e-05
9.126394264886243725e-06
2.636795496199540495e-07
4.195874769962960784e-05
5.295254270490962770e-05
5.889731076325470065e-07
8.013115697635294059e-04
4.034156034162367926e-03
6.223326778639290210e-06
1.553773270769370269e-05
3.541972571500928357e-06
2.186530859564296842e-08
2.636795496199540495e-07
2.478525429191304815e-07
4.195874769962960784e-05
5.295254270490962770e-05
5.486475366125475087e-05
1.055227843858606092e-05
2.181164934741364352e-06
1.553773270769370269e-05
2.636795496199540495e-07
4.195874769962960784e-05
2.336914121187639630e-05
4.060547714382991128e-07
9.110843231362199778e-04
1.055227843858606092e-05
7.414030576179875951e-07
6.223326778639290210e-06
2.258770220663973807e-04
1.553773270769370269e-05
2.636795496199540495e-07
2.336914121187639630e-05
1.055227843858606092e-05
2.181164934741364352e-06
7.414030576179875951e-07
6.223326778639290210e-06
6.262106346571652036e-06
2.812293905483851091e-04
7.523782777221276728e-06
5.556169065084529830e-06
4.195874769962960784e-05
2.336914121187639630e-05
1.055227843858606092e-05
5.889731076325470065e-07
3.058933087297548348e-05
2.181164934741364352e-06
4.034156034162367926e-03
6.223326778639290210e-06
7.523782777221276728e-06
5.556169065084529830e-06
2.636795496199540495e-07
2.336914121187639630e-05
5.889731076325470065e-07
3.058933087297548348e-05
2.181164934741364352e-06
4.034156034162367926e-03
7.414030576179875951e-07
6.223326778639290210e-06
6.262106346571652036e-06
1.553773270769370269e-05
2.636795496199540495e-07
5.295254270490962770e-05
1.587424374456140736e-05
8.733754511028832572e-04
1.993482185909688946e-06
5.889731076325470065e-07
6.223326778639290210e-06
6.262106346571652036e-06
2.812293905483851091e-04
1.553773270769370269e-05
3.541972571500928357e-06
2.186530859564296842e-08
2.636795496199540495e-07
4.195874769962960784e-05
2.336914121187639630e-05
1.055227843858606092e-05
1.993482185909688946e-06
5.889731076325470065e-07
4.034156034162367926e-03
5.556169065084529830e-06
3.541972571500928357e-06
2.186530859564296842e-08
2.478525429191304815e-07
4.195874769962960784e-05
5.295254270490962770e-05
4.060547714382991128e-07
1.993482185909688946e-06
4.034156034162367926e-03
1.230682233824289261e-05
1.109808062720245525e-04
1.553773270769370269e-05
2.336914121187639630e-05
1.055227843858606092e-05
2.181164934741364352e-06
4.034156034162367926e-03
7.414030576179875951e-07
6.223326778639290210e-06
6.262106346571652036e-06
7.523782777221276728e-06
1.109808062720245525e-04
1.553773270769370269e-05
3.541972571500928357e-06
2.636795496199540495e-07
5.295254270490962770e-05
4.060547714382991128e-07
8.733754511028832572e-04
1.055227843858606092e-05
5.889731076325470065e-07
3.058933087297548348e-05
5.556169065084529830e-06
1.553773270769370269e-05
2.186530859564296842e-08
2.636795496199540495e-07
5.295254270490962770e-05
4.060547714382991128e-07
1.055227843858606092e-05
2.181164934741364352e-06
4.034156034162367926e-03
1.230682233824289261e-05
1.553773270769370269e-05
3.541972571500928357e-06
9.126394264886243725e-06
2.186530859564296842e-08
2.636795496199540495e-07
4.195874769962960784e-05
2.336914121187639630e-05
5.889731076325470065e-07
2.181164934741364352e-06
7.414030576179875951e-07
1.109808062720245525e-04
1.553773270769370269e-05
9.126394264886243725e-06
2.636795496199540495e-07
5.295254270490962770e-05
4.034156034162367926e-03
7.414030576179875951e-07
6.262106346571652036e-06
8.114644443083258302e-04
2.249890308496641693e-04
1.109808062720245525e-04
1.553773270769370269e-05
2.636795496199540495e-07
2.478525429191304815e-07
4.195874769962960784e-05
2.336914121187639630e-05
7.166077943735511423e-05
5.889731076325470065e-07
2.181164934741364352e-06
4.034156034162367926e-03
5.556169065084529830e-06
2.636795496199540495e-07
2.336914121187639630e-05
5.486475366125475087e-05
5.889731076325470065e-07
2.181164934741364352e-06
4.335209086082967791e-05
7.414030576179875951e-07
6.262106346571652036e-06
7.523782777221276728e-06
2.186530859564296842e-08
2.636795496199540495e-07
4.195874769962960784e-05
5.295254270490962770e-05
1.055227843858606092e-05
7.166077943735511423e-05
1.993482185909688946e-06
5.889731076325470065e-07
2.181164934741364352e-06
4.034156034162367926e-03
1.553773270769370269e-05
2.186530859564296842e-08
2.636795496199540495e-07
2.478525429191304815e-07
4.195874769962960784e-05
2.336914121187639630e-05
9.347570189073186719e-04
7.166077943735511423e-05
5.889731076325470065e-07
4.034156034162367926e-03
1.109808062720245525e-04
1.553773270769370269e-05
2.636795496199540495e-07
4.195874769962960784e-05
2.336914121187639630e-05
5.486475366125475087e-05
1.055227843858606092e-05
5.889731076325470065e-07
4.869423261709390272e-04
4.034156034162367926e-03
5.556169065084529830e-06
1.553773270769370269e-05
2.636795496199540495e-07
2.478525429191304815e-07
4.195874769962960784e-05
5.295254270490962770e-05
4.060547714382991128e-07
6.217551572440075357e-03
2.181164934741364352e-06
4.034156034162367926e-03
5.556169065084529830e-06
1.553773270769370269e-05
2.636795496199540495e-07
2.336914121187639630e-05
5.486475366125475087e-05
1.055227843858606092e-05
1.993482185909688946e-06
2.398297130985706073e-05
2.181164934741364352e-06
4.034156034162367926e-03
4.130450610271476638e-05
9.126394264886243725e-06
2.636795496199540495e-07
4.195874769962960784e-05
1.120303197729700766e-02
2.336914121187639630e-05
4.060547714382991128e-07
1.055227843858606092e-05
5.889731076325470065e-07
1.851066809426278343e-03
1.553773270769370269e-05
2.186530859564296842e-08
2.636795496199540495e-07
4.195874769962960784e-05
2.336914121187639630e-05
1.055227843858606092e-05
1.993482185909688946e-06
1.230682233824289261e-05
7.414030576179875951e-07
6.262106346571652036e-06
1.109808062720245525e-04
1.553773270769370269e-05
2.636795496199540495e-07
4.195874769962960784e-05
5.295254270490962770e-05
1.055227843858606092e-05
7.166077943735511423e-05
5.889731076325470065e-07
2.181164934741364352e-06
1.230682233824289261e-05
1.109808062720245525e-04
1.553773270769370269e-05
2.186530859564296842e-08
2.636795496199540495e-07
4.195874769962960784e-05
1.055227843858606092e-05
1.993482185909688946e-06
5.889731076325470065e-07
2.181164934741364352e-06
4.034156034162367926e-03
3.541972571500928357e-06
4.195874769962960784e-05
2.336914121187639630e-05
8.612121019306115593e-07
4.060547714382991128e-07
7.166077943735511423e-05
5.889731076325470065e-07
4.034156034162367926e-03
7.414030576179875951e-07
6.262106346571652036e-06
1.553773270769370269e-05
2.636795496199540495e-07
2.478525429191304815e-07
4.195874769962960784e-05
2.336914121187639630e-05
1.055227843858606092e-05
1.993482185909688946e-06
3.058933087297548348e-05
2.181164934741364352e-06
4.034156034162367926e-03
