7.313787601352264133e-05
8.407189346449835425e-04
4.701141418873420097e-05
7.353186229908038042e-06
1.935253367215406255e-05
8.544296826605271751e-06
1.540889210453983815e-03
5.969034059195377565e-04
7.973957645171146185e-06
1.778282758649207698e-04
9.245358723505439711e-05
2.314662270625594108e-07
7.793084363087814556e-06
2.077079196802767756e-06
2.128760709403185332e-05
9.922411734595644906e-05
2.264466919186071671e-05
5.212257286573725341e-03
5.938557266769636134e-07
3.143468828984750824e-06
1.035949703355816826e-06
3.938212437652366410e-07
4.044785837169956297e-07
3.674926769203132052e-08
7.540818351547402376e-05
2.310015352455357997e-05
1.202772886771324919e-04
2.183451214895011213e-05
9.603599253972802078e-07
3.826917233218542005e-06
8.371450023139211582e-04
1.879646050496598881e-03
2.259593559495707042e-04
3.855887883020241536e-06
3.605275354943016374e-06
2.758202519422355874e-07
5.978177922934314564e-06
4.317077745580580377e-05
6.333032598162933622e-06
4.749082214290125639e-04
1.784279861701770591e-04
1.197231531875160834e-05
4.007298293150832723e-05
7.806704007658731562e-06
5.722165587221409998e-06
3.791714323077997255e-04
5.059148417110315030e-05
8.521866180165861991e-06
3.581950055431488699e-06
4.112210363794092324e-06
2.167942701060780188e-04
3.674926769203132052e-08
5.476382069496265204e-04
1.216502727682844464e-06
9.148561879114915535e-06
5.866541297155057361e-05
1.297709367539978711e-06
3.027901675650204998e-04
5.536548920882830104e-07
9.623194986604601803e-06
9.161124495646084405e-06
7.426548348754987156e-07
4.336961809077754233e-06
1.682622045719166942e-04
5.120330428096841156e-03
2.315256993238769951e-05
2.264466919186071671e-05
5.979306121812047253e-05
5.843084180049408078e-06
2.006938851141413136e-05
1.048905139229946298e-03
2.090194940341389143e-07
1.316489915556991548e-05
2.864644051486827407e-07
2.524511102242081779e-04
4.149849486012729847e-06
8.196694632475843865e-08
3.725942881776203071e-05
1.607535418109125593e-06
6.391182495625719786e-06
1.048905139229946298e-03
2.501464949904782121e-05
9.193950359211377450e-08
3.548187546504454900e-05
3.907778347812853811e-03
4.335583619122256945e-06
1.632638176314161808e-06
5.978177922934314564e-06
2.595821784579861163e-05
2.841733552021193178e-06
2.859907121232105903e-06
5.777272570236451988e-04
7.803912446235337398e-04
2.186955380913122092e-05
4.021386446412911103e-06
3.563605152661131359e-06
3.245648417296166763e-05
6.979679258426724057e-05
2.222579254823261849e-06
1.132398286517198919e-04
1.071484619258848223e-05
1.476600135117140515e-07
5.441614305455590680e-07
8.448264164632859916e-07
4.137282898015198925e-05
4.557991716280235516e-05
4.612718986598059420e-06
2.783305770710748802e-06
1.945134808267991519e-05
8.245107746252669577e-05
3.324975879903531960e-04
8.391521356170753357e-03
1.504678308090744811e-06
8.499514240331674691e-07
3.903136898400266699e-04
4.255375889192829301e-05
9.962302726373422349e-06
7.834145130088576887e-04
2.868323931571366896e-05
3.739560199452497590e-07
1.229258162840035913e-06
5.720486082645298315e-05
6.253712305922094978e-04
4.960945565732014645e-04
1.512224253332235127e-04
1.675638118244768596e-04
3.110673294033819533e-04
3.268928020706433142e-04
2.707600561983198095e-06
5.441585488308367217e-07
1.195770516541942789e-04
8.726215617914435713e-05
9.229735758264164402e-07
7.785726947572270623e-04
6.798215192852811015e-06
2.819311197616951304e-05
1.104883750423985483e-04
1.053788687507504656e-05
4.731141531990394432e-06
4.693986833586804375e-06
5.010994538721303846e-04
1.586263265255405831e-03
1.289666290399895006e-02
1.469088279035394740e-06
3.511129562997855231e-06
2.137080454926805126e-04
1.423891810982786512e-05
2.006938851141413136e-05
4.595998123431845744e-02
9.347192133052701965e-07
1.434252635359050700e-04
3.263656330058765840e-06
1.484205675980699974e-05
1.332300685313201384e-05
2.031025398227486681e-03
6.603397354472491594e-07
6.361278323362006167e-04
3.236915200612658903e-04
6.370644338216978689e-04
2.357526387378795236e-06
1.373774430329482142e-04
3.122548086112329179e-06
1.651484382574951859e-06
1.096362520579706372e-06
2.357526387378795236e-06
3.477109859763882797e-07
3.547069570147061370e-07
3.014528277937593079e-02
6.655629312709708967e-04
2.547825199783929182e-04
8.542940544952117726e-05
1.197231531875160834e-05
1.382478186027111208e-07
1.818477950244403601e-04
2.721271674470938668e-03
2.232404513208186476e-06
1.138195921785506643e-04
1.583573463395875110e-05
4.693986833586804375e-06
2.566919983617979424e-05
5.973335946732125943e-06
8.414323677091200964e-07
1.585299552424164087e-07
3.284390830770949742e-03
6.743163376644283459e-05
1.403802808968412496e-04
9.340454753197764508e-05
6.591146925825434459e-08
1.533209573871786309e-07
4.107973422612054821e-06
1.551539108006606642e-04
6.751907386973883248e-05
1.663456874896091669e-04
4.472448890065818536e-06
1.537579918755489545e-06
1.845218134304152399e-05
5.938557266769636134e-07
3.668477898207448728e-06
1.076816243851208138e-05
1.068139716202322988e-06
2.139627548674574288e-06
1.101608679744110975e-04
1.342275001766365698e-05
1.976709315885267247e-06
2.931159766291195978e-05
5.577317374732309613e-06
3.629230551102086274e-04
1.026246452360033349e-05
1.160553224870155692e-05
1.850060767629440478e-05
1.417025771191526850e-04
1.882370657117270012e-04
2.368019800851295072e-06
7.671509819965904799e-07
2.101490512879446452e-05
3.448178006838478679e-06
2.243017625430241430e-07
2.475233011317162627e-07
3.121339749600284290e-05
4.200442143983845427e-06
4.706053416690578478e-06
5.010994538721303846e-04
2.048590908167614917e-06
9.451505444707551930e-06
3.128034398064455824e-06
2.837594589680359214e-06
1.801438508199744643e-04
3.481290248641435948e-04
2.298487206611708202e-04
1.108533359018131001e-06
6.241162685118333589e-06
7.581766789334750539e-03
5.502561926479855478e-05
4.049468628871552919e-06
7.453182263820557017e-05
3.504786348580855828e-07
2.036498833668067877e-04
7.865490973203401756e-05
8.642466475074122635e-05
1.296337578159778712e-05
8.221028388006329664e-06
1.539679636649224585e-06
2.743765212684406673e-05
2.693160763593679012e-06
3.100221358222351531e-04
6.888008907517085842e-06
6.023742669174072335e-05
2.421939214520130959e-06
3.070111217654428269e-04
4.411891935713760069e-07
1.218684161146728966e-05
8.719769893747208298e-06
1.300995802402373571e-05
4.291582643514952429e-04
2.650156789138193242e-05
1.232855259189190062e-04
2.688582999009244231e-07
1.460763815198515493e-06
3.591438179384458831e-05
7.185952118167284776e-03
8.690940129325012585e-05
1.776570819804382088e-04
5.419638785387889061e-05
3.339790779127238887e-04
4.388690871233822210e-06
1.389857980753242831e-05
5.225405914886293917e-04
8.746690479021847862e-06
2.734162548456690962e-05
2.393269615157085433e-04
5.983816737737390712e-06
1.745555642877299751e-01
6.400929427178314262e-08
3.529902132007983176e-05
3.081131013696208333e-06
3.122548086112329179e-06
4.775688139546144116e-06
4.234733716398374507e-04
1.304321569836510581e-05
1.136633768068751231e-05
2.317368620322139808e-05
3.841551441589322307e-03
7.619949356139117098e-06
2.026232094332378433e-04
1.302764578920394476e-05
4.411891935713760069e-07
5.347382258738546716e-07
3.739560199452497590e-07
8.399811880017112650e-04
1.009461200540636841e-05
2.867211325925331560e-06
1.023728336534468388e-06
5.869502003059807351e-07
1.049021199439165538e-05
4.016032122748469061e-08
3.725159631508562947e-06
3.524065700497330849e-05
3.122548086112329179e-06
1.047632484866093403e-03
4.088739758980477839e-05
1.382478186027111208e-07
2.641587473796676439e-06
5.781499479735459314e-04
1.363020372823461493e-05
2.555728566702146097e-04
5.245456106447247184e-07
2.280714784694661771e-03
2.198158510074801851e-05
9.923971466363235320e-05
3.343667782551930352e-07
9.161124495646084405e-06
1.202833256249957183e-06
8.376305616550913744e-05
7.719351609748742330e-05
3.841551441589322307e-03
1.028507063823352064e-05
2.624277359981873683e-02
8.650347676660001973e-04
1.856808572800825100e-06
2.085940711980085241e-07
2.716067576848971721e-05
1.322332769928800209e-06
4.984568426359675387e-05
1.576483054579650529e-05
4.994042465003907690e-05
1.943159524586535514e-05
4.898326984032692400e-05
3.563306387400932378e-07
7.249104813976306921e-08
1.145748499791067725e-03
2.043536434565793383e-03
7.947968494893817900e-04
1.933442334107607942e-06
8.549523820949794199e-07
8.082304619352079179e-04
6.770567524552603827e-07
5.634099362454701341e-05
1.096362520579706372e-06
9.870034062484096642e-04
5.701998489157128552e-06
2.931402813065363014e-05
1.239212514855851200e-06
1.476600135117140515e-07
5.998345602128491360e-06
2.927254698620977838e-05
1.212645242171867454e-04
2.499777756773105150e-06
3.848544543647186182e-05
1.021307268229191582e-05
1.403698376251748694e-05
1.539679636649224585e-06
4.497883728958970056e-06
4.546541646669670272e-06
2.009065263822117144e-05
5.982104234775496123e-07
3.498275633659041813e-03
2.321337767159247536e-05
1.235964304184469679e-05
3.198069143378163058e-07
3.144305314110093655e-06
2.152458259087753966e-07
3.122216998789625691e-06
1.737353230670581343e-04
8.620984541842045468e-06
7.872347351274188582e-03
3.472434938722538471e-06
1.916769028176404594e-03
1.512641139515405204e-03
2.653045088473125250e-05
6.270713617101365475e-05
8.012467456262686058e-05
1.903162997897450901e-05
1.405274350448440034e-06
4.280481592090964733e-04
2.284841199258932400e-03
9.181544067599715898e-05
1.834738063334633745e-04
6.270713617101365475e-05
6.540876112054815994e-05
3.420317193022285542e-06
5.744801001160617510e-04
5.979117556336803984e-05
5.861067312476526015e-05
1.404152798691436405e-07
4.576366734845584264e-06
3.154029753961718916e-07
3.062435798998977684e-06
4.761206632858063946e-05
8.678301646088014062e-04
1.580267600674809805e-03
2.461037274500348259e-05
7.794527089797874527e-07
9.443881132051024492e-06
2.596148584894167858e-06
2.278238197649961066e-07
2.501576936682882460e-05
1.474322973684944531e-05
1.939973142252817396e-05
1.309145952147478377e-04
9.791916242212247285e-05
5.762842620395962801e-05
1.232122336300413236e-04
4.549245720576922863e-06
3.045270593569093629e-07
9.927877031038312807e-05
1.903681483423626695e-05
2.513252328999952050e-05
1.454973389924336786e-05
9.089492380828056550e-05
4.915465032366592119e-05
1.162715919681622047e-04
6.490171682755786437e-07
2.979514016018033540e-05
4.049468628871552919e-06
1.632638176314161808e-06
8.734622754252789720e-07
4.305632251055698358e-04
1.192209186621491328e-04
1.647330226845495841e-06
1.138470375509451809e-03
2.823112229062770136e-06
2.825686584089476855e-05
4.044785837169956297e-07
5.760906274892156121e-05
1.048817771401578876e-05
5.936237297000534921e-05
3.738984101275440311e-05
3.649157583521615291e-05
1.779351986536837770e-04
2.727163649454483822e-05
6.554149484299257584e-06
1.746039995256726328e-04
7.178973224421628422e-05
1.237429900580784744e-05
1.486890419750431742e-05
1.568243701988148960e-04
5.393759258136208133e-05
1.174098318929600766e-03
1.494055296985196367e-02
7.080049562605298871e-04
7.309196920717929424e-03
2.009385287981345388e-05
1.237429900580784744e-05
2.852993980754688248e-03
1.412062624961888609e-05
1.040627604665044966e-05
8.499514240331674691e-07
5.788269749890737200e-05
4.076411947934709308e-07
4.557991716280235516e-05
1.512696058244759282e-03
2.245180089098571940e-04
3.538954262929181735e-05
1.626890211249457601e-05
1.925626541394071773e-06
1.436918914073709492e-04
2.598404045462741864e-06
3.445100568713712122e-05
2.236867742482344672e-04
2.054974109683091555e-05
6.933131731499604688e-05
7.698344572815308130e-06
5.441614305455590680e-07
6.023742669174072335e-05
6.404065339971142890e-05
6.635723916382420753e-06
9.331155398298984337e-04
4.821294794473953045e-03
5.779360343659533652e-04
4.234424382884045953e-07
1.409978284182040773e-06
1.539679636649224585e-06
2.048590908167614917e-06
4.625244000031637092e-08
3.038907247672533504e-03
1.475240297600973091e-06
9.252749030116772520e-06
1.085155010277420510e-06
2.438396761983939714e-05
1.103227980528103847e-05
8.239167569599524055e-05
8.166096889387416274e-05
1.420998591585647498e-05
4.466957745655397775e-05
3.643922549750463563e-05
1.802169811819114053e-07
1.028507063823352064e-05
7.070550482927234535e-06
5.213068557930190069e-07
1.707895784141665735e-05
7.409973080824052058e-06
4.466957745655397775e-05
8.983183300178628373e-05
8.401113214747208834e-07
5.588633568076337241e-04
6.917106888361941220e-06
1.120548331933054853e-05
3.278036859681110818e-04
1.534372184330611282e-07
5.452040481254909536e-07
9.689143790635490640e-06
7.398774836952284059e-04
8.466510751720054972e-06
5.165546486812662250e-06
2.966800889385579738e-04
1.047236090106119804e-04
1.331458428595255422e-06
3.739560199452497590e-07
2.188700823913209433e-07
2.192376096146630049e-04
3.278149767367718147e-05
6.412372588017919713e-06
1.419838377111392697e-07
1.969483290541998278e-05
1.150264578411306858e-05
1.039545057569580771e-05
4.877196580449436058e-06
9.647329805467371562e-07
6.847356166534468784e-06
3.312167610117738696e-05
2.693518684879616775e-03
7.371370691367402171e-06
8.579620099594105845e-05
6.166748785485803733e-05
9.769712412111052749e-07
5.454586483280685663e-05
4.411891935713760069e-07
1.349559806995366264e-06
3.942144523385514797e-04
3.744378181787028412e-05
1.798789178036501793e-04
6.520139545755377622e-05
5.165546486812662250e-06
2.204181432640475377e-02
2.606661861662301623e-07
1.331458428595255422e-06
2.087143346559621160e-05
8.307204493941555841e-06
7.014688607195455634e-04
4.233332297680957246e-06
1.072452813754374674e-06
2.117127325090545473e-04
1.096362520579706372e-06
1.454232635782272510e-06
3.268526678394352838e-06
8.008010211905237779e-07
1.705038825169726306e-04
3.944283573557963202e-04
1.543918182098775523e-06
2.367582875793949548e-05
1.630935179821338746e-02
2.743765212684406673e-05
2.423267630954547357e-05
1.342275001766365698e-05
2.152458259087753966e-07
9.440367719393446770e-07
8.389819108092723757e-03
1.252780663935396552e-05
8.057488090032626990e-03
4.335583619122256945e-06
3.795809012933326351e-06
4.370098352500506945e-08
3.237940161003148259e-06
7.755437484963724785e-06
5.326420297731138284e-06
9.441057365105459778e-07
1.486795561349040626e-05
2.005369464339303237e-04
5.938557266769636134e-07
2.096366584135645242e-05
7.298682388469800213e-06
8.009688658005872361e-06
4.759492929852636878e-04
4.049468628871552919e-06
4.016032122748469061e-08
6.636898331380235544e-06
2.099169062644332497e-05
1.020717456129770987e-06
9.603599253972802078e-07
8.447963170970634525e-03
9.604545256922603828e-05
3.305412739449266579e-05
8.719769893747208298e-06
6.090215774697089890e-06
1.340567242019640685e-04
3.312167610117738696e-05
3.985980250843331171e-06
1.307160639061132233e-05
1.630205745594947566e-04
5.022401697823394047e-06
4.091646085611044104e-05
6.933131731499604688e-05
2.851584991308894620e-07
5.603510928210725147e-08
6.603397354472491594e-07
3.246924699672240600e-04
8.571891267730887259e-05
3.555163246459477411e-05
8.972024308872645010e-05
2.628847725433267773e-07
2.262959208032684482e-06
7.319808284063861810e-05
1.856384291848214648e-05
1.365591496910481564e-05
1.544628557768246642e-07
1.953662919916743148e-03
2.048590908167614917e-06
8.378197864213454395e-06
1.989182855549531323e-02
6.798215192852811015e-06
3.448939178262220808e-06
1.971243262554258857e-06
1.647053948456384048e-07
6.197677285456850609e-04
5.932705295513381131e-05
2.547825199783929182e-04
7.833355384273488493e-06
1.343049641703934681e-05
1.886177122852787666e-05
6.608218764652142934e-06
4.527354912479077576e-06
3.367110116373501061e-06
2.277079024009495654e-05
7.389716724769532154e-05
3.341320763269673485e-05
4.016032122748469061e-08
1.486890419750431742e-05
3.617283664287533598e-07
1.392803567101355063e-06
4.325426232588909388e-06
1.726391677368863500e-05
4.068416693715479936e-05
4.498998229343906249e-06
8.378197864213454395e-06
1.151167490595301612e-03
1.300266521441936730e-04
1.483171710400493398e-06
2.895090481896855548e-04
6.051654760354010501e-04
4.159070178101009698e-04
1.539679636649224585e-06
6.253712305922094978e-04
5.076168968280542262e-06
2.758202519422355874e-07
7.698344572815308130e-06
7.898958410268776896e-06
8.829037256895304808e-05
8.255340016996950866e-06
6.781792255988227172e-04
4.336163753863301782e-05
2.423267630954547357e-05
1.119544341109890239e-04
2.280714784694661771e-03
2.353855334937973790e-07
4.421003797259454462e-06
4.821161714987626365e-05
5.974478430339196074e-06
3.578579101514517724e-08
1.247191238254076976e-05
9.384253369836425419e-08
1.866783691238259237e-05
4.204144926676583481e-06
2.068701377835740735e-06
1.072705447993873264e-05
2.431350080012320374e-04
3.121339749600284290e-05
2.580173495931002276e-08
6.136426884907310786e-05
1.329806328312670616e-04
8.060114129684855036e-03
4.687011271283890813e-06
2.188024288121235964e-04
1.150264578411306858e-05
1.300266521441936730e-04
4.070553676550329081e-04
3.597543956536883856e-06
2.686716895637738077e-05
3.121339749600284290e-05
6.591146925825434459e-08
4.322621693863163569e-06
3.324975879903531960e-04
1.357611450612728557e-06
1.644273488217535894e-05
3.008230874764013798e-06
2.600348976075087448e-04
2.415649982101852373e-06
3.636857716563040958e-03
5.577218488215562351e-07
2.112960830369016186e-06
2.484688503574292677e-05
1.473642967227674306e-04
2.765174197873406872e-05
2.258315901035638510e-06
9.864572260191077722e-05
4.354585078601626736e-05
1.844213225255995029e-06
3.248781944265117781e-06
2.240104704653011652e-06
6.282208384468593547e-06
1.094988820027478124e-05
1.947584360481970697e-04
5.869502003059807351e-07
1.795691599326024184e-06
9.827712635180479994e-03
3.435344089422244772e-07
1.223014492822448273e-06
6.331857971441065726e-06
6.580724818087828398e-06
2.006938851141413136e-05
2.666689746074429423e-04
1.595059406188013729e-05
2.420902085433695251e-05
1.010478156658488012e-05
1.879448604174399889e-05
8.144860597121318397e-04
5.291549955793627647e-06
4.153019169956005875e-05
7.666152950627565626e-07
4.512178452547289075e-04
3.453699762546796285e-04
1.044603716776123895e-05
4.712066952363881006e-05
2.213704311898820071e-04
8.816494233050001304e-05
4.255375889192829301e-05
5.340291381936029538e-07
8.593130875770689731e-04
1.267370724083604216e-05
1.300995802402373571e-05
1.436913682981112878e-05
1.035949703355816826e-06
6.091426240910234447e-06
8.288147071961308353e-06
1.772605819458103005e-05
4.864811807549879119e-06
1.843562851380008789e-04
4.877196580449436058e-06
8.964054179662290850e-04
7.183246606604546235e-07
4.042478820192985954e-06
1.347949597105696517e-04
1.807533157873940805e-06
5.183384371268807127e-06
1.035949703355816826e-06
1.627707088777702264e-05
2.092764974705208522e-05
9.803978574301848892e-05
1.486890419750431742e-05
6.834759467300779165e-04
1.614271101235840777e-05
6.244442767843434239e-04
4.996769661842288626e-07
9.082026671003788260e-06
3.131857245589469974e-05
2.485483280536708113e-06
2.606661861662301623e-07
6.934573098416420061e-04
1.586124344377456166e-05
4.883929098259888468e-03
2.705472427892124034e-05
8.072906449787781808e-04
1.595059406188013729e-05
1.626890211249457601e-05
2.840632880764808971e-05
8.945901773244266674e-07
1.795691599326024184e-06
5.946706784926091830e-06
1.439613910206334777e-05
9.965898116402510161e-06
1.108533359018131001e-06
1.054510365852417065e-05
2.139776324382853724e-06
1.667733789636232153e-05
4.149849486012729847e-06
4.626980040418119094e-04
2.713704825872621969e-05
1.637298339203479535e-06
3.789857250059423029e-04
4.059960260535216757e-06
1.371046842011413886e-04
2.442156716662439097e-05
1.061738617108059834e-04
3.632355552412258604e-03
4.909078252800182312e-07
1.185025628045774897e-05
5.974478430339196074e-06
1.921390078349247930e-06
5.070109809187543711e-05
9.348753164045708547e-07
4.096010694750994953e-06
1.141776942792008015e-06
8.390521372560883607e-06
3.492623722547964771e-02
2.412413961416907699e-04
2.671816223180683843e-07
1.002751081589957143e-04
1.648585853180780348e-06
5.728861417951036839e-05
2.066675289615756197e-06
5.347187001448908128e-02
1.410380995870363311e-05
6.603397354472491594e-07
2.141915627919572237e-06
1.507549032215694606e-05
3.691497914834523956e-06
2.411444667519221268e-04
5.420764273998153093e-06
1.643161697950525199e-06
9.370998885923978077e-07
3.563306387400932378e-07
8.888573369468772778e-05
4.930174264431213949e-06
6.817594586874977633e-06
2.836979540340995145e-04
4.877196580449436058e-06
4.569243701177925455e-06
1.202345780440701927e-03
8.815116932955861123e-05
9.860545544615921879e-04
1.218540640491986188e-05
7.371370691367402171e-06
3.293183083421469849e-06
3.435344089422244772e-07
4.313114795879753756e-04
9.516949220009138347e-06
8.310039214388502042e-07
1.565296331047196421e-05
9.955633695260962274e-04
5.644117942768713698e-06
4.913399017338396622e-07
7.360921937129704003e-05
3.129478484825139553e-04
4.634444474943339636e-05
1.660741931547000957e-06
1.475240297600973091e-06
2.815044587552852521e-05
4.149849486012729847e-06
9.389589637478204580e-06
4.269615996801267167e-05
3.065684622410127051e-06
4.331595895892831208e-04
4.561259743170098177e-04
1.662625100105968035e-01
1.923423840901836179e-04
1.015914634244008140e-07
7.982025981027454978e-06
1.515257757443128073e-03
6.879123071736972096e-07
1.026230379271454702e-05
1.752217008025329023e-03
1.446498708064448491e-03
4.526154819439980395e-03
1.981790489836860727e-04
2.023468373848318029e-06
2.294487924141819021e-05
3.445100568713712122e-05
1.913046897988070872e-05
1.130540740915730067e-06
1.024825724891912828e-06
5.143095569312653315e-04
4.527354912479077576e-06
7.450098740960950199e-05
3.850167211050821725e-06
2.021795626117124704e-05
3.599815212057652820e-05
5.770158603602180232e-04
8.355853093346472967e-05
2.280714784694661771e-03
3.135363159827285390e-07
2.271577760966808690e-06
1.023728336534468388e-06
1.251159334225939831e-05
4.659635405514514299e-04
3.108383562848905786e-06
3.435344089422244772e-07
1.162629878271376052e-07
8.169827303492266856e-04
4.352888079970438795e-06
6.738136873015295453e-07
7.041882668976754024e-06
4.207110480963615332e-05
7.478012376625145106e-05
2.481936740577859579e-03
1.834056795621423879e-05
5.748445653953793193e-06
1.818725368048151878e-05
2.378411481691430199e-05
3.199682284170383457e-05
6.736536068871232864e-07
1.038528084754968711e-04
7.309196920717929424e-03
2.501464949904782121e-05
3.707794343043006478e-04
1.746842304264652358e-06
9.607338292329143344e-06
7.840420264124773882e-05
3.146832966885698341e-06
7.087676239057381206e-06
5.488321344978286590e-06
9.603599253972802078e-07
1.071484619258848223e-05
1.627113216704289080e-04
2.048590908167614917e-06
3.674926769203132052e-08
1.366590437389279128e-02
3.435344089422244772e-07
2.696245792468558765e-04
1.357474702045009373e-03
4.411891935713760069e-07
1.386040460897706953e-05
1.565754411346437041e-05
5.170384902030755926e-05
2.464548774542810530e-03
6.289742342583926310e-05
2.280714784694661771e-03
4.569243701177925455e-06
1.494055296985196367e-02
1.534372184330611282e-07
5.629291647348050414e-06
3.431390902604992792e-04
1.486696591140393077e-06
5.908889177405264755e-05
1.083621839382634144e-05
1.087395530707687181e-06
5.818686648367308780e-06
9.384253369836425419e-08
2.470931150787707237e-07
3.860731844935768166e-07
1.784250186036696168e-04
1.361669018388246468e-03
3.822780000576741699e-06
1.151167490595301612e-03
1.154884206570216902e-05
4.502311957861404070e-03
1.475240297600973091e-06
7.289465478881735430e-07
1.259284409753605232e-03
1.436771965907539597e-03
5.253090592620591895e-05
1.753898764169657922e-05
1.976709315885267247e-06
5.096749702222231302e-07
2.038227553576015417e-03
6.636898331380235544e-06
5.602605607952093890e-05
1.051926515327167939e-05
1.034848988341304085e-03
1.607535418109125593e-06
8.052378447914215656e-05
7.464429308602088028e-06
3.643922549750463563e-05
2.871867674286818730e-05
4.616782455261662726e-04
1.802169811819114053e-07
6.651815502672100283e-03
1.138198936422503166e-05
5.035979206569337154e-05
1.561720676169937628e-07
4.955831683886389378e-06
4.703925572749245720e-02
3.756775845186648491e-05
1.403298927634301927e-03
1.330103572848789607e-07
3.135964002663268080e-06
2.390967004745545021e-03
9.923971466363235320e-05
1.659338690318338519e-04
6.457729073971029007e-05
2.239186296759284502e-05
1.079958594473974919e-05
5.422370837153704572e-05
6.065264352061571296e-07
7.478012376625145106e-05
1.859863700064267065e-05
3.196063059814246551e-06
1.210886255744282814e-04
5.860042573497216065e-03
3.795809012933326351e-06
5.869502003059807351e-07
1.698408928693184792e-04
5.777272570236451988e-04
6.072772675095440911e-06
1.014647943556612350e-04
3.674926769203132052e-08
1.042079076200180289e-03
8.834670734657174809e-05
8.355853093346472967e-05
5.974478430339196074e-06
2.665176909816469885e-07
1.585299552424164087e-07
7.762288865814021471e-06
8.360845351612679614e-05
1.446498708064448491e-03
3.268526678394352838e-06
1.020250920955080180e-05
7.560885309540671155e-06
4.226967377043170325e-04
5.588097948866109491e-06
5.723583973965994847e-04
4.958307650865038280e-09
