8.380713662486012794e+00
8.146144298364298209e+00
8.746819108495081707e+00
8.639726211826156188e+00
8.294038232665194244e+00
8.296597406467174807e+00
8.647108785426736333e+00
8.707981767491620673e+00
8.609082670900187750e+00
8.753790029287165098e+00
8.380713662486012794e+00
8.146144298364298209e+00
8.308173656998125267e+00
8.713297511616310942e+00
8.296597406467174807e+00
8.647108785426736333e+00
8.167545638513228567e+00
8.753790029287165098e+00
8.619820511532919838e+00
8.685246485730960586e+00
8.380713662486012794e+00
8.740924651850214389e+00
8.146144298364298209e+00
8.308173656998125267e+00
8.296597406467174807e+00
8.707981767491620673e+00
8.167545638513228567e+00
8.619820511532919838e+00
8.685246485730960586e+00
8.676754611860976851e+00
8.380713662486012794e+00
8.382736608863202932e+00
8.146144298364298209e+00
8.746819108495081707e+00
8.308173656998125267e+00
8.540586670285673421e+00
8.596160484730386742e+00
8.296597406467174807e+00
8.555815632910137580e+00
8.707981767491620673e+00
8.380713662486012794e+00
8.740924651850214389e+00
8.308173656998125267e+00
8.736674264288536662e+00
8.647108785426736333e+00
8.707981767491620673e+00
8.753790029287165098e+00
8.619820511532919838e+00
8.727885636461568453e+00
8.685246485730960586e+00
8.146144298364298209e+00
8.746819108495081707e+00
8.308173656998125267e+00
8.296597406467174807e+00
8.555815632910137580e+00
8.647108785426736333e+00
8.508998498935520516e+00
8.707981767491620673e+00
8.633012696728149749e+00
8.772114239767782706e+00
8.740924651850214389e+00
8.458498224566040946e+00
8.746819108495081707e+00
8.308173656998125267e+00
8.647108785426736333e+00
8.508998498935520516e+00
8.167545638513228567e+00
8.676754611860976851e+00
8.340625496267660921e+00
8.468489766880004765e+00
8.380713662486012794e+00
8.740924651850214389e+00
8.146144298364298209e+00
8.533756369534181374e+00
8.746819108495081707e+00
8.308173656998125267e+00
8.577448650404724262e+00
8.296597406467174807e+00
8.568502988436506485e+00
8.671111217841048102e+00
8.380713662486012794e+00
8.740924651850214389e+00
8.146144298364298209e+00
8.533756369534181374e+00
8.688005198403461193e+00
8.540586670285673421e+00
8.166514756289339871e+00
8.707981767491620673e+00
8.167545638513228567e+00
8.753790029287165098e+00
8.452037127771399483e+00
8.436141373894050943e+00
8.740924651850214389e+00
8.473387958791596120e+00
8.746819108495081707e+00
8.308173656998125267e+00
8.400378662600912705e+00
8.296597406467174807e+00
8.647108785426736333e+00
8.707981767491620673e+00
8.669813265465343477e+00
8.380713662486012794e+00
8.740924651850214389e+00
8.746819108495081707e+00
8.308173656998125267e+00
8.671111217841048102e+00
8.733135755090547292e+00
8.685246485730960586e+00
8.340625496267660921e+00
8.518453622488008747e+00
8.380713662486012794e+00
8.740924651850214389e+00
8.694355122514535239e+00
8.296597406467174807e+00
8.588899276902493440e+00
8.707981767491620673e+00
8.167545638513228567e+00
8.753790029287165098e+00
8.278390554095674148e+00
8.619820511532919838e+00
8.380713662486012794e+00
8.146144298364298209e+00
8.746819108495081707e+00
8.413004264593766379e+00
8.490807400309714481e+00
8.465830327789195309e+00
8.707981767491620673e+00
8.167545638513228567e+00
8.753790029287165098e+00
8.569083695271842771e+00
8.740924651850214389e+00
8.146144298364298209e+00
8.746819108495081707e+00
8.577448650404724262e+00
8.296597406467174807e+00
8.647108785426736333e+00
8.508998498935520516e+00
8.707981767491620673e+00
8.167545638513228567e+00
8.753790029287165098e+00
8.380713662486012794e+00
8.533756369534181374e+00
8.308173656998125267e+00
8.587304626737019220e+00
8.568502988436506485e+00
8.647108785426736333e+00
8.523895113421671610e+00
8.657426174364452720e+00
8.676754611860976851e+00
8.340625496267660921e+00
8.731674209060679814e+00
8.436141373894050943e+00
8.740924651850214389e+00
8.146144298364298209e+00
8.308173656998125267e+00
8.498046253105417946e+00
8.587304626737019220e+00
8.498147801401945145e+00
8.296597406467174807e+00
8.647108785426736333e+00
8.699307753810222366e+00
8.380713662486012794e+00
8.740924651850214389e+00
8.146144298364298209e+00
8.746819108495081707e+00
8.685877712289601149e+00
8.296597406467174807e+00
8.647108785426736333e+00
8.167545638513228567e+00
8.772114239767782706e+00
8.740924651850214389e+00
8.694355122514535239e+00
8.529395746375103116e+00
8.705589958925775917e+00
8.296597406467174807e+00
8.647108785426736333e+00
8.523895113421671610e+00
8.753790029287165098e+00
8.340625496267660921e+00
8.518453622488008747e+00
8.753118097918324736e+00
8.740924651850214389e+00
8.146144298364298209e+00
8.746819108495081707e+00
8.308173656998125267e+00
8.296597406467174807e+00
8.647108785426736333e+00
8.707981767491620673e+00
8.167545638513228567e+00
8.753790029287165098e+00
8.743990760634787307e+00
8.740924651850214389e+00
8.146144298364298209e+00
8.746819108495081707e+00
8.308173656998125267e+00
8.743166318913850432e+00
8.647108785426736333e+00
8.707981767491620673e+00
8.753790029287165098e+00
8.619820511532919838e+00
8.740924651850214389e+00
8.746819108495081707e+00
8.308173656998125267e+00
8.498046253105417946e+00
8.587304626737019220e+00
8.425584120580410286e+00
8.296597406467174807e+00
8.555648990579225455e+00
8.167545638513228567e+00
8.753790029287165098e+00
8.380713662486012794e+00
8.740924651850214389e+00
8.146144298364298209e+00
8.746819108495081707e+00
8.647108785426736333e+00
8.167545638513228567e+00
8.753790029287165098e+00
8.619820511532919838e+00
8.685246485730960586e+00
8.481955526955875513e+00
8.753118097918324736e+00
8.380713662486012794e+00
8.146144298364298209e+00
8.746819108495081707e+00
8.308173656998125267e+00
8.296597406467174807e+00
8.623636985594732352e+00
8.671111217841048102e+00
8.707981767491620673e+00
8.167545638513228567e+00
8.753118097918324736e+00
8.380713662486012794e+00
8.740924651850214389e+00
8.473387958791596120e+00
8.756196802892928233e+00
8.296597406467174807e+00
7.997944475439680900e+00
8.541366838182797849e+00
8.707981767491620673e+00
8.167545638513228567e+00
8.380713662486012794e+00
8.740924651850214389e+00
8.146144298364298209e+00
8.308173656998125267e+00
8.740311001458300311e+00
8.425584120580410286e+00
8.296597406467174807e+00
8.555648990579225455e+00
8.707981767491620673e+00
8.167545638513228567e+00
8.380713662486012794e+00
8.740924651850214389e+00
8.146144298364298209e+00
8.746819108495081707e+00
8.308173656998125267e+00
8.296597406467174807e+00
8.555815632910137580e+00
8.647108785426736333e+00
8.707981767491620673e+00
8.167545638513228567e+00
8.413018630024206246e+00
8.740924651850214389e+00
8.746819108495081707e+00
8.308173656998125267e+00
8.639726211826156188e+00
8.740311001458300311e+00
8.596160484730386742e+00
8.296597406467174807e+00
8.647108785426736333e+00
8.372828109350574977e+00
8.699307753810222366e+00
8.380713662486012794e+00
8.473387958791596120e+00
8.746819108495081707e+00
8.308173656998125267e+00
8.440659426853381220e+00
8.769494039669881502e+00
8.296597406467174807e+00
8.647108785426736333e+00
8.460205032140809323e+00
8.380713662486012794e+00
8.346017798084190531e+00
8.146144298364298209e+00
8.709366170944210950e+00
8.308173656998125267e+00
8.740311001458300311e+00
8.685877712289601149e+00
8.296597406467174807e+00
8.647108785426736333e+00
8.523895113421671610e+00
8.380713662486012794e+00
8.740924651850214389e+00
8.146144298364298209e+00
8.591254906844884687e+00
8.308173656998125267e+00
8.647108785426736333e+00
8.707981767491620673e+00
8.167545638513228567e+00
8.753790029287165098e+00
8.619820511532919838e+00
8.699307753810222366e+00
8.380713662486012794e+00
8.740924651850214389e+00
8.146144298364298209e+00
8.308173656998125267e+00
8.617208113079911413e+00
8.533175694366661901e+00
8.753790029287165098e+00
8.774320200655656876e+00
8.619820511532919838e+00
8.743990760634787307e+00
8.740924651850214389e+00
8.694355122514535239e+00
8.746819108495081707e+00
8.308173656998125267e+00
8.740311001458300311e+00
8.296597406467174807e+00
8.623636985594732352e+00
8.647108785426736333e+00
8.167545638513228567e+00
8.380713662486012794e+00
8.740924651850214389e+00
8.146144298364298209e+00
8.746819108495081707e+00
8.308173656998125267e+00
8.740311001458300311e+00
8.296597406467174807e+00
8.647108785426736333e+00
8.707981767491620673e+00
8.167545638513228567e+00
8.340967450147189766e+00
8.382736608863202932e+00
8.146144298364298209e+00
8.709366170944210950e+00
8.746819108495081707e+00
8.308173656998125267e+00
8.296597406467174807e+00
8.588048893941573780e+00
8.707981767491620673e+00
8.167545638513228567e+00
8.380713662486012794e+00
8.740924651850214389e+00
8.694355122514535239e+00
8.746819108495081707e+00
8.308173656998125267e+00
8.400378662600912705e+00
8.490807400309714481e+00
8.296597406467174807e+00
8.736674264288536662e+00
7.997944475439680900e+00
8.699307753810222366e+00
8.380713662486012794e+00
8.740924651850214389e+00
8.146144298364298209e+00
8.591858297245895670e+00
8.700214725014829398e+00
8.296597406467174807e+00
8.647108785426736333e+00
8.707981767491620673e+00
8.167545638513228567e+00
8.296219978409716589e+00
8.146144298364298209e+00
8.709366170944210950e+00
8.746819108495081707e+00
8.308173656998125267e+00
7.997944475439680900e+00
8.707981767491620673e+00
8.167545638513228567e+00
8.753790029287165098e+00
8.637181523033223840e+00
8.740924651850214389e+00
8.146144298364298209e+00
8.726345738861953194e+00
8.746819108495081707e+00
8.296597406467174807e+00
8.588899276902493440e+00
8.707981767491620673e+00
8.167545638513228567e+00
8.619820511532919838e+00
8.685246485730960586e+00
8.436141373894050943e+00
8.146144298364298209e+00
8.746819108495081707e+00
8.308173656998125267e+00
8.296597406467174807e+00
8.671111217841048102e+00
8.508998498935520516e+00
8.707981767491620673e+00
8.753790029287165098e+00
8.619820511532919838e+00
8.146144298364298209e+00
8.746819108495081707e+00
8.308173656998125267e+00
8.296597406467174807e+00
7.997944475439680900e+00
8.523895113421671610e+00
8.167545638513228567e+00
8.753790029287165098e+00
8.676754611860976851e+00
8.340625496267660921e+00
8.740924651850214389e+00
8.746819108495081707e+00
8.308173656998125267e+00
8.508998498935520516e+00
8.707981767491620673e+00
8.371622985712962262e+00
8.278390554095674148e+00
8.619820511532919838e+00
8.657426174364452720e+00
8.685246485730960586e+00
8.699307753810222366e+00
8.380713662486012794e+00
8.740924651850214389e+00
8.146144298364298209e+00
8.746819108495081707e+00
8.308173656998125267e+00
8.769494039669881502e+00
8.296597406467174807e+00
7.997944475439680900e+00
8.707981767491620673e+00
8.747896430061999240e+00
8.380713662486012794e+00
8.740924651850214389e+00
8.591858297245895670e+00
8.746819108495081707e+00
8.308173656998125267e+00
8.296597406467174807e+00
8.671111217841048102e+00
8.707981767491620673e+00
8.695220002196464293e+00
8.699307753810222366e+00
8.380713662486012794e+00
8.740924651850214389e+00
8.146144298364298209e+00
8.746819108495081707e+00
8.413004264593766379e+00
8.700214725014829398e+00
8.555815632910137580e+00
8.647108785426736333e+00
8.707981767491620673e+00
8.380713662486012794e+00
8.146144298364298209e+00
8.529395746375103116e+00
8.266161852606465743e+00
8.687284540381865483e+00
8.671388592194617218e+00
8.588048893941573780e+00
8.541366838182797849e+00
8.707981767491620673e+00
8.187076600686891581e+00
8.747896430061999240e+00
8.380713662486012794e+00
8.308173656998125267e+00
8.555815632910137580e+00
8.647108785426736333e+00
8.707981767491620673e+00
8.746996108469147657e+00
8.753790029287165098e+00
8.619820511532919838e+00
8.545427093283077369e+00
8.380713662486012794e+00
8.146144298364298209e+00
8.308173656998125267e+00
8.296597406467174807e+00
8.588048893941573780e+00
8.707981767491620673e+00
8.167545638513228567e+00
8.619820511532919838e+00
8.545427093283077369e+00
8.769225972490092502e+00
8.380713662486012794e+00
8.707722326525569656e+00
8.588609319224790539e+00
8.746819108495081707e+00
8.587304626737019220e+00
8.560572518851884638e+00
8.425584120580410286e+00
8.647108785426736333e+00
8.707981767491620673e+00
8.609082670900187750e+00
8.380713662486012794e+00
8.740924651850214389e+00
8.146144298364298209e+00
8.746819108495081707e+00
8.308173656998125267e+00
8.508035270529596517e+00
8.296597406467174807e+00
8.568502988436506485e+00
8.647108785426736333e+00
8.707981767491620673e+00
8.380713662486012794e+00
8.740924651850214389e+00
8.146144298364298209e+00
8.746819108495081707e+00
8.516800504984116671e+00
8.758896718138149851e+00
8.296597406467174807e+00
8.647108785426736333e+00
8.707981767491620673e+00
8.167545638513228567e+00
8.146144298364298209e+00
8.746819108495081707e+00
8.587304626737019220e+00
8.700214725014829398e+00
8.296597406467174807e+00
8.555648990579225455e+00
8.704620412125080975e+00
8.707981767491620673e+00
8.167545638513228567e+00
8.648804366368887386e+00
8.380713662486012794e+00
8.146144298364298209e+00
8.746819108495081707e+00
8.576218407141231737e+00
8.740311001458300311e+00
8.296597406467174807e+00
8.647108785426736333e+00
8.707981767491620673e+00
8.753790029287165098e+00
8.726098701220967868e+00
8.380713662486012794e+00
8.740924651850214389e+00
8.146144298364298209e+00
8.746819108495081707e+00
8.308173656998125267e+00
8.568502988436506485e+00
8.647108785426736333e+00
8.446373728220441635e+00
8.707981767491620673e+00
8.167545638513228567e+00
8.589685927612835670e+00
8.533756369534181374e+00
8.746819108495081707e+00
8.308173656998125267e+00
8.296597406467174807e+00
8.523895113421671610e+00
8.707981767491620673e+00
8.167545638513228567e+00
8.753790029287165098e+00
8.772114239767782706e+00
8.380713662486012794e+00
8.146144298364298209e+00
8.746819108495081707e+00
8.308173656998125267e+00
8.758896718138149851e+00
8.698174794075727689e+00
8.704446608034841049e+00
8.707981767491620673e+00
8.167545638513228567e+00
8.753790029287165098e+00
8.699307753810222366e+00
8.380713662486012794e+00
8.740924651850214389e+00
8.146144298364298209e+00
8.308173656998125267e+00
8.647108785426736333e+00
8.707981767491620673e+00
8.167545638513228567e+00
8.753790029287165098e+00
8.619820511532919838e+00
8.624636269549672107e+00
8.380713662486012794e+00
8.740924651850214389e+00
8.498046253105417946e+00
8.577448650404724262e+00
8.623636985594732352e+00
8.555815632910137580e+00
8.647108785426736333e+00
8.167545638513228567e+00
8.753790029287165098e+00
8.380713662486012794e+00
8.740924651850214389e+00
8.146144298364298209e+00
8.746819108495081707e+00
8.308173656998125267e+00
8.296597406467174807e+00
8.647108785426736333e+00
8.707981767491620673e+00
8.401382806489381849e+00
8.094377352689694050e+00
8.740924651850214389e+00
8.766579250643898646e+00
8.709366170944210950e+00
8.746819108495081707e+00
8.308173656998125267e+00
8.587304626737019220e+00
8.740311001458300311e+00
8.296597406467174807e+00
8.647108785426736333e+00
8.707981767491620673e+00
8.146144298364298209e+00
8.746819108495081707e+00
8.587304626737019220e+00
8.413004264593766379e+00
8.425584120580410286e+00
8.296597406467174807e+00
8.647108785426736333e+00
8.707981767491620673e+00
8.167545638513228567e+00
8.619820511532919838e+00
8.380713662486012794e+00
8.740924651850214389e+00
8.746819108495081707e+00
8.308173656998125267e+00
8.560572518851884638e+00
8.595028548048789574e+00
8.296597406467174807e+00
8.555815632910137580e+00
8.647108785426736333e+00
8.707981767491620673e+00
8.380713662486012794e+00
8.740924651850214389e+00
8.146144298364298209e+00
8.244570858974617167e+00
8.498046253105417946e+00
8.508035270529596517e+00
8.296597406467174807e+00
8.588048893941573780e+00
8.707981767491620673e+00
8.167545638513228567e+00
8.146144298364298209e+00
8.746819108495081707e+00
8.308173656998125267e+00
8.756196802892928233e+00
8.425584120580410286e+00
8.296597406467174807e+00
8.623636985594732352e+00
8.647108785426736333e+00
8.167545638513228567e+00
8.753790029287165098e+00
8.380713662486012794e+00
8.589685927612835670e+00
8.746819108495081707e+00
8.308173656998125267e+00
8.400378662600912705e+00
8.413004264593766379e+00
8.647108785426736333e+00
8.707981767491620673e+00
8.746996108469147657e+00
8.753790029287165098e+00
8.380713662486012794e+00
8.740924651850214389e+00
8.049187667058644635e+00
8.308173656998125267e+00
8.296597406467174807e+00
8.588048893941573780e+00
8.707981767491620673e+00
8.167545638513228567e+00
8.753790029287165098e+00
8.685246485730960586e+00
8.380713662486012794e+00
8.740924651850214389e+00
8.146144298364298209e+00
8.588609319224790539e+00
8.746819108495081707e+00
8.244570858974617167e+00
8.296597406467174807e+00
8.647108785426736333e+00
8.707981767491620673e+00
8.167545638513228567e+00
8.740924651850214389e+00
8.146144298364298209e+00
8.529395746375103116e+00
8.587304626737019220e+00
8.743166318913850432e+00
8.647108785426736333e+00
8.372828109350574977e+00
8.707981767491620673e+00
8.167545638513228567e+00
8.676754611860976851e+00
8.380713662486012794e+00
8.740924651850214389e+00
8.575375513801070326e+00
8.588609319224790539e+00
8.746819108495081707e+00
8.308173656998125267e+00
8.400378662600912705e+00
8.296597406467174807e+00
8.647108785426736333e+00
8.523895113421671610e+00
8.740924651850214389e+00
8.146144298364298209e+00
8.308173656998125267e+00
8.718964592689687265e+00
8.647108785426736333e+00
8.707981767491620673e+00
8.753790029287165098e+00
8.545427093283077369e+00
8.685246485730960586e+00
8.676754611860976851e+00
8.146144298364298209e+00
8.308173656998125267e+00
8.296597406467174807e+00
8.647108785426736333e+00
8.167545638513228567e+00
8.619820511532919838e+00
8.545427093283077369e+00
8.700792291656219035e+00
8.685246485730960586e+00
8.676754611860976851e+00
8.612110691461621670e+00
8.380713662486012794e+00
8.740924651850214389e+00
8.146144298364298209e+00
8.296597406467174807e+00
8.671111217841048102e+00
8.372828109350574977e+00
8.167545638513228567e+00
8.569083695271842771e+00
8.619820511532919838e+00
8.540439005270995310e+00
8.582501980211233672e+00
8.740924651850214389e+00
8.146144298364298209e+00
8.588609319224790539e+00
8.591254906844884687e+00
8.308173656998125267e+00
8.568502988436506485e+00
8.647108785426736333e+00
8.704620412125080975e+00
8.380713662486012794e+00
8.740924651850214389e+00
8.746819108495081707e+00
8.244570858974617167e+00
8.296597406467174807e+00
8.533175694366661901e+00
8.707981767491620673e+00
8.167545638513228567e+00
8.753790029287165098e+00
8.619820511532919838e+00
8.699307753810222366e+00
8.380713662486012794e+00
8.740924651850214389e+00
8.146144298364298209e+00
8.696113215539371666e+00
8.308173656998125267e+00
8.756196802892928233e+00
8.647108785426736333e+00
8.707981767491620673e+00
8.695220002196464293e+00
8.754838733663820705e+00
8.380713662486012794e+00
8.740924651850214389e+00
8.588609319224790539e+00
8.308173656998125267e+00
8.512985829211785926e+00
8.697884329473232867e+00
8.707981767491620673e+00
8.633012696728149749e+00
8.619820511532919838e+00
8.380713662486012794e+00
8.740924651850214389e+00
8.146144298364298209e+00
8.746819108495081707e+00
8.685877712289601149e+00
8.413004264593766379e+00
8.647108785426736333e+00
8.707981767491620673e+00
8.609082670900187750e+00
8.753790029287165098e+00
8.699307753810222366e+00
8.731674209060679814e+00
8.380713662486012794e+00
8.146144298364298209e+00
8.746819108495081707e+00
8.308173656998125267e+00
8.596160484730386742e+00
8.296597406467174807e+00
8.555815632910137580e+00
8.647108785426736333e+00
8.380713662486012794e+00
8.382736608863202932e+00
8.146144298364298209e+00
8.308173656998125267e+00
8.498147801401945145e+00
8.296597406467174807e+00
8.647108785426736333e+00
8.707981767491620673e+00
8.167545638513228567e+00
8.753790029287165098e+00
8.380713662486012794e+00
8.740924651850214389e+00
8.428540306856122655e+00
8.533756369534181374e+00
8.746819108495081707e+00
8.400378662600912705e+00
8.296597406467174807e+00
8.555815632910137580e+00
8.647108785426736333e+00
8.167545638513228567e+00
8.380713662486012794e+00
8.146144298364298209e+00
8.533756369534181374e+00
8.308173656998125267e+00
8.740311001458300311e+00
8.647108785426736333e+00
8.167545638513228567e+00
8.620868485213588173e+00
8.715717831862663800e+00
8.676754611860976851e+00
8.380713662486012794e+00
8.146144298364298209e+00
8.746819108495081707e+00
8.296597406467174807e+00
8.555648990579225455e+00
8.508998498935520516e+00
8.167545638513228567e+00
8.753790029287165098e+00
8.726299235041015123e+00
8.715717831862663800e+00
8.382736608863202932e+00
8.574669765586145687e+00
8.709366170944210950e+00
8.746819108495081707e+00
8.756196802892928233e+00
8.694024459587573972e+00
8.296597406467174807e+00
8.588899276902493440e+00
8.755901291141466203e+00
8.569083695271842771e+00
8.380713662486012794e+00
8.740924651850214389e+00
8.146144298364298209e+00
8.308173656998125267e+00
8.756196802892928233e+00
8.462884843653119660e+00
8.647108785426736333e+00
8.372828109350574977e+00
8.707981767491620673e+00
8.167545638513228567e+00
8.380713662486012794e+00
8.740924651850214389e+00
8.589685927612835670e+00
8.746819108495081707e+00
8.308173656998125267e+00
8.275310081488992608e+00
8.446373728220441635e+00
8.707981767491620673e+00
8.167545638513228567e+00
8.753790029287165098e+00
8.740311001458300311e+00
8.700214725014829398e+00
8.296597406467174807e+00
8.647108785426736333e+00
8.704620412125080975e+00
8.707981767491620673e+00
8.167545638513228567e+00
8.753790029287165098e+00
8.619820511532919838e+00
8.660244546058882165e+00
8.707722326525569656e+00
8.740924651850214389e+00
8.146144298364298209e+00
8.308173656998125267e+00
8.766874618658542673e+00
8.296597406467174807e+00
7.997944475439680900e+00
8.707981767491620673e+00
8.633012696728149749e+00
8.619820511532919838e+00
8.699307753810222366e+00
8.380713662486012794e+00
8.146144298364298209e+00
8.746819108495081707e+00
8.308173656998125267e+00
8.296597406467174807e+00
8.647108785426736333e+00
8.707981767491620673e+00
8.167545638513228567e+00
8.619820511532919838e+00
8.380713662486012794e+00
8.740924651850214389e+00
8.146144298364298209e+00
8.746819108495081707e+00
8.308173656998125267e+00
8.296597406467174807e+00
8.508998498935520516e+00
8.753790029287165098e+00
8.619820511532919838e+00
8.685246485730960586e+00
8.380713662486012794e+00
8.740924651850214389e+00
8.757314657881220654e+00
8.708935685073551980e+00
8.746819108495081707e+00
8.308173656998125267e+00
8.611689322137976887e+00
8.413004264593766379e+00
8.555815632910137580e+00
8.647108785426736333e+00
8.340723320182753753e+00
8.740924651850214389e+00
8.146144298364298209e+00
8.591254906844884687e+00
8.742655456307707240e+00
8.498046253105417946e+00
8.639726211826156188e+00
8.685877712289601149e+00
8.296597406467174807e+00
8.647108785426736333e+00
8.380713662486012794e+00
8.740924651850214389e+00
8.146144298364298209e+00
8.308173656998125267e+00
8.740311001458300311e+00
8.647108785426736333e+00
8.707981767491620673e+00
8.753790029287165098e+00
8.619820511532919838e+00
8.715717831862663800e+00
8.380713662486012794e+00
8.146144298364298209e+00
8.588609319224790539e+00
8.049187667058644635e+00
8.639726211826156188e+00
8.740311001458300311e+00
8.296597406467174807e+00
8.647108785426736333e+00
8.167545638513228567e+00
8.753790029287165098e+00
8.624636269549672107e+00
8.380713662486012794e+00
8.740924651850214389e+00
8.746819108495081707e+00
8.617349027321406396e+00
8.756196802892928233e+00
8.647108785426736333e+00
8.541366838182797849e+00
8.508998498935520516e+00
8.753790029287165098e+00
8.406045509350139611e+00
8.380713662486012794e+00
8.740924651850214389e+00
8.146144298364298209e+00
8.533756369534181374e+00
8.746819108495081707e+00
8.308173656998125267e+00
8.647108785426736333e+00
8.707981767491620673e+00
8.746996108469147657e+00
8.380713662486012794e+00
8.146144298364298209e+00
8.599233343977028099e+00
8.049187667058644635e+00
8.308173656998125267e+00
8.577448650404724262e+00
8.523895113421671610e+00
8.167545638513228567e+00
8.753790029287165098e+00
8.619820511532919838e+00
8.746819108495081707e+00
8.685877712289601149e+00
8.647108785426736333e+00
8.460205032140809323e+00
8.707981767491620673e+00
8.167545638513228567e+00
8.753790029287165098e+00
8.763667416011033495e+00
8.505381662852922631e+00
8.685246485730960586e+00
8.380713662486012794e+00
8.740924651850214389e+00
8.146144298364298209e+00
8.746819108495081707e+00
8.425584120580410286e+00
8.296597406467174807e+00
8.647108785426736333e+00
8.707981767491620673e+00
8.167545638513228567e+00
8.753790029287165098e+00
8.380713662486012794e+00
8.346017798084190531e+00
8.146144298364298209e+00
8.308173656998125267e+00
8.245749703978461298e+00
8.296597406467174807e+00
8.647108785426736333e+00
8.460205032140809323e+00
8.707981767491620673e+00
8.167545638513228567e+00
8.740924651850214389e+00
8.146144298364298209e+00
8.709366170944210950e+00
8.591254906844884687e+00
8.308173656998125267e+00
8.740311001458300311e+00
8.734982767416916261e+00
8.588048893941573780e+00
8.707981767491620673e+00
8.753790029287165098e+00
8.380713662486012794e+00
8.740924651850214389e+00
8.146144298364298209e+00
8.746819108495081707e+00
8.758896718138149851e+00
8.498147801401945145e+00
8.296597406467174807e+00
8.647108785426736333e+00
8.167545638513228567e+00
8.619820511532919838e+00
