8.247059261926088070e+00
7.959192053503604036e+00
8.280883154308241956e+00
8.284442080813258613e+00
8.239354265438747049e+00
8.190900243197678066e+00
8.120805316842792720e+00
8.281000893115230355e+00
8.256439248029742828e+00
8.128748569224796938e+00
8.096239395377839543e+00
8.287832996968161225e+00
8.067314442495419513e+00
8.193196612071652396e+00
8.286436029919723723e+00
8.228831303992613755e+00
8.299768626974541874e+00
8.033848221093220943e+00
8.154645480999029417e+00
8.092300121149923697e+00
8.099717617699178973e+00
8.150446386176492197e+00
8.292356474140936129e+00
8.096239395377839543e+00
8.271496728587965919e+00
8.210287456188689603e+00
8.094381726766879837e+00
8.133714069534130786e+00
8.299768626974541874e+00
8.102174702425593011e+00
8.121067059031863877e+00
8.221308275641666441e+00
8.219680661368206742e+00
8.172940791008040051e+00
8.268877004667272601e+00
8.271496728587965919e+00
8.297244838066125894e+00
8.094381726766879837e+00
8.109118677828687893e+00
8.289623828501383684e+00
8.301836826845887529e+00
8.011131877599485307e+00
8.096239395377839543e+00
8.172940791008040051e+00
8.309852091370371951e+00
8.251495933856183740e+00
8.013409825321092583e+00
8.273855969447554415e+00
8.282007958731830044e+00
8.283744248785293252e+00
8.246259257584188873e+00
8.131756191996471372e+00
8.120805316842792720e+00
8.251124076366794569e+00
8.051554134351887271e+00
8.177032063930656847e+00
8.090214927075180640e+00
8.266931758538317965e+00
8.145611984425279672e+00
8.269735884491296929e+00
8.259942524891382476e+00
8.033755942379274373e+00
8.248454631941736892e+00
8.094930767105237734e+00
8.251124076366794569e+00
8.104240009984078341e+00
8.280246561055859544e+00
8.159644765331353966e+00
8.212803458129592116e+00
8.299311231775755360e+00
8.259942524891382476e+00
8.121067059031863877e+00
8.256057309166010327e+00
8.181211183027796707e+00
8.296804072851633904e+00
8.266051842909899250e+00
8.239354265438747049e+00
8.120805316842792720e+00
8.172940791008040051e+00
8.240906134767852720e+00
8.310281403036784198e+00
8.274690495566812132e+00
8.266051842909899250e+00
8.011131877599485307e+00
8.176254200637956160e+00
8.067314442495419513e+00
8.124029953790989467e+00
8.104240009984078341e+00
8.095257434944748809e+00
8.303467565775639159e+00
8.121067059031863877e+00
8.240788394834918762e+00
8.168050388985431454e+00
8.065802917790614757e+00
8.181211183027796707e+00
8.120805316842792720e+00
8.045304935025491488e+00
8.240906134767852720e+00
8.088767349512307803e+00
8.187464145809133953e+00
8.121067059031863877e+00
8.262065119578586803e+00
8.248454631941736892e+00
8.295519023830443928e+00
7.973108032760841013e+00
8.172940791008040051e+00
8.051554134351887271e+00
8.067314442495419513e+00
8.109118677828687893e+00
8.289623828501383684e+00
8.121067059031863877e+00
7.974473525373367622e+00
8.209019909714486474e+00
8.104240009984078341e+00
8.145611984425279672e+00
8.174875289675888723e+00
8.303268177561159646e+00
8.241498528050898997e+00
8.251495933856183740e+00
8.247288574966210817e+00
8.307827940285418933e+00
8.168050388985431454e+00
8.262455336391832716e+00
8.097182129208665202e+00
8.293418321186244668e+00
8.265054383191854370e+00
8.172940791008040051e+00
8.253687675359623555e+00
8.240906134767852720e+00
8.269233561097811602e+00
8.099717617699178973e+00
8.171340153210010726e+00
8.216560338466329938e+00
8.238689462000250430e+00
8.097182129208665202e+00
8.246250505449348012e+00
8.195226215946052051e+00
8.067314442495419513e+00
8.294870025507599109e+00
8.269735884491296929e+00
8.168050388985431454e+00
8.219680661368206742e+00
8.096239395377839543e+00
8.302491450747947255e+00
8.067314442495419513e+00
8.109118677828687893e+00
8.228831303992613755e+00
8.248482303199445198e+00
8.240920690173298979e+00
8.013409825321092583e+00
8.175978717494968961e+00
8.094930767105237734e+00
8.246250505449348012e+00
8.120805316842792720e+00
8.051554134351887271e+00
8.268877004667272601e+00
8.145611984425279672e+00
8.072519574026044253e+00
8.269340109115615789e+00
8.251495933856183740e+00
8.280347406253039111e+00
8.248454631941736892e+00
8.094930767105237734e+00
8.209019909714486474e+00
8.172940791008040051e+00
8.067314442495419513e+00
8.281000893115230355e+00
8.109118677828687893e+00
8.286436029919723723e+00
8.297517403060219010e+00
8.282269802027649064e+00
8.248239560750654675e+00
8.181211183027796707e+00
7.974473525373367622e+00
8.293141402479362156e+00
8.271496728587965919e+00
8.064140795397404915e+00
8.094381726766879837e+00
8.266931758538317965e+00
8.278958547141897384e+00
8.259942524891382476e+00
8.256057309166010327e+00
8.307532260127093338e+00
8.284442080813258613e+00
8.253099231493392196e+00
8.124054280624310564e+00
8.097182129208665202e+00
8.067314442495419513e+00
8.253687675359623555e+00
8.090214927075180640e+00
8.175431848616501185e+00
8.280883154308241956e+00
8.150446386176492197e+00
7.974473525373367622e+00
8.209019909714486474e+00
8.011131877599485307e+00
8.246250505449348012e+00
8.195226215946052051e+00
8.045304935025491488e+00
8.268877004667272601e+00
8.121067059031863877e+00
8.307827940285418933e+00
8.133278050747341226e+00
8.288613211705305517e+00
8.210508400503314874e+00
8.210990574488823412e+00
8.281000893115230355e+00
8.303467565775639159e+00
8.266931758538317965e+00
8.286436029919723723e+00
8.259942524891382476e+00
8.150446386176492197e+00
8.094930767105237734e+00
8.216756127009265498e+00
8.236356240796126826e+00
8.281000893115230355e+00
8.095257434944748809e+00
8.307033804698152224e+00
8.088767349512307803e+00
8.102174702425593011e+00
8.079515735810764099e+00
8.181211183027796707e+00
7.974473525373367622e+00
8.293418321186244668e+00
8.236356240796126826e+00
8.051554134351887271e+00
8.252984338666147224e+00
8.104240009984078341e+00
8.210287456188689603e+00
8.228831303992613755e+00
8.250377683436314058e+00
8.230965374013665681e+00
8.304852161567730207e+00
8.150446386176492197e+00
8.287597703387502790e+00
8.095257434944748809e+00
8.128748569224796938e+00
8.013409825321092583e+00
8.154645480999029417e+00
8.239669977668746981e+00
8.121067059031863877e+00
8.267629992473478850e+00
8.182996166131728089e+00
8.096239395377839543e+00
8.255995229470544317e+00
8.303467565775639159e+00
8.090214927075180640e+00
8.088767349512307803e+00
8.072519574026044253e+00
8.303268177561159646e+00
8.267629992473478850e+00
8.238918512192920929e+00
8.295519023830443928e+00
8.246250505449348012e+00
8.096239395377839543e+00
8.174875289675888723e+00
8.133714069534130786e+00
8.251495933856183740e+00
8.255559817972937253e+00
8.227083693170808232e+00
8.168050388985431454e+00
8.181211183027796707e+00
8.246250505449348012e+00
8.258555238000520049e+00
8.104240009984078341e+00
8.255995229470544317e+00
8.090214927075180640e+00
8.175660988574154686e+00
8.102174702425593011e+00
8.125258297171907174e+00
8.267629992473478850e+00
8.266016652044328339e+00
8.262951465293616238e+00
8.271496728587965919e+00
8.090214927075180640e+00
8.192868079480295052e+00
8.072519574026044253e+00
8.172474569110249831e+00
8.227083693170808232e+00
8.187485455297318637e+00
8.256057309166010327e+00
8.284442080813258613e+00
8.248239560750654675e+00
8.289853110942733139e+00
8.219680661368206742e+00
8.131756191996471372e+00
8.216998730621014602e+00
8.258474929583570656e+00
8.292887126140152887e+00
8.178739896978104440e+00
8.216560338466329938e+00
8.161995738353320817e+00
8.094930767105237734e+00
8.216998730621014602e+00
8.302491450747947255e+00
8.262951465293616238e+00
8.303467565775639159e+00
8.240906134767852720e+00
8.286436029919723723e+00
7.931939263496620818e+00
8.305292868530427697e+00
8.033755942379274373e+00
8.267629992473478850e+00
8.065802917790614757e+00
8.248454631941736892e+00
8.240906134767852720e+00
8.128748569224796938e+00
8.240920690173298979e+00
8.033848221093220943e+00
8.041690841939292511e+00
8.216756127009265498e+00
8.097182129208665202e+00
8.302491450747947255e+00
8.104240009984078341e+00
8.289623828501383684e+00
8.278616009017754962e+00
8.240920690173298979e+00
8.235629365092288268e+00
8.282007958731830044e+00
8.117676548738092634e+00
8.033755942379274373e+00
8.256057309166010327e+00
8.168050388985431454e+00
8.307311157678903157e+00
8.096239395377839543e+00
8.051554134351887271e+00
8.271496728587965919e+00
8.294870025507599109e+00
8.278616009017754962e+00
8.072519574026044253e+00
8.259942524891382476e+00
8.121067059031863877e+00
8.094930767105237734e+00
7.974473525373367622e+00
8.096239395377839543e+00
8.120805316842792720e+00
8.310832998704750452e+00
8.240906134767852720e+00
8.235254365781566221e+00
8.228831303992613755e+00
8.216756127009265498e+00
8.181211183027796707e+00
8.291717597238513093e+00
8.210508400503314874e+00
8.287832996968161225e+00
8.262951465293616238e+00
8.094381726766879837e+00
8.050026933246151373e+00
8.278616009017754962e+00
8.269233561097811602e+00
8.259942524891382476e+00
8.033755942379274373e+00
8.168050388985431454e+00
8.288225171869186170e+00
8.288613211705305517e+00
8.239354265438747049e+00
8.096239395377839543e+00
8.172940791008040051e+00
8.262951465293616238e+00
8.303467565775639159e+00
8.246537182812080147e+00
8.094930767105237734e+00
8.289165936265739276e+00
8.298292555994333242e+00
8.216998730621014602e+00
8.271496728587965919e+00
8.094381726766879837e+00
8.090214927075180640e+00
8.256439248029742828e+00
8.278616009017754962e+00
8.310281403036784198e+00
8.181211183027796707e+00
7.974473525373367622e+00
8.096239395377839543e+00
8.045304935025491488e+00
8.262951465293616238e+00
8.208791047776946570e+00
8.128748569224796938e+00
8.013409825321092583e+00
8.207818594750607488e+00
8.094930767105237734e+00
8.253099231493392196e+00
8.246250505449348012e+00
8.172940791008040051e+00
8.258555238000520049e+00
8.303467565775639159e+00
8.050026933246151373e+00
8.240920690173298979e+00
8.251495933856183740e+00
8.013409825321092583e+00
7.959192053503604036e+00
8.221308275641666441e+00
8.296804072851633904e+00
7.973108032760841013e+00
8.307033804698152224e+00
8.050026933246151373e+00
8.072519574026044253e+00
8.165787568806166519e+00
8.235629365092288268e+00
8.235922801984331798e+00
8.304805295224362283e+00
8.065802917790614757e+00
8.269847175900114422e+00
7.974473525373367622e+00
8.248910441975299435e+00
8.104240009984078341e+00
8.095257434944748809e+00
8.090214927075180640e+00
8.275265238844253801e+00
8.228831303992613755e+00
8.259942524891382476e+00
8.066195599961949014e+00
8.150446386176492197e+00
8.221308275641666441e+00
8.216756127009265498e+00
8.181211183027796707e+00
7.974473525373367622e+00
8.266051842909899250e+00
8.051554134351887271e+00
8.095257434944748809e+00
8.259942524891382476e+00
8.140515644208377921e+00
8.094930767105237734e+00
8.216756127009265498e+00
8.306916294487319163e+00
8.246250505449348012e+00
8.120805316842792720e+00
8.310832998704750452e+00
8.064140795397404915e+00
8.289623828501383684e+00
8.065802917790614757e+00
8.262455336391832716e+00
8.181211183027796707e+00
8.210508400503314874e+00
8.271496728587965919e+00
8.240405484675061842e+00
8.094381726766879837e+00
8.303467565775639159e+00
8.090214927075180640e+00
8.050026933246151373e+00
8.099717617699178973e+00
8.168050388985431454e+00
8.269847175900114422e+00
8.288613211705305517e+00
8.209019909714486474e+00
8.195226215946052051e+00
8.174875289675888723e+00
8.102174702425593011e+00
8.255559817972937253e+00
8.013409825321092583e+00
8.303467565775639159e+00
8.090214927075180640e+00
8.286436029919723723e+00
8.102473711739794027e+00
8.269233561097811602e+00
8.227083693170808232e+00
8.294395474804236557e+00
8.307152300386539068e+00
8.154645480999029417e+00
8.072948045811237705e+00
8.121067059031863877e+00
8.311930891167456537e+00
8.239354265438747049e+00
8.268450092552214414e+00
8.154180326874406859e+00
8.266931758538317965e+00
8.088767349512307803e+00
8.210360081193304183e+00
8.303268177561159646e+00
8.305242508906559351e+00
8.310281403036784198e+00
8.196855398978232898e+00
8.248454631941736892e+00
8.197914243536963852e+00
8.219680661368206742e+00
8.172940791008040051e+00
8.303467565775639159e+00
7.953878741409710074e+00
8.174875289675888723e+00
8.102174702425593011e+00
8.277379293957055850e+00
8.256057309166010327e+00
8.168050388985431454e+00
8.248454631941736892e+00
8.221308275641666441e+00
8.011131877599485307e+00
8.216998730621014602e+00
8.195226215946052051e+00
8.067314442495419513e+00
8.104240009984078341e+00
8.259942524891382476e+00
8.066195599961949014e+00
8.140515644208377921e+00
8.284442080813258613e+00
8.216998730621014602e+00
8.266016652044328339e+00
8.268877004667272601e+00
8.266931758538317965e+00
8.088767349512307803e+00
8.172474569110249831e+00
8.121067059031863877e+00
8.033755942379274373e+00
8.168050388985431454e+00
8.284442080813258613e+00
8.248239560750654675e+00
8.246250505449348012e+00
7.973108032760841013e+00
8.281000893115230355e+00
8.104240009984078341e+00
8.109118677828687893e+00
8.065802917790614757e+00
8.248454631941736892e+00
8.209019909714486474e+00
7.973108032760841013e+00
8.285181054600998962e+00
7.931939263496620818e+00
8.305242508906559351e+00
8.125258297171907174e+00
8.013409825321092583e+00
8.273855969447554415e+00
8.171225949147977730e+00
8.011131877599485307e+00
8.246250505449348012e+00
8.266016652044328339e+00
8.268877004667272601e+00
8.104240009984078341e+00
8.090214927075180640e+00
8.207818594750607488e+00
8.292380656392893457e+00
8.295124615454602335e+00
8.307532260127093338e+00
8.221308275641666441e+00
8.097182129208665202e+00
8.209019909714486474e+00
8.293418321186244668e+00
8.095257434944748809e+00
8.278616009017754962e+00
8.241498528050898997e+00
8.033848221093220943e+00
8.041690841939292511e+00
8.121067059031863877e+00
7.959192053503604036e+00
8.094930767105237734e+00
8.273034808521090966e+00
8.262951465293616238e+00
8.310832998704750452e+00
8.256439248029742828e+00
8.145611984425279672e+00
8.125258297171907174e+00
8.227083693170808232e+00
8.150446386176492197e+00
8.120805316842792720e+00
8.268877004667272601e+00
8.240906134767852720e+00
8.072519574026044253e+00
8.175660988574154686e+00
8.241498528050898997e+00
8.102174702425593011e+00
8.282007958731830044e+00
8.199420357086321332e+00
8.150446386176492197e+00
8.225442081829466900e+00
8.128748569224796938e+00
8.154645480999029417e+00
8.211837037187194710e+00
8.192289594462151214e+00
8.296770602233763725e+00
8.076372028844595263e+00
8.287203743701290648e+00
8.107712241961037236e+00
8.277379293957055850e+00
8.066195599961949014e+00
8.267629992473478850e+00
8.268966717842612724e+00
8.301753392900650397e+00
8.280606949184299737e+00
7.973108032760841013e+00
8.094381726766879837e+00
8.090214927075180640e+00
8.280246561055859544e+00
8.033755942379274373e+00
8.307532260127093338e+00
8.262065119578586803e+00
8.221308275641666441e+00
8.288613211705305517e+00
8.216998730621014602e+00
8.268877004667272601e+00
8.266931758538317965e+00
8.128748569224796938e+00
8.243024982254858912e+00
8.259942524891382476e+00
8.066195599961949014e+00
8.293418321186244668e+00
8.292660006201476364e+00
8.292643969336879195e+00
8.109118677828687893e+00
8.266931758538317965e+00
8.255559817972937253e+00
8.243024982254858912e+00
8.287051360541843437e+00
8.212241505817431175e+00
8.256057309166010327e+00
7.959192053503604036e+00
8.181211183027796707e+00
8.097182129208665202e+00
8.219680661368206742e+00
8.246250505449348012e+00
8.045304935025491488e+00
8.306078419676584446e+00
8.249362657486816630e+00
8.033755942379274373e+00
8.168050388985431454e+00
8.150446386176492197e+00
8.195226215946052051e+00
8.262951465293616238e+00
8.104240009984078341e+00
8.094381726766879837e+00
8.303467565775639159e+00
8.145611984425279672e+00
8.243094277231914901e+00
8.307827940285418933e+00
7.959192053503604036e+00
8.238689462000250430e+00
8.216756127009265498e+00
8.293418321186244668e+00
8.228645534020241570e+00
8.096239395377839543e+00
7.973108032760841013e+00
8.231740258263467780e+00
8.280246561055859544e+00
8.099717617699178973e+00
7.959192053503604036e+00
8.150446386176492197e+00
8.197914243536963852e+00
8.266051842909899250e+00
8.219680661368206742e+00
8.138608345564737334e+00
8.096239395377839543e+00
8.172940791008040051e+00
8.051554134351887271e+00
8.196855398978232898e+00
8.269847175900114422e+00
8.288613211705305517e+00
7.973108032760841013e+00
8.088767349512307803e+00
8.013409825321092583e+00
8.072948045811237705e+00
8.221377004820874745e+00
8.289783342454901671e+00
8.170825378845393061e+00
8.248454631941736892e+00
8.262202999172110651e+00
8.195226215946052051e+00
8.306078419676584446e+00
8.251495933856183740e+00
8.013409825321092583e+00
8.187485455297318637e+00
8.251000993447600962e+00
8.223777529313277768e+00
7.962935168536663610e+00
8.238689462000250430e+00
8.171225949147977730e+00
8.209019909714486474e+00
8.138608345564737334e+00
8.096239395377839543e+00
8.067314442495419513e+00
8.271496728587965919e+00
8.095257434944748809e+00
8.266931758538317965e+00
8.303268177561159646e+00
8.140515644208377921e+00
8.209019909714486474e+00
8.273034808521090966e+00
8.271496728587965919e+00
8.095257434944748809e+00
8.109118677828687893e+00
8.303467565775639159e+00
8.174875289675888723e+00
8.241498528050898997e+00
8.217023262930759131e+00
8.132028803651511595e+00
8.066195599961949014e+00
7.959192053503604036e+00
7.974473525373367622e+00
8.275723235622630014e+00
8.280246561055859544e+00
8.243024982254858912e+00
8.033848221093220943e+00
8.041690841939292511e+00
8.223777529313277768e+00
8.121067059031863877e+00
8.033755942379274373e+00
8.307532260127093338e+00
8.221308275641666441e+00
8.197914243536963852e+00
7.973108032760841013e+00
8.172940791008040051e+00
8.067314442495419513e+00
8.228831303992613755e+00
8.240920690173298979e+00
8.259942524891382476e+00
8.250377683436314058e+00
8.267629992473478850e+00
8.065802917790614757e+00
8.221308275641666441e+00
8.219680661368206742e+00
8.246250505449348012e+00
8.045304935025491488e+00
8.268877004667272601e+00
8.090214927075180640e+00
8.270782574160103096e+00
8.238689462000250430e+00
8.242080677699695102e+00
8.209019909714486474e+00
8.246250505449348012e+00
8.281000893115230355e+00
8.095257434944748809e+00
8.177032063930656847e+00
8.278616009017754962e+00
8.224329307752062945e+00
8.099717617699178973e+00
8.262065119578586803e+00
8.150446386176492197e+00
8.284442080813258613e+00
8.269847175900114422e+00
8.216756127009265498e+00
8.176254200637956160e+00
8.051554134351887271e+00
8.271496728587965919e+00
8.095257434944748809e+00
8.121067059031863877e+00
8.248454631941736892e+00
8.221308275641666441e+00
8.305184091486074394e+00
8.181211183027796707e+00
8.210508400503314874e+00
8.172940791008040051e+00
8.271496728587965919e+00
8.088767349512307803e+00
8.280246561055859544e+00
8.132028803651511595e+00
8.248239560750654675e+00
8.181211183027796707e+00
8.311930891167456537e+00
8.302491450747947255e+00
8.045304935025491488e+00
8.051554134351887271e+00
8.260975156189301671e+00
8.276348401462785276e+00
8.109118677828687893e+00
8.188602630213363653e+00
8.248454631941736892e+00
8.097182129208665202e+00
7.973108032760841013e+00
8.303467565775639159e+00
8.275265238844253801e+00
8.294395474804236557e+00
8.158170028135822704e+00
8.117676548738092634e+00
8.255506959379104615e+00
7.959192053503604036e+00
8.248691868666981009e+00
8.293418321186244668e+00
8.246250505449348012e+00
8.240906134767852720e+00
8.256439248029742828e+00
8.174875289675888723e+00
8.172474569110249831e+00
8.102174702425593011e+00
8.125258297171907174e+00
8.099717617699178973e+00
8.256057309166010327e+00
7.959192053503604036e+00
8.094930767105237734e+00
8.253099231493392196e+00
7.974473525373367622e+00
8.011131877599485307e+00
8.291717597238513093e+00
7.973108032760841013e+00
8.303467565775639159e+00
8.033755942379274373e+00
8.307827940285418933e+00
8.247059261926088070e+00
8.248454631941736892e+00
8.238689462000250430e+00
8.216756127009265498e+00
8.293418321186244668e+00
8.302491450747947255e+00
8.262951465293616238e+00
8.067314442495419513e+00
8.303732613489803072e+00
8.150446386176492197e+00
8.310832998704750452e+00
8.289623828501383684e+00
8.256439248029742828e+00
8.088767349512307803e+00
8.228831303992613755e+00
8.224329307752062945e+00
8.233526112910737993e+00
8.117676548738092634e+00
8.259942524891382476e+00
8.132028803651511595e+00
8.240788394834918762e+00
7.959192053503604036e+00
8.150446386176492197e+00
8.266051842909899250e+00
8.251124076366794569e+00
8.067314442495419513e+00
8.109118677828687893e+00
8.289623828501383684e+00
8.259942524891382476e+00
8.305292868530427697e+00
8.262065119578586803e+00
8.262455336391832716e+00
8.284442080813258613e+00
8.097182129208665202e+00
8.219680661368206742e+00
8.194841190190102154e+00
8.104240009984078341e+00
8.109118677828687893e+00
8.310281403036784198e+00
8.121067059031863877e+00
8.304852161567730207e+00
8.065802917790614757e+00
8.209019909714486474e+00
8.045304935025491488e+00
8.271496728587965919e+00
8.050026933246151373e+00
8.088767349512307803e+00
8.294870025507599109e+00
8.121067059031863877e+00
8.247059261926088070e+00
8.259700080672748967e+00
8.216756127009265498e+00
8.104240009984078341e+00
8.249362657486816630e+00
8.090214927075180640e+00
8.187464145809133953e+00
8.228831303992613755e+00
8.240920690173298979e+00
8.066195599961949014e+00
8.307532260127093338e+00
8.248454631941736892e+00
8.283950254279073278e+00
8.236356240796126826e+00
8.307708301728341738e+00
8.303268177561159646e+00
8.175660988574154686e+00
8.269233561097811602e+00
8.255559817972937253e+00
8.099717617699178973e+00
8.168050388985431454e+00
8.065802917790614757e+00
8.181211183027796707e+00
8.311930891167456537e+00
8.104240009984078341e+00
8.303467565775639159e+00
8.266931758538317965e+00
8.145611984425279672e+00
8.240920690173298979e+00
8.066195599961949014e+00
8.304852161567730207e+00
8.262065119578586803e+00
8.248454631941736892e+00
8.094930767105237734e+00
7.974473525373367622e+00
8.096239395377839543e+00
8.172940791008040051e+00
8.262951465293616238e+00
8.281000893115230355e+00
8.121067059031863877e+00
8.256057309166010327e+00
8.094930767105237734e+00
7.974473525373367622e+00
8.262951465293616238e+00
8.090214927075180640e+00
8.050026933246151373e+00
8.088767349512307803e+00
8.280142243426114490e+00
8.269233561097811602e+00
8.259942524891382476e+00
8.171220714866608503e+00
8.150446386176492197e+00
8.238689462000250430e+00
8.216756127009265498e+00
8.289853110942733139e+00
8.209019909714486474e+00
8.302224530041980799e+00
8.096239395377839543e+00
8.120805316842792720e+00
8.099717617699178973e+00
8.168050388985431454e+00
8.216756127009265498e+00
8.288613211705305517e+00
8.311930891167456537e+00
8.138608345564737334e+00
8.228645534020241570e+00
8.067314442495419513e+00
8.104240009984078341e+00
8.090214927075180640e+00
8.267629992473478850e+00
8.181211183027796707e+00
8.011131877599485307e+00
8.096239395377839543e+00
7.973108032760841013e+00
8.297520834623357544e+00
8.280246561055859544e+00
8.303268177561159646e+00
8.273855969447554415e+00
8.154645480999029417e+00
8.099717617699178973e+00
8.188602630213363653e+00
8.150446386176492197e+00
8.295519023830443928e+00
8.246250505449348012e+00
8.051554134351887271e+00
8.109118677828687893e+00
8.240920690173298979e+00
8.255559817972937253e+00
8.290605448290873980e+00
8.099717617699178973e+00
8.188602630213363653e+00
8.221308275641666441e+00
8.248239560750654675e+00
8.236356240796126826e+00
8.051554134351887271e+00
8.295808938939796207e+00
8.286436029919723723e+00
7.931939263496620818e+00
8.241498528050898997e+00
8.065802917790614757e+00
8.181211183027796707e+00
8.011131877599485307e+00
8.198546565964258903e+00
8.064140795397404915e+00
8.241498528050898997e+00
8.187485455297318637e+00
8.239669977668746981e+00
8.277962951781461243e+00
8.235922801984331798e+00
8.277379293957055850e+00
8.307532260127093338e+00
8.248454631941736892e+00
8.269847175900114422e+00
8.239354265438747049e+00
7.973108032760841013e+00
8.262951465293616238e+00
8.306078419676584446e+00
8.266931758538317965e+00
8.088767349512307803e+00
8.099717617699178973e+00
8.221308275641666441e+00
8.209019909714486474e+00
8.218282633183074282e+00
8.246250505449348012e+00
8.210990574488823412e+00
8.281000893115230355e+00
8.271496728587965919e+00
8.286436029919723723e+00
8.228763936105789156e+00
8.307532260127093338e+00
8.262065119578586803e+00
8.262455336391832716e+00
8.096239395377839543e+00
8.262951465293616238e+00
8.300449250413450386e+00
8.240906134767852720e+00
8.050026933246151373e+00
8.286436029919723723e+00
8.228831303992613755e+00
8.171340153210010726e+00
8.289853110942733139e+00
8.219680661368206742e+00
8.210508400503314874e+00
8.045304935025491488e+00
8.303467565775639159e+00
8.231740258263467780e+00
8.228831303992613755e+00
8.096231742875062309e+00
8.175660988574154686e+00
8.307827940285418933e+00
8.188602630213363653e+00
8.262065119578586803e+00
8.150446386176492197e+00
8.288613211705305517e+00
8.177039641875857967e+00
8.219680661368206742e+00
8.240422020613738852e+00
8.262951465293616238e+00
8.268877004667272601e+00
8.221308275641666441e+00
8.172940791008040051e+00
8.271496728587965919e+00
8.307033804698152224e+00
8.240906134767852720e+00
8.088767349512307803e+00
8.145611984425279672e+00
8.175660988574154686e+00
8.154645480999029417e+00
8.072948045811237705e+00
