3.746211855727100241e-08
1.524057703009285528e-07
3.459112607997096841e-06
7.087340386025944091e-05
1.437554961369303157e-08
2.495414284421539080e-06
1.295683680038467732e-05
1.341712479993906827e-07
1.432157764457740333e-06
1.392785013951709949e-07
4.999417023524223996e-07
1.524057703009285528e-07
1.437554961369303157e-08
4.340392526189322791e-04
6.910895283654721255e-04
1.295683680038467732e-05
1.432157764457740333e-06
1.392785013951709949e-07
7.441595022173747714e-04
6.886240670096080180e-07
3.746211855727100241e-08
1.588939315306510455e-06
1.437554961369303157e-08
2.495414284421539080e-06
1.177311673598640060e-04
3.595483292019823699e-03
5.142111994280793838e-05
1.392785013951709949e-07
7.895127907888227427e-05
2.210120055241121192e-02
3.746211855727100241e-08
1.288546385264247139e-05
3.020071363796066879e-04
1.588939315306510455e-06
1.991173595707291193e-05
1.074365862702920410e-05
1.437554961369303157e-08
1.350843039176763676e-04
1.911251734750606820e-05
1.392785013951709949e-07
3.746211855727100241e-08
1.209133492884611853e-03
1.437554961369303157e-08
1.295683680038467732e-05
3.595483292019823699e-03
1.432157764457740333e-06
1.392785013951709949e-07
1.287082370592804613e-06
2.267371061325398711e-04
7.248295522118748278e-06
3.746211855727100241e-08
8.113502499838425724e-03
1.384821737461198253e-06
2.728815299735505859e-07
1.437554961369303157e-08
1.295683680038467732e-05
1.392785013951709949e-07
7.895127907888227427e-05
1.287082370592804613e-06
7.248295522118748278e-06
3.746211855727100241e-08
6.265177234352921109e-07
3.382643650949435597e-06
3.020071363796066879e-04
1.524057703009285528e-07
1.053806352646057551e-03
1.437554961369303157e-08
3.330195177085596065e-05
1.295683680038467732e-05
1.432157764457740333e-06
3.673800950272406047e-07
5.962173800202449740e-03
6.265177234352921109e-07
5.161490439634285576e-07
1.044028865298035277e-03
1.432157764457740333e-06
1.392785013951709949e-07
7.895127907888227427e-05
1.717644853529063477e-05
2.551355336260159498e-05
1.384197683768966559e-05
1.195165234166440383e-06
5.760162718333638326e-03
2.728815299735505859e-07
2.357498038777929204e-06
1.295683680038467732e-05
1.044028865298035277e-03
1.392785013951709949e-07
7.895127907888227427e-05
1.287082370592804613e-06
3.746211855727100241e-08
8.113502499838425724e-03
3.382643650949435597e-06
1.524057703009285528e-07
3.014749704872611653e-06
1.137343470876954477e-03
1.437554961369303157e-08
2.495414284421539080e-06
1.295683680038467732e-05
1.392785013951709949e-07
7.400916186224559236e-06
5.161490439634285576e-07
4.082689901284018903e-04
1.404475443096438243e-05
7.895127907888227427e-05
1.287082370592804613e-06
8.301374002113894165e-04
6.586100499180256977e-05
3.155813727965692001e-03
1.481844220866555675e-08
3.746211855727100241e-08
5.460342971943750525e-07
1.053806352646057551e-03
1.498754011428208548e-07
2.495414284421539080e-06
5.069684042544287186e-03
1.341712479993906827e-07
1.432157764457740333e-06
1.392785013951709949e-07
7.895127907888227427e-05
1.524057703009285528e-07
1.437554961369303157e-08
2.495414284421539080e-06
1.729123524390348526e-04
1.432157764457740333e-06
1.845038407271125478e-03
1.265541953642558379e-06
1.869997089378041405e-02
3.085505621036552801e-04
7.248295522118748278e-06
1.494599038499930658e-06
1.991173595707291193e-05
2.728815299735505859e-07
1.053806352646057551e-03
1.437554961369303157e-08
2.495414284421539080e-06
1.295683680038467732e-05
1.392785013951709949e-07
7.895127907888227427e-05
6.886240670096080180e-07
1.195165234166440383e-06
1.524057703009285528e-07
3.459112607997096841e-06
2.945133379192896121e-07
1.409768317046557894e-07
1.295683680038467732e-05
5.142111994280793838e-05
1.392785013951709949e-07
7.895127907888227427e-05
1.287082370592804613e-06
3.746211855727100241e-08
3.519432788330241270e-06
7.400916186224559236e-06
3.253734317083692939e-06
1.074365862702920410e-05
1.437554961369303157e-08
1.350843039176763676e-04
1.493127047075949073e-05
1.392785013951709949e-07
7.441595022173747714e-04
3.746211855727100241e-08
3.519432788330241270e-06
1.494599038499930658e-06
1.437554961369303157e-08
2.495414284421539080e-06
1.295683680038467732e-05
7.024563651679433939e-07
1.432157764457740333e-06
1.265541953642558379e-06
8.231236328810839515e-04
3.746211855727100241e-08
6.265177234352921109e-07
1.101191765401552097e-03
1.588939315306510455e-06
1.354975114961548293e-07
1.295683680038467732e-05
1.432157764457740333e-06
1.392785013951709949e-07
7.895127907888227427e-05
2.363959992041342442e-05
4.999417023524223996e-07
8.113502499838425724e-03
3.382643650949435597e-06
1.524057703009285528e-07
1.037287853079130656e-04
1.437554961369303157e-08
4.082689901284018903e-04
2.495414284421539080e-06
1.350843039176763676e-04
1.432157764457740333e-06
3.673800950272406047e-07
4.115974925100973581e-06
4.789348261729896423e-06
1.524057703009285528e-07
1.313530663096600343e-04
1.448648013027158825e-06
2.495414284421539080e-06
4.652106602545548323e-04
1.044028865298035277e-03
1.911251734750606820e-05
3.746211855727100241e-08
4.115974925100973581e-06
8.092062204710140892e-04
1.524057703009285528e-07
1.053806352646057551e-03
1.437554961369303157e-08
3.330195177085596065e-05
1.270639279970592556e-04
1.432157764457740333e-06
1.392785013951709949e-07
3.746211855727100241e-08
3.519432788330241270e-06
1.524057703009285528e-07
1.662173346706121421e-06
1.354975114961548293e-07
2.495414284421539080e-06
1.270639279970592556e-04
1.432157764457740333e-06
1.392785013951709949e-07
7.895127907888227427e-05
1.345064167825575674e-06
1.524057703009285528e-07
2.945133379192896121e-07
2.357498038777929204e-06
1.295683680038467732e-05
1.432157764457740333e-06
1.845038407271125478e-03
1.392785013951709949e-07
7.441595022173747714e-04
1.287082370592804613e-06
1.345064167825575674e-06
1.524057703009285528e-07
7.400916186224559236e-06
1.409768317046557894e-07
2.495414284421539080e-06
1.295683680038467732e-05
1.432157764457740333e-06
1.392785013951709949e-07
7.895127907888227427e-05
1.287082370592804613e-06
3.746211855727100241e-08
6.265177234352921109e-07
4.789348261729896423e-06
1.524057703009285528e-07
1.209133492884611853e-03
1.437554961369303157e-08
1.270639279970592556e-04
1.889918128058811202e-06
1.432157764457740333e-06
1.392785013951709949e-07
1.124204551190964491e-06
8.113502499838425724e-03
1.157621560982810688e-01
1.524057703009285528e-07
3.131032534128624527e-07
1.409768317046557894e-07
1.295683680038467732e-05
1.432157764457740333e-06
1.845038407271125478e-03
1.392785013951709949e-07
3.746211855727100241e-08
1.524057703009285528e-07
1.448648013027158825e-06
3.459112607997096841e-06
2.728815299735505859e-07
1.437554961369303157e-08
2.495414284421539080e-06
1.295683680038467732e-05
1.341712479993906827e-07
1.049981012243885597e-01
5.460342971943750525e-07
2.222165697987102048e-02
3.020071363796066879e-04
1.524057703009285528e-07
2.728815299735505859e-07
1.209133492884611853e-03
1.437554961369303157e-08
4.340392526189322791e-04
2.495414284421539080e-06
1.295683680038467732e-05
4.999417023524223996e-07
1.195165234166440383e-06
8.113502499838425724e-03
5.893194145485412142e-07
3.382643650949435597e-06
8.602839589589400234e-04
3.014749704872611653e-06
1.053806352646057551e-03
1.918454434213470640e-07
1.295683680038467732e-05
3.746211855727100241e-08
2.495414284421539080e-06
1.295683680038467732e-05
1.889918128058811202e-06
1.392785013951709949e-07
8.231236328810839515e-04
1.287082370592804613e-06
7.248295522118748278e-06
3.490682915046364361e-03
2.179564852791899561e-07
3.746211855727100241e-08
1.529850813155976183e-06
3.382643650949435597e-06
1.524057703009285528e-07
1.053806352646057551e-03
2.495414284421539080e-06
1.295683680038467732e-05
1.432157764457740333e-06
1.392785013951709949e-07
7.173839104177225871e-04
4.999417023524223996e-07
2.182890812417714529e-02
6.265177234352921109e-07
1.524057703009285528e-07
3.131032534128624527e-07
1.137343470876954477e-03
1.437554961369303157e-08
2.495414284421539080e-06
1.177311673598640060e-04
1.392785013951709949e-07
4.999417023524223996e-07
6.265177234352921109e-07
3.020071363796066879e-04
1.524057703009285528e-07
2.945133379192896121e-07
1.437554961369303157e-08
4.082689901284018903e-04
2.495414284421539080e-06
1.295683680038467732e-05
3.595483292019823699e-03
3.746211855727100241e-08
8.113502499838425724e-03
1.524057703009285528e-07
3.459112607997096841e-06
3.131032534128624527e-07
1.137343470876954477e-03
1.437554961369303157e-08
2.495414284421539080e-06
1.295683680038467732e-05
1.493127047075949073e-05
3.673800950272406047e-07
5.893194145485412142e-07
8.602839589589400234e-04
1.524057703009285528e-07
1.448648013027158825e-06
1.437554961369303157e-08
3.330195177085596065e-05
1.295683680038467732e-05
1.392785013951709949e-07
7.895127907888227427e-05
3.746211855727100241e-08
1.124204551190964491e-06
8.113502499838425724e-03
3.519432788330241270e-06
1.524057703009285528e-07
1.448648013027158825e-06
3.459112607997096841e-06
2.945133379192896121e-07
1.354975114961548293e-07
2.495414284421539080e-06
3.673800950272406047e-07
3.382643650949435597e-06
1.494599038499930658e-06
1.437554961369303157e-08
1.295683680038467732e-05
7.024563651679433939e-07
1.432157764457740333e-06
1.365863732441906473e-06
8.231236328810839515e-04
1.287082370592804613e-06
3.746211855727100241e-08
1.195165234166440383e-06
5.962173800202449740e-03
1.524057703009285528e-07
1.991173595707291193e-05
2.945133379192896121e-07
1.918454434213470640e-07
4.340392526189322791e-04
2.495414284421539080e-06
1.295683680038467732e-05
3.746211855727100241e-08
1.384821737461198253e-06
2.945133379192896121e-07
1.053806352646057551e-03
1.498754011428208548e-07
2.495414284421539080e-06
1.295683680038467732e-05
1.911251734750606820e-05
1.392785013951709949e-07
7.895127907888227427e-05
3.673800950272406047e-07
3.156252050062853727e-04
5.962173800202449740e-03
1.563484937326473428e-06
1.053806352646057551e-03
1.437554961369303157e-08
2.495414284421539080e-06
1.295683680038467732e-05
1.392785013951709949e-07
7.895127907888227427e-05
3.746211855727100241e-08
1.195165234166440383e-06
1.588939315306510455e-06
3.131032534128624527e-07
1.437554961369303157e-08
2.495414284421539080e-06
1.350843039176763676e-04
1.432157764457740333e-06
1.845038407271125478e-03
7.895127907888227427e-05
3.746211855727100241e-08
8.092062204710140892e-04
1.524057703009285528e-07
1.053806352646057551e-03
1.437554961369303157e-08
2.495414284421539080e-06
1.295683680038467732e-05
1.044028865298035277e-03
3.966272214448799934e-04
1.392785013951709949e-07
3.746211855727100241e-08
1.437554961369303157e-08
1.295683680038467732e-05
1.432157764457740333e-06
1.392785013951709949e-07
7.895127907888227427e-05
6.886240670096080180e-07
7.248295522118748278e-06
3.348146863880501942e-04
2.179564852791899561e-07
3.746211855727100241e-08
1.124204551190964491e-06
8.602839589589400234e-04
1.524057703009285528e-07
3.131032534128624527e-07
1.437554961369303157e-08
1.295683680038467732e-05
1.493127047075949073e-05
7.895127907888227427e-05
1.287082370592804613e-06
3.746211855727100241e-08
1.524057703009285528e-07
1.563484937326473428e-06
1.209133492884611853e-03
1.437554961369303157e-08
1.295683680038467732e-05
1.404475443096438243e-05
1.392785013951709949e-07
7.895127907888227427e-05
1.287082370592804613e-06
3.746211855727100241e-08
1.124204551190964491e-06
6.338510939590085748e-03
5.893194145485412142e-07
1.524057703009285528e-07
3.131032534128624527e-07
1.437554961369303157e-08
1.295683680038467732e-05
7.742522187093447018e-04
8.814614571751326357e-07
3.746211855727100241e-08
3.382643650949435597e-06
1.588939315306510455e-06
1.448648013027158825e-06
3.253734317083692939e-06
1.437554961369303157e-08
1.426402435959941598e-07
1.911251734750606820e-05
1.392785013951709949e-07
1.287082370592804613e-06
3.746211855727100241e-08
6.338510939590085748e-03
1.524057703009285528e-07
1.448648013027158825e-06
2.357498038777929204e-06
4.340392526189322791e-04
3.330195177085596065e-05
1.295683680038467732e-05
1.432157764457740333e-06
7.173839104177225871e-04
3.020071363796066879e-04
8.092062204710140892e-04
1.524057703009285528e-07
1.010488977397503216e-04
5.161490439634285576e-07
2.495414284421539080e-06
1.432157764457740333e-06
1.265541953642558379e-06
7.895127907888227427e-05
8.125912395994163567e-04
3.673800950272406047e-07
1.437554961369303157e-08
4.082689901284018903e-04
2.495414284421539080e-06
1.295683680038467732e-05
1.911251734750606820e-05
1.265541953642558379e-06
7.895127907888227427e-05
6.886240670096080180e-07
2.078898342883070752e-02
3.746211855727100241e-08
6.338510939590085748e-03
3.020071363796066879e-04
1.524057703009285528e-07
1.991173595707291193e-05
3.014749704872611653e-06
1.437554961369303157e-08
2.495414284421539080e-06
1.295683680038467732e-05
1.911251734750606820e-05
3.746211855727100241e-08
2.962692607111368399e-03
1.524057703009285528e-07
1.437554961369303157e-08
2.495414284421539080e-06
1.295683680038467732e-05
1.426402435959941598e-07
1.432157764457740333e-06
1.392785013951709949e-07
2.834717858539005132e-03
3.673800950272406047e-07
1.195165234166440383e-06
3.020071363796066879e-04
1.524057703009285528e-07
2.728815299735505859e-07
1.053806352646057551e-03
1.437554961369303157e-08
1.295683680038467732e-05
7.024563651679433939e-07
1.432157764457740333e-06
3.746211855727100241e-08
1.124204551190964491e-06
1.524057703009285528e-07
1.437554961369303157e-08
1.295683680038467732e-05
1.432157764457740333e-06
7.895127907888227427e-05
7.108192489516474766e-05
3.155813727965692001e-03
2.179564852791899561e-07
3.746211855727100241e-08
8.113502499838425724e-03
3.519432788330241270e-06
1.101191765401552097e-03
1.524057703009285528e-07
1.437554961369303157e-08
2.495414284421539080e-06
1.295683680038467732e-05
1.432157764457740333e-06
1.452078134618937904e-06
4.999417023524223996e-07
8.113502499838425724e-03
5.460342971943750525e-07
3.131032534128624527e-07
1.409768317046557894e-07
1.295683680038467732e-05
1.432157764457740333e-06
1.392785013951709949e-07
7.895127907888227427e-05
2.411853063399191797e-05
4.999417023524223996e-07
1.195165234166440383e-06
1.524057703009285528e-07
1.074365862702920410e-05
1.437554961369303157e-08
4.652106602545548323e-04
1.432157764457740333e-06
1.452078134618937904e-06
7.742522187093447018e-04
2.210120055241121192e-02
3.746211855727100241e-08
2.182890812417714529e-02
8.092062204710140892e-04
3.385500790129691438e-04
2.945133379192896121e-07
1.437554961369303157e-08
2.495414284421539080e-06
1.295683680038467732e-05
1.432157764457740333e-06
1.265541953642558379e-06
3.746211855727100241e-08
8.092062204710140892e-04
1.524057703009285528e-07
1.037287853079130656e-04
1.437554961369303157e-08
2.495414284421539080e-06
4.787455749639060384e-03
1.392785013951709949e-07
7.441595022173747714e-04
2.829026369764741852e-02
3.746211855727100241e-08
6.338510939590085748e-03
1.588939315306510455e-06
2.728815299735505859e-07
1.437554961369303157e-08
4.082689901284018903e-04
2.495414284421539080e-06
1.295683680038467732e-05
1.911251734750606820e-05
1.365863732441906473e-06
3.746211855727100241e-08
4.115974925100973581e-06
3.519432788330241270e-06
3.020071363796066879e-04
1.524057703009285528e-07
3.014749704872611653e-06
2.728815299735505859e-07
1.437554961369303157e-08
2.495414284421539080e-06
1.295683680038467732e-05
3.746211855727100241e-08
1.137161586112081652e-01
1.524057703009285528e-07
1.563484937326473428e-06
1.437554961369303157e-08
2.495414284421539080e-06
1.295683680038467732e-05
1.243164594554724429e-07
1.432157764457740333e-06
7.895127907888227427e-05
3.746211855727100241e-08
1.664252109817165672e-05
4.023329782954902675e-05
1.524057703009285528e-07
1.498754011428208548e-07
2.495414284421539080e-06
1.295683680038467732e-05
1.432157764457740333e-06
1.392785013951709949e-07
7.895127907888227427e-05
3.746211855727100241e-08
1.494599038499930658e-06
1.437554961369303157e-08
1.295683680038467732e-05
1.432157764457740333e-06
7.742522187093447018e-04
1.287082370592804613e-06
2.036977478407760113e-05
7.248295522118748278e-06
3.490682915046364361e-03
8.092062204710140892e-04
1.494599038499930658e-06
1.662173346706121421e-06
3.253734317083692939e-06
2.728815299735505859e-07
5.161490439634285576e-07
2.495414284421539080e-06
1.295683680038467732e-05
1.493127047075949073e-05
7.895127907888227427e-05
3.746211855727100241e-08
8.803723946954268749e-04
2.222165697987102048e-02
1.524057703009285528e-07
3.459112607997096841e-06
1.137343470876954477e-03
3.404914556096912928e-06
4.340392526189322791e-04
2.495414284421539080e-06
1.295683680038467732e-05
3.746211855727100241e-08
1.384821737461198253e-06
1.437554961369303157e-08
2.495414284421539080e-06
1.295683680038467732e-05
1.432157764457740333e-06
1.845038407271125478e-03
1.392785013951709949e-07
7.441595022173747714e-04
1.287082370592804613e-06
1.524057703009285528e-07
1.437554961369303157e-08
8.959697067650870882e-05
1.295683680038467732e-05
1.911251734750606820e-05
1.392785013951709949e-07
7.895127907888227427e-05
6.477383110159670107e-07
1.262204226097945046e-05
3.085505621036552801e-04
3.673800950272406047e-07
8.602839589589400234e-04
1.524057703009285528e-07
1.563484937326473428e-06
1.437554961369303157e-08
2.495414284421539080e-06
1.295683680038467732e-05
1.432157764457740333e-06
1.392785013951709949e-07
7.742522187093447018e-04
3.746211855727100241e-08
4.789348261729896423e-06
1.524057703009285528e-07
1.662173346706121421e-06
3.253734317083692939e-06
1.354975114961548293e-07
2.495414284421539080e-06
1.295683680038467732e-05
1.432157764457740333e-06
1.392785013951709949e-07
3.673800950272406047e-07
4.789348261729896423e-06
1.524057703009285528e-07
1.437554961369303157e-08
2.495414284421539080e-06
1.295683680038467732e-05
1.341712479993906827e-07
1.404475443096438243e-05
1.392785013951709949e-07
7.895127907888227427e-05
4.999417023524223996e-07
1.524057703009285528e-07
1.498754011428208548e-07
2.495414284421539080e-06
1.295683680038467732e-05
1.432157764457740333e-06
7.895127907888227427e-05
7.248295522118748278e-06
4.468188952783275561e-03
6.036169847874163567e-05
3.746211855727100241e-08
5.460342971943750525e-07
1.409768317046557894e-07
1.432157764457740333e-06
1.845038407271125478e-03
1.265541953642558379e-06
7.895127907888227427e-05
1.341875558014823540e-05
9.673038637528860609e-05
3.348146863880501942e-04
3.746211855727100241e-08
6.338510939590085748e-03
3.519432788330241270e-06
1.524057703009285528e-07
1.662173346706121421e-06
2.495414284421539080e-06
1.295683680038467732e-05
1.432157764457740333e-06
1.365863732441906473e-06
7.895127907888227427e-05
8.092062204710140892e-04
1.524057703009285528e-07
1.437554961369303157e-08
2.495414284421539080e-06
7.024563651679433939e-07
1.432157764457740333e-06
1.265541953642558379e-06
7.895127907888227427e-05
6.886240670096080180e-07
2.210120055241121192e-02
3.746211855727100241e-08
2.962692607111368399e-03
3.253734317083692939e-06
1.053806352646057551e-03
1.437554961369303157e-08
3.381712283618562576e-02
1.392785013951709949e-07
7.895127907888227427e-05
6.586100499180256977e-05
3.348146863880501942e-04
3.746211855727100241e-08
5.893194145485412142e-07
1.209133492884611853e-03
2.495414284421539080e-06
1.295683680038467732e-05
1.432157764457740333e-06
7.895127907888227427e-05
1.262204226097945046e-05
7.248295522118748278e-06
3.042264441377387583e-03
3.746211855727100241e-08
1.195165234166440383e-06
5.893194145485412142e-07
3.519432788330241270e-06
1.524057703009285528e-07
1.563484937326473428e-06
1.437554961369303157e-08
2.495414284421539080e-06
1.295683680038467732e-05
1.432157764457740333e-06
3.746211855727100241e-08
3.020071363796066879e-04
1.524057703009285528e-07
1.409768317046557894e-07
3.330195177085596065e-05
1.295683680038467732e-05
1.432157764457740333e-06
7.895127907888227427e-05
2.371520950916349519e-06
1.287082370592804613e-06
3.746211855727100241e-08
8.602839589589400234e-04
1.524057703009285528e-07
1.295683680038467732e-05
1.493127047075949073e-05
1.392785013951709949e-07
7.895127907888227427e-05
2.267371061325398711e-04
7.248295522118748278e-06
3.348146863880501942e-04
1.529850813155976183e-06
9.094636330007363847e-05
2.728815299735505859e-07
1.437554961369303157e-08
1.295683680038467732e-05
1.243164594554724429e-07
1.432157764457740333e-06
1.392785013951709949e-07
7.895127907888227427e-05
6.886240670096080180e-07
3.746211855727100241e-08
8.113502499838425724e-03
1.384821737461198253e-06
7.400916186224559236e-06
3.014749704872611653e-06
1.437554961369303157e-08
3.330195177085596065e-05
1.177311673598640060e-04
1.432157764457740333e-06
1.392785013951709949e-07
3.746211855727100241e-08
1.529850813155976183e-06
5.962173800202449740e-03
6.265177234352921109e-07
1.101191765401552097e-03
1.494599038499930658e-06
1.563484937326473428e-06
2.945133379192896121e-07
1.053806352646057551e-03
1.611612779155133276e-06
5.893194145485412142e-07
1.524057703009285528e-07
3.014749704872611653e-06
2.945133379192896121e-07
1.409768317046557894e-07
2.495414284421539080e-06
1.295683680038467732e-05
1.432157764457740333e-06
1.392785013951709949e-07
7.895127907888227427e-05
3.746211855727100241e-08
5.460342971943750525e-07
1.524057703009285528e-07
1.437554961369303157e-08
1.295683680038467732e-05
1.432157764457740333e-06
1.845038407271125478e-03
1.392785013951709949e-07
7.895127907888227427e-05
2.712398910188761430e-05
1.524057703009285528e-07
1.563484937326473428e-06
7.583305672707206166e-04
2.495414284421539080e-06
1.295683680038467732e-05
1.432157764457740333e-06
1.053625325680790153e-03
2.829026369764741852e-02
1.287082370592804613e-06
1.886260341464257974e-03
6.058728755790373225e-05
1.524057703009285528e-07
1.354975114961548293e-07
4.082689901284018903e-04
2.495414284421539080e-06
1.432157764457740333e-06
1.265541953642558379e-06
7.895127907888227427e-05
2.210120055241121192e-02
1.287082370592804613e-06
3.746211855727100241e-08
1.588939315306510455e-06
3.014749704872611653e-06
1.437554961369303157e-08
2.495414284421539080e-06
1.295683680038467732e-05
1.044028865298035277e-03
1.432157764457740333e-06
1.392785013951709949e-07
7.895127907888227427e-05
3.746211855727100241e-08
2.962692607111368399e-03
1.524057703009285528e-07
2.945133379192896121e-07
1.437554961369303157e-08
2.495414284421539080e-06
1.350843039176763676e-04
1.426402435959941598e-07
1.432157764457740333e-06
1.392785013951709949e-07
3.746211855727100241e-08
5.460342971943750525e-07
3.020071363796066879e-04
1.524057703009285528e-07
1.037287853079130656e-04
1.662173346706121421e-06
1.437554961369303157e-08
1.270639279970592556e-04
1.341712479993906827e-07
1.432157764457740333e-06
1.345064167825575674e-06
1.563484937326473428e-06
3.354576902302172712e-05
1.209133492884611853e-03
1.409768317046557894e-07
2.495414284421539080e-06
1.295683680038467732e-05
1.404475443096438243e-05
7.742522187093447018e-04
1.287082370592804613e-06
3.673800950272406047e-07
3.519432788330241270e-06
1.524057703009285528e-07
1.437554961369303157e-08
2.495414284421539080e-06
1.270639279970592556e-04
1.432157764457740333e-06
1.392785013951709949e-07
7.895127907888227427e-05
1.717644853529063477e-05
1.524057703009285528e-07
1.448648013027158825e-06
1.014172264102131569e-05
1.209133492884611853e-03
1.437554961369303157e-08
2.495414284421539080e-06
1.295683680038467732e-05
1.911251734750606820e-05
7.895127907888227427e-05
1.961655898105776463e-03
1.524057703009285528e-07
1.354975114961548293e-07
2.495414284421539080e-06
7.230999160356950915e-03
1.426402435959941598e-07
1.432157764457740333e-06
1.265541953642558379e-06
7.441595022173747714e-04
2.078898342883070752e-02
1.287082370592804613e-06
3.746211855727100241e-08
1.524057703009285528e-07
1.448648013027158825e-06
1.053806352646057551e-03
1.354975114961548293e-07
2.495414284421539080e-06
1.295683680038467732e-05
1.426402435959941598e-07
1.432157764457740333e-06
1.265541953642558379e-06
1.195165234166440383e-06
1.384821737461198253e-06
1.177311673598640060e-04
1.044028865298035277e-03
1.911251734750606820e-05
1.392785013951709949e-07
7.895127907888227427e-05
3.730831408623242537e-06
7.248295522118748278e-06
3.348146863880501942e-04
1.209133492884611853e-03
2.495414284421539080e-06
1.177311673598640060e-04
1.911251734750606820e-05
1.392785013951709949e-07
1.053625325680790153e-03
1.926204648228331193e-02
1.262204226097945046e-05
2.267371061325398711e-04
6.586100499180256977e-05
1.288546385264247139e-05
1.524057703009285528e-07
1.448648013027158825e-06
1.437554961369303157e-08
2.495414284421539080e-06
1.177311673598640060e-04
1.432157764457740333e-06
1.392785013951709949e-07
7.895127907888227427e-05
1.287082370592804613e-06
6.338510939590085748e-03
1.524057703009285528e-07
3.014749704872611653e-06
2.495414284421539080e-06
1.270639279970592556e-04
1.432157764457740333e-06
1.845038407271125478e-03
7.895127907888227427e-05
1.287082370592804613e-06
2.712398910188761430e-05
3.746211855727100241e-08
5.893194145485412142e-07
1.037287853079130656e-04
1.053806352646057551e-03
1.437554961369303157e-08
1.295683680038467732e-05
1.432157764457740333e-06
1.845038407271125478e-03
1.365863732441906473e-06
7.895127907888227427e-05
