6.044993581809500118e-06
9.127822069980553748e-09
7.233615123575461255e-07
3.318079524948975682e-07
1.147790430038838427e-06
1.625653978316652341e-06
1.402646139410087627e-08
1.352506322759098427e-09
1.474677953994596095e-09
4.475506173159008638e-09
1.304221019118881132e-07
2.994644197105368157e-06
5.205594092696002803e-04
1.320626870341609096e-04
5.470824881088472657e-09
1.625653978316652341e-06
2.332013475777623403e-05
1.839011445258755269e-05
1.704932764101430742e-05
6.590476791467561740e-08
9.127822069980553748e-09
3.536114063994113382e-08
1.001307512738946023e-06
2.890332835264048506e-05
1.474677953994596095e-09
9.545451444027406496e-09
6.590476791467561740e-08
5.693714313986093678e-06
3.115275700118575718e-07
1.982039030036712810e-04
5.275074973275332970e-08
1.320626870341609096e-04
1.413365984938585096e-03
1.625653978316652341e-06
5.076937106466060477e-04
1.097275966646694455e-07
7.800054943979240103e-03
3.427757786910354059e-07
1.474677953994596095e-09
1.227206874142206778e-08
5.275074973275332970e-08
2.404230258097785784e-07
8.471141350694198932e-07
5.470824881088472657e-09
1.087829707132568349e-06
5.076937106466060477e-04
1.642610713502845234e-08
1.127583771672460335e-05
1.352506322759098427e-09
3.555572632360009682e-07
2.994644197105368157e-06
1.320626870341609096e-04
1.042319640308756307e-05
1.269307619697424556e-05
2.354701568646138509e-08
1.352506322759098427e-09
1.426985286476656700e-05
5.474080171762986094e-06
6.786476379137740733e-05
1.338204202449160582e-04
2.994644197105368157e-06
1.399561315655129030e-08
1.625653978316652341e-06
2.219260656857344896e-05
2.354701568646138509e-08
5.918845257496879835e-06
1.227206874142206778e-08
3.555572632360009682e-07
8.248119288751409857e-07
8.250950630327001647e-07
7.270777497496050835e-04
7.233615123575461255e-07
1.399561315655129030e-08
5.470824881088472657e-09
1.429974837241690220e-06
1.352506322759098427e-09
4.475506173159008638e-09
2.216888069520418111e-05
1.227206874142206778e-08
9.545451444027406496e-09
2.404230258097785784e-07
9.127822069980553748e-09
8.471141350694198932e-07
8.300494841355932356e-05
1.399561315655129030e-08
5.076937106466060477e-04
1.402646139410087627e-08
1.352506322759098427e-09
5.918845257496879835e-06
1.227206874142206778e-08
5.275074973275332970e-08
9.127822069980553748e-09
7.233615123575461255e-07
1.320626870341609096e-04
9.516382784309694806e-07
2.904258909416424506e-01
1.147790430038838427e-06
5.076937106466060477e-04
1.097275966646694455e-07
1.402646139410087627e-08
5.275074973275332970e-08
6.044993581809500118e-06
1.544032671163411281e-06
8.471141350694198932e-07
3.536114063994113382e-08
3.112936431034680237e-05
1.147790430038838427e-06
1.399561315655129030e-08
1.429974837241690220e-06
2.691397735511991304e-07
2.404230258097785784e-07
1.544032671163411281e-06
9.127822069980553748e-09
8.471141350694198932e-07
2.994644197105368157e-06
1.147790430038838427e-06
1.625653978316652341e-06
7.466755040069309940e-06
1.402646139410087627e-08
2.354701568646138509e-08
5.275074973275332970e-08
9.127822069980553748e-09
7.233615123575461255e-07
1.147790430038838427e-06
1.399561315655129030e-08
1.474677953994596095e-09
3.604044619036359608e-09
2.348264047508556624e-07
4.856394982348585827e-06
1.950451237350453317e-08
3.333935895397916431e-05
1.687521488032680394e-06
2.354701568646138509e-08
4.231377209555495168e-04
1.227206874142206778e-08
2.348264047508556624e-07
2.816971051391086129e-07
1.402303524505632863e-05
1.847468097266935754e-07
9.337169909252448321e-08
5.275074973275332970e-08
3.347753004464112318e-04
1.320626870341609096e-04
5.092417276209712792e-07
1.399561315655129030e-08
1.429974837241690220e-06
1.352506322759098427e-09
2.332013475777623403e-05
1.140639285415914509e-05
7.519901578775156821e-05
8.471141350694198932e-07
2.994644197105368157e-06
2.297070391925401551e-06
1.147790430038838427e-06
5.902908482632195442e-07
1.474677953994596095e-09
3.604044619036359608e-09
4.872598885259031173e-07
8.250950630327001647e-07
2.008229222857769829e-03
8.471141350694198932e-07
1.691060451988388971e-04
7.630800457614409882e-06
5.470824881088472657e-09
1.429974837241690220e-06
1.402646139410087627e-08
1.352506322759098427e-09
2.332013475777623403e-05
6.895644611750594470e-07
5.918845257496879835e-06
3.536114063994113382e-08
2.994644197105368157e-06
5.470824881088472657e-09
1.429974837241690220e-06
2.691397735511991304e-07
2.354701568646138509e-08
5.918845257496879835e-06
9.545451444027406496e-09
1.704932764101430742e-05
1.359997517534467620e-07
5.275074973275332970e-08
3.620493194507005274e-05
2.404230258097785784e-07
4.935402986081683784e-05
7.233615123575461255e-07
1.320626870341609096e-04
1.625653978316652341e-06
1.352506322759098427e-09
2.332013475777623403e-05
5.918845257496879835e-06
1.304221019118881132e-07
2.029607150877102946e-06
8.471141350694198932e-07
3.536114063994113382e-08
1.097275966646694455e-07
1.227206874142206778e-08
3.555572632360009682e-07
8.250950630327001647e-07
3.115275700118575718e-07
1.969603392807228856e-05
3.636755821100906566e-05
3.536114063994113382e-08
2.994644197105368157e-06
1.320626870341609096e-04
1.399561315655129030e-08
1.429974837241690220e-06
1.402646139410087627e-08
3.604044619036359608e-09
1.359997517534467620e-07
4.185967028721237186e-05
9.251870238490685072e-02
1.178312397566918127e-07
1.044001899272144619e-04
2.398101965580325416e-04
7.233615123575461255e-07
1.320626870341609096e-04
1.147790430038838427e-06
2.322484294106662929e-07
1.625653978316652341e-06
5.076937106466060477e-04
3.536114063994113382e-08
8.300494841355932356e-05
3.318079524948975682e-07
1.922569415976995050e-06
5.754863498339065524e-05
2.219260656857344896e-05
5.076937106466060477e-04
1.642610713502845234e-08
1.805906682095625874e-07
2.348264047508556624e-07
1.626557110002859705e-05
7.233615123575461255e-07
1.306717204699141187e-05
1.399561315655129030e-08
1.625653978316652341e-06
1.429974837241690220e-06
1.402646139410087627e-08
5.622023792817890629e-04
2.332013475777623403e-05
3.604044619036359608e-09
1.304221019118881132e-07
8.471141350694198932e-07
5.076937106466060477e-04
1.097275966646694455e-07
2.354701568646138509e-08
5.535409255505602844e-07
9.545451444027406496e-09
2.348264047508556624e-07
5.314653589276094078e-08
6.590476791467561740e-08
1.304221019118881132e-07
1.317393115839698140e-05
2.404230258097785784e-07
1.320626870341609096e-04
1.097275966646694455e-07
1.643566390566141549e-07
1.474677953994596095e-09
2.332013475777623403e-05
1.227206874142206778e-08
9.545451444027406496e-09
7.233615123575461255e-07
3.536114063994113382e-08
2.137815982744854863e-05
5.470824881088472657e-09
5.076937106466060477e-04
1.402646139410087627e-08
2.714113881224523026e-05
9.545451444027406496e-09
2.348264047508556624e-07
1.800592429259227527e-07
5.076937106466060477e-04
1.097275966646694455e-07
1.474677953994596095e-09
4.475506173159008638e-09
2.332013475777623403e-05
2.750004847415903912e-07
8.967063688605814728e-05
2.472073386924496558e-05
5.314653589276094078e-08
1.402303524505632863e-05
5.275074973275332970e-08
1.178312397566918127e-07
2.994644197105368157e-06
1.516797763062964844e-07
1.261847930823391099e-05
1.805906682095625874e-07
1.538492212367131275e-06
2.587730794147817327e-06
3.604044619036359608e-09
2.750004847415903912e-07
5.275074973275332970e-08
7.233615123575461255e-07
6.181982393338253607e-04
5.470824881088472657e-09
1.625653978316652341e-06
1.097275966646694455e-07
4.827648941755017099e-05
2.332013475777623403e-05
5.228354632672672654e-07
5.918845257496879835e-06
3.088560314416784882e-06
1.544032671163411281e-06
9.127822069980553748e-09
8.471141350694198932e-07
1.320626870341609096e-04
1.399561315655129030e-08
5.470824881088472657e-09
1.402646139410087627e-08
5.152067397706235974e-05
9.545451444027406496e-09
1.178312397566918127e-07
7.233615123575461255e-07
1.320626870341609096e-04
1.399561315655129030e-08
5.076937106466060477e-04
2.332013475777623403e-05
3.555572632360009682e-07
1.359997517534467620e-07
3.115275700118575718e-07
6.541448777311906302e-05
2.404230258097785784e-07
9.127822069980553748e-09
1.320626870341609096e-04
2.354701568646138509e-08
1.352506322759098427e-09
9.148907371897231862e-07
1.474677953994596095e-09
5.918845257496879835e-06
2.750004847415903912e-07
6.786476379137740733e-05
8.471141350694198932e-07
2.994644197105368157e-06
7.519113112653254528e-06
8.254830710827731557e-06
1.402646139410087627e-08
2.354701568646138509e-08
2.332013475777623403e-05
1.359997517534467620e-07
1.008691092923958929e-05
3.115275700118575718e-07
2.844166142632290292e-05
5.275074973275332970e-08
9.127822069980553748e-09
2.994644197105368157e-06
5.205594092696002803e-04
1.320626870341609096e-04
1.460815871680206117e-04
1.097275966646694455e-07
1.127583771672460335e-05
2.354701568646138509e-08
1.304221019118881132e-07
8.118444133648077573e-05
5.076937106466060477e-04
1.516797763062964844e-07
1.097275966646694455e-07
1.437877650843763841e-05
3.143239055976871492e-07
1.474677953994596095e-09
5.535409255505602844e-07
2.750004847415903912e-07
1.304221019118881132e-07
5.275074973275332970e-08
8.300494841355932356e-05
1.320626870341609096e-04
5.076937106466060477e-04
1.642610713502845234e-08
7.688752779193540140e-06
2.348264047508556624e-07
1.704932764101430742e-05
5.314653589276094078e-08
9.328338831930973964e-06
1.304221019118881132e-07
2.404230258097785784e-07
3.933049306437132707e-04
9.127822069980553748e-09
2.994644197105368157e-06
1.320626870341609096e-04
1.147790430038838427e-06
1.429974837241690220e-06
1.687521488032680394e-06
2.404230258097785784e-07
2.297070391925401551e-06
1.429974837241690220e-06
5.492064174918666695e-06
3.333935895397916431e-05
1.097275966646694455e-07
2.750004847415903912e-07
3.555572632360009682e-07
5.314653589276094078e-08
6.227227543918339298e-03
1.304221019118881132e-07
3.620493194507005274e-05
1.544032671163411281e-06
1.399561315655129030e-08
5.470824881088472657e-09
1.429974837241690220e-06
5.076937106466060477e-04
1.402646139410087627e-08
7.738414764540007304e-06
6.544745324173676217e-04
8.471141350694198932e-07
5.470824881088472657e-09
1.429974837241690220e-06
5.076937106466060477e-04
1.097275966646694455e-07
3.070417456499563380e-07
1.227206874142206778e-08
6.132074905684049620e-05
1.359997517534467620e-07
6.590476791467561740e-08
2.994644197105368157e-06
1.399561315655129030e-08
5.470824881088472657e-09
1.087829707132568349e-06
7.124667080870678892e-07
1.474677953994596095e-09
9.545451444027406496e-09
2.750004847415903912e-07
5.764148348093911522e-03
1.704932764101430742e-05
2.404230258097785784e-07
3.347753004464112318e-04
4.859861977306472228e-05
9.127822069980553748e-09
2.994644197105368157e-06
1.625653978316652341e-06
5.076937106466060477e-04
1.097275966646694455e-07
2.354701568646138509e-08
4.475506173159008638e-09
2.404230258097785784e-07
2.112364101041589739e-06
1.625653978316652341e-06
1.429974837241690220e-06
3.333935895397916431e-05
1.097275966646694455e-07
1.402646139410087627e-08
1.352506322759098427e-09
4.475506173159008638e-09
8.250950630327001647e-07
5.275074973275332970e-08
1.269307619697424556e-05
6.183500705004482667e-05
2.691397735511991304e-07
1.642610713502845234e-08
1.474677953994596095e-09
1.538492212367131275e-06
2.348264047508556624e-07
1.704932764101430742e-05
2.816971051391086129e-07
1.320626870341609096e-04
5.470824881088472657e-09
1.097275966646694455e-07
2.328903216507839525e-06
1.643566390566141549e-07
4.475506173159008638e-09
5.918845257496879835e-06
3.604044619036359608e-09
5.314653589276094078e-08
6.590476791467561740e-08
1.147790430038838427e-06
5.076937106466060477e-04
2.691397735511991304e-07
1.642610713502845234e-08
1.352506322759098427e-09
1.474677953994596095e-09
5.918845257496879835e-06
9.545451444027406496e-09
3.604044619036359608e-09
2.348264047508556624e-07
1.304221019118881132e-07
5.275074973275332970e-08
3.536114063994113382e-08
1.320626870341609096e-04
7.878227035079721194e-06
1.147790430038838427e-06
6.256281524751150882e-05
2.691397735511991304e-07
1.873163122487680670e-06
4.701446430588950638e-05
5.275074973275332970e-08
8.471141350694198932e-07
9.143882084209057943e-07
5.470824881088472657e-09
1.429974837241690220e-06
5.076937106466060477e-04
2.354701568646138509e-08
9.148907371897231862e-07
1.474677953994596095e-09
4.589409950899280672e-05
2.404230258097785784e-07
7.233615123575461255e-07
2.994644197105368157e-06
7.630800457614409882e-06
1.429974837241690220e-06
1.097275966646694455e-07
1.352506322759098427e-09
2.332013475777623403e-05
1.704932764101430742e-05
5.684947749236738802e-06
8.471141350694198932e-07
3.112936431034680237e-05
1.147790430038838427e-06
1.399561315655129030e-08
2.691397735511991304e-07
1.642610713502845234e-08
5.350182177169107796e-08
5.918845257496879835e-06
2.747699615950803324e-06
4.681383515754296710e-07
5.275074973275332970e-08
7.016818012811114042e-08
9.223733609432902165e-06
3.112936431034680237e-05
1.147790430038838427e-06
5.470824881088472657e-09
1.625653978316652341e-06
5.076937106466060477e-04
1.642610713502845234e-08
1.474677953994596095e-09
9.127822069980553748e-09
2.418492051467333764e-04
5.470824881088472657e-09
1.429974837241690220e-06
2.691397735511991304e-07
1.402646139410087627e-08
2.354701568646138509e-08
1.227206874142206778e-08
2.386631808196367638e-03
9.545451444027406496e-09
1.304221019118881132e-07
5.275074973275332970e-08
1.147790430038838427e-06
1.429974837241690220e-06
5.076937106466060477e-04
3.333935895397916431e-05
2.890332835264048506e-05
1.402646139410087627e-08
1.352506322759098427e-09
2.348264047508556624e-07
1.304221019118881132e-07
9.127822069980553748e-09
8.471141350694198932e-07
2.994644197105368157e-06
1.147790430038838427e-06
1.399561315655129030e-08
5.076937106466060477e-04
2.354701568646138509e-08
1.474677953994596095e-09
2.750004847415903912e-07
5.275074973275332970e-08
8.471141350694198932e-07
2.157225694099194545e-07
3.536114063994113382e-08
1.320626870341609096e-04
1.147790430038838427e-06
1.726526324541561712e-05
5.076937106466060477e-04
1.097275966646694455e-07
2.691397735511991304e-07
2.404230258097785784e-07
8.471141350694198932e-07
3.536114063994113382e-08
1.399561315655129030e-08
5.470824881088472657e-09
1.625653978316652341e-06
1.429974837241690220e-06
1.402646139410087627e-08
1.584421080758369475e-04
2.423684172865301126e-04
1.317393115839698140e-05
5.902908482632195442e-07
1.429974837241690220e-06
1.097275966646694455e-07
2.354701568646138509e-08
2.332013475777623403e-05
2.750004847415903912e-07
5.314653589276094078e-08
5.474080171762986094e-06
8.250950630327001647e-07
1.304221019118881132e-07
2.404230258097785784e-07
7.233615123575461255e-07
3.536114063994113382e-08
1.399561315655129030e-08
2.219260656857344896e-05
5.076937106466060477e-04
3.070417456499563380e-07
1.474677953994596095e-09
2.332013475777623403e-05
8.471141350694198932e-07
5.902908482632195442e-07
1.625653978316652341e-06
1.429974837241690220e-06
7.466755040069309940e-06
1.642610713502845234e-08
2.332013475777623403e-05
3.604044619036359608e-09
2.750004847415903912e-07
1.704932764101430742e-05
1.304221019118881132e-07
8.471141350694198932e-07
4.169275834183453199e-06
1.647746965988363276e-06
1.625653978316652341e-06
1.429974837241690220e-06
1.097275966646694455e-07
3.604044619036359608e-09
2.348264047508556624e-07
1.839011445258755269e-05
2.404230258097785784e-07
7.233615123575461255e-07
2.157225694099194545e-07
3.536114063994113382e-08
2.994644197105368157e-06
5.902908482632195442e-07
1.097275966646694455e-07
1.402646139410087627e-08
3.329266264864967553e-07
9.545451444027406496e-09
3.636755821100906566e-05
1.320626870341609096e-04
1.147790430038838427e-06
1.625653978316652341e-06
5.076937106466060477e-04
2.890332835264048506e-05
1.352506322759098427e-09
1.474677953994596095e-09
9.545451444027406496e-09
3.555572632360009682e-07
8.471141350694198932e-07
2.994644197105368157e-06
1.625653978316652341e-06
5.076937106466060477e-04
1.097275966646694455e-07
1.402646139410087627e-08
5.139992195181542962e-07
1.474677953994596095e-09
2.348264047508556624e-07
1.402303524505632863e-05
7.233615123575461255e-07
1.625653978316652341e-06
1.642610713502845234e-08
1.352506322759098427e-09
4.475506173159008638e-09
5.918845257496879835e-06
6.590476791467561740e-08
5.811328668510366629e-05
7.025715294972611853e-07
2.918850019155634023e-06
1.304221019118881132e-07
2.157225694099194545e-07
3.536114063994113382e-08
8.254830710827731557e-06
5.076937106466060477e-04
2.354701568646138509e-08
2.332013475777623403e-05
1.227206874142206778e-08
1.704932764101430742e-05
1.359997517534467620e-07
5.275074973275332970e-08
2.251504857391636717e-05
7.233615123575461255e-07
5.576942144441270612e-06
5.470824881088472657e-09
1.429974837241690220e-06
7.466755040069309940e-06
1.642610713502845234e-08
2.354701568646138509e-08
2.332013475777623403e-05
2.994644197105368157e-06
1.320626870341609096e-04
5.470824881088472657e-09
8.134551399932685341e-06
1.227206874142206778e-08
9.545451444027406496e-09
6.590476791467561740e-08
8.852504647319112008e-06
3.115275700118575718e-07
3.674514090651249563e-04
7.233615123575461255e-07
9.724963314775681719e-08
1.127583771672460335e-05
1.449807101803639309e-01
5.918845257496879835e-06
3.604044619036359608e-09
2.348264047508556624e-07
1.704932764101430742e-05
4.342546732582155304e-07
3.115275700118575718e-07
5.275074973275332970e-08
7.233615123575461255e-07
3.536114063994113382e-08
1.625653978316652341e-06
1.429974837241690220e-06
2.691397735511991304e-07
1.283898253770568041e-03
1.369246707281989419e-06
1.805906682095625874e-07
4.475506173159008638e-09
1.304221019118881132e-07
1.317393115839698140e-05
3.213238329597128441e-03
9.127822069980553748e-09
7.233615123575461255e-07
3.536114063994113382e-08
1.320626870341609096e-04
3.333935895397916431e-05
1.402646139410087627e-08
1.352506322759098427e-09
1.304221019118881132e-07
7.233615123575461255e-07
6.316908477693596415e-05
2.994644197105368157e-06
1.647746965988363276e-06
1.642610713502845234e-08
1.805906682095625874e-07
2.348264047508556624e-07
1.704932764101430742e-05
6.786476379137740733e-05
1.178312397566918127e-07
1.625653978316652341e-06
1.429974837241690220e-06
2.423684172865301126e-04
4.475506173159008638e-09
9.545451444027406496e-09
3.604044619036359608e-09
6.786476379137740733e-05
1.827690160103810215e-06
2.398577123170787274e-07
1.304221019118881132e-07
2.404230258097785784e-07
9.127822069980553748e-09
3.536114063994113382e-08
1.147790430038838427e-06
5.076937106466060477e-04
1.642610713502845234e-08
1.076683832945441724e-03
2.386631808196367638e-03
8.248119288751409857e-07
2.512943785013572876e-06
1.097275966646694455e-07
1.474677953994596095e-09
5.918845257496879835e-06
2.348264047508556624e-07
1.402303524505632863e-05
1.950451237350453317e-08
2.699100444237856637e-06
2.708108361036880786e-08
4.681383515754296710e-07
2.404230258097785784e-07
1.147790430038838427e-06
1.474677953994596095e-09
1.227206874142206778e-08
2.750004847415903912e-07
3.115275700118575718e-07
2.398577123170787274e-07
2.080944552637677079e-05
1.602403894579014378e-08
1.822524954469284135e-05
3.347753004464112318e-04
7.233615123575461255e-07
1.625653978316652341e-06
1.642610713502845234e-08
4.475506173159008638e-09
2.869544800797397600e-04
3.604044619036359608e-09
2.348264047508556624e-07
3.555572632360009682e-07
1.704932764101430742e-05
2.994644197105368157e-06
1.922569415976995050e-06
1.625653978316652341e-06
1.429974837241690220e-06
1.402646139410087627e-08
3.980402196623478720e-05
4.475506173159008638e-09
6.895644611750594470e-07
5.918845257496879835e-06
2.750004847415903912e-07
5.275074973275332970e-08
9.127822069980553748e-09
3.536114063994113382e-08
8.254830710827731557e-06
2.354701568646138509e-08
7.688752779193540140e-06
4.938160827313440362e-05
1.474677953994596095e-09
2.332013475777623403e-05
5.918845257496879835e-06
1.317393115839698140e-05
3.536114063994113382e-08
2.933622797166849889e-07
1.625653978316652341e-06
1.097275966646694455e-07
3.531289425608665806e-05
1.474677953994596095e-09
2.332013475777623403e-05
1.227206874142206778e-08
9.545451444027406496e-09
2.994644197105368157e-06
1.320626870341609096e-04
1.147790430038838427e-06
1.429974837241690220e-06
1.097275966646694455e-07
2.691397735511991304e-07
2.332013475777623403e-05
5.814196349597573104e-04
4.681383515754296710e-07
5.324066591785168437e-07
7.066209059527675919e-05
9.127822069980553748e-09
2.504980808004414984e-05
9.516382784309694806e-07
2.911780836418289328e-04
1.399561315655129030e-08
2.970611741705510224e-04
1.642610713502845234e-08
2.354701568646138509e-08
1.847630895527743169e-03
1.317393115839698140e-05
3.536114063994113382e-08
7.949042866629459081e-04
2.691397735511991304e-07
4.140758497602792953e-05
1.352506322759098427e-09
4.475506173159008638e-09
2.332013475777623403e-05
1.080044787687566357e-02
5.918845257496879835e-06
1.304221019118881132e-07
2.338984344507126175e-04
8.550763319401007145e-02
7.233615123575461255e-07
2.144729312416271808e-06
1.320626870341609096e-04
2.322484294106662929e-07
1.402646139410087627e-08
2.354701568646138509e-08
5.350182177169107796e-08
3.088560314416784882e-06
1.323577887765114335e-06
1.269307619697424556e-05
1.097275966646694455e-07
2.691397735511991304e-07
1.642610713502845234e-08
2.354701568646138509e-08
2.502706646082387035e-06
5.918845257496879835e-06
1.227206874142206778e-08
1.304221019118881132e-07
1.320626870341609096e-04
1.642610713502845234e-08
2.533219946705536396e-06
3.604044619036359608e-09
1.704932764101430742e-05
1.359997517534467620e-07
1.469218056985925787e-02
3.115275700118575718e-07
2.398577123170787274e-07
1.304221019118881132e-07
5.275074973275332970e-08
8.471141350694198932e-07
1.399561315655129030e-08
1.625653978316652341e-06
5.076937106466060477e-04
3.333935895397916431e-05
1.352506322759098427e-09
1.704932764101430742e-05
5.314653589276094078e-08
2.404230258097785784e-07
9.127822069980553748e-09
1.399561315655129030e-08
5.076937106466060477e-04
1.097275966646694455e-07
4.963036394927767521e-07
1.538492212367131275e-06
2.332013475777623403e-05
9.545451444027406496e-09
8.250950630327001647e-07
1.320626870341609096e-04
1.625653978316652341e-06
2.691397735511991304e-07
4.679081973544216503e-07
1.732793375410146352e-05
1.352506322759098427e-09
8.855125678520007744e-05
1.005598779147739508e-03
4.475506173159008638e-09
2.332013475777623403e-05
9.251870238490685072e-02
2.404230258097785784e-07
8.471141350694198932e-07
1.097275966646694455e-07
2.691397735511991304e-07
2.890332835264048506e-05
1.402646139410087627e-08
3.785837527171739218e-03
2.354701568646138509e-08
2.423684172865301126e-04
5.275074973275332970e-08
1.178312397566918127e-07
9.127822069980553748e-09
7.233615123575461255e-07
5.205594092696002803e-04
1.726581748576705379e-04
1.399561315655129030e-08
1.087829707132568349e-06
1.429974837241690220e-06
5.076937106466060477e-04
1.304221019118881132e-07
5.275074973275332970e-08
7.016818012811114042e-08
8.471141350694198932e-07
2.049557427920588315e-03
1.429974837241690220e-06
1.402646139410087627e-08
1.291749755372638376e-04
2.348264047508556624e-07
1.359997517534467620e-07
3.536114063994113382e-08
9.698911862541925721e-02
1.399561315655129030e-08
5.470824881088472657e-09
1.625653978316652341e-06
1.429974837241690220e-06
1.516797763062964844e-07
1.402646139410087627e-08
1.127583771672460335e-05
1.352506322759098427e-09
1.304221019118881132e-07
5.275074973275332970e-08
3.003873942328233568e-04
1.399561315655129030e-08
2.716938023885182203e-06
2.691397735511991304e-07
2.354701568646138509e-08
4.046114906939710813e-06
2.332013475777623403e-05
6.493063468301141011e-04
2.404230258097785784e-07
8.254830710827731557e-06
4.702229754251021385e-04
1.147790430038838427e-06
1.399561315655129030e-08
1.625653978316652341e-06
5.582276888459884089e-05
5.076937106466060477e-04
2.691397735511991304e-07
1.642610713502845234e-08
1.317393115839698140e-05
6.551788083771992177e-03
7.233615123575461255e-07
9.516382784309694806e-07
1.147790430038838427e-06
5.470824881088472657e-09
1.429974837241690220e-06
5.076937106466060477e-04
1.097275966646694455e-07
1.352506322759098427e-09
7.016818012811114042e-08
8.550763319401007145e-02
9.127822069980553748e-09
7.233615123575461255e-07
1.625653978316652341e-06
5.076937106466060477e-04
1.097275966646694455e-07
1.352506322759098427e-09
3.604044619036359608e-09
8.250950630327001647e-07
1.304221019118881132e-07
1.039913637931371393e-05
5.470824881088472657e-09
1.166880705302378237e-04
4.783606224696632035e-06
1.352506322759098427e-09
1.434884580017121503e-04
2.332013475777623403e-05
8.323645348675377470e-06
5.918845257496879835e-06
5.275074973275332970e-08
2.404230258097785784e-07
4.859861977306472228e-05
9.127822069980553748e-09
2.994644197105368157e-06
5.762610131432194229e-07
1.320626870341609096e-04
3.888025307061764251e-06
1.147790430038838427e-06
1.399561315655129030e-08
1.304221019118881132e-07
9.127822069980553748e-09
8.471141350694198932e-07
5.470824881088472657e-09
1.097275966646694455e-07
2.691397735511991304e-07
1.402646139410087627e-08
1.352506322759098427e-09
5.918845257496879835e-06
1.227206874142206778e-08
