4.535952413864633215e+00
5.367208510843866520e+00
5.245524976031364695e+00
5.045543774960045802e+00
5.590826882448442170e+00
6.128723755866595901e+00
5.834969248262104280e+00
4.942742694036697415e+00
6.270720720366008472e+00
4.410237689187588295e+00
4.036114497408332724e+00
5.159983899673187935e+00
3.597198325421866461e+00
6.283839947994468211e+00
6.342626855389432272e+00
5.317310338295321515e+00
5.834969248262104280e+00
5.961635572583080744e+00
6.270720720366008472e+00
5.710774348648930854e+00
5.957476883449577265e+00
5.038039246627417533e+00
6.302566807888699607e+00
6.344152216044139259e+00
4.335895962884261046e+00
6.173851948526435152e+00
5.976702305462172404e+00
5.834969248262104280e+00
6.383747828292530180e+00
6.246936959531446121e+00
6.192579143450833712e+00
5.786112901734020930e+00
5.748521103430291213e+00
5.967727044823180726e+00
3.597198325421866461e+00
5.629954933587158372e+00
6.256348624750938114e+00
6.322633720683787040e+00
5.739519265142511983e+00
6.075769912200056133e+00
5.919031880834113579e+00
4.787051609421576259e+00
5.748521103430291213e+00
5.217741288594750948e+00
4.581878296518864246e+00
6.256348624750938114e+00
6.322633720683787040e+00
5.854925746564108024e+00
5.834969248262104280e+00
4.630660518326802588e+00
5.967735760524196742e+00
4.535952413864633215e+00
5.410591490450423535e+00
5.885562632637503455e+00
5.000648271720624649e+00
5.748521103430291213e+00
5.509577484545001624e+00
6.351930082368218322e+00
6.173851948526435152e+00
6.079213737967728015e+00
4.787051609421576259e+00
6.379147727326439643e+00
5.748521103430291213e+00
3.429573039828341496e+00
5.289369488871340508e+00
6.304726064974003563e+00
5.576429101450863790e+00
3.784461589023094152e+00
6.322633720683787040e+00
6.342626855389432272e+00
5.919031880834113579e+00
5.435454482017362032e+00
5.781299006881372549e+00
3.943253287215954028e+00
4.911151980464238953e+00
3.830731313203746602e+00
4.314216385147258137e+00
5.200054939250859931e+00
5.133694121257422083e+00
5.710774348648930854e+00
6.161342345818878741e+00
4.480957042149404046e+00
5.748521103430291213e+00
6.096432824760625202e+00
4.581878296518864246e+00
4.294204699662048874e+00
6.351930082368218322e+00
5.948092643578205774e+00
5.997247726761150588e+00
4.630660518326802588e+00
3.604309747441538203e+00
5.967727044823180726e+00
5.938939826267917610e+00
6.096432824760625202e+00
5.193758438790814225e+00
6.351930082368218322e+00
6.173851948526435152e+00
5.458620890183023988e+00
5.876666007153817262e+00
5.316100527532223730e+00
4.036114497408332724e+00
4.368263861337771559e+00
6.371873584959478087e+00
4.480957042149404046e+00
5.159983899673187935e+00
5.901121146994115385e+00
5.748521103430291213e+00
5.043412037377043688e+00
5.722933042326909359e+00
6.096432824760625202e+00
5.509151532162397835e+00
6.006070608656158605e+00
5.914726812542987489e+00
5.928199546587324953e+00
4.480957042149404046e+00
5.159983899673187935e+00
4.816432494703768441e+00
6.301234767124967107e+00
5.349770535241967551e+00
6.197823415027359673e+00
6.344152216044139259e+00
6.269089693400956342e+00
4.335895962884261046e+00
4.816432494703768441e+00
3.439178807336988442e+00
6.075769912200056133e+00
5.630446328865212458e+00
6.138846431607493770e+00
4.630660518326802588e+00
6.270720720366008472e+00
5.749699656220974120e+00
6.128723755866595901e+00
4.582386716592973919e+00
5.876666007153817262e+00
6.075769912200056133e+00
5.037503615274403046e+00
5.200054939250859931e+00
4.490828958335702836e+00
5.970794103385570040e+00
5.571372540567763210e+00
4.036114497408332724e+00
6.080010618808119993e+00
5.877148744783292855e+00
5.786112901734020930e+00
5.159983899673187935e+00
5.748521103430291213e+00
5.237178617012238746e+00
5.997247726761150588e+00
5.512927836639720525e+00
5.200054939250859931e+00
5.435454482017362032e+00
4.480957042149404046e+00
5.748521103430291213e+00
4.698595994635976325e+00
5.217741288594750948e+00
3.597198325421866461e+00
5.573492248680760319e+00
6.304726064974003563e+00
6.079213737967728015e+00
6.101883214072571171e+00
5.770799554755287275e+00
6.128934029513142256e+00
4.480957042149404046e+00
5.748521103430291213e+00
5.967727044823180726e+00
5.043412037377043688e+00
6.039464837578509382e+00
6.164563267990024187e+00
5.458620890183023988e+00
5.512927836639720525e+00
4.535952413864633215e+00
5.503643977542865606e+00
5.748521103430291213e+00
5.951300580974852039e+00
6.039464837578509382e+00
5.471317173239131471e+00
5.962729862928745739e+00
6.180913531308617870e+00
4.069173335639022504e+00
6.331789928870676043e+00
4.787051609421576259e+00
6.168009699923215905e+00
4.544503909048303925e+00
5.509577484545001624e+00
5.471317173239131471e+00
5.298873977731760831e+00
6.301234767124967107e+00
3.830731313203746602e+00
6.294865961949936306e+00
5.323129382253060982e+00
4.323327128123410468e+00
5.245524976031364695e+00
4.331639038820059184e+00
5.748521103430291213e+00
3.429573039828341496e+00
5.268955844089079577e+00
6.296269504457008281e+00
6.242530874589998113e+00
5.512927836639720525e+00
5.876666007153817262e+00
3.604309747441538203e+00
5.159983899673187935e+00
6.222909257438824504e+00
5.748521103430291213e+00
5.506643728073126631e+00
5.728464807004724157e+00
5.748196224266679089e+00
6.039464837578509382e+00
5.948092643578205774e+00
6.322633720683787040e+00
5.877148744783292855e+00
4.480957042149404046e+00
5.506643728073126631e+00
5.590826882448442170e+00
4.294204699662048874e+00
6.079213737967728015e+00
5.739519265142511983e+00
5.834969248262104280e+00
4.630660518326802588e+00
6.270720720366008472e+00
6.006070608656158605e+00
5.038039246627417533e+00
5.852999637449896930e+00
6.096432824760625202e+00
5.590826882448442170e+00
5.220022844112142124e+00
4.294204699662048874e+00
5.838842938486499712e+00
6.381676199860022436e+00
5.876666007153817262e+00
5.967735760524196742e+00
5.159983899673187935e+00
4.911151980464238953e+00
5.471317173239131471e+00
4.879390449654485984e+00
5.215573013291015414e+00
5.316100527532223730e+00
5.834969248262104280e+00
4.630660518326802588e+00
4.942742694036697415e+00
5.848892517131094593e+00
4.535952413864633215e+00
6.109860153768197577e+00
5.159983899673187935e+00
6.203565113727925961e+00
6.173851948526435152e+00
4.811732987568478670e+00
5.750577800540564333e+00
6.315632754796632220e+00
6.270720720366008472e+00
4.480957042149404046e+00
3.877228150568915233e+00
4.698595994635976325e+00
6.345772876523017914e+00
5.748196224266679089e+00
4.389419086673154169e+00
6.322633720683787040e+00
5.916277258684925933e+00
4.490828958335702836e+00
4.814709999656636263e+00
5.595810317787216270e+00
5.967727044823180726e+00
5.509577484545001624e+00
5.179798960025959076e+00
5.629954933587158372e+00
6.164563267990024187e+00
5.739519265142511983e+00
6.294865961949936306e+00
5.517917535358759729e+00
6.043429933848369906e+00
5.967735760524196742e+00
4.787051609421576259e+00
3.604309747441538203e+00
4.480957042149404046e+00
5.967727044823180726e+00
4.578259038554214122e+00
5.217741288594750948e+00
5.043412037377043688e+00
6.096432824760625202e+00
6.276057877718949740e+00
5.159983899673187935e+00
3.943253287215954028e+00
6.302566807888699607e+00
6.096432824760625202e+00
4.450048491347838642e+00
5.405356758327615196e+00
5.629954933587158372e+00
6.301234767124967107e+00
3.784461589023094152e+00
6.078694332853790350e+00
5.159983899673187935e+00
5.506643728073126631e+00
5.304101488578429446e+00
5.509577484545001624e+00
6.351930082368218322e+00
5.512927836639720525e+00
4.942742694036697415e+00
5.274951141101230867e+00
6.375518216414278960e+00
5.744199572151306832e+00
5.706417392949553857e+00
6.121403130948110949e+00
5.043412037377043688e+00
5.268955844089079577e+00
6.066432733332244531e+00
5.517917535358759729e+00
5.753894228202915961e+00
4.942742694036697415e+00
5.608605898633769904e+00
4.410237689187588295e+00
5.919031880834113579e+00
6.161342345818878741e+00
6.225592485290088796e+00
5.595810317787216270e+00
4.751742093759189878e+00
6.104377158053828190e+00
5.298873977731760831e+00
6.128723755866595901e+00
4.811732987568478670e+00
6.322633720683787040e+00
3.943253287215954028e+00
6.302566807888699607e+00
5.409171136061694973e+00
5.509577484545001624e+00
6.095872688471633438e+00
6.186449005823630110e+00
4.314216385147258137e+00
5.834969248262104280e+00
4.942742694036697415e+00
5.811797965433151525e+00
6.161342345818878741e+00
5.877148744783292855e+00
6.109860153768197577e+00
6.335052461316105443e+00
5.967727044823180726e+00
6.104377158053828190e+00
5.748196224266679089e+00
5.268955844089079577e+00
4.879390449654485984e+00
6.301234767124967107e+00
5.919031880834113579e+00
6.371873584959478087e+00
5.595810317787216270e+00
4.480957042149404046e+00
5.506643728073126631e+00
5.748196224266679089e+00
5.268955844089079577e+00
6.079213737967728015e+00
5.512927836639720525e+00
6.075769912200056133e+00
5.019404237537361091e+00
5.079325395208926786e+00
5.846210074764179865e+00
5.748521103430291213e+00
5.706417392949553857e+00
3.597198325421866461e+00
4.294204699662048874e+00
4.816432494703768441e+00
5.948092643578205774e+00
5.964268277907057048e+00
5.919031880834113579e+00
4.787051609421576259e+00
3.604309747441538203e+00
5.121072531852481902e+00
6.126141342550104341e+00
4.294204699662048874e+00
4.990071380433212411e+00
3.830731313203746602e+00
5.750577800540564333e+00
5.691017047063109402e+00
4.535952413864633215e+00
4.480957042149404046e+00
5.748521103430291213e+00
5.045543774960045802e+00
4.770951628156105073e+00
5.739519265142511983e+00
5.929577707168136591e+00
5.834969248262104280e+00
6.331789928870676043e+00
5.714353855212996436e+00
4.480957042149404046e+00
4.911151980464238953e+00
6.344152216044139259e+00
6.039464837578509382e+00
4.581878296518864246e+00
6.079213737967728015e+00
4.646403665528493931e+00
3.784461589023094152e+00
5.948092643578205774e+00
6.319061466338609989e+00
4.787051609421576259e+00
3.877228150568915233e+00
5.319537499136916203e+00
5.694141995476356577e+00
4.811732987568478670e+00
5.517917535358759729e+00
4.314216385147258137e+00
5.834969248262104280e+00
4.630660518326802588e+00
6.184302040874619877e+00
5.509151532162397835e+00
3.611914093945762350e+00
5.973289863717083037e+00
5.159983899673187935e+00
6.256348624750938114e+00
5.031041022247868533e+00
5.200054939250859931e+00
4.630660518326802588e+00
6.131895238674974102e+00
6.077685983806608405e+00
5.919031880834113579e+00
4.787051609421576259e+00
3.604309747441538203e+00
5.770799554755287275e+00
5.595810317787216270e+00
4.480957042149404046e+00
5.000648271720624649e+00
6.302566807888699607e+00
5.967727044823180726e+00
6.061715412843121875e+00
6.236533480554063757e+00
5.595810317787216270e+00
4.480957042149404046e+00
5.748521103430291213e+00
5.509577484545001624e+00
5.039991811381943521e+00
5.739519265142511983e+00
6.208154660575630146e+00
5.691017047063109402e+00
5.811160949791078778e+00
6.080010618808119993e+00
4.535952413864633215e+00
4.480957042149404046e+00
5.967727044823180726e+00
6.061715412843121875e+00
4.990071380433212411e+00
6.301234767124967107e+00
5.834969248262104280e+00
4.942742694036697415e+00
5.923936349424621994e+00
5.397903561525655647e+00
5.595810317787216270e+00
4.581878296518864246e+00
5.722392841539037711e+00
5.962729862928745739e+00
6.197823415027359673e+00
6.180913531308617870e+00
5.200054939250859931e+00
4.630660518326802588e+00
4.490828958335702836e+00
5.967735760524196742e+00
3.604309747441538203e+00
5.661071291808829287e+00
5.509577484545001624e+00
5.950670600044468017e+00
5.458620890183023988e+00
6.095872688471633438e+00
5.876666007153817262e+00
4.490828958335702836e+00
5.710774348648930854e+00
4.480957042149404046e+00
5.967727044823180726e+00
6.344152216044139259e+00
5.509577484545001624e+00
4.581878296518864246e+00
4.294204699662048874e+00
5.298873977731760831e+00
6.322633720683787040e+00
6.197823415027359673e+00
5.834969248262104280e+00
5.967735760524196742e+00
6.080010618808119993e+00
5.397903561525655647e+00
5.410591490450423535e+00
4.490960499650421767e+00
5.748521103430291213e+00
5.506643728073126631e+00
5.974552084059058465e+00
6.096432824760625202e+00
4.389419086673154169e+00
5.848892517131094593e+00
5.907686212977036888e+00
4.323327128123410468e+00
4.490960499650421767e+00
6.096432824760625202e+00
5.590826882448442170e+00
5.298873977731760831e+00
6.128723755866595901e+00
5.827691110380951223e+00
5.512927836639720525e+00
4.480957042149404046e+00
6.344152216044139259e+00
5.289369488871340508e+00
5.590826882448442170e+00
6.128723755866595901e+00
5.265703550204450245e+00
6.268242040845733776e+00
3.439178807336988442e+00
4.635080209459823131e+00
5.497075590986352900e+00
4.036114497408332724e+00
5.928199546587324953e+00
6.109860153768197577e+00
4.480957042149404046e+00
5.159983899673187935e+00
5.000648271720624649e+00
5.748196224266679089e+00
6.039464837578509382e+00
6.096432824760625202e+00
4.581878296518864246e+00
4.036114497408332724e+00
3.611914093945762350e+00
6.314013824668509578e+00
5.045543774960045802e+00
5.748196224266679089e+00
5.722933042326909359e+00
4.581878296518864246e+00
4.294204699662048874e+00
6.128723755866595901e+00
4.879390449654485984e+00
5.967735760524196742e+00
5.748521103430291213e+00
5.814761238293812085e+00
5.506643728073126631e+00
6.173851948526435152e+00
6.079213737967728015e+00
6.208154660575630146e+00
6.294865961949936306e+00
4.880194367861180105e+00
4.942742694036697415e+00
4.480957042149404046e+00
5.846210074764179865e+00
5.217741288594750948e+00
5.938939826267917610e+00
5.471317173239131471e+00
5.405356758327615196e+00
5.997247726761150588e+00
6.043429933848369906e+00
4.314216385147258137e+00
6.270720720366008472e+00
5.877148744783292855e+00
5.079325395208926786e+00
5.409171136061694973e+00
5.268955844089079577e+00
4.389419086673154169e+00
5.997247726761150588e+00
5.740321007153828425e+00
5.834969248262104280e+00
4.942742694036697415e+00
6.270720720366008472e+00
4.036114497408332724e+00
4.990071380433212411e+00
5.009579690058145296e+00
5.612164186924094800e+00
6.079366141681692426e+00
5.739519265142511983e+00
5.512927836639720525e+00
6.331789928870676043e+00
4.630660518326802588e+00
5.961635572583080744e+00
3.943253287215954028e+00
5.706417392949553857e+00
5.193758438790814225e+00
5.471317173239131471e+00
5.969542307856876562e+00
6.197823415027359673e+00
5.929577707168136591e+00
6.315632754796632220e+00
6.284621804708421244e+00
4.630660518326802588e+00
5.781299006881372549e+00
5.667712210056762068e+00
3.597198325421866461e+00
5.728464807004724157e+00
5.748196224266679089e+00
5.590826882448442170e+00
6.256348624750938114e+00
5.916277258684925933e+00
5.733369701541729313e+00
4.069173335639022504e+00
4.323327128123410468e+00
4.490960499650421767e+00
5.121072531852481902e+00
6.318612718440475007e+00
3.943253287215954028e+00
5.748521103430291213e+00
5.025206267876935584e+00
6.301234767124967107e+00
6.322633720683787040e+00
5.512927836639720525e+00
5.907686212977036888e+00
5.560994147072184646e+00
5.159983899673187935e+00
5.817616231601060228e+00
5.025206267876935584e+00
5.491234266396285868e+00
3.439178807336988442e+00
4.764263160301488220e+00
5.970794103385570040e+00
5.901841284070028948e+00
5.928199546587324953e+00
5.748521103430291213e+00
6.061715412843121875e+00
5.045543774960045802e+00
5.938939826267917610e+00
5.521243967477508008e+00
6.322633720683787040e+00
6.260040631787986420e+00
5.391368015116172252e+00
4.314216385147258137e+00
5.919031880834113579e+00
3.604309747441538203e+00
4.480957042149404046e+00
5.159983899673187935e+00
5.648779652630993908e+00
5.748521103430291213e+00
5.319537499136916203e+00
4.990071380433212411e+00
6.256348624750938114e+00
5.854397141734964727e+00
5.397903561525655647e+00
4.480957042149404046e+00
5.814761238293812085e+00
4.911151980464238953e+00
5.045543774960045802e+00
6.096432824760625202e+00
5.193758438790814225e+00
6.128723755866595901e+00
6.173851948526435152e+00
6.256348624750938114e+00
5.914726812542987489e+00
4.480957042149404046e+00
5.159983899673187935e+00
3.429573039828341496e+00
3.724295957609282670e+00
4.646403665528493931e+00
6.256348624750938114e+00
5.876666007153817262e+00
5.467102254478403367e+00
6.131895238674974102e+00
4.787051609421576259e+00
5.661071291808829287e+00
5.329274999888377273e+00
5.615000321349707946e+00
5.043412037377043688e+00
5.938939826267917610e+00
4.581878296518864246e+00
5.629954933587158372e+00
5.739519265142511983e+00
6.115397506686031548e+00
4.787051609421576259e+00
5.928199546587324953e+00
6.096432824760625202e+00
5.816669612913377918e+00
5.179798960025959076e+00
6.301234767124967107e+00
6.164563267990024187e+00
5.750577800540564333e+00
5.876666007153817262e+00
6.075769912200056133e+00
5.967735760524196742e+00
5.019404237537361091e+00
5.159983899673187935e+00
6.302566807888699607e+00
4.911151980464238953e+00
5.706417392949553857e+00
4.294204699662048874e+00
5.298873977731760831e+00
6.322633720683787040e+00
5.969542307856876562e+00
3.611914093945762350e+00
6.161342345818878741e+00
5.159983899673187935e+00
5.748521103430291213e+00
5.506643728073126631e+00
5.025206267876935584e+00
5.590826882448442170e+00
5.298873977731760831e+00
6.279461398978353870e+00
6.260040631787986420e+00
6.006070608656158605e+00
4.480957042149404046e+00
5.159983899673187935e+00
5.000648271720624649e+00
5.269567265013218815e+00
5.748521103430291213e+00
6.096432824760625202e+00
5.780708242436502609e+00
4.520646963216026215e+00
6.301234767124967107e+00
4.535952413864633215e+00
5.595810317787216270e+00
5.159983899673187935e+00
5.558656823521078927e+00
5.748521103430291213e+00
6.189127396050896124e+00
5.506643728073126631e+00
5.304101488578429446e+00
5.298873977731760831e+00
4.879390449654485984e+00
5.848892517131094593e+00
5.907686212977036888e+00
4.480957042149404046e+00
5.043412037377043688e+00
5.115034288616091551e+00
6.128723755866595901e+00
6.164563267990024187e+00
5.467102254478403367e+00
4.047957208840369248e+00
5.885363789662359402e+00
6.236298976123654469e+00
4.787051609421576259e+00
6.303960775525240479e+00
4.480957042149404046e+00
6.061715412843121875e+00
6.344152216044139259e+00
3.429573039828341496e+00
3.724295957609282670e+00
4.294204699662048874e+00
5.179798960025959076e+00
3.877228150568915233e+00
4.331639038820059184e+00
3.943253287215954028e+00
6.302566807888699607e+00
6.061715412843121875e+00
5.268955844089079577e+00
5.471317173239131471e+00
6.334667983827216631e+00
4.990071380433212411e+00
6.291222790028413669e+00
6.006070608656158605e+00
6.161342345818878741e+00
5.410591490450423535e+00
4.490960499650421767e+00
5.748521103430291213e+00
5.506643728073126631e+00
5.722933042326909359e+00
6.304726064974003563e+00
6.322633720683787040e+00
5.739519265142511983e+00
4.787051609421576259e+00
5.914726812542987489e+00
6.334516265795967271e+00
5.159983899673187935e+00
6.189127396050896124e+00
5.573492248680760319e+00
5.014720278389003916e+00
3.439178807336988442e+00
5.739519265142511983e+00
6.095872688471633438e+00
6.225592485290088796e+00
6.113162025444816905e+00
5.748521103430291213e+00
5.025206267876935584e+00
5.573492248680760319e+00
4.816432494703768441e+00
6.197823415027359673e+00
6.043429933848369906e+00
5.316100527532223730e+00
5.467102254478403367e+00
5.159983899673187935e+00
5.938939826267917610e+00
6.174156198895646597e+00
6.322633720683787040e+00
5.969542307856876562e+00
6.043429933848369906e+00
5.740321007153828425e+00
4.069173335639022504e+00
6.331789928870676043e+00
4.630660518326802588e+00
6.080010618808119993e+00
5.901121146994115385e+00
6.302566807888699607e+00
6.189127396050896124e+00
5.506643728073126631e+00
3.597198325421866461e+00
4.581878296518864246e+00
4.294204699662048874e+00
4.646403665528493931e+00
5.948092643578205774e+00
5.967735760524196742e+00
3.604309747441538203e+00
4.480957042149404046e+00
5.159983899673187935e+00
4.581878296518864246e+00
4.816432494703768441e+00
5.237178617012238746e+00
3.830731313203746602e+00
5.391368015116172252e+00
5.200054939250859931e+00
6.006070608656158605e+00
5.503643977542865606e+00
5.000648271720624649e+00
5.748521103430291213e+00
6.189127396050896124e+00
6.061715412843121875e+00
5.217741288594750948e+00
5.289369488871340508e+00
5.590826882448442170e+00
6.301234767124967107e+00
6.133879424850384510e+00
5.748521103430291213e+00
5.706417392949553857e+00
5.043412037377043688e+00
5.938939826267917610e+00
6.096432824760625202e+00
4.990071380433212411e+00
5.660621581541438907e+00
4.520646963216026215e+00
4.646403665528493931e+00
4.480957042149404046e+00
5.189629283951430416e+00
5.728464807004724157e+00
5.043412037377043688e+00
5.629954933587158372e+00
6.032469077944472069e+00
5.487217440403226121e+00
5.948092643578205774e+00
6.164563267990024187e+00
6.186449005823630110e+00
5.967735760524196742e+00
4.480957042149404046e+00
5.000648271720624649e+00
6.364866586390829362e+00
5.220022844112142124e+00
6.351930082368218322e+00
5.739519265142511983e+00
6.197823415027359673e+00
5.316100527532223730e+00
5.834969248262104280e+00
6.164871794710620634e+00
5.928199546587324953e+00
4.480957042149404046e+00
5.269567265013218815e+00
5.748521103430291213e+00
5.778679445644042012e+00
6.104377158053828190e+00
6.269089693400956342e+00
4.294204699662048874e+00
5.237178617012238746e+00
4.787051609421576259e+00
5.914726812542987489e+00
4.480957042149404046e+00
5.816421411859597157e+00
5.590826882448442170e+00
4.294204699662048874e+00
4.879390449654485984e+00
3.784461589023094152e+00
6.164563267990024187e+00
5.739519265142511983e+00
6.161342345818878741e+00
6.109860153768197577e+00
5.781299006881372549e+00
5.414004648186465651e+00
5.948092643578205774e+00
4.880194367861180105e+00
4.630660518326802588e+00
6.275748206214823099e+00
6.336518337544077006e+00
5.901841284070028948e+00
5.435454482017362032e+00
4.480957042149404046e+00
5.079325395208926786e+00
5.038039246627417533e+00
5.967727044823180726e+00
4.578259038554214122e+00
5.938939826267917610e+00
5.319537499136916203e+00
5.950670600044468017e+00
6.164563267990024187e+00
4.535952413864633215e+00
5.189629283951430416e+00
6.302566807888699607e+00
5.506643728073126631e+00
5.748196224266679089e+00
5.491234266396285868e+00
6.256348624750938114e+00
6.322633720683787040e+00
5.458620890183023988e+00
5.916277258684925933e+00
5.781299006881372549e+00
6.344152216044139259e+00
5.304101488578429446e+00
6.039464837578509382e+00
5.491234266396285868e+00
5.405356758327615196e+00
3.439178807336988442e+00
5.750577800540564333e+00
5.317310338295321515e+00
5.877343256071022815e+00
5.159983899673187935e+00
5.748521103430291213e+00
5.967727044823180726e+00
6.096432824760625202e+00
6.183960456456023991e+00
5.948092643578205774e+00
6.208154660575630146e+00
5.113925234568814204e+00
6.331789928870676043e+00
6.214258431597398769e+00
4.490960499650421767e+00
5.159983899673187935e+00
5.814761238293812085e+00
5.938939826267917610e+00
5.298873977731760831e+00
6.089837337905441572e+00
5.039991811381943521e+00
6.256348624750938114e+00
5.948092643578205774e+00
5.997247726761150588e+00
5.595810317787216270e+00
4.480957042149404046e+00
5.159983899673187935e+00
5.506643728073126631e+00
4.990071380433212411e+00
4.811732987568478670e+00
6.322633720683787040e+00
5.834969248262104280e+00
6.186788552249261386e+00
6.375518216414278960e+00
4.535952413864633215e+00
4.490960499650421767e+00
5.785367643446893027e+00
5.748521103430291213e+00
5.938939826267917610e+00
4.350845128460341549e+00
5.193758438790814225e+00
4.990071380433212411e+00
5.519333948324580241e+00
5.950670600044468017e+00
5.919031880834113579e+00
3.877228150568915233e+00
4.331639038820059184e+00
5.748521103430291213e+00
5.043412037377043688e+00
5.289369488871340508e+00
5.215573013291015414e+00
5.948092643578205774e+00
5.705186866792534062e+00
6.043429933848369906e+00
6.161342345818878741e+00
4.480957042149404046e+00
6.302566807888699607e+00
5.706417392949553857e+00
4.713569536531225346e+00
6.039464837578509382e+00
5.471317173239131471e+00
6.066432733332244531e+00
6.296269504457008281e+00
5.997247726761150588e+00
5.919031880834113579e+00
5.595810317787216270e+00
5.079325395208926786e+00
5.901121146994115385e+00
5.409171136061694973e+00
5.471317173239131471e+00
6.339733957949729160e+00
6.289745199498272044e+00
6.301234767124967107e+00
6.242530874589998113e+00
5.919031880834113579e+00
6.006070608656158605e+00
5.159983899673187935e+00
5.748521103430291213e+00
6.104377158053828190e+00
5.043412037377043688e+00
5.590826882448442170e+00
5.179798960025959076e+00
6.322633720683787040e+00
6.075769912200056133e+00
5.967735760524196742e+00
6.006070608656158605e+00
4.318595484957604036e+00
4.323327128123410468e+00
6.344152216044139259e+00
6.269089693400956342e+00
4.581878296518864246e+00
4.294204699662048874e+00
5.573492248680760319e+00
4.879390449654485984e+00
4.480957042149404046e+00
5.019404237537361091e+00
5.748521103430291213e+00
5.506643728073126631e+00
5.298873977731760831e+00
6.089837337905441572e+00
6.322633720683787040e+00
5.705186866792534062e+00
5.854925746564108024e+00
5.621543084655462152e+00
5.503643977542865606e+00
5.757739008212755749e+00
6.283839947994468211e+00
4.294204699662048874e+00
6.289745199498272044e+00
5.669226747598168359e+00
6.322633720683787040e+00
5.834969248262104280e+00
6.331789928870676043e+00
4.630660518326802588e+00
