1.326870185202155739e+01
1.333981506249945070e+01
1.127181160516433067e+01
1.258867867143746899e+01
1.213904471489759196e+01
1.330751035872291688e+01
1.278282213910847354e+01
1.296464008839788917e+01
1.298559306110188594e+01
9.397111366954883138e+00
1.354945048336114155e+01
1.088261125586271127e+01
1.094159084310636842e+01
9.511744715380478610e+00
1.320640484096543688e+01
1.245083782499049363e+01
1.235617955522342903e+01
1.248955584827033505e+01
1.287059316404321585e+01
1.248270150994787642e+01
1.279468364806571401e+01
1.285790005741961828e+01
1.211272547608229644e+01
1.169588088289782135e+01
1.336330063489164388e+01
1.255034508499791990e+01
1.282268026297206553e+01
1.355880594909085346e+01
9.102955245953506136e+00
1.353056871851800835e+01
1.186118602957961166e+01
1.317399286058270214e+01
1.328427916014375221e+01
1.195186521255389067e+01
1.354482367175521951e+01
1.304782439624445978e+01
1.147139272896223083e+01
1.288588386180509104e+01
1.300637848730135282e+01
1.321389165949540789e+01
1.254110555378035485e+01
1.314599439140454429e+01
1.342938344010133811e+01
1.293425326159755251e+01
1.326179258618790513e+01
1.258867867143746899e+01
1.121374937102807046e+01
1.319921070746926972e+01
1.069145245781769660e+01
1.218674126889432152e+01
1.234634473790460163e+01
1.238928285207280311e+01
1.211272547608229644e+01
1.300852440426803369e+01
1.333803669748465737e+01
1.347439633112096402e+01
1.340661431389397329e+01
1.245036689339801761e+01
1.275987629352948183e+01
1.304387421433840899e+01
1.107899838709362506e+01
1.269513055123024081e+01
1.349334356102261978e+01
1.311570512596989602e+01
1.346934378912076902e+01
1.312660256590251961e+01
9.776492884247629078e+00
1.298555985516729905e+01
1.313735025371216203e+01
1.287701016652048835e+01
1.309304060922407231e+01
1.346891373372934275e+01
1.211272547608229644e+01
1.295168101173563358e+01
1.193804611928568349e+01
1.162361922304979167e+01
1.340241246601071978e+01
1.272808618320019747e+01
1.253414140320392711e+01
1.246699864261038293e+01
1.061400088244415940e+01
1.281270021040169738e+01
1.245565688166609064e+01
1.186206970903377567e+01
1.317304787672725652e+01
1.341903249250262320e+01
1.161095735032179022e+01
1.258151476171472183e+01
9.141289436517364919e+00
1.293606580429319663e+01
1.174385686567478260e+01
1.338778450788980301e+01
1.258867867143746899e+01
1.039972819870967768e+01
1.341834176039964710e+01
1.348450003277645237e+01
1.305786450049073544e+01
1.191123102320523408e+01
1.279497046223866441e+01
1.315365087307386815e+01
1.156177579332858230e+01
1.258163066134158470e+01
1.298980135007123593e+01
1.353445063545126814e+01
1.203085768346047146e+01
1.249103122590488013e+01
1.099290664301861042e+01
1.260041872231110638e+01
1.156226007648132814e+01
1.225106325548248876e+01
1.216918341095871980e+01
1.231874537683780879e+01
1.241857499844652502e+01
1.211272547608229644e+01
1.234817323537357936e+01
1.307723655509685301e+01
1.191370688074253614e+01
1.179781598182280788e+01
1.296754366002916647e+01
1.123724492739333236e+01
1.169024100859497395e+01
1.336387494134602250e+01
1.346759024989447795e+01
1.330751035872291688e+01
1.324032898807080905e+01
1.322068393873658643e+01
1.181949719207092819e+01
1.310892764302100311e+01
1.189821496707059723e+01
1.298578030109668902e+01
1.288156351599115368e+01
1.211272547608229644e+01
1.321353713154652532e+01
1.143001492534822994e+01
1.294899354683148651e+01
1.318909296361208305e+01
1.145392107720571140e+01
1.028799815676883611e+01
1.085337058806381272e+01
1.091285702320416995e+01
1.298455585722819094e+01
1.356069635420321440e+01
1.211272547608229644e+01
1.356946530127088657e+01
1.319680860711381598e+01
1.291432611252690243e+01
9.878088803688788389e+00
1.212760337543391032e+01
1.114586362863751390e+01
1.274080327583007488e+01
1.349214005805177052e+01
1.299479134434644045e+01
1.055898407864812683e+01
1.144862124297115535e+01
1.290423453480087090e+01
1.257730599845026731e+01
1.334587051435515725e+01
1.354654361557036779e+01
1.321872534837711299e+01
1.191738847160386428e+01
1.254354897125040225e+01
9.663743725227813997e+00
1.264870067743938975e+01
1.351947838051555806e+01
1.235506289797601553e+01
1.223587263559718963e+01
1.279497046223866441e+01
1.161400709469754844e+01
1.192963309510921022e+01
1.159524502983363625e+01
1.009366442736265057e+01
1.308795469322133798e+01
1.357177841208350877e+01
1.177299852557439763e+01
1.304387421433840899e+01
1.269646051912362239e+01
1.311200537991451043e+01
1.313231003638592398e+01
1.306463633170292837e+01
1.352055347276542996e+01
1.273025590599231194e+01
1.228826697938139390e+01
1.201122209490599957e+01
1.316063966265518559e+01
1.223408092571573924e+01
1.315205074949044040e+01
1.346934378912076902e+01
1.281766586811660780e+01
1.256297887783638423e+01
1.054403541010570855e+01
1.332061810070168661e+01
1.099871849550507008e+01
1.259006502478142053e+01
1.151346335537128418e+01
9.301691134894754853e+00
1.308353094405494588e+01
1.171990180418511684e+01
1.235064419965506310e+01
1.328398965589157044e+01
1.348715220190176822e+01
1.309160377374312745e+01
1.330751035872291688e+01
1.246378240850148700e+01
1.216284247188272971e+01
1.201505580821175734e+01
1.355953202685065051e+01
1.314650190969144106e+01
1.168121099642479699e+01
1.264633817508166835e+01
9.452360575039501001e+00
1.179809818897325613e+01
1.355648762125362694e+01
1.356510875257661297e+01
1.211272547608229644e+01
9.722990622175453623e+00
1.345163222585366825e+01
1.347480977237556488e+01
1.272882085308003219e+01
1.243509499982313393e+01
1.294456762526256099e+01
1.335107146850327275e+01
1.350727076150642958e+01
1.277220026464874714e+01
1.217954472032371882e+01
9.810900035728948865e+00
1.348127842659526010e+01
1.245735958697131451e+01
1.206913019755837269e+01
1.242540431841925930e+01
1.345068670266374511e+01
1.299304403396219776e+01
1.152515023653797144e+01
1.289381416266517988e+01
1.172703192016976104e+01
1.203760766519253167e+01
1.356599682372104887e+01
1.357076812844262115e+01
1.144927957693355403e+01
1.305997480362739971e+01
1.131874893861476217e+01
1.305729049863158053e+01
1.342466637176203470e+01
1.314129959622069244e+01
1.342788137052190578e+01
1.095951602221046350e+01
1.330751035872291688e+01
1.268329886862345823e+01
1.132648110195960456e+01
1.349159366919430170e+01
1.276266073424851655e+01
1.159842986211162241e+01
1.339751620103521823e+01
1.357786012081365001e+01
1.350727076150642958e+01
1.347106945620643081e+01
1.340127509008545381e+01
1.324659819343689549e+01
1.144740058817917117e+01
1.246338155266226977e+01
1.323664730600944495e+01
1.092519875035125665e+01
1.240492474497384912e+01
1.321568448450346445e+01
1.110727361215319675e+01
1.243306375456894486e+01
1.333774077456486751e+01
1.345257870100922659e+01
1.305912867623162299e+01
1.327377625143543938e+01
1.309225975642979023e+01
1.288858520089783610e+01
1.225788103821540531e+01
1.330751035872291688e+01
1.211272547608229644e+01
1.282337671213655028e+01
1.318784595576003227e+01
1.262400842447827642e+01
1.281146471865555370e+01
1.218850986295885619e+01
1.191467809955405599e+01
1.330751035872291688e+01
9.791008124938173296e+00
1.233936133056760553e+01
1.338770781005457344e+01
1.216722812316730895e+01
1.286481463836869921e+01
1.198846024792029930e+01
1.199312094651235938e+01
1.309223398886831724e+01
1.244955177503117483e+01
1.329826211610187769e+01
1.198849923476725365e+01
1.131545038358533262e+01
1.217043595885876250e+01
1.244556839621230537e+01
1.255467437796752783e+01
1.339158587317299087e+01
1.312010430216527723e+01
1.092313208447367501e+01
1.163806568161168187e+01
1.280990125652267686e+01
1.255568318004839412e+01
1.303497484641236248e+01
1.299479134434644045e+01
1.323543726582389723e+01
1.323547726287534410e+01
1.291946697969757807e+01
1.318332617736929713e+01
1.252998781172315645e+01
1.354296768250508975e+01
1.252170178031597736e+01
1.160767615543445608e+01
1.340725896170107312e+01
1.331211165254656059e+01
1.326364540698203598e+01
1.321967008924800169e+01
1.224029306365910585e+01
1.214223239769284390e+01
1.354607895430071984e+01
1.296604469712807450e+01
1.307943113624673082e+01
1.182451613991199402e+01
1.160814236266870658e+01
1.331211165254656059e+01
1.103416876619865228e+01
1.207117725492354943e+01
1.175227200230051849e+01
1.322044199346061788e+01
1.255151251735148321e+01
1.078464152057323133e+01
1.242893972353797771e+01
1.305887832207571542e+01
9.635777875621386102e+00
1.254144151970871057e+01
1.141165398307287049e+01
1.356718495022341386e+01
1.151214030081412787e+01
1.297579503896135122e+01
1.157849550724350429e+01
1.253225733914490014e+01
1.330751035872291688e+01
1.211272547608229644e+01
1.297172044766332633e+01
1.123534544767095689e+01
1.305822951871899384e+01
1.315649588361995015e+01
1.241959175168506491e+01
1.240874929711097963e+01
1.081606761395086025e+01
1.273603756386745900e+01
1.292713651706396760e+01
1.153179951192894848e+01
1.047847949529847789e+01
1.211272547608229644e+01
1.187676896221847223e+01
1.166470036949438693e+01
9.651295847381556214e+00
1.352065030223622699e+01
1.319222073159414954e+01
1.267883213737719927e+01
1.308233731128854060e+01
1.260253779546239983e+01
1.258867867143746899e+01
1.330751035872291688e+01
1.281625042137265069e+01
1.244233236981059143e+01
1.201973284380267515e+01
1.277855322566897023e+01
9.647066879609637269e+00
9.845464063073295691e+00
1.208405154930033021e+01
1.258867867143746899e+01
1.330751035872291688e+01
1.331197617133789102e+01
1.270909228930173995e+01
1.281068162874558780e+01
9.879671499601561990e+00
1.313720009814315937e+01
1.214692495293955332e+01
1.158752899198719533e+01
1.202554123233132444e+01
1.258867867143746899e+01
1.211272547608229644e+01
1.325551339852084887e+01
1.225897673069830951e+01
1.161197167360250049e+01
1.340361985038299508e+01
1.244488557125511008e+01
1.260088025726207306e+01
1.248457626656998087e+01
1.133354931852131386e+01
1.199932776211654506e+01
1.333149468825784467e+01
1.256577689977014067e+01
1.072535140136345788e+01
1.294213296562287141e+01
1.283782934227303940e+01
1.211272547608229644e+01
1.355358111807439592e+01
9.851175436752461323e+00
1.343153582652777800e+01
1.312243484214878109e+01
1.356822060485906434e+01
1.234713530760097733e+01
1.157636337763006296e+01
1.243621550921680097e+01
1.184763148633132168e+01
1.343283687452802155e+01
1.341480090084198018e+01
1.356972567217658820e+01
1.305926909962818883e+01
1.152582478448009340e+01
1.294297517059393954e+01
1.104065786935846738e+01
1.349910301363747323e+01
1.045983212719723987e+01
1.330751035872291688e+01
1.170180654043571522e+01
1.348010775020603624e+01
1.311032304374638713e+01
1.236369484077049385e+01
1.310464563712825914e+01
1.301059866166801449e+01
1.201774554310931187e+01
1.258867867143746899e+01
1.351987932969951878e+01
9.791008124938173296e+00
1.346868316210536243e+01
1.352838089417028833e+01
1.179139999808999661e+01
1.357092832600154608e+01
1.219137406245374677e+01
1.233322520517963206e+01
1.120199001575173270e+01
1.151653110113563727e+01
1.355213925894412341e+01
1.207117725492354943e+01
1.119385729512953631e+01
1.296759126511818394e+01
1.342497804440262144e+01
1.332543234432442603e+01
1.108249806860796660e+01
1.126065722416700865e+01
1.276589458217091888e+01
1.319040175094838041e+01
1.165721277148390378e+01
1.313663218934816435e+01
1.271287713441673795e+01
1.156895350232865383e+01
1.093994901019563137e+01
1.277295037008450329e+01
1.272956993948101001e+01
1.314715194321911085e+01
1.355013456470697619e+01
1.201991866324233982e+01
1.307943113624673082e+01
1.185403858330674964e+01
1.330751035872291688e+01
1.255335584252961212e+01
1.175849499568950662e+01
1.322186874566555481e+01
1.272229933211167108e+01
1.064448745981379219e+01
1.228468221878243050e+01
1.135547457817678918e+01
1.247469105886445995e+01
1.320234965421190942e+01
1.340883919621275844e+01
1.288525970766844608e+01
1.334330619960429587e+01
1.354302429473012026e+01
1.328180522960066767e+01
1.258867867143746899e+01
1.330751035872291688e+01
1.211272547608229644e+01
1.304835845972842989e+01
1.349542820346885286e+01
1.348351952427893430e+01
1.201405533492788180e+01
1.237634673270684971e+01
1.258867867143746899e+01
1.321233316680812564e+01
9.851175436752461323e+00
1.206131984956749292e+01
1.236907506535715484e+01
1.173758603065467199e+01
1.230554374552475494e+01
1.149454842110569786e+01
1.296024433650005037e+01
1.121895012320607954e+01
1.280819834550450231e+01
1.306643561446641399e+01
1.219442290778221327e+01
1.350239773517956365e+01
1.196001782829189075e+01
1.317980708761827024e+01
1.160814236266870658e+01
1.169983870920482616e+01
1.186123498093750328e+01
1.321150274546381809e+01
1.283615760371568371e+01
1.291279297399933057e+01
1.342776404363923071e+01
1.252085388162048929e+01
1.277494362466633859e+01
1.322977970264081371e+01
1.151109125791226084e+01
1.302294667794359384e+01
1.158206350693815345e+01
1.165000501575113034e+01
1.346224765039648297e+01
1.293735891577885333e+01
1.257295803123377276e+01
1.330751035872291688e+01
1.236403179403400188e+01
1.278634522772062176e+01
1.307032797126552381e+01
1.290232666470901535e+01
1.292119990585529443e+01
1.294013133020488659e+01
1.070619002546678189e+01
1.284588829697879220e+01
1.211272547608229644e+01
1.308403353009355996e+01
1.229129207225464526e+01
9.810900035728948865e+00
1.351899540849964332e+01
1.128176989912341277e+01
1.309048415251836417e+01
1.231462683894243426e+01
1.295952708343112292e+01
1.166641394472229187e+01
1.354984154110065475e+01
1.211272547608229644e+01
1.337748428197313189e+01
1.283694942999590438e+01
1.184368293965572860e+01
1.310164245950004869e+01
1.141352705567934755e+01
1.302276170805476596e+01
1.122221339250267569e+01
1.101082004500367972e+01
9.722990622175453623e+00
1.212529476279144447e+01
1.219378104200510649e+01
1.172703192016976104e+01
1.325729454900155346e+01
1.335757389876700962e+01
1.331041009415611143e+01
1.326459170246189068e+01
1.330751035872291688e+01
1.343556036300300782e+01
1.201405533492788180e+01
1.278617094465262838e+01
1.311225310460419990e+01
9.594334762403930128e+00
1.207717092885995669e+01
1.015332985178658554e+01
1.317032821999184833e+01
1.255151251735148321e+01
1.340374593432007089e+01
1.228826697938139390e+01
1.280830338148391156e+01
1.268412219682851472e+01
1.041775073458874523e+01
1.330907263878407143e+01
1.259790350131886605e+01
1.192963309510921022e+01
1.303465154058781295e+01
1.338439341322992249e+01
1.025056892452482060e+01
1.149805026687712228e+01
1.354056157908147284e+01
1.289031822799817562e+01
1.165967189235778356e+01
1.286608687443132304e+01
1.248469067869467253e+01
1.268329886862345823e+01
1.142626786030662522e+01
1.354666957595856935e+01
1.254654799566445078e+01
1.287417535545972669e+01
9.310233801575082069e+00
1.258867867143746899e+01
1.297688566486233874e+01
1.357784104977714712e+01
1.329928505063626254e+01
1.303785240310673643e+01
1.299208463440933414e+01
1.321376725660197948e+01
1.345828872520030650e+01
1.335562907480584904e+01
1.247404650768761236e+01
1.211272547608229644e+01
1.336854835847025669e+01
1.349120153611084838e+01
1.253636143746418163e+01
1.282696128131058089e+01
1.241299861513056335e+01
1.269307401425652060e+01
1.297761160983277584e+01
1.305595734789579154e+01
1.243140436228966372e+01
1.307753356143715706e+01
1.302906775911566051e+01
1.298201976956656445e+01
1.286152564878471516e+01
1.228586800450497130e+01
1.355031364914712455e+01
1.338244330500971735e+01
1.229115732068457056e+01
1.302401188322476422e+01
1.336021707562657390e+01
1.120692053503569952e+01
1.330751035872291688e+01
1.192261362142276937e+01
1.329855865760670497e+01
1.254380661609578773e+01
1.339158587317299087e+01
1.301125570886646976e+01
1.089343562118828146e+01
9.761879166129171281e+00
1.251476936090520020e+01
9.475430774219240959e+00
1.300762627059671139e+01
1.321872534837711299e+01
1.131557364139053234e+01
1.030708468882198936e+01
1.210163865201022837e+01
1.341112381100188777e+01
1.203312605277527503e+01
1.208475543521057460e+01
1.326918710810936020e+01
1.169201471775160073e+01
1.211003381556231062e+01
1.354565555971321089e+01
1.281000639310654421e+01
1.355809368582860408e+01
1.300222490303149847e+01
1.078464152057323133e+01
1.198172042199916199e+01
1.212070457764789566e+01
1.329398848536737709e+01
1.258867867143746899e+01
1.224341120684666429e+01
1.175710702500241389e+01
1.210360185009718847e+01
1.223189952231618527e+01
1.349334356102261978e+01
1.172842621344954317e+01
9.310233801575082069e+00
1.182185786952664230e+01
1.330751035872291688e+01
1.211272547608229644e+01
1.141548154926042180e+01
1.121508519672058846e+01
1.296609467626451107e+01
1.342066670028731146e+01
1.191800350145716436e+01
1.315464252022840697e+01
1.143667155714213202e+01
1.258659836801849075e+01
1.332449794598309012e+01
1.211272547608229644e+01
1.198650945565145420e+01
1.223587263559718963e+01
1.185079648142141906e+01
1.268768763006093714e+01
1.318775943519262306e+01
1.270108455737359421e+01
9.422123746956742707e+00
1.270703794405922693e+01
1.331638996930648666e+01
1.258867867143746899e+01
1.136788689734083135e+01
1.333233815313033688e+01
9.956602460525465048e+00
1.323036866526594224e+01
1.333527267370953595e+01
1.323157573389592656e+01
1.300180749437680916e+01
1.114032276912000974e+01
1.181121376232519538e+01
1.323170195081545231e+01
1.222695099053312262e+01
1.203723733950508823e+01
1.350829791546038372e+01
1.248392162790671023e+01
9.508645787026230423e+00
1.340314485093922414e+01
1.337504159768788981e+01
1.108800466885040592e+01
1.126786666902940759e+01
1.343091262567757127e+01
1.293059320262391942e+01
1.306009017289423113e+01
1.274465320466278229e+01
1.340169071622821129e+01
1.202579361607605435e+01
1.326933113058796820e+01
1.199610407500556875e+01
1.236369484077049385e+01
1.056151008645911205e+01
1.354302429473012026e+01
1.315269352291362992e+01
1.325703300962818432e+01
1.330751035872291688e+01
1.257651944424708290e+01
1.255590568971358678e+01
1.313364258878209512e+01
1.320134580516537071e+01
1.288860090653967383e+01
1.109996865215562067e+01
1.146272345301773399e+01
1.173345983735749165e+01
1.231298137067173748e+01
1.333730192602332920e+01
1.241350836880502939e+01
1.327023513500332363e+01
1.259674000967816809e+01
1.345064307187505825e+01
1.328857305625552421e+01
1.311925972341675362e+01
1.264318370498640398e+01
1.120199001575173270e+01
1.323154616156641161e+01
1.281911696535928691e+01
1.304120597526368996e+01
1.284432728305487892e+01
1.253636879266735527e+01
1.042262043434611485e+01
1.211272547608229644e+01
1.288273894549245213e+01
1.311439291771482019e+01
1.138764098870231045e+01
1.247466544925691423e+01
1.320294618052264113e+01
1.290477463512842249e+01
1.261022437351055814e+01
1.174625682226705337e+01
1.312613734660071607e+01
1.258867867143746899e+01
1.337765799474965611e+01
1.259883924290803670e+01
1.211272547608229644e+01
1.220965923978562095e+01
1.340589289920592364e+01
1.062620902863394257e+01
1.231795654119834360e+01
1.256857684208817716e+01
1.174487136661271869e+01
1.042262043434611485e+01
1.238648527710596525e+01
1.352627077949589385e+01
1.330751035872291688e+01
1.222824676601255156e+01
1.080769969582545542e+01
1.223587263559718963e+01
1.346934378912076902e+01
1.313284469544692357e+01
1.240026350921379361e+01
1.258867867143746899e+01
1.239401572187923506e+01
1.270231128365244722e+01
1.289929601553597749e+01
1.316247972639315833e+01
1.047412633548974625e+01
1.270451619814299171e+01
1.274055202903704398e+01
1.270951590137837428e+01
1.153771534556861411e+01
1.308562489807269991e+01
1.204111843685773486e+01
1.211272547608229644e+01
1.197767648768290449e+01
1.208947521107190148e+01
1.167835960423833441e+01
9.517913886369203880e+00
1.297014305603670614e+01
1.114586362863751390e+01
1.211628941443008323e+01
1.341049719352826486e+01
1.330751035872291688e+01
1.323547726287534410e+01
1.307248956259845940e+01
1.311901665799348748e+01
1.323474952994536302e+01
1.318571046002099578e+01
1.292527273904593166e+01
9.651295847381556214e+00
1.096764942748630212e+01
1.330751035872291688e+01
1.211272547608229644e+01
1.354539212937257631e+01
1.320511127040090571e+01
8.890093138411907958e+00
9.423356049291843561e+00
1.258593987820180082e+01
1.274391835255152650e+01
1.331644620215953445e+01
1.339255711437364660e+01
1.217043595885876250e+01
1.349653171495500459e+01
1.255230646941719996e+01
1.294420756889457458e+01
1.280865568625153905e+01
9.610158655828497487e+00
1.142103727053283002e+01
1.022179462438601050e+01
1.280653235622750508e+01
1.303497484641236248e+01
1.330751035872291688e+01
1.211272547608229644e+01
1.290994156681439975e+01
1.215735771113814678e+01
1.339101089528317523e+01
1.210460248451849630e+01
1.314189429625142402e+01
1.282548580531221560e+01
1.244560467682159199e+01
1.258867867143746899e+01
1.330751035872291688e+01
1.352605962056649069e+01
1.294540856359551206e+01
1.315755757935877668e+01
1.250619964666081074e+01
9.943480762546313301e+00
1.323039460884177387e+01
1.147679131145404341e+01
1.353250795248747984e+01
1.204011898027620830e+01
1.354302429473012026e+01
1.258867867143746899e+01
1.284770581341740936e+01
1.272710179216139892e+01
1.211272547608229644e+01
1.144581038195529388e+01
1.143897294615436877e+01
1.262400842447827642e+01
1.259558862117193101e+01
1.345120327842603913e+01
1.184952195500774152e+01
1.347591772826531376e+01
1.285405633738530362e+01
1.159030419710440718e+01
1.325077902514338746e+01
1.159855961805482671e+01
1.300270239947628426e+01
1.182718152971039238e+01
9.704299534645372205e+00
1.292445801671767569e+01
1.218451972172896447e+01
1.175710702500241389e+01
1.335320786943524141e+01
1.316109358565139864e+01
1.092313208447367501e+01
1.169882905068582168e+01
1.315604617008949262e+01
1.292246074001468514e+01
1.211065945979628466e+01
1.303130532454364143e+01
1.278775766512429612e+01
1.143183786920219625e+01
1.340557358951052791e+01
1.178374112643862937e+01
1.313954824865313675e+01
1.336554972626815108e+01
9.976571693470988933e+00
1.213354855215224504e+01
9.508560458238505930e+00
1.295423753494553587e+01
1.258867867143746899e+01
1.241741050533546264e+01
9.647066879609637269e+00
1.299366072854244969e+01
1.257894467058433818e+01
1.336610353980493038e+01
1.152841857383533153e+01
1.024636673885323646e+01
1.258988768100812727e+01
1.356822060485906434e+01
1.295976019294076842e+01
8.880137815696542702e+00
1.292445801671767569e+01
1.308165847009527916e+01
1.144027784872820952e+01
1.354302429473012026e+01
1.258867867143746899e+01
1.330751035872291688e+01
1.211272547608229644e+01
1.217186805996909449e+01
1.339751620103521823e+01
1.317399286058270214e+01
1.211272547608229644e+01
1.238269892490127155e+01
1.184923424733090158e+01
1.293272070767663884e+01
1.299684787364947169e+01
1.346934378912076902e+01
1.094753419003642492e+01
1.166002392408760002e+01
1.349789711498570277e+01
1.320515771870119615e+01
1.213520400144689049e+01
1.258867867143746899e+01
1.330751035872291688e+01
1.146272345301773399e+01
1.268335964955668871e+01
1.340160589620943554e+01
1.313938981297227748e+01
1.340832036906181202e+01
1.353696243317334869e+01
1.189608321296925730e+01
1.330751035872291688e+01
1.211272547608229644e+01
1.343499172409771525e+01
1.333774077456486751e+01
1.237246917913724431e+01
1.217724468630026990e+01
1.352249364600129766e+01
1.347800037412747010e+01
1.265895670198876743e+01
1.211272547608229644e+01
9.762121898094363814e+00
1.312096807626029715e+01
1.326024585657527943e+01
1.253241094437396441e+01
1.177348124188245571e+01
1.222255692128794990e+01
1.145424496271134629e+01
1.315520869168251039e+01
1.351298150892367644e+01
1.309508571565410229e+01
1.306381247150002345e+01
1.240925475987231685e+01
1.344655413958584766e+01
1.303697685560862318e+01
1.354258601660519012e+01
1.322657831365478209e+01
1.290998734150092275e+01
1.326165929081948391e+01
1.211272547608229644e+01
1.246296749872782783e+01
1.311742277235937415e+01
1.078464152057323133e+01
1.321659993986589043e+01
1.200944642584073740e+01
1.329359164983662822e+01
1.350347406573927422e+01
1.316441454268946742e+01
1.354866551319609869e+01
1.339751620103521823e+01
1.249523885328646600e+01
1.340241218661803480e+01
1.323547726287534410e+01
1.256360624886538346e+01
1.288908646132953528e+01
1.213006703893171512e+01
1.225576379368118829e+01
1.230143759959516458e+01
1.293646985391996651e+01
1.145460284777987958e+01
1.346834111480282026e+01
1.155465154079677248e+01
1.154781163096426155e+01
1.230626806229689407e+01
1.268929540163676606e+01
1.137059869670301104e+01
1.178134711764632847e+01
1.245474593320422763e+01
1.313210157127585731e+01
1.295568793160938625e+01
1.276741182556747489e+01
1.232854155027304266e+01
1.280880152599611499e+01
1.355421079005712848e+01
1.281541182663216460e+01
1.153629115602878308e+01
1.341676948384952084e+01
1.348127842659526010e+01
1.255830623256082923e+01
1.247824619163795212e+01
1.335257430213603236e+01
1.330751035872291688e+01
1.260113610278208895e+01
1.325327582415775041e+01
1.226063095758136789e+01
1.204701690002857895e+01
1.308172295457145395e+01
1.252553606033374223e+01
1.338390556656463204e+01
1.072535140136345788e+01
1.318550244330125665e+01
1.211272547608229644e+01
1.165909491803434506e+01
1.280865568625153905e+01
1.261938744356950970e+01
1.149887700972404936e+01
1.299550861689931125e+01
1.126806608144344146e+01
