4.083611907639157934e+00
4.987628957668485796e+00
4.291797884363014681e+00
4.078643856683592084e+00
4.844822857666082783e+00
4.691721063464393104e+00
3.437505537905655828e+00
4.986079698965562024e+00
4.264844822467083851e+00
4.865853852184942596e+00
4.456749943063964992e+00
5.371833883347692407e+00
4.481416906442809100e+00
4.560168291899470816e+00
3.946983730456850026e+00
4.396688735017477256e+00
3.901300957315815054e+00
5.396248955972756001e+00
5.266055827304239045e+00
4.264844822467083851e+00
4.721286518232471252e+00
4.456749943063964992e+00
5.371833883347692407e+00
5.276067453208680647e+00
4.560168291899470816e+00
5.140189311424614438e+00
3.667999191392163461e+00
4.755096203463487825e+00
4.418567020434203130e+00
4.900824307000333668e+00
4.987628957668485796e+00
4.397014167166399368e+00
5.371833883347692407e+00
4.755304279503194564e+00
4.078643856683592084e+00
4.377325782815386646e+00
4.396688735017477256e+00
5.135950644121463959e+00
3.901300957315815054e+00
4.426187917084386747e+00
5.343562778788532697e+00
4.827920462277212721e+00
4.291797884363014681e+00
4.560168291899470816e+00
4.078643856683592084e+00
3.667999191392163461e+00
4.253064020914364640e+00
5.154209484305234845e+00
4.418567020434203130e+00
5.159089043303770161e+00
4.721286518232471252e+00
5.107187185752685821e+00
4.397014167166399368e+00
5.371833883347692407e+00
5.276067453208680647e+00
4.386203793799453798e+00
3.667999191392163461e+00
3.946983730456850026e+00
4.396688735017477256e+00
5.098063501032856770e+00
4.987628957668485796e+00
5.105082902518170762e+00
4.755304279503194564e+00
4.560168291899470816e+00
4.078643856683592084e+00
5.060091053819688156e+00
4.543122563088918930e+00
3.437505537905655828e+00
5.266055827304239045e+00
4.913148544527174977e+00
4.083611907639157934e+00
4.450724478550868390e+00
4.612732013387318197e+00
5.147056402447319101e+00
4.560168291899470816e+00
4.786288969679716843e+00
3.667999191392163461e+00
5.060091053819688156e+00
4.844822857666082783e+00
3.901300957315815054e+00
4.987628957668485796e+00
4.802972842303684153e+00
5.073792338303485749e+00
5.276067453208680647e+00
5.380635245224479668e+00
4.078643856683592084e+00
4.989567511321249427e+00
3.946983730456850026e+00
4.396688735017477256e+00
4.844822857666082783e+00
4.083611907639157934e+00
4.779527999139204120e+00
4.802972842303684153e+00
4.291797884363014681e+00
5.137865223752236865e+00
5.174907744910672847e+00
3.667999191392163461e+00
3.946983730456850026e+00
5.154209484305234845e+00
4.543122563088918930e+00
4.083611907639157934e+00
4.779527999139204120e+00
4.802972842303684153e+00
5.371833883347692407e+00
4.481416906442809100e+00
4.560168291899470816e+00
4.786288969679716843e+00
4.078643856683592084e+00
3.667999191392163461e+00
3.946983730456850026e+00
5.343562778788532697e+00
4.987628957668485796e+00
5.371833883347692407e+00
5.147056402447319101e+00
4.560168291899470816e+00
4.078643856683592084e+00
3.667999191392163461e+00
3.946983730456850026e+00
4.396688735017477256e+00
4.844822857666082783e+00
4.083611907639157934e+00
4.987628957668485796e+00
5.105082902518170762e+00
4.291797884363014681e+00
4.078643856683592084e+00
4.377325782815386646e+00
4.396688735017477256e+00
4.543122563088918930e+00
4.426187917084386747e+00
4.825627214034107659e+00
4.083611907639157934e+00
5.371833883347692407e+00
3.813292212852057439e+00
4.560168291899470816e+00
5.174907744910672847e+00
4.253064020914364640e+00
4.396688735017477256e+00
4.844822857666082783e+00
4.828631625308624109e+00
3.929102873630167192e+00
4.987628957668485796e+00
4.781669116287096344e+00
4.560168291899470816e+00
4.078643856683592084e+00
4.325050365562373322e+00
3.946983730456850026e+00
4.396688735017477256e+00
4.844822857666082783e+00
3.901300957315815054e+00
4.800844410300936893e+00
4.083611907639157934e+00
4.827920462277212721e+00
5.352484264192604257e+00
4.781669116287096344e+00
4.291797884363014681e+00
4.078643856683592084e+00
5.197118805943675923e+00
4.396688735017477256e+00
4.418567020434203130e+00
3.901300957315815054e+00
4.083611907639157934e+00
4.987628957668485796e+00
5.371833883347692407e+00
5.276067453208680647e+00
4.078643856683592084e+00
3.946983730456850026e+00
5.060091053819688156e+00
4.785133086140021419e+00
3.901300957315815054e+00
5.396248955972756001e+00
4.781937747230379898e+00
4.987628957668485796e+00
4.397014167166399368e+00
4.755304279503194564e+00
4.560168291899470816e+00
4.078643856683592084e+00
3.667999191392163461e+00
4.350456717526501649e+00
4.900824307000333668e+00
5.396248955972756001e+00
5.225853016679139706e+00
5.371833883347692407e+00
5.276067453208680647e+00
4.896304975462176579e+00
5.154209484305234845e+00
3.901300957315815054e+00
5.236505041740735500e+00
4.986079698965562024e+00
4.269568645296008214e+00
4.729173309786074419e+00
4.083611907639157934e+00
4.779527999139204120e+00
4.781669116287096344e+00
4.291797884363014681e+00
4.560168291899470816e+00
4.078643856683592084e+00
3.667999191392163461e+00
4.396688735017477256e+00
4.543122563088918930e+00
3.901300957315815054e+00
4.456749943063964992e+00
5.371833883347692407e+00
4.291797884363014681e+00
4.981896566602941334e+00
4.078643856683592084e+00
3.667999191392163461e+00
4.292138694403388577e+00
4.396688735017477256e+00
4.844822857666082783e+00
3.901300957315815054e+00
4.987628957668485796e+00
4.593254152808640356e+00
4.291797884363014681e+00
5.372174183394899494e+00
5.402684883364369028e+00
4.989567511321249427e+00
3.946983730456850026e+00
5.275924184265714523e+00
4.543122563088918930e+00
4.900824307000333668e+00
4.083611907639157934e+00
4.827920462277212721e+00
5.276067453208680647e+00
4.560168291899470816e+00
4.078643856683592084e+00
3.946983730456850026e+00
4.396688735017477256e+00
4.844822857666082783e+00
3.901300957315815054e+00
4.625169765489455465e+00
4.083611907639157934e+00
4.987628957668485796e+00
5.371833883347692407e+00
4.291797884363014681e+00
5.380635245224479668e+00
4.781394614824634459e+00
3.667999191392163461e+00
4.292138694403388577e+00
4.396688735017477256e+00
4.844822857666082783e+00
4.083611907639157934e+00
5.225853016679139706e+00
4.397014167166399368e+00
4.304107863900729747e+00
5.137865223752236865e+00
4.786288969679716843e+00
4.989567511321249427e+00
3.946983730456850026e+00
4.396688735017477256e+00
4.844822857666082783e+00
4.781937747230379898e+00
4.397014167166399368e+00
5.371833883347692407e+00
5.276067453208680647e+00
4.780330756367698442e+00
3.946983730456850026e+00
4.844822857666082783e+00
3.901300957315815054e+00
3.997928855473691812e+00
4.986079698965562024e+00
4.083611907639157934e+00
5.225853016679139706e+00
4.397014167166399368e+00
4.468627052168789859e+00
4.560168291899470816e+00
5.174907744910672847e+00
4.989567511321249427e+00
3.946983730456850026e+00
4.396688735017477256e+00
4.844822857666082783e+00
5.225853016679139706e+00
5.371833883347692407e+00
4.291797884363014681e+00
4.560168291899470816e+00
4.781394614824634459e+00
3.667999191392163461e+00
4.292138694403388577e+00
5.154209484305234845e+00
4.785133086140021419e+00
4.800844410300936893e+00
5.371833883347692407e+00
4.481416906442809100e+00
4.078643856683592084e+00
5.197118805943675923e+00
4.844519632958331989e+00
4.820260879849985081e+00
4.785133086140021419e+00
3.901300957315815054e+00
4.800844410300936893e+00
4.764144811934468038e+00
4.083611907639157934e+00
4.987628957668485796e+00
5.371833883347692407e+00
4.560168291899470816e+00
4.786288969679716843e+00
4.078643856683592084e+00
4.325050365562373322e+00
4.292138694403388577e+00
4.396688735017477256e+00
4.785133086140021419e+00
5.105082902518170762e+00
4.560168291899470816e+00
4.722746456592303410e+00
4.396688735017477256e+00
4.844822857666082783e+00
3.901300957315815054e+00
3.437505537905655828e+00
4.867634374098273931e+00
5.266055827304239045e+00
3.929102873630167192e+00
5.371833883347692407e+00
4.755304279503194564e+00
5.380635245224479668e+00
4.786288969679716843e+00
3.667999191392163461e+00
4.893077383393208635e+00
5.154209484305234845e+00
4.785133086140021419e+00
5.159089043303770161e+00
3.437505537905655828e+00
4.987628957668485796e+00
4.291797884363014681e+00
4.560168291899470816e+00
4.078643856683592084e+00
3.667999191392163461e+00
5.060091053819688156e+00
4.844822857666082783e+00
4.863181424408040243e+00
4.986079698965562024e+00
3.929102873630167192e+00
4.083611907639157934e+00
4.397014167166399368e+00
5.371833883347692407e+00
5.276067453208680647e+00
5.380635245224479668e+00
3.667999191392163461e+00
4.253064020914364640e+00
4.785133086140021419e+00
5.159089043303770161e+00
4.426187917084386747e+00
4.987628957668485796e+00
5.371833883347692407e+00
4.291797884363014681e+00
4.386203793799453798e+00
3.946983730456850026e+00
4.396688735017477256e+00
4.844822857666082783e+00
3.901300957315815054e+00
4.855210030829597123e+00
5.312079541363859292e+00
4.083611907639157934e+00
5.008722044076282742e+00
4.397014167166399368e+00
4.291797884363014681e+00
5.174907744910672847e+00
3.667999191392163461e+00
5.295554850886629694e+00
4.085090637015859727e+00
5.210735596023968519e+00
3.320388648646183327e+00
4.987628957668485796e+00
4.397014167166399368e+00
5.371833883347692407e+00
4.291797884363014681e+00
5.402684883364369028e+00
3.667999191392163461e+00
4.350456717526501649e+00
4.844822857666082783e+00
3.901300957315815054e+00
3.437505537905655828e+00
4.083611907639157934e+00
4.987628957668485796e+00
4.755304279503194564e+00
4.560168291899470816e+00
5.140189311424614438e+00
5.307053862980831482e+00
3.946983730456850026e+00
5.154209484305234845e+00
4.828631625308624109e+00
4.269568645296008214e+00
4.083611907639157934e+00
4.987628957668485796e+00
5.371833883347692407e+00
4.291797884363014681e+00
5.372174183394899494e+00
4.386203793799453798e+00
3.667999191392163461e+00
4.292138694403388577e+00
4.770854250629138704e+00
4.844822857666082783e+00
4.827920462277212721e+00
4.397014167166399368e+00
5.371833883347692407e+00
4.291797884363014681e+00
4.078643856683592084e+00
3.667999191392163461e+00
3.946983730456850026e+00
4.396688735017477256e+00
3.901300957315815054e+00
3.437505537905655828e+00
5.343562778788532697e+00
4.304107863900729747e+00
4.560168291899470816e+00
4.078643856683592084e+00
3.667999191392163461e+00
4.396688735017477256e+00
5.098063501032856770e+00
4.828631625308624109e+00
4.986079698965562024e+00
4.908308859780106559e+00
5.105082902518170762e+00
5.276067453208680647e+00
4.560168291899470816e+00
4.078643856683592084e+00
4.325050365562373322e+00
4.350456717526501649e+00
4.844822857666082783e+00
3.901300957315815054e+00
3.437505537905655828e+00
3.997928855473691812e+00
5.398468744614262071e+00
4.987628957668485796e+00
5.371833883347692407e+00
3.813292212852057439e+00
5.174907744910672847e+00
3.667999191392163461e+00
4.844822857666082783e+00
3.437505537905655828e+00
3.997928855473691812e+00
4.986079698965562024e+00
4.397014167166399368e+00
3.813292212852057439e+00
4.560168291899470816e+00
5.140189311424614438e+00
4.820260879849985081e+00
4.844822857666082783e+00
3.901300957315815054e+00
3.437505537905655828e+00
3.997928855473691812e+00
4.986079698965562024e+00
5.008722044076282742e+00
4.781669116287096344e+00
4.304107863900729747e+00
5.140189311424614438e+00
5.124752777776592438e+00
3.946983730456850026e+00
4.396688735017477256e+00
4.844822857666082783e+00
3.901300957315815054e+00
4.625169765489455465e+00
4.083611907639157934e+00
4.987628957668485796e+00
5.253185842913401515e+00
4.291797884363014681e+00
4.560168291899470816e+00
4.078643856683592084e+00
4.253064020914364640e+00
4.350456717526501649e+00
4.863181424408040243e+00
3.437505537905655828e+00
4.083611907639157934e+00
4.987628957668485796e+00
4.397014167166399368e+00
5.105082902518170762e+00
5.147056402447319101e+00
5.060091053819688156e+00
4.785133086140021419e+00
3.437505537905655828e+00
3.997928855473691812e+00
4.599860433636991708e+00
4.397014167166399368e+00
5.105082902518170762e+00
4.481416906442809100e+00
5.140189311424614438e+00
4.325050365562373322e+00
4.292138694403388577e+00
4.396688735017477256e+00
4.418567020434203130e+00
4.900824307000333668e+00
5.210735596023968519e+00
4.721286518232471252e+00
5.008722044076282742e+00
4.922732415784246918e+00
4.291797884363014681e+00
4.078643856683592084e+00
4.325050365562373322e+00
4.396688735017477256e+00
4.785133086140021419e+00
3.901300957315815054e+00
4.269568645296008214e+00
4.083611907639157934e+00
5.225853016679139706e+00
4.397014167166399368e+00
5.371833883347692407e+00
4.786288969679716843e+00
5.140189311424614438e+00
5.124752777776592438e+00
3.946983730456850026e+00
4.820260879849985081e+00
4.844822857666082783e+00
5.343562778788532697e+00
4.987628957668485796e+00
4.878213846534452003e+00
4.304107863900729747e+00
4.608940887739507275e+00
4.786288969679716843e+00
4.078643856683592084e+00
4.377325782815386646e+00
4.396688735017477256e+00
4.785133086140021419e+00
4.987628957668485796e+00
5.105082902518170762e+00
4.481416906442809100e+00
4.560168291899470816e+00
4.325050365562373322e+00
4.350456717526501649e+00
3.997928855473691812e+00
4.986079698965562024e+00
3.929102873630167192e+00
4.908308859780106559e+00
5.225853016679139706e+00
4.802972842303684153e+00
5.371833883347692407e+00
4.291797884363014681e+00
4.786288969679716843e+00
5.140189311424614438e+00
3.667999191392163461e+00
5.154209484305234845e+00
4.844822857666082783e+00
3.901300957315815054e+00
4.721286518232471252e+00
4.397014167166399368e+00
5.371833883347692407e+00
5.276067453208680647e+00
3.667999191392163461e+00
4.820260879849985081e+00
4.844822857666082783e+00
4.796001865530961972e+00
3.997928855473691812e+00
4.814251157768673295e+00
5.343562778788532697e+00
4.827920462277212721e+00
4.397014167166399368e+00
4.781669116287096344e+00
4.755304279503194564e+00
4.560168291899470816e+00
4.386203793799453798e+00
3.667999191392163461e+00
3.946983730456850026e+00
5.154209484305234845e+00
4.934167505619302396e+00
4.397014167166399368e+00
4.755304279503194564e+00
4.560168291899470816e+00
4.078643856683592084e+00
3.946983730456850026e+00
5.060091053819688156e+00
4.844822857666082783e+00
3.901300957315815054e+00
3.437505537905655828e+00
4.781937747230379898e+00
5.385877285859320018e+00
5.073792338303485749e+00
4.291797884363014681e+00
4.786288969679716843e+00
5.402684883364369028e+00
4.396688735017477256e+00
4.970157091228890600e+00
4.800844410300936893e+00
3.997928855473691812e+00
4.721286518232471252e+00
4.987628957668485796e+00
5.371833883347692407e+00
4.291797884363014681e+00
5.140189311424614438e+00
3.667999191392163461e+00
3.946983730456850026e+00
5.060091053819688156e+00
5.135950644121463959e+00
4.426187917084386747e+00
4.083611907639157934e+00
4.397014167166399368e+00
5.371833883347692407e+00
4.291797884363014681e+00
4.560168291899470816e+00
4.981896566602941334e+00
4.078643856683592084e+00
3.946983730456850026e+00
4.396688735017477256e+00
4.844822857666082783e+00
5.225853016679139706e+00
5.276067453208680647e+00
4.560168291899470816e+00
5.329238044816805520e+00
5.197118805943675923e+00
3.946983730456850026e+00
4.844822857666082783e+00
3.901300957315815054e+00
3.437505537905655828e+00
4.986079698965562024e+00
4.083611907639157934e+00
4.397014167166399368e+00
5.371833883347692407e+00
4.291797884363014681e+00
4.560168291899470816e+00
4.078643856683592084e+00
4.396688735017477256e+00
4.691721063464393104e+00
5.071049704489011489e+00
3.997928855473691812e+00
4.779527999139204120e+00
5.371833883347692407e+00
4.304107863900729747e+00
4.981896566602941334e+00
5.197118805943675923e+00
4.844519632958331989e+00
5.060091053819688156e+00
4.844822857666082783e+00
4.625169765489455465e+00
4.746968282077526524e+00
4.721286518232471252e+00
5.147056402447319101e+00
4.560168291899470816e+00
4.689118690591842942e+00
3.667999191392163461e+00
3.946983730456850026e+00
5.060091053819688156e+00
5.198495268991909057e+00
4.900824307000333668e+00
4.796001865530961972e+00
4.083611907639157934e+00
4.304107863900729747e+00
4.560168291899470816e+00
4.981896566602941334e+00
4.078643856683592084e+00
4.989567511321249427e+00
3.946983730456850026e+00
4.800844410300936893e+00
3.997928855473691812e+00
3.929102873630167192e+00
4.083611907639157934e+00
4.397014167166399368e+00
5.371833883347692407e+00
4.325050365562373322e+00
3.946983730456850026e+00
4.396688735017477256e+00
4.844822857666082783e+00
4.900824307000333668e+00
3.437505537905655828e+00
3.997928855473691812e+00
4.781937747230379898e+00
4.827920462277212721e+00
4.397014167166399368e+00
5.371833883347692407e+00
5.372174183394899494e+00
5.140189311424614438e+00
4.989567511321249427e+00
4.292138694403388577e+00
4.396688735017477256e+00
4.844822857666082783e+00
4.083611907639157934e+00
4.456749943063964992e+00
4.397014167166399368e+00
5.297099744628206430e+00
4.560168291899470816e+00
4.078643856683592084e+00
4.396688735017477256e+00
4.844822857666082783e+00
4.825627214034107659e+00
4.986079698965562024e+00
5.343562778788532697e+00
4.827920462277212721e+00
4.397014167166399368e+00
5.073792338303485749e+00
4.304107863900729747e+00
4.560168291899470816e+00
5.174907744910672847e+00
5.124752777776592438e+00
5.060091053819688156e+00
4.785133086140021419e+00
4.083611907639157934e+00
4.987628957668485796e+00
4.397014167166399368e+00
5.371833883347692407e+00
3.813292212852057439e+00
4.560168291899470816e+00
4.078643856683592084e+00
4.893077383393208635e+00
4.350456717526501649e+00
4.844822857666082783e+00
4.083611907639157934e+00
5.008722044076282742e+00
5.137865223752236865e+00
4.078643856683592084e+00
4.377325782815386646e+00
4.292138694403388577e+00
4.396688735017477256e+00
4.418567020434203130e+00
3.901300957315815054e+00
3.437505537905655828e+00
4.987628957668485796e+00
4.397014167166399368e+00
4.481416906442809100e+00
4.603223109925577816e+00
3.667999191392163461e+00
5.060091053819688156e+00
4.418567020434203130e+00
3.437505537905655828e+00
3.997928855473691812e+00
3.929102873630167192e+00
4.083611907639157934e+00
4.987628957668485796e+00
5.105082902518170762e+00
4.755304279503194564e+00
4.560168291899470816e+00
5.402684883364369028e+00
4.874579520871532345e+00
5.154209484305234845e+00
4.844822857666082783e+00
3.997928855473691812e+00
4.083611907639157934e+00
5.225853016679139706e+00
4.397014167166399368e+00
4.415565229629572208e+00
4.560168291899470816e+00
4.981896566602941334e+00
4.078643856683592084e+00
4.292138694403388577e+00
4.396688735017477256e+00
4.844822857666082783e+00
4.779527999139204120e+00
5.371833883347692407e+00
4.291797884363014681e+00
4.078643856683592084e+00
4.396688735017477256e+00
4.844822857666082783e+00
3.901300957315815054e+00
4.800844410300936893e+00
5.210735596023968519e+00
4.986079698965562024e+00
4.987628957668485796e+00
5.105082902518170762e+00
5.301393388912257976e+00
4.560168291899470816e+00
4.078643856683592084e+00
3.667999191392163461e+00
4.396688735017477256e+00
4.844822857666082783e+00
3.901300957315815054e+00
3.437505537905655828e+00
4.083611907639157934e+00
5.371833883347692407e+00
4.291797884363014681e+00
4.560168291899470816e+00
4.989567511321249427e+00
4.396688735017477256e+00
4.418567020434203130e+00
5.253027995963014618e+00
3.437505537905655828e+00
3.997928855473691812e+00
4.721286518232471252e+00
4.827920462277212721e+00
5.140189311424614438e+00
4.875199907568721791e+00
3.946983730456850026e+00
4.396688735017477256e+00
4.418567020434203130e+00
3.901300957315815054e+00
5.098063501032856770e+00
4.986079698965562024e+00
4.781937747230379898e+00
4.987628957668485796e+00
4.781669116287096344e+00
4.291797884363014681e+00
4.560168291899470816e+00
4.078643856683592084e+00
4.989567511321249427e+00
3.946983730456850026e+00
4.350456717526501649e+00
4.844822857666082783e+00
4.397014167166399368e+00
5.147056402447319101e+00
4.560168291899470816e+00
4.078643856683592084e+00
3.667999191392163461e+00
4.396688735017477256e+00
3.901300957315815054e+00
3.437505537905655828e+00
3.997928855473691812e+00
3.929102873630167192e+00
4.987628957668485796e+00
4.397014167166399368e+00
4.560168291899470816e+00
4.078643856683592084e+00
5.197118805943675923e+00
3.946983730456850026e+00
4.350456717526501649e+00
4.570032682963510062e+00
3.901300957315815054e+00
4.625169765489455465e+00
4.781937747230379898e+00
4.397014167166399368e+00
5.371833883347692407e+00
4.481416906442809100e+00
5.380635245224479668e+00
4.377325782815386646e+00
3.946983730456850026e+00
5.253027995963014618e+00
3.997928855473691812e+00
5.266055827304239045e+00
4.397014167166399368e+00
5.371833883347692407e+00
4.291797884363014681e+00
5.380635245224479668e+00
4.078643856683592084e+00
3.667999191392163461e+00
3.946983730456850026e+00
5.295554850886629694e+00
5.159089043303770161e+00
3.437505537905655828e+00
4.397014167166399368e+00
4.781669116287096344e+00
5.380635245224479668e+00
5.174907744910672847e+00
3.946983730456850026e+00
4.844822857666082783e+00
5.253027995963014618e+00
4.986079698965562024e+00
3.929102873630167192e+00
4.269568645296008214e+00
4.397014167166399368e+00
4.781669116287096344e+00
5.301393388912257976e+00
4.560168291899470816e+00
4.253064020914364640e+00
4.396688735017477256e+00
3.901300957315815054e+00
3.437505537905655828e+00
5.210735596023968519e+00
5.266055827304239045e+00
4.083611907639157934e+00
4.397014167166399368e+00
5.105082902518170762e+00
5.380635245224479668e+00
4.078643856683592084e+00
3.667999191392163461e+00
4.396688735017477256e+00
4.602029570853440887e+00
4.900824307000333668e+00
4.625169765489455465e+00
4.083611907639157934e+00
4.827920462277212721e+00
4.397014167166399368e+00
4.291797884363014681e+00
4.560168291899470816e+00
4.722746456592303410e+00
4.377325782815386646e+00
3.946983730456850026e+00
4.396688735017477256e+00
4.418567020434203130e+00
4.781937747230379898e+00
4.987628957668485796e+00
4.397014167166399368e+00
5.371833883347692407e+00
4.291797884363014681e+00
4.078643856683592084e+00
4.377325782815386646e+00
4.396688735017477256e+00
4.418567020434203130e+00
5.253027995963014618e+00
4.083611907639157934e+00
4.987628957668485796e+00
4.397014167166399368e+00
4.078643856683592084e+00
3.667999191392163461e+00
3.946983730456850026e+00
4.396688735017477256e+00
4.785133086140021419e+00
4.691721063464393104e+00
4.426187917084386747e+00
4.721286518232471252e+00
4.934167505619302396e+00
4.397014167166399368e+00
4.922732415784246918e+00
5.301393388912257976e+00
4.560168291899470816e+00
4.781394614824634459e+00
4.078643856683592084e+00
3.667999191392163461e+00
4.820260879849985081e+00
4.827920462277212721e+00
5.371833883347692407e+00
4.291797884363014681e+00
5.140189311424614438e+00
3.667999191392163461e+00
4.396688735017477256e+00
3.901300957315815054e+00
5.396248955972756001e+00
4.922765762141813717e+00
2.656311676842826319e+00
4.083611907639157934e+00
4.987628957668485796e+00
5.371833883347692407e+00
4.291797884363014681e+00
4.560168291899470816e+00
3.667999191392163461e+00
4.292138694403388577e+00
4.602029570853440887e+00
5.159089043303770161e+00
4.855210030829597123e+00
4.083611907639157934e+00
5.008722044076282742e+00
4.397014167166399368e+00
4.304107863900729747e+00
5.402684883364369028e+00
4.325050365562373322e+00
4.396688735017477256e+00
4.844822857666082783e+00
4.900824307000333668e+00
3.437505537905655828e+00
4.083611907639157934e+00
5.225853016679139706e+00
4.397014167166399368e+00
5.371833883347692407e+00
4.291797884363014681e+00
4.560168291899470816e+00
4.781394614824634459e+00
3.667999191392163461e+00
4.396688735017477256e+00
4.844822857666082783e+00
4.781937747230379898e+00
5.225853016679139706e+00
4.397014167166399368e+00
4.781669116287096344e+00
4.291797884363014681e+00
4.078643856683592084e+00
3.946983730456850026e+00
4.785133086140021419e+00
3.901300957315815054e+00
5.396248955972756001e+00
4.083611907639157934e+00
4.827920462277212721e+00
4.397014167166399368e+00
4.781669116287096344e+00
4.560168291899470816e+00
4.786288969679716843e+00
3.667999191392163461e+00
3.946983730456850026e+00
4.396688735017477256e+00
5.275739410050283240e+00
4.083611907639157934e+00
5.008722044076282742e+00
4.397014167166399368e+00
5.371833883347692407e+00
4.291797884363014681e+00
4.560168291899470816e+00
4.078643856683592084e+00
3.667999191392163461e+00
3.901300957315815054e+00
4.426187917084386747e+00
4.083611907639157934e+00
4.987628957668485796e+00
4.397014167166399368e+00
5.371833883347692407e+00
4.481416906442809100e+00
5.380635245224479668e+00
4.078643856683592084e+00
3.667999191392163461e+00
5.060091053819688156e+00
4.844822857666082783e+00
4.083611907639157934e+00
4.397014167166399368e+00
5.371833883347692407e+00
4.755304279503194564e+00
4.560168291899470816e+00
5.140189311424614438e+00
3.946983730456850026e+00
4.396688735017477256e+00
4.844822857666082783e+00
3.901300957315815054e+00
4.083611907639157934e+00
4.934167505619302396e+00
4.397014167166399368e+00
5.371833883347692407e+00
4.291797884363014681e+00
4.560168291899470816e+00
4.078643856683592084e+00
4.377325782815386646e+00
4.396688735017477256e+00
3.901300957315815054e+00
4.083611907639157934e+00
5.225853016679139706e+00
5.371833883347692407e+00
4.481416906442809100e+00
5.380635245224479668e+00
4.786288969679716843e+00
5.140189311424614438e+00
5.307053862980831482e+00
3.946983730456850026e+00
4.396688735017477256e+00
