6.226589892838591510e-04
2.360555362890921164e-04
3.717647436043661929e-04
5.677514643145862563e-04
3.735709932348999689e-04
8.383107955891546574e-04
4.278592128113497574e-04
3.533753224855853384e-04
5.898391950448458225e-04
6.305029175134459858e-04
9.050449293476651525e-04
9.196436940716243291e-04
3.103622309391124590e-04
9.967191300865403582e-04
2.572948411469684637e-04
1.621071611705654850e-03
3.551515863428657553e-04
7.267874359873291445e-04
8.666622653857318677e-04
1.799048471434463005e-03
4.376449317137985065e-04
4.950127251393967405e-04
2.690625761488283328e-04
8.051194200439500083e-04
1.041076313717059212e-03
1.683437741983824943e-03
3.460134160037164420e-04
1.636123846941799640e-03
3.286911487088199852e-04
7.877708919279430982e-04
7.711523422636413572e-04
1.449979674635833203e-03
4.421047852219822921e-04
4.007357582142426840e-04
1.125895551284742052e-03
2.339839660050910004e-03
5.295218992698799872e-03
1.055860583356949814e-03
4.839877603757043625e-04
1.225674056235864437e-03
3.288589673153157530e-04
6.685676489930641618e-04
6.324803209761257127e-04
1.163825648912399134e-03
7.239093232454073398e-04
1.129565202701158936e-03
5.506102749051727243e-04
6.280519084202139651e-04
3.350883863623729635e-04
8.063503930958660281e-04
7.616744374594484933e-04
5.355685455080637890e-04
2.106208686206788696e-04
9.235156092448469243e-04
2.797554821646600532e-04
1.721409559743673366e-04
1.271590054242655466e-03
1.354132172094746952e-03
2.153449966332254004e-04
3.066069062533635973e-04
7.491578682567091212e-04
8.582635069089761173e-04
3.917000884940515307e-04
4.687183284984982809e-04
5.033059507344298834e-04
5.396290015259950622e-04
2.615628474125250395e-04
5.581953270411017104e-04
5.330209817862173634e-04
4.538586140721250352e-04
8.772969526810138951e-04
4.221945527702714810e-04
1.756885300382112543e-03
9.084665016345432834e-04
2.313361282939081125e-04
5.881266558090298162e-04
4.533807081829681319e-04
3.458141683375257828e-04
4.195653199746106625e-04
2.809258676016856016e-04
2.972936863324075881e-04
6.062391037621594082e-04
7.956106024124694979e-04
2.512306752446745385e-04
5.249031708625504118e-04
5.568460406458113163e-04
3.732853953759842323e-04
9.761319555977085840e-04
1.578629311816662131e-03
5.467977928051805710e-04
2.423299653053247453e-04
5.584893964759339103e-04
4.346976266125692346e-04
1.838073549802915181e-03
1.854405484402368420e-03
8.320624893006528956e-04
3.838539905285061945e-04
3.040370340327567915e-03
1.453181619869417518e-03
2.875162704330245828e-04
8.543302766218681399e-04
5.407220048077298344e-04
3.311970289989184268e-04
3.275271587788783204e-04
1.466392024538155101e-03
4.234053685636664189e-04
1.591399436656941793e-03
2.628841190202555237e-04
1.010330573260500740e-03
7.109008806295033338e-04
1.213192904692693679e-03
5.050780525968277986e-03
1.064233186594165615e-03
1.178394421674205461e-03
1.546186392671945048e-03
7.867032374078949172e-04
6.911368054035441685e-04
2.190941167914570934e-04
1.246660474713097953e-03
3.731095792584235033e-04
4.549310794053436813e-04
1.074186045210459703e-03
1.407419317012527588e-03
9.184564127124649011e-04
5.478455802494675442e-04
8.486075551163998164e-04
2.446243034116373752e-04
5.060122144905766870e-04
5.269101935101455246e-04
6.755460377208249035e-04
4.957548182601685498e-04
9.747427257013116650e-04
4.903698354224964202e-04
1.106121771264628392e-03
4.909057784170638020e-04
6.511226422133052855e-04
8.163925938497871475e-04
4.847928227513334824e-04
1.044836477414514330e-03
5.484564191119177057e-04
1.965299798532585645e-04
2.115616598634411857e-03
5.313982498428074502e-04
7.524134685870897650e-04
7.219792150635713154e-03
3.976237713651637438e-04
1.440285427715352635e-03
2.751881733550621796e-04
2.754385922164848100e-04
1.022067595834438413e-03
2.107993061123206602e-03
3.275271587788783204e-04
5.936171948769777872e-04
4.792916707469538720e-04
6.437921649072409847e-04
1.057632262836398452e-03
1.842112750984573055e-03
8.499134602613300175e-04
8.561892472637586604e-04
8.933594370286789075e-04
9.790945863844670392e-04
1.015798932151996048e-03
7.099645389683115985e-04
6.601303642336889613e-03
1.018773261479772284e-02
6.127228011398126988e-04
1.309603796858441866e-04
4.741740312556758942e-04
8.692464353127699397e-04
4.084799743990129772e-04
8.508323231536831085e-04
1.267221171625330283e-03
4.488760479618014308e-04
4.819689699307343526e-04
7.233302649221930170e-04
3.877912892131178788e-04
8.992637328944695857e-04
9.467369381319732519e-04
1.241106592166401701e-03
7.677613612944060107e-04
3.171355563313599593e-04
2.579940935551759186e-04
7.418543047207945117e-04
8.985839406553793257e-04
4.934024406923068554e-04
8.665712906248975280e-04
1.812570002190826189e-03
6.419131995696510931e-04
3.902430878853223621e-04
5.695571762814157293e-04
3.027202439036693715e-04
1.924225326115333633e-03
1.978783583434848194e-03
1.833403361965165032e-03
7.956765847311779091e-04
7.837399720443763993e-04
9.450100904531063021e-04
9.306936891103152667e-04
1.264032528827424128e-03
8.555994899481897311e-04
3.133425659259547898e-04
1.191237384197287204e-03
4.312023478204875769e-04
9.517780850613728966e-04
7.161931427216634317e-04
7.061386674966124884e-04
1.617076198943976425e-04
1.862536295351114798e-04
8.460590670402910957e-04
6.753595094977065533e-04
8.729509603907989468e-04
8.595569855753919502e-04
1.154885891527193675e-03
5.066460734122018444e-03
3.350863394298910511e-04
2.339839660050910004e-03
1.775569836067193404e-03
7.887095003537354003e-04
2.512380570874194093e-04
1.566559759040015440e-03
1.552714492473370638e-03
7.652096210184540937e-04
6.444689413115094623e-04
7.868232547305202855e-04
8.340480720479223099e-04
6.610906644377408580e-04
1.360941874761874108e-03
9.268801456411998813e-04
5.760836488079894508e-04
8.309488855541411661e-04
1.625278159993599064e-03
1.930174041096975265e-04
6.602282912379907635e-04
5.229801036255121802e-04
1.403963991370234970e-04
1.702393667609716169e-03
3.138246694409879776e-04
3.643083135169385752e-04
1.757161630527492554e-03
3.139505078880413711e-04
4.851469577128042368e-04
1.594349173397209682e-03
5.683040482878041469e-04
5.424401564435204007e-04
2.135378540742942778e-04
2.007142660703082043e-03
5.114924005743124369e-04
6.350443107541351795e-04
1.357559059096771683e-03
9.936805661652399480e-04
5.047021656000000691e-04
1.064233186594165615e-03
2.807558221853599873e-04
5.587786530307376756e-04
4.936764621667611005e-04
8.451135710952932187e-04
6.737132492799183681e-04
8.117156842595840693e-04
4.974411464379887389e-04
5.701594847174472650e-04
9.395012669645493465e-04
9.203369576683494667e-04
2.252432966449794717e-03
6.041177353531114545e-04
6.353077145651589907e-04
8.400823206416928009e-04
3.829796332514547258e-04
7.380037888657323825e-04
3.259472015749411344e-04
2.052723576530989837e-03
1.159095092506926775e-03
6.013854753352780450e-04
4.274095362274992122e-04
5.843945261306249771e-04
4.613301769080523649e-04
1.123485399020807737e-03
1.138488905184626906e-03
3.074731778597666844e-04
1.066950949930134439e-03
1.654232849550760741e-03
5.187238943110482987e-04
8.975951496257312395e-04
1.431880664296966352e-03
3.538923915918210875e-03
1.595944870247159022e-03
1.106091071141295998e-03
1.696347834611884337e-03
5.527412930048845006e-04
5.646421309285701426e-04
7.924940482533224858e-04
7.578846741529939642e-04
5.120606137002589597e-04
6.651485608497864892e-04
6.034767048680172866e-04
5.558346267188949384e-04
2.920320454008819592e-04
1.178853752503460474e-03
4.871017918147598478e-04
3.868722074261349893e-04
5.027501107176849185e-03
6.267356429491832692e-04
2.390300668765991520e-03
1.007969461325692760e-03
6.116925613088354009e-04
6.571359123125193559e-04
1.674961971338227501e-03
2.652730795854742630e-03
2.296927567559402944e-03
6.155613771372128815e-04
7.344483462247375317e-04
4.997821010030952579e-04
6.437086834383314244e-04
9.693509079496078666e-04
3.576354331761115988e-04
2.052723576530989837e-03
9.593843790381019867e-04
6.701891723806796368e-03
9.222325977222580167e-04
2.746275311499523069e-04
3.681080519091787444e-04
1.222611406390037257e-03
8.740462248479957588e-04
2.487519190466639849e-04
7.550152763739224936e-04
8.033216564779466174e-04
8.727761343279950368e-04
8.373910894681426851e-04
1.314309409821545673e-03
4.233417888002704199e-04
6.876058330731872441e-04
1.356060078687820226e-03
1.202092099741440458e-03
2.375057070231072990e-03
7.435647928598967124e-04
9.243109882618514954e-04
9.864087668005809637e-04
1.273716639988173175e-03
4.917599741697876222e-04
2.581176835009006622e-04
7.830111177922770976e-03
5.454361326523250513e-04
3.641243392346870116e-04
4.464145529456204015e-04
1.105683341883948335e-03
6.936684333417363416e-04
2.245243838546890844e-03
5.889900955471236632e-04
2.052195184790331730e-04
5.182393495982276282e-04
4.719086202272540997e-04
4.158415330860301988e-04
3.862674096030026456e-04
1.278977835177298131e-03
3.462056171470224877e-04
5.656085345196855624e-04
6.132996676596843590e-04
4.977808500921330473e-04
1.626911818219407358e-03
2.052723576530989837e-03
1.014342624824111829e-03
1.283015448950270820e-03
3.775915695078427238e-04
7.652096210184540937e-04
9.989556992978819092e-04
2.911773951297364112e-03
2.092522424531261145e-03
2.450422304701644401e-04
6.602282912379907635e-04
1.653999818163369266e-03
2.396077501199090026e-04
1.920438946430619862e-03
3.506370573201719894e-04
2.584631915835171800e-04
9.941023370608980357e-04
2.325468189080371392e-03
4.394811973368009553e-04
6.611548626615475080e-04
1.639212547842846960e-03
1.316687805065147121e-03
1.404423619169286068e-03
3.733378267423482100e-03
7.076722665964255013e-04
4.433090082007505378e-04
4.899614965584410875e-04
4.680518396035601605e-04
2.942186732417781977e-04
6.287110318013977833e-04
3.374828038395490202e-04
3.479622631622651674e-03
8.717628889027748389e-04
1.173866289705030553e-03
4.007357582142426840e-04
9.669392485553268126e-04
3.066312428520268714e-04
6.289504342393339173e-04
4.313674565493480148e-04
1.371248036740350170e-03
4.919761744911508921e-04
4.255551569649289431e-04
6.028721442638148263e-04
9.394348486648835444e-04
2.818524221862239395e-04
4.254003877855987029e-04
4.133868932591203875e-04
1.489314746803049568e-03
9.098075398520199652e-04
9.702684326642329335e-04
5.900371280186516958e-03
7.115817861322189762e-04
1.083964942818431594e-03
6.525188999706940402e-04
1.057034744341555721e-03
1.276634854152967772e-03
6.876058330731872441e-04
1.161029310053808420e-03
1.943316303346655574e-03
1.570606661896779355e-03
7.909154120793907916e-04
3.020712211726196629e-04
3.901959896314147669e-04
9.872989093873845746e-04
3.676557804541807635e-04
6.925144668802468966e-04
5.442488270699109279e-04
3.413101493484213219e-04
2.613480300647051256e-04
2.365301857801122281e-04
5.980285810276937458e-04
5.641079267812233776e-04
1.340974393379251034e-04
5.366014030864645372e-04
1.890100613598952491e-03
4.580951200914769620e-04
3.650247081579729427e-04
9.967191300865403582e-04
4.356555961588080448e-04
4.173313117924563886e-04
6.853023733628439435e-04
5.066520567660775295e-04
6.298866553692142670e-04
4.002339859022254203e-04
2.710090710407704411e-04
1.440694133982365309e-03
7.476634103560655074e-04
3.588324204364363806e-04
4.698509150858491733e-04
2.726996592970097263e-04
7.483097340448112162e-04
1.552295703218906477e-03
3.091448659291217219e-03
6.522854971966225842e-04
8.758874426033064339e-04
5.894675821979147553e-04
1.007697202772782612e-03
3.462056171470224877e-04
3.565533572738210553e-04
7.529886037250621382e-04
7.345639960016261526e-04
6.573888602840947904e-04
1.587146127127731302e-03
1.469470610447707205e-03
7.743687869260774438e-03
1.873823598883877107e-03
1.865160450245660401e-04
5.672027181277130518e-04
2.376641630971962913e-04
1.013216564787766845e-03
2.264176560525191380e-04
3.379255528661422319e-04
2.891754942010315199e-04
4.252254641828705759e-04
5.225017428722127230e-04
8.339445596920718601e-04
4.606348808021387665e-04
3.502696217931602039e-04
1.145164254538389879e-03
3.395029020669882076e-04
3.883082808294161686e-04
5.710950777610783718e-04
2.070660808912974573e-04
1.955472433992793725e-03
9.941023370608980357e-04
3.314138874535724547e-04
7.781565993992115883e-04
1.145403704735164238e-03
3.829796332514547258e-04
8.000344803834562443e-04
7.747388288168894363e-04
3.533753224855853384e-04
1.189166509166944248e-03
5.941553290605511252e-04
7.114337408961866633e-04
1.273370479834470782e-03
1.091372420263624424e-03
8.819574386732604221e-04
5.776271469882704500e-04
5.920245825819978568e-04
3.548461450370918443e-04
1.959707914727883485e-03
6.127487495946768933e-04
5.471688899556426035e-04
5.238073959232647080e-04
3.976802364549445194e-04
4.255387033479099607e-04
2.754955958720453407e-04
4.613670022525701627e-04
1.350879597423456334e-03
3.379255528661422319e-04
3.199547440896967441e-03
2.197134630191304035e-04
1.557381480659954373e-03
2.124944000578379930e-03
2.409608981893771463e-04
1.209036456441792487e-03
3.607165070302711962e-04
6.910308895831966322e-04
9.999917228249064708e-04
7.252262334589736547e-04
2.966429344326041665e-04
1.169337433776263934e-03
4.099029901530324479e-04
1.308670891601770555e-03
7.403967720047203950e-04
5.825550558328820546e-04
4.595393819353258877e-04
9.047996021064777083e-04
2.234019035981123745e-03
2.262415933209967894e-04
1.759968848335594094e-04
7.312236663913252886e-04
1.232803420340737024e-03
4.061833830884203174e-04
9.827342528135674712e-04
7.219249260189278608e-04
5.135049705475515282e-04
4.051865424218841893e-04
7.076496540516587263e-04
5.548147347701079752e-04
3.548155310382732747e-04
6.356769252035272388e-04
8.729509603907989468e-04
1.084639487854009449e-03
5.094044462845572462e-04
7.445604371786162384e-04
6.474502421165763974e-04
1.757161630527492554e-03
1.263560126518036009e-03
8.246422544326966961e-04
9.107632310379449410e-04
4.960936074843432875e-04
4.061833830884203174e-04
5.952283984279511681e-04
6.779761656795112905e-04
6.429625489605616476e-04
2.505664526045078811e-04
8.064353827003585854e-04
5.515482952903913265e-04
3.567736904929255941e-04
1.619942689555865095e-02
5.704924739861501597e-04
3.848873549633873405e-04
3.160575422818583200e-04
1.035831375594571582e-03
8.167112324303964568e-04
8.985839406553793257e-04
7.757225427133489356e-04
4.666702757361297052e-04
8.309488855541411661e-04
4.089410041499249920e-04
1.209566412111230151e-03
5.420168812576025728e-04
6.772885264260600354e-04
2.399280317444269222e-04
8.226330878263438768e-04
2.335965210620846895e-03
9.059293241180556159e-04
5.377578855960408718e-04
2.063725556417210678e-03
2.252432966449794717e-03
5.628003340158057016e-04
9.819461732680234440e-04
6.593974397727901671e-04
2.775625131550890829e-04
3.708290976330280556e-04
1.039041280524025329e-03
1.316687805065147121e-03
2.052723576530989837e-03
1.668594454849601583e-03
8.344174712671559996e-04
3.669204613956262044e-04
1.679296280916589513e-03
4.955185691026436131e-04
1.770883632085229215e-03
5.051567797696813198e-04
5.782460206245667580e-04
5.289341063587321527e-04
7.899114656649384872e-04
6.935607146699803880e-04
9.034304450147962687e-04
5.917562026769229103e-04
7.330941582658497511e-04
9.062559035392258764e-04
6.645136777684012295e-04
4.131080468494540878e-04
2.390300668765991520e-03
4.283211322862997606e-04
3.019160905465864513e-04
2.728812151341453531e-04
1.263319216049000032e-03
7.868185018888359389e-04
2.798961991881211480e-04
4.878004079079453076e-04
6.573564945356427961e-04
2.510067976954691565e-04
2.914887505818024522e-04
9.719767448080957788e-04
9.746017191259629493e-04
1.998840265658454428e-04
6.163225593622032429e-04
7.703116991017289585e-04
9.045829512762352132e-04
7.116309587819113830e-04
1.690952626539116719e-03
4.699458138353188930e-04
1.316539841956957963e-03
2.731501322479578634e-04
1.719540420970157042e-03
3.529942038749102557e-04
3.279760853565240677e-03
8.593480191587795020e-04
1.943002903258115536e-03
6.184773828962295689e-04
3.597333376483859146e-04
2.562902687360264884e-04
1.542123771875838914e-03
1.008617372944314167e-03
1.488530865852279042e-03
8.804233030324158616e-04
2.333816987507604176e-03
1.463049157503903269e-03
3.261551211262037064e-03
2.216772201551506921e-03
1.139680372468305884e-03
2.616495701456966229e-03
4.784000800236206242e-04
5.346746815514427350e-04
5.307642981962277769e-04
2.264176560525191380e-04
2.877609714713990621e-04
6.481686254267016037e-04
1.943002903258115536e-03
4.872924142984775869e-04
4.078975117085563342e-04
1.372213902579846097e-03
5.060122144905766870e-04
5.476762696647222801e-04
7.442567159186297149e-04
5.911801069555094055e-04
7.273895527568339549e-04
1.793883863368985702e-03
1.401347933844467519e-03
1.429008214382720889e-04
7.407281185638736306e-04
8.887515370669038777e-04
5.305615390512913743e-04
8.674650885273052676e-04
3.548461450370918443e-04
2.557881861044197552e-04
1.211702683255276840e-03
1.022158107678024707e-03
9.330115882053052929e-04
3.338579261381754396e-04
8.964166695468847633e-04
5.934863593927255975e-04
1.130039806350021476e-03
1.895351563393341508e-03
1.378683199792584508e-03
2.757232143838822449e-04
3.030719080672513019e-04
8.900624641721620279e-04
7.476634103560655074e-04
9.064711484967101019e-04
1.308670891601770555e-03
6.200627309595640362e-04
2.312272800781574984e-04
1.051131134308926031e-03
9.161886424675342146e-04
6.183774868595120480e-04
1.786838491759460421e-03
7.272065132870946750e-04
2.864474035475288389e-04
3.044334411977202889e-04
1.167724275059239250e-03
3.343752535431690270e-04
6.076738313043026111e-04
5.915130736675597908e-04
4.597403652957882873e-04
2.843393433563703976e-04
2.537710356341968398e-04
8.891817205632514915e-04
4.305352212015736701e-04
1.234044242528621214e-03
1.895208534455395310e-03
5.880552233706776198e-04
6.034767048680172866e-04
1.139714140226273957e-03
8.958634704910318743e-04
3.224632672713420947e-04
5.002161293315839042e-04
6.483738673936799337e-04
2.144989601127917115e-04
1.398144245957065731e-03
1.015798932151996048e-03
1.782033090859030727e-03
3.879583502967929166e-04
4.690297207826846617e-04
2.579704451377084302e-04
1.006054198003904221e-03
4.298555340724175672e-04
4.550978525692275204e-04
2.672379248983943606e-03
3.561657955857650492e-04
7.099645389683115985e-04
7.106453574842890074e-04
1.584169856079923168e-03
5.401193991496531458e-04
3.549296426372654267e-04
2.864396187765527149e-04
1.734966823430101560e-03
9.037556795259514683e-04
5.387109293340794965e-04
4.795172980481702879e-04
1.841795702120068269e-03
5.100194742397460082e-04
7.819430452670546490e-04
1.577580289613186382e-03
4.496951997902546086e-04
4.950606798967103171e-03
8.061439093663355388e-04
2.680493244903608724e-04
1.223233521592471690e-03
6.167268159224878346e-04
4.159481211886711005e-04
8.873708865376175783e-04
4.620809447912556140e-04
3.819071079783936239e-03
4.937854386612134218e-04
3.639619182985020119e-04
3.748002044141019676e-04
5.641558807057754470e-04
3.766387036366769677e-04
8.494819636915108352e-04
5.118984796152605899e-04
2.969452095217943476e-04
1.400153685122865893e-03
1.038550438179946600e-03
6.995658339154390637e-04
5.788520844138887820e-04
4.403812269697929467e-04
4.220703875241129267e-04
9.621996174700430402e-04
3.862674096030026456e-04
4.007357582142426840e-04
6.879369275398949284e-04
3.489590647866952998e-04
2.716975664960014189e-04
1.668253399758136933e-03
5.110120473103729917e-04
7.832269253256501267e-04
2.554724956618754450e-04
3.883049103590492266e-04
2.206036862317601200e-03
9.759186964205532680e-04
7.442123847055579465e-04
1.238295205548533857e-03
5.796960853656416262e-04
4.044109817331030272e-04
8.642426236708526839e-04
7.631907500877460008e-04
1.741208265092052858e-03
9.445204447905166095e-04
2.138169554993547415e-04
5.066460734122018444e-03
5.080490219585338417e-04
3.796332614684696724e-03
5.137695823655932153e-04
6.611548626615475080e-04
5.048804379603600125e-04
8.131205839685679351e-03
6.201218136413979166e-04
2.286451626911835920e-03
4.099029901530324479e-04
5.305615390512913743e-04
3.754997387961963163e-04
4.311772043843436868e-04
8.402764267737319577e-04
6.371806856343863916e-04
1.476380926888438624e-03
1.728186877092966443e-03
3.206189691058470561e-04
4.400445903961823588e-04
7.587385156966913085e-04
6.465831970576079151e-04
5.532413223304827234e-04
1.536698793137894741e-03
5.959885101261382578e-04
1.366853670507162284e-03
1.083609124094989627e-03
1.370653635155136057e-03
3.557430318145904033e-04
3.931065983736232203e-04
1.342971346456007858e-03
2.005153228783828658e-03
5.814491495145289977e-03
5.721666593249873306e-04
8.776151941050681655e-04
4.863699038812480655e-04
8.955622267515579889e-04
7.695465469391183115e-04
3.579065770689839835e-03
5.177825256546104938e-04
3.649150435443828441e-03
1.079270654805236087e-03
8.513032270336018566e-04
3.654394373725537108e-04
4.426150251265101288e-04
3.608884078263953181e-03
8.205194128593919873e-04
4.480834816753828469e-04
1.457372438936364433e-03
8.871310994947193083e-04
3.999165639646846829e-04
1.226314788425299273e-03
3.848814566422792231e-04
2.739555306009165778e-03
7.419554997172022768e-04
4.082271683506574420e-03
1.581251567743737320e-03
3.441894201692780671e-04
4.850693121807125147e-04
1.159095092506926775e-03
3.509286852299686038e-04
1.171440040015204413e-03
5.415246243467774449e-04
2.624748818007301534e-04
1.472159748176178140e-03
4.944584590706300629e-04
3.150292412704448482e-04
1.100626266667923151e-03
1.233261588657231069e-03
9.319646213306705855e-04
7.684103151133302558e-04
4.518264917361245912e-04
3.572521635069799968e-04
7.357358822050532069e-04
2.564616452258910366e-04
9.605309016996366363e-04
1.978783583434848194e-03
2.853019413493622955e-04
7.575387851706967806e-04
1.803646077298162774e-03
1.537033724532021334e-03
4.753667728938410116e-04
2.966429344326041665e-04
6.345117003792424869e-04
8.296812136313954245e-04
4.489192769724321746e-04
1.552952455185067123e-04
3.991681712017444966e-04
4.306391461951687314e-04
3.484084503667637250e-03
4.365992728571631808e-03
5.545812052540878773e-04
3.574407242995791280e-04
5.869169149114356098e-04
1.710034367645334240e-04
1.281092058474424039e-03
4.327918631893380654e-04
4.967913211411250935e-04
5.569806869091868630e-04
4.214624860897772055e-04
1.015798932151996048e-03
4.714232570063632425e-04
1.702484600517923784e-03
5.053932599789876965e-04
8.083671141189453530e-04
1.506737415398636893e-03
2.816754965012238719e-04
7.434294016168941331e-04
6.600579896956990100e-04
4.364859330944415765e-04
3.303991308416276179e-04
5.279955975913586293e-04
4.642654679486258131e-04
3.661348957548182488e-04
6.967013538417822461e-04
7.968839485893759603e-04
1.054514304612940443e-03
4.481245592215444998e-04
5.189335353848332144e-04
1.284408159654481379e-03
6.478563944480399172e-04
4.403221055630101785e-03
2.915464061381991385e-04
3.572521635069799968e-04
7.373165140528013155e-04
8.562402301727506252e-04
2.190779129166760958e-03
4.164901992161421096e-04
1.088703146817788939e-03
8.822783896215394706e-04
8.581065086884959213e-04
1.045090360969312205e-03
2.282087814126019555e-03
1.682738735822999999e-03
6.606384443553583487e-04
9.847668041008130445e-04
3.658466572602064588e-04
3.493888764519671101e-04
3.087702579837699884e-02
2.690018764791390991e-03
5.059156719298084619e-04
2.519922356439556650e-04
5.094168092602538098e-04
3.670484681759425397e-04
6.457673934646613505e-04
5.103423872185119210e-04
1.127760215252921611e-03
4.133719157330367593e-04
6.718662659337704471e-03
1.063999791143920275e-03
2.584631915835171800e-04
1.302165470970536535e-03
7.852737165315092169e-04
7.612343944483258460e-04
6.395367042839307731e-04
1.654853085835305193e-03
1.239751172628913642e-03
4.492043128426603913e-04
6.524218012252629281e-04
9.272714494236474056e-04
1.911693894834359721e-03
2.833504891233682484e-04
8.159517346840749509e-04
2.872926484804667804e-04
4.001260537642530838e-04
3.438146577240859276e-04
7.884936968423709438e-04
9.549283682862626677e-04
5.493685521733061589e-04
6.799293404408128169e-04
1.827231016085305087e-03
5.739509360144255190e-04
3.462056171470224877e-04
2.307769365145042120e-03
1.763337365805302953e-03
3.754059795174986749e-04
4.508290612694949872e-04
2.637771136396653646e-04
1.804402710790946156e-03
5.456791473513176484e-04
1.716612191325793055e-03
2.069818796784518968e-04
8.095940459738510970e-04
8.132633061803745071e-04
4.809511959181978131e-04
6.073151645181310877e-04
9.507072758613600849e-04
1.066715479247384813e-03
5.917562026769229103e-04
4.275127285684637607e-04
4.020557419843035461e-04
3.100000888417725996e-03
4.971680584106438153e-04
8.678700131400401323e-04
6.512029707121589055e-04
1.819184202359031173e-03
3.944708133841648271e-04
5.223646010139848788e-04
9.131200147904998052e-03
6.272666911702136404e-04
9.602541156519467987e-04
4.485601018555048533e-04
8.880016125172910356e-04
2.160660327885028167e-03
2.409292900170962454e-04
1.022232299270549837e-03
1.051628813438896734e-03
4.494580495204667935e-04
1.000083459750806571e-03
6.478681761241271214e-04
1.095529079728035622e-03
3.999873597479255993e-04
1.303187072762369836e-03
9.499974259317879458e-04
8.543931583040221839e-04
7.542312665690151892e-04
3.848191054128628492e-04
8.711649684178742218e-04
2.235391680603212444e-03
