1.028931125447070919e-07
2.550557079098598164e-07
9.570437468527965649e-06
4.267538028015020749e-07
9.851751821468351243e-08
3.138842562297717778e-08
2.672319281517497084e-07
3.827441496909715526e-04
9.481868504630691312e-07
2.814635067677074578e-07
3.102910648375421153e-06
2.699257365520805751e-01
1.582083641774675203e-04
4.624873486254114262e-10
5.985330600475647771e-05
3.654521794759518923e-05
4.262748062931728548e-06
2.185949887740801063e-07
8.662393599452712460e-06
2.919758882494673073e-07
9.900227046958212651e-03
6.035888877350770619e-07
9.851751821468351243e-08
2.801736272778959018e-05
1.003395251183065952e-07
1.501948903312954804e-05
4.367001415900361588e-03
1.628133624243246818e-07
2.461558420201060859e-06
1.586934400551828051e-07
3.414868508669933624e-07
9.851751821468351243e-08
2.672319281517497084e-07
1.138030848010862178e-06
1.835974781805131345e-05
2.185949887740801063e-07
1.582082839016222975e-05
2.845665080191405819e-06
6.968910454992581488e-06
1.003395251183065952e-07
4.326450214000617515e-06
3.555454450378579926e-06
7.485808170539179048e-08
3.485319088898578129e-04
2.655691021324720806e-04
4.131534370374030600e-07
1.274712202221006327e-05
1.212906846766326292e-06
1.453196291047186626e-05
2.672319281517497084e-07
3.477713703232565502e-09
5.772342504151168708e-07
1.738310305387597725e-07
9.851751821468351243e-08
7.993974110096972203e-09
1.212906846766326292e-06
2.483018907057342927e-07
2.672319281517497084e-07
2.185949887740801063e-07
2.058479188446278962e-05
2.550557079098598164e-07
7.485808170539179048e-08
9.851751821468351243e-08
1.212906846766326292e-06
2.672319281517497084e-07
1.646137451319820384e-06
2.185949887740801063e-07
1.734342718938791408e-06
3.156394387998708531e-07
1.586934400551828051e-07
5.772342504151168708e-07
1.582083641774675203e-04
4.624873486254114262e-10
2.673906177180227219e-05
2.672319281517497084e-07
2.185949887740801063e-07
4.302651208093142329e-07
1.389664342864035315e-05
1.628133624243246818e-07
2.799520450822852600e-06
1.047495544297662054e-06
7.485808170539179048e-08
1.582083641774675203e-04
4.311901733129212651e-07
6.009089931977701620e-05
2.185949887740801063e-07
6.969423631621420207e-06
3.576274883494495835e-07
2.596336945830145336e-07
1.003395251183065952e-07
5.772342504151168708e-07
8.574871302794320835e-04
1.582083641774675203e-04
4.311901733129212651e-07
9.851751821468351243e-08
1.212906846766326292e-06
4.865454812144277054e-07
4.324643061572498867e-06
3.576274883494495835e-07
4.842093322961843078e-06
1.047495544297662054e-06
7.485808170539179048e-08
8.574871302794320835e-04
1.582083641774675203e-04
4.311901733129212651e-07
9.851751821468351243e-08
1.212906846766326292e-06
7.906437154800831650e-06
1.238832533573846041e-07
1.628133624243246818e-07
1.028931125447070919e-07
8.508149840128450500e-07
7.485808170539179048e-08
5.772342504151168708e-07
1.582083641774675203e-04
3.485319088898578129e-04
2.672319281517497084e-07
1.003395251183065952e-07
3.156394387998708531e-07
2.620454730924880405e-07
5.939476181397070776e-06
7.485808170539179048e-08
1.582083641774675203e-04
3.119488330937983086e-04
4.624873486254114262e-10
1.212906846766326292e-06
6.281952380808783273e-06
1.607625344748606582e-08
2.397643572132722236e-05
1.003395251183065952e-07
3.477713703232565502e-09
7.485808170539179048e-08
1.582083641774675203e-04
3.485319088898578129e-04
9.851751821468351243e-08
1.646137451319820384e-06
8.662393599452712460e-06
1.019589455130624863e-07
1.003395251183065952e-07
8.223708208604845531e-07
5.939476181397070776e-06
5.772342504151168708e-07
3.912087831168210367e-05
3.414868508669933624e-07
4.624873486254114262e-10
2.185949887740801063e-07
8.057698550434436830e-07
1.003395251183065952e-07
9.721073003029162909e-06
1.628133624243246818e-07
3.477713703232565502e-09
9.900227046958212651e-03
2.934620140913114574e-07
2.672319281517497084e-07
1.628133624243246818e-07
3.156394387998708531e-07
1.586934400551828051e-07
4.881787830200458504e-06
8.753877894471609804e-08
2.399310473737752387e-06
1.028931125447070919e-07
7.485808170539179048e-08
4.624873486254114262e-10
2.672319281517497084e-07
1.184433423602349197e-04
2.185949887740801063e-07
8.662393599452712460e-06
8.687313699894337049e-07
5.741187989240170823e-06
1.265340875849766876e-06
7.485808170539179048e-08
5.119699693347104708e-06
9.851751821468351243e-08
1.212906846766326292e-06
8.662393599452712460e-06
8.687313699894337049e-07
2.255469570554611793e-05
1.628133624243246818e-07
1.401650309441550453e-02
5.945398663491018847e-06
4.750508924377847778e-05
5.772342504151168708e-07
4.624873486254114262e-10
1.378197484184354787e-06
1.212906846766326292e-06
2.672319281517497084e-07
1.138030848010862178e-06
1.938798149679640528e-06
4.276860359834133021e-07
5.881793750874888269e-04
3.477713703232565502e-09
7.485808170539179048e-08
5.772342504151168708e-07
1.438364258623000367e-06
4.624873486254114262e-10
1.219075600011900563e-04
2.672319281517497084e-07
4.077731161615334498e-06
2.185949887740801063e-07
1.579990330291857889e-07
3.477713703232565502e-09
6.928920839001849657e-06
7.485808170539179048e-08
3.912087831168210367e-05
1.009276978489418537e-03
4.624873486254114262e-10
7.327355896599355938e-08
2.814635067677074578e-07
6.969423631621420207e-06
1.380463801043550449e-06
2.550557079098598164e-07
7.485808170539179048e-08
1.538185334943957720e-05
8.574871302794320835e-04
1.582083641774675203e-04
9.851751821468351243e-08
4.624873486254114262e-10
4.410792636571628711e-04
1.202961265873968841e-04
8.041015816277327297e-04
3.477713703232565502e-09
1.481566169903978721e-05
1.374567679518466859e-06
5.772342504151168708e-07
1.304997202324599201e-04
1.438364258623000367e-06
9.851751821468351243e-08
4.624873486254114262e-10
1.212906846766326292e-06
6.629413830208705516e-06
3.477713703232565502e-09
7.485808170539179048e-08
7.798468032315994996e-06
9.851751821468351243e-08
2.672319281517497084e-07
6.532972504725751382e-05
1.646137451319820384e-06
2.185949887740801063e-07
1.586934400551828051e-07
1.002316724371860321e-07
7.485808170539179048e-08
2.278287953664782732e-07
2.803754960795712745e-06
1.582083641774675203e-04
9.851751821468351243e-08
1.212906846766326292e-06
1.354286792217358130e-04
4.276860359834133021e-07
3.576274883494495835e-07
3.156394387998708531e-07
3.477713703232565502e-09
7.485808170539179048e-08
5.772342504151168708e-07
2.278287953664782732e-07
1.582083641774675203e-04
3.414868508669933624e-07
9.851751821468351243e-08
4.262748062931728548e-06
1.138030848010862178e-06
1.202961265873968841e-04
1.753564318714999126e-05
3.477713703232565502e-09
2.699257365520805751e-01
9.217281575095259452e-06
4.624873486254114262e-10
4.619034707406145480e-06
3.207891925443406953e-04
2.185949887740801063e-07
6.972596230194949758e-05
8.223708208604845531e-07
6.035888877350770619e-07
2.278287953664782732e-07
2.215036415620917978e-03
2.803754960795712745e-06
1.164126176694176137e-03
1.582083641774675203e-04
9.851751821468351243e-08
1.274712202221006327e-05
1.212906846766326292e-06
2.672319281517497084e-07
3.477713703232565502e-09
9.851751821468351243e-08
4.131534370374030600e-07
1.311136216946535041e-05
2.185949887740801063e-07
2.923611168246915306e-07
1.220979706457412519e-06
8.094235884635922864e-05
3.156394387998708531e-07
3.928060174837771955e-05
1.276292011708129255e-05
3.912087831168210367e-05
4.532984524664967268e-06
8.737875618488749110e-07
6.536576741158005984e-06
2.672319281517497084e-07
3.576274883494495835e-07
1.501456453817956262e-05
4.004366536656642217e-02
2.752089977016641489e-05
7.485808170539179048e-08
1.582083641774675203e-04
8.737875618488749110e-07
4.624873486254114262e-10
1.212906846766326292e-06
2.672319281517497084e-07
7.995213543224791974e-07
2.185949887740801063e-07
8.662393599452712460e-06
1.019589455130624863e-07
5.865099735646816766e-05
4.624873486254114262e-10
1.212906846766326292e-06
4.619034707406145480e-06
2.919758882494673073e-07
1.220979706457412519e-06
6.319142856531075908e-06
9.911927079249637122e-06
1.736344801093212211e-07
1.521856074494896288e-04
1.753564318714999126e-05
3.477713703232565502e-09
6.839464753234010484e-06
7.485808170539179048e-08
5.772342504151168708e-07
9.851751821468351243e-08
4.624873486254114262e-10
1.212906846766326292e-06
2.239347017630643879e-08
3.827441496909715526e-04
5.772342504151168708e-07
9.851751821468351243e-08
4.624873486254114262e-10
4.302651208093142329e-07
1.003395251183065952e-07
1.628133624243246818e-07
3.156394387998708531e-07
1.095336691473708306e-05
2.583773643864725706e-05
5.945398663491018847e-06
3.477713703232565502e-09
1.047495544297662054e-06
1.572671717262187608e-06
6.025790074818482354e-05
8.737875618488749110e-07
1.219075600011900563e-04
1.003395251183065952e-07
6.761488394240477328e-06
4.581953535458079583e-07
1.628133624243246818e-07
1.582083641774675203e-04
9.851751821468351243e-08
4.624873486254114262e-10
1.378197484184354787e-06
1.212906846766326292e-06
3.654521794759518923e-05
2.672319281517497084e-07
2.185949887740801063e-07
2.641748495416465171e-08
1.615879079416910604e-07
7.485808170539179048e-08
1.288661565807071057e-06
4.624873486254114262e-10
1.212906846766326292e-06
2.185949887740801063e-07
2.919758882494673073e-07
4.276860359834133021e-07
2.598350455013896667e-07
6.974084195359697003e-06
3.705424262396834860e-04
3.477713703232565502e-09
5.772342504151168708e-07
9.851751821468351243e-08
4.624873486254114262e-10
1.212906846766326292e-06
7.859233464721190107e-04
4.619034707406145480e-06
1.835974781805131345e-05
4.842093322961843078e-06
1.286434779278456930e-07
9.900227046958212651e-03
3.485319088898578129e-04
9.851751821468351243e-08
1.212906846766326292e-06
2.672319281517497084e-07
2.185949887740801063e-07
6.969423631621420207e-06
6.974084195359697003e-06
1.734342718938791408e-06
1.628133624243246818e-07
5.772342504151168708e-07
4.624873486254114262e-10
1.212906846766326292e-06
2.672319281517497084e-07
4.077731161615334498e-06
8.662393599452712460e-06
1.003395251183065952e-07
5.008559343687244293e-05
1.388647295282749113e-04
1.586934400551828051e-07
1.028931125447070919e-07
7.485808170539179048e-08
1.582083641774675203e-04
9.851751821468351243e-08
4.624873486254114262e-10
1.138030848010862178e-06
1.646137451319820384e-06
2.185949887740801063e-07
7.850897346675621627e-07
1.019589455130624863e-07
3.477713703232565502e-09
6.839464753234010484e-06
5.772342504151168708e-07
9.851751821468351243e-08
1.212906846766326292e-06
7.327355896599355938e-08
2.185949887740801063e-07
4.324643061572498867e-06
1.579990330291857889e-07
1.003395251183065952e-07
1.412312817688033666e-06
5.772342504151168708e-07
1.304997202324599201e-04
1.582083641774675203e-04
1.324027471505310597e-06
9.851751821468351243e-08
2.239347017630643879e-08
7.271359643849170402e-04
5.394043999650366706e-06
3.576274883494495835e-07
5.365595775923030167e-04
5.772342504151168708e-07
4.624873486254114262e-10
1.212906846766326292e-06
8.653327169652092970e-06
2.239347017630643879e-08
4.865454812144277054e-07
2.185949887740801063e-07
2.923611168246915306e-07
1.542935223958257115e-06
7.485808170539179048e-08
5.772342504151168708e-07
1.212906846766326292e-06
4.262748062931728548e-06
4.619034707406145480e-06
5.470447116753228482e-07
2.185949887740801063e-07
3.606294671973265352e-07
6.969423631621420207e-06
6.968910454992581488e-06
3.477713703232565502e-09
1.582083641774675203e-04
4.624873486254114262e-10
7.859233464721190107e-04
2.672319281517497084e-07
5.470447116753228482e-07
2.185949887740801063e-07
4.276860359834133021e-07
1.238832533573846041e-07
1.003395251183065952e-07
3.477713703232565502e-09
1.582083641774675203e-04
3.871582725553578087e-04
2.539514082210123561e-08
8.687313699894337049e-07
1.003395251183065952e-07
2.087207285685940326e-05
1.252693936064820527e-04
1.628133624243246818e-07
3.156394387998708531e-07
3.477713703232565502e-09
1.864362836085858637e-04
7.485808170539179048e-08
6.338675425987744687e-06
3.485319088898578129e-04
4.624873486254114262e-10
3.871582725553578087e-04
2.672319281517497084e-07
2.539514082210123561e-08
9.481868504630691312e-07
3.102910648375421153e-06
4.136274052016717043e-06
5.365595775923030167e-04
6.301505922379708805e-07
1.582083641774675203e-04
1.523052035094681177e-06
1.824686799333860446e-04
3.156394387998708531e-07
1.352860992834818101e-07
5.883731061768535364e-05
1.412312817688033666e-06
5.772342504151168708e-07
1.288661565807071057e-06
9.851751821468351243e-08
4.624873486254114262e-10
4.865454812144277054e-07
7.850897346675621627e-07
2.137246545754960017e-05
5.613275344070277933e-06
3.184725745321262108e-06
1.681954635695226566e-07
2.550557079098598164e-07
4.136274052016717043e-06
7.485808170539179048e-08
5.772342504151168708e-07
9.930385467653296758e-06
3.444909431472855139e-06
1.628133624243246818e-07
1.139916661383169916e-08
1.586934400551828051e-07
1.028931125447070919e-07
7.485808170539179048e-08
5.772342504151168708e-07
3.485319088898578129e-04
4.624873486254114262e-10
1.212906846766326292e-06
2.672319281517497084e-07
2.185949887740801063e-07
2.137246545754960017e-05
2.641748495416465171e-08
5.772342504151168708e-07
1.304997202324599201e-04
1.572671717262187608e-06
9.910654006912511874e-03
4.624873486254114262e-10
1.453196291047186626e-05
5.470447116753228482e-07
8.662393599452712460e-06
1.449313727620177373e-05
1.019589455130624863e-07
3.477713703232565502e-09
7.485808170539179048e-08
9.851751821468351243e-08
1.274712202221006327e-05
1.212906846766326292e-06
7.327355896599355938e-08
3.871582725553578087e-04
1.138030848010862178e-06
2.185949887740801063e-07
2.919758882494673073e-07
7.485808170539179048e-08
6.035888877350770619e-07
2.914781075562454534e-06
1.138030848010862178e-06
2.185949887740801063e-07
1.734342718938791408e-06
1.378760478532093213e-07
1.389171742078489395e-03
1.628133624243246818e-07
1.286434779278456930e-07
3.477713703232565502e-09
6.928920839001849657e-06
5.772342504151168708e-07
9.851751821468351243e-08
1.212906846766326292e-06
2.185949887740801063e-07
8.662393599452712460e-06
4.842093322961843078e-06
1.628133624243246818e-07
2.475039557072215152e-02
1.028931125447070919e-07
7.327355896599355938e-08
8.741921619431080800e-03
1.649059079829873031e-06
7.076060871950677362e-05
8.753877894471609804e-08
4.088097636143789964e-06
6.434705964584586164e-06
6.094411395844637096e-06
5.283295213097258216e-06
3.477713703232565502e-09
2.803754960795712745e-06
8.403096281943608276e-07
4.624873486254114262e-10
1.035663444862307119e-06
1.138030848010862178e-06
2.185949887740801063e-07
1.003395251183065952e-07
1.501948903312954804e-05
2.994387351224138934e-06
1.276292011708129255e-05
2.550557079098598164e-07
5.772342504151168708e-07
8.737875618488749110e-07
4.624873486254114262e-10
8.662393599452712460e-06
1.019589455130624863e-07
1.003395251183065952e-07
2.461558420201060859e-06
1.513085135395873063e-06
3.555454450378579926e-06
1.091032565216307317e-06
9.900227046958212651e-03
5.772342504151168708e-07
4.624873486254114262e-10
1.212906846766326292e-06
6.402430723432935116e-06
1.498613365806963319e-05
8.814612808658399283e-07
1.202961265873968841e-04
9.930385467653296758e-06
9.851751821468351243e-08
2.932479280625699950e-06
2.672319281517497084e-07
1.397401434467199941e-06
3.207891925443406953e-04
2.598350455013896667e-07
3.217229739825211972e-06
1.003395251183065952e-07
1.628133624243246818e-07
2.087714068791646623e-05
1.091032565216307317e-06
5.865099735646816766e-05
1.738310305387597725e-07
4.311901733129212651e-07
1.212906846766326292e-06
2.672319281517497084e-07
1.341459097705949565e-05
3.576274883494495835e-07
1.003395251183065952e-07
1.753564318714999126e-05
2.914781075562454534e-06
1.368334684030250811e-08
1.212906846766326292e-06
2.672319281517497084e-07
6.532972504725751382e-05
4.865454812144277054e-07
2.185949887740801063e-07
6.974084195359697003e-06
1.501456453817956262e-05
1.374567679518466859e-06
7.485808170539179048e-08
1.582083641774675203e-04
3.414868508669933624e-07
1.378197484184354787e-06
2.672319281517497084e-07
2.539514082210123561e-08
2.185949887740801063e-07
1.736344801093212211e-07
1.824686799333860446e-04
7.485808170539179048e-08
1.582083641774675203e-04
4.624873486254114262e-10
1.212906846766326292e-06
2.672319281517497084e-07
2.539514082210123561e-08
2.185949887740801063e-07
4.842093322961843078e-06
1.169746117028329842e-05
3.254866297142867851e-05
7.485808170539179048e-08
1.666056988603594191e-01
1.324027471505310597e-06
9.851751821468351243e-08
2.673906177180227219e-05
3.654521794759518923e-05
2.539514082210123561e-08
5.470447116753228482e-07
6.632609673492285037e-06
1.238832533573846041e-07
3.477713703232565502e-09
5.772342504151168708e-07
1.582083641774675203e-04
4.624873486254114262e-10
1.274712202221006327e-05
2.934620140913114574e-07
2.672319281517497084e-07
4.077731161615334498e-06
1.607625344748606582e-08
1.579990330291857889e-07
1.780569322963405789e-06
7.485808170539179048e-08
5.772342504151168708e-07
9.851751821468351243e-08
4.624873486254114262e-10
7.327355896599355938e-08
1.138030848010862178e-06
1.824832079776187204e-06
6.031643804414528638e-04
2.374302165652402300e-05
3.477713703232565502e-09
5.772342504151168708e-07
2.278287953664782732e-07
1.572671717262187608e-06
1.582083641774675203e-04
3.353760653349471647e-04
1.212906846766326292e-06
5.394043999650366706e-06
3.156394387998708531e-07
1.586934400551828051e-07
3.477713703232565502e-09
1.780569322963405789e-06
7.485808170539179048e-08
4.624873486254114262e-10
2.672319281517497084e-07
1.628133624243246818e-07
1.153680264913503060e-05
1.586934400551828051e-07
2.523675283986617779e-02
8.753877894471609804e-08
1.780569322963405789e-06
5.772342504151168708e-07
1.582083641774675203e-04
4.142481921212817558e-04
1.212906846766326292e-06
9.481868504630691312e-07
8.662393599452712460e-06
3.973689994574347293e-06
1.542935223958257115e-06
1.586934400551828051e-07
1.780569322963405789e-06
7.485808170539179048e-08
5.772342504151168708e-07
9.930385467653296758e-06
1.582083641774675203e-04
9.851751821468351243e-08
1.212906846766326292e-06
3.654521794759518923e-05
2.672319281517497084e-07
5.613275344070277933e-06
7.485808170539179048e-08
5.772342504151168708e-07
1.304997202324599201e-04
9.910654006912511874e-03
3.654521794759518923e-05
3.827441496909715526e-04
9.481868504630691312e-07
8.662393599452712460e-06
3.606294671973265352e-07
1.169746117028329842e-05
2.087714068791646623e-05
6.928920839001849657e-06
1.582083641774675203e-04
4.142481921212817558e-04
2.620777133252500014e-05
2.672319281517497084e-07
2.185949887740801063e-07
1.661381143520248931e-04
6.969423631621420207e-06
6.974084195359697003e-06
1.753564318714999126e-05
7.485808170539179048e-08
1.572671717262187608e-06
1.582083641774675203e-04
4.624873486254114262e-10
1.184433423602349197e-04
5.394043999650366706e-06
1.265340875849766876e-06
1.628133624243246818e-07
3.156394387998708531e-07
3.477713703232565502e-09
5.772342504151168708e-07
1.738310305387597725e-07
3.485319088898578129e-04
8.737875618488749110e-07
4.624873486254114262e-10
9.481868504630691312e-07
6.974084195359697003e-06
4.324643061572498867e-06
1.003395251183065952e-07
3.477713703232565502e-09
5.365595775923030167e-04
5.772342504151168708e-07
2.803754960795712745e-06
2.672319281517497084e-07
6.532972504725751382e-05
4.077731161615334498e-06
2.185949887740801063e-07
1.341459097705949565e-05
9.749096226611317611e-05
5.772342504151168708e-07
1.582083641774675203e-04
4.624873486254114262e-10
1.212906846766326292e-06
2.672319281517497084e-07
4.077731161615334498e-06
7.685179956816109732e-04
1.019589455130624863e-07
8.317218174668287217e-07
1.003395251183065952e-07
3.477713703232565502e-09
2.550557079098598164e-07
4.172099463654558793e-06
7.485808170539179048e-08
5.772342504151168708e-07
9.851751821468351243e-08
2.932479280625699950e-06
2.185949887740801063e-07
6.962507175312016743e-05
6.261035152066795652e-03
3.477713703232565502e-09
7.485808170539179048e-08
1.582083641774675203e-04
9.851751821468351243e-08
4.624873486254114262e-10
2.185949887740801063e-07
1.114692949530163892e-06
3.239760875607149886e-04
1.579990330291857889e-07
1.734342718938791408e-06
9.851751821468351243e-08
2.620777133252500014e-05
2.672319281517497084e-07
2.185949887740801063e-07
8.662393599452712460e-06
4.276860359834133021e-07
1.380463801043550449e-06
1.984310021720407232e-05
1.003395251183065952e-07
1.501456453817956262e-05
3.477713703232565502e-09
1.780569322963405789e-06
7.485808170539179048e-08
3.113074088791829185e-05
5.772342504151168708e-07
2.278287953664782732e-07
3.485319088898578129e-04
9.851751821468351243e-08
4.624873486254114262e-10
1.274712202221006327e-05
4.154065389829535982e-07
6.928920839001849657e-06
7.485808170539179048e-08
5.772342504151168708e-07
4.311901733129212651e-07
4.624873486254114262e-10
4.131534370374030600e-07
1.212906846766326292e-06
6.402430723432935116e-06
1.311136216946535041e-05
1.582083641774675203e-04
4.267538028015020749e-07
9.851751821468351243e-08
4.624873486254114262e-10
7.859233464721190107e-04
1.184433423602349197e-04
2.185949887740801063e-07
5.394043999650366706e-06
1.230876533202029472e-07
1.024581789097834222e-05
1.091032565216307317e-06
5.772342504151168708e-07
1.582083641774675203e-04
7.327355896599355938e-08
2.672319281517497084e-07
4.077731161615334498e-06
2.185949887740801063e-07
3.319246641090402235e-05
1.286434779278456930e-07
1.824686799333860446e-04
1.780569322963405789e-06
1.582083641774675203e-04
4.624873486254114262e-10
1.212906846766326292e-06
1.938798149679640528e-06
1.003395251183065952e-07
1.351886186533343248e-04
3.156394387998708531e-07
2.523675283986617779e-02
1.002316724371860321e-07
1.142861457558789103e-05
3.477713703232565502e-09
7.485808170539179048e-08
4.311901733129212651e-07
1.311136216946535041e-05
2.672319281517497084e-07
5.470447116753228482e-07
7.995213543224791974e-07
2.185949887740801063e-07
3.606294671973265352e-07
5.119699693347104708e-06
6.338675425987744687e-06
3.353760653349471647e-04
9.851751821468351243e-08
4.624873486254114262e-10
2.672319281517497084e-07
1.389664342864035315e-05
8.094235884635922864e-05
3.156394387998708531e-07
1.586934400551828051e-07
9.900227046958212651e-03
3.113074088791829185e-05
5.119699693347104708e-06
1.009276978489418537e-03
2.185949887740801063e-07
8.662393599452712460e-06
1.230876533202029472e-07
1.378760478532093213e-07
8.223708208604845531e-07
9.911927079249637122e-06
9.900227046958212651e-03
9.851751821468351243e-08
4.624873486254114262e-10
1.212906846766326292e-06
2.932479280625699950e-06
2.672319281517497084e-07
1.184433423602349197e-04
1.784071334393442653e-04
8.019551461726622736e-05
1.628133624243246818e-07
3.477713703232565502e-09
5.772342504151168708e-07
3.485319088898578129e-04
9.851751821468351243e-08
4.410792636571628711e-04
1.212906846766326292e-06
1.035663444862307119e-06
2.185949887740801063e-07
1.051988392297804415e-05
4.409985377799345227e-07
5.772342504151168708e-07
6.301505922379708805e-07
9.851751821468351243e-08
2.185949887740801063e-07
1.003395251183065952e-07
1.628133624243246818e-07
2.461558420201060859e-06
1.521856074494896288e-04
2.856040500472796755e-07
5.945398663491018847e-06
3.477713703232565502e-09
7.485808170539179048e-08
6.035888877350770619e-07
1.274712202221006327e-05
1.265340875849766876e-06
1.153680264913503060e-05
1.586934400551828051e-07
4.881787830200458504e-06
8.929490621290086486e-05
4.260185275479608762e-08
3.477713703232565502e-09
9.900227046958212651e-03
1.279198062904101928e-06
1.582083641774675203e-04
4.131534370374030600e-07
1.193977705413282187e-02
8.662393599452712460e-06
2.137246545754960017e-05
1.615204902792592874e-05
3.156394387998708531e-07
4.624873486254114262e-10
4.131534370374030600e-07
1.212906846766326292e-06
1.607625344748606582e-08
3.662936568582518299e-04
1.265340875849766876e-06
1.628133624243246818e-07
8.753877894471609804e-08
7.926637463835246845e-05
5.060634668421968544e-05
7.485808170539179048e-08
5.772342504151168708e-07
1.297514222071599899e-06
8.737875618488749110e-07
4.624873486254114262e-10
1.212906846766326292e-06
1.039157509248262034e-05
4.619034707406145480e-06
4.318589966749417545e-07
4.077731161615334498e-06
5.772342504151168708e-07
1.870143762829414057e-06
1.582083641774675203e-04
4.624873486254114262e-10
1.212906846766326292e-06
2.003687152190184806e-04
3.871582725553578087e-04
2.672319281517497084e-07
1.829541559566624006e-03
6.962507175312016743e-05
1.582083641774675203e-04
4.624873486254114262e-10
1.212906846766326292e-06
2.239347017630643879e-08
1.301348272152664475e-05
1.003395251183065952e-07
3.156394387998708531e-07
7.442404976326288463e-06
5.752341777403245915e-07
7.926637463835246845e-05
7.485808170539179048e-08
1.582083641774675203e-04
1.212906846766326292e-06
5.470447116753228482e-07
2.185949887740801063e-07
4.302651208093142329e-07
4.324643061572498867e-06
1.628133624243246818e-07
3.156394387998708531e-07
1.058125674480643489e-07
5.772342504151168708e-07
1.279198062904101928e-06
1.582083641774675203e-04
9.851751821468351243e-08
2.185949887740801063e-07
8.041015816277327297e-04
6.164713971521861653e-05
1.687059290294006420e-04
2.589959439108106936e-06
1.225417546192698794e-06
