1.590812595965471839e-05
4.580591783041784829e-05
1.678859845069142790e-08
3.264849415688197181e-06
5.391474967074292223e-05
1.640873908238847461e-04
6.220494832126738452e-07
2.062728023374644112e-08
1.444011839609183592e-04
2.947972930132559954e-02
4.973303931681958461e-04
8.673360059756352035e-07
7.337676160859170596e-08
2.249550830809954096e-07
1.172674406563076676e-05
4.251053589140897090e-06
1.140816801348003242e-05
8.985621630453104075e-06
1.028448682264753844e-07
1.444011839609183592e-04
6.952854162361457244e-05
4.973303931681958461e-04
8.673360059756352035e-07
9.905828826021184186e-08
2.249550830809954096e-07
1.627810376020347524e-05
2.488003761053051079e-06
8.073131621601175960e-05
2.688117513563687629e-04
5.687960423072696466e-05
4.580591783041784829e-05
3.631095216468511067e-03
8.673360059756352035e-07
2.302463196350977351e-07
3.264849415688197181e-06
3.578576727033147504e-05
4.251053589140897090e-06
1.107671626996780843e-03
1.140816801348003242e-05
8.947140026612284959e-06
2.181668079769802414e-04
2.702700779815500089e-04
1.678859845069142790e-08
2.249550830809954096e-07
3.264849415688197181e-06
2.488003761053051079e-06
1.273212395466610000e-04
1.857978476951977043e-05
2.688117513563687629e-04
4.986088786233919859e-05
6.952854162361457244e-05
6.282027668458867176e-04
3.631095216468511067e-03
8.673360059756352035e-07
9.905828826021184186e-08
3.544757796471515094e-05
2.488003761053051079e-06
1.172674406563076676e-05
4.251053589140897090e-06
2.718748487105719168e-06
4.580591783041784829e-05
3.790805261793517098e-06
2.302463196350977351e-07
2.249550830809954096e-07
3.264849415688197181e-06
2.119518624096797656e-05
7.394108997783549291e-04
6.220494832126738452e-07
1.028448682264753844e-07
1.336334012466956181e-04
1.590812595965471839e-05
6.900523988696434172e-03
1.647148780782469764e-05
7.116395174853323889e-07
2.249550830809954096e-07
2.121248272946120190e-03
2.488003761053051079e-06
2.119518624096797656e-05
5.391474967074292223e-05
1.140816801348003242e-05
4.580591783041784829e-05
5.222722344196652211e-02
1.438395988530724840e-05
9.905828826021184186e-08
1.121596042433663320e-06
3.264849415688197181e-06
1.240485493253955746e-05
1.172674406563076676e-05
4.251053589140897090e-06
5.391474967074292223e-05
1.590812595965471839e-05
6.588414136438748656e-04
5.222722344196652211e-02
1.678859845069142790e-08
4.272098567047154035e-06
4.477559960556102094e-05
2.488003761053051079e-06
1.172674406563076676e-05
1.857978476951977043e-05
7.394108997783549291e-04
1.590812595965471839e-05
6.588414136438748656e-04
5.222722344196652211e-02
8.673360059756352035e-07
7.337676160859170596e-08
2.249550830809954096e-07
2.121248272946120190e-03
3.264849415688197181e-06
2.488003761053051079e-06
1.172674406563076676e-05
2.181668079769802414e-04
4.580591783041784829e-05
8.673360059756352035e-07
7.116395174853323889e-07
2.249550830809954096e-07
3.264849415688197181e-06
2.488003761053051079e-06
1.172674406563076676e-05
4.251053589140897090e-06
5.391474967074292223e-05
1.590812595965471839e-05
4.580591783041784829e-05
3.790805261793517098e-06
1.678859845069142790e-08
3.264849415688197181e-06
3.578576727033147504e-05
4.251053589140897090e-06
7.394108997783549291e-04
8.947140026612284959e-06
2.487554827317281863e-05
1.590812595965471839e-05
8.673360059756352035e-07
1.822795102400543098e-07
2.249550830809954096e-07
4.477559960556102094e-05
1.273212395466610000e-04
4.251053589140897090e-06
5.391474967074292223e-05
3.142154283287213406e-05
5.912659017408550960e-03
4.580591783041784829e-05
4.324421650931301737e-06
2.249550830809954096e-07
3.264849415688197181e-06
2.701310108596148424e-05
1.172674406563076676e-05
4.251053589140897090e-06
5.391474967074292223e-05
1.140816801348003242e-05
3.101455761806621649e-06
1.590812595965471839e-05
2.702700779815500089e-04
2.810434189181743037e-01
4.324421650931301737e-06
1.678859845069142790e-08
3.264849415688197181e-06
1.087414529522819351e-05
4.251053589140897090e-06
2.688117513563687629e-04
1.140816801348003242e-05
1.590812595965471839e-05
4.580591783041784829e-05
8.673360059756352035e-07
9.905828826021184186e-08
3.264849415688197181e-06
1.172674406563076676e-05
2.119518624096797656e-05
2.356414530609494636e-04
1.140816801348003242e-05
8.985621630453104075e-06
7.931579439999360368e-05
4.580591783041784829e-05
3.631095216468511067e-03
2.302463196350977351e-07
2.249550830809954096e-07
3.264849415688197181e-06
2.488003761053051079e-06
2.508262336963442657e-05
5.687960423072696466e-05
8.985621630453104075e-06
2.283821972591099352e-04
8.673360059756352035e-07
9.905828826021184186e-08
6.200241541270074604e-05
1.857978476951977043e-05
1.140816801348003242e-05
1.277992696526573511e-05
2.062728023374644112e-08
4.262862323997957701e-07
1.598227914143268702e-02
1.590812595965471839e-05
6.588414136438748656e-04
4.324421650931301737e-06
1.678859845069142790e-08
2.249550830809954096e-07
3.264849415688197181e-06
2.488003761053051079e-06
4.251053589140897090e-06
7.394108997783549291e-04
1.140816801348003242e-05
4.973303931681958461e-04
8.673360059756352035e-07
1.678859845069142790e-08
1.859494694029908144e-03
3.264849415688197181e-06
2.488003761053051079e-06
6.919167180147134074e-05
4.251053589140897090e-06
5.391474967074292223e-05
1.140816801348003242e-05
4.580591783041784829e-05
1.461936041078558575e-02
1.678859845069142790e-08
3.085133852852127310e-06
1.426945066120292536e-05
1.240485493253955746e-05
1.172674406563076676e-05
5.830084266860567795e-05
7.394108997783549291e-04
5.687960423072696466e-05
1.590812595965471839e-05
2.702700779815500089e-04
9.905828826021184186e-08
2.249550830809954096e-07
3.264849415688197181e-06
1.172674406563076676e-05
4.251053589140897090e-06
5.391474967074292223e-05
1.140816801348003242e-05
1.114735297113004324e-05
1.590812595965471839e-05
4.580591783041784829e-05
8.673360059756352035e-07
1.678859845069142790e-08
1.121596042433663320e-06
8.079719760370413298e-03
2.488003761053051079e-06
6.919167180147134074e-05
4.251053589140897090e-06
5.391474967074292223e-05
1.590812595965471839e-05
2.283821972591099352e-04
3.631095216468511067e-03
8.370571281345171338e-08
4.272098567047154035e-06
2.121248272946120190e-03
1.240485493253955746e-05
1.172674406563076676e-05
4.251053589140897090e-06
5.391474967074292223e-05
7.931579439999360368e-05
3.631095216468511067e-03
8.673360059756352035e-07
9.905828826021184186e-08
8.508633513675562410e-04
1.172674406563076676e-05
5.391474967074292223e-05
1.140816801348003242e-05
2.291127459411646733e-06
2.062728023374644112e-08
1.590812595965471839e-05
2.283821972591099352e-04
3.631095216468511067e-03
9.416961329269744858e-06
2.249550830809954096e-07
4.477559960556102094e-05
1.240485493253955746e-05
1.172674406563076676e-05
4.251053589140897090e-06
5.391474967074292223e-05
2.283821972591099352e-04
8.673360059756352035e-07
1.678859845069142790e-08
2.249550830809954096e-07
8.079719760370413298e-03
2.488003761053051079e-06
6.919167180147134074e-05
1.857978476951977043e-05
2.356414530609494636e-04
3.101455761806621649e-06
8.673360059756352035e-07
7.337676160859170596e-08
3.264849415688197181e-06
1.087414529522819351e-05
1.686695737926825105e-04
6.114428634558348452e-05
2.356414530609494636e-04
1.140816801348003242e-05
3.101455761806621649e-06
1.773311510670384089e-04
1.590812595965471839e-05
4.580591783041784829e-05
8.673360059756352035e-07
2.249550830809954096e-07
2.121248272946120190e-03
3.264849415688197181e-06
2.701310108596148424e-05
6.919167180147134074e-05
4.251053589140897090e-06
2.356414530609494636e-04
3.790805261793517098e-06
2.249550830809954096e-07
4.695939097497380010e-05
4.251053589140897090e-06
5.391474967074292223e-05
1.140816801348003242e-05
6.220494832126738452e-07
4.351056309650308903e-05
1.028448682264753844e-07
5.912659017408550960e-03
8.673360059756352035e-07
2.302463196350977351e-07
1.121596042433663320e-06
2.121248272946120190e-03
2.488003761053051079e-06
2.227013759047654392e-04
1.857978476951977043e-05
2.356414530609494636e-04
4.986088786233919859e-05
6.220494832126738452e-07
4.580591783041784829e-05
1.678859845069142790e-08
2.249550830809954096e-07
3.264849415688197181e-06
2.488003761053051079e-06
2.119518624096797656e-05
5.391474967074292223e-05
2.166513312591737607e-04
2.062728023374644112e-08
5.912659017408550960e-03
1.590812595965471839e-05
3.631095216468511067e-03
8.673360059756352035e-07
9.905828826021184186e-08
1.121596042433663320e-06
2.488003761053051079e-06
1.273212395466610000e-04
2.356414530609494636e-04
4.986088786233919859e-05
8.947140026612284959e-06
4.580591783041784829e-05
8.673360059756352035e-07
1.678859845069142790e-08
3.544757796471515094e-05
1.172674406563076676e-05
4.251053589140897090e-06
5.391474967074292223e-05
1.140816801348003242e-05
8.531063778473034067e-06
5.116496745835799343e-05
1.590812595965471839e-05
8.208587065856933233e-04
3.631095216468511067e-03
1.678859845069142790e-08
4.477559960556102094e-05
2.488003761053051079e-06
7.618042637476788207e-05
6.731196763798440782e-05
1.142325594955328165e-05
7.849526784821672297e-07
4.580591783041784829e-05
3.631095216468511067e-03
8.673360059756352035e-07
1.678859845069142790e-08
1.426945066120292536e-05
2.488003761053051079e-06
2.508262336963442657e-05
5.391474967074292223e-05
1.140816801348003242e-05
6.220494832126738452e-07
1.590812595965471839e-05
4.580591783041784829e-05
2.302463196350977351e-07
2.249550830809954096e-07
1.627810376020347524e-05
1.925691951332749276e-04
1.172674406563076676e-05
1.857978476951977043e-05
3.142154283287213406e-05
4.262862323997957701e-07
1.590812595965471839e-05
4.580591783041784829e-05
8.673360059756352035e-07
1.678859845069142790e-08
3.085133852852127310e-06
3.544757796471515094e-05
2.488003761053051079e-06
6.919167180147134074e-05
4.615513132372027770e-05
5.391474967074292223e-05
2.702700779815500089e-04
3.631095216468511067e-03
8.673360059756352035e-07
1.678859845069142790e-08
3.264849415688197181e-06
2.488003761053051079e-06
1.172674406563076676e-05
4.251053589140897090e-06
1.140816801348003242e-05
6.220494832126738452e-07
2.181668079769802414e-04
8.370571281345171338e-08
2.249550830809954096e-07
3.264849415688197181e-06
2.488003761053051079e-06
4.251053589140897090e-06
2.718748487105719168e-06
3.142154283287213406e-05
2.062728023374644112e-08
1.863139638707381993e-06
3.790805261793517098e-06
9.905828826021184186e-08
2.249550830809954096e-07
3.264849415688197181e-06
2.701310108596148424e-05
2.508262336963442657e-05
5.391474967074292223e-05
1.140816801348003242e-05
6.220494832126738452e-07
2.291127459411646733e-06
2.288117494880654841e-04
4.580591783041784829e-05
8.673360059756352035e-07
1.822795102400543098e-07
4.477559960556102094e-05
2.488003761053051079e-06
5.391474967074292223e-05
6.220494832126738452e-07
2.291127459411646733e-06
2.062728023374644112e-08
3.631095216468511067e-03
1.822795102400543098e-07
2.249550830809954096e-07
1.627810376020347524e-05
6.114428634558348452e-05
5.391474967074292223e-05
1.140816801348003242e-05
6.220494832126738452e-07
2.291127459411646733e-06
2.062728023374644112e-08
8.208587065856933233e-04
4.324421650931301737e-06
8.370571281345171338e-08
1.627810376020347524e-05
3.412158931490785453e-05
1.172674406563076676e-05
4.251053589140897090e-06
5.391474967074292223e-05
1.140816801348003242e-05
1.114735297113004324e-05
1.590812595965471839e-05
4.580591783041784829e-05
1.936916182419617409e-05
1.678859845069142790e-08
2.249550830809954096e-07
3.264849415688197181e-06
1.273212395466610000e-04
2.508262336963442657e-05
2.166513312591737607e-04
6.220494832126738452e-07
1.590812595965471839e-05
4.580591783041784829e-05
3.631095216468511067e-03
3.790805261793517098e-06
7.116395174853323889e-07
2.119518624096797656e-05
2.356414530609494636e-04
6.220494832126738452e-07
2.291127459411646733e-06
2.966888802259575849e-07
3.631095216468511067e-03
3.790805261793517098e-06
7.337676160859170596e-08
1.627810376020347524e-05
2.701310108596148424e-05
6.919167180147134074e-05
4.251053589140897090e-06
2.688117513563687629e-04
5.687960423072696466e-05
1.142325594955328165e-05
6.952854162361457244e-05
8.208587065856933233e-04
1.781930716100855910e-05
1.678859845069142790e-08
3.264849415688197181e-06
2.701310108596148424e-05
4.251053589140897090e-06
2.356414530609494636e-04
1.140816801348003242e-05
4.262862323997957701e-07
1.590812595965471839e-05
2.283821972591099352e-04
3.631095216468511067e-03
8.673360059756352035e-07
2.121248272946120190e-03
1.627810376020347524e-05
3.412158931490785453e-05
1.172674406563076676e-05
6.114428634558348452e-05
5.391474967074292223e-05
2.181668079769802414e-04
4.580591783041784829e-05
3.676486626343501691e-05
8.370571281345171338e-08
2.442413670828241035e-06
2.121248272946120190e-03
3.264849415688197181e-06
3.578576727033147504e-05
4.251053589140897090e-06
2.356414530609494636e-04
4.580591783041784829e-05
3.790805261793517098e-06
7.337676160859170596e-08
2.249550830809954096e-07
2.701310108596148424e-05
2.508262336963442657e-05
2.291127459411646733e-06
2.062728023374644112e-08
5.912659017408550960e-03
1.863139638707381993e-06
2.283821972591099352e-04
5.222722344196652211e-02
8.673360059756352035e-07
1.678859845069142790e-08
2.121248272946120190e-03
1.627810376020347524e-05
2.488003761053051079e-06
1.857978476951977043e-05
5.391474967074292223e-05
1.140816801348003242e-05
6.952854162361457244e-05
3.631095216468511067e-03
8.673360059756352035e-07
9.905828826021184186e-08
2.488003761053051079e-06
6.114428634558348452e-05
5.391474967074292223e-05
1.181327698609266730e-05
2.291127459411646733e-06
1.217077814696617103e-07
2.181668079769802414e-04
2.702700779815500089e-04
3.631095216468511067e-03
4.324421650931301737e-06
2.302463196350977351e-07
2.249550830809954096e-07
3.544757796471515094e-05
2.488003761053051079e-06
1.172674406563076676e-05
1.857978476951977043e-05
8.698954175449783886e-04
3.631095216468511067e-03
2.302463196350977351e-07
2.249550830809954096e-07
3.264849415688197181e-06
1.172674406563076676e-05
2.119518624096797656e-05
5.391474967074292223e-05
1.140816801348003242e-05
6.220494832126738452e-07
7.931579439999360368e-05
7.639059407078799616e-03
1.438395988530724840e-05
1.678859845069142790e-08
2.121248272946120190e-03
1.426945066120292536e-05
4.251053589140897090e-06
7.754733792440389982e-04
3.101455761806621649e-06
2.291127459411646733e-06
6.952854162361457244e-05
4.580591783041784829e-05
8.673360059756352035e-07
1.678859845069142790e-08
1.627810376020347524e-05
2.488003761053051079e-06
1.172674406563076676e-05
2.119518624096797656e-05
1.107671626996780843e-03
8.947140026612284959e-06
1.590812595965471839e-05
3.631095216468511067e-03
8.673360059756352035e-07
1.678859845069142790e-08
2.249550830809954096e-07
1.859494694029908144e-03
3.264849415688197181e-06
1.172674406563076676e-05
4.251053589140897090e-06
5.391474967074292223e-05
2.283821972591099352e-04
9.905828826021184186e-08
2.249550830809954096e-07
5.025024382476354955e-04
1.087414529522819351e-05
1.172674406563076676e-05
5.391474967074292223e-05
1.140816801348003242e-05
6.220494832126738452e-07
2.062728023374644112e-08
1.590812595965471839e-05
3.631095216468511067e-03
8.673360059756352035e-07
1.678859845069142790e-08
2.249550830809954096e-07
3.264849415688197181e-06
4.251053589140897090e-06
1.640873908238847461e-04
1.037392804499598766e-04
2.291127459411646733e-06
6.588414136438748656e-04
8.673360059756352035e-07
8.370571281345171338e-08
1.859494694029908144e-03
1.087414529522819351e-05
1.686695737926825105e-04
2.119518624096797656e-05
5.391474967074292223e-05
1.114735297113004324e-05
3.799621512453466151e-05
6.952854162361457244e-05
7.116395174853323889e-07
2.249550830809954096e-07
6.926065556553494392e-04
2.488003761053051079e-06
1.172674406563076676e-05
2.119518624096797656e-05
1.295396760046239361e-02
5.687960423072696466e-05
1.181327698609266730e-05
1.590812595965471839e-05
8.370571281345171338e-08
2.249550830809954096e-07
1.859494694029908144e-03
3.264849415688197181e-06
1.240485493253955746e-05
1.172674406563076676e-05
3.101455761806621649e-06
2.291127459411646733e-06
5.912659017408550960e-03
1.590812595965471839e-05
3.631095216468511067e-03
8.673360059756352035e-07
2.701310108596148424e-05
1.172674406563076676e-05
4.251053589140897090e-06
5.391474967074292223e-05
5.687960423072696466e-05
6.220494832126738452e-07
2.291127459411646733e-06
7.931579439999360368e-05
2.702700779815500089e-04
3.631095216468511067e-03
8.673360059756352035e-07
3.085133852852127310e-06
1.627810376020347524e-05
1.240485493253955746e-05
6.919167180147134074e-05
4.251053589140897090e-06
5.391474967074292223e-05
1.590812595965471839e-05
4.973303931681958461e-04
3.631095216468511067e-03
3.008577900489025860e-07
2.249550830809954096e-07
3.264849415688197181e-06
4.251053589140897090e-06
5.391474967074292223e-05
2.487554827317281863e-05
2.062728023374644112e-08
2.181668079769802414e-04
2.702700779815500089e-04
3.631095216468511067e-03
1.438395988530724840e-05
8.370571281345171338e-08
2.249550830809954096e-07
4.477559960556102094e-05
3.412158931490785453e-05
2.119518624096797656e-05
2.356414530609494636e-04
1.590812595965471839e-05
4.580591783041784829e-05
3.631095216468511067e-03
8.673360059756352035e-07
1.822795102400543098e-07
2.249550830809954096e-07
3.264849415688197181e-06
2.227013759047654392e-04
2.508262336963442657e-05
5.391474967074292223e-05
1.590812595965471839e-05
8.208587065856933233e-04
4.272098567047154035e-06
3.264849415688197181e-06
3.578576727033147504e-05
6.919167180147134074e-05
4.251053589140897090e-06
2.688117513563687629e-04
1.140816801348003242e-05
6.220494832126738452e-07
4.580591783041784829e-05
3.631095216468511067e-03
7.337676160859170596e-08
4.918397617496406788e-04
2.488003761053051079e-06
2.119518624096797656e-05
2.688117513563687629e-04
6.220494832126738452e-07
2.291127459411646733e-06
5.912659017408550960e-03
1.590812595965471839e-05
4.580591783041784829e-05
3.790805261793517098e-06
2.302463196350977351e-07
2.249550830809954096e-07
1.426945066120292536e-05
4.390329831044591214e-04
1.857978476951977043e-05
5.391474967074292223e-05
2.291127459411646733e-06
1.590812595965471839e-05
2.283821972591099352e-04
3.631095216468511067e-03
3.188305256392233155e-07
2.249550830809954096e-07
1.859494694029908144e-03
3.264849415688197181e-06
6.919167180147134074e-05
4.251053589140897090e-06
5.391474967074292223e-05
6.588414136438748656e-04
8.673360059756352035e-07
1.678859845069142790e-08
3.264849415688197181e-06
4.251053589140897090e-06
5.391474967074292223e-05
1.140816801348003242e-05
3.101455761806621649e-06
1.142325594955328165e-05
2.062728023374644112e-08
4.580591783041784829e-05
3.790805261793517098e-06
2.414758716832607347e-07
2.249550830809954096e-07
3.264849415688197181e-06
2.488003761053051079e-06
4.251053589140897090e-06
5.391474967074292223e-05
1.140816801348003242e-05
6.220494832126738452e-07
1.590812595965471839e-05
8.673360059756352035e-07
1.678859845069142790e-08
2.249550830809954096e-07
1.240485493253955746e-05
4.251053589140897090e-06
2.688117513563687629e-04
1.564553873772349770e-04
6.220494832126738452e-07
2.291127459411646733e-06
6.952854162361457244e-05
2.702700779815500089e-04
1.627810376020347524e-05
4.724942044797174800e-05
1.172674406563076676e-05
4.251053589140897090e-06
2.688117513563687629e-04
1.140816801348003242e-05
2.718748487105719168e-06
2.062728023374644112e-08
7.931579439999360368e-05
4.580591783041784829e-05
4.324421650931301737e-06
1.678859845069142790e-08
2.249550830809954096e-07
3.264849415688197181e-06
1.240485493253955746e-05
1.172674406563076676e-05
2.508262336963442657e-05
5.391474967074292223e-05
3.631095216468511067e-03
7.116395174853323889e-07
2.249550830809954096e-07
3.264849415688197181e-06
2.488003761053051079e-06
4.251053589140897090e-06
1.140816801348003242e-05
6.220494832126738452e-07
2.291127459411646733e-06
5.912659017408550960e-03
4.580591783041784829e-05
3.631095216468511067e-03
2.249550830809954096e-07
3.264849415688197181e-06
1.087414529522819351e-05
1.172674406563076676e-05
2.508262336963442657e-05
8.105131120103388487e-02
1.140816801348003242e-05
1.114735297113004324e-05
7.931579439999360368e-05
3.631095216468511067e-03
8.673360059756352035e-07
7.337676160859170596e-08
1.121596042433663320e-06
3.578576727033147504e-05
1.172674406563076676e-05
1.564553873772349770e-04
2.291127459411646733e-06
1.028448682264753844e-07
3.631095216468511067e-03
8.673360059756352035e-07
1.678859845069142790e-08
1.121596042433663320e-06
3.264849415688197181e-06
2.488003761053051079e-06
1.172674406563076676e-05
7.618042637476788207e-05
4.986088786233919859e-05
6.220494832126738452e-07
3.631095216468511067e-03
4.324421650931301737e-06
1.121596042433663320e-06
4.477559960556102094e-05
1.172674406563076676e-05
5.391474967074292223e-05
1.564553873772349770e-04
2.062728023374644112e-08
5.912659017408550960e-03
4.262862323997957701e-07
3.631095216468511067e-03
4.324421650931301737e-06
2.414758716832607347e-07
2.249550830809954096e-07
1.273212395466610000e-04
4.251053589140897090e-06
1.140816801348003242e-05
6.220494832126738452e-07
1.142325594955328165e-05
1.028448682264753844e-07
1.590812595965471839e-05
3.631095216468511067e-03
3.790805261793517098e-06
1.121596042433663320e-06
3.264849415688197181e-06
2.488003761053051079e-06
4.251053589140897090e-06
1.023889398970294568e-03
5.687960423072696466e-05
1.114735297113004324e-05
1.590812595965471839e-05
2.702700779815500089e-04
3.631095216468511067e-03
1.678859845069142790e-08
2.249550830809954096e-07
4.695939097497380010e-05
3.578576727033147504e-05
1.172674406563076676e-05
4.251053589140897090e-06
2.688117513563687629e-04
7.931579439999360368e-05
4.580591783041784829e-05
3.631095216468511067e-03
8.673360059756352035e-07
1.678859845069142790e-08
3.264849415688197181e-06
3.578576727033147504e-05
4.251053589140897090e-06
2.688117513563687629e-04
1.564553873772349770e-04
1.590812595965471839e-05
4.580591783041784829e-05
3.631095216468511067e-03
3.264849415688197181e-06
2.488003761053051079e-06
1.172674406563076676e-05
4.251053589140897090e-06
2.356414530609494636e-04
1.640873908238847461e-04
8.947140026612284959e-06
6.952854162361457244e-05
8.698954175449783886e-04
3.631095216468511067e-03
1.781930716100855910e-05
2.414758716832607347e-07
2.249550830809954096e-07
8.079719760370413298e-03
3.264849415688197181e-06
2.488003761053051079e-06
6.114428634558348452e-05
2.702700779815500089e-04
8.673360059756352035e-07
1.678859845069142790e-08
1.627810376020347524e-05
2.488003761053051079e-06
4.251053589140897090e-06
1.140816801348003242e-05
8.985621630453104075e-06
3.309576643262551624e-05
2.097774673102912062e-04
1.590812595965471839e-05
4.580591783041784829e-05
8.673360059756352035e-07
1.678859845069142790e-08
2.249550830809954096e-07
2.488003761053051079e-06
6.919167180147134074e-05
1.023889398970294568e-03
4.986088786233919859e-05
8.531063778473034067e-06
1.590812595965471839e-05
8.208587065856933233e-04
3.631095216468511067e-03
8.370571281345171338e-08
1.426945066120292536e-05
2.701310108596148424e-05
4.251053589140897090e-06
5.391474967074292223e-05
5.687960423072696466e-05
6.220494832126738452e-07
1.590812595965471839e-05
2.283821972591099352e-04
3.631095216468511067e-03
8.673360059756352035e-07
1.678859845069142790e-08
2.249550830809954096e-07
8.079719760370413298e-03
2.488003761053051079e-06
4.251053589140897090e-06
5.391474967074292223e-05
7.931579439999360368e-05
2.283821972591099352e-04
3.631095216468511067e-03
4.324421650931301737e-06
1.678859845069142790e-08
3.264849415688197181e-06
1.172674406563076676e-05
2.356414530609494636e-04
1.140816801348003242e-05
8.985621630453104075e-06
1.590812595965471839e-05
2.702700779815500089e-04
3.631095216468511067e-03
4.324421650931301737e-06
2.249550830809954096e-07
2.121248272946120190e-03
2.488003761053051079e-06
1.172674406563076676e-05
4.251053589140897090e-06
1.143749812443013540e-02
1.590812595965471839e-05
8.208587065856933233e-04
3.631095216468511067e-03
8.673360059756352035e-07
1.678859845069142790e-08
2.249550830809954096e-07
3.264849415688197181e-06
2.488003761053051079e-06
1.140816801348003242e-05
8.947140026612284959e-06
1.590812595965471839e-05
4.580591783041784829e-05
3.631095216468511067e-03
8.673360059756352035e-07
7.337676160859170596e-08
1.121596042433663320e-06
3.264849415688197181e-06
2.488003761053051079e-06
2.119518624096797656e-05
5.391474967074292223e-05
1.590812595965471839e-05
3.631095216468511067e-03
8.673360059756352035e-07
2.302463196350977351e-07
2.249550830809954096e-07
1.627810376020347524e-05
1.172674406563076676e-05
4.251053589140897090e-06
5.391474967074292223e-05
1.140816801348003242e-05
1.590812595965471839e-05
8.698954175449783886e-04
3.631095216468511067e-03
8.673360059756352035e-07
1.678859845069142790e-08
2.249550830809954096e-07
3.264849415688197181e-06
3.578576727033147504e-05
4.251053589140897090e-06
1.140816801348003242e-05
1.590812595965471839e-05
2.283821972591099352e-04
8.673360059756352035e-07
7.337676160859170596e-08
1.121596042433663320e-06
2.121248272946120190e-03
1.627810376020347524e-05
1.925691951332749276e-04
1.172674406563076676e-05
4.251053589140897090e-06
