2.166629150154040571e-07
1.198556124020805911e-07
1.982848120967476650e-04
3.541703104361881532e-07
3.212148798710690750e-04
2.460443332290729069e-06
1.193843730606995675e-08
2.872336821756883190e-07
6.604668205687695906e-09
3.198393936643299579e-07
1.984144685412120634e-09
4.352968175260046889e-07
1.258811725700740142e-05
1.348263585004724974e-06
2.166629150154040571e-07
2.673891322572563357e-06
5.267231307613304964e-02
1.198556124020805911e-07
3.848478286966957868e-08
1.113076573709984123e-07
1.880086873869168388e-06
1.872766866537622113e-05
2.437815674163514878e-09
5.038023662123024998e-08
5.901337456396922414e-03
1.061746603546668564e-05
2.810022272390270531e-07
3.807449282394945178e-04
7.692104560398544283e-06
1.193843730606995675e-08
2.783258092871184520e-06
4.514140674542465924e-10
4.352968175260046889e-07
1.995953264959514592e-06
2.166629150154040571e-07
2.398900522853248907e-07
3.212148798710690750e-04
1.113076573709984123e-07
2.810022272390270531e-07
7.692104560398544283e-06
4.514140674542465924e-10
1.348263585004724974e-06
1.373339575282863828e-07
2.398900522853248907e-07
3.212148798710690750e-04
1.113076573709984123e-07
2.810022272390270531e-07
1.503025646762559502e-02
8.084717433292556387e-08
3.852854139459095000e-08
4.514140674542465924e-10
2.645913813953672246e-06
2.166629150154040571e-07
6.652805004422826998e-07
2.235501915375807222e-06
3.721036098427863347e-05
3.212148798710690750e-04
2.810022272390270531e-07
1.193843730606995675e-08
3.852854139459095000e-08
4.514140674542465924e-10
2.166629150154040571e-07
2.235501915375807222e-06
1.113076573709984123e-07
2.686866944529866207e-03
1.193843730606995675e-08
3.852854139459095000e-08
6.604668205687695906e-09
3.811486217956483376e-08
1.043036685402107394e-01
4.514140674542465924e-10
1.258811725700740142e-05
2.166629150154040571e-07
7.163394896751294305e-07
1.373339575282863828e-07
2.867939715004906465e-05
1.208483847528318071e-07
1.113076573709984123e-07
1.142957991280659554e-03
8.084717433292556387e-08
2.783258092871184520e-06
4.514140674542465924e-10
1.258811725700740142e-05
7.437569538465867683e-07
2.166629150154040571e-07
1.373339575282863828e-07
3.848478286966957868e-08
3.721036098427863347e-05
1.061746603546668564e-05
3.852854139459095000e-08
5.413529228858696236e-06
4.514140674542465924e-10
1.348263585004724974e-06
2.166629150154040571e-07
5.191993949008695194e-06
3.282616785658259300e-06
3.212148798710690750e-04
1.113076573709984123e-07
2.133355238995124359e-02
7.692104560398544283e-06
4.514140674542465924e-10
2.166629150154040571e-07
1.373339575282863828e-07
3.541703104361881532e-07
3.212148798710690750e-04
5.888207284339827194e-04
7.692104560398544283e-06
1.693482905304195046e-07
2.872336821756883190e-07
6.604668205687695906e-09
2.783258092871184520e-06
4.514140674542465924e-10
2.645913813953672246e-06
9.523198374789152189e-07
1.198556124020805911e-07
1.789025015538369531e-07
1.075624416493436473e-05
3.212148798710690750e-04
1.113076573709984123e-07
3.852854139459095000e-08
4.514140674542465924e-10
2.645913813953672246e-06
1.131786975881546559e-06
2.166629150154040571e-07
1.693562040823428315e-04
2.235501915375807222e-06
3.721036098427863347e-05
3.212148798710690750e-04
1.113076573709984123e-07
3.807449282394945178e-04
4.514140674542465924e-10
2.437815674163514878e-09
9.523198374789152189e-07
1.373339575282863828e-07
3.212148798710690750e-04
1.193843730606995675e-08
2.872336821756883190e-07
6.604668205687695906e-09
1.675300055562982950e-07
1.788337362646371284e-05
1.984144685412120634e-09
2.648301925212137614e-07
2.166629150154040571e-07
1.093346431055031470e-06
7.133260383074488002e-06
1.208483847528318071e-07
1.113076573709984123e-07
1.193843730606995675e-08
3.852854139459095000e-08
2.872336821756883190e-07
1.984144685412120634e-09
1.995953264959514592e-06
2.437815674163514878e-09
3.361016153005687285e-05
1.693562040823428315e-04
1.063555437467783574e-05
3.212148798710690750e-04
1.193843730606995675e-08
2.872336821756883190e-07
6.604668205687695906e-09
2.645913813953672246e-06
9.523198374789152189e-07
1.208483847528318071e-07
3.212148798710690750e-04
1.113076573709984123e-07
2.724861461504980348e-05
1.193843730606995675e-08
2.872336821756883190e-07
1.233058954279438150e-06
3.811486217956483376e-08
4.514140674542465924e-10
2.437815674163514878e-09
2.166629150154040571e-07
6.652805004422826998e-07
1.789025015538369531e-07
1.092089381063017755e-04
3.212148798710690750e-04
1.113076573709984123e-07
2.133355238995124359e-02
1.193843730606995675e-08
4.284526342013375885e-07
4.514140674542465924e-10
1.258811725700740142e-05
2.166629150154040571e-07
3.541703104361881532e-07
3.282616785658259300e-06
1.208483847528318071e-07
3.212148798710690750e-04
1.113076573709984123e-07
1.193843730606995675e-08
2.262752384474712994e-05
3.024781422428837177e-05
2.166629150154040571e-07
2.235501915375807222e-06
1.208483847528318071e-07
2.780099267090954141e-07
1.057211686621364283e-05
9.721045889826377302e-07
4.458041402256993275e-04
4.766177024479588444e-07
1.880086873869168388e-06
5.413529228858696236e-06
1.984144685412120634e-09
1.348263585004724974e-06
4.008516816727006520e-07
2.166629150154040571e-07
2.716857573060585224e-06
3.212148798710690750e-04
1.113076573709984123e-07
4.766177024479588444e-07
1.880086873869168388e-06
7.292506604799130568e-06
2.437815674163514878e-09
2.166629150154040571e-07
9.752743894415868623e-06
1.092089381063017755e-04
4.033488552385675684e-06
1.113076573709984123e-07
2.133355238995124359e-02
1.193843730606995675e-08
4.514140674542465924e-10
1.208483847528318071e-07
2.695462256426682437e-03
4.443730662643510373e-06
3.807449282394945178e-04
1.441708379503687619e-07
1.193843730606995675e-08
8.084717433292556387e-08
3.852854139459095000e-08
1.233058954279438150e-06
4.514140674542465924e-10
1.348263585004724974e-06
2.166629150154040571e-07
7.163394896751294305e-07
1.282384738565464644e-02
1.692491603431534092e-06
2.765774188128474040e-05
1.193843730606995675e-08
2.507011812505711236e-07
6.604668205687695906e-09
1.984144685412120634e-09
2.451855058335304880e-07
2.166629150154040571e-07
1.238988163251727881e-06
3.212148798710690750e-04
1.113076573709984123e-07
2.724861461504980348e-05
1.193843730606995675e-08
3.852854139459095000e-08
2.872336821756883190e-07
5.413529228858696236e-06
4.514140674542465924e-10
2.437815674163514878e-09
2.268127920055669540e-06
6.652805004422826998e-07
1.693562040823428315e-04
5.901337456396922414e-03
1.113076573709984123e-07
2.724861461504980348e-05
1.001809354913570808e-07
4.514140674542465924e-10
1.258811725700740142e-05
7.437569538465867683e-07
1.348263585004724974e-06
2.166629150154040571e-07
1.693562040823428315e-04
2.716857573060585224e-06
1.075624416493436473e-05
9.884830204584046665e-08
7.692104560398544283e-06
4.514140674542465924e-10
1.800692643098928945e-05
2.166629150154040571e-07
1.075624416493436473e-05
1.193843730606995675e-08
3.852854139459095000e-08
1.146721753898554567e-05
1.233058954279438150e-06
6.604668205687695906e-09
5.795565707564115737e-07
1.880086873869168388e-06
9.618327343864856445e-08
2.695462256426682437e-03
1.113076573709984123e-07
2.810022272390270531e-07
4.033852275707804856e-05
3.852854139459095000e-08
2.872336821756883190e-07
1.646829456911731707e-05
5.542281812037510222e-08
5.105614943147060458e-08
9.618327343864856445e-08
1.753892991117971933e-03
4.168186950666893914e-05
1.075624416493436473e-05
3.212148798710690750e-04
1.113076573709984123e-07
1.193843730606995675e-08
3.852854139459095000e-08
6.604668205687695906e-09
1.872766866537622113e-05
4.514140674542465924e-10
2.166629150154040571e-07
9.618327343864856445e-08
1.554649395305682376e-06
8.148629122253657671e-05
1.193843730606995675e-08
1.518911714767192441e-04
3.811486217956483376e-08
3.797473500298189129e-07
1.984144685412120634e-09
9.523198374789152189e-07
1.554649395305682376e-06
1.075624416493436473e-05
3.212148798710690750e-04
2.044936548054446978e-06
6.859026940293440794e-07
1.193843730606995675e-08
3.852854139459095000e-08
2.872336821756883190e-07
1.984144685412120634e-09
2.437815674163514878e-09
3.033183772845245315e-06
3.289214867512586793e-02
1.789025015538369531e-07
3.212148798710690750e-04
2.810022272390270531e-07
9.884830204584046665e-08
1.193843730606995675e-08
3.852854139459095000e-08
1.880086873869168388e-06
4.514140674542465924e-10
4.352968175260046889e-07
2.459419336551354031e-06
8.433427119893745647e-09
2.166629150154040571e-07
1.298024153238683670e-06
1.693562040823428315e-04
1.198556124020805911e-07
1.075624416493436473e-05
2.783258092871184520e-06
5.413529228858696236e-06
1.984144685412120634e-09
2.166629150154040571e-07
3.212148798710690750e-04
1.113076573709984123e-07
4.033852275707804856e-05
1.193843730606995675e-08
3.852854139459095000e-08
3.811486217956483376e-08
4.514140674542465924e-10
1.995953264959514592e-06
1.373339575282863828e-07
1.198556124020805911e-07
2.235501915375807222e-06
3.212148798710690750e-04
7.692104560398544283e-06
1.193843730606995675e-08
3.852854139459095000e-08
6.604668205687695906e-09
4.514140674542465924e-10
7.437569538465867683e-07
3.644938070520259773e-06
1.789025015538369531e-07
2.044936548054446978e-06
1.193843730606995675e-08
3.852854139459095000e-08
2.872336821756883190e-07
1.691280633664834845e-06
5.795565707564115737e-07
2.166629150154040571e-07
1.075624416493436473e-05
1.113076573709984123e-07
2.724861461504980348e-05
1.193843730606995675e-08
6.604668205687695906e-09
8.891522909972673667e-06
1.800624922080002487e-08
4.525401872363585265e-08
7.563905514876040708e-08
1.348263585004724974e-06
2.543238333983958036e-07
2.166629150154040571e-07
2.235501915375807222e-06
4.356004840245440155e-07
9.340339071939040972e-07
3.846360017599459241e-07
3.852854139459095000e-08
2.636778754976113261e-07
1.675300055562982950e-07
2.783258092871184520e-06
4.514140674542465924e-10
2.437815674163514878e-09
3.408034473496795231e-06
4.874401884817890703e-06
3.212148798710690750e-04
2.810022272390270531e-07
9.884830204584046665e-08
3.364529327790310276e-05
1.193843730606995675e-08
1.984144685412120634e-09
4.352968175260046889e-07
1.595443461960000890e-06
2.166629150154040571e-07
5.038023662123024998e-08
6.652805004422826998e-07
4.050782516659938544e-06
1.075624416493436473e-05
3.212148798710690750e-04
9.340339071939040972e-07
1.984144685412120634e-09
4.352968175260046889e-07
1.348263585004724974e-06
4.128141920536053948e-07
2.166629150154040571e-07
5.038023662123024998e-08
3.212148798710690750e-04
1.061746603546668564e-05
1.193843730606995675e-08
3.852854139459095000e-08
2.262752384474712994e-05
4.514140674542465924e-10
2.166629150154040571e-07
6.652805004422826998e-07
1.749530329270806755e-06
2.716857573060585224e-06
1.113076573709984123e-07
5.277037253201258388e-06
1.646829456911731707e-05
6.604668205687695906e-09
2.407774027577396642e-03
4.514140674542465924e-10
1.995953264959514592e-06
4.858434048896903145e-05
1.516489190463784532e-02
5.038023662123024998e-08
1.527883824275889360e-03
1.092089381063017755e-04
3.212148798710690750e-04
1.441708379503687619e-07
1.880086873869168388e-06
4.917053373820516132e-05
4.514140674542465924e-10
1.382814987993632495e-04
2.459419336551354031e-06
2.437815674163514878e-09
9.075217280856579383e-07
5.901337456396922414e-03
1.193843730606995675e-08
1.693482905304195046e-07
2.437815674163514878e-09
2.166629150154040571e-07
9.951669168403260435e-06
1.789025015538369531e-07
2.398900522853248907e-07
3.212148798710690750e-04
1.297436022370707944e-04
2.724861461504980348e-05
1.001809354913570808e-07
1.019575375673212131e-05
4.514140674542465924e-10
4.008516816727006520e-07
1.373339575282863828e-07
8.795275410248209287e-06
4.050782516659938544e-06
1.282384738565464644e-02
1.113076573709984123e-07
2.133355238995124359e-02
9.190160238637195023e-07
3.852854139459095000e-08
4.514140674542465924e-10
2.645913813953672246e-06
9.523198374789152189e-07
3.848478286966957868e-08
3.212148798710690750e-04
1.113076573709984123e-07
3.852854139459095000e-08
2.872336821756883190e-07
2.670491140318313517e-05
3.811486217956483376e-08
3.546087953407683890e-07
4.514140674542465924e-10
1.995953264959514592e-06
3.212148798710690750e-04
7.692104560398544283e-06
1.815302322936318917e-07
3.852854139459095000e-08
2.872336821756883190e-07
7.316226330552067219e-05
3.811486217956483376e-08
4.514140674542465924e-10
4.352968175260046889e-07
2.437815674163514878e-09
2.166629150154040571e-07
7.858266181856480580e-06
1.198556124020805911e-07
2.235501915375807222e-06
1.789025015538369531e-07
3.212148798710690750e-04
6.534134607441934896e-06
2.783258092871184520e-06
4.514140674542465924e-10
1.458090667568605857e-02
1.348263585004724974e-06
2.437815674163514878e-09
7.609970714465925305e-05
5.440617470939235134e-06
3.212148798710690750e-04
1.113076573709984123e-07
2.810022272390270531e-07
4.514140674542465924e-10
1.995953264959514592e-06
1.113076573709984123e-07
3.852854139459095000e-08
1.004274615565692374e-07
3.811486217956483376e-08
1.800624922080002487e-08
3.989289519007935270e-02
8.314036879408375324e-07
5.043643418647852338e-06
1.880086873869168388e-06
5.413529228858696236e-06
4.287362182214406967e-05
1.742863737940052763e-07
1.198556124020805911e-07
1.789025015538369531e-07
3.212148798710690750e-04
9.340339071939040972e-07
2.724861461504980348e-05
7.692104560398544283e-06
1.595443461960000890e-06
2.166629150154040571e-07
9.618327343864856445e-08
1.298024153238683670e-06
1.069875491729205209e-06
1.208483847528318071e-07
1.113076573709984123e-07
1.193843730606995675e-08
1.693482905304195046e-07
6.604668205687695906e-09
2.783258092871184520e-06
4.514140674542465924e-10
1.045209053617628611e-07
2.166629150154040571e-07
7.163394896751294305e-07
1.693562040823428315e-04
3.212148798710690750e-04
1.113076573709984123e-07
2.193321407571021885e-07
5.277037253201258388e-06
2.645913813953672246e-06
1.348263585004724974e-06
5.038023662123024998e-08
1.112079413232245761e-05
2.235501915375807222e-06
3.541703104361881532e-07
1.282384738565464644e-02
1.193843730606995675e-08
5.257648871737861624e-06
1.679438909199795424e-04
4.794458615505485458e-06
2.437815674163514878e-09
6.652805004422826998e-07
1.075624416493436473e-05
1.193843730606995675e-08
3.852854139459095000e-08
2.872336821756883190e-07
3.811486217956483376e-08
1.178687483112759073e-05
1.457243308580051905e-05
2.687260144790342385e-04
5.440387335674799750e-06
7.319039351170480474e-06
4.008516816727006520e-07
2.437815674163514878e-09
2.166629150154040571e-07
8.406992250851944015e-02
1.742863737940052763e-07
2.004661434864520491e-06
1.944078827348840876e-04
4.514140674542465924e-10
2.166629150154040571e-07
1.373339575282863828e-07
6.652805004422826998e-07
1.198556124020805911e-07
3.848478286966957868e-08
1.789025015538369531e-07
1.075624416493436473e-05
3.212148798710690750e-04
1.001809354913570808e-07
7.820549304774672829e-05
1.223120569519936520e-05
1.995953264959514592e-06
8.433427119893745647e-09
5.038023662123024998e-08
7.790344118007947805e-05
3.212148798710690750e-04
1.113076573709984123e-07
2.724861461504980348e-05
3.807449282394945178e-04
5.413529228858696236e-06
4.514140674542465924e-10
2.459419336551354031e-06
9.523198374789152189e-07
1.693562040823428315e-04
2.695462256426682437e-03
2.765774188128474040e-05
3.183059528603560573e-05
1.193843730606995675e-08
3.852854139459095000e-08
2.783258092871184520e-06
2.262752384474712994e-05
2.166629150154040571e-07
2.906705760671522698e-02
7.163394896751294305e-07
3.217489838631529861e-05
1.198556124020805911e-07
3.282616785658259300e-06
3.212148798710690750e-04
1.113076573709984123e-07
4.514140674542465924e-10
1.995953264959514592e-06
2.166629150154040571e-07
1.742863737940052763e-07
1.298024153238683670e-06
3.212148798710690750e-04
4.033852275707804856e-05
9.884830204584046665e-08
2.931207826509639285e-03
1.193843730606995675e-08
4.514140674542465924e-10
1.258811725700740142e-05
2.543238333983958036e-07
3.541703104361881532e-07
3.212148798710690750e-04
2.596610689308074998e-05
2.810022272390270531e-07
7.692104560398544283e-06
1.142957991280659554e-03
1.193843730606995675e-08
1.880086873869168388e-06
4.514140674542465924e-10
2.166629150154040571e-07
1.198556124020805911e-07
2.235501915375807222e-06
3.721036098427863347e-05
1.113076573709984123e-07
2.810022272390270531e-07
1.214033505520538229e-02
1.693482905304195046e-07
4.514140674542465924e-10
1.373339575282863828e-07
5.150304298372643079e-03
3.541703104361881532e-07
7.295314477060662968e-06
3.212148798710690750e-04
1.113076573709984123e-07
1.087640003782536799e-04
1.693482905304195046e-07
6.360882205008091227e-03
4.794458615505485458e-06
2.214243108081490636e-08
6.652805004422826998e-07
1.092089381063017755e-04
1.075624416493436473e-05
1.113076573709984123e-07
2.724861461504980348e-05
1.193843730606995675e-08
3.852854139459095000e-08
2.872336821756883190e-07
4.514140674542465924e-10
4.008516816727006520e-07
2.437815674163514878e-09
9.523198374789152189e-07
3.212148798710690750e-04
1.113076573709984123e-07
2.724861461504980348e-05
3.807449282394945178e-04
3.852854139459095000e-08
2.872336821756883190e-07
2.166629150154040571e-07
5.038023662123024998e-08
5.901337456396922414e-03
1.441708379503687619e-07
7.692104560398544283e-06
1.001809354913570808e-07
2.507011812505711236e-07
2.872336821756883190e-07
6.604668205687695906e-09
1.580601270415860467e-06
3.359905729980585942e-07
1.348263585004724974e-06
2.437815674163514878e-09
2.166629150154040571e-07
1.198556124020805911e-07
3.848478286966957868e-08
1.092089381063017755e-04
1.075624416493436473e-05
1.113076573709984123e-07
1.693482905304195046e-07
2.783258092871184520e-06
5.413529228858696236e-06
1.092089381063017755e-04
3.212148798710690750e-04
1.113076573709984123e-07
3.852854139459095000e-08
2.045535155550823813e-04
2.872336821756883190e-07
1.233058954279438150e-06
5.155963525438203167e-06
4.514140674542465924e-10
2.166629150154040571e-07
4.518976803783762213e-06
3.212148798710690750e-04
1.113076573709984123e-07
1.193843730606995675e-08
1.693482905304195046e-07
2.872336821756883190e-07
1.004274615565692374e-07
3.811486217956483376e-08
5.413529228858696236e-06
1.984144685412120634e-09
2.166629150154040571e-07
5.038023662123024998e-08
2.235501915375807222e-06
3.212148798710690750e-04
2.810022272390270531e-07
7.692104560398544283e-06
1.193843730606995675e-08
2.507011812505711236e-07
4.514140674542465924e-10
1.995953264959514592e-06
4.287362182214406967e-05
9.618327343864856445e-08
1.193843730606995675e-08
3.852854139459095000e-08
2.872336821756883190e-07
3.198393936643299579e-07
1.178687483112759073e-05
6.405164957258770869e-05
1.872766866537622113e-05
2.543238333983958036e-07
1.097509294386585591e-07
2.166629150154040571e-07
2.235501915375807222e-06
1.075624416493436473e-05
1.113076573709984123e-07
3.807449282394945178e-04
1.193843730606995675e-08
3.852854139459095000e-08
5.413529228858696236e-06
4.514140674542465924e-10
2.166629150154040571e-07
7.163394896751294305e-07
1.092089381063017755e-04
2.044936548054446978e-06
1.193843730606995675e-08
2.872336821756883190e-07
6.604668205687695906e-09
3.811486217956483376e-08
1.880086873869168388e-06
1.348263585004724974e-06
1.131786975881546559e-06
3.282616785658259300e-06
1.075624416493436473e-05
3.212148798710690750e-04
6.534134607441934896e-06
1.365419414069475505e-05
1.193843730606995675e-08
3.852854139459095000e-08
9.310450780990073536e-07
4.479532358832132022e-05
1.348263585004724974e-06
2.543238333983958036e-07
2.437815674163514878e-09
5.038023662123024998e-08
1.373339575282863828e-07
9.711088114018677871e-06
6.887538963258853231e-03
1.075624416493436473e-05
9.523198374789152189e-07
7.163394896751294305e-07
3.212148798710690750e-04
9.340339071939040972e-07
9.884830204584046665e-08
7.692104560398544283e-06
2.193321407571021885e-07
3.852854139459095000e-08
1.371514002888076769e-04
1.233058954279438150e-06
2.411941289418749294e-03
4.514140674542465924e-10
9.523198374789152189e-07
9.618327343864856445e-08
1.944078827348840876e-04
3.551700278688961748e-03
2.235501915375807222e-06
1.075624416493436473e-05
1.113076573709984123e-07
9.884830204584046665e-08
1.984144685412120634e-09
4.352968175260046889e-07
9.523198374789152189e-07
1.568325081101384244e-06
2.235501915375807222e-06
3.721036098427863347e-05
2.780099267090954141e-07
1.113076573709984123e-07
2.724861461504980348e-05
2.686866944529866207e-03
5.413529228858696236e-06
4.352968175260046889e-07
2.437815674163514878e-09
1.298024153238683670e-06
5.387194557575909044e-05
4.870741000829123410e-05
3.541703104361881532e-07
2.780099267090954141e-07
1.113076573709984123e-07
4.033852275707804856e-05
1.984144685412120634e-09
1.995953264959514592e-06
2.166629150154040571e-07
9.618327343864856445e-08
3.212148798710690750e-04
7.008265037899647674e-07
2.045535155550823813e-04
2.872336821756883190e-07
6.604668205687695906e-09
3.811486217956483376e-08
1.984144685412120634e-09
1.800692643098928945e-05
8.455040204353954407e-07
2.166629150154040571e-07
1.373339575282863828e-07
5.440617470939235134e-06
1.075624416493436473e-05
3.212148798710690750e-04
4.033852275707804856e-05
1.193843730606995675e-08
1.131921836777600098e-04
1.984144685412120634e-09
7.292506604799130568e-06
2.166629150154040571e-07
1.238988163251727881e-06
1.198556124020805911e-07
1.394839452615411661e-04
1.075624416493436473e-05
3.212148798710690750e-04
1.113076573709984123e-07
1.872766866537622113e-05
2.645913813953672246e-06
1.348263585004724974e-06
9.340339071939040972e-07
1.193843730606995675e-08
2.507011812505711236e-07
2.872336821756883190e-07
2.636778754976113261e-07
1.675300055562982950e-07
4.525401872363585265e-08
2.783258092871184520e-06
8.932657447100814815e-08
1.348263585004724974e-06
2.166629150154040571e-07
6.652805004422826998e-07
8.425704723135722573e-08
3.212148798710690750e-04
1.113076573709984123e-07
2.460443332290729069e-06
1.193843730606995675e-08
1.131921836777600098e-04
4.514140674542465924e-10
1.348263585004724974e-06
2.437815674163514878e-09
2.166629150154040571e-07
3.348557597962030230e-01
1.113076573709984123e-07
9.721045889826377302e-07
5.205215729421217134e-06
3.852854139459095000e-08
5.413529228858696236e-06
1.984144685412120634e-09
1.348263585004724974e-06
2.166629150154040571e-07
1.749530329270806755e-06
3.212148798710690750e-04
1.193843730606995675e-08
3.852854139459095000e-08
6.273182437068304797e-07
3.811486217956483376e-08
1.872766866537622113e-05
4.514140674542465924e-10
2.645913813953672246e-06
2.166629150154040571e-07
1.208483847528318071e-07
3.212148798710690750e-04
2.044936548054446978e-06
9.884830204584046665e-08
3.852854139459095000e-08
6.612621504252658161e-06
1.984144685412120634e-09
1.258811725700740142e-05
2.437815674163514878e-09
6.652805004422826998e-07
4.495905739725443759e-05
1.113076573709984123e-07
3.852854139459095000e-08
1.146721753898554567e-05
1.306942846639264159e-06
3.811486217956483376e-08
2.262752384474712994e-05
4.514140674542465924e-10
7.437569538465867683e-07
1.348263585004724974e-06
2.543238333983958036e-07
2.166629150154040571e-07
3.408034473496795231e-06
3.848478286966957868e-08
1.075624416493436473e-05
1.113076573709984123e-07
1.995953264959514592e-06
9.523198374789152189e-07
1.747330327931904744e-05
1.568325081101384244e-06
1.373339575282863828e-07
2.716857573060585224e-06
1.092089381063017755e-04
2.398900522853248907e-07
5.901337456396922414e-03
2.810022272390270531e-07
2.783258092871184520e-06
1.348263585004724974e-06
5.851225158092283370e-06
9.523198374789152189e-07
1.568325081101384244e-06
6.652805004422826998e-07
1.944078827348840876e-04
1.092089381063017755e-04
1.193843730606995675e-08
3.852854139459095000e-08
1.016808746387324443e-05
4.514140674542465924e-10
1.348263585004724974e-06
4.008516816727006520e-07
2.437815674163514878e-09
9.523198374789152189e-07
3.367767899948722524e-06
6.344526984983941379e-05
1.929484762002415892e-05
1.075624416493436473e-05
1.880086873869168388e-06
4.514140674542465924e-10
1.348263585004724974e-06
2.166629150154040571e-07
5.169817978624888211e-06
1.092089381063017755e-04
9.769786847900268582e-05
2.398900522853248907e-07
1.113076573709984123e-07
4.033852275707804856e-05
2.783258092871184520e-06
4.514140674542465924e-10
2.645913813953672246e-06
2.120605753504051921e-03
1.348263585004724974e-06
2.437815674163514878e-09
2.166629150154040571e-07
1.742863737940052763e-07
1.554649395305682376e-06
3.848478286966957868e-08
4.514140674542465924e-10
4.794458615505485458e-06
2.437815674163514878e-09
1.944078827348840876e-04
3.541703104361881532e-07
1.113076573709984123e-07
1.640525357279508812e-03
2.872336821756883190e-07
6.604668205687695906e-09
1.132969256723786888e-07
1.131921836777600098e-04
9.313096914734610848e-03
9.310450780990073536e-07
4.514140674542465924e-10
6.320617228748753608e-04
1.198556124020805911e-07
1.208483847528318071e-07
1.929484762002415892e-05
1.113076573709984123e-07
2.133355238995124359e-02
4.917053373820516132e-05
1.984144685412120634e-09
4.008516816727006520e-07
5.011229907301275796e-06
4.050782516659938544e-06
4.356004840245440155e-07
3.212148798710690750e-04
9.884830204584046665e-08
8.084717433292556387e-08
3.852854139459095000e-08
