1.646129778388340181e+00
2.612055568354704427e+00
1.070566969364121324e+00
2.404291603281001777e+00
2.540572010972853789e+00
2.617576651665977749e+00
1.627246870476673601e+00
2.250580259522526827e+00
2.342405538538435472e+00
2.350521795916882262e+00
2.545874068650759714e+00
2.736718108318211939e+00
2.540572010972853789e+00
1.434903778990255008e+00
2.342405538538435472e+00
2.004519710134565535e+00
2.653110810412859344e+00
2.398683207166709686e+00
2.474618599454619705e+00
5.420799117168444425e-01
3.033780853110682463e-01
2.601109760811146643e+00
2.421847750318029568e+00
1.809219331935343567e+00
2.530993134884948592e+00
1.262205818393263179e+00
1.966066585285298984e+00
2.344124692778795538e+00
2.587439531892653743e+00
2.134598525383077927e+00
2.204382241068111981e+00
2.678551677396360908e+00
2.208399684454861678e+00
2.227514340606147503e+00
1.029089353084957636e+00
2.540572010972853789e+00
2.177720873326831619e+00
2.407078691554093375e+00
2.135114267028405788e+00
2.553841365370476346e+00
2.155847904288368699e+00
2.605646797707605433e+00
1.191972494566186036e+00
1.816276858883077994e+00
2.598147384352932132e+00
2.700787797621756248e+00
1.966066585285298984e+00
2.339493279473841891e+00
2.349461231254792004e+00
2.412010308256952396e+00
2.763558544466106603e+00
2.575896989712636476e+00
2.525161890591307134e+00
2.214500918607312130e+00
2.704678998560245518e+00
2.342405538538435472e+00
2.398683207166709686e+00
2.055776495555669214e+00
2.525609766820454016e+00
1.966066585285298984e+00
1.504186526794681900e+00
2.006864640521018650e+00
2.650617822988520889e+00
2.712124302282336696e+00
2.331799900595646236e+00
1.804744555913769144e+00
2.342367992167021740e+00
2.300156686567714548e+00
2.660767397915586141e+00
2.327662478410760905e+00
1.623216405554440245e+00
2.564946722908738153e+00
2.574191902546281163e+00
8.495887424981735103e-01
4.925771112158217058e-01
2.057230471910997505e+00
2.213231534725776495e+00
2.103763756900172588e+00
2.241353124129683128e+00
2.553037347890933617e+00
2.018608476337189650e+00
2.043960666200137055e+00
2.488321132867830077e+00
1.188614900051733869e+00
1.262512983209234330e+00
2.168238058652532718e+00
1.405281608724954445e+00
2.567576196125602284e+00
2.342405538538435472e+00
2.316670277706610825e+00
2.508281254027049378e+00
1.925038237723067036e+00
2.205754164061668465e+00
2.320838131060813936e+00
2.247073538229924505e+00
1.561984159965648766e+00
2.342405538538435472e+00
2.718460548241761199e+00
2.185206774503907212e+00
2.398985372516371672e+00
2.077688454870761259e+00
2.395990542815904956e+00
2.225004093742539268e+00
1.800752526887489324e+00
2.448399518072362113e+00
2.370278168021688447e+00
2.373415449137427302e+00
2.607476141518445090e+00
2.324490083834904741e+00
1.818257351961529267e+00
2.087854727572607150e+00
2.222417209562307594e+00
1.955406617227923194e+00
1.755343093409264199e+00
2.422666399441379070e+00
2.643787732454438988e+00
2.342405538538435472e+00
1.754006565410808793e+00
2.405469806141951938e+00
2.332236300873737900e+00
2.327662478410760905e+00
2.540572010972853789e+00
2.530993134884948592e+00
1.306419079722190846e+00
2.634803789050986111e+00
2.284679785779997196e+00
1.290349803171776610e+00
2.342405538538435472e+00
1.196378108976121624e+00
2.398683207166709686e+00
2.340611711862907285e+00
1.118014861504233348e+00
9.083091425995813983e-01
2.680922748460038640e+00
2.545265838064005859e+00
2.540572010972853789e+00
2.458813821666626875e+00
2.589634270641020475e+00
1.102440219041644687e+00
2.629322183341772146e+00
1.407232710564593869e+00
2.754000474524485043e+00
2.542927738718416819e+00
2.067185763113579267e+00
1.916148690375333308e+00
2.213231534725776495e+00
2.540572010972853789e+00
1.434903778990255008e+00
2.088771800001920642e+00
2.548117572903164874e+00
1.564928891942442224e+00
2.221119979468345385e+00
1.211739032642614511e+00
1.626407047309683440e+00
2.540572010972853789e+00
1.434903778990255008e+00
9.051256006768940710e-01
2.156089527541977358e+00
2.662150507614988282e+00
1.688810156817362129e+00
2.745642926793188998e+00
1.972626960697479781e+00
1.843817408416166037e+00
2.205706720465931525e+00
2.172729212877186900e+00
1.762407940054090405e+00
2.698171359391232649e+00
2.051520636876051462e+00
1.459990813664341136e+00
2.551986214788329210e+00
2.511001746588283456e+00
2.453741428918397194e+00
1.588985080793551274e+00
2.530993134884948592e+00
1.738751486680573999e+00
2.342405538538435472e+00
1.157645911517367621e+00
2.055776495555669214e+00
1.691010756810877869e+00
2.674471241030484947e+00
2.243188778363861324e+00
2.141237423414694252e+00
2.723445435804207282e+00
2.154722661937078509e+00
2.667446608868661251e+00
2.186564954475989087e+00
2.055776495555669214e+00
2.529394341183259343e+00
2.428409625615443268e+00
1.966066585285298984e+00
1.623216405554440245e+00
2.573967016730543289e+00
1.614549680680904542e+00
1.434903778990255008e+00
2.016071760703066484e+00
2.283802396665119527e+00
2.469770725442286707e+00
2.342405538538435472e+00
2.717093311428064428e+00
1.859488468370613656e+00
1.327553394814826149e+00
1.949510370366734691e+00
2.043960666200137055e+00
2.552011493610762738e+00
1.728174463747373268e+00
2.213231534725776495e+00
2.342405538538435472e+00
2.562330524987079361e+00
2.398683207166709686e+00
1.985592029098978140e+00
1.880689662564279274e+00
2.517555621112882669e+00
2.056335727225297116e+00
2.308787817813719556e+00
2.236991705268377206e+00
6.798459217910194363e-01
2.754772275012081995e+00
2.344124692778795538e+00
2.412010308256952396e+00
2.203629285835349449e+00
1.890232791793406308e+00
1.129841088259261106e+00
2.579723792335837818e+00
2.655341941615283474e+00
1.155063655595601757e+00
2.471297639447818550e+00
2.344124692778795538e+00
2.673595547416866225e+00
2.741064529126765237e+00
2.412010308256952396e+00
1.531649217296578991e+00
2.594660286036763797e+00
5.707900162844429248e-01
2.735330113112478756e+00
1.118479716725044870e+00
2.170105948987460565e+00
1.212122308777064950e+00
2.213231534725776495e+00
2.391099992110181205e+00
1.653681401966535569e+00
1.405646858324519410e+00
8.669718902271897898e-01
2.259491830377679644e+00
2.540572010972853789e+00
2.342405538538435472e+00
2.197859630070669645e+00
2.249978584374731305e+00
1.145745334129426585e+00
2.186464647599143163e+00
2.761109464643447087e+00
1.941844241475125354e+00
2.740152186069640727e+00
2.628752271851655831e+00
2.529117192875357301e+00
1.321049734829105260e+00
2.540572010972853789e+00
2.247816608672565053e+00
2.342405538538435472e+00
7.309982117104449895e-01
2.220330078999242840e+00
1.026059674118526610e+00
1.465468651016696988e+00
2.124950454037942471e+00
2.255939816375178264e+00
2.474575895522344471e+00
2.645763535687648105e+00
2.667615834163068911e+00
2.158289428102058594e+00
1.966066585285298984e+00
2.416620002019797653e+00
1.072878227283380337e+00
2.505511753998776125e+00
1.987690531588600873e+00
2.395114839880335911e+00
1.434903778990255008e+00
1.859488468370613656e+00
2.416006931161796878e+00
2.520427106283815277e+00
1.565606120165993431e+00
1.027803555604862806e+00
2.504436688567714953e+00
2.526201546735824088e+00
1.917494050772012848e+00
1.484918338867412979e+00
2.540572010972853789e+00
4.873792255914007887e-01
2.407078691554093375e+00
2.488154209381229887e+00
2.058882332532855131e+00
1.966066585285298984e+00
2.353566994807439805e+00
2.408919644739726085e+00
1.072947347971073384e+00
2.690596092679355067e+00
2.522485932495746930e+00
1.577544556580562363e+00
2.380697456080026697e+00
2.343735689872382011e+00
2.746411806380679277e+00
1.966066585285298984e+00
2.521606214258611089e+00
1.099082114833765944e+00
2.395982983271902178e+00
2.548527827336469098e+00
2.067880022718148414e+00
1.627246870476673601e+00
2.204992225350959956e+00
3.388770303973185904e-01
1.059682132576733826e+00
2.344124692778795538e+00
2.006773874002294011e+00
2.275542405955891745e+00
2.301601381797309109e+00
2.737363924822127981e+00
2.356852920008702945e+00
2.706247595405532724e+00
9.841649466213320263e-01
2.342405538538435472e+00
1.859488468370613656e+00
2.579945531798570890e+00
2.715229806938949775e+00
2.377586164764125876e+00
2.324490083834904741e+00
2.658867752937518425e+00
2.748911750804087450e+00
2.108729499137984131e+00
2.342405538538435472e+00
2.398683207166709686e+00
1.966066585285298984e+00
1.117919112280540306e+00
2.647597949950894591e+00
1.965886210964883363e+00
9.909903099197777676e-01
8.495887424981735103e-01
2.481255006059905455e+00
2.540572010972853789e+00
2.264503826071911252e+00
1.473675669219842277e+00
6.281924336758597516e-01
2.319238369915237907e+00
1.983819851876935214e+00
1.549750191884547990e+00
1.490617558526948994e+00
2.530993134884948592e+00
9.345807741096946453e-01
2.342405538538435472e+00
2.620541069602452033e+00
1.971055850204064708e+00
2.582460806865802816e+00
2.635776784455543087e+00
2.658867752937518425e+00
1.434903778990255008e+00
2.407078691554093375e+00
1.859488468370613656e+00
2.055776495555669214e+00
4.515609116147563107e-01
1.155755782247631203e+00
7.801806028546280913e-01
2.515501027920717281e+00
2.740065022762801838e+00
2.659877257177457821e+00
2.300238573043680290e+00
1.820219922134976409e+00
1.997614565215616977e+00
2.327662478410760905e+00
2.540572010972853789e+00
2.727888879387629917e+00
2.407078691554093375e+00
2.654413756371194477e+00
2.398683207166709686e+00
2.276646245759336384e+00
9.909903099197777676e-01
1.584375404455829139e+00
1.658735057347135999e+00
1.743345561054763904e+00
2.582308447458733447e+00
2.448414851495172240e+00
2.213231534725776495e+00
1.927597982945203015e+00
1.567329032705791825e+00
5.707900162844429248e-01
2.665146204790080464e+00
2.445283720398116589e+00
1.864996936269553096e+00
8.495887424981735103e-01
9.680410612198750986e-01
1.859347736707804399e+00
1.122624668287469873e+00
1.291442055798087685e+00
4.514732498509798631e-01
2.455357683735799768e+00
2.412447492050075137e+00
2.469393700757541499e+00
2.286048604727243028e+00
1.079772029259794541e+00
2.540572010972853789e+00
1.083187674284328716e+00
1.332489176404086706e+00
2.315814120309788393e+00
2.253328540993875695e+00
2.456976090718989258e+00
2.357482654139222422e+00
1.565322877430149751e+00
2.213127961632571417e+00
2.597034429882180362e+00
2.540572010972853789e+00
5.632362273097759608e-01
2.342405538538435472e+00
2.655341941615283474e+00
2.398683207166709686e+00
1.076393629618614067e+00
2.414742767363548648e+00
2.639174910447711575e+00
2.540572010972853789e+00
2.147467604155473886e+00
2.342405538538435472e+00
2.565676164792729974e+00
2.240901083425868467e+00
2.398683207166709686e+00
2.582284342892304796e+00
1.846047426608011355e+00
2.497424783913918755e+00
1.864996936269553096e+00
2.437713899251682470e+00
1.632295524125801700e+00
2.342405538538435472e+00
2.729435189045831045e+00
2.055308031577918637e+00
2.055776495555669214e+00
2.344124692778795538e+00
2.545265838064005859e+00
2.296288501501864587e+00
2.490514309099582935e+00
1.977114658032342431e+00
2.468606597293261817e+00
2.201494471026768096e+00
1.963423901965474005e+00
2.412010308256952396e+00
6.758434737440791595e-01
2.320072309858892012e+00
1.821431706921364801e+00
2.711676983826040388e+00
2.552011493610762738e+00
2.252652993729763242e+00
2.299917123092177107e+00
2.530993134884948592e+00
2.616092351182823794e+00
1.517534435448827601e+00
2.342405538538435472e+00
9.567525204209619272e-01
2.424620708522286616e+00
2.408910161070506817e+00
1.937644555095190402e+00
1.300840670005809052e+00
2.713074180092895471e+00
2.530993134884948592e+00
2.342405538538435472e+00
2.197761644054034402e+00
2.277959626297579643e+00
2.623152170315625753e+00
2.715229806938949775e+00
1.840321360130311223e+00
2.696021740527544175e+00
1.434903778990255008e+00
2.030072903313351329e+00
2.638747839760562819e+00
2.410562055088127487e+00
2.049997065069852020e+00
2.596489764326967986e+00
2.707750453661862622e+00
1.979996930370556019e+00
2.275849817438849509e+00
2.412140320357836654e+00
1.521365585171545964e+00
2.195495555903860918e+00
2.540572010972853789e+00
1.304226403980157434e+00
8.691016245678553354e-01
2.588389527643211174e+00
2.718531125129057813e+00
2.567262340095842976e+00
9.148062659669092822e-01
2.052903491923808499e+00
1.567992750516036260e+00
2.068749833155990370e+00
2.213742262727522725e+00
1.450951297897804304e+00
1.859488468370613656e+00
2.398683207166709686e+00
2.761109464643447087e+00
2.497967189845226255e+00
2.610679514977068294e+00
1.944543380113399111e+00
1.596012332150956503e+00
2.141237423414694252e+00
2.466641779361546050e+00
1.941683767453807219e+00
2.530993134884948592e+00
2.557666315942516810e+00
1.798248526775579892e+00
2.765068667903759270e+00
2.021808059083100240e+00
1.775952313114789849e+00
2.741548269828036677e+00
2.169938106247460752e+00
2.213231534725776495e+00
1.229726511855854021e+00
9.624455045017804578e-01
1.586378987742539826e+00
1.202952648303327488e+00
2.395232781569351488e+00
2.597265914856470292e+00
2.307732410690766400e+00
2.530993134884948592e+00
1.197280811001929068e+00
2.142597620789342461e+00
1.421596557188239851e+00
2.725486705319683178e+00
2.740441344433016901e+00
2.132917260990597530e+00
2.285840124287702224e+00
2.367162298138382415e+00
2.670228474232871463e+00
2.530993134884948592e+00
2.525368313130155862e+00
2.407078691554093375e+00
1.697718278694120508e+00
2.036454067222235320e+00
1.196378108976121624e+00
2.740441344433016901e+00
2.340611711862907285e+00
2.101812207156598333e+00
9.909903099197777676e-01
2.540572010972853789e+00
1.434903778990255008e+00
1.948806994355995137e+00
9.066436070355985422e-01
2.530993134884948592e+00
1.517595971050284209e+00
2.392681712065322763e+00
2.473894518290831179e+00
2.195510093623266101e+00
1.800752526887489324e+00
2.213742262727522725e+00
9.108695954955261520e-01
2.722750940276508214e+00
1.470507350063973151e+00
2.690294910428994601e+00
2.756570565748907686e+00
2.129944208047749310e+00
1.912191707309940369e+00
1.004679344974408473e+00
9.165661415045224247e-01
1.611600750299098550e+00
2.601811817953397554e+00
2.401692602005794708e+00
2.503416258845232001e+00
2.342405538538435472e+00
1.754006565410808793e+00
1.966066585285298984e+00
2.548670485528174101e+00
2.535864018704556244e+00
1.147922350748951548e+00
2.748860373652098232e+00
2.540572010972853789e+00
1.627683254640060140e+00
2.398683207166709686e+00
1.807698657434636758e+00
1.499171983179844680e+00
2.660878592874590165e+00
1.400952915124988873e+00
1.955406617227923194e+00
2.330912260749001597e+00
2.540572010972853789e+00
1.582803715448355186e+00
2.216454356030007400e+00
2.342405538538435472e+00
1.519674768197960546e+00
2.398683207166709686e+00
2.055776495555669214e+00
2.188020771951598498e+00
2.145865047066217723e+00
2.558117899553075336e+00
2.400407102114246349e+00
2.213231534725776495e+00
2.390853649266697634e+00
2.059813472857888961e+00
2.212814176194508153e+00
2.407078691554093375e+00
1.572675871621550758e+00
2.567262340095842976e+00
2.099921383887036974e+00
2.200955524871718527e+00
1.848081971831588399e+00
2.553959012515347737e+00
2.204755340026760102e+00
2.719117463888312436e+00
2.356852920008702945e+00
1.940203901010250753e+00
2.718725550927555190e+00
5.720551953044672455e-01
2.533549828243627733e+00
1.702373057460586869e+00
1.541591044954673917e+00
1.945995534240596125e+00
2.391162255477770948e+00
2.342405538538435472e+00
2.406586265659111046e+00
2.252933338298552801e+00
2.742258978886398690e+00
2.004711876333642451e+00
2.213231534725776495e+00
2.540572010972853789e+00
2.667919437030492613e+00
2.398683207166709686e+00
2.705716183399048624e+00
1.726684675681083414e+00
2.344124692778795538e+00
2.542690490154717597e+00
2.626605256063796023e+00
7.267458825995418703e-01
2.540572010972853789e+00
1.434903778990255008e+00
2.489289579445459033e+00
2.023038229974759350e+00
2.398683207166709686e+00
7.348305027457191496e-01
1.840659505199633950e+00
9.147350197628733026e-01
1.338463991279946308e+00
2.359411598244786301e+00
2.685411148546186233e+00
9.909903099197777676e-01
2.741548269828036677e+00
2.540572010972853789e+00
2.222210968649579677e+00
1.633028468779879061e+00
2.342405538538435472e+00
2.748385545888422765e+00
1.859488468370613656e+00
2.594660286036763797e+00
2.055068758139622087e+00
9.909903099197777676e-01
2.763743227108120593e+00
2.189135772056909790e+00
1.280425456076871304e+00
2.400303309813754282e+00
2.540572010972853789e+00
2.314057631392960612e+00
4.515609116147563107e-01
2.006773874002294011e+00
2.617186880164111606e+00
1.551054319760210021e+00
2.143810666008903798e+00
2.248243350993577749e+00
2.393199601969744794e+00
8.389166543817578869e-01
2.347381386256923275e+00
1.984717002036076927e+00
2.525609766820454016e+00
8.483103756347971647e-01
2.435208008607317787e+00
1.475241367616300980e+00
2.327662478410760905e+00
2.540572010972853789e+00
2.729846180246264797e+00
2.530993134884948592e+00
7.419369473244955548e-01
2.080096170813443557e+00
2.342405538538435472e+00
1.727098440345185004e+00
1.857378653767785659e+00
2.213231534725776495e+00
1.784349773526669125e+00
2.540572010972853789e+00
2.070207588009168376e+00
2.558379229171355629e+00
2.398683207166709686e+00
2.625924908287428750e+00
1.180397394763449848e+00
2.612362439289222849e+00
2.365512881355525288e+00
1.295117188917147777e+00
1.856278018019431153e+00
1.586073089945265746e+00
2.398683207166709686e+00
1.186051614455917891e+00
1.362455232837359809e+00
1.591958498578219583e+00
2.480161034265996989e+00
1.821431706921364801e+00
2.730706440828812198e+00
2.723312465139908767e+00
2.697618482588662658e+00
2.143810666008903798e+00
2.238065098589022028e+00
2.342405538538435472e+00
1.276420836682311988e+00
9.474787540909446193e-01
1.198610010405134485e+00
2.758506991203634406e+00
2.540572010972853789e+00
1.435667167663348565e+00
1.888446559557685145e+00
2.398683207166709686e+00
2.055776495555669214e+00
2.412029176260518160e+00
1.966066585285298984e+00
2.412010308256952396e+00
2.652596296629304629e+00
2.465558556830123482e+00
2.732493825853580915e+00
2.369970367203146022e+00
2.436536471845181850e+00
1.705232201954461235e+00
2.342405538538435472e+00
1.921376627143241311e+00
2.467834945940937885e+00
1.966066585285298984e+00
2.344124692778795538e+00
1.734432470379080549e+00
2.031188289806681979e+00
1.661315329331366719e+00
2.505543151142317182e+00
1.908753780495106911e+00
2.213231534725776495e+00
2.448354986663261013e+00
2.639174910447711575e+00
1.434903778990255008e+00
4.260824453484237662e-01
1.855603019810376564e+00
2.458701267973680604e+00
2.540572010972853789e+00
2.530993134884948592e+00
1.921399377629127159e+00
2.342405538538435472e+00
2.496067733179771153e+00
2.398683207166709686e+00
1.966066585285298984e+00
2.147131458845338514e+00
2.104596763298828499e+00
2.142742668165239728e+00
2.578802151750540617e+00
2.103763756900172588e+00
1.566955979836144319e+00
9.871987846534818756e-01
1.995443010472259360e+00
2.342405538538435472e+00
1.025497547526134312e+00
2.423110771431022048e+00
2.070449784453372022e+00
2.493791151758741442e+00
9.108695954955261520e-01
1.626407047309683440e+00
2.540572010972853789e+00
1.984585543170770405e+00
2.173295361844385987e+00
2.743389683389310996e+00
1.966066585285298984e+00
2.438795757730616298e+00
1.902801473884433658e+00
2.700617229788455642e+00
2.445232129337538751e+00
2.324688352349928877e+00
2.732833636174839320e+00
2.342405538538435472e+00
1.966066585285298984e+00
2.479276555810281391e+00
2.692050561787247887e+00
2.412010308256952396e+00
2.156043798499016173e+00
2.715229806938949775e+00
2.725985831668876536e+00
2.623456279012793324e+00
2.540572010972853789e+00
2.062557908736348367e+00
2.342405538538435472e+00
2.704710767276829575e+00
2.097345118468823433e+00
1.146540447076140001e+00
2.647597949950894591e+00
2.535864018704556244e+00
2.728011277004382951e+00
2.384297327482614914e+00
1.921066015780430458e+00
1.784349773526669125e+00
2.540572010972853789e+00
2.672943421436693612e+00
2.525368313130155862e+00
2.288905782227878660e+00
2.728991695174507459e+00
1.628973669432425053e+00
2.205618964234136392e+00
1.021851598390055127e+00
2.561121005469649603e+00
2.395487266367489099e+00
2.741004869301973734e+00
1.394463784623040770e+00
2.891967383416380044e-01
2.342405538538435472e+00
2.218500778474860269e+00
1.181414183070459201e+00
2.213231534725776495e+00
2.540572010972853789e+00
2.711312823889136858e+00
2.398683207166709686e+00
2.711878438784258272e+00
2.510772173985526656e+00
2.129944208047749310e+00
1.990974554397701324e+00
2.647597949950894591e+00
1.626983683977146544e+00
9.909903099197777676e-01
2.752933093369661854e+00
2.607476141518445090e+00
1.829241913864352753e+00
2.522655209370205487e+00
2.655341941615283474e+00
2.725352695385777402e+00
1.966066585285298984e+00
1.038344690752439625e+00
2.313625054359598643e+00
2.456053707861109547e+00
2.565473312934445360e+00
1.593763593826628133e+00
2.503943830436210050e+00
1.979786735139990483e+00
1.555917140482274252e+00
2.342405538538435472e+00
2.518409198346740041e+00
1.955267773326725189e+00
2.669280407599520899e+00
1.448240563927585711e+00
2.085490024792755026e+00
1.650112795598570159e+00
2.736143771389527135e+00
1.137088848823901266e+00
2.208012852698347572e+00
1.859488468370613656e+00
2.398683207166709686e+00
2.759687814754365753e+00
6.440885142392285267e-01
2.104469768075489799e+00
2.690596092679355067e+00
2.574587761969119093e+00
2.698171359391232649e+00
2.391162255477770948e+00
2.403039349107283673e+00
2.042164564531630866e+00
2.558379229171355629e+00
2.484885627293820676e+00
2.159974244857999270e+00
2.618294563441093459e+00
1.236657610967387688e+00
2.398683207166709686e+00
1.092354133023532903e+00
2.747868277317175867e+00
1.384603213863804694e+00
1.117919112280540306e+00
1.192988984869426394e+00
2.705140696890816709e+00
2.254359608047721952e+00
2.704206149506800383e+00
2.586270405796034844e+00
2.445283720398116589e+00
9.909903099197777676e-01
2.085103618956453797e+00
2.643787732454438988e+00
2.353693807363093526e+00
2.172407360380020691e+00
2.473894518290831179e+00
2.062196259125114839e+00
6.853824810866627759e-01
2.379598265741106111e+00
2.069730760866505648e+00
1.832422026310148055e+00
1.523804694704169238e+00
2.540572010972853789e+00
1.434903778990255008e+00
1.472051315703643670e+00
1.710346800943917112e+00
1.636869123545537930e+00
1.209844775480971135e+00
2.651589573957302104e+00
1.849153603974399651e+00
2.122199560221391224e+00
2.051117004317683179e+00
9.674847173992909832e-01
1.686415397522963433e+00
1.899449967344930101e+00
2.442722541435353723e+00
1.912979360727888212e+00
2.736845211592703553e+00
1.775153758884302269e+00
2.342405538538435472e+00
1.123027723074957240e+00
2.055776495555669214e+00
2.743531553623725028e+00
2.583722997656462184e+00
2.542690490154717597e+00
9.395871368087660436e-01
2.542613817621087957e+00
2.564699440957886267e+00
9.909903099197777676e-01
1.484918338867412979e+00
2.540572010972853789e+00
2.530993134884948592e+00
2.342405538538435472e+00
6.448338473271849614e-01
2.398683207166709686e+00
2.700176168106969588e+00
2.456976090718989258e+00
2.748001069788945205e+00
2.762498684407830751e+00
1.873117903787718808e+00
2.153656452420409817e+00
2.251959410417649021e+00
2.279810318830197247e+00
1.854800775514070521e+00
6.872312271967236930e-01
2.129560169211665688e+00
2.069151518576518800e+00
2.342405538538435472e+00
2.306900048356235189e+00
2.603158629419434877e+00
2.055776495555669214e+00
1.966066585285298984e+00
2.344124692778795538e+00
1.381326428632251524e+00
1.375114767791878689e+00
2.633073807842657210e+00
2.659877257177457821e+00
1.106470617553444891e+00
2.143810666008903798e+00
1.072222553989075955e+00
1.496323631362141526e+00
2.540572010972853789e+00
2.720980563331625746e+00
2.315034743404243756e+00
2.342405538538435472e+00
2.491816810568377338e+00
2.139643513627518701e+00
9.720323942824627972e-01
2.479973833316679421e+00
1.651497064058181419e+00
2.369167995550360395e+00
2.727429108930546686e+00
4.099337467803282897e-01
1.383274093941597505e+00
1.943399898402198289e+00
1.118479716725044870e+00
2.377586164764125876e+00
2.659321758946776804e+00
1.110023998958739488e+00
1.580063501502919854e+00
1.923678458907055466e+00
2.398683207166709686e+00
2.707750453661862622e+00
2.344124692778795538e+00
1.366471467713794130e+00
2.735016353994726312e+00
8.808353747015906787e-01
1.070433693734337721e+00
2.739144785433586193e+00
2.441713327189685590e+00
2.744175369811322707e+00
2.521423655793391116e+00
1.211739032642614511e+00
1.911553158491874793e+00
2.698744185550602914e+00
2.453996861239038818e+00
2.644947401025947720e+00
1.938675002652105572e+00
2.231316653479540335e+00
2.344547934873684181e+00
1.434903778990255008e+00
2.574587761969119093e+00
2.284411205580729742e+00
2.342405538538435472e+00
8.580965103864957033e-01
2.531712924803217746e+00
1.827231374640530204e+00
1.236171110443177401e+00
2.741548269828036677e+00
9.324253527971528843e-01
1.917494050772012848e+00
2.767766349348406152e+00
2.401375656992402963e+00
2.049227250678733014e+00
2.342405538538435472e+00
2.213196310887879381e+00
2.578704255683715640e+00
1.184085630978570114e+00
1.854800775514070521e+00
2.213231534725776495e+00
2.563767844212124558e+00
2.540572010972853789e+00
4.514732498509798631e-01
2.350300057155370048e+00
2.469770725442286707e+00
