1.958957878719448686e+01
1.133383511934074050e+01
1.420289368878059832e+01
1.246148316061830741e+01
1.897139549203997433e+01
1.635515132812821903e+01
1.845033217784061463e+01
1.906565925356581204e+01
1.393450487381405978e+01
1.605035439879033987e+01
1.709075925650704164e+01
1.785029038743123664e+01
1.349504024184000173e+01
2.028649184771170866e+01
1.298226514115294350e+01
1.285135456796223963e+01
1.473318768248126354e+01
1.152928663563511336e+01
1.924759628795622746e+01
1.969456106284362207e+01
6.140353999786500871e+00
1.342116500466294227e+01
1.484358481135971530e+01
1.660821612138423475e+01
1.636265045477978575e+01
1.105938796775817679e+01
1.674268697240312420e+01
1.104694728057648945e+01
1.620360224047696818e+01
2.024164181737853951e+01
1.337517013357160067e+01
1.313099203727009368e+01
1.907640686478608671e+01
1.275769047511033705e+01
1.358545976155875223e+01
1.329450994109505046e+01
1.397115433889891456e+01
1.949888139263844877e+01
7.584784225100162480e+00
1.335065918309210886e+01
1.902810601126384427e+01
1.605629852948616687e+01
1.701986826168057121e+01
2.062315860842549142e+01
1.383248929856066489e+01
1.569900714897427640e+01
1.355596866099589093e+01
1.980719703435293511e+01
1.580607181725499188e+01
1.882612685057111079e+01
9.171752470435542648e+00
1.250493797648464422e+01
1.694521022108304464e+01
4.949394696174915786e+00
1.876337877078153582e+01
1.576910050777744132e+01
5.688075276872664787e+00
8.414635791064419834e+00
1.580607181725499188e+01
1.149721095990259556e+01
1.276199514091202047e+01
1.826524957513155556e+01
1.913241929348602000e+01
1.123516033312279916e+01
1.817115235878411283e+01
1.342734720124725456e+01
2.066637559260036383e+01
1.278449233394478313e+01
1.160513289581683161e+01
1.571362205868644502e+01
1.136404326100230122e+01
1.269127351241234791e+01
1.586758831487612120e+01
1.501131111324679779e+01
1.176218988345351235e+01
1.564412756261936543e+01
1.440855616062509093e+01
1.464500431277820880e+01
1.805447509126152994e+01
1.099373389491211483e+01
1.286792547813663035e+01
1.742178163487846021e+01
1.528009238760397537e+01
1.837391627965467222e+01
1.766842601754685305e+01
1.865652408896535164e+01
1.518452722765142937e+01
1.275176336333273142e+01
1.874588397220500724e+01
8.084851898151551808e+00
1.308366113104235851e+01
1.390758658441359330e+01
1.243941101537242311e+01
1.706872124872204566e+01
1.385915913747705375e+01
1.468209593572644067e+01
1.621513310335000213e+01
1.495899344291041544e+01
1.532765569619476054e+01
1.560795561856677338e+01
1.083011996115230424e+01
1.966767626699010663e+01
1.248118220598020578e+01
1.479143066989056976e+01
1.341966413016653448e+01
1.349554243235090567e+01
1.812809041991694059e+01
1.493967790447143962e+01
1.506781005405949259e+01
1.505285096775380183e+01
1.512486345611234384e+01
1.477972807838209235e+01
1.435250720284515680e+01
1.433670220623425884e+01
1.618616432899847979e+01
1.095288185230908873e+01
1.596253111525979662e+01
1.980719703435293511e+01
1.992926745672305344e+01
1.963229931173506060e+01
1.627963568276658179e+01
1.366868076324850456e+01
1.492639667793865499e+01
1.886138070046437321e+01
1.577044065761463543e+01
1.675399680404217051e+01
1.946033554612152727e+01
1.442777684304889974e+01
1.924315008741218946e+01
1.829619725765142491e+01
1.556175108326542933e+01
1.454398240518037611e+01
1.669601586593416442e+01
1.846365681441835704e+01
2.050985209386390906e+01
1.255114164725048020e+01
1.770011293664019547e+01
1.539725967281822783e+01
9.802909033989935850e+00
1.584370552420527645e+01
1.663027739704649122e+01
1.234151568032573287e+01
1.747601860678037866e+01
1.528727694643051827e+01
1.953464260433077726e+01
1.336923145767555354e+01
1.568843020866645155e+01
1.397219530995537973e+01
1.960149414609221452e+01
1.209754910950760021e+01
1.564100107995213840e+01
1.400215898679072701e+01
1.935459990831866506e+01
1.353337981187061523e+01
1.559078814455625661e+01
1.691762442971342040e+01
1.346369493237870785e+01
1.499826901253689826e+01
1.259604095570091786e+01
1.478367891151656899e+01
1.604544941530169311e+01
1.942909734123946563e+01
2.048737547664458347e+01
1.375734516220140335e+01
1.047150164705222508e+01
1.473710260517279913e+01
1.486969667828653385e+01
1.897942448268362625e+01
1.321287383261772952e+01
1.706560624314379027e+01
1.407626443519625425e+01
9.768798938856061653e+00
1.558726689355944472e+01
1.568190275868144923e+01
1.433602041413353234e+01
1.373482704021515488e+01
1.339065103305766158e+01
1.425785299597533218e+01
1.321917186068269423e+01
1.294507294109902595e+01
1.486884042809731810e+01
1.584217348243089951e+01
1.409094401732599522e+01
1.472666042530754815e+01
1.811137771826166798e+01
1.399145305334326039e+01
2.015259361289932016e+01
1.737063325911377376e+01
1.536196582673877842e+01
1.444261793756256118e+01
1.927106163078497048e+01
1.409221639769055123e+01
1.584217348243089951e+01
1.933382329250650855e+01
1.478450615289741954e+01
1.467458286037503612e+01
1.695449102169576605e+01
1.710133635285772158e+01
1.121459819620658571e+01
1.998689301615850766e+01
1.922477372049984012e+01
1.603900226927669692e+01
1.162431478366127280e+01
1.653228112443033027e+01
1.598462838039734280e+01
1.953578968192859477e+01
1.534509070159592525e+01
1.698592322711216696e+01
1.880350934586112999e+01
1.664520273952656737e+01
1.584217348243089951e+01
1.208168249979702757e+01
2.037860600769513297e+01
1.839427536674331520e+01
1.759714240601917368e+01
2.017404143532208138e+01
1.548652770987344951e+01
2.011105122274780399e+01
1.568071739238502715e+01
1.690811404900356152e+01
6.756332915874228462e+00
1.266840111483873699e+01
1.312483451042472282e+01
1.973643218502153118e+01
1.606553351443358935e+01
1.603813296570982061e+01
1.565243418972194078e+01
1.998813684743392471e+01
1.742170453286308529e+01
2.008784001898757055e+01
1.589933308600703654e+01
1.813417533872458876e+01
1.962022707383615838e+01
1.401009046874860076e+01
1.395918339908300432e+01
1.136689367622441615e+01
1.566519679784203412e+01
1.260660418973513863e+01
1.690439890846149495e+01
1.318289513843479810e+01
1.199448297318722467e+01
1.769488957007318319e+01
1.450701544167289825e+01
1.689056752113519622e+01
1.628098076361562363e+01
1.770913918986002500e+01
1.413201354216452366e+01
1.566519679784203412e+01
2.028477201062750623e+01
1.377218940060208041e+01
1.998235204287286493e+01
1.847419349622270346e+01
1.400636504181115605e+01
2.028649184771170866e+01
1.303112122075941670e+01
1.876019639317751242e+01
1.325742329560305777e+01
1.301736685862726084e+01
2.050798188981217862e+01
1.580796157138048841e+01
1.496478764967772079e+01
1.981086515889789013e+01
1.142304130581790389e+01
1.192867141801016118e+01
1.578992787178229307e+01
1.671943612269651425e+01
1.633859712376814954e+01
1.318549088529170987e+01
1.942356589530435684e+01
1.467162992922363784e+01
1.374564114171460538e+01
2.023781901650499648e+01
1.959037369788815752e+01
1.656360379279571404e+01
1.365044069003145566e+01
1.847515738437411414e+01
1.891151711067700703e+01
1.602355279221192319e+01
1.951957193443944050e+01
1.881564814040953593e+01
1.447393626532029565e+01
1.453199363514818643e+01
1.499486860363493079e+01
2.013606963350724754e+01
1.876019274354052868e+01
1.475634782759449770e+01
1.826845524811849941e+01
1.950534880228412504e+01
1.251432573047582508e+01
1.498605218953688123e+01
1.321297651896996150e+01
1.953127550483397101e+01
1.293706255887394008e+01
1.970286265239012735e+01
2.034487917998557549e+01
1.297140095904500612e+01
1.797637521569186347e+01
1.699263414657243842e+01
1.922965865985906930e+01
1.154128607756680402e+01
1.961309395708591907e+01
1.696572420576651652e+01
1.488684409843340184e+01
1.515349182362053071e+01
1.328403012842536413e+01
1.954899017818348383e+01
1.752978010401504960e+01
1.885784979636755310e+01
2.051709571236788321e+01
1.880350934586112999e+01
1.807815088714538021e+01
1.915208931189604158e+01
1.877366716520994672e+01
1.482235700495251329e+01
1.856639630833151600e+01
1.516062102499482123e+01
1.904375227668521475e+01
1.585603179707185362e+01
1.167158050006766956e+01
1.597501917307832286e+01
1.626439149593787192e+01
1.859173529205659392e+01
1.458283473611411907e+01
1.466073539386168711e+01
1.690963856040260538e+01
1.288830645107302608e+01
1.276351456023001418e+01
1.200802103447266234e+01
1.330884479724388925e+01
1.475008923899575741e+01
1.942976984664863949e+01
1.873380210816745617e+01
1.741224254630755652e+01
1.520265939647030251e+01
1.689037520170866102e+01
2.052314361294812528e+01
1.919642900269742469e+01
1.206268798811240650e+01
1.560233920258664142e+01
2.037745134033650984e+01
1.534596782008574323e+01
1.495417787965661915e+01
1.264824473435083796e+01
1.274744632392030397e+01
1.375064930327012647e+01
1.612365880576936661e+01
1.685908571755529906e+01
1.831212713268056191e+01
1.292916821273360739e+01
1.593335668441416964e+01
1.887425840572123192e+01
1.467893095298178885e+01
1.251304777727190221e+01
1.838296011248013428e+01
1.483159523077425135e+01
1.764706664657950341e+01
1.228750962379412925e+01
1.813319629419681434e+01
1.426704630355605019e+01
1.199395099291193745e+01
1.703021942478794060e+01
1.530642405087624525e+01
1.362771154655299455e+01
9.962739746678234809e+00
1.380053592609223756e+01
1.554766069955118724e+01
1.495122461180402595e+01
1.235113592572760588e+01
2.015120739009367057e+01
1.318581357051038871e+01
1.594397275634245226e+01
1.380876469489864355e+01
1.276239056071002231e+01
1.603639192629893984e+01
1.707863032368741329e+01
1.425765186280994001e+01
2.070198867931593156e+01
1.581224697995727624e+01
2.057115025641908090e+01
1.816324919564575779e+01
1.563777410327572781e+01
1.442992630710815405e+01
1.388115875309178548e+01
1.422397022549503509e+00
1.195004397026954024e+01
1.356636521153882669e+01
2.048297623361183284e+01
2.021457413392047897e+01
1.810152832666541300e+01
1.387297859934897915e+01
1.737185464694564629e+01
1.436032563818371699e+01
1.976812855653037815e+01
1.952689687884661396e+01
1.676539326973870203e+01
1.200454782596738745e+01
1.427156762709992321e+01
1.286921397986510840e+01
1.347089453181771290e+01
1.833017546389623931e+01
1.331650207822591980e+01
1.319988623144014639e+01
1.657198358877761990e+01
1.394829561144085872e+01
1.513104294117929882e+01
1.723821051465695930e+01
1.572675711445100077e+01
1.507864172815424730e+01
1.652254348052453636e+01
1.520265939647030251e+01
1.734176069391474684e+01
1.322511212512935685e+01
1.488197793373552713e+01
1.188957961581385270e+01
1.225158086211769692e+01
1.315928480632088871e+01
1.199395099291193745e+01
1.210794648667229012e+01
1.900648639883468505e+01
1.808630503260404510e+01
1.795325416199561275e+01
1.891415104029379179e+01
1.316294723382311460e+01
1.661524632395475365e+01
1.523686443150260672e+01
1.043316433229892759e+01
1.331342162372982685e+01
1.576997958814722978e+01
1.516958467731194915e+01
1.385915913747705375e+01
1.235718636930297443e+01
1.103610019367873818e+01
1.361095053684874223e+01
1.322232845520315081e+01
1.168458069358209883e+01
1.454745010360632129e+01
1.270172030753328229e+01
1.316864412892651792e+01
1.593522668189598868e+01
2.058015483571294624e+01
1.254558467256045695e+01
1.186170700924206045e+01
1.989428108152131713e+01
1.507833222661489891e+01
1.052835644982240737e+01
1.407726523283793796e+01
1.349346288327773635e+01
1.638622920516376524e+01
1.697227935577897995e+01
1.974716123684957125e+01
1.381669202751498027e+01
2.051516729080844925e+01
1.596236176409922969e+01
1.581270383052026318e+01
1.467970613399835500e+01
1.941511561606716185e+01
1.497826513569973272e+01
2.067321835763841520e+01
1.412347868826780051e+01
1.752167888619377223e+01
1.292977941697139599e+01
1.733170512184790368e+01
1.944998561915956969e+01
1.494944562618258388e+01
1.525819030881755012e+01
1.453380261669335027e+01
1.961948281469635091e+01
1.136185274957358082e+01
1.359812123513838600e+01
1.271976120801541654e+01
1.809497435079530092e+01
1.937909265927847713e+01
1.519201608153690763e+01
1.236396324872735875e+01
1.425933752443017788e+01
2.008294769453803497e+01
1.388439361287842466e+01
1.526693389199831685e+01
1.599119447369011127e+01
1.550493474322202303e+01
1.340377897878441971e+01
2.054794489498770460e+01
1.226605741813238559e+01
1.665938385426004587e+01
1.967465012313483186e+01
1.816073910207254727e+01
1.556975142820957281e+01
1.408409330783995905e+01
1.324966116079958312e+01
1.541218464161818069e+01
2.035988697364509648e+01
1.899304360719880336e+01
1.946033554612152727e+01
1.490307887536002873e+01
1.032857476805111752e+01
1.265091542184395301e+01
4.670183329356704327e+00
1.216464427261369607e+01
1.834627408249545866e+01
1.831351320636827751e+01
1.586090519804029952e+01
1.017990655472050143e+01
1.349346288327773635e+01
2.023368790793211147e+01
1.397955485392187924e+01
1.676879430623363021e+01
1.312303529117573397e+01
1.534364239647658401e+01
6.092157777687076781e+00
1.774675226452425747e+01
1.145510765744023018e+01
1.381692530296631816e+01
1.303372649772965275e+01
1.564140018124533427e+01
1.974387383641814608e+01
1.943329954521685821e+01
1.318289513843479810e+01
1.346181628649124740e+01
1.546853081988412626e+01
1.379119797097681932e+01
1.326542935462168415e+01
1.595750788653782948e+01
4.882098571675586918e+00
1.133037929147855927e+01
1.706669729048065776e+01
1.366883867559460697e+01
1.515965332387636444e+01
1.800230018623550521e+01
1.567639692513265004e+01
1.275010555089432529e+01
1.335402927495631253e+01
1.619462746315167934e+01
1.421225270810506913e+01
1.008526826750496852e+01
7.637948818495274850e+00
1.327546073598221810e+01
1.361022078570805860e+01
1.643592009527152342e+01
1.970135788308344260e+01
1.286679955705229972e+01
1.810969841984772799e+01
1.370549143759718014e+01
4.980153571787395705e+00
1.339996140813840242e+01
1.885694876551573174e+01
1.279014346207978114e+01
1.180551737878216301e+01
1.515527655564221732e+01
1.387737979180516312e+01
1.305869954784769504e+01
1.431797292023485113e+01
1.496050273698427624e+01
1.400918493328474490e+01
1.703497545281752679e+01
2.063337140911130518e+01
1.625845663860886958e+01
1.559078814455625661e+01
4.774465635843398559e+00
1.371062342775024590e+01
1.640293513371877054e+01
1.964493781459066213e+01
1.666021317900518994e+01
1.488197793373552713e+01
1.546708306201716177e+01
1.307531005944282931e+01
1.955698922354629232e+01
1.271039654710445532e+01
1.711408819378347346e+01
1.278597360388681992e+01
1.788787625058695951e+01
1.345863811383032882e+01
1.581270383052026318e+01
1.180232617240586457e+01
1.513046401220853276e+01
1.827367862862321601e+01
1.685800963178565226e+01
1.399634646469423060e+01
1.327776093723413098e+01
1.607891480893341551e+01
1.703232852901087213e+01
1.689585041468037474e+01
1.764285060375516423e+01
1.513207244567219156e+01
1.794124207494493106e+01
1.248400238428644116e+01
1.704984152244293583e+01
1.819402529996399309e+01
1.701238234942547933e+01
1.336610892596233136e+01
1.286468633121119431e+01
1.604544941530169311e+01
1.466956733144192881e+01
1.742781034060717715e+01
1.509333975585261456e+01
1.952381943744209991e+01
2.010081417620986954e+01
1.924246692696870298e+01
2.023978709121655584e+01
1.373008310823152200e+01
1.735072760097164490e+01
1.416267207947353768e+01
1.322643944881737710e+01
1.956998439475707841e+01
1.411809617749356960e+01
1.221247558580745363e+01
1.375947966668303835e+01
1.223588410661450965e+01
1.377273276383618494e+01
1.739016538255377853e+01
1.398818472828024539e+01
1.151147001136050818e+01
1.134563571497263901e+01
1.846788065721280248e+01
1.764973651149548317e+01
1.458290638796054139e+01
1.316086921374424534e+01
1.466303517242134546e+01
1.393841219266541742e+01
1.854140387458804895e+01
1.820670260961015074e+01
1.527131150952712346e+01
1.393066685093788415e+01
1.376931878573495105e+01
1.979421789127028575e+01
1.731414394769273102e+01
1.932042150204653197e+01
1.505886508578239358e+01
2.046857853827815177e+01
1.840764321246060931e+01
1.964095494649583173e+01
1.942030139998429661e+01
2.058587779298290599e+01
4.980304168979248658e+00
1.884813468518407831e+01
1.406129404320956766e+01
1.849068082587761808e+01
9.703167331855862443e+00
1.498910979168714697e+01
1.527539574199211359e+01
1.358932498681920187e+01
1.308357885571331813e+01
1.333853754245598111e+01
1.115326775485015176e+01
1.228915433127865953e+01
9.789983488616242013e+00
1.864716049599368830e+01
1.570795420416268051e+01
1.463462436893444796e+01
1.812809041991694059e+01
1.276249500317825181e+01
2.064927847696623076e+01
1.066216939026911525e+01
1.733688753236863178e+01
8.680089020848974712e+00
1.747594772600421109e+01
1.240378600357027850e+01
1.465714446851853481e+01
2.044331061266741756e+01
1.179995492691631398e+01
1.100965343393550988e+01
1.433998105009796475e+01
1.096757234096383549e+01
1.441547938521545547e+01
1.283656421967914341e+01
1.935103648267801546e+01
1.179938054031857675e+01
1.928944417295604552e+01
1.539529655408531816e+01
1.682038202651184733e+01
1.791937528868502483e+01
1.920783347655405748e+01
1.198922938001439142e+01
1.432744304599701124e+01
1.966264062401491231e+01
2.005454077821612913e+01
1.572528843386869468e+01
1.506105702009892866e+01
1.697885139207896898e+01
1.848022534897756586e+01
1.135487481331514026e+01
1.478445824347857140e+01
1.402072801954526149e+01
1.965196630195852734e+01
1.896287697553136553e+01
1.358369374752074066e+01
1.328052972854357350e+01
1.693674837215885987e+01
1.359256773064161905e+01
1.028895783721752366e+01
1.687195448580260759e+01
1.218087704104104319e+01
1.307392746884871926e+01
1.755666046170446037e+01
1.655139478237190787e+01
1.600410356181886939e+01
1.248663003776421121e+01
1.943500992738960065e+01
1.360881518188332073e+01
1.405502234469090084e+01
1.432805382053582477e+01
1.183698501811189274e+01
1.966750702370795878e+01
1.411049762227335336e+01
1.799714129912478811e+01
1.824484088257658598e+01
1.202435301741587104e+01
1.520144361639622232e+01
1.500087527514480001e+01
1.517679199899685649e+01
2.049312956256432017e+01
1.307677460359865407e+01
1.300470253556003541e+01
1.822985028622404613e+01
1.795816462976550909e+01
1.510971408422256523e+01
1.770026127004134153e+01
1.903655324475670341e+01
1.613054111978096117e+01
1.517563376550131693e+01
1.883608788337429729e+01
1.947504164952507111e+01
1.379772779740904021e+01
1.871426895368259835e+01
1.558998254047198628e+01
1.637445139230151270e+01
1.245762097817621239e+01
1.275366418530649781e+01
1.368310178168270674e+01
1.422042617273070420e+01
1.486001954482185994e+01
1.925681763671739688e+01
1.519072116432863950e+01
1.407981781313884895e+01
1.392676687871127683e+01
1.438077497315889097e+01
1.463670253827361023e+01
1.647172151512651084e+01
1.433054653046368898e+01
1.589539073128845992e+01
1.621610214328807587e+01
1.402417287243962996e+01
9.707014267692187559e+00
1.304381474742672253e+01
1.899199762688070692e+01
1.125053525306608648e+01
1.587866463862171074e+01
1.541884022118050268e+01
1.892642940629739812e+01
1.972061622091781530e+01
9.992088962725096835e+00
1.375186553821429669e+01
1.649309612662244007e+01
2.047647443650016541e+01
1.849281313078505917e+01
1.756047150587194494e+01
1.901632767341713404e+01
1.321287383261772952e+01
1.632344904437734812e+01
1.717868632943547169e+01
1.554797507143782376e+01
1.522291273041211745e+01
1.519201608153690763e+01
1.937837023746014609e+01
1.794749141840639695e+01
1.506942734998609268e+01
1.578003420027433990e+01
1.474586807647596487e+01
1.248531551969319864e+01
1.390882114778155554e+01
1.635186185850881913e+01
1.474165434707870581e+01
1.467458286037503612e+01
1.752471693860371715e+01
1.721730931809982224e+01
1.360754858578396131e+01
8.298094406662306355e+00
1.714221426025695649e+01
1.268595671693186944e+01
2.012825207805850170e+01
1.464768186470010036e+01
1.713977787308344602e+01
9.902316682107560553e+00
1.362212406764365724e+01
1.473006418502914272e+01
1.440330242242371384e+01
1.917876968632336343e+01
1.398204931248883653e+01
1.711362269057046248e+01
1.758206109505531956e+01
1.948923281999140755e+01
1.490309193122671161e+01
1.731013159579889304e+01
1.882713631684125133e+01
1.678898693572853773e+01
1.377215301709987827e+01
1.105460608625698704e+01
1.872769796460510960e+01
1.504352281656566426e+01
2.021382221657508538e+01
1.558767716394690694e+01
1.376925034182092844e+01
2.005911390278899020e+01
1.497871539418934894e+01
1.260606208364904468e+01
1.588258930493313770e+01
2.051516729080844925e+01
1.736710969145015326e+01
1.921814411919182675e+01
1.525092444807409819e+01
1.298594558847436176e+01
9.885444389693054390e+00
1.851343605395855718e+01
1.894876116699025559e+01
1.344500506899073500e+01
1.343485935650079988e+01
1.556975142820957281e+01
1.278449233394478313e+01
1.418039525402752510e+01
1.544795802912922156e+01
1.862903905741548982e+01
1.114668133235278091e+01
1.673426381652279815e+01
1.740764094651831329e+01
1.778150164258253696e+01
1.338245651044450923e+01
1.747193075913842719e+01
1.271793805271135547e+01
1.299203252462733005e+01
1.944998561915956969e+01
1.512167496798195465e+01
1.109664488268418658e+01
1.712679412249448774e+01
1.623690865466577549e+01
1.845609815460778336e+01
1.915607117960648509e+01
1.817285186925242613e+01
1.855948957372940811e+01
1.800559185680574004e+01
1.314435992823458932e+01
1.334678922032789927e+01
1.966824890375543333e+01
1.849871316605916505e+01
1.521623292395594618e+01
2.028649184771170866e+01
1.564330628666647627e+01
1.383388347150345510e+01
1.287202616803703492e+01
1.469642668551050235e+01
1.749668081785449303e+01
1.429422344939543699e+01
1.340320159017563029e+01
1.733505298514840476e+01
1.813144380414254897e+01
1.354696034765189872e+01
1.556833867097553714e+01
1.691557285574304004e+01
1.303670399416214742e+01
1.442331970397447272e+01
1.967675787943889532e+01
1.355304834393987434e+01
1.262275485915762729e+01
1.248253669214675909e+01
1.209874126859612531e+01
1.157905007908702011e+01
1.726056454182639754e+01
1.169310477101232593e+01
1.995829900358732090e+01
1.663479985201617595e+01
1.451408211852609753e+01
1.847296784059350472e+01
1.376973003759423975e+01
1.467870589902518041e+01
1.410312266912231038e+01
1.295298617239368077e+01
1.966767626699010663e+01
1.366034310095668403e+01
1.380770177039205038e+01
1.417821413365671823e+01
1.492566182868641711e+01
1.341096673195577615e+01
9.986528660364461629e+00
1.530247790010210451e+01
1.443144351266979086e+01
1.726018024706113607e+01
1.526546480306433473e+01
1.339996140813840242e+01
9.962739746678234809e+00
9.349786466112629313e+00
1.384810557051588376e+01
1.052823587654490467e+01
1.867846234577212527e+01
1.250511322788120694e+01
1.286575432254628382e+01
1.584370552420527645e+01
1.002372421216474763e+01
1.588398445823934857e+01
1.644062243645229060e+01
1.328111018377413721e+01
1.464500431277820880e+01
1.522552190101463765e+01
1.466085742334046849e+01
1.781804835186478897e+01
1.626611203163274411e+01
1.857870295004756755e+01
1.637663310329046595e+01
1.851781032832780483e+01
1.835292245225053875e+01
1.377215301709987827e+01
2.032851448944414585e+01
1.438084786628421341e+01
1.304597447556751888e+01
1.283438705824188020e+01
1.971055666453805344e+01
1.768529535686504062e+01
1.875458614606445806e+01
1.497462786078517993e+01
1.956543856407138549e+01
1.252874966408286994e+01
2.027638502111518548e+01
1.351457294500746897e+01
1.350227125009601536e+01
1.609143399058564938e+01
1.351923124895880335e+01
1.856639630833151600e+01
1.859051265175884282e+01
1.426598284158886720e+01
1.590621396962614398e+01
1.798821130214869513e+01
1.765486996426861666e+01
3.560824957043553063e+00
1.558353671112263683e+01
1.703883875999547826e+01
1.375404659551617748e+01
4.826871726657239847e+00
1.703359470442666890e+01
1.527908458415498671e+01
1.468815165538293854e+01
1.794631214797498586e+01
1.423937819242863689e+01
1.855719698483728664e+01
1.595879576138535683e+01
1.663027739704649122e+01
1.747761351423869769e+01
1.396766338397755014e+01
1.465703731037903879e+01
2.025701380940533625e+01
1.436560867513209772e+01
1.141056982261926045e+01
1.345494857794644261e+01
1.262993345889061203e+01
1.836874996875095079e+01
1.078777555007394362e+01
1.437510501737456536e+01
1.632990240707400886e+01
1.802954771972853365e+01
1.848228442344126066e+01
1.703088291210364602e+01
1.214919787722079825e+01
1.682127957089901571e+01
1.766570370755051300e+01
1.060176765851076830e+01
1.277068286300111843e+01
1.600164350311777994e+01
1.044202833899268335e+01
1.850834762734536909e+01
1.857841182552959935e+01
2.058620538663193855e+01
1.423775797881077665e+01
1.091056374650958816e+01
2.022487831356970744e+01
2.065032279001743021e+01
1.657284832074806147e+01
1.411239289722843537e+01
1.178844755683956080e+01
1.918170657162326265e+01
6.149366463715425724e+00
1.494757377567657919e+01
2.021382221657508538e+01
1.570321410066802770e+01
1.677236805872810166e+01
1.835188701822069746e+01
1.726790522876532563e+01
1.541102097050618625e+01
1.699311407245311401e+01
1.589331761234149809e+01
1.096188671047282881e+01
1.412857201985567990e+01
1.768321691967802423e+01
9.438877262751510955e+00
1.939029335651985519e+01
1.419073194786168912e+01
1.231579964112319381e+01
1.347034785173369897e+01
1.910213660698840954e+01
1.825486363048959859e+01
1.695667015294506896e+01
1.206032433164434536e+01
1.307706529658893224e+01
1.243842849861030331e+01
1.663484286256451128e+01
