1.146970416730072953e-03
5.160315498263283668e-04
1.996283109614896759e-03
7.352712179360097484e-04
3.119984449076614562e-04
3.489303455878669255e-04
5.525456610173242432e-03
1.032858047218902829e-03
1.490074858876682101e-03
1.422468289879114068e-03
1.019276515963326484e-03
1.632966566914877257e-03
1.074438394252137923e-03
6.739275410076448793e-04
9.080812932139162904e-04
4.917037669407250304e-04
5.779792526720001341e-04
1.665794590787978823e-03
7.070427853671707764e-04
4.242621727431980668e-04
5.155434247299041676e-04
5.225216479053404559e-04
4.651136586059141480e-03
1.447135726495835063e-03
9.590562974844003006e-04
1.152311837835216183e-03
5.590694505992105205e-03
7.251211367286339608e-04
7.034282009782548460e-04
3.763654246871174286e-04
2.198934253437850178e-03
1.084345015513532096e-03
1.542586481929691337e-03
1.309854354568668099e-03
5.338231088476674260e-04
1.577661675828598981e-03
6.633050126769338226e-04
2.763433159890309361e-03
7.002294681246213357e-04
1.009042802870654433e-03
1.001355636979381998e-03
1.326507698268967811e-03
9.010841981077348821e-04
5.678508772020426183e-04
4.966085117831921594e-04
8.499008521263295719e-04
4.782882506781530930e-04
4.445544825492558699e-04
1.499867074614628058e-03
4.076176881645647587e-04
7.943275950334575649e-04
1.269147502746331094e-03
1.387242948776473087e-03
7.635739964925393388e-04
9.779083269099626309e-04
1.564884754181725861e-03
1.903766070338839449e-03
8.893939437320679030e-04
7.074801683217751607e-04
3.321614578727362333e-04
2.144671354679953876e-04
2.474256708436052207e-03
1.035572456540451072e-03
8.774662963578848786e-04
1.550849012993235371e-03
3.491041003234519489e-04
8.999284339982237865e-04
7.758946506079108163e-04
8.183100988504150939e-04
1.221737524660645091e-03
3.958867575240910598e-04
1.805151836964014652e-03
1.467934475788381949e-03
9.765395217156403167e-04
6.732974823539012886e-04
4.262597401612995053e-04
3.021852837440286064e-04
5.410893115314899726e-04
1.099302444735190216e-03
4.794182355198678869e-04
2.613103144995083081e-04
5.100733148343009841e-04
6.745612449228712178e-04
7.244811759412087774e-04
2.595689974626893496e-03
2.018106379208898637e-03
4.511665026364810173e-04
2.010280808552888140e-04
6.580616899975993538e-04
1.576211236430794752e-03
5.707822360707639955e-04
2.482029521989377249e-03
1.410495024501264624e-03
8.107068650488954845e-04
1.233802549668050431e-03
1.300561401298987304e-03
6.252196909880729583e-04
1.184142351589126526e-03
5.545510735996561245e-04
4.594190918185051377e-04
3.687198843244703051e-04
7.455141799214535679e-04
1.569024758870567974e-03
6.054536689729846924e-04
1.880179650901126886e-03
4.039168948977054589e-04
6.097187689713933758e-04
1.600003562946474391e-03
8.546585059479684188e-04
9.208072796666880774e-04
2.938083458543063950e-03
6.226163814299611734e-04
5.998329513929134653e-03
4.833809821863054284e-04
2.580779484871141018e-04
9.630595756037465746e-04
9.739369217968632400e-04
5.369178620178294411e-04
8.285081271916124295e-04
3.876104153556279679e-04
1.119940107283838322e-03
2.550471382877961442e-04
3.511352862935307440e-04
1.728330252818723999e-03
2.424029915181302015e-04
5.617123287860073359e-04
5.854953552371598962e-04
5.898427436311136449e-04
2.212616174368009817e-04
6.188129084350716845e-04
1.201911903150317939e-03
5.311457302436985292e-04
2.127089914065529407e-03
7.509583267108006950e-04
1.090794568247984439e-03
1.348999941418657905e-03
9.987936789147939479e-04
7.724524800263585841e-04
3.171071591827205865e-03
1.260128808715170251e-03
3.600097048500651431e-04
5.970766738307022687e-04
1.447496831130920102e-03
7.223501185986699142e-04
1.219567138902993451e-03
2.287515898278936859e-04
1.191197993862639064e-03
2.488223379431634135e-04
6.642245169462302227e-04
1.265601283592973636e-03
5.184410498848487665e-04
3.763675838683504878e-04
1.120525913780736228e-03
4.099536856905532838e-04
3.754826692433232559e-04
1.417783740718580590e-03
5.842211626759549574e-04
3.533344310808340764e-04
1.342022482014179879e-03
1.212336507921464059e-03
2.945313274911336610e-04
7.729720198453651769e-04
3.225148416387299370e-04
3.424422006327448864e-03
8.279762725004086469e-04
1.006340145547934264e-03
5.344150377076438635e-04
8.203753431776016026e-04
1.777984453071459071e-03
1.111774610672690636e-03
8.360247392114998361e-04
8.920346584571758192e-04
3.457107007571655170e-03
8.315833949212096633e-04
3.167295201504119690e-04
2.596703479006249606e-04
1.051202019908432971e-03
5.024526015579483312e-04
9.367034198969879412e-04
2.342284088293400401e-03
6.072429646733237775e-04
4.444884853519022135e-04
2.018620852756735935e-03
8.237679331163453569e-04
5.206800057074405241e-04
5.840009952043990257e-04
3.470943814276081880e-04
4.978979638884301930e-04
9.479236987154535891e-04
6.678407758090736156e-04
6.175910976968677565e-04
2.198538942238199238e-03
4.872895572448837707e-04
1.791313486541528744e-03
1.342022482014179879e-03
5.313517157441407157e-04
5.580009153710675839e-04
4.257321390627165380e-04
1.692325290162576858e-03
3.462510492214727659e-04
2.689369359128573607e-04
2.486140859750394540e-04
6.691866487774448527e-04
3.754826692433232559e-04
1.962052457322417502e-03
1.445917418152997376e-03
1.034878088639145646e-03
2.200260883377282237e-03
4.058936629818789103e-03
1.251359466798388420e-03
1.080260363873182874e-03
1.676592086574723271e-03
1.526529886780241029e-03
4.296690094148350502e-04
1.726120886321364271e-04
8.587509870658492249e-04
5.804621050719831372e-04
2.196125701266540223e-03
8.681382233950089410e-04
1.158169880879025664e-03
5.765170883383208397e-04
1.472734889937306856e-03
4.938753111974692259e-04
8.292381100537339665e-04
5.935894420609760932e-04
5.171881684548953464e-04
8.061328615321530040e-04
7.993234991849584555e-04
5.578968471804693309e-04
7.509155630083322319e-04
5.871980624291261433e-04
5.398693822183084400e-04
2.834754861679103163e-03
6.343095379491494202e-04
2.417211130171616814e-03
4.361735181046115539e-04
3.876240833894573816e-04
6.592253354493714506e-04
7.449498287630985796e-04
6.905001436914289057e-04
3.549242275670220353e-04
7.506204831247429224e-04
1.450222730106537870e-03
1.250578304792580083e-03
9.372040770027481116e-04
1.440427361317334108e-03
7.517835429408425757e-04
3.761572564892960127e-04
4.016301098077939224e-04
1.390847775617325100e-03
9.224354927627257924e-04
1.036243398739454492e-03
1.682529154811824267e-03
6.612467430570903495e-04
3.203917518768384072e-04
2.394618497236646168e-04
6.830810051601603726e-04
2.049205555271512921e-03
8.683645290678998919e-04
6.908767640288861547e-04
4.412162828596759745e-04
5.227328720269936195e-04
1.191197993862639064e-03
1.577724912250902606e-03
4.389943322292979514e-04
2.053722698683655215e-03
2.934949988324179722e-04
2.897852518330023999e-04
1.122721642429111346e-03
6.565262326589743841e-04
1.940398038579551308e-03
5.433418467499433017e-04
7.550062035164223709e-04
9.818896917543451074e-04
1.177678737307241447e-03
2.750592865421667976e-03
1.639401328673449100e-03
6.930476547151485445e-04
1.004089778783404194e-03
2.662582429850492475e-04
7.900030809436118986e-04
3.374838957513862808e-04
6.398968281714498621e-04
5.189851470161318181e-04
5.828330747715414380e-04
5.757035728673318056e-04
6.192864968327208312e-04
4.571808437147757351e-04
8.317293776197080910e-04
5.463346945025654737e-04
3.571599432815182845e-04
6.118562805992886280e-04
8.203650845044530059e-04
9.372040770027481116e-04
1.541557194247692841e-03
1.501552442379048289e-03
3.650605830474171003e-04
8.139587993386138967e-04
5.001392713845149345e-04
5.367936985648877205e-04
7.652209852724297734e-04
1.632966566914877257e-03
1.071845648721603652e-03
3.018449654362979472e-03
2.075953412181811425e-03
1.059134273290363850e-03
7.262369676352210856e-04
1.159598446862201504e-03
1.151682140074915218e-03
4.245607195844418248e-04
5.478594722039190198e-04
5.433418467499433017e-04
9.045875641692693436e-04
4.478645395581474218e-04
5.446936951754470036e-04
4.198325727464341842e-04
1.403346720531791327e-03
3.718488623902697454e-04
2.993398669866162085e-03
8.927123681167380880e-04
1.019276515963326484e-03
9.040489492958272370e-04
2.989336039668123051e-04
1.409669078993457721e-03
3.999621214732787186e-04
3.570968995793080149e-04
7.223501185986699142e-04
1.429618955337061967e-03
4.975158858173641448e-04
7.612403291281166296e-04
1.845055404126880790e-03
4.599269559549783041e-04
1.061843728849875450e-03
5.837925542402914352e-04
4.663591001340610482e-04
4.293107673833884523e-03
5.630831891590102082e-04
4.794540444995374663e-03
8.959175713799403043e-04
3.643491337719195712e-04
8.354397391898681644e-04
4.690622636209436131e-04
1.082644817328284057e-03
5.969649561881779651e-04
7.772362580619706068e-04
6.793696338664209199e-04
3.130608487252043077e-04
6.853075090860142465e-04
2.878313282832240666e-04
1.115162903364372510e-03
2.839453625489291575e-04
9.953690934063302680e-04
3.435780609943916487e-04
4.385304772789393158e-04
4.158781465960636895e-04
9.293364066533609490e-04
1.251036372474642567e-03
5.003610777536330158e-04
1.357227586067385507e-03
4.807206796129924204e-04
6.034176221224200670e-04
1.401089191968160662e-03
8.093010603142155451e-04
7.120178559776535682e-04
2.496041651123243705e-04
1.447135726495835063e-03
5.031581303828288514e-04
9.821661948002612368e-04
4.293107673833884523e-03
3.750989538112570057e-04
8.150336487420925449e-04
1.328111184774719922e-03
5.547408517587582152e-04
8.701235645825544174e-04
5.397699661348390708e-04
1.030292109834881134e-03
3.884275370335989598e-04
1.092812369845706875e-03
6.046924929455582774e-04
1.114264902574343833e-03
5.461410976734493942e-04
1.416838572332414876e-03
3.008100123674775270e-04
1.263185564474774217e-03
1.230975060595351257e-03
5.736863733684047792e-04
2.848895701396260242e-04
1.702094843166595270e-03
3.558480329168689634e-04
4.779925746946232703e-04
4.996367255693790182e-04
3.183445725502234052e-04
5.565652850338053369e-04
5.303424216167883015e-04
1.577025641669560930e-03
5.935507406315324291e-04
5.257819990067792238e-04
4.399054702547533068e-04
1.109973059091420551e-03
1.186046026941451302e-03
4.037374933136557540e-04
3.467072360023080546e-04
6.498454397696945333e-04
2.174296593219063756e-03
4.399009171735830150e-03
9.755191035956250209e-04
4.704692517813714660e-04
3.063365292593572494e-04
2.649323203686350533e-04
1.799314136747683047e-03
2.853395708353987118e-04
6.739937445799278884e-04
1.162239534247719438e-03
8.857684471237128312e-04
1.181877285186065966e-03
1.693277607118251916e-03
8.989550530412965083e-04
6.986342005596543397e-04
3.879943805027536124e-04
2.680312027963557050e-03
7.454936915552767612e-04
2.026247943352632727e-04
1.134041028729540143e-03
6.718823070567645113e-04
5.602612915960370789e-04
4.669516148689672195e-04
3.837384633098950108e-04
5.863703089971619622e-04
6.741027713634599678e-04
3.482529529122869593e-04
9.452492520629489662e-04
1.786538029752460536e-03
5.413658025788792554e-04
6.883798049957385017e-04
1.342835600180668741e-03
1.909283726243758391e-03
3.007953093614581315e-04
9.699349703183858485e-04
3.801236143693337332e-04
1.899877050972885483e-04
3.641511055977656158e-04
4.896888124918639951e-04
6.882160969565463736e-04
8.947550705256367707e-04
3.353936577777000033e-04
1.212857910262279092e-03
8.354194312267661064e-04
1.157138794247250047e-03
8.719250407263203851e-04
4.647898584141361717e-04
7.646526858410425918e-04
7.641734015984467075e-04
5.528602686686870859e-04
3.279361262439637031e-03
1.588753397056163813e-03
7.686918764969833404e-04
1.063825304735485124e-03
7.247195291218630486e-04
1.023350320273234710e-03
5.350734366480383152e-04
7.692753399227445030e-04
5.726744941971002477e-04
9.888219891777505315e-04
2.804231211543118437e-03
7.256667028645703930e-04
2.419126849883473452e-04
5.373453274390571502e-04
6.900412387060039267e-04
5.384618213073906479e-04
1.639921634720563782e-03
2.066837609597996402e-03
6.276927453336368298e-04
1.568415239364780471e-03
5.747941468977708565e-04
4.632640367434909148e-04
2.580779484871141018e-04
1.330258147264497650e-03
4.498463586381560675e-04
6.246769548051596399e-04
1.026848561266610572e-03
5.967167934827594892e-04
3.848479425737330074e-03
3.153995756587248513e-04
2.595689974626893496e-03
4.105604467997439849e-04
2.667728188045886658e-04
7.957935125552615145e-04
2.563407023198334498e-04
1.179604455608480960e-03
9.001031520423971978e-04
8.590585002931748352e-04
7.998400276333491807e-04
2.391989799638153183e-03
9.009782025207398485e-04
1.214521168360318615e-03
1.381536614489842305e-03
4.889860784136306881e-04
5.751730458942929270e-04
1.144403243333575512e-03
3.865701085105312153e-04
6.720634168693969453e-04
5.846396873406509457e-04
4.599269559549783041e-04
8.094148370605402931e-04
2.802977692249051384e-03
6.373502036580754992e-04
6.840091223560798746e-04
3.484692477247639149e-03
1.350466556552626070e-03
4.588407623407611742e-04
5.313665765363536188e-04
1.576356775567935723e-03
2.882039256453088343e-04
1.240483596792073782e-03
1.899545618665208135e-03
2.279098577084313730e-03
3.097053580936594513e-04
1.525292914437168922e-03
3.804924705791974779e-04
6.150254406064603347e-04
1.361842952237089571e-03
7.825309433416949376e-04
3.511514186110431405e-04
7.006375064559646707e-04
6.974663726127874061e-04
5.811634732735582480e-04
2.542753294800967302e-04
3.066147423347468704e-04
1.077426157610804434e-03
2.754689133346813895e-04
5.658648179395843513e-04
9.889011507236541900e-04
2.230790472827848345e-03
7.947077109243151508e-04
4.424748550588951000e-04
1.100497556054365073e-03
8.722237033924087586e-04
4.498135081660778727e-04
3.237500740392682420e-04
4.412899048166057372e-04
5.081057679619501236e-04
1.808243039121839842e-03
8.233857050154125235e-04
2.115147672090187704e-03
1.573066266452358359e-03
4.738121848248767537e-04
3.751198383804979302e-04
3.790372940685472736e-04
6.373502036580754992e-04
5.238491355335895107e-04
9.871001595525446572e-04
6.707841577800322105e-04
7.411932624035666656e-04
3.181694192870718630e-03
9.971295845353814972e-04
4.713513730501932286e-04
1.328774730572016526e-03
5.179150805498813036e-04
9.290704937764166123e-04
2.629500007223603986e-04
1.128472500223250997e-03
1.390199100249909451e-03
5.226078683706484110e-04
8.898912277946103991e-04
7.700464807546780711e-04
1.450222730106537870e-03
6.167261211507359857e-04
1.131280062960695384e-03
4.389238401958291146e-04
6.175423805894117695e-04
3.925470678718566615e-04
6.882160969565463736e-04
4.432412993142751138e-04
3.183445725502234052e-04
1.605296347829313075e-03
2.361508760017364482e-04
4.575056378763040551e-04
1.068987196186784241e-03
9.054886141192838292e-04
3.001809955638697221e-04
5.454133354011195473e-04
3.411358242533684185e-04
6.668556478260850373e-04
7.202658226913255350e-04
1.696303510800341611e-03
5.564160312280268987e-04
1.273551182866849638e-03
4.939889185043823622e-04
5.303424216167883015e-04
5.565743366080022148e-04
7.108836648366433563e-04
8.354397391898681644e-04
6.675450954275685906e-04
8.089337485996405709e-04
4.896394756850111756e-04
5.106936033633147120e-04
1.236731226779270304e-03
1.417372370269086518e-03
4.014661473562895593e-04
5.395661861249816419e-04
4.186206256845506385e-04
1.061104576514182093e-03
1.551231260709521166e-03
1.735425557233888447e-03
3.159182048872186750e-04
2.587653561359981808e-04
1.504718350526428354e-03
2.111252969995109068e-03
3.640205723169395008e-04
7.964833288963944508e-04
6.237542169709757098e-04
7.058751661745920041e-04
9.950688658480035323e-04
5.565743366080022148e-04
2.152030349082278797e-03
1.216036031068774706e-03
1.668260368889503764e-03
5.470037960853325366e-04
8.101865498385274218e-04
7.770063404539088872e-04
1.507493263264020117e-03
4.063844753519448494e-04
1.556091412689043860e-03
6.049883471146385618e-04
2.807261297375344858e-04
4.939891390779839551e-04
6.854574873864326384e-04
7.954937833001791492e-04
1.594753572735419607e-03
8.451509677795433773e-04
8.302811980437604152e-04
6.158809520630579128e-04
1.237582396103605953e-03
8.814996113639812477e-04
9.452885250773472364e-04
1.294525610554010057e-03
5.195678039536061289e-04
8.911057373672318354e-04
4.429083064403860283e-04
4.381559531291996656e-04
4.943321692458002049e-04
1.072651695140163300e-03
1.078794191150878653e-03
3.106430273354400615e-03
1.546849407249600676e-03
1.227708855917806346e-03
1.279711755132004235e-03
6.455978633226187218e-04
9.430194463546970373e-04
5.699765139952230443e-04
9.491813380216975512e-04
3.768719724978803246e-04
4.559018545069791570e-04
5.622726254943842062e-04
7.929526987218400236e-04
1.485809544733588360e-03
6.905001436914289057e-04
4.404077406682251300e-04
5.001561944263876146e-04
5.598414337457062635e-03
5.103430521965411594e-04
1.036060118953307596e-03
1.653553719819891941e-03
4.542379106760773759e-04
6.870078524539893457e-04
1.475765512698180544e-03
1.145889022331784447e-02
1.034758681062781681e-03
5.694757202019666998e-04
7.757651405156853336e-04
4.278242555162481767e-04
1.140752357415009133e-03
1.173876690784950421e-03
2.222057826502741185e-03
3.760298614171400937e-04
4.364209605835554871e-04
7.784837166362911691e-04
3.369202682102673567e-04
6.523954602957866790e-04
5.185351702362252712e-04
6.184279985994891845e-04
1.180131542014026171e-03
1.342835600180668741e-03
7.998400276333491807e-04
5.778905583007485800e-04
8.901088294902418166e-04
1.234637733435247449e-03
6.243492775014855035e-04
1.105544940544479727e-03
4.746192855334325274e-04
2.751610642247044429e-04
1.225934060741670946e-03
4.613059931653539555e-04
9.759399775280944893e-04
1.384142988236771159e-03
2.735715978612300462e-04
1.343103674152419007e-03
5.234874807969128055e-04
1.191976874292371546e-03
1.335144896028389420e-03
1.487556037685558137e-03
6.041446663380684165e-04
8.233857050154125235e-04
6.569550100866721398e-04
5.790034000311744446e-04
8.108711537845353541e-04
6.189014618137291196e-04
5.224403455465970788e-04
4.060662340153384231e-04
1.010651068663784725e-03
6.695143168405954951e-04
1.252387208936510659e-03
2.386812435314774553e-03
5.919167006664924390e-04
1.328212315479031843e-03
1.699475246904875439e-03
1.860246942297992751e-03
4.902616922252296932e-04
3.830958795825321526e-04
7.373280555634085685e-04
4.688417533184669654e-04
9.373076965449460328e-04
4.679612100249221779e-04
2.799676576780914554e-04
1.417783740718580590e-03
1.568221351492438739e-03
2.694648319086674084e-04
8.257345774080104622e-04
1.066413212715525312e-03
1.888814516474938629e-02
8.725651705851702892e-04
2.856467024356496107e-03
7.471249484290896567e-04
3.123064707843200443e-04
4.511209130690624737e-04
4.813529060937510665e-03
6.795574108964293073e-04
8.320629412721127199e-04
2.088428586093699860e-03
2.790934372311026316e-03
6.985820574918042867e-04
5.822999108260691788e-04
1.843345632949763054e-03
1.685933597705721858e-03
1.493367043499500444e-03
1.193222539360210867e-03
4.215542614887637842e-04
3.593811331769889480e-04
6.332266254994944020e-04
3.219975783944393696e-03
3.186636529010647640e-04
1.434996439034383299e-03
6.523477162810401844e-04
3.621413305541161033e-04
5.845124154319384464e-04
1.030611040520745033e-03
1.236418852286627536e-03
4.569614964944679661e-04
1.074798305061454252e-03
4.312740563700110264e-04
7.413157177010865897e-04
8.389309097013272808e-04
3.865999822222885326e-04
6.253853241368972308e-04
1.095528955410262316e-03
3.681515761295431539e-04
5.238568338025050746e-04
7.406867125785022293e-04
4.586507947323442864e-04
9.857811883083617693e-04
1.112305612327967692e-03
2.580537116263480549e-03
1.615532470220352491e-03
9.010841981077348821e-04
8.178706214863495265e-04
4.601922179614098378e-03
9.755191035956250209e-04
5.268643633248527771e-04
8.203771606089634754e-04
5.234874807969128055e-04
8.216872228869073714e-04
1.155301186837247784e-03
1.024685284892221365e-03
8.172169110915028642e-04
3.377731820373808085e-04
1.016752587046042744e-03
2.865392707013032130e-04
8.659374343652034194e-04
4.581438056864338502e-04
4.349225243185211843e-04
7.654280241696546309e-04
9.765395217156403167e-04
9.965448160266900460e-04
7.073471189425293171e-04
6.868333537880231578e-04
2.332130230128325217e-03
4.506022615648478855e-04
4.245957044165847376e-04
2.611900353236178488e-04
1.333679707024769184e-03
1.690263224316316181e-03
8.335265436581226588e-04
2.375710523146202201e-03
1.319437297599400545e-03
5.776485573109167585e-04
2.061627350381328131e-04
1.397818769496771748e-03
2.052474565347071987e-03
4.509764252962147630e-04
4.053343912219670728e-04
1.099406887845251349e-03
1.410495024501264624e-03
3.335958392781534381e-04
3.954695500023108572e-04
7.317915127156054056e-04
6.386051144674316157e-04
5.999917470496623877e-04
1.716498461841696075e-03
3.443478251088506140e-03
2.341027308634280758e-04
2.400184741450780361e-04
6.440466644887123246e-04
4.117232924028651738e-04
3.125583199335188575e-04
5.464028616922841268e-04
7.639619737051334082e-04
4.111489918158659960e-04
3.883937812303765659e-04
3.952988585547745110e-04
1.410130570197476365e-03
5.460769305659673219e-04
7.223501185986699142e-04
6.088381625032329844e-04
2.460275257598707171e-03
7.791273905808803650e-04
4.966085117831921594e-04
1.030119419069589924e-03
8.380755680749546726e-04
1.027316011926554268e-03
3.293350324951711491e-04
1.399136678159819576e-03
9.040489492958272370e-04
1.511662853423435642e-03
1.217069763070745140e-03
5.503567703938643712e-04
6.774849333228756976e-04
9.665812090699577377e-04
9.982962022788556371e-04
1.216678935959392572e-03
4.536515299677118702e-04
1.297494302493480299e-03
7.129252227611116354e-04
1.121481648212856348e-03
6.640378785195138892e-04
4.621065558727814496e-04
9.759399775280944893e-04
6.586197708319986447e-04
2.743773407136963598e-03
1.783443963829369622e-03
8.876081786583308111e-03
8.117809669145032271e-04
1.134041028729540143e-03
1.930190013507731639e-03
5.759409353115701015e-04
8.246922006433327025e-04
5.389426388110247395e-04
5.611114066524045549e-04
6.728986024039589715e-04
3.182333873571962461e-04
6.841840245118410236e-04
4.411272010005046857e-04
1.865365313543004399e-03
8.133706085663448869e-04
9.099407610051503132e-04
8.881407513897007213e-04
9.242596875019683071e-04
1.118324247072174319e-03
5.256490673397291652e-04
1.422468289879114068e-03
5.257819990067792238e-04
7.030762407350783175e-04
1.571506033011818831e-03
1.113040919961049433e-03
3.414262246199184243e-03
8.242644195414869542e-04
1.620288095527004603e-03
4.411258589927581652e-04
4.450019434649191900e-04
4.696861461118705811e-03
6.019513551298947673e-04
4.163349572534854920e-04
1.280117041669195758e-03
4.747311778948844164e-04
8.925359616766566752e-04
4.933405634385342083e-04
8.770266900927805968e-04
1.464319695985709553e-03
6.438984802849729867e-04
2.860709957527838069e-04
4.559299346639640008e-04
7.711331755688469137e-04
1.858785615007888317e-03
6.665370908857577194e-04
7.631585702369082574e-04
6.894673078618263409e-04
3.007953093614581315e-04
6.325995159796066625e-04
1.137046227069821560e-03
5.390840949339868911e-04
1.229270931641827241e-03
4.987096841858497517e-04
5.631369245735793694e-04
4.334314227204639027e-04
1.196268659209592192e-03
4.478512220516958024e-04
7.998400276333491807e-04
4.125415707588172632e-04
7.574845666479078496e-04
3.951668589796794497e-04
1.299947776638574063e-03
2.526937225637075580e-04
1.114273928465786285e-03
3.335958392781534381e-04
1.218772454342300238e-03
7.781908707445041708e-04
1.833158558591244862e-04
3.723460768930659864e-04
2.895351687670445328e-03
7.290506104720949343e-04
4.591971081817664870e-03
1.155221924934522965e-03
6.132907344852652019e-04
3.847252317031584368e-04
4.641311806449448631e-04
2.797174901071087789e-04
3.132614776507303914e-04
7.039112235279989431e-04
8.891422316115203195e-04
2.520412150958244689e-03
1.002130732448809885e-03
1.234481950967615147e-03
3.999621214732787186e-04
3.186636529010647640e-04
3.663014260007916916e-04
1.665993855701135761e-03
1.909283726243758391e-03
1.233565260896082568e-03
8.137551672346435500e-04
5.331210307534103507e-04
3.146391546456616946e-04
7.601656281695628450e-04
8.539224897978624391e-04
2.853395708353987118e-04
8.132798598082604819e-04
7.398892542752738815e-04
4.262597401612995053e-04
1.840523751358193703e-03
8.726212731825350438e-04
5.106936033633147120e-04
2.102504948990703993e-03
5.800443220732371579e-04
4.748740275509140451e-04
9.579084959937636838e-04
4.029004542644082972e-04
1.812337589058582747e-03
1.569058680765182093e-04
2.357332304764414945e-04
6.202518923544259695e-04
2.063304627869763305e-03
7.647582977142405609e-04
6.441853493310742938e-04
6.175910976968677565e-04
1.015991792521349271e-03
2.535075995702431879e-03
1.063149047090332280e-03
5.339748216565875973e-04
8.453971494701167412e-04
4.513982128340489320e-04
8.650338662230282801e-04
9.002156951992135170e-04
2.689369359128573607e-04
2.439814752180714851e-04
1.682529154811824267e-03
9.433913789505083639e-04
1.999744184148827177e-03
1.115837783375734889e-03
8.523951815108595518e-04
5.995614673148243982e-04
6.808064166449935171e-04
2.306722106190143792e-04
7.657621024973456985e-04
9.010830959725159642e-04
8.383369618125544780e-04
1.344713964006823137e-03
5.521495714435883462e-04
5.376711590606451712e-04
1.208444586963688732e-03
1.396347622490950752e-03
1.133055747442201014e-03
3.420378731177773019e-04
