3.669130091512337686e-04
1.050789372731467108e-03
1.862054333382395397e-03
5.174294317718218777e-04
2.166982061913812750e-04
4.895083625854358515e-03
3.827498714388465843e-04
3.634792341947155891e-03
1.759718515306635646e-03
3.913619887747333236e-04
2.557243244360896811e-03
5.530510198051179823e-04
4.618373430189868481e-04
6.796877297617855054e-04
1.142654012905723691e-03
3.068564203799789732e-04
4.693279602022783800e-04
3.541037201741890363e-04
1.204083957861331157e-03
3.809072699712879912e-04
3.417296017012971983e-03
2.470576616636511319e-04
5.234897233744529232e-04
2.345266049320316858e-03
9.409282967073637031e-04
1.376128675350013443e-03
4.114025347626608592e-04
7.471329456743303630e-04
7.776620259943467939e-04
6.745802138428023346e-04
5.960811436678924028e-04
2.143765649928501755e-04
1.065032429561018745e-03
5.175435830917562768e-04
1.346571313348065560e-03
2.326263284137484717e-04
3.257178046848646386e-04
3.450996104181899664e-03
8.207987239583090702e-04
2.768962405204448691e-04
2.302506546112088393e-04
4.766111175830404665e-04
3.943487969800839104e-04
5.606705387373872584e-04
4.328685669123718540e-04
2.643453890614029175e-04
1.330050064650998036e-03
6.604747161394835218e-04
6.533724674951160152e-04
1.219557781110894084e-03
1.504298959630245218e-04
2.795461932287029863e-04
8.526972905172601220e-04
6.947717996017114010e-04
7.094426451700138912e-04
2.485632222203767745e-03
6.969395597953634280e-04
3.123576040716684234e-04
2.968345610568096787e-04
3.877011464637478751e-04
1.287599785439234651e-03
7.451215516565429936e-04
8.974529635618670948e-04
4.150408355149249164e-04
1.317401381467712181e-03
1.018876844579557923e-03
2.961838992277421203e-04
3.053755147536507328e-03
3.977270799552059307e-04
7.609954648059234468e-04
1.283423036126606163e-03
2.874902146569506350e-04
3.194852384880365187e-03
1.313651758809254244e-03
4.005430077672573271e-04
4.105829177238046039e-04
6.054842826404142116e-04
6.626904241371810644e-04
4.203479091812229894e-04
6.396765014291326372e-04
2.955124456618299215e-04
3.980558010141427880e-04
1.724663322016031872e-03
8.004202018636699147e-04
2.311955976113760870e-04
3.146457389333694155e-04
1.333435516902975937e-03
1.149663667987021369e-03
2.577855956750390383e-04
9.736911042747326732e-04
1.013401754547825625e-03
6.092155874351743708e-04
4.611485727784415218e-04
4.250179378924847859e-04
6.013849481422239678e-04
3.197804854546128467e-04
7.698010389313159323e-04
2.398768404951858791e-04
1.270146769986730509e-04
3.273692984705008427e-03
1.287988374854343856e-03
6.235353280115152330e-04
7.288728985901447139e-05
1.326229272690717829e-03
4.376995520681044999e-03
7.943205303578830968e-04
1.198070446893255772e-03
1.353095022844773721e-03
2.308516986415273776e-04
3.785522392773539428e-04
8.896702677950017344e-04
1.206992418450910255e-03
2.660496268910353119e-04
2.826031609605689069e-04
4.675742217107327868e-04
8.451710175568503177e-04
8.148683443483248703e-04
3.575873163183551119e-04
9.620779848040594655e-04
1.633641815212783042e-03
1.078229511252453776e-03
4.116811676326419841e-04
2.029165464105702962e-03
1.127746153551693062e-03
3.363421294961951250e-04
1.087795584628001733e-03
3.237665737660032589e-04
6.769016305504669184e-04
1.806205697262972367e-03
4.619608831530636213e-04
2.903465108495633957e-03
3.693166118558161340e-04
2.974223374676288056e-03
5.083404703392897881e-04
1.021001236420806656e-03
4.977379325884166966e-04
2.896208403465737758e-03
6.157701669398925413e-04
4.006928417009562936e-04
1.025359738250647239e-03
5.398208219854668801e-04
3.131029362725606729e-04
2.398411521735170290e-03
5.823992052424925353e-04
4.677619961652140887e-04
5.493384345997584343e-04
8.282083682504315413e-04
3.834070944404661323e-04
7.699378428367065121e-04
2.010367757154252753e-04
4.664701680955659745e-04
5.983305394728551671e-04
3.242556980596163685e-04
1.618281413322218687e-04
1.844196535166024167e-04
3.514473775104901649e-04
1.601516674022976199e-03
5.427829337900110353e-04
2.640161994860146764e-04
7.553979022490095452e-04
8.584697096953320663e-04
2.835926349180618020e-04
1.185757578075227617e-03
3.542978961990100764e-04
1.087813428154285784e-02
3.535849264729162291e-04
6.095679162414018547e-04
3.922242721108882288e-04
1.186532813612887257e-03
2.249310427644838403e-03
5.280381777664939179e-03
2.972339584957313114e-03
2.051795113993600938e-03
1.108699100064076482e-03
3.250040714884772954e-04
6.799461356207067882e-04
6.924666757250137923e-04
1.043702947509354047e-03
2.014630925157295284e-03
6.098125643463886804e-04
2.556040878442467947e-03
3.634777180602863779e-04
5.715527566927841889e-04
2.848064660896494301e-04
1.184741203071584511e-03
2.301153733571740037e-03
6.547495290604539095e-04
2.086967906194860535e-04
3.017234898007757279e-04
2.164428154019837390e-04
1.858049819798592418e-04
6.140310102188710137e-04
2.160826972192891209e-04
1.020065304641237704e-03
4.726240221151860321e-04
1.569889824271884999e-03
9.035939441778919647e-04
1.107454463373786483e-04
1.184976732201333764e-03
2.433229139162331638e-04
3.719255957361170678e-04
7.006834253655370775e-04
1.884271643844171742e-04
1.829861549913625604e-03
4.574582851810586690e-04
4.024268687479679854e-04
3.779999287532849993e-03
3.887652955976310821e-03
6.966720269892517220e-04
4.070973382920668130e-04
7.970507731009689786e-04
1.862968626611163350e-04
3.242951726185497145e-04
1.040932112097207006e-03
4.192869869394613052e-04
1.693634178384682365e-04
4.461456589016545428e-04
7.028376387265538455e-04
4.983705547907893050e-04
5.910316052269028826e-04
2.649897597122903440e-04
5.127929679552169348e-04
4.263074028854779728e-04
3.308722312971240989e-04
1.336036777169965237e-04
1.162153718863686647e-03
7.518288993902030046e-04
1.179658775036728250e-03
8.647820136444841176e-04
8.631465880667972632e-04
3.478329660962227454e-02
5.812386641652930556e-04
4.968597779867407792e-04
8.980530982540278545e-05
9.868958624745540994e-05
1.131237098565283320e-03
8.038930212918381614e-04
2.971384366433428613e-04
4.131982130253983570e-04
2.469142680979216718e-04
7.351991846859959540e-04
8.428681416718632408e-04
1.632712994875481398e-03
1.189015792632935930e-03
6.088076411502549041e-04
1.169993708684228303e-03
8.937044737970304114e-04
2.351834450360117330e-04
5.094990442953726629e-04
1.234508529052985712e-03
3.058154959107829501e-04
8.608859069494322579e-04
6.214644141545709469e-04
2.269822970998543188e-03
2.406657350488515795e-03
7.697185321540700800e-03
8.062290765394791768e-04
1.950611684926493224e-03
5.347169988947521454e-04
1.090228207572588618e-03
5.509918399468013723e-04
1.646860849645520651e-04
6.269636714393923664e-03
7.267177050295118646e-04
2.914454698509314217e-04
5.011412103072338670e-03
7.036307107811354570e-04
3.709344824112249632e-04
2.157283012897992806e-04
6.752864304243193271e-04
3.525339676388492688e-03
7.195650831820931846e-04
7.909994627112662416e-04
2.076665275841513205e-04
5.483658998926575550e-04
3.516413499814954532e-03
1.788600109263174245e-03
1.261525076298394355e-03
8.214174933260987889e-04
6.193279272331507490e-04
1.376909329837457639e-03
2.467433845409549111e-04
8.170753639034269294e-04
1.151407936615517474e-03
1.724663322016031872e-03
5.414951060007373949e-04
3.669375974034703482e-04
4.866318314239638661e-04
8.346638375155313472e-04
2.885896283596451977e-04
1.022575718807497208e-03
1.210503382030145509e-03
2.333586591275310087e-04
1.376909329837457639e-03
2.260759148183151285e-04
5.917611625329598571e-04
2.043109879118526386e-04
8.769476678170751768e-04
3.752720610387048602e-04
4.436931820036628415e-04
2.390659316385566945e-04
6.516134647697081764e-04
8.031748722608144991e-04
2.711417270822451958e-03
2.136704031833472827e-04
9.033990311929505001e-04
4.494334718008079536e-04
6.682411257639246389e-04
2.019093174607227564e-04
4.960676538105610218e-04
4.759871356336444880e-04
1.868178274687880259e-04
1.512625745800749580e-03
2.625250346352271062e-03
9.366489307187424130e-04
2.160826972192891209e-04
3.838529547891375202e-04
9.492472162801005595e-04
5.737146293373148083e-04
1.922808654761670472e-03
1.030844001679929577e-03
3.912813653612003291e-04
3.879789850808818062e-04
5.215129128284398067e-04
4.025929774158041739e-04
3.881622847665932826e-04
4.530245689533928129e-04
4.369033857860454579e-04
6.754283447609357813e-04
2.485632222203767745e-03
1.362087989273291213e-03
5.083404703392897881e-04
5.222976967821543444e-04
2.792724279080364296e-04
3.778970791935156543e-04
2.162185480445081404e-04
4.761451513882203486e-04
2.730857157387461733e-03
4.444318611327181530e-04
4.663910345181285092e-04
1.097351949872471793e-03
3.719255957361170678e-04
2.256877870325036447e-04
3.820824517173957531e-04
4.424295503034703157e-04
1.317401381467712181e-03
1.710180007483081376e-03
8.936015577705728097e-05
4.352899294853507196e-04
6.318081334136382973e-04
1.090505338079371216e-03
3.629318860441164258e-04
2.505377191447435959e-04
3.008321265692722704e-04
2.414904378576887393e-04
5.087382154863251882e-04
1.569889824271884999e-03
6.411772109877685553e-03
3.738237130776491898e-04
4.146401561676615671e-04
4.098967784457977111e-04
2.433570175149262849e-04
4.852836174431975178e-04
9.790933279702697563e-04
1.346536158444451093e-03
5.461478796928328529e-03
1.012944415603026383e-03
6.599620826975066603e-04
4.236795073145485993e-04
2.455483442098097446e-04
2.270185294864347867e-04
9.281342526381615313e-04
5.784159123855996294e-03
2.200537107139946026e-04
1.108263247059129188e-03
3.411166406197231539e-04
5.324131131483335029e-04
4.297064290740753916e-04
4.472905239680897635e-04
1.710180007483081376e-03
1.247024569179483715e-03
4.524179175426907944e-04
1.562958346944030125e-04
8.389135854107305753e-04
8.591666060283916070e-04
4.582345474225666044e-04
5.729182870364548860e-04
2.443984362048807015e-04
7.911351835018066254e-04
2.694886166975050176e-03
1.449068917076461020e-04
1.051866518434854767e-03
5.583218051582021241e-04
3.012156006704396253e-04
3.699900681764078784e-04
2.872083703157257348e-03
3.017234898007757279e-04
5.380540979510397984e-04
1.162052541038112539e-03
1.720967951663925565e-04
5.109121771812476231e-04
6.204327007341371367e-04
1.892224489645803959e-04
1.634781646375950458e-03
5.948805860306357988e-04
3.378864015660164115e-04
4.711513508135977378e-04
1.075523135441096160e-03
1.008019785662876526e-03
1.577101354904708510e-03
1.257361798181553863e-03
3.754352182101183496e-04
1.511578984787062465e-04
1.637238670951272250e-03
6.242426655373404121e-04
2.128091936017561126e-03
1.229926999341343511e-03
2.891860342415585039e-03
1.358470704547958680e-03
3.412368998448452539e-04
1.775759027214995683e-04
3.244725750999267935e-04
2.575058290092168464e-04
1.032930227679481000e-03
2.455519659621905899e-03
1.333435516902975937e-03
1.536083501421121736e-04
9.315474578034571617e-04
9.225476056692019818e-04
3.913789652292741506e-03
1.889560574502393989e-03
3.609483052795400999e-03
3.597058337645839005e-03
7.038562618331697203e-04
2.500627698601190193e-04
9.315474578034571617e-04
6.008050734211893128e-04
2.592713974745639960e-04
1.931108801865511664e-03
6.556270248126975673e-04
5.259351781811352636e-04
7.604958576056891845e-04
4.425514964230440143e-04
3.125849499971053696e-04
5.684974164031570201e-04
7.167553024649633581e-04
3.525465328014716388e-04
5.748473595496347149e-04
6.095831648159132175e-04
6.562333525122607996e-04
7.452863419875242973e-04
3.380269874218898643e-04
1.016066131460378321e-03
3.579808444388534079e-04
7.144609056743764100e-04
2.976381553745904331e-03
1.706066106206317076e-04
2.576681079162240935e-03
3.553276067976947816e-04
3.243786023608964631e-04
7.985392429511955310e-04
4.811677104644542045e-04
1.107170081504208967e-03
8.032029327999242558e-04
7.731790809192755441e-04
4.934060234635698552e-03
7.916324589627877096e-04
7.021778633349375119e-04
2.063585789705621801e-03
4.677619961652140887e-04
7.131177991541602559e-04
3.359339321982629284e-04
2.051795113993600938e-03
4.349692829339448842e-04
1.773173590552573923e-04
3.579808444388534079e-04
1.403082468797889771e-03
1.121669485581019456e-03
2.128091936017561126e-03
6.380593267707712060e-04
8.170010933072318748e-04
1.356233364268323712e-03
6.213469390880717877e-04
2.161049879597802862e-04
2.059153073131099031e-03
1.613906652946859146e-03
2.732468902492153759e-04
2.426288653113381922e-03
2.812182752369749386e-04
1.053157652159650379e-03
1.028095220698774064e-03
1.907844340427469320e-03
3.884435957324762967e-04
7.606301183694934472e-04
3.656901643459446803e-04
2.865165652622574176e-04
3.320827505471740898e-04
7.587487257989308917e-04
5.270929525748205106e-04
3.614948410020173836e-03
6.677227235775962111e-04
1.216667343002807633e-03
2.916009089432076875e-04
3.190740930452557193e-04
2.714138566580262795e-03
4.259431395753159565e-04
2.982992349027758041e-04
1.884387304941848636e-04
2.042899388192981759e-04
7.935127580008101379e-04
4.625012886642603373e-04
5.873225467281857669e-04
5.364306918905947970e-04
8.690476289172734733e-04
8.137611249501212982e-04
9.076847696972341903e-04
7.451814146542975852e-04
2.952956356151404879e-04
1.343050098401203348e-03
1.600901251448202814e-04
5.672184684741543017e-04
4.760332395207795132e-04
2.906792248403805936e-04
1.308318755584026490e-03
2.536884860836854157e-04
3.974847809485065235e-04
9.903502932230427193e-04
9.387249349518991511e-04
1.215338801655371477e-03
3.213655142193237377e-03
2.756045993952437653e-04
6.623811209478431845e-04
6.381048786002634131e-04
4.231587365229283427e-04
8.960985835779275302e-04
5.222976967821543444e-04
1.324220727443727085e-03
1.228917365205041282e-03
5.838463420275149867e-04
4.401368529852708379e-04
3.176477390062325680e-04
8.108667131403301392e-04
1.737031681324878180e-04
2.981616241164860518e-04
5.364306918905947970e-04
2.058049668782892889e-04
2.345064936983065954e-04
1.062389697515323450e-03
1.574477235703095296e-04
5.523288548624496423e-04
2.834268919727427169e-04
1.856610982904477068e-03
3.900563789169187367e-04
3.163560627147853012e-04
2.134696069579293878e-03
6.468779499845757255e-04
6.932071764688572599e-04
1.652713696847155382e-03
1.655635744519034667e-03
4.970490392594413510e-04
3.734202161329097051e-04
9.761100180978849296e-04
8.346117344227116331e-04
1.583168945495483804e-03
1.164658092527393789e-03
3.841838210631692840e-03
4.877609529395423313e-04
3.446969005146010602e-03
1.037841517487576729e-03
2.896745253209540624e-03
6.088135250137715389e-04
4.248603697518455640e-04
8.759952778003251336e-04
4.242336450447797315e-04
7.757204826032523164e-04
3.436416515248866114e-04
1.629156992145420818e-04
3.579808444388534079e-04
5.255858208790367995e-04
8.112875682163961898e-04
7.267177050295118646e-04
6.088239868643156166e-04
1.203164896696978098e-02
1.098253361819945305e-03
3.205892562212989821e-04
8.936015577705728097e-05
1.401837810720208593e-03
1.534351990603535386e-03
4.425609305731196381e-04
9.577722909771091246e-04
2.591169638804922850e-04
6.113345623001336998e-04
2.070556839243199981e-03
9.225699530433497872e-04
1.339667960125492897e-03
5.059383707640434293e-04
3.943355490163967417e-04
1.871664207439226700e-04
2.800352141788723759e-04
4.038927629768364292e-04
7.471345935527379852e-04
5.204706540595467395e-04
6.537599195411123755e-04
5.558043418643412179e-04
9.865343343187095004e-04
1.753850196785058241e-03
1.344458800891360265e-04
1.251950904535902281e-03
5.539690186406888948e-04
2.696614957162591980e-04
4.734925240732447069e-04
9.036728706062319670e-04
8.437042520024448699e-04
1.813779012879103338e-04
4.034544238273871162e-04
4.877609529395423313e-04
2.844977587370591129e-04
1.125112079400423680e-03
3.119806737168768444e-03
3.472893936613064892e-04
1.889560574502393989e-03
3.810295773469260321e-04
5.656078483268423473e-04
1.317401381467712181e-03
9.117766408212776537e-04
1.020779646646262882e-03
6.608580940009164875e-04
1.179658775036728250e-03
8.656150707427453465e-04
9.225476056692019818e-04
3.300639080226780583e-04
5.398208219854668801e-04
7.592708116410368637e-04
2.510756677199466806e-04
4.900817488414755492e-04
8.731703074995613399e-04
3.699631228807210149e-04
2.909871260363989121e-04
4.504032234373708636e-04
5.260896373424035549e-04
2.586508033682734069e-04
2.632947719499328671e-04
2.094007312592701178e-04
1.436517545401135064e-03
7.384424879693494590e-04
9.195161805446291567e-04
1.577371759618808765e-03
7.911351835018066254e-04
5.706694882333721280e-04
1.401475099021828397e-04
2.688448826934464013e-04
1.010107154252430162e-03
1.503600558186419731e-03
4.097068560866036491e-04
1.162153718863686647e-03
8.910037612950177585e-03
2.800410699984093288e-04
5.752726705269958427e-04
3.592917318958452257e-04
8.641069810447080460e-04
2.455483442098097446e-04
1.733738072043817168e-03
7.336682466004824758e-04
3.645411327430462829e-04
5.849773350397383369e-04
7.077094347765335112e-04
1.524536999846036207e-03
9.008489193215194011e-04
2.564392629347718444e-04
2.891860342415585039e-03
2.046244410354567615e-03
1.759740032210219173e-03
6.407251455725885723e-04
6.119996692726528209e-04
1.365368700338453784e-04
3.218034415931356564e-04
1.430010860803176736e-04
4.536434825198571797e-04
1.514880203801533074e-03
4.391383938017733046e-04
4.838454884023324657e-04
1.896219947506254649e-04
8.207490791953987860e-04
8.979588541701051952e-05
9.058178516258865148e-05
2.941584319179363512e-04
4.473171417375526029e-04
1.466832994209316164e-03
1.461169207143273897e-03
3.213443634269702587e-04
1.362087989273291213e-03
1.553248002744526306e-03
5.530510198051179823e-04
6.744643177908329814e-04
1.317401381467712181e-03
9.804848760199082788e-05
4.976099614364923622e-04
3.221663061383283700e-04
1.682500778278506876e-04
4.363973271586370304e-04
8.759952778003251336e-04
7.464440410001030226e-04
1.792331813962833855e-03
8.667742748230688760e-04
3.542393820539205718e-04
4.887287731686573667e-04
1.088633809637626565e-03
1.687868177638026388e-03
1.739189200101270115e-03
9.369304315022448405e-04
2.288059861261955256e-03
3.668224551324554246e-04
3.190098714753009210e-04
2.504722261656485566e-04
2.095855694471930684e-03
1.730568517742145200e-04
1.998806723018601965e-04
9.755539022763137650e-04
4.492256339809975107e-04
1.754512200098817462e-03
1.965163825381805243e-03
4.527661645787170366e-04
4.505207253322139312e-04
3.946812866186351007e-04
6.498035688778964081e-04
6.531869539330350388e-04
2.439102272912765533e-04
7.426923680172776597e-04
9.249750613618159915e-04
1.400329862170194249e-03
8.027327120026892405e-04
1.510427005928905537e-03
5.206899438485392169e-04
3.041256306729682880e-03
2.386756688346568895e-04
6.014868738749318700e-04
7.611386063526417783e-04
2.624206074460269352e-04
9.741963847214984550e-04
5.652483834009961383e-04
2.994476509077270720e-04
1.605695016110912600e-04
1.119953492876588422e-03
2.324307060568970695e-03
3.646271948067009530e-04
2.835755719449717925e-04
4.572409684019414612e-04
2.443923463014407386e-03
2.341164472684936781e-04
5.899299524141190295e-04
2.737359858394601358e-04
2.768199677422809846e-04
1.001869962139513960e-03
2.446696003486497381e-04
4.015764077220093176e-04
4.306985865976102504e-04
3.397411813374953248e-04
5.171625614168840574e-04
9.289081582463000605e-04
3.785608553220776574e-04
1.927948614803191667e-04
5.646864947458706896e-04
7.136450998239185018e-04
1.878465703909832014e-04
4.406928719664248610e-04
2.468441889524572203e-04
4.269929480563944648e-04
2.571638104910222225e-03
2.693007348096480326e-03
1.646880102534604539e-04
4.173338196718765804e-03
5.370998803266486838e-04
1.040132139208660043e-03
4.500043756000248960e-03
3.074361067961955464e-04
1.267044329418726611e-03
8.875087877013435652e-04
3.655829108456127305e-04
3.414713760027591311e-04
1.164658092527393789e-03
1.107170081504208967e-03
5.800625415454157196e-04
4.310874664758908639e-03
3.703854588941979625e-04
5.799111633873743881e-04
1.455992222648353070e-04
1.394187944590971921e-03
3.607437296192650823e-04
4.659202517590557528e-03
2.483736583877677821e-04
3.379736572034371090e-04
6.577732425706951441e-04
5.863648191011400224e-04
2.135921917682720764e-04
2.963187457920948603e-04
6.872536354674822117e-04
7.483516874525159924e-04
4.164903776824975187e-04
8.870549125036732846e-04
6.235856845114143071e-04
2.374835150193159070e-04
1.102793767742853582e-03
2.254825416130453678e-03
1.349436623597298013e-03
2.596730962143348719e-04
7.645998796390408902e-04
3.728915007414447601e-04
2.824640474669217892e-04
4.852656668059459645e-03
2.804575188172918235e-04
1.425852222458684525e-03
5.965601314204669508e-04
4.481948742647144548e-04
2.007856217950157191e-03
1.655811304219973953e-03
9.731808943196187164e-04
6.759610205640948812e-03
1.756240582443677819e-04
4.863560522791224002e-04
6.854792039714889106e-04
8.962128773049726641e-04
6.351037642352315568e-04
1.829982900238683692e-03
3.574817629312056991e-03
6.431927076202276087e-04
1.350913410661035586e-03
5.978733709292347693e-04
8.637851721468858823e-04
1.758211856657403843e-03
8.439167429280892757e-04
8.981258721319124215e-04
4.300703818207411017e-04
2.638315248235016219e-04
2.179211795123694225e-03
1.099295675370371957e-03
3.988523513165693102e-04
1.013775464302848735e-03
1.355137081487821447e-03
2.800352141788723759e-04
3.211404438787265588e-04
7.414198157216770517e-04
1.987367218920310728e-04
8.955153665697190716e-04
4.718591437399286882e-04
4.433624752370775974e-04
2.869562920299435164e-04
1.536083501421121736e-04
9.168277596559900721e-04
2.362233641720409166e-04
1.209513099275329878e-03
2.507205454666477191e-04
1.038972338103001962e-03
9.691347358195638844e-04
1.635300752237005663e-03
6.258519683508557410e-04
2.239167529909485890e-03
4.658981050566288543e-03
5.892488596354113640e-04
1.781949258189369039e-04
5.216248274870524497e-04
7.100220191919689094e-04
3.281382206425833680e-04
7.053804490354732186e-04
2.171664543503296584e-04
9.891678677983707039e-04
7.115254687433984412e-03
8.738881649764091266e-04
1.711188346954252426e-04
4.710805171186858943e-04
8.961719473253887836e-04
3.974847809485065235e-04
6.828349760044225740e-04
1.685405659822582919e-03
1.618993672147405654e-04
8.452682186867915880e-04
6.819619046051929702e-04
1.173581070621605282e-03
1.136028327187864340e-03
2.002983153125598474e-04
1.341216595720584083e-03
1.658676127151681532e-03
1.646860849645520651e-04
5.023277839436444871e-04
1.867777609263612587e-04
2.475423689220542650e-04
5.364306918905947970e-04
4.305324817871726203e-03
6.232077600511259571e-04
1.142623560871000414e-03
8.783684161292090297e-04
9.666483411052560933e-04
3.609483052795400999e-03
4.652479347372267615e-04
4.847506549824761798e-04
2.954339559834400896e-04
6.400681621098494546e-04
1.241530691964576587e-03
5.078577696547091191e-04
4.755101091104171592e-04
6.546687700080275688e-04
3.110262890607054607e-03
2.029941386248246011e-03
8.514494088981807221e-04
5.155694145318032075e-04
5.604224302324776639e-04
5.797167612776341159e-04
1.654559432610812298e-03
2.591664803161322639e-04
7.267761190839630093e-04
2.753444239684514280e-03
2.812446734234178253e-04
1.013021364455660546e-03
3.054745299074415718e-04
1.441020323190245287e-03
2.160826972192891209e-04
2.436967603566219526e-03
6.796915467708680107e-04
2.011285158480492698e-04
3.451092485980695578e-04
4.470163561349433171e-04
1.186171825460091310e-03
1.019331108124992523e-03
1.245281178489157257e-03
6.213184613097720013e-04
5.617345401652095848e-04
1.767242463769262229e-04
1.010994453960995616e-03
2.771036953806730262e-04
1.247945063376016978e-03
7.424255061009877319e-04
3.286282464011917393e-04
3.473626740847633081e-04
8.089788195048388999e-04
4.838868209041879368e-04
4.778994902744445770e-04
4.922617771038764961e-04
8.686204118462484717e-04
5.087567145034378258e-04
7.044868749706028515e-04
1.744669045508860476e-03
1.052033708469604775e-03
1.356233364268323712e-03
5.682922307060195820e-04
2.474445477719481191e-04
5.293749346564974789e-04
3.952345230374149782e-04
7.036307107811354570e-04
5.744269924068444791e-04
1.615519552666012937e-03
3.642947126481255269e-03
2.571434582784613908e-04
7.705250714400291984e-05
1.795062199522526043e-04
9.365772081797253722e-04
1.856610982904477068e-03
4.269404176264207521e-04
6.957604605638599646e-04
1.251151109235189296e-03
1.609658795956804079e-03
2.326263284137484717e-04
5.672184684741543017e-04
3.194620012003714115e-04
2.258131462084081095e-03
4.524179175426907944e-04
1.637238670951272250e-03
1.100585137047428805e-03
4.064266860535475641e-04
1.564119412567749594e-03
2.298470584220975736e-04
3.409668844559167098e-04
6.469128427867835334e-04
3.980558010141427880e-04
1.304492714745375710e-03
2.301824200684629508e-04
1.655108083162378429e-03
6.534584047887008126e-04
2.749443814142681509e-03
8.896903182806229415e-04
9.378721590677966194e-03
6.357233134931789377e-04
2.097476574093477212e-03
3.086054997777970457e-03
4.492878247607398840e-04
1.677246474316408599e-04
1.524950359115707834e-03
2.058049668782892889e-04
4.163398612446691897e-03
8.087410519760688220e-04
3.406677935939255017e-04
1.988095097100694725e-03
3.091293453095508652e-04
1.078229511252453776e-03
1.503600558186419731e-03
6.796877297617855054e-04
2.732468902492153759e-04
1.740502024570730541e-04
1.098902615935820701e-03
3.072453923349083662e-04
1.275496468926528345e-03
2.443777416742417652e-04
