3.086226985292634595e+01
3.326564924623917108e+01
4.021615433652763727e+01
3.612763572707105197e+01
3.815285837935300606e+01
3.876144401501420589e+01
3.967406904714140126e+01
3.741659102309316154e+01
3.897570212275632429e+01
4.054389400559314538e+01
3.628858146406265917e+01
3.538242890438441179e+01
3.894601577292340266e+01
3.968725242181464807e+01
3.365086270875159613e+01
3.909171235689285595e+01
3.141752598288927700e+01
3.961579936866679219e+01
4.047800891703522552e+01
3.664557572003403152e+01
3.919133799059456891e+01
3.830537548847351559e+01
3.753708626584565877e+01
2.253550489154451952e+01
3.863003987702845166e+01
3.627887699659341081e+01
3.649783309717720670e+01
3.899863339221554526e+01
4.052552945110041094e+01
3.905715583928964207e+01
3.417440156083669223e+01
4.046081681280345776e+01
3.227253105630899199e+01
3.396686453994531973e+01
3.863104389173898312e+01
3.774880279852324350e+01
3.665790215876997848e+01
3.902689915873369841e+01
3.788035389090650540e+01
2.730769423682662378e+01
3.959184088349470443e+01
3.985242325682081344e+01
3.492636173482340212e+01
3.619279109836830344e+01
4.033795690656366162e+01
3.283661911923715593e+01
3.799574805584818193e+01
4.036207299827400163e+01
3.656849789290768626e+01
4.051268722680964629e+01
3.719867674714934935e+01
3.808908554122918133e+01
3.742105502031197517e+01
3.222044962944886493e+01
3.377093528034664871e+01
3.492416571351181886e+01
3.856182798754957020e+01
3.885529505207545498e+01
3.777151163012129587e+01
3.929889650473393914e+01
3.801574280830740804e+01
3.725750684919499633e+01
3.673779115885043467e+01
3.894173850998746644e+01
2.798068771304671287e+01
3.835288088899815051e+01
3.377114467308926038e+01
3.902995809585668496e+01
3.777897962006163368e+01
3.772605305597487302e+01
4.043695150806540539e+01
3.440879635063319597e+01
2.894130073365190725e+01
3.796142467897990969e+01
3.600275922151821817e+01
3.867154302423294610e+01
3.717888104470085864e+01
3.929033827961970360e+01
3.636575397637506768e+01
3.774162946908705862e+01
4.029876067176203946e+01
3.595771317813667167e+01
3.710423172441466733e+01
3.669771883244667521e+01
2.349078596256585172e+01
3.771435250232380554e+01
3.768935206660699322e+01
3.848631457997912975e+01
4.012286613623416542e+01
3.602057397131895300e+01
3.878020010349527524e+01
3.680672767049965444e+01
3.867870762960805564e+01
3.639650997550771194e+01
3.313091241032068979e+01
2.114522041423733612e+01
3.954721724563816565e+01
3.278537723515577795e+01
3.796669676921809611e+01
3.942118905502310611e+01
3.841733760847787948e+01
3.844286794782590988e+01
3.249020579925574737e+01
2.920906443827965759e+01
4.015220588256811141e+01
3.849708485023538174e+01
3.655264843083027415e+01
3.548019220399058327e+01
3.688759352169670080e+01
3.837429465579779730e+01
3.893038504478818140e+01
3.721551047259876555e+01
2.858188195897038497e+01
3.930769575812425387e+01
3.803452488829341149e+01
3.096997847627172007e+01
3.433306158497976668e+01
3.926042227693219644e+01
3.966606682248702498e+01
3.482526751090260575e+01
3.013307808255662934e+01
3.166904950245497474e+01
3.580468506384673333e+01
1.750280810500948903e+01
3.724408794827663627e+01
3.486482355464368510e+01
3.706923759804286078e+01
3.101954875297715120e+01
3.545584975868912636e+01
3.934630177838700860e+01
3.860784613784339570e+01
2.842604836835821658e+01
3.966988371677965119e+01
3.650000906881309959e+01
3.589736413451021235e+01
3.719199863537826900e+01
3.580123044853446146e+01
3.274074493813726860e+01
3.755021239232000596e+01
4.017126077949821905e+01
3.047661323982184456e+01
3.626586506829347201e+01
3.171338221702531968e+01
3.882246994485527125e+01
2.219409071113876664e+01
3.821434295116927871e+01
3.320223469689686624e+01
3.802024221488917988e+01
4.009287439320988966e+01
3.881761844502585035e+01
3.877472722746408351e+01
3.941767995938423041e+01
2.706265362875348401e+01
3.371385099086853643e+01
3.989930976994050127e+01
3.905747632767852906e+01
3.843057397649111806e+01
3.861282366551925804e+01
3.910044180179605178e+01
3.889739951179841171e+01
3.771904524892468658e+01
3.500960042296112817e+01
3.580586525324614655e+01
3.743456999288668641e+01
2.554180634405070549e+01
3.652194764493736301e+01
3.977022588376959789e+01
3.555446871586001123e+01
3.964362335555196637e+01
3.667507228220378579e+01
3.145676712017952070e+01
3.443175774629503394e+01
3.965607820761468361e+01
3.410313817323972074e+01
4.024016227630816900e+01
3.624272114928876931e+01
3.454711721348141396e+01
3.195495040430342470e+01
3.459638537517625423e+01
2.633705553082001671e+01
4.021028540238428661e+01
3.465187861321543039e+01
3.983053157229008434e+01
3.783096249352023932e+01
3.425204239886308244e+01
3.813608409027374080e+01
3.837590532102321816e+01
2.121429853992237113e+01
4.038544846775265285e+01
3.336835221954510899e+01
3.091123887788640801e+01
3.845857372266703322e+01
3.879397865076037988e+01
3.330997113220354322e+01
3.963302189686003629e+01
3.706075272896692496e+01
3.753310892382731367e+01
3.801229621195520281e+01
3.867813902445679730e+01
3.885925927988124329e+01
3.612223667643009151e+01
3.984330657305678614e+01
3.990487194453272224e+01
2.867668758692303044e+01
3.717127998285945267e+01
3.305409925722722164e+01
3.963213286641844491e+01
3.835535993295282253e+01
3.708029602897854460e+01
3.508435528427371963e+01
4.029631983883182755e+01
4.051883097542614820e+01
3.666475007833874145e+01
3.836117635318532848e+01
3.689196737645182367e+01
3.825944500918195246e+01
3.513816005576690316e+01
3.557839776087899963e+01
2.907504327960511148e+01
3.970690015000356254e+01
3.931344629168151528e+01
4.015220588256811141e+01
4.043765177620084472e+01
3.807070102326883898e+01
3.744495414392754640e+01
3.217694628603054952e+01
3.945551313462223675e+01
7.783836049868396501e+00
3.989368659651856319e+01
3.415932582174115595e+01
3.795751994021384235e+01
3.975627481018673137e+01
3.945371464004068685e+01
3.026832942339706989e+01
3.593993072597758243e+01
3.934556626812410229e+01
3.994255998622998760e+01
3.568886357174726243e+01
3.863752402703605782e+01
3.789812467741343482e+01
3.873355733783020582e+01
3.727325081784063343e+01
3.871570163623237448e+01
3.786949366878826595e+01
1.653543791008098651e+01
3.871901896767040085e+01
2.650333511119322694e+01
3.893497857013763763e+01
4.042845333180058276e+01
3.819174060750081878e+01
3.640974059015267983e+01
3.377341136665572208e+01
3.490393842698034632e+01
2.386001498332563031e+01
3.724090757112315231e+01
3.361493796844794701e+01
2.290941740142540795e+01
4.046907298937433950e+01
3.936399999272111216e+01
3.810031452810522978e+01
3.620792956600866574e+01
4.031073319512623954e+01
3.756102626981304127e+01
3.858578956441381536e+01
3.883405446227732938e+01
3.876679842017873057e+01
1.286895763282638860e+01
4.031265349918041352e+01
3.548360900628582471e+01
3.871002589000701732e+01
3.919516816933521852e+01
3.980849275644912666e+01
3.536012977361352938e+01
2.104017861736311801e+01
3.639924669275434610e+01
3.935631115428246574e+01
3.564605748109126893e+01
3.449895959754125130e+01
3.603261329482831599e+01
3.864234116914974493e+01
3.083631546720067362e+01
3.693859793983573070e+01
4.041043099132283345e+01
2.529616694480879602e+01
2.743327006421730019e+01
3.653948729511795790e+01
3.978797912828251526e+01
3.724264916443124207e+01
3.871071720143048367e+01
4.014241459704470572e+01
3.233591880606347502e+01
2.386001498332563031e+01
3.538085229338702931e+01
4.050722423529221317e+01
4.050778081788686791e+01
3.605707132891039635e+01
3.791250172396166818e+01
3.839470628193545565e+01
3.723919106709679738e+01
4.052699380131256390e+01
3.809535020594461230e+01
3.353314441831888360e+01
3.768030232699938153e+01
4.042235654882099283e+01
3.741928322619437353e+01
3.257754391102005798e+01
3.928922835756964815e+01
3.897185200409170136e+01
3.677897790910520825e+01
3.897568032183161790e+01
3.693284799480881020e+01
3.332971859515793511e+01
3.195495040430342470e+01
3.749335883872828390e+01
3.863752402703605782e+01
2.813584352195040594e+01
3.835815438508522845e+01
3.724625044915113392e+01
3.871664821923339161e+01
4.051458749876422871e+01
3.169346999413164667e+01
3.851277828265536840e+01
2.865799003825598490e+01
3.923529865535277850e+01
4.018454987016945523e+01
4.035007030948925433e+01
3.681287402030558553e+01
3.397356694034656499e+01
2.412587122380244864e+01
3.756529911983335523e+01
3.908564730677841936e+01
3.492416571351181886e+01
3.995189954962275181e+01
3.809168157479923877e+01
3.892874282025358212e+01
3.905747632767852906e+01
3.827646998602616435e+01
3.148297366438038125e+01
3.567952421000311602e+01
4.005196245377482001e+01
3.670753594786336294e+01
4.002669169229223911e+01
3.822799533208166167e+01
4.033310984324609905e+01
4.015500470274846379e+01
3.966544842091918355e+01
4.031441173789299626e+01
4.027447187541346096e+01
3.546585021155534889e+01
3.974117569421579077e+01
3.640974059015267983e+01
3.647023036207475855e+01
3.728727428470956795e+01
3.584422507560303472e+01
2.673625134661567060e+01
3.996431562859395115e+01
3.983935417081377750e+01
4.019417248428678846e+01
3.754457466060493687e+01
3.237187839888834873e+01
4.055450491131606583e+01
2.469974310530772499e+01
3.903122883845647095e+01
3.438315005509880962e+01
3.793469607711084279e+01
1.811998795720853650e+01
3.618805844027014018e+01
3.465551811145350314e+01
3.868692847687857039e+01
3.758331845546005212e+01
3.640974059015267983e+01
3.889523477930757167e+01
3.724669471108008167e+01
4.049622883899017722e+01
3.514763028309361204e+01
3.560725230550823994e+01
3.823224034992140474e+01
3.582960089661860081e+01
3.579845513488079689e+01
3.525835485805039582e+01
3.878747338385413457e+01
4.023195538981624964e+01
3.820301890335277761e+01
4.016755343660424415e+01
3.607013645388833112e+01
3.859731084928601774e+01
3.707182104395329958e+01
3.214442387045326655e+01
4.002739565155864909e+01
2.803709486378755145e+01
4.027838614001053941e+01
3.680889412156953000e+01
2.550617516607159274e+01
3.533075719169156059e+01
3.678635056913677204e+01
4.042991918201394697e+01
3.894822249460550267e+01
3.518091622728817924e+01
3.532765845098142421e+01
3.585956786190060797e+01
3.303371236926741261e+01
3.295500028530954495e+01
3.882001631987051837e+01
3.778721404070579837e+01
3.801999278766475499e+01
3.976907015655157096e+01
3.867906855309379921e+01
3.647687766000403542e+01
3.968376939199934839e+01
3.832260846507990237e+01
3.756550295609616796e+01
3.768437594728081308e+01
3.944614533615226293e+01
3.541439694868985555e+01
2.630815259907578252e+01
3.480269053370794552e+01
4.025873307968895887e+01
3.876023390230003685e+01
3.715035194127604257e+01
3.898601937048492516e+01
3.970699433058288719e+01
3.646327654096307924e+01
4.020329675914198475e+01
3.313100763728152742e+01
4.038528164853821067e+01
3.941987038387107134e+01
3.881280747879900872e+01
3.784762942510786132e+01
3.964623757347279565e+01
3.860709293919282459e+01
3.670835036525897976e+01
3.201593362065779047e+01
1.730921541329727020e+01
3.926273702262911769e+01
1.456454034585481239e+01
2.772346418252511313e+01
3.953674940520028258e+01
2.223395083253616633e+01
3.737044943144873343e+01
2.960995452699379271e+01
3.871632889106946607e+01
2.791964057757984108e+01
3.913902121686134450e+01
2.282805300330483789e+01
3.816439453044257846e+01
3.827502706367527452e+01
3.863003987702845166e+01
3.845086774795499451e+01
1.619653991367925272e+01
3.668721179540921185e+01
1.154871211644245932e+01
8.861894060811710716e+00
3.161311236067718511e+01
3.912348269880874341e+01
3.467066146822828188e+01
3.988046890017764667e+01
3.897055304947692633e+01
3.441128821965298101e+01
3.995544629877772280e+01
3.414835094498115353e+01
3.830537548847351559e+01
3.181634273856229100e+01
3.017569304831335586e+01
3.563661469507074742e+01
4.001861033993877470e+01
3.781553204001104973e+01
3.300756523299652656e+01
2.332038839250767381e+01
3.926079579560707344e+01
3.007274481797375998e+01
2.609197368334085709e+01
3.786324149506978642e+01
3.776751381589466661e+01
3.844823676477460594e+01
3.533277916835065469e+01
3.938618762908784277e+01
3.858072304625305549e+01
3.738490039064257786e+01
3.546853396515312795e+01
3.014372315615482023e+01
4.045122045398412070e+01
1.688892382906547240e+01
3.847844674138929832e+01
3.692636539457688372e+01
3.902348532511033596e+01
3.481635339486223302e+01
3.290972887909732947e+01
3.587729192355871533e+01
3.925095739833948016e+01
3.730371542957325204e+01
3.616975363149263956e+01
1.129754515746155619e+01
3.820350012301363307e+01
2.702231944079172266e+01
3.931082192068073766e+01
3.800884004585623899e+01
3.750368430362334493e+01
3.596219639598565720e+01
3.548736272832164218e+01
3.928459397272342812e+01
2.883681848189407759e+01
3.966988371677965119e+01
3.917313616872618098e+01
3.748313782266140493e+01
3.003606125084392886e+01
3.971869633906746344e+01
3.724073010672215389e+01
3.405928895915535293e+01
3.771003354661264240e+01
3.449018957925063944e+01
3.760931597229915013e+01
3.121449236980419784e+01
3.624987171167428812e+01
1.096058429798923228e+01
3.998311088588987161e+01
3.978797912828251526e+01
3.857021420128749867e+01
3.960512891529590718e+01
3.761210991591375574e+01
3.645779726374768615e+01
3.144341854306705741e+01
4.016956534098935805e+01
3.673292122018247596e+01
3.874481308078429720e+01
3.904118031912543074e+01
4.045401818313530384e+01
3.598308105337751073e+01
1.723089390908540253e+01
3.794276857224585342e+01
3.941015339461672795e+01
3.675197525811219634e+01
3.831784083400192031e+01
4.042664927887609849e+01
3.923964934650507530e+01
3.679143296074432357e+01
3.631288254514810632e+01
3.550228508278246409e+01
3.759514952598399162e+01
3.867154302423294610e+01
4.016019179509785886e+01
3.688151123766710526e+01
3.933595187460318954e+01
3.700924750680779596e+01
3.979500903259275901e+01
2.139883406085665740e+01
3.799466127485358413e+01
3.924846900407535344e+01
3.725173787784934376e+01
3.696769814062378856e+01
3.964655829591265501e+01
3.377093528034664871e+01
3.688321142522109142e+01
3.830316743836909410e+01
3.944614533615226293e+01
3.886851198870410684e+01
3.965159354201317399e+01
3.876144401501420589e+01
3.983432776359866523e+01
3.261582217799029593e+01
3.854870091072451288e+01
3.423494482156184660e+01
3.870735418512389003e+01
2.722693438011366851e+01
3.032817973661641275e+01
3.600568694714548457e+01
3.846312136024408801e+01
3.754127225590279693e+01
3.400513654929886798e+01
3.844928716315985184e+01
2.953614154416562343e+01
3.974080454247668115e+01
4.001144099550505473e+01
4.050583350027175555e+01
2.475929413177994221e+01
4.035398205207989264e+01
3.812990524126990977e+01
3.764881967274705232e+01
3.424759554539242856e+01
3.546926875891024622e+01
3.925676815654122720e+01
3.563329298312867621e+01
3.150699967427719628e+01
4.043737952644394795e+01
3.797398929866812978e+01
6.974094225825494320e+00
3.472864313823345128e+01
3.818883491029033905e+01
3.734066576307125729e+01
3.272513157989628496e+01
4.003987170981229582e+01
3.211720083202189358e+01
1.085766713524032490e+01
3.732135050063670434e+01
3.182056598567878325e+01
3.860503399761909549e+01
3.957261542905644092e+01
4.008211278831097957e+01
3.691007044747677668e+01
4.013174028838992058e+01
3.081000031291568320e+01
3.196552723067244983e+01
4.020280634496067762e+01
4.005497300662173643e+01
1.250534952052529292e+01
3.078323925571882569e+01
3.885783404840906030e+01
3.606490750998298722e+01
3.808197126868594040e+01
4.041783164673503848e+01
2.633107511299130010e+01
3.691047593049160724e+01
4.029335982158812612e+01
3.892874282025358212e+01
1.765645615067347052e+01
2.937910000509790720e+01
3.987385895099581745e+01
3.698803000672639030e+01
3.046625755976497985e+01
3.492370192259393491e+01
3.800207283005963177e+01
3.908752637537693886e+01
3.679596993469807131e+01
2.367489767140737911e+01
3.954683347643133118e+01
3.688586358525579101e+01
3.619890610066852332e+01
3.570755449575742801e+01
4.030039083885960594e+01
3.693990079730354381e+01
3.820094118777275582e+01
3.940040275220219712e+01
3.687807855491554676e+01
2.666776949017093301e+01
3.605053736795419184e+01
3.522586447267645582e+01
3.750267986452957558e+01
2.582522933260539233e+01
3.641622516832882184e+01
1.621691166930877159e+01
3.091379830294744124e+01
3.828598454393230099e+01
3.760994365692188524e+01
3.349979282834016914e+01
6.386906201040995157e+00
4.009404107833616138e+01
2.108164912504678412e+01
3.711688188765428009e+01
3.789951915307419483e+01
3.786949366878826595e+01
3.852084955373361908e+01
3.976513700700101595e+01
3.768307216739567878e+01
4.050023922110190711e+01
2.828933366683011030e+01
2.702231944079172266e+01
3.777257036030394488e+01
3.846833262454799751e+01
3.700063029937941650e+01
2.496334568227082329e+01
3.362111790372190967e+01
3.574818877301641606e+01
3.116778153255901174e+01
3.908564730677841936e+01
3.910428493916208481e+01
3.825512521939842259e+01
2.275884843447096273e+01
3.942810046934516066e+01
3.714166436331266397e+01
3.995544629877772280e+01
3.759625424804517735e+01
3.613287584789168250e+01
3.987365144785054838e+01
3.415568113608061651e+01
4.042189822172255020e+01
3.935921933084983948e+01
3.972295829814321166e+01
4.015915819498975026e+01
3.847154996451167364e+01
4.036679973916284325e+01
3.855190341862383008e+01
3.947296909422395572e+01
3.908564730677841936e+01
3.761362578535089085e+01
3.133898079870289877e+01
2.715342255186487819e+01
3.864274946973262104e+01
2.884852609958150538e+01
3.782143081575451049e+01
4.016527922931315686e+01
3.585195445746477105e+01
3.576675600473872407e+01
3.832412351421645269e+01
3.299857516549535319e+01
3.968479913690573824e+01
3.688470821291829793e+01
1.353838513311644931e+01
3.637741046126205902e+01
3.918634448543683391e+01
3.636484675738768857e+01
3.772751792474076638e+01
3.186039322222465131e+01
3.365353313328859741e+01
2.936514166910682988e+01
2.642343911703116532e+01
3.980678922795946306e+01
3.271345409799828019e+01
3.601482178492064179e+01
3.928580520510702456e+01
3.820748214493324468e+01
3.539149820864665230e+01
3.795136025784906764e+01
4.016533891575812731e+01
2.320916711395978993e+01
3.525515837247979789e+01
3.821324504076362416e+01
3.735042125290465265e+01
3.773018504400716466e+01
2.955602093371440020e+01
3.369692137907468776e+01
3.654259376889669397e+01
3.931862771349865682e+01
3.185434826021825927e+01
3.816010215131048255e+01
3.969776725842237397e+01
3.756951592047889932e+01
3.452116548790525741e+01
3.353078725643992897e+01
3.528720179886568786e+01
2.359762814132285413e+01
3.955318606337583276e+01
2.539836076544085586e+01
2.460208960313649129e+01
3.875898842072951567e+01
2.894130073365190725e+01
3.915736799159103043e+01
3.949223788914934374e+01
3.852090250656423365e+01
2.986176784811341989e+01
3.707399471303129701e+01
2.772346418252511313e+01
3.410568602285717077e+01
3.614999119521576176e+01
3.309651626615497833e+01
3.929470318316165844e+01
3.569308970879127685e+01
3.894062409812981684e+01
1.902102729970809136e+01
3.519006357646426153e+01
3.971858263099388608e+01
3.914821087910014086e+01
3.864927259250310954e+01
4.035695367427552327e+01
3.669377313991763856e+01
4.025552332523835730e+01
4.053359446712164527e+01
3.948489801736647564e+01
3.725173787784934376e+01
3.723987524059828047e+01
4.035612222625598378e+01
3.046625755976497985e+01
3.636719776127578285e+01
3.659369314052744926e+01
2.584135439290012215e+01
3.569391637724791622e+01
3.701180109080355862e+01
3.664167248852076142e+01
3.792515914866421411e+01
4.042845333180058276e+01
3.588997868903960864e+01
3.144539617290522671e+01
3.964571578098157545e+01
3.840401361539804270e+01
2.632382795419339061e+01
3.842444290564750276e+01
3.588518578098081946e+01
4.017116772530798841e+01
4.008560212566908376e+01
3.730655448544460739e+01
3.861770079518730370e+01
3.718721660498518133e+01
3.975226914988238036e+01
3.627303485938600147e+01
3.145676712017952070e+01
3.612763572707105197e+01
3.779328090160996823e+01
3.702543940109435994e+01
3.680220977258188242e+01
2.278300911017145225e+01
2.217921119026152610e+01
3.820094118777275582e+01
3.920241154972440256e+01
3.989473338380088308e+01
3.919012804710664000e+01
3.679143296074432357e+01
2.149271942495594345e+01
3.084680829305631988e+01
2.800916750359379748e+01
2.357280113470621785e+01
4.007219211670030035e+01
3.704261197696477836e+01
4.024358924613793675e+01
3.992301875230174346e+01
3.862901710004516076e+01
3.324254622923609759e+01
3.690882012872025797e+01
3.694926752101207512e+01
3.613084126038270227e+01
3.994659228916546567e+01
3.810031452810522978e+01
3.544151751962300523e+01
4.002604763709272362e+01
1.777538656461226196e+01
3.619890610066852332e+01
3.718583326691038593e+01
3.135927505014311123e+01
3.611117751047660818e+01
3.687589088667608195e+01
3.250428291078257104e+01
3.636014698670512502e+01
3.930862239539872149e+01
3.965425776245812983e+01
3.395475075478938720e+01
3.965566412143273567e+01
3.797783714095987762e+01
3.887850233340736139e+01
3.621755977035655860e+01
3.847913972106737646e+01
3.774560113303937925e+01
3.755021239232000596e+01
3.706767024032081537e+01
3.945175431143746891e+01
2.237798389981033864e+01
3.418444847286704658e+01
3.383543093881577590e+01
3.894282161103230067e+01
3.905747632767852906e+01
2.205859277016269004e+01
2.314842939113071907e+01
3.628048239728983759e+01
2.612663819085783246e+01
3.453154935433001071e+01
3.772026103986526380e+01
2.894130073365190725e+01
3.919516816933521852e+01
3.908536145708074372e+01
4.021585222249407110e+01
3.877922556671772014e+01
3.715811573179590965e+01
3.659020853055791633e+01
2.715739259544735162e+01
3.444466190637618297e+01
3.773727351673131380e+01
3.875761728046234111e+01
3.942814310463995753e+01
3.605465851354168194e+01
4.049350806730107877e+01
3.531398525595002980e+01
1.832455595348921662e+01
3.852925627551603327e+01
3.854113625848756897e+01
4.017219921254753956e+01
3.418444847286704658e+01
3.757204482503738063e+01
1.933774448022174752e+01
3.369618136328955416e+01
3.785575172165328439e+01
3.080036616534161453e+01
4.042235654882099283e+01
4.045591482108445547e+01
3.897570212275632429e+01
3.956336159380212791e+01
3.794819749321283808e+01
3.379883539337986065e+01
3.355075794590070615e+01
3.792075596980275520e+01
3.625611038031414779e+01
2.754840066189798620e+01
4.043265446554848808e+01
3.794169645706450211e+01
4.047503679807005028e+01
3.740386579801818812e+01
3.809535020594461230e+01
3.704148193424691726e+01
3.423494482156184660e+01
3.612763572707105197e+01
3.903825294074815133e+01
3.961861819124011674e+01
3.953419267975534979e+01
3.461071019645930846e+01
3.837590532102321816e+01
1.129754515746155619e+01
2.948378777317732258e+01
1.760019444632442287e+01
3.433771099087172729e+01
3.248552468370228041e+01
3.945831501445053391e+01
3.829179967244847660e+01
4.020329675914198475e+01
2.818512977509153217e+01
3.435987326336096004e+01
3.863750392884092832e+01
3.628699109165984282e+01
3.844384920545227402e+01
3.633487700353568783e+01
3.677442134100385829e+01
4.017817001915084774e+01
3.468853942986684302e+01
3.617426456325583928e+01
4.032762234425891990e+01
3.742854022393908053e+01
3.559764534081977416e+01
3.841739373640557176e+01
2.703479622430808149e+01
3.852396180443245299e+01
3.607902241329040294e+01
3.656269374118711823e+01
3.133108602418326782e+01
3.512657190807200180e+01
2.871083062915783302e+01
3.445676973559697132e+01
3.985311101523144828e+01
3.731488075950218786e+01
3.808656157165953005e+01
3.458790058559959846e+01
3.861879553346651761e+01
3.554636462608847580e+01
2.510678476043472784e+01
3.264451897133564984e+01
3.933553617560447435e+01
3.739196083823377137e+01
3.466095290534164519e+01
3.920415440233742288e+01
3.822314294532176149e+01
3.623150294254757853e+01
4.049047806393156179e+01
3.892136084238276794e+01
3.701702752154001530e+01
3.919070379017080086e+01
3.871468539653481145e+01
3.348873597192830687e+01
3.476905158723652534e+01
4.027346842803066096e+01
3.907537844781360548e+01
2.386001498332563031e+01
3.983293271869221996e+01
3.123091229805398328e+01
4.055391091895139510e+01
3.474763254749539243e+01
3.307779712942831907e+01
3.983259989875568152e+01
3.770092948465146776e+01
3.987913462450703150e+01
3.694652851155463935e+01
4.046696134872456696e+01
3.930769575812425387e+01
3.294202301134764355e+01
3.738822877846255466e+01
2.535957441677266999e+01
3.683462445240350291e+01
3.793553586159016078e+01
3.863508010594962627e+01
4.011767695459393224e+01
4.006067560157158880e+01
3.697252691810797387e+01
3.341207723222102288e+01
3.821880994341281479e+01
3.450788946690077807e+01
3.709213248453382050e+01
3.857253107261095693e+01
3.776857611882157784e+01
3.629519613622669283e+01
3.638615745037536442e+01
3.769195741702316838e+01
2.546663497797677422e+01
3.405325970704477356e+01
3.612428489918336538e+01
4.035059093509099881e+01
3.951147480261899148e+01
3.974344039107603521e+01
3.891975704743915543e+01
3.525129680468380400e+01
3.298930448384868441e+01
3.956789934513233931e+01
3.078726886225545911e+01
3.966653996949532512e+01
3.700063029937941650e+01
3.543073834889167983e+01
3.661208570000390239e+01
3.460071680038410591e+01
3.727846784702373384e+01
4.033341524533391720e+01
3.685890150319104919e+01
2.865799003825598490e+01
3.857482028859502066e+01
3.924970595500005288e+01
3.653719480890677573e+01
3.862453758957836669e+01
1.276548545917800936e+01
3.968842115373874435e+01
3.625082271027324055e+01
