8.823727930204229963e+00
1.201281544592521655e+01
1.607939973290659808e+01
1.431601815231143959e+01
1.832105507822281254e+01
1.802898192661600518e+01
1.317098589957635468e+01
1.714715629601105462e+01
1.255329095734967026e+01
1.522028435155856130e+01
1.705033108321533319e+01
1.757230298513296063e+01
1.039943533459333835e+01
1.832105507822281254e+01
1.738836778971802488e+01
1.608642163384379487e+01
1.379963054725381610e+01
1.095824430952021622e+01
1.191080302951821679e+01
1.193962632265962576e+01
1.825672323313356316e+01
1.314738511239956154e+01
1.638923898809677482e+01
1.675884089144075517e+01
5.590660914988740515e+00
1.655335631774484639e+01
1.649666927533746374e+01
1.431267331598707493e+01
1.473674489832177059e+01
1.872551683808670120e+01
1.399772832521226995e+01
1.341221103099300826e+01
1.686265785824149788e+01
1.789368564134689166e+01
1.473160951060411783e+01
1.236576094760183153e+01
1.297206607888161756e+01
1.536642807193554994e+01
1.004086179024084480e+01
1.815775593681503963e+01
1.458289989273724530e+01
1.221492555540427816e+01
1.739458211878132232e+01
1.683132406495800382e+01
8.335789875927684278e+00
1.387922491772793165e+01
4.973293912676068906e+00
1.320582618234031713e+01
1.803550503115494763e+01
1.192511956541669527e+01
1.762321510457509177e+01
6.791391316445857029e+00
1.091183130101790155e+01
1.538083132455484936e+01
1.017724874687537451e+01
1.643325878109989446e+01
1.228746437704863226e+01
8.008493658452534802e+00
1.602216001109202992e+01
1.507988493827594567e+01
1.275484818408338583e+01
8.868061456027886535e+00
1.618122383570955236e+01
1.843544699329583025e+01
1.422895075114273666e+01
1.025160220467774863e+01
1.346621120670597449e+01
1.166476129691579366e+01
1.241428681192086358e+01
1.181625834300463396e+01
1.750065293766914465e+01
9.152188965959130229e+00
7.353526212484335467e+00
5.674376024613681402e+00
1.512821643803165728e+01
1.157675636447025980e+01
1.821373705615280159e+01
1.601979151477059204e+01
1.672146739890450817e+01
1.191080302951821679e+01
1.443702249843750884e+01
1.608317440909691953e+01
1.813136750271465658e+01
1.738836778971802488e+01
1.564081301143684577e+01
1.794615397269475210e+01
1.532035900529154127e+01
1.862373125088294046e+01
1.521431346155574005e+01
1.027135829959358304e+01
1.658124628300828007e+01
1.162797939056357421e+01
9.824046796150671668e+00
1.624641308390706129e+01
1.231054876879906779e+01
1.216717162475843317e+01
9.394709649564269682e+00
3.522356589944741323e+00
1.511349937765487539e+01
1.554642426937148869e+01
1.794742302399603417e+01
1.617935583817302714e+01
1.643244538797937437e+01
1.755413325237664779e+01
9.283587382392328280e+00
1.620682612836261427e+01
1.000240509795168542e+01
1.681782009707843883e+01
1.550365687133022874e+01
1.741029249335117157e+01
1.674112048654841090e+01
1.445921846219246731e+01
1.837121576951599167e+01
1.238669295529531134e+01
7.086773278357649808e+00
6.889723404091203207e+00
1.512821643803165728e+01
1.721024574496142634e+01
1.271901746851141013e+01
1.346621120670597449e+01
1.757542473577417397e+01
1.303248802070560686e+01
1.628614276450356613e+01
1.151761427662682458e+01
1.745588306224696495e+01
1.147293377932111369e+01
8.350949918499985358e+00
1.501694816015339207e+01
9.797705949146825688e+00
1.490606376644608844e+01
1.542972566872651896e+01
1.570245183395199895e+01
1.102617943790783528e+01
1.867515935421674911e+01
1.444994570404175249e+01
1.007190575400593602e+01
1.831193090434016568e+01
1.835470645673244050e+01
1.191833757425269980e+01
1.739275682843263482e+01
1.204110705775093670e+01
1.746780152440037170e+01
1.861363714702658356e+01
1.774193175929018906e+01
1.347068933703531002e+01
1.731874167495286088e+01
1.672718653965111457e+01
1.552268676469930142e+01
1.536802199471019748e+01
1.657398971358990281e+01
1.688373462534739389e+01
1.402825385423094673e+01
1.713658193508861416e+01
1.665386150855938752e+01
7.206835245330047712e+00
1.173812634888936834e+01
1.372326962369529468e+01
1.110310711485508328e+01
1.832060648737900266e+01
1.380105575370898663e+01
1.586074541676362060e+01
1.508404958982086974e+01
7.602791648105824862e+00
1.214401134659282100e+01
1.429256255053967806e+01
1.738836778971802488e+01
1.731874167495286088e+01
1.375158976647840881e+01
1.539670731117411684e+01
1.735945718598470933e+01
1.716624996050814644e+01
1.808275500430902127e+01
1.307594918940950102e+01
1.655278689302306816e+01
1.594764760692240202e+01
1.356895942482840312e+01
1.848152355828359816e+01
1.450850931518437292e+01
1.839888316616963948e+01
1.843060688351214793e+01
1.441245723304357540e+01
1.517921114718062370e+01
1.864064366993730815e+01
1.550324994050384575e+01
1.279794283187718662e+01
1.443190879096173873e+01
1.704737669396462607e+01
1.285722426039192712e+01
1.249397643241883316e+01
9.560427531989788008e+00
1.813292568859222342e+01
1.438292855661940095e+01
1.126941028593321725e+01
1.620279829804518457e+01
1.868732752089210436e+01
1.834693407674440024e+01
1.829423519043648838e+01
4.021120990066716416e+00
1.725099927272221123e+01
8.843705173763797944e+00
1.861846494294415777e+01
1.169380967115810677e+01
1.660038025506919723e+01
1.458796598310506809e+01
1.804088427031877373e+01
1.249698766505513881e+01
1.170238498353064927e+01
1.699309517998874952e+01
1.319905973575119873e+01
6.945568988284795964e+00
1.705033108321533319e+01
1.703021024325072830e+01
1.464049020370138621e+01
1.453054320309315983e+01
1.635279931407288956e+01
1.873682426898415443e+01
1.107750450731145619e+01
1.803403761635931701e+01
1.583474985262191481e+01
1.441573765953230080e+01
1.087748333166609882e+01
6.946424900278836745e+00
1.447909467957219398e+01
1.122013096307176383e+01
1.513437254968674495e+01
1.241916829634644515e+01
1.801312015988915860e+01
1.832276030071521333e+01
1.285722426039192712e+01
1.296843950256015354e+01
1.506647081777137487e+01
6.762816205879545350e+00
1.302168249242756737e+01
1.295769745713791821e+01
1.734953396352424804e+01
1.741431326906525712e+01
1.338049645403162557e+01
1.576976029490458586e+01
1.069886453789611558e+01
1.545990045394130874e+01
1.053486298229573315e+01
1.515019993853477942e+01
1.872122466158955945e+01
1.425684654680128638e+01
1.215985494572317194e+01
1.229687794807642653e+01
1.357325256199906605e+01
8.714114137951547434e+00
6.921239435772882587e+00
6.336703637799574906e+00
1.617935583817302714e+01
1.780862046292985923e+01
1.160298536715490592e+01
1.565393810400917118e+01
1.823406562002861264e+01
1.085495599537581413e+01
1.654476049475767852e+01
1.519726913050026873e+01
7.189638313786641532e+00
1.745419777322915778e+01
1.057110110627368016e+01
1.614182846258587034e+01
1.748346521435976442e+01
1.686265785824149788e+01
1.794628119311860104e+01
6.664463859925739975e+00
1.530707544938935882e+01
1.851392567063873429e+01
1.826504774048630253e+01
1.575795957721953933e+01
7.833294842033263095e+00
1.149618610756037995e+01
1.274639567870343981e+01
9.283587382392328280e+00
1.246668964959617654e+01
1.853086341228603828e+01
1.555580114253305268e+01
1.790818083029174801e+01
1.655151656303643293e+01
9.909074130066972685e+00
1.267756124340999691e+01
1.497953140468603905e+01
1.742619984415100021e+01
1.600797580496294259e+01
1.608317440909691953e+01
1.686265785824149788e+01
1.781573684201956098e+01
1.731874167495286088e+01
1.493967997708396034e+01
1.313451900745332424e+01
1.459981063653509814e+01
1.010661070298620601e+01
1.771632181398794614e+01
1.737360510022627835e+01
1.093105542795676932e+01
1.340594483273239135e+01
1.346621120670597449e+01
1.627175347449475140e+01
1.532877281504318390e+01
1.166476129691579366e+01
1.527292699353693095e+01
1.449990758046239137e+01
1.617622258072499619e+01
1.184313929995979819e+01
1.636785231060250467e+01
1.535639671005867690e+01
1.845181206902550386e+01
1.463510319557090078e+01
1.729794802815282040e+01
1.383778367105265517e+01
1.695736824899545070e+01
1.430316132081123826e+01
1.587648382475214603e+01
1.521794830943649934e+01
1.841483565116726950e+01
1.791252446153026767e+01
1.679377905443897134e+01
4.513488700797302577e+00
1.343559958125200637e+01
1.507300977956946753e+01
1.602442709416452260e+01
1.302144961220465191e+01
1.795425021649968400e+01
1.770708678240005085e+01
1.810576733258351467e+01
1.812855788145329328e+01
1.077377837050076614e+01
9.703308914895394821e+00
1.015058053513700109e+01
1.581463990610150816e+01
1.309482782321267891e+01
1.832410680680574444e+01
1.786312726972304432e+01
1.719333182614775879e+01
1.468574259415096250e+01
1.674703396518711429e+01
1.487344948946734036e+01
1.454294835684342679e+01
1.346621120670597449e+01
1.229591524305663874e+01
1.459981063653509814e+01
1.162533420634745873e+01
1.480136299886154205e+01
1.590244381551058694e+01
8.823481749198890611e+00
1.447742778146686327e+01
1.606204706379861591e+01
1.266432718459752138e+01
1.012498408745076262e+01
1.014699748895446341e+01
1.191052038926804002e+01
1.446617999496165297e+01
1.125056942092143331e+01
1.451150890688840178e+01
9.942412353109730816e+00
1.539670731117411684e+01
1.747450855561427119e+01
1.346621120670597449e+01
1.646571072686852588e+01
1.760355434434478639e+01
1.861398992934444507e+01
1.674703396518711429e+01
1.625330364000021888e+01
1.333923716409284488e+01
1.735515154974283902e+01
7.012480933346044054e+00
1.284606842227542067e+01
1.510341828681879761e+01
5.353826369260501039e+00
1.814637966294242943e+01
1.273905850687692620e+01
1.173953512898112805e+01
1.038398050403019823e+01
1.487908807655754373e+01
1.724594107616742633e+01
1.135289079070108187e+01
1.599552422044024880e+01
1.417285565604157505e+01
1.251909433002496641e+01
5.740053874692239155e+00
1.705033108321533319e+01
1.579415338042671912e+01
1.784067564579488518e+01
9.416696395287033283e+00
1.818904542442265182e+01
1.238988350199842436e+01
7.269022975759327210e+00
1.402366887053730871e+01
1.318367092016593745e+01
1.616703681233622802e+01
1.088251016265302162e+01
1.855376662854922998e+01
1.573858304535123054e+01
1.652989543602246059e+01
1.791675087657964127e+01
1.785077575627266810e+01
1.417205142704113285e+01
8.354384080821844805e+00
1.533467236442788462e+01
1.652937385112115365e+01
1.859734018306909320e+01
1.865843062716054490e+01
1.314738511239956154e+01
1.154950151788466783e+01
1.352408901044453060e+01
1.803403761635931701e+01
1.505532959323215181e+01
1.244637376735342293e+01
1.150902629847433367e+01
1.579254464603415897e+01
1.363206509685342027e+01
1.516455721903252751e+01
1.268521648482724906e+01
1.581536851667480548e+01
1.863044813460167148e+01
1.513952677790638646e+01
1.714715629601105462e+01
1.252667123189931075e+01
1.240664519867599580e+01
1.195113208912257541e+01
1.438292855661940095e+01
9.494213864597263353e+00
8.104188028250495890e+00
1.788924310421693065e+01
1.679377905443897134e+01
1.737735683766551986e+01
1.478610912370550423e+01
1.777116560972352843e+01
1.215217244882859937e+01
1.433639882573861257e+01
1.169171826910062073e+01
1.489589572051110444e+01
1.779929056995587544e+01
1.434148683998778040e+01
1.077732282928489127e+01
1.266212757913477738e+01
1.682707800652009666e+01
1.002587242182124960e+01
1.605500362366858269e+01
1.557434535490784100e+01
1.592769168825805437e+01
1.219258099977833965e+01
1.775895349224616382e+01
1.727715500262688408e+01
1.618122383570955236e+01
1.249851887566903486e+01
1.620630576458685823e+01
1.820088779200529672e+01
1.389223361475210794e+01
1.498910732218004505e+01
1.443436995695010339e+01
1.785680122897696975e+01
1.402760828025272843e+01
1.593521335563356445e+01
1.456635001461561174e+01
8.943330170611980989e+00
1.231187879033392640e+01
1.512821643803165728e+01
1.641987026382540549e+01
1.516012615530333818e+01
9.023040397213982544e+00
7.377903861564119481e+00
1.173953512898112805e+01
8.398836186706505558e+00
1.252683685616052500e+01
1.672879375346841258e+01
1.320582618234031713e+01
1.690178045963362763e+01
1.507116027810450731e+01
1.174414654642685463e+01
8.726205614169433744e+00
1.850112238190687464e+01
1.017724874687537451e+01
1.052535365098052011e+01
1.777116560972352843e+01
1.191080302951821679e+01
1.635427623528373431e+01
1.626244813025871139e+01
4.583611709945564883e+00
1.781724627296934926e+01
1.689758341183847890e+01
1.266315630995152652e+01
1.727715500262688408e+01
1.076312013216293906e+01
1.365785838001329466e+01
1.028110742461248428e+01
1.793738250170328996e+01
1.215230837542708464e+01
2.403047268514549195e+00
1.777705582652627925e+01
1.243733976793051532e+01
1.177987641712856437e+01
1.339014236557124171e+01
1.562905168459252891e+01
1.174796997938410037e+01
1.737735683766551986e+01
1.502769810909184933e+01
1.524271522972748549e+01
1.852122722321901449e+01
1.353017466660213586e+01
1.766860938919612778e+01
1.176563736588432008e+01
1.812027987172339749e+01
1.444239531355788841e+01
1.558822524569146495e+01
6.413479725408852694e+00
1.011739497545771904e+01
1.455956404369598012e+01
1.215230837542708464e+01
1.007609756983125493e+01
1.444239531355788841e+01
1.740095761451985013e+01
1.267357328466237476e+01
1.744895502101250884e+01
1.449990758046239137e+01
1.643275657417121494e+01
1.711098419754369360e+01
1.791781797997167303e+01
1.819049042894998180e+01
1.158094388739654335e+01
9.022200227707438458e+00
1.705033108321533319e+01
1.615800498601886659e+01
1.280166057459490148e+01
1.635036283175353944e+01
7.140754370780433291e+00
1.759499382863825900e+01
4.583611709945564883e+00
1.041647891187501784e+01
1.509824774149161897e+01
1.853159763611243704e+01
1.084761897874240866e+01
1.585483660160632624e+01
1.789223607005008887e+01
4.778890572169452788e+00
1.737735683766551986e+01
1.605089707917796815e+01
1.729054071853099117e+01
1.000240509795168542e+01
1.203301203140282816e+01
1.059915408587391283e+01
1.269612097889258528e+01
1.021940781654825159e+01
1.578128488324822065e+01
8.800770519200789010e+00
1.618122383570955236e+01
1.603643852547870097e+01
1.104543004462924927e+01
1.507300977956946753e+01
1.131118120751271761e+01
1.225234475843540238e+01
6.791391316445857029e+00
1.076555220839505722e+01
1.541575479756179945e+01
1.551869314021659463e+01
1.049812831277076697e+01
1.569962577949662474e+01
1.171888312871221771e+01
1.612451312532280312e+01
1.473150547192517656e+01
1.459103962824483958e+01
1.531789222864452249e+01
1.334312202351696008e+01
1.560235455509632985e+01
1.393741274353222437e+01
1.241916829634644515e+01
1.229176316986575834e+01
1.598055405102551063e+01
1.445301299549387863e+01
5.983816792406843277e+00
1.613067595135269272e+01
1.015081411098525699e+01
1.077419124553054530e+01
1.661029181334432181e+01
1.631084052715683086e+01
1.778854198332333425e+01
1.801940723620534257e+01
1.383714495229795993e+01
1.558047524336911138e+01
1.833856366675533778e+01
1.705033108321533319e+01
1.647891064694166730e+01
1.514873488615026531e+01
1.385404648709569031e+01
9.106494117599664762e+00
1.739257596153129271e+01
1.558822524569146495e+01
1.738836778971802488e+01
9.240575949001557987e+00
1.473839335841062947e+01
1.488647463017199080e+01
1.770531312132993307e+01
1.613537799705465403e+01
1.856246465894247777e+01
1.717978438955536902e+01
1.078981017706479051e+01
1.625939882975400863e+01
6.873924742020179224e+00
1.346621120670597449e+01
1.611081951496505837e+01
7.260521486435407290e+00
9.568515305878754873e+00
1.859951916208852651e+01
1.739257596153129271e+01
6.914713173090691001e+00
1.241177095744107106e+01
1.816532279218543522e+01
7.005120676173628880e+00
1.088279732991334647e+01
1.748718142896709082e+01
1.430316132081123826e+01
1.700783263756295582e+01
1.564946164173908194e+01
1.852014053099185986e+01
1.241916829634644515e+01
1.705457869010190564e+01
1.172970300488169926e+01
1.330312363870049097e+01
1.757444676333486910e+01
1.265310095029504822e+01
1.540184499092299220e+01
1.323376391714239020e+01
1.447068333352294012e+01
8.856170579052198732e+00
3.948789558426490043e+00
1.593828362940125487e+01
1.615800498601886659e+01
8.313989863887126575e+00
1.852534887532805641e+01
1.267562921532996256e+01
1.676028854951315239e+01
1.207927413166746433e+01
1.469444052211920138e+01
1.242604220758921585e+01
1.442391901505571994e+01
1.733724462818754475e+01
1.135037686197470919e+01
9.533129093426522260e+00
1.098019284839838683e+01
1.059238716725781515e+01
7.833294842033263095e+00
1.831814067168379268e+01
1.406342468396659662e+01
1.428510338192202411e+01
1.692625048186435421e+01
1.203953743822598810e+01
1.695414478001278979e+01
1.114528310102535080e+01
1.594764760692240202e+01
1.285722426039192712e+01
1.661029181334432181e+01
1.360069244933677624e+01
1.750499662265509571e+01
8.739366307969129721e+00
1.647024797592806777e+01
1.606786267172124383e+01
1.696794381344403035e+01
1.574598722135718631e+01
1.669537017128573453e+01
1.751321764829237537e+01
1.186458800653465673e+01
1.457522466301952235e+01
1.734159786935037673e+01
1.452951914695076852e+01
7.440460080018723055e+00
1.565993256961436053e+01
1.692441649147780680e+01
1.503184847959833093e+01
1.531560248736631991e+01
1.863699914140497782e+01
1.859201322115661981e+01
1.521008539765082901e+01
1.608754932218400668e+01
1.107764135105353809e+01
1.850688274614159923e+01
1.459157442800606042e+01
1.536802199471019748e+01
1.794331272373580077e+01
1.729923773567096390e+01
1.743499736259941102e+01
1.387415950843915091e+01
1.589507818561420649e+01
9.997189573621151126e+00
1.336080893158741212e+01
1.713658193508861416e+01
7.087431062456451158e+00
1.606348500269353963e+01
1.636823883282633219e+01
1.150902629847433367e+01
1.654309501079443478e+01
1.012636112118239673e+01
1.578551238847021310e+01
1.045405684200248864e+01
1.826511586190508396e+01
4.940043089662184528e+00
1.341529741396015751e+01
1.348250374672539209e+01
1.802363991876685390e+01
1.731874167495286088e+01
1.796456694053515335e+01
1.271022430688718075e+01
1.827881830234710492e+01
1.307937030640535880e+01
1.855526615345743124e+01
9.276789273901179911e+00
1.502718219043641312e+01
8.140970890575513152e+00
1.615800498601886659e+01
1.738836778971802488e+01
1.766690486214199041e+01
1.376887867370475149e+01
1.695604531443215279e+01
1.757542473577417397e+01
1.835170274903634180e+01
1.337391611847085571e+01
1.738836778971802488e+01
1.625926616329924101e+01
1.854325618860359270e+01
1.000240509795168542e+01
1.612011473138443307e+01
1.076312013216293906e+01
1.175961378718824868e+01
1.530887423603052966e+01
8.542688570556578043e+00
9.330607086297032282e+00
1.285722426039192712e+01
1.343697684459773356e+01
1.034096216963085979e+01
3.936107177502857546e+00
8.418477713826016284e+00
7.375836864021779959e+00
1.833508730115043761e+01
1.314738511239956154e+01
1.631192839659924942e+01
1.151566486881513640e+01
1.366989076314249374e+01
7.204681988680096794e+00
1.748061256015465759e+01
7.881267670872832198e+00
1.130879341185519493e+01
1.681301203042300330e+01
1.312584845238103881e+01
1.586811456699753364e+01
6.135167933837736953e+00
1.855526615345743124e+01
4.021120990066716416e+00
1.286001420991695099e+01
1.864051310374621195e+01
7.122428791951877614e+00
1.458380794692875781e+01
1.430289964807657199e+01
1.278429724225491171e+01
1.847406381408622167e+01
1.535139593757872589e+01
1.825329171343793888e+01
1.474988354081931874e+01
6.951718841024018047e+00
1.285722426039192712e+01
1.595715004054159358e+01
1.724992677390287099e+01
1.705457869010190564e+01
7.881267670872832198e+00
1.089259780623314988e+01
6.351682876774361830e+00
1.614953012530678933e+01
1.865215137466156392e+01
1.722085902885068975e+01
1.608910552924216120e+01
1.357150717776919713e+01
1.669734500460789306e+01
1.496278716412436083e+01
8.868061456027886535e+00
1.705668893432877553e+01
1.558822524569146495e+01
1.422895075114273666e+01
1.809961772608889063e+01
1.675425401484648091e+01
1.583476031585534471e+01
1.305216638619784675e+01
1.487279871126923148e+01
1.075158161411218671e+01
1.868666131589095514e+01
1.795838592627707442e+01
1.241916829634644515e+01
1.045199524068468477e+01
1.541575479756179945e+01
1.317587530822807906e+01
1.212206174345894283e+01
1.079292141704576125e+01
1.769687219179658655e+01
1.705033108321533319e+01
1.314738511239956154e+01
1.671042289081806942e+01
1.661029181334432181e+01
1.177987641712856437e+01
1.661719661178361207e+01
1.679802272156049270e+01
1.794909852223728919e+01
1.577138769731638313e+01
1.770531312132993307e+01
1.747897639671090175e+01
1.323761239497733300e+01
8.548845582838179524e+00
1.286963116321243561e+01
1.494353066324423196e+01
1.465018418455940008e+01
1.686265785824149788e+01
1.553147625745767968e+01
7.464386136450116283e+00
1.771972727879445131e+01
1.854258235329523785e+01
1.178904195379150188e+01
6.784384431641326429e+00
1.869450214990651915e+01
1.766301450023177821e+01
1.827014124102140258e+01
1.243446971568066317e+01
8.370067271665984521e+00
1.691204364216846301e+01
1.645434869686003765e+01
1.688373462534739389e+01
1.072872436192372092e+01
1.741429738244853453e+01
1.438038337348517359e+01
1.835799644555816101e+01
6.984785207363866988e+00
1.536852818253890796e+01
1.469038249686971476e+01
1.191137168946269398e+01
9.617542173805729178e+00
1.683566741997123728e+01
1.040462530909761796e+01
1.294489107843599918e+01
1.558822524569146495e+01
1.715857325361268693e+01
1.647900963495378335e+01
1.764369232104366247e+01
8.350949918499985358e+00
1.868593232589150333e+01
6.921239435772882587e+00
1.666069489325804298e+01
1.336752238485299848e+01
1.476609182160284206e+01
1.106679546466810926e+01
1.686265785824149788e+01
1.654875452146544745e+01
1.051942524128733325e+01
9.150987695697118340e+00
8.546877249207916805e+00
1.737759066504905547e+01
1.435602844885787555e+01
1.505113921172501890e+01
1.501401497825619202e+01
1.466078628877186318e+01
1.705803047029918673e+01
1.385404648709569031e+01
7.870103117770143264e+00
1.214327903487569316e+01
1.821989541492339981e+01
1.266052849663976865e+01
1.784384045133552021e+01
1.693351932943401650e+01
1.713012792384347804e+01
4.296840064375091472e+00
9.406219604591615990e+00
8.462995648528805148e+00
1.063830109090256570e+01
1.661154079407618411e+01
1.537539246532120529e+01
1.594764760692240202e+01
1.708913104433234054e+01
1.861860874455059189e+01
6.634987293151773713e+00
1.593609137186691882e+01
1.737735683766551986e+01
1.791661039213833817e+01
8.003165730084205620e+00
1.215230837542708464e+01
1.670683219018373933e+01
1.221604129562056684e+01
7.662450220695609104e+00
1.702799799093595823e+01
8.500892842266839722e+00
1.780834047666043674e+01
9.430529148782284210e+00
8.166120590042320160e+00
1.659511353528260003e+01
1.272637443567214532e+01
1.791491076181164388e+01
1.107673112539595195e+01
1.796557096634635542e+01
1.683592689685040966e+01
1.697060660200379090e+01
1.555050030025774532e+01
1.812027987172339749e+01
1.342959510400206291e+01
1.700966337861499511e+01
1.581573162531304355e+01
1.745128704333696845e+01
1.346621120670597449e+01
1.560761167261759752e+01
1.577014475504713609e+01
1.727715500262688408e+01
1.750001836318573112e+01
1.676459381208868749e+01
9.866362890218328019e+00
1.112609570189756880e+01
8.629349364008241707e+00
1.484825853451139466e+01
9.955438944603631768e+00
1.739458211878132232e+01
9.869329683237918260e+00
1.558016434157868702e+01
1.385487398146487337e+01
1.836560081403776223e+01
1.617622258072499619e+01
1.559313648167646349e+01
1.087766279201275665e+01
1.540586366756815195e+01
1.449744059604693902e+01
1.470435722526034006e+01
1.613399123231869936e+01
1.179192439469809983e+01
1.793271127137768062e+01
1.530887423603052966e+01
1.015058053513700109e+01
1.617622258072499619e+01
9.997780838831909378e+00
1.229602056018109124e+01
3.988949612806815370e+00
1.399339237468799269e+01
8.069120201644034651e+00
1.805686164313967623e+01
1.465786269366236283e+01
1.093225555329162546e+01
1.504240228053016892e+01
1.207533398413729486e+01
1.833978111733734551e+01
1.622427948744457638e+01
1.255958303602314352e+01
1.567525502729608178e+01
1.241907173663111053e+01
1.038623667264218398e+01
1.385404648709569031e+01
1.276232964745156551e+01
1.302168249242756737e+01
1.157675636447025980e+01
1.849720055535735952e+01
1.728352222709107622e+01
1.494208913170822939e+01
1.459981063653509814e+01
1.323376391714239020e+01
1.393755773267898412e+01
8.904037136061917934e+00
1.158331628446830308e+01
1.686265785824149788e+01
1.737735683766551986e+01
1.772615579593626478e+01
1.492912056060368542e+01
1.208329118982018002e+01
1.375858357058975834e+01
8.656116616549908827e+00
1.123693027805432187e+01
1.563022182844425600e+01
1.071076802471487532e+01
1.510020892297679040e+01
1.483771214995947219e+01
8.496915820559063803e+00
1.186244162546869418e+01
1.393501060360136634e+01
1.850477899845736118e+01
1.734907801406261285e+01
1.750773078463976162e+01
1.459586988676133856e+01
1.181036069209194217e+01
1.713658193508861416e+01
1.837113803580925264e+01
1.266052849663976865e+01
1.793221662097983682e+01
1.789237124816777325e+01
1.527292699353693095e+01
1.105230217118132430e+01
1.444111535647763134e+01
1.728352222709107622e+01
1.622427948744457638e+01
7.552889362465586842e+00
1.585218903042349581e+01
1.747405003543693880e+01
1.655831824219974635e+01
1.780778099684058446e+01
1.661029181334432181e+01
1.682253388277968753e+01
1.055598059593877736e+01
1.190564598974686916e+01
1.804968397324596197e+01
5.717111795707385369e+00
1.761987044017041626e+01
1.208597631391057448e+01
1.519266147827437763e+01
1.814839589332471448e+01
