1.201170181016599436e-04
1.363551520585236767e-03
4.900974737108658831e-04
5.330970934838655684e-04
2.226298136445062099e-03
1.905474095929638790e-04
2.030195887327307001e-04
3.283940797084233710e-06
1.482146591721918746e-04
1.562553256218062933e-04
5.054237833349366996e-04
3.340301300501420569e-03
2.188165672027490296e-04
2.226298136445062099e-03
2.074325870552915811e-05
2.873873442275916941e-04
2.202706720922646688e-03
1.024840246077892824e-03
6.327531277191694465e-04
1.954098095520117836e-04
2.222760829307846465e-04
5.864280991989915268e-04
1.020332270680226322e-04
7.311765018223748266e-04
6.372209350578065482e-04
2.031518687186110485e-03
1.187120138541193463e-02
1.147291484895313508e-03
6.156570003796196528e-04
3.455472026908570763e-04
2.412473315468681011e-04
2.258521929578590469e-04
6.414515346121497275e-06
2.476876309255511858e-04
1.466464624601705052e-04
5.580634574613372976e-05
1.830990856059903525e-03
1.339027267702739329e-03
5.234866725314199672e-04
5.151564727600246082e-05
1.104115001003970042e-03
1.662208444846152299e-04
4.089703238448352081e-04
9.347946350576998627e-04
2.399998879404978121e-04
4.973556580609991363e-04
1.528874415621394797e-02
4.702719617091132486e-05
9.887213554382820739e-05
2.452365488776582980e-04
3.364364751084674495e-04
3.027865782097749112e-04
1.719906600091781275e-04
2.920095517093335754e-03
3.138029783814240154e-03
9.797204387725197330e-04
4.682076946680469335e-04
2.750161686837155391e-03
1.117072003880721686e-03
1.525002615839759904e-04
7.759258663322941060e-04
8.036988722796697341e-05
5.020746119258323706e-05
2.582853554831387403e-03
1.806410180433600399e-04
1.109754810118652676e-04
6.655854872261214662e-06
1.288492147093228300e-04
2.385817002330963788e-05
2.542421230357259313e-04
3.188198684109452407e-03
2.863922393700614293e-04
1.735436682281492349e-04
1.199449115883216219e-03
1.201982590485726218e-05
3.209485805227188895e-05
4.300108963395273790e-04
1.366700353163927129e-03
9.944262524316852241e-04
6.327531277191694465e-04
6.139297946523203560e-05
2.757999051067901012e-04
1.239965615284564391e-03
2.074325870552915811e-05
1.889303278349119633e-04
1.064188695935428192e-03
3.212295805874898925e-04
7.364792208772290034e-04
1.870966427151294481e-04
2.405520428301763597e-04
3.708281747651808640e-04
5.471094642062548658e-04
6.678356158978369407e-04
4.421245751851001892e-04
3.824852666471288644e-04
8.075989827086340602e-04
4.846418737787298826e-04
2.628355064374726332e-04
1.657535931666672703e-04
3.577505789802030281e-06
4.660784215919305069e-04
2.478660165766711273e-03
5.701046911019862825e-04
1.929022042866988080e-04
1.405206120871377221e-05
1.289527651864139871e-03
1.381103992804071762e-04
1.159818365924039944e-03
3.880584276369987190e-04
7.186686234356034868e-04
3.475298686356962622e-04
2.468644354901984410e-04
8.879240033348684107e-04
2.555568000943862425e-04
1.073829475210949334e-04
1.026086320086157748e-04
1.201982590485726218e-05
3.697977251224273234e-04
1.591248610883224616e-04
6.655854872261214662e-06
1.706908249278955153e-03
2.037750374957968385e-04
5.033700713596461112e-04
3.258200423402993380e-04
9.165864213313377074e-05
1.533031041710849313e-04
1.364667779550025406e-03
4.025131990942234887e-04
3.234604618518594063e-04
2.340046310435995680e-04
1.924871291344953895e-03
2.556949446290926074e-04
1.874293816431492094e-04
5.823175300328679123e-04
2.330890849298744029e-04
1.454741742310151778e-04
2.736257767827073267e-04
2.718733688088002354e-04
6.630431287797794709e-04
1.027879481694696868e-04
2.015423802323242260e-03
9.521107622591819253e-04
2.959447963165014791e-04
1.460423625556969804e-05
3.978407639396038496e-04
6.407409033562984577e-06
2.236975995948708475e-04
1.095837220489161764e-03
1.204877919789340383e-02
1.437645455715239940e-04
2.891947759725981308e-04
3.360122678376210132e-04
5.375236647471748775e-04
5.466758062822355772e-04
1.358950576700355213e-04
2.209143355319269288e-04
1.357496214245626498e-02
1.052221506291511205e-02
3.451411504014824275e-04
9.455735865616857324e-04
7.924942721975906717e-05
1.433197053206157836e-04
1.611018008426133357e-04
2.751462647535626448e-04
8.031434169612568946e-05
2.074325870552915811e-05
6.407409033562984577e-06
2.997937105451535522e-04
5.260894795081510512e-04
8.711212830193385687e-03
3.336927668047473192e-04
2.873404567776976669e-04
1.646641538591053821e-04
5.744377872729832576e-04
1.372187728017661699e-05
2.568479460800898555e-04
9.246119011365151134e-04
3.283856844859499833e-05
7.187597724587696047e-04
2.584932437091992446e-04
2.013116096604741746e-04
5.608359253328303040e-03
4.932042330195580276e-03
8.299700693818421739e-05
2.069180813821216633e-04
1.408293610581027710e-04
1.550695097305899170e-03
5.737808154905100523e-06
9.641473895472948085e-05
7.497523492943462819e-04
1.105297953005444402e-03
1.522971295407614216e-02
9.557505727345814430e-05
2.754864570793451664e-03
7.690400964501589720e-04
5.242731631190980165e-03
1.178676617671593291e-04
1.388880917634747374e-04
3.649673101310491145e-05
1.564454521051972843e-04
2.653392661226882461e-04
3.189787582360012019e-04
1.129291844079607872e-04
1.375734672590565530e-04
1.123285726475848137e-03
6.048461086435970779e-04
3.338571706438477516e-04
4.690614263973478778e-04
3.127547977417643511e-04
3.020726530229016129e-04
5.054237833349366996e-04
2.556491662765805924e-03
5.205965660846844593e-04
1.108663919926548938e-04
6.579442248495565504e-04
5.351849833755291906e-04
1.092218654828854902e-04
6.902447938089042567e-04
9.789742251906422520e-04
6.961044829578762888e-03
2.139150851886493620e-04
1.917085550511001896e-05
1.362200147641131568e-03
3.463409006804106191e-04
1.803203446160655914e-03
1.946263479284436680e-04
3.871306336698851882e-04
1.384695552352523118e-03
5.737808154905100523e-06
3.061270403212079227e-03
2.792994838403842477e-03
1.500202051698940444e-04
1.431998705012058580e-03
1.298961627146527100e-04
1.569478406882639308e-04
1.545093067973850440e-04
1.246392464745125659e-03
3.866768433173281018e-04
1.032390631004865330e-03
6.917553866532915306e-05
2.247173419237068334e-04
1.459744754576591059e-04
1.850762457638335746e-04
1.377223160831715469e-03
1.941252823383449936e-04
1.333865333585186001e-03
1.885299715485821959e-04
4.516502219795432219e-03
2.476642040555980268e-04
1.657405256619114012e-05
2.478660165766711273e-03
7.012203322273235714e-04
5.540983587845454148e-04
3.137561169882532820e-04
1.141174620305802608e-03
4.459085429923939007e-04
1.790901179273662186e-02
1.671818380878656242e-04
3.586626957913664608e-04
1.757629781804777275e-05
6.350241570884540988e-04
1.194456745853663326e-04
2.513259936033035804e-04
6.414515346121497275e-06
1.967688500976230161e-04
4.544448467928811236e-04
6.638310402044001737e-04
7.243074220066429442e-04
3.774741711226341678e-04
9.654622339506706242e-04
2.824957112368082230e-05
2.786541128759915183e-04
2.604064461919861095e-04
1.405206120871377221e-05
9.436608401920332711e-04
3.713236907653121466e-04
6.466252782970506163e-04
6.358368767895892582e-04
3.098734959409394068e-03
2.942743714766902509e-04
6.880400394797099258e-05
7.917148720519151658e-04
1.087995387414521491e-03
3.794565011707346533e-04
2.757999051067901012e-04
6.414515346121497275e-06
5.642632150585683536e-04
6.407409033562984577e-06
1.606944915825677734e-04
2.686405219525044952e-04
2.057202978778474245e-05
2.211575461219468563e-04
4.319903552058404787e-04
1.649660915506725393e-04
5.255744978894677250e-04
2.562282030556970076e-03
6.655854872261214662e-06
1.867599940607000118e-04
5.494365079171930483e-04
1.288492147093228300e-04
4.224914134221591412e-05
7.415113908213581684e-04
3.485012682073858553e-04
9.264332081982104604e-04
4.431882236219260025e-04
2.688741306712402138e-04
1.289217891169211613e-03
1.918258304967365268e-05
1.742132973193897779e-04
1.687561037610851898e-03
4.407820559244813636e-05
9.803108793404566215e-05
6.347209961051401795e-04
2.225504043922290286e-04
5.358886498221271952e-04
3.411906942455025891e-05
6.113770558627127046e-06
1.478401923325431584e-03
3.067637900349765023e-04
6.253288783408289704e-04
2.785307694055820841e-04
4.133979931258673231e-04
1.748807293652834805e-04
2.342608421790711608e-04
3.775319734812702591e-05
2.390952919147502529e-04
6.419422340251372148e-04
4.204236591612386768e-04
5.474928062124526009e-04
1.219947099400035519e-04
1.704266616308277053e-03
2.864034301984858238e-03
3.936725237130128652e-04
7.601987172661373417e-04
2.201623108055665088e-05
8.327767760912393463e-06
1.440252154893250508e-04
9.747392693396112623e-05
6.655854872261214662e-06
1.835235679797741863e-04
2.057202978778474245e-05
1.443692073401317306e-04
4.099344071709725389e-04
2.865649404880678524e-04
4.209268543697208733e-04
4.133876621116827329e-04
2.028590510247247594e-04
4.364660855458120164e-04
1.033806751676884976e-03
9.583841294079524032e-04
1.055865513461583813e-03
3.394464164070076458e-04
4.738387724786416802e-04
1.425681157695432111e-04
3.667922202795518768e-04
5.260894795081510512e-04
1.899272932020317720e-03
6.655854872261214662e-06
2.132839914813644143e-04
1.376137507281826342e-04
9.649555870764254303e-04
8.327767760912393463e-06
1.092039797314033099e-03
4.373825640456744193e-04
5.029066129151999430e-04
9.028215935234456635e-05
5.448224168793260177e-04
6.969816758957675775e-04
3.942360419770290689e-04
1.001769736207155361e-03
7.918321129818187967e-04
1.333416209741078375e-04
1.666799834429726979e-03
6.831700180497373570e-04
5.284606933684183640e-04
3.578408419628866205e-04
1.267720066965640456e-03
1.705550997154295400e-04
1.543088717739382490e-04
1.265232456317927866e-04
5.054237833349366996e-04
3.648845345733629504e-04
7.638774906402322369e-05
1.111058634524331136e-03
2.295780366737989835e-04
3.154115901569073174e-03
5.050902624078073199e-04
2.122470963143448079e-04
1.492471896378236491e-04
2.097934465132352422e-04
2.921516494931131430e-04
3.172017031656622355e-02
3.538712896101780733e-03
3.780674081464765741e-04
5.445283919671341233e-03
7.369029802466543278e-05
2.507612415905043361e-04
1.137463501425985167e-03
2.653135348117807843e-04
3.457397876905526132e-04
1.615015923512169976e-04
2.109831942846081537e-03
5.864280991989915268e-04
1.759470888637074365e-04
2.112761961776946551e-04
6.902447938089042567e-04
1.736135404393829762e-04
1.088199663795867076e-04
4.113901877354867462e-04
1.350437957911321837e-04
3.001673277124436087e-04
1.755707645253655426e-04
1.504379255380939293e-04
2.127078563764027289e-04
4.646061238253340608e-03
1.953395057489515287e-04
3.283940797084233710e-06
4.239411012614154300e-04
4.790686892512922184e-05
2.685394009043250759e-04
1.522971295407614216e-02
6.610598099770774623e-04
9.604410761618708387e-05
3.150476449257267491e-04
6.113770558627127046e-06
1.705416628882683780e-05
5.457471860592163918e-04
3.704780226620706107e-03
2.796581676693740345e-03
1.546976453660725667e-04
3.159288606810595592e-04
1.355516416747740887e-03
2.531732784467504490e-04
3.307096595623628364e-04
1.237978539579599627e-04
5.684871716871005379e-05
4.413029264860428465e-03
1.772180644680212969e-02
3.763475626577693009e-04
1.370315979083150696e-03
3.283908648107073313e-05
1.225199802795049191e-04
1.774707129875157817e-04
4.843202079720577806e-03
5.020746119258323706e-05
5.355704779598552574e-04
2.375202322405744982e-04
6.371455561172049791e-05
6.745161601398509286e-04
8.731840838671012456e-04
1.683692184421679188e-03
2.122523816146985951e-04
1.897148224314805097e-04
1.333789767841670826e-03
6.113043865245157502e-04
3.953874848088982413e-04
3.339802945256283300e-04
1.201982590485726218e-05
7.271680485189574211e-05
5.903537748384198296e-04
4.149628607670388116e-04
5.738536378000053513e-05
1.333416209741078375e-04
1.007993951740656253e-04
4.512823244489212412e-04
9.182903483668135780e-04
4.702719617091132486e-05
3.959446679668607674e-04
9.472983881443056055e-05
5.926656926312217234e-04
9.027440967158120375e-04
4.442827507375050932e-04
3.138029783814240154e-03
6.094117049566668502e-04
3.704780226620706107e-03
6.327531277191694465e-04
1.329806332968944084e-04
1.446755327708063249e-03
2.371002349877687014e-05
1.082580188658739759e-03
1.797089872826787278e-04
2.114826149855524246e-04
4.843202079720577806e-03
1.399205386190343584e-04
1.958611971789296462e-03
9.163644290343306558e-04
3.249550801884212598e-04
1.006905730401019285e-04
7.782837292412807533e-05
4.219766668578641355e-05
4.120869008366411608e-04
3.065418024595641480e-04
5.567753009215672001e-04
4.899526667919303601e-04
2.640962929545253982e-04
1.705416628882683780e-05
9.361394576426582560e-04
5.990767309941369070e-05
6.801773443717494495e-04
4.963299422252578398e-03
4.142579806055693621e-04
5.981576406903243201e-05
1.057184542840588527e-03
4.192112614961905951e-04
4.063197500801284008e-06
2.512827843533268872e-04
5.454073442124968618e-04
2.551829843297492417e-03
1.006905730401019285e-04
2.734962001297161559e-04
4.192112614961905951e-04
6.133181751865811283e-04
3.928919465642191806e-04
2.305249970889048511e-03
7.415113908213581684e-04
4.550744608431347987e-05
3.674347948714280429e-04
3.011336487735588878e-04
5.409503420374698560e-04
2.720924575321609579e-04
1.084245708610674002e-03
5.054237833349366996e-04
4.634866274677892890e-05
2.353851140078415418e-05
1.163169490717057215e-04
1.850289543017209022e-04
2.758756055947902790e-03
2.371002349877687014e-05
4.810348075910336274e-04
2.109108666364396388e-04
5.189975143628579616e-04
1.839641914599664003e-04
1.386058244105259135e-03
2.105890923360595902e-03
2.930917789537250255e-04
1.705416628882683780e-05
5.129691493778043435e-04
1.265404038416817391e-03
1.381103992804071762e-04
6.798132764633740355e-04
1.987636449128778529e-03
2.218469046020441621e-03
2.496294545734732961e-05
5.033942663007727730e-04
9.241490618380371639e-04
5.020746119258323706e-05
1.322590970030029615e-03
8.526633505321394796e-04
6.253288783408289704e-04
3.409111274678003692e-04
5.272772609836676606e-04
3.027865782097749112e-04
7.772719387112781483e-04
5.048855004051042367e-04
1.920436540908689830e-04
6.107920737416474210e-04
1.464813967629459391e-04
4.153774687592352898e-04
1.164087912845185851e-05
2.667547159666925662e-03
3.973407302664859302e-03
3.066548828570532601e-04
3.715250549345300605e-04
2.920234210305713233e-03
1.546786385160526384e-04
1.946263479284436680e-04
1.505337118531988136e-04
7.078409630447843803e-04
2.340602860987872039e-04
8.602135532957901239e-04
1.430903055889882688e-02
2.603312262345931641e-04
1.535344332031313640e-04
8.843679004837599574e-05
7.424331820762254328e-04
1.161624702450510076e-03
7.963761884742149091e-03
5.410299356175429813e-05
8.658448412851365520e-05
6.799472084944591923e-04
5.054237833349366996e-04
8.965232989193211888e-05
1.008687320058601232e-03
2.974794913571798946e-05
1.639459593285265871e-04
9.154676428709671758e-04
4.063197500801284008e-06
2.074325870552915811e-05
1.405121195823570094e-04
1.982511640309157427e-03
1.701617554716593943e-03
2.488275414931964612e-05
3.080288808452567731e-04
2.052900927307702548e-04
1.645633908832116251e-04
2.522389840018586255e-04
3.908358454869063654e-04
4.045070429274348492e-04
6.655854872261214662e-06
1.886704433558542698e-03
2.377890461034688578e-04
5.319773184941039125e-04
1.093318805084672997e-03
9.154676428709671758e-04
5.762995541237711690e-03
7.463385406218502743e-04
1.358225907468515927e-03
9.184948597988063217e-04
7.681698038104913364e-05
6.520595975959695345e-04
9.803108793404566215e-05
9.452664390059225966e-04
1.733131960349190909e-04
4.049170183483088298e-02
1.946263479284436680e-04
3.943771155422165367e-04
6.897846169647453866e-04
4.872167280518684726e-04
5.660753294133370793e-04
1.607967716961113060e-04
2.008963404451121469e-04
1.992914108695458716e-05
4.249056356583991796e-04
6.228904730062100135e-04
8.131499999414161170e-04
1.115597189106261539e-03
4.634866274677892890e-05
4.415552652962127290e-04
1.479734131796978189e-03
2.943641397634429277e-04
4.444889339240153158e-04
9.760327669724828611e-04
1.304110119409795238e-03
5.550158736032794089e-04
1.409358111116854853e-04
4.829525142883934270e-04
1.709480957595909615e-04
5.845201807639061704e-04
5.737556616964745344e-04
6.503618287707086526e-03
2.824957112368082230e-05
3.503797433944647478e-04
9.026777706321017288e-05
3.195967409834313592e-04
3.044884575445189309e-04
1.802587752812992634e-04
2.382624422739377319e-04
7.332013371154821792e-04
1.372187728017661699e-05
5.737808154905100523e-06
8.843679004837599574e-05
3.434039629204080606e-04
1.924789079272605237e-04
5.417327343724137470e-04
1.029723469102505722e-03
2.589884534040126662e-04
2.489014433552257360e-04
4.689177406696583197e-04
2.901053647940871646e-05
4.854422495793117446e-04
1.295797923387294803e-03
5.834988757106905968e-04
4.883891155662959532e-03
5.466787044293852519e-04
3.725635639994564216e-04
5.562660613299522149e-04
9.922915441495667316e-04
2.270998498642781834e-04
7.225391053424733666e-04
1.262264180578559730e-04
4.234184615973705739e-04
1.544851814773583372e-04
1.080848456706046736e-04
5.852320527833197988e-04
1.964104929061005636e-04
1.967646656014281938e-03
1.204877919789340383e-02
1.018291869065223945e-04
8.837202837496502435e-04
4.362699756905493841e-04
8.453519922114414173e-04
8.037055614388313425e-04
8.076496823237832136e-05
1.461987734879687580e-03
5.375236647471748775e-04
2.478380996607812089e-04
8.186901528168940775e-04
2.034302830470707379e-03
4.113901877354867462e-04
1.414735156739098019e-04
4.688948320377021644e-04
1.011182163071697973e-04
3.966017888804549991e-04
6.277182167534482889e-04
8.073225679280911313e-04
8.565216281685078049e-05
4.518375760936850353e-04
3.160979415115516573e-04
6.407409033562984577e-06
5.878529936199413525e-04
1.718219543964977930e-04
2.708952159442684898e-04
1.162972224090127928e-03
2.550338015946232483e-04
6.538141311542116079e-05
9.042074829317014355e-04
6.148697055055445939e-04
4.634866274677892890e-05
2.074325870552915811e-05
7.277076364450598387e-05
1.119024259403634787e-04
1.242282677589130410e-04
1.706908249278955153e-03
3.599112270506423699e-04
4.834633189011300607e-04
2.074325870552915811e-05
9.967429427268283560e-04
2.015130233279150730e-04
1.381103992804071762e-04
1.273934366118070706e-04
1.399205386190343584e-04
1.856943342447462753e-03
2.108487443820785713e-04
1.463899927724851481e-04
6.922498310748102400e-04
5.737808154905100523e-06
1.644243295374141905e-03
5.831865139149570000e-04
2.102894348114691433e-04
5.166953529721843167e-04
2.838319229579451108e-04
3.185482144437753321e-04
5.864280991989915268e-04
3.482361865488865045e-04
4.020092946668241910e-04
8.868634169842969409e-05
7.397227740168087120e-04
5.041300701381413746e-04
1.288738657912350623e-04
7.886453668968473581e-04
1.827516429698831371e-03
5.739160135208490983e-04
1.477435287985017702e-04
2.882301571454778336e-04
2.550338015946232483e-04
1.388880917634747374e-04
9.763926579442547271e-02
2.636078546531750119e-04
3.831439545194457032e-04
1.973036497000611299e-04
1.315757993385393773e-03
2.785615574169125188e-04
5.357739296553383013e-05
1.134917617844642326e-04
6.967015083607651415e-04
5.427664641637573164e-04
1.139299781451270964e-03
5.737808154905100523e-06
1.880510972117932814e-04
9.175797143962878045e-05
3.943771155422165367e-04
1.288738657912350623e-04
2.420453882789629682e-04
1.159593416927906474e-03
6.746304218435682796e-04
1.871366245617605369e-04
7.310759413099171414e-04
2.339299991924473961e-03
3.814454847366280659e-04
2.416814564402869261e-03
2.644214725727230680e-04
8.036988722796697341e-05
2.669068974714203582e-03
4.063197500801284008e-06
1.806410180433600399e-04
3.648477140826869277e-04
1.371961127801702264e-03
4.083340619913957380e-04
3.911835690492364141e-04
1.296893794063726799e-03
2.891820403552595770e-04
3.514446700249150395e-03
2.664757397261939401e-04
1.946263479284436680e-04
5.302841487693828008e-03
5.048855004051042367e-04
1.156564827725742149e-04
5.087919445554642001e-04
3.220542928066959259e-05
3.579809151176898893e-04
5.054237833349366996e-04
5.864280991989915268e-04
6.854160069717041368e-04
8.843679004837599574e-05
3.065418024595641480e-04
1.638520992515197388e-04
1.897860612172625708e-04
4.586355308428345765e-04
1.101380275506167849e-04
2.488275414931964612e-05
4.410537271388680048e-04
6.258652171308638789e-05
6.144624592418785475e-04
5.912752247457126473e-04
9.100898912096494747e-04
3.301762928027405001e-04
6.414515346121497275e-06
6.038473105202595915e-04
6.005114710396632994e-04
2.688577717099654659e-04
2.559098288846694928e-03
7.047869367938419324e-04
3.213245314398287776e-04
2.623544265277749751e-04
1.557600905476064538e-04
4.430929682410287142e-04
4.809262478578046895e-03
8.344207735756284643e-04
1.826773640698777087e-03
4.912233085545466551e-04
2.891947759725981308e-04
5.518864436881956888e-04
2.672429811411306888e-04
1.008048085244670367e-03
8.344762127121697209e-04
6.416572836513785485e-04
9.950741725358008393e-05
7.075008037026904581e-04
2.146677368961055765e-03
3.493505514920588421e-04
2.984755036244825894e-04
3.510073291173142619e-04
6.645421701873247987e-04
4.063197500801284008e-06
1.177417911447162772e-04
4.298594961628107529e-04
5.018870920380156782e-04
1.364667779550025406e-03
4.170022191565201102e-04
2.476642040555980268e-04
9.114605003780331207e-05
1.483039683755099810e-04
4.099973318254802315e-04
2.794059720683104945e-05
6.414515346121497275e-06
5.509952892846909072e-04
1.196528831618113003e-03
5.769820723273433056e-04
2.256190413491749615e-04
2.889697542898832434e-04
3.554136356808980639e-04
2.487900271978286601e-04
3.459802242810453596e-05
5.583444550838546124e-04
8.536015825944775993e-04
2.974794913571798946e-05
5.587533196444282712e-04
4.454283066001539482e-04
2.679869231230639433e-04
4.846398196231775212e-04
4.142341860452023340e-04
2.124537920581611448e-04
5.556805863239357114e-04
2.246527558299839648e-05
2.721306477863293907e-04
3.506481164947852346e-04
3.759968390332380384e-04
3.662733624385444762e-04
7.016443131536414385e-04
1.372187728017661699e-05
1.390549056152305934e-03
1.096136309767680056e-05
1.541469499718274095e-04
1.570910737001502213e-04
1.705416628882683780e-05
5.752965833105884051e-04
1.500941594531470327e-04
1.006905730401019285e-04
4.260921782984901612e-04
4.045513948635167528e-03
1.900442751915895124e-04
4.349051343642273970e-04
2.663247635178351853e-04
1.375487680405623335e-04
1.536620344389669386e-03
5.899063483048165612e-05
1.908677052834188530e-04
2.225222229475992198e-04
2.382788865533677549e-03
3.585664029746376308e-06
3.514195243095863115e-04
9.298580337491205638e-04
6.474617495876676745e-03
8.025757835575426675e-04
1.057184542840588527e-03
6.484321079618425923e-04
1.168979579281625818e-02
1.622125546301273185e-04
2.966915002206392928e-04
6.655854872261214662e-06
8.149382171535157868e-05
1.716750782052799866e-03
4.843202079720577806e-03
1.965922867931144211e-04
1.881613599251792093e-04
8.097475023175105960e-05
9.467687669744321655e-04
2.590570026151155724e-04
8.646336388983902072e-04
1.966037261713730346e-04
4.089703238448352081e-04
1.410497037822379428e-04
5.600709215700511428e-04
5.003843473530284868e-04
3.469003781669463007e-04
3.485012682073858553e-04
2.034956857131732435e-04
1.486628856792311887e-04
4.432698071577442756e-04
4.720563052871784744e-03
1.099631092793244581e-04
2.227619911138035535e-04
2.558693187670792873e-04
2.658359007134064068e-03
2.108487443820785713e-04
5.474928062124526009e-04
3.485012682073858553e-04
4.464443841031040289e-04
2.842315804096642016e-04
1.162077997751596479e-03
3.812912024820260112e-04
3.615192842760083110e-04
5.721389292880984341e-04
4.950148131672645361e-04
2.639526066971137949e-04
4.647512386974732008e-04
4.684202351859568006e-04
5.373858032366372840e-04
7.944076768517596568e-05
3.874472285036461997e-04
6.159704719510055652e-05
1.048022300888381230e-04
1.040150455470547611e-04
2.974794913571798946e-05
8.889782881961218457e-05
1.431998705012058580e-03
3.209485805227188895e-05
2.356369282169706576e-04
4.886406532754979847e-06
2.222441378363741455e-04
2.057202978778474245e-05
1.992914108695458716e-05
2.015429227746456248e-04
1.307082915398626954e-04
1.967644627268594218e-04
6.414515346121497275e-06
1.705416628882683780e-05
1.858671826369561646e-04
2.584880660184445318e-04
2.783940931760685365e-04
1.294634313246934812e-04
6.066106136915722178e-04
1.763998721231359323e-04
1.206639177725528405e-04
1.638148419539232643e-03
5.369058439450223076e-03
5.850286270898164042e-04
1.200344604358754040e-04
4.133118520487695123e-04
3.042096582061106012e-04
1.047689438975407542e-03
2.349178245076300343e-03
3.032796161539913320e-03
3.301655149627396538e-04
4.677097483571645577e-04
5.375236647471748775e-04
4.901107848585700981e-05
4.846398196231775212e-04
8.997317233760408067e-03
2.254188974190451684e-03
4.224914134221591412e-05
5.701266584461194692e-03
1.007010374880953126e-03
4.886406532754979847e-06
7.944076768517596568e-05
2.939894263216640945e-04
7.186381483021893628e-05
1.276243670997079986e-03
1.267955322813671945e-05
3.478039080829309842e-05
8.843679004837599574e-05
5.069802532646041412e-04
1.553224567373790658e-04
3.378982065864200046e-04
5.872683105579942428e-03
1.141352924220490766e-04
1.058435381065054768e-04
7.999745679048147085e-05
8.443434650819835619e-04
6.535967551584537759e-04
