2.964936376792300265e+00
2.548773284381209869e+00
4.270955694401739500e+00
3.651381321594119100e+00
4.415517588279518790e+00
2.938254017935097995e+00
3.143679119490224938e+00
4.588835293635607826e+00
4.450190269971122881e+00
3.425459271716357001e+00
4.426337465479300626e+00
3.421213133488002711e+00
3.613334486619125929e+00
3.676799487693285684e+00
4.550298478979452277e+00
3.495927562932670263e+00
4.883981009475507840e+00
2.764894978584078178e+00
4.378102839102863797e+00
4.237072071718650079e+00
4.870664936832172387e+00
2.247066402871066515e+00
2.797126555776200174e+00
4.664385957157952234e+00
4.962050974874112619e+00
4.589536367873208178e+00
4.566163025317344193e+00
4.150720189853855047e+00
4.315390908890910815e+00
4.496732208273789944e+00
4.877933880454362381e+00
3.424761275698835927e+00
3.908889434392198048e+00
3.913981297980663410e+00
3.618083983697421235e+00
4.483652704374902598e+00
2.728390593823711185e+00
4.707475973257055024e+00
4.693354056295135024e+00
4.173769255580954685e+00
4.392819450917136770e+00
3.120967504853853658e+00
4.692996653756035919e+00
4.510209637099793056e+00
3.080682795502372340e+00
4.992839328929694176e+00
4.533141097522980445e+00
3.625573675624937042e+00
2.204086918256658034e+00
2.945418793635782073e+00
4.843818725037626116e+00
3.383148766451243183e+00
4.001269859241204152e+00
4.304334793836252615e+00
4.281823223728307148e+00
4.672499142460441846e+00
4.653280016391234675e+00
3.464094311040050389e+00
3.389553109208923054e+00
3.001573225447642823e+00
4.732682673792525385e+00
2.786924623765924647e+00
3.636000873021977942e+00
2.004007456574417922e+00
3.618745157234840359e+00
4.625940534791407543e+00
4.579830686513362892e+00
4.216035623271999100e+00
4.356736457510383964e+00
4.881211706346809009e+00
4.796812639859841632e+00
4.581784627279382960e+00
4.045278639871957793e+00
3.532090725476923598e+00
4.244566351260298021e+00
4.350565720992725538e+00
4.984800146111081354e+00
4.585565191849816813e+00
4.386841530937895861e+00
3.751092767169551312e+00
2.822099089249296977e+00
4.658646854048351216e+00
3.858769795952400550e+00
4.664870736447894295e+00
2.791319374921651164e+00
4.741237308284757646e+00
3.968240564831447159e+00
3.306058704052090569e+00
4.631871633764237828e+00
3.497834662060353317e+00
3.443745051359786036e+00
4.621119551329998743e+00
4.726231595776079430e+00
4.328110281408822146e+00
4.685975791515727629e+00
4.532332538643503383e+00
3.983273769155167177e+00
4.856483923096089228e+00
3.513809813793587811e+00
4.815313011920431485e+00
4.917293069858216015e+00
2.510605293008288275e+00
4.496606250303849528e+00
4.402620325842839577e+00
4.233922132999435206e+00
2.016878401492821826e+00
3.232372799305220479e+00
2.109322976460465071e+00
3.468980003696687575e+00
4.767552219354510790e+00
4.676230639707002368e+00
3.524055561118587310e+00
4.790145557999599291e+00
3.056222575340966419e+00
4.737037813503627071e+00
4.681421497114230057e+00
4.360228375308059512e+00
4.306388245368208523e+00
3.250138879363597688e+00
3.652177409582007428e+00
4.302054599817392244e+00
2.604453167625511600e+00
2.411699101486034280e+00
2.593559890166734050e+00
3.741003127139267193e+00
4.320192787341156304e+00
4.501550550252224170e+00
4.309720004542183958e+00
3.361490713648203066e+00
4.994446842655017704e+00
2.831254480791084660e+00
4.037001496300366199e+00
4.033025281454577282e+00
3.701517250742588416e+00
4.688834724271130128e+00
4.783124895700262336e+00
3.815664784005894816e+00
3.500952127195317676e+00
4.988231019190251025e+00
4.103523432478595190e+00
2.974245146436229614e+00
2.305743995417841585e+00
4.987837201318866320e+00
2.802573998419579215e+00
3.764854566427697335e+00
4.653280016391234675e+00
3.455556297788926035e+00
4.311493111901142150e+00
3.754787060565113244e+00
4.987911032846044534e+00
4.991641862189040602e+00
3.358906842509019164e+00
2.801788804988239345e+00
4.479179738140755873e+00
3.510074394484779869e+00
4.553685203206764065e+00
3.111421119068677132e+00
4.467999200226692835e+00
3.938747479940213569e+00
3.315647495601514283e+00
4.001269859241204152e+00
2.268005445950914911e+00
4.787046081236233874e+00
3.996266226883423922e+00
4.164411202422409808e+00
3.560915578474711296e+00
2.482255481776967976e+00
1.864716548493123405e+00
2.287868035302154990e+00
4.149474981396297224e+00
3.975769192902132598e+00
4.768847865369852279e+00
1.662430333531768945e+00
4.437194071906557014e+00
4.694921096336852173e+00
3.997596181939079063e+00
3.283351818761403251e+00
3.672495261810438283e+00
3.222855368863240422e+00
4.631871633764237828e+00
3.913393868247067253e+00
3.665620335179606393e+00
4.521708855208594890e+00
2.636121808610945028e+00
4.106111049448674777e+00
4.768003784786611909e+00
4.731508036086836455e+00
2.196698571117225995e+00
4.768631302251495896e+00
3.259845528713615437e+00
4.024698955571967218e+00
3.089058669970082605e+00
3.460094975786546900e+00
3.341372795581190047e+00
4.004781556709550827e+00
3.575462054573131709e+00
3.289316082609293534e+00
3.027168643117811975e+00
4.279250279756386277e+00
4.249498741538338287e+00
3.512964263433528966e+00
4.486101109515445273e+00
3.600621443091565954e+00
4.334946303166202775e+00
4.599951827271858029e+00
4.767864906543383796e+00
3.140555820829744604e+00
2.818044187483511376e+00
4.690640911014639869e+00
3.648931719371581117e+00
4.630929648297763990e+00
3.423060775110041032e+00
3.247246593867771036e+00
3.744773019857426277e+00
3.826223464776970395e+00
3.680573765306018874e+00
3.741003127139267193e+00
4.922322019873126564e+00
4.117306385943837910e+00
2.881562995278072581e+00
4.775816178210905427e+00
2.586042191864896811e+00
3.755812542227737971e+00
4.208047591748249161e+00
3.925079440781580775e+00
4.767505116247146901e+00
4.990226195107644536e+00
3.178240836317007378e+00
3.662426073669637905e+00
4.275069924839847602e+00
3.963787259595947354e+00
4.581784627279382960e+00
4.359559817719904196e+00
3.768687060749280171e+00
4.945071180164474001e+00
3.179314463343832831e+00
2.752308255352284849e+00
4.087425833801373365e+00
2.668871449082335978e+00
3.204205679675065532e+00
3.035681048677521421e+00
4.930619964406340650e+00
4.773223687793176850e+00
4.131595983703527430e+00
3.086164665373679394e+00
4.047223009847134456e+00
3.444721271939605423e+00
3.625818782648087435e+00
2.505893027845977450e+00
4.216035623271999100e+00
4.562298578649147451e+00
2.989650764687281193e+00
4.413905690200542686e+00
4.974846112493993111e+00
4.908963969407118100e+00
3.783851236723537514e+00
4.596287536989160927e+00
3.517438999115463538e+00
3.672283467757456510e+00
4.817714201353710202e+00
3.374837247187237210e+00
4.292709197385420339e+00
3.998835124464967805e+00
3.907020083878428807e+00
4.361512404541082688e+00
1.613696138068942521e+00
4.382946392375506761e+00
4.136578106277975841e+00
4.745153327620776906e+00
3.377861213425654707e+00
3.800749239592003281e+00
2.569355925199691804e+00
3.667047576113624974e+00
4.535387569513348538e+00
3.399306663599802381e+00
4.679575482152345423e+00
2.900245447348964056e+00
4.218481035585756267e+00
4.710105849735411354e+00
3.712331522434333841e+00
4.102217065340863833e+00
4.650674704293419559e+00
4.261928751800060589e+00
3.350122679772238321e+00
3.693932180620265182e+00
4.226505658072134075e+00
4.838653029979543163e+00
4.013385543671446953e+00
2.639967103129173154e+00
4.341100711576562965e+00
4.777878109139071405e+00
3.273180941954213719e+00
4.754719591410530910e+00
4.359559817719904196e+00
2.174129455353023044e+00
3.232072201161393821e+00
4.022680629792939833e+00
3.087911490527431635e+00
4.438364461345385870e+00
4.224340364309179918e+00
4.503913691531661101e+00
4.116972470020448860e+00
4.942406218923873773e+00
3.048388049454734627e+00
3.072746188668808109e+00
2.960630277373942132e+00
3.849991438270641275e+00
4.245773060480622085e+00
3.634051478992617934e+00
2.775120268604549523e+00
4.702273288740530077e+00
4.244566351260298021e+00
3.832382596433844046e+00
3.334659030828031945e+00
3.923042522284837741e+00
4.092606231320430332e+00
4.452902400914870995e+00
4.687836248726047650e+00
4.628608645627383389e+00
4.343316867705741657e+00
3.353659887207018020e+00
4.871755018922042879e+00
3.985103887543122614e+00
4.735882533830068297e+00
3.222652877665442617e+00
4.404095057069929986e+00
4.301701125199813625e+00
4.210614740487576668e+00
3.054605525367279473e+00
3.979209792459281303e+00
3.782592362934833030e+00
3.797682286785887928e+00
4.616925052323407996e+00
4.850703589983411668e+00
4.125532623696016365e+00
3.728931245469254474e+00
3.204205679675065532e+00
4.808135393264142188e+00
3.958081574442996686e+00
4.644923084404120495e+00
3.958644153926422771e+00
3.709231242378944415e+00
4.079059314323660423e+00
3.820391185659978817e+00
3.933394972104790721e+00
2.548929817559665967e+00
1.962742178093874967e+00
3.773697058396432436e+00
4.284802234472859794e+00
4.924145627596559827e+00
3.828368375000751112e+00
4.623946057642680962e+00
4.864654432775449067e+00
4.601529686829257670e+00
3.176472810059809415e+00
4.370687332346201437e+00
1.383410408986911255e+00
2.652915485479048208e+00
4.712188377364635805e+00
2.911127159173646728e+00
3.816073878275260345e+00
2.771672206217179024e+00
2.480418066389405318e+00
3.388358456359080506e+00
2.543077393066735858e+00
4.066283779581073787e+00
3.295637644491891116e+00
4.226661956329535563e+00
4.666546411127835192e+00
2.986547787429365108e+00
4.602676447234346213e+00
2.869563471103881991e+00
3.443745051359786036e+00
4.389386561021837885e+00
3.503746617719928125e+00
2.801788804988239345e+00
3.027168643117811975e+00
2.106222660657064427e+00
3.994906229622770866e+00
2.623159412267709545e+00
3.899285045807352468e+00
2.760824369422933966e+00
2.242457303136915492e+00
3.890593386191268266e+00
3.988205023143029493e+00
3.426823384277702722e+00
4.503750531225970910e+00
3.992123867631754752e+00
3.615179185151603303e+00
4.171346774674815627e+00
4.324582640536423384e+00
2.984184731204579499e+00
4.001269859241204152e+00
4.311489796270437047e+00
3.014706508515200500e+00
4.870162361160677023e+00
3.892788530082416543e+00
4.914489394724450122e+00
4.851087008577673387e+00
4.438364461345385870e+00
4.672499142460441846e+00
1.953736629610625553e+00
4.701706062075770021e+00
4.876765408376375177e+00
1.497354202221598207e+00
4.380081275445586897e+00
4.838582415494733446e+00
3.576765515981595200e+00
3.789316977471557824e+00
3.347834390646855063e+00
3.045119191072045428e+00
4.800255430641652055e+00
3.105077849241937304e+00
3.179887123811798944e+00
2.063366385261829805e+00
3.562725770339750131e+00
4.040955176829983841e+00
3.523498998695347328e+00
3.919933988361951283e+00
4.421899346821084542e+00
4.559187411746395746e+00
4.042455367906122810e+00
3.150744288641229129e+00
4.281823223728307148e+00
3.740639667251130174e+00
4.921406927505467266e+00
2.967385148876602319e+00
3.315199664788495149e+00
2.953987712905219887e+00
2.531381254532633296e+00
2.392159825600376877e+00
3.561064110758029422e+00
3.665467906490058603e+00
3.979950446554007204e+00
2.801788804988239345e+00
4.655757273178814160e+00
4.191469108491823192e+00
3.701517250742588416e+00
3.690599177824162247e+00
3.114936052582090831e+00
4.832770024640922202e+00
3.266332825883036861e+00
3.409560156176595136e+00
4.223433168931243209e+00
4.817683579992821485e+00
4.905893274873445620e+00
4.612473965895781625e+00
4.488339124078225773e+00
4.917527518823393784e+00
3.200215627031287369e+00
3.543041143419661143e+00
2.840124238454473371e+00
4.012169016049323744e+00
3.511820481943608740e+00
2.429857292244323563e+00
1.552084999328074089e+00
4.736507674754053099e+00
4.223088930543220876e+00
2.764019349632475642e+00
3.119807326527016755e+00
3.179241029767533089e+00
3.919500994383490422e+00
3.959127218261460968e+00
4.043573241779640171e+00
2.418701319979192910e+00
4.711017722854129453e+00
4.293586899556044223e+00
4.828415694910992428e+00
4.426799204135387633e+00
3.906313692355124711e+00
3.180979488542529321e+00
3.260326772560465880e+00
3.628012544140554851e+00
3.420813526344427480e+00
4.991111603592037760e+00
4.250298833606877658e+00
4.171613319063755654e+00
2.357465952644764329e+00
4.302949684861276047e+00
3.395476908570400632e+00
3.731058986367469910e+00
4.292488641208239919e+00
4.556014228498002083e+00
3.488003762873434166e+00
3.849166654593633830e+00
4.238713706084743293e+00
2.798101750098588525e+00
4.100525716249371122e+00
3.859015699361336260e+00
4.072092909616809919e+00
4.706135654329665741e+00
2.804434460677601049e+00
3.404794967456213239e+00
4.497020274459790024e+00
4.218813234614416707e+00
4.994534196758391609e+00
4.008349995768893947e+00
4.876353665572651153e+00
4.292329751228961321e+00
2.122497305116324728e+00
4.384646319041255680e+00
4.126534664510886685e+00
4.543188356460620803e+00
4.207046734839858360e+00
3.912639466011123002e+00
4.968728342592345193e+00
3.909228950370168487e+00
4.919176671659919009e+00
4.791790341852546931e+00
3.139336340466676756e+00
3.074932707347231453e+00
4.562703635169455652e+00
3.075582605669865188e+00
4.962074128071642498e+00
2.361689811086502999e+00
4.585565191849816813e+00
3.331873420485462756e+00
3.618083983697421235e+00
4.134167820000705262e+00
3.365594892449039754e+00
4.420150082084644438e+00
4.790828210440084334e+00
4.395729108900741089e+00
4.712188377364635805e+00
1.864716548493123405e+00
4.448926261777469193e+00
1.473904559955812932e+00
2.570713668411698904e+00
3.606042549290598309e+00
3.421274039844123926e+00
3.512964263433528966e+00
4.864654432775449067e+00
4.877909561583307685e+00
4.013385543671446953e+00
2.005982193909029210e+00
4.712188377364635805e+00
4.346553337209413392e+00
3.995184117913853861e+00
2.061138908780086432e+00
3.787885025412388362e+00
4.080573418729354529e+00
4.908657007662364791e+00
2.300322560950257778e+00
3.566656883765293884e+00
4.845618306905677741e+00
4.447714860277772075e+00
4.370619710847345019e+00
3.782681941753966104e+00
4.163241013409423097e+00
4.497020274459790024e+00
1.717870947531128456e+00
4.778763417767866173e+00
4.026820099393790819e+00
4.643454012300743727e+00
4.667958830602094267e+00
4.256643840471866724e+00
4.001269859241204152e+00
3.651405333979796719e+00
4.648046451485258856e+00
4.845618306905677741e+00
4.183809338310466863e+00
3.637094428768767873e+00
3.981142435177548400e+00
3.118055169513118230e+00
2.900862771462058287e+00
4.463051831863150021e+00
4.782375121721190503e+00
4.456459363975048937e+00
2.433549139775721848e+00
2.807048609789553062e+00
4.297733618673259315e+00
3.307126817215600756e+00
3.800749239592003281e+00
3.050518234794082240e+00
4.904690620700698389e+00
3.654241487845260039e+00
4.399930222197423468e+00
3.135308474600403628e+00
3.484245759702417899e+00
3.747180002047002301e+00
4.201141625280116365e+00
3.125447360218843951e+00
3.908889434392198048e+00
4.775075202296529042e+00
4.703512009319810616e+00
4.622585022133800514e+00
4.251409742699568284e+00
2.737375057078091700e+00
3.118698655816848575e+00
3.803037706890457503e+00
4.659739855537203823e+00
2.918551222299768266e+00
4.535803486812950425e+00
4.947793346839898909e+00
2.005982193909029210e+00
3.259235630823048346e+00
3.408308301288130338e+00
4.131312672223297788e+00
4.489900232403456037e+00
4.435330461691722626e+00
4.870754492978337957e+00
4.734783006317051957e+00
4.321439994848612187e+00
4.056675911427956471e+00
4.344542154090018649e+00
4.325200052739270440e+00
3.869181567369976982e+00
1.768179193010945838e+00
3.531818140030667852e+00
4.645118428828057588e+00
4.065607112760931230e+00
4.651276983631952966e+00
3.599886433265505392e+00
2.739032560203502609e+00
4.960005330492960773e+00
4.075981208865176342e+00
3.472820007020358535e+00
2.294862289133904110e+00
3.834507848950638564e+00
4.217366816717529332e+00
3.812281404698054210e+00
3.449110118923007562e+00
4.074839969434363773e+00
3.322754442464952440e+00
2.411699101486034280e+00
2.776339067322727505e+00
4.854987963409258533e+00
3.006224839549305194e+00
1.958899377390857621e+00
4.907187103563782848e+00
4.803344249366971574e+00
2.899222241154213453e+00
4.749415548498324924e+00
3.023559876485468756e+00
4.690003507645043257e+00
4.361358245410716705e+00
3.763250829967081934e+00
3.920886833895906420e+00
3.384241595412055048e+00
3.836894552508015366e+00
3.511490807206087084e+00
4.453659908196146766e+00
2.525972482161091381e+00
4.742681017232643015e+00
4.726134341845643405e+00
3.097019959275510104e+00
4.626360023408957467e+00
4.443284163256155495e+00
4.241926158668673175e+00
4.591023770105787882e+00
4.610450082623271051e+00
4.329556247927190960e+00
4.934126461198141023e+00
3.037300472596335066e+00
2.906346691901203982e+00
4.861828443811047507e+00
2.345317025511637343e+00
3.858876494164306781e+00
4.994612848367819602e+00
3.608640319372571792e+00
4.774452138450699934e+00
3.680496708186166366e+00
3.892216144976150538e+00
3.176220007955683045e+00
4.497910625617242530e+00
4.708852037880380870e+00
3.913070093035063923e+00
3.896612213127821800e+00
4.860998791107377315e+00
4.730082076883217468e+00
1.371903265698716456e+00
4.361358245410716705e+00
2.414134695165869093e+00
4.600774822033460332e+00
4.642051079321428020e+00
3.802903873998177087e+00
4.651018970881279913e+00
4.426558729574804119e+00
4.555139991322675996e+00
4.611951975575227181e+00
4.144894855906034792e+00
4.802207897699059203e+00
4.976216674340816049e+00
3.125267761518291554e+00
2.895348116375807024e+00
4.589536367873208178e+00
2.274625704428701933e+00
2.252706185756255586e+00
4.416377592545847719e+00
2.982716509722731946e+00
3.819435762563231584e+00
3.002044566804413339e+00
4.575416827723934432e+00
4.610090513511578614e+00
4.250298833606877658e+00
4.973616059919446997e+00
2.646181101324969198e+00
4.847743369401410263e+00
4.479957023229771629e+00
3.666966038031194586e+00
2.515754068577685576e+00
4.263624684852953095e+00
4.856791180416654363e+00
2.604453167625511600e+00
4.527960640157178140e+00
4.670569635419640875e+00
3.926409165388416334e+00
3.574053254799660628e+00
4.561646720275712497e+00
2.969705699753757422e+00
4.974440914376138778e+00
4.913528784989821041e+00
4.226505658072134075e+00
4.564649380476842211e+00
3.618083983697421235e+00
3.440705182512479698e+00
4.943885776353927675e+00
4.754873693243987454e+00
4.540030191588628306e+00
4.226999630459788548e+00
3.498267398780939175e+00
2.766066704665907761e+00
3.322754442464952440e+00
4.220104355967103871e+00
2.709591614285267180e+00
4.134678862326169657e+00
4.472737836061646988e+00
4.609750559235021861e+00
4.691108886405131351e+00
4.526151638234216179e+00
3.142101042742915240e+00
3.374837247187237210e+00
4.771021977875416376e+00
4.408238736377660061e+00
3.307433925562961896e+00
4.355508877748901497e+00
4.547262655992753366e+00
3.150144374387650270e+00
4.573714533797404336e+00
1.613130658819193597e+00
4.614170498068891568e+00
4.492857000235754406e+00
4.016353770104351462e+00
4.790145557999599291e+00
2.344741999695437507e+00
4.702914318169121977e+00
3.439225246133785774e+00
4.226940872437974228e+00
4.396248737018973785e+00
3.412394505769730912e+00
4.286270822200208386e+00
4.416069869451918706e+00
4.602676447234346213e+00
4.231231529187990503e+00
3.655041600806540725e+00
4.018117547501659281e+00
4.574118464438124754e+00
4.141383702522837496e+00
3.686267152504346889e+00
4.926103221454392944e+00
3.985348258099075558e+00
4.350217061853079770e+00
3.196849494831587979e+00
4.639065975099649464e+00
3.763577934562989391e+00
4.704569121831726264e+00
1.104399840363803342e+00
4.505165221519236596e+00
4.361358245410716705e+00
3.672283467757456510e+00
3.202381556639107618e+00
4.189604140415764455e+00
4.281823223728307148e+00
2.984669657691092937e+00
4.911656581345064332e+00
3.351755018758828086e+00
4.159092785434241435e+00
3.574053254799660628e+00
4.462747019869371279e+00
3.472935881193656815e+00
3.048361804216989768e+00
4.806732826289711547e+00
4.045944221348568348e+00
4.627176123698563792e+00
3.978388018618826738e+00
4.148209715475814185e+00
4.222279929767661422e+00
4.423082471425334283e+00
4.361358245410716705e+00
3.197825586478979076e+00
4.771919021177948750e+00
4.986662361526556175e+00
2.525972482161091381e+00
2.600224267931987132e+00
3.940987876547644042e+00
4.659831245364181029e+00
2.721701204639957794e+00
4.540962475626493244e+00
4.570823899134158985e+00
3.651558574234501808e+00
2.048500586414073066e+00
2.529911724536173523e+00
4.836153756475066068e+00
3.871794230747672483e+00
4.180444281236767701e+00
3.197825586478979076e+00
4.666554263091486909e+00
3.425426289155603765e+00
3.971347566526417516e+00
2.793592591944269898e+00
3.674515814121953383e+00
4.753776498218414304e+00
4.123235456167296142e+00
4.428513535960005854e+00
2.221822759469159525e+00
4.775860366310990202e+00
4.042143807635022235e+00
4.023058989494194826e+00
4.415519566473799173e+00
4.575055261383590199e+00
4.595951457570228271e+00
4.601038364514921319e+00
4.081825212880531240e+00
3.962980361887531888e+00
2.766159125141508301e+00
4.785079448274133895e+00
3.269510066402323556e+00
4.782351861613804545e+00
2.373642558548454407e+00
4.335923710796077302e+00
4.859481790880731289e+00
4.995185217006722134e+00
4.758508214337545894e+00
4.292049153981712273e+00
3.505982992266162057e+00
4.114943742869629162e+00
4.288004221604559518e+00
4.322993521628237801e+00
4.315276707830204117e+00
4.147301655700768030e+00
2.899707787726619301e+00
4.613654141003544318e+00
3.930979314465560925e+00
4.658202494676761063e+00
3.474273249519730822e+00
4.013385543671446953e+00
4.225506347872326707e+00
4.418984672986630002e+00
2.954712403805443532e+00
2.286794964320029155e+00
4.311836990672284209e+00
4.449547225425178887e+00
3.705694134816091889e+00
4.976216674340816049e+00
4.347746180728012888e+00
4.044690787022072520e+00
2.809399166293879091e+00
4.483652704374902598e+00
4.905893274873445620e+00
4.096010171479592898e+00
4.809613909492444606e+00
4.683486310072273895e+00
3.894212290785463715e+00
4.383124040769034835e+00
3.893129089615363192e+00
4.449552943430970409e+00
3.314564233598170873e+00
3.269510066402323556e+00
3.950864654283716249e+00
4.916570365607213944e+00
4.188504970900704727e+00
4.026820099393790819e+00
4.613654141003544318e+00
4.756038428850554389e+00
3.384744263513391083e+00
3.840868459546455504e+00
4.937170919779945599e+00
3.577851721246174233e+00
2.264890147377574436e+00
3.293276932841291860e+00
4.353918420484829355e+00
4.777281234112444430e+00
3.371370254575199343e+00
4.601740430446998431e+00
2.739864329501985996e+00
4.635201331261017188e+00
3.427720206683074089e+00
4.606315756858857746e+00
3.648931719371581117e+00
4.091084884769243146e+00
3.095248544445832195e+00
2.758247834681498478e+00
4.520018754887015433e+00
2.079603040089097465e+00
3.184021739626543113e+00
3.626655971679596302e+00
4.395392463772001435e+00
4.154864840807434234e+00
4.677408707772879204e+00
4.135291985265228121e+00
3.423060775110041032e+00
3.042781511263858540e+00
3.654241487845260039e+00
4.970573155372865592e+00
4.736901419578567030e+00
4.809351144606358375e+00
4.297417018899960972e+00
4.643177165195979228e+00
4.776447328856056274e+00
4.665381771706552883e+00
2.964936376792300265e+00
3.252949224760453451e+00
1.959869461725197937e+00
4.365174728851178187e+00
4.377908444391004572e+00
4.748789281536965667e+00
4.398631678709258530e+00
4.238713706084743293e+00
3.721492429130385915e+00
2.737080662393965191e+00
4.263624684852953095e+00
3.545895361080885877e+00
4.444102016324912974e+00
4.377367252879527548e+00
4.762097598495474315e+00
4.788710939155334856e+00
4.481824671450952202e+00
4.793607117518194016e+00
4.164964524371868038e+00
3.524103670712104730e+00
3.593883916590169036e+00
4.117987867396029955e+00
4.896993397870844866e+00
3.736676947997930043e+00
4.544009168385896302e+00
4.427181919865993187e+00
3.790680054791577991e+00
2.906054229714053694e+00
3.992817481383848399e+00
4.703263115251527182e+00
3.429796606197275999e+00
4.794493350191336489e+00
4.052535508378494633e+00
4.626570342631524113e+00
4.568955673732652656e+00
4.096997343586136431e+00
4.275564900367986532e+00
3.905421788983260090e+00
3.488999795346205079e+00
4.912655463893029761e+00
4.526894232346891478e+00
2.186514359246049644e+00
4.268792541212092395e+00
2.394682505980186615e+00
3.179314463343832831e+00
4.422229218875910917e+00
4.390365273836118298e+00
3.498283815717804668e+00
3.694847735980290260e+00
4.586591868679694706e+00
4.749415548498324924e+00
2.961079673004245905e+00
3.009707543193872681e+00
2.865893049117915758e+00
4.665573352930977080e+00
4.915169892382485806e+00
3.763229589671809538e+00
3.849991438270641275e+00
3.285114682200431790e+00
4.527913760209788308e+00
4.185486907943688273e+00
3.862820250627507335e+00
4.016173570182275832e+00
4.581826323578633620e+00
3.920886833895906420e+00
3.483244853532568186e+00
3.124981227921431071e+00
4.391708948897210085e+00
3.477546108232103084e+00
4.311007090858001156e+00
4.095356266024793968e+00
4.700637837217126247e+00
3.625033589080262963e+00
3.992085376181250034e+00
3.316659772003922146e+00
3.405114145012535509e+00
4.847694990075592791e+00
3.964510180274157136e+00
4.209758757436246057e+00
4.818383111310526878e+00
4.439211733816806671e+00
2.175793635031141537e+00
3.973568811704963011e+00
4.987175682485244010e+00
4.705640993200415956e+00
3.974964724441201191e+00
4.744421320728609004e+00
3.067202467863709980e+00
4.660384019655312571e+00
4.051702717027787948e+00
