4.424074946176086875e+00
4.533462976537196987e+00
4.930136267350864188e+00
4.321366065171082127e+00
6.704587932370926318e+00
4.935112454723934228e+00
5.297464543738430010e+00
6.316933878374928035e+00
4.073980588977271111e+00
4.134212807853749005e+00
6.688272527139210055e+00
5.871754175236632456e+00
5.875994563703071272e+00
5.661105264881877375e+00
5.150332236822042553e+00
6.176730558492621981e+00
6.573245142586424450e+00
3.834594847688985730e+00
5.828979822978413772e+00
3.730962572780231135e+00
6.594267808755794213e+00
6.227460372732692484e+00
6.543118766152072219e+00
3.392800269147131953e+00
5.901323743251634113e+00
6.522847800238833926e+00
5.214518655192940777e+00
5.655025224022850239e+00
5.756465815483240434e+00
6.717744474841321534e+00
4.697591663543891904e+00
3.085121137647427236e+00
6.522807474729733102e+00
5.984860821810737086e+00
5.109949497575227539e+00
3.079832932874020823e+00
5.576412741323243161e+00
6.159393984665628707e+00
6.541908095426706815e+00
5.472860583608770035e+00
6.053753394466912852e+00
5.096472333445857927e+00
5.845207817548861762e+00
3.158271427492911787e+00
6.456410372381940377e+00
6.054224520953404465e+00
5.182606383545708795e+00
4.257621452475985002e+00
6.774880693920738217e+00
6.255150857423835475e+00
2.685708086242164949e+00
5.184018846038126682e+00
6.355327446326714202e+00
6.579686282542860809e+00
4.709676897992156164e+00
5.758551689285764219e+00
6.236201493852647104e+00
3.681354378412407868e+00
6.362906775972080098e+00
3.211110933915293675e+00
6.693602483515260992e+00
5.147959798203821435e+00
5.096346236489685211e+00
4.544019144632091667e+00
6.341953693938475745e+00
5.629006071302513625e+00
4.872316547796263109e+00
2.765999629435516916e+00
5.182446698063004398e+00
5.236356856276445981e+00
5.249581812278306892e+00
5.398699010498741124e+00
6.452376797550371634e+00
5.663032184490855769e+00
5.233430245088164234e+00
6.225087471253301530e+00
6.333463266635551037e+00
4.816384867765874489e+00
5.661105264881877375e+00
5.922463082762164710e+00
3.653272275997810237e+00
4.095091276965058924e+00
5.677933298334123968e+00
5.910620252582512002e+00
5.943197423518468803e+00
2.057295153925259523e+00
5.652040939646864715e+00
6.292641889888187734e+00
6.433654091781278339e+00
5.449615830504187741e+00
3.369657562634588821e+00
2.857876503754832598e+00
6.429349667196323281e+00
6.523564208596149605e+00
6.217806288597951259e+00
6.566269668796592462e+00
5.890637945551007171e+00
6.762282419967209357e+00
2.829990814260949783e+00
5.778940350316789321e+00
4.545915257353668082e+00
4.762703780521603036e+00
4.795032886797748972e+00
5.324728001481487283e+00
3.155424496451486593e+00
6.614040467715667226e+00
6.099107371577379588e+00
5.327380844919462177e+00
4.569585998827428774e+00
5.117971005888980685e+00
3.125171200499276658e+00
5.781583310306988466e+00
6.720326520797619274e+00
6.588967360763493986e+00
4.676162402822178876e+00
5.043433672763660169e+00
4.424067142417694498e+00
5.369719935213697504e+00
5.395189736399780500e+00
6.426762872629172563e+00
4.226748615856696922e+00
5.557700403900640573e+00
5.318024654087738945e+00
5.882838866210435391e+00
5.640178162209501522e+00
6.300209532274443802e+00
4.655116880606823493e+00
3.732351101608249788e+00
4.306314431545374966e+00
5.199192463760348382e+00
6.356963461217332245e+00
4.937867933587378744e+00
5.690563345775469628e+00
6.435705394765258269e+00
6.606728890847140434e+00
5.013273473891015186e+00
3.705812014286183231e+00
6.697857788981871785e+00
6.778080073884044765e+00
4.631567037871227477e+00
4.668734694802188834e+00
4.095091276965058924e+00
6.384220542369845930e+00
4.473563544505053002e+00
3.413352357597611242e+00
3.491909838760836937e+00
5.817975305098046945e+00
5.858166543906279777e+00
3.833652378964529372e+00
6.711729857417641831e+00
4.813582858074650694e+00
4.531765641783631615e+00
5.110062702995415762e+00
3.798157609201866958e+00
5.349495189671166884e+00
3.757606390369007787e+00
5.764686176148686947e+00
5.418678230690457731e+00
5.854879217299358451e+00
4.282601277994225519e+00
5.844623928310562988e+00
6.804587595933920596e+00
6.508764613061565285e+00
5.700074639918013553e+00
5.864609040851824773e+00
6.743075621307207612e+00
3.232422962765200580e+00
5.291684280438667898e+00
6.796221823491228164e+00
5.562613003518377397e+00
6.338846193238937055e+00
4.100239477791761900e+00
5.935094027952859008e+00
5.369146316554284759e+00
2.313874178992666675e+00
3.171646072998726140e+00
5.257747919606327258e+00
6.497188434317892280e+00
6.300665819301827675e+00
6.081586167577667013e+00
5.627276376136243208e+00
2.196215363206415194e+00
3.521858827571635597e+00
5.527252558062750509e+00
4.275892144777055037e+00
5.551200035556247414e+00
6.475887405424018084e+00
6.782950211512177141e+00
6.228326334951895582e+00
6.776976280880432135e+00
6.031053506405459785e+00
5.215887093767275218e+00
5.813770597105086146e+00
6.294805213990406934e+00
3.241061290878346046e+00
4.389909441113459820e+00
5.407617018621600380e+00
5.717964789990113594e+00
5.745517687206680435e+00
5.782641948259154674e+00
4.709078596534400418e+00
5.607156721151477008e+00
5.463648610949483064e+00
6.684839028258950933e+00
4.901484411093057325e+00
6.198383281563835112e+00
5.024148830944095145e+00
5.371363075560600109e+00
6.122656633770652945e+00
3.765247039383718963e+00
5.207215878646739959e+00
3.492609992700955068e+00
6.045274293576956559e+00
6.135801784896370847e+00
4.889144539080970908e+00
5.609108841499327980e+00
3.041493337186315760e+00
4.752365230709131083e+00
6.148717039422568753e+00
4.658485702890861724e+00
5.309864541249339709e+00
4.324875301871042410e+00
6.577017384926490351e+00
5.716770646844246961e+00
6.667545011768745589e+00
4.577950707490940019e+00
5.320264747302661412e+00
4.375391515476974469e+00
6.619406270038844298e+00
6.342958261763776306e+00
5.560225159116134463e+00
6.804171022660471024e+00
2.361180015191623127e+00
6.372391888363413415e+00
4.591631107777423004e+00
5.639194189367919385e+00
3.227696793136236586e+00
5.219037090636591714e+00
4.776435854800993752e+00
5.648086570001160212e+00
5.935094027952859008e+00
4.551257267388169936e+00
6.577017384926490351e+00
3.908968175635531228e+00
6.229348437814869577e+00
5.281938709749875116e+00
5.457737781333967142e+00
5.739526244596391713e+00
3.334062382914676270e+00
5.937446242958261955e+00
4.039324451183044395e+00
5.901094594402807481e+00
3.042097470117719471e+00
5.937202810191942959e+00
5.920823965199362604e+00
3.359955275741645764e+00
5.658489829021736028e+00
5.732680460545566348e+00
5.089939294259720803e+00
2.968283582409582344e+00
3.380472919306676260e+00
3.376616486983549770e+00
6.542472652945889422e+00
5.517602908004255013e+00
3.614372950661266071e+00
6.627970948788412642e+00
5.355102533830731204e+00
4.288415958345613177e+00
5.387402033804606916e+00
6.121925828060921226e+00
4.989029449725225440e+00
6.463068490245000852e+00
4.775479712036984736e+00
4.022417042907568074e+00
5.625363890417957258e+00
6.393937591904895079e+00
4.935250133581769560e+00
3.222609309241920350e+00
3.414285964791350381e+00
6.429974675296977082e+00
5.495746248088316577e+00
2.313874178992666675e+00
6.669750120704305729e+00
6.714574543992012146e+00
6.059014080782514355e+00
4.851326399402766221e+00
5.022441238640173111e+00
4.952781861278819697e+00
5.154145520248726520e+00
6.651281307576184965e+00
5.075970412106888041e+00
4.639070708080753391e+00
6.715834815804897495e+00
6.810730983694328167e+00
4.463857169300476713e+00
5.285230296506947312e+00
2.672571653450239726e+00
5.984401896072991889e+00
4.260971294476171067e+00
4.149331508966211501e+00
6.540567198675319993e+00
6.312254155018753643e+00
5.077465213823698420e+00
5.067370969192441343e+00
5.088960325716143096e+00
4.110286013273131367e+00
4.000659606486721032e+00
5.848374363360436590e+00
4.324245644221531570e+00
6.364042933527315427e+00
4.331855041869294709e+00
6.436186434840131199e+00
6.216462335057988398e+00
6.378162821358665191e+00
4.654669577470067487e+00
6.676880931517240825e+00
3.581284275032523112e+00
6.113963365734272237e+00
6.228456748242636287e+00
4.637309150876045116e+00
6.718235446706289693e+00
5.766638559679736709e+00
5.928753164235027739e+00
6.522807474729733102e+00
6.627735104270671584e+00
6.629498873552103433e+00
4.589320906092787311e+00
6.256384527343382906e+00
4.162183461131815143e+00
6.229065919486086678e+00
6.294805213990406934e+00
5.865934778043018660e+00
5.468983515131492723e+00
4.256440369317958883e+00
6.439023905027493555e+00
5.613015240403174566e+00
5.218317953751598459e+00
3.479685156018520686e+00
6.177887292472829195e+00
6.619722227351569011e+00
5.264885184057085610e+00
3.854482367664595177e+00
5.460743313182254255e+00
6.761733695325411020e+00
6.332141274351581473e+00
4.047267898814706832e+00
5.143935689578809978e+00
4.931834651291667981e+00
6.258086490903233212e+00
6.631099584120961232e+00
4.884461576343089639e+00
5.775051437895632134e+00
4.585568412948520134e+00
6.599049220837249763e+00
6.277692446105399782e+00
6.324164838269150657e+00
5.957955448530660725e+00
5.141293049219191502e+00
2.878094656497009129e+00
3.072712942288310600e+00
4.105078785082568515e+00
4.944337935745494406e+00
5.229495515613701961e+00
4.575003708536016234e+00
4.094764061174883452e+00
5.248146542186979069e+00
4.463857169300476713e+00
6.062766986978124883e+00
6.601825130868308911e+00
4.565546802119174075e+00
4.026644054051240929e+00
6.180452852647221995e+00
4.118244476565019241e+00
5.446494049280657279e+00
6.780749743545025687e+00
6.571337908749291579e+00
5.461336572108093534e+00
4.521658072841557185e+00
3.762778646652482628e+00
5.358909636000702470e+00
5.880321180406466119e+00
2.685708086242164949e+00
6.082777749539933332e+00
6.263162415144752693e+00
3.921098679222895456e+00
5.354322639733424261e+00
6.054615055743497898e+00
6.312850079920657720e+00
6.348560973293701615e+00
4.645285382373746330e+00
5.291595728120490172e+00
5.984933408449492731e+00
3.446089976529756349e+00
3.570175358916924502e+00
6.598451640005142949e+00
5.267399650215303097e+00
6.754370472147083859e+00
5.483765518981256193e+00
6.786543944622334124e+00
3.870833063683091879e+00
5.818634102061206903e+00
5.152348363829158728e+00
5.072229390437878571e+00
2.076598137344854322e+00
4.212123678706023000e+00
5.961939519920771424e+00
6.633117883579322971e+00
6.148030361548048717e+00
5.768797453507302109e+00
6.644320142994421197e+00
6.646647908342706579e+00
3.855219495115019601e+00
6.463068490245000852e+00
4.868074188499713628e+00
5.331947185589552163e+00
2.949445754925021479e+00
4.255486147095431271e+00
6.067501530880290872e+00
4.645896123180667026e+00
5.868944982634631380e+00
5.910620252582512002e+00
5.606520685635377532e+00
5.384572242690839339e+00
3.900926054264088449e+00
4.217133072608849176e+00
6.802143876247718879e+00
3.703585806783983081e+00
5.225019865198841096e+00
4.592030047465357256e+00
6.105285402274873263e+00
4.331855041869294709e+00
6.729401682092457371e+00
6.693602483515260992e+00
6.518259931780504779e+00
5.258840923809827039e+00
6.568127649870378448e+00
4.063537612031459467e+00
5.802479920887933851e+00
5.304497548799723461e+00
6.268596684127389906e+00
6.193190888504769731e+00
6.228917366531085520e+00
5.984860821810737086e+00
6.238349086460522663e+00
5.331947185589552163e+00
6.261756840307462824e+00
5.338006083853295891e+00
6.041824672023738962e+00
6.135855011678744475e+00
4.917707185958770211e+00
3.422795044019781407e+00
4.965222919772918075e+00
6.103638253706558103e+00
5.591011010029310668e+00
5.982938943012232613e+00
6.242473419843848959e+00
6.080897651740110987e+00
4.499687723876335532e+00
4.755449720324405938e+00
3.721675939925708221e+00
4.614865090383829305e+00
6.424781813247051332e+00
5.525937569480912970e+00
6.231497726122672276e+00
6.652323486568796795e+00
4.602091667218246585e+00
4.424067142417694498e+00
6.324624583796059518e+00
5.156168036976261249e+00
4.676517975718386566e+00
6.347591912117924728e+00
6.731332891138275265e+00
4.164944250099371637e+00
6.185536138025712560e+00
5.171884042732973974e+00
5.468294652308969717e+00
5.220328947061837255e+00
4.299943439108142584e+00
3.982160068379419382e+00
5.504262270520783318e+00
5.972231286617724066e+00
4.628030644466080368e+00
6.080675598929514258e+00
5.337270795488108455e+00
5.994625195134691609e+00
3.219365484415145584e+00
5.429290290662641461e+00
4.538778380661815604e+00
4.396649239111336982e+00
3.842124750699912994e+00
5.788208790210686239e+00
5.606520685635377532e+00
6.576303777554145746e+00
5.530744515186460930e+00
3.865995705883829459e+00
5.102645968540338473e+00
5.443925261388339543e+00
5.110062702995415762e+00
4.436029855101419450e+00
5.156168036976261249e+00
3.749616137651389458e+00
6.234156267129566942e+00
4.956071481975049764e+00
3.241061290878346046e+00
5.355657931189720777e+00
5.004805596556327174e+00
6.694349609898737619e+00
6.810226574465147564e+00
3.545174367397242676e+00
6.693968866847347599e+00
4.934860268011758144e+00
6.613512529215028302e+00
4.801950738184197043e+00
3.420219458588071415e+00
6.407951926107341656e+00
4.246461009431497402e+00
2.251654374855162288e+00
4.447281577346772430e+00
5.355337301585325172e+00
5.978500047416694052e+00
6.615570666554969392e+00
4.951774448694634678e+00
4.565271491670317872e+00
6.006242029546561056e+00
4.554679289879852710e+00
6.541973664435202451e+00
4.930687740553423737e+00
6.343575660221878465e+00
4.321366065171082127e+00
5.013273473891015186e+00
3.057457132169058678e+00
4.436821226784399386e+00
4.473563544505053002e+00
5.904159843033103705e+00
5.036173526582727433e+00
6.431269703708741403e+00
5.122089225472295837e+00
5.760358041257203965e+00
6.390552317770329616e+00
6.010656591155292716e+00
4.216435177699706216e+00
6.358000043775666299e+00
2.884028031640577971e+00
5.443835612178630434e+00
3.492609992700955068e+00
6.574424113468158026e+00
4.860867312503502013e+00
5.766465321436037961e+00
5.434740226538087526e+00
4.137632950715285141e+00
5.747654515507329087e+00
4.086346875916914811e+00
6.420073186272730936e+00
5.804152124677847802e+00
6.355116490726961054e+00
5.304354398598714049e+00
5.863014646653297746e+00
2.195208769135529980e+00
6.479316475142280929e+00
6.222710971505231115e+00
6.805685604879214701e+00
6.518623040434402327e+00
5.604762575264397917e+00
5.192169969934103513e+00
5.231042576013352985e+00
5.727632243943947543e+00
5.094697056455565587e+00
5.969649551437892221e+00
5.846459927935525158e+00
5.977286124633567788e+00
3.684149668318084103e+00
5.374904215156503184e+00
4.676772830366837219e+00
5.965542386751747195e+00
5.495912816771753917e+00
4.496901762482561793e+00
6.792237305669260650e+00
6.432922500465916293e+00
4.991024860487164538e+00
3.940940958084208301e+00
3.608309672254637057e+00
6.261969135253504071e+00
6.617482813297153044e+00
4.515392179900720393e+00
5.699414351772237097e+00
5.152653102949313890e+00
6.227391040570652514e+00
5.014730747923148435e+00
6.805458577536457554e+00
6.234659900132887955e+00
6.406976710721179025e+00
6.735943492631919938e+00
5.072229390437878571e+00
6.705269046590112580e+00
6.253013230466978101e+00
2.717094257135475921e+00
4.104636725843895384e+00
4.123911398490547775e+00
4.306362603188103932e+00
5.806037788232676355e+00
6.655032083341742677e+00
6.732657302731959170e+00
5.140471404153188928e+00
5.277420858478802046e+00
5.699593887222913935e+00
5.156168036976261249e+00
2.920824277217851428e+00
6.096655162806110084e+00
6.572211486456361662e+00
5.411146502464413643e+00
6.422882077244752352e+00
6.569155716247207621e+00
6.249445484047033261e+00
6.485531913962622852e+00
4.537117423079480183e+00
4.870635202214978143e+00
4.948073431357954632e+00
3.515732366498735662e+00
5.015889755441795828e+00
6.435927100821166036e+00
4.524833686246820363e+00
4.499211989452049920e+00
2.584693065819752444e+00
5.203302301685204689e+00
4.912489498094846141e+00
5.827025556608993462e+00
5.276120281572541870e+00
6.230301359334927014e+00
4.511512835078165473e+00
4.219916593233451252e+00
2.879447666811499662e+00
3.239340738539203013e+00
5.524191840056266400e+00
4.832769822435147411e+00
5.998512210320927629e+00
3.732351101608249788e+00
6.434863623129559507e+00
4.826483730441347042e+00
2.920824277217851428e+00
6.285246428962323328e+00
5.374566683204914597e+00
6.801840574640562131e+00
5.523947825364142972e+00
4.184831240148378484e+00
6.119811378002176561e+00
5.911312471711523742e+00
6.018461010719745374e+00
6.516533603669782515e+00
6.048855413603364539e+00
5.795542724365353671e+00
5.670080189571354623e+00
4.377417170253549372e+00
5.112997828729867855e+00
3.440721591996444673e+00
5.524191840056266400e+00
3.436851651045029321e+00
6.635208801990708949e+00
5.830991158800580720e+00
4.271802552375241646e+00
5.946603025307610757e+00
5.511290408268510355e+00
6.053619949062611028e+00
2.857738844244231746e+00
5.392428447221902843e+00
3.835088596572182151e+00
5.224620610885567729e+00
6.154738279450589822e+00
4.487242429656892462e+00
6.468193697265844477e+00
2.954980875111544947e+00
5.669004973197847796e+00
5.181604235464972064e+00
6.419336823558407623e+00
4.147468074410305405e+00
4.789998913964032212e+00
4.966639059263443734e+00
5.002254899465908622e+00
6.350993402547046252e+00
4.583972722857946103e+00
6.397790612757576767e+00
5.051383155078434939e+00
5.972771799377757596e+00
3.392800269147131953e+00
5.108209394954583260e+00
6.548869725369973693e+00
5.219102235516799304e+00
5.339210470020873345e+00
4.575930694576691771e+00
4.737209479004095947e+00
5.401338521840695073e+00
5.984933408449492731e+00
6.568069781165555732e+00
6.303189424592699375e+00
4.903706612765685868e+00
4.230050976673076057e+00
4.451651100770368075e+00
6.635054659003686517e+00
6.308732942417067058e+00
2.824454483708910502e+00
4.554860248513329601e+00
5.600903528018324806e+00
6.098087103651473662e+00
5.768673424490683210e+00
4.387434638863410896e+00
6.049775269177056991e+00
3.667429226698399880e+00
6.110567649726357686e+00
6.260444254025391508e+00
4.650179661851166379e+00
5.006601382762810637e+00
5.509356692147861168e+00
4.816280270048301837e+00
5.722932819291269624e+00
4.812069638618741152e+00
6.073037333104197799e+00
5.293219162844613024e+00
4.588207988756288991e+00
6.196348966066283381e+00
5.126590231005566878e+00
5.147646550185283054e+00
6.200950518844423165e+00
6.680284478845303298e+00
4.081408964428955954e+00
5.838802437707772519e+00
2.963778423807179596e+00
4.589320906092787311e+00
5.407617018621600380e+00
5.907526705338914219e+00
4.477012495322635566e+00
4.468188695117991216e+00
6.406976710721179025e+00
6.608454456275640432e+00
5.688242993385681956e+00
4.790922087448270972e+00
6.728863766424005632e+00
3.544778835149182239e+00
4.807445636910453679e+00
5.819110410101182573e+00
5.876428716806922026e+00
5.239151792070758873e+00
6.406976710721179025e+00
6.615171324947435316e+00
5.899502074201376622e+00
4.738111154370113987e+00
6.159051878377473699e+00
4.295504714889839981e+00
5.211868903810671583e+00
6.016870995293452928e+00
3.997026308618971679e+00
5.464020461563862341e+00
5.346487832435661502e+00
5.610509978351121418e+00
5.836595985905263184e+00
5.809961949435940909e+00
6.630184130359102923e+00
6.054224520953404465e+00
6.406128646567305296e+00
4.236153483348748416e+00
5.790641121298510718e+00
6.723460868880501096e+00
6.608086152031594551e+00
4.845919011563236900e+00
6.155941903547577532e+00
4.755221723474893913e+00
6.779104770978242378e+00
6.614861047381863202e+00
5.342590986977699963e+00
5.221927861439616514e+00
6.423659439938561810e+00
3.080655606979322503e+00
4.528187378831144194e+00
3.699716159309081043e+00
3.921754923575138552e+00
6.495261932317714759e+00
5.285399108085102604e+00
5.571330290854213274e+00
5.497417247959709208e+00
5.978335385555285875e+00
4.160723102765250481e+00
5.860931160865051837e+00
4.329065484188314272e+00
5.442663450023148108e+00
6.728306363533127943e+00
5.725589205318749819e+00
4.708014645757485184e+00
3.883766559737057644e+00
6.010656591155292716e+00
5.952089530141532414e+00
3.057629773673857354e+00
5.828979822978413772e+00
6.798261773693258014e+00
3.475427427849739903e+00
6.698539224783943702e+00
3.733253101963227572e+00
4.883787954853668900e+00
4.530331342014254581e+00
6.499948046389230960e+00
5.373571650054446813e+00
3.909579006433991033e+00
4.606421381672029192e+00
4.607901079789926690e+00
3.795937123309901740e+00
5.602861929696919319e+00
6.588967360763493986e+00
5.366396479928424057e+00
6.131976639868273793e+00
5.287949761142863636e+00
6.502291495117192177e+00
4.246521826233842667e+00
4.741733240229150326e+00
2.565031067013907151e+00
4.127728078443860582e+00
4.490635181642880447e+00
5.676102307275102454e+00
6.801793843242359472e+00
5.023045178024383439e+00
4.382724935001402145e+00
5.871523686895458560e+00
5.852241218527653999e+00
4.234952862953377917e+00
5.690675612008396556e+00
5.718592919454832391e+00
6.754992689756966762e+00
6.281936486849505563e+00
6.690348292448287104e+00
6.513843100672771058e+00
6.341057006945851171e+00
2.152702171867932890e+00
5.182446698063004398e+00
6.061259178952151494e+00
5.685798428196700449e+00
6.620836298209103354e+00
6.085995586829969994e+00
3.324926045598771474e+00
3.806040048739956827e+00
5.679733427217140473e+00
6.183452574777196453e+00
4.324277123483430962e+00
4.757921703429583538e+00
3.027018474948744764e+00
3.201969001109579160e+00
4.858674142908151694e+00
4.883286512010681868e+00
5.936995438452098206e+00
5.723567842585609355e+00
5.650512426346275596e+00
5.668095941255685055e+00
6.730990868821876028e+00
6.488468534514712616e+00
5.720582840197803165e+00
4.947225980007636359e+00
4.976739802899356135e+00
4.346330956014062608e+00
5.365356068262439493e+00
3.679387713926560277e+00
5.796937607442833595e+00
5.427679520019821346e+00
6.222892644384935501e+00
4.245814326593865040e+00
6.802124597066098843e+00
3.741295005271790153e+00
2.108621793269082723e+00
6.486183623174099466e+00
6.534893423224979792e+00
5.700428621484014968e+00
4.657318535826240335e+00
5.982457660932932519e+00
5.612043661299193076e+00
5.314324134368701102e+00
6.480243237170348003e+00
6.043268094867366713e+00
4.417676366030033996e+00
6.693602483515260992e+00
4.627202541743333342e+00
5.836595985905263184e+00
3.301082986732268854e+00
6.268334539929667493e+00
6.573062603820734040e+00
6.801793843242359472e+00
5.796225624147100852e+00
5.736165943125248745e+00
6.706955431697696923e+00
3.954808877460490368e+00
5.051287879254659607e+00
5.651706466403374485e+00
5.933728101349349693e+00
5.362450757750350405e+00
3.334062382914676270e+00
5.798374824075668066e+00
3.307504820925456279e+00
4.095091276965058924e+00
5.639083998368930040e+00
6.166404996116722437e+00
6.712878243375135057e+00
3.343281873101206614e+00
5.380432965633302089e+00
6.430159094745899750e+00
6.397295665708394807e+00
5.092841826511033787e+00
5.461336853963087101e+00
3.834901659448802569e+00
6.460411200189803971e+00
5.154456154232065934e+00
6.754871103781701080e+00
2.944091619871187060e+00
3.070454872946501990e+00
6.806609158866164577e+00
5.608821478733009513e+00
6.684719090278966824e+00
4.768271564629995574e+00
6.016048603597353939e+00
2.235721977725436904e+00
4.569281708409434373e+00
4.602091667218246585e+00
6.278603882194248698e+00
6.483033906168271798e+00
6.070493699795288300e+00
4.494323333609634652e+00
6.127257032367323220e+00
4.999677916965638680e+00
4.565271491670317872e+00
4.649580761387012373e+00
4.949291132547308791e+00
5.407350593698563301e+00
5.492047825929137872e+00
5.937202810191942959e+00
5.716014629764099020e+00
5.800118946487989646e+00
5.644645352259010984e+00
5.628357090992575529e+00
6.129415786466232419e+00
4.417676366030033996e+00
6.348551897454028925e+00
5.526834540373347870e+00
5.106351571028197256e+00
5.764753938847735348e+00
4.412455914557947168e+00
4.322706183619128950e+00
3.587905577635511101e+00
6.691113655621676592e+00
6.342194151235225341e+00
4.994652178273947030e+00
4.126191859028909725e+00
3.917743231828643147e+00
4.789998913964032212e+00
5.700428621484014968e+00
6.525656107712212162e+00
5.407617018621600380e+00
5.576396327091440952e+00
5.943270719232804034e+00
6.147404530490135244e+00
6.360036308237482672e+00
6.196071304585511363e+00
2.691424083759588637e+00
4.760260692807829486e+00
4.602903352832637296e+00
5.829404866859631440e+00
5.313267110615072397e+00
3.634738109120679184e+00
5.958116030792722562e+00
4.290233267127171679e+00
4.345588107375867537e+00
3.079832932874020823e+00
5.661105264881877375e+00
2.902853570042271958e+00
5.063462563897827451e+00
2.672571653450239726e+00
5.905493909036471756e+00
3.556150600282730778e+00
6.166899042868505987e+00
5.583557721168387999e+00
2.220904943966713230e+00
5.341060829834804125e+00
6.799767487420959711e+00
6.452438115235394456e+00
5.395189736399780500e+00
1.481714613961678140e+00
4.099218272997269708e+00
4.941112893814989526e+00
4.845923950527837754e+00
4.455871078568819144e+00
5.106845133710566920e+00
4.321302043452238451e+00
6.428771955630490531e+00
5.909575249144256581e+00
5.760648320238098030e+00
6.229739009700587360e+00
5.539148269852539386e+00
3.705538926519819753e+00
6.103621115016058418e+00
2.196215363206415194e+00
5.593481413348992071e+00
6.613213972063182844e+00
4.240922023925490336e+00
6.086159929378556654e+00
5.392136962457590776e+00
1.783476851630030557e+00
6.791606591004068605e+00
6.707753213876316956e+00
5.796397366373289728e+00
