1.065225064953694272e-03
7.468714717207591055e-04
9.630391239207203172e-04
1.416166402686570456e-03
5.122169616382191582e-04
9.062820417021419644e-04
6.748418956205891111e-04
2.721448348398561421e-04
6.388918042407111834e-04
2.461882413083391909e-04
4.730782388724455727e-04
1.015390661909814632e-03
6.338713551775464888e-04
7.625012421748137955e-04
3.212678131279765982e-04
1.872165758333773885e-03
4.781203600786711541e-04
4.918507094635916638e-04
2.799839750027394939e-04
7.467519339573437881e-04
5.905536288837961219e-04
1.904087948918463391e-04
1.158819906345019387e-03
7.400944816148793308e-04
8.169129641062678436e-04
4.865521908262031596e-04
1.447197653772912653e-03
1.951227334040511220e-03
6.027498318856661184e-04
1.486651229185970190e-03
7.649004698068649589e-04
5.867898405413498426e-04
1.987318632213611231e-04
3.155815433566906084e-03
8.051011068448610990e-04
9.586545287786922467e-04
2.202811391359298966e-03
1.208399661922427652e-03
8.921671215397005295e-04
2.965921078695835274e-04
1.755976063422404502e-03
3.901111696487815196e-04
5.281451793246625878e-04
9.592451830270707757e-04
4.175282283300924273e-04
1.615808139702116239e-03
5.210194908751481641e-03
6.226031280517122478e-04
1.568752424114526131e-03
5.033857157293194183e-04
4.122696036513054212e-04
5.472602410481147792e-04
9.126352754112421715e-04
6.283275860539247124e-04
6.142454691389758479e-04
6.081261690798025251e-04
7.411416426298091326e-04
1.293550967500714391e-03
8.318180899775785668e-04
9.985932279743200708e-04
5.923818736978488835e-04
2.632926550793301219e-04
5.791516599983137850e-04
7.400517457857456929e-04
7.190869943842838645e-04
3.676597849154186293e-04
2.063400534773695931e-04
1.092614395853810667e-03
4.682414680315210285e-04
1.291903789264458972e-03
1.937956438305833478e-03
3.456945753939573212e-04
5.052403172671975475e-04
1.012064598556361829e-03
9.062820417021419644e-04
6.803000096379812787e-04
3.105113344356169721e-04
3.044203056331870150e-04
7.208617874152569620e-04
1.087548381111621458e-03
1.326169610489787718e-03
4.952083216494884222e-04
1.287900276521348380e-03
8.691763114657006031e-04
1.498003237929903999e-03
3.607993166439180457e-03
1.407805949351050717e-03
8.519899925817296356e-04
3.321788232982037306e-04
8.992195753167182403e-04
6.545836438530540195e-04
2.972594255647118553e-04
5.520545469244945817e-04
6.459787403954685278e-04
2.020959590583317562e-04
1.308405029064946311e-03
1.189759210454481618e-03
1.934348579362482482e-03
7.757693547162424277e-04
8.586278542136321652e-04
3.820826074423703893e-04
7.581150961069110187e-04
8.982753846527701674e-04
6.813399196731286574e-04
2.865926270821717026e-03
4.804849632302426272e-04
1.604901200051074388e-03
7.708775466125348565e-04
8.814982893780609922e-04
4.603518994283627456e-04
2.348522862439376448e-03
2.889097100926786219e-03
1.627645352470582390e-04
5.528685371599111487e-04
3.455571311787501254e-04
3.821456465974174487e-04
5.223569040129977855e-04
2.500558303533593173e-03
5.175226281492272635e-04
2.034165843508212764e-04
8.493963990160218131e-04
1.310615779796799616e-03
1.183960141164162785e-03
4.348606062474416460e-04
1.026509210563937265e-03
1.128654758048749842e-03
9.831761661371926468e-04
1.328472073112876460e-03
9.558421381444264951e-04
3.222097244092048812e-03
9.337838984928169186e-04
7.503995887532135091e-04
9.503898670228845286e-04
2.120748399380841323e-03
1.117208971030849004e-03
2.069883887640661720e-03
1.002315020434574105e-03
7.273480291658189056e-04
3.343413201249578358e-04
1.123135750321496706e-03
6.823704482416686774e-04
3.138262580661352504e-03
7.316123729183614212e-04
2.649229486384382113e-04
3.653696305104119166e-03
2.077778267271597826e-03
6.973858750014876257e-04
4.079420203639142818e-04
7.680353788802848133e-04
2.065123675975610428e-03
4.909967535642021947e-04
6.715977606401534166e-04
4.397415912911308618e-04
2.832000622098069121e-03
3.741048125070100183e-04
8.524340631422350429e-04
5.696233290989514367e-04
8.238955715449069409e-04
1.084094162017121580e-03
6.088977721521272391e-04
9.987047523653000500e-04
9.691500946400941584e-04
5.226570687171902974e-04
2.941184927289544095e-03
1.981319075183281524e-03
6.598479987104112184e-04
4.912439761420801842e-04
5.843394992202078329e-04
7.915274894655546616e-04
5.640240527346830407e-04
9.232460071333007485e-04
1.143684004647907990e-03
9.703621131579008054e-04
3.446145392959913049e-04
1.616369232859281215e-03
3.865116904294437113e-03
4.205837057980422143e-03
4.893153147499029396e-04
6.584540741619008446e-04
1.600548283985851142e-03
6.881874149719579897e-04
9.285957231521745851e-04
2.056891203014601151e-03
6.665269216517916368e-04
4.542679399445465733e-04
4.234864682017827273e-04
4.457651442937075555e-04
9.111934728832393228e-04
2.115764384542391865e-03
5.087507668611919312e-04
2.886448031867536613e-04
6.383988188855955993e-04
3.546536311304311954e-04
5.648674030665978233e-04
2.677854621262104932e-04
6.890568166236224132e-04
1.625564900491935924e-03
5.639643748129900217e-04
1.930528051384803028e-03
6.868453777973239707e-04
1.253330303973439717e-03
1.002300029478955107e-03
8.515582957591128193e-04
5.452709516537531309e-04
3.744900936253821333e-04
4.941145105794063699e-04
1.507249903029507943e-03
8.785223618936969375e-04
1.088612016393968951e-03
6.092518985305224455e-04
1.201019751502288352e-03
5.757800639744424086e-04
4.306707927362982851e-04
1.877215856240320620e-03
2.892562301978317675e-04
1.009831972598450875e-03
3.105113344356169721e-04
1.831375465629009195e-03
7.533636656989684465e-04
5.932248179801114310e-04
4.477853926837714279e-04
5.886146489244345860e-04
9.470182408862830260e-04
9.037364743719777157e-04
4.079420203639142818e-04
1.075383449471413498e-03
4.687850348773377716e-04
1.193594779939771483e-03
1.310775237018844139e-03
2.461939393871001146e-03
2.326990539310444474e-04
4.751731137301989905e-04
2.781226966252837757e-04
3.851292775448238799e-04
6.153789961371895290e-04
5.842392325098316611e-04
1.130437937501950398e-03
6.425552713170332424e-04
5.016454201749692525e-04
4.494160905794520417e-04
1.918280383539261186e-03
4.090097355449591964e-04
4.219400833358635892e-04
8.170968010352081196e-04
4.509583321312100684e-04
8.692350795414054664e-04
3.940743803054754663e-03
1.075673603743714174e-03
8.427150649247670171e-04
2.802719539936702944e-03
1.807133994230898069e-04
3.138262580661352504e-03
3.915719251291477224e-04
1.742692425935021253e-04
1.156612491668729823e-03
3.622971523752693346e-04
3.033111004411018436e-04
8.118319433032569581e-04
4.846423483456202791e-04
2.499755073198887262e-03
4.807519207038485213e-04
8.959483394526786748e-04
1.841025696037314413e-03
1.873825866184543332e-03
5.270652984944926419e-04
6.058922220021896541e-04
1.830819177052129491e-03
3.085190221828610626e-04
3.170721633484722838e-04
1.059346596430210631e-03
9.470182408862830260e-04
9.261316056397194329e-04
2.361419708416045461e-03
3.988082751976705404e-04
2.840545076935882345e-04
1.165568257092097467e-03
3.234193791023784242e-04
7.869226227165048923e-04
1.727002711034229159e-03
6.853766285180298498e-04
1.491312796337677937e-03
8.321553554849742520e-04
8.839455939970860231e-04
8.187546697568943554e-04
6.426146642951557865e-04
3.345195832858385149e-03
8.196260426908776910e-04
2.044253938734785867e-03
1.329074570019277623e-03
3.682057515613825481e-04
5.265289654371458749e-04
5.917092784790486818e-04
7.510774657897689027e-04
9.920755883511761866e-04
7.219977581654108160e-04
1.355176176678692763e-03
4.828985099899464292e-04
5.226570687171902974e-04
5.344810729945639058e-04
5.865425624210718553e-04
1.440856845460869841e-03
2.921497424507835897e-04
6.853713924431966949e-04
5.443892880418364170e-04
1.089341168893505699e-03
8.449107444741312542e-04
6.181503174677102511e-04
4.402750171590811851e-04
3.158004310830627792e-04
1.528280137581753632e-03
1.753157263499835862e-03
1.147972370749475749e-03
8.815381582398377526e-04
3.263489650100988293e-03
2.115392320326355945e-03
8.857549414215422747e-04
1.885318677170103605e-03
6.868453777973239707e-04
9.774223973238510468e-04
1.508746433248655747e-03
8.857420791051598321e-04
8.459508527734978028e-04
9.586545287786922467e-04
1.200756358004437382e-03
9.037364743719777157e-04
8.773209129712801826e-04
6.300605839480159136e-04
8.775228755617840368e-04
5.024367093941059861e-03
3.881116206723351537e-04
3.905150384134301218e-04
7.865548857522308571e-04
7.300144764417655641e-04
4.886543899257727013e-04
7.676161123608008299e-04
1.297118509788668626e-03
2.628752026416747087e-03
1.472368856221579255e-03
2.022352546384087110e-03
1.643596005091997126e-03
5.501013760543349129e-04
6.980607752286025793e-04
2.612476903533907709e-03
3.955782519795278461e-04
9.078145607819792899e-04
8.523207448304822827e-04
1.866181562956640465e-03
5.699955846578443888e-04
4.813988911890806086e-04
6.517415454544966263e-04
4.985502686214340722e-04
1.279663526946131372e-03
3.946008583601243484e-04
1.795711570818426563e-03
1.997004382601428544e-03
6.510726738068850061e-04
4.043419284047569998e-04
8.021666077778122263e-04
3.596804082361538374e-04
8.820573311569500623e-04
3.882977800200721461e-04
2.669609162776833550e-03
1.345937260566936041e-03
4.883035973897820008e-04
7.515013329666818008e-04
1.825829738497672687e-03
8.839790900217781326e-04
2.054389982724736437e-03
3.731853432728763232e-04
9.455411635492361579e-04
9.739025020904139643e-04
2.689175853180622209e-04
3.769228998147083551e-03
1.457516509827317579e-03
3.533711868893519236e-04
6.113998154453241041e-04
2.387693208494577266e-03
1.198582760679284005e-03
3.638865811901038612e-04
6.984884562537877189e-04
1.932167359615465270e-03
8.315603690322969765e-04
2.505895825927265553e-03
7.036279358533598311e-04
1.475671703093280008e-03
3.803382513822272390e-04
5.910285379586928444e-04
1.029116313294102742e-03
4.100334515031284189e-04
7.643259428794169563e-04
9.463697558767370345e-04
1.145175246874255643e-03
1.313260259793841075e-03
7.518258688370110365e-04
3.979896310617396082e-04
5.877599999740719524e-04
7.205189001970401354e-04
5.403700493736590020e-04
2.291823598064515353e-04
2.137958976129538443e-03
3.140745963916876781e-04
1.830738311980295813e-04
8.672161842566584056e-04
4.037565270020332278e-04
6.926133133218570839e-04
7.727229197984435659e-04
5.223922433661692261e-04
5.902339615040471830e-04
8.709626502208608510e-04
1.167218075483546095e-03
8.247120336716017627e-04
1.216910107524725535e-03
1.628542824933883323e-03
3.516210736336608414e-04
3.546536311304311954e-04
6.916985264023844948e-04
1.210055224960138219e-03
5.409712004881097377e-04
3.587713654746371781e-04
4.865521908262031596e-04
5.186132087825621106e-04
3.082890254357337299e-03
7.822164448502468828e-04
2.969362313310653376e-04
5.327974705179241034e-04
6.914143153450989961e-04
8.005245091273234656e-04
4.915730913773773761e-04
2.609135190748002736e-04
5.760392053300691147e-04
2.252389461368719203e-04
9.656807765312712616e-04
1.310615779796799616e-03
5.580220141065071185e-04
8.849536341587879371e-04
5.821608151468518969e-04
6.571075218598721379e-04
2.374263459402796504e-04
1.012211892534883298e-03
5.312137743509150927e-04
2.389238193182065088e-03
9.307496887332181645e-04
1.147589809431651771e-03
6.894479608336879367e-04
1.086213414783388127e-03
9.448245472282347642e-04
1.501903890414936190e-03
4.722331172428759064e-04
1.212058424072297693e-03
6.828560829170003286e-04
8.473949578599733164e-04
3.136123201888006630e-04
1.777468336372211319e-04
3.308642248941654060e-04
2.987692968519124075e-04
1.130470297439442606e-03
2.085089082884620376e-04
1.096800180376163647e-03
9.709838914401645480e-04
9.097397457800749689e-04
6.843488138862085244e-04
1.832104057566829322e-03
5.218643394296056549e-04
1.189942658642772740e-03
8.650261700806370418e-04
6.130193037531496067e-04
7.567241516020928186e-04
8.377458111672683207e-04
2.983853391121631246e-04
1.140392356702955856e-03
5.186082161059350597e-04
1.056737877459499458e-03
2.206525286964998022e-04
1.253330303973439717e-03
5.022632544351843730e-04
4.534054124595858948e-04
1.778571080564780816e-03
2.136693109414997301e-03
5.950775856284573574e-04
6.270093437518731985e-04
5.284586687162951078e-04
2.353658503940758272e-03
4.163278187857326015e-04
6.121051525030264239e-04
8.419813251698774620e-04
3.959734017764370288e-04
1.611216357476489116e-03
4.120748356893739420e-04
5.042956795342609828e-04
7.423924202729811602e-04
2.389231213910259204e-03
1.919813754985592955e-03
1.281271746464214285e-03
4.035906459625029463e-04
2.621750270478509330e-03
2.975343278721139678e-04
1.191180025136088540e-03
2.843944485747628803e-04
6.046881762584930793e-04
1.736188089507135482e-03
9.686734647270761308e-04
1.830084705802061432e-04
3.408235387499480547e-04
2.361053950163126240e-03
3.987786481801073755e-04
3.525775324507073537e-04
1.169400524400065599e-03
1.173665379308247957e-03
1.162055663274231491e-03
1.345738893740490872e-03
8.345059223959752810e-04
1.197275264848923076e-02
3.063834960800220289e-04
1.008628103211238729e-03
1.005423758642822471e-03
8.765990537502435552e-04
5.267742212957860935e-04
2.881649127370529179e-04
5.808854006607239509e-04
5.356748779164370112e-04
3.831051832762412228e-03
9.263598212451284054e-04
2.752523751994339946e-04
1.029868413603896981e-03
1.396579537693588445e-03
1.130437937501950398e-03
1.448914705653950785e-03
1.828584328335313217e-03
8.901778334796427508e-04
1.221579320675446464e-03
1.994270695262919529e-03
6.401676796551267461e-04
1.892246689603684908e-03
5.991619298869040955e-04
1.284625655325494567e-03
2.950453545751429308e-03
5.183766166554314419e-04
3.703199388084317946e-04
9.579762754020402886e-04
1.292041928591924557e-03
3.487048110588025036e-04
3.096869955161644472e-04
3.963889206592094189e-04
2.359942784529067326e-04
1.751350845026643319e-03
1.393847008765228051e-03
3.199087379364502141e-04
7.139380413971490626e-04
5.650549562175919251e-04
6.558997350613032101e-04
6.853713924431966949e-04
9.210534538884032271e-04
1.313260259793841075e-03
6.285958122206843947e-04
1.536983026714854083e-03
9.651135282754138385e-04
6.899382810093735059e-04
2.454344179788478715e-04
1.411219645369333510e-03
1.112465738211774243e-03
2.972594255647118553e-04
5.013773289420941654e-04
6.426146642951557865e-04
8.618781662413348837e-04
3.759268663736048074e-04
2.688973619669204505e-04
4.001455310165239637e-04
9.351010634772031257e-04
1.656003318171288220e-03
9.832434885597100133e-04
3.629789392999997798e-04
5.388172221552636146e-04
9.148957732834496308e-04
1.321577993314478408e-03
6.604704536442699593e-04
2.533398031322007670e-04
3.033503200317569826e-04
2.118890047649384014e-03
9.881626087586551418e-04
1.488998958633014173e-03
1.538429060010654660e-03
4.355161097227975208e-04
5.397026768399448534e-04
1.001814742750562186e-03
1.267379192876924620e-03
4.718325610694783039e-04
1.174042301929398725e-03
7.699854117552063469e-03
3.619940596065950272e-04
1.203925097094927154e-03
5.131221401256429388e-04
7.654720406691037241e-04
8.225448324192316659e-04
6.061593903087208850e-04
8.486929405886947794e-04
5.831552128294659881e-04
1.795711570818426563e-03
7.209674253536538669e-04
3.916514941646700890e-04
1.497445965399363992e-03
1.685884507073285394e-03
6.776524350803973243e-04
6.726431544541104212e-04
4.077054832853868431e-03
1.289906448671640157e-03
4.269607999445643024e-04
1.491171745065082450e-03
8.140835816248826471e-04
5.952917428399950991e-04
4.367952050511110409e-04
5.816199887773140570e-04
3.074610117433728296e-03
1.208931082355949429e-03
1.220921796543149827e-03
7.069279081261775448e-04
5.682513523470481085e-04
1.099026420941436348e-03
1.982654038034244517e-03
1.371184747697592327e-03
5.025108495070780296e-04
5.538088374648561345e-03
1.874476287443229078e-03
3.980019675276992748e-04
3.952721116787341377e-04
1.983772432845588331e-03
9.089884599577103793e-04
7.166065407076521038e-04
5.760681393278723741e-04
8.518848373580992185e-04
4.955008290510054276e-04
5.759425989434737792e-04
2.844897055712361251e-03
9.315862725019178215e-04
1.420713857425455386e-03
1.412528298332964369e-03
5.647028111594629921e-04
5.073810180499145357e-04
1.134981846208825852e-03
8.309759965271119875e-04
6.995873981498349284e-04
1.339176375232815604e-03
7.756768080444148995e-04
4.992159559313157774e-04
3.098615134709588196e-04
4.476122321201274367e-04
7.337515167076726769e-04
1.039963804194132379e-03
5.763255588589590375e-04
6.082141384677571590e-04
2.211633320564787184e-04
4.847124676932890890e-04
1.713238079110593684e-04
2.597075249126935565e-03
5.812143642015642339e-04
6.175068726939228567e-04
2.808138230272580905e-04
5.766696890549148288e-04
1.039971237641722918e-03
4.508173564667447434e-04
1.545857085534081210e-03
3.676493016663523287e-04
1.174378527297512955e-03
9.703621131579008054e-04
1.095345961913636156e-03
1.272849558867583447e-03
4.076496104132006169e-04
9.465620996171027288e-04
8.569264304137545925e-04
2.183941346093126658e-04
7.494176600630019208e-04
9.770236201630010716e-04
1.549776752700994086e-03
1.044575418714963370e-03
2.123198596070321326e-03
9.685914764880372693e-04
5.229678435798664924e-04
1.762200732007810711e-03
6.496655853356258972e-04
5.885069282749485868e-04
7.060874049615606949e-04
2.535622660527948706e-03
4.167907818302801488e-04
1.067124413971312115e-03
3.487907967561567377e-04
1.683474869475694909e-03
7.542688557441668213e-04
6.976849912709963408e-04
9.978068235214916214e-04
7.767557871479605948e-04
6.692517935000283184e-04
5.002020177803170875e-04
1.179843929804761261e-03
3.941652532568401730e-04
5.582933366964739404e-04
8.806536991860417591e-04
6.201193876001521998e-04
2.551933566765821060e-03
2.099426855355684875e-03
2.990824505101475185e-04
1.703743220934880384e-03
3.721702414621464567e-04
3.225521535371523229e-04
7.195942530559263067e-04
1.722573193816477220e-03
7.583337565345634346e-04
6.191466478787066271e-04
4.023101022044579659e-04
9.689985231442717123e-04
5.154702401109907380e-04
8.589974766531476317e-04
2.845988866153027156e-04
4.767278242058713904e-04
6.787778961580928118e-04
2.039113227552053105e-03
1.397089744485943827e-03
3.110109782799990743e-04
1.271773034601228914e-03
5.057416397036753209e-04
2.621750270478509330e-03
2.524728686739451718e-03
5.713599133851495404e-04
3.658875353637929071e-03
8.189305206953477814e-04
6.124687462635854509e-04
4.713224549221462162e-04
3.832124793232765617e-04
2.792126909684765367e-04
2.676200346590688439e-04
6.097635406636431245e-04
1.094371767822324834e-03
8.957464250770050609e-04
1.911963717308576066e-03
3.716251197223935051e-04
7.096684247270652543e-04
5.452631125131021748e-04
3.807396678422884061e-03
3.328301634840467611e-03
9.691127264749951247e-04
4.720728830269215782e-04
1.708299625530628960e-03
7.397455593520477386e-04
3.830737364995886888e-04
4.233652121565442141e-04
1.057513435366490414e-03
8.415394613855717645e-04
5.248810026994282915e-04
1.656003318171288220e-03
1.606089627771895663e-03
6.812502745874114002e-04
4.698324608767539667e-04
9.192176908943726962e-04
1.620141845570308940e-03
6.191466478787066271e-04
7.052899936009960789e-04
1.304192112305996342e-03
8.706959296586289391e-04
3.528984113066837344e-04
1.546254090524273785e-03
5.495999722449448248e-04
3.965872061427024118e-04
9.842069231582627805e-04
1.773242694114578275e-03
2.124569505568820404e-04
1.410127441657938472e-03
3.663631263447001936e-04
3.215425745251534366e-04
1.803638568357470015e-03
1.345260828545164584e-03
6.514088198660195408e-03
6.847563883989919113e-04
2.886448031867536613e-04
2.692380787557946777e-04
1.945652222947692181e-03
7.835684148176795582e-04
5.647883638307463336e-04
1.208399661922427652e-03
8.909074641246517157e-04
7.216048680015182482e-04
7.382804422262093319e-04
3.027228578174755332e-03
8.389349344248368248e-04
9.366626073411095854e-04
9.108610245167738165e-04
3.538508606293971838e-04
1.354288529269622636e-03
4.269430976920031906e-04
9.772686015529646626e-04
1.866316524665310788e-03
2.333966629539983330e-03
5.360357803637740611e-04
9.726371858091181375e-04
7.255573037769661934e-04
6.854731877871025197e-04
4.483839321553716693e-04
1.024678679380528401e-03
4.090888430885702542e-04
4.872636765399315935e-04
1.570937663259756910e-03
1.082292993362918938e-03
6.560085685467289271e-04
6.090358405085529066e-04
7.519101688093377672e-04
2.964777249702763170e-04
2.453242782040109871e-04
5.691772817354784006e-04
8.964208328768413737e-04
4.520877684768330007e-04
7.295293250826226329e-04
1.407904983221361286e-03
1.095820311880824939e-03
9.939314154215094562e-04
7.195942530559263067e-04
4.364696606828586669e-04
6.586450843457925235e-04
8.156800287634893626e-04
4.247850507472868587e-04
8.023103827529789230e-04
1.156138693550157106e-03
3.427420761668386706e-04
3.600264948526070777e-04
2.513661349422152171e-04
1.056509008013146317e-03
4.050283637281571164e-04
3.428070617455545644e-04
2.207378889345324672e-03
6.275665795883397530e-04
8.309759965271119875e-04
1.266016494853275777e-03
2.747691869249967601e-03
1.786188095667102030e-03
1.020841481435615962e-03
4.886106145387945259e-04
9.656807765312712616e-04
1.569760618478749457e-03
1.402676116629787695e-03
2.952652883078315063e-04
1.065279713579290414e-03
1.215117464807812832e-03
6.279249545375833888e-04
9.692425156493726353e-04
3.063834960800220289e-04
4.882449477839498841e-04
5.533014003114996270e-04
9.196615169115387491e-04
8.409675991768056922e-04
3.367623213026493074e-04
3.015697523425734522e-04
4.528342162360312999e-04
2.334728057921151110e-04
3.525199456162518910e-03
3.882977800200721461e-04
6.011728309569802772e-04
4.015593792036190350e-04
9.829437166563113459e-04
1.000195267638610656e-03
4.983251036961656782e-04
3.480644738443351358e-03
7.322377114472654151e-04
1.904925384833039317e-04
8.553496854182074741e-04
6.923972868761392495e-04
5.762642718918368958e-04
4.089844489651335568e-04
9.614720824371648412e-04
3.328301634840467611e-03
7.074521378077259668e-04
1.376555106252490539e-03
9.963964478447019484e-04
2.007165879052929831e-03
6.373141186455000447e-04
1.440856845460869841e-03
1.073599975112353661e-03
5.397026768399448534e-04
5.791116433779386992e-04
1.087325699230740897e-03
1.729764684535458220e-03
1.831160285062390656e-03
2.438960675272687593e-03
3.879717887551551326e-04
5.301110802864445869e-04
4.745002703866471410e-04
4.129043565287156920e-04
1.316143831945279247e-03
8.625326172514794767e-04
5.522213811115755499e-04
4.291906292627189470e-04
8.091667636896987710e-04
9.971525560822575626e-04
3.165272734859440017e-04
7.795165743248202951e-04
5.905536288837961219e-04
4.985502686214340722e-04
4.943868109314449120e-04
1.806146576056168272e-03
8.906787347449039152e-04
9.645360284470280406e-04
1.166722742586534392e-03
3.479039386657484202e-04
2.028665041033916525e-03
1.349907946727093438e-03
1.736356875627627578e-03
2.096523323317374485e-03
5.848288948766938158e-04
1.995110733286447648e-03
7.277151864384779180e-04
6.082141384677571590e-04
9.351010634772031257e-04
6.041444267424958678e-04
4.889567109963273775e-04
1.186239852669727099e-03
1.041009597963007526e-03
9.072685566473615883e-04
5.238180824719589545e-04
8.093584318288195951e-04
3.865116904294437113e-03
1.028339798426817359e-03
3.911134086679904603e-04
1.303880772607601910e-03
7.464663264698548307e-04
8.451882167093973611e-04
1.040486621227799859e-03
3.444420094487440128e-04
3.197737158242996047e-04
8.466284164262665021e-04
9.829437166563113459e-04
9.956141493951146861e-04
7.506687137036971783e-04
6.297647237868842646e-04
6.712112475350087747e-04
9.788498617605055716e-04
6.007790377880321050e-04
7.312791712749536818e-04
7.876414629105583584e-04
5.822059018035354114e-04
2.149071153348391505e-03
4.824161636960673863e-04
1.402958797253331218e-03
2.283315757320542819e-03
4.280802369212621849e-04
5.214409318229762781e-04
5.915389724474838257e-04
7.271950391299739254e-04
5.327974705179241034e-04
6.748797326250977145e-04
5.913574359005612348e-04
5.585987101903589890e-04
1.462105681545615302e-03
3.068979421684844919e-03
8.778842393079791398e-04
7.006959353586217050e-04
4.400086140568208867e-04
7.732881400283648935e-04
5.586023142144720980e-04
1.093063031490588369e-03
6.637978283343537326e-04
1.897948076638132251e-03
1.680492552553187677e-03
5.211374065800810935e-04
1.741219601909722381e-03
3.380343059856162082e-04
7.889944267591787784e-04
1.884222587537697326e-04
3.409125398002293278e-04
2.299019666787314401e-03
4.946093732660692245e-04
3.652839645292440640e-04
1.005880913815969955e-03
7.090498308472834499e-04
1.274162563275782478e-03
3.587713654746371781e-04
2.407944979782797399e-03
9.285957231521745851e-04
8.187546697568943554e-04
1.013324919620614594e-03
1.672720490964481029e-03
2.291730529272714267e-03
7.944418048367196282e-04
1.280205437176484872e-03
5.448993203260181538e-04
5.005073771726192789e-04
4.754956740072728322e-04
4.234212234380954967e-04
5.899847292960892255e-04
1.531720996168287703e-03
5.947731765878476896e-04
1.091386656858278235e-03
1.106848798615298361e-03
1.487363761042865239e-03
6.911538495274235742e-04
9.320726616285187260e-04
9.514335220978473867e-04
5.789726082661948714e-04
9.594251305273030200e-04
5.164647062764995316e-04
1.683282644363277500e-03
4.100334515031284189e-04
2.888636823110125613e-03
3.909811935443886755e-04
4.321569289126474321e-04
7.481772899264720880e-04
