2.297398070853972404e-03
4.812957849397387689e-04
4.944213782093005629e-04
7.377637529674910960e-04
4.490879772805901442e-04
1.309785760245346219e-03
1.137956584431033813e-03
7.190535174133717931e-04
1.640618578918058828e-03
5.341714191782631236e-04
7.879881438654757304e-04
7.803796880776196114e-04
2.452891369447239307e-03
1.360430347917065746e-03
3.714937419484371254e-04
1.682117582321479999e-03
5.068176595748738944e-04
4.525254720037854574e-04
3.552943420881826274e-04
2.813570854311273246e-04
1.250236661790633417e-03
6.701946093555717935e-04
1.229573906850442476e-03
5.532383611971845253e-04
4.143604940319423730e-04
4.327858880241701326e-04
9.656748456030575436e-04
1.756647263226326439e-04
1.035090593179129525e-03
9.230032881488318746e-04
2.580488388597843713e-03
1.540922732127532769e-03
7.912741964929775017e-04
4.098283560002489675e-04
1.114096665689843927e-03
4.647436323661370398e-04
6.064169023436243294e-04
2.138920273254964167e-04
4.050000032981599545e-04
5.644528798997355476e-04
6.474321273657790334e-04
3.786714835600858741e-04
1.089228064158301529e-03
3.597698017976009330e-04
8.920420352665949914e-04
1.899059778235845809e-03
9.156663070205621697e-04
8.981203889900112904e-04
6.781915327189974672e-04
1.025898497343259805e-03
2.015723948289943179e-03
5.539478076815844291e-04
7.728838002458134418e-04
1.309934422491514008e-04
7.915441001413454480e-04
5.102194268436841115e-04
3.149070161443906328e-04
1.369222846204291117e-03
7.507830212321070940e-04
5.930198054569468758e-04
3.511853435203853751e-04
8.371912374454947318e-04
1.470794254155416208e-03
4.695598735347018024e-04
2.461107649501553698e-04
5.546007417697213122e-04
1.486969779879818805e-03
6.315150154026002299e-04
3.468917270523818913e-04
2.718303092207278310e-04
5.440976849431997109e-04
1.576560556026581402e-03
7.286220904321622513e-04
1.069079042292042821e-03
1.139619856141757016e-03
6.149582115652995435e-04
1.598788424149137112e-03
2.813908611953159535e-03
4.583833041446875494e-04
1.404326733338290929e-03
4.699987559357742179e-04
5.992133892404523940e-04
8.036022081786519918e-04
3.522811440798494210e-04
6.657279325204013562e-04
3.252136482203329656e-04
4.590703052520921654e-04
2.349898692450119383e-03
3.182628849858816522e-04
3.902255447988243380e-04
1.442061524714321379e-03
2.186521313065150653e-04
5.326933614261285992e-04
3.761322121172384295e-04
2.691619634180736375e-04
3.944169735449825037e-04
2.536673306142923001e-04
3.769947745856202159e-04
1.476104489687460721e-03
7.659801907737368498e-04
4.344764199712776356e-04
2.571962802067812894e-03
1.360430347917065746e-03
1.212127669367720883e-03
4.936596070454484387e-04
7.013516319031125323e-04
7.312679932508282278e-04
1.777461963273781415e-03
7.593200514572645164e-04
5.197010991223079265e-04
1.104013612904090804e-03
5.197611650860428038e-04
1.552699398726396351e-03
6.123817503247885787e-04
1.258327671188025137e-03
3.565909133292074562e-04
1.013239847812811255e-03
7.604666183027213120e-04
7.928222277307985129e-04
9.090394178373383460e-04
5.808627026616171741e-04
2.970151481898059952e-04
6.319452876552139609e-04
8.836136712219521501e-04
3.361227385632289174e-04
4.398504788817026150e-04
8.410007976307924205e-04
1.041570539478661739e-03
1.616306462748870769e-03
5.710756697005195306e-04
2.934101110045014924e-03
8.559742829590393518e-04
4.621307708695038046e-04
2.486180903773921314e-04
8.213729206188738951e-04
9.656748456030575436e-04
1.573880236010514837e-04
8.122063198394173164e-04
9.598980531764367144e-04
3.504936607386916966e-03
6.456215968585988715e-04
4.936442843634399188e-04
5.861850178655108115e-03
1.769626238837336898e-03
7.338591272604791816e-04
5.694658802394992475e-04
1.340093805869541988e-03
4.342773463076831080e-04
3.143584613935903466e-03
8.672772915437949219e-04
9.123858572023381235e-04
1.212564168179023402e-03
1.821264404498847567e-03
7.521398705525028910e-04
7.492712878566130334e-04
3.085973264989542021e-04
8.190682472018046521e-04
1.235779721650236748e-03
1.244017595535543662e-03
4.026063014595763372e-04
2.260207518695234088e-04
5.176734032003266033e-04
7.896406460033543072e-04
4.786883144910759847e-04
5.243388703026665831e-04
4.535220801439854006e-04
7.686230653900493490e-04
2.132159306930644753e-03
5.478639523923621276e-04
9.526854385944134905e-04
5.783152294511651349e-04
2.192242531897318353e-03
1.339754399179311425e-03
1.273568751418450778e-03
5.928596997385527419e-04
1.243262504777686633e-03
1.292563148646046255e-03
7.621921134548318702e-04
7.948780502767707583e-04
8.955162129769371482e-04
5.787564441051638170e-04
2.364579260260084271e-04
4.624323827351730699e-04
1.178476953022672847e-03
7.751441199380978281e-04
7.043593536848537532e-04
8.781631232425150986e-04
1.252291584006973634e-03
7.287310573950418844e-04
4.530178165291365170e-04
3.748611489858066437e-04
1.577367223691619790e-03
1.950305906918673024e-03
5.251188221316196005e-04
3.928590499870640899e-04
5.739221493333467256e-04
1.152421497873822075e-03
7.654784369843690376e-04
1.584228454330285658e-03
1.553358546854082325e-03
7.305140255799817423e-04
4.272479924774275095e-04
5.933211785509310459e-04
1.347769569097311557e-03
8.455773560755395222e-04
1.304703140818216185e-03
4.952007747379864400e-04
7.508115788633304161e-04
2.584780845039350732e-04
3.885733526531404895e-04
3.367067312887304020e-04
6.995643921536387304e-04
9.876529528444171879e-04
8.008007222369267894e-04
5.930292426646825276e-04
5.843093056020675019e-04
7.258073024829759211e-04
1.327839465501989748e-03
7.538931151114752023e-04
6.752275370494006425e-04
7.030022273111114373e-04
7.170977665787505459e-04
7.618228630101987840e-04
7.398144286767232300e-04
8.594829097558760560e-04
1.114957588449027107e-03
4.722218832515042070e-04
3.929848331447088525e-04
5.341076321495365209e-04
1.793761229580669633e-03
9.258201910169091544e-04
2.833206279114159416e-04
5.732527140687279817e-04
5.018198511034382969e-04
1.098085707320890824e-03
1.345302418831789606e-03
5.556972819521277312e-04
2.422677401128501759e-03
1.398948470229868617e-03
1.420625119699019589e-03
1.019405292444062376e-03
1.111225073462177720e-03
7.271443404378213687e-04
9.719018633286462608e-04
1.706169571770359793e-03
3.454607034378578924e-04
5.585827736215993574e-04
2.572401137218230903e-03
4.475058663090920137e-04
1.235779721650236748e-03
8.858840876325807480e-04
7.640280545886199036e-04
5.581530227445007618e-04
4.704511461202803575e-04
1.119532805651547117e-03
1.277698109576164837e-03
1.756647263226326439e-04
2.429649551303351800e-03
3.697160021334680666e-04
2.556168606401163813e-03
2.233583171089193083e-04
2.822665813299627758e-04
7.195453259502957626e-04
3.030360946601113204e-03
1.199005025075510194e-03
6.991216435560216550e-04
1.728462822190448157e-03
1.263988390544422934e-02
7.384167552770653760e-04
4.465021584421677292e-03
1.803874415451894040e-03
6.318763369127240303e-04
5.980533505855638093e-04
8.520981684269569780e-04
1.835097068824928773e-03
9.264155471840853544e-04
9.977696444326659975e-04
6.001537028117555957e-04
4.620880439092811976e-04
7.814927694093174587e-04
1.302102872772889627e-03
7.204491512751719055e-03
1.209556998497081327e-03
3.509867949599156209e-04
5.063155414615324234e-04
1.713832753479464788e-03
3.136375276614132806e-04
4.287258603549816741e-04
8.928376862999493286e-04
2.542926325465479477e-04
3.434791265189860495e-03
1.178610625313818595e-03
4.779277673149936144e-03
7.805406699173777878e-04
9.883005410090347793e-04
1.508309064581316418e-03
1.383792965199772546e-03
5.334779354961039508e-04
1.361107000488901309e-03
7.381617017373381419e-04
1.779637750649949680e-03
1.187593278484147443e-03
7.376705782791554127e-04
4.058652354746570710e-04
8.093932915855848271e-04
1.185179394525241433e-03
1.087261230298953475e-03
1.002782460238931840e-03
1.902855815020048583e-03
7.427483987836800122e-04
1.175579811343423165e-03
2.664652003609749211e-03
4.425559742133498235e-04
2.031787466251969501e-03
8.949637857737966461e-04
4.931672421629719428e-04
1.379252787836737987e-03
1.919208760543107163e-03
1.087211176524047369e-03
2.752472248580474404e-04
5.935971631733676828e-04
5.386682279479762091e-04
4.365610067536107152e-04
8.032476314927450203e-04
3.136390706491676110e-04
5.149245945340734940e-04
1.366000223518949036e-03
9.610874839124703252e-04
7.898701218506332328e-04
1.522263436322988418e-03
5.009586320156285497e-04
1.170177007762466777e-03
5.597896858655878379e-04
9.568582187121365016e-04
1.197082147591806102e-03
8.585463485352494515e-04
1.067104121514191430e-03
3.500573198950288414e-03
1.305820793855509395e-03
5.799955010725720310e-04
3.852521527851488349e-04
1.629518673251208628e-03
6.169458561222843215e-04
5.232587556392876565e-04
7.914783683168420594e-04
1.119100820436307042e-03
7.299040700884247253e-04
5.372030916662015251e-04
1.002443388132015457e-03
8.475090415073128656e-04
6.475425397365103426e-04
8.032476314927450203e-04
5.091983232227132285e-04
3.393332512473565092e-04
9.768823571851320466e-04
4.639932078302112122e-04
1.029244492477448484e-03
1.229641318952429422e-03
5.167746873572000299e-04
1.586807700476617657e-03
4.812645038641953947e-04
5.628218066266817057e-04
8.020451757681836815e-04
1.730370575096551065e-03
5.469165712132078574e-04
5.333670065899397258e-04
5.915232907473434590e-04
1.759581393031899640e-03
4.910356354684693126e-04
8.405620889487576408e-04
6.564382627150027122e-04
1.710130386959863268e-03
3.929890833920523792e-04
2.852655689295861005e-04
1.141817252108302165e-03
3.972292448524977889e-04
8.591112672386069706e-04
6.728016992145986535e-04
1.572777897416755520e-03
1.721224685435272491e-03
1.467020023634379045e-03
4.636566046960178752e-04
1.152635383149982172e-03
4.098283560002489675e-04
7.178006685677461871e-04
7.118137443635690759e-03
1.147194544453466721e-03
1.306972589535777829e-03
1.966173874503205027e-04
2.766926187475456447e-04
4.003378492501853680e-03
4.323341839502003797e-04
7.402717346401506068e-04
1.346597883625929529e-03
5.935891838692869274e-04
3.762706091899243092e-04
3.659021191649418380e-04
4.497672169803596290e-04
4.906404127332922912e-04
2.439925905639837064e-04
1.303784331781989792e-03
3.400872584699403140e-04
4.058652354746570710e-04
2.894795271999072491e-04
8.992535107789975798e-04
6.845144452591291539e-04
8.848497073919118095e-04
6.182289094042987907e-04
4.237259529490851610e-04
2.622080163644327413e-03
3.199252360848240371e-04
5.757578430151234035e-04
7.060590544229138586e-04
9.645978439469328264e-04
1.018179628333142593e-03
4.266066925103678448e-04
6.674824483859689503e-03
4.135713129023371802e-04
9.092036351345706173e-04
2.863401065733878637e-04
1.339566395138549419e-03
1.151074281922495092e-03
8.873171179995483805e-04
1.217913969354535815e-03
5.607529028959918867e-04
1.225360817005777909e-03
4.016530472741669739e-04
5.724079850338103072e-04
5.734046663760615503e-04
5.090561671771771848e-04
4.832761305547212619e-04
1.201096322211126508e-03
6.134139713151273319e-04
5.818500359180174423e-04
5.450100824288290225e-04
2.348023325453114571e-04
1.356922991399958645e-03
4.942802691793801544e-03
2.591315691963383579e-03
7.223108830414949480e-04
3.694092275932833172e-04
5.742558106854346589e-04
2.942951706723387025e-04
1.348918844880780737e-03
7.123516945514536333e-04
8.862500673029953101e-04
3.781701135557938298e-04
1.023624927247365150e-03
1.609004444594190706e-03
1.133831362701718344e-03
4.936029561640007269e-04
5.142214698457774459e-04
2.800310073719770279e-04
1.178476953022672847e-03
5.436680385574395487e-04
6.605227209199622659e-04
4.839029921828624293e-04
5.126020432511015079e-04
1.129647949536617636e-03
7.902846453757980888e-04
8.647705249187088170e-04
9.713197438349505585e-04
2.355651013875835649e-03
4.011396340073989340e-03
1.157234249408204850e-03
6.850531601355068804e-04
8.017061376908955891e-04
9.656748456030575436e-04
1.306497235211597158e-03
5.302215560000502446e-04
1.178476953022672847e-03
8.368614409690887683e-04
9.583788354233391954e-04
3.250674412318953557e-03
6.877471527110972944e-04
3.226679573083267999e-04
8.148077580935640185e-04
1.211656368113406268e-03
4.716635569194331913e-04
7.117433868999370342e-04
5.703022049145997901e-04
5.774595889402861894e-04
9.527329295592713247e-04
6.073450797746190056e-04
7.346075581776121723e-04
8.078269429511858706e-04
8.063723527907310602e-04
8.690852764987963162e-04
9.823236456751574443e-04
6.239917294979272985e-04
5.257962730931474123e-04
2.011225841907627113e-03
4.253445180675886374e-04
9.295403159855397841e-04
1.765463006269517993e-03
6.262496643113147146e-03
4.730673279091500254e-03
7.109156594307228152e-04
1.885896173629429868e-04
1.330147344115083273e-03
4.129604423042796584e-04
5.701272663974820071e-04
3.375959327482300491e-04
5.932604368488670525e-04
1.120845259583872497e-03
1.179343417593688810e-03
1.628623190927260380e-03
7.706709156299645274e-04
9.979661233368358406e-04
8.803640881967167648e-04
1.175385527840167987e-03
5.131125530079085929e-04
1.545521882988162626e-03
1.768057420587444391e-03
7.571683333323611827e-04
4.648678505668374416e-04
7.910944568280299386e-04
5.654189975660699370e-04
2.824218616067107786e-03
3.854068691111170886e-04
1.968211219725599732e-04
1.322975069092781515e-03
1.252081485222994103e-03
9.112184713494436228e-04
8.606718634328000030e-04
4.179298288030711388e-04
7.980760788275043051e-04
2.936239802134647976e-03
5.783974339371302864e-04
4.900075713812359311e-04
2.979537053222771443e-04
5.838176571739414969e-04
6.504171718480111124e-04
6.907919253490594829e-04
9.187175587982299033e-04
8.038442921337276463e-04
6.373066775019095272e-04
6.521364069337556727e-04
1.498497950647680044e-03
5.084494091948311327e-04
1.805766657366238582e-03
3.495909499855764696e-04
4.452532889530536509e-04
5.712125958038703245e-03
2.713355185590345694e-04
8.518863749945746128e-04
2.414369284987531543e-04
9.708072967113401397e-04
2.905626506860360995e-04
6.904980716872380700e-04
9.266889926100184329e-04
1.158798916929999322e-03
3.934333177121801853e-04
8.751272010414117746e-04
1.305814445422493137e-03
3.506862966391998131e-04
1.375152645138506130e-03
2.893390930806894260e-04
4.881041338171359756e-04
3.557342408875122683e-04
3.687266670264586371e-04
2.647711703079336796e-04
7.777516826538487336e-04
4.925542763506443817e-04
6.892702687229891384e-04
7.032059046439722953e-04
7.197602992263501392e-04
4.517854722774615082e-04
4.654283905410123339e-04
3.411365067402308531e-04
5.514757279193735961e-04
3.052059379101710939e-04
2.156494665390784420e-04
1.176341843600058751e-03
9.146011716216141847e-04
9.516280395980437467e-04
6.818948479293935293e-04
3.495205246759300636e-04
1.244188227104805035e-03
4.976871976309922129e-04
6.292006562718234584e-04
6.673383528707183899e-04
7.301230136007038447e-04
3.461616224948086242e-04
2.857432730578294937e-03
4.780613601646642626e-03
8.992535107789975798e-04
3.077237072056145258e-04
7.646263677759147781e-04
2.211658590811243000e-04
1.510271973285441920e-03
7.009145500347941510e-04
8.949956840622699285e-04
4.177226761655447075e-04
4.813665281496956345e-04
5.414762666224829258e-04
3.776577572729057251e-04
1.418763687935563735e-03
1.455381970275513746e-03
5.607529028959918867e-04
1.670847592275684921e-03
1.341892729429881859e-03
6.212162754814029445e-04
6.872379149098146230e-04
1.610165728183084297e-04
5.544821987221472664e-04
9.671670601316064049e-04
2.883232320782709319e-04
5.242792570657635320e-04
6.030207383701692700e-04
9.719018633286462608e-04
1.697625883570368695e-03
6.168743317065113283e-04
4.664278840313430276e-04
8.742359366906786097e-03
6.082964247246685531e-04
4.722218832515042070e-04
6.107983104016006517e-04
8.960997373127730379e-04
2.009045816620099118e-04
1.107278474933859553e-03
6.042248139230052681e-04
7.068997422416503943e-04
9.219476426728174167e-04
6.483663141161144592e-04
1.588231720022601065e-03
9.194271037425258593e-04
4.798690646696014976e-04
3.383698499378786349e-04
5.970760103524354757e-04
7.178931117272634469e-04
6.655749292099851552e-04
1.969207486578887153e-03
3.787202028900571644e-04
4.586629906331919941e-04
8.763117624013684430e-04
6.447911251321761326e-04
3.051066407466180869e-03
9.342446129698911894e-04
5.236452151400817394e-04
3.545424250204387193e-04
6.983657216745111111e-04
2.176969260370382542e-04
4.647013727393452948e-03
1.145931292222699587e-03
9.919895619686365344e-04
2.584376807846425813e-03
5.820431160206958419e-04
1.252353536476296650e-03
4.560947199609347372e-03
1.650269204358951200e-03
5.271499104761229659e-04
1.552784413192766222e-03
1.639317395108638459e-03
6.020565686622080448e-04
5.261307423182050389e-04
4.289473642280193250e-04
8.626288737384078462e-04
5.310729662214328873e-04
1.959769782886630184e-03
7.893873617058678495e-04
2.656307662364897852e-03
5.121414228499825963e-04
2.970704325760765486e-04
6.023590399184147216e-04
1.011453889413499712e-03
1.114013663241192938e-03
7.647386292989970767e-04
4.359593843969232323e-04
6.068000062312768920e-04
8.522610680072818714e-04
1.008694036601885452e-03
3.241605932380293791e-04
3.796538416891872495e-03
3.184028827168982928e-04
1.155703104845882739e-03
1.278796077660115547e-03
4.591125780394358230e-03
7.421552832468155270e-04
8.659712169137667812e-04
7.869547913292110081e-04
3.650265606453873858e-04
1.321336137047412476e-03
6.167392480496129053e-04
1.661710177390167279e-03
6.833288534720559143e-04
7.718201454200010123e-04
3.597522465338750413e-04
5.260286627583107963e-04
1.070609938859554914e-03
1.108050384654746170e-03
3.608195970022786835e-04
1.000705812189536716e-03
1.005106094589931776e-03
2.138920273254964167e-04
4.658098028810330588e-04
1.252977941175702865e-03
1.835567893987011994e-03
2.763658782191666472e-04
2.732275258362442489e-04
1.128661441880645560e-03
6.642562454220658124e-04
6.986780069476502403e-04
6.272756253192924951e-04
9.001728450045671593e-04
1.905523534054759079e-03
4.742367767835776234e-04
8.066105994675006269e-04
4.953037255273745262e-03
9.128136721088787008e-04
5.452655774047555914e-04
6.766970131957362545e-04
1.878229928620084180e-03
7.714090509651567095e-04
9.813644799419997487e-04
2.348535602465777635e-04
1.940824110309258917e-04
2.406477633187994840e-03
4.214600150001999415e-04
4.059596177881371693e-04
1.308242986057953430e-03
2.110155269242534361e-03
8.354432012041640649e-04
1.398784311372426896e-03
9.760558023166468001e-04
1.371062505573554307e-03
3.022263013765323484e-04
7.141508910288368525e-04
5.921156572810916873e-04
2.598002842045283732e-04
3.069053165668588629e-03
1.090098197571236129e-03
3.876077924993457063e-04
3.180631246296501268e-04
3.825802237519465359e-04
7.085350982610178578e-04
4.013670216281463440e-04
4.767742215175459642e-04
5.523957198959604563e-04
1.266995470038051377e-03
7.305140255799817423e-04
2.259932159223521715e-04
1.104139280657208486e-03
8.585127219731932208e-04
3.663755149335820496e-04
7.015576764952026348e-04
8.696068763222483634e-04
2.655578993559312316e-04
5.963279759880128587e-04
1.130268505966199521e-03
5.070345613082575349e-04
4.112394009779108523e-04
6.727165661190316051e-04
3.457518968010550109e-04
4.517184674587680789e-04
5.084710144323843556e-04
1.370633323260376374e-03
8.100677583523115382e-04
9.218555475197821869e-04
3.167049147290404605e-04
5.878073166632460586e-04
8.349405400081534806e-04
1.304564917838570582e-03
8.820762632820174738e-04
2.948172819303647484e-04
9.341820864472172043e-04
5.492353426237845532e-03
5.048535694635668909e-04
1.751752789587089805e-03
2.266662384767258490e-04
1.735255186111038473e-03
1.246603330689518077e-03
5.837910154020188071e-04
1.471478035159878503e-03
6.162025065489388012e-04
4.135713129023371802e-04
7.244706942874526781e-04
4.586478487354680436e-04
5.586656734377800065e-04
6.024192799836160239e-04
5.744030619568050522e-04
1.351037922068920377e-03
3.097638638472400056e-04
3.935022416330608377e-04
5.205852914982918170e-04
6.527794321841765002e-04
1.005622242395620789e-03
8.214469929402823866e-04
9.782963155953651891e-04
3.443543829315866712e-04
6.831298137998118112e-04
8.388855468912278764e-04
3.003214401912653476e-03
2.453161485636768573e-04
8.921439461024097128e-04
2.506444371742038010e-04
3.428962005554496667e-04
1.724919208269676566e-03
2.762313358248693696e-04
4.036236929019210423e-04
1.247730243111153884e-03
2.825089721756470049e-04
3.123011681738600224e-03
6.282541074702574849e-04
1.077042726447723000e-03
1.291436141978986266e-03
1.307461991451704369e-03
6.210826275428514651e-04
9.736938135309451681e-04
1.244188227104805035e-03
8.904504966839051463e-04
7.418530529468821220e-04
6.652734867774496999e-04
2.277676180755466926e-04
1.387704154482632653e-03
7.430090943984734003e-04
3.756438764102357740e-04
6.823154870057745363e-04
3.463179403529243372e-04
3.141634698815209069e-04
7.998903763547925323e-04
1.239819833126306952e-03
4.525254720037854574e-04
9.022227212437854485e-04
6.504192657172689967e-04
5.731732693733782675e-04
1.073298030876329362e-03
9.167676979074038243e-04
1.095254233678669012e-03
1.074586425512869285e-03
2.103029169731731457e-03
1.103646178765294679e-03
6.286961104128571199e-04
5.712125958038703245e-03
1.172189912688715967e-03
6.597494604912182382e-04
1.284373235157726086e-03
9.886812074242565251e-04
4.506362215114077677e-04
3.023232958461590522e-04
6.457792473501596398e-04
2.858617559033450103e-03
1.337493548572667038e-03
9.802740677740697222e-04
3.478643362110508367e-04
1.568723236551712629e-03
4.186338373255668621e-04
1.428613095106599480e-03
3.784145150298920922e-04
9.111436587167204932e-04
3.501411755137635103e-04
4.227007188782808795e-04
6.746795576802058032e-04
1.773436473715707049e-03
9.281075637175428697e-04
1.500173114531648099e-03
1.216427394620804309e-03
2.474025205472666147e-03
3.972292448524977889e-04
7.384167552770653760e-04
3.246705776138023762e-04
9.120560325216951454e-04
6.117919650091414819e-04
7.234698168707470647e-04
9.515651191823136772e-04
7.001886810971852957e-04
5.090813621826777158e-04
2.116310424880937010e-03
4.635307604128134206e-04
7.916587501397710346e-04
8.957384830443426791e-04
3.533669262040642139e-04
1.255706544298385539e-03
4.791114070519003794e-04
1.094985788411805385e-03
4.081205907525182358e-04
5.343648872009804963e-04
2.856268165804856088e-04
3.563033995133131453e-04
1.502698040576117130e-03
1.783557779723293378e-03
6.186165922949929570e-03
5.194414208954245679e-04
1.308949384649146959e-03
6.832815919925976219e-04
3.440522917503949121e-04
8.528629542170220422e-04
1.102661896566990143e-03
6.315665923320080586e-04
5.326443452936034748e-04
2.052383671229611299e-04
7.761782221643127519e-04
5.818500359180174423e-04
9.548827625419202287e-04
2.091210992571358957e-04
5.331879823045131920e-04
1.933438366240879851e-03
6.861584171380789333e-04
4.351974458135397447e-04
1.188197321493353201e-03
4.928709614294757074e-04
3.536432824438761778e-04
3.584582575935134005e-03
3.404651279295924028e-04
5.571700321753310370e-04
3.944505114340769118e-04
9.312246599704597115e-04
9.848692259082684163e-04
1.018463869628835573e-03
1.840832140384966384e-03
1.062588763224804915e-03
5.131125530079085929e-04
1.529588168880007763e-03
1.251215256318299234e-03
8.275619104657203811e-04
8.765715695800554638e-04
2.326740715084556395e-04
1.650587070116751398e-03
1.610334552386164745e-03
5.587922497364708821e-04
2.637999290744144285e-03
2.858838388847653776e-04
2.315984440672284785e-03
8.767677012827023494e-04
4.108791153046363435e-04
1.422724132555433637e-03
3.968674234771611274e-04
6.957405091441646846e-04
8.999947973820543630e-04
1.873082931668410044e-03
4.444812693494383038e-04
5.451430922587192137e-04
6.561750517071832925e-04
5.061532583495359549e-04
1.534484134800468986e-03
3.535791405404039266e-03
6.595104957824210641e-04
4.888486994434763965e-04
7.708110100894703188e-04
1.232551545559511328e-03
9.119037258439442349e-04
8.470772475506094679e-04
5.452655774047555914e-04
3.663332483339211149e-03
9.731448420111126407e-04
1.252291584006973634e-03
3.564387053220513524e-04
1.092876803432106438e-03
3.202342676047648692e-04
6.320250093329910120e-04
4.961683140100831913e-04
1.247422756470895457e-03
8.720322650987801828e-04
1.016272598153560892e-03
4.678062977482365750e-04
1.604332075948564475e-03
4.924288793692711353e-04
4.242964237965747153e-04
1.348964223535872994e-03
2.584780845039350732e-04
1.425271078459271071e-03
1.326779023687265193e-03
5.349489123479607856e-04
1.286359005379387847e-03
3.224558158744123297e-04
1.457109764115222970e-03
8.186002924895195319e-04
6.701681669470560716e-04
2.573881112965568842e-03
3.140313136608800272e-03
1.227178856063940865e-03
4.483301165222948362e-04
4.985358779961503216e-04
7.795996488175944462e-04
1.766299453970165750e-03
7.497330166252480933e-04
1.058932215541978422e-03
1.554442637168245529e-03
2.723604216331034378e-03
9.723785218478537542e-04
8.671477155445950083e-04
4.605857868552832505e-04
6.954943748192737689e-04
5.574392195095566500e-04
5.383591069543697044e-04
3.705359628221266757e-04
5.450100824288290225e-04
1.046338900914751393e-03
4.218368594543094019e-04
1.652524846103039244e-03
1.697024977574662218e-04
6.725563468535879956e-04
1.112474074023837639e-03
7.351758024276252353e-04
2.517325018091424787e-04
9.787141480921770793e-04
1.218662121396940591e-03
1.628623190927260380e-03
1.414968959561539556e-03
5.869107246756460460e-04
