1.484244454535996530e-03
2.871823992216329842e-03
3.078380810040523725e-03
1.976598496788150531e-03
2.775494040719367859e-03
5.457484319087318493e-04
7.115789569440186379e-04
7.952316586818510089e-04
7.364976659732033618e-04
6.941531196802201405e-04
1.767976068201703279e-03
1.307993686287869982e-03
8.336657829906301588e-04
6.642593843573172925e-04
6.863347212805033471e-04
8.903754730944341781e-04
4.690720755721344446e-04
5.234458530761936564e-04
7.827656064274953959e-04
5.487089178438483072e-04
4.654211493668921067e-04
4.199162808557676749e-03
1.709608796875679423e-03
6.347376967021892309e-04
9.522483629981795235e-04
1.840055074500297370e-03
6.238949038904155866e-04
9.858997622764469754e-04
2.238149372938244997e-04
1.033089523376146731e-03
2.827397419314817508e-04
7.579597507969070653e-04
1.216485716087466239e-03
8.299007767711445369e-04
3.383837657535568528e-04
5.209905534779001599e-04
5.968559398879792711e-04
6.528883067439918749e-04
5.672543494775706893e-04
2.262467661393109165e-04
6.833940340330054005e-04
8.763410684000413724e-04
6.250800347679737363e-04
8.980155785672902687e-04
2.649055877429506750e-04
2.485299932171753799e-04
1.248537931145732001e-03
4.701064409146774644e-04
7.226069142553300656e-04
1.257595691194296266e-03
1.136553364473665007e-03
5.289330370482834805e-04
3.784057815189545383e-04
2.082582783827413488e-03
6.240634627343681889e-04
7.230738438543933382e-04
2.135299105840996945e-04
1.514290764714728340e-03
8.301524142791496304e-04
1.816809533257327143e-03
3.282946513179992335e-04
1.475812594965816805e-03
3.269564953333756532e-04
2.453379363310596016e-04
1.710741247878129262e-03
2.703860416467383787e-03
5.407223638015187404e-04
4.066077762119513412e-04
5.232039074742451338e-04
1.269959201310078825e-03
3.762752735289183448e-04
5.602381851013006186e-04
5.626111655974114049e-04
7.104825201596242680e-04
6.860178459682482813e-04
1.306205382384033895e-03
2.374008793805529923e-03
1.540964771118923842e-03
7.359994792946072430e-04
5.584865946227082420e-04
1.384038290932440443e-03
3.176891237720051915e-04
2.634913055539947219e-03
4.278025688658198145e-04
4.207481272803201581e-04
2.911573408891488359e-04
6.339932988400585065e-04
5.137200145295983981e-04
8.698521721732739619e-04
2.377301227093406646e-03
5.844642246693827412e-04
3.355639876552058147e-04
3.049632774631910303e-03
1.339377575840046105e-03
1.092959604067111554e-03
1.380837931558910733e-03
8.005228758545321474e-04
3.344704141791500301e-04
9.391161581154566394e-04
1.409743874051612965e-03
8.819775893836294010e-04
6.302667988963785075e-04
1.365589071600849551e-03
2.283787016743097753e-04
5.891149962147311080e-04
1.274910913652583036e-03
1.473206857861991421e-04
1.348291167071877109e-03
7.903616282680009418e-04
7.846742177191496368e-04
3.024758453235822358e-03
5.722569740607733827e-04
7.494177345842026544e-04
6.722662437013772517e-04
8.612849578306725536e-04
7.470530349415119417e-04
9.022233222388923194e-04
3.892887460928820325e-04
5.756805383556797689e-04
6.737364930872354052e-04
2.849010960460177122e-04
8.819775893836294010e-04
7.232928270856527325e-04
2.077733490887067550e-03
9.854477235821804734e-04
1.541152142376236295e-03
3.534743949010851912e-04
8.485191702273414986e-04
8.728911622921450971e-04
5.425754450088280745e-04
2.881994668278733919e-04
1.712591782409871120e-03
2.471189996453066373e-04
1.786444322722530653e-03
1.722353340972349565e-03
4.670354225013314230e-04
5.508557910422370819e-04
8.642401515370547746e-04
3.458637820309304290e-04
4.158352018286900239e-04
5.819154614248764042e-04
4.679179848789400526e-04
4.667102105411005675e-04
3.719012142508824458e-04
4.046388781951813676e-04
6.066520925658981482e-04
3.243739921642046684e-04
1.247358084593751769e-03
8.112269505634870422e-04
2.463560996436153371e-04
5.399202072861096578e-04
1.112738901693280857e-03
1.917059308115813716e-03
1.052914930912667761e-03
6.713796462975329038e-04
9.429567596376994256e-04
4.830619179629865641e-04
3.322229815862326159e-04
2.695415099545079261e-03
7.214804515592476057e-04
8.795045718032920264e-04
1.103395356131861484e-03
4.723805699830868794e-04
1.342634356136707032e-03
9.337305186004516647e-04
5.927592392389177331e-04
4.558865568661271770e-04
7.190819485088006859e-04
6.175527979722861749e-04
7.383728666445883932e-04
6.569358817339119964e-04
4.938861785849149979e-04
5.503452747010001639e-04
2.238149372938244997e-04
2.903328678296097833e-03
8.767296118746535118e-04
5.486537696783601835e-04
1.167658936741032419e-03
3.581804440108743350e-04
3.206624477707494588e-03
1.330452652912764199e-03
6.074279505379409031e-04
1.007858310275542386e-03
7.368072882987383113e-04
1.421168736257479026e-03
6.687607769704723495e-04
2.954979427523199073e-03
6.627635914666566005e-04
1.741217233336011952e-03
7.145128803343002953e-04
1.489805317759685830e-03
6.837965726698382778e-04
6.671961498456512952e-04
6.503833836701962369e-04
5.661998931225670911e-04
9.292498303186758415e-04
8.798595441824600327e-04
1.088794912223594322e-03
2.230284703142619617e-04
5.298641675836118173e-04
6.090360276919824702e-04
2.291978835563588876e-03
1.337784000004898057e-03
4.006639208792036710e-04
1.227108487203447265e-03
1.354165530970198204e-03
7.072890509527042383e-04
5.060645847111633561e-04
2.055944383785764107e-04
3.553327616395153240e-04
1.748167353824146971e-03
6.087882961838247259e-04
5.970996794959589809e-04
5.447158154950532995e-04
4.610467826866804990e-04
3.609169229022147454e-04
1.474584089075708102e-03
8.105976448997345577e-04
4.732515218278906307e-04
1.467662494129704388e-03
6.528707072099465851e-04
9.163058041929846281e-04
1.186455643096281194e-03
4.006340432830498058e-04
1.467413391036505787e-03
9.850609378537933825e-04
4.691050406606929544e-04
3.705898575788096135e-04
5.357476312896971042e-04
1.064726432964540302e-03
5.340703636079794335e-04
8.492342026746412106e-04
3.709729770337293780e-04
8.541458147769338035e-04
1.272060039185770068e-03
2.061203550641568967e-03
4.221862357443404573e-04
6.612979164119657700e-04
6.327851764003371206e-04
4.931181898518630351e-04
1.060189643277530212e-03
3.881475941821466093e-04
1.710410470769546925e-03
1.824273086177351450e-03
1.266849350768411346e-04
1.378358118595260449e-03
1.855275414031114982e-04
3.344704141791500301e-04
9.525287398100685783e-04
6.293951968330184586e-04
1.606299777596479229e-03
6.587277113110141151e-04
5.126130621653954235e-04
1.219566410673035995e-03
4.604848043496694888e-03
9.892107417305898414e-04
7.210351675361219900e-04
6.246520628116053724e-04
2.120504347098435658e-04
6.143171556181353148e-04
5.518687064830286090e-04
6.297566960726336477e-04
5.453524175035064092e-04
3.777730072841215783e-04
1.383935205480019918e-03
1.288746027722949055e-03
7.126896031207669013e-03
3.859998609742825251e-04
1.250590985839560368e-03
4.430466585652365779e-04
4.263877616725067184e-04
8.376695477786059822e-04
4.711968873157743563e-04
4.762407455039784901e-04
2.592714564389547987e-03
3.926420975894369782e-04
1.262625919820299647e-03
3.978921222710830202e-04
1.408945551548686703e-03
8.147473426457962822e-04
1.444936948995453148e-03
1.570727134493799622e-03
6.538092858540304293e-04
3.910622378089777143e-04
1.412117529938387720e-03
1.171588672174565023e-03
4.169474872006171209e-04
1.412181729123775662e-03
2.677399066921704301e-03
4.686481429812182852e-04
5.196433662809770912e-04
1.870327688241219411e-03
3.472361564350756754e-04
2.527388189611970534e-04
6.378247763220665787e-04
1.000299517297394873e-03
1.631506773529138761e-03
5.088271828391990751e-04
1.616741006055056945e-03
4.987075717607661546e-04
7.440980831046894745e-04
8.147058580708309555e-04
2.562246228105027608e-04
1.499900445338347337e-03
9.850556977970682630e-04
6.894150097739421522e-04
5.154511229701154223e-04
4.067367846227454005e-04
3.277643499382431789e-04
5.735829411601298632e-04
2.520362321374207577e-03
8.795045718032920264e-04
4.349222200984675219e-04
6.582818859845452047e-04
4.164190582025192053e-04
1.591443606590488453e-03
3.170288717480441000e-04
3.321824098950654225e-03
1.706855044677497556e-03
4.135915795644121325e-04
8.834220380455220546e-04
1.422731604651754659e-03
1.067274776671120863e-03
5.476363083048717577e-04
3.777983932343497494e-04
8.095420156442656228e-04
1.933805376226081785e-03
3.332667272953734254e-04
8.262299011453958734e-04
2.706351536519590976e-03
7.532848437299290286e-04
3.444997434395341302e-03
2.887475641373576560e-04
7.341491813972246278e-04
1.825513456747555972e-03
1.552483496824380148e-03
7.296128423425031831e-04
6.661818694969959525e-04
6.303778177181791923e-04
2.628296788353406553e-04
2.071076218467808334e-03
2.053742023166271584e-04
1.006089611925938248e-03
1.230483278358296797e-03
3.026203868707308441e-04
5.517134953877989327e-04
1.664497266405521149e-03
1.082438568356249671e-03
3.741823419696744504e-04
4.001901516396524157e-04
2.950680142164107973e-03
4.754686196469347782e-04
5.864654408807263393e-04
1.430273593397775279e-03
5.667938903804563278e-04
4.680118807551071408e-04
2.816718382968470911e-03
1.125218186820485609e-03
2.334939175314165380e-03
8.423848087790920423e-04
7.546689774822608289e-04
6.436800845832837265e-04
9.389139320833475577e-04
3.728857678065739000e-04
7.904606513004029233e-04
3.028361942054335937e-04
2.445927258288181291e-03
9.084170569761104751e-04
3.372887499609400703e-04
6.347779105035458204e-04
9.124638150174596302e-04
1.525260311407176592e-03
3.467794629520591968e-04
1.418722330708551121e-03
6.519232383427336778e-04
1.465660066969128299e-03
3.527172944948440427e-04
3.213058868594732029e-04
9.586420031237323936e-04
4.575694646263730840e-04
3.947464287389215536e-04
9.207538516357899501e-04
8.017607507122834556e-04
1.187531876224585210e-03
6.160117840979455021e-04
1.235389186478034118e-03
7.154058441820570612e-04
9.113583694911505913e-04
3.991401677122021212e-04
2.364239989870228938e-03
4.982049288162113641e-04
1.546101942275440266e-04
8.274971379836746797e-04
1.024569182496901619e-03
1.814144786250892908e-03
3.680067206617695041e-04
6.942206210304222415e-04
2.007371743116266854e-03
7.143430496157805471e-04
9.137082781486855626e-04
3.466546577346466679e-03
7.828906445770470726e-04
7.490211327870563039e-04
1.213276367670438043e-03
2.925147806821535375e-04
3.733938694704044955e-04
2.259237723614069149e-03
2.439119700520109703e-04
2.101119788843178529e-03
1.195191778543278852e-03
6.350031515354106083e-04
4.235860686515698277e-04
1.177038645378991610e-03
7.427777846835761661e-04
3.914765610030827240e-04
1.290982339661469937e-03
9.924910082488335502e-04
5.183266750741798764e-04
6.049952788081946206e-04
6.171106766369908276e-04
8.907184873513375413e-04
1.477477457111435119e-03
7.657036330619257543e-04
1.257081629506277571e-03
3.180443391274751451e-04
4.607430413395069077e-04
1.358112325818735784e-03
7.365686243648967516e-04
1.260715189808259964e-03
8.718092774515697222e-04
3.679174299976257709e-04
5.095508303559896949e-04
1.098624590169330591e-03
7.596269965055029057e-04
1.864786487922956437e-04
6.924884225174485469e-04
5.274439578168336031e-04
8.353513730469638897e-04
1.446411605430373681e-03
1.893949848991028544e-03
7.171975657506061237e-04
7.440980831046894745e-04
3.508465445539997473e-04
1.673881149369446609e-03
5.832272983469160383e-04
1.174388090430723624e-03
4.830619179629865641e-04
1.238037117866940375e-03
1.306565333197194428e-03
3.454402170619624520e-04
3.443434890436938584e-03
4.651070402710062333e-04
6.725800354469560136e-04
2.537562537309261362e-04
1.458714886687954458e-03
3.596691064213330242e-04
6.664586481951036926e-04
3.211052164577278501e-04
8.772943275174681496e-04
1.157804929971934654e-03
1.629216587207653116e-03
4.591259552639182125e-04
2.503832451877937518e-03
7.470544293443414719e-04
1.018184180612255723e-03
2.829271701222179996e-04
5.784826350700625732e-04
2.855299145003802855e-04
1.899424077456960585e-03
3.243739921642046684e-04
6.697514818349395741e-04
3.716869253131501252e-03
7.366244271714485637e-04
1.559722064660665425e-03
9.018723463353026278e-04
7.084107791687849686e-04
1.569538733259485562e-03
4.265072715839266946e-04
7.537699322178465899e-04
2.651949449800418716e-04
1.368839296181810364e-03
8.941439195128774277e-04
4.336066121004712292e-04
1.494929797787971845e-03
1.046207167506419278e-03
4.797955825761836203e-04
2.348554414465293288e-04
2.954979427523199073e-03
6.979612591339577621e-04
8.646085621182521188e-04
3.331631668528870112e-04
5.677411169961022299e-04
6.786363285798377486e-04
5.568800944509413658e-04
1.139676578742386970e-03
1.174785068770540499e-03
7.327439904467902311e-04
2.144248076424893831e-03
1.274038722522538017e-03
1.077943834511494239e-03
9.134885151060987861e-04
1.104988454204264585e-03
1.358887874565908654e-03
1.123901994305098609e-03
8.973832085451152827e-04
6.993133700096790554e-04
1.025939899818847922e-03
5.608332209293887720e-04
3.975155179126578877e-04
9.461851807505637082e-04
6.606538568118038848e-04
8.710135437144069567e-04
6.791271754780908981e-04
1.969595834240382161e-04
6.821165960925444378e-04
6.052703680681912517e-04
9.075449512747122511e-04
6.032462622253893965e-04
1.029299188749361422e-03
6.618516354886309861e-04
1.728661232842868510e-03
2.470676348294789920e-03
2.025975866891733482e-03
2.098767618870439947e-04
8.189226793813466753e-04
5.351810729468419511e-04
2.025778389338203818e-03
5.800447857794824346e-04
8.171511003258338053e-04
1.182971970079194383e-03
4.327527220797764036e-04
3.931660058386204091e-04
6.909450542894112835e-04
6.129100491563941634e-04
1.467011626786671012e-03
9.824573505827958152e-04
6.020535731192098224e-04
8.847135675707963219e-04
1.986310043103699349e-04
6.463703689019014917e-04
5.194773644419214791e-04
1.282091245899342081e-03
3.534823122327926414e-04
3.384935373089982026e-03
3.998924234908023210e-04
1.931284746876414356e-03
1.330535843122068350e-03
1.319235337053040625e-03
1.025128214878323835e-03
1.274873313338229647e-03
4.969186991140493682e-04
1.970372910866635772e-03
2.055189971907101908e-03
1.937361322213076499e-04
5.938854499864745654e-04
1.408882704006346898e-03
7.602977695540209324e-04
1.620372639557661953e-03
2.983756536146200088e-03
3.744404097183457033e-04
1.373090012409737722e-03
1.492601005217746458e-03
7.774839500806633762e-04
6.492393264597213663e-04
7.930050748367879722e-04
6.774350369071616747e-04
6.295722223552274472e-04
7.060689572633868476e-04
1.016963219325008093e-03
5.850072936877344148e-04
8.296542333104258652e-04
8.711793058136130686e-04
4.077519439331935783e-04
3.613565867034832283e-04
4.084629349751170836e-04
4.125884343506549179e-04
4.837085781424692939e-04
6.089559611365184637e-04
5.188710312433773104e-04
4.635499740137176113e-04
1.034439878270007997e-03
1.224377884144042935e-03
6.948681762524389289e-04
1.194609945169979731e-03
4.067245254709879205e-04
3.679174299976257709e-04
2.125533884318530058e-03
2.888153114587288625e-04
1.585452718686704331e-03
4.331865705412995442e-04
1.108523270852873263e-03
1.392127862743961723e-03
6.730402795100430069e-04
5.572606844755331789e-04
3.591414714938788205e-04
1.898052551726659917e-03
5.168743557965859445e-04
6.999115262693187062e-04
5.216735463218804582e-03
3.028976905756112863e-04
8.336657829906301588e-04
1.148023152062926022e-03
9.846513533967680282e-04
6.528515635288355485e-04
5.330412790815179267e-04
6.135786223700816179e-04
1.102948802089966356e-03
2.380654225934370448e-03
1.409437983372030870e-03
6.929158121634080344e-04
2.006253572901829380e-04
1.359229817877403816e-03
5.118865129699577687e-04
1.943587517481649204e-03
4.440937391622401011e-04
8.871771869105320348e-04
5.365484449749541003e-04
5.640586259767638990e-04
3.583624065578386460e-04
2.755331302690949423e-04
1.841678028650659883e-04
1.172829211089681340e-03
3.532385609038375587e-03
1.875348047312359748e-03
6.937226428912374480e-04
1.377310244093727298e-03
1.408882704006346898e-03
2.272569052534006550e-03
3.171054644544163133e-04
7.583081173114960931e-04
4.654401092215346104e-04
1.438039939935197714e-03
4.742047060258385840e-04
1.067896577598672053e-03
3.423698444364792659e-04
6.598436896787536867e-04
2.030990260040903348e-04
5.875676597301264254e-04
2.012019609298868231e-04
5.341702713835072905e-04
1.728661232842868510e-03
1.718898256146714470e-03
4.259338378152961193e-04
8.381112080526031396e-04
3.413946350345907401e-04
6.763904802667558558e-04
8.872766154834111924e-04
1.948628322925594894e-03
1.072504731792708410e-03
4.340957009898859398e-04
6.093340832565485778e-04
1.309774562087428346e-03
4.244936053062618904e-04
6.074869900673901231e-04
7.511522987131765295e-04
6.307633695618993170e-04
4.320328001525477351e-04
8.818614490226459480e-04
1.348574945463879666e-03
3.583438746058135614e-04
1.421168736257479026e-03
1.235180494580628407e-03
2.015064952720965492e-03
1.174972541629963358e-03
8.986351333356370780e-04
2.077990486240000999e-03
4.694653750714674473e-04
6.242651341335126065e-04
6.252895084546306222e-04
1.313617104666288437e-03
3.508465445539997473e-04
6.034908671656117078e-04
9.970579396041305900e-04
4.164298527244462370e-04
1.146961597982937850e-03
3.209643123004327189e-04
1.820319633313878375e-04
2.680242813185130125e-03
1.240646284828397393e-03
6.443507746317823524e-04
1.279524444215669006e-03
9.342930885944396129e-04
1.660908343672590822e-03
8.422624925372225761e-04
6.012731117367447900e-04
7.656173280170146039e-04
2.746680499164899127e-03
4.014647821075189704e-04
4.689203239617188365e-04
3.208562380258242626e-04
9.387516377584827817e-04
5.644648891712869283e-04
4.944932050114950140e-04
7.120211424478314899e-04
7.517431428576166075e-04
5.206421747933166278e-04
6.842044321213636452e-04
4.787232191009776127e-04
5.588766191477535002e-04
3.039630971043053888e-03
5.844642246693827412e-04
1.262069882508753786e-03
3.799623646494557235e-04
1.493002898820951479e-03
4.293044280235145619e-04
6.033262064812675799e-04
3.019193337499496001e-04
4.536481470992773297e-04
6.327825535919740473e-04
9.688560019440466305e-04
9.993750179882420186e-04
2.387881710341197439e-03
1.137390924133348247e-03
1.315392761421542867e-03
1.088190824159565194e-03
6.841400522618645060e-04
8.336728066037379405e-04
4.619689739519244193e-04
4.143005358098001615e-04
2.701277916763860330e-03
7.169382108869981575e-04
3.857819649905468596e-04
1.876700965206965811e-03
5.431643033899471226e-04
4.291353788920867899e-04
9.028506578055636722e-04
4.935516622429369799e-04
3.457694108409486121e-03
2.665261622777384282e-03
4.710410451881512405e-04
5.336567409036292210e-04
1.132916822981724090e-03
3.853952148078209098e-04
1.705772583820786351e-03
5.366037663761107643e-04
7.802000276914808265e-04
2.064822769768959523e-03
4.884718705410533938e-04
1.542180009797453847e-03
5.185384468843846689e-04
1.126941077589488664e-03
3.626376609615223484e-04
3.697394699588520584e-04
9.864681826922277758e-04
9.833928489438586041e-04
9.881324553191832543e-04
3.561542004134546227e-04
2.255147300467900007e-03
3.206778270549384842e-04
1.735313131385552495e-04
5.601824915175281734e-04
1.834520811285005829e-03
1.452895845611233217e-03
5.184835731931683065e-04
3.777730072841215783e-04
2.485160630559458852e-04
5.613142983835574858e-04
1.241258107748646885e-03
4.016302193809620502e-03
4.618316101841548889e-04
1.150000779934156735e-03
8.629743572292191550e-04
1.708585903912963454e-03
2.904229429402762405e-04
5.352421871584125837e-04
3.478607284003806138e-04
6.331280767316361819e-04
2.968358079175811566e-04
1.048782391589987489e-03
4.537861876533236748e-04
7.253265998943395944e-04
5.968673653988749517e-04
1.041251230130498407e-03
8.108362229335480328e-04
4.989884013988203377e-04
7.210977580527009852e-04
3.536540285302791175e-04
1.349433028603017884e-03
7.698876564533259663e-04
1.026736904454240333e-03
1.826701122764048187e-04
8.001451784431359631e-04
1.490115528877384568e-03
3.859582384624389703e-04
1.664447315034508351e-03
6.809317123060349732e-04
3.515145699978353719e-04
4.507742065144676675e-04
1.189985707882717679e-03
3.849129848932285000e-04
3.674077958208587982e-04
8.883536166542827959e-04
5.819154614248764042e-04
3.918387313339401906e-03
1.712591782409871120e-03
2.006286401245867615e-03
8.686317561069949655e-04
7.189867616187884530e-04
2.811399751347110087e-04
2.574225169211655836e-04
4.431411423136471183e-04
2.163385776217406631e-03
7.772363499066612053e-04
1.316110914011209276e-03
1.080377246637198498e-03
2.267817819562047122e-04
5.427377537559132130e-04
1.100378674529023946e-03
6.528883067439918749e-04
1.318660900959099571e-03
1.136553364473665007e-03
4.719595277188609779e-03
1.163564883695583467e-03
3.478005099607425332e-03
2.123771595337052218e-03
2.173431598146200513e-03
4.586568843601946614e-04
5.766007782810160520e-04
4.395377303620802661e-04
1.323822212328471318e-03
6.918743549531637411e-04
6.674538580521710172e-04
2.096824413575408899e-03
2.901635024003406966e-04
1.107868020940257258e-03
3.113855457286958633e-04
9.543420326508024768e-04
1.564176406272727287e-03
1.628052472454861749e-03
1.814366173926949214e-03
1.581899434775922188e-03
1.197268121817187444e-03
6.674538580521710172e-04
1.259579731379723965e-03
1.238491572035478432e-03
5.749073749197843031e-03
1.841380886725867095e-03
7.844958482910870763e-04
8.200232502215559511e-04
1.036316548768741403e-03
1.282091245899342081e-03
1.604269178059837672e-03
5.576469047768924797e-04
1.716818784596571687e-03
1.269959201310078825e-03
7.800766150352954689e-04
5.329781359181340935e-04
7.821184643479544511e-04
3.269701640690590065e-04
3.810494232141434213e-04
6.918743549531637411e-04
7.329062688313260892e-04
1.746018255771004208e-03
3.778952563379394270e-03
6.848902456768552263e-04
7.624415051175523726e-04
6.066610928780270849e-04
4.943382664234028528e-04
4.464615715942295152e-04
3.476892223242759438e-03
6.137778658063774680e-04
6.691443546604385929e-04
8.020193765110450587e-04
4.913826410638461647e-04
8.700336784209858213e-04
2.571287849107338052e-03
8.056008336503897799e-04
1.628052472454861749e-03
4.309885538498426033e-04
1.994194038147763508e-03
8.502529973459155071e-04
3.306602318478982293e-04
5.657715166235435800e-03
4.012852607454205122e-04
5.791912141927520272e-04
5.030516459096326561e-04
4.465863097063771988e-04
3.644517367685975312e-03
1.548469649244194448e-03
3.663651042509849672e-04
6.991704044900321153e-04
1.631506773529138761e-03
7.908695195174402772e-04
1.268791355432107807e-03
9.292498303186758415e-04
2.580394548525464702e-04
6.218561541707684406e-04
1.244644371671024081e-03
1.796350081715761488e-03
1.496115811656136734e-03
1.748167353824146971e-03
3.133729195073787881e-04
4.149194194756441914e-04
1.935074150793966025e-03
4.765032108362343504e-04
4.255141206820310922e-04
3.361163167242767072e-04
8.171511003258338053e-04
1.829057708412236459e-03
6.509659112225670051e-04
4.848951502834089795e-04
6.775183787732911612e-04
2.255985205561274014e-03
4.467054792049873638e-04
1.172572417302582227e-03
5.937649849118628847e-04
1.243493519355379478e-03
1.444204086064448684e-03
2.629741125625345089e-04
4.536141217885419495e-04
4.077519439331935783e-04
3.457706085906646983e-04
6.606570017289602236e-04
1.073563711813966311e-03
1.611659892500952795e-03
2.556710095893621835e-03
8.525899802360830098e-04
8.723221059408838062e-04
2.325778986582247021e-03
8.855436607732930987e-04
1.155999758520315354e-03
9.565530900159430108e-04
8.328282687960013829e-04
7.484814491033122156e-04
3.627152624151916806e-04
2.663663447545105067e-04
8.738552414327646102e-04
2.110149460769597844e-04
1.317506399846348712e-03
7.478398050399208278e-04
6.670944661469140578e-04
8.568769661723448340e-04
8.491526098023669585e-04
5.011815325981557479e-04
3.960083343939886213e-04
3.545667729234902458e-04
1.166840394235578796e-03
1.228412934029278090e-03
1.205950880527221136e-03
1.170752053464381741e-03
6.350031515354106083e-04
4.032330711238272256e-04
2.397763273646218336e-03
7.797944741015451270e-04
1.622248911214534345e-03
7.532848437299290286e-04
2.973706267143514563e-04
1.378747919932547935e-03
4.806073695579057901e-04
2.527078200513491104e-04
4.292518490881488719e-04
1.070092802949683224e-03
7.364976659732033618e-04
2.173431598146200513e-03
8.722790997827361116e-04
1.118701440903559045e-03
2.976821935797948943e-04
5.207530169924732850e-04
4.918023065333185359e-04
1.585867194265624339e-03
1.275447452333105516e-03
8.774416377307117350e-04
5.300087005921230721e-03
4.504555032002276194e-03
1.509975596274380988e-03
9.510259300138713436e-04
2.543444383462462803e-04
3.241024781683579312e-04
4.161570461042221722e-04
6.626377866970861556e-04
3.275843568625251123e-03
1.361757708624726938e-03
1.692291115320876177e-03
9.981708344867174041e-04
8.840357616904530357e-04
2.319468014635036549e-03
7.160434733094765474e-04
9.113150566383566549e-04
5.466473146733189089e-04
1.275988761306777203e-03
5.031858937611015468e-04
1.384058922138775571e-03
5.379257123944375732e-04
8.277216661796333880e-04
1.006089611925938248e-03
1.282018315090432915e-03
1.274038722522538017e-03
1.117053770284174132e-03
1.320487102545060947e-03
3.788426926774597289e-03
5.838014053440162762e-04
1.010517167592442584e-03
1.485844737519384159e-03
1.018184180612255723e-03
2.315077268153764838e-03
1.060136746852382607e-03
5.703764817148094688e-04
3.407564276412727855e-03
8.612201900785993423e-04
5.538515274815345325e-04
