1.959902727508297602e-04
6.226450830627618680e-04
1.479082224725704678e-03
1.105707382822057735e-03
7.248218881532212743e-04
4.777604293846589116e-06
2.858708359213202321e-03
6.585117731034575246e-04
1.684957445909554888e-03
1.302562820139212350e-03
4.569879133759309400e-04
1.213002289880550335e-04
2.473145137658913726e-04
9.782678043640619602e-05
2.226620032709384148e-03
1.439481864484106095e-04
2.089910882405817034e-04
1.025724467407375764e-04
5.191008907982100308e-04
1.057313097428332375e-03
1.502857098611845273e-03
2.615498212293712620e-04
1.634087270807283387e-04
5.322920277939724920e-04
7.495025089658779310e-03
4.811295435846570036e-04
2.058482539646071946e-02
4.352263500138106155e-04
1.478283081426049004e-03
2.573901024187489109e-04
1.458500978465801816e-03
6.134770886398446723e-04
1.367264940765911983e-03
3.136550478385842543e-04
1.040632725147992103e-03
1.804166923170087743e-03
4.913686903358437759e-04
2.733952123173304452e-04
6.791188815109218055e-04
1.613630360697619300e-04
1.356083544751343108e-03
1.019907693408771962e-04
4.976789208489042779e-04
2.029489928211734203e-05
1.514629883508794746e-03
8.909838475160328621e-04
4.537860104427706227e-06
8.015714690273252792e-04
1.476583313154052068e-04
3.256726601569637572e-04
4.963057854147080424e-04
9.245001956842914992e-06
4.219163069253424451e-04
1.494906814446269596e-03
1.545258401408348262e-05
8.817432373589404902e-05
1.690006122238322736e-04
1.030929344825827054e-03
2.849511874173984386e-03
4.227309623374991848e-05
1.885684759715460998e-03
7.977254582964990546e-04
6.039374133642118119e-04
1.335647817525182452e-03
1.341621295038210044e-04
1.213891006888615041e-03
7.413617681389688058e-05
6.288221789251826309e-05
6.690581438576613960e-04
5.353379090048261506e-04
8.668029253822024651e-04
6.428566056207439018e-04
1.649736476071451366e-04
2.136413705247766962e-04
4.436988432130339758e-04
1.139581844341191905e-04
2.740600971983555862e-03
2.902874276553387887e-04
2.421770987129507593e-05
3.740561522855294536e-04
2.795022315027443239e-04
3.635323823883332661e-05
8.103469314443493676e-04
6.978125415534453370e-04
1.943836814502610325e-03
2.976021959218472582e-03
7.531729035759832189e-04
1.672234206512540882e-03
1.316672953610998476e-05
1.638625900453631254e-03
5.365258621011813399e-05
3.366644320285321719e-04
4.974757892388117185e-04
1.562190144954734823e-03
2.687268868601492308e-04
6.736848112991301136e-04
7.182895640722437684e-05
7.025400048893437914e-04
2.499469570694368755e-03
2.500264937841034847e-04
9.202226070532513623e-04
3.609713636378115097e-04
1.446662524887446909e-03
6.220996948391945176e-04
1.929051132932015045e-04
3.521940563601783612e-04
4.499725496750967609e-04
4.084113129585277622e-04
2.171426159479857064e-04
1.536040644668777580e-03
9.279584201265916052e-04
8.184393868342669997e-04
4.654508083599201364e-04
6.596023732643893590e-04
3.357320032771053024e-04
8.593933382178411745e-04
6.619075359844541840e-04
7.356890258289922480e-04
1.020086467888440710e-04
1.484110591866059058e-03
2.578966900184124968e-04
3.080214110433080306e-05
9.757469397986890303e-05
5.972108443466685743e-04
1.177960018695687038e-04
3.650013569961384316e-04
1.899936560366221502e-05
4.459478230486737345e-04
3.996651714917180188e-04
1.302387452501284609e-03
2.198160606095876180e-04
1.110596767264126301e-03
8.700033530754167478e-05
7.371468534325067859e-04
3.753983436469450876e-04
2.341912761320815841e-05
2.458682509585269609e-05
4.336893923031106927e-04
2.591633119767265962e-04
9.459971815586778847e-04
1.699997798434973648e-04
9.546256900228779901e-03
5.139312571503533347e-04
3.930355170901171375e-06
2.664267884025167741e-04
1.690006122238322736e-04
2.028974388937872589e-04
8.407598486226145677e-05
8.066470169541333293e-03
1.791802094384878710e-03
1.598199816016943053e-03
3.306276265889630112e-04
2.324828454530313427e-04
1.637314694358584801e-04
4.014718672541159935e-04
5.249825855204471323e-04
3.977077753260606293e-05
2.385107206556604637e-04
3.358117110678562976e-03
2.128109522601613667e-04
4.219163069253424451e-04
2.472512605375182986e-04
2.848693498725831264e-03
3.296072283872511044e-04
6.462401170392428028e-03
2.508048031569241930e-04
1.400117126304505793e-04
6.838521722834943126e-04
1.216268676022014359e-03
1.790499965517782996e-04
1.082822780751152933e-04
1.440951019430851887e-03
3.861305896805110631e-04
2.618033881497483593e-04
9.335535590681043631e-04
4.207397459102938156e-04
2.485680565945076813e-04
1.752955703269613603e-03
1.363454464571002599e-03
1.316672953610998476e-05
7.485091705252461605e-03
1.732974859947564465e-04
5.128384060572667479e-04
3.897871809953364487e-04
1.052399105043204988e-04
3.040202395326286559e-04
3.350896736359330625e-04
2.920956735376543348e-04
1.005450904388020599e-03
6.312701709866186275e-05
8.271060385449923716e-04
8.132000064878580278e-04
1.046244653944072714e-03
8.729070705873687302e-06
3.129931572214924066e-04
5.238476685692337892e-05
2.612177257832203102e-04
8.740899825539333833e-04
9.319741253519362063e-04
7.730366581557335834e-05
1.857800287995063073e-03
3.804316503128160522e-04
7.905586045598113267e-05
1.801971151185797256e-03
5.894296939007566622e-04
2.452818449226993984e-03
2.348707281251245988e-04
2.368314594098752505e-04
7.126959728181452187e-04
2.886086898497166155e-04
2.125993787758189910e-03
6.319890835618903409e-06
6.730752726389737641e-04
1.405128084929005081e-03
2.994348368898334814e-04
7.772508873109944553e-05
1.177960018695687038e-04
1.275539017994801842e-03
6.604830694314742538e-04
2.604963705300281356e-04
7.668845232197984453e-04
8.434893246537527754e-04
5.149768970514749826e-04
2.070830181106165287e-03
1.686967111239228486e-04
2.672981497910303429e-04
4.234822511551508575e-04
2.041948249779412296e-04
3.497066727438283935e-04
4.959529025706185291e-04
8.892198239626526767e-04
6.428566056207439018e-04
1.270845624902342051e-04
9.945653293850302535e-05
6.144984931750110263e-04
2.590434921886282556e-03
1.710355758226798613e-03
2.249768367035022139e-04
1.685702083772096867e-04
1.182009384006044010e-04
2.419797520165956105e-04
8.328212865965990808e-06
6.661862086075118336e-04
2.310023612240147926e-04
1.993041895172878507e-05
8.430129107475840475e-03
1.169235788420740609e-03
1.210467623815852906e-04
7.422598646410796504e-04
6.288221789251826309e-05
5.013164234679964772e-04
4.914969672051488830e-04
6.588501436510518783e-04
2.397165618413565132e-04
1.955357643739050362e-04
3.583206365726984417e-04
7.156983336095945570e-04
1.176357200077814830e-03
1.404298963397548373e-03
4.268328693906131934e-04
1.365509434364216084e-04
2.559901110190012231e-04
2.161915555885032814e-03
6.052466385486511688e-04
1.192262867677245947e-03
3.758226221951427326e-04
2.321444995262067837e-03
8.623735090389930236e-05
2.705956329132721866e-04
9.100759873677829017e-04
2.242481100766069533e-04
9.992825980837921184e-04
1.337933288066076986e-03
3.184499557701898800e-04
2.134982227067508571e-03
2.890573776532491751e-04
1.651256543951905471e-03
7.192801264396172243e-04
9.177978699555581479e-04
2.471482941501973495e-04
6.008698785489647752e-04
5.434231341141454799e-04
6.605299168464496499e-04
1.617913843255272587e-03
4.299241441632948939e-04
1.720403299684019911e-03
3.773321227392689367e-03
1.423444730767220066e-04
6.177840045109271334e-04
8.870267142675282218e-04
9.519101916156187020e-04
3.271502026163127354e-04
2.362655462993948428e-04
1.270845624902342051e-04
2.162534614057482082e-04
1.264519654561940430e-03
1.093459249254684351e-03
6.870294765868848906e-04
1.027870348103178128e-04
6.966411919819124774e-04
6.431494443018599292e-04
3.195802033633140626e-04
3.493938138007455542e-03
7.276473462546104816e-04
2.995698744139271884e-04
1.018136453754628704e-03
1.545733131966883691e-03
2.189867962965553127e-04
2.627701355576529240e-03
1.016435969841392737e-03
1.179278654704563100e-03
4.436988432130339758e-04
7.177547692151559533e-05
1.669911851053271581e-04
1.064863703936473008e-03
1.649035860642353800e-04
1.586039343588938576e-04
4.356874872151910208e-04
3.755360095270436410e-04
3.636879833203449791e-04
2.037351812246401665e-05
3.733600154736982021e-03
3.715989260330456248e-03
4.921584162630444599e-04
5.919011787879486760e-05
2.701279277958176556e-04
2.182874089215506793e-04
5.456336739947315658e-04
3.734586283663550573e-04
4.191553234149666767e-04
7.071174126202562672e-04
3.503675183645098192e-04
2.227647360906980759e-04
3.780543961535789716e-04
4.778366878347177688e-04
3.766253394451790572e-04
1.182009384006044010e-04
9.048856247802753881e-04
5.878798552867163692e-04
3.019536098004196195e-04
3.891289767035615394e-04
1.364816564514541319e-04
6.094593371098265110e-04
4.258238929569115711e-04
1.764344578527493428e-03
5.121670093534121462e-04
6.886382472145458880e-05
5.319571217202317265e-03
8.837303613951571785e-04
1.858330450021356385e-03
2.418782457385579515e-04
2.167996891011156021e-04
2.338980884778559986e-04
9.712403880579728588e-04
2.806478759491357880e-04
2.458150246153043868e-05
4.717591799773387311e-04
5.361038220401491807e-04
8.671140449283543453e-03
2.418273246829130837e-04
1.489041230203791443e-04
2.895467585713838986e-05
1.296644043606681642e-03
3.963577715715386617e-04
2.032532760317471018e-04
1.097476434050562074e-04
1.369726019084909364e-03
4.321153930693455783e-04
1.865558367807357585e-05
6.797206606500888655e-04
6.380916673971610007e-04
3.467838548624918062e-04
5.365258621011813399e-05
1.553253822904597536e-04
7.444136235094048898e-04
2.324828454530313427e-04
8.740899825539333833e-04
1.207105412583014991e-04
1.224195012751340579e-02
5.753510707003765302e-04
1.202511573299590384e-03
3.098042061136100701e-04
4.091928624234355714e-04
7.935422948226493120e-03
7.376090258213869851e-04
6.074212678598687500e-04
5.094438694470926040e-04
5.804472345387901846e-04
6.120933119671568287e-04
1.354339270920604287e-03
2.293170501421559304e-04
2.403885265105621348e-04
4.219163069253424451e-04
3.907988674917445163e-05
3.344062821804279326e-04
6.233090196039119775e-04
5.700532534508626721e-04
6.457226892483063736e-04
6.146768762076855171e-05
1.027870348103178128e-04
8.817432373589404902e-05
5.972164661697238310e-04
3.357756973215434608e-04
9.550101245892115773e-03
5.212007689911268360e-04
4.428213198622071227e-04
4.427318848114768050e-03
6.683641208608048301e-04
2.532760442904852119e-04
4.084227394746506486e-04
4.736138937195265601e-04
8.112458829372106112e-05
1.002284204594590823e-04
9.971666671562997555e-05
1.451075891293930067e-04
3.383775041177409897e-04
5.311351127478526965e-05
5.882089607252402510e-04
8.723912180013847694e-04
1.295127445961352652e-02
8.582334325756757129e-04
1.192332682154843735e-05
4.809713041908168633e-04
1.545258401408348262e-05
6.097883647803628137e-04
4.591843307593775829e-05
3.166277307350773089e-04
1.346401454285663232e-04
6.191935417409021166e-04
1.387048186419409307e-04
2.311715788405669628e-04
1.949198197700143713e-04
4.004501519523018726e-04
8.033799388325478432e-04
2.324828454530313427e-04
4.720564289312290172e-04
4.658490597178106167e-04
7.371468534325067859e-04
2.751675436075650934e-04
4.383543199430998028e-04
3.681619368990256334e-04
1.239001295969462688e-04
2.556992876997175033e-05
1.197672916382886560e-03
1.489821318957274768e-03
9.918644273881906635e-04
2.378077427656548988e-04
4.137088688286591487e-03
1.862737041000080986e-04
1.198787809101026886e-04
3.736960016369259680e-04
2.472777834760935564e-05
1.452037950870323712e-04
8.088339869094963042e-04
1.631417556386351077e-04
2.069406835909688182e-04
4.190272531370276541e-04
2.065232346944473763e-04
9.948058064035770250e-04
8.565749054322158856e-04
2.126327421095207599e-04
2.095111761105924249e-04
9.907935752413034151e-05
5.215249649835869503e-04
1.963624041545186097e-04
6.897662043544512981e-04
3.773640851355249733e-04
1.068325226016997396e-03
4.850728703180397163e-04
2.057718951271951448e-03
2.225529687722970155e-05
1.511747277779544509e-04
5.695315327577301495e-04
1.200561861091271502e-04
5.800785730779206605e-04
1.050007909394411572e-04
5.261334237871639159e-04
5.603586368655590457e-04
6.722924411303773506e-04
1.053023913250004554e-04
2.916137112628772914e-04
9.920080245633903365e-04
9.128818230076887362e-04
5.607561269303977611e-04
2.622234992910760535e-04
2.138679290218663612e-02
5.484898928937747458e-04
5.075242011564637477e-04
4.919689938690659882e-05
2.537094436696866215e-04
2.146082431349874875e-04
1.411996988822245003e-02
2.089323343208608803e-03
2.705680258991022551e-04
2.549741389965882077e-04
1.426814864645247751e-04
2.474771402390343227e-04
4.127138070672419661e-04
1.334161130164749030e-05
1.050667315021986065e-03
2.094935266574516936e-04
1.566989043947920575e-03
2.074970574828118898e-03
4.037904342033963364e-04
2.642776988334669423e-04
1.508780054939629653e-04
2.715956507421577685e-04
2.287525053299433169e-04
1.484950500420285794e-03
8.018177773523148125e-04
1.328277664971823152e-04
2.923981052056081427e-04
1.533093614958127258e-02
1.638181462730784951e-03
3.946899950957002620e-03
2.902874276553387887e-04
4.139680367270925769e-04
1.040632725147992103e-03
6.749220862891880347e-04
3.571385541737003184e-04
7.001251761079457271e-04
8.980645124106271041e-03
1.627762102512557787e-04
8.671140449283543453e-03
6.838521722834943126e-04
3.556407217384087872e-04
6.743721780685886426e-04
1.394581016730085188e-03
4.272117528813338685e-04
4.528587278432884538e-04
1.857800287995063073e-03
2.338980884778559986e-04
1.252861188439433841e-03
1.423444730767220066e-04
2.054514186145229508e-04
8.671140449283543453e-03
4.853749671997530189e-04
2.027427068842529057e-05
2.143955536538452529e-05
1.827122272055639010e-04
5.753272772856167115e-04
2.712274722281707756e-05
3.452459393420822999e-03
2.788916656516147985e-04
8.180955685375027953e-04
4.537454834573732289e-04
1.345404693427041829e-04
3.192906046749433772e-04
4.478629560016464872e-04
2.705680258991022551e-04
4.626212325117708515e-05
4.457827465686795259e-04
9.670902198336038882e-04
2.894194651255527803e-04
1.289810879280296968e-03
2.863262267894779131e-05
4.219163069253424451e-04
6.642776420681029321e-05
4.768556145434178230e-04
8.180955685375027953e-04
2.689841403766241685e-04
1.004302548253772345e-03
3.319544430490390958e-03
1.601239525571569028e-04
9.781639926306465085e-04
2.638849437245632140e-04
2.156152564710675566e-04
1.078320296777504281e-03
1.255277444578429148e-03
2.003674656347140964e-04
5.948911890028637682e-04
4.762442967506301614e-04
2.242481100766069533e-04
1.425779896262889057e-03
1.059444484972592781e-03
7.626906213201836747e-04
2.187161190887331353e-04
1.374603022763570825e-03
2.128264164535913910e-03
9.391608280831361061e-04
4.617681435315091482e-04
7.977170581146209504e-04
1.367264940765911983e-03
1.704435097804784854e-04
2.199264289648931395e-03
9.770179964810404242e-04
2.304392230700193320e-04
3.121933148544327251e-04
2.573189477331261138e-04
9.945402767791593538e-05
5.056635361282800631e-04
1.188795390775171612e-04
2.536784565528834093e-04
6.197728138469117253e-04
2.054514186145229508e-04
1.211969779400770455e-04
1.547140513430856224e-04
2.351161127692495353e-04
5.141271873896524798e-04
3.859373504920690038e-03
5.564808512712891755e-04
4.131039881856443750e-04
1.675982241937398569e-04
5.263476226546766595e-04
1.043248057693552637e-04
4.804905070258750906e-04
5.412990236401529446e-06
3.212194642493602838e-04
4.080821595335146950e-04
1.012471586757919220e-04
1.327812525636964394e-04
1.049877004340382929e-03
1.474582392951979926e-04
1.475607822804553531e-03
2.538949632775954444e-04
3.777869239893024062e-05
1.175454593789750047e-04
9.567081870371166048e-04
6.195260813644273932e-05
9.396112199881106813e-05
1.276600389058414955e-03
9.560889977235679734e-05
4.949448634598685838e-04
3.470177881938350844e-05
9.757469397986890303e-05
2.811845773327338355e-04
5.125941736325378235e-04
5.126563568009774412e-04
1.808280230297620546e-04
5.241766444953081458e-04
1.263413341143378426e-04
7.274539647403391318e-04
2.849494930256237977e-04
7.689776709348333057e-04
2.295917870548331522e-03
9.759934249840496114e-05
2.146287477966480825e-03
1.392061880002584684e-03
4.489834770729076753e-04
3.521388864228925481e-04
1.127208552087296655e-03
2.155759946894247187e-03
4.007084102393879241e-05
6.400402991755128456e-04
2.772047352480520822e-04
1.276844541553742024e-03
2.737658234563933833e-04
7.619930914682119995e-05
1.699988145831444076e-03
6.217672480543307879e-03
1.195741020847491867e-03
3.077906902772552830e-04
4.056971651782290069e-04
2.671056834133605281e-04
3.958354187082392846e-04
3.465137802044527957e-05
5.618674074361866425e-04
2.120378628221074451e-05
8.647391871553003744e-04
1.683416101626846394e-04
1.932836458093422684e-04
2.627316877170688823e-04
3.986568910550493741e-03
7.506778042699800918e-04
1.168371742326918981e-03
2.518611683239650647e-03
4.656104823034615280e-04
2.836468566920738628e-04
7.699500452957145117e-05
3.645777134755290804e-04
5.411783156180264122e-04
9.759934249840496114e-05
1.022677001460565657e-03
1.290275481786706899e-03
4.277063791480898510e-04
2.864096131063642906e-04
1.794577886632672608e-04
1.039646339903966057e-03
3.698126610207838074e-04
3.381303602707669579e-04
5.864420188943674688e-04
2.088354412087847735e-04
8.390926462584421012e-04
8.135829317893252270e-05
3.946372559306349573e-05
4.811295435846570036e-04
1.069087532450855411e-04
4.067549089986896896e-04
3.144145775458717521e-04
2.570116932459859220e-04
1.689471065859262766e-04
5.441516170292731496e-04
9.044098925944150274e-05
5.840067417206201228e-04
1.050007909394411572e-04
3.150911259663170577e-04
9.486439544919996435e-04
4.825410456073274987e-04
3.180373573270613933e-03
4.280333274263931542e-04
2.237440115351160201e-04
4.089012027093084120e-04
4.957499951030996119e-04
3.080214110433080306e-05
1.171931282397065338e-03
3.981871443994863986e-03
2.314525204398470537e-04
2.937718711910044991e-03
8.002299057536971542e-04
2.840303142232050758e-04
3.653268190612356833e-04
1.719114624830918444e-03
1.720403299684019911e-03
5.014165847858369131e-04
1.040632725147992103e-03
3.743337245850051915e-04
5.864786399725509101e-05
1.542743274444027465e-03
2.408301860775453364e-03
1.659412629772671378e-03
6.098540681746561932e-04
2.277382316379593201e-03
3.470177881938350844e-05
1.156327679123411034e-04
2.587302216127189912e-04
1.968184455152518098e-03
7.190219531747850043e-04
1.068787434399654781e-03
1.230785500834939358e-03
1.907327642069558168e-04
2.039231205844449957e-04
1.365509434364216084e-04
9.421524108265808383e-06
1.037735329426490993e-03
1.249701296343049689e-03
2.461094689432910976e-04
7.541200633793221321e-04
9.922802130534660436e-04
1.894725596758417303e-03
2.694210330605433922e-03
8.357558894972399533e-04
1.363547959906766379e-03
5.811456693767746377e-04
4.654508083599201364e-04
1.148432412075891921e-04
1.722254074733675514e-03
7.518293774895026295e-04
1.378259709572716182e-04
1.060234979720266245e-03
7.741841816490634392e-04
4.600264380338101684e-04
1.188177173438913030e-04
6.380916673971610007e-04
3.316071250161324244e-03
9.137030621824203218e-04
1.590340443936632013e-03
3.869383456535656937e-04
4.100076859347253537e-04
5.570638758151020848e-04
2.130205847885818338e-04
2.746689354264745544e-04
3.616780535562853175e-03
3.342400351488030558e-05
3.599552520159829709e-04
1.440729231225319187e-04
7.429801383357471185e-04
1.325190826522351227e-04
2.171651587088211949e-03
9.759934249840496114e-05
1.404298963397548373e-03
1.510718797648447325e-04
4.984219159460901507e-05
1.545258401408348262e-05
5.106278461000176601e-05
6.860913704864746165e-04
4.901093710115827498e-04
6.124081803783843706e-04
2.937718711910044991e-03
1.561822884612745505e-04
1.314436408065481785e-03
1.625564459959113247e-03
1.211246536600452817e-04
1.014527617418153156e-03
4.511668107471489102e-04
3.804338229674507593e-04
1.798189793286252935e-04
4.886397574633555155e-04
2.896793280454607798e-05
9.759934249840496114e-05
2.741446116548239406e-04
1.131965703011394726e-03
3.405112698650361591e-02
4.007084102393879241e-05
4.805413967825075856e-04
1.109817889607655908e-03
4.397855126160175507e-04
4.425477798484724751e-02
5.268140270044269213e-04
1.389494037935955662e-04
1.372427305724623200e-03
2.459768842732063259e-04
2.326491457129179429e-04
8.681520122318934750e-06
1.035286701760377084e-03
2.123093076306605995e-04
2.741446116548239406e-04
1.361001523969513965e-03
3.270447661029003781e-03
1.812746879944120506e-04
3.367104794062208777e-04
1.216809876632644606e-04
1.411132591375292540e-03
5.834137710539809236e-05
3.442199078511593122e-04
1.047842859823294379e-03
1.145914857517318756e-04
8.090709803988461763e-05
7.350449832286806750e-04
6.161858450929339967e-04
5.746507392833700989e-04
5.197079264245233615e-04
1.350112731664103623e-02
3.732592422462610538e-04
1.898915356855573563e-04
1.295902269433928762e-03
1.186761295989293558e-03
1.586329749627981688e-03
2.823075183906055942e-04
1.154094025521382221e-04
2.394062620836595481e-04
5.522342692789142422e-04
5.705136255010501839e-04
1.678986107848174823e-04
3.209604980275334554e-04
4.464011479473938758e-05
3.624283964843587791e-04
1.185721505704015379e-03
2.047937979008495474e-04
2.181575016481301997e-04
1.977571514138423041e-04
1.371746330695287094e-04
4.202926793595005740e-03
3.109550698464571975e-04
6.402110118057562560e-05
5.211750486907148545e-05
1.423444730767220066e-04
4.811007409557051424e-04
8.001466834933582172e-04
1.013909190486238151e-04
1.005690436763499095e-04
9.955185061950536790e-04
1.806628272934631991e-04
4.165489661449380161e-03
8.390926462584421012e-04
1.027812395582774888e-04
3.071935201632718148e-05
5.371528212422930788e-04
1.804166923170087743e-03
9.918644273881906635e-04
2.744088966525085006e-04
1.623368222522837158e-04
7.845279977774939064e-04
5.630703838809795634e-04
4.364999849089192560e-04
7.503243951167455498e-04
9.931727201289148113e-03
2.726400253533031617e-04
1.586329749627981688e-03
1.150934122269999215e-04
2.463647319480775076e-04
5.788243482784864811e-04
9.670902198336038882e-04
4.202926793595005740e-03
1.295864941867145778e-03
3.707591351489984569e-04
8.125671151479269070e-06
3.162236797034468174e-04
7.062085720883761819e-04
2.273936088439384778e-05
2.118244914266243526e-05
1.099386447830904027e-03
3.943460688268208246e-04
4.867912954056116833e-04
4.471693544802249863e-04
6.682085117381990401e-05
1.698788713561346958e-05
6.984438777854238634e-04
9.563670636477813406e-04
2.886086898497166155e-04
2.791582371949444035e-04
2.634970759599647439e-03
1.273774504745673506e-05
6.318428445984944136e-04
1.251598875099649631e-05
1.130828228411676030e-03
1.024247605456549961e-03
1.085797864544412215e-04
4.459084037156440562e-03
5.450185518760862578e-04
4.883326408010356737e-04
6.319890835618903409e-06
2.987601029361659040e-04
7.626906213201836747e-04
4.596255200657888598e-05
1.387705907760587099e-05
1.004094526047418379e-03
7.434120489113205674e-04
2.929916530159189952e-04
3.013831975665989967e-04
4.607604202848891392e-04
1.959902727508297602e-04
1.655912651902814918e-05
3.833482485640004266e-04
1.769507315199967158e-05
1.638505076301309082e-04
2.296862676606917567e-04
5.103852107880680168e-04
2.138679290218663612e-02
5.784515033963337841e-03
1.397981602288733607e-04
4.089012027093084120e-04
5.094219954677489497e-04
3.840410193623009383e-04
1.300151638419688629e-04
6.951245515252556760e-04
1.680922422173644680e-04
1.340098286870802845e-04
1.355927030741520484e-03
2.765566734812490270e-04
6.651911399915091700e-05
2.914128287934289138e-04
8.233383612018345117e-05
1.388384766553191468e-03
2.610949499989630856e-03
2.425850909739133213e-04
6.319866515409280731e-03
4.021936683683498856e-04
1.411245961699454817e-04
1.169471457151399904e-03
1.501811955123476590e-05
5.367042168848411851e-04
8.062836657234834789e-04
1.188673288794529396e-04
1.808764731908624667e-03
4.746409014368076001e-04
3.505432470363364092e-04
4.286551142650070782e-04
8.498788283107333542e-04
7.898743595899696511e-04
4.480645681853085067e-04
7.931400470895183595e-05
7.467616433106941384e-06
2.332811752044385272e-04
4.026963707055888388e-03
2.590434921886282556e-03
1.191120940810801735e-04
1.410444006933901651e-03
1.245911285647597635e-04
2.173404175793522300e-04
4.991533259974455412e-03
2.849494930256237977e-04
4.089351408233936639e-04
6.645825362045422078e-05
1.154490550377749829e-02
1.061769634680213067e-03
5.487701087395627838e-04
8.756888556015971761e-04
1.545733131966883691e-03
6.781324083836766121e-04
2.002070800376598114e-04
1.594446991440168909e-04
1.364640584531108547e-04
6.133685811461382512e-04
1.062445877404014430e-03
1.392061880002584684e-03
4.603758467562421726e-04
5.640174943012602057e-05
4.222901188994270037e-04
3.908922113039870003e-04
7.023340182738556153e-04
3.483547260360502287e-04
1.001689490708192827e-04
6.688842830420174647e-04
1.049937527317771534e-04
3.184031036750898692e-04
1.000467900518715045e-03
1.268067746500262756e-03
2.429968706712032876e-03
4.170140273351319359e-04
4.392296718475261993e-04
8.292181270736097200e-04
3.845149070031316971e-04
4.176366444956317600e-04
4.313299692305321400e-04
1.778193324616644940e-03
1.331417331899630062e-03
9.936881863623228759e-04
2.871021091056301031e-03
2.716896505180681578e-04
4.109802785307440677e-04
