9.336284477696993989e+00
9.336178568201168204e+00
9.337703807544821544e+00
9.337395088882088245e+00
9.334066384930810756e+00
9.337026482056097976e+00
9.338351640411223897e+00
9.340505317689773435e+00
9.342563027595922165e+00
9.337123809758049120e+00
9.336284477696993989e+00
9.336178568201168204e+00
9.337703807544821544e+00
9.337395088882088245e+00
9.334066384930810756e+00
9.337026482056097976e+00
9.338351640411223897e+00
9.340505317689773435e+00
8.904798862688378946e+00
9.342563027595922165e+00
9.336284477696993989e+00
9.336178568201168204e+00
9.337703807544821544e+00
9.337395088882088245e+00
9.334066384930810756e+00
9.337026482056097976e+00
9.338351640411223897e+00
9.340505317689773435e+00
9.342563027595922165e+00
9.337123809758049120e+00
9.341606370494584866e+00
9.336284477696993989e+00
9.336178568201168204e+00
9.337703807544821544e+00
9.337395088882088245e+00
9.334066384930810756e+00
9.337026482056097976e+00
9.338351640411223897e+00
9.340505317689773435e+00
9.342563027595922165e+00
9.336284477696993989e+00
9.336178568201168204e+00
9.337703807544821544e+00
9.337395088882088245e+00
9.334066384930810756e+00
9.117454846088973497e+00
9.337026482056097976e+00
9.338351640411223897e+00
9.340505317689773435e+00
9.342563027595922165e+00
8.472392095295644410e+00
9.336284477696993989e+00
9.336178568201168204e+00
9.280553575451495618e+00
9.337703807544821544e+00
9.337395088882088245e+00
9.334066384930810756e+00
9.337026482056097976e+00
9.338351640411223897e+00
9.340505317689773435e+00
9.063287984560382426e+00
9.336284477696993989e+00
9.336178568201168204e+00
9.337703807544821544e+00
9.337395088882088245e+00
9.334066384930810756e+00
9.337026482056097976e+00
9.338351640411223897e+00
9.340505317689773435e+00
9.342563027595922165e+00
9.336284477696993989e+00
9.336178568201168204e+00
9.337703807544821544e+00
9.337395088882088245e+00
9.334066384930810756e+00
9.337026482056097976e+00
9.338351640411223897e+00
9.340505317689773435e+00
9.342563027595922165e+00
9.337123809758049120e+00
9.336284477696993989e+00
9.336178568201168204e+00
9.337703807544821544e+00
9.337395088882088245e+00
9.334066384930810756e+00
9.337026482056097976e+00
9.338351640411223897e+00
9.340505317689773435e+00
8.689542667587019764e+00
9.342563027595922165e+00
9.336284477696993989e+00
9.336178568201168204e+00
9.337703807544821544e+00
9.337395088882088245e+00
9.334066384930810756e+00
9.337026482056097976e+00
9.338351640411223897e+00
9.340505317689773435e+00
9.342563027595922165e+00
9.337123809758049120e+00
9.336284477696993989e+00
9.336178568201168204e+00
9.337703807544821544e+00
9.337395088882088245e+00
9.334066384930810756e+00
9.337026482056097976e+00
9.338351640411223897e+00
9.340505317689773435e+00
9.342563027595922165e+00
9.165548747743974545e+00
9.336284477696993989e+00
9.336178568201168204e+00
9.337703807544821544e+00
9.337395088882088245e+00
9.334066384930810756e+00
8.705607449776247009e+00
9.337026482056097976e+00
9.338351640411223897e+00
9.340505317689773435e+00
9.342563027595922165e+00
9.159285937252651166e+00
9.336284477696993989e+00
9.336178568201168204e+00
9.337703807544821544e+00
9.337395088882088245e+00
9.334066384930810756e+00
9.337026482056097976e+00
9.338351640411223897e+00
9.340505317689773435e+00
9.342563027595922165e+00
9.336284477696993989e+00
9.336178568201168204e+00
9.337703807544821544e+00
9.337395088882088245e+00
9.334066384930810756e+00
9.337026482056097976e+00
9.338351640411223897e+00
9.340505317689773435e+00
9.342563027595922165e+00
9.337123809758049120e+00
9.336284477696993989e+00
9.336178568201168204e+00
9.337703807544821544e+00
9.337395088882088245e+00
9.334066384930810756e+00
9.337026482056097976e+00
9.338351640411223897e+00
9.340505317689773435e+00
9.325581688999124097e+00
9.342563027595922165e+00
9.336284477696993989e+00
9.336178568201168204e+00
9.337703807544821544e+00
9.337395088882088245e+00
9.334066384930810756e+00
9.337026482056097976e+00
9.338351640411223897e+00
9.340505317689773435e+00
9.342563027595922165e+00
9.337123809758049120e+00
9.336284477696993989e+00
8.952960391928652228e+00
9.336178568201168204e+00
9.337703807544821544e+00
9.337395088882088245e+00
9.334066384930810756e+00
9.187791282596670328e+00
9.337026482056097976e+00
8.881238164723109563e+00
9.338351640411223897e+00
9.336284477696993989e+00
9.336178568201168204e+00
9.337703807544821544e+00
9.337395088882088245e+00
9.334066384930810756e+00
9.235125828644971335e+00
9.337026482056097976e+00
9.156366099271258108e+00
9.338351640411223897e+00
9.340505317689773435e+00
9.336284477696993989e+00
9.336178568201168204e+00
9.337703807544821544e+00
8.794573530925637428e+00
9.337395088882088245e+00
9.334066384930810756e+00
9.337026482056097976e+00
9.338351640411223897e+00
9.340505317689773435e+00
9.342563027595922165e+00
9.336284477696993989e+00
9.336178568201168204e+00
9.337703807544821544e+00
9.337395088882088245e+00
9.334066384930810756e+00
9.337026482056097976e+00
9.338351640411223897e+00
9.340505317689773435e+00
9.337123809758049120e+00
9.340016054921736810e+00
9.336284477696993989e+00
9.336178568201168204e+00
9.337703807544821544e+00
9.337395088882088245e+00
9.334066384930810756e+00
9.337026482056097976e+00
9.338351640411223897e+00
9.340505317689773435e+00
9.342563027595922165e+00
9.337123809758049120e+00
9.336284477696993989e+00
9.336178568201168204e+00
9.337703807544821544e+00
9.337395088882088245e+00
9.334066384930810756e+00
9.337026482056097976e+00
9.338351640411223897e+00
9.340505317689773435e+00
9.342563027595922165e+00
9.337123809758049120e+00
9.336284477696993989e+00
9.336178568201168204e+00
9.337703807544821544e+00
9.337395088882088245e+00
8.811600656904989393e+00
9.334066384930810756e+00
9.337026482056097976e+00
9.338351640411223897e+00
9.340505317689773435e+00
9.337123809758049120e+00
9.336284477696993989e+00
9.336178568201168204e+00
9.337703807544821544e+00
9.337395088882088245e+00
9.334066384930810756e+00
9.129066097867704954e+00
9.337026482056097976e+00
9.338351640411223897e+00
9.340505317689773435e+00
9.342563027595922165e+00
9.336284477696993989e+00
9.336178568201168204e+00
9.342054080547104178e+00
9.337703807544821544e+00
9.337395088882088245e+00
9.281653266154888726e+00
9.334066384930810756e+00
9.337026482056097976e+00
9.338351640411223897e+00
9.340505317689773435e+00
9.336284477696993989e+00
9.336178568201168204e+00
9.337703807544821544e+00
9.337395088882088245e+00
9.334066384930810756e+00
9.337026482056097976e+00
9.338351640411223897e+00
9.340505317689773435e+00
9.342563027595922165e+00
9.337123809758049120e+00
9.336284477696993989e+00
9.336178568201168204e+00
9.337703807544821544e+00
8.900651517418550540e+00
9.337395088882088245e+00
9.334066384930810756e+00
9.337026482056097976e+00
9.338351640411223897e+00
9.340505317689773435e+00
9.342563027595922165e+00
9.336284477696993989e+00
9.336178568201168204e+00
9.337703807544821544e+00
9.337395088882088245e+00
9.334066384930810756e+00
9.337026482056097976e+00
9.338351640411223897e+00
9.340505317689773435e+00
9.342563027595922165e+00
9.337123809758049120e+00
9.336284477696993989e+00
9.336178568201168204e+00
9.337703807544821544e+00
9.337395088882088245e+00
9.334066384930810756e+00
9.337026482056097976e+00
9.338351640411223897e+00
9.340505317689773435e+00
9.342563027595922165e+00
9.337123809758049120e+00
9.336284477696993989e+00
9.336178568201168204e+00
9.337703807544821544e+00
9.337395088882088245e+00
9.334066384930810756e+00
8.878177768336559694e+00
9.337026482056097976e+00
9.338351640411223897e+00
9.340505317689773435e+00
9.342563027595922165e+00
9.336284477696993989e+00
9.336178568201168204e+00
9.337703807544821544e+00
9.337395088882088245e+00
9.334066384930810756e+00
9.337026482056097976e+00
8.875948547919554343e+00
9.338351640411223897e+00
9.340505317689773435e+00
9.342563027595922165e+00
9.336284477696993989e+00
9.336178568201168204e+00
9.337703807544821544e+00
9.337395088882088245e+00
9.334066384930810756e+00
9.337026482056097976e+00
9.338351640411223897e+00
9.340505317689773435e+00
9.342563027595922165e+00
9.337123809758049120e+00
9.336284477696993989e+00
9.336178568201168204e+00
9.337703807544821544e+00
9.337395088882088245e+00
9.334066384930810756e+00
9.337026482056097976e+00
9.338351640411223897e+00
9.340505317689773435e+00
9.083057995632428216e+00
9.342563027595922165e+00
9.336284477696993989e+00
9.336178568201168204e+00
9.337703807544821544e+00
9.337395088882088245e+00
9.334066384930810756e+00
9.337026482056097976e+00
9.338351640411223897e+00
9.340505317689773435e+00
9.342563027595922165e+00
9.337123809758049120e+00
9.336284477696993989e+00
9.336178568201168204e+00
9.337703807544821544e+00
9.327516918610818664e+00
9.337395088882088245e+00
9.334066384930810756e+00
9.337026482056097976e+00
9.338351640411223897e+00
9.340505317689773435e+00
9.342563027595922165e+00
9.336284477696993989e+00
9.336178568201168204e+00
9.337703807544821544e+00
9.337395088882088245e+00
9.334066384930810756e+00
8.705429425109505459e+00
9.337026482056097976e+00
9.338351640411223897e+00
9.340505317689773435e+00
9.342563027595922165e+00
9.336284477696993989e+00
9.336178568201168204e+00
9.337703807544821544e+00
9.337395088882088245e+00
9.334066384930810756e+00
9.337026482056097976e+00
9.338351640411223897e+00
9.340505317689773435e+00
9.342563027595922165e+00
9.337123809758049120e+00
9.336284477696993989e+00
9.336178568201168204e+00
9.337703807544821544e+00
9.337395088882088245e+00
9.334066384930810756e+00
9.337026482056097976e+00
9.338351640411223897e+00
9.340505317689773435e+00
9.342563027595922165e+00
9.337123809758049120e+00
9.336284477696993989e+00
9.336178568201168204e+00
9.337703807544821544e+00
9.337395088882088245e+00
9.334066384930810756e+00
9.015798948541597468e+00
9.337026482056097976e+00
9.338351640411223897e+00
9.340505317689773435e+00
9.342563027595922165e+00
9.336284477696993989e+00
9.336178568201168204e+00
9.337703807544821544e+00
9.337395088882088245e+00
9.334066384930810756e+00
8.705429425109505459e+00
9.154799106018705501e+00
9.337026482056097976e+00
9.338351640411223897e+00
9.340505317689773435e+00
9.336284477696993989e+00
9.336178568201168204e+00
9.337703807544821544e+00
9.337395088882088245e+00
9.334066384930810756e+00
9.337026482056097976e+00
9.338351640411223897e+00
9.340505317689773435e+00
9.342563027595922165e+00
9.337123809758049120e+00
9.336284477696993989e+00
9.336178568201168204e+00
9.337703807544821544e+00
9.337395088882088245e+00
9.334066384930810756e+00
9.337026482056097976e+00
9.338351640411223897e+00
9.340505317689773435e+00
9.342563027595922165e+00
9.337123809758049120e+00
9.336284477696993989e+00
9.336178568201168204e+00
9.337703807544821544e+00
9.337395088882088245e+00
9.334066384930810756e+00
9.161709392621203207e+00
9.337026482056097976e+00
9.338351640411223897e+00
9.340505317689773435e+00
9.159483336873826431e+00
9.336284477696993989e+00
9.336178568201168204e+00
9.337703807544821544e+00
9.337395088882088245e+00
9.334066384930810756e+00
9.337026482056097976e+00
8.837139330910073198e+00
9.338351640411223897e+00
9.340505317689773435e+00
9.342563027595922165e+00
9.101743851587340117e+00
9.336284477696993989e+00
9.336178568201168204e+00
9.337703807544821544e+00
9.337395088882088245e+00
9.334066384930810756e+00
9.337026482056097976e+00
9.338351640411223897e+00
9.340505317689773435e+00
9.342563027595922165e+00
9.336284477696993989e+00
9.336178568201168204e+00
9.337703807544821544e+00
9.154812595875652548e+00
9.337395088882088245e+00
9.334066384930810756e+00
9.337026482056097976e+00
9.338351640411223897e+00
9.340505317689773435e+00
9.342563027595922165e+00
9.336284477696993989e+00
9.336178568201168204e+00
9.325062421359653797e+00
9.337703807544821544e+00
9.337395088882088245e+00
9.334066384930810756e+00
9.337026482056097976e+00
9.338351640411223897e+00
9.340505317689773435e+00
9.342563027595922165e+00
9.336284477696993989e+00
9.336178568201168204e+00
9.337703807544821544e+00
9.337395088882088245e+00
9.334066384930810756e+00
9.337026482056097976e+00
9.338351640411223897e+00
9.340505317689773435e+00
9.342563027595922165e+00
9.337123809758049120e+00
9.336284477696993989e+00
9.336178568201168204e+00
9.337703807544821544e+00
8.811655769821266304e+00
9.337395088882088245e+00
8.778600806356006814e+00
9.334066384930810756e+00
8.443620945509907827e+00
9.337026482056097976e+00
9.338351640411223897e+00
9.336284477696993989e+00
9.336178568201168204e+00
9.337703807544821544e+00
9.337395088882088245e+00
9.334066384930810756e+00
9.249167602706458879e+00
9.337026482056097976e+00
9.338351640411223897e+00
9.340505317689773435e+00
9.342563027595922165e+00
9.336284477696993989e+00
9.336178568201168204e+00
9.337703807544821544e+00
9.337395088882088245e+00
8.993640020969882798e+00
9.334066384930810756e+00
9.337026482056097976e+00
9.338351640411223897e+00
9.340505317689773435e+00
9.342563027595922165e+00
9.336284477696993989e+00
9.336178568201168204e+00
9.150264415376677007e+00
9.337703807544821544e+00
9.337395088882088245e+00
9.334066384930810756e+00
9.337026482056097976e+00
9.338351640411223897e+00
9.340505317689773435e+00
9.000616157534823358e+00
9.336284477696993989e+00
9.336178568201168204e+00
9.337703807544821544e+00
9.300658219655877801e+00
9.337395088882088245e+00
9.334066384930810756e+00
9.337026482056097976e+00
9.338351640411223897e+00
9.340505317689773435e+00
9.342563027595922165e+00
9.336284477696993989e+00
9.336178568201168204e+00
9.337703807544821544e+00
9.337395088882088245e+00
9.334066384930810756e+00
9.337026482056097976e+00
9.338351640411223897e+00
9.340505317689773435e+00
9.107733857920836229e+00
9.342563027595922165e+00
9.336284477696993989e+00
9.336178568201168204e+00
9.337703807544821544e+00
9.337395088882088245e+00
9.334066384930810756e+00
9.338351640411223897e+00
9.340505317689773435e+00
9.342563027595922165e+00
9.337123809758049120e+00
9.340016054921736810e+00
9.336284477696993989e+00
9.336178568201168204e+00
9.338881131898363108e+00
9.337703807544821544e+00
9.337395088882088245e+00
9.334066384930810756e+00
9.337026482056097976e+00
9.338351640411223897e+00
9.340505317689773435e+00
9.342563027595922165e+00
9.336284477696993989e+00
9.336178568201168204e+00
9.337703807544821544e+00
9.337395088882088245e+00
9.334066384930810756e+00
9.337026482056097976e+00
9.338351640411223897e+00
9.340505317689773435e+00
9.342563027595922165e+00
9.337123809758049120e+00
9.336284477696993989e+00
9.336178568201168204e+00
9.337703807544821544e+00
9.337395088882088245e+00
9.334066384930810756e+00
9.337026482056097976e+00
9.338351640411223897e+00
9.340505317689773435e+00
9.342563027595922165e+00
9.337123809758049120e+00
9.336284477696993989e+00
9.336178568201168204e+00
9.337703807544821544e+00
9.337395088882088245e+00
9.334066384930810756e+00
8.624090730659039750e+00
8.498643610551471994e+00
9.337026482056097976e+00
8.837139330910073198e+00
9.338351640411223897e+00
9.263558749432116102e+00
9.336284477696993989e+00
9.336178568201168204e+00
9.337703807544821544e+00
9.337395088882088245e+00
9.334066384930810756e+00
9.337026482056097976e+00
9.338351640411223897e+00
9.340505317689773435e+00
9.342563027595922165e+00
9.336284477696993989e+00
9.336178568201168204e+00
9.337703807544821544e+00
9.337395088882088245e+00
9.334066384930810756e+00
9.337026482056097976e+00
9.338351640411223897e+00
9.340505317689773435e+00
9.342563027595922165e+00
9.337123809758049120e+00
9.336284477696993989e+00
9.336178568201168204e+00
9.337703807544821544e+00
9.337395088882088245e+00
9.334066384930810756e+00
9.307516536824421038e+00
9.337026482056097976e+00
9.338351640411223897e+00
9.340505317689773435e+00
9.191252745526229617e+00
9.336284477696993989e+00
9.336178568201168204e+00
9.337703807544821544e+00
9.337395088882088245e+00
9.334066384930810756e+00
9.337026482056097976e+00
9.338351640411223897e+00
9.340505317689773435e+00
9.342563027595922165e+00
9.337123809758049120e+00
9.336284477696993989e+00
9.336178568201168204e+00
9.337703807544821544e+00
9.337395088882088245e+00
9.334066384930810756e+00
9.337026482056097976e+00
9.338351640411223897e+00
9.340505317689773435e+00
9.342563027595922165e+00
9.337123809758049120e+00
9.336284477696993989e+00
9.336178568201168204e+00
9.337703807544821544e+00
9.337395088882088245e+00
8.961295072654115401e+00
9.334066384930810756e+00
9.337026482056097976e+00
9.338351640411223897e+00
9.340505317689773435e+00
9.342563027595922165e+00
9.336284477696993989e+00
9.336178568201168204e+00
9.337703807544821544e+00
9.337395088882088245e+00
9.334066384930810756e+00
9.337026482056097976e+00
9.338351640411223897e+00
9.340505317689773435e+00
9.233811691509508535e+00
9.342563027595922165e+00
9.336284477696993989e+00
9.336178568201168204e+00
9.337703807544821544e+00
9.337395088882088245e+00
9.334066384930810756e+00
9.337026482056097976e+00
9.338351640411223897e+00
9.340505317689773435e+00
9.342563027595922165e+00
9.337123809758049120e+00
9.336284477696993989e+00
9.336178568201168204e+00
9.337703807544821544e+00
9.337395088882088245e+00
9.334066384930810756e+00
9.323701269196385866e+00
9.337026482056097976e+00
9.338351640411223897e+00
9.340505317689773435e+00
9.342563027595922165e+00
9.336284477696993989e+00
9.336178568201168204e+00
8.980739092220376918e+00
9.337703807544821544e+00
9.337395088882088245e+00
9.334066384930810756e+00
9.337026482056097976e+00
9.338351640411223897e+00
9.340505317689773435e+00
9.342563027595922165e+00
9.336284477696993989e+00
9.336178568201168204e+00
9.337703807544821544e+00
9.337395088882088245e+00
9.334066384930810756e+00
8.519306683348396803e+00
9.337026482056097976e+00
9.338351640411223897e+00
9.340505317689773435e+00
9.342563027595922165e+00
9.336284477696993989e+00
9.336178568201168204e+00
9.337703807544821544e+00
9.337395088882088245e+00
9.334066384930810756e+00
9.340216348011850300e+00
9.337026482056097976e+00
9.338351640411223897e+00
9.340505317689773435e+00
9.342563027595922165e+00
9.336284477696993989e+00
9.336178568201168204e+00
9.337703807544821544e+00
9.337395088882088245e+00
9.334066384930810756e+00
9.337026482056097976e+00
9.338351640411223897e+00
9.340505317689773435e+00
9.342563027595922165e+00
9.337123809758049120e+00
9.336284477696993989e+00
9.336178568201168204e+00
9.337703807544821544e+00
9.337395088882088245e+00
9.334066384930810756e+00
9.337026482056097976e+00
9.338351640411223897e+00
9.340505317689773435e+00
9.342563027595922165e+00
9.337123809758049120e+00
9.336284477696993989e+00
9.336178568201168204e+00
9.337703807544821544e+00
9.337395088882088245e+00
9.175353969300701351e+00
9.334066384930810756e+00
9.061436254704824833e+00
9.337026482056097976e+00
9.338351640411223897e+00
9.340505317689773435e+00
9.336284477696993989e+00
9.336178568201168204e+00
9.337703807544821544e+00
9.337395088882088245e+00
9.334066384930810756e+00
8.378853511871572124e+00
9.337026482056097976e+00
9.338351640411223897e+00
9.340505317689773435e+00
9.342563027595922165e+00
9.336284477696993989e+00
9.336178568201168204e+00
9.337703807544821544e+00
9.337395088882088245e+00
9.334066384930810756e+00
9.337026482056097976e+00
9.338351640411223897e+00
9.340505317689773435e+00
9.342563027595922165e+00
9.337123809758049120e+00
9.336284477696993989e+00
9.336178568201168204e+00
9.337703807544821544e+00
9.337395088882088245e+00
9.334066384930810756e+00
9.178649686978745947e+00
9.337026482056097976e+00
9.338351640411223897e+00
9.340505317689773435e+00
9.342563027595922165e+00
9.336284477696993989e+00
9.336178568201168204e+00
9.337703807544821544e+00
9.300658219655877801e+00
9.337395088882088245e+00
9.334066384930810756e+00
9.337026482056097976e+00
9.338351640411223897e+00
9.340505317689773435e+00
8.773157159107961789e+00
9.336284477696993989e+00
9.336178568201168204e+00
9.337703807544821544e+00
9.337395088882088245e+00
9.334066384930810756e+00
9.337026482056097976e+00
9.338351640411223897e+00
9.340505317689773435e+00
9.342563027595922165e+00
9.337123809758049120e+00
9.336284477696993989e+00
9.336178568201168204e+00
9.337703807544821544e+00
9.337395088882088245e+00
9.334066384930810756e+00
9.337026482056097976e+00
9.338351640411223897e+00
9.340505317689773435e+00
9.342563027595922165e+00
8.580500355916257149e+00
9.336284477696993989e+00
9.336178568201168204e+00
9.219265063838449237e+00
9.337703807544821544e+00
9.337395088882088245e+00
9.334066384930810756e+00
9.337026482056097976e+00
9.000698596793275996e+00
9.338351640411223897e+00
9.340505317689773435e+00
9.336284477696993989e+00
9.336178568201168204e+00
9.337703807544821544e+00
9.337395088882088245e+00
9.334066384930810756e+00
9.337026482056097976e+00
9.338351640411223897e+00
9.340505317689773435e+00
9.342563027595922165e+00
9.337123809758049120e+00
9.336284477696993989e+00
9.336178568201168204e+00
9.337703807544821544e+00
9.337395088882088245e+00
9.334066384930810756e+00
9.337026482056097976e+00
9.338351640411223897e+00
9.340505317689773435e+00
9.342563027595922165e+00
9.337123809758049120e+00
9.336284477696993989e+00
9.336178568201168204e+00
9.337703807544821544e+00
9.337395088882088245e+00
9.334066384930810756e+00
8.978991994283235911e+00
9.337026482056097976e+00
9.338351640411223897e+00
9.340505317689773435e+00
9.210477702150816626e+00
9.336284477696993989e+00
9.336178568201168204e+00
9.337703807544821544e+00
9.337395088882088245e+00
9.334066384930810756e+00
9.337026482056097976e+00
9.338351640411223897e+00
9.340505317689773435e+00
9.342563027595922165e+00
9.337123809758049120e+00
9.336284477696993989e+00
9.336178568201168204e+00
9.337703807544821544e+00
9.337395088882088245e+00
9.334066384930810756e+00
9.337026482056097976e+00
9.338351640411223897e+00
9.340505317689773435e+00
9.342563027595922165e+00
9.337123809758049120e+00
9.336284477696993989e+00
9.336178568201168204e+00
9.337703807544821544e+00
9.337395088882088245e+00
9.334066384930810756e+00
8.645446978282326000e+00
9.337026482056097976e+00
9.338351640411223897e+00
9.340505317689773435e+00
9.342563027595922165e+00
9.336284477696993989e+00
8.952960391928652228e+00
9.336178568201168204e+00
9.337703807544821544e+00
9.337395088882088245e+00
9.334066384930810756e+00
9.337026482056097976e+00
9.338351640411223897e+00
9.340505317689773435e+00
9.342563027595922165e+00
9.336284477696993989e+00
9.336178568201168204e+00
9.337703807544821544e+00
9.337395088882088245e+00
9.334066384930810756e+00
9.337026482056097976e+00
9.338351640411223897e+00
9.340505317689773435e+00
9.342563027595922165e+00
9.337123809758049120e+00
9.336284477696993989e+00
9.337703807544821544e+00
9.337395088882088245e+00
9.334066384930810756e+00
9.337026482056097976e+00
9.338351640411223897e+00
9.340505317689773435e+00
9.342563027595922165e+00
9.337123809758049120e+00
9.340016054921736810e+00
9.336284477696993989e+00
9.336178568201168204e+00
9.337703807544821544e+00
9.337395088882088245e+00
9.334066384930810756e+00
9.337026482056097976e+00
9.314544077880009709e+00
9.338351640411223897e+00
9.340505317689773435e+00
9.342563027595922165e+00
9.336284477696993989e+00
9.336178568201168204e+00
9.337703807544821544e+00
9.337395088882088245e+00
9.334066384930810756e+00
9.337026482056097976e+00
9.338351640411223897e+00
9.340505317689773435e+00
9.342563027595922165e+00
9.337123809758049120e+00
9.336284477696993989e+00
9.336178568201168204e+00
9.337703807544821544e+00
9.193699794568619410e+00
9.337395088882088245e+00
9.334066384930810756e+00
9.168647727468446362e+00
9.337026482056097976e+00
9.338351640411223897e+00
9.340505317689773435e+00
9.336284477696993989e+00
9.336178568201168204e+00
8.872221794724348243e+00
9.337703807544821544e+00
9.337395088882088245e+00
9.334066384930810756e+00
9.337026482056097976e+00
9.338351640411223897e+00
9.340505317689773435e+00
9.342563027595922165e+00
9.336284477696993989e+00
9.336178568201168204e+00
9.337703807544821544e+00
9.337395088882088245e+00
9.334066384930810756e+00
9.330195160604407789e+00
9.337026482056097976e+00
9.338351640411223897e+00
9.340505317689773435e+00
9.342563027595922165e+00
9.336284477696993989e+00
9.336178568201168204e+00
9.337703807544821544e+00
9.337395088882088245e+00
9.334066384930810756e+00
9.337026482056097976e+00
9.338351640411223897e+00
9.340505317689773435e+00
9.342563027595922165e+00
9.337123809758049120e+00
9.336284477696993989e+00
9.336178568201168204e+00
9.337703807544821544e+00
9.337395088882088245e+00
9.334066384930810756e+00
9.337026482056097976e+00
9.338351640411223897e+00
9.340505317689773435e+00
9.342563027595922165e+00
9.337123809758049120e+00
9.336284477696993989e+00
9.336178568201168204e+00
9.337703807544821544e+00
9.337395088882088245e+00
9.334066384930810756e+00
8.857459281940442963e+00
9.337026482056097976e+00
9.330098744473355410e+00
9.228610131426384200e+00
9.338351640411223897e+00
9.336284477696993989e+00
9.336178568201168204e+00
9.337703807544821544e+00
9.337395088882088245e+00
9.334066384930810756e+00
9.195887791795559707e+00
9.337026482056097976e+00
9.338351640411223897e+00
9.340505317689773435e+00
9.342563027595922165e+00
9.336284477696993989e+00
9.336178568201168204e+00
9.337703807544821544e+00
9.304199685274500808e+00
9.337395088882088245e+00
9.334066384930810756e+00
9.158765659272905424e+00
9.337026482056097976e+00
9.338351640411223897e+00
9.340505317689773435e+00
