9.081130255656672645e+00
9.189114544534348283e+00
9.071984388705557123e+00
9.320201760140832903e+00
9.074964072918918490e+00
8.876172233426679270e+00
9.255604099445289279e+00
9.233712738690501354e+00
9.128021492495761890e+00
9.040488742686621393e+00
9.081130255656672645e+00
9.189114544534348283e+00
9.071984388705557123e+00
9.320201760140832903e+00
9.074964072918918490e+00
8.876172233426679270e+00
9.255604099445289279e+00
9.233712738690501354e+00
9.128021492495761890e+00
9.040488742686621393e+00
9.081130255656672645e+00
9.189114544534348283e+00
9.071984388705557123e+00
9.227616178204725017e+00
9.074964072918918490e+00
8.876172233426679270e+00
9.255604099445289279e+00
9.233712738690501354e+00
9.128021492495761890e+00
9.040488742686621393e+00
9.081130255656672645e+00
9.189114544534348283e+00
9.071984388705557123e+00
9.320201760140832903e+00
9.074964072918918490e+00
9.255604099445289279e+00
8.979857478509925883e+00
9.233712738690501354e+00
9.128021492495761890e+00
9.040488742686621393e+00
9.081130255656672645e+00
9.189114544534348283e+00
9.071984388705557123e+00
9.320201760140832903e+00
8.910880747659732037e+00
9.232710347403617845e+00
8.876172233426679270e+00
9.255604099445289279e+00
9.233712738690501354e+00
9.128021492495761890e+00
9.000426823184687564e+00
9.189114544534348283e+00
9.071984388705557123e+00
9.320201760140832903e+00
9.074964072918918490e+00
8.876172233426679270e+00
9.255604099445289279e+00
9.233712738690501354e+00
9.128021492495761890e+00
9.040488742686621393e+00
9.081130255656672645e+00
9.189114544534348283e+00
9.071984388705557123e+00
9.307506897336510931e+00
9.227616178204725017e+00
9.074964072918918490e+00
8.876172233426679270e+00
9.255604099445289279e+00
9.233712738690501354e+00
9.128021492495761890e+00
9.081130255656672645e+00
9.189114544534348283e+00
9.071984388705557123e+00
9.229113899871675741e+00
9.320201760140832903e+00
9.074964072918918490e+00
9.255604099445289279e+00
9.233712738690501354e+00
9.128021492495761890e+00
9.040488742686621393e+00
9.081130255656672645e+00
9.189114544534348283e+00
9.071984388705557123e+00
9.320201760140832903e+00
9.074964072918918490e+00
8.876172233426679270e+00
9.255604099445289279e+00
9.233712738690501354e+00
9.128021492495761890e+00
9.040488742686621393e+00
9.081130255656672645e+00
9.189114544534348283e+00
9.071984388705557123e+00
9.320201760140832903e+00
9.074964072918918490e+00
9.002314576501325050e+00
8.876172233426679270e+00
9.255604099445289279e+00
9.233712738690501354e+00
9.128021492495761890e+00
9.081130255656672645e+00
9.189114544534348283e+00
9.071984388705557123e+00
9.320201760140832903e+00
9.074964072918918490e+00
8.876172233426679270e+00
9.255604099445289279e+00
9.233712738690501354e+00
9.128021492495761890e+00
9.040488742686621393e+00
9.081130255656672645e+00
9.189114544534348283e+00
9.071984388705557123e+00
9.320201760140832903e+00
9.074964072918918490e+00
8.876172233426679270e+00
9.255604099445289279e+00
9.233712738690501354e+00
9.128021492495761890e+00
9.040488742686621393e+00
9.081130255656672645e+00
9.189114544534348283e+00
9.071984388705557123e+00
9.320201760140832903e+00
9.074964072918918490e+00
8.876172233426679270e+00
9.255604099445289279e+00
9.233712738690501354e+00
9.128021492495761890e+00
9.040488742686621393e+00
9.081130255656672645e+00
9.189114544534348283e+00
9.071984388705557123e+00
9.320201760140832903e+00
8.606143337463578291e+00
9.074964072918918490e+00
8.876172233426679270e+00
9.255604099445289279e+00
9.124108194016645967e+00
9.128021492495761890e+00
9.081130255656672645e+00
9.189114544534348283e+00
9.071984388705557123e+00
9.320201760140832903e+00
9.074964072918918490e+00
8.876172233426679270e+00
9.255604099445289279e+00
9.303109944596211989e+00
9.233712738690501354e+00
9.128021492495761890e+00
8.924436331476492512e+00
9.081130255656672645e+00
9.189114544534348283e+00
9.071984388705557123e+00
9.320201760140832903e+00
9.074964072918918490e+00
8.876172233426679270e+00
9.255604099445289279e+00
9.233712738690501354e+00
9.128021492495761890e+00
9.081130255656672645e+00
9.189114544534348283e+00
9.071984388705557123e+00
9.017220698804889523e+00
9.320201760140832903e+00
9.074964072918918490e+00
9.172740656275838234e+00
8.876172233426679270e+00
9.255604099445289279e+00
9.233712738690501354e+00
9.081130255656672645e+00
9.189114544534348283e+00
9.071984388705557123e+00
9.307506897336510931e+00
9.320201760140832903e+00
9.162179107656561072e+00
9.074964072918918490e+00
8.876172233426679270e+00
9.255604099445289279e+00
9.233712738690501354e+00
9.081130255656672645e+00
9.189114544534348283e+00
9.071984388705557123e+00
9.320201760140832903e+00
9.074964072918918490e+00
8.876172233426679270e+00
9.255604099445289279e+00
9.233712738690501354e+00
9.128021492495761890e+00
9.040488742686621393e+00
9.081130255656672645e+00
9.189114544534348283e+00
9.071984388705557123e+00
9.320201760140832903e+00
8.910880747659732037e+00
8.876172233426679270e+00
9.255604099445289279e+00
9.233712738690501354e+00
9.128021492495761890e+00
9.040488742686621393e+00
9.081130255656672645e+00
9.189114544534348283e+00
9.071984388705557123e+00
9.320201760140832903e+00
9.074964072918918490e+00
8.876172233426679270e+00
9.233712738690501354e+00
9.128021492495761890e+00
9.040488742686621393e+00
9.058139216131833038e+00
8.924436331476492512e+00
9.081130255656672645e+00
9.189114544534348283e+00
9.071984388705557123e+00
9.320201760140832903e+00
9.074964072918918490e+00
8.876172233426679270e+00
9.255604099445289279e+00
9.233712738690501354e+00
9.128021492495761890e+00
9.081130255656672645e+00
8.812516681153070408e+00
9.189114544534348283e+00
9.071984388705557123e+00
9.320201760140832903e+00
9.074964072918918490e+00
8.876172233426679270e+00
9.233712738690501354e+00
9.128021492495761890e+00
9.040488742686621393e+00
9.081130255656672645e+00
9.189114544534348283e+00
9.071984388705557123e+00
9.320201760140832903e+00
8.904793324428695200e+00
9.074964072918918490e+00
8.876172233426679270e+00
9.255604099445289279e+00
9.233712738690501354e+00
9.128021492495761890e+00
8.924436331476492512e+00
9.081130255656672645e+00
9.189114544534348283e+00
9.071984388705557123e+00
9.307506897336510931e+00
9.320201760140832903e+00
9.074964072918918490e+00
8.876172233426679270e+00
9.255604099445289279e+00
9.233712738690501354e+00
9.189114544534348283e+00
9.071984388705557123e+00
9.320201760140832903e+00
9.074964072918918490e+00
8.876172233426679270e+00
9.255604099445289279e+00
9.233712738690501354e+00
9.128021492495761890e+00
9.040488742686621393e+00
9.058139216131833038e+00
9.081130255656672645e+00
9.189114544534348283e+00
9.071984388705557123e+00
9.320201760140832903e+00
9.074964072918918490e+00
8.674489645950254513e+00
9.255604099445289279e+00
9.233712738690501354e+00
9.310315393139992679e+00
9.040488742686621393e+00
9.081130255656672645e+00
9.189114544534348283e+00
9.071984388705557123e+00
9.320201760140832903e+00
9.074964072918918490e+00
8.876172233426679270e+00
9.255604099445289279e+00
9.233712738690501354e+00
9.128021492495761890e+00
9.040488742686621393e+00
9.081130255656672645e+00
9.189114544534348283e+00
9.071984388705557123e+00
9.320201760140832903e+00
9.074964072918918490e+00
8.876172233426679270e+00
9.255604099445289279e+00
9.233712738690501354e+00
9.128021492495761890e+00
9.040488742686621393e+00
9.081130255656672645e+00
9.189114544534348283e+00
9.071984388705557123e+00
8.884495624440397421e+00
9.320201760140832903e+00
9.074964072918918490e+00
8.876172233426679270e+00
9.233712738690501354e+00
9.128021492495761890e+00
9.040488742686621393e+00
9.081130255656672645e+00
9.189114544534348283e+00
9.071984388705557123e+00
9.320201760140832903e+00
9.074964072918918490e+00
8.876172233426679270e+00
9.255604099445289279e+00
9.233712738690501354e+00
9.128021492495761890e+00
9.040488742686621393e+00
9.081130255656672645e+00
9.189114544534348283e+00
9.071984388705557123e+00
9.227616178204725017e+00
9.074964072918918490e+00
8.876172233426679270e+00
9.255604099445289279e+00
9.233712738690501354e+00
9.128021492495761890e+00
9.040488742686621393e+00
9.081130255656672645e+00
9.189114544534348283e+00
9.071984388705557123e+00
9.320201760140832903e+00
9.074964072918918490e+00
8.876172233426679270e+00
9.255604099445289279e+00
9.233712738690501354e+00
9.040488742686621393e+00
9.058139216131833038e+00
9.081130255656672645e+00
9.189114544534348283e+00
9.071984388705557123e+00
9.320201760140832903e+00
9.074964072918918490e+00
8.876172233426679270e+00
9.255604099445289279e+00
9.233712738690501354e+00
8.975830333030664576e+00
9.040488742686621393e+00
9.081130255656672645e+00
9.189114544534348283e+00
9.071984388705557123e+00
9.307506897336510931e+00
9.320201760140832903e+00
9.074964072918918490e+00
8.876172233426679270e+00
9.255604099445289279e+00
9.124108194016645967e+00
9.128021492495761890e+00
9.081130255656672645e+00
8.812516681153070408e+00
9.189114544534348283e+00
9.071984388705557123e+00
9.320201760140832903e+00
9.074964072918918490e+00
8.876172233426679270e+00
9.255604099445289279e+00
9.233712738690501354e+00
9.128021492495761890e+00
9.081130255656672645e+00
9.189114544534348283e+00
9.071984388705557123e+00
9.320201760140832903e+00
9.074964072918918490e+00
8.876172233426679270e+00
9.255604099445289279e+00
9.233712738690501354e+00
9.128021492495761890e+00
9.040488742686621393e+00
9.081130255656672645e+00
9.189114544534348283e+00
9.071984388705557123e+00
8.919732864574186237e+00
9.074964072918918490e+00
8.876172233426679270e+00
9.255604099445289279e+00
9.233712738690501354e+00
9.128021492495761890e+00
9.040488742686621393e+00
9.081130255656672645e+00
9.189114544534348283e+00
9.071984388705557123e+00
9.320201760140832903e+00
9.074964072918918490e+00
8.876172233426679270e+00
9.255604099445289279e+00
9.233712738690501354e+00
9.310315393139992679e+00
9.040488742686621393e+00
9.081130255656672645e+00
9.189114544534348283e+00
9.071984388705557123e+00
9.320201760140832903e+00
9.074964072918918490e+00
8.674489645950254513e+00
9.255604099445289279e+00
9.233712738690501354e+00
9.128021492495761890e+00
9.040488742686621393e+00
9.081130255656672645e+00
9.189114544534348283e+00
9.071984388705557123e+00
9.231196316997790419e+00
9.320201760140832903e+00
9.074964072918918490e+00
9.172740656275838234e+00
8.876172233426679270e+00
9.255604099445289279e+00
9.124108194016645967e+00
9.081130255656672645e+00
9.189114544534348283e+00
9.071984388705557123e+00
9.320201760140832903e+00
8.598404217940874616e+00
9.074964072918918490e+00
9.255604099445289279e+00
9.233712738690501354e+00
9.014244991983865418e+00
9.128021492495761890e+00
9.081130255656672645e+00
9.235629380299091196e+00
9.071984388705557123e+00
9.320201760140832903e+00
9.074964072918918490e+00
8.876172233426679270e+00
9.255604099445289279e+00
9.233712738690501354e+00
9.128021492495761890e+00
9.040488742686621393e+00
9.081130255656672645e+00
9.189114544534348283e+00
9.071984388705557123e+00
9.274663020589233753e+00
8.876172233426679270e+00
9.255604099445289279e+00
9.233712738690501354e+00
9.128021492495761890e+00
9.040488742686621393e+00
9.058139216131833038e+00
9.081130255656672645e+00
9.189114544534348283e+00
9.071984388705557123e+00
9.320201760140832903e+00
9.074964072918918490e+00
9.255604099445289279e+00
9.233712738690501354e+00
9.128021492495761890e+00
9.040488742686621393e+00
9.058139216131833038e+00
9.081130255656672645e+00
9.189114544534348283e+00
9.071984388705557123e+00
9.320201760140832903e+00
9.074964072918918490e+00
9.232710347403617845e+00
8.876172233426679270e+00
9.255604099445289279e+00
9.233712738690501354e+00
9.128021492495761890e+00
9.081130255656672645e+00
9.189114544534348283e+00
9.071984388705557123e+00
9.320201760140832903e+00
9.162179107656561072e+00
9.074964072918918490e+00
8.876172233426679270e+00
9.255604099445289279e+00
9.233712738690501354e+00
9.168262984533116722e+00
9.081130255656672645e+00
9.189114544534348283e+00
9.071984388705557123e+00
9.227616178204725017e+00
9.074964072918918490e+00
8.876172233426679270e+00
9.255604099445289279e+00
9.233712738690501354e+00
9.128021492495761890e+00
9.040488742686621393e+00
9.081130255656672645e+00
9.189114544534348283e+00
9.071984388705557123e+00
9.320201760140832903e+00
9.074964072918918490e+00
8.876172233426679270e+00
9.255604099445289279e+00
9.233712738690501354e+00
9.128021492495761890e+00
9.040488742686621393e+00
9.081130255656672645e+00
9.189114544534348283e+00
9.071984388705557123e+00
9.335589495847600006e+00
9.320201760140832903e+00
8.767341090415033733e+00
9.074964072918918490e+00
8.876172233426679270e+00
9.255604099445289279e+00
9.233712738690501354e+00
9.081130255656672645e+00
9.189114544534348283e+00
9.071984388705557123e+00
8.914059158555946993e+00
9.320201760140832903e+00
9.074964072918918490e+00
8.876172233426679270e+00
9.255604099445289279e+00
9.233712738690501354e+00
9.128021492495761890e+00
9.081130255656672645e+00
8.793478320765238720e+00
8.980196780556768843e+00
9.320201760140832903e+00
9.074964072918918490e+00
8.876172233426679270e+00
9.255604099445289279e+00
9.233712738690501354e+00
9.128021492495761890e+00
9.040488742686621393e+00
9.081130255656672645e+00
9.189114544534348283e+00
9.071984388705557123e+00
9.320201760140832903e+00
9.074964072918918490e+00
8.876172233426679270e+00
9.255604099445289279e+00
9.233712738690501354e+00
9.128021492495761890e+00
9.040488742686621393e+00
9.081130255656672645e+00
9.189114544534348283e+00
9.071984388705557123e+00
9.017220698804889523e+00
9.320201760140832903e+00
8.767341090415033733e+00
9.074964072918918490e+00
8.876172233426679270e+00
9.255604099445289279e+00
9.233712738690501354e+00
9.322097273944134344e+00
9.081130255656672645e+00
9.189114544534348283e+00
9.071984388705557123e+00
9.122732518595931595e+00
9.320201760140832903e+00
9.074964072918918490e+00
8.876172233426679270e+00
9.255604099445289279e+00
9.233712738690501354e+00
9.081130255656672645e+00
9.189114544534348283e+00
9.071984388705557123e+00
9.320201760140832903e+00
9.074964072918918490e+00
8.876172233426679270e+00
9.255604099445289279e+00
9.233712738690501354e+00
9.128021492495761890e+00
9.040488742686621393e+00
9.081130255656672645e+00
9.189114544534348283e+00
9.071984388705557123e+00
9.320201760140832903e+00
9.074964072918918490e+00
8.876172233426679270e+00
9.255604099445289279e+00
9.233712738690501354e+00
9.128021492495761890e+00
9.040488742686621393e+00
8.810655485937441966e+00
8.944242265555965687e+00
9.189114544534348283e+00
9.071984388705557123e+00
9.320201760140832903e+00
9.074964072918918490e+00
8.876172233426679270e+00
9.255604099445289279e+00
8.979857478509925883e+00
9.233712738690501354e+00
9.081130255656672645e+00
9.189114544534348283e+00
9.071984388705557123e+00
9.320201760140832903e+00
8.767341090415033733e+00
9.074964072918918490e+00
8.876172233426679270e+00
9.255604099445289279e+00
9.233712738690501354e+00
9.128021492495761890e+00
9.081130255656672645e+00
9.189114544534348283e+00
9.071984388705557123e+00
9.162179107656561072e+00
8.876172233426679270e+00
9.255604099445289279e+00
9.233712738690501354e+00
9.128021492495761890e+00
9.040488742686621393e+00
9.058139216131833038e+00
8.924436331476492512e+00
9.081130255656672645e+00
9.189114544534348283e+00
9.071984388705557123e+00
9.320201760140832903e+00
9.074964072918918490e+00
8.876172233426679270e+00
9.255604099445289279e+00
9.233712738690501354e+00
9.128021492495761890e+00
9.081130255656672645e+00
9.189114544534348283e+00
8.854120495854358452e+00
9.231196316997790419e+00
9.320201760140832903e+00
9.074964072918918490e+00
8.876172233426679270e+00
9.255604099445289279e+00
9.124108194016645967e+00
9.128021492495761890e+00
9.081130255656672645e+00
9.189114544534348283e+00
9.071984388705557123e+00
9.320201760140832903e+00
8.904793324428695200e+00
9.074964072918918490e+00
8.876172233426679270e+00
9.255604099445289279e+00
9.233712738690501354e+00
9.128021492495761890e+00
9.081130255656672645e+00
9.189114544534348283e+00
9.071984388705557123e+00
9.320201760140832903e+00
9.074964072918918490e+00
8.876172233426679270e+00
9.255604099445289279e+00
9.233712738690501354e+00
9.128021492495761890e+00
9.040488742686621393e+00
9.081130255656672645e+00
9.189114544534348283e+00
9.071984388705557123e+00
8.965555794697246839e+00
9.320201760140832903e+00
9.074964072918918490e+00
8.876172233426679270e+00
9.255604099445289279e+00
9.233712738690501354e+00
9.128021492495761890e+00
9.081130255656672645e+00
9.189114544534348283e+00
9.071984388705557123e+00
9.320201760140832903e+00
9.074964072918918490e+00
9.002314576501325050e+00
8.876172233426679270e+00
9.255604099445289279e+00
9.233712738690501354e+00
9.128021492495761890e+00
9.081130255656672645e+00
9.189114544534348283e+00
9.071984388705557123e+00
9.320201760140832903e+00
9.074964072918918490e+00
8.876172233426679270e+00
9.255604099445289279e+00
9.233712738690501354e+00
9.128021492495761890e+00
9.040488742686621393e+00
9.081130255656672645e+00
9.071984388705557123e+00
9.320201760140832903e+00
9.074964072918918490e+00
8.876172233426679270e+00
9.255604099445289279e+00
9.233712738690501354e+00
9.040488742686621393e+00
9.058139216131833038e+00
9.057563827733511985e+00
9.081130255656672645e+00
8.575360642916850296e+00
9.189114544534348283e+00
9.071984388705557123e+00
9.320201760140832903e+00
9.074964072918918490e+00
8.674489645950254513e+00
9.255604099445289279e+00
9.233712738690501354e+00
9.128021492495761890e+00
9.081130255656672645e+00
9.189114544534348283e+00
9.071984388705557123e+00
8.902357206666186684e+00
9.320201760140832903e+00
9.074964072918918490e+00
8.876172233426679270e+00
9.255604099445289279e+00
9.233712738690501354e+00
9.128021492495761890e+00
9.081130255656672645e+00
9.189114544534348283e+00
9.071984388705557123e+00
9.320201760140832903e+00
9.074964072918918490e+00
8.876172233426679270e+00
9.255604099445289279e+00
9.233712738690501354e+00
9.128021492495761890e+00
9.040488742686621393e+00
8.924436331476492512e+00
9.081130255656672645e+00
9.189114544534348283e+00
9.071984388705557123e+00
9.320201760140832903e+00
9.074964072918918490e+00
9.255604099445289279e+00
9.233712738690501354e+00
9.128021492495761890e+00
9.040488742686621393e+00
9.081130255656672645e+00
9.189114544534348283e+00
9.071984388705557123e+00
9.320201760140832903e+00
9.074964072918918490e+00
8.876172233426679270e+00
9.255604099445289279e+00
9.233712738690501354e+00
9.310315393139992679e+00
9.040488742686621393e+00
9.081130255656672645e+00
9.189114544534348283e+00
9.071984388705557123e+00
9.320201760140832903e+00
9.074964072918918490e+00
8.876172233426679270e+00
9.255604099445289279e+00
9.233712738690501354e+00
9.128021492495761890e+00
9.040488742686621393e+00
9.081130255656672645e+00
9.071984388705557123e+00
9.164993446237660990e+00
9.320201760140832903e+00
9.074964072918918490e+00
8.876172233426679270e+00
9.255604099445289279e+00
9.233712738690501354e+00
9.128021492495761890e+00
9.040488742686621393e+00
9.081130255656672645e+00
9.189114544534348283e+00
9.071984388705557123e+00
9.320201760140832903e+00
9.074964072918918490e+00
8.876172233426679270e+00
9.255604099445289279e+00
9.233712738690501354e+00
8.764477986732467585e+00
9.040488742686621393e+00
9.081130255656672645e+00
9.189114544534348283e+00
9.071984388705557123e+00
9.229113899871675741e+00
9.320201760140832903e+00
9.074964072918918490e+00
8.876172233426679270e+00
9.233712738690501354e+00
9.128021492495761890e+00
9.040488742686621393e+00
9.081130255656672645e+00
9.189114544534348283e+00
9.071984388705557123e+00
9.320201760140832903e+00
9.074964072918918490e+00
9.255604099445289279e+00
9.233712738690501354e+00
9.128021492495761890e+00
9.040488742686621393e+00
9.058139216131833038e+00
9.081130255656672645e+00
9.189114544534348283e+00
9.071984388705557123e+00
9.320201760140832903e+00
9.337090496731212497e+00
8.876172233426679270e+00
9.255604099445289279e+00
9.233712738690501354e+00
9.128021492495761890e+00
9.040488742686621393e+00
9.081130255656672645e+00
9.189114544534348283e+00
9.071984388705557123e+00
9.320201760140832903e+00
9.074964072918918490e+00
8.876172233426679270e+00
9.255604099445289279e+00
9.233712738690501354e+00
9.128021492495761890e+00
9.040488742686621393e+00
9.081130255656672645e+00
9.189114544534348283e+00
9.071984388705557123e+00
9.320201760140832903e+00
9.074964072918918490e+00
8.876172233426679270e+00
9.233712738690501354e+00
9.128021492495761890e+00
9.040488742686621393e+00
9.058139216131833038e+00
9.189114544534348283e+00
9.071984388705557123e+00
9.227616178204725017e+00
9.162179107656561072e+00
8.904793324428695200e+00
9.074964072918918490e+00
8.876172233426679270e+00
9.255604099445289279e+00
8.979857478509925883e+00
9.233712738690501354e+00
9.081130255656672645e+00
9.189114544534348283e+00
9.071984388705557123e+00
9.320201760140832903e+00
9.074964072918918490e+00
8.876172233426679270e+00
9.255604099445289279e+00
9.233712738690501354e+00
9.128021492495761890e+00
9.040488742686621393e+00
9.081130255656672645e+00
9.189114544534348283e+00
9.164993446237660990e+00
9.320201760140832903e+00
9.074964072918918490e+00
8.876172233426679270e+00
9.255604099445289279e+00
9.233712738690501354e+00
9.128021492495761890e+00
9.040488742686621393e+00
9.011602170582300175e+00
9.189114544534348283e+00
9.071984388705557123e+00
9.320201760140832903e+00
8.910880747659732037e+00
8.876172233426679270e+00
9.255604099445289279e+00
9.233712738690501354e+00
9.128021492495761890e+00
9.040488742686621393e+00
9.081130255656672645e+00
9.189114544534348283e+00
9.071984388705557123e+00
9.320201760140832903e+00
9.074964072918918490e+00
9.255604099445289279e+00
9.233712738690501354e+00
9.040488742686621393e+00
9.058139216131833038e+00
9.057563827733511985e+00
9.081130255656672645e+00
9.189114544534348283e+00
9.071984388705557123e+00
9.164993446237660990e+00
9.320201760140832903e+00
9.074964072918918490e+00
8.876172233426679270e+00
9.255604099445289279e+00
9.124108194016645967e+00
8.975830333030664576e+00
9.081130255656672645e+00
9.189114544534348283e+00
9.071984388705557123e+00
9.320201760140832903e+00
9.074964072918918490e+00
8.876172233426679270e+00
9.255604099445289279e+00
9.233712738690501354e+00
9.128021492495761890e+00
9.040488742686621393e+00
9.081130255656672645e+00
9.189114544534348283e+00
8.554331642168477856e+00
9.227616178204725017e+00
9.074964072918918490e+00
8.876172233426679270e+00
9.255604099445289279e+00
8.979857478509925883e+00
9.233712738690501354e+00
9.128021492495761890e+00
9.081130255656672645e+00
9.189114544534348283e+00
9.071984388705557123e+00
9.320201760140832903e+00
9.074964072918918490e+00
8.876172233426679270e+00
9.255604099445289279e+00
9.124108194016645967e+00
9.128021492495761890e+00
9.040488742686621393e+00
9.081130255656672645e+00
9.189114544534348283e+00
9.071984388705557123e+00
9.227616178204725017e+00
9.162179107656561072e+00
9.074964072918918490e+00
8.876172233426679270e+00
9.255604099445289279e+00
9.233712738690501354e+00
9.128021492495761890e+00
9.081130255656672645e+00
9.189114544534348283e+00
9.071984388705557123e+00
9.320201760140832903e+00
9.074964072918918490e+00
8.876172233426679270e+00
9.255604099445289279e+00
8.979857478509925883e+00
9.233712738690501354e+00
9.128021492495761890e+00
9.081130255656672645e+00
9.189114544534348283e+00
9.071984388705557123e+00
9.320201760140832903e+00
9.074964072918918490e+00
8.876172233426679270e+00
9.255604099445289279e+00
9.233712738690501354e+00
9.128021492495761890e+00
9.032804640896600290e+00
9.011602170582300175e+00
9.189114544534348283e+00
9.071984388705557123e+00
9.320201760140832903e+00
9.074964072918918490e+00
8.876172233426679270e+00
9.255604099445289279e+00
9.233712738690501354e+00
9.128021492495761890e+00
9.040488742686621393e+00
9.081130255656672645e+00
9.189114544534348283e+00
9.071984388705557123e+00
9.320201760140832903e+00
8.876172233426679270e+00
9.233712738690501354e+00
9.128021492495761890e+00
9.040488742686621393e+00
9.058139216131833038e+00
9.256775587660470705e+00
8.924436331476492512e+00
9.081130255656672645e+00
9.189114544534348283e+00
9.071984388705557123e+00
9.320201760140832903e+00
8.598404217940874616e+00
9.074964072918918490e+00
8.876172233426679270e+00
9.255604099445289279e+00
9.233712738690501354e+00
9.081130255656672645e+00
9.189114544534348283e+00
8.514760728985477201e+00
9.320201760140832903e+00
9.074964072918918490e+00
8.876172233426679270e+00
9.255604099445289279e+00
9.233712738690501354e+00
9.128021492495761890e+00
9.040488742686621393e+00
9.081130255656672645e+00
9.189114544534348283e+00
9.071984388705557123e+00
9.320201760140832903e+00
9.074964072918918490e+00
8.876172233426679270e+00
9.255604099445289279e+00
9.233712738690501354e+00
9.128021492495761890e+00
9.040488742686621393e+00
9.189114544534348283e+00
9.071984388705557123e+00
9.320201760140832903e+00
9.074964072918918490e+00
8.876172233426679270e+00
9.255604099445289279e+00
9.233712738690501354e+00
9.128021492495761890e+00
9.040488742686621393e+00
9.058139216131833038e+00
8.924436331476492512e+00
9.081130255656672645e+00
9.189114544534348283e+00
9.071984388705557123e+00
9.307506897336510931e+00
9.320201760140832903e+00
9.074964072918918490e+00
8.876172233426679270e+00
9.255604099445289279e+00
9.233712738690501354e+00
