1.141315755887073813e+01
1.133172297122700556e+01
1.149959132609352608e+01
1.134419513648258793e+01
1.133233862082834875e+01
1.133119316086803785e+01
1.002199423845596371e+01
1.141642257196371091e+01
1.116635973428399531e+01
1.005798552138478819e+01
1.099887519096824740e+01
1.099818124541284270e+01
1.083266604185556226e+01
1.149745075089358259e+01
1.132312751956815688e+01
1.131981278526641788e+01
1.149961769069534512e+01
1.133314366000140971e+01
1.133304241854268213e+01
1.133316714858120378e+01
1.133366057681845263e+01
1.116639540901506322e+01
1.133311905071529679e+01
1.133234440774153029e+01
1.100030969852395657e+01
1.149839819334973967e+01
1.133177050076874082e+01
1.133115988990959977e+01
1.149872962277128963e+01
1.141484884974697955e+01
1.133024917613746929e+01
1.149892665134963821e+01
1.131734026431206885e+01
1.083223876370201388e+01
1.133323343375536219e+01
9.641674476178666353e+00
1.116349250127274928e+01
1.125004542973699273e+01
9.653739643172498219e+00
1.133004947306695165e+01
1.133314087328763442e+01
1.099967408030336635e+01
1.133324316346770289e+01
1.080974656848676929e+01
1.132977476175052090e+01
1.099976641282204781e+01
1.133332228301870970e+01
1.108668789594815429e+01
1.133346614457149570e+01
1.125106955752134574e+01
9.631838814146583161e+00
1.133152244156825361e+01
1.133192209963487862e+01
1.133386558627657692e+01
1.133343497183981619e+01
1.133132794575528735e+01
1.141639415486197429e+01
1.141321735009486105e+01
1.141648337817716907e+01
1.149801722736281384e+01
1.133173097742418278e+01
1.133138910374359654e+01
1.133286068099457466e+01
1.133330086154293781e+01
1.133078366869411369e+01
9.692079685535043510e+00
9.990156913448968723e+00
1.133235160530081487e+01
1.149772183679509574e+01
1.132868937070214521e+01
1.133333519057750571e+01
1.133308460043699384e+01
1.091613680955704702e+01
1.133192717770751301e+01
1.050291274752055593e+01
1.149866083413523477e+01
1.133273348440227224e+01
1.149905822485997042e+01
1.139770578471695472e+01
1.100001407586188584e+01
1.133109987053891210e+01
1.133252166655552884e+01
1.141385560009167222e+01
1.083435165243018261e+01
1.133311924839651930e+01
1.099718763319739878e+01
9.996790490799732254e+00
1.141274905849176591e+01
1.133456956065801791e+01
1.089664940288721340e+01
1.133340901477425966e+01
1.133173656943130148e+01
1.133332722566169970e+01
1.133170426819733478e+01
1.133209303563178061e+01
1.133251032310263007e+01
1.099928200242927367e+01
1.116606439086933555e+01
1.125929303691445860e+01
1.133214355467674217e+01
1.133315113977812416e+01
9.419095100187114156e+00
1.133351211746087728e+01
1.133389276602970064e+01
9.556402702580765407e+00
1.133265839897848615e+01
1.133247172727090657e+01
1.083261388859777696e+01
1.133304650121334056e+01
1.133309529394114712e+01
1.116120234887661233e+01
1.133321028222356297e+01
1.099883256686953992e+01
1.133109791385815512e+01
9.703823496481138733e+00
1.133311865727200107e+01
1.133345894056730430e+01
1.133259483092729525e+01
1.133127391100553538e+01
9.831387363919720457e+00
1.133211725641771039e+01
1.149591224725021021e+01
1.133281664748088247e+01
1.149069527894662102e+01
1.133286875094827195e+01
1.116643911568295522e+01
1.133674222602944148e+01
1.133324792065656972e+01
1.133287923985366952e+01
1.133331386459154899e+01
1.141392988060937164e+01
1.133109791385815512e+01
1.116665927740443465e+01
1.133055833428504400e+01
1.133211309604648598e+01
1.141644614875450614e+01
1.133268193098667531e+01
9.331992503687985163e+00
1.133351394064175288e+01
1.108314131118929424e+01
1.149686809223785744e+01
1.141633733650656168e+01
1.133306351945100232e+01
1.133384402884722064e+01
1.133325813272696259e+01
1.099942182373569999e+01
1.133192717770751301e+01
1.133328145467223891e+01
1.104111088491505299e+01
1.133315157811839669e+01
1.141611973488293685e+01
1.133179343561815067e+01
1.116590947294431047e+01
9.588375354726260014e+00
1.096777117811004665e+01
1.141300364110758103e+01
1.141669147421692543e+01
1.149879746582644202e+01
1.100494753754991528e+01
1.133304354225148280e+01
1.085923854942990019e+01
1.139679864175893975e+01
1.083181687025751572e+01
1.116592975701184365e+01
1.133078366869411369e+01
1.133312306683363957e+01
1.133295839952654305e+01
1.033502752382960033e+01
1.149963832325805058e+01
1.133211309604648598e+01
9.520677367017995607e+00
1.133250494246642859e+01
1.066666044435210736e+01
1.141670680653424341e+01
1.133305618644078905e+01
1.133179127115097806e+01
1.133241437700643850e+01
1.132788181504358427e+01
1.132834958070555054e+01
1.149838957260986128e+01
1.133178378685887822e+01
1.100378590717312299e+01
1.133304836910993529e+01
1.133167939534853907e+01
1.124937430363432789e+01
1.099986170086584814e+01
1.133322730300628933e+01
9.497185789840493442e+00
1.116568824122157189e+01
1.132991854382649599e+01
1.133136262669144401e+01
1.133330966952473950e+01
1.124834464470942663e+01
1.099967127543970413e+01
1.132977398554490556e+01
1.066681260397071718e+01
1.133433866085980490e+01
1.133291511193456991e+01
1.133141229700497554e+01
1.099965905817483680e+01
1.133327964333898130e+01
1.133333097943297574e+01
1.133095084346484427e+01
1.080974656848676929e+01
1.133360489120908987e+01
1.052978306510092033e+01
1.104265574867521593e+01
1.133106905793071917e+01
1.149683090689416609e+01
1.133693219469465951e+01
1.083218123934364208e+01
1.133282256646657515e+01
1.124697272326347353e+01
1.149891839146932604e+01
1.149769323232879614e+01
1.133268635789671741e+01
1.108213338380601343e+01
1.133194948344205422e+01
1.133152894787916054e+01
1.133363720237372085e+01
9.015161024898178610e+00
1.133302835663725183e+01
1.149894736799681461e+01
1.133237214117163205e+01
1.133304316636563769e+01
1.133163575628494435e+01
1.133310470184823870e+01
1.133092448505482608e+01
1.133026561732015836e+01
1.004315098009393381e+01
1.133298993124538079e+01
1.133310261113019379e+01
9.999603135049618174e+00
1.133329344368114455e+01
1.133253517084167861e+01
1.149850619871471125e+01
1.024478779621584756e+01
1.133222654326339907e+01
1.133293855914903503e+01
1.116631898252434674e+01
1.133341283298218904e+01
1.149469525678845017e+01
1.149695655555260032e+01
1.126017007151661886e+01
1.132179199476781584e+01
9.621135747526780690e+00
1.149925595505087195e+01
1.083314511026709859e+01
1.066593252729607499e+01
1.133309289892536320e+01
1.141432538798014029e+01
1.133311029589293817e+01
1.133322003445451287e+01
1.133258975495919429e+01
1.141584096309802376e+01
9.963769114613130640e+00
8.995669341980621070e+00
1.099859495645426044e+01
1.133271720848502540e+01
1.133264149926961650e+01
1.133151962944625524e+01
1.133179127115097806e+01
9.945055044613162920e+00
9.515893620553592669e+00
1.133132794575528735e+01
1.133343721753119304e+01
1.133281798662590312e+01
1.112439033502858798e+01
1.133390547570015805e+01
1.149667013522497250e+01
1.133306005949595097e+01
1.141596841408482810e+01
1.133095265074563329e+01
1.019115654190165543e+01
1.143951490284772277e+01
1.116666070815093192e+01
1.149502765980504826e+01
1.066562029960380897e+01
1.099775430904771767e+01
1.133217384091007851e+01
1.133418853194313414e+01
1.133328551357839586e+01
1.133378630724917357e+01
1.141646919107134828e+01
1.149954056479269759e+01
1.133249475332907430e+01
1.141661693380732956e+01
1.098935120267063148e+01
9.500350401106448572e+00
1.133208780167603003e+01
1.133091195303808618e+01
1.084447830909726207e+01
1.149870974054681128e+01
1.099967521739982068e+01
1.149710569280610351e+01
1.133229856675763436e+01
1.133295946895523088e+01
1.083294589502649607e+01
1.133200194430524554e+01
1.149900637979569495e+01
1.024480109343313927e+01
1.133090639713086034e+01
1.149903762850078337e+01
1.133338761974333053e+01
1.074060866289676497e+01
9.611346868323369819e+00
1.133151145210165645e+01
1.133233135448099738e+01
1.133302995292637760e+01
1.133182218721916534e+01
1.099905160113314118e+01
1.149895649725809221e+01
1.133337965630643396e+01
1.133328597592613818e+01
1.083308007748736657e+01
1.149940853544734409e+01
1.133314557605209316e+01
9.653364692088866050e+00
1.133034444704409438e+01
8.997796179357372637e+00
1.133285856801248315e+01
1.133309369911680697e+01
1.133154573901871842e+01
1.110905806090924131e+01
1.133316912403912013e+01
1.133262014147411456e+01
1.133178340546908558e+01
1.133292744827695131e+01
1.132925462152508089e+01
1.133322723715764546e+01
1.139679864175893975e+01
1.133289584798643901e+01
1.133305420935825047e+01
1.141654079209438422e+01
1.132964350913545637e+01
1.133269306667006404e+01
1.149801722736281384e+01
1.141679573192423902e+01
1.133175405946594871e+01
1.116565527821002846e+01
1.133327452635096932e+01
1.133240954479785856e+01
1.141626855317969103e+01
1.124173801384122484e+01
1.141679573192423902e+01
1.100006038136696951e+01
1.116786236811169175e+01
1.141630050570823229e+01
1.141673931125398944e+01
1.133319005095503584e+01
1.149833410884122920e+01
1.149786382148860042e+01
1.130793376649106285e+01
1.116297761337532179e+01
1.116409202421812097e+01
1.133136032048480502e+01
1.141638424863604762e+01
1.141484884974697955e+01
1.149649254945884103e+01
1.133314926377104470e+01
1.073493706344912901e+01
1.133161097181833021e+01
1.133324052179748698e+01
1.149957741994816196e+01
1.149743288547871245e+01
9.498366319521341694e+00
1.133321540126411620e+01
1.111940384706502449e+01
1.133165512554097987e+01
1.020097812245314195e+01
1.100006107234887942e+01
1.149753140864592993e+01
1.133290911114607802e+01
1.133327944542770283e+01
1.145759652389395100e+01
1.133310118302763492e+01
1.133215655938098365e+01
1.001234262283897891e+01
1.116606572877937431e+01
1.133254717182497373e+01
9.994625745518597171e+00
1.133289775579702408e+01
1.133316121707846236e+01
1.133155633865459322e+01
1.133247935371416837e+01
9.542399109943506375e+00
1.149867174156101512e+01
1.149953424977889682e+01
1.099992692108000369e+01
1.149481778941869337e+01
1.133148774539487214e+01
1.149630935354763928e+01
1.149930597254842368e+01
1.001722384767233365e+01
1.133092041139401118e+01
1.141650315679061301e+01
1.116666070815093192e+01
1.133150074384086636e+01
1.133255576330555314e+01
1.141679573192423902e+01
1.133347208225919900e+01
1.141618929953741102e+01
1.133315153670093522e+01
1.132850054962904984e+01
1.149941958633337435e+01
1.103632039300599210e+01
1.133401190512131151e+01
9.499481697014214632e+00
1.116660094012505233e+01
1.141624446168967033e+01
9.015161024898178610e+00
1.149884519746664502e+01
1.132939124330799707e+01
1.142544242628274453e+01
1.099986594846963861e+01
1.116597658939344839e+01
1.108278741302832238e+01
1.134160359334479828e+01
1.083360179897771225e+01
1.116668867203328475e+01
1.133319109433318950e+01
1.056620897239142565e+01
1.104134059503852683e+01
1.083196452274809118e+01
9.835305724750185163e+00
1.133153520768671640e+01
1.133193640686800130e+01
1.149748916089171225e+01
1.149848096091841576e+01
1.132957243280210591e+01
1.133230742721384487e+01
1.133142091040743971e+01
1.133253126089332063e+01
1.017614207470669641e+01
1.149165749693570326e+01
1.133315394765559248e+01
9.502535803776492429e+00
1.133323306335770475e+01
1.134111910249258059e+01
1.133777877024165548e+01
1.132889542911611436e+01
1.149941128469264484e+01
1.133221290881220256e+01
1.141651651793301170e+01
1.133317578357851829e+01
1.149605245778833051e+01
1.149629202858561428e+01
1.027882168714681832e+01
1.149639148965669300e+01
1.125063508932950462e+01
1.099945383847295055e+01
1.133297515213732432e+01
9.916591095355288488e+00
1.149452046258655002e+01
1.133326305652682642e+01
1.133354390008986101e+01
1.133158027279927715e+01
1.141381845242328019e+01
1.134479696328416942e+01
1.099940730424247093e+01
1.133347208225919900e+01
1.149369898406542667e+01
1.133309362352052041e+01
1.149862849140879462e+01
1.083198858747141280e+01
1.141635186235902921e+01
1.133294264253845718e+01
1.149953723898746283e+01
1.099447840035439405e+01
1.141656030027048452e+01
1.133299143174784440e+01
1.099882151579552847e+01
1.149331530337750529e+01
1.149914483162120504e+01
1.133302007933753330e+01
1.133342896060948846e+01
1.133132794575528735e+01
1.133193760981728637e+01
1.133438792822991381e+01
1.133216559217483166e+01
1.099934904419464488e+01
9.594082988855589633e+00
1.141401310199625030e+01
1.083228442921506662e+01
1.133182442227125897e+01
1.141639557725298282e+01
9.495756104778617868e+00
1.099956487835312302e+01
1.142111147156484918e+01
1.149634626741098131e+01
9.833427665179314658e+00
1.133222598237878387e+01
1.133431819185252643e+01
9.496938335837413092e+00
1.141584096309802376e+01
1.133304966673453329e+01
1.050048598599267180e+01
1.133322187764484212e+01
1.133165631318035516e+01
1.133229856675763436e+01
1.133251155012529487e+01
9.481257986579695540e+00
1.126088240508148530e+01
9.523171496496081190e+00
1.149878172415749233e+01
1.133271369493416181e+01
1.126107322355335505e+01
1.141652441695923414e+01
1.149831116497457906e+01
1.083525854037254454e+01
9.998118958147177437e+00
1.091013864830522273e+01
1.083472896937075447e+01
1.149724257778974135e+01
1.026039246649699344e+01
1.100378590717312299e+01
1.099924943216487883e+01
1.109753916556028308e+01
1.133044348342277097e+01
1.133216559217483166e+01
1.133347208225919900e+01
1.149696858314964132e+01
1.133154475017256857e+01
1.133184054830324961e+01
9.634843252134254854e+00
1.149870524651950632e+01
1.140592359910445452e+01
1.091681865158691522e+01
1.133358733900774240e+01
1.115888878398041406e+01
1.140592359910445452e+01
1.099965802620765842e+01
1.133301086699495563e+01
1.133515588145465713e+01
1.133193275548707035e+01
9.916269015668470743e+00
1.133335303006130523e+01
1.133182038064386532e+01
1.118463716218216142e+01
9.860854207108685543e+00
1.133259812711094838e+01
1.133313525926102017e+01
1.149950353618773491e+01
1.134768832940446615e+01
1.139731373014955906e+01
1.133352149475189563e+01
1.083274273208689387e+01
1.133221464340982720e+01
1.133296395473490037e+01
1.141627916473451165e+01
1.133273850260386162e+01
1.074919016989979781e+01
1.133294726948203035e+01
1.080769632085865162e+01
1.001722384767233365e+01
1.100027680594661916e+01
1.149380421194316959e+01
1.099967521739982068e+01
1.133310470184823870e+01
1.125158851466454024e+01
1.133335140779580463e+01
1.133089635893713165e+01
1.133247050324722593e+01
1.133591957885214008e+01
9.419095100187114156e+00
9.387286820911851848e+00
1.149938933146956010e+01
1.149625803055121942e+01
1.141670950252593286e+01
1.133150236098706820e+01
1.099495382332098359e+01
1.048176027796209375e+01
1.141625505808089081e+01
1.132760020703934423e+01
1.132979573270743501e+01
1.141640018069794849e+01
1.133296547488955497e+01
1.133223657972325427e+01
1.149960057680099368e+01
1.133317468027376407e+01
1.124700217302356187e+01
1.116605029230755264e+01
1.083527508428560360e+01
1.133314005056181273e+01
1.133207425135185886e+01
9.333081049564063036e+00
1.141008832433756837e+01
1.133311407082400279e+01
1.116474068768896899e+01
1.127277001154328495e+01
1.016056810063723326e+01
9.938193369497717811e+00
1.116426632997778867e+01
1.083320421405513834e+01
1.149844064001201183e+01
1.133430997326520462e+01
1.133307068105509607e+01
1.133395407144070788e+01
1.149890833988661143e+01
1.149785919774990006e+01
1.095371219354373160e+01
1.133333060019839422e+01
1.133305677077267504e+01
1.133347577528260786e+01
1.099869314100733497e+01
1.100564313390787774e+01
1.133122083563146631e+01
1.141474257327756625e+01
1.099990833382506672e+01
1.133438616846240521e+01
1.133298762128299764e+01
1.149964865356965760e+01
1.133155550398156919e+01
1.133321181379174369e+01
1.141401310199625030e+01
1.149908531869238359e+01
1.133247301330150947e+01
1.141632686019965526e+01
9.901233296743885859e+00
1.141656030027048452e+01
1.133292912389649487e+01
9.125852176256962878e+00
1.149934895231725385e+01
1.099881195771747500e+01
1.050291274752055593e+01
1.149947395037943743e+01
1.133322217220540651e+01
1.133218420023114348e+01
1.133303832960168123e+01
1.141579339855114839e+01
1.133227475562649822e+01
1.133340010461179226e+01
1.133236221908654429e+01
1.083336420330117811e+01
1.133135110533711654e+01
1.133321948891415332e+01
1.149946793508535769e+01
1.149968069912945801e+01
1.133286763657745588e+01
1.141430514259113416e+01
1.141316460744063299e+01
1.133328079458364002e+01
1.133045593665205786e+01
1.141641997488362215e+01
1.133340228208951572e+01
1.133297555107915322e+01
1.133316151857346021e+01
1.083265693328169554e+01
1.133250316604043384e+01
1.133256126726017321e+01
1.133218838360075864e+01
1.141378085296510747e+01
1.133326708595280330e+01
1.133296553729845968e+01
1.133151555685985379e+01
1.148108577099403682e+01
1.133193529977697267e+01
1.133515588145465713e+01
8.558311003212326185e+00
1.149780821279779985e+01
1.133312519072495483e+01
1.133060916147111641e+01
1.122646645812394972e+01
9.168163130697397634e+00
1.133131008885199975e+01
1.133319943745179081e+01
1.141651770045927705e+01
9.916269015668470743e+00
1.133721976005371346e+01
1.020097812245314195e+01
1.141316460744063299e+01
1.133294130161725199e+01
1.099966762786049834e+01
1.133328819555384648e+01
1.149858482932004833e+01
1.141325609997871027e+01
1.132976306403090305e+01
1.013452422239302209e+01
1.133192223563552581e+01
1.133298664195081074e+01
1.149823804482736023e+01
1.141634733108852551e+01
1.133270405185278662e+01
1.133326965638478612e+01
1.133200471843570334e+01
9.599209585346525131e+00
1.133252695959181189e+01
1.133348415601116699e+01
1.133156040630481165e+01
1.136058243186255368e+01
1.116053034851539749e+01
1.133237159565466712e+01
1.141315755887073813e+01
1.133331513064329243e+01
1.133214098140115489e+01
1.133286446516130752e+01
1.141679573192423902e+01
1.085778801386651260e+01
1.133521956125765584e+01
1.099943110374400312e+01
1.133364007614962077e+01
1.141352652183015692e+01
1.133323103256822328e+01
1.133485195168235649e+01
1.149447452411927628e+01
1.133154387525082818e+01
1.149380421194316959e+01
1.133336015400427321e+01
1.133220927621284879e+01
1.133188256864914933e+01
1.133300944345339900e+01
1.091409658349869360e+01
1.108202023705543482e+01
1.133316204591939247e+01
1.091297434345900008e+01
1.133243963480703798e+01
1.133352412454458324e+01
1.104255966513435894e+01
1.118036457138330420e+01
1.133317388588412200e+01
1.133287218125736295e+01
1.149772710675356890e+01
1.046727860765736295e+01
1.133135110533711654e+01
1.149890122243090218e+01
1.116590794842436374e+01
9.495145242603207691e+00
1.149719070164143453e+01
1.133259703859724432e+01
1.133341075560709221e+01
1.133317202372491650e+01
9.666879185388134843e+00
1.146848735908228001e+01
1.132931899409791576e+01
1.141597276607685174e+01
1.133270405185278662e+01
1.133286763384411344e+01
1.133126006259410801e+01
1.149847189786615154e+01
1.133140156868865489e+01
1.144708031451717822e+01
9.529296213850852126e+00
1.133060916147111641e+01
1.133131043439391306e+01
1.149544369298509316e+01
1.133331821442649634e+01
1.133207381171606798e+01
1.133283669192205423e+01
1.133312461291593465e+01
1.132983914076644183e+01
1.149964765466823202e+01
1.133180563017629261e+01
1.036482695182496983e+01
1.149724792138528784e+01
1.130793376649106285e+01
1.133126615864679110e+01
1.133398621584588106e+01
1.133209979135320822e+01
1.133153874571711661e+01
1.141666964181193578e+01
1.133179724431890811e+01
1.133178426521052806e+01
1.133076711280365423e+01
1.099764755399619176e+01
1.133303976614379138e+01
1.114798747509735222e+01
1.116744832583424873e+01
1.133254891508715545e+01
1.141641807312228529e+01
1.133283059046470598e+01
1.139954624492984792e+01
1.133097769242739616e+01
1.137741132353687057e+01
1.133312843195778186e+01
9.673077510426553616e+00
1.149803404989824607e+01
1.133175303464872563e+01
1.133398314856454014e+01
1.149952332624327589e+01
1.133300255626314978e+01
9.937608288939276946e+00
1.116583230796335613e+01
1.083738120616354728e+01
1.141659040615797238e+01
1.133157461417441070e+01
9.686730729312921895e+00
1.116594939187251612e+01
1.149942988804622779e+01
1.149652192359566527e+01
1.133237279869913117e+01
1.133299980210322566e+01
1.133273850260386162e+01
1.133309045763100187e+01
1.134365378435884253e+01
1.133309097001218824e+01
1.141652599434405602e+01
1.133317382005361296e+01
1.133283303718530277e+01
1.149711549842004921e+01
1.141627369259182956e+01
1.149920568425292267e+01
1.083194487322648669e+01
1.133290367619800776e+01
1.123163457756450434e+01
9.836461075728749393e+00
1.133328124595690944e+01
1.134115445797778676e+01
1.133086391837092144e+01
1.149821225918374523e+01
1.067675882086590811e+01
1.133127116762239162e+01
1.016186054700326125e+01
1.133300578961403460e+01
1.140957159511828145e+01
1.149678409372589982e+01
1.132522056918439013e+01
1.133283033221214176e+01
1.149873113537585922e+01
1.116505294676241178e+01
1.149589997078884096e+01
1.149405741114728663e+01
1.149899838534905250e+01
1.016028417877331158e+01
1.149291627263307447e+01
1.133239034874722329e+01
1.105186689191500804e+01
1.149968647932632670e+01
1.112648256712896710e+01
1.133084218371128316e+01
1.009177050537897102e+01
9.833427665179314658e+00
1.133132660927974200e+01
1.133273350891558096e+01
1.149788320889856053e+01
1.133376576497051147e+01
1.133322667070408940e+01
1.133190418568553071e+01
1.133320953294135158e+01
1.149950353618773491e+01
1.133345428620850015e+01
1.149861320566034273e+01
1.149713196373869017e+01
1.133761552276319762e+01
1.064701772081328635e+01
9.489197147627452367e+00
8.493552423116680572e+00
1.133293752993145098e+01
9.341010117388336198e+00
1.133325609258199940e+01
1.133316931637052249e+01
1.099905160113314118e+01
1.133294984486569135e+01
1.133229761994641294e+01
1.002140351610250946e+01
1.141646818208602809e+01
1.133132200777948562e+01
1.149603525493919776e+01
1.133346160839866101e+01
1.124941238739275917e+01
1.133438792822991381e+01
1.083212639958396650e+01
1.141602142883761140e+01
1.133289063562305721e+01
1.133320960304597058e+01
1.141194757193044929e+01
9.811228044915440094e+00
1.141474257327756625e+01
1.133359481359660492e+01
1.133449859965585915e+01
1.049983267741434290e+01
1.132870449767439247e+01
1.134667481947484013e+01
1.141341592212296341e+01
1.132977398554490556e+01
1.149682943685426295e+01
1.133119158115186664e+01
1.133889631084644378e+01
1.133321706863666911e+01
1.133251545003051319e+01
1.132997102430950065e+01
1.121622835467979939e+01
1.133209055876568350e+01
1.099747081817790395e+01
9.881836805875728658e+00
1.133268076198123708e+01
1.133074671741407968e+01
1.141339992154984628e+01
1.133308338927859005e+01
1.133306136320122270e+01
1.149879283597538127e+01
1.133277567442139144e+01
1.116637923119211351e+01
1.133798355891613596e+01
1.133662166956758099e+01
1.149795985138741372e+01
8.456751018250134422e+00
1.132960077868586879e+01
1.133324511148541802e+01
1.149077112145881330e+01
1.133141229700497554e+01
1.109360619838166784e+01
1.149965000738401066e+01
1.133126615864679110e+01
1.116375403920928555e+01
1.149852124805893006e+01
1.139435311570566256e+01
1.133300255626314978e+01
1.133185371625106086e+01
1.132995455779402683e+01
1.116519134781924194e+01
1.133389276602970064e+01
1.108109983503025475e+01
1.133261350073814455e+01
1.149568302524375873e+01
1.141366663666371650e+01
1.133305474325138817e+01
1.141658497781689618e+01
1.133296258670708490e+01
1.141703224190480803e+01
1.149952316044640810e+01
1.133614048855439371e+01
1.083300205374429659e+01
1.107965008254225836e+01
1.133298520557050892e+01
1.149954448460306722e+01
8.522659810321554730e+00
9.995506708254373152e+00
1.149663296249553923e+01
1.132963740525513074e+01
9.498366319521341694e+00
1.133256824791737039e+01
1.133325826480665022e+01
1.136644630983350268e+01
1.133200561811121077e+01
1.149945934181244844e+01
1.149865166100454061e+01
1.141506085254038183e+01
1.133099565333520076e+01
1.149864655079801246e+01
1.133366846466689637e+01
1.141488540774067673e+01
1.149885954773295893e+01
1.133308458990537559e+01
1.116451413312817031e+01
1.133222588009498644e+01
1.149877645224770184e+01
1.141633724539844330e+01
1.008984575273444051e+01
9.860297244951805595e+00
1.133212488066354062e+01
1.141423110703608224e+01
1.133128056709753828e+01
1.100037835665034613e+01
1.149600245821318367e+01
1.083232915669253948e+01
1.133295336990754620e+01
9.713428311062763498e+00
1.131433386116621165e+01
1.149804920305411393e+01
1.019149108378289625e+01
1.149405299621037990e+01
1.133309362352052041e+01
1.099979862459048263e+01
1.141247350939391936e+01
1.036482695182496983e+01
1.133075280746395386e+01
1.141356194078000463e+01
1.133324316346770289e+01
1.133213357562433465e+01
1.133286849367457627e+01
1.133024917613746929e+01
1.133157785151616359e+01
1.133322542208540895e+01
1.099909506388348568e+01
1.133302066576625045e+01
1.133298401716431414e+01
1.133128056709753828e+01
1.133304010289652553e+01
1.133244395661158066e+01
1.100245630361919780e+01
1.133346611037765150e+01
1.133322542208540895e+01
1.116621126061889768e+01
1.083293926482766878e+01
1.083329476156634819e+01
1.059242849293007893e+01
1.133325350052128577e+01
1.133307437442495313e+01
1.133332351780570768e+01
1.003249100267914429e+01
1.133310886758875746e+01
1.133107174243364490e+01
1.116477862582324221e+01
1.133158416506887711e+01
1.149876826032006605e+01
1.133284651598598991e+01
1.116662175044295857e+01
1.142544242628274453e+01
1.133195578907771583e+01
1.133162927318044311e+01
