8.308312851991875192e+00
8.067437604980986166e+00
8.308335317555478383e+00
8.161214862550792759e+00
8.312444343742349417e+00
8.266902693137019753e+00
8.205697605586090404e+00
8.303633313319446430e+00
8.000835891917246201e+00
8.227455465947846491e+00
7.781782204517793566e+00
8.274420061501082557e+00
8.302272474419190473e+00
8.114544253063092683e+00
8.293920788071043049e+00
8.176838031638888893e+00
8.269076876966638068e+00
8.301294336957935727e+00
8.286886239687744293e+00
8.311161639254672551e+00
8.124133268778365391e+00
8.074223659636071915e+00
8.111987142655561200e+00
8.308335317555478383e+00
8.145179070276018507e+00
8.308272693901541217e+00
8.054907294165660758e+00
8.176838031638888893e+00
7.686282114947786681e+00
8.200432266835337103e+00
8.247165507568247733e+00
8.302272474419190473e+00
7.952335543694108999e+00
8.306271451864086330e+00
8.280054861600991245e+00
8.259130544337878632e+00
8.311437571171424565e+00
8.060387629606088566e+00
8.299771849223882114e+00
8.190719529969141988e+00
8.199770345721150377e+00
8.247669751588496467e+00
8.108964103053581951e+00
8.205697605586090404e+00
8.239123745597296988e+00
8.311161639254672551e+00
8.007357645823574899e+00
8.275083099931237030e+00
8.262303327294604927e+00
7.793422691656989088e+00
8.158664162724225122e+00
8.283816283737444053e+00
8.241933201371514528e+00
8.229316462789881825e+00
8.246792617831445682e+00
8.052218780049788194e+00
8.026302814002461261e+00
8.311437571171424565e+00
8.200432266835337103e+00
8.146340463123811659e+00
8.217995044190857357e+00
8.302272474419190473e+00
8.276650150615642687e+00
8.308335317555478383e+00
8.281418093638587052e+00
8.146483870381802106e+00
7.946800104886084348e+00
8.293920788071043049e+00
8.269139483684504910e+00
8.233166369807326745e+00
8.256481436172284916e+00
8.295258400444669888e+00
8.111987142655561200e+00
8.217176944730764987e+00
8.134666951545698410e+00
8.229316462789881825e+00
8.176838031638888893e+00
8.311727358213584438e+00
8.286886239687744293e+00
8.178271848013272560e+00
8.297030967181461492e+00
8.295258400444669888e+00
8.261256174672475083e+00
8.311042520150614621e+00
7.630223418104113975e+00
8.168912966227674488e+00
8.286886239687744293e+00
8.227779883653170145e+00
8.200432266835337103e+00
8.311161639254672551e+00
8.308312851991875192e+00
8.256481436172284916e+00
8.247165507568247733e+00
8.213115280106546123e+00
8.162453187623471607e+00
8.111987142655561200e+00
8.281745366418425291e+00
8.308335317555478383e+00
8.238264496710712592e+00
8.182897573631237265e+00
8.247165507568247733e+00
8.297030967181461492e+00
8.193449185858710848e+00
8.111987142655561200e+00
8.152420611262430228e+00
8.281923545779738660e+00
8.305787266339047292e+00
8.293920788071043049e+00
8.235844101462005185e+00
8.229316462789881825e+00
8.302272474419190473e+00
8.217176944730764987e+00
8.299007906807428725e+00
8.241933201371514528e+00
8.264586494743998202e+00
8.280054861600991245e+00
8.301294336957935727e+00
8.220846068138040863e+00
8.254541681793210017e+00
8.273793025107003984e+00
8.201690685222674304e+00
8.162453187623471607e+00
8.308335317555478383e+00
7.946800104886084348e+00
8.308690311484269841e+00
8.308755528655714429e+00
8.057876644189356341e+00
8.119265744937223417e+00
8.168912966227674488e+00
8.227779883653170145e+00
8.225397802969020233e+00
8.212097906978202744e+00
8.134123215692870446e+00
8.301368232984012607e+00
8.250391903706894681e+00
8.205697605586090404e+00
8.311727358213584438e+00
8.227455465947846491e+00
8.178271848013272560e+00
8.311161639254672551e+00
8.284690034293337391e+00
8.051147154094358882e+00
8.145358420304553704e+00
8.277972049149758149e+00
8.077797860643389782e+00
8.312549841169586173e+00
8.299092771169187088e+00
8.280054861600991245e+00
8.254541681793210017e+00
8.311161639254672551e+00
8.257851890179948029e+00
8.247165507568247733e+00
8.162453187623471607e+00
8.189105823631315673e+00
8.222675841043145084e+00
8.308690311484269841e+00
8.304322962601064617e+00
8.301294336957935727e+00
8.286006863394659305e+00
8.275093546537636513e+00
8.284690034293337391e+00
8.304139579565930518e+00
7.989696528890111615e+00
8.302272474419190473e+00
8.308335317555478383e+00
8.121394577537051518e+00
8.298466522457722760e+00
7.968712203666409977e+00
8.052218780049788194e+00
8.311727358213584438e+00
8.293122527231911789e+00
8.268422572421924244e+00
8.293920788071043049e+00
8.176838031638888893e+00
8.269076876966638068e+00
8.311727358213584438e+00
8.286886239687744293e+00
8.254541681793210017e+00
8.275093546537636513e+00
8.172120025061353488e+00
8.259587121923436470e+00
8.074223659636071915e+00
8.111987142655561200e+00
8.308335317555478383e+00
8.192575555576775415e+00
8.035570030215923865e+00
8.176838031638888893e+00
8.052218780049788194e+00
8.269076876966638068e+00
8.026302814002461261e+00
8.299207995513999236e+00
8.247165507568247733e+00
8.274173334125238810e+00
8.174731146032343077e+00
8.168912966227674488e+00
8.203599388696179773e+00
8.254541681793210017e+00
8.263274776302289126e+00
8.286702057840020785e+00
8.299771849223882114e+00
8.284690034293337391e+00
8.259587121923436470e+00
8.111987142655561200e+00
8.300415960600393106e+00
7.947757559712623987e+00
8.304318748067730738e+00
8.299715947015124939e+00
8.160898370614454223e+00
8.303633313319446430e+00
8.200432266835337103e+00
8.257851890179948029e+00
8.302272474419190473e+00
8.295258400444669888e+00
8.024166525913628334e+00
8.082043107228049195e+00
8.120230162581714595e+00
8.191330648399878456e+00
8.259130544337878632e+00
8.305328967503669446e+00
8.303633313319446430e+00
8.284690034293337391e+00
8.247165507568247733e+00
8.105283497773710266e+00
8.250365392173268475e+00
8.213115280106546123e+00
8.301368232984012607e+00
8.133062971371943561e+00
8.308335317555478383e+00
8.029989818688836323e+00
8.229316462789881825e+00
8.277607412218804583e+00
8.141262260955725694e+00
8.111987142655561200e+00
8.289235936912310976e+00
8.293920788071043049e+00
8.311042520150614621e+00
8.103445782878349490e+00
8.106586272182701336e+00
8.119265744937223417e+00
8.311727358213584438e+00
8.305256706442348147e+00
8.217995044190857357e+00
8.189308331436738086e+00
8.281745366418425291e+00
7.936664573073118234e+00
8.267672077804631314e+00
8.271200325042443069e+00
8.172988161549486819e+00
8.312174184049005987e+00
8.229316462789881825e+00
8.162569659935341448e+00
8.303133260135528104e+00
8.191938529970695271e+00
8.127281811300473890e+00
8.308335317555478383e+00
8.298591586540149834e+00
8.308755528655714429e+00
8.311727358213584438e+00
8.254541681793210017e+00
8.237256835979730241e+00
8.284690034293337391e+00
8.295258400444669888e+00
8.312174184049005987e+00
8.298466522457722760e+00
8.149371384208109248e+00
8.119265744937223417e+00
7.989550462441266987e+00
8.195432580425267233e+00
8.172120025061353488e+00
8.275816068814709325e+00
8.302272474419190473e+00
8.301368232984012607e+00
8.288394028341681263e+00
8.266902693137019753e+00
8.215456370946371933e+00
8.293920788071043049e+00
8.229316462789881825e+00
8.286886239687744293e+00
8.200432266835337103e+00
8.206673602196156381e+00
8.304139579565930518e+00
8.300596890047957643e+00
8.267672077804631314e+00
7.947757559712623987e+00
8.225373990129108748e+00
8.298466522457722760e+00
8.168912966227674488e+00
8.301294336957935727e+00
8.240118643003398802e+00
8.026302814002461261e+00
8.162569659935341448e+00
8.283816283737444053e+00
8.127281811300473890e+00
8.281418093638587052e+00
8.304322962601064617e+00
8.286886239687744293e+00
8.172120025061353488e+00
8.266115838430497575e+00
8.255665975112174593e+00
8.234226494315443290e+00
8.302272474419190473e+00
8.117870280648276093e+00
8.241933201371514528e+00
8.299715947015124939e+00
7.968712203666409977e+00
8.250236412881694292e+00
8.311727358213584438e+00
8.010096536194463823e+00
8.298178907579941921e+00
8.302113283398233179e+00
8.277607412218804583e+00
8.162453187623471607e+00
8.217176944730764987e+00
8.184157799495819674e+00
8.271200325042443069e+00
8.298466522457722760e+00
8.176838031638888893e+00
8.168912966227674488e+00
8.219897525472282140e+00
8.259358328198301180e+00
8.284690034293337391e+00
8.145358420304553704e+00
8.213115280106546123e+00
8.293920788071043049e+00
8.229316462789881825e+00
8.176838031638888893e+00
8.280054861600991245e+00
8.168912966227674488e+00
8.311727358213584438e+00
8.283958883086404157e+00
8.257851890179948029e+00
8.111987142655561200e+00
8.293920788071043049e+00
8.140338041453532014e+00
8.158151947178243546e+00
8.176838031638888893e+00
8.280054861600991245e+00
8.280931390070366049e+00
8.254541681793210017e+00
8.275093546537636513e+00
7.781782204517793566e+00
8.074223659636071915e+00
8.111987142655561200e+00
8.299007906807428725e+00
8.210799069526556693e+00
8.293920788071043049e+00
8.229316462789881825e+00
8.280054861600991245e+00
8.227455465947846491e+00
8.254541681793210017e+00
8.284690034293337391e+00
8.263275487725774582e+00
8.251825119419457621e+00
8.217176944730764987e+00
8.281190877417513363e+00
8.165889892555769691e+00
8.267560730074258402e+00
8.203599388696179773e+00
8.227455465947846491e+00
8.311161639254672551e+00
8.299207995513999236e+00
8.247165507568247733e+00
8.155638663782795561e+00
8.298466522457722760e+00
8.286886239687744293e+00
8.311437571171424565e+00
8.311161639254672551e+00
8.238600879027123014e+00
8.172120025061353488e+00
8.214201601123786389e+00
8.257851890179948029e+00
8.297030967181461492e+00
8.162453187623471607e+00
8.142001382581383950e+00
8.308335317555478383e+00
8.299358471582033658e+00
8.271200325042443069e+00
8.229316462789881825e+00
8.205697605586090404e+00
8.269076876966638068e+00
8.257851890179948029e+00
8.217176944730764987e+00
8.268422572421924244e+00
8.298466522457722760e+00
8.301294336957935727e+00
8.308375536278759910e+00
8.275083099931237030e+00
8.272243049072709908e+00
8.259358328198301180e+00
8.311079628637582317e+00
8.162569659935341448e+00
8.264656958200950143e+00
8.295258400444669888e+00
8.285841106271078615e+00
8.312549841169586173e+00
8.267672077804631314e+00
8.151642542444907491e+00
8.039483172489273244e+00
8.229316462789881825e+00
8.233166369807326745e+00
8.257851890179948029e+00
8.302272474419190473e+00
7.537102252766253230e+00
8.111987142655561200e+00
8.217176944730764987e+00
7.947757559712623987e+00
8.235844101462005185e+00
7.952335543694108999e+00
8.168912966227674488e+00
8.286886239687744293e+00
8.284690034293337391e+00
8.162569659935341448e+00
8.311727358213584438e+00
8.286886239687744293e+00
8.254541681793210017e+00
8.255665975112174593e+00
8.234226494315443290e+00
8.269463328653449352e+00
8.257874554780752163e+00
8.207143800634911557e+00
8.213115280106546123e+00
8.074223659636071915e+00
8.281745366418425291e+00
8.245991577925112281e+00
8.293920788071043049e+00
8.269139483684504910e+00
8.274173334125238810e+00
8.176838031638888893e+00
8.259130544337878632e+00
8.227779883653170145e+00
8.216927080640644476e+00
8.293920788071043049e+00
8.254775037971088025e+00
8.298466522457722760e+00
8.113017542960442086e+00
8.301294336957935727e+00
8.240118643003398802e+00
8.286886239687744293e+00
8.200432266835337103e+00
8.234226494315443290e+00
8.257851890179948029e+00
8.247165507568247733e+00
8.302272474419190473e+00
8.202278137862995422e+00
8.276650150615642687e+00
8.254775037971088025e+00
8.168912966227674488e+00
8.301294336957935727e+00
8.200432266835337103e+00
8.305230323397552183e+00
8.305256706442348147e+00
8.302272474419190473e+00
8.310685593052093978e+00
8.299007906807428725e+00
8.271200325042443069e+00
8.308690311484269841e+00
8.298466522457722760e+00
8.168912966227674488e+00
8.311727358213584438e+00
8.239848459625864763e+00
8.213115280106546123e+00
8.241863056631203222e+00
8.229316462789881825e+00
8.254541681793210017e+00
8.237256835979730241e+00
8.255665975112174593e+00
8.234226494315443290e+00
8.259358328198301180e+00
8.204482892356066870e+00
8.298178907579941921e+00
8.005624951104923781e+00
8.255458297417259672e+00
8.096335898859376101e+00
7.894127215034348666e+00
8.309758946262144619e+00
8.269139483684504910e+00
8.298466522457722760e+00
8.052218780049788194e+00
8.119265744937223417e+00
8.275093546537636513e+00
8.257851890179948029e+00
8.213115280106546123e+00
8.267672077804631314e+00
8.176838031638888893e+00
8.267560730074258402e+00
8.311727358213584438e+00
8.286886239687744293e+00
8.041878327154524442e+00
8.311161639254672551e+00
8.107913549692831623e+00
8.257851890179948029e+00
8.213115280106546123e+00
8.162453187623471607e+00
8.217176944730764987e+00
8.299007906807428725e+00
8.247489146873681065e+00
8.299715947015124939e+00
8.298466522457722760e+00
8.303633313319446430e+00
8.265540010338607857e+00
8.284690034293337391e+00
8.065430572695758471e+00
8.298646428998539548e+00
8.299748044301898275e+00
8.200180979734312814e+00
8.289235936912310976e+00
8.215456370946371933e+00
8.293920788071043049e+00
8.176838031638888893e+00
8.280054861600991245e+00
8.219412479226543056e+00
8.277607412218804583e+00
8.259587121923436470e+00
8.024166525913628334e+00
8.022916579738708975e+00
8.298466522457722760e+00
8.205697605586090404e+00
8.168912966227674488e+00
8.311727358213584438e+00
8.200432266835337103e+00
8.302272474419190473e+00
8.226416117098418468e+00
8.217176944730764987e+00
7.946800104886084348e+00
8.246071512737811915e+00
8.052218780049788194e+00
8.283958883086404157e+00
8.275083099931237030e+00
8.309503427899885608e+00
8.266115838430497575e+00
8.275642639272408729e+00
8.247165507568247733e+00
8.276991985386150219e+00
8.162453187623471607e+00
8.238587025294778599e+00
8.225373990129108748e+00
8.229316462789881825e+00
8.252963809887365443e+00
8.254541681793210017e+00
8.275093546537636513e+00
8.284690034293337391e+00
8.247165507568247733e+00
8.132637338461282894e+00
8.213115280106546123e+00
8.227869931073239940e+00
8.185029299755447241e+00
8.308335317555478383e+00
8.219979414894316605e+00
8.052218780049788194e+00
8.311727358213584438e+00
8.284690034293337391e+00
8.141262260955725694e+00
7.989696528890111615e+00
8.154725120315747589e+00
8.111987142655561200e+00
8.292504623493490712e+00
8.229316462789881825e+00
8.233166369807326745e+00
8.176838031638888893e+00
8.202717144869369648e+00
8.213115280106546123e+00
8.266902693137019753e+00
8.016422153876696655e+00
8.299715947015124939e+00
8.229316462789881825e+00
8.168912966227674488e+00
8.311727358213584438e+00
8.287173744790091945e+00
8.301465023258883136e+00
8.099935947315795914e+00
8.145358420304553704e+00
8.187824487921359307e+00
8.213115280106546123e+00
8.217176944730764987e+00
8.296718245786522061e+00
8.300189741200133753e+00
8.245485367284253186e+00
8.293920788071043049e+00
8.254775037971088025e+00
8.306271451864086330e+00
8.305256706442348147e+00
8.257851890179948029e+00
8.271396885883595118e+00
8.024166525913628334e+00
8.299747610587495217e+00
8.089739876488030390e+00
8.293920788071043049e+00
8.274173334125238810e+00
8.304322962601064617e+00
8.168912966227674488e+00
7.781782204517793566e+00
8.247165507568247733e+00
8.189308331436738086e+00
8.295258400444669888e+00
8.079065110702389418e+00
8.111987142655561200e+00
8.217176944730764987e+00
8.168912966227674488e+00
8.311727358213584438e+00
8.268560801851606357e+00
8.162569659935341448e+00
8.213115280106546123e+00
8.254440661259575762e+00
8.222675841043145084e+00
8.176838031638888893e+00
8.280054861600991245e+00
7.915998948156368620e+00
8.301294336957935727e+00
8.181312913645903961e+00
8.311161639254672551e+00
8.284690034293337391e+00
8.213115280106546123e+00
8.276650150615642687e+00
8.298466522457722760e+00
8.176838031638888893e+00
8.158069099228967502e+00
8.303633313319446430e+00
8.230592867717449579e+00
8.286886239687744293e+00
8.200432266835337103e+00
8.284690034293337391e+00
8.218105439485936969e+00
8.308335317555478383e+00
8.293920788071043049e+00
7.952335543694108999e+00
8.119265744937223417e+00
8.203599388696179773e+00
8.286886239687744293e+00
7.931878870744192511e+00
8.291693258767057984e+00
8.284690034293337391e+00
8.213115280106546123e+00
8.295258400444669888e+00
8.176838031638888893e+00
8.280054861600991245e+00
8.005017361182778401e+00
8.254541681793210017e+00
8.190230238587300704e+00
8.275083099931237030e+00
8.259849196466369392e+00
8.302272474419190473e+00
8.288033809074031311e+00
8.275628858849778169e+00
8.250391903706894681e+00
8.293920788071043049e+00
8.298466522457722760e+00
7.968712203666409977e+00
8.304322962601064617e+00
8.178271848013272560e+00
8.275093546537636513e+00
8.257851890179948029e+00
8.302272474419190473e+00
8.257175410728942566e+00
8.282095481301752216e+00
8.225373990129108748e+00
8.280054861600991245e+00
8.200432266835337103e+00
8.290711181996382351e+00
8.172120025061353488e+00
8.183371504584078693e+00
7.781782204517793566e+00
8.289371593745466171e+00
7.989696528890111615e+00
8.074223659636071915e+00
8.208528550672335555e+00
8.244363561886441261e+00
8.280054861600991245e+00
8.303633313319446430e+00
8.301465023258883136e+00
8.085176799722573193e+00
8.275642639272408729e+00
8.247165507568247733e+00
8.304139579565930518e+00
8.307977512800862385e+00
8.299007906807428725e+00
8.269139483684504910e+00
8.280525339333633994e+00
8.176838031638888893e+00
8.280054861600991245e+00
8.311727358213584438e+00
8.247810840389737663e+00
8.297030967181461492e+00
8.281190877417513363e+00
8.064748762602885535e+00
8.260586565291196948e+00
8.198756583170514034e+00
8.293920788071043049e+00
8.177479460209541529e+00
8.280054861600991245e+00
8.305328967503669446e+00
8.284690034293337391e+00
8.162453187623471607e+00
8.280219038139875920e+00
8.145179070276018507e+00
8.225373990129108748e+00
8.254775037971088025e+00
8.269139483684504910e+00
8.308755528655714429e+00
8.061772930704757201e+00
8.303633313319446430e+00
7.781782204517793566e+00
8.270760692426916805e+00
8.111987142655561200e+00
8.217176944730764987e+00
8.229716180675698212e+00
7.947757559712623987e+00
8.298466522457722760e+00
8.176838031638888893e+00
8.311727358213584438e+00
8.301465023258883136e+00
8.305256706442348147e+00
8.256481436172284916e+00
8.111987142655561200e+00
8.217176944730764987e+00
8.058609203855821690e+00
8.089149455408422895e+00
8.022916579738708975e+00
8.231599844008666622e+00
8.176838031638888893e+00
8.168912966227674488e+00
8.257851890179948029e+00
8.162453187623471607e+00
8.308335317555478383e+00
8.275606451862735469e+00
8.298591586540149834e+00
8.229316462789881825e+00
8.311727358213584438e+00
8.286886239687744293e+00
8.200432266835337103e+00
8.297887564156026130e+00
8.162453187623471607e+00
8.308335317555478383e+00
8.299007906807428725e+00
8.280054861600991245e+00
8.227779883653170145e+00
7.989550462441266987e+00
8.311161639254672551e+00
8.302853469145556886e+00
8.178240774710173966e+00
8.259358328198301180e+00
8.300369577955814648e+00
8.256481436172284916e+00
8.247165507568247733e+00
8.297030967181461492e+00
8.162453187623471607e+00
8.111987142655561200e+00
8.308335317555478383e+00
8.058609203855821690e+00
8.241933201371514528e+00
8.190203211733642519e+00
8.257851890179948029e+00
8.297030967181461492e+00
8.240690738510611624e+00
8.293920788071043049e+00
8.145450529110801696e+00
8.205697605586090404e+00
8.257569834043094303e+00
8.286886239687744293e+00
8.200432266835337103e+00
8.274763447343511658e+00
8.284690034293337391e+00
8.308335317555478383e+00
7.946800104886084348e+00
8.215456370946371933e+00
8.308755528655714429e+00
8.176838031638888893e+00
8.311727358213584438e+00
8.272243049072709908e+00
8.259358328198301180e+00
8.289140177812344135e+00
8.284690034293337391e+00
8.312549841169586173e+00
8.255943672678577983e+00
8.251401236749545731e+00
8.176838031638888893e+00
8.150134061806770802e+00
8.140479565885510027e+00
8.311727358213584438e+00
8.254541681793210017e+00
8.275083099931237030e+00
8.141262260955725694e+00
8.303133260135528104e+00
8.261436113916881041e+00
8.292266549885248139e+00
8.280219038139875920e+00
8.142945502367412658e+00
8.250391903706894681e+00
8.299715947015124939e+00
8.229316462789881825e+00
8.280054861600991245e+00
8.308312851991875192e+00
8.284690034293337391e+00
8.302272474419190473e+00
8.268422572421924244e+00
8.286886239687744293e+00
8.301465023258883136e+00
8.254541681793210017e+00
8.275093546537636513e+00
8.293670212476039083e+00
8.295582810969749588e+00
8.268422572421924244e+00
8.308335317555478383e+00
8.225373990129108748e+00
8.229316462789881825e+00
8.262669060099179674e+00
8.176838031638888893e+00
8.168912966227674488e+00
8.301465023258883136e+00
8.178271848013272560e+00
8.275093546537636513e+00
8.257851890179948029e+00
8.141262260955725694e+00
8.145358420304553704e+00
8.302272474419190473e+00
8.255234082243120497e+00
8.209102860965529658e+00
8.301294336957935727e+00
8.178271848013272560e+00
8.275093546537636513e+00
8.206673602196156381e+00
8.257851890179948029e+00
8.241783169864657310e+00
8.189105823631315673e+00
8.058609203855821690e+00
8.229316462789881825e+00
8.267560730074258402e+00
8.276629001617125780e+00
8.202717144869369648e+00
8.286886239687744293e+00
8.184566598384312996e+00
8.257851890179948029e+00
8.274420061501082557e+00
8.141262260955725694e+00
8.074223659636071915e+00
8.229316462789881825e+00
8.233166369807326745e+00
8.176838031638888893e+00
8.254541681793210017e+00
8.237256835979730241e+00
8.275083099931237030e+00
8.284690034293337391e+00
8.302272474419190473e+00
8.301368232984012607e+00
8.182897573631237265e+00
8.298466522457722760e+00
8.176838031638888893e+00
8.168912966227674488e+00
8.301294336957935727e+00
8.254541681793210017e+00
8.302853469145556886e+00
8.302272474419190473e+00
8.267999558362134849e+00
7.947757559712623987e+00
8.177479460209541529e+00
8.233166369807326745e+00
8.176838031638888893e+00
8.260673062508917752e+00
8.286886239687744293e+00
8.311161639254672551e+00
8.172120025061353488e+00
8.302272474419190473e+00
8.285841106271078615e+00
8.217176944730764987e+00
8.293920788071043049e+00
8.176838031638888893e+00
8.280054861600991245e+00
8.126121507955833323e+00
8.301294336957935727e+00
8.311161639254672551e+00
8.305668773249268000e+00
8.213115280106546123e+00
8.257175410728942566e+00
8.217176944730764987e+00
8.283049153323915448e+00
8.241933201371514528e+00
8.274173334125238810e+00
8.247813465181174308e+00
8.168912966227674488e+00
8.311727358213584438e+00
8.200432266835337103e+00
8.284690034293337391e+00
8.220031717053776887e+00
8.266902693137019753e+00
8.293920788071043049e+00
8.121394577537051518e+00
8.298466522457722760e+00
8.176838031638888893e+00
8.083609764417978738e+00
8.311727358213584438e+00
8.271840823847258051e+00
8.275222996047856938e+00
8.273662233213476824e+00
8.213115280106546123e+00
8.260586565291196948e+00
8.286886239687744293e+00
8.254541681793210017e+00
8.311161639254672551e+00
8.292405977045330445e+00
8.086861048582326461e+00
8.276782740144478012e+00
8.134123215692870446e+00
8.111987142655561200e+00
8.256393989204251938e+00
8.176838031638888893e+00
8.280054861600991245e+00
8.237256835979730241e+00
8.262303327294604927e+00
8.255665975112174593e+00
8.298178907579941921e+00
8.279526163737319422e+00
8.277607412218804583e+00
8.145358420304553704e+00
8.158323319497728932e+00
8.293920788071043049e+00
8.176838031638888893e+00
8.303633313319446430e+00
8.305230323397552183e+00
8.146340463123811659e+00
8.255665975112174593e+00
8.238068019001154596e+00
8.284690034293337391e+00
8.049792210668622161e+00
8.097109224705143049e+00
8.266902693137019753e+00
8.280054861600991245e+00
8.301622937913030853e+00
8.168912966227674488e+00
8.301294336957935727e+00
8.254541681793210017e+00
8.275093546537636513e+00
8.284690034293337391e+00
8.213115280106546123e+00
8.312549841169586173e+00
8.125767614883896428e+00
8.280054861600991245e+00
8.083609764417978738e+00
8.311727358213584438e+00
8.200432266835337103e+00
8.275093546537636513e+00
8.197750626352940273e+00
8.299207995513999236e+00
8.247165507568247733e+00
8.145358420304553704e+00
8.111987142655561200e+00
8.281745366418425291e+00
8.172988161549486819e+00
8.293920788071043049e+00
8.312174184049005987e+00
8.280525339333633994e+00
8.176838031638888893e+00
8.284690034293337391e+00
8.247165507568247733e+00
8.162453187623471607e+00
8.248401195014855247e+00
8.160234429221738139e+00
8.176838031638888893e+00
8.237968922427899798e+00
8.286886239687744293e+00
8.200432266835337103e+00
8.311161639254672551e+00
8.257851890179948029e+00
8.254775037971088025e+00
8.205697605586090404e+00
8.254541681793210017e+00
8.238501638657245607e+00
8.139624731684593328e+00
8.265253109330412684e+00
8.312004455517914892e+00
8.050612972406369749e+00
7.771636506948265577e+00
8.253910125712565105e+00
8.247165507568247733e+00
8.213115280106546123e+00
8.007466773180816233e+00
8.252963809887365443e+00
8.280054861600991245e+00
8.311727358213584438e+00
8.178271848013272560e+00
8.130313903182418755e+00
8.126769293816609618e+00
8.212097906978202744e+00
8.077797860643389782e+00
8.222838434510636674e+00
8.217176944730764987e+00
8.308335317555478383e+00
8.176838031638888893e+00
8.280054861600991245e+00
8.259130544337878632e+00
8.229770375610023336e+00
8.138501759684533710e+00
8.247165507568247733e+00
8.307571248524075358e+00
8.285841106271078615e+00
8.079065110702389418e+00
8.233166369807326745e+00
7.915998948156368620e+00
8.286886239687744293e+00
8.294947412137359422e+00
8.293646416463081650e+00
8.150187060515992954e+00
