2.771333241175088645e-04
2.975131234183020414e-03
1.298398596235904052e-03
6.744042012458640245e-04
6.976846983965463884e-04
4.040128885374635295e-04
1.212334207162935485e-03
4.191341024632720138e-04
1.374072528559447566e-03
6.613565608111381848e-04
1.288160338160027540e-03
5.295790473810090210e-04
1.089053836745233414e-03
7.985080047645422415e-04
2.796366453188020205e-04
1.464659471909908169e-03
5.150310940521743560e-04
1.720370642927715932e-04
6.800319979017911427e-04
4.941617520098034013e-04
3.856604358186215518e-04
7.258771154389113489e-04
4.623900242911329304e-04
7.160928072519439887e-04
1.849805037792306116e-03
3.267028648421215105e-03
1.774814427000472516e-03
3.414761445122706154e-03
4.358931088424842560e-04
3.489473063202967154e-04
2.866403182517408312e-04
5.884377117448890771e-04
4.600340748807976417e-04
1.262750070096735691e-03
2.618570918067374478e-04
6.642488863223798426e-04
1.333558047472493914e-03
1.510939671783536990e-03
7.016217811568148345e-04
6.664228657936582942e-04
2.982548377899034995e-04
9.160006424508698860e-04
8.248433844331724872e-04
1.599483685835208354e-03
9.156965083203297533e-04
1.281740074507653048e-03
5.477649514383484174e-04
1.490798136939414879e-03
3.991640214689108255e-04
4.340152533664085803e-04
5.637699415769401035e-04
1.102241153420923650e-03
7.258771154389113489e-04
4.885240119187239834e-04
5.007400137631532215e-04
1.133160068741996714e-03
1.077120942093674543e-03
3.603060732474442588e-04
2.828415130142205528e-04
6.981477123865689879e-04
4.505114563098952616e-04
2.606036580589241990e-03
4.536593115099264435e-04
3.573214414806922981e-04
4.298818449587223068e-04
6.215022133374729181e-04
9.494038884949495194e-04
4.345607155035817438e-04
3.247226976577629936e-04
1.332124640194919064e-03
7.849861924854420773e-04
6.022751491476708739e-04
5.217630548476097016e-04
4.727933669560687737e-04
5.645282597543031496e-04
1.303340858774202195e-03
6.012592680699451863e-04
5.375860098934427808e-04
4.802822055306525087e-04
2.428047600761681305e-03
1.132779735456690114e-03
1.142424864940000655e-03
2.783479099540168804e-03
1.693917973510822598e-03
5.842381904767555154e-04
8.355203780447042344e-04
2.182297595017124690e-03
3.432260183590931323e-04
4.850794864079540844e-04
9.914787248583715237e-04
2.987965159665251485e-03
1.072248672760903231e-03
5.141414287477456086e-04
1.783446041123409312e-03
7.646184531306544213e-04
3.160061655324327280e-04
4.673191517613605340e-04
4.580887999416807625e-04
5.282073292460318526e-04
1.291900647816707085e-03
3.043340861996281276e-04
1.393087124019222077e-03
1.024887887290499471e-03
5.392346250235446198e-04
5.423763962910749465e-04
2.879051068151753864e-04
9.906094490468777408e-04
7.614036910498151508e-04
5.243923466398586579e-03
2.880097720379433271e-04
9.322287515613340066e-04
3.946926674173079790e-04
7.842457185116065866e-04
4.115589443943538624e-04
4.304342682783712988e-04
7.547505948189935348e-04
7.295864343386456200e-04
2.232829190389409998e-04
5.814540465670153466e-04
7.962371757965783442e-04
2.721800132375931311e-03
4.643365531327639647e-04
6.282742596146943890e-04
1.229816135443445851e-03
3.988130130604872398e-04
6.963977439860700915e-04
3.503435525626477404e-04
1.103725039548113327e-03
5.751851726736196277e-04
6.694056374638034015e-04
4.673915175749300695e-04
2.635033195301675173e-03
1.462778007896260116e-03
3.256675994071752322e-04
4.118160373564337174e-04
4.410049052404613071e-04
6.883846443789956929e-04
6.954339614681144012e-04
1.716959693499643940e-04
1.644550188107584462e-03
1.036763969745264349e-03
3.699621319403520285e-04
5.270542568788179122e-04
7.319369069408771964e-04
2.982629451106103523e-03
2.828415130142205528e-04
2.776090095511577751e-04
6.252504316195368157e-04
1.367759305998969511e-03
4.339393001981995172e-04
3.227944735489858314e-04
1.649037835774585235e-04
9.626497675225534258e-04
4.178315360588040809e-04
2.866183513773786114e-03
5.904566773285779358e-04
1.061100563487563618e-03
6.077412708998648988e-04
4.124583035960611467e-04
3.965407572722394578e-04
8.439548905279182838e-04
8.955040054892328578e-04
2.538509680875208094e-04
3.805722428678461424e-04
1.068959909274693702e-03
4.413939607766712687e-04
1.911181404242572328e-04
5.568942438300762991e-04
9.116934634451861856e-04
7.004665435510222917e-04
1.605129405066218801e-04
7.080402005996748417e-04
2.299763350030636553e-04
6.257091854069818772e-04
5.695208102879500273e-04
7.027777659195581610e-04
1.126390573328113400e-03
1.391454908168390401e-03
5.133157670001424087e-04
4.274737003427777401e-04
1.370862827883515250e-03
4.732360016006399565e-04
3.319747094220394570e-03
6.035730042900796198e-04
1.264003334536131470e-04
2.108685906176336559e-03
3.946926674173079790e-04
5.737317744936873496e-04
1.351378988917706489e-03
9.383932983707104483e-04
1.418547583271905421e-03
2.028297617753064500e-03
6.819146644959561340e-04
1.161057828029886255e-03
4.231624972861206869e-04
6.788846974704344219e-04
9.954487625579919174e-04
1.091052082586702575e-03
4.817363037884955443e-03
1.169185536859629554e-03
1.803025984739279252e-03
2.817956987024337954e-04
7.151428503530682249e-04
6.147449777428634198e-04
1.168292067367335263e-03
6.587846154068936711e-04
5.785932543382929071e-04
2.906928612598636778e-03
2.487721983526874339e-04
2.644708803032453314e-04
4.224749106506588245e-04
8.657183030309733825e-04
5.467473885032375983e-04
3.218456651986533086e-03
2.927253280966190738e-03
1.193000515475876877e-03
1.123379745109741789e-03
8.889704437430465339e-04
6.500379807307856556e-04
1.582327739164046069e-03
3.245469069339846106e-04
1.004442043585305642e-03
4.417612507038402164e-04
1.226468562714035614e-03
3.809690874835982102e-04
2.270132836731002853e-04
1.178428550323447430e-03
1.861376825426904217e-03
5.200892238926856960e-03
1.062833351787879650e-03
9.164827301599919691e-04
2.646885182663186956e-03
1.401031907577854297e-03
9.873278506236677233e-04
4.731721570489885080e-04
1.148002230012081177e-03
1.647038501965641336e-03
2.947329378213896884e-04
5.214463248289928458e-03
8.649129770385156901e-03
2.382281399631852711e-04
4.366466234477653168e-04
5.602070411829932796e-04
5.556901350970753052e-04
4.948146522274639823e-04
8.075012094899606087e-04
8.449796654427525928e-04
1.424811496949911346e-03
7.083432438066059305e-04
3.164204029628918998e-03
2.996620368815835806e-04
8.771482002879772959e-04
4.906607466341915066e-04
1.402447192795237265e-03
9.030995224176352823e-04
5.568559190063788978e-04
4.186188002918966693e-03
8.643998781824166130e-04
7.045011279981624802e-04
5.558792943618608498e-04
3.790383916510406989e-04
8.527257421476986884e-04
1.794563068207172219e-03
2.932572937926760607e-04
1.108003943029560456e-03
7.566156870129214654e-04
9.366481838806893154e-04
7.399799155693043834e-04
1.445525606531647411e-03
4.571980673246801418e-04
9.364769056256117170e-04
3.366743209173854619e-04
5.572159275378108911e-04
6.188295284276723813e-04
2.019144336484415912e-03
5.265046051946324851e-04
6.148248355666611435e-04
5.183540767434292700e-04
1.901015269793984068e-03
1.195399711247415982e-03
4.120042542761049946e-04
7.706247498421061855e-04
3.027303823754817790e-04
8.955040054892328578e-04
1.860606614580820155e-03
4.552390552707332068e-03
1.103932991748459141e-03
8.330736132710538783e-04
4.976465059859924971e-04
1.210031819347098716e-03
1.327191622048757040e-03
6.271426238099019751e-04
4.658338635547686242e-04
9.780967151223531747e-04
6.290845765874060989e-04
3.230014743496623444e-03
1.522511146890592835e-03
1.133709879801882061e-03
3.606533153365722882e-04
1.853699428464309544e-04
5.804038651310396753e-04
8.061203279894063730e-04
6.606390851912840147e-04
1.637689739302586496e-03
3.895430311608420347e-04
2.778566792119107178e-04
6.182438363292646136e-04
6.772394375006226966e-04
4.950187050598079536e-03
5.894595010243347272e-04
6.381696106829089265e-04
5.278593677839060749e-04
1.335534391475592161e-03
8.740549932879593470e-04
1.496121403832184702e-03
2.772462318153526479e-04
3.434924858180959137e-04
1.917066074805821516e-04
2.001918172141232304e-04
4.608657485673534754e-04
4.340418754084867758e-04
5.286493305779277297e-04
1.735914751076324041e-03
4.047379200927387179e-04
5.256869079639090630e-04
1.349433446513271162e-03
3.021968959007566486e-04
1.842537536385757202e-03
7.172498933734475831e-04
2.090769682490090185e-03
8.260564886489842659e-04
5.848259662664342419e-04
8.634952880148427006e-04
2.861363606260101597e-04
7.959344554773245713e-04
5.770029605237325622e-04
1.131827147820076455e-03
7.723757496057304106e-04
2.319256843086214565e-03
3.817442465585792460e-03
7.789656120011886117e-04
3.898936814489091713e-04
1.948715783981173335e-03
9.643219070361892927e-04
2.435599589847624400e-03
1.117163937331551362e-03
5.861401441792460929e-04
9.779145811581631265e-04
7.236577015900984636e-04
3.700262069591865751e-04
4.491995815587166091e-04
3.161174209126913479e-04
4.399614641999071351e-04
9.187375563009225190e-04
1.276853136862833235e-03
6.300506147715691013e-04
1.101663988017593859e-03
5.390921620288480426e-04
3.347598642517186397e-03
1.608356196701517943e-03
3.363902474804740875e-03
6.410743700320195061e-04
3.586085095570627291e-04
7.949528447114007903e-04
2.340238226706807534e-03
3.549570098449273195e-04
6.335429410400377371e-04
1.282038911893649234e-03
4.671107923255723581e-04
9.481610723386652137e-04
8.767707129900449573e-04
4.062992388162334385e-03
5.008365867009467775e-04
3.666492539734105319e-04
1.181663816145865197e-03
3.229835685661506975e-04
7.740180302477377063e-04
2.269040220100563589e-03
8.679415054539313173e-04
4.269463625547515080e-04
9.592148304890620774e-04
6.606826734586660052e-04
1.913414330105171551e-04
5.410347992121228300e-04
1.045412408661772728e-03
2.240984344905256817e-03
5.638058905514792534e-04
2.575429167722421194e-03
4.997672277112492987e-04
1.407441174965769898e-03
1.094289687093975057e-03
1.199178297507716992e-03
5.546780755899050671e-04
3.929595465592763156e-04
2.089378174747961135e-03
2.814898134470000270e-04
1.100248285942530355e-03
6.664849168926450986e-04
1.326709585198373184e-03
2.176337688405145636e-04
4.425344754605942512e-04
7.797718232530625754e-04
1.030296758476464351e-03
1.269944345084803678e-03
7.814312495391882154e-04
9.537631824020632301e-04
4.462773961178249254e-04
9.871727748634645441e-04
1.762549232356985405e-03
2.293453970545453505e-04
2.955894688499292444e-03
1.164789640291486773e-03
7.053996574614663454e-04
5.944256739625672749e-04
6.612684902931339039e-04
7.080402005996748417e-04
2.860407653890567592e-04
9.506193107742552748e-04
4.431098856873553950e-04
5.959992538022417527e-04
3.877054981104835398e-04
1.298622798330685991e-03
1.579022574543954751e-03
4.328993547884722997e-04
6.626359576909809489e-04
2.397553903316485598e-03
6.610443536795741239e-03
2.187464173886355910e-03
1.349464600645511932e-03
5.945448883305873853e-04
4.401562451915459187e-04
5.657312857452713927e-04
3.481815299726351461e-04
1.031139139804962673e-03
7.269445574309445950e-04
8.025816677526479001e-04
1.571948620031359467e-03
1.908441929932990508e-03
1.712153222400668307e-03
9.864359171008816977e-04
4.608132379959323905e-04
1.249556223919652759e-03
1.886491829628686836e-03
2.326056240103926715e-03
8.124239915745720686e-04
4.874915204038263129e-04
4.231831877752760367e-03
7.106867648124695191e-04
1.857015716174723963e-03
2.727895329073337736e-03
5.898149997763760819e-04
1.384337182600513510e-03
4.531395981884356610e-04
1.025297995265501841e-03
9.340909874190824217e-04
2.755612726618371540e-03
5.398132925713176400e-04
3.037265705108497561e-04
1.577887820894134391e-03
8.273688419624200150e-04
9.501544747209703622e-04
9.775186524603630012e-04
3.542890014856163537e-04
2.624032975291441892e-03
9.086005937379501574e-04
8.663983246956302947e-04
5.730605835901988630e-04
8.103858980957391080e-04
1.087849042307683723e-03
1.120115231995124153e-03
6.178228040034199064e-04
9.068945796802459648e-04
4.775110153851243430e-04
1.403390766290261299e-03
1.919671454273029314e-03
4.915611670542356301e-04
2.806746759881792951e-04
1.645908778202015378e-03
4.706182293844145791e-04
5.374025842753982207e-04
4.413007085338233482e-04
2.569093884263232673e-03
6.933715774571667457e-04
4.991959829790985296e-04
2.521768737228137773e-04
9.527573935199486546e-04
6.453136394036103601e-04
1.880480327372424816e-04
9.133767085834547470e-04
2.272924921208150512e-04
8.439548905279182838e-04
7.215594925071566745e-04
7.771955425460331125e-04
5.548463221690281156e-04
1.448478778143794576e-04
1.976020476272630374e-04
1.145266037778163446e-03
6.054569530920794187e-04
4.893686620354780956e-04
6.283675932813633912e-04
3.121775542269664204e-04
1.230094219682499124e-03
2.888876334935648084e-03
1.514031700349441519e-03
9.490111606219229189e-04
1.142424864940000655e-03
1.239277918145194422e-03
6.074464213273038675e-04
5.929794616955769409e-04
3.364436145351718996e-04
1.024038260490533776e-03
2.995009049834871447e-04
1.005072316863470441e-03
9.535622580907597307e-04
6.395207725813961859e-04
1.792624009878823494e-03
7.108905449575820363e-04
7.959344554773245713e-04
1.526194823389342200e-03
6.784183719114691459e-04
6.290845765874060989e-04
1.489403077241713714e-03
4.380037232822070361e-04
1.635270040166804644e-03
8.706069937724145169e-04
2.089378174747961135e-03
7.305416229019496633e-04
3.400288198465269401e-03
1.059521690768359514e-03
1.269428511587479156e-03
2.766535387479920416e-04
9.501544747209703622e-04
1.588682721756859689e-03
9.561966914680846991e-04
1.030373026006062764e-03
8.469100554333378050e-04
9.024197909641902028e-04
6.959289283146316086e-04
4.260095009978337476e-04
1.156341465393631151e-03
1.071472861222774698e-03
1.541515250464384071e-03
1.074170575749983439e-03
5.702162831042593451e-04
1.263111407990225726e-03
3.710933851284899912e-04
4.755245779800955429e-04
7.553836253430986887e-04
2.293505386916470587e-03
5.258730918522106770e-04
7.449196257459621273e-04
3.296998975892753963e-04
5.236626112980885799e-04
7.038281497655494469e-04
1.919671454273029314e-03
5.814540465670153466e-04
1.007226064715340897e-03
3.175696395096432338e-04
4.147335516828149111e-04
1.146426933584380678e-03
2.961878954138038689e-04
5.023173764037786515e-04
9.753407704350665428e-04
1.811724771758871453e-03
3.036963018203018248e-04
8.843975804474926792e-04
7.418877642947427223e-04
1.917066074805821516e-04
5.897436498252931793e-04
8.046306374449534561e-04
9.746920216371207906e-04
5.838231132237427972e-04
1.749164670549975022e-03
8.345510366610718557e-04
2.501692654722770378e-04
4.287558723997221891e-04
2.855185838807520831e-04
2.024590452254521750e-03
5.359922747840385141e-04
1.974054445946188765e-04
2.655440687537017242e-04
4.271249345922536566e-04
2.937424931931237587e-04
8.091214241874172819e-04
7.989589383638368318e-04
4.640847419517852993e-04
5.386723732372196904e-04
4.241020326147013986e-04
4.931176443488020185e-04
1.030712815209955781e-03
1.594475784066484844e-03
1.528833439816515514e-03
7.898061540403034011e-04
9.052975566928825497e-04
5.910038953845465556e-04
1.132240217815978648e-03
1.511452449369168330e-03
7.942517034055605191e-04
8.983475342290985367e-04
3.941715948186944258e-04
2.982548377899034995e-04
4.293998174714407589e-04
1.185667238476033900e-03
6.285830523525217815e-04
3.047096343864737038e-03
1.655241996555942155e-03
8.009365539424975885e-04
3.170925271244165911e-04
7.356126757667103477e-04
5.508410390506552267e-04
3.391689744524694966e-04
2.826655722220027239e-04
5.361625460104156669e-04
1.192550442577422097e-03
5.223855375684890653e-04
1.819180752886684902e-04
9.726569033545915625e-04
5.922490090140477420e-04
3.583772090121610521e-03
2.523691448633248497e-04
5.254406757576067294e-04
7.773332163477446842e-04
3.538831724796366249e-04
8.868386575815507709e-04
9.685070459122704749e-04
6.314560577035737646e-04
2.678003325967013779e-03
7.020431789796185203e-04
4.186669728046178859e-04
6.469000165287111829e-04
5.265030487280929553e-04
1.145661975766842184e-03
1.961501234166962340e-03
5.277295280077116653e-04
6.502967039686461488e-04
1.025297995265501841e-03
3.072555085900686446e-04
7.371254850008644895e-04
1.430122358125510834e-03
1.632468964089908367e-03
4.377990474958199404e-04
8.342767985913197067e-04
5.483069490038570840e-04
6.782797978574859731e-04
4.231831877752760367e-03
4.135027995017744626e-04
2.127785580973114762e-03
8.457549540916785942e-04
2.918571470554980410e-03
4.341461618911703589e-03
9.669187078559830176e-04
6.925380397452250442e-04
1.970787372786126940e-03
6.917755525490034557e-04
2.725470574644832497e-04
2.639772648505873866e-03
1.520906797665062295e-03
1.453392126584939761e-03
5.587638326635957237e-04
4.086363437966109534e-04
6.122895939508948880e-04
4.997598815403002945e-04
4.751449896096520808e-04
6.160028923411177068e-04
4.972518239075324632e-04
1.727479460601498863e-03
3.704088233630700743e-04
5.365508418350295331e-04
4.169576360095316771e-03
2.366391844957273932e-04
1.522744567706498702e-03
2.944686935828769257e-03
1.910683309178698745e-03
2.107788010648612071e-04
9.366481838806893154e-04
6.599682162037441785e-04
9.356356851773927783e-04
6.500379807307856556e-04
3.547260113389053785e-04
5.495195448266993214e-04
1.116004097412206641e-03
4.037102953860288918e-04
6.771762586709558938e-04
5.838231132237427972e-04
6.047920936734707195e-04
9.531848117201135832e-04
6.297135364981506535e-04
9.906094490468777408e-04
5.843396142365506370e-04
2.836319131338997310e-03
3.369757169225298839e-03
5.314126204056851457e-04
1.713017246619246781e-03
6.791507313392742976e-04
1.157384808249546084e-03
9.665387368365989731e-04
1.977212568285409509e-03
3.431400380009493089e-04
2.889806608284613840e-04
7.396753104163138236e-04
1.350108254564831491e-03
4.608132379959323905e-04
1.115003865163460665e-03
3.499908734173880469e-03
6.716153322104453233e-04
7.661829712599742661e-04
6.303251127852504791e-04
7.911363993313046865e-04
3.955165461806050284e-04
4.235532239354549387e-04
4.007584546183898364e-04
7.646434001423183316e-04
7.898061540403034011e-04
5.383325730479778665e-04
8.025816677526479001e-04
1.577510179670891513e-03
4.057945711018919716e-04
2.855526486522664328e-03
1.448264771951887717e-03
7.469547325703553746e-04
9.406805915078944764e-04
4.594794630388350271e-04
8.736680362929468086e-04
2.485659237297631612e-04
7.170393982287282496e-04
9.974767950176599562e-04
6.215624241009179950e-04
5.738579566205471993e-04
6.693813463198206200e-04
4.223342526025238171e-04
8.703212693299677968e-04
1.150159497628688464e-03
1.264708053939534067e-03
4.765087504106283833e-04
4.234598787741161371e-04
3.234365273764680418e-04
2.172769061638140081e-03
3.890073076433540455e-03
4.781196542176000095e-04
5.489178524969407728e-04
2.905574804262613282e-03
2.626768699169212029e-04
1.115287824490571265e-03
1.332124640194919064e-03
5.335970053266027866e-04
2.508362567172290670e-04
6.315957499603852294e-04
6.323017855423946308e-04
9.528142969573453937e-04
4.581212070318946934e-04
5.099493607347514159e-04
8.088189932269631253e-04
1.804325806473956696e-03
1.315161560116077238e-03
1.706969020694854271e-03
4.647566626074649699e-04
1.588537269515397522e-03
9.336522331108453900e-04
3.641582675347066877e-04
5.300689058691606835e-04
1.024038260490533776e-03
2.462679132498076916e-04
1.940262698898514038e-03
1.000959320708594931e-03
7.653086948542997753e-04
2.986891632180667389e-03
1.512177612057253803e-03
7.130221981136236013e-04
5.090610972016057023e-04
3.242308965122101764e-04
1.871260587466368544e-03
4.041075805559316827e-04
1.077640451104862600e-03
1.809240274742781414e-03
4.483707605720338657e-04
7.181238836652247427e-04
1.067618533779948189e-03
7.755579546823086453e-04
4.033159007173535773e-04
7.190926528867403909e-04
7.257111018883564534e-04
3.659047689109958673e-04
2.677713336624115269e-03
4.462773961178249254e-04
2.085871672773953998e-04
1.372993772599734926e-03
1.376071009082506643e-03
1.016404755976224811e-03
8.894796170552714482e-04
8.725125485101034237e-04
4.818966453056361247e-04
4.655008555963028845e-04
5.101183118106463648e-04
1.350330417706788058e-03
7.792814513680871615e-04
1.079380943101372831e-03
1.406696196658905175e-04
1.851775243011128259e-04
7.006935294219131640e-04
5.736685484267065515e-04
5.587289621166683252e-04
2.034262417773121875e-03
2.616193828358368608e-04
1.504583361806146333e-03
1.606663858935398212e-03
7.187568921848881166e-04
1.718898081493347180e-03
5.832716744359796182e-04
8.429541174802696870e-04
1.179037274942372655e-03
6.475783664599939682e-04
1.962500270130703827e-04
7.183024679192078106e-04
8.717360644179547114e-04
3.325694095337415612e-04
1.096361486924754981e-03
1.974868487674077836e-04
7.315177711384326193e-04
2.490284346741701267e-04
6.926304808313858436e-04
6.512502290188906849e-04
1.192357523436208882e-03
4.405974348413256906e-04
2.543872078323846514e-03
2.149742269521142009e-03
5.888929744812355449e-04
2.085871672773953998e-04
5.215764450114899467e-04
1.357300233319669661e-03
6.635592690261611377e-04
4.554556315470683942e-04
2.390259808268885083e-04
1.399848714606086522e-03
4.390780336418659041e-04
1.755820555970492251e-03
6.303251127852504791e-04
5.627192505179157015e-04
2.025351732083055523e-03
5.519905733496758204e-04
5.849973244761106630e-04
6.396513953401926356e-04
5.309310320507819531e-04
7.623406293051295142e-04
5.314126204056851457e-04
5.022558864346340912e-04
5.054156112978361879e-04
5.554265600582153307e-04
2.246339870585983649e-04
3.777447746411490958e-03
1.741924447199581782e-03
9.396597590205788345e-04
1.115003865163460665e-03
9.764259560748558440e-04
1.556187772845792463e-03
1.446459403868626458e-03
9.111649615156957368e-04
3.861610059868317356e-04
2.145586740880142229e-04
3.305529290594284722e-04
2.980843679884451636e-04
6.266115368431287701e-04
7.515722913731147023e-04
4.592689196800605819e-03
1.133709879801882061e-03
4.130342254544430410e-04
4.172565137442659508e-04
1.000433702855146488e-03
1.570660232816973364e-03
2.044659286774279286e-04
6.447635001458361164e-04
3.481203297314968748e-04
3.066352907384982526e-04
1.393279406744996930e-03
1.224717530744509272e-03
1.594763363677675775e-03
7.694517465472114088e-04
5.829286947232053141e-04
3.217757864594370724e-04
4.052534881996586007e-04
1.118462188057591390e-03
7.149644299235645298e-04
5.023474225042150925e-04
3.498586841201641474e-04
1.438168496730853150e-04
5.266871653588968980e-04
1.625499807755875943e-04
2.422595612882658730e-03
1.380705776703795764e-03
3.094297760424747560e-04
1.526194823389342200e-03
3.632207089852122631e-04
5.397064238902690627e-04
1.865174715599472624e-04
4.194179132355838340e-04
1.980149246521773973e-03
3.435356739258287268e-04
4.266895879031087978e-04
5.683565918344756374e-04
5.168588668634187516e-04
3.520707706939027481e-04
4.069009205678279372e-04
1.851694010371833683e-03
1.087475340361946166e-03
1.275632306867866689e-03
2.992629522657913165e-03
6.510367969949490061e-04
8.708913675896932157e-04
2.049586748913223371e-04
4.439923371541247012e-04
1.417507533033609364e-03
6.410743700320195061e-04
1.208616988779863139e-03
1.281015133815994024e-03
6.435331558403329950e-04
3.325694095337415612e-04
4.518835691690313875e-04
2.395607475191912847e-03
4.185555881876209844e-04
5.310724822766858724e-04
7.634386233285597387e-04
5.553597096870316416e-04
3.442676511744727306e-04
4.756302958116481240e-04
5.437484465826350607e-04
2.606680736044594739e-04
6.331460370359316258e-04
9.035366624788956653e-04
6.186926350154844283e-04
3.034651447951511793e-04
5.024679651433229402e-04
1.891326574618695106e-03
4.012275551950212358e-04
4.039237217361163891e-04
2.429062802403002177e-03
3.885602222153457133e-04
1.216137694406990407e-03
2.913869251013067349e-04
8.428006364443984795e-04
5.970578743937513195e-04
3.906725786819968010e-04
5.828993494738050419e-04
2.909276941331672469e-04
3.400288198465269401e-03
2.518124455863793819e-03
1.002274057272763835e-03
6.217742765349861672e-04
3.130681930521072697e-03
4.225856663405094696e-04
8.162185522308803383e-04
1.484475128807805425e-03
4.377990474958199404e-04
2.787895155877948873e-04
1.182269238754582626e-03
7.083167350686324403e-04
3.742082451193051761e-04
4.118160373564337174e-04
1.661608606791700185e-03
6.587846154068936711e-04
5.386723732372196904e-04
2.493174318820731879e-03
1.019603088600934534e-03
1.183489658533506180e-03
2.025527086180864151e-03
3.559149285296682279e-04
2.360774305732143269e-04
8.916922810710768135e-04
8.313583809180405230e-04
1.123379745109741789e-03
9.490656467018349432e-03
5.271657168112880727e-04
1.753543332011337028e-03
6.200641622036220935e-04
5.833734689197963164e-04
2.228676342664295557e-03
1.739314388826354628e-03
1.328474673252104735e-03
5.906462918969072624e-04
2.963650571801530677e-04
5.560460624861844484e-04
1.668227856189859236e-03
5.960641697782083012e-04
2.384071766024338773e-03
4.130982092444617990e-04
5.585348998216520472e-04
5.040533139481017484e-04
3.631813293003792464e-04
7.151063947004512172e-04
7.197952864017584558e-03
5.329624970221149768e-04
1.220593761640736659e-03
1.139602740893456805e-03
3.955553596736419608e-04
2.397553903316485598e-03
1.766231583615182274e-03
8.508745628125407657e-04
7.781552824777976558e-04
1.281015133815994024e-03
7.179647943716204296e-04
4.135027995017744626e-04
6.849175094987844728e-04
