8.278687625960724772e-02
9.597391527734933092e-02
9.907605060276993003e-02
7.944381125558748480e-02
1.234152042948944566e-01
1.264238722130564818e-01
1.244175092898589102e-01
1.198361318212243093e-01
1.113011474480156970e-01
1.039025269952721653e-01
1.226346664367143763e-01
9.094121229826061803e-02
1.227414777989886407e-01
7.258053290355911957e-02
1.040882942805125555e-01
1.210850021819291078e-01
9.853846714689021291e-02
9.382358280962863062e-02
1.241367770352892752e-01
9.757588633466904304e-02
1.254662491823666237e-01
8.787478419254189654e-02
1.224158279488757745e-01
1.008021363472874771e-01
1.146203777042381078e-01
1.210442518898827424e-01
1.157281195470029750e-01
1.059742814459320032e-01
1.212203737412435728e-01
1.234564376069225283e-01
9.495923637969039266e-02
1.144195571168817732e-01
1.062240543997125808e-01
1.224421699030351085e-01
1.059742814459320032e-01
1.173303651602106701e-01
1.080492965730417143e-01
1.206977014081732358e-01
1.040182097471803319e-01
8.035231581462770611e-02
1.003561584578166188e-01
8.884525690066244485e-02
1.177773957066053784e-01
1.128411419758459100e-01
9.321133550542642920e-02
7.950308313250370462e-02
9.430646342287547779e-02
1.261653505878947423e-01
1.154633118780572509e-01
1.259775538858028399e-01
7.027336221596598709e-02
1.061851674677150442e-01
1.084058889505619266e-01
1.211238668988190159e-01
9.883332966292884825e-02
1.180793199362965701e-01
9.555216603802257902e-02
8.234211715103550988e-02
9.987706379735530882e-02
9.730554238885277818e-02
1.036541579693155551e-01
8.924192838501726621e-02
1.215986260235674687e-01
1.197129447298142940e-01
9.058509603006394129e-02
9.061277422232366652e-02
9.314250058385475928e-02
1.134608943561565969e-01
1.098901605768201617e-01
1.148795297334570531e-01
1.188935415272663193e-01
1.054990436429965872e-01
1.220699007359792865e-01
3.445983768079553117e-02
1.038734044396955603e-01
8.285544515415907418e-02
9.163545636139322492e-02
8.970787429130135104e-02
1.087033293461666245e-01
9.537447357075103105e-02
9.373444375966991093e-02
1.159264043284162771e-01
9.216913842245338939e-02
1.208715359721353327e-01
1.101494496894011577e-01
1.057430752137239471e-01
1.036333021529573517e-01
1.242986590317642914e-01
1.181105176084406849e-01
9.439152456239224831e-02
9.680684593624147571e-02
7.256989004700166446e-02
9.317968895784613237e-02
8.890053421341478912e-02
1.187216823821337780e-01
1.182662053334821439e-01
1.046629123788053728e-01
9.963996948785655561e-02
1.190720673439212840e-01
1.236452369317417310e-01
9.516015318849807558e-02
8.892262313654862582e-02
1.203982761191694506e-01
1.154493233180729078e-01
1.210906731459123475e-01
8.118443668171444749e-02
9.066865452746344922e-02
1.065043057361056145e-01
1.235387438533409876e-01
8.413446941454054417e-02
9.681991434826740794e-02
1.153487822201312851e-01
1.119752450342879485e-01
1.197944402749988035e-01
1.239460798195649999e-01
1.265794129332229179e-01
1.067962767149157194e-01
1.151514201194624026e-01
1.263574953617533914e-01
9.134564390313021365e-02
7.717388058561720776e-02
1.091942199629405141e-01
1.215690460395067035e-01
1.227419351605853332e-01
1.059265576370296419e-01
1.075139757657715828e-01
9.756758119224441528e-02
1.173419617783978408e-01
1.179171061983529251e-01
7.298347758967321797e-02
1.184384721081537389e-01
1.177917125573696433e-01
1.256531183601767299e-01
1.239968361388620599e-01
1.244781985293938048e-01
1.050938398359327203e-01
1.094795114781357409e-01
1.110170528486108255e-01
8.738758424732184782e-02
7.044295809272838049e-02
1.141044383295455322e-01
1.010198403509253717e-01
9.629751555861740253e-02
1.058592145422586062e-01
1.103886140035803820e-01
1.200942737973917790e-01
8.526832303923266576e-02
8.006522810028836312e-02
1.166350359127286684e-01
1.249800002303682878e-01
1.192344905414418343e-01
1.207714098280050219e-01
9.604106845363219458e-02
8.584131792897285729e-02
1.142169303126192165e-01
1.131103896771704087e-01
1.192790956066933084e-01
1.210449108497488185e-01
1.213057785851018033e-01
1.226005526050522598e-01
8.469747520018464093e-02
1.125362273081851050e-01
1.181061384675655135e-01
1.032101265915739974e-01
1.105344108147421206e-01
1.265459767309859984e-01
1.231359243642338869e-01
1.204886942334778693e-01
1.240469870667340463e-01
1.094477304717292737e-01
1.030424167952814218e-01
1.012258660225168749e-01
1.091901852371053999e-01
5.610195211910166957e-02
1.257290989902500322e-01
1.199538611386992970e-01
1.092543258579800614e-01
1.224204265306679806e-01
1.044445296181376187e-01
1.231383419359702164e-01
1.189432694403481511e-01
1.228235548613567790e-01
8.752146582755991611e-02
8.534278777079719325e-02
1.092027361293632925e-01
1.080340242139400386e-01
7.620156375583966857e-02
1.236369579747920305e-01
1.158437742082860100e-01
1.024333281107612792e-01
9.103903748807382068e-02
1.261932872803143701e-01
1.032737906390931992e-01
9.723761300415828535e-02
1.251826227497925270e-01
1.117213324064506019e-01
7.548222423638810408e-02
9.763761966346259924e-02
9.228069582478308497e-02
1.202423812698658750e-01
1.110092748858949874e-01
1.264320521827104471e-01
9.027958883335440721e-02
1.111980933021542023e-01
6.697957542809961085e-02
1.113580269350246954e-01
9.116541109046370772e-02
1.172685852583887911e-01
1.220098769520397697e-01
1.033673147317043656e-01
1.236641788949674470e-01
9.120268870562631136e-02
1.119918959335598763e-01
1.167574037670398857e-01
9.331995410735169361e-02
7.944796699915000759e-02
8.129283415686280878e-02
1.227008426944812547e-01
8.934621233150158437e-02
1.163222945707105271e-01
1.014135994274146108e-01
1.171570557919497518e-01
1.145664660201536067e-01
1.132481108030091443e-01
9.603084127362591926e-02
1.197483513399717342e-01
1.017330560357656011e-01
7.257076886560978601e-02
1.240273291425125074e-01
1.225114841148344930e-01
1.119618454865296542e-01
9.220102521392051220e-02
1.006073414959300638e-01
1.188936222451237590e-01
1.124848963664887014e-01
8.288492605355003706e-02
1.164005983582858395e-01
1.095067507119592415e-01
1.211790133650709061e-01
1.186394685934314824e-01
1.247157068368047739e-01
1.059919128297752422e-01
9.569995892744914689e-02
8.892262313654862582e-02
1.042661675214095474e-01
1.149802735234083106e-01
1.219074917537478209e-01
1.178878243951586025e-01
1.239464459056737744e-01
1.162964126218775235e-01
8.211448549444083644e-02
1.032337430880453932e-01
9.826320053413892253e-02
1.194537337509749830e-01
1.156889881984304452e-01
1.078290864313572878e-01
1.203524645498000312e-01
7.240761325783071078e-02
9.475911614707394071e-02
1.218279641587987350e-01
1.130206016828493587e-01
8.778358844276126782e-02
1.228699051729417319e-01
1.203320283756404291e-01
1.208134735248406477e-01
1.209086402675650235e-01
1.124097730254027816e-01
1.218087305949474425e-01
9.972616254512452205e-02
9.352552207446214461e-02
1.219576394302503558e-01
1.244538592804990962e-01
1.189459614851437058e-01
1.074233470867209800e-01
1.151014376934147432e-01
1.137174847817239431e-01
1.074907259678493932e-01
1.238555055161687235e-01
9.696660877033640158e-02
1.250886479280543806e-01
1.100487517977774415e-01
1.245742855773560170e-01
1.209683022091593563e-01
1.190571482056501512e-01
1.071174226948848340e-01
1.025487407007796142e-01
1.062081678368835824e-01
1.253157930134132236e-01
1.142367415812360759e-01
9.906728780033395576e-02
1.057901229930512665e-01
1.182018637944782513e-01
7.629437364413686751e-02
1.210113190420364637e-01
1.220059323492582865e-01
1.239048284960721225e-01
1.214738926356913468e-01
9.719421023815846827e-02
1.230433226424405696e-01
1.203510437545957379e-01
1.111532621496932050e-01
9.103903748807382068e-02
9.463826083542963008e-02
1.148114836886105355e-01
1.177194362303625591e-01
1.133978309599506240e-01
9.717336321224349927e-02
1.208206066388291255e-01
1.249230820627954264e-01
1.082110538183241044e-01
1.056780431253033781e-01
1.253833286299007310e-01
1.098155715919932746e-01
1.243952211342523873e-01
1.204005441387659137e-01
1.017541054264770040e-01
1.159264043284162771e-01
1.252983827021357799e-01
1.243077859635071114e-01
1.222960320215824431e-01
9.729262780163933089e-02
1.187343211619499850e-01
1.239835909951326615e-01
1.192134071108440219e-01
1.204780952140872829e-01
8.433239572263240280e-02
1.180006461448494665e-01
1.142385803059149385e-01
9.819585426314576815e-02
1.101533012461476113e-01
7.886039622629004153e-02
8.035073295019168338e-02
1.026809091629802967e-01
1.112739142371252377e-01
1.206627454472444377e-01
1.223287029768308359e-01
1.065149774706881936e-01
1.241421728060414648e-01
1.115840980377027919e-01
1.119326857715471080e-01
8.993292533885942353e-02
1.067683052692471046e-01
9.995593361778115638e-02
1.262211784836552997e-01
1.193914019944488786e-01
1.111878443942113937e-01
1.259435979570928399e-01
1.124088768187715276e-01
6.312484962635082908e-02
1.234084771760906307e-01
1.255385574954117345e-01
1.146615625699597130e-01
1.138205609865449025e-01
1.097873928941668076e-01
7.240761325783071078e-02
1.250800212170018744e-01
1.155986057495571456e-01
1.108675329163223422e-01
8.279207992910263270e-02
9.459800318800999641e-02
1.093204899196530966e-01
1.227665496986652116e-01
1.187693635247761281e-01
9.417136446996740573e-02
1.205295720421693806e-01
1.259916744404397937e-01
1.238965338196364591e-01
1.154493233180729078e-01
5.682173271767523848e-02
1.183004477003225530e-01
1.026473641310382823e-01
1.261934850203846881e-01
1.137059866041749967e-01
1.027295411074953813e-01
1.131242141110653243e-01
1.250141685747860332e-01
1.197200118451017398e-01
1.248746222744038098e-01
9.201948159065244381e-02
8.035231581462770611e-02
1.109217784148648217e-01
1.065117523568072933e-01
9.329686344957402455e-02
1.156790618596817283e-01
1.242797168970379562e-01
1.004090387065912915e-01
1.109357310813295083e-01
1.203982761191694506e-01
1.246517335066019000e-01
9.388734185503280760e-02
1.150278861325101931e-01
1.264040902124665133e-01
1.111422946741268403e-01
1.245009385771745636e-01
7.523754188791254016e-02
1.209298364611707532e-01
1.195661801812888808e-01
1.158128746309578794e-01
9.189774087029917160e-02
7.700451661011285809e-02
1.025136722499346564e-01
9.272993212658384166e-02
9.684912033457437897e-02
9.689288035788432008e-02
1.228635208534900325e-01
9.916849428722805670e-02
7.859100836403590251e-02
1.225364363955423475e-01
1.116672630218042972e-01
9.436874757350230403e-02
9.631749469022737875e-02
1.182919652513066688e-01
7.739145975350060491e-02
9.637290289278518940e-02
1.129704795294312752e-01
1.218681102578908215e-01
9.406759317336906012e-02
1.220438597328070418e-01
1.268013642471649272e-01
9.842961681375278493e-02
1.168649735362305014e-01
1.053026233929235805e-01
1.229737586465836363e-01
1.181921632968774838e-01
1.230653250097212270e-01
1.030826073362819117e-01
1.167385501571850670e-01
1.215348810652709111e-01
1.245350835198662798e-01
9.130719793041397470e-02
1.090108116324666337e-01
1.256547396837166541e-01
1.223234570243913188e-01
1.262659332228257547e-01
1.174989852259187423e-01
1.120172357099792904e-01
1.130591020137699798e-01
9.443586061766250095e-02
1.186875780020276022e-01
1.025619387272802829e-01
1.155828970184306081e-01
9.475525741986665085e-02
8.916233179056649860e-02
1.263456098136097328e-01
1.177243644412591939e-01
1.238243718998344595e-01
1.103952195824545041e-01
9.314250058385475928e-02
1.183857035230315713e-01
1.171073454938679342e-01
1.106722431297592485e-01
1.031633207218698445e-01
1.219653266199816760e-01
1.230516624006330745e-01
1.266806193122075597e-01
1.170874229385306942e-01
1.132042854278546146e-01
1.265714246290526590e-01
1.208393136426096637e-01
1.099194513573435311e-01
1.238966104271203572e-01
1.056193094824105505e-01
9.037282740879690190e-02
1.124260922242300981e-01
1.026856342937083610e-01
1.187931870899120723e-01
9.921425236905140332e-02
1.247868541006402904e-01
7.615490796078555613e-02
1.213621546421718017e-01
1.264919908987032215e-01
9.803224302726323836e-02
1.010198403509253717e-01
1.232345088663490129e-01
1.082049662770264431e-01
9.569995892744914689e-02
1.268115664955930255e-01
1.031573120866383225e-01
1.264366308875554679e-01
1.098366074895999189e-01
1.176727065085720059e-01
6.687517046021956846e-02
7.608641324139053808e-02
9.452648382409728489e-02
1.265499894162071537e-01
1.189717867558515718e-01
1.234000270781879516e-01
1.249800002303682878e-01
9.186434364898131422e-02
1.025834536185390167e-01
9.744768078946916545e-02
1.266013810002827589e-01
1.033093449818706516e-01
8.941752287188090009e-02
8.656527376172175325e-02
9.748441163248683372e-02
1.194975766046600385e-01
8.548011310558394082e-02
9.423112717453012432e-02
8.923816665788471270e-02
1.013369090853958598e-01
9.887269529800210566e-02
1.179953881471064031e-01
1.151863264766772726e-01
9.992272928566832413e-02
9.782858068798150342e-02
9.409130929962131185e-02
1.153564898010829148e-01
1.048656069509391747e-01
1.051830012361277961e-01
7.949321063515873975e-02
1.084664571330275773e-01
9.314250058385475928e-02
9.788902146029779261e-02
1.266762576695809051e-01
1.232623459069519256e-01
1.265955601603010461e-01
1.138702570233773581e-01
9.261148793183374139e-02
1.103523492899881053e-01
1.037945970530081141e-01
1.230032802948816673e-01
1.244395461045829376e-01
9.625654058318963702e-02
9.709444050209234400e-02
1.197027847301214698e-01
1.024658363241781750e-01
1.193843603634297673e-01
1.214007943221549202e-01
9.146202157659755194e-02
9.914702277574666267e-02
1.204922156470879802e-01
9.826923632334592928e-02
1.232345088663490129e-01
1.145845704793229530e-01
1.245496861674894595e-01
1.186101939777963049e-01
1.148837150407856778e-01
7.252094749726351042e-02
1.147624181633121881e-01
8.025967822529408990e-02
1.030974529169350895e-01
1.128962001812782306e-01
9.951025244543675041e-02
9.972616254512452205e-02
1.010515981443509959e-01
7.298347758967321797e-02
1.263391531724311623e-01
8.721961630913313557e-02
1.073985761421110546e-01
1.157714368406380645e-01
1.150872358829737180e-01
6.901581561877428994e-02
1.053736051953854391e-01
9.238873697588884104e-02
1.043349138658392072e-01
9.263627866184628856e-02
9.730554238885277818e-02
1.161438535603011024e-01
1.263944827243147773e-01
1.220562755573887381e-01
1.118344417564393622e-01
1.115894795808947682e-01
1.214314067716475987e-01
1.139717314642850338e-01
1.122652985172111206e-01
1.002649730570007308e-01
8.410290692875002638e-02
1.194484580800881796e-01
8.852075725099554926e-02
1.160732071592042447e-01
1.241691450923065598e-01
1.189157851097133733e-01
1.123996786670575232e-01
1.186304178896812611e-01
1.220181677026656170e-01
8.430239493001787099e-02
6.340330895661774879e-02
1.019084487278288098e-01
1.239438749105542248e-01
1.089132165703291105e-01
9.220102521392051220e-02
1.139003175359533104e-01
9.445993520834804202e-02
1.050135439708134305e-01
1.220181677026656170e-01
1.223612802617107115e-01
1.138913678902707949e-01
1.022634677323039087e-01
1.150510967689263864e-01
9.272993212658384166e-02
1.033093449818706516e-01
1.243769686702724253e-01
1.084229322202892865e-01
9.605523699135794236e-02
1.215600728161746191e-01
5.195724355606696349e-02
1.214635605365915472e-01
1.153331692101862149e-01
7.664795761321963052e-02
1.056356049399139463e-01
9.599994776466158619e-02
1.253383492641007846e-01
1.258058814153120153e-01
7.849626223174246964e-02
1.264604221464479816e-01
8.876727891671237769e-02
7.158513085634010675e-02
1.102498606894504324e-01
1.003167759274284920e-01
1.179863136219459624e-01
1.004727942721511946e-01
1.268303323793055215e-01
1.189629017988740045e-01
1.173725039850049695e-01
7.719505545639675226e-02
1.261820682456819276e-01
9.290257841618697332e-02
1.084914496051419819e-01
1.246725448595124713e-01
1.168232370296171108e-01
1.264320521827104471e-01
1.038662578703679062e-01
1.150197497954805054e-01
9.930918377711145384e-02
1.086681211111727302e-01
1.077750760249731182e-01
1.036497166208836945e-01
1.140927860812943895e-01
9.992017757922359855e-02
1.182919652513066688e-01
1.226015013941892245e-01
6.184839193779080591e-02
8.094752824266872315e-02
1.014137693615616148e-01
1.050968839967917207e-01
1.223287029768308359e-01
1.159487452159424642e-01
8.040278800820152560e-02
1.074375637490626034e-01
9.666335822660919452e-02
8.872971608722979298e-02
1.039836534923972433e-01
1.026043870478061948e-01
1.096470367410348756e-01
9.152833705544692611e-02
1.089724325831873258e-01
1.258953811809457035e-01
8.004370235215151064e-02
1.105350660658030171e-01
1.247157068368047739e-01
1.206362195663841369e-01
1.125597352488048319e-01
1.175414532056435479e-01
1.224421699030351085e-01
1.051281652769407715e-01
1.255813340717325810e-01
1.164789433307500677e-01
8.389232196399992736e-02
1.229849442152525923e-01
1.039350336321191726e-01
1.016816549023052962e-01
1.194241399510891921e-01
9.216913842245338939e-02
1.147157098441786705e-01
1.075213316240765660e-01
1.153459012642273768e-01
1.193815649046473248e-01
1.103940912474902225e-01
8.845075091012022384e-02
1.253378060500333901e-01
1.156624541907399772e-01
1.021081095226555879e-01
1.223374314076454694e-01
1.185976177138920173e-01
1.144500717877960927e-01
1.226875645369681911e-01
1.204446043166516045e-01
8.655351639489650140e-02
8.177616206746290972e-02
7.398807992115818966e-02
1.142272090512847643e-01
1.119618454865296542e-01
1.151255689405187438e-01
8.566026867500231567e-02
1.103699594177408455e-01
8.929777964057016015e-02
1.234980565750604525e-01
8.879738160689917836e-02
1.005472530438160927e-01
1.255836283683380850e-01
1.125780302976948088e-01
1.174433864354341162e-01
1.028648757120378815e-01
1.193872932739185183e-01
1.174215831170582619e-01
1.148127809960005768e-01
1.240429763587638790e-01
1.248893337925506553e-01
1.201117586734997411e-01
1.122867803896034078e-01
1.013360398726500800e-01
1.205175442741955316e-01
1.057430752137239471e-01
1.006476924148473895e-01
1.220059323492582865e-01
1.178731687433347275e-01
9.539147106616840954e-02
5.995661675006416086e-02
1.233009980624365787e-01
1.054990436429965872e-01
7.891227808758319306e-02
1.262942298494262594e-01
1.140616560417615222e-01
8.094752824266872315e-02
1.185691436877717858e-01
1.234606267565141746e-01
1.075515054572660223e-01
1.136182598627040324e-01
9.730554238885277818e-02
1.168649735362305014e-01
1.268367615351222999e-01
1.049232509298209243e-01
1.047228769151789390e-01
1.202587112454416574e-01
1.016464183656280301e-01
8.382085718237849981e-02
1.256553296052012325e-01
9.613885687216242038e-02
1.222584997540025337e-01
5.588259765967001913e-02
1.250117664468858580e-01
8.739601351530565387e-02
1.204959638514900844e-01
1.225249963202974524e-01
1.094913772369919824e-01
6.771938921671971645e-02
1.255181401799697338e-01
1.058527627241430957e-01
1.142241656086085688e-01
1.010967741674657500e-01
1.000870187204908196e-01
1.136597148199358920e-01
1.161727335344313050e-01
1.249453053069522063e-01
1.041077513468015164e-01
1.184049962003430878e-01
1.242093493315788721e-01
1.257842564883612235e-01
1.109112864402521520e-01
1.135523299064502001e-01
9.957221384900653838e-02
1.208618971069585629e-01
1.178480974646558127e-01
7.560528629559654101e-02
1.026977807677577903e-01
1.266969260694618404e-01
8.285544515415907418e-02
1.209061130919379251e-01
1.235426634401022017e-01
1.231245491756806643e-01
1.119915237004915354e-01
7.435770040863727559e-02
1.212595738280793228e-01
7.239226110506999379e-02
1.265330443244314096e-01
1.198233054853529572e-01
1.195654859887433641e-01
9.735108454956344082e-02
1.105810722977931815e-01
1.186729762808570177e-01
1.014445617308720599e-01
1.060061743899204378e-01
9.216024262291723501e-02
9.407432144201904878e-02
6.687517046021956846e-02
1.245499729328886640e-01
1.188194676179076120e-01
1.005390891096604178e-01
9.317065808820190753e-02
1.059859447348595468e-01
8.325818221542861941e-02
1.122364030865125317e-01
1.121427805593525340e-01
1.188006700230526125e-01
1.233853404543840543e-01
9.938506816092597396e-02
8.214685620719806847e-02
1.092511628137409208e-01
1.037529054621662561e-01
1.227431894981450000e-01
1.178249481965497475e-01
9.844998799782152255e-02
1.233283815447948212e-01
9.200906459696807371e-02
1.229452963410948840e-01
1.119448167318738002e-01
1.178661528222888916e-01
1.169499474241023490e-01
9.434971865567207128e-02
1.079528178373583280e-01
1.189157851097133733e-01
5.588259765967001913e-02
9.184278204735599194e-02
1.121427805593525340e-01
1.061222658300370464e-01
7.149094068625919118e-02
1.094555957761455811e-01
1.245031123385055838e-01
1.190116911028019919e-01
9.403979828297698296e-02
1.200589047916274799e-01
1.064623429541876887e-01
9.482511124613854370e-02
1.131242141110653243e-01
1.209133702442891645e-01
1.156047348258246732e-01
1.193144403987551894e-01
1.022042390649527538e-01
9.291896236185154256e-02
1.034771987787067304e-01
1.110170528486108255e-01
1.166767539640349155e-01
1.111995254377316222e-01
1.139487791355303647e-01
1.131190372065011274e-01
1.251748842878364076e-01
9.733041999390980303e-02
1.120420969972429071e-01
9.972427317875448560e-02
1.065117523568072933e-01
1.251292489653078599e-01
9.375137380875268878e-02
6.722286562062132487e-02
1.214381867097471257e-01
7.031656314826106868e-02
1.112556848888610755e-01
1.222792926935184626e-01
9.172356332844096294e-02
1.118415944322427441e-01
7.954943452624770039e-02
1.192387886153826876e-01
1.197678194079705161e-01
1.034636488068358395e-01
1.173403647533581839e-01
9.241217980273339072e-02
8.945221822525439848e-02
1.127387660884581616e-01
9.783538921563822433e-02
8.299977790705627412e-02
1.224314637542849721e-01
1.188523710983618309e-01
1.189432694403481511e-01
1.181214016894812230e-01
1.116712348659763127e-01
9.409130929962131185e-02
8.544103755663814970e-02
8.601663804281238501e-02
1.259772532401047807e-01
1.197023148265364823e-01
1.056193094824105505e-01
1.254942759718435941e-01
1.187441530600330947e-01
9.120588436360758944e-02
8.839684373829737041e-02
1.146434499847326649e-01
1.263672598911134148e-01
1.143114929125383927e-01
1.197893607593583792e-01
9.563506548218285441e-02
9.320937132936690794e-02
1.061222658300370464e-01
1.237877913432697541e-01
1.147657501526352652e-01
8.523008151345294603e-02
1.072386896766898134e-01
1.251554431749629936e-01
9.669423399364689142e-02
1.106534468576368946e-01
1.196298423091754909e-01
1.266811651540214745e-01
1.152605196583020575e-01
1.189157851097133733e-01
1.216578318713001233e-01
1.153019228345889824e-01
1.172158836519139186e-01
1.194606720956522955e-01
1.129624416593129482e-01
9.527286246979592421e-02
1.181789796112400065e-01
1.021104733351832217e-01
1.257799402260722788e-01
1.101833075099211690e-01
8.833571853032834431e-02
8.558773895933768916e-02
1.199949962852739638e-01
1.182895535660912767e-01
8.436126194907540843e-02
1.131168014599355787e-01
1.074877146094637137e-01
1.115894795808947682e-01
1.139802848098017546e-01
1.119918959335598763e-01
8.613076178196335531e-02
1.119118274709814814e-01
1.031933995576632124e-01
1.039798673030335047e-01
1.165461164952158180e-01
1.065043057361056145e-01
1.187848673400923316e-01
1.111532621496932050e-01
1.145662500067032852e-01
1.189628280325531196e-01
1.244179381015911301e-01
1.044828074053715111e-01
1.130887322443050041e-01
8.182763934217862634e-02
1.120310059473902109e-01
1.001255945201198067e-01
6.312484962635082908e-02
1.095558958499679852e-01
1.224425711717138376e-01
9.255635753385930975e-02
5.797064216536952641e-02
8.896414164294604021e-02
1.162213380985601674e-01
1.219385894174818963e-01
1.007228398591355906e-01
8.794241576927176729e-02
1.051099061383787281e-01
9.541011443395994163e-02
1.152604504548308817e-01
8.763221494514585042e-02
1.215690460395067035e-01
8.922933355296842894e-02
1.058439741299066345e-01
9.229645294500599118e-02
1.201311642217605391e-01
9.972272115214991794e-02
1.255083369538713134e-01
7.793494720893247296e-02
9.136707025306878283e-02
1.151863264766772726e-01
1.104142522521395497e-01
8.465046971415725319e-02
8.922933355296842894e-02
9.496758417220704795e-02
9.264731755976625405e-02
1.153745351299989008e-01
1.248257939416141937e-01
1.210931192773332388e-01
1.085782590881244347e-01
1.042348603159774234e-01
1.140216919833970666e-01
1.165956988063569233e-01
1.137395725257031032e-01
1.268364100442197218e-01
9.785744022012403398e-02
9.980140707959336832e-02
1.239233251162262239e-01
8.276346725628806744e-02
1.061433212925900066e-01
7.435385313646314387e-02
1.188854470624441662e-01
1.182028550415542972e-01
8.737523624389803567e-02
1.222993287313729194e-01
1.241033543723042837e-01
1.259449626495168506e-01
1.113057370851167072e-01
9.102109137325482824e-02
1.191317544092163200e-01
1.002485561944038983e-01
1.228069501307616912e-01
8.279381609082168969e-02
1.036894598489106478e-01
1.226475743151584502e-01
1.044715259318796940e-01
9.006775577504798347e-02
1.018848800547078465e-01
8.993292533885942353e-02
1.155705953501766220e-01
9.874200750248925129e-02
1.258071257125917275e-01
9.194689793943747191e-02
1.240877777166284335e-01
1.007589687421167612e-01
9.180437185997905591e-02
1.168215709688882331e-01
1.126616537663025497e-01
1.156202269354507928e-01
1.218166050354357044e-01
1.135233753391678146e-01
1.141327290568646402e-01
1.218699918498844098e-01
1.128711510410966706e-01
9.699758920845968913e-02
1.172753692865989850e-01
1.201186031538129528e-01
1.124753349074088388e-01
