2.995912929794054239e-04
2.543052099855404765e-09
1.202073011198034113e-06
3.520054343407885595e-07
3.447237307090258264e-07
3.598003710463864242e-08
1.032422641920494342e-06
1.550234914938141125e-08
2.962504254497688033e-04
1.174413156771923365e-06
4.713158113539432578e-09
9.446279387228725399e-01
5.479501427741745269e-07
1.189834272310889989e-07
1.550234914938141125e-08
7.560057703995000531e-06
4.511249750012189174e-06
8.816726528779994838e-07
1.971810263086106379e-06
3.312285814847091543e-09
2.543052099855404765e-09
1.550234914938141125e-08
3.491901670396044175e-08
2.241404467758784447e-06
5.617020284504348893e-05
1.162219300381138619e-10
1.476009812381879245e-07
1.081880491706552167e-08
1.294782243473485847e-06
8.133504807052428957e-08
2.543052099855404765e-09
6.617836291878527344e-06
3.858609342593359075e-07
2.564003354357814352e-08
1.550234914938141125e-08
3.491901670396044175e-08
2.359956734989857024e-07
1.906652695767482179e-07
7.560057703995000531e-06
1.162219300381138619e-10
8.220366180327920946e-08
1.162219300381138619e-10
2.180675553054537488e-09
2.181700301576229091e-08
1.686236825990430875e-06
8.258575760130897160e-09
1.692090438048601103e-08
3.468998767694026022e-09
6.506673437407689315e-05
5.586153514815469977e-08
5.380967120473418907e-09
3.650298729724981133e-05
7.009132880749752903e-07
2.991050361987072771e-06
1.162219300381138619e-10
3.312285814847091543e-09
2.129859572627714118e-06
2.180675553054537488e-09
2.572987100380402300e-09
3.047972027321941702e-06
2.007833891604072617e-08
4.713158113539432578e-09
9.008837791435444830e-06
7.427504394713418147e-08
4.069566169377401232e-08
3.219726146852091407e-09
5.975950793717215570e-05
4.511249750012189174e-06
3.959192413599416752e-08
5.762359446537494596e-08
2.007833891604072617e-08
6.069416722554916175e-08
3.934710508300676576e-07
5.234931612750138264e-07
1.213763670705335144e-07
7.427504394713418147e-08
2.651975224736251461e-08
2.306201039959164970e-06
3.794320663369967227e-05
2.740330566966637520e-05
4.447600183280099149e-08
3.650298729724981133e-05
3.491901670396044175e-08
3.312285814847091543e-09
5.480195990891800885e-06
1.464758537397125132e-07
2.180675553054537488e-09
1.092072392202776877e-04
8.218875078490915739e-07
4.084261846922436447e-07
4.375955373565661216e-06
3.184932500024870093e-06
2.846522498435679295e-06
4.242307066800126227e-09
6.861655436761692709e-04
8.597955297158249932e-06
1.068311026809488031e-08
7.535091544975546512e-10
8.884969531174529621e-06
1.002256542503646445e-08
2.543052099855404765e-09
3.858609342593359075e-07
7.080866882160792028e-07
1.010292015723446876e-07
1.018207615972639636e-07
3.229405500310851767e-06
3.689955648774554963e-07
2.622097211333710402e-10
3.676977668288035008e-08
2.348552688379156041e-07
3.425070150088105114e-05
1.897197359830724198e-07
1.877858702744932359e-05
2.622097211333710402e-10
3.581794878897459112e-05
4.242307066800126227e-09
3.794320663369967227e-05
1.618032111537722902e-09
1.162219300381138619e-10
1.657049286143708619e-05
7.942192896006463516e-08
2.543052099855404765e-09
8.808320300596458115e-05
2.364562177616394294e-07
2.180675553054537488e-09
7.130677815034625693e-09
2.506699290761822530e-06
2.506235770557057791e-08
1.175276958583144044e-08
1.372365695139893050e-07
1.090177542327678550e-07
2.120162348813829052e-08
7.990355455685137965e-08
1.070708498535957333e-08
2.896113412145940018e-07
4.119782435783800086e-06
2.180675553054537488e-09
3.883574258066191536e-09
1.239647212707040759e-08
4.381500422097200334e-08
2.007833891604072617e-08
2.543052099855404765e-09
6.069416722554916175e-08
3.858609342593359075e-07
3.099779293137706335e-10
1.202073011198034113e-06
1.587291893247507516e-09
5.218425908290970822e-08
2.651975224736251461e-08
1.934779756986836721e-07
9.603200197820593480e-09
2.543052099855404765e-09
3.479222979992829025e-06
2.510673779574051399e-06
8.520864994116461616e-07
3.532353671784630466e-08
1.162219300381138619e-10
1.819461922421625458e-08
3.312285814847091543e-09
9.122108782588780666e-08
7.458584203597077569e-07
3.065735844310334171e-07
8.520864994116461616e-07
1.070708498535957333e-08
1.618032111537722902e-09
3.532353671784630466e-08
1.162219300381138619e-10
1.980483713000682211e-07
8.219415796774408416e-09
1.554826136449356199e-08
4.518066349735881177e-05
1.032422641920494342e-06
1.941352490071021472e-07
1.483576108268372950e-08
2.180675553054537488e-09
3.967378762093302323e-07
1.554826136449356199e-08
5.998946012558455287e-07
2.652709641164065884e-08
1.947146247540863535e-03
7.427504394713418147e-08
2.348552688379156041e-07
1.550234914938141125e-08
1.070708498535957333e-08
7.577149070522533956e-09
1.162219300381138619e-10
1.546099850273066254e-04
3.312285814847091543e-09
2.180675553054537488e-09
3.643448912501902874e-05
1.679531565514188840e-08
1.010292015723446876e-07
4.069566169377401232e-08
1.934779756986836721e-07
1.550234914938141125e-08
7.990355455685137965e-08
2.359956734989857024e-07
7.335281527804276739e-07
1.162219300381138619e-10
2.436890077935485865e-05
4.219759595085886489e-06
2.304373438922481856e-09
4.242307066800126227e-09
1.070708498535957333e-08
7.768424135195495800e-08
5.617020284504348893e-05
1.162219300381138619e-10
1.066810889715991385e-05
2.847279735978399437e-09
5.534640963295297668e-07
2.245250377575271896e-04
3.858609342593359075e-07
1.202073011198034113e-06
1.985771811664313466e-07
1.550234914938141125e-08
1.521539025633688730e-05
3.491901670396044175e-08
3.739210351623215276e-07
7.990355455685137965e-08
2.035531608069837681e-07
1.535555840035197678e-06
1.032422641920494342e-06
1.550234914938141125e-08
1.135704198038870097e-07
1.941352490071021472e-07
1.132373185287714335e-08
3.312285814847091543e-09
1.464758537397125132e-07
1.134427177838944343e-07
1.169758628778809094e-03
2.304373438922481856e-09
2.622097211333710402e-10
1.002267647149065026e-05
1.077697981403263972e-06
1.550234914938141125e-08
5.842044191763821102e-07
8.582335266371963719e-07
1.067542013102221827e-05
9.219121657240400508e-08
3.883574258066191536e-09
2.543052099855404765e-09
1.438624384680585337e-08
1.018207615972639636e-07
2.304373438922481856e-09
1.874684254884910224e-07
6.457796779850339862e-07
3.491901670396044175e-08
1.184117524709673700e-05
2.896113412145940018e-07
4.678561737990067578e-08
2.543052099855404765e-09
3.858609342593359075e-07
7.056640458500082459e-07
1.550234914938141125e-08
1.203652780384278935e-05
2.180675553054537488e-09
4.850801566585616811e-09
3.008645621674152221e-09
1.763558297251902689e-06
3.245518883284628573e-08
9.603200197820593480e-09
2.543052099855404765e-09
5.021134003683727886e-08
1.528808333067690563e-06
1.550234914938141125e-08
1.162219300381138619e-10
3.312285814847091543e-09
2.180675553054537488e-09
5.191501016273803882e-06
1.686236825990430875e-06
6.367944221512121894e-06
1.665050637783456539e-07
2.240378357740168986e-05
1.819461922421625458e-08
3.312285814847091543e-09
8.597955297158249932e-06
7.130677815034625693e-09
1.547152437652929186e-07
2.335240871074210808e-07
1.296626181135766148e-07
1.013882563057680088e-06
6.524989268713184618e-07
3.036733851144112229e-06
1.874095969854829563e-08
8.520864994116461616e-07
1.162219300381138619e-10
1.819461922421625458e-08
3.312285814847091543e-09
1.417199740344301518e-05
4.896868435486009580e-09
2.212555064627878137e-08
3.299143041303126470e-07
6.282650863258651332e-05
2.781853762872302356e-07
1.618032111537722902e-09
1.162219300381138619e-10
2.847279735978399437e-09
2.403084615636441400e-07
8.614988569195727538e-07
5.484839081528244259e-03
2.543052099855404765e-09
2.450065973266255779e-07
1.528675679293588260e-08
1.550234914938141125e-08
2.789936699771548756e-06
3.312285814847091543e-09
1.886211276903930926e-07
8.597955297158249932e-06
4.850801566585616811e-09
8.258575760130897160e-09
2.007833891604072617e-08
2.543052099855404765e-09
3.858609342593359075e-07
1.018207615972639636e-07
6.055003942615578602e-07
5.137784280401757792e-06
3.650298729724981133e-05
4.242307066800126227e-09
1.070708498535957333e-08
1.769654388456066421e-03
7.942192896006463516e-08
6.069416722554916175e-08
1.018207615972639636e-07
7.990355455685137965e-08
5.501841292967037464e-07
3.532353671784630466e-08
2.180675553054537488e-09
5.534640963295297668e-07
8.258575760130897160e-09
1.229295366184076302e-06
8.040198601088026224e-06
5.646903044739183490e-08
1.550234914938141125e-08
1.030590572986139662e-08
2.384191298822780978e-07
1.740149259048666953e-07
4.016637416398136822e-06
4.366005057382627970e-08
4.084261846922436447e-07
1.026252459187752047e-07
2.543052099855404765e-09
3.858609342593359075e-07
2.304373438922481856e-09
3.219726146852091407e-09
1.587291893247507516e-09
1.189834272310889989e-07
2.781853762872302356e-07
7.545981157331800049e-08
1.651453539471240893e-09
1.162219300381138619e-10
9.788019051427480455e-09
4.905489535055218848e-07
1.015631093255490393e-08
3.312285814847091543e-09
5.671989856101353967e-06
1.081880491706552167e-08
2.325388596171571213e-04
1.160823323113547200e-07
3.462806515181406089e-08
1.002256542503646445e-08
6.335650753547891366e-04
3.858609342593359075e-07
8.040198601088026224e-06
5.524067707329960453e-07
3.444485952435864015e-05
1.550234914938141125e-08
1.740149259048666953e-07
3.312285814847091543e-09
1.305847403422520746e-06
5.454400030078848544e-09
2.543052099855404765e-09
3.858609342593359075e-07
1.162219300381138619e-10
3.212075844321863586e-07
1.081880491706552167e-08
1.068311026809488031e-08
2.661703718359994196e-07
3.394013089745441481e-06
1.585043004066278086e-05
9.887589542049692794e-08
2.543052099855404765e-09
1.032902386293922232e-09
7.879887323193984525e-06
1.128666313550789501e-07
1.550234914938141125e-08
1.150827561129335984e-06
2.978850690949045186e-07
4.511249750012189174e-06
1.132373185287714335e-08
2.180675553054537488e-09
1.452712618339222518e-07
1.725067946175263059e-02
8.839548219627214176e-09
1.463442664452486280e-07
1.135704198038870097e-07
2.555659547281067397e-06
1.819461922421625458e-08
3.312285814847091543e-09
1.335399694888982665e-05
2.180675553054537488e-09
7.080866882160792028e-07
6.924214954226642857e-10
2.239291253222194293e-07
2.847279735978399437e-09
2.180675553054537488e-09
3.643448912501902874e-05
1.081880491706552167e-08
8.133504807052428957e-08
5.789732335691217124e-09
2.858075774186965797e-07
2.989623744692153378e-07
3.858609342593359075e-07
3.236716401866511696e-06
5.380967120473418907e-09
2.271693886641508763e-07
2.622097211333710402e-10
6.457796779850339862e-07
6.103724822801701590e-06
7.560057703995000531e-06
1.747678935996719150e-05
3.458871087268119069e-08
3.858609342593359075e-07
1.202073011198034113e-06
1.037525094582045457e-06
9.476366938651689438e-09
1.162219300381138619e-10
9.484214701238359560e-07
3.312285814847091543e-09
2.579648767500311454e-08
3.037777915708985624e-06
3.746723488837846586e-06
1.550234914938141125e-08
4.694338341802564727e-06
1.162219300381138619e-10
1.819461922421625458e-08
8.216455576503219913e-08
1.686236825990430875e-06
2.890174470931653789e-08
5.927212209635290959e-04
2.700588684082970856e-08
7.080866882160792028e-07
3.462854219264006330e-05
1.304911902120715721e-02
5.380967120473418907e-09
2.304373438922481856e-09
5.857532198392785636e-06
2.306201039959164970e-06
1.584645440617945708e-07
1.550234914938141125e-08
2.823025472473362140e-05
2.258088653582578200e-07
3.858609342593359075e-07
7.538257247953332006e-08
9.617951197507562433e-06
9.476366938651689438e-09
1.070708498535957333e-08
1.162219300381138619e-10
6.395263681520939674e-08
7.342429975104125329e-09
6.153414271558639004e-07
2.543052099855404765e-09
1.349936724662727106e-07
1.550234914938141125e-08
2.781853762872302356e-07
2.579648767500311454e-08
2.180675553054537488e-09
1.093125728361637402e-05
3.540120062814214581e-07
7.124977793285784456e-06
8.258575760130897160e-09
2.543052099855404765e-09
1.032902386293922232e-09
1.018207615972639636e-07
2.966062638158910368e-08
1.550234914938141125e-08
2.412621475793689847e-07
2.180675553054537488e-09
2.969059430897289697e-08
1.068311026809488031e-08
3.472679632574565589e-08
2.543052099855404765e-09
3.339846269745708541e-06
3.384059403965302656e-09
3.219726146852091407e-09
3.312285814847091543e-09
2.180675553054537488e-09
1.081880491706552167e-08
8.614988569195727538e-07
1.735533354872997122e-07
2.556760463908302736e-08
2.543052099855404765e-09
6.924214954226642857e-10
5.380967120473418907e-09
2.003176825674438806e-06
3.650298729724981133e-05
1.550234914938141125e-08
7.768424135195495800e-08
1.100064149643164896e-08
1.819461922421625458e-08
3.312285814847091543e-09
7.364686642652740121e-06
2.543052099855404765e-09
9.008837791435444830e-06
1.018207615972639636e-07
6.055003942615578602e-07
2.622097211333710402e-10
1.516699416244273735e-07
1.550234914938141125e-08
3.491901670396044175e-08
1.819461922421625458e-08
3.934710508300676576e-07
1.161279312869991409e-09
4.069566169377401232e-08
1.550234914938141125e-08
7.009132880749752903e-07
1.162219300381138619e-10
3.542444776304574905e-07
2.180675553054537488e-09
4.896868435486009580e-09
1.049102663879102107e-06
3.858609342593359075e-07
1.679531565514188840e-08
6.013090797727382813e-07
7.427504394713418147e-08
1.550234914938141125e-08
3.558865909178152794e-08
1.162219300381138619e-10
1.503402195973076169e-05
4.521459652011746757e-07
1.132373185287714335e-08
9.603200197820593480e-09
2.543052099855404765e-09
7.080866882160792028e-07
6.298371666788870211e-09
6.521333346705806487e-06
5.033831647184854681e-07
3.219726146852091407e-09
4.955790731656522949e-08
1.162219300381138619e-10
2.384191298822780978e-07
2.543052099855404765e-09
2.882889006690605016e-07
4.465215099138998973e-09
1.934779756986836721e-07
4.242307066800126227e-09
1.550234914938141125e-08
2.472043503155637328e-08
2.412621475793689847e-07
7.990355455685137965e-08
8.218616342399820894e-07
9.603200197820593480e-09
2.543052099855404765e-09
1.032902386293922232e-09
4.447600183280099149e-08
1.032422641920494342e-06
1.589005496659681585e-03
8.839548219627214176e-09
1.417581344483883529e-07
3.097663719484445889e-09
6.395263681520939674e-08
1.496464835802712964e-07
1.160268478926390919e-07
1.162219300381138619e-10
3.312285814847091543e-09
8.258575760130897160e-09
4.016448517628330645e-08
1.175276958583144044e-08
4.946127250735549300e-08
2.673433496236057131e-05
5.981176832179649160e-05
2.543052099855404765e-09
1.587291893247507516e-09
1.934779756986836721e-07
3.650298729724981133e-05
1.757506875973186606e-07
4.287095508436072097e-04
1.618076426173470350e-04
1.162219300381138619e-10
3.959192413599416752e-08
1.970867493266269824e-05
2.543052099855404765e-09
1.032902386293922232e-09
1.002267647149065026e-05
3.818664941794733057e-06
1.934779756986836721e-07
1.550234914938141125e-08
3.491901670396044175e-08
1.256892217457991203e-05
1.618032111537722902e-09
2.180675553054537488e-09
1.032902386293922232e-09
3.099779293137706335e-10
9.001448606619979246e-07
3.581633950443250547e-08
2.186097268314103332e-07
3.312285814847091543e-09
6.876608157196941969e-05
1.442636368438189797e-05
1.081880491706552167e-08
5.789732335691217124e-09
1.102278424756770041e-06
1.037525094582045457e-06
2.651975224736251461e-08
1.550234914938141125e-08
3.097663719484445889e-09
1.946257536797740733e-06
3.312285814847091543e-09
2.802045972966570901e-05
6.153414271558639004e-07
1.417199740344301518e-05
2.543052099855404765e-09
3.858609342593359075e-07
1.587291893247507516e-09
3.491901670396044175e-08
1.162219300381138619e-10
1.957346564004328620e-08
1.819461922421625458e-08
1.097935816808759062e-07
2.181700301576229091e-08
1.117945939162391609e-07
9.603200197820593480e-09
2.543052099855404765e-09
6.055003942615578602e-07
3.491901670396044175e-08
3.157793681685666667e-09
1.070708498535957333e-08
1.162219300381138619e-10
3.312285814847091543e-09
2.180675553054537488e-09
1.081880491706552167e-08
2.543052099855404765e-09
1.032902386293922232e-09
1.265189145943086388e-08
1.010292015723446876e-07
7.538257247953332006e-08
1.018207615972639636e-07
3.650298729724981133e-05
1.550234914938141125e-08
3.491901670396044175e-08
7.990355455685137965e-08
7.032892866302944715e-07
1.102278424756770041e-06
2.671154686051734858e-07
6.206316308107100598e-07
2.348552688379156041e-07
3.491901670396044175e-08
1.139426057039897901e-05
1.011455266435268088e-07
9.219121657240400508e-08
9.282751757010824126e-08
2.007833891604072617e-08
6.924214954226642857e-10
6.521333346705806487e-06
6.573556357830517317e-04
1.550234914938141125e-08
8.200136176057785009e-05
3.532353671784630466e-08
2.579648767500311454e-08
2.180675553054537488e-09
3.643448912501902874e-05
5.021134003683727886e-08
3.858609342593359075e-07
1.189834272310889989e-07
2.348552688379156041e-07
1.934779756986836721e-07
5.238272615006870679e-07
2.781853762872302356e-07
1.162219300381138619e-10
8.745337383688796392e-05
1.081880491706552167e-08
5.380967120473418907e-09
1.573812351991864875e-06
3.491901670396044175e-08
1.836630225634120335e-07
1.618032111537722902e-09
1.027561983613079193e-04
1.162219300381138619e-10
3.661622582889247571e-06
1.814444141575787624e-05
1.837556836363987748e-06
6.069416722554916175e-08
2.258088653582578200e-07
6.521333346705806487e-06
4.946075316714895927e-05
1.070708498535957333e-08
6.395263681520939674e-08
2.180675553054537488e-09
3.643448912501902874e-05
1.127229659992867242e-07
3.472679632574565589e-08
3.580128531657698805e-08
3.858609342593359075e-07
3.099779293137706335e-10
1.059814161499225059e-04
1.018207615972639636e-07
3.389449634695728807e-04
1.567303957372824335e-05
2.361344420661912289e-04
1.550234914938141125e-08
1.070708498535957333e-08
3.339846269745708541e-06
2.088622473714225217e-09
6.706213528592924123e-07
1.202073011198034113e-06
3.491901670396044175e-08
3.674492255780105377e-07
4.678561737990067578e-08
5.617020284504348893e-05
2.023229013484663559e-04
1.633648133149882822e-06
7.032892866302944715e-07
2.697547750420210718e-06
5.380967120473418907e-09
3.219726146852091407e-09
1.002267647149065026e-05
4.242307066800126227e-09
2.306201039959164970e-06
1.550234914938141125e-08
3.312285814847091543e-09
1.579017657431997429e-05
3.858609342593359075e-07
6.959666919048702744e-09
1.250212919365191079e-07
4.842387669114103240e-09
2.781853762872302356e-07
7.768424135195495800e-08
3.464359730425787554e-09
3.312285814847091543e-09
4.641268739241615970e-07
1.335399694888982665e-05
7.015124592617776435e-04
7.427504394713418147e-08
1.281482830693824493e-06
9.752914173414240507e-06
2.781853762872302356e-07
1.946257536797740733e-06
5.671989856101353967e-06
7.147514597093901096e-08
1.081880491706552167e-08
2.572987100380402300e-09
2.007833891604072617e-08
6.384299820691497153e-06
2.003612581346922051e-05
2.306201039959164970e-06
1.550234914938141125e-08
3.491901670396044175e-08
2.359956734989857024e-07
7.768424135195495800e-08
1.162219300381138619e-10
6.098884419098363638e-08
2.543052099855404765e-09
2.504961244709074751e-06
1.200332514556075518e-08
1.934779756986836721e-07
2.896113412145940018e-07
1.162219300381138619e-10
3.959192413599416752e-08
6.395263681520939674e-08
3.893938541345197102e-07
2.847279735978399437e-09
1.265189145943086388e-08
1.587291893247507516e-09
1.804148245858605752e-05
1.550234914938141125e-08
9.752914173414240507e-06
1.070708498535957333e-08
4.955790731656522949e-08
1.618032111537722902e-09
1.107982010478492470e-07
3.312285814847091543e-09
9.415467918477871026e-05
2.882889006690605016e-07
1.897197359830724198e-07
3.689955648774554963e-07
2.979966632182241819e-07
1.162219300381138619e-10
3.312285814847091543e-09
2.847279735978399437e-09
3.643448912501902874e-05
1.081880491706552167e-08
9.603200197820593480e-09
2.007833891604072617e-08
1.102278424756770041e-06
2.304373438922481856e-09
1.587291893247507516e-09
1.012778690605776043e-05
1.032422641920494342e-06
1.550234914938141125e-08
1.162219300381138619e-10
1.859733616059641150e-04
2.007833891604072617e-08
2.543052099855404765e-09
3.579427100580740327e-07
1.281482830693824493e-06
5.218425908290970822e-08
4.242307066800126227e-09
3.491901670396044175e-08
3.017218107101618387e-08
1.162219300381138619e-10
3.959192413599416752e-08
7.942192896006463516e-08
1.889486325223543877e-07
3.299143041303126470e-07
1.934779756986836721e-07
3.252711093345832549e-08
3.491901670396044175e-08
7.768424135195495800e-08
1.740149259048666953e-07
3.312285814847091543e-09
5.089859658023507865e-06
2.543052099855404765e-09
3.858609342593359075e-07
7.390061353677181320e-08
1.458317372689982164e-03
1.550234914938141125e-08
1.757506875973186606e-07
2.781853762872302356e-07
5.092327950692886646e-05
1.162219300381138619e-10
3.312285814847091543e-09
1.070708498535957333e-08
3.959192413599416752e-08
1.464758537397125132e-07
2.180675553054537488e-09
3.643448912501902874e-05
3.374071481143340219e-06
1.301160507280812357e-09
8.614988569195727538e-07
3.112682809531045158e-07
8.714907907597168578e-07
9.603200197820593480e-09
3.858609342593359075e-07
1.550234914938141125e-08
1.162219300381138619e-10
1.081880491706552167e-08
2.969059430897289697e-08
2.181700301576229091e-08
5.534640963295297668e-07
1.686236825990430875e-06
3.536478062123769173e-07
1.665050637783456539e-07
8.839548219627214176e-09
2.180675553054537488e-09
1.081880491706552167e-08
9.274686935913775221e-08
8.258575760130897160e-09
4.997169525691121962e-05
1.296626181135766148e-07
2.276705976278210308e-04
1.002256542503646445e-08
3.104961159368768552e-07
5.234931612750138264e-07
3.099779293137706335e-10
6.521333346705806487e-06
2.564003354357814352e-08
4.242307066800126227e-09
1.550234914938141125e-08
7.768424135195495800e-08
5.944304180422200515e-06
2.749251822734752612e-07
4.175611039558759422e-09
1.368134316067687098e-09
1.162219300381138619e-10
3.312285814847091543e-09
7.386182525147807047e-09
8.219415796774408416e-09
1.175276958583144044e-08
7.706105447412253228e-06
3.967378762093302323e-07
2.652709641164065884e-08
2.007833891604072617e-08
2.543052099855404765e-09
3.786505008305946646e-07
9.191321606540646533e-07
8.839548219627214176e-09
3.491901670396044175e-08
1.417581344483883529e-07
2.419386004552151686e-06
5.910686338676221236e-08
1.068311026809488031e-08
6.521333346705806487e-06
5.226615759601564659e-07
3.491901670396044175e-08
6.861655436761692709e-04
3.312285814847091543e-09
5.762359446537494596e-08
2.180675553054537488e-09
5.678340625927687214e-05
1.081880491706552167e-08
3.181659780609881635e-08
1.916171452461063867e-07
7.887454919001102492e-08
5.646903044739183490e-08
9.617951197507562433e-06
1.451429657668866072e-07
3.474757838190377550e-07
7.768424135195495800e-08
1.162219300381138619e-10
1.081880491706552167e-08
1.092072392202776877e-04
3.858609342593359075e-07
1.281576091771210502e-06
5.380967120473418907e-09
5.487883802121335046e-07
1.994221410557339201e-08
1.587291893247507516e-09
3.520054343407885595e-07
5.533422873515493091e-04
4.242307066800126227e-09
1.550234914938141125e-08
4.423037601671266026e-09
2.966062638158910368e-08
2.304373438922481856e-09
1.162219300381138619e-10
8.582335266371963719e-07
1.957346564004328620e-08
7.799684710740250162e-08
3.312285814847091543e-09
2.180675553054537488e-09
2.743474057558831246e-07
2.543052099855404765e-09
1.018207615972639636e-07
2.411225972662678846e-06
2.348552688379156041e-07
3.491901670396044175e-08
7.990355455685137965e-08
2.924542288749315826e-04
1.070708498535957333e-08
1.162219300381138619e-10
6.014485010913595354e-07
2.304373438922481856e-09
1.587291893247507516e-09
6.457796779850339862e-07
4.242307066800126227e-09
1.550234914938141125e-08
1.073050313755919473e-04
2.969059430897289697e-08
1.392624745996629096e-08
2.890174470931653789e-08
1.175276958583144044e-08
3.858609342593359075e-07
3.650298729724981133e-05
1.032422641920494342e-06
1.550234914938141125e-08
1.728220806557584119e-07
3.690155369341387775e-06
2.180675553054537488e-09
1.081880491706552167e-08
1.068311026809488031e-08
1.441581869003921014e-08
2.543052099855404765e-09
6.069416722554916175e-08
3.753829264033170043e-06
3.382166867466244813e-05
1.162219300381138619e-10
3.312285814847091543e-09
9.219121657240400508e-08
3.643448912501902874e-05
1.424133417776388306e-04
8.614988569195727538e-07
1.010292015723446876e-07
1.934779756986836721e-07
4.955790731656522949e-08
1.162219300381138619e-10
1.081880491706552167e-08
1.301160507280812357e-09
6.286388336699171174e-06
1.492046001759398202e-04
1.296626181135766148e-07
3.219532212543166789e-05
9.603200197820593480e-09
6.958876338077889674e-07
5.218425908290970822e-08
1.936585870512874728e-05
1.550234914938141125e-08
3.739210351623215276e-07
1.070708498535957333e-08
1.122885493538032613e-05
3.014989889859563948e-06
3.532353671784630466e-08
3.580128531657698805e-08
3.399053811948844237e-06
2.348552688379156041e-07
1.516172494040384358e-05
1.550234914938141125e-08
1.135704198038870097e-07
2.789936699771548756e-06
3.312285814847091543e-09
2.063346136392105815e-06
2.506235770557057791e-08
2.543052099855404765e-09
1.986670645752303534e-07
5.234931612750138264e-07
6.924214954226642857e-10
2.271693886641508763e-07
1.550234914938141125e-08
1.757506875973186606e-07
3.491901670396044175e-08
2.781853762872302356e-07
1.070708498535957333e-08
