3.837844290489832687e-04
3.082136654655277114e-03
2.977098312852926362e-03
3.404041943252304834e-03
5.774773417630923956e-04
5.008423777572037052e-04
3.771821636105507965e-03
2.284166487651197544e-04
3.403226287597348361e-03
1.110797046287717756e-03
7.278797825999990890e-04
1.337876238805424216e-03
1.460072606948636074e-03
3.787588611526807210e-04
1.107664246487612180e-03
7.994914059218583479e-04
8.018415455643489826e-04
8.541125397407007798e-04
2.840857889693420082e-04
6.901510479097163007e-04
3.287550107977669969e-03
3.818084296078119722e-03
6.650864789698713144e-04
8.946261374619872506e-04
6.471565072196416900e-04
6.512664419007688612e-04
7.593279860971546315e-04
1.212701304047154047e-03
6.507242578427750029e-04
1.095806126774959838e-03
1.686901311391947366e-03
4.198589891390702537e-03
3.769332912006292881e-04
6.280910820683069037e-04
5.131057827494039502e-04
2.024743085039312632e-04
4.637459698407444967e-04
9.253733481412796443e-04
2.002034186062538073e-04
5.201073750182139783e-04
8.233861737965101225e-04
9.100904303891740703e-04
3.887961719604790143e-04
5.264520108673522185e-04
8.551303327271943819e-04
9.987279365396188949e-04
5.274596529070246483e-04
1.005724787111481186e-03
2.605568139782000157e-03
3.089851851733155480e-04
7.562010537872552139e-04
6.010743287656193819e-04
6.186041950741829644e-04
1.031306327971936998e-03
6.471565072196416900e-04
9.039215251508052416e-04
7.961651862916248584e-04
1.829760057537478245e-04
8.534174764567697405e-04
3.834813352757264222e-04
1.150680030027403369e-03
7.210219933135628796e-04
9.548270382838840902e-04
2.206110959037793466e-03
1.281455544564414750e-03
8.534008318126269513e-04
2.128442579361896161e-04
6.668097882797445171e-04
1.981362323242086710e-03
5.999012627025019110e-04
4.831561419442355473e-04
3.285455873821066237e-04
1.230770855710465765e-03
1.057192920479938783e-03
9.148793361171499074e-04
9.098449031268949225e-04
6.082466278852626668e-04
3.691112719172430457e-04
1.657928581676146188e-03
7.712307630698729414e-04
4.757920389460174732e-03
2.829662734278769664e-04
4.383558173455312360e-04
1.611626077541315066e-03
9.313101367500845355e-04
8.283828468672756445e-04
3.666820747828491403e-04
5.849266771695802196e-04
4.934910229695445424e-04
1.421752980656992328e-03
3.979901087908175304e-04
6.973579957327174280e-04
1.776535462852746024e-03
9.722936315592086267e-04
5.538070809955271444e-04
1.843317779375437367e-03
7.939576451870011299e-04
7.326163194991028001e-04
4.465660303015253066e-04
1.874063213152604539e-03
4.731409576985045793e-04
7.225897816275277195e-04
1.215167435387839783e-03
7.635592428546492854e-04
8.940551082993361239e-04
6.629162637140490182e-04
9.277187450921328595e-04
8.837861707748421959e-04
4.122046294319086117e-04
1.831081706499261032e-03
1.246961393233930217e-03
1.133228131626085478e-03
7.705822676340602206e-04
5.310976216910643114e-04
7.757683925778575138e-04
6.802957227407582233e-04
8.917732332510568171e-04
4.275554165550352927e-04
8.584521519690302416e-04
7.793626403087258779e-04
2.440909749624282845e-04
2.676135825111377827e-04
3.131237893255524600e-04
5.186523068914771634e-04
7.671155606013524116e-04
1.194023293638784297e-03
8.047243661910330513e-04
4.675642470994739231e-04
5.893839656625109646e-04
9.039215251508052416e-04
2.424229042009958196e-04
2.048056433307372109e-03
4.553682748151912144e-04
1.060676690230120869e-03
1.020724753089744842e-03
5.416735403293359641e-04
8.018949668584487078e-04
3.253384000468942058e-04
1.882498147980326804e-03
1.193738215299167344e-03
2.831716001067369030e-04
9.489071547841728110e-04
9.463127987160682621e-04
7.864667719137475362e-04
1.487274051069934324e-03
9.439182807492356789e-04
2.677777527029526899e-03
1.616285801289803247e-03
5.221248579836096186e-04
1.150886722128251780e-03
2.023679037966756925e-03
4.009079065639227697e-04
6.501246094160159942e-04
1.773111298607487436e-03
1.846970839701023420e-03
2.279302644731454400e-03
5.212205200974367710e-04
2.542194314118914264e-03
3.900077463276921332e-04
4.902269662519536308e-04
6.400627805348895957e-04
1.552320480152086755e-03
6.813134784745653212e-04
1.885866909730334832e-03
1.923301271013976325e-03
2.633442617820953412e-04
1.232218806513971912e-03
2.220068811663788652e-04
1.418393718897475834e-03
4.043118300572646475e-04
8.385976269464414387e-04
9.233920686204192272e-04
4.945894084377504491e-04
6.113611385840426148e-04
2.330608453962772827e-03
5.633060366401266596e-04
6.798163976010232566e-04
6.403033329839098124e-04
2.684316436499770858e-04
6.563028747390622095e-04
8.534698723690062805e-04
7.696528074776140798e-04
1.433423030449178844e-03
1.514785079211139213e-03
7.696726483044219729e-04
8.006906764688711056e-04
4.263514290889996810e-04
5.586313731491894703e-04
2.162010489278149913e-03
1.806705547371251436e-03
4.378885030155858283e-04
8.052519810569068199e-04
7.768163246131904376e-04
5.901866699919676440e-04
3.248614417036744151e-04
1.538849932853796282e-03
5.141408248719396947e-04
7.444728493048047985e-04
1.439703691029387000e-03
4.662006099279196957e-04
3.887961719604790143e-04
8.344915982541989234e-04
2.831951090281367538e-03
1.740233508913301141e-03
1.402116160059870215e-03
1.191793149204605504e-03
7.495735854429711343e-04
6.371022253689558783e-04
1.352930803028892272e-02
1.108580946385186866e-03
3.199762152699482708e-04
1.365396418373764076e-03
5.784697913147603208e-04
4.683827049251670016e-04
4.063896959673039171e-04
3.878420556897101178e-04
6.229407397992290339e-04
1.998223909272912099e-03
5.461680288282224488e-04
1.280924892656487481e-03
5.630315472227768276e-04
4.488346093180430756e-04
1.149019524203510716e-03
3.754511379782305737e-04
4.405434336117325660e-04
4.861661714283478154e-04
6.006162578386804165e-04
3.624157782143999770e-04
9.142819708715314679e-04
4.988769583699487068e-04
5.152675911426289048e-04
5.743467226297025970e-04
1.213140426000251923e-03
2.681731006178504997e-04
1.292591048494733672e-03
1.315569329896932628e-03
3.754361155592911823e-04
6.925748265621527611e-04
2.895939442188300451e-03
4.490261280245957465e-04
2.853735054193705877e-04
3.689524365584147172e-04
1.071386328630557789e-03
7.109012231527363094e-04
1.238353207988350264e-03
7.169701996987689566e-04
6.052433116833348409e-04
9.500461491730495273e-04
9.991582057388328619e-04
5.459893835505673712e-04
6.120044928702069722e-04
5.125614571143503060e-04
1.777054628581314520e-03
1.064736579334408509e-03
5.608935396486411200e-04
7.036679654785300744e-04
6.274754928327781192e-04
5.603125505130339065e-04
6.106239547948163690e-04
1.043476440795134547e-03
1.060706523772599530e-03
3.452839491003944616e-03
9.170910685840302518e-04
7.269730756660165369e-04
3.514110629791410948e-04
7.277035660343653296e-04
2.475614213898246450e-03
1.538931304412557337e-03
8.154066140688959576e-04
7.253527628699169396e-04
2.101759871712315856e-04
3.575588387865451657e-04
4.156170865624024980e-04
3.663243120614613187e-04
7.210219933135628796e-04
4.759324379752321275e-03
1.335189893545814461e-03
7.231083533766563629e-04
1.150210255585376899e-03
7.697663900679443776e-04
2.559625004515579585e-03
1.453681039850221500e-03
4.473172370236537152e-04
8.463981782977867416e-04
3.188945578757545573e-04
1.032908289779382481e-03
6.388629452937111698e-04
2.064919257644230299e-03
1.196845498240113213e-03
1.290652258332553471e-03
1.027085169597840176e-03
1.065697686044293638e-03
6.489273448491541044e-04
7.572716042786659585e-04
3.568793535130829523e-04
1.037945783230252977e-03
9.319914679468920254e-04
2.612185609710600959e-04
7.119893552467043436e-04
2.489121987057715465e-03
5.317667157885175733e-04
2.848057954681791821e-04
8.803714883869686886e-04
4.532659356124747610e-04
1.611626077541315066e-03
3.908946607358540254e-04
4.794590986931056135e-04
7.757683925778575138e-04
8.869299069454156378e-04
1.544379626678618308e-03
8.737282276511350787e-04
4.482284814392524020e-04
3.020925946759085668e-04
4.584659047617772182e-03
9.228116186484514212e-04
1.620489458021120511e-03
2.810247915815562692e-04
6.353282009749816649e-04
8.424828249693652564e-04
2.285309973327168825e-04
3.663243120614613187e-04
6.891412143223007861e-04
1.151716822344198707e-03
9.539639368085514690e-04
6.425030775474998863e-04
2.837541683693750225e-04
3.371218438620880763e-04
3.273083053247927425e-04
1.043358465998608280e-03
1.126449859702114255e-03
1.809546748359137664e-03
2.365929950488000928e-03
4.507897792101107112e-04
1.332450109146366421e-03
6.218691870252465725e-04
5.454146451136651034e-04
6.432446267403147669e-04
1.822409908735649108e-03
3.260803398645264637e-04
4.108293937641372697e-04
5.935186741493011803e-04
8.797882209701410024e-04
6.656167352637355891e-04
9.185332187743774348e-04
1.697738221059347762e-03
5.683780476455886719e-04
4.312797916097639746e-04
1.365525320227999745e-03
1.059933882956906256e-03
5.311323202853926321e-04
5.308049713697060882e-04
2.635376129983109817e-03
1.863676134928398352e-04
1.691027071533237778e-03
8.969916978604519121e-04
5.132058764783069011e-04
6.630056259987009409e-04
1.376480618020596743e-03
1.781260983813821104e-04
4.423178507163824983e-04
7.608517121539581972e-04
3.804069428394876197e-03
3.133430016869204041e-04
8.464964550750293847e-04
1.086975466085104546e-03
2.566901971729486712e-03
1.054880328338345672e-03
6.072073902882543133e-04
3.873737718943371234e-04
6.016097530669457360e-04
3.135521841468145868e-04
3.483180787517488504e-04
1.507843648122904334e-03
5.395456294688158287e-04
4.234551678718482485e-04
1.874063213152604539e-03
3.445055925786533516e-04
6.908589871812787029e-04
5.071952517230406306e-04
2.783113559307556794e-04
4.777802547346983648e-04
5.603765010536961629e-04
1.385250790737527736e-03
7.539467259869123182e-04
1.116093481624260081e-03
1.239810569465069545e-03
1.257701892490260690e-03
4.254752655408992478e-04
1.050364460575792594e-03
2.320603897486144505e-03
9.743725036522216413e-04
8.270511055210753642e-04
1.224738877617167696e-03
3.416390002044756777e-04
8.398458391352142021e-04
3.858616913047197786e-04
3.776135811717295067e-04
5.578316191778694101e-04
4.112089568375946547e-04
1.435228267238581289e-03
2.174124654981312611e-03
8.970287818190495139e-04
2.458711868514861301e-03
3.924731875404186519e-03
1.447607318151915463e-03
4.398819342218990443e-04
5.220283770750672528e-04
2.704020812741968357e-04
8.188519199457740694e-04
1.039625141300231249e-03
3.543388691038243301e-04
6.086333005992658821e-04
4.649033133342497315e-04
6.353282009749816649e-04
1.178251970153001938e-03
2.689216480461657571e-04
1.212701304047154047e-03
1.118740963744591739e-03
6.493820592233412892e-04
9.170219613702279603e-04
6.393595044332035836e-04
1.977838481919537254e-04
4.255276461499274887e-04
7.917756773024777622e-04
8.344915982541989234e-04
5.839382361177070839e-04
7.594495388779077226e-04
4.453940259490226056e-04
3.924550997322326894e-03
6.678978905125669855e-04
3.979717839566875460e-04
5.524482715556226949e-04
5.728456936406208476e-04
1.287747076295104676e-03
2.796037950454498982e-04
1.416175094764992280e-03
5.901866699919676440e-04
2.841841556877271299e-04
9.314291470488245085e-04
4.287350930573799110e-04
1.043299185839399778e-03
1.051548605045312702e-03
9.751044407404592862e-04
6.024505330931856232e-04
7.010072565036148083e-04
3.853907110027229681e-03
3.120614046545725786e-04
5.868088413073464576e-04
9.047341178005113447e-04
1.417190279522344753e-03
5.820537503875666645e-03
2.434493702304434907e-04
4.789658196839458601e-04
1.133623382454959465e-03
6.217210190899647359e-04
9.561235470376840519e-04
2.754554046692595740e-03
1.663799089424657823e-04
5.285757764827322654e-04
3.298668850005954337e-04
7.532674035168929237e-04
9.224001712198192249e-04
6.766645633256613982e-04
1.339841159104928269e-03
2.785713557450163712e-04
7.826446813642424626e-04
6.305658499540094412e-04
5.484920767193578964e-04
1.010957247258814813e-03
4.831492692560011674e-04
1.144207632956348742e-03
5.449149491383184713e-04
5.378740623587623939e-04
6.218691870252465725e-04
6.566638763996755258e-04
5.071635913974930797e-04
3.491133700498221817e-04
6.140863969827773956e-04
7.101310415937287001e-04
6.474770388413549722e-04
3.514584179944969474e-04
8.093009645398720111e-04
1.691027071533237778e-03
1.194131442376416934e-03
2.967841959612620519e-04
9.170219613702279603e-04
7.594980835328206869e-04
6.160125034415567637e-04
9.909881362620599505e-04
8.406555377000428505e-04
4.972441467769542905e-04
5.401904622640019962e-04
1.730851076991843937e-03
8.043270475094814551e-04
7.624066008315405311e-04
1.240869353165677822e-03
3.955171852323076430e-04
6.302260008347951303e-04
1.168032094151084336e-03
1.235082600002106352e-03
1.591386314519515873e-03
3.960682738603286371e-04
3.887961719604790143e-04
5.201667439177763046e-04
5.043289222384867094e-04
3.330313524527632268e-04
1.558542831196391013e-03
9.838340072735936737e-04
3.574545560143136346e-04
7.226756688922874672e-04
1.161335692935712384e-03
2.986478013950457310e-04
6.813134784745653212e-04
8.938331223351600333e-04
1.453066499603687016e-03
3.902644432467295517e-04
8.562188205000526194e-04
2.069911238655028807e-04
1.176757748727623150e-03
2.920615548449649081e-03
1.162409342338929221e-03
7.511563220838277100e-04
6.129956966723587673e-04
2.814699892908306906e-04
8.264098631886199284e-04
5.966978231360681867e-04
3.658945241948141028e-03
7.723851974269614964e-04
2.781531708999101138e-04
8.565718700104173145e-04
5.591173600505547261e-04
7.349540393713711916e-04
1.943822707813031275e-03
2.908975787506438483e-04
9.137967014644976299e-04
7.712307630698729414e-04
6.595697252145165182e-04
9.170219613702279603e-04
1.472909465664738434e-03
1.140219737084207947e-03
5.794433939988672929e-04
7.685787642357948864e-04
4.331821206652718831e-04
7.666022246666542210e-04
5.833464426766563939e-04
1.207824113276520029e-03
6.569087119736362898e-04
6.703169649877363219e-04
1.011636785422824871e-03
7.915922907008079686e-04
3.226492076565899421e-04
4.567441925170734394e-04
2.608180116457256472e-03
6.117346447555231225e-04
5.082199663873844704e-04
4.539881793715587347e-04
7.418058477867156162e-04
2.072616001456633423e-04
9.783341705133020202e-04
4.606698801935988643e-04
1.830581224568566612e-03
1.940394827945034380e-03
3.901512600342401109e-04
2.549561380954749727e-04
3.057090607296925142e-03
6.287889279231409110e-04
3.036363268299173824e-04
1.179768711454969032e-03
6.318765566113397755e-04
3.094507901588319874e-03
3.451003284288856900e-04
4.496029331997496354e-04
4.702770849443924052e-04
2.424229042009958196e-04
6.603069021271782335e-04
1.630761343380442673e-03
1.589128880202467101e-03
4.461573414226034911e-04
4.632549550042575526e-04
5.470408361460869437e-03
6.490844171956352106e-04
2.874544823383565683e-04
7.346257704920373943e-04
1.311831244706744082e-03
6.047933819682812856e-04
1.057056212359909833e-03
1.858272694330677594e-03
1.957279320469098010e-03
9.163099324887829383e-04
4.962330735903431331e-04
1.083725958988522933e-03
1.727625982947672469e-03
8.429655478449323870e-04
3.494381670401033044e-04
6.183671647835782591e-04
1.823914336664225191e-03
4.046914871047392940e-04
6.920601903164534446e-04
6.658686858037863882e-04
3.471764173809671747e-04
7.077437415485526417e-04
1.280167050143512196e-03
1.262547679197371182e-04
1.665246066128350192e-03
4.606698801935988643e-04
4.102217208870389208e-04
3.241700175855444384e-04
1.221361432126733936e-03
4.439076718117230635e-04
7.205936326407246960e-04
1.776654694493782702e-03
1.045342226600216341e-03
1.339841159104928269e-03
2.457462333106533343e-03
1.068869759402585806e-03
7.278797825999990890e-04
9.134121039785621449e-04
3.972028844992336579e-04
8.518207746200999290e-04
4.548061729847875548e-04
4.889048256641226504e-04
1.769531185899989164e-03
6.493152944029805364e-04
1.395107639273470562e-03
3.255649823208666056e-04
2.656143846507482732e-04
7.701638785206390810e-04
7.043357174729077434e-04
1.856286690947679023e-03
1.041871148270662011e-03
3.643419227841328658e-04
1.175166760796465164e-03
1.938572498109248461e-03
1.150464086520215602e-03
8.156142676093880873e-04
8.793584882368092777e-04
2.034509147671171182e-03
3.663528070681585790e-04
6.189196766070788509e-04
1.425847331867305173e-03
2.143300546403796667e-04
1.846970839701023420e-03
4.727572024270229795e-04
9.032489884162425665e-04
5.903055067040470548e-04
2.027337836838321444e-03
4.892441518741313337e-04
2.492776120130222976e-03
8.943646023669068199e-04
5.698367838448106706e-04
3.648142473447780489e-04
3.353229592831959410e-04
3.059610661343760722e-04
5.634794639604524986e-04
4.173611028802593696e-04
1.699326193230209963e-03
4.511932611599828689e-04
5.362612600567078381e-04
1.470872105263563512e-03
8.483483348650523162e-04
8.579602052056259885e-04
1.231032885820189295e-03
6.955228439222830347e-04
4.344123949911830049e-04
1.332450109146366421e-03
2.489121987057715465e-03
7.548284042200992640e-04
3.138765798395410614e-04
6.491244616422817484e-04
3.120614046545725786e-04
4.836638955451922641e-04
4.255276461499274887e-04
2.050326766103765976e-04
5.293358582183535065e-04
1.392827659917127581e-03
4.637853751779582863e-04
6.491671095567182713e-04
8.156702442892350014e-04
1.182898599901460908e-03
9.469221590931660481e-04
1.296933103921211810e-03
7.312967941242251319e-04
3.449508766450049154e-04
5.533541690004064846e-04
9.873434479165811139e-04
1.425148336153502166e-03
7.480956774107424623e-04
3.967189536165887493e-04
4.909024125736149036e-04
4.693841047744558661e-04
1.070295730171904030e-03
5.499663742283079958e-04
6.241238374061837575e-04
1.037945783230252977e-03
1.997340071409775888e-03
2.558497338337321989e-03
5.444995016644591521e-04
4.136073642226407348e-04
2.308950534714159658e-04
3.120614046545725786e-04
9.159790817068776472e-03
1.248478114285720992e-03
1.169071340551846097e-03
2.010096753067238567e-04
3.700876462834964552e-04
4.892560110761212276e-04
3.788204105518735662e-04
1.104565086496497959e-03
6.181669086769731470e-04
4.250345511500135641e-03
1.523677444868613493e-03
7.659831894309607463e-04
5.454146451136651034e-04
4.896932343279249318e-04
6.401447565148238100e-04
1.149534304517915674e-03
1.402309003796889256e-03
1.505209674653497538e-03
3.096914140679010740e-04
5.290387932624560606e-04
9.798831386627340420e-04
3.771568850924050939e-04
4.284553600324019526e-04
6.510077986547646058e-04
4.257195214210404699e-03
4.874380190198835186e-04
4.509816171890334798e-04
4.076343281068973718e-04
8.410937577776252680e-04
9.189005561079494587e-04
6.748065990171026474e-04
6.286109354044737548e-04
7.238694344170797058e-04
1.151867974588806571e-03
5.008423777572037052e-04
8.493468096658700036e-04
1.060350651991301277e-03
7.621434024701384449e-04
1.273463310322713775e-03
5.299372703107061832e-04
5.717843800930353521e-03
1.053283921430767534e-03
8.161124866499371673e-04
2.427833435705854109e-03
2.935147104620019283e-04
5.403581206352701168e-04
3.184092589391170221e-04
7.620360022122342003e-04
3.687357254521667895e-04
1.665620251321672275e-03
1.833839316870277932e-03
2.594473748267990998e-04
2.116234671495145769e-03
1.900076112249865544e-03
6.474770388413549722e-04
6.664075890148353238e-04
5.085431514997904414e-04
6.606933332002797163e-04
1.889663477529511353e-03
5.803746215332330127e-04
1.049773066336445824e-03
1.169071340551846097e-03
1.173276787155353492e-03
5.907357917652509118e-04
6.708999398013185556e-04
6.079801854511029773e-04
6.260126759312851282e-04
4.664311971116833194e-04
5.025079168708652738e-04
7.788558636825171702e-04
6.787165664527238093e-04
8.274738052441089247e-04
3.872529365644477792e-04
2.543624735613360995e-03
1.979671286831140558e-03
8.447743221329691299e-04
6.254341654869964096e-04
5.787810106742719051e-04
1.611180728670487264e-03
1.945713093369672844e-03
7.252877120198614972e-04
6.122840756692785090e-04
5.008423777572037052e-04
4.463876599135845188e-04
4.773558076170286994e-04
3.538395006638712535e-04
9.990159672284982650e-04
2.689216480461657571e-04
1.729880317476049185e-03
8.283828468672756445e-04
7.076225677826494375e-04
6.286109354044737548e-04
2.080378646873727241e-03
4.974337582896676355e-04
3.857857758482657667e-04
8.578169341905100657e-04
7.270296997941075572e-04
2.492776120130222976e-03
6.880334638787832628e-04
1.613275130459321683e-03
9.583442909129405180e-04
3.657292880452456632e-04
8.539262178837176559e-04
5.903241646372499405e-04
2.551418548321203721e-03
6.474770388413549722e-04
8.084456681627666267e-04
5.516780178995841577e-04
1.423584989654794620e-03
1.309922075381872442e-03
5.733116236096209330e-04
1.744557828253037431e-03
3.815770247234476502e-04
2.062204153866180854e-03
4.254483974790493317e-04
2.764771806060065552e-03
2.930864820791731495e-03
2.980481259995857953e-04
1.110415360038099824e-03
3.855503623028930563e-04
6.710755019765174629e-04
5.083781171770718416e-04
7.984936852062034631e-04
5.478130293342610077e-04
6.774972943766520645e-04
6.711289907463552926e-04
2.182143571873931993e-03
6.185251766336623182e-04
3.370884167875680577e-03
1.112388749856824382e-03
8.296048081498283693e-04
8.429655478449323870e-04
7.395555724406411430e-04
2.726607972465437202e-04
8.098205566097632126e-04
9.193849923796792783e-04
7.731669578751793927e-04
3.551972135538229757e-04
1.225668595293105028e-03
1.681828192725011309e-03
3.648142473447780489e-04
1.198505042173237875e-03
1.513015577257503233e-03
7.203927876190566008e-03
2.554325727236523473e-04
4.275819912255999296e-04
8.827215660702102855e-04
6.928455278210143104e-04
5.359485487647777180e-04
7.188894553254075942e-04
4.580964224986847056e-04
9.143494745703516138e-04
3.082136654655277114e-03
2.874544823383565683e-04
8.037237146188093342e-04
1.307113363011468479e-03
5.940175023577714446e-04
8.945423166858928023e-04
2.805478748323821775e-04
1.493833152527158621e-03
6.048257065342433529e-04
1.453962750224644393e-03
3.458498979360932258e-04
1.358943435090587083e-03
9.901438320005075209e-04
4.632549550042575526e-04
1.277530381638572986e-03
1.030879205974172567e-03
3.594465309215912779e-04
1.494611100763850462e-03
4.145842395060967181e-04
1.182102387156314148e-03
2.218591274722033705e-04
8.766208666699526475e-04
7.454384899075118705e-04
5.839438365801374832e-04
2.935440754938364958e-03
4.188209484282526328e-04
1.622263151285780868e-03
5.783917924359942503e-04
8.389841873275590391e-04
7.080776060676579643e-04
7.624066008315405311e-04
1.241847189319382136e-03
8.430892618276786699e-04
4.283447613397256288e-04
2.278207952371104805e-04
1.693285206972724218e-03
8.531810053276317300e-04
1.929132895294227495e-03
9.519995957622964062e-04
1.330660071670570523e-03
4.275975389052246367e-04
4.230228896998833223e-04
3.424085837117621638e-03
1.700315501076380895e-03
1.858436689653517168e-04
1.456986607458309957e-03
4.608286073754315113e-04
4.027593121334831607e-04
1.156268045097842137e-03
1.415732823191405507e-03
4.259287206029573015e-04
2.218676775281788575e-03
3.498871909429032267e-03
2.261436549656186800e-04
5.143946362097224318e-04
6.388796681907190841e-04
1.882665771257586605e-03
2.018097489017512628e-03
1.031897226198478287e-03
3.607498786076081612e-04
6.411495976418838273e-04
1.451771542353854022e-03
5.184816307451795003e-04
1.036582523257007253e-03
3.164919836170383780e-03
9.095633780963627638e-04
4.890461079785993377e-03
5.984614545392434853e-04
4.093755735681965354e-04
1.024042360955211431e-03
2.829662734278769664e-04
1.388823644756668595e-03
1.271689079113885257e-03
4.057387664703146664e-03
5.165548605266874656e-04
9.228392607117086831e-04
9.826681393959985598e-04
1.194033553425803609e-03
2.831037530494394188e-04
3.000942327621814267e-04
5.390448153674439434e-04
8.106280940259633170e-04
6.224826875822829335e-04
5.993198719613266690e-04
4.910526168352140515e-04
1.752622618895011315e-03
1.116596667318505657e-03
3.107089505709298384e-04
2.023679037966756925e-03
1.587133029567780636e-03
9.134121039785621449e-04
9.627784625643958207e-04
9.803427929513538162e-04
3.009590572736565777e-04
5.909918332813134372e-04
9.503190631829444785e-04
7.777931197483038683e-04
3.867037369440835706e-04
1.243370389005119285e-03
1.861401933752107043e-03
5.201667439177763046e-04
6.076914306556092027e-04
4.368547580830191854e-04
4.017582451979812203e-04
1.341436932953869211e-03
7.955771365660828810e-04
1.130340383549351645e-03
7.368108564344501201e-04
1.621673370219380234e-03
1.858662193713038306e-03
1.322704480163165589e-03
6.283509292937408761e-04
9.772319322670598371e-04
2.786437171315644945e-03
3.198051051246961034e-03
1.214411274227395875e-03
2.574628310983614540e-03
6.554948609986013634e-04
1.553096607374032916e-03
6.765849232540006343e-04
1.937805861943866234e-03
8.330272964379896797e-04
4.480172439141848467e-04
4.642014216028852763e-04
5.873862830052283728e-04
5.110111188652900240e-04
1.193646686764360688e-03
6.453277206925037320e-04
9.329556211342136850e-04
3.195599752308710150e-04
7.006141569553826212e-04
6.898613342760682521e-04
8.758480110331517488e-04
5.008423777572037052e-04
9.329798521121598171e-04
5.893839656625109646e-04
3.200256328045358520e-03
8.164449008790801475e-04
6.695106690745524945e-04
4.597356941377483269e-04
2.539000227378129262e-04
5.268329187158353683e-04
6.252090747833302957e-04
1.104723062180942416e-03
8.339381107121508156e-04
1.679424292394856048e-03
1.142474331067687898e-03
7.600915886918820910e-04
