1.200000000334583916e+01
1.200000000311057136e+01
1.200000000301919911e+01
1.200000000329091066e+01
1.200000000328249250e+01
1.200000000187894678e+01
1.200000000319992743e+01
1.200000000295239921e+01
1.200000000319155014e+01
1.200000000324273053e+01
1.200000000311057136e+01
1.200000000221561614e+01
1.200000000196404670e+01
1.200000000276152434e+01
1.200000000317815463e+01
1.200000000239864661e+01
1.200000000231358044e+01
1.200000000326267546e+01
1.200000000301031378e+01
1.200000000324603633e+01
1.200000000329649197e+01
1.200000000328085115e+01
1.200000000286719093e+01
1.200000000326713945e+01
1.200000000250584620e+01
1.200000000324784821e+01
1.200000000339656658e+01
1.200000000270452638e+01
1.200000000332587113e+01
1.200000000271350942e+01
1.200000000329701955e+01
1.200000000311693249e+01
1.200000000313218251e+01
1.200000000309849746e+01
1.200000000312840420e+01
1.200000000246318343e+01
1.200000000322389759e+01
1.200000000086019369e+01
1.200000000291042923e+01
1.200000000314154569e+01
1.200000000328078720e+01
1.200000000225477947e+01
1.200000000341203865e+01
1.200000000315493764e+01
1.200000000300832959e+01
1.200000000325913696e+01
1.200000000338016193e+01
1.200000000340477690e+01
1.200000000054442673e+01
1.200000000229076313e+01
1.200000000300823366e+01
1.200000000284824964e+01
1.200000000308947712e+01
1.200000000329625749e+01
1.200000000325144001e+01
1.200000000294706304e+01
1.200000000322479998e+01
1.200000000309450066e+01
1.200000000252648036e+01
1.200000000300391712e+01
1.200000000334181038e+01
1.200000000317508153e+01
1.200000000283360357e+01
1.200000000324084581e+01
1.200000000280904722e+01
1.200000000338698314e+01
1.200000000316865290e+01
1.200000000310028625e+01
1.200000000249714560e+01
1.200000000306783399e+01
1.200000000305211323e+01
1.200000000301945668e+01
1.200000000326659766e+01
1.200000000216140172e+01
1.200000000320327764e+01
1.200000000291020896e+01
1.200000000326648930e+01
1.200000000315468540e+01
1.200000000330587291e+01
1.200000000278463119e+01
1.200000000329568373e+01
1.200000000333518102e+01
1.200000000295378300e+01
1.200000000031796610e+01
1.200000000206403428e+01
1.200000000327865379e+01
1.200000000306384962e+01
1.200000000271862710e+01
1.200000000311238324e+01
1.200000000298610736e+01
1.200000000307594483e+01
1.200000000230743957e+01
1.200000000331141869e+01
1.200000000336691208e+01
1.200000000061421446e+01
1.200000000302642889e+01
1.200000000324749294e+01
1.200000000322044258e+01
1.200000000333957750e+01
1.200000000116513732e+01
1.200000000326271810e+01
1.200000000335601413e+01
1.200000000323427152e+01
1.200000000290747515e+01
1.200000000311245074e+01
1.200000000217037410e+01
1.200000000222867236e+01
1.200000000324024185e+01
1.200000000321622018e+01
1.200000000329809602e+01
1.200000000329665184e+01
1.200000000278007661e+01
1.200000000340118689e+01
1.200000000226847519e+01
1.200000000335128902e+01
1.200000000241919196e+01
1.200000000139831435e+01
1.200000000125109167e+01
1.200000000292262392e+01
1.200000000336229000e+01
1.200000000318259907e+01
1.200000000296582670e+01
1.200000000326055627e+01
1.200000000174686043e+01
1.200000000332879679e+01
1.200000000317775850e+01
1.200000000284535773e+01
1.200000000227834995e+01
1.200000000254759769e+01
1.200000000251580801e+01
1.200000000265419509e+01
1.200000000228081021e+01
1.200000000336706130e+01
1.200000000326192584e+01
1.200000000335165851e+01
1.200000000285445267e+01
1.200000000224933849e+01
1.200000000319837490e+01
1.200000000306459924e+01
1.200000000172942727e+01
1.200000000333786332e+01
1.200000000097324993e+01
1.200000000335028361e+01
1.200000000326316574e+01
1.200000000326263105e+01
1.200000000263078803e+01
1.200000000323041149e+01
1.200000000331028005e+01
1.200000000325598748e+01
1.200000000246026843e+01
1.200000000317285398e+01
1.200000000279432655e+01
1.200000000305768921e+01
1.200000000256573607e+01
1.200000000324026850e+01
1.200000000300715897e+01
1.200000000284303248e+01
1.200000000332295969e+01
1.200000000287068325e+01
1.200000000341237438e+01
1.200000000305944603e+01
1.200000000321374571e+01
1.200000000340464723e+01
1.200000000300261149e+01
1.200000000332087779e+01
1.200000000273837841e+01
1.200000000315542437e+01
1.200000000282516055e+01
1.200000000318348370e+01
1.200000000334145689e+01
1.200000000329568373e+01
1.200000000330680372e+01
1.200000000288370750e+01
1.200000000327585070e+01
1.200000000266956235e+01
1.200000000333944250e+01
1.200000000336542705e+01
1.200000000149195678e+01
1.200000000272114242e+01
1.200000000326161143e+01
1.200000000327372796e+01
1.200000000336489592e+01
1.200000000314525828e+01
1.200000000308406811e+01
1.200000000304932968e+01
1.200000000302152259e+01
1.200000000290831892e+01
1.200000000244137333e+01
1.200000000331026939e+01
1.200000000338176065e+01
1.200000000328610916e+01
1.200000000317321813e+01
1.200000000213547757e+01
1.200000000312322612e+01
1.200000000335875328e+01
1.200000000153620050e+01
1.200000000242345344e+01
1.200000000293356628e+01
1.200000000111053389e+01
1.200000000310468451e+01
1.200000000318553717e+01
1.200000000307561976e+01
1.200000000330497052e+01
1.200000000333448646e+01
1.200000000335875328e+01
1.200000000194264516e+01
1.200000000332985906e+01
1.200000000308422088e+01
1.200000000332801520e+01
1.200000000336414452e+01
1.200000000306514636e+01
1.200000000325336913e+01
1.200000000320711990e+01
1.200000000163826464e+01
1.200000000341026940e+01
1.200000000189758431e+01
1.200000000239362841e+01
1.200000000329388961e+01
1.200000000331308492e+01
1.200000000297042035e+01
1.200000000145954360e+01
1.200000000294234681e+01
1.200000000337850636e+01
1.200000000341420225e+01
1.200000000290320834e+01
1.200000000336111405e+01
1.200000000282056511e+01
1.200000000320994964e+01
1.200000000318334337e+01
1.200000000210934559e+01
1.200000000312808091e+01
1.200000000280608425e+01
1.200000000300422087e+01
1.200000000108810028e+01
1.200000000326361516e+01
1.200000000311241166e+01
1.200000000200649630e+01
1.200000000328956062e+01
1.200000000291641911e+01
1.200000000338811468e+01
1.200000000288035551e+01
1.200000000317623083e+01
1.200000000304510550e+01
1.200000000315629478e+01
1.200000000291301561e+01
1.200000000341448825e+01
1.200000000313534620e+01
1.200000000323276517e+01
1.200000000334847883e+01
1.200000000330458327e+01
1.200000000307769099e+01
1.200000000260572186e+01
1.200000000229628760e+01
1.200000000331489503e+01
1.200000000301456815e+01
1.200000000328434346e+01
1.200000000296180502e+01
1.200000000278186896e+01
1.200000000288954460e+01
1.200000000331912098e+01
1.200000000340139472e+01
1.200000000301919911e+01
1.200000000337433192e+01
1.200000000315170112e+01
1.200000000150022395e+01
1.200000000330056871e+01
1.200000000301402103e+01
1.200000000321365512e+01
1.200000000240908982e+01
1.200000000329199779e+01
1.200000000316673265e+01
1.200000000332749650e+01
1.200000000331286998e+01
1.200000000069077366e+01
1.200000000307443671e+01
1.200000000256742183e+01
1.200000000312327586e+01
1.200000000317601589e+01
1.200000000233543851e+01
1.200000000295019831e+01
1.200000000339953488e+01
1.200000000324589422e+01
1.200000000317452198e+01
1.200000000315261239e+01
1.200000000328531335e+01
1.200000000334538797e+01
1.200000000302849834e+01
1.200000000284362578e+01
1.200000000108799547e+01
1.200000000317494298e+01
1.200000000330248540e+01
1.200000000312191339e+01
1.200000000315098525e+01
1.200000000341203865e+01
1.200000000211360707e+01
1.200000000262160960e+01
1.200000000245365150e+01
1.200000000326045324e+01
1.200000000307579384e+01
1.200000000215814921e+01
1.200000000323740679e+01
1.200000000171144343e+01
1.200000000299860403e+01
1.200000000275613665e+01
1.200000000301957037e+01
1.200000000297256619e+01
1.200000000309036885e+01
1.200000000251364263e+01
1.200000000294075875e+01
1.200000000337568373e+01
1.200000000319953486e+01
1.200000000335252004e+01
1.200000000299932168e+01
1.200000000290950020e+01
1.200000000324945404e+01
1.200000000036942360e+01
1.200000000333534977e+01
1.200000000283926127e+01
1.200000000332094707e+01
1.200000000279730550e+01
1.200000000307485415e+01
1.200000000265292499e+01
1.200000000303623970e+01
1.200000000334636319e+01
1.200000000314516058e+01
1.200000000335154837e+01
1.200000000323857563e+01
1.200000000323889360e+01
1.200000000341005979e+01
1.200000000280157941e+01
1.200000000330723005e+01
1.200000000290801339e+01
1.200000000319071169e+01
1.200000000338941675e+01
1.200000000301178638e+01
1.200000000326834382e+01
1.200000000323129257e+01
1.200000000317775850e+01
1.200000000290475199e+01
1.200000000272607892e+01
1.200000000226573604e+01
1.200000000329476535e+01
1.200000000158526881e+01
1.200000000320711990e+01
1.200000000320433458e+01
1.200000000255752930e+01
1.200000000313877457e+01
1.200000000309480619e+01
1.200000000292262392e+01
1.200000000341315065e+01
1.200000000322235039e+01
1.200000000328281047e+01
1.200000000338368267e+01
1.200000000324241789e+01
1.200000000329231042e+01
1.200000000279489498e+01
1.200000000314299520e+01
1.200000000330518901e+01
1.200000000223184493e+01
1.200000000310660475e+01
1.200000000317129789e+01
1.200000000334583916e+01
1.200000000309898240e+01
1.200000000208319406e+01
1.200000000294279445e+01
1.200000000337377593e+01
1.200000000095649000e+01
1.200000000248779308e+01
1.200000000263595545e+01
1.200000000330470229e+01
1.200000000340907924e+01
1.200000000323836247e+01
1.200000000328421557e+01
1.200000000184386906e+01
1.200000000314557802e+01
1.200000000312256709e+01
1.200000000340600792e+01
1.200000000331165495e+01
1.200000000341610473e+01
1.200000000336705774e+01
1.200000000313949400e+01
1.200000000307482040e+01
1.200000000312642356e+01
1.200000000325630545e+01
1.200000000328396865e+01
1.200000000334872929e+01
1.200000000328325278e+01
1.200000000312256887e+01
1.200000000313939275e+01
1.200000000339322703e+01
1.200000000341526984e+01
1.200000000266365419e+01
1.200000000274417467e+01
1.200000000336901351e+01
1.200000000302405390e+01
1.200000000335114336e+01
1.200000000308605408e+01
1.200000000297985814e+01
1.200000000280215673e+01
1.200000000241383269e+01
1.200000000301127834e+01
1.200000000326055627e+01
1.200000000155617563e+01
1.200000000270769362e+01
1.200000000327029248e+01
1.200000000324435590e+01
1.200000000316107318e+01
1.200000000338444472e+01
1.200000000298794944e+01
1.200000000302196845e+01
1.200000000209734630e+01
1.200000000319954196e+01
1.200000000305529824e+01
1.200000000292652658e+01
1.200000000328236993e+01
1.200000000224582131e+01
1.200000000323892202e+01
1.200000000329979777e+01
1.200000000340729756e+01
1.200000000312309467e+01
1.200000000340190454e+01
1.200000000314892468e+01
1.200000000281813151e+01
1.200000000083931972e+01
1.200000000323591287e+01
1.200000000294706304e+01
1.200000000326691030e+01
1.200000000300729042e+01
1.200000000296132896e+01
1.200000000332795658e+01
1.200000000308986259e+01
1.200000000142618006e+01
1.200000000337618999e+01
1.200000000326792815e+01
1.200000000325463922e+01
1.200000000320192051e+01
1.200000000324494742e+01
1.200000000322131832e+01
1.200000000164083502e+01
1.200000000129524125e+01
1.200000000322239302e+01
1.200000000328416050e+01
1.200000000336434169e+01
1.200000000340745032e+01
1.200000000328038752e+01
1.200000000201956674e+01
1.200000000287239565e+01
1.200000000340997808e+01
1.200000000322550520e+01
1.200000000324398108e+01
1.200000000311057136e+01
1.200000000244444287e+01
1.200000000240861198e+01
1.200000000318138049e+01
1.200000000322335758e+01
1.200000000291987412e+01
1.200000000319903926e+01
1.200000000138095224e+01
1.200000000285924884e+01
1.200000000125581856e+01
1.200000000335367645e+01
1.200000000288975777e+01
1.200000000338259731e+01
1.200000000302448555e+01
1.200000000277342238e+01
1.200000000307873016e+01
1.200000000243715270e+01
1.200000000338058115e+01
1.200000000307124104e+01
1.200000000322222071e+01
1.200000000339773365e+01
1.200000000337488615e+01
1.200000000291196223e+01
1.200000000322555671e+01
1.200000000218635776e+01
1.200000000292968494e+01
1.200000000164443037e+01
1.200000000315132453e+01
1.200000000290784818e+01
1.200000000205864659e+01
1.200000000338988215e+01
1.200000000337774253e+01
1.200000000200491002e+01
1.200000000337160699e+01
1.200000000169379177e+01
1.200000000180240001e+01
1.200000000320211413e+01
1.200000000255372612e+01
1.200000000341407613e+01
1.200000000330170025e+01
1.200000000236824782e+01
1.200000000306122949e+01
1.200000000315170112e+01
1.200000000333847971e+01
1.200000000328676464e+01
1.200000000319047722e+01
1.200000000331729311e+01
1.200000000305728065e+01
1.200000000340550343e+01
1.200000000328547678e+01
1.200000000170855685e+01
1.200000000301724690e+01
1.200000000102269127e+01
1.200000000291115398e+01
1.200000000305262837e+01
1.200000000321681526e+01
1.200000000311341353e+01
1.200000000302931724e+01
1.200000000305833581e+01
1.200000000265891842e+01
1.200000000308800274e+01
1.200000000293816882e+01
1.200000000201202788e+01
1.200000000300239655e+01
1.200000000306157943e+01
1.200000000262947353e+01
1.200000000265058908e+01
1.200000000307364267e+01
1.200000000246271625e+01
1.200000000189586125e+01
1.200000000307215053e+01
1.200000000318435767e+01
1.200000000333459482e+01
1.200000000324026850e+01
1.200000000321736948e+01
1.200000000247443843e+01
1.200000000328453531e+01
1.200000000234293118e+01
1.200000000224290808e+01
1.200000000321292681e+01
1.200000000246674503e+01
1.200000000333007399e+01
1.200000000233828246e+01
1.200000000326760308e+01
1.200000000325564997e+01
1.200000000331946737e+01
1.200000000156641811e+01
1.200000000310687653e+01
1.200000000302152259e+01
1.200000000312515880e+01
1.200000000317508508e+01
1.200000000339006334e+01
1.200000000340509132e+01
1.200000000124610366e+01
1.200000000203758610e+01
1.200000000297242764e+01
1.200000000326691918e+01
1.200000000331127126e+01
1.200000000293565527e+01
1.200000000319458238e+01
1.200000000305629477e+01
1.200000000318189386e+01
1.200000000277668022e+01
1.200000000290824786e+01
1.200000000327513661e+01
1.200000000042667914e+01
1.200000000338227757e+01
1.200000000306372527e+01
1.200000000292618196e+01
1.200000000263340638e+01
1.200000000315315773e+01
1.200000000227692176e+01
1.200000000275592171e+01
1.200000000285505841e+01
1.200000000217031904e+01
1.200000000169328374e+01
1.200000000329686145e+01
1.200000000291713143e+01
1.200000000340909345e+01
1.200000000298459035e+01
1.200000000341440298e+01
1.200000000313317017e+01
1.200000000217204033e+01
1.200000000321966276e+01
1.200000000326129168e+01
1.200000000261092659e+01
1.200000000098830100e+01
1.200000000196781791e+01
1.200000000236484610e+01
1.200000000310564907e+01
1.200000000304653724e+01
1.200000000321145421e+01
1.200000000312386739e+01
1.200000000328793881e+01
1.200000000318459215e+01
1.200000000183544913e+01
1.200000000326915561e+01
1.200000000137209888e+01
1.200000000338097550e+01
1.200000000322403970e+01
1.200000000341558426e+01
1.200000000240991049e+01
1.200000000331014860e+01
1.200000000279178813e+01
1.200000000339929507e+01
1.200000000265916711e+01
1.200000000322338600e+01
1.200000000335699291e+01
1.200000000273837841e+01
1.200000000107694120e+01
1.200000000335276873e+01
1.200000000323695737e+01
1.200000000338681438e+01
1.200000000306244452e+01
1.200000000320959082e+01
1.200000000325612959e+01
1.200000000285149504e+01
1.200000000283380963e+01
1.200000000337223760e+01
1.200000000318939364e+01
1.200000000305240633e+01
1.200000000299788638e+01
1.200000000145956847e+01
1.200000000317903925e+01
1.200000000313775139e+01
1.200000000318808802e+01
1.200000000212399165e+01
1.200000000315707815e+01
1.200000000217881180e+01
1.200000000318568105e+01
1.200000000326984662e+01
1.200000000331051808e+01
1.200000000335053052e+01
1.200000000273476886e+01
1.200000000314525828e+01
1.200000000309745296e+01
1.200000000232286723e+01
1.200000000231769803e+01
1.200000000327137073e+01
1.200000000319185212e+01
1.200000000321468185e+01
1.200000000261286281e+01
1.200000000298566327e+01
1.200000000318316573e+01
1.200000000245549892e+01
1.200000000278929591e+01
1.200000000290688185e+01
1.200000000229781350e+01
1.200000000326488703e+01
1.200000000323726113e+01
1.200000000319954196e+01
1.200000000230623520e+01
1.200000000326499006e+01
1.200000000313776205e+01
1.200000000304270209e+01
1.200000000316148352e+01
1.200000000330989813e+01
1.200000000284170021e+01
1.200000000240664555e+01
1.200000000308446602e+01
1.200000000334979333e+01
1.200000000340991946e+01
1.200000000270486744e+01
1.200000000233252706e+01
1.200000000327704974e+01
1.200000000211533013e+01
1.200000000221153940e+01
1.200000000335456285e+01
1.200000000174419768e+01
1.200000000334199157e+01
1.200000000205249329e+01
1.200000000337278472e+01
1.200000000265525557e+01
1.200000000333411698e+01
1.200000000309874615e+01
1.200000000335030670e+01
1.200000000319489857e+01
1.200000000335389672e+01
1.200000000326235394e+01
1.200000000210402540e+01
1.200000000260698485e+01
1.200000000300960146e+01
1.200000000312814663e+01
1.200000000332993189e+01
1.200000000324684635e+01
1.200000000341493944e+01
1.200000000306862979e+01
1.200000000294227931e+01
1.200000000336435590e+01
1.200000000314171267e+01
1.200000000324719274e+01
1.200000000323844773e+01
1.200000000249015741e+01
1.200000000318475202e+01
1.200000000308605408e+01
1.200000000327959881e+01
1.200000000301973735e+01
1.200000000286765989e+01
1.200000000296180502e+01
1.200000000317245608e+01
1.200000000340941675e+01
1.200000000303483461e+01
1.200000000324460281e+01
1.200000000332943273e+01
1.200000000330237881e+01
1.200000000301500158e+01
1.200000000331489503e+01
1.200000000257304400e+01
1.200000000331927374e+01
1.200000000317843707e+01
1.200000000286705593e+01
1.200000000339830386e+01
1.200000000292815372e+01
1.200000000330288152e+01
1.200000000327946204e+01
1.200000000337665895e+01
1.200000000340165052e+01
1.200000000306738457e+01
1.200000000273829492e+01
1.200000000334315686e+01
1.200000000244814835e+01
1.200000000335730910e+01
1.200000000303898773e+01
1.200000000201283967e+01
1.200000000328945582e+01
1.200000000166713932e+01
1.200000000258355470e+01
1.200000000324024185e+01
1.200000000316713233e+01
1.200000000277857204e+01
1.200000000335393402e+01
1.200000000194372518e+01
1.200000000304576098e+01
1.200000000324439497e+01
1.200000000325157856e+01
1.200000000295704972e+01
1.200000000320533822e+01
1.200000000334259376e+01
1.200000000339009532e+01
1.200000000315122328e+01
1.200000000309960413e+01
1.200000000288521029e+01
1.200000000278746093e+01
1.200000000340805784e+01
1.200000000307263193e+01
1.200000000302662784e+01
1.200000000329309024e+01
1.200000000090957464e+01
1.200000000297256619e+01
1.200000000335709061e+01
1.200000000315214876e+01
1.200000000332735262e+01
1.200000000256455479e+01
1.200000000196424033e+01
1.200000000299050384e+01
1.200000000287026225e+01
1.200000000307707992e+01
1.200000000324024185e+01
1.200000000298789260e+01
1.200000000289329982e+01
1.200000000307350945e+01
1.200000000280641288e+01
1.200000000334042483e+01
1.200000000330262218e+01
1.200000000330387273e+01
1.200000000204796358e+01
1.200000000339180417e+01
1.200000000337789352e+01
1.200000000303603365e+01
1.200000000330758532e+01
1.200000000281324120e+01
1.200000000312318349e+01
1.200000000322958726e+01
1.200000000299034220e+01
1.200000000298590308e+01
1.200000000313319681e+01
1.200000000334127037e+01
1.200000000316822302e+01
1.200000000301842640e+01
1.200000000339348638e+01
1.200000000317508508e+01
1.200000000328502736e+01
1.200000000283673529e+01
1.200000000332087779e+01
1.200000000262302002e+01
1.200000000331576366e+01
1.200000000303213454e+01
1.200000000337180950e+01
1.200000000338104833e+01
1.200000000296361691e+01
1.200000000341261241e+01
1.200000000319102433e+01
1.200000000301164604e+01
1.200000000328017791e+01
1.200000000263369415e+01
1.200000000273339751e+01
1.200000000336587469e+01
1.200000000281628942e+01
1.200000000295712965e+01
1.200000000303680814e+01
1.200000000312967252e+01
1.200000000246864396e+01
1.200000000316355298e+01
1.200000000315324122e+01
1.200000000284489410e+01
1.200000000299175085e+01
1.200000000314299520e+01
1.200000000335950290e+01
1.200000000271114153e+01
1.200000000318764748e+01
1.200000000132276412e+01
1.200000000295648661e+01
1.200000000189119653e+01
1.200000000309849746e+01
1.200000000331141514e+01
1.200000000202301464e+01
1.200000000336002159e+01
1.200000000322664739e+01
1.200000000207553441e+01
1.200000000063340089e+01
1.200000000340371287e+01
1.200000000246779130e+01
1.200000000340136097e+01
1.200000000280616774e+01
1.200000000317437454e+01
1.200000000125056765e+01
1.200000000321023563e+01
1.200000000317373328e+01
1.200000000109053566e+01
1.200000000323693428e+01
1.200000000333462680e+01
1.200000000332564376e+01
1.200000000337501582e+01
1.200000000238554954e+01
1.200000000303195513e+01
1.200000000107852394e+01
1.200000000330605410e+01
1.200000000320063442e+01
1.200000000285290014e+01
1.200000000257066546e+01
1.200000000327476535e+01
1.200000000299494829e+01
1.200000000299514191e+01
1.200000000263492872e+01
1.200000000033186431e+01
1.200000000340841311e+01
1.200000000330023653e+01
1.200000000325688276e+01
1.200000000327713146e+01
1.200000000302662784e+01
1.200000000160054547e+01
1.200000000341343664e+01
1.200000000306514636e+01
1.200000000308406811e+01
1.200000000292245517e+01
1.200000000336662076e+01
1.200000000333944250e+01
1.200000000314455839e+01
1.200000000319087334e+01
1.200000000276756040e+01
1.200000000317277049e+01
1.200000000291868929e+01
1.200000000320433458e+01
1.200000000320135207e+01
1.200000000328284600e+01
1.200000000328356897e+01
1.200000000326709149e+01
1.200000000319592885e+01
1.200000000321580984e+01
1.200000000281298185e+01
1.200000000205122141e+01
1.200000000334858896e+01
1.200000000331503180e+01
1.200000000292485858e+01
1.200000000270171618e+01
1.200000000117339205e+01
1.200000000068140160e+01
1.200000000246233967e+01
1.200000000313005621e+01
1.200000000239037767e+01
1.200000000297262481e+01
1.200000000180086346e+01
1.200000000201763761e+01
1.200000000308962278e+01
1.200000000307173487e+01
1.200000000237026221e+01
1.200000000324003047e+01
1.200000000330414096e+01
1.200000000189471905e+01
1.200000000309334069e+01
1.200000000302562242e+01
1.200000000322357252e+01
1.200000000126797239e+01
1.200000000341583117e+01
1.200000000218879137e+01
1.200000000282463652e+01
1.200000000320205196e+01
1.200000000317120019e+01
1.200000000297183078e+01
1.200000000320908100e+01
1.200000000307512593e+01
1.200000000337532491e+01
1.200000000327672289e+01
1.200000000321931815e+01
1.200000000324713767e+01
1.200000000282550694e+01
1.200000000292717317e+01
1.200000000306862979e+01
1.200000000337582229e+01
1.200000000340896911e+01
1.200000000317488613e+01
1.200000000278343570e+01
1.200000000296748404e+01
1.200000000317397664e+01
1.200000000313754356e+01
1.200000000286552293e+01
1.200000000288681079e+01
1.200000000323269234e+01
1.200000000332271277e+01
1.200000000270112821e+01
1.200000000326187433e+01
1.200000000230364527e+01
1.200000000327387006e+01
1.200000000253645460e+01
1.200000000292620328e+01
1.200000000318894777e+01
1.200000000324803295e+01
1.200000000317105275e+01
1.200000000313812443e+01
1.200000000319776738e+01
1.200000000328353345e+01
1.200000000329282379e+01
1.200000000249703014e+01
1.200000000336344108e+01
1.200000000278019918e+01
1.200000000100112452e+01
1.200000000339676376e+01
1.200000000266670064e+01
1.200000000341197826e+01
1.200000000294443048e+01
1.200000000260799382e+01
1.200000000311031201e+01
1.200000000312958548e+01
1.200000000270748046e+01
1.200000000291041680e+01
1.200000000311238324e+01
1.200000000267964673e+01
1.200000000331360539e+01
1.200000000316567395e+01
1.200000000338590489e+01
1.200000000220947527e+01
1.200000000322037153e+01
1.200000000298036618e+01
1.200000000319389493e+01
1.200000000322895133e+01
1.200000000317519167e+01
1.200000000295367109e+01
1.200000000337953665e+01
1.200000000294644131e+01
1.200000000230513386e+01
1.200000000205249329e+01
1.200000000339446515e+01
1.200000000318880922e+01
1.200000000320109450e+01
1.200000000336366313e+01
1.200000000332069661e+01
1.200000000241353248e+01
1.200000000314922666e+01
1.200000000330989458e+01
1.200000000315979776e+01
1.200000000322724780e+01
1.200000000316763504e+01
1.200000000230586039e+01
1.200000000295545455e+01
1.200000000256444466e+01
1.200000000304279979e+01
1.200000000285403701e+01
1.200000000308301118e+01
1.200000000320678062e+01
1.200000000321624860e+01
1.200000000180213711e+01
1.200000000326894600e+01
1.200000000338314265e+01
1.200000000281813151e+01
1.200000000294343394e+01
1.200000000326947003e+01
1.200000000135649714e+01
1.200000000319326077e+01
1.200000000151092472e+01
1.200000000286367019e+01
1.200000000306382475e+01
1.200000000230364527e+01
1.200000000199406536e+01
1.200000000133655753e+01
1.200000000338149242e+01
1.200000000278129519e+01
1.200000000098609476e+01
1.200000000294212477e+01
1.200000000328675576e+01
1.200000000279221446e+01
1.200000000257763055e+01
1.200000000334680905e+01
1.200000000253636045e+01
1.200000000262886068e+01
1.200000000312337001e+01
1.200000000325227845e+01
1.200000000299875325e+01
1.200000000334262040e+01
1.200000000260313726e+01
1.200000000300141423e+01
