1.200000000019580781e+01
1.200000000020480684e+01
1.200000000019614887e+01
1.200000000020825830e+01
1.200000000021440805e+01
1.200000000019808866e+01
1.200000000020132696e+01
1.200000000021319657e+01
1.200000000020400392e+01
1.200000000018882318e+01
1.200000000021234925e+01
1.200000000019582913e+01
1.200000000019728219e+01
1.200000000020825830e+01
1.200000000021442581e+01
1.200000000018652457e+01
1.200000000018876634e+01
1.200000000021483260e+01
1.200000000018827429e+01
1.200000000019333157e+01
1.200000000021234925e+01
1.200000000019580781e+01
1.200000000020480684e+01
1.200000000018354207e+01
1.200000000018652457e+01
1.200000000019443114e+01
1.200000000018827429e+01
1.200000000020710544e+01
1.200000000020119018e+01
1.200000000019333157e+01
1.200000000021234925e+01
1.200000000019580781e+01
1.200000000020480684e+01
1.200000000020985347e+01
1.200000000020825830e+01
1.200000000021316460e+01
1.200000000021442581e+01
1.200000000019741897e+01
1.200000000018827429e+01
1.200000000021117508e+01
1.200000000021234925e+01
1.200000000018275159e+01
1.200000000019580781e+01
1.200000000020717117e+01
1.200000000020825830e+01
1.200000000018876634e+01
1.200000000019443114e+01
1.200000000018827429e+01
1.200000000020119018e+01
1.200000000019333157e+01
1.200000000019580781e+01
1.200000000019728219e+01
1.200000000020825830e+01
1.200000000019741897e+01
1.200000000018876634e+01
1.200000000018827429e+01
1.200000000021117508e+01
1.200000000020899016e+01
1.200000000020119018e+01
1.200000000019808866e+01
1.200000000021234925e+01
1.200000000019728930e+01
1.200000000020825830e+01
1.200000000021442581e+01
1.200000000019741897e+01
1.200000000018876634e+01
1.200000000018728485e+01
1.200000000018827429e+01
1.200000000020119018e+01
1.200000000017599788e+01
1.200000000020556357e+01
1.200000000019614887e+01
1.200000000020825830e+01
1.200000000020942537e+01
1.200000000018827429e+01
1.200000000020916602e+01
1.200000000021289459e+01
1.200000000019808866e+01
1.200000000020132696e+01
1.200000000021319657e+01
1.200000000021234925e+01
1.200000000019580781e+01
1.200000000020825830e+01
1.200000000021442581e+01
1.200000000019741897e+01
1.200000000019443114e+01
1.200000000018827429e+01
1.200000000020132696e+01
1.200000000020636293e+01
1.200000000017898572e+01
1.200000000019580781e+01
1.200000000021442581e+01
1.200000000018652457e+01
1.200000000019741897e+01
1.200000000020119018e+01
1.200000000021319657e+01
1.200000000017898572e+01
1.200000000019497115e+01
1.200000000019314506e+01
1.200000000019562485e+01
1.200000000019580781e+01
1.200000000019728930e+01
1.200000000018128254e+01
1.200000000020480684e+01
1.200000000018354207e+01
1.200000000019614887e+01
1.200000000018876634e+01
1.200000000021483260e+01
1.200000000021604052e+01
1.200000000019333157e+01
1.200000000019580781e+01
1.200000000020480684e+01
1.200000000021424640e+01
1.200000000019614887e+01
1.200000000019741897e+01
1.200000000018876634e+01
1.200000000020101609e+01
1.200000000020663471e+01
1.200000000019134916e+01
1.200000000017898572e+01
1.200000000021234925e+01
1.200000000019580781e+01
1.200000000019614887e+01
1.200000000020825830e+01
1.200000000019602098e+01
1.200000000021442581e+01
1.200000000017868018e+01
1.200000000019741897e+01
1.200000000018876634e+01
1.200000000020119018e+01
1.200000000021424640e+01
1.200000000019614887e+01
1.200000000021442581e+01
1.200000000018652457e+01
1.200000000019443114e+01
1.200000000018827429e+01
1.200000000021117508e+01
1.200000000020349766e+01
1.200000000019333157e+01
1.200000000017898572e+01
1.200000000019984192e+01
1.200000000021424640e+01
1.200000000019614887e+01
1.200000000020825830e+01
1.200000000018652457e+01
1.200000000019741897e+01
1.200000000019763569e+01
1.200000000018827429e+01
1.200000000021117508e+01
1.200000000020119018e+01
1.200000000020480684e+01
1.200000000021424640e+01
1.200000000020825830e+01
1.200000000021442581e+01
1.200000000020942537e+01
1.200000000019443114e+01
1.200000000018308199e+01
1.200000000020577851e+01
1.200000000019333157e+01
1.200000000019808866e+01
1.200000000021234925e+01
1.200000000019580781e+01
1.200000000020480684e+01
1.200000000020278890e+01
1.200000000019502799e+01
1.200000000018652457e+01
1.200000000018876634e+01
1.200000000018827429e+01
1.200000000020119018e+01
1.200000000017599788e+01
1.200000000021234925e+01
1.200000000019580781e+01
1.200000000021442581e+01
1.200000000018652457e+01
1.200000000019741897e+01
1.200000000019443114e+01
1.200000000019855051e+01
1.200000000018827429e+01
1.200000000020577851e+01
1.200000000020330582e+01
1.200000000020480684e+01
1.200000000020046897e+01
1.200000000020825830e+01
1.200000000021316460e+01
1.200000000021442581e+01
1.200000000018876634e+01
1.200000000019443114e+01
1.200000000018827429e+01
1.200000000020119018e+01
1.200000000019808866e+01
1.200000000019580781e+01
1.200000000020480684e+01
1.200000000020825830e+01
1.200000000019443114e+01
1.200000000019333157e+01
1.200000000020132696e+01
1.200000000021319657e+01
1.200000000021000268e+01
1.200000000018882318e+01
1.200000000017898572e+01
1.200000000021234925e+01
1.200000000018275159e+01
1.200000000020480684e+01
1.200000000019614887e+01
1.200000000021442581e+01
1.200000000019741897e+01
1.200000000019443114e+01
1.200000000018827429e+01
1.200000000020973445e+01
1.200000000018822632e+01
1.200000000021234925e+01
1.200000000019580781e+01
1.200000000020112090e+01
1.200000000019728930e+01
1.200000000020480684e+01
1.200000000020825830e+01
1.200000000021442581e+01
1.200000000019443114e+01
1.200000000021483260e+01
1.200000000019181456e+01
1.200000000020480684e+01
1.200000000019728219e+01
1.200000000019741897e+01
1.200000000018876634e+01
1.200000000021483260e+01
1.200000000021117508e+01
1.200000000019333157e+01
1.200000000019808866e+01
1.200000000021319657e+01
1.200000000018882318e+01
1.200000000021421798e+01
1.200000000020480684e+01
1.200000000019614887e+01
1.200000000020825830e+01
1.200000000019741897e+01
1.200000000018876634e+01
1.200000000018827429e+01
1.200000000020916602e+01
1.200000000019333157e+01
1.200000000020298607e+01
1.200000000021424640e+01
1.200000000020825830e+01
1.200000000021442581e+01
1.200000000017868018e+01
1.200000000018876634e+01
1.200000000020973445e+01
1.200000000019333157e+01
1.200000000018882318e+01
1.200000000017898572e+01
1.200000000020023982e+01
1.200000000019580781e+01
1.200000000020825830e+01
1.200000000018580337e+01
1.200000000018876634e+01
1.200000000019333157e+01
1.200000000020132696e+01
1.200000000017898572e+01
1.200000000019837998e+01
1.200000000019518431e+01
1.200000000017683988e+01
1.200000000020480684e+01
1.200000000021424640e+01
1.200000000020825830e+01
1.200000000018652457e+01
1.200000000019443114e+01
1.200000000020016167e+01
1.200000000019422863e+01
1.200000000021519497e+01
1.200000000020973445e+01
1.200000000019808866e+01
1.200000000021234925e+01
1.200000000019580781e+01
1.200000000020480684e+01
1.200000000020825830e+01
1.200000000021442581e+01
1.200000000018652457e+01
1.200000000018728485e+01
1.200000000018827429e+01
1.200000000020119018e+01
1.200000000019012880e+01
1.200000000019614887e+01
1.200000000018876634e+01
1.200000000019443114e+01
1.200000000021483260e+01
1.200000000018827429e+01
1.200000000017599788e+01
1.200000000017917223e+01
1.200000000018882318e+01
1.200000000017898572e+01
1.200000000021142732e+01
1.200000000021424640e+01
1.200000000019614887e+01
1.200000000020825830e+01
1.200000000021442581e+01
1.200000000018652457e+01
1.200000000020458124e+01
1.200000000019443114e+01
1.200000000021483260e+01
1.200000000020101609e+01
1.200000000018415669e+01
1.200000000018275159e+01
1.200000000019580781e+01
1.200000000020480684e+01
1.200000000021313618e+01
1.200000000019614887e+01
1.200000000019443114e+01
1.200000000018827429e+01
1.200000000021117508e+01
1.200000000021519497e+01
1.200000000020973445e+01
1.200000000021234925e+01
1.200000000020480684e+01
1.200000000020825830e+01
1.200000000018652457e+01
1.200000000020005508e+01
1.200000000018400748e+01
1.200000000018827429e+01
1.200000000020119018e+01
1.200000000019333157e+01
1.200000000019808866e+01
1.200000000019580781e+01
1.200000000021313618e+01
1.200000000019614887e+01
1.200000000019741897e+01
1.200000000018876634e+01
1.200000000020119018e+01
1.200000000019808866e+01
1.200000000020132696e+01
1.200000000021319657e+01
1.200000000020400392e+01
1.200000000021234925e+01
1.200000000019580781e+01
1.200000000019614887e+01
1.200000000020942537e+01
1.200000000019741897e+01
1.200000000019422863e+01
1.200000000020119018e+01
1.200000000020132696e+01
1.200000000018882318e+01
1.200000000017898572e+01
1.200000000021234925e+01
1.200000000019580781e+01
1.200000000019582913e+01
1.200000000019741897e+01
1.200000000019443114e+01
1.200000000019660717e+01
1.200000000020119018e+01
1.200000000019333157e+01
1.200000000019808866e+01
1.200000000021319657e+01
1.200000000019984192e+01
1.200000000019580781e+01
1.200000000019614887e+01
1.200000000021117508e+01
1.200000000019808866e+01
1.200000000020132696e+01
1.200000000018882318e+01
1.200000000017898572e+01
1.200000000021294433e+01
1.200000000019837998e+01
1.200000000018275159e+01
1.200000000020112090e+01
1.200000000021141844e+01
1.200000000020480684e+01
1.200000000018652457e+01
1.200000000019741897e+01
1.200000000018876634e+01
1.200000000018827429e+01
1.200000000020916602e+01
1.200000000019808866e+01
1.200000000021151436e+01
1.200000000019614887e+01
1.200000000020942537e+01
1.200000000019181456e+01
1.200000000019333157e+01
1.200000000018608937e+01
1.200000000021319657e+01
1.200000000019497115e+01
1.200000000020023982e+01
1.200000000019145219e+01
1.200000000021234925e+01
1.200000000019580781e+01
1.200000000019590374e+01
1.200000000020480684e+01
1.200000000019614887e+01
1.200000000020730084e+01
1.200000000019741897e+01
1.200000000018876634e+01
1.200000000020586377e+01
1.200000000019739765e+01
1.200000000021234925e+01
1.200000000019741897e+01
1.200000000018876634e+01
1.200000000018827429e+01
1.200000000021117508e+01
1.200000000020916602e+01
1.200000000019333157e+01
1.200000000021319657e+01
1.200000000018882318e+01
1.200000000019855761e+01
1.200000000021421798e+01
1.200000000019580781e+01
1.200000000020046897e+01
1.200000000019614887e+01
1.200000000020825830e+01
1.200000000018652457e+01
1.200000000019741897e+01
1.200000000020532909e+01
1.200000000018876634e+01
1.200000000021483260e+01
1.200000000021026381e+01
1.200000000020825830e+01
1.200000000020942537e+01
1.200000000018652457e+01
1.200000000018876634e+01
1.200000000020119018e+01
1.200000000019333157e+01
1.200000000020132696e+01
1.200000000020400392e+01
1.200000000018882318e+01
1.200000000019580781e+01
1.200000000019741897e+01
1.200000000018876634e+01
1.200000000019443114e+01
1.200000000020119018e+01
1.200000000019333157e+01
1.200000000018882318e+01
1.200000000020212099e+01
1.200000000019497115e+01
1.200000000021011282e+01
1.200000000021421798e+01
1.200000000019614887e+01
1.200000000019741897e+01
1.200000000018876634e+01
1.200000000017599788e+01
1.200000000020132696e+01
1.200000000019012880e+01
1.200000000017898572e+01
1.200000000020212099e+01
1.200000000020023982e+01
1.200000000021234925e+01
1.200000000020480684e+01
1.200000000019614887e+01
1.200000000021442581e+01
1.200000000019741897e+01
1.200000000018876634e+01
1.200000000019443114e+01
1.200000000018827429e+01
1.200000000020119018e+01
1.200000000019333157e+01
1.200000000018275159e+01
1.200000000019580781e+01
1.200000000020112090e+01
1.200000000021556801e+01
1.200000000019614887e+01
1.200000000021442581e+01
1.200000000018652457e+01
1.200000000019741897e+01
1.200000000018876634e+01
1.200000000018827429e+01
1.200000000020480684e+01
1.200000000019741897e+01
1.200000000019443114e+01
1.200000000021117508e+01
1.200000000020119018e+01
1.200000000020916602e+01
1.200000000019333157e+01
1.200000000020101609e+01
1.200000000019808866e+01
1.200000000018882318e+01
1.200000000021421798e+01
1.200000000021234925e+01
1.200000000020747848e+01
1.200000000019614887e+01
1.200000000020713564e+01
1.200000000021442581e+01
1.200000000020942537e+01
1.200000000018728485e+01
1.200000000020119018e+01
1.200000000019333157e+01
1.200000000021234925e+01
1.200000000020480684e+01
1.200000000020556357e+01
1.200000000019614887e+01
1.200000000020825830e+01
1.200000000019551472e+01
1.200000000018827429e+01
1.200000000020119018e+01
1.200000000021604052e+01
1.200000000019333157e+01
1.200000000020480684e+01
1.200000000020825830e+01
1.200000000018652457e+01
1.200000000019741897e+01
1.200000000018876634e+01
1.200000000018827429e+01
1.200000000021295499e+01
1.200000000020132696e+01
1.200000000021319657e+01
1.200000000020663471e+01
1.200000000021234925e+01
1.200000000020825830e+01
1.200000000021442581e+01
1.200000000019443114e+01
1.200000000020710544e+01
1.200000000020119018e+01
1.200000000019808866e+01
1.200000000020132696e+01
1.200000000021319657e+01
1.200000000019241320e+01
1.200000000021421798e+01
1.200000000020825830e+01
1.200000000020942537e+01
1.200000000018652457e+01
1.200000000018876634e+01
1.200000000019333157e+01
1.200000000020663471e+01
1.200000000018882318e+01
1.200000000020023982e+01
1.200000000021094237e+01
1.200000000021234925e+01
1.200000000018876634e+01
1.200000000018827429e+01
1.200000000020710544e+01
1.200000000019739765e+01
1.200000000020349766e+01
1.200000000021319657e+01
1.200000000017898572e+01
1.200000000019497115e+01
1.200000000019314506e+01
1.200000000020480684e+01
1.200000000020046897e+01
1.200000000021442581e+01
1.200000000019741897e+01
1.200000000018876634e+01
1.200000000021483260e+01
1.200000000020586377e+01
1.200000000019333157e+01
1.200000000019808866e+01
1.200000000020132696e+01
1.200000000021234925e+01
1.200000000019580781e+01
1.200000000020480684e+01
1.200000000020825830e+01
1.200000000021442581e+01
1.200000000018652457e+01
1.200000000019741897e+01
1.200000000018827429e+01
1.200000000020119018e+01
1.200000000020916602e+01
1.200000000021234925e+01
1.200000000020480684e+01
1.200000000020034996e+01
1.200000000019741897e+01
1.200000000018876634e+01
1.200000000019023716e+01
1.200000000021363356e+01
1.200000000020298607e+01
1.200000000020132696e+01
1.200000000019012880e+01
1.200000000019580781e+01
1.200000000020825830e+01
1.200000000021442581e+01
1.200000000019741897e+01
1.200000000020016167e+01
1.200000000021295499e+01
1.200000000020132696e+01
1.200000000020851409e+01
1.200000000019497115e+01
1.200000000020023982e+01
1.200000000018275159e+01
1.200000000019580781e+01
1.200000000021396929e+01
1.200000000020825830e+01
1.200000000018652457e+01
1.200000000019741897e+01
1.200000000018827429e+01
1.200000000019333157e+01
1.200000000020132696e+01
1.200000000020663471e+01
1.200000000019580781e+01
1.200000000018354207e+01
1.200000000020825830e+01
1.200000000019741897e+01
1.200000000019443114e+01
1.200000000021483260e+01
1.200000000018827429e+01
1.200000000020916602e+01
1.200000000020577851e+01
1.200000000020132696e+01
1.200000000019580781e+01
1.200000000020480684e+01
1.200000000019614887e+01
1.200000000020825830e+01
1.200000000019651303e+01
1.200000000019741897e+01
1.200000000019443114e+01
1.200000000019233504e+01
1.200000000020119018e+01
1.200000000019333157e+01
1.200000000021421798e+01
1.200000000021234925e+01
1.200000000020480684e+01
1.200000000019614887e+01
1.200000000020825830e+01
1.200000000018652457e+01
1.200000000019741897e+01
1.200000000019443114e+01
1.200000000019181456e+01
1.200000000019333157e+01
1.200000000019580781e+01
1.200000000019728930e+01
1.200000000020480684e+01
1.200000000020825830e+01
1.200000000021442581e+01
1.200000000017868018e+01
1.200000000018652457e+01
1.200000000018876634e+01
1.200000000019443114e+01
1.200000000018827429e+01
1.200000000021234925e+01
1.200000000019580781e+01
1.200000000020480684e+01
1.200000000019728219e+01
1.200000000021424640e+01
1.200000000021442581e+01
1.200000000019443114e+01
1.200000000020119018e+01
1.200000000019333157e+01
1.200000000020298607e+01
1.200000000019614887e+01
1.200000000020825830e+01
1.200000000021442581e+01
1.200000000018876634e+01
1.200000000019443114e+01
1.200000000019023716e+01
1.200000000021117508e+01
1.200000000020119018e+01
1.200000000019333157e+01
1.200000000020132696e+01
1.200000000021234925e+01
1.200000000019580781e+01
1.200000000020480684e+01
1.200000000020825830e+01
1.200000000019651303e+01
1.200000000019443114e+01
1.200000000018827429e+01
1.200000000020119018e+01
1.200000000021440805e+01
1.200000000018882318e+01
1.200000000020046897e+01
1.200000000021424640e+01
1.200000000019614887e+01
1.200000000018652457e+01
1.200000000019443114e+01
1.200000000018728485e+01
1.200000000019817925e+01
1.200000000020119018e+01
1.200000000018397017e+01
1.200000000019808866e+01
1.200000000021234925e+01
1.200000000019580781e+01
1.200000000019076118e+01
1.200000000020480684e+01
1.200000000020825830e+01
1.200000000021316460e+01
1.200000000020583713e+01
1.200000000019763569e+01
1.200000000021117508e+01
1.200000000020119018e+01
1.200000000021234925e+01
1.200000000019580781e+01
1.200000000020480684e+01
1.200000000020825830e+01
1.200000000019741897e+01
1.200000000018876634e+01
1.200000000019443114e+01
1.200000000020420998e+01
1.200000000021519497e+01
1.200000000018308199e+01
1.200000000021234925e+01
1.200000000021492852e+01
1.200000000019614887e+01
1.200000000021442581e+01
1.200000000019741897e+01
1.200000000018827429e+01
1.200000000020119018e+01
1.200000000019333157e+01
1.200000000020132696e+01
1.200000000021319657e+01
1.200000000019580781e+01
1.200000000020480684e+01
1.200000000021442581e+01
1.200000000018652457e+01
1.200000000019741897e+01
1.200000000018876634e+01
1.200000000019443114e+01
1.200000000021483260e+01
1.200000000019808866e+01
1.200000000020132696e+01
1.200000000021234925e+01
1.200000000020480684e+01
1.200000000021424640e+01
1.200000000019614887e+01
1.200000000020825830e+01
1.200000000018652457e+01
1.200000000019443114e+01
1.200000000020119018e+01
1.200000000019333157e+01
1.200000000021289459e+01
1.200000000019580781e+01
1.200000000019494628e+01
1.200000000019741897e+01
1.200000000019443114e+01
1.200000000021483260e+01
1.200000000019233504e+01
1.200000000018827429e+01
1.200000000019665158e+01
1.200000000019497115e+01
1.200000000020023982e+01
1.200000000018275159e+01
1.200000000020480684e+01
1.200000000018652457e+01
1.200000000018876634e+01
1.200000000019443114e+01
1.200000000021483260e+01
1.200000000021117508e+01
1.200000000020119018e+01
1.200000000019333157e+01
1.200000000021319657e+01
1.200000000021234925e+01
1.200000000019614887e+01
1.200000000020134294e+01
1.200000000021080915e+01
1.200000000018876634e+01
1.200000000019739765e+01
1.200000000020973445e+01
1.200000000019333157e+01
1.200000000020132696e+01
1.200000000018882318e+01
1.200000000020480684e+01
1.200000000020825830e+01
1.200000000021442581e+01
1.200000000019741897e+01
1.200000000019763569e+01
1.200000000019739765e+01
1.200000000021419133e+01
1.200000000020916602e+01
1.200000000018608937e+01
1.200000000019808866e+01
1.200000000019580781e+01
1.200000000020480684e+01
1.200000000019614887e+01
1.200000000020825830e+01
1.200000000019651303e+01
1.200000000019741897e+01
1.200000000018827429e+01
1.200000000020119018e+01
1.200000000020400392e+01
1.200000000020125945e+01
1.200000000021421798e+01
1.200000000019614887e+01
1.200000000020825830e+01
1.200000000018652457e+01
1.200000000018876634e+01
1.200000000019443114e+01
1.200000000020119018e+01
1.200000000020577851e+01
1.200000000021319657e+01
1.200000000019497115e+01
1.200000000018354207e+01
1.200000000019614887e+01
1.200000000018652457e+01
1.200000000019741897e+01
1.200000000019443114e+01
1.200000000018827429e+01
1.200000000020119018e+01
1.200000000017599788e+01
1.200000000018020430e+01
1.200000000019808866e+01
1.200000000021234925e+01
1.200000000020627766e+01
1.200000000019580781e+01
1.200000000020480684e+01
1.200000000020713564e+01
1.200000000019327828e+01
1.200000000020119018e+01
1.200000000021295499e+01
1.200000000019808866e+01
1.200000000018882318e+01
1.200000000019580781e+01
1.200000000020480684e+01
1.200000000020046897e+01
1.200000000021424640e+01
1.200000000019614887e+01
1.200000000018652457e+01
1.200000000019741897e+01
1.200000000018876634e+01
1.200000000020119018e+01
1.200000000019333157e+01
1.200000000021234925e+01
1.200000000020480684e+01
1.200000000020825830e+01
1.200000000019741897e+01
1.200000000018728485e+01
1.200000000020330582e+01
1.200000000017917223e+01
1.200000000020132696e+01
1.200000000020663471e+01
1.200000000020023982e+01
1.200000000021234925e+01
1.200000000020825830e+01
1.200000000021442581e+01
1.200000000020942537e+01
1.200000000018652457e+01
1.200000000019443114e+01
1.200000000021483260e+01
1.200000000019327828e+01
1.200000000017898572e+01
1.200000000019497115e+01
1.200000000021234925e+01
1.200000000020825830e+01
1.200000000019741897e+01
1.200000000019262991e+01
1.200000000019422863e+01
1.200000000021117508e+01
1.200000000020119018e+01
1.200000000019333157e+01
1.200000000019808866e+01
1.200000000020132696e+01
1.200000000020480684e+01
1.200000000019614887e+01
1.200000000021442581e+01
1.200000000020942537e+01
1.200000000018652457e+01
1.200000000019443114e+01
1.200000000020119018e+01
1.200000000020916602e+01
1.200000000018882318e+01
1.200000000019855761e+01
1.200000000019728930e+01
1.200000000020480684e+01
1.200000000019575275e+01
1.200000000019651303e+01
1.200000000018652457e+01
1.200000000019741897e+01
1.200000000019443114e+01
1.200000000017599255e+01
1.200000000019181456e+01
1.200000000020119018e+01
1.200000000021234925e+01
1.200000000019580781e+01
1.200000000019614887e+01
1.200000000020825830e+01
1.200000000018876634e+01
1.200000000019443114e+01
1.200000000018827429e+01
1.200000000018157387e+01
1.200000000020330582e+01
1.200000000019808866e+01
1.200000000021234925e+01
1.200000000019580781e+01
1.200000000020480684e+01
1.200000000019443114e+01
1.200000000018827429e+01
1.200000000019333157e+01
1.200000000020132696e+01
1.200000000017898572e+01
1.200000000017683988e+01
1.200000000017682567e+01
1.200000000020480684e+01
1.200000000021442581e+01
1.200000000020942537e+01
1.200000000019741897e+01
1.200000000020119018e+01
1.200000000019333157e+01
1.200000000019808866e+01
1.200000000020132696e+01
1.200000000018882318e+01
1.200000000017898572e+01
1.200000000021234925e+01
1.200000000021051250e+01
1.200000000020480684e+01
1.200000000018652457e+01
1.200000000019741897e+01
1.200000000018876634e+01
1.200000000019443114e+01
1.200000000019333157e+01
1.200000000019808866e+01
1.200000000019880808e+01
1.200000000020713564e+01
1.200000000019651303e+01
1.200000000018876634e+01
1.200000000020119018e+01
1.200000000020132696e+01
1.200000000021319657e+01
1.200000000019855761e+01
1.200000000018682123e+01
1.200000000019314506e+01
1.200000000021011282e+01
1.200000000021234925e+01
1.200000000020627766e+01
1.200000000019614887e+01
1.200000000018652457e+01
1.200000000019333157e+01
1.200000000018882318e+01
1.200000000017898572e+01
1.200000000021011282e+01
1.200000000018431301e+01
1.200000000019409541e+01
1.200000000019728219e+01
1.200000000021442581e+01
1.200000000018652457e+01
1.200000000018876634e+01
1.200000000019443114e+01
1.200000000020119018e+01
1.200000000019333157e+01
1.200000000020101609e+01
1.200000000021319657e+01
1.200000000017898572e+01
1.200000000020717117e+01
1.200000000019614887e+01
1.200000000020825830e+01
1.200000000021442581e+01
1.200000000018876634e+01
1.200000000020119018e+01
1.200000000020101609e+01
1.200000000019808866e+01
1.200000000021319657e+01
1.200000000019497115e+01
1.200000000019580781e+01
1.200000000019614887e+01
1.200000000018652457e+01
1.200000000019741897e+01
1.200000000021247004e+01
1.200000000018876634e+01
1.200000000019443114e+01
1.200000000018728485e+01
1.200000000021117508e+01
1.200000000017917223e+01
1.200000000020473934e+01
1.200000000020480684e+01
1.200000000018354207e+01
1.200000000019614887e+01
1.200000000020825830e+01
1.200000000021442581e+01
1.200000000019741897e+01
1.200000000018876634e+01
1.200000000018827429e+01
1.200000000020119018e+01
1.200000000019582913e+01
1.200000000021442581e+01
1.200000000018652457e+01
1.200000000018876634e+01
1.200000000020916602e+01
1.200000000019333157e+01
1.200000000019808866e+01
1.200000000019012880e+01
1.200000000021319657e+01
1.200000000018882318e+01
1.200000000019580781e+01
1.200000000019614887e+01
1.200000000020825830e+01
1.200000000021442581e+01
1.200000000020942537e+01
1.200000000018652457e+01
1.200000000019741897e+01
1.200000000019443114e+01
1.200000000020119018e+01
1.200000000019333157e+01
1.200000000021234925e+01
1.200000000019580781e+01
1.200000000018427748e+01
1.200000000018128254e+01
1.200000000020480684e+01
1.200000000019614887e+01
1.200000000021442581e+01
1.200000000020942537e+01
1.200000000018652457e+01
1.200000000019741897e+01
1.200000000021234925e+01
1.200000000021051250e+01
1.200000000019582913e+01
1.200000000020480684e+01
1.200000000019614887e+01
1.200000000019741897e+01
1.200000000019262991e+01
1.200000000018827429e+01
1.200000000020119018e+01
1.200000000019808866e+01
1.200000000020046897e+01
1.200000000019614887e+01
1.200000000021363356e+01
1.200000000020119018e+01
1.200000000021319657e+01
1.200000000017898572e+01
1.200000000019497115e+01
1.200000000020023982e+01
1.200000000019591617e+01
1.200000000021011282e+01
