3.178429637246958737e-03
1.058191127866541783e-03
1.584222888575998953e-03
2.899678425411773126e-04
2.686703996211517497e-04
1.672141824053523262e-04
3.289141129472853971e-04
4.115981531788184236e-04
1.267172234831336021e-03
8.626133069259425907e-04
7.730848634349373177e-04
4.561035788322144935e-04
2.378952861600752266e-03
8.466155077033881175e-04
5.170203499589446153e-04
9.287096351123678636e-04
3.439588401073020323e-04
3.769459050103530118e-04
7.670887899314672142e-04
7.249337857872814681e-04
3.819404940479906069e-04
2.956057227254549487e-04
6.007706082873942328e-04
1.212024484239415840e-03
8.955225165807836245e-04
3.889038013314916270e-04
1.116278183679009781e-03
1.611657216956646939e-03
3.261459779716597792e-04
2.165826106383262912e-03
1.262925411750911824e-03
1.137034432115945331e-03
9.407757851790135269e-04
8.745976748653054187e-04
1.180768231862209345e-03
1.769436938139545964e-03
7.339415069829952976e-04
1.066824487953934491e-03
3.806304595728514199e-04
7.638947961200358771e-04
8.354445421190471012e-04
2.326214913529007979e-04
2.039931547404683684e-03
1.338748030809372913e-03
2.439886667288776424e-04
5.772804538263865207e-04
4.826669806046598944e-04
2.182156733652711698e-03
5.039559776900192712e-04
4.553634397625978890e-04
4.376461898419829852e-04
5.124226024977628427e-04
2.692388582719635226e-04
1.125999566009838965e-03
7.597600488529065868e-04
1.785890229320970463e-03
1.760757631068123052e-03
3.988389919122363675e-04
3.998080322291740056e-04
7.115847751943120848e-04
3.502905745837467909e-03
7.511197473257692639e-04
4.235412248446459292e-04
8.015820264893997685e-04
5.628195562386044317e-04
2.849858650332019933e-04
5.347304119472426733e-04
6.458533741506956123e-04
2.816029208931068251e-04
1.439815442757205353e-03
1.003053552178432379e-03
7.358368829285525563e-04
4.590946227942890195e-04
9.523090160512375207e-04
7.791668091508220564e-04
1.996021615204242750e-03
1.041418407108201652e-03
1.339843468112532094e-03
9.251832595617462233e-04
8.079895657045472850e-04
4.575454046481666022e-04
3.113579198625260011e-04
2.231381016067918318e-04
2.419834409290654367e-03
3.244805830406164750e-04
3.033847319954867611e-04
4.323003614260456586e-04
3.010632791723947426e-04
4.044773713679943906e-04
2.484331919742631444e-04
5.329325362973886182e-04
7.204799749216116459e-04
1.666093090933984736e-03
6.771320295902273981e-04
8.831486552696719058e-04
4.224271623928131311e-03
3.174514816651761756e-04
6.208669536631235969e-04
9.348282631863146083e-04
5.457910908848245205e-04
8.467743609183785245e-04
4.204594752055457380e-04
5.389440127305789290e-04
5.187296496777485562e-04
8.390662720225405260e-04
5.796370835069014063e-04
3.093070495284381931e-04
1.321029905003724128e-03
2.718096686472909907e-04
1.136438782585718889e-04
5.295203525957555566e-04
8.487577414914031140e-04
4.063643489720743587e-03
2.141241782940943306e-04
3.635482542021870739e-04
2.072037951897410548e-04
3.301519677474916165e-04
1.230236393225340530e-03
5.610053695475332534e-04
3.962671318206261980e-04
2.900503357085601561e-04
5.368826560514331500e-04
1.047688852187442753e-03
1.311988244460608917e-03
2.425426704807919496e-04
4.277111948731261520e-04
3.792127731305303270e-04
3.822844810944911096e-04
1.000151553678824048e-03
4.640830199845310199e-04
3.408587301900274560e-04
8.161200925923307609e-04
1.533308817979918328e-03
1.057021109884252090e-03
8.834438426419411730e-04
6.446241028727787634e-04
4.655096429893240207e-04
1.035760811385457239e-03
5.313744758863240929e-04
6.682855551961010233e-04
9.154177786427884506e-04
1.159215720347365856e-03
4.071342298910625890e-04
5.045116333288091233e-04
4.289789700414158437e-04
1.342940486659334725e-03
4.900563220839123822e-04
5.843739352430734257e-04
5.124578763991973710e-04
4.390757306098920097e-04
1.493410845286712724e-02
3.656207968855841985e-04
3.122257541073649671e-03
3.173640947014579852e-04
3.632898278646062786e-04
4.603145733247347173e-04
3.687034609731031239e-04
4.911963916990855520e-04
1.769209993440301913e-03
2.272785573337877377e-04
6.213369410906171121e-04
4.083169543638544220e-04
1.527945711096805308e-03
8.758587621537853706e-04
2.775573396330871696e-03
6.913612806797721048e-04
7.598135133921149779e-04
2.383445316106029576e-04
1.395749974413087275e-03
3.746419002160547422e-04
3.265488161342924899e-04
4.390290358319134598e-04
4.679674902725211626e-04
3.659703186192877133e-04
2.198760825700338522e-03
3.185902830112353752e-04
3.717089253940236704e-04
1.191096687144299355e-03
1.396451803447869159e-03
8.649292435958788865e-04
2.708140621090304994e-03
4.495350152434494451e-04
1.201338307100745587e-03
9.163819425865798269e-04
2.323348522668448543e-04
1.354178972985557077e-03
8.433390566218828795e-04
8.785855457177721645e-04
2.224273727295726871e-04
5.009702910525244170e-04
6.459611644130186991e-04
1.261541557837654245e-03
1.126661060736061084e-03
7.573344705492926964e-04
4.619552441318622998e-04
1.729813771760911438e-03
3.017363004666548517e-04
2.600811485987032808e-04
4.918055660850187026e-04
9.024954858693814150e-04
5.820246073268374714e-04
8.711878022255518765e-04
1.735969573505561259e-04
6.051297366546151690e-04
5.394904405246047502e-04
1.059064109631358214e-03
1.047531274928093295e-03
2.878350078413695464e-04
3.744785223951104880e-04
7.929464628672193731e-04
6.814306675781070652e-04
4.666542701788634344e-04
5.122248239551120729e-04
1.174765371795821701e-03
6.540985022487184018e-04
4.495678020581793670e-04
6.914045664979645957e-04
1.043717504148510613e-04
4.654417610711044989e-04
2.034461458780114154e-03
4.070092971708917954e-04
6.576965419876750494e-04
1.899994396028817606e-04
4.884380686175888260e-04
3.694907494750749254e-04
1.390064643695175821e-03
6.913612806797721048e-04
1.311950291653913138e-03
7.837143940043260438e-04
1.220470110719790516e-03
6.649652755730715240e-04
6.171658150307330389e-04
1.947370166481202656e-03
2.287296146011313577e-03
1.004861122129506717e-03
6.378893220203385537e-04
5.084903761867900574e-04
6.017843673067558219e-04
4.759404852762662741e-04
3.447088302891282972e-04
5.795420226292399011e-04
9.426157085273123961e-04
6.731411033977097039e-04
3.147896756981590112e-03
7.075180612870395416e-04
1.036255976853366024e-03
4.511473197907379397e-04
5.968631522625398103e-04
3.426044325686520555e-04
4.168903956406574442e-04
1.021212720808384843e-03
4.687698957643073581e-04
9.382472056230215570e-04
1.196033941749699266e-03
4.019076213738606899e-04
3.470741965546455025e-04
1.094867378210719923e-03
2.736711493274876744e-04
2.861758928462458337e-04
4.101046480039868434e-04
9.587308223101718638e-04
1.318409391748650650e-03
1.726706213155406681e-04
1.232062702751814337e-03
1.940167075944178538e-04
1.911865559893533018e-03
1.196033941749699266e-03
3.268326543654295627e-04
1.047723152765096116e-03
2.621952625335516535e-04
1.588173858010539802e-03
9.525691542659102742e-04
3.110827565110304833e-04
7.214219167679829020e-04
5.314573367530567999e-04
1.323219074194724411e-03
3.016591745275956291e-04
1.247725393139352329e-03
2.640322684711386182e-03
1.450804087651484794e-03
6.370669857544379719e-04
1.333614045303665660e-02
2.895716600526787696e-04
9.095105868084336432e-04
4.456621600722793144e-04
6.262937187463096366e-04
1.453521154128784867e-04
5.166116971965493444e-04
2.233354598084784175e-04
7.529927983435825024e-04
1.595883070601585322e-03
7.594972721304915717e-04
9.554882529828001786e-04
1.854336440735147753e-04
1.650447487867463207e-03
2.067857106994034928e-03
1.678151874290273763e-03
8.405911319256600608e-03
8.105881999651460027e-04
4.203397031953924200e-04
5.161759363285485600e-04
8.710917119199206374e-04
2.145024259963510503e-03
6.747915921215215168e-04
3.795778289050553002e-04
2.876038323971546670e-04
1.703112252277882727e-03
7.273169278249433812e-04
7.784294291255654556e-04
1.139657390829355724e-03
2.528542235969987199e-04
3.440935902093666910e-04
4.557145840791798456e-04
9.781006086827265938e-04
5.570927532347830571e-04
1.930671477514857423e-03
8.693162050239858218e-04
7.544102546166972555e-04
4.051175540383576495e-04
3.782626654223941384e-04
5.463769846052499808e-04
5.479528369607463562e-04
1.391102773606343445e-03
1.002972358084473293e-03
9.111805354170577362e-04
7.376969492609245643e-04
2.478527736128620200e-03
3.565700582534800118e-04
4.359248572016738692e-04
3.822690352585276195e-04
1.839985309643552046e-03
5.617396331893013484e-04
4.594840934463633418e-03
2.312421019110977825e-03
5.337240054463713960e-04
1.329422777293108593e-03
4.144167364071528383e-04
1.081970925097587534e-03
3.744690532304681516e-04
6.622469592898420215e-04
9.678931147218860142e-04
1.023604688847304942e-03
1.988136551155207134e-03
5.511943083014055316e-04
8.363987114556663228e-04
6.511933672317195320e-04
3.325127502114904546e-04
7.607506947401597485e-04
6.991282070637496425e-04
3.490188362650575339e-03
2.386410708966895549e-04
3.898544206075908822e-04
2.895470959035453297e-04
3.758639374958489530e-04
4.454083815287554222e-04
8.817563007835374327e-04
8.560344891148344466e-04
6.656905730923674304e-04
1.046774167194110001e-03
5.779008140396684704e-04
2.084975419628423352e-03
2.268980337472783094e-04
9.144231102589358076e-04
8.033314093068407097e-04
3.451258599227858648e-04
2.145748987821501953e-04
5.629065474713261475e-04
4.942966851479371629e-04
1.053850267480613452e-02
5.747355290606665250e-04
3.253588461426264351e-04
2.003969168673641870e-03
7.044759121654790889e-04
1.732594149551026355e-03
1.154324968448076265e-03
1.313082692051222890e-03
5.708358335225068806e-04
3.557037278654426337e-04
4.878104215599356479e-04
7.145335765633619926e-04
3.199332155979245623e-03
3.001282189637546633e-03
4.781255405161019090e-04
3.556774429954640861e-04
4.542732801870093284e-04
2.325527094664043453e-04
5.757693389223498843e-04
1.242678659276546865e-03
3.749600670408830189e-04
9.798333874805210258e-04
1.275401648397716386e-03
4.277495906468508735e-04
3.874747079640301298e-04
1.729813771760911438e-03
2.277641211239994200e-03
2.906246389138057197e-04
8.927000271327685402e-04
2.860186037798775741e-04
1.081970925097587534e-03
1.033105337778920160e-03
9.749613488628450708e-04
1.975431779161346702e-03
1.305608175728451307e-03
7.072170874497972970e-04
7.078404370699799796e-04
5.544429474660786178e-04
5.296585591148627150e-04
3.223184698064767480e-04
1.420194060436139440e-03
4.324274733519594478e-04
5.709596032925219567e-04
2.090783158118532294e-03
1.934162367102946957e-04
7.497798520306814740e-04
3.973093196157711734e-04
5.479918522156625735e-04
6.767518468950145787e-04
3.344783016163955743e-04
4.146459168137434656e-04
2.972916206043276226e-04
1.658601396625303563e-03
3.219208718880056490e-04
1.332030595742798732e-03
5.305840273525876030e-04
3.463201563706487475e-04
7.938891936988991390e-04
5.661381165470029441e-04
8.441785611775778301e-04
8.146929469109182725e-04
3.460926308670093953e-04
8.963079901089216579e-04
4.898498618554544002e-04
7.643764946289892306e-04
7.690184515460514198e-04
1.122615916894489788e-03
5.500163464438611888e-04
5.021625485129079533e-04
1.243480136729893182e-03
2.261352594744431115e-03
1.010572546108550254e-03
2.662025386252345801e-04
8.055191376185720118e-04
1.876540335347167136e-04
1.161456884944095814e-03
4.939391018285745321e-04
8.562047253084185267e-04
6.300338200038335017e-04
2.905868505191363063e-04
4.075528591577717180e-04
5.151913199266000987e-04
2.670227370566206578e-04
3.705616015529299644e-04
4.286077758385926548e-04
5.971299810080194555e-04
8.172335386442933398e-04
2.180602546906829520e-03
4.022388142171097166e-04
5.636893823025082573e-04
5.010500263401655718e-04
1.764268344184051962e-03
3.551650546085857252e-04
3.282486250667895661e-04
3.428095873667544812e-04
2.555897132901084785e-04
1.958824273541653806e-03
1.428569906077036293e-03
4.918055660850187026e-04
8.317555115578729877e-04
3.703245144734541167e-03
4.404605745852100264e-04
4.167522479363248425e-04
3.093658552894797326e-04
5.139923323794308441e-04
1.369514245223068909e-03
5.868068891719027116e-04
4.817487208939587816e-04
7.851233344390215994e-04
5.427085122836747180e-04
1.355136936754921953e-03
3.516750230693256075e-04
2.898175399377191487e-04
6.692397738175782321e-04
3.322335310890024490e-04
3.887528154027630181e-04
1.090598185997619781e-03
6.482941687910954640e-04
2.255720848613499633e-04
3.087882738365734566e-03
3.701558536410562753e-04
5.602442211188954357e-04
8.716603686094884316e-04
1.070854484168042671e-03
3.439424403536339497e-04
2.164759332492435535e-03
3.024162218594396326e-04
8.493197180260883116e-04
4.698888763455582522e-04
6.215205250164112854e-04
6.891488068322774172e-04
9.653864423398759260e-04
9.113798524138383298e-04
4.107639831756588035e-04
1.982972824022591048e-04
3.467698618971147410e-04
7.606176839368288282e-04
7.574317309433748705e-04
8.560344891148344466e-04
2.660670047278593112e-04
5.436745305478922529e-04
1.500710983456667817e-04
8.181082236131577293e-04
2.145024259963510503e-03
1.936732454866951650e-03
6.278442384087891447e-04
7.791668091508220564e-04
4.198088240763170895e-04
4.170697304852052575e-04
5.454500312897902613e-04
3.728047230080477198e-03
2.600803056075011552e-04
9.470293279877970262e-04
6.237729691385343741e-04
4.411911325058068484e-04
8.996184718426598111e-04
7.779193798568135015e-04
5.854642187000092240e-04
1.930671477514857423e-03
1.748555675103573466e-03
3.452790179757221330e-04
5.828817212281633920e-04
4.488217079599911047e-04
1.811285655322960328e-03
5.368826560514331500e-04
1.462321983325137612e-03
4.244601567903521708e-04
8.689823424764108600e-04
4.691526466650004345e-04
5.565725407386122765e-04
1.386532804023007026e-03
2.641236666061646957e-04
1.361359629076230263e-03
5.555923071066517843e-04
4.421357730524964414e-04
9.980074337763266811e-04
8.782898196877347678e-04
3.244805830406164750e-04
9.330546350110439664e-04
7.405400320984895915e-04
2.252729472141713936e-03
1.209603211188510974e-03
3.287958701115928015e-04
4.082125592744920888e-04
8.623908885598964395e-04
8.332412115007937397e-04
4.063545419561623946e-04
4.691526466650004345e-04
4.536238785460449991e-04
3.074251044722030833e-04
1.290576711142271465e-03
5.975272588837204912e-04
8.858376353003133072e-03
1.741579943607348552e-03
4.144461367820551469e-04
2.980494541094880689e-04
2.829449495306218072e-04
6.740704287384255422e-04
6.592445698947287580e-04
1.887263759323768494e-03
3.161599737536853168e-04
2.240249255883508973e-03
3.956159383424706589e-04
1.876213112703748029e-04
5.296798820148731612e-04
8.327007659334231511e-04
4.277111948731261520e-04
6.656905730923674304e-04
1.386222289732261725e-03
2.229458142952567669e-04
1.709947181468500239e-03
5.247496014848447056e-04
7.214219167679829020e-04
1.876749998465780688e-04
2.059775494700681966e-04
8.374807160021372843e-04
9.879322666918096546e-04
6.913612806797721048e-04
1.009649847648024738e-03
2.385658437688520329e-04
1.070610721744906296e-03
1.083171039008089037e-03
2.573575364455176146e-04
2.716174766718461742e-03
4.234957141059429134e-04
6.711995552079187384e-04
5.791590464050174044e-04
1.066824487953934491e-03
5.984436087299597118e-04
6.600445408321054842e-04
2.804884813818607123e-04
3.470084148832852742e-04
9.426959112827243154e-04
4.051175540383576495e-04
3.555663806853588639e-04
5.289618309250365604e-04
3.968698769830813675e-04
7.130417508636602893e-04
5.551462796644627716e-04
6.802237364880217010e-04
7.385505008584583673e-04
6.072616138007309438e-04
3.502905745837467909e-03
2.911329175983894059e-04
4.410670388185957010e-04
5.460504507931356402e-04
9.925359126010939882e-04
2.351487922992406658e-04
2.633247756025889372e-04
2.974655847367598926e-04
1.242678659276546865e-03
4.506276572785476633e-04
1.307430232996992627e-03
4.281889604970924796e-04
4.433165019846838236e-04
6.736095091121451633e-03
3.224724699642851785e-04
2.413004754554194035e-04
9.280122648411680709e-04
3.842681963681318256e-04
1.088175283247702022e-03
1.801378514405160467e-04
3.284519455901939856e-04
9.023466803304241004e-04
1.090662956653949906e-03
6.518990223214454196e-04
1.429961240086328415e-03
1.252914016500947247e-04
2.138805417929705191e-04
9.240846918639438867e-04
5.849538630143043694e-04
6.479678336816964293e-04
1.195997057235356938e-03
5.070678810648439555e-04
9.836260829925111155e-04
5.003679670974672550e-04
1.088175283247702022e-03
1.228366007270911570e-03
5.444745338153097504e-04
5.478688225723364917e-04
9.546002584613400054e-04
4.352976114792203024e-04
9.220031693794490668e-04
6.934747553889649427e-04
2.964488714439744276e-04
1.129263592867572885e-03
2.643578326771531435e-04
3.368552867112727784e-04
9.762706332236118943e-04
2.200387378022266856e-04
7.518789287152432589e-04
2.560080543808076429e-04
2.900503357085601561e-04
2.518815261313116097e-04
8.303158714183417636e-04
9.925055395959318186e-04
4.614676850268068366e-04
1.193608904562423962e-03
2.000212986084135263e-03
7.534088131402893757e-04
7.389317731669683455e-04
4.931563584659778409e-04
6.571485202517020471e-04
3.484811567466557345e-04
6.388641596514304773e-04
1.248000391300701237e-03
2.616628125793251866e-04
5.326775408141435318e-04
5.062888750168751751e-04
3.077461065181835709e-03
1.494233546282378033e-03
2.437247871843099096e-04
4.488217079599911047e-04
1.876749998465780688e-04
5.709596032925219567e-04
6.161762780683622447e-04
1.891925972776109966e-04
8.691867215604227219e-04
9.334653378097957288e-04
1.487725522697407564e-03
5.642766513367410012e-04
2.840629262674913293e-04
3.722214573792892271e-04
1.830874538652356573e-03
3.514382344022655338e-04
4.802194061171843604e-04
1.053816174549013869e-03
6.085367055279814310e-04
1.327353943535492008e-04
4.826669806046598944e-04
4.038043702841268858e-04
3.087046053424273117e-04
5.270179678414842151e-04
3.515624108481698630e-04
7.106067819266879146e-04
1.940819353335215564e-03
9.516189952653003993e-04
9.844461461747644991e-04
1.810872115606232641e-04
7.668358364789854692e-04
3.960148276637508289e-04
5.772104750291571617e-04
4.578411446472939353e-04
1.868908189822140282e-03
3.464758860337905050e-04
1.540606827460922401e-03
9.877927682686508774e-04
1.709426070358915526e-03
3.436134314477399393e-04
1.606926892589438183e-03
1.383296147507641306e-03
2.235302683622012940e-03
1.344474128328148688e-03
5.550673960556362207e-04
2.315611626802664214e-04
4.115755719986006274e-04
3.153469918349835412e-04
1.039718492729025572e-03
5.748765857684580340e-04
3.690804444932991387e-04
4.764953473403832460e-04
6.329916741693304531e-04
1.581049307421200157e-04
5.949825608486935266e-04
4.379260452687680038e-04
1.169395904977257785e-03
2.872790581429607542e-04
7.271630077368333809e-04
1.128560245306506685e-03
5.946806257990203430e-04
9.041178278839959127e-04
5.966400987451881939e-04
4.245409563447036759e-04
6.200538615789913865e-04
2.339817781875588257e-03
7.597022082855085356e-04
8.202596791937710437e-04
1.491550616011077775e-04
4.397493365764127576e-04
2.842358837490776397e-04
7.960918227290608414e-04
4.748601860754863083e-04
1.843766433733522343e-03
3.832259202531146554e-04
3.206757091364739092e-04
1.155047066840646491e-03
8.969270888615263728e-04
1.392089828494329348e-03
1.685418620921921460e-03
7.384239093452647654e-04
7.263794047960730506e-04
8.358039302674266560e-04
1.529524801004378048e-03
4.557436825214108522e-04
5.822611213643786579e-04
8.670076008865535561e-04
9.794119257012035354e-04
1.811800232250448386e-03
6.098779110535007498e-04
6.066267571867457872e-04
4.064065100324830968e-04
1.716375710914470323e-03
3.679015251169743313e-04
9.523090160512375207e-04
5.160784999692627148e-04
8.585921084753587226e-04
1.403463245006992101e-03
6.583363534322627655e-04
3.800525319545926522e-04
6.373226592640526822e-02
7.044279764015358870e-04
2.869837526752219941e-04
4.611524761682773803e-04
4.108011702159220587e-04
2.438169594288585424e-04
3.325127502114904546e-04
4.943170243077408014e-04
9.924904747404927462e-04
7.843884595881755800e-04
7.222425428049060589e-04
3.202433517743131976e-03
7.657898248641291589e-04
5.609973814060083752e-04
9.818845296327874221e-04
2.666621939309046221e-04
5.477911608025110100e-04
7.336234586711346895e-04
1.188996545150470879e-03
2.075872897495551709e-03
1.074572572148786665e-03
5.583593157879541882e-04
5.451626268659261068e-04
1.409676712941293573e-03
1.527153209267555906e-02
5.344798802576073956e-04
1.535673751331367333e-03
4.988368729030774086e-04
2.678216060181940784e-04
2.676448982500137996e-04
3.086950877399922445e-04
3.918310018641671692e-04
3.325127502114904546e-04
5.850295143120042658e-04
2.737614934147818212e-04
7.147469360108546976e-04
1.730557625557054696e-03
1.600669220625972880e-03
1.136387964814901787e-03
9.883554507268215404e-04
5.286309631672190352e-04
1.850699224777559333e-03
5.389453630356429810e-04
1.188279014071413507e-03
1.411375667232944329e-03
7.573344705492926964e-04
4.277111948731261520e-04
3.323351556561712295e-04
1.029018765504612857e-03
9.974910676983843143e-04
5.690024969835874059e-04
7.973862048668033976e-04
4.163191332565192187e-04
3.859215445650109847e-04
5.748666131555781175e-04
5.156533312829132427e-04
7.422338951172823994e-04
7.126952211950261145e-04
1.718554239957450786e-03
7.971934071345582401e-04
1.297868353316420265e-04
2.703285465804100194e-04
8.405911319256600608e-03
2.827857014288829261e-03
8.233053994424449195e-04
3.898544206075908822e-04
5.664191213040711435e-04
5.099261113128854056e-04
5.228198367527668979e-04
5.118317254581958211e-04
1.940819353335215564e-03
1.352105099744482135e-03
3.379476796696319774e-03
2.592477022254443446e-04
7.065226818406991453e-04
2.710885944472694615e-04
6.349703360415065792e-04
1.579973788636014273e-02
1.091965464643024656e-03
8.508868605185924971e-03
7.729052563438161289e-04
6.053702109242536889e-04
8.132594354411127333e-04
3.790627134017573703e-04
4.057197632696613650e-04
1.507737415105702295e-03
2.783022555230928305e-04
1.695467686605597825e-04
2.006796494538193310e-04
3.758639374958489530e-04
4.014334892583124210e-03
8.236250263396393753e-04
8.847992636566366946e-04
1.279992502998399855e-03
3.883442514896607418e-04
1.060593382691813434e-03
1.188871524681166117e-03
7.612077227484067687e-04
3.811879562857192392e-04
4.143579103876631679e-04
3.529781753878888308e-04
1.787195192500634730e-04
1.724297793398915700e-04
6.568943511384151002e-04
7.252163199995591758e-04
7.297472812157695206e-04
1.010640023056459886e-03
2.842358837490776397e-04
1.281518238501816757e-03
2.972916206043276226e-04
2.186621154633461338e-04
1.053189358900375730e-03
5.550904455216466469e-04
2.522335367140238899e-03
9.562785201641742878e-04
8.794183732670459363e-04
6.206706929719969833e-04
1.591389902615337418e-03
1.155426560340156415e-03
2.239427856478446918e-04
2.557536498480225424e-03
8.172335386442933398e-04
5.190422140689594397e-04
2.125660824733591886e-03
3.492474605770873319e-04
1.415816394235498059e-03
6.276454494319024186e-04
4.130000555385488674e-04
3.335098617725744570e-03
4.675818127163256692e-04
1.276566024254361569e-03
5.200539981749772740e-04
2.054723114077189479e-04
1.319401110658255556e-03
1.496901707546034049e-03
7.788396441769891232e-04
4.652321287416400094e-04
2.696346559936425315e-04
1.484563901034321315e-03
6.720227563499177933e-04
2.367757708838007995e-04
3.824676528157448709e-04
9.492165197832897741e-04
7.348077224885887857e-04
2.014702864218908835e-03
9.753362473506882587e-04
7.597600488529065868e-04
1.342049562615031059e-03
6.603741456044036730e-04
5.695291115350392761e-04
1.403406098430898035e-03
6.293761061425174773e-04
8.889369834484291393e-04
1.384183717104602029e-03
3.672502682035887417e-04
2.898175399377191487e-04
7.762777427139071077e-04
6.770935971831674224e-04
1.932655498951866505e-03
2.272137518723180486e-04
1.802586757969673310e-04
1.315968652669295604e-03
8.659141717907344873e-04
3.519704125561543386e-04
2.059775494700681966e-04
2.080434511226250010e-04
2.383484519218782719e-04
2.753054271580308919e-04
4.944787141580652768e-04
2.888548772760156759e-04
4.353564895951320384e-04
3.996929088544433047e-04
1.338099755410895224e-03
1.243268659963118724e-03
1.020181048711478857e-03
1.369514245223068909e-03
6.097612596204416867e-04
2.342903435556401351e-04
6.809547072920673618e-04
5.895065854834186407e-04
5.423614421614147887e-04
1.131410072431243523e-03
4.517747503185505649e-04
4.769051955227405918e-04
4.402494262008964398e-04
1.791228223417297861e-03
6.752774107690544649e-04
2.003567835634613090e-03
2.267267620144435697e-03
1.511083081030432668e-03
3.602892206505400137e-04
5.656784340125509559e-04
4.508682767521617085e-04
1.453523839232571209e-03
6.136266539099870677e-04
7.199010116788844265e-04
2.676448982500137996e-04
4.576007161823784399e-04
5.785849782924370110e-04
6.188551909429827486e-04
1.084182885019899971e-03
8.391232029023713325e-04
4.954045400550198715e-04
1.245703108975553756e-03
4.884380686175888260e-04
7.936003493601877972e-04
9.035446813201858645e-04
4.053319457387071683e-04
7.889507371364061277e-04
5.136868589287504590e-04
8.769262435889588854e-04
3.806549780511567379e-04
4.911919829530895631e-04
5.156533312829132427e-04
3.440935902093666910e-04
1.299382064872989413e-02
3.288724174272335309e-04
9.095105868084336432e-04
9.243244373455064035e-04
3.664682472731323540e-03
6.450532098640411084e-04
1.416578048251105086e-03
2.408034228773739784e-04
