1.102945892155910990e+01
1.255169672688740867e+01
1.212742851631445795e+01
1.175131671165019931e+01
1.280602096162289172e+01
1.291782981989684842e+01
1.206000907467448258e+01
9.111268615016070882e+00
1.202438688028833980e+01
1.008253618338164337e+01
1.212742851631445795e+01
9.000354204703473471e+00
1.095080451902973095e+01
1.201010802937130251e+01
1.243654641657216153e+01
1.280602096162289172e+01
1.116165503500260492e+01
1.029321503986936648e+01
1.214168845054156520e+01
9.111268615016070882e+00
1.201010802937130251e+01
1.243654641657216153e+01
1.280602096162289172e+01
1.147114714806153835e+01
9.934269473295245234e+00
1.099214333842545877e+01
1.015938365601228988e+01
1.117319932470002541e+01
1.058090689826525121e+01
1.020984101351279172e+01
1.204571753820783719e+01
1.102945892155910990e+01
1.090510406212588812e+01
1.095080451902973095e+01
1.243654641657216153e+01
1.280602096162289172e+01
1.029321503986936648e+01
9.111268615016070882e+00
1.147114714806153835e+01
1.229085362667649761e+01
1.243654641657216153e+01
1.280602096162289172e+01
9.111268615016070882e+00
1.147114714806153835e+01
1.008253618338164337e+01
1.099214333842545877e+01
1.117319932470002541e+01
1.012249840051934768e+01
1.020984101351279172e+01
1.138694066868774968e+01
1.204571753820783719e+01
1.150483677127011184e+01
1.102945892155910990e+01
9.660884231622196339e+00
1.090510406212588812e+01
1.212742851631445795e+01
1.243654641657216153e+01
1.280602096162289172e+01
9.111268615016070882e+00
1.008253618338164337e+01
1.204571753820783719e+01
1.102945892155910990e+01
9.666001329595751201e+00
1.286584502565338894e+01
1.121109432210394274e+01
9.111268615016070882e+00
1.147114714806153835e+01
1.010666906481828420e+01
1.099214333842545877e+01
1.117319932470002541e+01
1.204571753820783719e+01
1.241642245772746733e+01
1.212742851631445795e+01
1.210583622234032042e+01
9.111268615016070882e+00
1.151279029259643316e+01
1.008253618338164337e+01
1.010666906481828420e+01
1.137779457345364698e+01
1.117319932470002541e+01
1.150483677127011184e+01
1.184778557812991018e+01
9.111268615016070882e+00
1.147114714806153835e+01
1.010666906481828420e+01
1.176626898039281954e+01
1.099214333842545877e+01
1.229085362667649761e+01
1.276388033040051617e+01
1.117319932470002541e+01
1.204571753820783719e+01
1.102945892155910990e+01
9.666001329595751201e+00
1.090510406212588812e+01
1.175131671165019931e+01
1.095080451902973095e+01
1.243654641657216153e+01
9.111268615016070882e+00
1.008253618338164337e+01
1.291392664878637042e+01
1.291176642591578094e+01
1.204571753820783719e+01
1.183875372400054538e+01
1.150483677127011184e+01
1.102945892155910990e+01
1.181995307343603585e+01
1.198248473095624966e+01
1.212742851631445795e+01
1.200908968842671776e+01
1.095080451902973095e+01
1.204571753820783719e+01
1.102945892155910990e+01
9.000354204703473471e+00
1.280602096162289172e+01
1.039476600898204772e+01
1.193827796743526726e+01
1.010666906481828420e+01
9.702444267774621878e+00
1.099214333842545877e+01
1.229085362667649761e+01
1.204571753820783719e+01
1.090510406212588812e+01
1.243654641657216153e+01
1.287535751827392971e+01
1.214168845054156520e+01
1.232635578190129699e+01
1.147114714806153835e+01
1.008253618338164337e+01
1.273694853688320450e+01
1.273357892935607083e+01
1.102945892155910990e+01
1.212742851631445795e+01
1.243654641657216153e+01
1.280602096162289172e+01
1.230705418064816214e+01
1.147114714806153835e+01
1.008253618338164337e+01
1.288572361607374894e+01
1.010666906481828420e+01
1.099214333842545877e+01
1.204571753820783719e+01
1.102945892155910990e+01
1.090510406212588812e+01
1.175010776970016657e+01
1.185077305107441603e+01
1.280602096162289172e+01
1.251560333933424118e+01
1.147114714806153835e+01
1.008253618338164337e+01
1.010666906481828420e+01
1.183875372400054538e+01
1.090510406212588812e+01
1.212742851631445795e+01
1.175131671165019931e+01
1.257165054504785928e+01
1.243654641657216153e+01
1.280602096162289172e+01
1.214168845054156520e+01
1.159136502797182189e+01
1.147114714806153835e+01
1.204571753820783719e+01
1.102945892155910990e+01
1.201010802937130251e+01
1.243654641657216153e+01
1.229446776869525593e+01
9.111268615016070882e+00
1.147114714806153835e+01
1.008253618338164337e+01
1.010666906481828420e+01
1.099214333842545877e+01
1.090510406212588812e+01
1.212742851631445795e+01
1.095080451902973095e+01
1.243654641657216153e+01
1.229446776869525593e+01
1.264846425341650438e+01
9.621189197182106412e+00
1.267853427470040728e+01
1.015938365601228988e+01
1.020984101351279172e+01
1.204571753820783719e+01
1.102945892155910990e+01
1.090510406212588812e+01
1.276792715666123001e+01
1.212742851631445795e+01
1.167208370566193842e+01
1.263477228258749818e+01
1.236706964898333538e+01
1.280602096162289172e+01
9.111268615016070882e+00
1.183875372400054538e+01
1.212742851631445795e+01
1.243654641657216153e+01
1.039476600898204772e+01
9.111268615016070882e+00
1.282825573278165621e+01
1.122409517818613089e+01
1.016994978922682691e+01
1.010666906481828420e+01
1.099214333842545877e+01
1.204571753820783719e+01
1.102945892155910990e+01
1.090510406212588812e+01
1.212742851631445795e+01
1.095080451902973095e+01
1.257165054504785928e+01
1.243654641657216153e+01
1.280602096162289172e+01
1.182529316349818060e+01
1.008253618338164337e+01
1.102945892155910990e+01
1.272296561830131445e+01
1.090510406212588812e+01
1.095080451902973095e+01
1.243654641657216153e+01
1.280602096162289172e+01
9.111268615016070882e+00
1.104411088202042812e+01
1.147114714806153835e+01
1.221993352653390730e+01
1.095080451902973095e+01
1.280602096162289172e+01
1.291782981989684842e+01
9.111268615016070882e+00
1.010666906481828420e+01
1.229085362667649761e+01
1.020984101351279172e+01
1.187926189739510896e+01
1.194040631420455156e+01
9.428894047106586740e+00
1.204571753820783719e+01
1.090510406212588812e+01
1.212742851631445795e+01
1.095080451902973095e+01
1.245009940479555333e+01
1.280602096162289172e+01
1.209794878238729687e+01
1.008253618338164337e+01
1.190460450834570949e+01
1.010666906481828420e+01
1.283249783946658162e+01
1.191946226554331467e+01
1.102945892155910990e+01
1.090510406212588812e+01
1.212742851631445795e+01
1.243654641657216153e+01
1.147114714806153835e+01
1.010666906481828420e+01
1.286449425165691451e+01
1.229085362667649761e+01
1.204571753820783719e+01
1.090510406212588812e+01
1.095080451902973095e+01
1.287535751827392971e+01
9.111268615016070882e+00
1.147114714806153835e+01
1.008253618338164337e+01
1.291392664878637042e+01
1.099214333842545877e+01
1.147958033650060194e+01
1.124414224103565729e+01
1.102945892155910990e+01
1.212742851631445795e+01
1.095080451902973095e+01
1.243654641657216153e+01
1.245009940479555333e+01
1.280602096162289172e+01
1.010666906481828420e+01
1.099214333842545877e+01
1.273694853688320450e+01
1.204571753820783719e+01
1.183875372400054538e+01
1.102945892155910990e+01
1.212742851631445795e+01
1.209780553440360151e+01
1.095080451902973095e+01
1.280602096162289172e+01
9.111268615016070882e+00
1.147114714806153835e+01
1.008253618338164337e+01
1.204571753820783719e+01
1.102945892155910990e+01
1.175131671165019931e+01
1.243654641657216153e+01
1.280602096162289172e+01
1.194178813977425158e+01
9.111268615016070882e+00
1.147114714806153835e+01
1.242034091352686254e+01
1.010666906481828420e+01
1.204571753820783719e+01
1.102945892155910990e+01
1.095080451902973095e+01
9.444661693150115056e+00
1.243654641657216153e+01
1.137176267625166837e+01
1.287535751827392971e+01
1.280602096162289172e+01
9.111268615016070882e+00
1.147114714806153835e+01
1.102945892155910990e+01
9.888754427340721520e+00
1.090510406212588812e+01
1.208957908199192133e+01
1.280602096162289172e+01
1.291551105284289136e+01
9.111268615016070882e+00
1.016994978922682691e+01
1.099214333842545877e+01
1.020984101351279172e+01
1.102945892155910990e+01
1.090510406212588812e+01
1.212742851631445795e+01
1.263477228258749818e+01
9.111268615016070882e+00
1.147114714806153835e+01
1.008253618338164337e+01
1.153329156330418925e+01
1.099214333842545877e+01
1.200539074753910462e+01
1.095080451902973095e+01
1.280602096162289172e+01
9.111268615016070882e+00
1.147114714806153835e+01
1.099214333842545877e+01
1.247835283618017144e+01
1.229085362667649761e+01
1.229253853553451670e+01
1.117319932470002541e+01
1.058090689826525121e+01
1.102945892155910990e+01
1.256878416429274026e+01
1.090510406212588812e+01
1.288494194570034068e+01
1.095080451902973095e+01
1.280602096162289172e+01
9.111268615016070882e+00
1.147114714806153835e+01
1.099214333842545877e+01
1.200539074753910462e+01
1.204571753820783719e+01
1.090510406212588812e+01
1.212742851631445795e+01
1.167208370566193842e+01
9.955981364525765542e+00
1.263477228258749818e+01
1.095080451902973095e+01
1.243654641657216153e+01
1.280602096162289172e+01
9.111268615016070882e+00
1.204571753820783719e+01
1.090510406212588812e+01
1.095080451902973095e+01
1.243654641657216153e+01
1.280602096162289172e+01
1.246489023064757262e+01
9.111268615016070882e+00
1.147114714806153835e+01
1.288500220697070731e+01
1.010666906481828420e+01
1.285511299895337167e+01
1.102945892155910990e+01
1.212742851631445795e+01
1.272265381222707603e+01
1.095080451902973095e+01
1.201010802937130251e+01
1.194178813977425158e+01
1.008253618338164337e+01
1.010666906481828420e+01
1.099214333842545877e+01
1.204571753820783719e+01
1.102945892155910990e+01
1.288494194570034068e+01
1.095080451902973095e+01
1.243654641657216153e+01
9.111268615016070882e+00
1.159136502797182189e+01
1.147114714806153835e+01
1.008253618338164337e+01
1.229085362667649761e+01
1.204571753820783719e+01
1.090510406212588812e+01
1.095080451902973095e+01
9.904554091395850079e+00
1.243654641657216153e+01
1.245009940479555333e+01
1.195656978177775009e+01
1.280602096162289172e+01
9.111268615016070882e+00
1.147114714806153835e+01
1.145188152699573791e+01
1.090510406212588812e+01
1.212742851631445795e+01
1.095080451902973095e+01
1.201010802937130251e+01
1.008253618338164337e+01
1.219404047506388267e+01
1.058090689826525121e+01
1.187926189739510896e+01
1.273807630950771674e+01
1.204571753820783719e+01
1.244768396982465397e+01
1.264920832664254036e+01
1.095080451902973095e+01
1.243654641657216153e+01
1.287535751827392971e+01
1.270361821023825932e+01
1.147114714806153835e+01
1.008253618338164337e+01
9.821318114124048648e+00
1.102945892155910990e+01
1.090510406212588812e+01
1.212742851631445795e+01
1.095080451902973095e+01
1.243654641657216153e+01
1.116413427432752137e+01
1.008253618338164337e+01
1.099214333842545877e+01
1.248308846321971544e+01
1.229085362667649761e+01
1.204571753820783719e+01
9.888754427340721520e+00
1.212742851631445795e+01
1.095080451902973095e+01
1.236706964898333538e+01
1.243654641657216153e+01
1.039476600898204772e+01
1.147114714806153835e+01
1.008253618338164337e+01
1.248252750600144445e+01
1.204571753820783719e+01
1.102945892155910990e+01
1.095080451902973095e+01
1.088102396424311635e+01
1.208957908199192133e+01
9.111268615016070882e+00
1.283581700471229681e+01
1.099214333842545877e+01
1.203819805832526235e+01
1.229085362667649761e+01
1.285511299895337167e+01
1.204571753820783719e+01
1.090510406212588812e+01
1.212742851631445795e+01
1.095080451902973095e+01
1.088092898560155675e+01
1.243654641657216153e+01
1.280602096162289172e+01
1.147114714806153835e+01
1.279499289004734486e+01
1.204571753820783719e+01
1.090510406212588812e+01
1.212742851631445795e+01
1.280602096162289172e+01
9.111268615016070882e+00
1.147114714806153835e+01
1.010666906481828420e+01
1.248924543148449295e+01
1.142700571417163857e+01
1.229085362667649761e+01
1.204571753820783719e+01
1.245533530500471286e+01
1.102945892155910990e+01
1.212742851631445795e+01
1.267298554604185057e+01
1.095080451902973095e+01
1.243654641657216153e+01
1.280602096162289172e+01
1.010666906481828420e+01
1.019219238671263028e+01
1.095080451902973095e+01
1.257165054504785928e+01
1.287535751827392971e+01
1.280602096162289172e+01
1.039476600898204772e+01
1.209794878238729687e+01
9.111268615016070882e+00
1.202438688028833980e+01
1.008253618338164337e+01
1.266028625065809443e+01
1.204571753820783719e+01
1.102945892155910990e+01
1.090510406212588812e+01
1.212742851631445795e+01
1.065893015904560492e+01
1.173668866729002325e+01
1.008253618338164337e+01
1.181212928981149624e+01
1.259460051097600974e+01
1.010666906481828420e+01
1.204571753820783719e+01
1.102945892155910990e+01
1.090510406212588812e+01
1.095080451902973095e+01
1.088092898560155675e+01
1.121109432210394274e+01
1.243654641657216153e+01
1.280602096162289172e+01
9.111268615016070882e+00
1.226912247816045465e+01
1.204571753820783719e+01
1.102945892155910990e+01
1.263477228258749818e+01
1.095080451902973095e+01
9.111268615016070882e+00
1.008253618338164337e+01
1.010666906481828420e+01
1.099214333842545877e+01
1.229085362667649761e+01
1.117319932470002541e+01
1.090510406212588812e+01
1.095080451902973095e+01
1.243654641657216153e+01
1.185077305107441603e+01
1.071364350236019369e+01
9.111268615016070882e+00
1.287087700551886726e+01
1.099214333842545877e+01
1.219404047506388267e+01
1.117319932470002541e+01
1.291176642591578094e+01
1.276792715666123001e+01
1.246191336592058718e+01
9.111268615016070882e+00
1.147114714806153835e+01
1.008253618338164337e+01
1.010666906481828420e+01
1.099214333842545877e+01
1.229085362667649761e+01
1.015938365601228988e+01
1.183875372400054538e+01
1.212742851631445795e+01
1.095080451902973095e+01
1.201010802937130251e+01
1.121109432210394274e+01
1.287535751827392971e+01
1.280602096162289172e+01
9.111268615016070882e+00
1.036083139058603031e+01
1.147114714806153835e+01
1.204571753820783719e+01
1.102945892155910990e+01
1.090510406212588812e+01
1.212742851631445795e+01
1.243654641657216153e+01
1.280602096162289172e+01
1.219832029046652799e+01
1.147114714806153835e+01
1.008253618338164337e+01
1.010666906481828420e+01
1.204571753820783719e+01
1.206441229624104672e+01
1.090510406212588812e+01
1.212742851631445795e+01
9.592936115617781923e+00
1.243654641657216153e+01
9.111268615016070882e+00
1.008253618338164337e+01
1.010666906481828420e+01
1.190349567721915669e+01
1.102945892155910990e+01
1.090510406212588812e+01
9.000354204703473471e+00
1.095080451902973095e+01
1.243654641657216153e+01
1.008253618338164337e+01
1.099214333842545877e+01
1.229085362667649761e+01
1.117319932470002541e+01
1.272714480452285457e+01
1.175131671165019931e+01
1.095080451902973095e+01
1.243654641657216153e+01
1.245009940479555333e+01
1.287535751827392971e+01
1.259275427096464384e+01
1.280602096162289172e+01
9.489448868027155370e+00
1.147114714806153835e+01
1.008253618338164337e+01
1.090510406212588812e+01
1.212742851631445795e+01
1.095080451902973095e+01
1.243654641657216153e+01
9.111268615016070882e+00
1.147114714806153835e+01
1.099214333842545877e+01
1.229085362667649761e+01
1.117319932470002541e+01
1.058090689826525121e+01
1.204571753820783719e+01
1.102945892155910990e+01
1.212742851631445795e+01
1.243654641657216153e+01
1.280602096162289172e+01
1.253484754238837517e+01
9.111268615016070882e+00
1.197620874029152205e+01
1.265257753624362458e+01
1.147114714806153835e+01
1.204571753820783719e+01
1.102945892155910990e+01
1.095080451902973095e+01
9.111268615016070882e+00
1.186862062310449950e+01
1.147114714806153835e+01
1.008253618338164337e+01
1.010666906481828420e+01
1.099214333842545877e+01
1.200539074753910462e+01
1.188528428772637113e+01
1.102945892155910990e+01
1.212742851631445795e+01
1.095080451902973095e+01
1.229446776869525593e+01
9.314848886944067985e+00
9.111268615016070882e+00
1.010666906481828420e+01
1.271705313187206698e+01
1.117319932470002541e+01
1.204571753820783719e+01
1.102945892155910990e+01
1.239481126971945812e+01
1.095080451902973095e+01
1.243654641657216153e+01
1.214168845054156520e+01
9.111268615016070882e+00
1.118358298301616749e+01
1.008253618338164337e+01
1.099214333842545877e+01
1.204571753820783719e+01
1.183875372400054538e+01
1.102945892155910990e+01
1.090510406212588812e+01
1.212742851631445795e+01
1.285335783089444739e+01
1.095080451902973095e+01
1.243654641657216153e+01
1.280602096162289172e+01
9.111268615016070882e+00
1.204571753820783719e+01
1.090510406212588812e+01
1.212742851631445795e+01
1.243654641657216153e+01
9.111268615016070882e+00
1.147114714806153835e+01
1.173668866729002325e+01
1.008253618338164337e+01
1.288572361607374894e+01
1.221793852333819252e+01
1.204571753820783719e+01
1.212742851631445795e+01
1.095080451902973095e+01
1.280602096162289172e+01
9.111268615016070882e+00
1.120905062245764938e+01
1.229085362667649761e+01
1.058090689826525121e+01
1.119693761211446414e+01
1.187926189739510896e+01
1.204571753820783719e+01
1.090510406212588812e+01
1.243654641657216153e+01
1.227544863591634261e+01
9.111268615016070882e+00
1.147114714806153835e+01
1.115819642015265956e+01
1.010666906481828420e+01
1.099214333842545877e+01
1.117319932470002541e+01
1.102945892155910990e+01
1.090510406212588812e+01
1.212742851631445795e+01
1.095080451902973095e+01
1.121109432210394274e+01
1.243654641657216153e+01
1.280602096162289172e+01
1.147114714806153835e+01
1.008253618338164337e+01
1.099214333842545877e+01
1.204571753820783719e+01
1.102945892155910990e+01
1.263477228258749818e+01
1.095080451902973095e+01
1.280602096162289172e+01
9.111268615016070882e+00
1.234107905558901841e+01
1.008253618338164337e+01
1.099214333842545877e+01
1.270258421903902857e+01
1.204571753820783719e+01
9.888754427340721520e+00
1.243654641657216153e+01
1.280602096162289172e+01
9.111268615016070882e+00
1.147114714806153835e+01
1.008253618338164337e+01
1.010666906481828420e+01
1.249086380694263809e+01
1.099214333842545877e+01
1.204571753820783719e+01
1.102945892155910990e+01
1.090510406212588812e+01
1.212742851631445795e+01
9.000354204703473471e+00
1.095080451902973095e+01
1.209794878238729687e+01
9.111268615016070882e+00
1.147114714806153835e+01
1.010666906481828420e+01
1.204571753820783719e+01
1.150483677127011184e+01
1.102945892155910990e+01
9.666001329595751201e+00
1.090510406212588812e+01
1.212742851631445795e+01
1.095080451902973095e+01
1.243654641657216153e+01
9.489448868027155370e+00
9.111268615016070882e+00
1.183875372400054538e+01
1.102945892155910990e+01
1.090510406212588812e+01
1.212742851631445795e+01
1.245706304305652168e+01
9.111268615016070882e+00
1.147114714806153835e+01
1.008253618338164337e+01
1.268193963299149907e+01
1.254145947205791956e+01
1.204571753820783719e+01
1.102945892155910990e+01
1.242592174929235327e+01
1.212742851631445795e+01
1.286111035159645688e+01
1.243654641657216153e+01
9.111268615016070882e+00
1.147114714806153835e+01
1.099214333842545877e+01
1.229085362667649761e+01
9.888754427340721520e+00
1.090510406212588812e+01
1.212742851631445795e+01
1.095080451902973095e+01
1.201010802937130251e+01
9.111268615016070882e+00
1.010666906481828420e+01
1.262015487131585090e+01
1.229085362667649761e+01
1.015938365601228988e+01
1.183875372400054538e+01
1.102945892155910990e+01
1.243654641657216153e+01
1.147114714806153835e+01
1.008253618338164337e+01
1.010666906481828420e+01
1.229085362667649761e+01
9.710374204463928294e+00
1.117319932470002541e+01
1.058090689826525121e+01
1.102945892155910990e+01
1.090510406212588812e+01
1.095080451902973095e+01
1.182529316349818060e+01
9.111268615016070882e+00
1.257590264136469749e+01
1.147114714806153835e+01
1.008253618338164337e+01
1.171103439133549529e+01
1.117319932470002541e+01
1.090510406212588812e+01
1.212742851631445795e+01
1.167208370566193842e+01
1.257165054504785928e+01
1.201010802937130251e+01
1.121109432210394274e+01
1.243654641657216153e+01
1.280602096162289172e+01
1.227544863591634261e+01
1.039476600898204772e+01
1.204571753820783719e+01
9.888754427340721520e+00
1.090510406212588812e+01
1.269277446856806257e+01
1.095080451902973095e+01
1.243654641657216153e+01
1.280602096162289172e+01
9.111268615016070882e+00
1.147114714806153835e+01
1.010666906481828420e+01
1.204571753820783719e+01
1.102945892155910990e+01
1.257165054504785928e+01
1.259733896468734926e+01
1.243654641657216153e+01
1.211919048997618020e+01
1.280602096162289172e+01
9.111268615016070882e+00
1.287078888656034259e+01
1.008253618338164337e+01
1.204571753820783719e+01
1.102945892155910990e+01
1.090510406212588812e+01
1.095080451902973095e+01
1.257165054504785928e+01
9.111268615016070882e+00
1.181550331178870827e+01
1.147114714806153835e+01
1.162407994021375046e+01
1.010666906481828420e+01
1.102945892155910990e+01
1.090510406212588812e+01
1.212742851631445795e+01
1.257165054504785928e+01
1.280602096162289172e+01
9.111268615016070882e+00
1.008253618338164337e+01
9.498809127483623271e+00
1.099214333842545877e+01
1.273694853688320450e+01
1.095080451902973095e+01
1.287455551241250973e+01
1.147114714806153835e+01
1.233831825762579903e+01
1.008253618338164337e+01
1.267604891181895610e+01
1.142700571417163857e+01
1.143786129551504160e+01
1.117319932470002541e+01
1.058090689826525121e+01
1.124414224103565729e+01
1.102945892155910990e+01
1.286584502565338894e+01
1.212742851631445795e+01
1.175131671165019931e+01
1.095080451902973095e+01
1.257165054504785928e+01
1.121109432210394274e+01
1.287535751827392971e+01
1.280602096162289172e+01
1.291176642591578094e+01
1.204571753820783719e+01
1.102945892155910990e+01
1.269546041077532550e+01
1.090510406212588812e+01
1.212742851631445795e+01
1.095080451902973095e+01
1.121109432210394274e+01
1.243654641657216153e+01
1.280602096162289172e+01
1.212742851631445795e+01
1.167208370566193842e+01
1.203364624162515284e+01
1.095080451902973095e+01
1.088092898560155675e+01
1.243654641657216153e+01
9.489448868027155370e+00
1.147114714806153835e+01
1.099214333842545877e+01
1.143786129551504160e+01
1.095080451902973095e+01
1.232403298608718956e+01
1.147114714806153835e+01
1.010666906481828420e+01
1.229085362667649761e+01
1.276388033040051617e+01
1.117319932470002541e+01
1.058090689826525121e+01
1.020984101351279172e+01
1.187926189739510896e+01
1.243654641657216153e+01
1.287535751827392971e+01
1.280602096162289172e+01
9.489448868027155370e+00
1.250922242716655219e+01
9.111268615016070882e+00
1.008253618338164337e+01
1.010666906481828420e+01
1.117319932470002541e+01
1.031750199479218821e+01
1.090510406212588812e+01
1.095080451902973095e+01
1.243654641657216153e+01
1.272881719847184279e+01
9.111268615016070882e+00
1.147114714806153835e+01
1.008253618338164337e+01
1.010666906481828420e+01
1.099214333842545877e+01
1.222068087838249362e+01
1.204571753820783719e+01
1.102945892155910990e+01
1.212742851631445795e+01
1.095080451902973095e+01
1.147114714806153835e+01
1.008253618338164337e+01
1.016994978922682691e+01
1.099214333842545877e+01
1.020984101351279172e+01
1.285558876849878729e+01
1.102945892155910990e+01
1.243654641657216153e+01
1.280602096162289172e+01
9.489448868027155370e+00
1.147114714806153835e+01
1.008253618338164337e+01
1.099214333842545877e+01
1.248308846321971544e+01
1.256973149638997178e+01
1.166633519989383672e+01
1.090510406212588812e+01
1.095080451902973095e+01
1.088092898560155675e+01
1.243654641657216153e+01
1.280602096162289172e+01
1.039476600898204772e+01
9.111268615016070882e+00
1.147114714806153835e+01
1.008253618338164337e+01
1.099214333842545877e+01
1.090510406212588812e+01
1.288885827991940580e+01
1.095080451902973095e+01
1.243654641657216153e+01
1.229446776869525593e+01
1.280602096162289172e+01
1.194178813977425158e+01
1.147114714806153835e+01
1.248252750600144445e+01
1.010666906481828420e+01
1.204571753820783719e+01
1.209257926030320007e+01
1.088102396424311635e+01
1.243654641657216153e+01
1.246191336592058718e+01
1.280602096162289172e+01
1.246489023064757262e+01
1.008253618338164337e+01
1.279736235093721852e+01
1.148108684899737852e+01
1.204571753820783719e+01
1.234227265531968953e+01
1.090510406212588812e+01
1.243654641657216153e+01
1.278477548093102278e+01
1.287535751827392971e+01
1.280602096162289172e+01
1.147114714806153835e+01
1.010666906481828420e+01
1.099214333842545877e+01
1.204571753820783719e+01
1.102945892155910990e+01
1.090510406212588812e+01
1.212742851631445795e+01
1.243543799764705327e+01
1.088102396424311635e+01
1.280602096162289172e+01
1.237426669467516582e+01
1.147114714806153835e+01
1.008253618338164337e+01
9.634117967394033144e+00
1.212742851631445795e+01
1.095080451902973095e+01
1.088102396424311635e+01
1.243654641657216153e+01
1.184778557812991018e+01
1.280602096162289172e+01
9.111268615016070882e+00
1.147114714806153835e+01
1.010666906481828420e+01
1.204571753820783719e+01
1.102945892155910990e+01
1.231292023099883082e+01
1.090510406212588812e+01
1.212742851631445795e+01
1.280602096162289172e+01
1.008253618338164337e+01
1.229085362667649761e+01
1.211101407747893433e+01
1.020984101351279172e+01
1.102945892155910990e+01
9.888754427340721520e+00
1.090510406212588812e+01
1.212742851631445795e+01
1.199057492093416144e+01
1.095080451902973095e+01
1.265127200919458339e+01
1.201010802937130251e+01
1.287535751827392971e+01
1.280602096162289172e+01
1.204571753820783719e+01
1.102945892155910990e+01
1.145188152699573791e+01
1.116511015432114107e+01
1.201010802937130251e+01
1.243654641657216153e+01
1.147114714806153835e+01
1.229085362667649761e+01
1.211101407747893433e+01
1.020984101351279172e+01
