1.479222611985910873e+01
1.377939832556706179e+01
1.241455898947373804e+01
1.441828021844699492e+01
1.437277956444681237e+01
1.466199563307540821e+01
1.226143707905340818e+01
1.415407692078463064e+01
1.471335916196185600e+01
1.411918479872822019e+01
1.368193580533780107e+01
1.408777022378543187e+01
1.336254158314344309e+01
1.444538691141440445e+01
1.478158141602319020e+01
1.367610302145523349e+01
1.461667228319146794e+01
1.461590810354632985e+01
1.416749367405351734e+01
1.304323937866673866e+01
1.384746188400351841e+01
1.436084318860495124e+01
1.432354564336640479e+01
1.480322446608285070e+01
1.482726357148625418e+01
1.334943981839794169e+01
1.387839755123422236e+01
1.442352182237948810e+01
1.482087495545044753e+01
1.451940323264862620e+01
1.441828021844699492e+01
1.393728004285925870e+01
1.451144248009907400e+01
1.150058897209759223e+01
1.344617185045844288e+01
1.457436986854450645e+01
1.346121562894687251e+01
1.386337894280761773e+01
1.434320769595096934e+01
1.444989118522306448e+01
1.409938837696212843e+01
1.164098823580518527e+01
1.336828013374117141e+01
1.448342559345457303e+01
1.477288305760187548e+01
1.391371970893084686e+01
1.294497466283752907e+01
1.456168234820133023e+01
1.448326471982444019e+01
1.169523241416927206e+01
1.292258338738848877e+01
1.437943395859410600e+01
1.360794918660617370e+01
1.339846072926908427e+01
1.466555607571581454e+01
1.347154967308342499e+01
1.446615086537902961e+01
1.445362004572496595e+01
1.462198250241293351e+01
1.425922693215300541e+01
1.310132748060139996e+01
1.418048384689051566e+01
1.368193580533780107e+01
1.473405100206672813e+01
1.449990288580001696e+01
1.359932770858187112e+01
1.474012796421694205e+01
1.396181221662343930e+01
1.127853916145512336e+01
1.421023923884862050e+01
1.348108848165802343e+01
1.431530381506668093e+01
1.268567102787165624e+01
1.460364444474928902e+01
1.447345806287026271e+01
1.345098881030987314e+01
1.156552817626034546e+01
1.469346307428245524e+01
1.327034041516185425e+01
1.375472501264841085e+01
1.381307312219438543e+01
1.351824373725462713e+01
1.458469078068569935e+01
1.368193580533780107e+01
1.477670312139300890e+01
1.467441419040319595e+01
1.336747867891734742e+01
1.428432935457861319e+01
1.362994952795405723e+01
1.459228321875135315e+01
1.470482085136564621e+01
1.466555573038586502e+01
1.362595117888421115e+01
1.445483256577593423e+01
1.314814108712507235e+01
1.463125981542449416e+01
1.419899164560688654e+01
1.426195712484040712e+01
1.391371970893084686e+01
1.466749417488895446e+01
1.469765182899905653e+01
1.382741841261690929e+01
1.449016578940913647e+01
1.432471888438130492e+01
1.409563582512587132e+01
1.441828021844699492e+01
1.407216330045933184e+01
1.418033799777993842e+01
1.453698377208310077e+01
1.156552817626034546e+01
1.445134554910456437e+01
1.480322446608285070e+01
1.243557079325708337e+01
1.242656705077807189e+01
1.426574138839376005e+01
1.383439878982653326e+01
1.271855544926673431e+01
1.369997476350109089e+01
1.400772658171447382e+01
1.335615556974620155e+01
1.465477224841433745e+01
1.422425322355701738e+01
1.479986737811868380e+01
1.456941011325652724e+01
1.436987332896517700e+01
1.354592658235186775e+01
1.419899164560688654e+01
1.392582185419840890e+01
1.483349159922182281e+01
1.410511017089896413e+01
1.416217802931571690e+01
1.427652792268224147e+01
1.483082713224129989e+01
1.393292114104657031e+01
1.422181282266384805e+01
1.375845759052560702e+01
1.414784124224749817e+01
1.476110229533394680e+01
1.450933032003888989e+01
1.325238086266227278e+01
1.462346369963358228e+01
1.443732957047356535e+01
1.448817192931643305e+01
1.464298090153748788e+01
1.100696066856663258e+01
1.345657088402830226e+01
1.451841098971665645e+01
1.468050168981776338e+01
1.346606152632208087e+01
1.414340007183110437e+01
1.476700156836763611e+01
1.331063597937583687e+01
1.472883046013377850e+01
1.480437599223164469e+01
1.466752601708931891e+01
1.269168024224596536e+01
1.441147432602310197e+01
1.476738455034399067e+01
1.457364675745108151e+01
1.414030564867316819e+01
1.481190806077781730e+01
1.440826743860928083e+01
1.376089388602511931e+01
1.204863261568307564e+01
1.387864524335715011e+01
1.390172041186457541e+01
1.314922411382002920e+01
1.427052602271342430e+01
1.348963656562393432e+01
1.434400222746478981e+01
1.430013926664357093e+01
1.282822891412118338e+01
1.418098473037612450e+01
1.433814767036392546e+01
1.432354564336640479e+01
1.476039188197029972e+01
1.464628858414440415e+01
1.479912331185945895e+01
1.426627410915877014e+01
1.477616555696129197e+01
1.436049458573591409e+01
1.387232620333327127e+01
1.413142826700998356e+01
1.403337249280378884e+01
1.435162976838044813e+01
1.348076173330388627e+01
1.360234738569282875e+01
1.441828021844699492e+01
1.354592658235186775e+01
1.439912587328116089e+01
1.441828021844699492e+01
1.422181282266384805e+01
1.156552817626034546e+01
1.448740086544371763e+01
1.364486706842280839e+01
1.435779065879189531e+01
1.254033763883440322e+01
1.385544693575392472e+01
1.421371357140549385e+01
1.314535373281753827e+01
1.389086617334240437e+01
1.387232620333327127e+01
1.434714844541774781e+01
1.258974787705030529e+01
1.351824373725462713e+01
1.357507606507932429e+01
1.482960995125927361e+01
1.455569622507945837e+01
1.254629867076147143e+01
1.349300729479416106e+01
1.430644772481235094e+01
1.408410859502817125e+01
1.479635073953443225e+01
1.434947821391932798e+01
1.273689774077364589e+01
1.421023923884862050e+01
1.482292616939701801e+01
1.447423485447146163e+01
1.418037628402752581e+01
1.453169654707955871e+01
1.321675215506567547e+01
1.405894206232490617e+01
1.432354564336640479e+01
1.442421240670798532e+01
1.442131035466065114e+01
1.270160959821291868e+01
1.452768933611101332e+01
1.471480898724357544e+01
1.468169657096689917e+01
1.449242186314691949e+01
1.296556921963185971e+01
1.421313899794461832e+01
1.478098972040787551e+01
1.381464364803464306e+01
1.483082713224129989e+01
1.412092180696929411e+01
1.442636569112054978e+01
1.358694685135764146e+01
1.450933032003888989e+01
1.296228293873006265e+01
1.381915799968719938e+01
1.387232620333327127e+01
1.367132858423375907e+01
1.362595117888421115e+01
1.467912639675989439e+01
1.443351025371932650e+01
1.410528270531220230e+01
1.156552817626034546e+01
1.447177722587399984e+01
1.415131539136691607e+01
1.173523484143346707e+01
1.476533352758628936e+01
1.350831433940315662e+01
1.370988993564147584e+01
1.391371970893084686e+01
1.455290174251403457e+01
1.465383669003270128e+01
1.150058897209759223e+01
1.362994952795405723e+01
1.396264162962429012e+01
1.440047221930244703e+01
1.469206718261140310e+01
1.310968693459729550e+01
1.443956718472849943e+01
1.410528270531220230e+01
1.480322446608285070e+01
1.456138662522141303e+01
1.460312856408816273e+01
1.409264380449702792e+01
1.398485641443377325e+01
1.424702805306752040e+01
1.351824373725462713e+01
1.348303530467219780e+01
1.394363617040405501e+01
1.470621250072785813e+01
1.340751917163623119e+01
1.478355945393780679e+01
1.370988993564147584e+01
1.324353074667475738e+01
1.272647607795438063e+01
1.387232620333327127e+01
1.441861459187217243e+01
1.432354564336640479e+01
1.441828021844699492e+01
1.249141300256152753e+01
1.391371970893084686e+01
1.069359317348192029e+01
1.383439878982653326e+01
1.390803914140515296e+01
1.388252393203221047e+01
1.480311319188800745e+01
1.460080875652219667e+01
1.439749289727585513e+01
1.410528270531220230e+01
1.387890189407062813e+01
1.479685829307815581e+01
1.479144796387328675e+01
1.461585625563274249e+01
1.459001267064991225e+01
1.312504225426307691e+01
1.435112497260535847e+01
1.443593271254878196e+01
1.419899164560688654e+01
1.328643452264817171e+01
1.484168144801557254e+01
1.400807754437966679e+01
1.403130544686605496e+01
1.441459760394985423e+01
1.342871140026283427e+01
1.470563455058400137e+01
1.482326135416446711e+01
1.443351025371932650e+01
1.312119777285898081e+01
1.454568977356341541e+01
1.468718063003506025e+01
1.304590295868380601e+01
1.467441419040319595e+01
1.479604892748862532e+01
1.475299320324565144e+01
1.474055641011605822e+01
1.459839898484332466e+01
1.353575485812325674e+01
1.395558079536373697e+01
1.318225369190227880e+01
1.451705905876580616e+01
1.465185538206666749e+01
1.342890355209993025e+01
1.379795313357129771e+01
1.462400790452132604e+01
1.470225649967484927e+01
1.397285668945827553e+01
1.448342559345457303e+01
1.442448422074086878e+01
1.378299050636362999e+01
1.469823160400362738e+01
1.465383669003270128e+01
1.380896834034378351e+01
1.448131381838418363e+01
1.364311620498763844e+01
1.410598843558174487e+01
1.473770900024499575e+01
1.377511006595113763e+01
1.467200939113863356e+01
1.351824373725462713e+01
1.476087596354244269e+01
1.351632530965209611e+01
1.443501415196477211e+01
9.113193974613093218e+00
1.455162258566613076e+01
1.229815344399558796e+01
1.387232620333327127e+01
1.446541541875458847e+01
1.381312898157284152e+01
1.410755316726486619e+01
1.468857092422269695e+01
1.434565502926098546e+01
1.180927196619730069e+01
1.255421678524778528e+01
1.432945741174612309e+01
1.162557018866936254e+01
1.283418048893135399e+01
1.433540991846901669e+01
1.426821583418483641e+01
1.449036230092485056e+01
1.441828021844699492e+01
1.389190858777605264e+01
1.457961796003061039e+01
1.328534190013051841e+01
1.420466129981013736e+01
1.375736121460700545e+01
1.449016578940913647e+01
1.462735229454328412e+01
1.443778759020824864e+01
1.478902328577611414e+01
1.476039188197029972e+01
1.461585625563274249e+01
1.400881608623703656e+01
1.386958471573862361e+01
1.386626838092157854e+01
1.450595108492547425e+01
1.300652020997102909e+01
1.482118650855193565e+01
1.480373392495907225e+01
1.287130834478121955e+01
1.376089388602511931e+01
1.402581727508242970e+01
1.471332428517320068e+01
1.280172078307164085e+01
1.447514888611993911e+01
1.405527361047946044e+01
1.396495481942125494e+01
1.468090690787156305e+01
1.351824373725462713e+01
1.463630699889958464e+01
1.467441419040319595e+01
1.430517038578391897e+01
1.463960875628046665e+01
1.395558079536373697e+01
1.429723820085710173e+01
1.279845265404945209e+01
1.446013896688684142e+01
1.479222611985910873e+01
1.482118650855193565e+01
1.463755594156069328e+01
1.459849941005370155e+01
1.419899164560688654e+01
1.412393729612165849e+01
1.360904071294749684e+01
1.363522730020990181e+01
1.372892449670027659e+01
1.421498637537931486e+01
1.480000027938240237e+01
1.483082713224129989e+01
1.448042100783450792e+01
1.295921297436087549e+01
1.441147432602310197e+01
1.478902328577611414e+01
1.226975809995725797e+01
1.466205710824175057e+01
1.413357172713372911e+01
1.358158294014250167e+01
1.432354564336640479e+01
1.414784124224749817e+01
1.256952902638601088e+01
1.484023795857256900e+01
1.449990288580001696e+01
1.452779564789715039e+01
1.449242186314691949e+01
1.401985886137923210e+01
1.408744223372577764e+01
1.441705014774661286e+01
1.407048260484643265e+01
1.379306988173724235e+01
1.481169741273289020e+01
1.410528270531220230e+01
1.461668409913700550e+01
1.407216330045933184e+01
1.378509316506174187e+01
1.304323937866673866e+01
1.464865647434498541e+01
1.387232620333327127e+01
1.457184362045889081e+01
1.368193580533780107e+01
1.370988993564147584e+01
1.444538691141440445e+01
1.407060321406243908e+01
1.465800991001827214e+01
1.069359317348192029e+01
1.467634594908667545e+01
1.367059667893042807e+01
1.468425605842865345e+01
1.441828021844699492e+01
1.321181470884905806e+01
1.306967909850677856e+01
1.439648543154220839e+01
1.392833010721841980e+01
1.399461750503328261e+01
1.381926623382934594e+01
1.353642971372516435e+01
1.410598843558174487e+01
1.457629726389791180e+01
1.416117538627597305e+01
1.480373392495907225e+01
1.466343881529349780e+01
1.069359317348192029e+01
1.444983442002967067e+01
1.462299303130600592e+01
1.476536023697406463e+01
1.395404618822029263e+01
1.239493030032764409e+01
1.481695014178084158e+01
1.418048384689051566e+01
1.351073169375972327e+01
1.378596505312736120e+01
1.368193580533780107e+01
1.381126233095268674e+01
1.349055284256420784e+01
1.434780943446726909e+01
1.469873445272666146e+01
1.473406361590744673e+01
1.367132858423375907e+01
1.392121528379060891e+01
1.269168024224596536e+01
1.408145854827617249e+01
1.368193580533780107e+01
1.475000759600206557e+01
1.251543364744724052e+01
1.368733859300926348e+01
1.475943067124781649e+01
1.468132114334541782e+01
1.469041051333134540e+01
1.386603207690328965e+01
1.445218521957916025e+01
1.210339552782341599e+01
1.458689109561022690e+01
1.473302341499747925e+01
1.437564580178099760e+01
1.475825696439404133e+01
1.476039188197029972e+01
1.208258712839992377e+01
1.451856427570136532e+01
1.454190438304770794e+01
1.458689109561022690e+01
1.381312898157284152e+01
1.480322446608285070e+01
1.442344141883423347e+01
1.450448791309869989e+01
1.434257234753281551e+01
1.426963265842689488e+01
1.258203078167772837e+01
1.464616052212897657e+01
1.463838488725026465e+01
1.466752601708931891e+01
1.483623062771629719e+01
1.156552817626034546e+01
1.449990288580001696e+01
1.475947807407144907e+01
1.465383669003270128e+01
1.362552334881320526e+01
1.471874768662688737e+01
1.344286062022687922e+01
1.408145854827617249e+01
1.069359317348192029e+01
1.464405330915750802e+01
1.442029433915545056e+01
1.364042530489084548e+01
1.469827529892127593e+01
1.405508581398722256e+01
1.430482241187008441e+01
1.289015481361276017e+01
1.480437599223164469e+01
1.380073768293500436e+01
1.368193580533780107e+01
1.476039188197029972e+01
1.458640441542992505e+01
1.468718063003506025e+01
1.156552817626034546e+01
1.438899779672912160e+01
1.399936126159683170e+01
1.359539007981293679e+01
1.358158294014250167e+01
1.418487914108242087e+01
1.319782956854499112e+01
1.453744013445147232e+01
1.304114205949002780e+01
1.393728004285925870e+01
1.391371970893084686e+01
1.380896834034378351e+01
1.292701084623764984e+01
1.384462227595619765e+01
1.346243595295925566e+01
1.425940224952347002e+01
1.469000989820718672e+01
1.373079039212861474e+01
1.478158141602319020e+01
1.464971602887336566e+01
1.420222850025475658e+01
1.432557281089990298e+01
1.312240819015349480e+01
1.290045514284673267e+01
1.356273124477951342e+01
1.470485226732852091e+01
1.468090690787156305e+01
1.373324757800352636e+01
1.419899164560688654e+01
1.467441419040319595e+01
1.396054773515426284e+01
1.448647320716544229e+01
1.276717411164330329e+01
1.420671798343234471e+01
1.425068069123472370e+01
1.031883938860784156e+01
1.424960245479859111e+01
1.325238086266227278e+01
1.038260192876688848e+01
1.468050168981776338e+01
1.369555385945945325e+01
1.480119857596609556e+01
1.370142945883387142e+01
1.222743102067189369e+01
1.445732861231880406e+01
1.452957084202699889e+01
1.449016578940913647e+01
1.475796172100499426e+01
1.046771661269102083e+01
1.477539303579919761e+01
1.384197084470292083e+01
1.483476682266739033e+01
1.480322446608285070e+01
1.156552817626034546e+01
1.387232620333327127e+01
1.414784124224749817e+01
1.376089388602511931e+01
1.308606379957824828e+01
1.469861053819116137e+01
1.359304278003250133e+01
1.364042530489084548e+01
1.256287982351506649e+01
1.460549024622250691e+01
1.384937986615759620e+01
1.441705014774661286e+01
1.409938837696212843e+01
1.472883046013377850e+01
1.423658199407110558e+01
1.461667228319146794e+01
1.322726876256052009e+01
1.392786928079001996e+01
1.477850742021185759e+01
1.449193608217557738e+01
1.363133900292469036e+01
1.369552162279077834e+01
1.346296898459129920e+01
1.478889944576026139e+01
1.483082713224129989e+01
1.441828021844699492e+01
1.479996465425572794e+01
1.330060103081242140e+01
1.345657088402830226e+01
1.406848806872955748e+01
1.322726876256052009e+01
1.436049458573591409e+01
1.324936996238771769e+01
1.483476682266739033e+01
1.376089388602511931e+01
1.463717752662341454e+01
1.391371970893084686e+01
1.455803018623344336e+01
1.473494576355363250e+01
1.380896834034378351e+01
1.473406361590744673e+01
1.454734289762898847e+01
1.477171762775899211e+01
1.476455215563380818e+01
1.416822406510468113e+01
1.441828021844699492e+01
1.414784124224749817e+01
1.483476682266739033e+01
1.376089388602511931e+01
1.321901627696483317e+01
1.393057210215419239e+01
1.478238692538057819e+01
1.437564580178099760e+01
1.445480703704405734e+01
1.156552817626034546e+01
1.441341333050978690e+01
1.365452963066659464e+01
1.413815049371102894e+01
1.280271646695071119e+01
1.151955177814001097e+01
1.416540109930871516e+01
1.465106792270330516e+01
1.362595117888421115e+01
1.431313913963242079e+01
1.456686688910078331e+01
1.482086997845367726e+01
1.426790382664632162e+01
1.466343881529349780e+01
1.330533755571616616e+01
1.156552817626034546e+01
1.462980397597819859e+01
1.342952359857569355e+01
1.208134713999092114e+01
1.351824373725462713e+01
1.458393980177172189e+01
1.478902328577611414e+01
1.410528270531220230e+01
1.376089388602511931e+01
1.334441129315340113e+01
1.293825698382844891e+01
1.479323475047056746e+01
1.416018398631036668e+01
1.449016578940913647e+01
1.273682858323401845e+01
1.471316517986990924e+01
1.373079039212861474e+01
1.318604105863436970e+01
9.396096588151124251e+00
1.468564986002884609e+01
1.458600974082508728e+01
1.342902715081076437e+01
1.423197832216561309e+01
1.464330890783341843e+01
1.483082713224129989e+01
1.441828021844699492e+01
1.098539128904498874e+01
1.376089388602511931e+01
1.442669360871163065e+01
1.459694362537614154e+01
1.483349159922182281e+01
1.402455810194658703e+01
1.400150300799372438e+01
1.345813759848416424e+01
1.472732113859530401e+01
1.476110229533394680e+01
1.481396482873237908e+01
1.319000137583572574e+01
1.424169453764318405e+01
1.391371970893084686e+01
1.450842775992493472e+01
1.440823577437950398e+01
1.443071280309919047e+01
1.411226988478078681e+01
1.448185209691823161e+01
1.422813622646075160e+01
1.431335084785707679e+01
1.422849385240768072e+01
1.467441419040319595e+01
1.069359317348192029e+01
1.465383669003270128e+01
1.475374024279547314e+01
1.478317397213679385e+01
1.367132858423375907e+01
1.292258338738848877e+01
1.330060103081242140e+01
1.370988993564147584e+01
1.168059119802320112e+01
1.363060690425971622e+01
1.432945741174612309e+01
1.481506348287778252e+01
1.380381740277229774e+01
1.421498637537931486e+01
1.476700156836763611e+01
1.480993958988071846e+01
1.480322446608285070e+01
1.474265722397154477e+01
1.388228329229093205e+01
1.471149232924489780e+01
1.387839755123422236e+01
1.466588724188077286e+01
1.389124397037561920e+01
1.283296509230866711e+01
1.454623758581199944e+01
1.482118650855193565e+01
1.482822917544825003e+01
1.478355945393780679e+01
1.439755718053596212e+01
1.435943300671026535e+01
1.477617304141285715e+01
1.484023795857256900e+01
1.331267694577859650e+01
1.256901763021287799e+01
1.407048260484643265e+01
1.282822891412118338e+01
1.437805468390369157e+01
1.437943395859410600e+01
1.326335625123008732e+01
1.482726357148625418e+01
1.451144248009907400e+01
1.407838743146568916e+01
1.451810950319628013e+01
1.436049458573591409e+01
1.423865302047247106e+01
1.412901845449437843e+01
1.055734824492968471e+01
1.475311553148707056e+01
1.433720918329043847e+01
1.476039188197029972e+01
1.464913673902313818e+01
1.235660174735024697e+01
1.464628858414440415e+01
1.425679630103409146e+01
1.436084318860495124e+01
1.470204051320926375e+01
1.031883938860784156e+01
1.400272498617051298e+01
1.471299123182776647e+01
1.315509798423386201e+01
1.435245548854979347e+01
1.418907977384430907e+01
1.419007727212199654e+01
1.445084877848596427e+01
1.407173572834106956e+01
1.480322446608285070e+01
1.201192751846294193e+01
1.426694698168487285e+01
1.294167179385130773e+01
1.293825698382844891e+01
1.470414650797905054e+01
1.454034843554705603e+01
1.380208991027599197e+01
1.469765182899905653e+01
1.344286062022687922e+01
1.454038195037487569e+01
1.445084877848596427e+01
1.388971551211063371e+01
1.444410912098356903e+01
1.464444590920277101e+01
1.289805440661465141e+01
1.409563582512587132e+01
1.326335625123008732e+01
1.459402538782103420e+01
1.483082713224129989e+01
1.371945392821095311e+01
1.414258927252117104e+01
1.429389390556772632e+01
1.398656693196491219e+01
1.433720107813922517e+01
1.286939607596698920e+01
1.425514167047315084e+01
1.395980755050811162e+01
1.387232620333327127e+01
1.380996294584146611e+01
1.479262056468252418e+01
1.424843564892730541e+01
1.129033855778500595e+01
1.226958827040960642e+01
1.461667228319146794e+01
1.231366698587315156e+01
1.483930414187004132e+01
1.319014962914429390e+01
1.296556921963185971e+01
1.483082713224129989e+01
1.464891395036481470e+01
1.469000989820718672e+01
1.476619757148548118e+01
1.463504794040033374e+01
1.438899779672912160e+01
1.401985886137923210e+01
1.469237687215380461e+01
1.406440785477853872e+01
1.449016578940913647e+01
1.479342546563152005e+01
1.366494049442237646e+01
1.422181282266384805e+01
1.369456249808237835e+01
1.410945756596097311e+01
1.399936126159683170e+01
1.452365663200832913e+01
1.444901109399108385e+01
1.413357172713372911e+01
1.290339285035468464e+01
1.433838590315839845e+01
1.451432765805978775e+01
1.409203779792023070e+01
1.399936126159683170e+01
1.335462446119136004e+01
1.251391400767634465e+01
1.430876890821851433e+01
1.150058897209759223e+01
1.368550466683690381e+01
1.435286256397023941e+01
1.275867537515974348e+01
1.456685810117497581e+01
1.437805468390369157e+01
1.439749289727585513e+01
1.476039188197029972e+01
1.401065989071872764e+01
1.150058897209759223e+01
1.416527009131453241e+01
1.401460340159257356e+01
1.461624291124288177e+01
1.443351025371932650e+01
1.455569622507945837e+01
1.482752356465717725e+01
1.430517038578391897e+01
1.465383669003270128e+01
1.383085126171672918e+01
1.442515029986325104e+01
1.114201679563643843e+01
1.455779712320661545e+01
1.469803508166268102e+01
1.156552817626034546e+01
1.305690182441101754e+01
1.461667228319146794e+01
1.281991504573960938e+01
1.442054392069271174e+01
1.309714853185611183e+01
1.472462435585272544e+01
1.477171978770776128e+01
1.137087123324759474e+01
1.321675215506567547e+01
1.483082713224129989e+01
1.425068069123472370e+01
1.418067358436488590e+01
1.375680976714801318e+01
1.464161144609031950e+01
1.272647607795438063e+01
1.451119877078508758e+01
1.419626839866206147e+01
1.464205738464224815e+01
1.445084877848596427e+01
1.405753255248677647e+01
1.418048384689051566e+01
1.460038003486725344e+01
1.304114205949002780e+01
1.424960245479859111e+01
1.373433799172809344e+01
1.477519021115187670e+01
1.452779564789715039e+01
1.457550428979047119e+01
1.431678635411552847e+01
1.404524427084575322e+01
1.300652020997102909e+01
1.376089388602511931e+01
1.425468630646922286e+01
1.150058897209759223e+01
1.348164988772539097e+01
1.427524819315333815e+01
1.461433781165145263e+01
1.434744287428005904e+01
1.448013086037784625e+01
1.422161308045982864e+01
1.414784124224749817e+01
1.419776923427301440e+01
1.470414650797905054e+01
1.472686490188233144e+01
1.479428112652008309e+01
1.352601400636192785e+01
1.468008716614922093e+01
1.465168146618665546e+01
1.451316674681640251e+01
1.393303719401823670e+01
1.480322446608285070e+01
1.341069382515042818e+01
1.452779564789715039e+01
1.449009889450198330e+01
1.465383669003270128e+01
1.357309865816915284e+01
1.472237079629483070e+01
1.408823010583766333e+01
1.362595117888421115e+01
1.402920302103099459e+01
1.236142173687096069e+01
1.482848379771061609e+01
1.379665408888425304e+01
1.321901627696483317e+01
1.285149165209210409e+01
1.425177809473493085e+01
1.388595535508335388e+01
1.468319844867994561e+01
1.480000027938240237e+01
1.339695903751066908e+01
1.407238790457816791e+01
1.483082713224129989e+01
1.410528270531220230e+01
1.466343881529349780e+01
1.399936126159683170e+01
1.291634772052033320e+01
1.304323937866673866e+01
1.479885095826573327e+01
1.480082015607089296e+01
1.425651827958323281e+01
1.400597875860548669e+01
1.430464609593704495e+01
1.326335625123008732e+01
1.243557079325708337e+01
1.480237144869433230e+01
1.438036905192924308e+01
1.461667228319146794e+01
1.443146474495220843e+01
1.441705014774661286e+01
1.419769265941128822e+01
1.386327770840714457e+01
1.378596505312736120e+01
1.419056782960847407e+01
1.432528817352472572e+01
1.320010794535455467e+01
1.208175448771128124e+01
1.445608349030942108e+01
1.431456779600548401e+01
1.406645250993005547e+01
1.440047221930244703e+01
1.476489815479018830e+01
1.416579511635735322e+01
1.421474682042078541e+01
1.351824373725462713e+01
1.483321649131586817e+01
1.473734618339309677e+01
1.443742028434656532e+01
1.473405100206672813e+01
1.254111535087370477e+01
1.356360568392969768e+01
1.358477634161949332e+01
1.237468340461498784e+01
1.437943395859410600e+01
1.441828021844699492e+01
1.306967909850677856e+01
1.463321639315731559e+01
1.472550125663422094e+01
1.467032982061734359e+01
1.441705014774661286e+01
1.372449849039840686e+01
1.441828021844699492e+01
1.444945993489990954e+01
1.378509316506174187e+01
1.444983442002967067e+01
1.121088852749149645e+01
1.443512899457960330e+01
1.416540109930871516e+01
1.392860899735993740e+01
1.449016578940913647e+01
1.455992977480960882e+01
1.452779564789715039e+01
1.417534947770627340e+01
1.353013428702143628e+01
1.372892449670027659e+01
1.431611638706699985e+01
1.451147253008325322e+01
1.124554804217904547e+01
1.333005288310392444e+01
