1.445588577404981938e-03
4.128855038653438625e-06
1.789706782229359187e-06
5.547732096978423653e-05
1.996894610522039479e-04
2.422058444837563911e-04
1.203727690263470029e-04
1.225710404505120069e-06
1.547222407052216376e-05
2.695643017473322764e-05
1.001405561872138576e-03
7.547057493822611790e-05
1.653547256063406592e-03
1.644176493014446773e-05
2.100881708506288225e-04
5.882517008051926377e-06
3.484598321218234512e-04
1.172492262657663450e-05
8.107099274958796606e-03
1.301474206978145832e-05
5.225235654728969123e-04
4.709510586373243842e-06
2.982996974844147049e-04
4.839948206982353854e-06
4.128855038653438625e-06
5.426494408709147515e-06
3.220871180687070782e-06
3.627902927243407532e-05
2.036154595768575485e-05
2.526336466552766284e-06
1.858793329306354940e-05
1.558579343290197471e-04
9.938625363313268498e-05
1.789706782229359187e-06
2.479925333905430172e-05
4.464308632204795190e-04
1.957636082598093036e-04
3.024617099858369572e-04
7.382413992286903032e-04
3.744101048155280305e-05
2.717101462327819249e-05
1.033897227772637580e-06
1.004681555351650407e-03
6.605956763467950711e-05
1.154324208308271649e-02
4.428178135085615932e-05
1.208071540530551811e-06
1.462629023236398495e-03
1.893777300763204569e-04
7.762646980938063199e-04
1.970832496665355705e-05
4.714963576512154842e-06
4.781257712541683120e-04
1.794195466315817071e-03
3.279092342877275029e-06
1.257450670271224391e-03
5.683334959648970487e-04
1.125301222231262478e-05
2.979993655719985046e-03
1.244742219845831009e-04
1.323609473946807315e-04
9.410639651400761884e-05
6.583152753210716338e-05
3.525401284964951847e-07
4.634664029833127433e-03
2.926316267264220724e-04
3.100109803218465895e-03
2.367164885046762872e-05
8.701348932224221887e-04
1.421581706327022148e-03
7.071187445494074401e-04
1.033897227772637580e-06
1.259698012984636437e-03
7.435355570419854843e-03
1.241781142592152890e-03
1.109824369951000747e-04
7.435373042845030370e-04
3.606624632764400345e-04
1.646469734069553367e-04
2.102309253291313501e-04
2.511790251584340131e-04
2.245810671706586939e-04
1.909579631100788606e-03
1.050184908472884498e-04
1.023626375297201981e-05
6.347957018404498837e-03
5.686698945889596181e-05
3.268638455980779217e-06
3.078785747789544486e-04
4.877357485093555627e-04
3.089177694987287059e-02
1.998174850801080204e-05
2.754647524792518728e-03
3.055006780090917809e-05
2.091777194247161094e-05
6.378464561466594710e-05
1.107470919243267078e-02
2.411806328833061917e-04
3.341483181230691063e-04
9.391494702668797077e-04
4.722184196446098170e-05
5.702547386472460347e-05
1.434231495187158209e-04
9.116820320930729129e-04
6.395229733445765015e-06
2.479925333905430172e-05
5.547732096978423653e-05
6.160241206465637395e-05
6.169507658485549363e-04
3.259955136416175592e-05
9.406407011578380275e-04
5.016020549845065950e-06
3.892846865975975381e-06
2.358946064576455514e-05
3.716079632066050060e-04
1.135791227550390567e-03
1.241517045324474214e-05
3.525401284964951847e-07
2.532515348816618623e-05
8.404214884289652916e-04
4.121897822075346724e-04
4.899689321373894985e-03
3.896376411404719542e-05
6.067775645534790739e-05
1.237210604991232765e-03
4.958414456229556485e-04
4.218193900399543083e-05
2.930601564194387312e-05
1.257450670271224391e-03
6.515023801142138789e-05
6.053304771848777186e-04
1.677890855536584797e-04
1.999942674446278823e-04
6.378464561466594710e-05
1.942434637581344752e-03
1.634767331799323663e-04
1.111364205774380981e-04
1.315695630385164722e-04
9.436130843262894812e-06
1.953272674291150893e-04
5.016020549845065950e-06
2.844749163459889220e-07
5.669521097802774917e-06
4.178454951417584539e-04
9.463124580847708423e-05
8.156609223469937428e-03
3.120975965679259492e-05
4.302590302926328651e-05
7.714245859436559462e-05
4.128855038653438625e-06
8.102314938621029750e-05
7.536173476327425705e-05
1.736139820937097477e-04
1.870273975811139562e-03
6.785679032877645024e-04
1.143239384106415513e-05
7.671909420642148098e-05
2.332235012333456373e-06
1.817033517662367759e-06
1.301474206978145832e-05
6.749623820763725815e-04
9.466832834567907298e-04
2.309550044916363384e-04
8.327362082984387365e-06
3.245169874858512028e-03
1.701073170128938709e-03
2.709252931404528691e-04
1.944140256510578488e-05
2.242078181167894932e-05
9.608204508272249773e-04
5.177254525326765002e-04
2.844399423718734936e-06
1.864114743753638153e-03
5.338300743976333413e-06
2.102146428383872478e-04
1.908749714391257817e-06
3.029329679558841800e-04
2.568765892470098858e-06
1.301300670595191545e-04
1.483267740499444234e-03
1.483224075261994554e-03
1.951065546803721953e-05
2.097449334398836240e-03
1.121127497412804496e-03
6.512596333323117858e-04
3.716079632066050060e-04
9.281514558869407173e-04
3.849208952213657004e-04
2.936265361594573263e-03
1.882452495137247779e-03
2.717101462327819249e-05
2.873962329527091899e-04
3.182847876358187225e-06
7.887166277849914876e-04
4.507557785254067019e-06
1.838594155078068478e-03
6.866078368237943895e-04
6.906183458266997900e-04
7.217370656028176306e-04
1.020679391117559404e-04
2.241446412168499221e-03
2.858611739942957435e-05
1.655927827355446703e-03
6.378464561466594710e-05
8.438305843241367414e-05
8.620838828644919417e-04
3.089882576482438892e-04
2.565185348754909708e-04
1.071492732582287516e-05
8.821845198345715970e-05
4.897880436613076495e-04
1.935987348250715716e-04
5.007830012311700928e-04
6.091738927178651697e-05
8.830246209413014093e-05
4.906803298505062194e-03
3.106683667943987287e-04
2.050430285078410318e-03
3.213944573657897923e-04
1.225710404505120069e-06
4.989617931860287079e-04
7.285014906461869482e-06
6.152450929144919053e-04
4.090902798293091807e-05
1.825466565038901608e-04
6.378464561466594710e-05
2.479925333905430172e-05
4.396394549944351643e-04
5.476781840575672662e-04
3.793990367028336205e-05
1.789706782229359187e-06
2.930601564194387312e-05
1.510057267603918930e-04
1.221950050979171291e-05
3.732823017374453135e-04
3.353344648558198850e-06
2.937257627490920202e-04
8.701348932224221887e-04
8.418844032788543128e-04
2.776283779649125691e-03
7.765984424087627347e-05
2.631096519114914552e-04
1.645140818105599717e-04
9.808364428705703070e-06
5.768997879917305115e-06
4.119990620424146869e-04
3.112953104227999396e-04
7.803999312498397271e-05
4.812078998032333258e-06
7.858900209337736642e-02
3.289864615553283648e-05
2.429592342133495529e-03
3.282092191377209128e-03
7.777172534965712085e-04
4.674349950605350247e-04
2.091777194247161094e-05
5.840032828104561695e-03
1.176218729380303570e-05
7.402431309059794365e-05
9.966270401650172920e-04
4.335817259300255315e-05
2.822645013873513486e-04
6.617454490046259475e-04
4.692448439273481247e-05
1.218444147082624215e-04
9.830514506533112419e-06
1.677818280549404036e-05
2.418991025213531026e-03
7.309556718417932178e-06
4.917513811875533908e-03
2.799605367792344879e-05
2.885924561053160742e-03
1.534010742308438064e-04
8.223162078996968803e-05
2.318727020500939204e-06
6.040488018272799884e-05
8.613865181948639812e-04
4.128855038653438625e-06
2.750448977635109433e-04
2.007281773243173255e-05
8.145931693423464183e-04
6.877182489160647394e-05
9.860695296937322437e-05
2.806958032734702233e-04
9.951486527779804399e-05
2.332235012333456373e-06
1.805299933056815631e-03
4.035701675558526699e-04
1.067105098806460222e-05
1.543955188534024505e-04
7.933021008633857200e-05
1.329008155347222714e-05
8.935300188240574031e-05
2.809169204294490862e-03
1.491186817081479113e-03
1.101975375738861512e-04
1.109824369951000747e-04
4.272374939801418145e-05
1.619702529635190730e-03
1.225710404505120069e-06
1.399658913720095078e-05
2.079929816101943566e-04
3.545512514304178142e-05
9.735017021638143382e-06
4.128855038653438625e-06
1.261608954796191763e-03
2.208405843558129851e-05
9.393792546856032880e-04
3.887167582395668739e-05
2.301196264725507190e-05
1.044168461306284670e-03
2.063189160333721067e-04
2.080938693377803799e-05
1.881874947485785970e-03
1.753939663042541891e-05
2.049156899369390135e-05
2.921031504642887590e-05
5.140465404109595057e-03
1.543965191594339967e-02
3.558803583052214722e-04
1.747121244288699822e-05
1.224947004259355503e-04
5.087836114559914682e-05
7.263233290671955488e-04
2.135462829572258295e-06
3.434567438715193863e-03
4.061051022085217753e-03
2.793821291443508150e-04
1.351452647095108565e-04
1.395795443383135090e-02
1.124289507715787783e-04
3.527956537351176745e-04
1.240503630037538638e-03
3.903967875538271327e-05
3.529573140271350133e-04
5.709402861713282033e-04
5.800228619974721238e-04
4.645067324283733774e-04
1.599920674082916177e-04
3.998442219052541569e-04
1.207816997560729453e-04
3.896376411404719542e-05
3.866542673760402227e-03
7.013334062215374753e-04
5.095584277179419398e-03
2.479925333905430172e-05
2.697623643750778026e-05
1.944140256510578488e-05
3.592669299225646914e-05
1.084514102807305310e-05
6.602320999508352016e-03
1.481233151509864481e-04
5.838724101442864522e-03
8.065991365076832429e-05
2.135485451418615063e-03
1.188568281303982829e-04
1.015187986262568816e-04
7.431410057212485673e-04
2.935940089331766893e-05
1.336553253573392742e-07
5.016020549845065950e-06
1.924400323465506922e-03
5.465513831778325005e-05
1.718191121576915842e-04
7.356403340621555395e-05
1.572881971612095616e-03
2.106202992382618516e-03
9.660783271714641580e-06
2.894405532774056277e-04
1.599610316395585628e-04
3.512164974382710821e-04
7.107090582182883597e-05
8.935300188240574031e-05
1.639370428777501846e-05
3.882440798791338436e-05
2.675771962015338504e-05
5.355179968105564360e-05
1.631231384533540367e-05
1.978612539437632294e-04
1.036403097683623537e-03
1.737422704347395811e-06
2.450716326719168999e-03
3.183153829357525128e-03
8.935300188240574031e-05
5.437100940597556950e-05
7.408850592172026123e-05
1.849244378775360086e-04
3.280437863592967299e-03
4.731121323060077932e-02
6.222917273465804211e-05
1.366556181527266850e-03
3.896376411404719542e-05
5.987594707364123656e-05
5.919361366212151469e-04
8.359700788510671761e-05
1.237210604991232765e-03
3.618764799156944404e-04
1.623165622802155207e-04
6.981425811248310749e-05
9.391494702668797077e-04
3.610747156095690038e-05
3.322277364219398970e-05
2.622795963121991370e-04
1.881874947485785970e-03
1.042109241547029997e-05
1.838594155078068478e-03
2.228403965921960149e-04
1.218694885890172401e-03
1.538346659889833470e-05
5.476781840575672662e-04
2.284052184765577656e-06
2.410976743489681921e-05
1.968222719925557301e-05
1.547139602084410053e-04
9.790124785347687473e-05
1.666755815263547930e-04
2.370684747489988761e-04
4.160266170690645783e-03
9.940635057600608927e-04
5.284741039574186917e-05
6.335027244651014961e-04
1.915824597853547917e-04
2.907221260333058476e-04
5.030861158511338357e-05
7.093505141892301243e-04
6.424550038385747498e-04
1.221950050979171291e-05
5.669153721780691649e-06
2.484025402273348153e-04
2.422058444837563911e-04
4.143953010684667124e-05
1.135791227550390567e-03
7.269657978476714915e-04
2.675771962015338504e-05
4.218193900399543083e-05
1.385409918462837458e-04
3.933562735281794251e-06
3.304391220349236417e-05
2.645871060104860810e-04
6.289292528085988930e-04
2.487574605689000113e-05
8.536547216112163607e-05
2.349448423410763177e-04
3.576445325571707867e-04
4.615173729865258809e-04
2.994668972417975921e-04
2.797200343850273028e-03
7.519315988410317292e-04
1.828822098450239139e-04
1.942221270030770595e-05
9.053831131512051498e-04
3.186702496217525590e-05
4.128855038653438625e-06
1.181123124732672556e-04
1.510057267603918930e-04
1.609805790104833515e-03
2.534423278469710239e-04
3.944445249614257089e-04
1.887263219406108976e-04
2.422444524562220643e-03
1.085959072201750548e-04
2.461568189483606157e-05
3.026925896390173553e-05
1.174737005756863761e-04
5.319217695325392315e-04
3.111067106513872504e-05
4.237051700454057311e-04
5.527287992787806910e-04
2.740073436627567206e-04
4.541608950152071860e-04
1.205013231332428044e-03
2.358946064576455514e-05
7.409310518926908767e-06
2.290038566468208107e-04
6.558734433024021788e-05
1.301474206978145832e-05
2.160938281469095004e-05
2.890590042518060928e-05
1.383477211005506181e-04
4.049333277785318801e-06
4.971588340991340535e-05
4.257337184522093170e-04
7.723111804567388793e-04
1.695389538372176809e-05
9.280236123370784647e-05
9.981630826491429457e-05
2.071507244377696741e-05
9.436130843262894812e-06
3.859011526279296808e-04
2.494083286022221553e-04
7.180038121936442249e-05
3.418460504935345715e-04
8.872085350487247813e-06
5.869281054758886420e-06
5.440436761703819693e-04
1.432166157187278672e-04
5.500748808403653880e-04
1.790711968462573868e-05
1.603465139396710256e-05
3.839751911030285796e-04
1.017643121712773257e-03
2.009463692982207711e-04
3.429742071518176175e-05
1.278510495077693605e-05
1.973360821118662659e-04
2.591216725341119118e-03
1.321831894064592850e-04
1.695389538372176809e-05
2.676230389973859774e-04
2.255773616704850496e-05
1.826561206837892771e-04
1.613273860650907016e-03
3.896376411404719542e-05
4.377681353198257933e-05
4.280879688844764562e-05
3.163375854900830826e-05
3.918596835216079830e-05
5.219164449710925467e-05
2.163889654810583953e-06
2.523469798695264737e-04
3.002071232655464158e-03
1.730386462814389613e-04
4.241652105890466370e-05
6.646848899048887326e-04
2.363341704393351946e-03
4.172297014611332376e-04
6.232678346190217837e-05
2.619232925970623688e-05
6.212870379576625017e-03
8.502747619688747873e-06
3.268638455980779217e-06
5.813373465908837439e-06
8.436372446103498251e-04
8.286592253173559754e-06
2.370050363173390406e-04
3.292647086253313628e-03
7.909670589314939668e-04
9.705311180454370950e-04
4.028482849639753523e-04
2.762767696676302726e-07
1.229319409379285989e-04
4.054445176362476435e-04
4.302590302926328651e-05
2.805731965305663421e-04
1.100329798894441894e-05
4.301646895122318570e-02
1.111364205774380981e-04
5.572046186771463516e-04
5.542360320719387978e-04
3.475819875369649950e-05
8.952697564646695198e-04
3.661811652745689428e-05
6.167029802118534529e-06
1.245394867827097709e-04
7.535636403921492569e-05
1.825339049553018414e-03
1.216697870254270816e-05
3.932585912898844136e-04
3.430056308185922778e-06
2.929225681520456859e-04
1.033897227772637580e-06
8.935300188240574031e-05
1.139297299644811620e-03
4.080063716848472710e-04
1.323035124612897089e-05
2.587510059007569235e-04
1.360508029669627071e-03
1.288793158748319101e-05
9.436130843262894812e-06
2.170261697828560334e-04
3.610747156095690038e-05
3.690176110018160579e-04
1.001405561872138576e-03
9.587246280834635392e-05
5.386388290150558511e-04
1.026963976917581911e-05
2.768493910037509885e-04
7.265745049693873902e-04
1.105821186968728764e-06
6.272836485144636382e-06
7.186324580842857546e-04
2.837189478505510549e-04
6.970451949350768712e-06
3.770994181786643199e-04
8.335261459913380727e-06
1.404427145398147830e-05
2.070957746580633693e-03
1.221950050979171291e-05
2.906892544718817800e-04
1.576003430373594236e-06
2.702433504849602623e-04
1.960963504765707736e-06
7.023276615863707697e-05
6.272836485144636382e-06
8.286592253173559754e-06
3.827133274752166485e-06
1.342492226150172408e-03
1.555360233060901134e-04
1.026528826166413596e-05
2.219705567737842943e-04
2.417936807092265998e-06
3.935314896075664277e-04
3.878867699823058940e-05
3.716079632066050060e-04
1.917749721082157260e-04
1.839164840105894259e-04
4.786052936084039767e-04
1.291775586548050145e-03
2.568765892470098858e-06
2.887958632352679916e-04
2.186910703711947355e-05
3.237915927763731572e-04
7.086103801697633256e-04
2.680283273671538074e-05
2.205159617550308179e-05
3.271478830233799312e-06
5.901441955073945820e-04
5.399756651762375320e-02
1.624276090691924421e-06
3.643359167430497512e-03
4.239130909595138384e-04
7.473481867111343406e-06
7.809071568044941559e-06
3.101816324581716672e-05
2.831574436482811705e-04
2.645489247989753299e-04
3.242039262326259293e-04
4.666335033047897885e-05
1.114237949397098126e-05
3.174947346205175830e-06
9.785352455360673846e-04
6.268290731696338973e-05
5.198529521485793911e-04
6.205573764381085156e-03
6.262883045983222777e-04
1.024885494102584060e-05
4.546089944326958112e-05
9.698145763124354319e-04
2.370074377790459732e-03
1.656935674430194683e-06
3.306296565178364278e-05
5.609670232684411369e-06
1.664626621953029439e-03
8.152594715577805303e-06
2.532729859254739222e-05
1.258951679481753864e-04
1.705624787343543823e-05
3.633521169848400552e-04
4.264393688715448281e-04
5.985678433441804502e-04
6.823091554442282112e-04
7.481023987296740113e-06
6.722991375201918572e-04
1.220753897016793187e-04
5.682564544774664590e-04
6.456453719961935574e-03
9.641650585967000923e-05
1.196284674514024385e-02
1.356708998193173986e-04
1.515250326818613610e-05
1.560634565995350827e-03
2.667728362758836277e-03
5.413205539394933159e-04
1.776193581151611339e-03
4.090902798293091807e-05
1.042181370397087102e-05
8.205492304466190155e-05
7.955148888318448904e-05
7.569979287355784630e-06
2.921110998117339738e-04
7.967941801392287035e-04
1.109835630796698230e-04
1.061577335448284564e-03
1.655033255284474639e-04
7.359787339696177559e-05
9.281514558869407173e-04
8.228806803584031966e-04
2.479925333905430172e-05
1.978612539437632294e-04
3.106715084528649697e-05
3.559653800647818089e-04
9.611473920074890560e-05
1.234783532960993520e-04
2.930601564194387312e-05
1.172492262657663450e-05
2.483713680835482416e-03
1.507431562426231179e-04
4.427242207896732315e-05
2.425076522257970128e-04
2.312490227177020901e-04
5.016020549845065950e-06
2.253078872977036301e-04
3.527885342431885175e-04
1.651986910590738915e-03
1.140385604993294708e-02
7.402431309059794365e-05
2.823198378670000361e-05
1.250267197717858526e-04
4.929361271526303554e-04
1.414615222309329834e-05
5.016020549845065950e-06
8.935300188240574031e-05
1.648366370253337172e-03
1.951542243299263750e-05
1.694014813313508548e-05
7.077252633275607160e-05
1.560160007437539134e-04
9.079226838204786207e-05
3.526928938633804052e-06
2.454044020127156903e-02
2.135462829572258295e-06
2.300250016081899478e-03
2.191515696826232078e-04
4.709188330881118080e-04
1.806107698801925226e-04
7.409310518926908767e-06
1.069255345598186381e-05
8.622192981400744836e-04
1.231512956565736452e-06
3.430056308185922778e-06
3.831845420066323261e-03
2.622795963121991370e-04
1.090415497001587219e-05
5.338823562145354572e-05
1.496237862056473114e-04
4.191169745999562871e-06
3.220871180687070782e-06
2.102146428383872478e-04
7.066293443631460310e-04
1.301474206978145832e-05
9.189485155330001306e-04
9.962954549966946056e-05
1.716318769582394558e-05
8.093084940747491147e-05
1.491352496154735421e-05
1.186478614151042874e-05
1.256944137398563520e-03
3.118671762230322748e-04
2.274521235304959759e-04
8.455830149401398488e-05
1.181925672320376629e-04
6.931923581154733269e-03
1.191578859076119020e-05
2.184792200855658999e-03
2.557448800954176607e-03
2.000373416537681252e-03
2.284052184765577656e-06
7.976000534239596805e-06
1.636447705584493026e-06
5.043650417211766436e-04
4.649597575828840580e-05
5.244555580994840049e-04
2.023510765190937154e-04
1.347770799543821422e-05
6.062067494771753383e-05
1.343395482570710112e-04
1.368070132275811058e-04
1.044373844885818775e-02
4.061551147097517919e-04
1.058041810352135454e-03
1.919025204167273038e-05
7.610297327912186362e-04
8.935300188240574031e-05
3.896376411404719542e-05
5.933297359502319327e-04
2.813477971110104866e-05
1.112533902351871794e-03
1.817033517662367759e-06
6.267294815565044395e-04
1.197041975557625601e-03
4.625097811687986190e-05
3.245659214452377862e-05
1.275189721742973036e-04
3.653759938023515465e-05
3.807798879144875213e-05
5.768638037084199079e-05
5.279799391182335173e-04
2.200691046553621046e-04
7.325835990071797438e-05
4.425845554942270700e-06
1.250954795774091455e-03
9.053831131512051498e-04
1.684077876182044639e-03
8.414744516321231256e-04
1.672437050574443105e-04
9.327158676106384744e-03
5.648282260701458597e-04
1.361403179621110753e-04
1.978612539437632294e-04
9.391494702668797077e-04
2.702433504849602623e-04
2.806958032734702233e-04
1.404427145398147830e-05
4.877788588392494105e-04
7.635545079386883011e-03
3.568101325471420386e-04
5.459609697900178463e-05
4.900776512711430520e-03
2.605625900790218760e-03
2.836106670804218834e-05
3.954567387816362491e-06
2.079929816101943566e-04
2.258242660182710504e-06
7.023276615863707697e-05
1.404427145398147830e-05
3.398755264491703978e-03
1.221950050979171291e-05
1.978612539437632294e-04
6.991167868738561728e-05
6.215273213958091912e-05
8.098166259716679327e-04
1.296453169231724889e-05
1.252897893404076625e-03
8.359700788510671761e-05
2.069417577915597095e-04
1.241517045324474214e-05
1.707039820270586303e-03
1.789706782229359187e-06
1.930377516146185649e-02
1.221950050979171291e-05
8.637144933714439778e-04
3.858645733235212982e-05
8.011927646300166881e-04
3.250686087143604859e-03
1.211659198554604095e-03
4.061051022085217753e-03
1.010355034614650880e-03
2.208405843558129851e-05
4.992259566812246420e-04
1.231477875088525745e-05
6.587134194476917617e-07
1.670868877551324734e-04
2.094939835232758642e-04
2.305077499707084018e-06
1.337973815022234819e-04
2.182880550405512127e-04
2.568765892470098858e-06
6.157556097184676488e-06
1.911793804284138820e-07
2.776074883060846137e-03
1.246012571161530516e-03
1.092264979408963616e-04
1.214795341390329647e-04
1.852256369174775427e-03
1.555831642092763865e-03
1.394797416657821447e-03
1.252544759308451801e-04
2.777565062298506700e-04
5.430792758027523428e-06
6.050365138708487580e-05
3.603121966442461902e-04
8.460368250418652121e-06
1.209851654111694430e-04
4.778251214688011145e-03
1.009126069412183403e-06
1.976071865507466295e-03
8.327362082984387365e-06
2.490031526529738062e-05
7.323594573651110232e-03
3.041813369826922866e-04
1.234049887110232124e-05
2.420318229022946563e-02
2.844749163459889220e-07
4.714963576512154842e-06
1.237210604991232765e-03
2.102146428383872478e-04
4.419034052476943569e-05
4.427242207896732315e-05
2.581057877213678261e-05
2.568765892470098858e-06
1.979419174623356644e-05
3.980783855183589416e-04
3.896376411404719542e-05
1.090047086095425698e-05
2.675771962015338504e-05
3.108171693935376785e-04
1.214546271084482494e-03
2.456389540453916874e-04
8.537009070603913990e-06
9.300009205560521490e-05
9.945920159674663703e-04
1.962948147378190547e-04
9.565004735198628536e-04
2.184792200855658999e-03
3.236809875160030027e-05
2.213350541459690272e-05
4.241257577200920970e-04
4.738963844111496210e-06
1.671545252262877067e-04
3.782859264854000238e-05
2.081463993215298109e-05
8.935300188240574031e-05
2.066605137626594153e-03
8.033092286005279279e-05
5.800690176659507391e-04
4.650544094354754424e-03
3.101744996579820649e-04
4.593056570103735193e-06
1.564639059955404620e-03
3.004817001370216670e-06
3.892846865975975381e-06
8.870896443162457328e-05
4.947734850032354907e-04
9.660783271714641580e-06
1.241980637364603428e-04
1.026894874079991259e-04
1.950712686596771470e-03
2.798578602062797970e-03
5.043650417211766436e-04
1.176376616187657567e-03
4.239130909595138384e-04
9.870940225342220121e-05
1.001405561872138576e-03
2.855912156219451818e-04
2.493982003723815285e-05
2.874575661891388902e-04
1.694014813313508548e-05
1.106259680340745499e-04
1.074563588459285807e-04
1.414582212340909561e-03
5.817454696158173106e-04
2.719961251009341447e-05
5.540027378865286251e-04
5.479472728819820293e-05
1.806107698801925226e-04
8.460255735211492240e-04
5.152625911003656280e-03
1.216697870254270816e-05
2.208405843558129851e-05
2.423523468671291356e-03
3.896376411404719542e-05
1.881943800187440468e-05
1.042109241547029997e-05
1.026894874079991259e-04
1.219430289998600029e-04
1.377200690060314894e-05
1.987302736776305047e-06
1.439331042283241110e-04
9.940635057600608927e-04
6.215273213958091912e-05
6.271883708618150393e-05
7.285014906461869482e-06
1.638776789544973229e-03
7.547057493822611790e-05
2.204430911824652520e-03
1.240876860958666091e-04
1.576003430373594236e-06
6.291710905551735865e-04
4.285825521674589835e-05
3.707828586115249252e-04
4.239130909595138384e-04
4.615211235266914136e-05
3.103531282407248137e-06
9.397195562251298788e-06
2.249349287043547665e-03
1.528970643665751767e-04
1.921660449516002114e-04
6.451876510967075561e-04
1.783573722464895737e-03
5.478519529238699631e-05
1.246620452979288127e-05
5.112092496437426058e-06
5.800934757232148264e-05
3.854684762308209760e-03
7.918611958351875167e-04
4.020966020469459140e-05
9.398148380902558024e-04
1.218694885890172401e-03
5.837917065613340800e-05
2.122351355655988840e-04
1.186258778012471462e-04
2.845997115526038238e-03
3.471745660295517412e-04
2.983785346034597692e-05
2.036237678535753395e-03
3.896376411404719542e-05
2.127835598813160718e-05
1.259648471181648696e-04
3.268638455980779217e-06
5.813373465908837439e-06
3.480682970251139114e-04
2.127938421467175079e-04
1.037323756647209449e-03
4.061062495298087965e-03
9.504564377608533323e-05
1.651527757982298962e-03
2.102146428383872478e-04
3.106715084528649697e-05
1.566196203801936433e-03
6.464316773170772530e-05
9.522838533042553288e-03
3.418460504935345715e-04
1.017916762032443030e-05
2.263224930831399251e-03
2.585254009378047755e-04
3.268638455980779217e-06
5.915433403125146028e-06
1.017776400740274482e-03
6.327049092248215911e-05
1.378072408933934900e-05
