1.660817623979250627e-03
7.040198950625590731e-04
8.799255934279517867e-04
5.847993988710304932e-04
3.734747078337150310e-04
7.770803983049474895e-04
2.101204120490765548e-03
1.310688407844931612e-03
8.688031256537224762e-04
5.774080102670743663e-04
6.484552792697311852e-04
4.028492975548240876e-04
1.005090238499754167e-03
2.057407385159745056e-03
7.900699418970830211e-04
6.173953744579083322e-04
5.381140758368915811e-04
2.796297842766329376e-04
6.919168876405841842e-04
3.275056868502959477e-04
3.976881759547136810e-04
7.467170832606369237e-04
6.675233449630704231e-04
3.286160083559302590e-04
2.065176926518729091e-03
3.594480307053801922e-04
7.240001025371877591e-04
1.045337600291594560e-03
7.593404134331032404e-04
8.685023829213486552e-04
1.146720594427786885e-03
3.329052355514006893e-04
6.626923535212730096e-04
1.147438569126309421e-03
7.337086029743559003e-04
1.071519102921132064e-03
6.262066605391767692e-04
9.483187691243547771e-04
4.063846213282389444e-04
8.081920864704874793e-03
7.243146298558548546e-04
6.527942656034434795e-04
1.128407109892632862e-03
6.533059634086746349e-04
2.741548910532280552e-03
6.693911073225899174e-04
1.719257188459863894e-03
3.881705703949297668e-04
5.958915603999079876e-04
7.307152039060446636e-04
1.370147334656769689e-03
3.535306978868073833e-04
2.439174523394239090e-03
4.654498737958375799e-03
1.696585256236009644e-03
1.195943120603861192e-03
5.124701183547840941e-04
5.737503692013953003e-04
3.413418553496173034e-04
6.827939997613431634e-04
3.153572174748784339e-04
5.528318121704977857e-04
9.908908257103396424e-04
5.051483534157669977e-04
2.319938549282946506e-03
9.274459395581115912e-04
2.927801500678923292e-04
2.718955928636310540e-03
6.401920110282970219e-04
1.306102911059884826e-03
1.103984372047965264e-03
1.785690502302224271e-03
6.321540406565460610e-04
4.272538966819997529e-04
8.237088202864218311e-04
5.779759059699123664e-04
9.015872838994846766e-04
3.544253664074696413e-04
7.306988635842506623e-04
6.449977868945824984e-04
1.334197390809742064e-03
4.576204971786588648e-04
5.364770829919934250e-04
4.961905431294868921e-04
5.739743349091223435e-04
7.278713466735214303e-04
1.047971939433944670e-03
8.863462694831995229e-04
4.160010726883235578e-04
2.688174055331049410e-03
4.205978850485973287e-04
8.399297835878061875e-04
7.714697245276769992e-04
2.289492992158435446e-03
3.357701042711914996e-04
4.310530237182834488e-04
6.128848366990960299e-04
3.863927489248456491e-03
4.562304739659870777e-04
2.004213153977067556e-03
1.388047197783845617e-03
1.161762040396773161e-03
1.148053905720357879e-03
1.811082517786996105e-03
3.640075069084743563e-04
4.884530003994030792e-04
1.644534065457050383e-03
1.865035322350285917e-03
4.807877774570418227e-04
4.468181557021627280e-04
6.240887730886773496e-04
2.336158099553365189e-03
8.843734873044222216e-04
3.848473750135944613e-04
1.266802028164817299e-03
9.989298472749788722e-04
4.831691490111085009e-04
1.229034698902634276e-03
7.692404299109698073e-04
1.930334425227845090e-04
2.778253047699570481e-03
4.790752233693133105e-04
5.355256979100339295e-04
1.321584203576677214e-03
1.995873075170777593e-03
3.446839012404389192e-04
5.146224901021418741e-04
4.251272216408423683e-03
4.507080159707098571e-04
6.832109814907287105e-04
4.265692716974430420e-04
9.513557773085556035e-04
6.815188321875545333e-04
7.579165950399659483e-04
6.574005885333416774e-04
3.736938171552936006e-04
6.005617181177768304e-04
1.234433288152184029e-03
1.910180989915964342e-03
1.422209411748354179e-03
8.047457318054105887e-04
7.533751977004712582e-04
7.053550854072981619e-04
3.786935433154999995e-04
1.768267588164654800e-03
6.171134015292783310e-04
7.639286141443156790e-04
8.217210165142663832e-04
1.256943697673981470e-03
1.090452526074419705e-03
3.950782497621187976e-04
1.438194141629783700e-03
1.602993143830380262e-04
1.122147679694070329e-03
6.798486330688750323e-04
1.035218525203375874e-03
6.449977868945824984e-04
5.328815564470958891e-04
4.897102901368987444e-04
8.874566662433666913e-04
3.250079301601898523e-04
1.462995698614554148e-03
7.689116422360449963e-04
1.074286463249276213e-03
1.877430638189512549e-03
1.061743258787765064e-03
6.333099925197558126e-04
3.810342875125589382e-04
1.052238633381390133e-03
2.041538803476542104e-03
8.030829811199027618e-04
1.181864655920883064e-03
1.636131655456904118e-03
1.189023318334442780e-03
1.936754691137621475e-03
9.989521241934491442e-04
6.751830273509526557e-04
7.684139958083852041e-04
3.884927488345231916e-04
7.871464910069626971e-04
5.737115182807218028e-04
1.255904232206627152e-03
5.665041357286645365e-04
6.360246538612093249e-04
8.963786787916072077e-04
6.685507462610264587e-04
7.723959610142299391e-04
1.063659493220415250e-03
1.721086626213926994e-03
3.843353411243612063e-04
7.162240207173727015e-04
5.170084557987851158e-04
1.001137632079830350e-03
4.891754848298186581e-04
4.367398705199187440e-04
4.540683148958125134e-04
5.152065548736508649e-04
5.409589986533627163e-04
1.234059265935862331e-03
7.395143229810403852e-04
6.954711802930645722e-04
3.527345014053318603e-04
5.513508817489081934e-04
3.995862229232696934e-04
2.009065856103132378e-03
7.589430648189978128e-04
1.081165105704322282e-03
6.571250730718454980e-04
4.730939670939511500e-04
1.234209785071490673e-03
2.306197975598513715e-03
1.057833590376489876e-03
7.714697245276769992e-04
9.218431672200164692e-04
3.009598413394046039e-03
7.615189739212640391e-04
5.997632250396328808e-04
3.374671779180772081e-03
4.631712789921883615e-03
2.203623568144025301e-04
7.569675433487619166e-04
5.899770516196002970e-04
1.597723102974483653e-03
3.557869741924496627e-04
6.053153368141771760e-04
1.956378174961232504e-03
1.098029879536161499e-03
8.676241690478999182e-04
5.589576066765518858e-04
1.092819232047791871e-03
4.717838544130839367e-04
8.487690516138348198e-04
7.291538952701107209e-04
4.859368441265250987e-04
5.655140007511890755e-04
7.438852007414636100e-04
8.723636699630795029e-04
4.002477842785696644e-04
1.121887685941418480e-03
8.016077383992768063e-04
1.007972894372319034e-03
1.698331803425951825e-03
8.612727393135613833e-04
1.435112569917614943e-03
1.234743401968686803e-03
1.047442536629429686e-03
1.292984523363458751e-03
1.244644307621705498e-03
3.693933037063260711e-04
8.674032095513046830e-04
1.026076823471206052e-03
1.078794544938121644e-03
1.162037753530832445e-03
8.740452262391304548e-04
7.823118440834043530e-04
3.391543220700126262e-04
1.361688982639107891e-03
1.000106474829422698e-03
4.150995460150754294e-04
5.768320431398557243e-04
1.288560873714004800e-03
1.302313490890349675e-03
8.517513979858557351e-04
1.696030377672593133e-03
2.183179646405449936e-03
4.044425012928270363e-03
8.721858034310834206e-04
5.755332770351253430e-04
5.312845171646312465e-04
9.369752186864720818e-04
2.371219817604122791e-03
1.628199409038135273e-03
8.446401243980720475e-04
2.035468302927554481e-03
5.824697024841462211e-04
5.622124456935437883e-04
4.977161867345903995e-04
7.681454995796849379e-04
1.530345747869363889e-03
9.684503959883076140e-04
4.024524022201300070e-04
1.962121983647820145e-03
3.939744853363783515e-04
6.832109814907287105e-04
1.954944920231029525e-03
8.644267783551373490e-04
7.220703168586832836e-04
3.733358071650077353e-03
9.792827264422415863e-04
7.005387598355340174e-04
7.218283606738270554e-04
2.009992131026307367e-03
9.652484388466275878e-04
6.886689131887607481e-04
5.328054310077956620e-04
8.956757430675296727e-04
9.824721712158289173e-04
8.381505711433993562e-04
5.308313403019706850e-04
4.290430115217337540e-04
4.848029924288034683e-04
8.507226203641892089e-04
1.881738472356303147e-03
7.752478002629936346e-04
1.873220644735282617e-03
8.216813342708618540e-04
1.457464276335084918e-03
1.155785823520857729e-03
2.611259172612384453e-04
7.811229134858219039e-04
4.389774021564863977e-04
8.147542981500394870e-04
1.170894463531645807e-03
1.682940841874447499e-03
9.457266269379888601e-04
4.159093582285687215e-04
1.825628619925657612e-03
1.009468538512041077e-03
2.669186514691244960e-03
7.557330838204867618e-04
1.013811718976195732e-03
4.543713720031811523e-04
2.955328304536883246e-03
9.090866357855844748e-04
1.155432790089297446e-03
8.469756707494930856e-04
7.067986906109581958e-04
1.367686199474104670e-03
3.674096931369439647e-04
8.320474931993275536e-04
5.204385276027245506e-04
9.349665446269353128e-04
1.776256055758711812e-03
6.455953109307484891e-04
8.178499068298690586e-04
1.773887768078855325e-03
5.786639311011401851e-04
1.715892189488612629e-03
1.669432142417458676e-03
7.219626238669926092e-04
5.338461681075448500e-04
1.499064137463047060e-03
2.296889943407290531e-03
5.153165913752609734e-04
1.054530530695915735e-03
8.356530134718118856e-04
1.028539519446024795e-03
2.355400380584951256e-03
4.516559056551340827e-04
1.897314145694716479e-03
1.076242112422979387e-03
7.226843255594247095e-04
7.542236896786603650e-04
1.037971868507778228e-03
8.787585851536470994e-04
7.350356028005441663e-04
7.172194871270863407e-04
5.902410480841147359e-04
1.037364217220171575e-03
2.450465425078584072e-03
1.053859766530463324e-03
2.726628646991107211e-04
6.453312407421730144e-04
3.860455855880465942e-04
6.701198735368235496e-04
4.626978154188303091e-04
1.330490046758733532e-03
1.336262792476107259e-03
8.230455760887994991e-04
8.230892924593841229e-04
4.285457570771939156e-04
5.784126387236090960e-04
3.948709196470819765e-04
1.931168678163413914e-03
9.713100799620092048e-04
7.823312342524779174e-04
6.381351086139936280e-04
7.973338068229036306e-04
1.147307998040560540e-03
9.590000161604478714e-04
3.896502415977899625e-04
4.470829547679745471e-04
3.570593165531383683e-04
3.093629402748813116e-03
5.464085075674734743e-04
1.939850697193159666e-03
7.438852007414636100e-04
1.207438196345392333e-03
1.223001231874019587e-03
8.917980780663011062e-04
9.121247388332035444e-04
1.030526583543383027e-03
4.553011695231064053e-04
3.708654339938663512e-04
6.297090861260858617e-04
8.923023240247269540e-04
2.018620785275219032e-03
9.044955956155403473e-04
1.336613499239603167e-03
6.476166502591380403e-04
5.889021557155654221e-04
1.318998725262181520e-03
1.053745843578771536e-03
1.602993143830380262e-04
8.509556412335350477e-04
2.343862392165657529e-03
1.035522292784780887e-03
4.818974720421612297e-04
6.121734128781163888e-04
9.683107794024322463e-04
7.189694857542251131e-04
6.172927123159826449e-04
1.065203101891518470e-03
1.004392841478275082e-03
1.591171297721591469e-03
2.122277967587519326e-03
2.618567184396906628e-03
3.255677970586191069e-04
4.851089232211554941e-04
8.032649482585830234e-04
6.270176007582194339e-04
1.064967015516705322e-03
2.765536546907704750e-03
1.090145061958933039e-03
7.752299779222791799e-04
3.661924048122014398e-04
1.256943697673981470e-03
6.394567922212778888e-04
3.983697813892606216e-04
5.505458552202474251e-04
9.899629281199190736e-04
6.240283956453946974e-04
1.407278781676843784e-03
1.525117553790676390e-03
7.764942026905668820e-04
1.048798307745691435e-03
9.493733257750361712e-04
5.430800907091573463e-04
7.883787691423880780e-04
6.323416423585564517e-04
1.017171561465980353e-03
3.549335403705653359e-04
3.758075037252090887e-04
8.767170951999467233e-04
2.474509030751169576e-03
1.238976951311849964e-03
5.763363223340673075e-04
2.341355984583776693e-04
1.071755936681477797e-03
1.262128056128881872e-03
4.441735252307724667e-04
3.490520493171290258e-04
4.829857760062267365e-04
6.384563861514093788e-04
3.828662647925621613e-04
5.298508847773640085e-04
3.296883192490090292e-03
1.402877491985081004e-03
4.688542498975192840e-04
1.241732949079592859e-03
3.055427600002495053e-03
5.260473209642309690e-04
8.430227337943463784e-04
6.939463268493064902e-04
1.291214306279860145e-03
8.002504107079014620e-04
1.089165278238304153e-03
6.954817352142993441e-04
5.128774745981251387e-04
2.222939774057102434e-03
2.645879699798065702e-03
6.898569161249492069e-04
8.336867025377862330e-04
5.833688372089887832e-04
1.029467653210211888e-03
2.052417060578726020e-03
2.740784759658639177e-04
1.804125433956360602e-03
6.491205108701467424e-04
7.593404134331032404e-04
5.791849086235403973e-04
1.034091802452915751e-03
3.869446093938687142e-04
8.384182952551421210e-04
3.962760113790722571e-04
5.589576066765518858e-04
7.709273487062766632e-04
5.978033485237288069e-04
5.308851482225649017e-04
1.088148797981840915e-03
4.389612327967280488e-04
4.358174484892032591e-04
6.977479376557777554e-04
3.357068096956634506e-04
4.617492403128588730e-04
4.528275836886709572e-04
8.392689071937492690e-04
7.497832261498858872e-04
7.574250960325825408e-04
1.810179141588828203e-03
7.761211043428882300e-04
1.992765131547326058e-03
1.267025829470457129e-03
1.479096533153509462e-03
3.296883192490090292e-03
3.274863412365947956e-04
1.143063872425034710e-03
5.344617765938340171e-04
1.228691862674675690e-03
3.070785455089081900e-04
1.032963916674056130e-03
3.551658840081537935e-04
1.294169814830990403e-03
1.234743401968686803e-03
6.930974642299618125e-04
7.916428120393598613e-04
2.912987889593464125e-03
6.815188321875545333e-04
2.805502770181364947e-03
1.017274078991229659e-03
6.644824179005383779e-04
4.854232160702033052e-04
6.249955967569042429e-04
4.902754988910075842e-04
8.345894275991022323e-04
1.899928523814384176e-03
2.261644818622240895e-03
3.724046085682315688e-04
1.515418299003923113e-03
8.710540498973675001e-04
1.106193693907762520e-03
4.604206445544512753e-04
9.755193880274308201e-04
6.508563648367159636e-04
3.741531816650755138e-04
7.987508062325135655e-04
9.570543188111477716e-04
7.305982267930758020e-04
6.014414696129415008e-04
1.587070143529379241e-03
5.858948347559454631e-04
1.364035017877598694e-03
7.561203789401462882e-04
7.822467088327788275e-04
5.939899499380217520e-04
2.115039831784948192e-03
8.843734873044222216e-04
1.845660407081448464e-03
4.781732016646132624e-04
3.594480307053801922e-04
9.181477794500036895e-04
2.231777983892754922e-03
7.209196605629137082e-04
2.392870703876159248e-03
9.674191071867160614e-04
5.282199732849238117e-04
1.305926394975016674e-03
5.422071978892159267e-04
3.974324403853868315e-03
7.278002624909526031e-04
7.277291232898971561e-04
1.859987695438786214e-03
6.612623646354913150e-04
6.464128308988552167e-04
4.901233211785057439e-04
7.904780918736248677e-04
6.216301798317255432e-04
2.936290136372270935e-03
8.126200144229179471e-04
4.053822398108991414e-04
5.100536718324556653e-04
1.362846092701894144e-03
1.095255445310519202e-03
4.353506051551260265e-04
7.931456929541581217e-04
5.394913911196094801e-04
7.673368692278637049e-04
4.711526945114980261e-04
2.677226274204622548e-03
8.693079234858314694e-04
5.155435887660563422e-04
1.764777750473005714e-03
1.151471673644746153e-03
2.500893471362756137e-04
1.182663988575433350e-03
5.905475313579340753e-04
3.395728957956681737e-04
5.592054314484072846e-04
7.210126791311171615e-04
1.377293324718561205e-03
3.217648428446664901e-03
9.778252924229726469e-04
1.119952692757511092e-03
9.120208707586643232e-04
9.138010658152332559e-04
4.691547817681646364e-04
1.724737324803172914e-03
3.767266877547242898e-04
1.292749497195985926e-03
7.803244394316885112e-04
8.629606223145794980e-04
7.356268805023859214e-04
1.364612874293938318e-03
2.198125608871095461e-03
6.089868935769979317e-04
5.894288316650631195e-04
1.336262792476107259e-03
2.850318175929447240e-04
3.143438411217981568e-04
8.951493477531354557e-04
4.553011695231064053e-04
7.169774421541990402e-04
7.891058771523582491e-04
1.009899338447131732e-03
1.538634596714221533e-03
4.239582213028900712e-04
9.940067153335076754e-04
1.143063872425034710e-03
8.640990197461762739e-04
4.142777621258932693e-04
1.017171561465980353e-03
4.922242418592085323e-04
9.547586537411219959e-04
1.009986966420487733e-03
1.415548708144844393e-03
5.912663555397851267e-04
2.997598782346529329e-03
5.269963024078241041e-04
5.408166460132615011e-04
3.370866383559907391e-04
1.450778721246365590e-03
8.884461174762497407e-04
5.724884876576060398e-04
4.572741738970682672e-04
7.435288168086292247e-04
6.772076873970622139e-04
2.455578201582628121e-03
1.581902160254632528e-03
8.792099404850805926e-04
5.035689211327363038e-04
3.506367788193185883e-04
9.643640203020379352e-04
4.215137221633950436e-04
6.578503342165762605e-04
7.670511798935721916e-04
8.251357346449393441e-04
5.451778100185243571e-04
5.063277981889282480e-04
6.455224992464980282e-04
1.248769310105177915e-03
1.178171366363233797e-03
3.312502946274253771e-04
2.916664882024276335e-03
5.085009798909443735e-04
3.044254706174420733e-03
5.247965989249321183e-04
8.449037375657077664e-04
1.398595859495222263e-03
4.667589871782480606e-04
1.416253214970742726e-03
5.986158623312540792e-04
1.199985460315863752e-03
7.074772333245656986e-04
4.007216026825109810e-04
7.648713559242504428e-04
1.158091139618318624e-03
3.682538064797588151e-04
5.116155855227864924e-04
3.208550913663067196e-03
1.349907618380249150e-03
7.285598524296069784e-04
1.095255445310519202e-03
6.115114242728212149e-04
1.402877491985081004e-03
2.247544595632944254e-04
4.955705356044589780e-04
5.595768390063216632e-04
8.326651289231734717e-04
6.729948337690662679e-04
9.317537790746652487e-04
1.437595322369845073e-03
4.922242418592085323e-04
1.271630869128810527e-03
1.001137632079830350e-03
4.131453648398289370e-04
7.497832261498858872e-04
6.576359139799141601e-04
1.396060721643865507e-03
1.203308359960036543e-03
1.900404919429456684e-03
2.477756635612492122e-03
8.348700390088316815e-04
1.118985199158370209e-03
7.533751977004712582e-04
7.655636276283523138e-04
1.009899338447131732e-03
8.278811901634345162e-04
9.020133991298403013e-04
6.177148052460647082e-04
1.239331878040898218e-03
1.997302202135527345e-03
1.873220644735282617e-03
1.050549583528506562e-03
8.365916536323093292e-04
6.997859376228561697e-04
6.109935553102730215e-04
1.246870948595514821e-03
2.063048454569208282e-03
2.324541600243998883e-03
7.847002430462603553e-04
7.790602098224976317e-04
1.149763798714031806e-03
6.808368600777918488e-04
3.628672259048295180e-04
9.356214474965765570e-04
1.503916857276816482e-03
8.947395387923960880e-04
6.017820325371984460e-04
1.024117401479958172e-03
5.363875645895976613e-04
1.267221495615624511e-03
4.634508966095312655e-04
1.416140760176833133e-03
3.103845791255261549e-04
4.967299809822126782e-04
9.260120883154729192e-04
1.466064577432790381e-03
7.089949353776551144e-04
6.831613477923482525e-04
2.271624479581830277e-03
8.629520657909822007e-04
6.749538570921066521e-04
3.654452191240984186e-04
9.589482752415871662e-04
7.726306661542969335e-04
5.335898564415491934e-04
9.420371140520371897e-04
1.144560262395971900e-03
3.223252496363736806e-04
1.349797390029546656e-03
6.589913675439690484e-04
1.172941967722209268e-03
5.234588985737396961e-04
1.429212733166904375e-03
6.129000434232763578e-04
7.682925732882138394e-04
1.528436276134470312e-03
7.562526473377938381e-04
1.774497891724031735e-03
9.770768483446539733e-04
8.047457318054105887e-04
8.790222445372034487e-04
6.638992211462500966e-04
6.439797102009478915e-04
5.651553410037575857e-04
7.702548122465599978e-04
6.247973826514672223e-04
5.162533079243736538e-04
1.461478036271014400e-03
5.954398964698840195e-04
9.286972565753609217e-04
5.467740906747919818e-04
3.852353164217965273e-04
4.851089232211554941e-04
6.765354725157390198e-04
2.494276868751821481e-03
4.475030423554856836e-04
4.555258246212857249e-04
3.392639587418467303e-04
1.943290367742081656e-03
1.343746223804996500e-03
7.077438322094461477e-03
9.621167124730237771e-04
1.958077010019661224e-03
5.793213198428375909e-04
1.243707043592668249e-03
4.725689798597001935e-04
3.805686013291825071e-03
3.414605359467556443e-04
7.805078431568009427e-04
3.907520676613714756e-04
1.202934119454532541e-03
2.494102343912047923e-03
6.788677990592673116e-04
6.347295823164832282e-04
4.888102261128050244e-04
8.623416451863259984e-04
6.950799770826467019e-04
1.679898624466184473e-03
1.157623035025057059e-03
6.083271351442725954e-04
9.863963330806273765e-04
1.357230324308042295e-03
4.729242524848243897e-04
8.019515075726020787e-04
4.918286028322579970e-04
6.524703793585706450e-04
2.798195028049526526e-03
3.996423156506391104e-04
5.447522509114155779e-04
4.312200511397102590e-04
3.207225246480495157e-04
9.035742033475095995e-04
5.254759245755423946e-04
5.686985857920121967e-04
8.915250851990713220e-04
9.902721158991890579e-04
7.865045522028406809e-04
1.715892189488612629e-03
1.710694245323982066e-03
9.490919537236453029e-04
4.160945319673042906e-04
2.043676510444436198e-03
1.262755931862131250e-03
3.563980666556450455e-04
5.797243664966172287e-04
4.376706086826997587e-04
7.962422594056686688e-04
6.919168876405841842e-04
1.110912742247919084e-03
1.152471748512252361e-03
6.656200649522792459e-04
1.571947960824623177e-03
8.263678785905273147e-04
4.393883420003529797e-04
2.683277020490063393e-04
2.119057206350661096e-03
2.153375608629811387e-03
1.514489079940728672e-03
4.411103541165025429e-04
8.851755433065709375e-04
3.268831196320899136e-04
7.869044427569651511e-04
6.707161411353373785e-04
3.800522009544622984e-04
8.392689071937492690e-04
3.874527036129636181e-04
1.742073106843572416e-03
8.792398214266120351e-04
5.743105400370481428e-04
7.573190557002561522e-04
5.898597389975537755e-04
3.396838202301593126e-04
3.310967645553745389e-04
2.089141645666050227e-03
8.928040005904305625e-04
4.904262764366140205e-04
1.583766622724854444e-03
4.479926762731564825e-04
5.741550984700044156e-04
5.343222047445861378e-04
1.356792617195956563e-03
1.026076823471206052e-03
1.100204800212422392e-03
1.438095738044444048e-03
7.886812462992475511e-04
8.359454397528692576e-04
9.762296214988105394e-04
7.978296593959539711e-04
6.160092402927424540e-04
3.907520676613714756e-04
6.077498470539236235e-04
7.743229359487712078e-04
5.502486186526216790e-04
7.032170253639509700e-04
1.253106286339172567e-03
6.988853046120053255e-04
5.831945730648606342e-04
1.026357238910884659e-03
8.068325354436468345e-04
5.616659356740794865e-04
4.245483954994602369e-04
1.166995126548581391e-03
7.580126312618054888e-04
1.324319895899940406e-03
7.733010643664585621e-04
3.523284365017374299e-04
5.024699564631729485e-04
1.049794612732649068e-03
6.344023364310998319e-04
9.077822069335076457e-04
1.597054145644220737e-03
1.038448187838200915e-03
5.379492293308378711e-04
3.628672259048295180e-04
4.262342833691896570e-04
9.570543188111477716e-04
7.270189450858520908e-04
1.844761263007814412e-03
1.130723488542019700e-03
1.120335113971973433e-03
8.663762429868001420e-04
7.774117970849959763e-04
1.125686016840784067e-03
5.183372657762842350e-04
1.229391779850290932e-03
1.256767351586526599e-03
3.296455654032143657e-04
1.048378499952262516e-03
6.270425123373015623e-04
6.201705846404958122e-04
1.477055582662930612e-03
4.142633775865671572e-04
8.255213795601304633e-04
2.661598311603402198e-03
8.545316579254590757e-04
7.239892110708985758e-04
1.068875090626113982e-03
7.841167482893220651e-04
5.826681505212537174e-04
5.470647519815329159e-04
7.041595468025082117e-04
1.602993143830380262e-04
6.798588113483222759e-04
1.957588501579819902e-03
6.089868935769979317e-04
6.464328098892934945e-04
1.053678021086589022e-03
3.543314957139857488e-03
8.792099404850805926e-04
1.711400207922020604e-03
6.836214157253889343e-04
6.722186277998611764e-04
8.323166171873229956e-04
4.080581310243209386e-04
2.500677502328503749e-04
6.647671029945397903e-04
1.224681486729907497e-03
1.245859500581053807e-03
5.857391606270920823e-04
1.553595545078225457e-03
5.503393004393655015e-04
5.140186224023011660e-03
2.276965558401731690e-03
1.166575727488665436e-03
8.134460058392451072e-04
5.578342945162965494e-04
1.134056523614221249e-03
3.882209572528525529e-04
2.219184200113654727e-03
9.860041359792182970e-04
4.002009334205549034e-04
4.044175020401071462e-04
5.896137409847229151e-04
1.313363367425216454e-03
5.467890872907584963e-04
1.014930768515244540e-03
6.415540153663956734e-04
6.702194707418358127e-04
3.993165452647375871e-04
1.540287488502464167e-03
4.411499553628168524e-04
6.801589484878531886e-04
7.555433559243684418e-04
1.847774882337142638e-04
1.002876978548586763e-03
1.202444491648186134e-03
4.367136097367975422e-04
6.653124845934081958e-04
6.772076873970622139e-04
3.069160825584363382e-04
6.297050451663913952e-04
9.335603801489454710e-04
4.593356259407654256e-04
4.729242524848243897e-04
3.413894443986585452e-04
2.755707559011618063e-04
6.698486570313131596e-04
3.706318044152319717e-04
5.974763889994830560e-03
1.437595322369845073e-03
3.011974401779261064e-03
1.300469284970668001e-03
1.091565311622422815e-03
5.465855663921442712e-04
5.153165913752609734e-04
5.128774745981251387e-04
1.059636884216463588e-03
4.077230414401729341e-04
5.400776502779622550e-04
4.357911777176240258e-04
8.238956026783119313e-04
1.027744017977267601e-03
9.517538104235486428e-04
6.949473082745903293e-04
2.042562677539720446e-03
4.008099822193176708e-04
1.787723990662889138e-03
3.100353911032772795e-03
1.101962879499268286e-03
6.328391599824440168e-04
4.593312815275090930e-04
4.674627550077097579e-04
5.963073115588022168e-04
7.544874406450117728e-04
6.402815903791500042e-04
6.357327888370613907e-04
6.228623403533550514e-04
1.555572310509842305e-03
5.229673345475572416e-04
