2.807492916951270421e-04
1.586164556999428068e-03
1.252019730043934208e-03
1.084594616214336425e-03
6.562670184949879679e-04
5.280798797643377522e-04
1.022378073957587235e-03
6.990763227743612479e-04
5.938061766238036899e-04
2.171794245362353160e-03
5.002885607541364757e-04
3.534993496032236065e-04
1.315767267067022165e-03
1.117778007950167478e-03
9.498921334132973690e-04
2.303672992302552291e-03
7.928535562316030337e-04
5.973175159401295821e-04
6.153477122861267029e-04
7.701372113904864439e-04
6.744197915797019551e-04
5.092081604070427181e-04
3.096193904945427310e-03
5.723609622488464149e-04
5.373895879985316881e-04
1.387565296064765695e-03
2.705722213681213163e-03
1.565841804153475254e-03
1.081044140432199912e-03
1.170517984341845705e-03
1.100181067474581683e-03
9.049630536299091638e-04
8.537978580267887229e-04
6.565407343617956021e-04
7.705207820446963781e-04
1.668186396000327252e-03
7.569503418722617772e-04
7.827631504490532941e-04
8.799740537468521851e-04
8.392519883512093107e-04
2.387381287704379036e-03
4.545931701296431642e-04
4.537611745751726853e-04
4.583188800146855107e-04
5.351634142384840758e-04
5.971077897127113898e-04
5.405547386282207089e-04
9.684364852995452693e-04
5.822935736784177075e-04
8.107404267699721244e-04
5.144202763233352233e-04
6.857275787871462648e-04
1.028379315714425361e-03
1.644556278918342341e-03
4.762584848586397484e-04
7.414664211516494487e-04
1.608379347835152233e-03
6.871821499455795478e-04
4.544261994818212143e-04
6.098811129401646505e-04
4.081574557710147084e-04
7.001535701723533584e-04
1.135906763758948342e-03
4.309855363459546228e-04
6.612645935155125106e-04
8.452611547191797798e-04
3.095330527686657044e-04
1.232192128627705718e-03
5.143488420724214244e-04
4.755454881686665297e-04
4.810598315782983444e-04
4.190690112249652343e-04
1.271851392349528792e-03
8.885398947352210648e-04
8.431434207949341361e-04
1.717165811540599359e-03
9.638519318059836621e-04
1.125296711325666143e-03
1.271860540070384772e-03
1.207887674808126198e-03
3.334885549898404912e-04
1.620525542961110364e-03
1.889545457720836780e-03
7.425288573941001653e-04
7.193818687556627345e-04
7.313805790063311694e-04
8.975988106509351534e-04
1.319371258260097724e-03
7.267041423588265501e-04
8.279116229327062541e-04
4.107489437810256556e-03
4.616766741661710791e-04
3.809799149264152685e-04
5.307774318411204433e-04
4.569746100618256204e-04
4.351114831490233005e-04
1.778267720359324100e-03
9.801580599750597117e-04
5.007072547016632727e-04
6.469938589947283247e-04
9.203161810749809803e-04
7.430794508823846019e-04
7.574962825985689756e-04
1.111567443834784617e-03
2.992378254526631399e-04
1.651029606778747078e-03
3.732279753124340691e-04
5.104607892506451061e-04
1.204816731885612925e-03
2.935715459809123485e-04
7.983284396250573366e-04
4.348352683130506579e-04
5.269159557285659282e-04
5.862801367427794303e-04
9.363845958759808939e-04
9.193423224911030167e-04
1.157648190311649089e-03
5.804832076252596689e-04
5.212390772627649264e-04
1.473257001911417374e-03
2.698378222936057176e-03
3.743536670370468120e-04
8.518443954583849358e-04
4.104765615068087193e-04
5.721917754160379087e-04
9.713173906078222076e-04
1.107884600796926701e-03
4.037280977559053749e-04
7.795873513746980977e-04
1.323516953560004237e-03
5.711212357287157992e-04
7.743082409058293838e-04
6.836205452774028919e-04
1.077870075455926316e-03
9.773843174558885950e-04
7.590955048562776555e-04
6.687136154537218734e-04
7.560930560655772020e-04
8.191637711715561146e-04
1.152099868312457054e-03
1.088939297124324199e-03
1.757907844112323184e-03
6.311693009481188568e-04
6.334298337282050955e-04
7.908030210389820503e-04
1.529241161966760076e-03
6.865310513268292787e-04
1.390724176855338400e-03
3.385779597993918274e-04
7.146743146021968278e-04
1.125373269493211642e-03
3.115169888462581381e-03
2.728179943314483231e-03
5.950478130178459956e-04
1.010702535875669184e-03
4.332743251545497550e-04
9.202005217280647548e-04
5.945713283985158562e-04
5.798133237864649655e-04
7.101524313067160638e-04
7.470185163292468369e-04
6.786017464728399517e-04
1.278632886878888287e-03
1.244771944048790298e-03
8.334036050087180675e-04
1.268960099796291640e-03
3.968008217395615914e-04
5.938061766238036899e-04
8.803055181350851388e-04
9.726346616482438963e-04
6.212251841939477352e-04
6.365508076494157119e-04
9.623319173250726452e-04
1.139222075888768641e-03
1.206916082443603095e-03
7.499212675609274797e-04
9.795285130250526873e-04
1.009388716244852659e-03
6.520683295252191827e-04
1.376807018490339542e-03
8.585554227972419820e-04
7.720736002429524208e-04
1.379975386796981462e-03
1.730212255307519769e-03
6.392692659138656149e-04
5.753470722114698011e-04
7.154380065704815618e-04
1.471302503395115376e-03
1.184345215225331540e-03
3.073255925892900866e-04
5.436498795500016232e-04
1.343759299492650440e-03
1.969583306810269909e-03
1.339090644745594399e-03
3.691435849539071975e-04
8.979088887367677688e-04
3.794945648043039350e-04
5.855138864577237026e-04
3.240663533757690462e-04
8.983958056370564904e-04
4.350003823386002465e-03
2.989565153382067481e-04
6.266840566108709040e-04
7.999032404193564356e-04
1.041927107211447403e-03
5.439954233799117753e-04
1.516386684159375196e-03
6.068106968439845872e-03
1.011499137942250192e-03
1.547796390474770510e-03
6.540924904337298666e-04
2.169395678113315244e-03
1.674713860408142069e-03
6.702979649074232047e-04
5.604122379960451133e-04
8.059052495518304699e-04
6.035799780167143023e-04
8.041118952814667320e-04
9.518529087132604483e-04
1.032505534263262071e-03
7.272121457104870545e-04
1.781448453175034754e-03
5.576370486667847279e-04
1.227985873043615063e-03
9.254879887086982573e-04
6.029769731470681045e-04
2.134907787838118652e-03
4.091711635236375592e-04
2.857450557758906429e-04
5.958704659421209041e-04
2.396954512651496526e-03
7.625553416511157570e-04
8.241023202674524831e-04
6.240991457805868505e-04
8.885398947352210648e-04
6.729341866326647584e-04
2.231838235688050551e-03
4.432226456636788867e-04
9.888226574015640535e-04
5.201060476563254976e-04
7.470185163292468369e-04
2.555451220754728116e-03
4.837584008020764091e-04
2.927619933574836155e-03
1.781945567105418888e-03
4.736378796051922912e-04
1.250102153881670758e-03
5.245214031442481427e-04
1.018767882408854386e-03
9.698580218935872951e-04
9.009812865862652700e-04
3.073072619302174256e-03
1.115878967067751235e-03
1.208195386942680820e-03
8.734167869208372091e-04
6.522864640167218243e-04
1.306044792389729264e-03
6.593450581375734061e-04
4.222174492878524323e-04
3.149389153970076106e-04
4.302252871458450874e-04
2.544109324896646389e-04
1.173179965500539433e-03
3.683672402877491490e-04
2.040314925728055513e-03
1.644556278918342341e-03
5.723106814781907465e-04
2.310736503775953979e-03
6.534986127917254270e-04
1.552247527642751411e-03
8.817083574681262078e-04
7.171550752131038934e-04
5.032137971705314848e-04
5.373895879985316881e-04
3.297398539357122979e-04
3.191083386971966672e-04
1.471302503395115376e-03
6.602180860418360503e-04
4.972940893691086975e-04
6.997511352000863449e-04
1.840320429037423534e-03
6.709496005198556335e-04
2.293463485337075142e-03
1.215449428052354586e-03
3.515738932598373983e-04
7.275045802518495183e-04
4.794748991431064568e-04
7.322801270610579394e-04
6.083159471245471990e-04
3.616939819131395097e-04
2.073407585420771089e-03
4.520381458702698403e-04
1.675555439996481537e-03
1.637486483042004028e-03
7.613941833312248570e-04
1.454379383530195018e-03
6.749777126797210092e-04
1.259484584401288597e-03
1.682446680910745524e-03
5.576294804564241271e-04
1.682796198661098280e-03
1.524675729036700442e-03
1.088699014766905844e-03
1.021639877104108711e-03
1.467916854174125844e-03
1.416705909368462784e-03
3.791063191678094085e-04
3.803105042319172022e-04
9.932278134207146378e-04
7.991332227167862508e-04
6.865214380361569840e-04
7.536285004897410158e-04
1.060968629949019838e-03
5.195488280503238318e-04
5.759412211155241724e-04
1.812527962804672769e-03
5.712144733426045970e-04
8.388376780633588709e-04
4.123515699650835220e-04
3.329242811128524642e-04
1.020689203154272022e-03
9.617692124837635623e-04
6.144168635174532961e-04
4.978432835820473679e-04
7.179994375811340687e-04
4.988846842287742280e-04
8.137872184031824272e-04
7.325983644045574138e-04
1.232042312249355311e-03
1.814283794754063643e-03
1.516993692129505952e-03
7.171857393928836831e-04
4.630300105307594413e-04
3.434052088932336259e-04
3.632243647343123502e-04
7.808368631505925887e-04
5.793503547333921436e-04
7.585712997117354493e-04
9.228244279467894820e-04
4.065169035687143115e-04
1.641116423645838434e-03
3.806637553069658949e-04
5.419870867475417263e-04
5.591829835348361213e-04
1.434257994904919930e-03
6.784302089000544215e-04
7.737742462403939285e-04
1.726067942732790452e-03
1.161983265807372320e-03
1.300766059032238808e-03
8.322216113485246059e-04
6.398180761193906357e-04
6.382815229600989279e-04
9.834619284631021183e-04
1.238046125122668328e-03
1.324382399272322920e-03
7.943698262866146073e-04
5.796626460357908297e-04
1.726368015825650946e-03
5.978119796811778288e-04
6.498981162394997868e-04
7.983284396250573366e-04
6.488008474971742679e-04
1.091245019970931828e-03
3.277294447358755332e-04
1.842489268081500247e-03
1.477830494578915004e-03
3.728400420293078105e-04
8.225644038108496882e-04
1.084628604184583248e-03
2.029414615151312051e-03
1.173179965500539433e-03
4.638370469489747484e-04
1.466362469543903892e-03
1.466971111900509765e-03
1.181400652317507070e-03
5.259522724134101839e-04
4.087144194321947225e-04
9.286834437122873159e-04
4.055284762356520397e-04
3.954857863361065247e-04
3.310526242553915480e-04
1.244810297721307734e-03
5.677638405064121827e-04
7.639668575378580351e-04
9.757104691263587121e-04
6.855628819145782784e-04
1.100866820629480642e-03
3.428212370945164702e-03
6.665927518333368291e-04
8.723839620052688607e-04
5.612773820752340811e-04
9.487283963415626790e-04
8.514721359942464991e-04
8.513999248261577921e-04
1.108583658879873845e-03
9.397517036727087063e-04
1.024885289339442064e-03
3.149389153970076106e-04
6.665204947148621563e-04
5.472582158534930767e-04
7.097145809759806100e-04
6.597860274941669788e-04
4.705176430346820287e-04
5.112166420567556277e-04
6.868431119223181169e-04
6.588577735871573287e-04
7.487989541429234796e-04
5.168613463839605467e-04
6.108795817645731917e-04
4.984680467703891688e-04
6.158457451630531794e-04
1.376555906176883974e-03
1.578651162265727039e-03
4.210905906644187382e-04
1.442819769491116575e-03
5.743849507300314260e-04
5.874161805542980766e-04
6.497987089172561036e-04
7.323331056704865177e-04
1.072768144882465169e-03
8.305537913614355165e-04
4.471152289787193312e-04
1.626672037998107929e-03
4.576048119165415044e-04
1.581736649807745625e-03
8.215641868323271665e-04
1.501501187224017026e-03
4.225895259264729606e-04
2.014579429674712326e-03
6.865214380361569840e-04
1.081119482092354278e-03
3.879759620857179889e-04
1.444049125730983334e-03
8.118859363169570560e-04
6.138650776461146950e-04
4.702592225860636197e-04
1.983264553664370634e-03
9.657582885157080070e-04
5.274637090930065766e-04
1.171307365561044447e-03
1.218854658667559631e-03
1.984424252147514930e-03
2.089174442620867975e-03
1.273563089585472412e-03
9.456705805924938042e-04
6.500722996540988629e-04
8.285333777504849759e-04
1.125498959068199590e-03
2.139486831648288335e-03
2.868096227597854292e-03
1.230019459967644216e-03
6.831489041308542358e-04
7.154591140008607214e-04
3.382516736191811847e-04
4.465978433397521652e-04
1.278584236170026605e-03
8.585641267272313849e-04
1.453962691889987193e-03
9.452617520380758847e-04
5.458663801467180266e-04
8.765642208831179267e-04
1.182970803092356707e-03
1.117778007950167478e-03
6.762372182369378497e-04
9.897359459374247947e-04
7.367070324836336951e-04
1.827176514594184556e-03
4.783601540846429880e-04
4.715487832784865784e-04
5.657121663404380673e-04
1.023379337075930578e-03
1.106044540356689336e-03
5.126062410272712528e-04
5.950226770838963923e-04
1.180242402323442106e-03
2.109318623444023620e-03
4.245143071204254674e-04
6.243073612173540400e-04
7.364384209473258912e-04
1.029228263518166576e-03
1.256034610236059440e-03
1.193747810606273722e-03
3.661279678286646498e-04
4.767433616930785495e-04
1.036237999624629348e-02
6.320850415082033451e-04
8.790288458004717753e-04
1.383950462701788453e-03
1.800832087868410505e-03
5.679256325633930992e-04
9.433298854826665950e-04
8.819743138813142735e-04
1.272485928077922088e-03
7.022743864071132481e-04
1.637486483042004028e-03
5.576543216689481891e-04
3.498147116800157498e-04
1.423100430676084698e-03
6.562172415452917525e-04
4.142544506752939264e-04
2.718106323245253128e-03
6.571995956501008786e-04
5.801469292708628673e-04
8.857483747224761429e-04
1.075566623563307782e-03
2.599254914626843941e-03
2.129299852876928665e-03
6.560662909214676512e-04
1.298594787294936412e-03
7.028400135743259483e-04
1.234671714494849038e-03
1.091658311136525306e-03
6.693250223068133173e-04
3.984611587955246546e-04
2.947639628700172380e-03
1.389949047004839172e-03
7.579512393365709418e-04
1.523384617572939208e-03
2.213589476173788027e-04
1.072973300560258391e-03
1.666492488363652573e-03
9.803487066008978283e-04
3.720052336030481820e-03
1.772972739965992606e-03
4.688756451332359485e-04
1.984851207463324014e-03
1.306044792389729264e-03
5.314645190258751681e-04
5.931054457607810642e-04
6.755832673730172806e-04
2.848954146724795838e-04
1.246056663448677883e-03
3.187689963771778482e-04
4.869606547117063308e-04
8.896388931358524890e-04
7.417361877172168804e-04
3.330243599369855055e-04
1.260239998693599411e-03
4.749193144341122357e-04
1.171460339751567627e-03
8.956299116800698701e-04
1.226517258988550976e-03
4.219754526281102288e-04
3.520030990089141154e-04
2.213394695832464603e-03
1.324499068440585696e-03
7.203353906576964120e-04
7.786598896997261234e-04
6.083685981232115226e-04
5.644434784359427491e-04
7.837260959470012094e-04
8.063841512107804924e-04
9.174307109012725314e-04
1.572469654911642662e-03
6.422722028287734634e-04
2.120633432827412172e-03
8.412484148699308963e-04
8.298421274927293874e-04
6.346612819830562769e-04
4.034083393042946328e-04
1.027668992154265890e-03
5.881559372646236964e-04
4.923969181475054864e-04
1.450698792851979647e-03
1.180924821415528340e-03
2.503143397324834266e-03
7.038316422018806810e-04
2.280877684511832364e-03
1.931404786623192374e-04
5.310966085704541201e-04
7.982664711750072717e-04
6.702739554023620259e-04
6.153477122861267029e-04
1.939859042693300225e-03
1.723054651012738848e-03
8.635183511482125802e-04
1.205298733865622614e-03
5.928422385056299595e-04
4.605679511666853419e-04
2.550907015086607138e-03
3.010815155978538264e-04
1.557050362897820011e-03
9.808245497096826533e-04
6.184747985590322017e-04
4.810037528277414189e-04
5.223784634032465398e-04
1.468143524952658045e-03
1.522799674920298930e-03
8.633513199789616703e-04
9.429132759823956583e-04
4.458467850869608415e-04
7.665765464645991987e-04
1.174481992471385679e-03
4.604820343835849686e-04
1.430830465859148906e-03
5.285563238070113820e-04
1.537366486101276498e-03
9.248870880262483963e-04
4.275900958799284989e-04
7.118427708524775179e-04
7.545668128798570934e-04
8.596971195834978135e-04
8.764167501556513343e-04
7.306011703310458108e-04
7.559563568422888015e-04
1.787875041507808660e-03
7.337974038717949565e-04
5.846224593392944932e-04
1.164245887406530587e-03
2.042011430172402300e-03
1.567033047055614624e-03
1.177932569104023263e-03
5.213909696330525437e-03
8.181653785512832400e-04
7.325904634319973987e-04
6.153477122861267029e-04
1.619339994074747669e-03
1.046743232525388853e-03
4.598471622408723111e-04
4.345985829518186688e-04
2.349179296778930708e-03
6.169224020441220610e-04
1.190228961405216494e-03
6.240991457805868505e-04
6.152117411993943434e-04
6.495719365812432705e-04
7.423853333204433235e-04
8.195811282294726118e-04
4.002021537239064896e-04
1.826211135646834370e-03
5.125582311254770276e-04
7.425990510196117493e-04
3.760121429854830499e-04
1.007378050845789130e-03
6.337841560704774802e-04
9.757685043033619953e-04
6.697086518051827229e-04
7.533397717484658111e-04
1.729391239656676927e-03
1.541936983599197578e-03
2.905276454168125564e-04
4.880634270154338150e-04
3.899526727369026394e-04
3.206710678995920564e-04
6.812650001815864255e-04
3.149389153970076106e-04
5.730864807525456236e-04
1.089839598996008392e-03
1.218911138051783586e-03
3.141152941910884929e-04
7.536428429507860014e-04
6.094345146445954466e-04
1.865850023765752447e-03
2.931597305539861511e-04
1.256156096786831397e-03
1.239340804253569357e-03
5.759527890253560286e-04
5.841547456610618992e-04
1.324499068440585696e-03
5.862801367427794303e-04
9.306806914982747921e-04
1.164772930372906220e-03
1.209186848774649421e-03
9.283941419661739802e-04
9.405729020682292293e-04
5.061191003650889310e-04
1.551955787953803378e-03
4.340694909323715043e-04
5.508333718532736805e-04
5.120820471962509975e-04
4.537611745751726853e-04
6.831709638559878414e-04
6.138740359243043685e-04
6.773459770588503718e-04
3.907055810808119744e-04
3.826397445867858846e-04
9.623319173250726452e-04
1.073921391103629117e-03
6.455129661051682999e-04
8.841420675169344053e-04
7.753325989731060276e-04
9.161609115023506590e-04
3.961172969487389024e-04
4.845625017147871878e-04
8.112694098393997098e-04
2.510490633824343041e-03
9.991381148767750856e-04
1.473257001911417374e-03
5.743108455243575283e-04
7.761041263382336113e-04
9.053347188308550177e-04
1.620525542961110364e-03
2.963262642596972631e-04
6.811647958096849137e-04
3.301312230349053240e-04
2.539311123855603550e-03
3.585177966659334006e-04
8.840278626053709333e-04
6.365341224986155412e-04
9.228000574882059149e-04
7.189718760973974263e-04
7.221900966218518453e-04
7.427873467568928004e-04
8.074965874943015745e-04
7.301666835486049544e-04
1.259871619578997780e-03
1.176136618151278146e-03
8.762611433708008320e-04
1.206891988240374166e-03
6.776331152536600993e-04
7.216825650375348475e-04
8.545170460214020257e-04
1.283583156508206168e-03
1.641702572328867767e-03
9.727102567688018613e-04
1.004631834734095184e-03
4.532495913855829977e-04
1.267714865058401945e-03
1.454379383530195018e-03
2.725916348929673452e-03
5.052269477238533922e-04
7.120008489580955139e-04
2.751020638119489829e-03
1.271609732440250745e-03
3.488269229980726091e-04
1.966555873411665514e-03
1.141186263454766880e-03
6.255763416271632738e-04
1.834725035903976348e-03
4.656057527525625517e-04
1.012855425999106655e-03
8.881324435681297366e-04
8.248029399503819820e-04
1.176597835971773072e-03
8.127314925806137982e-04
7.284339071391487475e-04
1.094472044234702903e-03
7.384233786337984556e-04
1.236744058432218824e-03
7.395578673790649017e-04
5.998294392998146981e-04
1.641950548920335061e-03
9.286834437122873159e-04
9.181502048052481288e-04
9.312628653007586467e-04
2.911401968018271537e-03
8.747232823387556672e-04
1.126894462834353988e-03
7.280647970446975500e-04
5.557825143865316323e-04
4.886351491396661792e-04
1.886423522385024046e-03
9.013986068191257419e-04
7.766749415258501071e-04
4.153650530733519249e-04
3.651910065866640557e-04
2.197211894541162194e-03
5.739035653263490581e-04
8.436705384585209671e-04
5.132948252790203291e-04
2.778836567102266862e-03
4.877419825175029352e-04
1.228477553847803511e-03
8.976008784836335191e-04
1.028331516766182964e-03
4.925158176625644025e-04
8.133697102962308880e-04
6.874418804115945466e-04
5.828558828672470446e-04
6.893949258715955037e-04
4.542165877479516700e-04
1.774338034367379906e-03
7.492810391775469193e-04
7.373542334850862606e-04
3.065596328207709134e-03
7.703732353796043488e-04
4.173288703813163498e-04
9.778432034804002224e-04
1.520099249372046900e-03
7.118427708524775179e-04
4.642172127007334953e-04
6.181070243083779114e-04
1.830922673671536108e-03
2.830554793723992664e-03
1.101054907183422532e-03
3.718727045955107680e-04
1.172496505752396645e-03
2.481506289519050737e-03
1.617133472357644300e-03
7.579617880774542358e-04
1.232192128627705718e-03
3.506792989668522050e-04
1.489049864908048929e-03
1.203928063227360139e-03
1.049784306397238097e-03
1.665108657406821034e-03
2.119973453668273777e-03
5.077384435283194145e-04
8.494175160068672152e-04
6.709556771726934510e-04
8.665073543093203571e-04
6.105070850874422337e-04
8.738010961852037952e-04
8.876587398739595614e-04
1.128777566702647995e-03
7.290505816466612493e-04
9.824967761785812805e-04
8.187886795249534316e-04
6.295373184950853402e-04
6.176817361178815182e-04
5.900577845042522017e-04
5.754180620105638511e-04
8.155857800532299818e-04
7.035149605203557715e-04
9.923663955751693602e-04
5.378862683461972660e-04
2.869620179643549195e-04
7.184350425634417189e-04
6.752383011856313280e-04
1.884032882893022041e-03
3.413382828219637148e-04
3.841409100170884230e-04
4.458467850869608415e-04
5.265546492942880814e-04
6.938555493442689166e-04
1.305325196350105637e-03
2.267491863977820227e-03
2.453705828234182228e-03
1.430473372151705100e-03
3.998726474787971498e-04
9.460775508806202293e-04
5.707302256826076716e-04
2.579308092735398562e-04
9.103495485932427403e-04
3.858439833578705268e-04
3.277478046736338659e-03
1.237110472744223141e-03
1.211983693213820141e-03
8.371059841226236595e-04
5.353248160876110081e-04
1.506104597993363024e-03
1.026643669173465598e-03
4.820447954098950076e-04
4.394870520808345066e-04
4.300919783064078477e-04
9.089233746176507683e-04
9.385364638776395483e-04
9.824683071757169504e-04
1.448955639132352979e-03
8.335388455984494302e-04
4.611517491941623053e-04
1.071656474074418001e-03
6.886838095051584820e-04
2.543694236926341383e-03
1.489307226225985905e-03
8.066131000495274433e-04
2.084576926565116610e-03
1.357138240333557880e-03
1.251931784452786330e-03
1.487447455673917684e-03
7.837260959470012094e-04
2.402424789620258728e-03
5.336288491570677622e-04
5.491400835222685732e-04
4.096335195907642533e-04
3.796807367872428399e-04
1.847869441323695501e-03
9.597735712373174589e-04
9.418992337325714399e-04
8.773235124538009133e-04
8.338919521776433884e-04
5.718318769256399261e-04
8.755228003089316445e-04
6.258917939543084952e-04
8.620905582885630926e-04
3.166226801861176266e-03
5.739035653263490581e-04
5.834095342143159153e-04
1.473207842416790654e-03
1.276136249287954409e-03
1.524675729036700442e-03
6.383931768817061253e-04
6.392492240860533611e-04
1.258633620764207503e-03
2.487257801048083430e-03
1.036237999624629348e-02
5.403012664591982147e-04
8.592601618050766440e-04
4.769933332851944104e-04
5.711017201741790464e-04
9.049630536299091638e-04
3.534239555376843581e-04
2.888942133623777220e-03
1.763314517917129740e-03
8.985258732382634447e-04
2.393729398871489045e-03
4.417566115587207823e-04
9.438407444197330397e-04
8.764050074477352679e-04
1.965590426221136208e-03
1.105833172149441263e-03
1.340130211965565683e-03
8.857483747224761429e-04
3.704830093329057150e-04
4.357320163842944558e-04
8.193610840518080526e-04
4.246705019727538212e-04
4.527764292483975718e-04
1.128099496331719026e-03
5.941180264962047861e-04
4.728290119046504652e-04
9.803487066008978283e-04
7.885422665420957272e-04
1.583646160722835617e-03
1.065805717957259363e-03
1.178589677097169634e-03
1.406979993781014336e-03
2.433144179316833557e-04
8.357743640631443887e-04
3.685536889132219130e-04
6.849668275724456450e-04
1.057633143730127290e-03
1.153802707489863348e-03
7.764450905542348569e-04
1.264915293842201575e-03
8.757286595132740591e-04
8.672782880411097082e-04
1.075396996210159885e-03
1.578651162265727039e-03
4.509340394330433135e-04
7.053385293502169957e-04
1.097311962281532138e-03
6.448756790657850973e-04
1.984424252147514930e-03
4.095196355704522318e-04
1.595591958084414258e-03
6.733863330213666612e-04
2.829967728806106683e-03
1.021387218683045750e-03
6.445624246691331917e-04
1.234963428009032242e-03
1.268317567296436748e-03
1.390785099955111964e-03
3.301312230349053240e-04
1.356652167132699465e-03
1.062553529511559101e-03
2.700150941296935916e-04
7.719596696563599996e-04
8.214273945838963809e-04
1.147172235909064324e-03
1.675434976134274273e-03
3.434052088932336259e-04
2.571847826788244140e-03
1.461023975478793107e-03
9.456603726426494536e-04
2.949431518629900065e-03
2.851858974774048022e-03
8.676839972180894157e-04
5.588493688934358062e-04
5.714027663560754299e-04
3.712727074293951392e-04
1.320684465331050089e-03
9.750005560210101138e-04
2.861435122777124251e-04
1.848937179677241334e-03
8.468297790796433609e-04
5.936001601893472557e-04
7.212926243006244397e-04
6.262671918009430879e-04
5.041208999889308651e-04
4.007829795684275383e-04
7.567289679113220783e-04
8.624367207912690724e-04
6.084663589169293785e-04
1.340886698586825874e-03
3.595387419810286596e-04
1.201531755277746201e-03
1.638140220094868931e-03
7.051613673030569405e-04
1.217957479715687510e-03
3.685536889132219130e-04
6.551481564172162387e-04
6.687136154537218734e-04
4.096992276526023580e-04
1.419431875972728459e-03
4.529341168687862928e-04
9.936304695812023854e-04
4.436773926167289646e-04
1.074332676910068471e-03
5.862801367427794303e-04
5.826214814011043816e-04
6.480749351267005775e-04
4.851862485547183920e-04
6.899535812814605595e-04
4.808099533497767913e-04
5.170060362502339104e-04
3.377053424653592324e-04
7.452937862750909966e-04
9.824683071757169504e-04
