6.155104243218581343e-04
4.513528472526138493e-04
2.358042012427503768e-03
4.527218419313422480e-04
4.628418669423601541e-04
9.230970782775620598e-04
4.124690465407036344e-04
4.890395606848795245e-04
1.763730511483793499e-03
8.464720687302472110e-04
3.109307196025961045e-04
3.413560929725442845e-04
4.467352240123737255e-04
6.607084571865765510e-04
7.551985666771507356e-04
4.313087708456972620e-04
4.480827277289753168e-04
1.001445006037289054e-03
1.596749426132898454e-03
9.448334894551621219e-04
9.322214342598449935e-04
5.199304777494313150e-04
6.924191491080666045e-04
5.183509433003626217e-04
7.368564255177064998e-04
4.770883161454076739e-04
4.122290633121319177e-04
8.325194738175807543e-04
9.416149440620548905e-04
1.040293995139743256e-03
1.537972990603817154e-03
9.825320245251813016e-04
5.682660820850141299e-04
7.148359349930853788e-04
8.090113494051139964e-04
4.984545847300781134e-04
1.149069745975623896e-03
9.842024323819253961e-04
5.853182629557045560e-04
7.408161589351813575e-04
6.255199022860767448e-04
3.863087565887699621e-04
8.490775821596597281e-04
1.198161155681707214e-03
4.462576013010343345e-04
9.673740089668950550e-04
7.772816519247559329e-04
8.538709543584920361e-04
2.008672131899633551e-03
4.637714138504404914e-04
1.313851442651634959e-03
1.182898037000444961e-03
1.457254981512862580e-03
1.948719443426028930e-04
3.235395248933147058e-04
2.461102900828379182e-04
4.980548166149270997e-04
6.534543124032462114e-04
7.928274576097189613e-04
1.152317182560763306e-03
6.705841903598557018e-04
3.501823973075077374e-04
5.571475658345349585e-04
6.297243269483232498e-04
1.519907651771700658e-03
1.156277291665569994e-03
1.045344583713463549e-03
5.512979906604508797e-04
7.151095477454699799e-04
7.356564220989642933e-04
5.411692355779636936e-04
4.677679483158589000e-04
7.125465847078394288e-04
1.194845699427919813e-03
1.117889679237997827e-03
9.596373195223806144e-04
1.017114719812823665e-03
5.806533718906251593e-04
4.191533453799189089e-04
9.066252445498122455e-04
2.331492694850186616e-03
6.345913401647381704e-04
2.649488807032664844e-04
4.560396905727607478e-04
5.825923276420861456e-04
6.212594009649929612e-04
8.337542261032325182e-04
1.053329565668561021e-03
9.858724807032476570e-04
8.969803031946390129e-04
2.075412046006075255e-03
1.672120265120827232e-03
4.237801271705967103e-04
9.279102074484043726e-04
1.288016174236082927e-03
5.337951086253896020e-04
9.227181398753679046e-04
1.623099289482481415e-03
3.037984554293479255e-03
6.294335884417123382e-04
1.375585989049413465e-03
7.986355801911668249e-04
4.601955600634207648e-04
4.611652141930860449e-04
5.161468488185438691e-04
2.170176564778821156e-03
8.894412738930716723e-04
5.319936854519548806e-04
1.907713024653283655e-03
5.930671884097152031e-04
6.466804422743033980e-04
3.077643072372812736e-04
9.479072939340143925e-04
7.515867856734848723e-04
8.766516710718285244e-04
1.688531847338668474e-03
5.267336019455448820e-04
4.512762083373808965e-04
4.364573772355106367e-04
7.233489248478617737e-04
5.882190731201469413e-04
4.828124724168243536e-04
1.963882819500720450e-03
4.984624676650517301e-04
8.239640785104462460e-04
7.962105351280010426e-04
6.314927734970339924e-04
2.666859171583243972e-04
5.164437269821808363e-04
7.977624740159891493e-04
4.550692155215957445e-04
5.119006150232789697e-04
1.499481323859198998e-03
5.711595673654413152e-04
9.113123764631118288e-04
8.639370287500540467e-04
9.430965794082242374e-04
8.291623040781275194e-04
2.677233382220713196e-04
3.685965074258299411e-03
2.676267941994138911e-03
6.831599198351775591e-04
5.680697651243620189e-04
1.293336727115781395e-03
4.827764462672483347e-04
6.771075625140427585e-04
3.103485589008167446e-04
7.046877282689893414e-04
1.242136070383892312e-03
3.247136038994874029e-03
8.058790484736715965e-04
5.347231925335782423e-04
7.800474456420127337e-04
4.742574934016433909e-04
5.779720497803556749e-04
4.682223755678530932e-04
2.889397236502680107e-04
1.746748391082015087e-03
2.927697020580134757e-03
7.134979566833988445e-04
8.546370863348412908e-04
7.666403676547777889e-04
4.500201488547602010e-04
9.963218887942600771e-04
4.412644533407201835e-04
3.987926726181241152e-03
5.793013231358295654e-04
3.362980593354293764e-04
7.797180385111497723e-04
4.722904326324595808e-04
4.749498973309579744e-04
5.257303822588014043e-04
5.823088851586755458e-04
5.804871450337197080e-04
5.654943401596168812e-04
4.141736497030467268e-04
3.799295584780932938e-04
6.963163447217366082e-04
1.696416013260563073e-03
1.195588939990319555e-03
8.068119214993254651e-04
3.861280099839732973e-04
4.533014221985987025e-04
6.300948256689540942e-04
3.369540623877272404e-04
4.920179632507895454e-04
5.517060882573131394e-04
1.016174467949090615e-03
3.169416542122022607e-04
6.177634836432170694e-04
7.555841929990515359e-04
3.874452660977679291e-03
6.136671002077923997e-04
7.027324305076184524e-04
5.936722817541679065e-04
5.038424175517808084e-04
4.797789814665107512e-04
7.100543816703808490e-04
1.144654082633558357e-03
5.668437467682190195e-04
1.072945138600087198e-03
8.187821346989425332e-04
4.999891909583375213e-04
7.256034760103732741e-04
4.874837799428725828e-04
6.297446358798816342e-04
1.144177757652441131e-03
2.768577944918909324e-04
3.566435727550270208e-04
7.195856143197773558e-04
6.584098627602247983e-04
5.195641684699088417e-04
6.712893028487031902e-04
3.640938739127893144e-04
7.911780658484372916e-04
1.963882819500720450e-03
5.004270190293615399e-04
1.369031546459159544e-03
4.829805501088563495e-04
6.143199079086238221e-04
2.630145500809907399e-03
6.892406163850502403e-04
5.957885970118009800e-03
6.495381738828490299e-03
6.074283983939194427e-04
1.173056993649573441e-03
1.039185993124020933e-03
1.121072579277130688e-03
5.167158709855719165e-04
6.697447229279640231e-04
5.665843728188538816e-04
2.799099642413358717e-04
2.121540087557614038e-04
7.569568379424989517e-04
9.458335571042857538e-04
1.245330781964001585e-03
1.519203511427288759e-03
7.898277309886963301e-04
1.724873327722570033e-03
1.959156267225888211e-03
4.068097113231520200e-03
1.260763689417012876e-03
9.200042587612125263e-04
8.057150235226918575e-04
7.919904996061697061e-04
5.803377822521193054e-04
9.372752234643439264e-04
7.385859417359104352e-04
8.676972764776827180e-04
9.690672865765877610e-04
7.567024384217930577e-04
1.413773843784219691e-03
1.114787814338573466e-03
9.943551224896841293e-04
6.613743224000019323e-04
5.124074401651360989e-04
3.899630647636249167e-04
3.613436702027351868e-04
7.863599973001113470e-04
1.080892915199330780e-03
5.021417420363178102e-04
8.606461871903884741e-04
3.255939921917474339e-04
5.833912964023597403e-04
1.317837124913188388e-03
7.411227190485559233e-04
1.054524475566629305e-03
5.523865388127377875e-04
5.283323316472989884e-04
6.879730497517324997e-04
1.242644989936798981e-03
1.479198363483827817e-03
6.062588823709342753e-04
1.080943067956048782e-03
1.139362592046620814e-03
8.301065983613502113e-04
2.550162641465552032e-03
9.074441144476679032e-04
3.234363487231997018e-03
5.519503207040267565e-04
7.986355801911668249e-04
7.981999954237515432e-04
1.054914181147837077e-03
5.798121669835528237e-04
6.366811751907096480e-04
2.690748784185316585e-04
4.373864180847608250e-04
6.902322407228159628e-04
1.015601936053615135e-03
5.180101070449471884e-04
1.259823067888663850e-03
7.483914730867954846e-04
9.575523130775421589e-04
4.010241964583315783e-04
6.472236617843554448e-04
7.555328970473394615e-04
8.047575144544815307e-04
7.110269388980236917e-04
8.689532308704134983e-04
6.061079199730668452e-04
4.878431311823774180e-04
1.035941729498695250e-03
1.120757429317643505e-03
8.757925535329963689e-04
4.697441528107255742e-04
1.484315170144252793e-03
1.039433766713744557e-03
4.137932867498591823e-04
6.199170486947072232e-04
8.421455719396871067e-04
7.539228515992802120e-04
4.074713716782600711e-04
7.376497181362934308e-04
1.288403351601560181e-03
4.436438042823091766e-04
4.264927000246187790e-04
6.063979381771485459e-04
1.060961154913175192e-03
3.668006053859783518e-04
2.478680912631829299e-04
6.584098627602247983e-04
1.003773753152683136e-03
5.957603833364361360e-04
9.793792136138107247e-04
4.457202291629585558e-04
7.759409603491269642e-04
6.091346859897630401e-04
9.306257163499921572e-04
7.078452005312574217e-04
3.886572364466317400e-04
9.942953376390916732e-04
8.765428553883322258e-04
1.966336264036963252e-03
8.875348916540449140e-04
1.512447166859220331e-03
2.433957841322100576e-03
7.698686107228179618e-04
1.018435216226147924e-03
4.509752942342974062e-04
1.297448573493230643e-03
6.283529500093254288e-04
6.602874578601307387e-04
6.081077003327763466e-04
9.923596836907972851e-04
7.916457693189405190e-03
1.011891649247421239e-03
1.162922009947268531e-03
3.398989937986319739e-04
4.159059207364346287e-04
4.673506516696733048e-04
1.359325681956488879e-03
1.266344474142866222e-03
1.255883044518184884e-03
1.312462986794728963e-03
1.144677429078136280e-03
9.408662258770563716e-04
9.666603309134495737e-04
1.023139151468804896e-03
1.317320635048014037e-03
1.335835828259427684e-03
9.729640936035245527e-04
4.457943366662349915e-04
4.703138010497207315e-04
2.801452178608081298e-03
5.054369833139704541e-04
1.384107679011913625e-03
5.099519056582732263e-04
5.874472635044152838e-04
5.043318256143690869e-04
1.204921699522983232e-03
3.177335733482905804e-03
1.100894608316275872e-03
5.784248747686796021e-04
3.317930584461253126e-04
6.698826195704165719e-04
1.198593288106203358e-03
1.570980063375046129e-03
6.655857946886858468e-04
7.069162159570644387e-04
5.045631349380205830e-04
8.363146212335853015e-04
4.849041758678505334e-04
5.319786603465636796e-04
1.281765367944117263e-03
1.054000567860532500e-03
2.866388224938629884e-03
1.138326660666593750e-03
5.544214214238629874e-03
6.624251632279696753e-04
1.502143448918355235e-03
3.054629176388279311e-04
6.712893028487031902e-04
7.634812725499828985e-04
4.984213701440754797e-03
9.940957424004529235e-04
9.289660588817194153e-04
4.860388726413556034e-04
7.514107890707279105e-04
7.997268039241914924e-04
1.150553282239056684e-03
1.180619670106378746e-03
1.172795304348798031e-03
5.972068038919601347e-04
1.408901971494205124e-03
9.196245429304234550e-04
3.567064581780708785e-04
4.255675832577807366e-04
1.201573111336302641e-03
6.584045030996613437e-04
6.288741248648985552e-04
1.898825149961761577e-03
1.370547278422652076e-03
9.671179750219402243e-04
1.003696177277399243e-03
1.328849290573387402e-03
2.347951380558443350e-04
4.789588286221749757e-04
5.475962468814487899e-04
6.103980230452686617e-04
8.854465984989100648e-04
2.072682515096124778e-03
9.025269267792469449e-04
5.757709586974092989e-04
4.269480614797729521e-04
1.003617445473960505e-03
5.608778860964533635e-04
1.133682204032039533e-03
3.391409144567162672e-03
1.199476025048499617e-03
4.433639596113535990e-04
6.845619756273765020e-04
1.194155188250976352e-03
9.038471931978488269e-04
1.148994689713598054e-03
1.033658889230831780e-03
1.510620936396259856e-03
4.546860228968245630e-04
7.197874093579782317e-04
7.352892863512173419e-04
2.285711354123469484e-04
4.221595788348053041e-04
5.015248259322370363e-04
5.448774999168112159e-04
9.600987097059937841e-04
1.156831510124061791e-03
2.241235834377771144e-03
1.027206139063897893e-03
1.185712516081515637e-03
9.683525291329739965e-04
8.246898160352749210e-04
3.895654149873093559e-04
3.313372269129582202e-04
7.314021032497995808e-04
7.386475658172186442e-04
1.760080479967575254e-03
3.315142431853148057e-04
3.462610458745345827e-04
5.591391237602245630e-04
1.349346302674474859e-03
4.300248738963462799e-04
1.094175165834439028e-03
6.548754480074463202e-04
1.657384506808448968e-03
3.325951607548539098e-04
6.373336884904490240e-04
5.374694815535712052e-03
9.837589581191065642e-04
2.084197087261615341e-03
6.882766194780516817e-04
6.411968683923300683e-04
3.317542668189233691e-04
8.317478878821434355e-04
1.162922009947268531e-03
1.825747681242570345e-03
8.136946763979147892e-04
4.189363497779134628e-04
5.935518438883634817e-04
4.266011296437941143e-03
7.997268039241914924e-04
3.985855901765217139e-04
8.055454115316313226e-04
5.208176990222188225e-04
6.405918711942692112e-04
5.656285483787531999e-04
2.602320321458584558e-04
2.550162641465552032e-03
2.218776144642230913e-03
1.421959622903517162e-03
5.611559861795198043e-04
1.134294751270028710e-03
3.605311166809526953e-04
6.550139642797246165e-04
1.145675460379363833e-03
9.408662258770563716e-04
4.155906117978541009e-03
4.218695608481534860e-03
5.157790944260962377e-04
3.558369786006223569e-04
5.037246553430310258e-04
6.007977818695707430e-04
1.963882819500720450e-03
9.695205423716306541e-04
2.226789935649586740e-03
3.922360933884648168e-03
5.751701856409222957e-04
6.396905178955150434e-04
7.362905555181737923e-04
2.271616424426475909e-03
5.825172558606428463e-04
6.992060762987130753e-04
1.610723257851662650e-03
5.530106130066064600e-04
3.043597618921141542e-04
6.501509276871919856e-04
8.257097500336159357e-04
6.898628375257825213e-04
1.119222697401325937e-03
2.812706977651659168e-03
1.198925931307043844e-03
7.185583022193931749e-04
7.933969028104045917e-04
5.674322561523968038e-04
1.314368062456054871e-03
1.686029846657676389e-03
8.551321257343612748e-04
1.009484205132891088e-03
4.101924991097473253e-04
4.737865958227918954e-04
1.344635649104748308e-03
5.964176765556468114e-04
6.283459950540327575e-04
9.069302267379171978e-04
1.015301993343733578e-03
1.773295208800315182e-03
1.140357970017433610e-03
3.303793951129175384e-04
5.513389060121050332e-04
6.501565738162737263e-04
5.673895296796934015e-04
4.092283837943670884e-04
3.763370572369661147e-04
1.711204529837116479e-03
6.463028792936533276e-03
3.312692249189636701e-03
5.169272873087290329e-04
1.229204260289286669e-03
1.808520722698795432e-03
8.023190731299778902e-04
6.903129033871358228e-04
5.942305835324797770e-04
1.288417926424384940e-03
3.857845948596910920e-04
5.654943401596168812e-04
6.492926473878578297e-04
5.099519056582732263e-04
7.878096400391329046e-04
1.390043642573477378e-03
1.152162729050999670e-03
4.757086070603346517e-04
3.722593019170927276e-04
1.429379571561886298e-03
4.828124724168243536e-04
1.314862289699381863e-03
7.314021032497995808e-04
1.783472652083031807e-03
6.621748756919213939e-04
8.090113494051139964e-04
7.099412210472307158e-04
5.679372819361051252e-04
9.569007274130989426e-04
1.517627372122712110e-03
8.970987162892487621e-04
3.294401425274615298e-04
3.313372269129582202e-04
4.950891434155361634e-04
9.118540878015100144e-04
5.156417775954250668e-04
4.401656501465170922e-04
3.605616085877271079e-04
4.271301273815685754e-04
5.233257637709412893e-04
1.838497682573618855e-03
3.727002340561417701e-03
5.233237342358527987e-04
9.789211360632739303e-04
1.185991225199814481e-03
4.344695645823871250e-04
1.473290771717932325e-03
5.082985023963991315e-04
1.040237666764704059e-03
3.927035407373335421e-04
9.167474153618064558e-04
6.708872086261587772e-04
3.467222370433629573e-04
4.187464631556264867e-04
4.289099958501333093e-04
1.268213009925230365e-03
1.045636840781244935e-03
4.169889971828440829e-04
3.748864241189716392e-03
7.499660974966519417e-04
4.074790673716976097e-04
5.215507817672112613e-04
4.716295768637623182e-04
3.912600072104801966e-04
7.837745705219234266e-04
4.630462480145292677e-04
3.704462761990771425e-04
1.124342112620933375e-03
6.863887078047454940e-04
5.598584686872109953e-04
1.978232414831774307e-03
9.578219653552069897e-04
4.805155498034270264e-03
1.179939649640042790e-03
7.219470978721952842e-04
1.637625157097733668e-03
1.265292008220804572e-03
2.720297927937311618e-03
8.192761444700552434e-04
7.381607493509806470e-04
6.011193746968748752e-04
7.900770760579198682e-04
9.011352134833341574e-04
4.638493750069238534e-04
7.576672387272643649e-04
3.537208610252012462e-04
6.369239278371180771e-04
5.483974595995848994e-04
8.599829443067084781e-04
5.301834403228358533e-04
8.495491589211010041e-04
3.558177060978963240e-04
7.153264550745780251e-04
7.336273644920393491e-04
6.232657213042244824e-04
3.829413254435634064e-04
4.288326300907867490e-03
3.434295390583136333e-04
2.174378322207958045e-03
1.531280957920490640e-03
5.638797692849849838e-04
8.989980574736206173e-04
8.362539104183261407e-04
1.504379883426444978e-03
7.187238490491207202e-04
1.234325019410663056e-03
5.515618735816879992e-04
1.020934817058125185e-03
1.486080406209853814e-03
9.714016023111746688e-04
7.019350279492693034e-04
1.069846818121314999e-03
1.138006310219737052e-03
4.740597750806796874e-04
8.915611758908357750e-04
1.231628554953912488e-03
3.940770658219564480e-04
8.540290348033193705e-04
9.289660588817194153e-04
4.470485723567566277e-04
1.204050943365237835e-03
1.306922471732183556e-03
2.234349371329801166e-03
7.943878473999667345e-04
8.173594687571238615e-04
5.355726677878066069e-04
4.994747679969009603e-04
2.036307631186497821e-03
1.560003489849236605e-03
5.504530066554172213e-04
9.848327824864844000e-04
7.372531619906002925e-04
4.177763928871455258e-04
1.458079427576371156e-03
6.368376459288888417e-04
5.406065091976054206e-04
4.886570681360993904e-04
1.422521404683791844e-03
7.380229242343265116e-04
1.392237532295379160e-03
1.266344474142866222e-03
9.851955546050753139e-04
6.935245019019342346e-04
3.863087565887699621e-04
6.309413915367047395e-04
6.026475568023330733e-04
4.087265232005002748e-04
4.624733210237801247e-04
9.710834776398769496e-04
5.122660820660744673e-04
8.774173870217146084e-04
5.434937391279424804e-04
8.269090523879342892e-04
1.666548547494478907e-03
1.107711670973345833e-03
1.293808267586740333e-03
7.652681335841989788e-04
4.472401019242913341e-04
4.476798029249889010e-04
8.300461675289378533e-04
4.700376619015369378e-03
1.036362928494556504e-03
2.717073035836427546e-03
1.217456238468745842e-03
3.424498244253157625e-04
8.071033270719594555e-04
2.486856914742824635e-04
9.289660588817194153e-04
4.233212636327625335e-04
5.257303822588014043e-04
7.610670919860768871e-04
1.916914585578345176e-03
9.365619738062371793e-04
1.188717562966988724e-03
1.821555316869134756e-03
5.427305629849909314e-04
8.506962609947162513e-04
1.627865408725474947e-03
1.444928461407970696e-03
4.532143394922691641e-04
8.026541551304685598e-04
2.300141122513142764e-03
4.393011040873513826e-04
4.180426853953694540e-04
9.096153470414837777e-04
4.076583403406770605e-04
1.356667852999288593e-03
3.021526663819313284e-04
1.199476025048499617e-03
7.197916004435287807e-04
5.319786603465636796e-04
7.450568166127324215e-04
1.504335015617997220e-03
7.235381958850773884e-04
1.297503054534250144e-03
9.896588267292543133e-04
1.855692389096785376e-04
1.610683740007389257e-03
1.506633554943515030e-03
4.877994193417005474e-04
1.097044838369886244e-03
1.282439759291735407e-03
3.880708884876500056e-04
6.119979684229798038e-03
1.310313690204957440e-03
3.434297320222444916e-04
1.338368768885672948e-03
9.300443968984140790e-04
5.706989740115271572e-04
9.266733511110381754e-04
2.641668651214052637e-04
2.831388876044007522e-03
4.077537513150983079e-04
7.187571920725078448e-04
1.079375243290461818e-03
1.126083247255476238e-03
3.412654936026419342e-04
3.199244115682331295e-04
8.894412738930716723e-04
1.997911602311839945e-03
5.320032334339859764e-04
1.142312540853413199e-03
4.519844716513205830e-03
5.948018698022108875e-04
7.815484123188299768e-04
7.889780443911364582e-04
1.655032892449215080e-03
3.310953433496621246e-04
2.347951380558443350e-04
4.196323032760369137e-03
8.841926039931722161e-04
5.803377822521193054e-04
2.717073035836427546e-03
4.156652677961578200e-04
8.317560822360032819e-04
6.573575376758591460e-04
1.206163233840079358e-03
3.414131656306465057e-04
1.145548494487081846e-03
1.080517845398436174e-03
6.401393574208337793e-04
5.936722817541679065e-04
4.508373542545689779e-04
4.568459373774003585e-04
1.032237488727555039e-03
1.057518239570278459e-03
4.403410323119084403e-03
4.717722231826178628e-03
7.141622824597995385e-04
1.200365577899105418e-03
1.599406515580134840e-03
9.360229880029611324e-04
1.450674212324537179e-03
6.111256718692163097e-04
4.951389045939617178e-03
7.878096400391329046e-04
4.100069451073924979e-04
9.009814104883059156e-04
7.091145687566096810e-04
4.793610920973704541e-04
2.265427341882121550e-03
9.203367940025004726e-04
8.643526869298377539e-04
9.938281737254096946e-04
1.463742982706904214e-03
6.880999674359317793e-04
4.299611062017900096e-04
1.119222697401325937e-03
6.371328556936065729e-04
3.839222000680884810e-04
9.260062261890250265e-04
5.929916937101886460e-04
3.241575598869218117e-04
1.389350403599951553e-03
6.372159474926323165e-04
5.376927733804251182e-04
3.872357211434197073e-04
4.980548166149270997e-04
3.569177288210318984e-04
3.546207701909714276e-04
3.606760832067910537e-04
6.314030071385858369e-04
4.280476048810153149e-04
1.057412212964589952e-03
2.416022010426672421e-03
4.920986805017359654e-04
2.228815219419386182e-03
7.400264891501539405e-04
4.704274488505608728e-04
1.540973587138119976e-03
5.028311781853822722e-04
3.517319696705032729e-04
1.101737248484158799e-03
9.190067191170646051e-04
3.646400633198428639e-04
8.699670142157425430e-04
1.821555316869134756e-03
9.074441144476679032e-04
4.184380937930236755e-04
5.473838258571628486e-04
5.170125386570644443e-04
6.392139134444148546e-04
5.948139619052255278e-04
1.494540522857715388e-03
5.257869753175530491e-04
4.519864171409417757e-04
8.084530144740735167e-04
3.819701746139883385e-04
6.863156932884943804e-04
7.686185208158012854e-04
9.318270327245555765e-04
7.075187719356992519e-04
4.701775033590503044e-04
1.112960223393643505e-03
7.721720968261229718e-04
2.662724600676404660e-04
9.755501024666242112e-04
7.840958430813538141e-04
2.976637471164590167e-04
4.906621764691247939e-04
1.726191000844355802e-03
4.064476047160820523e-04
1.031386334370375159e-03
1.877927621183774929e-03
1.372609729095221375e-03
2.194533552153629490e-03
1.412041196478108253e-03
1.523864577282912436e-03
1.239519407465177392e-03
1.172935697307489911e-03
6.430391955291030887e-04
9.085644710979008665e-04
1.941325451287264107e-03
1.115168494250486824e-03
6.348728826844108903e-04
7.874476807422764978e-04
5.703654539704507273e-04
1.418375694157549081e-03
1.000131298036975548e-03
5.571475658345349585e-04
1.097044838369886244e-03
1.379492243188234265e-03
7.981999954237515432e-04
5.986020622350327188e-04
5.741632835278239790e-04
1.815324352695400387e-04
1.630441571898450090e-03
1.838945675583038113e-03
3.147585389564308599e-04
1.767911858685008563e-03
5.981011844963685662e-04
1.038391769677670610e-03
8.382776653875413002e-04
1.562172201814252719e-03
5.258053880522075120e-04
4.784854844015333270e-04
6.830384319520953641e-04
9.713325126491579231e-04
4.094869804399263783e-04
1.109921976513456292e-03
6.051079580894987067e-04
3.113033681689657706e-04
8.897800642973451805e-04
5.575567617366935375e-04
8.337161273072069565e-04
7.385953656874417930e-04
9.863684922445767507e-04
5.393705601887148135e-04
9.105533129395689332e-04
5.504530066554172213e-04
5.856644875681849991e-04
1.378288296805593857e-03
4.053357913054420752e-03
8.055454115316313226e-04
1.164362689023269812e-03
7.385953656874417930e-04
5.599114355258727038e-04
1.011350482642057015e-03
7.385859417359104352e-04
1.458234464325834819e-03
7.544219375989631151e-04
4.254269435012197681e-04
5.811560929549628362e-04
4.389211300243554261e-04
7.158680974746225957e-04
6.186183024450297736e-04
6.475687221365685918e-04
5.007398048275399447e-04
1.174774253958320476e-03
3.469472203922924257e-04
1.069846818121314999e-03
1.564158138580298233e-03
1.368945386672903216e-03
4.895154712479365521e-04
5.243160641828329164e-04
4.717722231826178628e-03
1.042249750466488515e-03
1.427468512470012269e-03
4.921068707876946309e-04
8.078963591671115300e-04
8.986304840327944028e-04
1.638728391887125501e-03
3.612156603808983112e-04
1.345630587949224466e-03
3.805236365130396114e-04
4.651834974082891803e-04
5.160368326513793680e-04
1.213782028796247343e-03
1.598909915632323788e-03
1.173069376892632229e-03
9.068107512720633041e-04
2.534942521552773723e-03
1.001944458360867329e-03
4.539709948513386169e-04
6.892124972598069263e-04
1.137628144316347187e-03
9.644770923706649790e-04
6.029326726261084908e-04
7.880104285108498630e-04
1.355270518631216965e-03
1.347731005829028899e-03
1.064586485959762626e-03
5.652839043670921477e-04
1.075960508737929975e-03
8.864081545057615795e-04
3.722593019170927276e-04
9.529715294424689724e-04
2.688930428171873790e-03
4.472401019242913341e-04
4.176199692423549284e-04
8.206232184260882313e-04
5.374574252167488297e-04
5.085138060027863654e-04
7.578825739821845250e-03
1.309941754594167547e-03
1.268213009925230365e-03
1.153935013965658955e-03
3.535049405165143692e-04
3.899630647636249167e-04
4.427978167109724878e-04
5.004270190293615399e-04
2.585800264667508907e-04
5.905697340920611086e-04
4.279235256736761673e-04
3.819889030567781736e-03
3.437751840991418498e-04
6.250573823205589352e-04
8.189786116241288844e-04
9.124051941999845742e-04
5.250261706456582460e-04
8.411816494419937628e-04
1.010906464224147839e-03
2.612745281821430860e-03
4.050481354002728913e-04
6.356986520009834472e-04
6.684696695005161015e-04
1.883899211817839387e-03
1.548604756176531630e-03
8.585900212219401166e-04
