1.304421185483686622e-03
7.100378743499776791e-04
5.649098828655276959e-04
4.369875699842588565e-04
8.036272783306876080e-04
6.360269813724890630e-04
1.165058280366603914e-03
1.138109276489424450e-03
4.818065456096425232e-04
1.151953912898107633e-03
5.600803061701300654e-04
1.617599391535110270e-03
4.549856427091713467e-04
4.156417861962755219e-04
1.316467476898100638e-03
4.552007589758107534e-04
7.499224521905307680e-04
7.674245646264180520e-04
1.130467850400982072e-03
8.887418743303323850e-04
5.834691283726555844e-04
4.396770720781720699e-04
6.870784599797223179e-04
1.056445514910077941e-03
4.740763307214873926e-04
6.813891385114388818e-04
6.029010619882354876e-04
5.215086069500102792e-04
8.412869618697655944e-04
8.019445049474571837e-04
7.909029418628255904e-04
6.074379364824076307e-04
6.917293868541539393e-04
6.401902427769581589e-04
3.314078733458510756e-04
4.293863897670479267e-04
2.372369170679235705e-04
1.475441599857426830e-03
9.330242989858614222e-04
8.128384898389241688e-04
4.347575090713872402e-03
3.423603981059468036e-04
2.838887959913948249e-03
3.272535240202026265e-03
6.740280680561065588e-04
7.442036651198753305e-04
9.452893380890449145e-04
7.965547657051656044e-04
1.372857120822682919e-03
3.274450389597338695e-03
7.479938531451559404e-04
1.379139580845114557e-03
7.231659709426013901e-04
9.637911715544447786e-04
9.723697678653211865e-04
3.668488770319420470e-04
9.200390043892818981e-04
9.143949004722881115e-04
6.213703183447646071e-04
1.262292949242078965e-03
9.201648017989827932e-04
1.222271709013884747e-03
8.438559576289813386e-04
8.784212286923871824e-04
9.173435611075469705e-04
5.476434540521054857e-04
1.159958290100904232e-03
8.859293248624797255e-04
5.795465548543062831e-04
6.647396355084005896e-04
1.332673793091257528e-03
4.818774004432820708e-04
7.482455719582427334e-04
8.444688117139892295e-04
7.216657133381319681e-04
2.324181706977435178e-03
6.237414017790642593e-04
9.949623977623645553e-04
4.381580590041846373e-04
4.966302140763703124e-04
1.086961717603540179e-03
4.809260695123939518e-04
2.034637989567319311e-03
9.288252074977114891e-04
6.784561401149870200e-04
6.684693272242404199e-04
1.291494275589422178e-03
5.458770379894019396e-04
1.183208118836582981e-03
1.266353117005517047e-03
7.029185657007027202e-04
9.401792090429462274e-04
5.323653803253469837e-04
1.264235871328522626e-03
4.151582415341498839e-04
4.853087497500730026e-04
7.988451255735919566e-04
7.923099969354887445e-04
1.732345435086846694e-03
1.886378336553482969e-03
9.401792090429462274e-04
1.640000098132622869e-03
6.662381211160879569e-04
8.726503785795707837e-04
2.827346409432779785e-04
1.457562631137619517e-03
2.508452337427068048e-03
3.274525204099045634e-04
7.797935642537999132e-04
4.953974155460301627e-03
5.726223040257435526e-04
6.066807098755819944e-04
3.623697597585753068e-04
6.917293868541539393e-04
8.006053544840523780e-04
6.256356347078472976e-04
4.351972811421918981e-04
4.303144527809000131e-04
5.304858398948970400e-04
1.528408598883115171e-03
3.067181229926394426e-04
4.203267155455275069e-04
4.195603517879596851e-04
8.217277137739838894e-04
6.265693524631779990e-04
5.456727047826956129e-04
9.845443452570264847e-04
4.627845643526264726e-04
1.786503007399509440e-03
7.729787173800739758e-04
1.747551632936382091e-03
4.212179996005983558e-04
5.280559347478720267e-04
3.665304166679694440e-04
1.409216187698440368e-03
1.182317525152271932e-03
1.591946348213098663e-03
7.283442734355656577e-04
4.794776173521276066e-04
1.295265488396710966e-03
1.082828113622154526e-03
5.125353255118421424e-04
7.419768836267350270e-04
8.266450995123887646e-04
1.692733193431418537e-03
6.445384486281941112e-04
7.699042771128542222e-04
1.037088546854849193e-03
8.786064095820765715e-04
6.237486072995926997e-04
9.873538798734525848e-04
1.351068483019625789e-03
6.565363412368859604e-04
1.207242986181920712e-03
1.226215938743022236e-03
9.073358903840939276e-04
5.070898121793087883e-04
4.726544313122359588e-04
1.575496370727669498e-03
5.121318147794082015e-04
5.127226942726928992e-04
1.213867321863012572e-03
1.653700477039752020e-03
4.401965305622774463e-04
7.551108372205132119e-04
1.113436735171923755e-03
1.031792204739285981e-03
1.422064739241902295e-03
3.975815929585942133e-04
1.258690128588270483e-03
7.026209967053128388e-04
4.518515247916899975e-04
6.812166356388075442e-04
1.744256187020459033e-03
6.401184639697809564e-04
5.705554199556376899e-04
4.942612664706435817e-04
2.645180125953514017e-04
6.654362646513335526e-04
7.457808408664044243e-04
2.604790905519083492e-04
7.075787987202898253e-04
1.020802659866811490e-03
1.564839469477673694e-03
1.367898052204051399e-03
8.828930261085607802e-04
6.078422157885811621e-04
1.444564578160064273e-03
8.722869889670217770e-04
4.753494095708534883e-04
3.814948341817442595e-04
1.372186473257614586e-03
6.280969785567500335e-04
3.856377000193179374e-04
4.399310522943200921e-04
6.263206211747264366e-04
1.127256438444682561e-03
8.331169004028862127e-04
9.275667094259429065e-04
9.358442405121539416e-04
3.648386218972686870e-04
3.365019858663985744e-03
1.844584021850078736e-04
2.226413013442093362e-03
3.961945431058161199e-04
7.813245844677439668e-04
2.775047511023310252e-04
8.338857761296733636e-04
1.116943278507684162e-03
7.071271211988833889e-04
6.322774409454800983e-04
2.558591972767799722e-03
2.402629641545131565e-03
9.665696286389955901e-04
2.878289920336772958e-03
5.216805635761542293e-04
1.233054941391796468e-03
1.318038635568521532e-03
5.357424019232192615e-03
4.969929077549667092e-04
6.128297758690642643e-04
6.542361521400239834e-04
9.800981351403466064e-04
7.185110402484264644e-04
7.332565474711128786e-04
1.881678008198336234e-03
8.664450277901459196e-04
3.341400708520811695e-04
7.465355971466873432e-04
1.830350433701551137e-03
8.966060497120291852e-04
9.827262552369584771e-04
6.390645560779761522e-04
6.422153435422793847e-04
6.085594925717447302e-04
8.395301514600370107e-04
8.319315998727435475e-04
1.505984618441414324e-03
4.100992063219954364e-04
3.993074167979128648e-04
6.000493611368168086e-04
4.602226509293472472e-04
2.866429739182039561e-03
1.135986363235865501e-03
1.992977984796640608e-04
1.525665586018088490e-03
5.131066378483929626e-04
1.908480321751838222e-03
3.394875104134776754e-04
1.447542412223228004e-03
2.017970825041077998e-03
9.159858246420660242e-04
5.796946119671085628e-04
4.320564536394526063e-04
8.227621401157909258e-04
1.797777242520497793e-03
5.229316507293073780e-04
1.209281919992028940e-03
1.164359640137933990e-03
4.008713588178265978e-04
7.729038755406834882e-04
5.087265961711671556e-04
2.329612633175756186e-03
1.086234844531196869e-03
4.283876378006319327e-04
1.510267099264945689e-03
7.037341432208082817e-04
6.176171352725214753e-04
3.289195873129144472e-03
5.065213346508827541e-03
7.325570695497273053e-04
5.718843994897633608e-04
5.589222530474235095e-04
1.070225837337780228e-03
5.623192726975649765e-04
3.411434586087194916e-04
1.095874858542981653e-03
7.152763150638857207e-04
1.514021184528074838e-03
5.323117157970454899e-04
7.054905765075560184e-04
5.147237960291293568e-04
8.604159498577028083e-04
1.394346007327865395e-03
8.159661291969934902e-04
9.010759011286626711e-04
5.429009317600926076e-04
8.493051082043962495e-04
8.633109898412973061e-04
5.128560246288232970e-04
8.658461702581791682e-04
1.593617146234846795e-03
1.079612662769185646e-03
4.870981029750500813e-04
7.648283032031239067e-04
3.142079741460948941e-04
7.965547657051656044e-04
4.686425308393138206e-04
7.699042771128542222e-04
8.362869474414247892e-04
1.331939504775716751e-03
3.406546279742859833e-04
8.062650437828310047e-04
2.142985125031629176e-03
2.977850577069953331e-04
3.081745154740671657e-04
3.469336848763548541e-04
2.719143985652212447e-04
4.322772392931770245e-04
3.719090943142626914e-04
9.110375768677141453e-04
7.203791802318571576e-04
3.366828951711605452e-03
6.327550615506227077e-04
1.441494840108716079e-03
3.432533575343782797e-03
8.873038145644803051e-04
6.135703695102875162e-04
1.159207805344564680e-03
3.483168258908027858e-04
7.736963348233951787e-04
5.809052383080390422e-04
8.204772749827919740e-04
3.772605972926540061e-04
2.127634132337456740e-03
1.557780817208601933e-03
3.247985517659455991e-04
1.242172606623669637e-03
8.629485879736143415e-04
6.411589252379010142e-04
4.397803762016534008e-04
7.216662992544020053e-04
5.425022899646122620e-04
9.777085301370526220e-04
5.494587173764007518e-04
5.218413861975122227e-04
6.377408073250811658e-04
2.050873058577971616e-04
7.295790156123441563e-04
8.365879300040274203e-04
8.849568468358016797e-04
1.219264169434004222e-03
3.400757055222999262e-03
6.757478088177404103e-04
1.041906265948196186e-03
6.894866886687186277e-04
4.067193083241799284e-04
1.394545977782932602e-03
6.263206211747264366e-04
8.847716966522954380e-04
3.903704489974300744e-03
3.824098984768039200e-04
1.856787884648400475e-03
1.736962065622045005e-03
3.843414633136998091e-04
3.314078733458510756e-04
1.332797289645652229e-03
7.138097294956152099e-04
3.429020681548890313e-04
4.491288757563335812e-04
1.268978738509346591e-03
3.938383904504971626e-04
7.133408949926350407e-04
6.596319549040486696e-04
1.926842551263807614e-03
4.895404613417642754e-04
5.387994291838609385e-04
5.086291032427758992e-04
6.215550120293227227e-04
5.324870979844606054e-04
5.522665951454179068e-04
9.508881861085358026e-04
7.185110402484264644e-04
1.035321709098930036e-03
1.202612006342225178e-03
1.010675739961670438e-03
3.469336848763548541e-04
7.232999518628345937e-04
3.635879931636389084e-04
1.102103747628132473e-03
5.822686537645601094e-04
2.101880561941099970e-03
4.792131858146324872e-04
9.543177033984858240e-04
1.113694362125162247e-03
1.368341910595994356e-03
6.503600628617247238e-04
1.374770201859318525e-03
3.768577073499767855e-03
3.654929655093099028e-04
9.662382645832733822e-04
1.239105349610218057e-03
2.313763125934884847e-03
2.352601458536272925e-04
5.882785541657165919e-04
2.748343752674191950e-04
3.929914564926206464e-04
5.952696759367304656e-04
6.915044925422422469e-04
6.655978030995442002e-04
9.711364585987353150e-04
8.090713737545603612e-04
4.659094468846401607e-04
1.696334902284061131e-03
5.954801058872052650e-04
1.337602165972039082e-03
1.276059860586971654e-03
1.418392597765487590e-03
3.794871675487022011e-04
6.038945081746001668e-04
4.809260695123939518e-04
4.710701010770186365e-04
5.522293091920464246e-04
1.162496072836646929e-03
1.408620013817878233e-03
7.799956248389584759e-04
5.408181205845246633e-04
4.537064024145639205e-04
5.833554789746830775e-04
1.717994786996048873e-03
1.378442773691584662e-03
3.519788035783291734e-04
4.047605869010732532e-04
8.759623636886001638e-04
7.155702811848497179e-04
1.345051664728173866e-03
1.005052048615966923e-03
8.959471635025485423e-04
2.458266425259961543e-04
5.504339972397459882e-04
8.526230456747105942e-04
3.016452969332992541e-04
2.458266425259961543e-04
5.520456649611792501e-04
6.077327709377531315e-04
1.609138036661140027e-03
2.432996062835599774e-03
1.075765677329340629e-03
1.125245580435458139e-03
3.988577379463460314e-04
4.163155707345278901e-04
5.956442274194909993e-04
4.416131606263072086e-03
5.087008108439182181e-04
5.765367610353073612e-04
1.750568062875894034e-03
1.707755288207635311e-03
6.520369525804800342e-04
3.572953218216051046e-04
4.570247301259496562e-04
5.350822478988968151e-04
3.690417073425938596e-04
4.238421069539174686e-04
4.038560851468708541e-04
7.950076530051619064e-04
1.756791226827644293e-03
6.069021376239319828e-04
8.840268183203693619e-04
2.553943956247085455e-04
9.534864316530001528e-04
6.164494755938719353e-04
9.865877810323116660e-04
2.023876104898546041e-04
3.281043725572223378e-04
5.725128432751044319e-04
8.428161231630095515e-04
3.404475956061601104e-04
1.297975892671462397e-03
8.215595054539779609e-04
8.190829511950419506e-04
5.417792421991183367e-04
6.853922581943595015e-04
8.202364566683038784e-04
5.028146162778141274e-04
8.057535614076844280e-04
1.584026809928510858e-03
3.297727546745916308e-04
5.442551338796804529e-04
4.667199321809500402e-04
6.242757373999511953e-04
7.219793419553939941e-04
6.329039659838234027e-04
6.537773166485796698e-04
7.160473344808166709e-04
4.188238424404652858e-04
2.180970975172273618e-03
6.514613809557940260e-04
1.209248258971792368e-03
7.705155569284416689e-04
7.389074604964426460e-04
1.300733483417999738e-03
2.442693266343744164e-04
1.629418659038895170e-03
7.352401802136567834e-04
2.964242548734842358e-04
8.891507256025271829e-04
7.282077518424687375e-04
2.959523592899534084e-04
7.409407848547375610e-04
5.113491154483271401e-04
2.546068315317877024e-04
1.064633246430523282e-03
1.393398601933267889e-03
1.812035322906131772e-03
5.472481322783211794e-04
1.133608939589394711e-03
9.281498827473503351e-04
4.979197246174465455e-04
4.060163152319346143e-04
2.387780390746439916e-03
3.478136415409439431e-04
1.484117040742441397e-03
1.624546307961541184e-03
3.265716963773626223e-04
1.485573335430869293e-03
5.264111138544383135e-04
6.767993401222756767e-04
4.352110323643059147e-04
2.530129794216662373e-03
3.976162171167494882e-04
4.949952804975976152e-04
2.115899400617113346e-03
6.738991953150841405e-04
2.926728409290045509e-04
1.670568806663605584e-03
7.411436723431919600e-04
9.657081535988573922e-04
2.342324835913291506e-03
3.138595256420201578e-03
4.666979132407067651e-04
5.993466551767654381e-04
3.588014399057415089e-04
8.161532370303444797e-04
5.405551789544682864e-04
7.417244832943463038e-04
4.169766005834501599e-04
2.564832123022736925e-03
8.417237857903748849e-04
6.676957493641441383e-04
6.242514004314017248e-04
3.330434667988180675e-04
2.838292784562434189e-03
1.193135543377066331e-03
6.085594925717447302e-04
3.315008815826587965e-04
3.748060504276930975e-04
5.628683779975478729e-04
9.889636157469612696e-04
6.693977975595036441e-04
3.924641038427573387e-04
1.497125127736642636e-03
2.610952614342145340e-04
5.500533849650149441e-04
1.480089485796782980e-03
7.029429308121639113e-04
3.927889299938834783e-04
4.151582415341498839e-04
4.759784493713314349e-04
2.482742305139579858e-03
1.584600668693516385e-03
3.463098430328357541e-04
8.283168413610588962e-04
3.440415127613302574e-04
3.821113471025229134e-04
3.730853607767251143e-04
7.446683499864706650e-04
5.917040672692240166e-04
9.938222591094651118e-04
8.458567134069057891e-04
1.015813597904691211e-03
1.398969084990499137e-03
7.485393435906326134e-04
8.177205931990310988e-04
1.886843864893091851e-03
6.490669238803244666e-04
5.917761483190365438e-04
8.546649303000797976e-04
4.465694305993961593e-04
7.172749226789819962e-04
1.320425739000848434e-03
2.550428158734015498e-03
6.164494755938719353e-04
1.590389189386969644e-03
8.527424118085774477e-04
6.426310558099204403e-04
4.100992063219954364e-04
1.738964466572994827e-03
1.197993660232958861e-03
1.140913932778689051e-03
9.759884084227179622e-04
1.129299439181482255e-03
8.077280396320747104e-04
9.824371846001607456e-04
2.551405796498067233e-03
2.394328536973730492e-03
6.716744038440923157e-04
9.883256864631662260e-04
7.227001702652612568e-04
6.994082356251189129e-04
3.383284223789275597e-04
1.394838417664924805e-03
5.489072059569152784e-03
9.799691088536897562e-04
1.116423436269654802e-03
4.938403759421501876e-04
1.543405671226089331e-03
1.562390078050849293e-03
3.772433916971296586e-03
1.327991376092550269e-03
7.327297214400546122e-04
6.502053531756010144e-04
6.744962940563481880e-04
9.827262552369584771e-04
4.439813474692989696e-04
6.518609718720548216e-04
8.511936175341438095e-04
7.874600885357856085e-04
6.530073885457716651e-04
1.235460374547799533e-03
3.565747982763435055e-03
5.360108276854755631e-04
9.048082606291027192e-04
8.977427002855888332e-04
1.002946925236147899e-03
1.234315803386731424e-03
6.158951940581534282e-04
8.043917006460768590e-04
1.720854712885035685e-03
6.524050810004278266e-04
4.630371766298408179e-04
2.453495108355184615e-03
3.453270011852987488e-04
6.053903774757696385e-04
1.161312847290749562e-03
4.165373250810307519e-04
4.441912394434237776e-04
1.277541619238855165e-03
7.132829054985048885e-03
3.016302262889754564e-04
9.840601381201105440e-04
7.066779249914311714e-04
6.272201956783254873e-04
1.245855453053659398e-03
5.357424019232192615e-03
4.113764068896061821e-04
1.242471167929439001e-03
4.794248227560545797e-04
1.717923329265996302e-03
1.527285722783594014e-03
9.645173038489719382e-04
1.858176887712461927e-03
1.977295762269367426e-03
1.060596498565809101e-03
1.121157145903403521e-03
9.968403398720891619e-04
1.060271265638295865e-03
1.149073061838125570e-03
6.680846833577835497e-04
3.000871874841991066e-04
5.052143496645522276e-04
1.524231658633476340e-03
1.118061099782133132e-03
2.746427843094126266e-03
2.323166275741076880e-03
7.455619938886800689e-04
7.199055772861950430e-04
3.106211039391226282e-04
1.426312576310821440e-03
6.750489938720360267e-04
7.492493547055785030e-04
1.081082421523574212e-03
4.976826228094541251e-04
4.527876816224761947e-04
8.954615143437410574e-04
6.001753644309136071e-04
1.162115470826158682e-03
7.315553831105919141e-04
6.311908411511502580e-04
6.354217036527230571e-04
7.284388052254270069e-04
8.966060497120291852e-04
2.304892924536974710e-04
1.036987111865552910e-03
4.697573764892943931e-04
3.781746503983810957e-04
9.857331646581932519e-04
1.697997068403599543e-03
2.337591824613076961e-04
3.887402023298444967e-04
1.918265706491302253e-03
4.401533235323649464e-04
4.999918076000875846e-04
1.158670252725565184e-03
6.243596925263626479e-04
7.002153169497858784e-04
5.366047226487814055e-04
5.923100699607219749e-04
5.110331228430637762e-04
1.607160906705278839e-03
6.057954947326113330e-04
6.800267819116873318e-04
6.108977803268177045e-04
1.701388585999535430e-03
7.935571524026885240e-04
1.703586477494555820e-03
6.264285616396245105e-04
1.753328019116200337e-03
3.872496560330678135e-04
9.953639988716487825e-04
7.958236032641975754e-04
1.048838100284000402e-02
4.999917632920484675e-04
7.920065558239926728e-04
8.916193593766222813e-04
1.302697191298180651e-03
6.144665067549558504e-04
1.867249870615079891e-03
8.081778653984527522e-04
7.090802924089563766e-04
2.538492843590907464e-04
2.410236092216991484e-03
4.633513161898253829e-04
9.075845415540898919e-04
8.047807207623661890e-04
8.554791822643154292e-04
7.168990667824040510e-04
8.681142718744093954e-04
1.662640651695050740e-03
1.505667743373060403e-03
6.257483688638723618e-04
3.314219622483207208e-04
8.402083915771453321e-04
8.862453164985139437e-04
7.525608940646267946e-04
2.862746751491112174e-03
3.259483305896592755e-04
5.590783741590099436e-04
5.958043489444346703e-04
1.277885101113246337e-03
5.993874543670169378e-04
1.063580578467619676e-03
8.760190934781595827e-04
3.402910505054408652e-04
7.823137006419259628e-04
7.733273098647718393e-04
2.575467766481568874e-03
8.439037025374362261e-04
7.452428017601890739e-04
1.242636421042099711e-03
2.326516785450426315e-03
1.101946629209941443e-03
4.934702798133288422e-04
6.413705324056205061e-04
9.142288175461429824e-04
6.812166356388075442e-04
5.726208566166207659e-04
2.326516785450426315e-03
1.312963656690896213e-03
7.152230901047616166e-04
1.563896292130171565e-03
6.409980876206444007e-04
9.710325675325481203e-04
1.228748353483168510e-03
1.722186895198674203e-03
5.563427691640042243e-04
6.539139708318088230e-04
1.137865736235901728e-03
4.694234655356070338e-04
2.363563681233791982e-03
2.065641604039201041e-03
7.747341523121557393e-04
1.122662689253381548e-03
8.782435269384177186e-04
6.488373525221783136e-04
5.375996796368976913e-04
1.338094309524086442e-03
9.148096984299808852e-04
4.474929530602993178e-04
8.426925059388673273e-04
8.142901023910217254e-04
6.772851398219266244e-04
6.778784919829434564e-04
5.345983020826471522e-04
1.352815299209207157e-03
4.753578443923234600e-04
1.031574613683229396e-03
6.452476778505769357e-04
2.381832339720870752e-03
1.258503792070210861e-03
1.009930814875475719e-03
1.381158026651257108e-03
1.091602180093525273e-03
6.809325537036741436e-04
7.951813435796546920e-04
7.344235903099153142e-04
5.455136729286584434e-03
1.832570558119012974e-03
2.776464250814751102e-04
3.172382651227477718e-04
1.413573775893296660e-03
2.116005878615048134e-03
2.156318330193316649e-03
1.386392084048958728e-03
1.790857320785082174e-03
7.656112632088128440e-04
4.293863897670479267e-04
1.049999605701665501e-03
6.529705516401931647e-04
6.392401774186664675e-04
6.629550318378049732e-04
1.381144822240274296e-03
7.015800605357836763e-03
6.981278968809562138e-04
2.564832123022736925e-03
6.702536864385851348e-03
1.663575137247717134e-04
1.731946445938764047e-03
7.751958633383339899e-04
6.706153803829494791e-04
3.564342600606867266e-04
4.262340121278455473e-04
8.472141867610011919e-04
3.075275262549828810e-04
7.877682896302629122e-04
4.996988145521557862e-04
1.517298302284468114e-03
9.190629097458785689e-04
8.334978961575484433e-04
6.186885694560984288e-04
4.171621869459487403e-04
4.477445107793183378e-04
1.004082211869692688e-03
5.429009317600926076e-04
1.546826000648141106e-03
5.318723353619276466e-04
7.582042461356720180e-04
3.740199812348230066e-04
1.428122493713936906e-03
8.321791198616542958e-04
4.421102830314438837e-04
1.386846979926454606e-03
4.857520131983786901e-04
3.911171943318528721e-04
2.511383457975993778e-03
3.563293015655684252e-04
1.176994166962695189e-03
1.554638327050716267e-03
7.295376780855394785e-04
6.765309808638334628e-04
2.651734332973357863e-03
8.825346068781402204e-04
1.282903844585333913e-03
1.757254982671270721e-03
1.709841740255570956e-03
3.883728573076850217e-04
1.182961625546426025e-03
7.247539849112094113e-04
5.772707594475192565e-04
1.733571984373438388e-03
2.583425238075869219e-03
1.043654836237647250e-03
5.000677563914213749e-04
3.121550545805139212e-03
8.172617020881847976e-04
7.771558755601120109e-04
7.401873719203512936e-04
1.055483860319014451e-03
4.541083842386345586e-04
1.784214008177730090e-03
3.561781317039422576e-04
8.884613710373131818e-04
4.029596399014386834e-04
1.308660400614308772e-03
1.236281426736246915e-03
8.583347793979398356e-04
5.958043489444346703e-04
1.197552950431299799e-03
2.745773005084661714e-04
1.173650460874674619e-03
5.147225417375886087e-04
8.526230456747105942e-04
1.337585654298280129e-03
1.123662481229515753e-03
1.602902729098447865e-03
6.639663709590047170e-04
1.312875009943516953e-03
1.676961468555977037e-03
7.238977604737544284e-04
4.972289437307235091e-04
1.443129481655655707e-03
9.013958158072647719e-04
1.864483746748471548e-03
5.734769007580518699e-04
1.520703921869562660e-03
1.991627932377328710e-03
4.707497224245458731e-04
1.399400582394533287e-03
4.401149092746139036e-04
6.032607053856241458e-04
1.334693878648004692e-03
5.348942311800228841e-04
7.527611940294724052e-04
8.795626262153418079e-04
1.111284067234567666e-03
1.196770856716263464e-03
5.175474706703650247e-04
5.325225521000973104e-04
1.062842601531900069e-03
2.758526831007601893e-04
9.352626548760032158e-04
1.305404113030043467e-03
9.653360624441491506e-04
7.703750907823479028e-04
6.090251305292662329e-04
2.520692191115658071e-04
5.045371762692009475e-04
1.737068890314246838e-03
1.193110258901400149e-03
9.614972840729956631e-04
1.586104442339643936e-03
6.692769388272452272e-04
5.457237478036352238e-04
7.198593226419244557e-04
2.959079689160984883e-04
3.796797625462689754e-04
6.563010445599738512e-04
1.182961625546426025e-03
1.432575927631344953e-03
9.190629097458785689e-04
8.131180798168742910e-04
8.862924137936864944e-04
2.265076987027805824e-03
1.483969306230868484e-03
3.780704767754923404e-04
8.565971118521562922e-04
5.686741521741529685e-04
2.372369170679235705e-04
5.478600668519309491e-04
4.921107117478209754e-04
1.013976259060737906e-03
5.348942311800228841e-04
7.651944687016425670e-04
1.130295953994833345e-03
1.199505963287129549e-03
2.977850577069953331e-04
7.855800479607266684e-04
2.072299289051558399e-03
1.360380302273480344e-03
8.587014181736995697e-04
1.980034215969584972e-03
8.155013181190919926e-04
6.118890264408168847e-04
1.228748353483168510e-03
6.428718863159172976e-04
9.640979496661955311e-04
5.725128432751044319e-04
8.126591401989749063e-04
7.151896699378145058e-04
9.542174948208593513e-04
1.701488142913682323e-03
1.428425918521595249e-03
8.587988305569160211e-04
6.422153435422793847e-04
2.226413013442093362e-03
1.014364717952360561e-03
9.514839665627057791e-04
2.927105739913982564e-04
4.031959221875243762e-03
5.696365717609996491e-04
1.019489293145409798e-03
6.479899643492727105e-04
6.882529179418291933e-04
1.379070895835079981e-03
9.726863418497716388e-04
4.233527652988997676e-04
1.200563949901240542e-03
9.497225579161498689e-04
8.043262908403748515e-04
8.798618098722292948e-04
3.554313705297272000e-04
4.080485760487361033e-04
1.770066244856785065e-03
8.648513039533449465e-04
4.841687887922925407e-04
1.926835286641463392e-03
5.384089220149447389e-04
6.892178033503520594e-04
5.350932783456596124e-04
8.305771852959223638e-04
7.160438897058577900e-04
3.608822694202845627e-04
6.175304897067152065e-04
1.316467476898100638e-03
6.256356347078472976e-04
5.895641090600044036e-04
4.894743632142280589e-04
5.705554199556376899e-04
7.799956248389584759e-04
3.414760050260285925e-04
4.853087497500730026e-04
