3.086998993243998068e+00
3.650240370719162186e+00
3.179598910978463699e+00
2.977543921444500974e+00
3.163216629515515077e+00
2.981462039769546823e+00
2.700379291254349834e+00
3.122859651767385447e+00
2.686982362711074934e+00
2.583010539611139134e+00
3.499837073317560332e+00
2.820193965588465801e+00
3.032321236921987850e+00
2.983610766624666510e+00
2.882927027385831842e+00
2.878609131711179270e+00
3.367520697987454792e+00
2.860783894922925619e+00
2.985351659811805280e+00
2.876185702075025219e+00
3.352606891375689013e+00
2.878164688816979844e+00
2.833695799395089754e+00
2.503343072141305914e+00
3.031323955195755371e+00
3.589236831240121717e+00
3.004639840689976804e+00
2.859009892436314981e+00
2.835220538501888932e+00
2.817558226171598790e+00
2.891703324354058413e+00
2.885229810464783551e+00
3.262441238729319792e+00
1.559673843386591541e+00
2.931761870742936260e+00
2.946493092519578472e+00
2.964283533728011122e+00
2.958818091976343823e+00
3.577553559421813301e+00
3.157559611288448753e+00
2.858358453267258348e+00
3.137951525512932882e+00
1.138349074762403879e+00
2.912332916101043168e+00
2.860180273563968978e+00
2.859943329561715153e+00
3.124544356613073504e+00
2.822969187625238519e+00
2.943021912110844518e+00
2.871921713990968072e+00
2.745650787692520023e+00
2.927087811386236194e+00
3.210028445501360128e+00
2.823777943498196663e+00
3.261629159893388863e+00
2.835543304350675697e+00
2.888245151581080528e+00
2.983824687473108472e+00
2.834980157037254145e+00
2.851850371535424422e+00
2.881354262797303445e+00
2.951006120522316145e+00
2.488256418423123950e+00
2.930170139892942061e+00
2.864992425776348828e+00
2.126502325783244274e+00
3.181782786211129199e+00
2.971849324075640730e+00
2.536484781877238692e+00
3.427295172258859157e+00
3.041653239266421949e+00
2.723941972874988959e+00
3.269750321418015471e+00
3.048596068687173144e+00
3.039475419320038174e+00
2.918749464615209455e+00
2.895991029487563040e+00
3.412434853743746999e+00
2.850918116743329733e+00
2.960035981654381310e+00
3.059105199515980367e+00
3.272957406801185520e+00
3.124691232341039182e+00
2.943015174790843513e+00
2.877344946932815617e+00
2.882409380047146641e+00
3.476960251061335772e+00
3.135598817093963930e+00
2.966556919007200754e+00
2.852947430806941131e+00
3.629993041257428832e+00
3.264758938323229831e+00
3.281603345754135148e+00
2.903012288833530352e+00
2.855777298626372307e+00
2.864992425776348828e+00
2.919631625364857985e+00
2.887711861127344015e+00
3.031451905889074538e+00
2.989816878547343570e+00
2.903169831363087372e+00
2.864511004393135885e+00
3.093132709472843800e+00
2.800497728948408316e+00
3.314585132456225658e+00
3.203516016009005263e+00
2.885481875494711357e+00
2.959625169341731699e+00
3.395059788082818830e+00
2.858592461283156805e+00
2.999533542244653628e+00
2.883906794962050046e+00
2.858942671396705215e+00
3.160998881594387022e+00
1.135124509513964819e+00
4.515714515294857317e-02
3.093459565875050554e+00
3.401643273229481679e+00
2.705858623817531061e+00
2.929705983704343986e+00
2.880933048336903557e+00
2.800711492393014534e+00
3.000602859725992833e+00
3.545821494197785029e+00
2.887490073067413565e+00
2.905941079049479736e+00
1.528882470978446539e+00
3.250063262224311966e+00
3.467736316479715697e+00
2.515058423848400615e+00
2.218717638778087142e+00
3.216090208660147720e+00
3.537449289138706821e+00
3.456636766266984573e+00
3.280959417621062801e+00
2.889726234287705697e+00
3.444910280702301986e+00
2.939487768200802265e+00
2.890485806855244810e+00
2.881130584626580227e+00
1.986073306159090723e+00
3.046078316318311607e+00
3.176757883080152389e+00
2.835802076955730389e+00
2.914642470695407717e+00
2.866738261851661473e+00
2.800615361654943847e+00
3.059628465361738936e+00
2.878296873715114668e+00
2.930254955885835511e+00
2.886097703400215764e+00
3.078715788499897243e+00
2.893202977789671948e+00
3.458845913223574264e+00
3.084835797892434783e+00
3.098557820670130525e+00
2.925639609016165821e+00
3.292655682388877292e+00
3.161708090088087175e+00
3.505499723552388147e+00
2.859222556606798804e+00
3.009865136571554078e+00
2.881633062543246915e+00
2.901597015420773307e+00
3.416590016678777264e+00
3.487499599943504336e+00
2.857374611797640629e+00
3.023159751074650181e+00
3.168858717483277410e+00
3.289501279627543351e+00
2.912582558728629145e+00
2.833934190114952845e+00
2.945792228382421829e+00
3.208345625146681979e+00
2.877715515072299279e+00
2.888760414225971296e+00
2.908765770512125926e+00
2.997255605580534610e+00
3.076954948836159609e+00
3.364775960226456419e+00
3.019976030486782204e+00
2.941349700099915587e+00
2.881178228170544475e+00
2.108494225556770463e+00
2.837441499413117185e+00
2.800814085391383212e+00
2.918784673627931703e+00
2.882037780514075997e+00
2.833895018159367840e+00
3.263486638309452736e+00
2.879218891887841636e+00
2.881918027205247146e+00
3.227859110852696389e+00
3.009189785154038788e+00
1.118096776284728672e-01
1.958704932594079073e+00
3.850559575632392928e-01
2.972689559118673053e+00
2.909186891512093975e+00
2.921989531392116923e+00
1.208938955064016829e+00
3.061319830857996749e+00
3.056672571053413279e+00
2.925022924224977228e+00
2.857985590137715803e+00
3.208388096655794275e+00
3.179463267343404453e+00
2.835110344398870996e+00
3.013037254583095237e+00
3.439039518704926301e+00
3.648102513653113554e+00
2.941686021584896782e+00
2.878275625025435325e+00
2.905047086159239011e+00
3.442550349362377915e+00
2.985446842583749039e+00
2.882613196932370503e+00
2.997508598484234899e+00
3.067496589474999258e+00
3.040120421631902659e+00
3.388538964467914028e+00
2.886097703400215764e+00
3.408224088753996295e+00
3.156541214991793964e+00
2.862435496936315271e+00
3.009865136571554078e+00
2.911699866138241166e+00
2.957322056411148647e+00
2.876828275783582800e+00
2.992222292536471429e+00
2.901570186970828580e+00
2.930548810735728704e+00
3.320211520140257111e+00
2.313190775379577513e+00
3.764549906980262442e-03
3.473821187628420404e+00
2.514612759840044887e-03
3.205675118643644517e+00
3.258478896156908444e+00
3.340406337709686646e+00
2.275909236346497000e+00
2.819995170757799929e+00
2.985798183771877223e+00
3.187457078792650833e+00
2.939234544852156628e+00
3.312103919326418566e+00
2.932839831645099871e+00
2.935111320079664576e+00
3.075849729709861258e+00
2.862108078172319825e+00
2.876435212279476961e+00
3.550595577848778106e+00
1.767238114383274050e+00
2.908421832311539834e+00
3.210994548934015036e+00
3.004507222740418371e+00
2.899179418468493363e+00
2.907061763603171922e+00
2.861069723680052856e+00
2.907235187648955499e+00
3.541333996519595573e+00
2.977528274813625586e+00
2.913692598586856697e+00
3.096056985052972443e+00
2.989476572023578860e-01
2.861205345923794940e+00
3.600123179464975731e+00
2.963497394887276482e+00
3.046267379367444850e+00
2.922421168916931489e+00
2.938266113223646947e+00
2.933256848676427442e+00
2.453922299730284973e+00
2.862435496936315271e+00
2.292964611143851972e+00
2.982178764579817454e+00
2.875175102386073434e+00
3.357574732011134877e+00
3.437804981929972303e+00
3.472645906519258752e+00
3.035039459123333394e+00
2.886248222931039553e+00
3.573505382507429662e+00
2.801417366035644729e+00
2.861174149909574194e+00
2.900138159579797481e+00
1.213239822688541025e+00
2.884478014980379257e+00
2.882925236004187042e+00
2.975812069909135271e+00
2.834535613920635022e+00
2.650761370237966208e+00
3.226893016413563409e+00
2.595879706238533480e+00
2.907047959663352277e+00
3.082629390610704956e+00
3.074285433135491630e+00
2.978277688041191418e+00
2.918808943231598008e+00
2.957769508780626833e+00
3.626204421696071378e+00
3.549463585775497698e+00
3.482745918379184236e+00
2.852680519804859038e+00
2.966117226108079930e+00
1.373322169683043992e+00
2.926351363476402678e+00
3.240997305282007357e+00
2.944435502586204123e+00
2.884739438360309105e+00
2.897589491479718671e+00
3.311551787827244908e+00
2.966007690541147213e+00
2.986584484654826621e+00
3.121075851967792580e+00
2.834320039889439702e+00
2.894227261867362788e+00
2.965278656833398863e+00
2.888710292886394360e+00
2.881490368530950530e+00
3.593325273442462553e+00
1.540525232228285635e+00
3.249578217364059718e+00
2.860470390516770767e+00
3.313107830068754200e+00
2.876180070886494633e+00
3.526053660874887363e+00
2.940253466940110361e+00
3.942414595699738067e-01
6.548516735280556222e-01
2.863357093032960599e+00
3.563274487262203305e+00
3.269750321418015471e+00
3.455841476238261656e+00
3.210994548934015036e+00
2.112228756075885006e+00
2.940914802947523388e+00
3.217541565032492556e+00
2.954547116839860266e+00
2.677130603746506576e+00
3.454600064733607034e+00
2.876760783516611131e+00
2.911554705578152102e+00
3.353428764633810122e+00
2.935106185711605420e+00
3.368692462074827532e+00
2.915168774754409942e+00
9.840305171467012002e-01
2.896625009580817700e+00
3.620910772293409075e+00
2.882431761062422826e+00
2.893386063784275652e+00
2.795118342236745157e+00
2.898533740117336777e+00
2.880142470808399580e+00
3.214120820201679773e+00
3.396108461464826256e+00
2.857843165926110984e+00
3.148993742006132912e+00
2.551043564208613557e+00
2.626243030069184581e+00
2.876347089790935563e+00
2.980885091712734081e+00
2.878609131711179270e+00
2.647492169295523556e+00
2.858858599010583923e+00
3.627550817731691080e+00
3.220809820236295806e+00
4.545124274730025227e-01
2.933161489127580790e+00
2.970199450693953303e+00
3.097281465031652026e+00
3.051089977261784547e+00
3.015592555229368088e+00
3.085612490627648086e+00
2.925878708811747053e+00
3.311850996373143285e+00
2.017316671391489624e+00
2.879648561443552079e+00
3.091142645808494738e+00
2.860894000918684288e+00
2.002851847371037497e+00
3.143872493848285377e+00
3.173563302911108774e+00
2.876568341467915957e+00
3.132731290655895506e+00
2.911884596513372170e+00
3.441145652043782199e+00
3.426778304921589413e+00
3.213401997168042090e+00
3.230182042247907059e+00
2.901240696779413319e+00
3.018513544202871657e+00
3.209124901221178661e+00
2.007011743715693797e+00
2.941378748450127922e+00
3.106980913675681411e+00
3.234282486265977585e+00
3.221137471365802973e+00
2.886803706572490302e+00
2.202393789187620854e+00
3.354103173191149700e+00
3.195311043531412931e+00
2.678634068900837217e+00
3.495574392598428837e+00
3.100675614738443997e+00
2.917075710923140441e+00
2.989117620471222647e+00
2.895691136149818767e+00
2.608741832851450226e+00
1.548853825445232424e+00
1.530371901213586572e+00
3.069712982785015143e+00
2.678413178651999793e+00
2.973267347043758946e+00
3.390021934827985195e+00
1.875548261089360791e+00
3.590245537106596885e+00
2.910929632368195463e+00
3.098427438573166270e+00
2.908341632680684796e+00
3.025955386903422362e+00
3.330474063397900419e+00
3.335288817139225870e+00
2.859002554658638395e+00
2.814290088435417392e+00
2.936020838554710632e+00
3.346091592850329199e+00
2.980504012136791392e+00
2.702386634906651874e+00
3.541333996519595573e+00
2.912825552980002453e+00
2.977543921444500974e+00
2.858382827726552389e+00
3.051804881601378305e+00
3.115955958098829637e+00
3.157578484898860616e+00
2.262434040326037898e+00
2.929783105417519629e+00
2.860953807880149746e+00
3.149275423419116482e+00
1.641483126157373240e+00
2.947092758501179244e+00
3.184202581705767532e+00
2.877899771818090535e+00
2.912197443347633197e+00
2.800326918371490503e+00
2.984071989903877231e+00
2.465386182534036408e+00
3.271793711443403474e+00
2.865788304868957859e+00
2.930161007861120215e+00
2.998174417963298310e+00
3.276465924717782752e+00
2.916830821756503767e+00
3.545983909991769600e+00
2.914457763612892993e+00
2.857476931043757773e+00
3.618295148677871165e+00
3.023473819045069622e+00
3.281187359664338388e+00
2.858337244759729945e+00
3.178168900651888507e+00
2.833900326319049867e+00
2.922995008694724728e+00
2.626994535007371123e+00
2.928140596020464947e+00
2.880175687854915623e+00
3.133601413921311973e+00
2.834497217773696676e+00
3.052694883924594205e+00
2.987677942074788540e+00
2.670559855523547022e+00
2.880879131272891858e+00
2.903393383928292160e+00
3.459556738408704923e+00
3.579936353092345591e+00
3.042793810033598501e+00
2.996744836996072525e+00
3.041462274115202202e+00
2.963001250066541026e+00
3.099466344098836146e+00
2.936785199904140775e+00
2.911683232027866275e+00
2.904027400758637523e+00
2.941852869243030355e+00
2.979910561017017567e+00
2.857890423890428799e+00
3.197931367956736270e+00
3.588194119141685068e+00
2.706428289501547457e+00
2.860227427064875982e+00
2.890960758278164011e+00
3.076800833944066227e+00
2.947900946200845862e+00
2.869478868177137709e+00
3.133552430660340615e+00
3.178585238971120219e+00
2.898200168791495113e+00
3.159820477330156585e+00
2.932213847094930159e+00
3.325727169107612013e+00
3.168659343673129403e+00
2.800423308042050863e+00
2.912410654559951073e+00
3.554176302555426936e+00
2.834524079314620248e+00
1.316501498607084875e+00
3.023493761267692648e+00
2.877985438204474278e+00
3.491143044281131314e+00
2.860319681842312445e+00
5.146130070184634642e-01
3.071383297817382729e+00
3.430467081679744901e+00
2.942533030914753933e+00
3.371847108910471125e+00
3.510074835143805139e+00
2.860443226032863162e+00
2.908566446377747194e+00
2.891703324354058413e+00
2.812107341314851183e+00
3.197253869374478530e+00
2.835121523732019977e+00
2.886828308399777665e+00
2.887728550101611447e+00
3.062036135868843711e+00
3.411550198717223203e+00
3.221766269383806169e-01
2.568952035230620989e+00
3.108765216308411183e+00
2.861636412215996295e+00
2.907353995897603127e+00
2.777529657746197422e+00
2.881909388510147441e+00
2.808437926758406533e+00
2.898533740117336777e+00
3.102031890223341914e+00
2.900997865237387785e+00
2.894909687564610312e+00
8.649526098350432957e-01
2.898060940839079169e+00
3.130823337663331873e+00
2.809795678065335256e+00
3.105813789883459020e+00
3.330037021065382241e+00
2.908108030428010249e+00
2.987285953522753612e+00
2.880949343798127948e+00
3.282281907982124380e+00
3.185934655202638410e+00
2.978050118895153808e+00
2.923433139841287609e+00
2.928842783882566358e+00
3.626902940449031831e+00
2.889937771296693381e+00
2.039634001910934913e+00
2.987916141855967656e+00
2.989934086954681991e+00
3.617376713431888380e+00
3.472646676087206341e+00
3.485774668990218927e+00
2.819583210199189338e+00
2.860963119135586652e+00
2.932835356662575332e+00
2.860161154474633705e+00
3.208388096655794275e+00
2.941378748450127922e+00
2.910640331682618154e+00
3.561122969496785196e+00
3.634608906675379281e+00
3.061570476349332548e+00
3.151147176145443485e+00
2.860393091145073452e+00
2.054843939436314049e+00
2.859806179342506027e+00
3.398868624156204277e+00
3.299598770102619927e+00
3.545601727701697570e+00
3.035710750032191818e+00
3.025624635792996120e+00
2.892164951607527623e+00
2.109331794461066778e+00
2.398669483798228974e+00
2.867279621377348597e+00
2.611041618524784447e+00
2.972271099128815930e+00
2.876144511591412822e+00
3.340433046777095960e+00
2.926036225611243324e+00
2.796852892480121699e+00
3.016577334453609094e+00
2.847676718893338954e+00
2.863250077854418318e+00
3.123502357486418024e+00
2.997129350539593062e+00
3.079084678604378844e+00
3.452137748889675173e+00
2.835404375538387090e+00
2.913614942509170191e+00
3.334395567120747916e+00
3.148768773732563364e+00
3.034109558407577900e+00
2.938426100479152314e+00
2.915047175227954313e+00
2.962467808079742415e+00
2.728126361319248350e+00
2.837412597974485529e+00
2.930001809329831453e+00
2.958599973270460204e+00
2.886097703400215764e+00
3.077380622197349425e+00
3.267698336645096457e+00
3.274603811916598772e+00
2.899390269416390886e+00
2.233119436262133828e+00
2.861595236148807064e+00
3.241070193069013783e+00
2.860666946810855205e+00
3.591667905304988917e+00
2.750334871552210014e+00
3.176801647511164894e+00
3.165428387500595075e+00
2.661208131470012450e+00
2.800926823485661910e+00
2.853664718348487561e+00
3.597010298507410830e+00
2.565707436490421323e+00
2.861044988483290030e+00
3.266192729698812691e+00
3.108916177030226269e+00
2.998174417963298310e+00
3.156855305031162739e+00
2.843579737207658553e+00
2.891691254332647620e+00
2.939180606513948302e+00
2.833804348755242231e+00
3.194885547872987175e+00
2.985072962957129317e+00
2.861638957173123110e+00
2.885484582466438574e+00
3.302451391360782029e+00
3.039620688464912845e+00
1.297599900564745834e+00
2.264881555042268513e+00
3.447585782040031965e+00
3.561266169265301151e+00
2.901147458335367801e+00
3.101249606196604169e+00
3.407783245765783953e+00
3.014170481751549779e+00
2.801128783215229401e+00
2.838036918255170349e+00
2.971619525388584648e+00
2.879881021972008792e+00
2.907314899907924133e+00
2.465386182534036408e+00
3.314229505509352691e+00
3.437804981929972303e+00
3.668475828412924855e-01
1.223178211914710767e+00
1.309957517638760782e+00
3.376994342532144699e+00
3.188101330011551049e+00
1.981828355421170196e+00
2.952703429881601505e+00
2.895991029487563040e+00
3.610077182460381895e+00
3.283271762599770938e+00
3.228197047279147025e+00
3.044841554101431313e+00
2.860522303449922532e+00
2.816915068895663676e+00
3.029102107830422330e+00
2.981462039769546823e+00
2.946442552255172043e+00
9.032790272846219493e-01
2.218591963874547712e+00
2.876981470687269837e+00
3.548654137219310556e+00
2.974922284355551838e+00
2.858858599010583923e+00
2.883232509165275292e+00
3.085688245954441911e+00
3.564655062987154732e+00
2.939938065690526514e+00
3.160542329916799176e+00
3.329441760604238354e+00
3.197318527548673739e+00
2.891382487810030710e+00
2.516141230426163666e+00
2.885676164995058635e+00
2.997903805756319873e+00
2.887728550101611447e+00
2.952063080476484913e+00
2.699725244921265865e+00
2.973267347043758946e+00
2.858031346849023269e+00
1.429776845623579540e+00
3.031877012853712028e+00
3.123502357486418024e+00
3.021460538544043395e+00
3.260054803224690545e+00
2.834626928864731887e+00
3.179000606696233966e+00
2.936879939402667450e+00
3.350013707459176704e+00
2.924819160899753356e+00
2.718375314308818069e+00
2.911539083121779115e+00
2.866158296926115678e+00
3.093716375240539662e+00
3.265494893372709040e+00
2.936387508930063284e+00
3.001887519427887341e+00
3.425801615969767955e+00
2.886058238839032786e+00
3.546688009997447821e+00
2.839920995729247721e+00
3.383279736713289410e+00
1.954484984639304423e+00
3.085933714426218444e+00
2.850518832145674697e+00
2.838036918255170349e+00
1.118096776284728672e-01
2.894399676550924116e+00
3.004507222740418371e+00
9.010922044342618564e-01
2.902797331759653154e+00
3.165096254840807255e+00
2.150274926420409738e+00
3.152001972170857869e+00
2.989726425880512739e+00
2.910749405315941729e+00
2.891511832333603316e+00
2.876932699167781493e+00
2.796095267455383837e+00
3.014400791325376527e+00
2.910167071987067366e+00
3.169402531586832605e+00
2.803289314067281435e+00
3.150728201282342322e+00
2.933762226148957541e+00
3.100927554971298239e+00
2.858533344628720663e+00
3.144068165156113537e+00
2.939054906823741486e+00
3.281835893375784963e+00
3.401643273229481679e+00
2.970955527019591536e+00
2.703569617557425531e+00
3.254773000051317311e+00
2.923545969267476341e+00
3.205661157154336305e+00
2.896753726798372952e+00
3.074285433135491630e+00
2.947200321036425485e+00
3.545687529155455486e+00
2.906341627076313383e+00
2.699072304330391692e+00
3.224767576042288031e+00
3.019531057181478850e+00
2.898661499234172378e+00
2.884860827856870369e+00
2.943822891899028793e+00
2.879084375455455813e+00
2.241729531876491599e+00
2.923120516749680320e+00
3.299672971374259411e+00
3.150435627816499107e+00
3.049611527613845130e+00
3.378017568114793701e+00
2.869290029532431507e+00
2.836821825567135136e+00
2.857816369414833080e+00
2.958606499121394950e+00
3.179463267343404453e+00
3.641592441035470529e+00
2.959000898284693370e+00
3.015939576614396156e+00
6.552584635868530238e-01
3.019976030486782204e+00
3.094832224749596072e+00
2.835684924585524680e+00
3.396580934130763119e+00
2.987702098971114051e+00
2.895511586033529206e+00
3.342651921522046266e-01
3.217887946308715108e+00
2.988297191538839215e+00
3.129308906727121808e+00
3.271995883105652592e+00
2.865886693653174166e+00
3.215838327482373415e+00
3.143173835915797021e+00
3.036570005649523285e+00
3.172262778012388207e+00
2.900714021498189243e+00
2.996732387016567856e+00
3.055614005317235815e+00
2.890417509885911951e+00
3.110578778247653720e+00
2.978050118895153808e+00
3.508987721145801153e+00
2.835548467472613687e+00
3.561562275959390789e+00
3.247426633178121413e+00
3.636146104348347396e+00
3.165152771169952750e+00
2.834385504819769697e+00
3.579522717398165632e+00
1.403132264663858320e-01
3.055858429830844436e+00
2.896468209818683359e+00
2.876144511591412822e+00
3.107891285365861567e+00
3.406486881630454988e+00
3.525592170116535584e+00
3.048923615086325256e+00
2.859504895632266397e+00
2.875868617146593476e+00
3.512724384003178990e+00
2.960931996609633021e+00
3.517359548467638763e+00
3.065850066917304328e+00
2.877397357156208813e+00
3.409696828461637796e+00
3.239077271228293586e+00
9.013507214240843446e-01
2.438369750109854461e+00
2.859733849458431898e+00
2.876860563249882929e+00
2.977173183232624698e+00
2.488256418423123950e+00
3.482918353536626821e+00
2.932835356662575332e+00
1.978823339784480995e+00
3.359435619713414756e+00
2.772573702160371134e+00
2.834076191585859217e+00
3.099466344098836146e+00
2.941349700099915587e+00
2.321218113500000069e+00
2.906881557407950734e+00
3.028875507532383882e+00
2.881691576437723779e+00
2.115096922089952258e+00
3.172367937284089834e+00
3.512259370176539441e+00
3.285952288621121209e-01
2.738570881716615446e+00
2.838746680480388473e+00
2.970223281235439661e+00
2.915727083159259880e+00
2.893239062755227131e+00
2.880189898465833842e+00
2.888733066646483660e+00
3.036705823517098057e+00
3.296990739848468799e+00
3.268327465246378516e+00
3.084973362884505743e+00
2.796343180462505185e+00
3.389316756787943419e+00
2.876975960751813055e+00
3.286503818879524363e+00
3.325724260556488510e+00
3.120551773585521715e+00
3.037745817793175984e+00
3.007234098097896879e+00
2.472496829390990136e+00
3.105031165609687172e+00
3.004026699216450158e+00
2.981654905496355479e+00
2.884391207903272747e+00
3.031261698084995793e+00
3.285495612468013693e+00
2.877553779238837706e+00
2.900539992870962980e+00
3.271581412128020006e+00
2.714764638134051111e+00
3.640376913841383733e+00
3.568702803159203185e+00
3.022040004976060068e+00
2.801223362107588599e+00
3.005987565576585752e+00
3.006938665612977957e+00
2.920917311157805951e+00
2.966143810613011578e+00
3.024385405529836479e+00
3.439978893812397853e+00
2.972853158188828449e+00
3.545983909991769600e+00
2.923042140548042234e+00
2.887741190288307003e+00
3.096510819988358865e+00
3.024364395886960377e+00
3.098646902243239687e+00
3.618529575726712189e+00
2.763193819017468744e+00
3.043612755217970367e+00
3.280319942324775528e+00
2.858180763616321229e+00
2.956279497448024873e+00
2.915433400273325759e+00
2.903667046457424128e+00
2.976160111163647759e+00
2.898350559401639881e+00
3.124817233160509300e+00
2.834188460007404320e+00
2.900527310469577902e+00
3.332349733021325644e+00
2.796095267455383837e+00
2.935111320079664576e+00
2.938983184976768026e+00
2.977382495031251075e+00
2.835402402548455214e+00
3.175957364481530654e+00
3.417521258893541081e+00
2.873996120590856851e+00
2.982292887372179013e+00
2.985846537006409118e+00
1.309957517638760782e+00
3.099422495659076571e+00
2.888473794255101978e+00
3.113466511977651230e+00
2.946028005459543131e+00
2.950464831821566491e+00
2.295087361031133089e+00
3.182874675975587486e+00
2.967794371794583608e+00
3.403996198139812801e+00
2.958619288875179443e+00
2.928330403976762142e+00
3.187850042156129771e+00
2.473653446249358900e+00
2.952441770569870005e+00
3.637789615185426317e+00
3.043612755217970367e+00
2.912287986317505961e+00
3.104041875185153287e+00
2.879471139192027351e+00
3.549463585775497698e+00
2.901863700553041880e+00
2.800365794601559877e+00
2.887273433514878640e+00
3.025601868271987183e+00
3.640454354751659682e+00
3.394652789191494158e+00
3.038684253729302842e+00
3.205540776365731315e+00
2.998988305593967674e+00
3.623889863341491324e+00
2.914457763612892993e+00
1.854329031802420813e-01
3.205675118643644517e+00
2.878067471168698876e+00
3.275546943035860359e+00
2.944302506290310983e+00
3.232636238461278122e+00
2.965448682032242989e+00
2.903146701963801757e+00
3.064511308209080021e+00
2.920930720545455106e+00
2.823334888269089848e+00
3.586034135721994254e+00
2.971075699527254255e+00
3.020643044937338040e+00
2.876790501351402352e+00
2.981297395379802317e+00
2.916863403490338680e+00
1.837920580235485879e+00
3.088927667221970097e+00
2.948238410640413587e+00
3.350757098266408551e+00
1.180317918984042924e+00
3.110929759596388067e+00
2.962931734326700983e+00
3.513970129845661372e+00
3.371259873128958695e+00
2.787511195477635706e+00
2.900502160773165361e+00
3.278797284434249004e+00
3.392526116864714503e+00
2.888758053994699981e+00
2.858765152468259352e+00
2.938652109683688174e+00
2.897527714109384700e+00
2.860262725162776576e+00
3.628128939457956115e+00
3.035866879035516774e+00
2.727597160499359852e+00
3.307950549727120215e+00
2.934061419921232261e+00
3.394643949680193007e+00
3.160857028777994682e+00
2.851078802019531455e+00
3.195904825524945814e+00
1.994820649041034732e-01
3.188830178885583955e+00
2.879603619082787169e+00
