7.690737024070195105e+00
7.911389396054566703e+00
7.563678996752122075e+00
7.112272468423459060e+00
8.350829673714827095e+00
6.395462938666437225e+00
8.455470076443724281e+00
5.355567178061583000e+00
7.854332728906445737e+00
7.683366352285143641e+00
8.385186968393806950e+00
7.645052156299883883e+00
6.613477719803721122e+00
7.372883783812188341e+00
8.357803535417668073e+00
2.871010474161781012e+00
4.638185652252960978e+00
5.052508769781830722e+00
7.208322475299119070e+00
8.337263496276305474e+00
4.149092371782860056e+00
7.098710822065266157e+00
7.623930497686263408e+00
7.438127876137571093e+00
8.369909033432161749e+00
8.056360569406891159e+00
7.505454763451926858e+00
8.225438951794780351e+00
7.854863082726109447e+00
7.939302166942129091e+00
3.500109754779211269e+00
8.382266223151129125e+00
8.365314404485950206e+00
7.803777342355141755e+00
6.887579991534442669e+00
3.279575212238130977e+00
7.816931216215380118e+00
5.507645661159616068e+00
7.881815448887548925e+00
7.292601001183410148e+00
8.095367763443480413e+00
2.858632335203598274e+00
8.456802887696106552e+00
8.106204190323619940e+00
8.059180005377879041e+00
8.049505470525989637e+00
2.878681680134701715e+00
7.796547897652727599e+00
7.799832862858973037e+00
8.425709108340710074e+00
8.255448559272483777e+00
6.327247127857630105e+00
4.295233222560603359e+00
8.069909966720564043e+00
4.605265726016130934e+00
7.657293304546307411e+00
8.401608226486823483e+00
8.310416092694852708e+00
8.152248757779748445e+00
5.465920197905044020e+00
8.016338741362474707e+00
7.673968486992531979e+00
8.250002521693410529e+00
8.252486858090552602e+00
7.395286220475016492e+00
5.074408062613405157e+00
8.372278323928586730e+00
8.259552891519552631e+00
8.370378802782813210e+00
7.135254495101015948e+00
6.086672159506582247e+00
7.715871252922392287e+00
8.261209478382600224e+00
2.923404324928888798e+00
7.118190018082993120e+00
7.692088751042996719e+00
7.571889957003282490e+00
8.299107748226283832e+00
7.261731017977893998e+00
8.449955465920913511e+00
7.641198318580562088e+00
7.527518103714775144e+00
7.942015992665698576e+00
8.236373244414629369e+00
7.978400846819411640e+00
7.202797954964041516e+00
6.763877430763709064e+00
7.394319322655257487e+00
7.673054231762442612e+00
8.449232021611193133e+00
3.108294525523475293e+00
8.326098770135558880e+00
7.316355117435091593e+00
8.406763379373437317e+00
4.201303907827421469e+00
8.035360177249973646e+00
8.400590990665470770e+00
4.271714178809618900e+00
8.118938944385076795e+00
5.891602058503575989e+00
8.083532028526702717e+00
5.634767225854670158e+00
8.383512978374575653e+00
8.452295447996645450e+00
6.166323074611694821e+00
8.375548557439728370e+00
7.493387762401608754e+00
8.021490931109351408e+00
7.711500536258695249e+00
4.918007798327906244e+00
6.745859987914402112e+00
4.458567589034236001e+00
6.389558837635139099e+00
7.256770909887741539e+00
7.746352544631013970e+00
8.308436586933087398e+00
7.600903104824043410e+00
7.753305589876338999e+00
8.350620853827685153e+00
5.357042018608646927e+00
7.405592900658163558e+00
8.167041790515588318e+00
5.243001079441057755e+00
8.435332614404241980e+00
3.260809412346207026e+00
7.690401037015785590e+00
7.341960357482478550e+00
8.165140622355520961e+00
7.630492362448725530e+00
7.362607110167269653e+00
4.891737451665791880e+00
8.010190572470412107e+00
7.051310747952292957e+00
7.664446369464888775e+00
8.003919766562338722e+00
4.174744261744159246e+00
8.013042538497835210e+00
8.301507689836421733e+00
8.092712377376161115e+00
8.396097997242874200e+00
8.112035867533695210e+00
7.843727138987770076e+00
7.325267423055131566e+00
8.035360177249973646e+00
7.159185289124080143e+00
7.583985122988495142e+00
6.507095139087743618e+00
8.456343615492549759e+00
3.453691572636105711e+00
8.409381449265012520e+00
7.151791945257430783e+00
6.964781372711849272e+00
7.933417570561791976e+00
8.216387867885149632e+00
7.612999305479828394e+00
4.672112192034603595e+00
2.989929484359310941e+00
7.674753982082638259e+00
7.691217102506277215e+00
8.444971217297602806e+00
2.902404940651356124e+00
6.909671017480738087e+00
7.922550470517497168e+00
5.609920782858587529e+00
8.243260605274164377e+00
7.227156345252769398e+00
3.001715701354747523e+00
7.403042538568620046e+00
8.173092066538416134e+00
7.253693905286556998e+00
6.726016670947482012e+00
7.900460567599374428e+00
6.392284514279138463e+00
8.290051384001033696e+00
4.044943845223493817e+00
2.858801125194057047e+00
7.953656938535471177e+00
6.029034046500136412e+00
8.055060665080230109e+00
8.218903508804718427e+00
7.139383129342903089e+00
3.259558407146406100e+00
6.964781372711849272e+00
2.859158825177735341e+00
8.180167879217380644e+00
8.286866086684812061e+00
8.263632156888887081e+00
4.342996750481704638e+00
8.049841243228671672e+00
7.635783776902423270e+00
8.163286026283966379e+00
8.225040968744382397e+00
7.517657987694077448e+00
6.355804708954611471e+00
8.359197326769255199e+00
6.964781372711849272e+00
6.641154273066979030e+00
4.265126840531552332e+00
7.766265251730116503e+00
6.955673973996869819e+00
2.902404940651356124e+00
7.013569127293036942e+00
7.927591304371265579e+00
8.098156689977626499e+00
8.179479673167488585e+00
7.664446369464888775e+00
8.401112354572841667e+00
8.298345887577351476e+00
6.265123513133961097e+00
8.320249931067323246e+00
7.607376634363484769e+00
6.377737696386725830e+00
7.373111388707906499e+00
7.990476866583930970e+00
8.433327661924256091e+00
2.969016780819756729e+00
7.618620829720930132e+00
8.400473089768958346e+00
7.153262989327663135e+00
6.674673861903194449e+00
8.401201915270705811e+00
7.369713804517847855e+00
7.690467128241653683e+00
7.488738670817280507e+00
7.814920490955453047e+00
8.281383029817254382e+00
8.400038249385300304e+00
5.763298039407249718e+00
5.535686407855362923e+00
7.710801548339388134e+00
8.433273096060331042e+00
7.929502089196253323e+00
7.165646830005874435e+00
8.037827029733877637e+00
4.605265726016130934e+00
8.363208139735164082e+00
8.329284455220438588e+00
8.403350897222544802e+00
8.351373497684422276e+00
6.928950973966385263e+00
6.568118723232053924e+00
7.729565863774231715e+00
8.381039514007301960e+00
8.409766120500272280e+00
8.411276007317756154e+00
7.708599979428027993e+00
8.112281367548551003e+00
8.327822600388332219e+00
7.699103364096650637e+00
8.115835868512965234e+00
8.420895952882760938e+00
8.394643781209573774e+00
3.246238231959433840e+00
5.192391480118729419e+00
6.644427711630311428e+00
7.891547870542532372e+00
8.116772660589120392e+00
8.397827370740348130e+00
7.449373464864200045e+00
7.564091149980563422e+00
7.970593990577704346e+00
7.478203275266688266e+00
7.004266777878370043e+00
5.014035665339170222e+00
8.230797502290943868e+00
8.058346016505529619e+00
7.483291980763774554e+00
7.524506786808685455e+00
7.652944028895536377e+00
8.070548409469159523e+00
7.273567981774853308e+00
8.403799795122949945e+00
7.463295237185093356e+00
6.774720027630681152e+00
3.523598266014859703e+00
7.871396981537452930e+00
7.527906988370485664e+00
5.275419993270968888e+00
2.921649054985754113e+00
7.891949187430157053e+00
6.378974102746221675e+00
8.186460099627598908e+00
2.871010474161781012e+00
5.274375289709055004e+00
7.767897623947278340e+00
6.616905945738020378e+00
7.979731385654488030e+00
8.035360177249973646e+00
6.750228592005023565e+00
8.267585315077429442e+00
8.019811718840681891e+00
7.373445301405594066e+00
8.189137714766841825e+00
7.771665398398064362e+00
7.828338004960298413e+00
8.368480531587737303e+00
7.755143091984288084e+00
6.326297712251186312e+00
7.814457268799190004e+00
7.733871442885122072e+00
7.267618372726815323e+00
8.344343269936539187e+00
6.616905945738020378e+00
7.586470736556792716e+00
5.798954403771197974e+00
8.160490721997039287e+00
5.560633446255331513e+00
8.329145757050767429e+00
5.756202105319261797e+00
7.721535723315373190e+00
8.260017034789189694e+00
8.428128146338282889e+00
7.942571934560021418e+00
3.160908172516035730e+00
5.355022080609302293e+00
8.021688522512231856e+00
7.774171699322845797e+00
7.358195797467887544e+00
4.875211945000780922e+00
8.164558139047699115e+00
7.479548817693684626e+00
6.890101858945799407e+00
7.635539924031432335e+00
8.250417678324829751e+00
7.159185289124080143e+00
6.830419395791189174e+00
3.025790092187864211e+00
7.806252360649841293e+00
8.296310244815675361e+00
4.280380198228407096e+00
3.457297470238563264e+00
8.325693906084357110e+00
8.122108523354128806e+00
7.493835806234361741e+00
7.582433283162819393e+00
3.260809412346207026e+00
6.759657012055714453e+00
8.107278227221875966e+00
8.458311778159362859e+00
8.333801325972535423e+00
8.167041790515588318e+00
7.762141051143174764e+00
3.265841918835252766e+00
7.355544124677564355e+00
8.059708411249733473e+00
7.977891080928972478e+00
8.400855204640048868e+00
8.127583594058080507e+00
8.166840395833467880e+00
6.781336388452574582e+00
8.436739113363397990e+00
3.687286622046187290e+00
7.309493384177617514e+00
7.155342898127722506e+00
3.398731396810713346e+00
7.924570241913700741e+00
8.013881027231393617e+00
8.274726478878257296e+00
7.273001126566210672e+00
8.355328985408716491e+00
8.177607498730877111e+00
7.898980304077154457e+00
6.477083205272155197e+00
7.629935224940417982e+00
8.396891653938498123e+00
8.006167957781377353e+00
7.955483302839415849e+00
8.444315170589804964e+00
8.050726421202204719e+00
8.305357699379413816e+00
3.345055832609292512e+00
8.098156689977626499e+00
6.685835138596820215e+00
7.510562082269862216e+00
8.219030648506823411e+00
6.332218522772159908e+00
8.089606972008885677e+00
8.257897200907025947e+00
5.458192729356207806e+00
5.076900731464927929e+00
8.219454906836698882e+00
8.200139098443377961e+00
7.661113194431150575e+00
5.856284036660426295e+00
7.323993990406536980e+00
8.224487355820318868e+00
6.986915964048222349e+00
4.495345463960687127e+00
8.135780336179630368e+00
5.919768994298139297e+00
5.685849556996291909e+00
2.843435839529250941e+00
4.265126840531552332e+00
7.884438325453508867e+00
8.414971489048802766e+00
8.059603295810495283e+00
8.094805779642118893e+00
7.643963568851296131e+00
8.221620812538461109e+00
7.785583255757256183e+00
8.393009150851650446e+00
7.857929864975623957e+00
6.855945798486025922e+00
7.010416295216795213e+00
8.393903353338343365e+00
8.402052207959886942e+00
8.067028355283737184e+00
5.931491898943574981e+00
8.382490854884657949e+00
8.160250367987966769e+00
8.299875428515923304e+00
6.603501802554053057e+00
7.857482906745136830e+00
6.855945798486025922e+00
7.812780820564134032e+00
8.151625405114117484e+00
8.378558438255078400e+00
7.297141049753902209e+00
8.175117220542084340e+00
8.003011551921188627e+00
7.460595783349631915e+00
7.090456866157214932e+00
8.456632428033241666e+00
7.043886636569308024e+00
8.365618340532028796e+00
7.423862885909580100e+00
8.145778044417044228e+00
6.471075464091100571e+00
7.267525943051552417e+00
7.198871774934474388e+00
8.186150527196776494e+00
8.110924850106247419e+00
7.456846413707692633e+00
6.918133577140716639e+00
5.918006406553134369e+00
7.899401458757969507e+00
8.053021669111787517e+00
5.150567710805000310e+00
6.766144265325234386e+00
8.212006877876939726e+00
8.045308950408937676e+00
8.405425800270025505e+00
8.410519425669971127e+00
6.713956688111123228e+00
8.388143734206732205e+00
4.780023377412820906e+00
8.163567289373407476e+00
2.391979068086667048e+00
4.472557569603325511e+00
8.094964917735792298e+00
8.032594929807451933e+00
6.737640307710345056e+00
7.244074880628081914e+00
8.430300345148381780e+00
7.153262989327663135e+00
8.434537260932073011e+00
8.111938640504613218e+00
8.254425276263738454e+00
2.862222328371437641e+00
2.912155182770905792e+00
8.191544028119380982e+00
6.699515120251537503e+00
8.182891703260411376e+00
8.167451603388377279e+00
7.120309567063957346e+00
7.377398347456337824e+00
6.766144265325234386e+00
7.425391948197782810e+00
7.713659462194264016e+00
7.644864885668312127e+00
1.287423268360884387e+00
7.370639550753084634e+00
6.578385423188024106e+00
5.531619030294822714e+00
5.501147082874487282e+00
4.224194504948538764e+00
8.300624110162036828e+00
7.295307295404726666e+00
7.922318175561159137e+00
7.341133711319709931e+00
8.250000265621455497e+00
8.279151834975348123e+00
4.497694951712234435e+00
5.105579736646339128e+00
8.091104351818451335e+00
7.945234696610414815e+00
8.115231828635620204e+00
8.148806636144790616e+00
5.523180376191266561e+00
7.857437127071826843e+00
8.449709040203623900e+00
7.837771994374528539e+00
7.905639296456387299e+00
7.046342869203719772e+00
7.145572568152541493e+00
7.944862267645754983e+00
7.963688389116219568e+00
7.263616050580214534e+00
6.613319917392515457e+00
8.189348004869639652e+00
8.427846034412445064e+00
7.900460567599374428e+00
8.401039091348923904e+00
8.433228072577772849e+00
7.028301492392980521e+00
8.217828140027275907e+00
5.784259092396290214e+00
7.457674257369387050e+00
4.670591404255194590e+00
8.346583111826898715e+00
8.406333856565613161e+00
6.974180727235419930e+00
8.277145086763718851e+00
8.440407047474813851e+00
8.333916506235766519e+00
7.829624197640082883e+00
4.209455919334325280e+00
8.210830118188289006e+00
7.170870333431506261e+00
7.152213580133834014e+00
6.845380493684611878e+00
7.501052537996874214e+00
6.919931727893166240e+00
7.292251039078571750e+00
8.052296878497958943e+00
4.844631893361724728e+00
7.749649449997228601e+00
8.433435505227464546e+00
7.365666594151024427e+00
3.389435454817665505e+00
5.631585027862953119e+00
7.450795665993283023e+00
7.514065702636266053e+00
8.078559013905929120e+00
8.088178186609420450e+00
7.855693652337516042e+00
8.012939978329651325e+00
7.917078095479613609e+00
7.889771072173032529e+00
6.675339986065865538e+00
4.119722866558776175e+00
3.803463909303452350e+00
5.012266083754105317e+00
7.913308599775949581e+00
7.703428343195253269e+00
5.993889622962130126e+00
4.818436527842981931e+00
8.272466749403204034e+00
7.820863899822326104e+00
8.445516917568143711e+00
4.151614191018015099e+00
8.124893137231513407e+00
8.040573267270573865e+00
7.578703845458362842e+00
7.362046731962340829e+00
7.577311355168415474e+00
4.562588518369095958e+00
6.116830449389153657e+00
8.102480912714975503e+00
8.293040221020101299e+00
7.376801164510120579e+00
8.185273946032962655e+00
6.921559464442277765e+00
6.140657735959223373e+00
7.838446613529262308e+00
8.387765448257594514e+00
3.869554706589523274e+00
8.384920901992868991e+00
7.252247096145456595e+00
7.399472216356157261e+00
8.322773342190531665e+00
8.406333856565613161e+00
8.086768976415498855e+00
8.383110811498783121e+00
8.316277235608215079e+00
7.653335827311600781e+00
4.655385734442855750e+00
6.189617263162235261e+00
7.254823477476522342e+00
8.137044723271861457e+00
8.191487099042779718e+00
8.362436445287130482e+00
8.437800915465826890e+00
8.275131114336383931e+00
8.007897563509486005e+00
5.194019364459530053e+00
5.621958597421237158e+00
2.954325752070517730e+00
8.241583564300864140e+00
8.139106534342561261e+00
6.415632620812485420e+00
8.316496712750113929e+00
8.057318094977601319e+00
7.422107512361502124e+00
5.991705639476736955e+00
5.803957198786079630e+00
7.260260834211935688e+00
8.153461732317767385e+00
7.800851702241400787e+00
8.283489405224651492e+00
8.299308608168743717e+00
7.454156233395297093e+00
6.537613058922470799e+00
4.710084878315931256e+00
8.035726444815098901e+00
7.980753154887157308e+00
8.189617874538662079e+00
8.320542295665394050e+00
7.962108032979394068e+00
7.775122094226507130e+00
4.458567589034236001e+00
6.721698354298820455e+00
7.323993990406536980e+00
8.206715208343807078e+00
4.982894980599062329e+00
7.905604601646871288e+00
7.464518663683268329e+00
7.067073320008323556e+00
6.180681426211998009e+00
5.872733051551579209e+00
8.086768976415498855e+00
8.033635016047613320e+00
7.891949187430157053e+00
3.076256301789440428e+00
8.345301336284869365e+00
4.504949368259046238e+00
6.395878410673130787e+00
5.448184182720795299e+00
8.409712972622271465e+00
8.106522922648625951e+00
7.536974710295249125e+00
7.340096347772869123e+00
3.018876846980002249e+00
8.199305008409785600e+00
7.756435146875357844e+00
6.373673526703161230e+00
7.527275173019754462e+00
7.388824924283955653e+00
3.334633974084229902e+00
8.355094065772027179e+00
7.823297851537690306e+00
8.396891653938498123e+00
8.180167879217380644e+00
8.160091885728617100e+00
8.400111763573631762e+00
8.101255385555928612e+00
8.183776751815805994e+00
7.359891516946333923e+00
7.778067004724902311e+00
8.357519266042290340e+00
7.253663902220627513e+00
8.331409015344176439e+00
8.326675179760307799e+00
8.440859374829177142e+00
7.325267423055131566e+00
8.389722757103589501e+00
8.404019952060501453e+00
7.760056202037358908e+00
7.304480975410264421e+00
8.400855204640048868e+00
7.774612527402895878e+00
7.942571934560021418e+00
7.343493537517327141e+00
7.723846539589450444e+00
8.250117981234510012e+00
8.192746544376804607e+00
8.219151472901256028e+00
8.116105853044679463e+00
7.931601423246609883e+00
8.226871802124984256e+00
4.780023377412820906e+00
8.124309002931790147e+00
6.353199916596595997e+00
8.034121052156997678e+00
7.548694526433999741e+00
8.340261801382395035e+00
8.025520475208537619e+00
8.332893092324990647e+00
7.618175281266077903e+00
6.995942334946780861e+00
2.231288889058461677e+00
3.280877294564343405e+00
4.707708060952016993e+00
8.197209232126029477e+00
7.009805161762726833e+00
3.218068840710269107e+00
7.824276064268712361e+00
5.124403564291144519e+00
7.580358468404994277e+00
7.925338380044484765e+00
7.067664442851616435e+00
7.551330273120873571e+00
6.873823203199507681e+00
8.013042538497835210e+00
8.212779671456315711e+00
7.552075110543268188e+00
8.035360177249973646e+00
8.373942916953518889e+00
7.884711123523352683e+00
4.095004379279946427e+00
8.064789844116269535e+00
8.088019109642210935e+00
3.082584889376548176e+00
7.930404801229753886e+00
8.442658514073272613e+00
6.286115380537732555e+00
5.842625545857219826e+00
7.867338490089512248e+00
6.946617600782412083e+00
3.694663930669513263e+00
8.431560523711295829e+00
8.403799795122949945e+00
8.283661790542886649e+00
4.867460429564829383e+00
4.941863263678477836e+00
3.101483814230666880e+00
7.729023914322869615e+00
7.555509550724739398e+00
8.324815515573007474e+00
6.199636766446508851e+00
8.253230361186464137e+00
8.029946032039806170e+00
6.675136077084506070e+00
7.676355283565051479e+00
7.993350896223734736e+00
8.250087372776146566e+00
3.045328841476747872e+00
7.377398347456337824e+00
8.039648018094734283e+00
8.317471613253285767e+00
7.777783038240896119e+00
7.611454805607471563e+00
7.226470782651432501e+00
8.320120624984383539e+00
7.804818072490816050e+00
8.316093631375894191e+00
7.843768389753027037e+00
8.418987606614042107e+00
8.410796583278004945e+00
7.294739052553834924e+00
7.284337088436226182e+00
2.900149939703393631e+00
7.872674023441695645e+00
7.996038896618259173e+00
6.744319033336708458e+00
5.702139654528638246e+00
8.050063223735705265e+00
7.185134810981663733e+00
7.302586469658026935e+00
8.281765521547248099e+00
7.923132341640599208e+00
8.235502630950950476e+00
8.281608300699952352e+00
7.854108497463222704e+00
7.977827278391724342e+00
7.077634271898681106e+00
7.878963273918516919e+00
5.458192729356207806e+00
8.156426173679271585e+00
7.665165428782099610e+00
8.363642546069526063e+00
7.618620829720930132e+00
6.552599574616491118e+00
7.723464250334980186e+00
8.127289590005917219e+00
7.049901872690533366e+00
7.560843943926707666e+00
8.398850867968993938e+00
7.829560112986223785e+00
3.641934807089566739e+00
6.279051705664885574e+00
7.121013844539005433e+00
8.428841507181722648e+00
8.024447844714517331e+00
8.065097998826658454e+00
2.688954327653439780e+00
6.845175275927444680e+00
8.453579516770465929e+00
4.605289409115734145e+00
7.624707276677049173e+00
8.333470038602552421e+00
1.287423268360884387e+00
8.024215940773594014e+00
7.527906988370485664e+00
8.397826264896943727e+00
7.303271598055610880e+00
8.349394700898805866e+00
6.980666947412480283e+00
3.591083074440577949e+00
7.450455651142872782e+00
7.771481668822626254e+00
7.871158419713113474e+00
7.314166808473277825e+00
4.789097498623965166e+00
6.933984061910309471e+00
7.758352567295544233e+00
7.934937821657046086e+00
7.377133563991654874e+00
7.743935555475164989e+00
7.175776140226362010e+00
5.784185723892097286e+00
8.444345955895119715e+00
8.097138463995724678e+00
8.330190247419865912e+00
8.292257287122508203e+00
7.817148863537051184e+00
7.000287672358156854e+00
7.702390069610267176e+00
7.236117746974466414e+00
7.815174109319666051e+00
6.740966233763791671e+00
7.704032462502020451e+00
8.091765444535075957e+00
7.061538949497824902e+00
7.468638774377430067e+00
8.435833038258945038e+00
7.982781899246258916e+00
8.246498845703822411e+00
8.250392360913838985e+00
7.623665528620367837e+00
3.457297470238563264e+00
8.240615227984038782e+00
8.400203989969746488e+00
6.140657735959223373e+00
7.871702923767799120e+00
8.260017034789189694e+00
6.166323074611694821e+00
8.334323025120252026e+00
8.091104351818451335e+00
8.300131366268439947e+00
7.973472239545010609e+00
5.953702654567399222e+00
8.030040561435560775e+00
8.096734836979530670e+00
8.207346737042282570e+00
8.226510005579303453e+00
4.003986224341785416e+00
8.094964917735792298e+00
7.959029865517447178e+00
7.409669826109398727e+00
7.820532497210947120e+00
7.501052537996874214e+00
6.429337437899370400e+00
7.580829583962659157e+00
4.600936772787485474e+00
6.444527361688018985e+00
3.121746701523536505e+00
5.342607271760540399e+00
8.122858286828712693e+00
7.979165119778534709e+00
8.369697040199067573e+00
8.135879233844063307e+00
8.021094520174109732e+00
8.326313472153287876e+00
8.058983028732908949e+00
7.863653920852337720e+00
7.666584742524092277e+00
5.760695136704989672e+00
7.892486899146685886e+00
7.105528683333892204e+00
8.457246844532438246e+00
7.533101237997763100e+00
7.580810461372088582e+00
6.602967655440531658e+00
6.976369184115418065e+00
7.900280710672685558e+00
8.445516917568143711e+00
8.367495310601411163e+00
8.173226681067223609e+00
7.391795382146741034e+00
8.370335867965954080e+00
8.359049106143189078e+00
8.086630362855988352e+00
7.633628876569582999e+00
7.528418859716932587e+00
5.229543245785285066e+00
8.235976616113235949e+00
8.309887218083511939e+00
7.574973069734411091e+00
8.062014081303573221e+00
4.985743320538702505e+00
7.638151340201677186e+00
8.252378974197009498e+00
7.994553557100040564e+00
7.766265251730116503e+00
8.270949355689470650e+00
8.341124003520691943e+00
8.407295695497371213e+00
7.865795603337446096e+00
7.988115680198169422e+00
3.500109754779211269e+00
7.729210226402052797e+00
7.869146432355644372e+00
6.847089012913770034e+00
7.040578054130742558e+00
4.580681728208269021e+00
7.807563722798321670e+00
7.692719353424593010e+00
8.351171630810792834e+00
7.874897220913101847e+00
6.632781102235216331e+00
7.287062928369115511e+00
8.349707543499118145e+00
6.750161774345341037e+00
7.773757030080673758e+00
7.287648188169104202e+00
7.306650950626383256e+00
7.502618157654373121e+00
7.273001126566210672e+00
8.330066263857194286e+00
8.412428353980885731e+00
7.930800961153167350e+00
8.235746791470688777e+00
8.119020073437702933e+00
7.931138841627583425e+00
4.580681728208269021e+00
8.298172644269159903e+00
6.044474575234229263e+00
7.021542435340085042e+00
7.395614226868788776e+00
8.240615227984038782e+00
7.728258436127303455e+00
7.002245240272053195e+00
7.774612527402895878e+00
5.815101959249407315e+00
7.303084408370753344e+00
7.067852378855279838e+00
6.942121625857762268e+00
8.418987606614042107e+00
7.612999305479828394e+00
8.454684013217265814e+00
7.881533794602100684e+00
7.416742265592653816e+00
8.187607346482852932e+00
6.139051558943867448e+00
2.835699661783526615e+00
6.537940119808295591e+00
7.987267670635088024e+00
1.952628371917177530e+00
8.171951927306649210e+00
7.267618372726815323e+00
8.012382727625993795e+00
7.924254859811824758e+00
2.835258661233874378e+00
7.960090648067629004e+00
5.667267854157248763e+00
6.945274759135707576e+00
7.773809420936338199e+00
8.351866949889490854e+00
7.577311355168415474e+00
7.879243271760563161e+00
5.386011132408455637e+00
4.292700438821947628e+00
7.463548104397611738e+00
6.978156186565172447e+00
5.384933789737161192e+00
5.080484804043502223e+00
8.437896368425541027e+00
7.663990622630286964e+00
8.456396409243037482e+00
8.434643745314431840e+00
8.182062453149850256e+00
8.413373686117461503e+00
7.845213549573997192e+00
5.274026668351815772e+00
6.968079796270764348e+00
2.989929484359310941e+00
8.010356702745774271e+00
8.363728374896950868e+00
3.073260961764963550e+00
8.164461523783593577e+00
8.111131020952177195e+00
8.215564704639049864e+00
8.203929894613667173e+00
5.964435031779924401e+00
8.179320336684808623e+00
2.953158631630855790e+00
8.453070101224968269e+00
8.356024799181511753e+00
8.176000919228728847e+00
8.204072899268647134e+00
7.851091783159946047e+00
8.440407047474813851e+00
8.329911063349490163e+00
4.738330810634363566e+00
7.280248978687039241e+00
8.017829827494189487e+00
7.434523250841224673e+00
8.400043537750178757e+00
5.342607271760540399e+00
6.676174852930476078e+00
7.479548817693684626e+00
8.052930673278122953e+00
8.157698932247868129e+00
8.075031601832465711e+00
7.380448665761818461e+00
6.683385415493523496e+00
6.858517515207703141e+00
8.009993415904089531e+00
7.707322917199397772e+00
