1.226309400938730212e-03
4.699218011514348409e-04
1.028101662319182586e-03
6.344781225468996630e-04
5.791336842607289290e-04
1.340387041088237155e-03
1.500983254797553287e-03
6.737901450439445859e-04
5.590643013610026258e-04
1.291455967499846895e-03
6.775745850413558702e-04
6.782410160203981159e-04
6.920839131177899516e-04
8.623029305515475052e-04
6.286190206364788199e-04
6.846039022012471867e-04
1.316894419552263034e-03
6.695978157236984066e-04
7.601353313878841467e-04
5.008640413105712366e-04
5.292282902738262114e-04
7.308152074723081072e-04
6.138172238840122492e-04
5.410334663410250496e-04
4.979897736193286510e-04
1.009525026514993158e-03
8.140831733157374720e-04
2.402625240886845006e-03
7.306637201879921358e-04
1.634146517046761258e-03
1.539029021629933873e-03
1.568866988605426395e-03
8.734352205132011118e-04
1.028860901819284544e-03
9.862624166569414902e-04
7.806007703956697845e-04
8.892378403760814107e-04
9.284014592046206486e-04
7.016315933175968538e-04
7.231878773948804094e-04
6.149122133745108876e-04
1.558124844757853653e-03
1.089264279406395100e-03
8.461477537464643338e-04
5.324588340765312343e-04
1.530563483899390585e-03
3.819439303576367163e-03
4.083458248999892524e-04
1.500325526389189885e-03
1.338867908749583275e-03
4.700249133850417389e-04
8.320646011394423501e-04
8.747602927492133598e-04
5.660911846458118899e-04
5.340480541930491031e-04
1.035195563171342498e-03
6.082013304523462048e-04
2.309145184672142023e-03
1.181796636178321109e-03
1.018971099325074667e-03
6.303624892340471339e-04
7.965890834021955224e-04
7.531431187308980065e-04
1.004808183241155152e-03
4.845381952335945513e-04
1.628107128287251647e-03
5.987442181768002063e-04
7.523246657942067291e-04
8.966058882251744808e-04
1.025587060694983874e-03
4.967727892963930353e-04
1.668653314474184517e-03
6.946080468807194546e-04
1.017035604168481638e-03
1.011362103391999631e-03
6.132510215938333708e-04
8.997908228975206625e-04
5.647767908577828143e-04
4.770359299955068220e-04
1.253600015929804247e-03
2.958641409596948074e-03
8.848277493323611657e-04
2.482054471227762137e-03
9.011017382977866939e-04
1.166811729016700543e-03
1.576408301485483126e-03
8.445540416860427115e-04
8.072128058995029160e-04
8.291603353504703846e-04
9.950298784406565091e-04
6.564064537207868130e-03
9.889308784588744967e-04
4.794249298133334202e-04
3.954141633753032142e-04
7.860728373297988861e-04
4.337821849125647134e-04
9.795097403800037683e-04
6.065434032822265929e-04
6.151016329042020879e-04
8.180022629849051938e-04
5.478385867139021074e-04
6.573198466285308040e-04
8.248560377993145731e-04
1.866055447469743261e-03
1.071306100396426800e-03
1.020549959691756988e-03
1.019240764342530707e-03
1.692274585022412146e-03
9.876658761296622929e-04
4.937337228924517339e-04
1.936813457475071616e-03
1.048018741323053895e-03
9.908075802911972714e-04
1.392603386441765376e-03
9.095622277266634170e-04
4.836494398627120129e-04
4.887272142492972296e-04
8.577544914778547930e-04
2.095043820156626199e-03
5.772760165832102218e-04
5.408067763913381679e-04
6.567884648515138904e-04
1.294016043063876730e-03
6.651150721157147441e-04
1.088128641910342210e-03
7.390271012117697160e-04
7.419308890145948163e-04
5.290895538007948842e-04
1.222626586216910179e-03
8.995146249872714838e-04
4.441377212100459959e-04
9.473823946743485181e-04
1.181294706332679028e-03
7.253496288620326759e-04
8.693261846921047269e-04
1.096032405809125275e-03
1.334840475799496922e-03
6.851689746114166327e-04
6.440138033347242918e-04
6.407282713573254126e-04
8.432880181060290262e-04
7.830344023377588643e-04
1.281434878974729939e-03
1.415173060702979791e-03
1.740347694863791450e-03
8.900174586546339122e-04
1.376446258464340561e-03
6.231419567464287343e-04
1.030464167195115641e-03
8.179960512221845677e-04
4.815388564653177712e-04
5.683509557270902601e-04
1.061036726138766097e-03
7.180677189054771080e-04
1.215732308838447838e-03
8.461614418162191403e-04
5.855411678204249524e-04
1.062271238072828210e-03
1.637341400000118154e-03
8.685671877844697167e-04
7.858631711295744129e-04
6.660234683490856046e-04
8.654109385635352101e-04
7.126079709530213019e-04
5.786426928207102872e-04
1.110291738965077293e-03
5.177740952653490285e-04
4.542677201340303218e-04
2.355929187289921949e-03
1.408151847998220969e-03
5.415235452638784541e-04
9.480282406257037808e-04
5.756779252895051968e-04
1.148080564697620152e-03
1.760102899507795006e-03
1.091353642879960839e-03
1.125163682924747773e-03
1.947094305223960381e-03
8.580221363268923261e-04
8.056859219871217353e-04
1.074161556944916744e-03
5.384398891966862659e-04
1.160549363014599152e-03
5.058896012986265935e-04
7.531241964716344070e-04
1.009331769412090277e-03
5.866810927942605865e-04
4.529746417166596048e-04
9.974290942046856994e-04
6.856282249882710445e-04
2.491394308024475358e-03
1.842978108643921007e-03
4.279310957920369474e-04
1.032234313855516158e-03
6.142919721081132895e-04
9.846216652698734553e-04
6.835621100939031497e-04
9.525372252705834823e-04
9.763093679366304563e-04
1.500325526389189885e-03
4.685493306515363322e-04
1.657270282683738797e-03
1.000344298405886605e-03
8.715357803925600317e-04
7.748758601731037081e-04
1.673476092704674796e-03
7.835746294998498056e-04
8.487693328004993756e-04
4.804834733970264138e-04
9.144417056553654074e-04
8.231295768292330598e-04
1.596183411755268703e-03
9.870092889986241402e-04
1.009562899648106969e-03
6.244192396319721153e-04
6.761691242384383410e-04
5.385069481574103435e-04
9.684159717284844928e-04
1.105592973420549971e-03
5.443798011761735809e-04
1.136514721250429750e-03
1.061036726138766097e-03
7.448283332573458777e-04
8.622008992905938474e-04
1.111564212031387238e-03
6.316388663036624990e-04
8.257495875154932576e-04
1.270255800879527275e-03
1.287439461413420741e-03
1.160762576571297729e-03
1.142884400681977875e-03
9.310599159500799202e-04
1.083669329436870140e-03
2.283249980481134866e-03
1.117313141691355901e-03
8.868966017480118527e-04
9.998359303919021092e-04
6.767868358891713241e-04
9.928864774802063139e-04
9.984690810200570754e-04
5.489908987682431659e-04
1.305726270647699023e-03
1.805531687037477883e-03
1.006772554403365626e-03
6.176729173376401937e-04
1.274486916171323724e-03
9.028682932614098692e-04
1.287439461413420741e-03
1.035195563171342498e-03
9.692067633558144489e-04
7.917300189078048302e-04
1.061469066212522225e-03
6.884737291211897410e-04
6.521397394048501035e-04
9.315240569207298288e-04
1.125404927040652347e-03
6.427175445329255925e-04
5.867941248408563683e-04
2.230125512176645182e-03
6.801576010198032889e-04
9.905107445656786448e-04
9.908075802911972714e-04
6.498558551315502781e-04
7.588201523622704805e-04
1.297914045817361896e-03
5.057594299647393161e-04
1.569722359965463861e-03
1.130179397656915895e-03
5.030101850086583738e-04
7.378175093888732997e-04
1.262591295543500670e-03
8.437747579679228446e-04
8.423820643743437728e-04
1.281774266097465090e-03
7.063991133879214722e-04
6.280564840589757288e-04
1.323575243599818497e-03
1.203548766301155591e-03
5.225535386538564730e-04
7.939586454154472055e-04
1.065941939821122121e-03
5.540492711366870300e-04
1.218746617755144066e-03
1.734715223550736905e-03
4.576612905046518499e-04
4.962162693344405540e-04
1.787776070809363833e-03
1.165326256522989648e-03
4.996638598703445405e-04
9.698489586042406251e-04
1.607194348589879992e-03
1.164942648027974138e-03
9.345631037939636752e-04
6.774245808005146001e-04
1.127287293214554887e-03
9.234344931713230021e-04
7.280076986493328557e-04
7.481253751554822924e-04
1.340387041088237155e-03
9.407915026393914382e-04
2.490579444691493841e-03
8.938179634006446174e-04
1.110299047353504719e-03
6.190031935367798326e-04
6.604103748251374546e-04
1.762027191975337531e-03
7.194186711816908351e-04
4.458319169932092245e-04
6.819555823069598519e-04
8.895630885120581503e-04
5.863562455131526765e-04
8.186233015880228781e-04
1.470828409305010437e-03
2.949313227727707199e-03
1.241138856672043119e-03
9.492465490815252000e-04
7.791488655510456739e-04
1.095846726839922380e-03
4.557539946472273593e-04
7.719291544915524465e-04
1.487826678296651087e-03
9.373060397501198088e-04
2.258156676977384619e-03
8.339827161744373931e-04
1.083551686931629723e-03
1.436272838119743035e-03
7.766103595115553520e-04
5.897713283850902809e-04
2.144157858263745497e-03
7.889750263747760889e-04
1.013732216486627714e-03
7.080311701642306044e-04
7.524059448686394288e-04
5.803342388158171149e-04
1.679840043543282414e-03
1.128777176933296001e-03
6.858891383368688347e-04
5.123420618097994069e-04
5.843885645341205439e-04
9.575804643513946600e-04
7.769341056139616531e-04
6.931439547863794222e-04
1.018387863324087721e-03
1.057410062714034867e-03
7.466025850157576981e-04
1.667110999954848384e-03
8.844880464319637486e-04
8.320921999504905060e-04
2.240744013611432103e-03
6.255902956308626505e-04
8.116158798301479878e-04
1.444630915449236297e-03
7.967679348172473572e-04
6.157546519838967081e-04
7.429096173938579736e-04
1.272588652010938574e-03
7.408112032612202118e-04
5.981125387703626695e-04
8.056563405709743888e-04
9.143996927209891703e-04
1.145004161548313169e-03
1.460822164285558757e-03
7.027727510643541012e-04
4.116040356540673567e-04
1.073967093939666049e-03
7.385426823074824499e-04
1.497627919832669741e-03
4.542677201340303218e-04
8.696245800155074594e-04
8.234201583970199474e-04
1.163255020670098203e-03
6.255797347291869098e-04
9.060891512046098184e-04
1.225197244715422540e-03
5.217583845152302989e-04
2.365581202951393385e-03
1.120891819916860479e-03
1.005440874665863632e-03
1.090340507515279991e-03
5.750271784064291515e-04
1.575407163752769830e-03
6.121054551615877229e-04
7.607253179591366319e-04
4.469007650952357765e-04
1.246047183442154606e-03
5.041030658054361816e-04
1.463295579425311207e-03
7.401230842316095090e-04
5.341912696330798020e-04
5.189239882876545314e-04
1.570311830391299792e-03
1.371859749396596006e-03
6.087389201668806779e-04
4.740649021341106391e-04
7.576425218132852839e-04
6.254911174621841227e-04
5.989269097992744968e-04
3.902811846376626290e-03
1.545980799814458120e-03
7.035121604351975665e-04
9.169567279075426392e-04
2.708560104463172968e-03
4.817740549598972279e-04
1.158163170170405142e-03
8.179808554618387892e-04
6.954122562554563777e-04
1.429265169672952647e-03
1.129108450638964057e-03
7.978696463279680209e-04
9.528762201083776666e-04
1.109978531022738765e-03
9.930045496514740971e-04
1.135109144261756435e-03
1.595515244134496947e-03
1.088776316966336708e-03
4.376119075382956208e-04
2.998712316569588851e-03
4.652485651870452515e-04
1.384408510723061448e-03
6.633434141781346547e-04
6.521614090192089704e-04
1.047990076099087915e-03
6.833740904444226150e-04
6.215036864874490556e-04
1.020646876078511005e-03
1.054683577491004505e-03
7.266388408780625379e-04
7.407047662628867078e-04
6.101681973299013509e-04
1.264203930262442583e-03
1.342516622993600046e-03
9.461946457673414300e-04
7.598648017540431078e-04
1.493494923516279667e-03
8.079922841776434380e-04
4.127418087841278299e-04
1.411085344200644623e-03
4.588188386404708132e-04
4.634734296569521599e-04
1.436272838119743035e-03
8.218083352288210915e-04
7.949584292143194826e-04
7.971155986308630205e-04
1.231926071639224659e-03
7.999686219040230391e-04
9.246965570865315525e-04
6.234368259746436063e-04
1.039764069899874179e-03
9.564798211952069834e-04
6.932639581463073642e-04
9.377773582834952014e-04
1.101738409554805110e-03
9.881284029573820984e-04
9.416499759019109550e-04
9.202439158341313560e-04
8.647552425755876924e-04
5.872466527740772321e-04
5.296221362496618271e-04
9.974290942046856994e-04
1.968230488412062596e-03
1.764624557493431421e-03
4.279310957920369474e-04
7.315489952940409197e-04
7.271670113784745775e-04
7.172228199323658166e-04
4.507778417247736732e-04
5.166779567429839910e-04
8.782942004173844609e-04
6.744936373631440010e-04
1.437106350381533310e-03
6.431949459600276846e-04
4.332941236234839292e-04
5.737823350752678823e-04
9.329857007310814491e-04
5.407952474995583389e-04
1.212840726533783407e-03
1.180815205794201331e-03
1.100266689608982032e-03
5.233332401351220315e-04
5.926650941198746865e-04
1.262689948164045974e-03
2.480432499538980356e-03
1.055016166565087227e-03
4.678827711026174447e-04
4.491539989944642332e-04
1.118762897244640056e-03
1.241377276977033428e-03
4.429861190120867290e-04
6.752663057493508546e-04
7.711992542076002554e-04
4.668139391087863452e-04
3.909201073037182699e-04
7.350413609718755171e-04
6.219647871629443341e-04
1.615018718557662556e-03
6.567884648515138904e-04
4.724133547727188301e-04
1.265360699380800981e-03
1.454085299823065173e-03
1.652638793133951638e-03
8.640605441962384645e-04
3.197604515938774501e-03
6.298596170292948201e-04
1.078932928787955294e-03
1.165200543933615079e-03
2.133068381864452068e-03
4.874552723659321364e-04
8.473802463000415681e-04
7.199475244554255637e-04
5.067026363968590809e-04
5.890885137012162034e-04
1.174123402246843913e-03
1.331793271795090727e-03
5.661020917884138602e-04
3.975191362995295920e-04
1.244944579469532036e-03
1.177608908992282830e-03
1.539636368944155217e-03
5.960560437377895133e-04
1.645004157140005693e-03
2.036255887496899158e-03
7.714214750300174908e-04
8.297879856322658157e-04
8.046206010564683000e-04
8.093949308651505418e-04
7.988026752409348218e-04
7.253496288620326759e-04
6.835107406924223472e-04
1.214640680227779389e-03
1.062906348993523280e-03
1.262923747001774453e-03
1.064491100328577352e-03
7.415498235416996629e-04
8.557773386373796962e-04
8.176655663597218963e-04
2.949313227727707199e-03
1.446895509081104654e-03
6.879057907530022973e-04
9.316863756345670003e-04
5.447992821839729109e-04
1.263867232480205558e-03
2.840036684876701134e-03
1.164742868166370252e-03
7.988026752409348218e-04
7.957305123823905577e-04
7.738828878392543060e-04
9.127322089652736619e-04
8.565168479271195604e-04
1.319668535159574177e-03
5.541986339816169825e-04
1.495513209122206278e-03
1.260901158130477932e-03
1.529827399660448929e-03
8.191876037610854814e-04
7.699546428399617034e-04
4.672031914478130257e-04
9.188897737035221390e-04
2.854492728607012537e-03
8.008496234451222039e-04
7.309384362382930888e-04
7.488178363860883546e-04
6.717810408887897339e-04
5.047005110255258940e-04
1.883154952808797954e-03
8.933625287236310417e-04
5.018022167111836108e-03
7.859452458325024912e-04
4.136997425325581834e-04
5.513006660027795205e-04
7.779163954488788535e-04
4.863736207643098693e-04
7.319563294612636871e-04
6.259078293991805026e-04
5.269612224682943815e-04
8.323626423115159430e-04
1.856929614232291767e-03
1.438014498371570403e-03
1.032175413408659278e-03
1.138572546198523714e-03
1.388117119813744339e-03
5.179820870900025834e-04
1.506944520671019833e-03
1.197291094129046855e-03
1.084629303653777401e-03
1.083669329436870140e-03
1.321851087217272873e-03
8.105673737669657217e-04
7.373651676898531314e-04
8.447341633401993103e-04
5.211605958648652661e-04
6.221608399647774942e-04
7.095395648033339013e-04
4.285739172827156772e-04
1.225390315291908496e-03
7.919482068976060364e-04
5.710278629252765834e-04
7.566277816016795960e-04
7.548208165064925314e-04
6.164015895199079697e-04
8.558069301208578008e-04
9.555142123528252924e-04
1.575705150218080107e-03
3.819439303576367163e-03
1.157885449104745787e-03
7.306267298468171589e-04
2.402625240886845006e-03
8.013753210330145206e-04
7.497970690043676131e-04
4.403163464278934828e-04
1.767327115031285239e-03
8.307908432221843302e-04
6.252804789493188750e-04
1.222176390737954310e-03
5.679100710363612844e-04
1.114441327772753253e-03
2.172379595652521121e-03
6.257428183292650147e-04
1.045041278198174809e-03
9.680479318583104422e-04
9.485837619433930583e-04
5.766861899819143971e-04
1.136928329285180443e-03
1.003228709663945336e-03
1.081863708671357673e-03
2.032109600268411191e-03
5.429517391402184992e-04
4.872677671762028228e-04
6.814209157592536568e-04
6.774114704570159511e-04
5.813603872557291698e-03
1.483675063838320969e-03
2.477779990322147470e-03
1.429394807302510929e-03
7.834056614540257056e-04
3.720513579480454235e-04
5.456902496874487104e-04
5.876068874216211707e-04
5.906625644659965584e-04
4.274790548735038845e-04
1.647577875871902029e-03
4.678616315026794931e-04
1.307290224939866227e-03
5.337761660284664946e-04
9.757124345687469801e-04
1.518088426327179625e-03
1.241377276977033428e-03
9.703254114227929331e-04
1.309284717551972236e-03
1.532165241938572521e-03
6.541819931106866671e-04
7.444417832941224722e-04
7.021253604411394501e-04
5.541979311601891904e-04
9.065842284076479308e-04
7.273561275414461205e-04
6.252319837501468455e-04
5.793543670869146000e-04
7.352281275199580145e-04
9.321880506477584752e-04
6.440905761344955203e-04
4.654376389720495024e-04
3.964524473163538168e-04
6.887080462587032549e-04
9.839065049632501371e-04
5.762512244420337068e-04
6.627186533728045021e-04
6.190031935367798326e-04
1.207535091204214785e-03
5.495508159446753187e-04
8.970914221792421206e-04
1.057070390128782376e-03
9.299846621319684137e-04
3.818471497992557821e-04
5.211560132344588260e-04
2.026319786552552207e-03
5.412705399075707453e-04
8.311723641665471002e-04
9.957797057688908340e-04
5.665855955695135032e-04
1.329102289750277999e-03
2.290319934211856607e-03
1.062351570129282550e-03
6.356449760367523846e-04
6.427175445329255925e-04
9.563103785081032617e-04
1.321386015144521186e-03
6.221118157050621513e-04
9.695596470928973237e-04
1.754935615053972598e-03
1.138261336008932921e-03
1.162165451524790373e-03
8.661655573909282386e-04
1.399130999854142788e-03
5.805031137928761721e-04
1.774749475583638171e-03
7.983188858271537177e-04
6.403446837704906882e-04
8.936138726643151836e-04
1.071445582559098914e-03
5.207886750925879533e-04
4.524219241249740242e-04
8.061635473632145811e-04
1.049074381972831069e-03
8.615110994753443288e-04
1.162794884931730955e-03
4.403163464278934828e-04
8.328902022819619898e-04
7.825267561064516144e-04
1.771601260539982202e-03
4.114451370024310218e-04
1.167647742661417779e-03
9.168033000993273300e-04
7.837064443498798156e-04
9.950965307043606670e-04
1.153026855383932009e-03
9.539447720334168776e-04
8.697058072353307939e-04
5.730758866706344139e-04
9.432445154521191220e-04
7.128849809909896130e-04
5.863562455131526765e-04
1.490367296843295424e-03
6.698572688459450116e-04
9.752868722528270544e-04
5.043526908110204871e-04
9.599110939485059084e-04
1.316894419552263034e-03
8.250043525102103165e-04
9.143996927209891703e-04
5.683872492527732110e-04
8.317433800432978523e-04
6.862718488850585085e-04
1.120535010060236258e-03
6.880996802079468932e-04
6.184185024643851225e-04
5.750867136933070787e-04
1.241457723788975216e-03
8.346893651948291337e-04
6.765883483894487944e-04
4.720606624039535236e-04
6.335033208437623612e-04
4.832325960615974298e-04
9.393731231703600533e-04
1.236334064289957213e-03
5.217583845152302989e-04
6.170325939735418980e-04
7.001010512732654296e-04
8.187353427796542843e-04
8.778038186682524634e-04
7.591745078906451689e-04
4.840309726305629893e-04
8.216286479346415154e-04
8.472921956534319645e-04
9.752868722528270544e-04
5.067768465667758966e-04
6.026075208857895917e-04
5.043526908110204871e-04
5.784454739574068725e-04
1.065749983874734888e-03
6.652172606659859317e-04
1.422185036756380781e-03
7.592772575010548093e-04
1.139935094830754267e-03
1.393753825525219977e-03
2.925549915503909606e-03
5.369956916243373004e-04
7.573714620160871278e-04
5.939897053668727204e-04
1.922967184063560870e-03
2.778002263107899952e-03
1.561928549730588712e-03
8.177654972332339990e-04
7.478028866411647784e-04
1.380022716413141547e-03
7.927645374924843866e-04
5.322269885099259424e-04
6.814209157592536568e-04
9.083427849850237313e-04
1.040466580082161866e-03
5.206270819404891850e-04
1.664324234539759154e-03
1.200387740705091688e-03
1.800299420766057193e-03
1.048018741323053895e-03
1.160549363014599152e-03
1.472615916142953852e-03
7.065828537912052483e-04
9.625794267370192843e-04
1.165563737645102871e-03
1.022295669936885585e-03
5.181084929020168166e-04
1.068989726504725310e-03
4.713407695180177174e-04
2.036685632221076157e-03
1.096435727750310306e-03
1.465620604279302755e-03
5.600212070530746203e-04
1.698650000971981293e-03
1.174669484098020932e-03
4.907470176364699035e-04
6.425974519489988015e-04
1.068144165036569084e-03
8.411763525882458292e-04
7.546647270864506683e-04
1.402370862730752728e-03
8.179771509869106965e-04
5.219012350012627692e-04
9.906541409073663877e-04
9.959206158609075921e-04
4.877170011486413282e-04
1.026130359996984794e-03
1.067814317008327404e-03
8.971171504848287096e-04
1.793825135423673120e-03
3.989787097168898317e-04
1.491881586606990653e-03
4.998122356032772082e-04
9.623864199762667332e-04
6.758507200332250758e-04
1.227889535031987268e-03
1.480667878441920731e-03
1.197347261945379531e-03
9.345229324579178674e-04
9.125586245463568509e-04
8.901671723576561187e-04
2.172379595652521121e-03
6.692577400837580910e-04
1.042535677364881666e-03
1.505614890886222169e-03
7.897137792575157668e-04
6.093965042257958866e-04
8.162964781722935282e-04
8.396148555967503785e-04
5.204049685181206565e-04
6.663222960784610186e-04
7.642628687408517529e-04
5.319139559772364601e-04
7.002514602236752919e-04
9.758264860043546580e-04
9.082744503191786866e-04
3.582398971681847923e-04
1.696145937935815201e-03
1.684550753729817645e-03
1.646494403589219852e-03
2.287634394205424141e-03
6.396798488239529516e-04
7.257462717613779278e-04
6.831004221047644060e-04
6.599580361995206887e-04
1.013963368408644840e-03
5.074289524860623336e-04
1.670621524936940442e-03
6.965949834958909881e-04
9.989709540567763557e-04
8.862390494280963102e-04
8.531243361188567322e-04
7.189849509845805658e-04
1.039764069899874179e-03
2.338279784056559660e-03
6.840771176026122762e-04
1.016032468218627978e-03
6.806269584635344901e-04
5.429260491146635070e-04
3.007230097662871339e-03
9.834177400136025812e-04
7.009152921655380534e-04
6.870977006823171919e-04
7.615333828918073459e-04
8.420050838967348822e-04
2.511209715074181215e-03
6.241086372573427694e-04
4.804614004158154201e-04
9.329902531595008191e-04
1.061126722724072338e-03
7.128308382651142409e-04
6.863553649146700254e-04
6.110443527923125479e-04
2.327929500499194022e-03
2.131879826134705936e-03
5.334970778331379025e-04
3.606853882614762669e-04
9.251938700347822186e-04
1.669317110964074974e-03
2.352464553677372904e-03
6.573198466285308040e-04
2.589157648461510534e-03
5.260439987871643212e-04
9.600999744383530978e-04
4.710312948958206096e-04
2.854492728607012537e-03
1.883741250509481623e-03
8.574689696085592517e-04
6.567884648515138904e-04
6.888501560096229378e-04
8.938179634006446174e-04
7.348941962583223526e-04
1.358151181345306760e-03
1.059814958144283167e-03
7.926029820255063758e-04
4.323462334078413509e-04
5.224265151161266085e-04
2.745169632239621328e-03
9.720751176115485174e-04
5.907248242258888657e-04
3.943612020409666998e-03
8.297503277857713744e-04
1.263929235107170935e-03
7.939991833722178944e-04
9.200068848757015890e-04
9.920039777513609772e-04
6.989956938566249320e-04
9.743775521590799724e-04
9.575804643513946600e-04
1.120555263365343064e-03
8.574984304628287344e-04
7.345742475769144724e-04
5.527298661695248441e-04
7.482486964320263830e-04
8.346893651948291337e-04
5.798925788286201635e-04
7.913934587513433809e-04
1.351436327299130637e-03
1.806685796349573672e-03
1.669199978282243741e-03
9.405584426869999888e-04
6.738518447119945217e-04
8.560605784160457048e-04
6.070831448145053459e-04
8.600358331034314982e-04
1.028359528259468244e-03
3.896763687689111088e-03
6.603434758959423126e-04
7.684457425205383062e-04
7.896098564902146160e-04
7.744548116346887607e-04
1.179733476995468381e-03
5.854884797381799564e-04
1.127287293214554887e-03
5.305561430642242657e-04
7.742778890514465844e-04
6.510332032271115435e-04
2.401839392738208071e-03
6.529880045609696201e-04
7.949978596878247037e-04
4.858315944817268570e-04
6.383188360625772877e-03
1.270417360606123768e-03
1.101710396633706233e-03
1.018750998723177417e-03
5.866032360261110848e-04
5.301904317317070701e-04
6.335033208437623612e-04
8.714002590086970161e-04
5.371174625588228833e-04
3.770834587008564946e-04
5.162950454471052289e-04
1.584519662135351267e-03
1.124213041009030148e-03
5.914429814464050150e-04
5.483924899527919646e-04
7.844500870971246641e-04
5.683509557270902601e-04
1.101892214036099974e-03
1.060843089827452883e-03
1.896271919711863463e-03
4.652493213757671886e-04
6.276360138767573746e-04
6.071103076210292420e-04
5.112172060576888237e-04
6.114428449941720911e-04
7.075451850170708535e-04
6.297036762856412151e-04
8.490034213383840797e-04
4.983075105030712647e-04
4.503256839342742414e-04
6.663213102900313999e-04
8.408062933951075115e-04
1.079353270926413158e-03
6.365688296133701967e-04
8.390980027821633158e-04
1.025335112838000927e-03
4.908734051438253497e-04
4.960811050789173515e-04
4.982882141084224491e-04
7.524739423950627332e-04
1.045146372267539113e-03
1.274486916171323724e-03
8.375324454128959010e-04
5.756894091582679188e-04
8.976695266319982373e-04
1.074161556944916744e-03
1.284167196157112159e-03
7.199031057986046136e-04
6.028707182768286736e-04
9.042170856636366858e-04
9.625794267370192843e-04
7.987979568956757228e-04
8.275788254943858844e-04
6.039019518683957401e-04
4.931889183238644158e-04
