1.045487749138433037e-03
7.071266127377281562e-04
1.302526042849251955e-03
6.226473732090852080e-04
7.230682938284511497e-04
2.262279290346433814e-03
4.960080840424728899e-04
9.118436064564646544e-04
6.525974992731488518e-04
5.022482007771190580e-04
1.051208476922944370e-03
9.337073324986926246e-04
7.969090706395468883e-04
5.167830571731466850e-04
7.464662365291630007e-04
1.095330052810422313e-03
5.811995138317963558e-04
1.503937933156711086e-03
1.061351885011493652e-03
7.932946156515583228e-04
8.176450009058848327e-04
2.426213367909389133e-03
6.265849611810203178e-04
1.310335019568044162e-03
1.384903563757944019e-03
1.186392321712286891e-03
7.220984610417520953e-04
7.525599386104130008e-04
9.001267887876047936e-04
8.123013651410584219e-04
6.527392157799678405e-04
1.907312104034107050e-03
7.786994105214479914e-04
6.386137721988439367e-04
9.094482174503901433e-04
9.399789274750456084e-04
1.088261968695326300e-03
1.168450929404435705e-03
1.267108626017507010e-03
7.963945545534128123e-04
8.200240763664572467e-04
8.081966758728486395e-04
1.125140796963974149e-03
5.392226202488161835e-04
6.938260035506635956e-04
1.242034697483990202e-03
2.115296685876121539e-03
1.770680768770815840e-03
7.184527726590067206e-04
7.815676770344010286e-04
2.639195764297296888e-03
1.125235552901568750e-03
2.807643036259882541e-03
1.813182845442435449e-03
6.218912557662789912e-04
8.900824956708316841e-04
5.065420686902000289e-04
8.784080906953381854e-04
1.733494418880017398e-03
1.098533015355887413e-03
9.481767970935917706e-04
2.450456145730829476e-03
7.872846070683797975e-04
6.833490481068894363e-04
7.300084117901343072e-04
8.583801596328566883e-04
4.809945692309505662e-04
7.169911283649914270e-04
9.874500418376368303e-04
7.628593925127885025e-04
1.741428855345445456e-03
2.319143368610959103e-03
5.849608471535351845e-04
1.047783874857203222e-03
3.787924618424041382e-04
8.742900361963652474e-04
1.058554464169424864e-03
1.066993852468511167e-03
1.128442513628789357e-03
6.819549542231772774e-04
7.769687233519888270e-04
1.560980910909493674e-03
9.861156360625865803e-04
8.385990548311834155e-04
9.424972365070336151e-04
1.645793238343839235e-03
6.627913469993208014e-04
8.346319251820681758e-04
7.508405781864475187e-04
8.271325704828951441e-04
9.542338613048556399e-04
1.018064088224701798e-03
1.027813841679167369e-03
6.819906650806947758e-04
9.584604005093252032e-04
1.648299956438995482e-03
8.668389253290364679e-04
6.067793303508032437e-04
1.007926433546013027e-03
1.039166853761707386e-03
7.633995450184881317e-04
1.950768714720025644e-03
1.214679932400538264e-03
5.824894948054155528e-04
7.759244572784593404e-04
9.997056396243233795e-04
5.890822720532762780e-04
6.177212456629156863e-04
1.620721376034536722e-03
1.171798882293137792e-03
4.728731828375057800e-04
7.162455529314045583e-04
7.303677297465232957e-04
5.754231736469577439e-04
6.947413568731224381e-04
9.095378126313949851e-04
7.396575495661418444e-04
6.229123847862542800e-04
6.496934342470337461e-04
1.063536114313746528e-03
6.399250453559304471e-04
1.207415878986908093e-03
6.639262512376501628e-04
1.359315369222503312e-03
1.605086146736969940e-03
7.453759129375976417e-04
9.659933838644409448e-04
1.253605849853255128e-03
4.749577309219953189e-04
1.437019613345513367e-03
1.297337608476779999e-03
5.247393292748711276e-04
1.573667491677434825e-03
9.846079091296621507e-04
8.702020349559549473e-04
1.134278804351911965e-03
7.003584016082372177e-04
1.864581974299822599e-03
7.500077673008936300e-04
1.377411060678004765e-03
7.742419410370958519e-04
7.527199384567636892e-04
7.992590799462812295e-04
1.029701253592234939e-03
3.821545709767111706e-04
9.699391984913239206e-04
1.456467119841758830e-03
1.059853216994050907e-03
1.605132858183372238e-03
8.975875190907926316e-04
5.744571799270445150e-04
6.493708786061948767e-04
1.436905829660554707e-03
1.562708502266669987e-03
7.471280151149080296e-04
9.018245296765079128e-04
9.193819139634345963e-04
5.616763559311711406e-04
4.501045262996286600e-04
8.074400165835568825e-04
8.583118065310409031e-04
8.105634068303427817e-04
7.717237568522973979e-04
5.342066032459599810e-04
5.372019490502181419e-04
1.542898655350876660e-03
5.852300980427165835e-04
1.656783549174214347e-03
3.153923004043088230e-03
5.527095880562324761e-04
6.668338871923396981e-04
7.923577971262820178e-04
8.198392145397863763e-04
9.328895818919648482e-04
6.029449495021773015e-04
1.219364444617193014e-03
9.318624539029092806e-04
8.957686692330277386e-04
6.485736119520380330e-04
5.340522804133345089e-04
1.154105237273560063e-03
1.078130749555889856e-03
5.753521223044504246e-04
5.991561000184763511e-04
9.810452277336824400e-04
8.586863080194403553e-04
8.322553808172118098e-04
6.246143714185938044e-04
1.411177868213792531e-03
8.645548500707037325e-04
1.106176262471962081e-03
2.658154987894918459e-03
8.385428188821460746e-04
3.911511563129471875e-04
1.196771730717036261e-03
9.182567720396473798e-04
5.717308361836251655e-04
9.391285328085351505e-04
5.735248794727727719e-04
1.306771908983588677e-03
4.716382971474721822e-04
6.759240346420659646e-04
5.733267290494392871e-04
5.676685515615634715e-04
1.860431895490216331e-03
1.179374015230671069e-03
9.448108941580317171e-04
1.473277697982415188e-03
1.483448567228846417e-03
9.185471820152776596e-04
1.025762059881590296e-03
5.753521223044504246e-04
2.843236554133497622e-03
8.762249849205806318e-04
1.414144302020563931e-03
7.383486387011274675e-04
6.792509892765109195e-04
3.209218598552879363e-03
8.924550486795610393e-04
7.979903246087462904e-04
8.237603474634061246e-04
1.240704840793579317e-03
1.013698343997067970e-03
9.824979170678718732e-04
1.009417268846167634e-03
8.953488331622646776e-04
8.903362944112083385e-04
1.116578595222856045e-03
6.080846993917943168e-04
1.099406057099931592e-03
8.189380283526642495e-04
8.569523798927318730e-04
8.761595363841305235e-04
1.246650684998070607e-03
6.407915470120337980e-04
1.076432280088608336e-03
8.180716620548806120e-04
6.530077103985744294e-04
5.712506634149059443e-04
8.996626210301355946e-04
1.548180842382692376e-03
1.081976652073455896e-03
6.555870931029354190e-04
1.156310190817091965e-03
6.992736473275173656e-04
1.184681583218182878e-03
4.739467282696380006e-04
5.433401511088871341e-04
1.004281704026730891e-03
6.809678360837202564e-04
8.081966758728486395e-04
1.687754972528960002e-03
5.153253909876723228e-04
8.227482848129460047e-04
1.017209132572398410e-03
1.279652374675905582e-03
1.051576812274636038e-03
1.410494338099939522e-03
1.066195542288996077e-03
7.428938931909765883e-04
1.216156672954722033e-03
1.650056537531818975e-03
4.339392547402287637e-03
7.693439379920002843e-04
1.041572693848343088e-03
2.741617945704392847e-03
7.630630397661371288e-04
1.653573264982094622e-03
5.679769370174258744e-04
1.452031087173588338e-03
1.239148275140626457e-03
9.852067818846520480e-04
1.303216887951789624e-03
7.168508782603649288e-04
5.918233749481244168e-04
2.308291804128344716e-03
1.046633688965740950e-03
5.019700865194011473e-04
9.421376962464485250e-04
6.579932785567336150e-04
1.003146207831867066e-03
3.419081316398201939e-03
1.082667981487519344e-03
1.185434942758865299e-03
9.304110662577202507e-04
5.774647805452517773e-04
1.469127718355192581e-03
8.703731982229321240e-04
1.546142155802610095e-03
1.457653774094840472e-03
7.252227192463652416e-04
6.600262471246464563e-04
1.615429557432963110e-03
1.142437144840837944e-03
5.420107700606873044e-04
5.025513137052915139e-04
1.977580113770414580e-03
5.046193039360837539e-04
1.158029085281717325e-03
9.796842175163961511e-04
6.312459394402111746e-04
6.060801120761300041e-04
1.065431922135657477e-03
6.710219774943568857e-04
9.228528938152492922e-04
1.200638938486463421e-03
1.181103438087588529e-03
7.335462354996976101e-04
6.291650333900273943e-04
6.145068818973793571e-04
7.422253521373605063e-04
1.435535080893286580e-03
1.013938493644840752e-03
7.052873775999921524e-04
7.857343457815818165e-04
5.612819121907669951e-04
7.852101065767530096e-04
1.001478433876513367e-03
9.489229555215130882e-04
8.784441996597274795e-04
2.133124738558746843e-03
7.409455464196531378e-04
6.767208995953349774e-04
5.342066032459599810e-04
6.827465152947555672e-04
9.102496515759761356e-04
1.001395110337479797e-03
6.861951128367501556e-04
1.272783632653410983e-03
1.119403215908574807e-03
5.468861212263712891e-04
9.382605702336391761e-04
6.801290021146688116e-04
1.093629625812732624e-03
1.238359103345558097e-03
1.196771730717036261e-03
1.133815624707751714e-03
8.194877663634101599e-04
1.325415661444842835e-03
7.291789916306735475e-04
6.944169376288999778e-04
1.042182866579639215e-03
9.684449149343345121e-04
7.050316613176509832e-04
1.154065557101559237e-03
4.904102400750582919e-04
9.976178688404625881e-04
2.019584305062996181e-03
6.813113091875820952e-04
7.819822630157277632e-04
8.330702815435769631e-04
2.476404250158375977e-03
6.387457222376505695e-04
6.333740652444232785e-04
5.124468680813572914e-04
7.013307229736659692e-04
1.508432981237508002e-03
9.770093546923068126e-04
7.430126133816672158e-04
1.189484766701657875e-03
1.085609270417664789e-03
9.884851068887587962e-04
8.347022759229928875e-04
1.166460950503334917e-03
6.922072153266896604e-04
5.957682081771834915e-04
1.862698532063924257e-03
7.011548127071928326e-04
8.780597074261636999e-04
9.250916942216948430e-04
1.113004664680534474e-03
1.739422941270697036e-03
5.124468680813572914e-04
6.321343160846413329e-04
7.721503076347206338e-04
6.545409785625784125e-04
2.442953857677368674e-03
7.050852078532568934e-04
7.191645219590118206e-04
4.791720946452251279e-04
4.978020976156778991e-04
7.334814545775950956e-04
8.516701578572542959e-04
8.819020943350682406e-04
1.420746102177553819e-03
9.603345354047853645e-04
7.386936286628626629e-04
6.601657581089052885e-04
1.140443099597107353e-03
1.180349290928399669e-03
7.374313573322875464e-04
1.143192776396746496e-03
1.286474833402064281e-03
8.462391389640640379e-04
7.630617795097069909e-04
8.284585745393262864e-04
4.917606744311040032e-04
6.508364225067607119e-04
1.457478902891151716e-03
6.522072453237386710e-04
4.045978982967797640e-04
1.154641311782134703e-03
6.474317715129606840e-04
3.638563423793903656e-03
1.119750858664713420e-03
1.328739637395802593e-03
6.140991333451989269e-04
6.383871263121104278e-04
6.511702133039942199e-04
1.631176759014701808e-03
1.419534106534452557e-03
8.460747851329509942e-04
6.982039696780201676e-04
6.309678863876779561e-04
6.882797045725288750e-04
6.891037089952568645e-04
8.040794267170480597e-04
6.589997321922580606e-04
6.496934342470337461e-04
1.406062655558676594e-03
4.897983268619524912e-04
9.352711317350736932e-04
5.038037941070398242e-04
5.383865582389097066e-04
5.646390316105939430e-04
8.084198464153895996e-04
7.620014014036214939e-04
2.055260078960028779e-03
1.132520285482155852e-03
5.257546115511443820e-04
1.020664784252076377e-03
1.024114171035033372e-03
9.144709906614309448e-04
6.659857691463834254e-04
1.480265285520793780e-03
9.468899172590582256e-04
2.558346562156188324e-03
3.993952910015180014e-04
5.677739650569169072e-04
6.721331069773955804e-04
2.684489319577447811e-03
6.414876198958394593e-04
1.605611546830358833e-03
8.718861749767507470e-04
1.115554295607743950e-03
3.014158768221988915e-03
1.016400663301253752e-03
1.331930116912055173e-03
8.526193327679706122e-04
6.767467373641847814e-04
8.796047893235507242e-04
8.884358727049325444e-04
9.652494602526094083e-04
9.133807341162127925e-04
6.465272160419989998e-04
8.810136563641828835e-04
8.155054890805987257e-04
1.217337243692395016e-03
6.366503367461024635e-04
1.477339159611372986e-03
8.264948797632145272e-04
7.926256026924602101e-04
7.659551824623835482e-04
1.039672615904089614e-03
7.866830884584372335e-04
1.457782765883104898e-03
1.633818408118765334e-03
1.627110660178913894e-03
7.723413677153371940e-04
1.299215072631994218e-03
1.162592521471917566e-03
6.468079042884208396e-04
1.092378556481727204e-03
8.252084379426926535e-04
1.284276114243012397e-03
1.480816281091649990e-03
5.393769023238044816e-04
1.686226933622758618e-03
1.035986556404567410e-03
9.781382078789741582e-04
8.538598532088523090e-04
8.680062343796266519e-04
8.402486714431893879e-04
8.773018342723347364e-04
8.957686692330277386e-04
9.799569809488502866e-04
1.050740650919127937e-03
1.335880417173612288e-03
4.809902964607584361e-04
1.821732326991057013e-03
7.352089459087218998e-04
1.281961405990386573e-03
9.751857527114630867e-04
6.089513435676391188e-04
1.557585647424751616e-03
1.694396378932340507e-03
8.104923456387294481e-04
1.009417268846167634e-03
8.605598050824657527e-04
5.741496598378125708e-04
2.063710185933475931e-03
9.932004218793071687e-04
7.137366376922004482e-04
5.192623120390391827e-04
2.080432537948144044e-03
9.519243253771065942e-04
1.194963431560318355e-03
6.729513228169115230e-04
7.157717751052702524e-04
1.413231734699897744e-03
7.711769613909006359e-04
7.043566026810426078e-04
7.722510644549994462e-04
2.169700331275555699e-03
7.627118007929533337e-04
4.860316793769051515e-04
1.014266311078695568e-03
6.704491509142964040e-04
5.666985240190978903e-04
9.032532898268181643e-04
9.124608975852448742e-04
7.004010531840010583e-04
7.479671238747861777e-04
1.448110149349302956e-03
8.848483339451456613e-04
6.382606978785411748e-04
1.104405012974204970e-03
8.861183988011446435e-04
6.884806080149867688e-04
1.082647885751140352e-03
9.903098986011711017e-04
1.244603238263716858e-03
1.078037531494938561e-03
8.930112943732960084e-04
1.542898655350876660e-03
8.104588009074278464e-04
9.730747909254329909e-04
6.046188472362877629e-04
5.948531647914886197e-04
7.124373353451497705e-04
3.357404479656422251e-03
6.025743237839669038e-04
5.154118269443463485e-04
9.824979170678718732e-04
1.044375468156144007e-03
1.197840814726723515e-03
1.423966724603911195e-03
2.847448014076553978e-03
9.903341706485916610e-04
1.246563091155962347e-03
1.154078429559208955e-03
5.673785352701270516e-04
7.669488510641292618e-04
6.753336561797768220e-04
6.077301093394842004e-04
1.040283265978477660e-03
1.212040311251469642e-03
7.933632975109518011e-04
8.798623188865610642e-04
9.328917874581475539e-04
6.053763611217076500e-04
1.362302562635891784e-03
7.590029517706441175e-04
1.526096113910027467e-03
7.983217933032295873e-04
1.963875237428745844e-03
7.692328422795968821e-04
6.568215538606326283e-04
8.341871114718489100e-04
5.910857138750915101e-04
6.461879746710468865e-04
1.146725334143656886e-03
1.056468598080780507e-03
1.199977781952723350e-03
7.163469360102874819e-04
6.566623301814028578e-04
7.858298419502584686e-04
5.687769772033756223e-04
2.233871712704497969e-03
8.121404595102215806e-04
5.526440911206441549e-04
1.359885517326892609e-03
1.110453488187275505e-03
1.199631314055094912e-03
8.917028196488438821e-04
1.219609090649664612e-03
6.550350732989360320e-04
6.853217799110090588e-04
8.964739142673592556e-04
8.324779612829140332e-04
9.399125483730730746e-04
6.589997321922580606e-04
1.242191338749358553e-03
1.222768158376018408e-03
8.460501405270086416e-04
5.816181396294210900e-04
5.635522868213735511e-04
8.288878691558495540e-04
5.015439938713964424e-04
1.402518973997646159e-03
6.950796107686816466e-04
8.661953973786269082e-04
1.139918545172483727e-03
5.809337115177999221e-04
6.518647642830856497e-04
1.412612832518064625e-03
7.398525717903065534e-04
1.156200984746408788e-03
5.771556890341875481e-04
8.487609562108176103e-04
7.933856937540577489e-04
4.887505895542544089e-04
1.336769882077775860e-03
1.690442279837278466e-03
9.589808213293125145e-04
1.003242386848960310e-03
1.067357852913871589e-03
9.487069086077027551e-04
6.946265617454583634e-04
9.448474776661153901e-04
9.224924861245643393e-04
6.312303386684555697e-04
2.899850389832731891e-03
6.513402486814100266e-04
1.560980910909493674e-03
6.032324108663583923e-04
6.832984743715058784e-04
9.314816523154156131e-04
7.434032779598215117e-04
1.160311961889890896e-03
6.651349176276842926e-04
8.259186672453209827e-04
8.137412855176083494e-04
6.294533405751216856e-04
6.920414835323342997e-04
6.581187612992297825e-04
1.269566730706590905e-03
6.020120946297313194e-04
7.494783792739589555e-04
9.619608203669217320e-04
7.692532685672776992e-04
1.065459592545226581e-03
8.793563195716459216e-04
1.479542608230533353e-03
1.326714091781058770e-03
1.128731154033744098e-03
5.537403318834927413e-04
5.428214028331322747e-04
1.024176724610299837e-03
5.519695001513488580e-04
1.155261579511382333e-03
1.331009869442106386e-03
7.280637706821434674e-04
1.871069697147364087e-03
8.194421692673404655e-04
7.262112227380540649e-04
7.654052201667617015e-04
1.045738815925381562e-03
8.954963738585817535e-04
1.014266311078695568e-03
1.539354944112598803e-03
5.368049102519465094e-04
1.534632848913761519e-03
9.821961140262984533e-04
7.498933492496746020e-04
1.208919896016792585e-03
1.026868794042408222e-03
9.977393410259814167e-04
9.874168650254432772e-04
5.793791575215490649e-04
6.959479970061804507e-04
5.248834126007830437e-04
4.296310636661957762e-04
1.714135222676381118e-03
7.712535412732933948e-04
6.519094770075879383e-04
1.021046816875813583e-03
9.614104196624962675e-04
6.672166170209581880e-04
1.302131014599689071e-03
5.911358859221611632e-04
1.380820819654695079e-03
6.163541373920776965e-04
5.341727003530666318e-04
9.593185966800790634e-04
5.811995138317963558e-04
1.032480318878609615e-03
7.108901347333539686e-04
7.944944473805688702e-04
9.600900067967293354e-04
2.278280879596782712e-03
1.035434686359979492e-03
4.608987574885555004e-04
1.226538296309808828e-03
7.262813480962738728e-04
5.676273637809808349e-04
1.382757726137784967e-03
5.273628893138227478e-04
1.789373473796560064e-03
1.388637899555463396e-03
1.480816281091649990e-03
8.043783545557671400e-04
8.598855984141109184e-04
1.884203538103433433e-03
1.736960175381289419e-03
4.902473352874508767e-04
8.637802896274268324e-04
1.516889859197851969e-03
8.559795203680583067e-04
1.096481314770112164e-03
7.160030685575365962e-04
1.843485146626701624e-03
1.170725415624156466e-03
1.106844843706791771e-03
6.766831959634484568e-04
7.316688890490272027e-04
7.941818355965488000e-04
9.537216479066347409e-04
7.227529212935109981e-04
6.417015311960960625e-04
7.495493033273151586e-04
8.538316389544026164e-04
1.155467143882197689e-03
1.160375080938716398e-03
1.711892885102722249e-03
7.624564736704191915e-04
7.168508782603649288e-04
6.410410697867248648e-04
1.365831827506364940e-03
7.046717749369261824e-04
1.373167359118429662e-03
1.113119340470448146e-03
6.309508910863714879e-04
8.402100262536284832e-04
8.645126146705359388e-04
9.473398382432691263e-04
5.863852816248972619e-04
6.768092190586159776e-04
8.497032285944061463e-04
1.576028084544246321e-03
9.477700509076115824e-04
1.605666014922878856e-03
6.020516785762672655e-04
4.488980378670211885e-04
7.374760898781947691e-04
5.783560555635079269e-04
1.473360735066627956e-03
4.729176518960734711e-04
1.117280027610536479e-03
1.369017950913078248e-03
6.902525537772965115e-04
4.949246795868825297e-04
8.050972162544107070e-04
1.020551474480968371e-03
8.740680660606042329e-04
6.840913793490846495e-04
6.286433090315244557e-04
1.216652247963225398e-03
5.696063330711607746e-04
5.426977422898200763e-04
1.268141019998099720e-03
6.275106505603792904e-04
6.958359955616054936e-04
1.645288274969565739e-03
8.745699397447753319e-04
1.596454422517735615e-03
9.300050795749253410e-04
7.168724382309098024e-04
8.103764002199698169e-04
4.998580177496398085e-04
8.388694459943901900e-04
7.969498771670661171e-04
5.028338357064770581e-04
7.884409967968638612e-04
5.535220253601555755e-04
1.215939261174633652e-03
4.955163274292950391e-04
1.395877322781270691e-03
6.102656317214804910e-04
1.823048636844375051e-03
9.246725757388093558e-04
8.443156170479754283e-04
5.544085361491864032e-04
9.849017633327507900e-04
9.756967666631565341e-04
1.029785899459411324e-03
1.082647885751140352e-03
5.705633619151768152e-04
1.673912853089858360e-03
8.973016513245080875e-04
1.123353850278944153e-03
2.125460807403900271e-03
7.201553259477615036e-04
7.027443247798698198e-04
1.645288274969565739e-03
4.953111459393666179e-04
6.623813183212027026e-04
7.538244605726307588e-04
6.985821682379044027e-04
6.591899834930578473e-04
1.377452835566255656e-03
7.802288163751288459e-04
6.860855854127842360e-04
6.858620937824562750e-04
5.968964439782491020e-04
6.442082633443266607e-04
1.090589869507136746e-03
7.759688790688634187e-04
7.529842500624359808e-04
3.993731967414283377e-04
6.908749905565759585e-04
1.204125350135716328e-03
1.055653566114892524e-03
6.475200826816959699e-04
6.360365047000730550e-04
7.722449958721840351e-04
1.282985345676771003e-03
6.218521843867646408e-04
1.203525814101322590e-03
1.200501244689913165e-03
5.279474538383440406e-04
1.146725334143656886e-03
1.942120829292182322e-03
6.432045011496814084e-04
1.821771322038787371e-03
4.741865580141799239e-04
2.098172880529461989e-03
1.149879273375976939e-03
8.861395642032785869e-04
6.854468659403488689e-04
6.453322344698126864e-04
8.164340334188846266e-04
1.133774340569305983e-03
8.160789106989140961e-04
2.273438149459872451e-03
1.116578595222856045e-03
1.049689398656611979e-03
1.538449510317715712e-03
7.401180977197066796e-04
6.054678683634560606e-04
7.923765432090378816e-04
7.610956524422108705e-04
5.991712717030448420e-04
7.968602959227976974e-04
7.441715234268394836e-04
9.566673367607714164e-04
1.021222632039332778e-03
1.142094191566189092e-03
1.098236596709230685e-03
8.387796504171259743e-04
5.313391529145020543e-04
2.650513786142328059e-03
8.409747055033006116e-04
8.291889181545107710e-04
7.692606407336694809e-04
9.359396220974327022e-04
9.649188460418642180e-04
8.317844326628596584e-04
8.543348320842630329e-04
1.309275805054939965e-03
1.116609501757682456e-03
8.994805036220959856e-04
4.117859754884467083e-04
9.322683137614975633e-04
1.148664633121774603e-03
4.091994182814534834e-04
7.793169801381499536e-04
7.177085851396149910e-04
5.384582677156908841e-04
1.538449510317715712e-03
6.199338042913838482e-04
1.145375587089126571e-03
7.802126914034768603e-04
6.105263878340280378e-04
6.938374606102236733e-04
9.075494864369753429e-04
5.740372032263704174e-04
5.128397304332280764e-04
7.525599386104130008e-04
1.981620509286173039e-03
1.293560080604454774e-03
1.946293338030239198e-03
1.854204591788222081e-03
2.313839768803262198e-03
1.392338730161097942e-03
1.493911579205225342e-03
1.694093655398840482e-03
9.399960944488527275e-04
5.168202803364973716e-04
1.252471288070677131e-03
5.342066032459599810e-04
7.701192825849257186e-04
8.620807947777111863e-04
1.893293136047837812e-03
7.430126133816672158e-04
8.549701946406709123e-04
4.498983503441617840e-04
1.015892620813011902e-03
1.028363678652620666e-03
6.547915726007680695e-04
1.348461727990350311e-03
5.619117426438857395e-04
6.470697890675910060e-04
1.004350237772940651e-03
7.147917684895198440e-04
1.152096453995162667e-03
7.484400011020539509e-04
5.961735712595938545e-04
1.086204545378696316e-03
5.294314367992965144e-04
1.010664892112663350e-03
1.232723898817746381e-03
9.500396057453180162e-04
6.419553576856386378e-04
1.605086146736969940e-03
7.900502809115731231e-04
8.273643252719385362e-04
1.886073072113066650e-03
1.224495160398013371e-03
5.404561451769682428e-04
9.749111187425821366e-04
5.368049102519465094e-04
8.794454079531001953e-04
4.530967442678841394e-04
1.404345274814700062e-03
9.661729999157703599e-04
5.794410496896285892e-04
1.320730376944105481e-03
6.753657355585768662e-04
4.280318732540382490e-03
1.448746446706173892e-03
1.016590661480768322e-03
7.605621643311091589e-04
8.262275449541618905e-04
4.090419220448400723e-04
1.572821531107550588e-03
9.742843421529965393e-04
6.639770164658466466e-04
1.092081719363108315e-03
8.461615073374623023e-04
7.952506196384870633e-04
1.302345211484157335e-03
6.335005539122702750e-04
1.153825746739174651e-03
9.551814334612826430e-04
7.198197401110447303e-04
1.329021551425720298e-03
7.852105129835832906e-04
9.462839428832465431e-04
8.200856101187601124e-04
6.053763611217076500e-04
8.812517959246461740e-04
5.495516980409531757e-04
1.248148933030864514e-03
3.016024201150757471e-03
5.894277383003630180e-04
6.840913793490846495e-04
9.018245296765079128e-04
6.723952282394374431e-04
8.719242084752076329e-04
5.875167237532860935e-04
1.132833400151412847e-03
1.277570319860557970e-03
1.578652179378661063e-03
9.786714899756175558e-04
1.585855704353266197e-03
1.019209109982417791e-03
1.191410818924302671e-03
8.159391648824229366e-04
6.097579048636185464e-04
7.711769613909006359e-04
7.211077462502953018e-04
7.118545857386877418e-04
5.448552485909179382e-04
4.611308242332006510e-04
6.589997321922580606e-04
1.350420344321573603e-03
9.139660600499710692e-04
1.330029606919145516e-03
9.119707591116600447e-04
9.605508002728411696e-04
1.736653294161922580e-03
8.105634068303427817e-04
5.454114774811791473e-04
9.795204970763488322e-04
1.122044204854748392e-03
9.996700011974447332e-04
1.455680301188009423e-03
7.782312639044704303e-04
6.501591312638263943e-04
1.599188825001779000e-03
1.144996327487046500e-03
1.452096693987019920e-03
6.485487419466738970e-04
6.357727151709368458e-04
4.089643671050243595e-03
1.222768158376018408e-03
7.450880183325371813e-04
1.842523274195665946e-03
4.482157496447851754e-04
