1.005507271844082062e+01
6.108882034731373700e+00
1.097842866820264263e+01
9.079518980584921906e+00
6.819233192364134055e+00
6.856529783481858153e+00
1.083232087944957200e+01
1.147024194631732641e+01
1.116663818197755731e+01
8.505053960189249196e+00
4.335714494257805640e+00
9.670281864820541529e+00
8.218298012990217671e+00
1.147393032280265679e+01
1.081006369351861451e+01
1.048350228922125638e+01
6.364373564543382322e+00
1.083812189776326917e+01
1.146499695028592036e+01
1.051315479223940486e+01
8.902405370740979151e+00
1.130827345290112262e+01
1.119558589599108345e+01
9.619344061660461520e+00
9.429704680553623319e+00
9.825498719911202272e+00
9.818447672484934330e+00
1.156838080608959984e+01
9.700498288032559202e+00
1.092158875247184291e+01
2.388788112202576031e+00
7.506444536000358880e+00
1.071118626379154648e+01
1.124228855995773202e+01
1.125612123697797173e+01
7.411045442272000017e+00
1.109928363734622714e+01
9.691477815203180413e+00
1.166960091942970656e+01
1.165914498553805601e+01
7.467585230042436351e+00
5.157805477300822616e+00
1.152494787519702868e+01
1.012628150900497737e+01
1.148423732576372913e+01
6.270754602627990337e+00
5.601796728992048280e+00
1.165420864392636702e+01
1.105339431450788013e+01
1.029241551622783390e+01
1.050961142942930593e+01
5.163538130998278852e+00
1.154938991337149545e+01
1.114965035935737347e+01
3.477719595005165143e+00
8.971731238902458827e+00
1.077214447370823613e+01
7.822329929717650288e+00
1.046435934941266588e+01
1.099651337981581989e+01
1.149267532527291280e+01
8.684623651442530345e+00
1.108516130484720463e+01
8.765191340089714345e+00
6.167137511145218909e+00
1.108667596578428771e+01
1.050263817738938954e+01
1.124705853324835481e+01
1.111215903445808628e+01
1.089401579592352398e+01
9.181320167644578589e+00
1.038420963839770828e+01
1.019179799195199365e+01
1.141774393804536913e+01
8.417623837734646841e+00
7.939571141898891682e+00
1.040684071002909228e+01
1.159293692028208511e+01
1.100540610110644479e+01
9.652046236754550534e+00
9.600847037892030755e+00
1.123695301622968046e+01
1.165267638860561306e+01
7.732834260196534970e+00
8.439781589872088929e+00
7.642590593479241079e+00
2.532609092983214349e+00
1.001897477358211219e+01
1.146952500427369870e+01
1.158190783519508216e+01
1.023906064921755465e+01
1.096603037100689093e+01
9.900265612484982825e+00
1.132968647157975184e+01
1.146770398218193776e+01
7.969895813064157508e+00
1.050990810832488087e+01
1.125824264208958425e+01
6.734247704575861526e+00
1.121525864934892880e+01
9.875299348005611932e+00
1.148735489645987684e+01
8.993214713711928709e+00
8.196265198955712705e+00
3.094911332656471004e+00
9.313880079999178108e+00
5.187738507146238298e+00
1.020760596202526393e+01
8.781034322811564152e+00
1.038543469156236831e+01
1.081148431181630443e+01
1.076035396666156174e+01
5.426344880409416760e+00
8.192107665407410977e+00
1.016549919447632355e+01
1.050990810832488087e+01
7.528199121834328267e+00
1.102280918249822150e+01
8.141420703710554818e+00
1.054641482830122889e+01
7.056499815943483966e+00
9.637175085392488683e+00
1.070549800506987026e+01
1.140542009244794919e+01
1.009039926927373187e+01
1.082345611053196244e+01
5.271933507468852476e+00
5.924305097267204445e+00
9.783983090947984351e+00
1.015582828984267039e+01
1.104429789377078031e+01
1.102221836600483051e+01
9.910955998219046492e+00
5.402859511893288946e+00
1.056540115379844025e+01
1.167746569928236511e+01
2.345931237974760997e+00
1.023767180339549832e+01
5.324730935556782896e+00
9.124506531524925634e+00
7.739864194677395837e+00
1.062017885192044808e+01
5.619814901759325743e+00
5.921317549131891234e+00
1.145646615770879251e+01
9.269644517926893812e+00
1.049424049012210602e+01
8.700221835525109526e+00
8.003511240312693786e+00
1.143190385982168600e+01
1.065855853668157494e+01
7.318986359886491933e+00
9.194562212820768465e+00
1.018624541647055715e+01
9.508927219585077140e+00
1.003261775080173734e+01
1.139672479074518918e+01
8.815839886765388655e+00
1.030918292636827971e+01
1.137697588049026365e+01
8.620525895205798150e+00
7.980283773329216679e+00
1.164046438187935273e+01
3.746329971628268751e+00
8.612737157488533413e+00
5.770698568376010584e+00
1.161669977782757002e+01
2.077876837354205808e+00
1.140690799756152174e+01
9.138640997290298884e+00
4.597105432037894346e+00
2.878827215397059991e+00
1.115835429538976342e+01
1.061831430256988895e+01
9.824885562173319542e+00
9.076694381174410964e+00
1.129858338927017414e+01
1.083945530351621045e+01
6.219451286192022366e+00
1.061538889089249160e+01
1.115897628030102418e+01
1.063684225007672346e+01
1.103997509777790853e+01
6.475431219904216995e+00
1.029493990424786176e+01
5.389663534571010217e+00
1.124951841446347878e+01
1.115524809051115085e+01
8.505053960189249196e+00
5.224695662606625213e+00
1.151126265033064833e+01
1.110616617891738755e+01
1.130510472283310186e+01
1.044399668587581154e+01
9.584882341123655891e+00
9.786876726300347329e+00
1.141273622511199903e+01
9.479375599061448554e+00
1.070804094695053443e+01
8.832253595923715395e+00
8.864281126229606400e+00
1.103965247825385276e+01
1.117084534057176803e+01
1.114647478974428196e+01
8.524754139434183031e+00
9.793176747419732209e+00
8.907671779070245321e+00
1.010448743830126617e+01
9.711461827434545668e+00
6.620899975940785609e+00
1.121967152689434144e+01
9.935910947475246502e+00
8.684402134706372678e+00
1.165354991137726692e+01
1.072248901110321739e+01
1.015139566418104877e+01
9.222626906872692487e+00
1.144006222324320632e+01
9.118448305629710759e+00
8.549891083085086052e+00
6.328439495679683446e+00
1.082581719272151766e+01
1.149845606962978906e+01
1.011204116359792948e+01
1.166879637565373073e+01
9.308850527435762245e+00
1.149458324107989249e+01
1.107463767111843644e+01
9.732558765871814899e+00
7.535708727249952332e+00
1.071330429551934316e+01
1.075332466826403000e+01
8.700471115568188196e+00
1.091121213621558894e+01
6.546668093867204163e+00
8.498599389049267927e+00
1.069879970918045942e+01
1.166754210027990268e+01
1.144058864829657018e+01
1.083235735898286656e+01
4.243200375410228986e+00
1.098164018390824381e+01
9.678124243782288971e+00
1.125099305616892487e+01
6.862267208405952168e+00
1.070461146655691564e+01
9.094506751033527792e+00
1.160333975803271755e+01
1.091384928402714749e+01
1.167313608825616811e+01
1.155142772517757344e+01
1.105004471881185246e+01
9.332607061695467721e+00
1.127598662563892873e+01
1.094400842871278279e+01
1.004050179516790919e+01
1.158311971528322459e+01
7.320628179506124766e+00
7.907312781287170189e+00
1.120359761316882441e+01
1.026743185808576087e+01
1.110322027333327455e+01
1.020341486211228599e+01
1.113281145168124553e+01
1.102866962476396751e+01
7.263061648779330248e+00
5.791184377065096811e+00
1.165222382213050167e+01
2.386252480032581946e+00
1.090593130537236988e+01
1.053096617716414940e+01
1.124142158470679931e+01
9.786316251968822044e+00
1.112113770763625453e+01
3.975386513711316461e+00
1.161766302570645237e+01
1.149035247655280223e+01
9.035580140636005453e+00
1.137516679705951006e+01
1.034168157151875356e+01
1.143503557982199048e+01
1.150723128009111562e+01
1.139587368436359682e+01
9.377702925598761396e+00
1.144829745623686712e+01
1.087419903936043042e+01
8.609327480628264695e+00
4.449737085318014707e+00
1.113471638265351871e+01
6.920965632089011166e+00
1.159370867487438517e+01
9.598872094523438037e+00
7.706002377868884423e+00
5.972866787673711819e+00
7.879715273176211454e+00
9.228592357666549617e+00
1.138748803228274298e+01
8.959966750132196012e+00
8.613755913128045449e+00
9.648460536156122203e+00
1.077515331435283130e+01
1.099526227685366031e+01
1.129836657628809427e+01
1.103965247825385276e+01
1.147201921132397473e+01
1.164299576802657121e+01
1.102398245788349307e+01
1.044916363751012334e+01
1.152565995086917638e+01
8.781034322811564152e+00
9.285581141452709630e+00
1.156813551902031634e+01
1.129147374748948351e+01
1.101562774652197163e+01
5.430265787743744355e+00
1.161766302570645237e+01
5.808004536845484900e+00
1.167187721916375232e+01
1.954309483221802424e+00
1.153991452049319477e+01
9.484131529297329166e+00
1.142120513673768656e+01
1.145658886412225463e+01
6.965809939851404842e+00
1.108516130484720463e+01
1.106573489575574420e+01
8.612374179182257450e+00
1.069504242151018403e+01
8.792595385244213801e+00
1.068828107214178225e+01
9.687896844876291880e+00
9.187104176899115515e+00
1.139345389440497591e+01
9.614740473765440498e+00
6.961883225780614914e+00
1.100101550431387665e+01
9.916459907134356655e+00
1.133753153197886121e+01
8.334967612547458771e+00
1.155990743161546597e+01
1.128669768109369009e+01
1.125917564652166192e+01
4.403646782533722437e+00
1.149942405286023828e+01
1.157681102966342479e+01
9.141475867775943343e+00
1.132705820136421693e+01
8.018538094013026196e+00
1.116627965522836696e+01
6.452496615740624719e+00
6.113434407962415662e+00
1.101659500749190457e+01
1.104670398928635677e+01
1.117720056046129073e+01
7.939571141898891682e+00
1.013864020854376058e+01
9.496382988864537467e+00
1.037269893093669992e+01
1.105759565070914263e+01
7.715352113203239881e+00
1.085128565849151805e+01
1.106843833980522973e+01
1.078299219521088759e+01
1.143411025504232015e+01
1.027404927905707233e+01
1.091462775808106933e+01
9.973903091130253529e+00
5.892207579688997221e+00
1.022470761865728406e+01
1.152413293925901883e+01
8.964995050762968987e+00
1.005507271844082062e+01
1.078114813832366892e+01
1.124294564101032279e+01
1.133668111333201622e+01
1.147364189489774411e+01
1.001505447335462229e+01
8.472669459918547474e+00
1.112669702288644480e+01
8.210731188693603855e+00
8.536014061220907223e+00
9.161143308669322138e+00
9.962570047715678001e+00
1.111755693936261302e+01
1.016252957661768264e+01
1.098278826033175015e+01
7.787199169108786734e+00
8.671828498912443450e+00
1.152413293925901883e+01
1.154046766913772792e+01
1.084414937735143170e+01
1.008221737715049393e+01
3.469660856182918973e+00
1.093461881915726686e+01
1.046518092362128094e+01
1.147998235956180402e+01
1.079420775926331366e+01
1.096379969159809065e+01
1.055991687592321959e+01
9.648460536156122203e+00
1.100462347172811306e+01
8.008536498473620924e+00
7.980283773329216679e+00
1.022541652861355921e+01
9.779223485114176384e+00
1.165879146749336570e+01
9.438843445358703121e+00
7.782473564403986188e+00
9.381321503811932416e+00
1.129697178370383348e+01
1.157814597667567291e+01
7.408160289686812838e+00
1.085131652794239798e+01
1.147201921132397473e+01
1.051806652448251178e+01
7.517652878019942086e+00
1.147375233984166165e+01
1.153826824117255434e+01
1.153833999527033427e+01
9.643604644225288069e+00
1.159960195305219344e+01
1.147909329516398458e+01
1.132896870853659266e+01
1.123143094229621930e+01
6.276269122776759524e+00
4.372635985331177366e+00
1.022565601670138946e+01
4.138132059360959403e+00
1.144351297583868821e+01
1.042360381295767269e+01
1.159553925928793561e+01
1.099894669489256849e+01
1.162780504834416462e+01
1.101435782783593353e+01
9.963342426865516188e+00
1.099206718132972149e+01
1.060268182972293616e+01
1.132382644123410387e+01
1.070937237643027018e+01
5.519595103491285570e+00
9.599008329164224307e+00
8.926813626908494115e+00
8.684402134706372678e+00
1.123851246845609886e+01
1.143020475414669335e+01
1.106588525253435229e+01
1.076194771510766834e+01
9.978303902876108467e+00
8.651183434680959294e+00
1.146274836851965517e+01
7.583315564055059355e+00
1.005507271844082062e+01
1.079119761934431310e+01
9.762622673109444094e+00
6.843259576917086306e+00
1.158058325404433830e+01
6.224957650079526950e+00
1.162218906511066230e+01
8.644468278199230582e+00
1.053089992637385919e+01
1.125686046554175768e+01
1.119896277190604472e+01
1.027781542968494044e+01
1.136300615020150317e+01
8.357503155367624004e+00
1.054003791887621944e+01
4.279443341190456884e+00
1.130328452553521323e+01
1.126058478596044665e+01
1.021557783843104517e+01
1.148387025643039649e+01
1.167713271951572906e+01
7.846934217536779776e+00
1.093674976751844419e+01
9.459200628573920966e+00
8.669815446578201801e+00
1.068665752906279742e+01
1.165564167153742403e+01
1.015037414358161882e+01
1.070725538092326090e+01
7.583315564055059355e+00
1.083986158504802511e+01
7.461851699678470062e+00
1.152825901684506071e+01
2.666850244883689491e+00
1.122178117499115046e+01
1.119950953750194600e+01
1.069922780281967789e+01
1.062832755338525459e+01
6.932826872985511812e+00
7.601656238946731925e+00
1.038017561425840007e+01
7.576551162741322898e+00
1.150307584394845506e+01
7.273431151316779086e+00
1.004582672286844058e+01
1.153382307136731910e+01
1.046717374682910773e+01
1.131740238555428135e+01
1.132208937927686954e+01
1.166303344595737457e+01
1.011009661829014661e+01
6.690432104745987374e+00
1.093306996571223166e+01
9.479307949907589403e+00
1.055367811330806305e+01
1.135671918858376905e+01
1.034975619648092504e+01
1.008923892617795204e+01
1.049995295124488237e+01
1.124142158470679931e+01
8.652740727780672714e+00
1.151851532163780689e+01
1.004006266941013692e+01
1.116044818150327878e+01
6.373774078721874403e+00
8.286847135290631883e+00
1.057442331250476464e+01
4.213182901797512869e+00
9.962618107895353958e+00
1.049258417319370373e+01
4.872179182546137355e+00
9.747155765556406948e+00
7.339929327244875346e+00
8.775381331431587384e+00
1.027097893752670821e+01
5.712928006864864905e+00
1.101669789975407987e+01
1.131276917662975201e+01
1.114513460684369228e+01
3.707459266719755231e+00
1.081397903202171662e+01
1.155020205933642075e+01
1.149054933816972301e+01
9.439269274871293192e+00
1.136462331494840861e+01
7.528763838710377243e+00
9.909168019030271779e+00
1.134489327954264226e+01
1.147004003934873850e+01
1.067833136093766910e+01
8.428503623784946441e+00
5.353212028513694598e+00
9.458176045455413572e+00
8.243871493963352393e+00
5.129624154247337309e+00
1.069142301749561419e+01
6.562329515396473134e+00
8.778715130284616919e+00
1.138902223126202351e+01
7.236606577460372058e+00
1.167361899046505513e+01
6.916379819155412001e+00
1.138511076056621896e+01
1.044098652124910842e+01
7.005339539482042355e+00
8.141395555565900111e+00
1.080227916261039489e+01
8.587229326521562456e+00
6.197408002397501114e+00
1.067081472831766575e+01
4.635429047377725098e+00
2.941204251850112694e+00
1.167659161684563962e+01
1.112101616858796049e+01
3.002814213070481131e+00
1.102866962476396751e+01
1.149182325848850184e+01
7.732834260196534970e+00
9.995658838260869317e+00
9.068815264948201005e+00
9.602859733532381981e+00
1.003972774001038459e+01
9.101175148698336770e+00
1.084255953372222336e+01
1.020749197319923596e+01
2.850025812670598846e+00
9.177775503023685388e+00
1.132839518292819392e+01
1.131868045397869693e+01
8.179797032813016955e+00
1.063013664397704616e+01
7.284235830131745359e+00
1.161898530469633073e+01
8.389560645287172491e+00
1.024815106758105188e+01
1.148895643432439684e+01
1.112101616858796049e+01
1.118734728282841040e+01
8.609327480628264695e+00
7.589593843356045255e+00
6.733928521619457541e+00
1.092173063352014140e+01
1.161988947246120318e+01
1.051244697675191375e+01
1.155761467121845953e+01
1.138888830939826491e+01
6.902564711711200118e+00
8.387130922580446679e+00
1.083996834411068377e+01
9.536301002043497732e+00
1.060060223263664270e+01
1.004111629069982570e+01
1.006291726616831816e+01
3.746329971628268751e+00
6.182923736358969080e+00
1.143824267482509427e+01
9.360980066490570906e+00
1.119643519428939271e+01
1.155310655098125316e+01
1.070455713922389407e+01
4.013569356993751391e+00
9.936298166519419439e+00
1.115895317706288026e+01
9.892352373096413132e+00
7.497085664803458727e+00
1.115746324228460118e+01
1.045847244447131885e+01
1.139963034593838387e+01
1.106822242207246809e+01
1.052415552335832949e+01
7.646499717082687830e+00
7.735953317844302290e+00
7.586424313709143163e+00
1.129953538155752568e+01
4.320163360638331618e+00
1.146096047395866968e+01
5.266061784872241525e+00
1.090870574697411932e+01
1.101850545183085117e+01
7.467585230042436351e+00
1.028978664372822038e+01
1.037066718177137936e+01
1.148222393295961652e+01
1.145836389156827906e+01
1.025456160331683719e+01
1.098158363886045841e+01
1.135577180083021354e+01
1.084679144570497122e+01
1.050429070707259172e+01
1.018016623331884496e+01
5.529450191967502093e+00
1.138361513894377985e+01
1.164021620677914903e+01
9.978045559880039050e+00
8.480531084884491477e+00
1.022565601670138946e+01
1.145827555214999194e+01
1.101628786277716898e+01
1.117617560210590355e+01
1.167299733023654973e+01
9.101175148698336770e+00
1.146254954856642527e+01
1.105620754502993464e+01
1.132587628717838335e+01
1.057587615536153081e+01
1.143393590331400844e+01
1.062302248098872148e+01
1.128345872407538053e+01
1.043731536015815031e+01
8.931693160118726382e+00
7.929350488370163319e+00
1.113462712999705850e+01
1.077803588084645092e+01
6.133009952231759598e+00
7.994227217289676446e+00
1.087460712033689703e+01
1.137315296558902489e+01
1.133497185185694178e+01
4.101519830578905790e+00
1.114156935445256025e+01
1.110645902977654487e+01
1.042004434431780524e+01
1.137412928679719926e+01
1.135621914870936422e+01
1.131860578783477678e+01
8.022079544675642993e+00
9.648460536156122203e+00
7.046277241811556458e+00
1.009080623005523947e+01
1.044098652124910842e+01
9.914009018049668498e+00
1.080650190963933710e+01
9.458440161577724936e+00
1.135533071157846052e+01
5.382715290239887374e+00
2.653638268042117776e+00
1.099181927726005625e+01
1.019243604946410642e+01
1.143190385982168600e+01
1.054305685653410407e+01
1.013320501179157063e+01
1.044241468304123543e+01
1.098191388210159047e+01
9.791212367042920306e+00
8.141648868236085690e+00
3.940320353406547849e+00
7.493318339174352971e+00
3.489845756214726258e+00
1.096302156353621804e+01
1.120411401264189877e+01
1.146975295654671001e+01
1.115567226212141172e+01
1.138374764636427017e+01
1.031643457321886181e+01
1.009137056370007457e+01
1.135729220051525701e+01
1.095725312892796666e+01
1.097780050560408860e+01
1.042494068662934836e+01
1.099526227685366031e+01
1.135570428558404998e+01
9.196398941230269131e+00
1.145731572067184700e+01
5.076968682323902193e+00
8.844270316252991648e+00
1.041558867468796912e+01
1.080685120578498726e+01
8.387130922580446679e+00
1.012827255228570422e+01
1.007982568892011699e+01
9.001987325260111916e+00
1.131276917662975201e+01
4.720880002050572344e+00
1.037363945914836094e+01
1.119369257930681272e+01
1.117602252015574216e+01
1.049002845364321423e+01
9.241545550606756976e+00
1.145432366085578657e+01
1.153915113658764113e+01
7.797906656812667592e+00
9.063747548429029521e+00
1.029148119115193083e+01
1.020326943856907498e+01
1.079837808198706028e+01
8.202390932196337303e+00
7.343715103875892325e+00
1.131049663408374784e+01
1.134919130811173105e+01
9.916769915948723479e+00
1.063624054258172968e+01
3.300346302189740566e+00
1.111714394165542430e+01
1.086845552568603068e+01
1.074267609851321126e+01
1.144799080292530746e+01
6.702611609655763303e+00
5.938611001471714168e+00
1.148519364690200106e+01
1.041995730539207976e+01
4.800984130823553464e+00
6.812862033422599772e+00
3.817182045540040924e+00
1.010287544268591020e+01
9.360980066490570906e+00
1.113652313437112795e+01
1.094512724910681989e+01
1.072174699651836605e+01
7.073490237103576384e+00
3.847528471874025691e+00
9.880990973600013660e+00
1.145495635794843992e+01
1.008579285712983697e+01
1.153189695926346303e+01
1.077974142856749040e+01
1.078182656990734856e+01
1.078814485757777142e+01
6.878396669675393760e+00
1.029619826824570161e+01
1.046319817102397920e+01
1.018220369779846379e+01
1.091173765717251243e+01
4.800984130823553464e+00
1.089662721650770294e+01
1.159734999884019224e+01
8.046937478060645077e+00
1.153193041600337310e+01
6.831735048399480981e+00
1.101435788027938045e+01
8.126578489855415199e+00
7.896748623903647513e+00
1.161838283466850186e+01
3.286152369294907949e+00
1.082952548738938603e+01
1.035184487474205461e+01
1.066865252492831040e+01
1.093812558979470140e+01
9.661109401772012717e+00
1.163284589944477077e+01
3.145060806567743672e+00
3.221623254849731666e+00
1.126243576431543936e+01
1.029609564412610823e+01
1.154280892291852645e+01
7.546663115841575120e+00
8.519294687555486689e+00
1.039494321106861996e+01
6.799084009645586235e+00
1.130171491777456794e+01
1.134016597659285353e+01
5.113195454954816199e+00
1.000089898364976904e+01
1.164749451745485587e+01
1.145891414612231962e+01
1.112369630736659865e+01
3.191269013412465050e+00
1.131462856855086052e+01
9.303333159021716980e+00
1.086978642417846430e+01
1.140281577108538436e+01
8.370495553732483884e+00
1.089863126654903880e+01
1.049128949535809596e+01
8.451900516361599003e+00
1.165606451261625942e+01
1.058909259192030206e+01
9.514490793885000741e+00
7.157822213080081930e+00
1.138959832734556343e+01
1.024959290043622673e+01
4.411487601521266733e+00
1.157427097181408371e+01
9.544748052899553414e+00
9.584388419791563862e+00
1.134673239593761451e+01
9.668938528681827904e+00
8.159448256536595778e+00
1.157822962527624888e+01
1.163931209916113829e+01
1.164299576802657121e+01
7.730756711608509413e+00
1.146989258239336529e+01
1.125889519550442941e+01
1.152599889066394923e+01
1.134557277353523119e+01
1.132705820136421693e+01
1.033524834139611848e+01
9.044828125957261378e+00
1.098065456352936131e+01
8.880629053891942348e+00
1.064911925381294466e+01
9.348113033896781943e+00
1.139918163164531784e+01
9.421728124059576714e+00
8.117135746152243314e+00
1.026550221624643200e+01
5.406117107922537635e+00
1.103102529987971003e+01
1.129058029057131840e+01
1.052924652530793104e+01
1.157251447808709699e+01
1.154665852924022929e+01
1.118188310502203286e+01
1.109538920520731864e+01
1.137793277302318984e+01
6.671234249089502910e+00
6.236801182109464214e+00
1.083666411214066727e+01
9.436792117189249041e+00
9.583519635098250333e+00
1.518916168107037779e+00
1.135417344926008454e+01
3.946002718610411186e+00
1.058627721967070556e+01
6.092223107840750274e+00
9.411563443923412819e+00
6.370034666310138149e+00
4.157161612861902000e+00
9.245991835805194015e+00
7.643374591825088160e+00
1.163195677542423745e+01
9.405227502543365148e+00
1.039862038445746251e+01
8.416282902344297767e+00
1.123250388278179912e+01
1.092569373760455953e+01
1.099289560875340577e+01
1.144830234415816150e+01
1.147306197343980116e+01
7.031036631300446871e+00
4.694905983455524456e+00
1.109260451062646524e+01
1.143411025504232015e+01
1.161857817850684427e+01
1.162218906511066230e+01
1.140324288269761155e+01
1.091775004047277875e+01
1.111007504456274653e+01
5.723515357219724820e+00
1.087706764174565954e+01
1.133712732652076838e+01
1.139831412113694853e+01
1.095884408774861285e+01
4.210203332695646061e+00
1.086314567445900359e+01
5.218611216503433070e+00
9.138640997290298884e+00
7.951035133212557504e+00
8.809038660613204286e+00
1.098361674920209197e+01
7.996747833696686847e+00
9.573008512920237578e+00
1.110289259902550185e+01
9.793176747419732209e+00
1.053285163659848678e+01
9.209744214427711739e+00
9.239273595214983814e+00
9.479352657787773140e+00
1.138212454018934672e+01
1.161890904204327946e+01
1.132209495979297742e+01
7.610020570289607988e+00
9.744354342997727514e+00
1.101536770946698418e+01
9.882725871906224313e+00
3.928742522480191290e+00
1.097724190893050178e+01
1.102477202760115382e+01
8.980830619477981003e+00
1.147069060947911723e+01
1.096491877663920533e+01
1.159887090934194021e+01
1.136147945564421313e+01
1.092747424039759530e+01
1.067986553263431659e+01
8.986838321755728387e+00
5.073958661216884103e+00
1.235177480564434438e+00
1.135981827445434789e+01
3.358616277610960044e+00
5.403794274344193127e+00
1.052044108736957462e+01
1.118782684442938091e+01
1.072825923982609098e+01
8.717505433580397423e+00
1.164021620677914903e+01
1.067758125846836137e+01
1.156805975992068269e+01
1.154890708239918418e+01
1.116708272224539122e+01
1.025541996656488308e+01
1.110439786818786700e+01
8.510016002318341322e+00
1.005551044568414198e+01
1.019585996992123889e+01
1.087896279889842432e+01
9.453823079724033462e+00
1.167882214997118773e+01
7.398877140113773621e+00
7.583315564055059355e+00
2.035210432448102846e+00
1.024628003580683533e+01
1.158881893803762964e+01
8.888944084103403753e+00
1.134954853239155170e+01
1.133934976852507148e+01
1.073375140166962538e+01
7.671501666732250868e+00
1.082394088220463324e+01
1.073089493448804355e+01
1.101958783306415768e+01
8.430171887585952817e+00
1.059936487806311511e+01
5.668329691560860084e+00
1.100888912062052682e+01
1.166380786152185145e+01
1.149112051579573546e+01
7.726817600005798425e+00
1.132350451290155036e+01
6.554343880529839517e+00
1.159960195305219344e+01
9.528941081628568455e+00
4.823798168237928508e+00
1.153955898803484992e+01
5.636008538236684906e+00
1.050841043028354171e+01
6.562329515396473134e+00
1.151512611189567536e+01
1.121591293815328605e+01
1.110691088713189423e+01
1.148448757362944939e+01
1.098164018390824381e+01
1.093674976751844419e+01
8.708338430080988957e+00
1.116292422034766929e+01
8.177757159123254738e+00
9.672987389674714720e+00
7.793021846802886898e+00
1.128859619646270041e+01
1.165926732252299480e+01
1.004006266941013692e+01
1.067382873095933604e+01
1.147998235956180402e+01
1.132966959808935137e+01
5.458236272896446195e+00
8.984999829642209335e+00
1.162664063120651647e+01
1.152565995086917638e+01
1.160717489045493700e+01
