1.003077433252498274e+01
6.806673426665461157e+00
8.864283397930154962e+00
1.003743621324859525e+01
8.910125925351380261e+00
5.693286259858533427e+00
1.583495199994988445e+00
5.611518780468709444e+00
5.835985835454176929e+00
1.011503106298661692e+01
9.488404466008658389e+00
9.911948830473617633e+00
8.458317310143977252e+00
7.230873464537965312e+00
1.280118659938884074e+00
1.012367847271560173e+01
9.449966887716799491e+00
7.864261911575512798e+00
1.032917591060080653e+01
9.971707930593188607e+00
7.710590296260478205e+00
9.735467068592543072e+00
9.200961620805969687e+00
5.577744209767212524e+00
9.168442097860875606e+00
7.564397271733150241e+00
7.874306281797108120e+00
4.637133823248545283e+00
5.229521584702924386e+00
6.198910097207157577e+00
1.017914585706854780e+01
1.017402107599765237e+01
8.458982853254351397e+00
8.765211220516869517e+00
8.848071370908542121e+00
8.300470138642241480e+00
6.063506341780477982e+00
9.195932694595176926e+00
6.813834009274271963e+00
9.356012120507527285e+00
9.313277653108837484e+00
7.606019493278696864e+00
7.077766589034957256e+00
5.830305577302814513e+00
6.751979487777797218e+00
8.787610635320524111e+00
9.097851736564495084e+00
1.013018431207601822e+01
5.853984204198386720e+00
9.841023790120134507e+00
2.596132459416058413e+00
2.610547235400897392e+00
5.826091023724511153e+00
1.007752432691820843e+01
9.308077433023774105e+00
1.044844742606132471e+01
8.804389379186062570e+00
4.611095976414432585e+00
9.185315162995923544e+00
8.116123862101922271e+00
4.815260627037966756e+00
8.514205115273810520e+00
9.313849291794316088e+00
1.889759329543390987e+00
2.839366500914379809e+00
9.787533872813920510e+00
1.034542969949006874e+01
6.322639671467605638e+00
6.393710793364862255e+00
9.769436394923456390e+00
8.093125290332544353e+00
9.112361605180792523e+00
9.806132387784867177e+00
8.862559636226521320e+00
8.682430273468103366e+00
7.175098285861109204e+00
9.512476377542721906e+00
9.677087497893685608e+00
5.742776013873298169e+00
1.030100592867544052e+01
8.928523305219581374e+00
8.539842186545660851e+00
1.034771430513020363e+01
8.140825927706989873e+00
9.625392835318596241e+00
6.009268667019373567e+00
1.013210921391290675e+01
8.463231914566328840e+00
8.040095859140631518e+00
5.324210061255412185e+00
9.415368112827298575e+00
7.803945834179880414e+00
8.356357973549377149e+00
9.045443385839888606e+00
8.421759105616933638e+00
9.630850732718810647e+00
8.129093028660795639e+00
8.757866130436964269e+00
9.947441713250720241e+00
8.314274431714803626e+00
3.816909734702292667e+00
8.567867062821324708e+00
9.188192829471478973e+00
9.806276763729785628e+00
9.928365518670705825e+00
1.040359798970090921e+01
6.944132292105533288e+00
4.772020827713284952e+00
5.018318567523067486e+00
1.009861934561572383e+01
6.819686122192374356e+00
1.014723405902947917e+01
7.990859506839937509e+00
9.583679261708565988e+00
9.280033309384089435e+00
5.197749729039800926e+00
7.163044201018749391e+00
9.159054191328522165e+00
8.289466003089740909e+00
9.517414190974488264e+00
1.007455629488735127e+01
3.622568099444263723e+00
9.978579246070038877e+00
9.362153304805387322e+00
9.908068435339176361e+00
9.471167179802586489e+00
9.702943982177185234e+00
1.028053011441688724e+01
6.216218194270393127e+00
8.905641337956684112e+00
4.807794477381371223e+00
1.044903269311436134e+01
1.020280591582851137e+01
5.570370452100181780e+00
7.709184408571022828e+00
9.776698951020515338e+00
1.007078532601659582e+01
9.806797844105961559e+00
9.923148257140692152e+00
8.650484562000785971e+00
8.567314486929502593e+00
4.360493052214463816e+00
1.013660332095204986e+01
1.016506198378712256e+01
1.004491133896468291e+01
9.867215700986042393e+00
9.701836426326449825e+00
7.297874289267719305e+00
4.051153037009249225e+00
9.807379240403497178e+00
5.225341877550147451e+00
7.274483427733735574e+00
9.607191869337974310e+00
1.023004735287121569e+01
5.570776890562028072e+00
5.016976892021064671e+00
5.767412587992663653e+00
9.748247121605135845e+00
4.298020398746980497e+00
9.507362448133617860e+00
6.027970290993787117e+00
7.993744515644884530e+00
9.131041011431845433e+00
6.774905542279287651e+00
9.687896656274215701e+00
6.611383952192556812e+00
8.986184594104418721e+00
9.147310449329562942e+00
6.825048654608216303e+00
9.301440429097496576e+00
4.972290057415825082e+00
9.114936871815769948e+00
6.590154097461217830e+00
9.932513426995086547e+00
2.477310799286628062e-01
4.451787089131841846e+00
1.041380635064476579e+01
8.905751828104435219e+00
8.132416645552359213e+00
8.413706576738224641e+00
8.514426129701716306e+00
8.211055719499341876e+00
9.988303010367392432e+00
3.798290694170201043e+00
8.245908145587522498e+00
7.956555293954111541e+00
8.594700526162844412e+00
9.604433068379654159e+00
9.679316641527252685e+00
3.898132610159238176e+00
6.996110127363085240e+00
9.252961495857007890e+00
9.907048432860644738e+00
9.833361254685611286e+00
3.298152659897563233e+00
7.601295819610372817e+00
1.023877615617441350e+01
6.615288207464361747e+00
8.490869632685804191e+00
9.141448289487769330e+00
1.001837447946365245e+01
3.794156692631319494e+00
2.182464829661380445e+00
9.064467802061376034e+00
9.803136875962540131e+00
7.216438263752667837e+00
9.942245134968260345e+00
9.422016466533769119e+00
6.659611645363565202e+00
7.766632224841691468e+00
1.034632973035919790e+01
7.606019493278696864e+00
3.425170483792962184e+00
7.317998581464363106e+00
8.181487765548801860e+00
3.160696424518730563e+00
6.683497219222564567e+00
3.493575948001403031e+00
8.560672859264213841e+00
8.659396761286066280e+00
1.045956050678814719e+01
1.015791475220517093e+01
9.531232199967835328e+00
6.375471527851187759e+00
9.804239334626798197e+00
8.478439934752824314e+00
7.874306281797108120e+00
7.172646766585451417e+00
8.882277196980608025e+00
5.936680186481370747e+00
9.730227571351509397e+00
8.788557228095065454e+00
8.855709837220286929e+00
9.726869531797994739e+00
8.651470388558012203e+00
4.811671105514125024e+00
4.294569438127441963e+00
2.488930949270365733e+00
9.748744319769265587e+00
1.030799396859867478e+01
9.112361605180792523e+00
6.053323021273692817e+00
9.751187471570823107e+00
7.117869153564995166e+00
8.841071373798856214e+00
8.005369885347104031e+00
8.244336125459451381e+00
5.866648235096048936e+00
4.930079923632298744e+00
6.110413351484628386e+00
9.143200488581268104e+00
7.134953732768270385e+00
8.590969311104567296e+00
9.109761951174688122e+00
5.663265038391674722e+00
4.890577189633755317e+00
1.035029176869049650e+01
1.036728206730695767e+01
9.615294411481588810e+00
9.708260445853515108e+00
1.007478417115051528e+01
7.298702148385677546e+00
8.832010688340204752e+00
9.801949714868387176e+00
8.287342913525602484e+00
5.895723006888995421e+00
4.336080789679758851e+00
8.583855739140904717e+00
8.494904436351761845e+00
9.735152130122511238e+00
1.026889856296167380e+01
7.497566850833398355e+00
9.501633195589141323e+00
9.710723142930099527e+00
8.400729929052003442e+00
8.237042034247878064e+00
6.213332403821880234e+00
7.488972684591826301e+00
8.846189707267232194e+00
9.416306709896657523e+00
5.716286745214106624e+00
1.012419998731911441e+01
9.281692067409800018e+00
5.538777089152484123e+00
9.613723344495014089e+00
9.029761873536449102e+00
1.042476074829882648e+01
9.247561464618264893e+00
9.931010289916134326e+00
1.026438450888837828e+01
6.984377715997628577e+00
1.013296001121080714e+01
6.979046360786238523e+00
9.750413242423224602e+00
9.264393752352743761e+00
8.645005113515463080e+00
7.968063605718068487e+00
6.766126154047451990e+00
7.558630296016422889e+00
9.868255234960658484e+00
8.552804188610968694e+00
8.905090424430365914e+00
5.761826108746386232e+00
9.357177004000138965e+00
2.446713398732495826e+00
9.839715228006733483e+00
3.511581308050929717e+00
9.137278427518799262e+00
9.473738858059817858e+00
9.048232338360120863e+00
3.008377302357592598e+00
7.352606214681579822e+00
9.522981916160542681e+00
8.722195501921630623e+00
9.252041576581687465e+00
9.603011839052472354e+00
8.140741401892432449e+00
6.745887168152533420e+00
9.811012764784321050e+00
9.207869818627672842e+00
3.570361851975978773e+00
2.948631007909422230e+00
3.564729604877942215e+00
8.343319363038864012e+00
7.031316558743774259e+00
9.691825951620396395e+00
9.718974365418144856e+00
7.175098285861109204e+00
3.141147847316314135e+00
9.514973655789662033e+00
7.340472551732602824e+00
7.507073415354616586e+00
4.753929640332830608e+00
9.725801046543020689e+00
8.240595481687840618e+00
7.609098615332166915e+00
3.815797450439491811e+00
7.145646427755491636e+00
9.767588865702098389e+00
9.846303496658482146e+00
5.511500526071077211e+00
8.885371458887057372e+00
5.538777089152484123e+00
5.015114441287196634e+00
7.886382068047871563e+00
9.840578716437358153e+00
6.597406707088663502e+00
8.462056982029912078e+00
1.036339206710742999e+01
3.595597752773908251e+00
2.016382938229798860e+00
9.135860745396334082e+00
2.630136995749488449e+00
9.511761269326179047e+00
9.607984366912479146e+00
8.958664625216265165e+00
9.928365518670705825e+00
9.155940592363972286e+00
1.030673643122688432e+01
9.476426834830590451e+00
9.891590498431357403e+00
9.718974365418144856e+00
5.234710011210792935e+00
4.840825384565730083e+00
7.541038459965643703e+00
1.018781300561359338e+01
4.991062294710548741e+00
9.337604269906838894e+00
9.455055195402795931e+00
8.585212807348552744e+00
9.887054103295335850e+00
5.488542201167535772e+00
7.213502270886710477e+00
1.018496420794683388e+01
2.642834378353031255e+00
5.825646433601900043e+00
9.322833649955608593e+00
4.840825384565730083e+00
3.688431901917050837e+00
8.676748020838996212e+00
8.265893390962553156e+00
3.227454229928170992e+00
5.734442505319119476e+00
8.826439477097034469e+00
1.010191985346058807e+01
8.105262402381267606e+00
7.281416466693451106e+00
9.409636731188317782e+00
8.678602390201721306e+00
7.403377238418663353e+00
8.113513663775933082e+00
6.860277852334920823e+00
5.850263601744916997e+00
5.260415204618389851e+00
2.586281886477879599e+00
9.750566181168602853e+00
1.014046370403346309e+01
3.424801513212080817e+00
5.259523928984442875e+00
3.656224771416631825e+00
8.379683082549336248e+00
7.884677861085828354e+00
3.435857456674911159e+00
9.049830162077473261e+00
1.037559606127695844e+01
3.926909071937797702e+00
9.728632490621588857e+00
8.163407509314088983e+00
8.496343500866036180e+00
9.795144766348149901e+00
7.031586461511738051e+00
8.118730916957197508e+00
1.009587139316837678e+01
9.794577019102121085e+00
9.681069289886492513e+00
7.678414843499641762e+00
9.504844124248153392e+00
9.043968069101257612e+00
7.356324288730797356e+00
9.832725256521687385e+00
9.748749408551477202e+00
8.185431408686465460e+00
8.417067189627836399e+00
9.536481092674332416e+00
1.012856671345092785e+01
3.573246880529500569e+00
9.681721271761993819e+00
8.607605131704938017e+00
9.516307144629562842e+00
7.593321194135962848e+00
5.430317602747403605e+00
7.863917997363950363e+00
9.804915897492175958e+00
7.014926616659816538e+00
9.672369634311657194e+00
8.233334762526514083e+00
9.702943982177185234e+00
5.348466151675843605e+00
1.026202329580761230e+01
8.262164421109421397e+00
5.876441929885516835e+00
9.747324964189161278e+00
8.211725818090442885e+00
7.895394762402082378e+00
9.464886194975363765e+00
9.619514103443064457e+00
4.335536553524617531e+00
9.427197919653854896e+00
9.837986971910909872e+00
7.669013338480421993e+00
7.522208021959630564e+00
7.872285564569183158e+00
8.286808836359931263e+00
1.013943701017512744e+01
7.001823228613115013e+00
8.274882415959297077e+00
8.178427407802372429e+00
7.171646963769902960e+00
9.880808666687768138e+00
9.545235777010345757e+00
1.041268677165179213e+01
9.302870676546225681e+00
8.583185461974165875e+00
1.019017645743611133e+01
9.242273022016934902e+00
8.836392194952592760e+00
6.804676652991483721e+00
7.520686907318001602e+00
7.060811038366161974e+00
9.635133649458321514e+00
8.422314293982145372e+00
1.021626572974898117e+01
9.702754733340929860e+00
2.642834378353031255e+00
4.692193606812593565e+00
7.918415665639395584e+00
9.844625422938829473e+00
9.567978241976643261e+00
4.731174240148539489e+00
9.577765619079984916e+00
7.993744515644884530e+00
9.991175988665229823e+00
7.015192351468064302e+00
8.253799640776330548e+00
8.203979719258480685e+00
1.041486301184171914e+01
9.593261922618900428e+00
9.954004761224153341e+00
9.839720331214021343e+00
7.491959900749840529e+00
1.036345364296194305e+01
5.805309778801648335e+00
9.665744186949243755e+00
8.617604004652768879e+00
6.956017678929316439e+00
5.769126389403825605e+00
3.767412390987247228e+00
9.768986144758049051e+00
1.026432966280169623e+01
9.559531255024340979e+00
8.758225274631772805e+00
4.413010998600493728e+00
4.953484831710400549e+00
8.029775042031271681e+00
7.374547283830156452e+00
1.004494406104038440e+01
8.886103642930295976e+00
5.029947524271184633e+00
7.658793125455272133e+00
7.854204783357913833e+00
8.363180945799673083e+00
9.664069714401584577e+00
8.009183750608196206e+00
9.693558626096093533e+00
5.167318898666624527e+00
5.270689967980639601e+00
1.029751388792953648e+01
7.215903222767909853e+00
6.933379676304139316e+00
9.488097877196265628e+00
9.887513221613174252e+00
9.650245080893785854e+00
1.028585228534889673e+01
7.229464691421920719e+00
8.004397973044136805e+00
2.478162379804535131e+00
9.337156895782813493e+00
9.601203610725129067e+00
7.454418854974863784e+00
9.867500285278490324e+00
8.885371458887057372e+00
4.942902000213207359e+00
1.015791475220517093e+01
9.665050587313336550e+00
1.012026607423391944e+01
8.617053468609213951e+00
6.410619396471427756e+00
9.018936640705048191e+00
8.880633782732568093e+00
8.314921863180563477e+00
6.180979356688011350e+00
7.734541989315344424e+00
7.823102408974820676e+00
9.669071740423646588e+00
1.034609236036466839e+01
9.531303618127488164e+00
8.259774581490740175e+00
9.617406982316797581e+00
2.917540825946213445e+00
6.085214464821650182e+00
9.402481808142699293e+00
9.041562416528112323e+00
6.662698447734227258e+00
7.557504505304829756e+00
7.184637003621990203e+00
9.859007457865407886e+00
1.043221167698498952e+01
6.223564761989115901e+00
5.735764473093944993e+00
9.469988358546457263e+00
9.895316934271580323e+00
1.034285658273510222e+01
9.106898813219432398e+00
9.748790466997894200e+00
8.792914299224207753e+00
5.652321882175633583e+00
1.030113472380123518e+01
7.558774425823595600e+00
1.004065744502701918e+01
6.239657061775547575e+00
5.818719783842128734e+00
9.920310278643238888e+00
7.528699164129303512e+00
8.046987051622046749e+00
6.696720853591170197e+00
9.733327268667162357e+00
9.604433068379654159e+00
9.477473860808380834e+00
9.115835299049027896e+00
1.039950169525837431e+01
1.003422243516058643e+01
9.694604469175324368e+00
6.483707753256388706e+00
8.490162317879903497e+00
5.245932856961167623e+00
6.420589885596987401e+00
8.513686744017533670e+00
9.624426170511680922e+00
8.677105536230017790e+00
9.056037061029053703e+00
6.891599640004876015e+00
9.310180190207773876e+00
9.041562416528112323e+00
1.028282606433032953e+01
6.147590119542874376e+00
8.286942975652042520e+00
9.138662374709278780e+00
3.605796141251127906e+00
6.744211921987901981e+00
1.040863987330093465e+01
9.488404466008658389e+00
8.665874643691623191e+00
6.971283647020278806e+00
7.774295961821888312e+00
5.326944827102169100e+00
9.691825951620396395e+00
9.053629210323702381e+00
1.010616306237084139e+01
8.474613545128248049e+00
8.959311293628806183e+00
9.307024869477954709e+00
1.037559606127695844e+01
9.490538682935373060e+00
9.865181725685424396e+00
6.252025109337918884e+00
9.588049343145423009e+00
1.037503380619047277e+01
5.859958591147830020e+00
8.528532205540402700e+00
7.484195122539846423e+00
4.527282782936442374e+00
3.841029517527014381e+00
6.812918263111445327e+00
3.509464512788595059e+00
4.739274999314667447e+00
6.767455517832996037e+00
4.091966873419929485e+00
2.306372883487105341e+00
9.795511640848314272e+00
1.033755784984750647e+01
9.137178319519241754e+00
7.639591463853557585e+00
1.023677890449193661e+01
8.528985301157618437e+00
7.754088178719912960e+00
8.051928862654467167e+00
5.886034288536579950e+00
6.753225251432058762e+00
6.742916935313477467e+00
6.587440938014371028e+00
7.943195806886016896e+00
7.023236201281140900e+00
6.334194068594012350e+00
9.889787068688484339e+00
7.615079781412840809e+00
3.425170483792962184e+00
1.010258861598440916e+01
4.665578552553390601e+00
5.485665888731272588e+00
9.023479796982915246e+00
6.748375970239692379e+00
3.413231420764869739e+00
6.563975675927673059e+00
8.581849856521859721e+00
9.352546463068545535e+00
7.622022342884811508e+00
9.194256070678925141e+00
5.663265038391674722e+00
5.924667694777883575e+00
7.994259487289587796e+00
8.559204569782936645e+00
8.928523305219581374e+00
3.998392641753350407e+00
3.895804385515917456e+00
8.569336990585215474e+00
9.168077758036858427e+00
9.628665040595377533e+00
4.158136298183529256e+00
9.629474122994633234e+00
9.628897321469196413e+00
6.722985701888505083e+00
8.472832150540718033e+00
8.633148807361500587e+00
7.031625021853407098e+00
8.612487821992354853e+00
7.001823228613115013e+00
9.674855173627619820e+00
8.900046009242936762e+00
9.463822113230618172e+00
9.971885179403347621e+00
1.031623749831497072e+01
9.685350214357024257e+00
5.894788042758931645e+00
9.191386425772677171e+00
5.956513124299890549e+00
7.308147850410897206e+00
3.585190905110436699e+00
9.986365879962653125e+00
9.811311849389495521e+00
7.526582368282887181e+00
9.880288170948924531e+00
3.199597015540101452e+00
9.891798994127297462e+00
8.342482760774633022e+00
9.778806017585065291e+00
9.913182905717240700e+00
8.612487821992354853e+00
9.746305549602885421e+00
7.869644547665107126e+00
1.005601764700030820e+01
1.029728570264296650e+01
7.353051671357116348e+00
7.134953732768270385e+00
7.518045828588199697e+00
1.042423446834314582e+01
9.357177004000138965e+00
2.778552132397738905e+00
8.701411308809944956e+00
7.711376476445021666e+00
8.073620777621616895e+00
1.023045239407496609e+01
8.434447804284662453e+00
6.702178820182430385e+00
9.515737267921460685e+00
1.750174228363304829e+00
9.155940592363972286e+00
9.360452259649978402e+00
7.513827672665955859e+00
6.150486380819699228e+00
5.450771906935073297e+00
1.005983431069616074e+01
7.602154062885430719e+00
7.595728918435258770e+00
7.774295961821888312e+00
9.191597507233336017e+00
1.036885220329292245e+01
9.244389911200299181e+00
1.013554878630711187e+01
7.005184609784228300e+00
5.466748609509437529e+00
1.027110019237483840e+01
9.437561992534586608e+00
9.491211284062316622e+00
1.024758979582829888e+01
6.780613625735523620e+00
9.321400584637997255e+00
4.197621320132618017e+00
4.496281377030618032e+00
8.124625454287475179e+00
7.921459580679316659e+00
6.529621232081473714e+00
9.408414597625183617e+00
7.410559221904451377e+00
3.154497680622097011e+00
9.083768348229762424e+00
9.392769469426076157e+00
1.014101241631055217e+01
9.007625566585595323e+00
9.495801676855933238e+00
9.455055195402795931e+00
5.320272067566858887e+00
1.026715324518241168e+01
9.077956545974043223e+00
3.193636895509708307e+00
9.929355113496848517e+00
7.899788927389824522e+00
5.278271763839573083e+00
9.566716455372466399e+00
3.461541871534725257e+00
9.117452470700959211e+00
7.282663033727943436e+00
6.261423845030825497e+00
3.530546803850920234e+00
1.040496972032098277e+01
6.432864858333562808e+00
3.543475790758021216e+00
8.894808828553033564e+00
9.850247589919185032e+00
8.190055629989542396e+00
8.224849767642472997e+00
5.852647808436376664e+00
7.609769445109539454e+00
2.601569646694538829e+00
1.019417580529592549e+01
1.028972213567442040e+01
7.963278652235708854e+00
8.821272942251800586e+00
7.040218122738608031e+00
6.214834933891029145e+00
6.529279683942911028e+00
8.555459532150889501e+00
3.622568099444263723e+00
8.862559636226521320e+00
1.036282346522264142e+01
9.769001702898492567e+00
9.443447954519223586e+00
7.401190940343619573e+00
8.639455022827664976e+00
5.229521584702924386e+00
7.130667404924255770e+00
6.334194068594012350e+00
9.531399767487240382e+00
4.780184157507589404e+00
9.719614864431695977e+00
1.023977794279381648e+01
9.855248988526545517e+00
9.616031569889074149e+00
6.724053173762568392e+00
6.276124621143286397e+00
1.017917152178891804e+01
9.479890143691553916e+00
9.249486446792589689e+00
7.861610556655141302e+00
1.025960060161876441e+01
9.212186783295424064e+00
5.179799800758326356e+00
9.705567430817664487e+00
9.732984707860198981e+00
1.045986726146990975e+01
9.051972497671762596e+00
9.797172922679207474e+00
6.286434156672171092e+00
1.020411127131919216e+01
1.946424091716429716e+00
7.651303004384990558e+00
1.011839023928494363e+01
8.900547021795643943e+00
1.044969074305340584e+01
1.005013040293173354e+01
3.684336026929652785e+00
7.173354258622813617e+00
7.845883002759840963e+00
8.157945062818054538e+00
8.439160797177871487e+00
8.573509905871292247e+00
1.914344619203568243e+00
5.820630545186830318e+00
8.939995947948045085e+00
9.042516935170484160e+00
6.217530659661040460e+00
8.369169106809577485e+00
8.928523305219581374e+00
3.847207894999574496e+00
9.509530160438519175e+00
7.551330458753411357e+00
6.874200101143694397e+00
2.642834378353031255e+00
8.803874238775330596e+00
8.888148090790572553e+00
7.916262298441779421e+00
1.045717601225359594e+01
1.015281118402836746e+01
6.188854473237435094e+00
1.006244307691637907e+01
7.273946731238747354e+00
1.032116419921577766e+01
3.085544283792598819e+00
1.037619958582694579e+01
7.844419821458455289e+00
3.629903883213787541e+00
6.743432250647455994e+00
7.346579534311558746e+00
8.669710999407831409e+00
5.745457531610193236e+00
3.931371963781606915e+00
9.549759981132913467e+00
1.037978010919912286e+01
9.726869531797994739e+00
9.252041576581687465e+00
8.005369885347104031e+00
1.004477943642594973e+01
1.032491778044350283e+01
7.920426458871005160e+00
9.824307327257065126e+00
5.864443545944440395e+00
5.334126207021198773e+00
8.381759831383376991e+00
5.542067443420251927e+00
1.004459212936899881e+01
6.857479278757526053e+00
9.611991526598792746e+00
8.213354363252681978e+00
9.269211683558204129e+00
5.423475526929623314e+00
1.009867729977656481e+01
5.522247542552885413e+00
6.749206614176207708e+00
7.773012294128980315e+00
1.029829727209245505e+01
5.744166571155343348e+00
1.015099421214936370e+01
1.010812445226562950e+01
1.019808432933844955e+01
4.650103836393422618e+00
1.007137725919605842e+01
7.199276164645525888e+00
8.178068877551819327e+00
9.257201188242397905e+00
8.881571594556966431e+00
5.900237916917776104e+00
9.510654857169049237e+00
1.046331469095854949e+01
5.249855102596392875e+00
8.825335066350721291e+00
8.192902599954965837e+00
7.597402150105919461e+00
9.202923242145045535e+00
9.456173431267730578e+00
1.027365396466863956e+01
9.565056664116601937e+00
6.519529249248833480e+00
4.111925071802242648e+00
9.826985192826132476e+00
8.396536901626726390e+00
6.209944571487186593e+00
5.574947725026065726e+00
1.004738917360650952e+01
6.330728981647894216e+00
5.506549776722804879e+00
9.847521751702045023e+00
9.578552333303273159e+00
8.708115234559931750e+00
4.226815346771790161e+00
1.012667113021585052e+01
7.395678371709444754e+00
8.807726573311214224e+00
6.182589501301955615e+00
7.269992671170148135e+00
9.364183286715205057e+00
4.342860930603643865e+00
8.082611984936646010e+00
9.188192829471478973e+00
8.741059555323744235e+00
8.792806009506000109e+00
9.283209583462975090e+00
4.779433038463294814e+00
1.030105679213361114e+01
7.578962380052301384e+00
6.791924323026790944e+00
8.021424442554865308e+00
3.228209722318834185e+00
9.032788708469354333e+00
9.809212305245081254e+00
9.001227037920752849e+00
4.414441880207860436e+00
7.080656923429873295e+00
6.982885752672098434e+00
9.933552718678734905e+00
6.010676893462971293e+00
7.006695352794040765e+00
1.029642738817790537e+01
1.000729845061981926e+01
5.310599096634786243e+00
8.193012555142432873e+00
3.486279354312346701e+00
3.271409765457908403e+00
9.315300419919276820e+00
8.882277196980608025e+00
9.447811298066877583e+00
5.111302214682230449e+00
3.205253583321667321e+00
8.346970865776038195e+00
9.684901648612596503e+00
1.025226924959491548e+01
9.692817190133496297e+00
5.145960816878063504e+00
1.002006983573478038e+01
9.876285442470225107e+00
3.696257699588060497e+00
8.068279138501246450e+00
5.805309778801648335e+00
6.831337758354525391e+00
1.009180089734539543e+01
7.586295436736040898e+00
9.576130561008097786e+00
9.653218864954512313e+00
5.657444303136651698e+00
9.912866832955288032e+00
8.635081978976746342e+00
9.630394278202546232e+00
7.943195806886016896e+00
2.639635408984984277e+00
9.244412320298229346e+00
7.341464133724496577e+00
9.809166273015529569e+00
8.496323588982351183e+00
1.005720354248278881e+01
7.046159389014412078e+00
7.516198536946666842e+00
7.268720321826821262e+00
7.987444314333191464e+00
4.860854228122914122e+00
1.017267174457585455e+01
5.145533291867281811e+00
5.547094912272820366e+00
7.031551143309384244e+00
1.033241803576013140e+01
4.843455049327046957e+00
8.717322025945522412e+00
8.998070900678115436e+00
8.957470391132924092e+00
7.111080595324319908e+00
5.235329672031868498e+00
9.423648398430845674e+00
5.737465552099415333e+00
8.361058555488437349e+00
6.722466185103363578e+00
8.208057996399789502e+00
6.297245786293987457e+00
9.516616913775747477e+00
