1.992719973521871424e+01
1.919321875986486603e+01
1.433844223754138625e+01
1.409876668566219138e+01
1.865323632958288513e+01
1.400318699172234105e+01
1.735342961293215325e+01
2.134958714827812543e+01
2.185059618328883602e+01
1.896345057195222239e+01
1.697463066353147454e+01
1.623452499507364166e+01
2.017682958705476537e+01
1.583502812619415856e+01
2.048002686154324437e+01
2.078917408901592978e+01
1.868738642065966715e+01
1.786220329636893567e+01
1.730822641969213294e+01
1.637082033822736449e+01
1.560090367713203818e+01
1.879248402050784250e+01
2.143128357288298602e+01
1.854804210670614495e+01
1.609912632322458137e+01
1.498473865984366249e+01
2.051146096182482381e+01
1.980511231578529419e+01
1.827198481321336132e+01
1.903432345038405060e+01
1.903553089415605726e+01
2.162917388941758290e+01
1.558184950580314876e+01
2.026359800510768139e+01
1.358434439750926437e+01
1.716710490511849230e+01
1.953593486355969944e+01
2.054991134751277215e+01
1.995805660353001798e+01
1.659938688293043541e+01
1.848747275061300499e+01
1.569137074589079539e+01
1.405845126543366952e+01
2.061827932477002179e+01
1.582418928387418333e+01
1.881080238815915706e+01
1.443900227470191844e+01
2.144637003629671668e+01
1.428741839204042563e+01
2.048598698723408518e+01
1.778011107388796930e+01
1.756192220839934492e+01
1.953171388517678153e+01
1.676848800101383929e+01
2.083745019085449002e+01
1.873948298872950247e+01
1.830103238516176845e+01
2.148666089362253828e+01
1.668078265432315277e+01
2.166629929018881384e+01
1.463741482046556186e+01
2.147711465894229477e+01
1.365562351413873365e+01
1.684858211129212791e+01
1.516966482872824074e+01
2.036078598140911566e+01
1.533178506682828335e+01
1.774338120912554473e+01
1.666562672722346150e+01
1.825790838719921183e+01
1.655102183206815170e+01
1.976146669661814315e+01
2.038109308088974103e+01
1.760083614222291715e+01
1.595130856696609456e+01
1.183081362920703405e+01
2.179525966219672384e+01
1.602073434116590178e+01
1.895432985164815065e+01
2.048533812627607631e+01
1.962693730689040095e+01
1.652213711798950158e+01
2.087035621270916863e+01
2.163293229326847467e+01
1.425840784023447227e+01
1.908956393990680311e+01
1.714208245836388755e+01
1.655891156842683642e+01
1.993683158061743299e+01
1.882179074490454695e+01
1.995321879011909516e+01
2.045202558901885936e+01
2.089317730147262964e+01
1.605854610457805975e+01
1.809892824937251987e+01
1.470811739315008992e+01
2.066675430217522091e+01
1.787476114612204015e+01
1.651688083797006357e+01
1.719543086318245884e+01
1.733264146959364282e+01
2.078844584777134941e+01
1.718638038883588592e+01
1.451059851728457772e+01
2.053770401596933937e+01
1.505642167879274140e+01
1.715978203328532103e+01
1.708827769896799609e+01
1.569155194301133704e+01
1.994624460400875776e+01
2.174977154456725970e+01
1.779830458480328659e+01
1.435850061515690257e+01
2.020712728240919276e+01
1.859004441493268800e+01
1.760743340672632584e+01
2.009054751816170281e+01
2.070657977513667447e+01
2.101381103153014607e+01
1.452749924818752092e+01
2.035410196717905151e+01
1.449067730824504352e+01
2.019843717758237744e+01
1.854522999030741914e+01
1.544476939949938554e+01
2.033447490408516245e+01
2.025201194153907025e+01
1.486606164115002215e+01
1.448024896907380210e+01
2.031428271448664447e+01
1.161195054176607222e+01
1.581101820898680366e+01
1.493329765950889154e+01
1.846202351605700542e+01
2.031300990825389619e+01
1.616305848534987888e+01
1.947886650403321340e+01
1.861870065091387616e+01
1.689694506464428869e+01
1.628308979390055455e+01
1.500341337367341055e+01
1.782784597458496734e+01
2.100834458206089295e+01
2.062066510021715260e+01
1.725608224667120183e+01
2.090117529097118521e+01
1.812301057951425776e+01
1.935541333957109700e+01
1.526758847282035525e+01
2.072381633678174850e+01
2.024984398210269987e+01
2.106290156474275221e+01
1.450909627684128722e+01
1.900026482241569425e+01
2.143165199774339413e+01
2.016428609488941248e+01
2.069435399311930013e+01
1.748765406086296181e+01
1.966415526807848124e+01
1.555012365390915363e+01
1.521084277060123391e+01
1.895138405846848428e+01
1.463769899232540084e+01
1.694899463301626952e+01
1.912875083518280306e+01
2.048866412260793624e+01
1.641435867824598915e+01
1.435179327241185554e+01
2.089378476350663760e+01
1.523100784693697030e+01
1.631020593234166327e+01
1.939623393303874366e+01
1.401049982925420423e+01
1.895958962118138658e+01
1.416956289875750308e+01
2.054991134751277215e+01
2.177010243421682745e+01
2.043732875676711913e+01
1.580606127182186427e+01
1.428959123695349298e+01
2.077824869506283179e+01
1.828781048354629490e+01
1.240971441199310377e+01
1.417197872355921362e+01
2.102024357203326943e+01
2.034763738977887471e+01
1.757539671041532969e+01
2.162865556712282000e+01
1.985899837498524079e+01
1.916696602298686614e+01
1.176678024244173137e+01
2.133963919636497764e+01
1.384929052837705044e+01
1.489049415750868199e+01
1.887123741120431930e+01
2.005482672719305270e+01
1.842683871679458818e+01
1.748821494445646607e+01
2.095978038835472645e+01
1.693584443009443419e+01
2.087906673901818522e+01
7.126515367697500380e+00
2.020712728240919276e+01
1.930978534099666888e+01
1.327247844273763988e+01
2.077636175777123384e+01
1.839901407738705785e+01
1.805251388739846519e+01
1.554617073247892733e+01
1.882292767185948534e+01
1.551543196996486884e+01
1.722784905080193596e+01
1.805478750888050143e+01
1.263191439770617208e+01
2.165341155699177733e+01
1.500047713631451529e+01
1.893298840457661214e+01
2.000400478131534143e+01
1.572573085463280407e+01
2.016681074400615259e+01
1.572530303072826463e+01
1.792382845203441377e+01
1.554975854091724585e+01
1.823616966653005278e+01
1.951588271842526368e+01
2.023854837617372482e+01
1.527706054676043834e+01
1.871502162704671335e+01
1.855009948689211896e+01
1.990853644795038946e+01
1.947254547713710693e+01
1.515337103754747439e+01
2.124047882469714565e+01
1.494075919927500351e+01
1.739677947570112693e+01
1.944743586260805301e+01
1.728473287408904824e+01
1.421462574482525199e+01
1.842837669813338763e+01
1.751773107434546262e+01
1.486207717190087862e+01
1.669901833549182513e+01
1.962098105186828789e+01
1.722565707770333887e+01
1.706643348838726126e+01
1.555808260489292572e+01
1.975256926456561501e+01
2.097590153578109451e+01
1.783019627796440432e+01
1.362384591598013017e+01
1.796442390239987930e+01
1.884800998920795578e+01
2.086252028298498118e+01
1.712560378403016870e+01
1.946454170386102334e+01
1.853898005143652128e+01
1.720147840062678313e+01
2.151487506546793327e+01
2.160511616899206189e+01
2.094242236833701298e+01
2.162697149073921565e+01
1.474406981264319327e+01
1.503559987413102306e+01
1.426375906913892067e+01
1.406533791396704380e+01
2.090887774972514634e+01
1.746216636089213736e+01
1.852878505035857870e+01
2.093159876931140317e+01
2.061172005669816443e+01
1.672882315355213834e+01
1.536492939850184314e+01
1.508455351060233518e+01
1.679020087212654389e+01
1.991573524227403880e+01
1.875506830237534217e+01
1.842683871679458818e+01
1.010256969216140988e+01
2.147958055469147709e+01
2.070192712617846809e+01
1.376698785359957000e+01
1.615909815448020481e+01
2.095281668677583298e+01
1.443892452882272259e+01
1.893139442609039236e+01
1.701851667053341544e+01
1.941973511419177356e+01
1.993672194444598844e+01
1.690397451197000223e+01
2.059323406672889689e+01
2.089132377141493180e+01
2.134667397328948368e+01
1.547749880590349392e+01
1.990905590509639467e+01
2.014279951534278723e+01
1.785655900747473623e+01
1.806053295432012717e+01
1.830103238516176845e+01
1.933870415863717085e+01
1.742244755545196711e+01
1.599654524433496050e+01
1.813943519558753081e+01
2.167163017250133095e+01
1.848512374363420463e+01
1.948929525898751081e+01
1.412248704916867403e+01
2.157936153835484205e+01
1.157634179961174326e+01
2.037085213484427726e+01
1.953919639629310367e+01
1.733405138661369094e+01
1.794500313131544544e+01
1.640312008768633589e+01
1.723525840341200777e+01
2.069020242580395319e+01
2.166807775798822888e+01
1.590648454318681004e+01
1.797831166671085157e+01
2.162275582201940693e+01
1.508831554420169319e+01
1.579744020208314659e+01
1.910297598473512792e+01
1.980127835209684406e+01
1.877242092421352737e+01
2.113441863501645201e+01
1.562552942675427659e+01
1.400425968666966270e+01
1.982505048746673282e+01
1.541479103644251047e+01
1.612814942360244785e+01
2.044106561150943335e+01
1.848613570982249144e+01
1.762283285332102167e+01
1.265853091399065455e+01
1.943697000788111140e+01
2.127604103299385230e+01
2.069380902388338939e+01
1.771365812064870937e+01
1.489871214387877885e+01
1.380985408968515493e+01
2.008104335867190571e+01
1.947886650403321340e+01
1.414465353788433255e+01
1.929231514981900730e+01
1.948929525898751081e+01
1.960609765081486344e+01
2.165048753746133769e+01
1.789693558175261856e+01
2.047480187032938659e+01
1.561200254233826001e+01
1.678602963455817587e+01
1.689728679363048158e+01
1.628266369061196528e+01
2.148765030078577354e+01
1.946256500293522151e+01
1.535112186478774277e+01
1.671076469664932063e+01
1.923252784007672389e+01
1.285455938688947697e+01
1.407416649941880138e+01
2.131285979466680303e+01
1.778595089253476047e+01
1.984016333276072075e+01
2.056061888296513018e+01
1.500416034842224278e+01
1.791035364865664548e+01
2.012996314255502739e+01
2.050388566890506326e+01
1.618296170221844577e+01
1.967720782337133656e+01
1.813943519558753081e+01
1.948929525898751081e+01
1.953171388517678153e+01
2.037292918743439429e+01
2.169170844119496167e+01
1.673084038836557852e+01
1.468536957469795468e+01
2.020126259721331508e+01
1.458802129505100709e+01
2.012604851681351192e+01
1.698620427009333156e+01
1.996672320174503668e+01
1.886815760123586116e+01
2.166807775798822888e+01
1.578263466722139441e+01
1.843140725237979893e+01
1.834604000733714813e+01
1.857565443870836575e+01
2.158768843646170055e+01
2.130813477431241054e+01
1.595747608543585727e+01
1.583502812619415856e+01
1.726209689045312601e+01
2.127718384117279271e+01
1.383453968450772464e+01
1.979487566530079690e+01
2.094155903239170513e+01
1.837100454955379192e+01
2.126826443158591928e+01
2.122988852072628418e+01
2.070792331041428724e+01
1.889470463490983576e+01
1.962916200500412600e+01
1.423991187833306427e+01
2.056674194439710490e+01
2.084562953758321768e+01
1.660190931579931117e+01
1.203679343254031053e+01
1.628401005268213453e+01
1.592953663232851724e+01
2.096702343332158947e+01
1.904209890043070530e+01
1.850386164217386664e+01
1.304678316129140114e+01
1.548099760374363854e+01
1.422431635345816048e+01
1.760743340672632584e+01
1.531137510145567759e+01
1.988009602572760670e+01
2.053563120993668889e+01
1.593210495472872168e+01
1.432576056332944248e+01
1.772517746394054328e+01
1.928621143169653962e+01
1.777889763588955319e+01
1.859726558948601394e+01
1.705359279539397477e+01
1.720724533497502762e+01
1.576328843605222474e+01
1.586064423872644014e+01
1.814866472710395584e+01
1.428849497454034534e+01
1.620016670448774221e+01
2.043545750439569275e+01
1.740505062812674808e+01
1.721340324783026787e+01
2.131381430053616555e+01
7.859180847222509314e+00
1.477008289357657134e+01
2.062099190439711904e+01
1.500322649227403282e+01
1.476670949391148291e+01
1.992712461404056867e+01
2.171451962670113289e+01
1.614071695946972085e+01
2.114331259486178283e+01
2.047480187032938659e+01
1.695543155772024591e+01
1.765685054995571335e+01
2.032383260611004161e+01
2.043099198052513188e+01
1.635830328369983278e+01
1.762924462368322764e+01
2.060688000398856445e+01
1.962284377234460209e+01
1.926237694655928934e+01
1.721548394313752794e+01
2.015953230792628048e+01
1.375451247918293340e+01
1.936559065132438917e+01
2.104359780191707330e+01
2.006220233886133286e+01
1.475308979363929218e+01
1.992357300728554748e+01
1.635027462576310953e+01
2.094548224634462130e+01
2.051412002131599976e+01
1.462724109081275792e+01
1.912678639912923018e+01
2.177322721082832047e+01
1.939793448488931915e+01
1.562541340545199731e+01
1.860324437821577703e+01
1.423936838555916040e+01
1.825008101943560490e+01
2.059411214817429681e+01
1.448024896907380210e+01
1.805705632121264870e+01
2.045972191211534863e+01
2.087121527003331067e+01
1.969271775236867583e+01
1.926149842701440207e+01
2.003583149281778475e+01
1.439107789500758550e+01
1.795287354977141803e+01
1.589299759370375398e+01
1.873214294039062366e+01
2.071726275181639920e+01
1.529988421034407331e+01
2.063604937270388362e+01
1.696883610231795814e+01
1.645536689255110119e+01
1.647155849261493188e+01
1.936149390922902569e+01
2.139518040862800063e+01
1.397590942115501811e+01
1.289777239663333575e+01
1.987183571775183921e+01
9.071982767412521298e+00
2.129971363414514229e+01
1.829706606291918547e+01
2.060713290831098021e+01
2.048094245162701910e+01
2.128496087444132101e+01
2.113228833552256702e+01
1.384235203336877440e+01
1.832591753709577276e+01
1.992943986484714003e+01
1.366519734142759646e+01
1.819413116502948924e+01
1.914011815625117663e+01
2.034999309868702255e+01
1.816093386646149810e+01
2.112895089820398553e+01
1.654935872286005250e+01
1.750325748608651466e+01
1.989033580380473154e+01
2.159276719800790190e+01
1.924591003471354611e+01
1.901154402518746522e+01
1.963243843818778700e+01
2.137321683098361191e+01
2.116780067923755837e+01
1.644655983796628718e+01
1.476279983470869972e+01
1.651721315625522379e+01
9.399138750950596588e+00
1.235211088102255061e+01
1.427363761686913435e+01
1.171950899073421937e+01
1.029340909298238671e+01
2.001946618060708261e+01
2.004693858168236531e+01
1.578175622162136094e+01
1.845709631443663312e+01
1.735347574969801698e+01
1.777323727276816356e+01
1.605673126021371999e+01
1.451337445909948443e+01
1.792181952576762782e+01
1.538597488735092789e+01
1.638051644424299980e+01
1.764318341569642001e+01
2.044896679592921984e+01
2.175463557725561969e+01
2.039595112139438982e+01
1.763126865770469820e+01
1.613161295717037547e+01
2.054478595585812428e+01
2.020121684196864464e+01
2.139545460385728148e+01
2.155442334594294707e+01
1.957820868246776058e+01
1.178447521240383544e+01
1.428603688033097185e+01
2.109924823867152455e+01
2.071938256646879140e+01
1.789565175629148541e+01
1.680001418447131556e+01
1.648071062998552705e+01
1.807128021578919430e+01
1.448654568189482816e+01
1.888558755536492129e+01
1.831967634019345326e+01
1.777804512320077990e+01
1.433500334293843181e+01
2.111766133390409550e+01
1.876983778440306239e+01
1.021211780681815462e+01
1.814622782616056895e+01
2.139545460385728148e+01
1.589906131721772020e+01
1.618516885754363699e+01
1.770734967364933254e+01
1.659712471041358484e+01
1.760299099124857491e+01
1.853140747733516847e+01
1.978000550306317251e+01
1.432930624726574997e+01
1.407190036724198023e+01
1.540286550271906130e+01
1.235006127229165251e+01
2.012117141287240685e+01
1.761551283646437938e+01
1.446087377264164786e+01
1.063682713071956876e+01
1.975736479524127276e+01
1.764006723931954213e+01
2.162862287935328709e+01
2.092848212059294966e+01
1.936151777966405518e+01
1.339510718943889245e+01
1.891556718856246633e+01
1.572755728924390617e+01
2.142216667818602716e+01
1.723164749261938766e+01
2.114803918006705885e+01
2.104174372311223351e+01
1.537180286119668970e+01
2.089828604047447413e+01
2.167539865694431001e+01
1.952348031951409268e+01
1.949703708610067565e+01
1.889723657080381258e+01
1.411160734259913241e+01
1.912591542341251483e+01
1.392861186711559540e+01
1.687395256168508340e+01
1.448040801178982306e+01
2.117195265548618721e+01
1.813672825939013933e+01
1.952035268004619084e+01
1.409876668566219138e+01
1.735619354985199081e+01
1.667024900611304616e+01
1.827581024556643285e+01
1.423991187833306427e+01
1.892580095679593910e+01
1.963986044458430769e+01
1.509704188147415671e+01
2.139760177933408869e+01
1.421629238184717181e+01
2.009333031876456488e+01
2.101180353138289902e+01
1.827086453040713820e+01
1.767284865993270060e+01
2.160604523662274090e+01
2.153162139656068419e+01
2.130766860029082821e+01
2.061815703037274616e+01
1.816093386646149810e+01
2.071655566184456632e+01
2.013835830186019749e+01
9.799920404336432966e+00
2.014940541028564525e+01
1.465777086526565043e+01
1.462012152569370826e+01
2.086272587433463599e+01
1.738283771009934142e+01
1.929535478748920951e+01
2.133963919636497764e+01
1.184627685702144362e+01
1.916592203390944960e+01
1.996849253306129768e+01
1.987577083328091021e+01
2.087889260673706104e+01
2.179714875335459467e+01
1.952443640946873415e+01
2.034499864413779591e+01
1.164804263982415300e+01
1.450803323008889478e+01
1.566563593772547591e+01
2.162637237335136575e+01
2.034785956891767000e+01
1.992873830085040154e+01
1.496176846600836363e+01
1.933792039987526579e+01
2.115989767090024998e+01
1.368195507916881937e+01
2.102162445773298316e+01
2.142366270550398966e+01
1.352048312639406724e+01
2.006774384076103956e+01
1.935743139644859667e+01
1.429784024757522687e+01
1.842424012893195595e+01
1.888471871810466141e+01
1.692117359596110049e+01
1.897331923813398191e+01
1.870077792737959044e+01
2.127433692378554753e+01
2.007960658699319367e+01
2.089819954784418243e+01
2.121654901409426230e+01
1.617108175948610693e+01
1.843140725237979893e+01
2.054603035355865970e+01
2.122358265037721026e+01
1.539665566357803073e+01
1.979765688673169066e+01
1.612535049450531588e+01
1.675017730402177563e+01
2.126350390080626340e+01
1.643856148714002430e+01
1.967302541646544611e+01
9.675739846341517847e+00
1.644761594678378813e+01
1.484162479737730500e+01
1.669453868496876581e+01
1.672911169406756571e+01
2.063261936680466491e+01
1.843983556285780878e+01
1.619905044993228671e+01
1.833989427665866856e+01
1.339510718943889245e+01
1.867922984311962153e+01
1.539958705494269964e+01
1.468946199514897089e+01
2.108830776880871838e+01
1.641721036503104614e+01
1.358670434040991992e+01
1.731792513491591379e+01
1.266055749704169742e+01
1.539958705494269964e+01
1.482503527106485919e+01
1.978727806515153276e+01
1.849979115727680323e+01
1.375039101978547862e+01
2.070498737113700116e+01
1.512202722890435069e+01
1.640150669251513449e+01
1.988139272695337922e+01
1.575664157144996835e+01
1.815213952274482168e+01
1.721302370490472811e+01
1.555541956622749566e+01
1.555112535924205552e+01
1.800693073419506618e+01
2.025998425308053186e+01
1.760973772879901489e+01
1.685360323304726649e+01
1.551038746262167578e+01
1.602744976793335496e+01
1.721684282929059862e+01
1.506573090722826436e+01
1.968558890659637939e+01
1.653617125466691107e+01
1.692381779197246416e+01
1.180688626558554333e+01
1.982608126074643806e+01
1.832685301163654046e+01
2.121545260094787722e+01
1.395127610273349106e+01
1.456456583146709072e+01
2.098731150555088476e+01
1.579950828556834530e+01
2.040563634638341384e+01
2.066675430217522091e+01
1.712560378403016870e+01
1.257016408992639178e+01
1.490619482549323038e+01
1.879738044029619459e+01
1.621992646641040636e+01
2.017339213085023175e+01
1.951873385622300106e+01
1.990767561455828627e+01
1.949686933850798098e+01
1.981849984256882635e+01
1.908295509199649587e+01
1.693564165587105208e+01
1.647155849261493188e+01
1.793854306488827532e+01
1.794337597940651108e+01
1.743380840699249745e+01
1.726650781917384947e+01
1.679992026991105192e+01
5.899801039710191652e+00
2.008898354517121021e+01
1.715008379706654296e+01
1.790899444066528901e+01
1.887776580106762836e+01
2.163141061270891896e+01
2.107883848847296804e+01
1.898685007305298811e+01
1.494831601334955806e+01
1.455459273443891455e+01
1.881812799453137330e+01
1.313003811854588143e+01
5.447285619096209786e+00
1.465539532011635160e+01
1.358340518285863396e+01
2.046966255348925756e+01
2.073882631416778111e+01
2.004064879529251897e+01
1.429784024757522687e+01
1.749812388423623233e+01
1.429300943954287995e+01
1.541301471534083234e+01
2.000449405403299608e+01
1.546967635819697051e+01
1.681486506045981244e+01
1.573838694233820057e+01
2.105535576916242846e+01
1.573615343410866707e+01
1.671867110538273238e+01
2.072525280198710362e+01
1.835604406600565142e+01
1.575456976444695911e+01
1.959515538716651051e+01
1.940029415658399614e+01
2.022887429807077098e+01
1.326451729084340414e+01
6.809424502583240724e+00
1.022305959269407616e+01
1.622033828780491405e+01
1.798124002749294803e+01
1.713704759275221079e+01
1.593438753478195125e+01
1.467519046232608027e+01
2.093031268502511466e+01
1.771994313699730483e+01
1.888855188579453426e+01
1.354459734243147651e+01
2.121861987976259201e+01
1.819479108909812481e+01
2.049831881410867140e+01
1.686663748944480545e+01
2.089248338385821668e+01
1.443853149019083659e+01
2.182164741238459627e+01
1.949680293928874519e+01
1.849812488328002757e+01
1.457434002256185579e+01
2.174976650186850691e+01
1.813308877472228886e+01
1.911870434960132670e+01
1.789693558175261856e+01
1.932303094373556007e+01
9.952528339306169869e+00
1.577028752493698782e+01
1.539913331258409102e+01
1.813943519558753081e+01
1.601814003594367719e+01
1.714716439186202379e+01
1.891057479604813807e+01
1.930978534099666888e+01
1.415447804987405789e+01
1.990656094291068712e+01
2.155738917626881346e+01
1.964834023036861055e+01
2.112895089820398553e+01
1.440614362115483615e+01
1.457002316162303757e+01
1.933792039987526579e+01
1.591758410229994780e+01
1.540737148288016201e+01
1.679295958541570499e+01
2.151542996901670080e+01
1.651050342491875966e+01
1.834906587988566784e+01
2.085516702679264966e+01
1.917589057348218873e+01
2.099833876201467220e+01
1.981871919073780575e+01
2.124406872367494259e+01
1.936281591788139167e+01
2.135387509247664539e+01
1.996052072660319965e+01
1.495346357881243193e+01
2.079388660929636856e+01
2.003240918613257548e+01
1.456847863956451761e+01
1.352048312639406724e+01
1.126274494590612107e+01
1.521865704773188455e+01
2.012396237951879741e+01
1.588196059275368910e+01
1.708697264603969757e+01
2.097035258399936808e+01
1.841529156710571158e+01
1.581101820898680366e+01
1.484038724923393460e+01
1.963986044458430769e+01
1.675935999263603904e+01
1.670306768130120290e+01
9.061874519053921162e+00
1.442747069811079541e+01
1.868563848262490978e+01
1.691380725871355040e+01
2.010175261944791458e+01
1.872264229289983817e+01
1.926237694655928934e+01
2.092620149552843500e+01
1.981420652364052870e+01
1.841016168670322983e+01
1.879294806425798825e+01
2.010258565195623959e+01
1.746338627715246972e+01
1.923357179338204048e+01
1.755941652837969258e+01
1.576100901985672564e+01
1.670353521228097904e+01
1.277044567253611440e+01
1.998661332797970047e+01
1.862920155441883097e+01
1.869684619870275455e+01
1.836975072431304312e+01
2.030072516217743228e+01
2.134648605957875489e+01
2.104139370917468810e+01
2.014008829560189184e+01
1.947254547713710693e+01
1.939854398504380839e+01
2.037081615668817847e+01
1.476564888643416396e+01
1.671238735880960391e+01
2.068389823392981341e+01
2.142445168842042591e+01
1.781043168435438417e+01
1.419790253177965056e+01
1.060092092583228585e+01
1.327299130028482921e+01
1.977682852269422398e+01
1.810001243141592653e+01
2.071993642827869664e+01
1.613002467963179143e+01
2.099743115377501823e+01
2.020001176317482816e+01
1.954264430071498282e+01
1.811713664962866588e+01
1.521084277060123391e+01
1.675863694962283645e+01
1.679943031286024535e+01
2.062572137393675575e+01
1.985845376153844555e+01
1.428656669313108019e+01
1.482853821943660932e+01
1.856580177895952843e+01
2.145938200699748677e+01
1.873823585593013519e+01
1.859021183452675174e+01
1.944511570710912807e+01
1.417197872355921362e+01
1.713485528187699458e+01
1.479060143384601211e+01
1.901766685821658598e+01
1.444372312192607666e+01
1.789366697781721882e+01
1.604250170977517698e+01
2.067269870671616872e+01
2.134369411713857190e+01
1.672225911961758271e+01
1.988086250923317166e+01
1.960664206507935958e+01
1.929528347159254054e+01
2.087841609222061834e+01
2.024016847155318999e+01
2.094380589954041483e+01
2.025951226781975834e+01
1.576345072414302528e+01
1.431106831754152431e+01
1.714840127154518612e+01
1.492965221455936486e+01
2.153583429228550017e+01
2.014346324124866072e+01
1.452780618403327395e+01
2.027569313084217129e+01
2.004949557085530287e+01
2.120088986181104573e+01
2.039654870862764113e+01
1.804002545169711524e+01
1.911870434960132670e+01
2.132811447887061007e+01
1.975696031086545190e+01
1.484729987788914229e+01
1.953793003558717345e+01
1.829689812128524906e+01
1.913089684322757122e+01
1.923145923645344979e+01
1.539477737671675506e+01
1.456295248740348924e+01
1.881721687994040337e+01
1.563169692398899357e+01
1.965633340764934189e+01
1.522370075266731604e+01
2.130277545997776301e+01
1.615814492916872780e+01
2.179376202803693729e+01
2.021866063264112157e+01
1.967844057279634740e+01
2.097319509379969915e+01
1.954675500397802779e+01
1.986302684359165482e+01
1.482483118901457431e+01
1.789791148559145384e+01
1.599992863362886730e+01
2.049360851562917318e+01
2.174412267023920364e+01
2.126494750433896641e+01
1.695657538242336670e+01
1.907936101687831965e+01
1.476670949391148291e+01
2.031853995898703147e+01
2.014940541028564525e+01
2.007530098247173100e+01
1.881309726283255301e+01
2.054006985936724661e+01
2.024341577164916117e+01
1.786831096067238533e+01
1.540554152097908336e+01
1.675863694962283645e+01
1.352633849455515502e+01
2.038368742671698897e+01
1.931111526678492751e+01
9.075359676002339171e+00
2.158280562464513253e+01
2.151053085561361655e+01
1.933870415863717085e+01
1.867631581200505764e+01
1.767786616120300636e+01
