2.024617946802905865e-03
1.526388625182545540e-03
3.757096234745278145e-04
2.544853621387606433e-03
1.031437023208933539e-03
5.707391081154838085e-04
9.976215512737186993e-04
5.893406394501298287e-04
3.345413462266432804e-03
1.369311231905180398e-03
1.836414227947271056e-03
5.171465959811533293e-04
5.002345679118860378e-04
7.435829462479078391e-04
3.428273415306402026e-03
1.094432592090273295e-03
4.222299426869225401e-04
8.609222651030408327e-04
1.154531159401286748e-03
7.278888487207786553e-04
1.652259311715892137e-03
4.275299481739603595e-04
6.344104997305582234e-04
7.726598293620037458e-04
3.325749755891205337e-04
6.314192622283573350e-03
3.448511588535093080e-04
1.977441124893384618e-03
8.698752638223685623e-04
6.518119642855434203e-04
5.720484822098887952e-04
1.111466532973720903e-03
1.252438943480494284e-03
7.175300471938245552e-04
1.632706998385464623e-03
8.088960939439012983e-04
8.006362045059991269e-04
2.610831535154806409e-03
1.700197209268302419e-03
6.860210584241338951e-04
9.211477595218978305e-04
1.215393050710132650e-03
4.459575049116983069e-04
9.898977451345675454e-04
5.286326104308591975e-04
4.938599530138395319e-04
1.166852508284569505e-03
4.746815622989326942e-04
4.981717321083997804e-04
3.089712800498368972e-04
1.649771636283330024e-03
6.785749996404035877e-04
2.544853621387606433e-03
2.526141759002270733e-04
3.992617675449517886e-03
2.558466615538935920e-03
8.878193831624792620e-04
3.407159205462696652e-03
2.360308161673467346e-03
1.244297246228600988e-03
1.362708131241535236e-03
1.191870100074812625e-03
4.912476331377412311e-04
6.395355157383314851e-04
5.074845346437706567e-04
1.985312637220081750e-03
4.437770111074970463e-04
8.928198301259024708e-04
4.142053553893111965e-04
5.699439573219154806e-04
1.088729378196150047e-03
1.085368617683223329e-03
4.337617104163222419e-04
4.673215467326257322e-04
7.363901245918899347e-04
9.729381788185381165e-04
6.836752162991437598e-04
4.775376565703424113e-04
4.471972699716039723e-04
3.943033009240450503e-04
6.786849871618241088e-04
4.134175124109411141e-04
1.227682513023960892e-03
6.973263461390613810e-04
6.979716340720920620e-04
9.700040666199031755e-04
6.200247898123990202e-04
4.508511547077884065e-04
8.829960730662795220e-04
2.890284692547308689e-04
3.480582846919119113e-04
3.306788134042099210e-03
3.717380067942132878e-04
5.999023685586241886e-04
7.934403550079148493e-04
9.514923940010201406e-04
6.131753740729804737e-04
3.093816897845820578e-04
8.771908599417283089e-04
1.565459197948908948e-03
4.092637890850750471e-04
6.546780483297798573e-04
7.166679225579076053e-04
1.184098797149825064e-03
1.170855034823966570e-03
5.436734810927665871e-04
6.196665653909303080e-04
1.439706921666700874e-03
1.195047546081876196e-03
1.119274008817698705e-03
4.144329377165677035e-04
1.213916123883025363e-03
5.589118654518812103e-04
6.661472064826765146e-04
5.042346762830065892e-04
7.965106284893427651e-04
1.153045531323140327e-03
6.874811746579628834e-04
8.148401698408975829e-04
1.153465162250723710e-03
1.743279734972688101e-03
4.132355406567115794e-03
7.062096164578263689e-04
7.879806168283138776e-04
5.270585843706402642e-04
8.698752638223685623e-04
3.903078473690784985e-04
8.345212595962089646e-04
8.505174667546682972e-04
6.637931320355967358e-04
1.981592300326044751e-03
4.001819508230753807e-04
9.216835685732541975e-04
2.347827114327095781e-03
1.271439245888999125e-03
1.566505962073392461e-03
2.265531669041947593e-03
7.271460036482465476e-04
3.524923322693442398e-04
1.309400658613979387e-03
9.026520026451691214e-04
7.260243959301500207e-04
2.815879521743814683e-04
4.912476331377412311e-04
1.370532586275102511e-03
2.976060414823409011e-04
4.828311273691375614e-04
5.939560129798438469e-04
6.385126552574955493e-04
8.411099619122413065e-04
6.239252863240804395e-04
2.107068001451579443e-03
4.332282728486741758e-04
7.593875279261919509e-04
1.083870624895947937e-03
5.734356228521543617e-04
8.950912805893135966e-04
1.384072476210105500e-03
4.493176654810654034e-04
4.645372963876569315e-04
1.211509223157249994e-03
6.651559419989421310e-04
1.020739549781607717e-03
1.599406625983313410e-03
4.147026536820678892e-03
1.137555707826213170e-03
3.054896839118477047e-03
2.594078768546697841e-04
1.214861253095249208e-03
7.455041478984299631e-04
9.234518550836541030e-04
4.962358943977335365e-04
4.063105152484697627e-04
1.111274757739849801e-03
1.561004262367281497e-03
1.314302567569211730e-03
1.034899664849721866e-03
7.779884529822041206e-04
1.206606275820077323e-03
3.357847236298680993e-04
5.719959213917424727e-04
1.135564732495279207e-03
4.958011200010340987e-04
6.175484875234174597e-04
5.304597234214404253e-04
1.720748700488550437e-03
9.334839668715192969e-04
3.065737846827616946e-03
4.864530270089267514e-04
7.357124777788442852e-04
8.213208420788961454e-04
8.315596848769107700e-04
1.142766371082992380e-03
4.159215318946204477e-04
2.539967397569440006e-04
7.045656952294217625e-04
4.836242374465136128e-04
5.248196617814968349e-04
5.055190910830852568e-04
9.762395747075922276e-04
6.686180717027746323e-04
1.118873990585033751e-03
4.864044290749076167e-04
4.891720833632580943e-04
2.806541871452655659e-04
7.925294719668936685e-04
1.238499621402087232e-03
8.771908599417283089e-04
9.156597363182923449e-04
3.852448009169848870e-04
1.061978122252657964e-03
4.552345018431567104e-04
4.048149645414768306e-04
4.132862499278656889e-04
2.937809191487065238e-04
5.605354887224251858e-04
8.874086598323424223e-04
1.052177631391918626e-03
5.321005780416963003e-04
6.671347533682585101e-04
2.972271259047294103e-04
6.608270217993531285e-04
2.155215067775854629e-03
4.640675321690657107e-03
5.531392677112594285e-04
1.400699383996944526e-03
8.205601598744138555e-04
4.464313473944813543e-04
2.256902383733811086e-04
6.295495793655866198e-04
1.080756332744812814e-03
8.810490209754645976e-04
1.539857997692175564e-03
3.623944237958658457e-04
6.807316618194901190e-04
1.310047430058797766e-03
7.862882717554886677e-04
1.019740425660208352e-03
6.423343330943135721e-04
1.312095544588462752e-03
7.889233025314788946e-04
9.074569235271795964e-04
8.671507539409838801e-04
6.234761419083887724e-04
4.006253757387007262e-04
7.836278360695184781e-04
1.106060309687182221e-03
1.620938255223340011e-03
1.746005974834513369e-03
7.221236487771850489e-04
2.921547267247074330e-03
5.103282467751303836e-04
5.308615846078467088e-04
4.246543704493052954e-04
1.930622123096684215e-03
3.997437808235039828e-04
4.123676721807535673e-04
9.551525494291368632e-04
9.848915883894570570e-04
4.344117127170739421e-04
4.618963607000133660e-04
9.313874528217633677e-04
2.959576330243000376e-04
3.015379034768750160e-04
3.755178224204725065e-04
4.739482893790337797e-04
6.930375784497612608e-04
4.563091506522340803e-04
1.459726573298380072e-03
8.088638103298307399e-04
5.347486742924282459e-04
3.252525413138988332e-03
3.803509531447075856e-04
5.580787922976443135e-04
5.134473086109850662e-04
2.143021304878281637e-03
1.752291873626578636e-03
6.574848981365313556e-04
1.367692221503216590e-03
7.357302001662165873e-04
9.410633531912988110e-04
1.085854898949900225e-03
6.860200117295589149e-04
1.011984350138452364e-03
2.818591865860395167e-03
1.043078257967241119e-03
3.393826957566851293e-03
4.740679098596868330e-04
4.482457020749896180e-04
5.169526678531943982e-04
2.155458068363389022e-03
3.632405157603713942e-04
9.433837138724967099e-04
4.023139014546202688e-04
1.388140566504314759e-03
1.752407613969566040e-03
1.281917066691774321e-03
7.082684485989321601e-04
7.171433390734730223e-04
5.599658354691250308e-04
5.841690733164955039e-04
1.804442165759945552e-03
9.840666078905588744e-04
2.600978336019627805e-03
9.156597363182923449e-04
4.465995163701639648e-04
6.343966321027828380e-04
2.733252930561918246e-04
4.327168095493083761e-04
8.005944589671112367e-04
7.579038612355106256e-04
1.507735656178469481e-03
1.404311519204797529e-03
1.698988141640137136e-03
8.776561640066090622e-04
8.008596527791008585e-04
9.619067482111718411e-04
1.106131808261009118e-03
9.109894651664251965e-04
1.146073897299873350e-03
4.077808048421415789e-03
5.156372979654620875e-04
9.089885627448686129e-04
1.020089440769014668e-03
1.264356851115081091e-03
7.019932600707035108e-04
7.740614831570852370e-04
5.804536764698795502e-04
7.530201071818219813e-04
1.236276115858480273e-03
9.237100543786663960e-04
8.298971160317223294e-04
8.756104422106365717e-04
6.628142573180571210e-04
1.343942401596315110e-03
1.248829849352828649e-03
9.710686151592660357e-04
7.803992853563692647e-04
3.738503562151174685e-04
5.727932012290025800e-04
7.524530022215221610e-04
1.708935149326105702e-03
7.313261044123030470e-04
1.292632700332044682e-03
9.990976243537804877e-04
1.209043088675961896e-03
2.949726589695304802e-04
6.975833364441710177e-04
8.632529264055012561e-04
1.616087923709653464e-03
5.052035894256985378e-04
1.136904458537930278e-03
9.592949680003022778e-04
3.158670512402398647e-04
3.740921158162608469e-04
5.656731859580668058e-04
3.088059980637213454e-04
4.984457193691114009e-04
5.095452550562383108e-04
4.155017037749690525e-04
5.887596737009314187e-04
5.712870404980061739e-04
1.085763305405260766e-03
3.751806833491454674e-04
4.434726947305578978e-04
5.471177841652855077e-04
5.095452550562383108e-04
1.520260233450222535e-03
1.029285542176808883e-03
1.919143212949471966e-03
5.904441548681303373e-04
3.072246633865724388e-04
9.221702772593944140e-04
3.385890930565956664e-04
1.504594304101901803e-03
9.400823453111280693e-04
1.955026818003018085e-03
2.014959867662967710e-03
8.606350004859970957e-04
4.261230303941733293e-04
1.081689095861892037e-03
5.925768488852062007e-04
1.318663364487886354e-03
1.148721418849085090e-03
3.567142963550876599e-04
6.446606053127847298e-04
4.944978688971532216e-04
5.269171859394667420e-04
1.314962735895380038e-03
1.297547787087011042e-03
1.710614922024615136e-03
9.237100543786663960e-04
1.281215886829169823e-03
3.307126604332445707e-03
6.188525964805078119e-04
5.908516032289535353e-04
4.059984404610624507e-04
1.006040569805346065e-03
1.783601373275744842e-03
5.284086636672161944e-04
4.266936227427578759e-04
4.220006567531026619e-03
1.682012032745223941e-03
3.881184669578197012e-04
7.260243959301500207e-04
2.253766549172020288e-03
4.168366602097271301e-04
5.529341393297949230e-04
7.598077967467927124e-04
2.772199527656621885e-03
7.609472499733403034e-04
5.944525201009134884e-04
1.118315126371812471e-03
2.922862512127811542e-04
5.193415693064313025e-04
6.452167242676546365e-04
3.115657806356219835e-04
4.240350121789117572e-04
3.117223938448016041e-03
1.902104589980059763e-03
4.070561342789240128e-04
1.030653924900794705e-03
8.142191095456787668e-04
7.351057350771841295e-04
2.998632206656638407e-04
3.695482650705158635e-04
1.659091766633474926e-03
3.750307954671307968e-04
1.033558628063800579e-03
5.739901341103756079e-04
1.089183742464569721e-03
8.792332369922381064e-04
3.329098475971393870e-04
5.581503817333592112e-04
1.535901921229471286e-03
6.885790439408878564e-04
5.505852469092721363e-04
4.057392070452311788e-04
5.503713106862665556e-04
9.666582171005835096e-04
4.100709362738018241e-04
2.815879521743814683e-04
4.763766234218487928e-04
4.938612867755859783e-04
6.683709695283848208e-04
3.131122299741717521e-04
4.680145112567206563e-04
1.795080388732891042e-03
8.954386854681330209e-04
4.558457700144298466e-04
2.878730550694632716e-04
1.325042190500047611e-03
2.702041704039658248e-03
3.387205102849208003e-04
3.154227531120791452e-04
8.170917704402980803e-04
1.428484120884727405e-03
6.344232473880282016e-04
4.429745196175658307e-04
5.841043283181841664e-04
4.916190715181186811e-04
4.177859119804430937e-04
6.438655338891914040e-04
7.522838644772891986e-04
5.281287451473610194e-04
1.520986572111448706e-03
1.324986766065363924e-03
2.924024945398498096e-03
1.155789152672452320e-03
1.397412573082152049e-03
4.824051643590452948e-04
3.615368524438020994e-04
1.556122349028268804e-03
5.662495175423374423e-04
4.996869873809934269e-04
1.053645887494683835e-03
5.933982341510911753e-04
6.906217002908491675e-04
1.339262471305283997e-03
1.327048107015257709e-03
1.535185292104785998e-03
1.676079355154686283e-03
3.797248024421675215e-04
2.035186230441245105e-03
4.000562588426405516e-04
1.981826282294768624e-03
1.007106307945783473e-03
1.537248232877720102e-03
5.193415693064313025e-04
4.528122856549148434e-04
5.935291074386440024e-04
7.440264620197540061e-04
5.889765074489726601e-04
4.673205532353625962e-04
7.293433477917878006e-04
3.567652826027180725e-04
1.555551970195446403e-03
4.900044738977671691e-03
1.290348363726930925e-03
1.308038992632570624e-03
1.940688907636904745e-03
4.839802088142848308e-04
6.308602241798077614e-04
8.918904962734901850e-04
1.090234721808166661e-03
7.557752750691681606e-04
7.579071269661968261e-04
5.062348610192873811e-04
7.262695188643819967e-04
3.199593665890860497e-04
1.223634231746873347e-03
1.355348174733046317e-03
6.592716988879440557e-04
7.447905900182698671e-04
1.271879312901444837e-03
4.942904282785499795e-04
6.656490197275516602e-04
3.545204566100098806e-04
7.488109166159546146e-04
3.884043366358116913e-04
1.126904552536542531e-03
1.802951036286536829e-03
3.567652826027180725e-04
5.184911395470748977e-04
1.319467281149187864e-03
2.964103993349910624e-04
5.354795360353740204e-04
1.247002067609931202e-03
6.703374917927702606e-04
8.335109242534198722e-04
6.215811913350124604e-04
6.339647959035549663e-04
1.710614922024615136e-03
7.368397516889948866e-04
8.217786947290353725e-04
4.214710708486661575e-04
8.470981389130537078e-04
2.986654944256299823e-04
1.441479174194177162e-03
1.463577223620117843e-03
4.697179763915954802e-04
3.567652826027180725e-04
1.727035641966193557e-03
4.290403612643019465e-04
1.164426352851027999e-03
6.115053531921230438e-04
6.276590474624971780e-04
3.524904075215241732e-03
6.172806845962694293e-04
5.616320587520432211e-04
7.310375689526775337e-04
3.154227531120791452e-04
4.330949681991786240e-04
1.961812600247741113e-03
1.335685886371026790e-03
3.610671364588575777e-04
1.052970252866596880e-03
4.336871871134622943e-04
2.876299720543896814e-03
3.754892522194764877e-04
3.615740672719109467e-04
2.904604557324500652e-03
1.935751682027792410e-03
4.236258467676638100e-04
2.642004202685206389e-04
5.740025007266780221e-03
7.434854900301352855e-04
2.813219533288273833e-03
2.849528025785941785e-04
3.680497146753722803e-04
1.643398252165859282e-03
3.860267560172622389e-03
4.482449020712368131e-04
2.179903260643237424e-03
9.990976243537804877e-04
1.588025843840649553e-03
9.610968992649454286e-04
8.268436658442151165e-04
8.998587061189043581e-04
1.002685144037621361e-03
8.525401135415257292e-04
3.986350975417656201e-04
3.236367046635668394e-03
1.346288624857649736e-03
8.594430395396689473e-04
3.695294458495266827e-04
7.238459380971906188e-04
3.007367328241617854e-03
1.584195869987504394e-03
5.358320030567010261e-04
4.964624928258875528e-04
3.764051394096854680e-04
1.452410599024855659e-03
4.376169319175213885e-04
3.465222519502633735e-04
4.463688054668431184e-04
3.808690722450540573e-04
9.648904880446340432e-04
2.970912900792362175e-04
5.602715994298490629e-04
4.858977421783681333e-04
5.295438545547098133e-04
5.809385075985602168e-04
4.103390761894198067e-04
4.890764079217972161e-04
4.968458766044615360e-04
8.527607737669004205e-04
9.303716353420038747e-04
7.548609655568421558e-04
8.797581060826175324e-04
1.362621808428108585e-03
5.441493604882961799e-04
1.177356958811679637e-03
4.945095433462546718e-04
7.722398171099246209e-04
8.832984391791753659e-04
1.073995481115320874e-03
7.846412033154743582e-04
7.301924577611747279e-04
4.006823723521700628e-04
6.376670399419543311e-04
2.132682005734255412e-03
6.973263461390613810e-04
1.236276115858480273e-03
3.637977483084954230e-04
1.050270217086898437e-03
2.724331638838494015e-04
7.599258620017709060e-04
1.844704097503557490e-03
3.108348833816025267e-04
4.659470760068185448e-04
6.329532137856387240e-04
3.535850764330075572e-04
1.190511420259424699e-03
8.418415569432472368e-04
5.320407959233633584e-04
1.083423390074131007e-03
2.347737309926947844e-04
7.929090584120517329e-04
4.974518394238418425e-04
7.966086753964330899e-04
3.245489134601068412e-04
1.709135556161072789e-03
6.661000573780142143e-04
2.949726589695304802e-04
7.851054072003364097e-04
3.331637633792101406e-03
1.360279901307431295e-03
5.144055424056313743e-04
2.576540677472644383e-03
7.177359521186747532e-04
8.401403222014363920e-04
2.856603436061518585e-04
2.705223042985162394e-03
4.735848568020929630e-04
5.522544234508509507e-04
1.312677109724730111e-03
5.313956319312198532e-04
4.716561336775541456e-04
5.217982348796640791e-04
2.766750639837344786e-04
4.426879667167556761e-04
1.882108809823328796e-03
1.469866411940174474e-03
6.273490233343871842e-04
6.351619667544713705e-04
5.860334704427677677e-04
1.062652508895494405e-03
7.368551131279359656e-04
5.264982394578045233e-04
2.935476141857708320e-04
6.079195491032978295e-04
1.095270560904674237e-03
4.011659246697956327e-04
4.437050682333420668e-04
3.169342925740881102e-04
9.955248850395670424e-04
7.990624055158180097e-03
1.429105471150949810e-03
2.711687278086013803e-03
9.396368704173388865e-04
2.439714261829544102e-03
4.274635662864026409e-04
3.787282659155028841e-04
7.039372250041309610e-04
9.291420162479903551e-04
2.979794753682368270e-03
5.823174387151771984e-04
1.476072172846085466e-03
4.597883735918676025e-04
1.130525211869669441e-03
9.107190008014567125e-04
3.465222519502633735e-04
9.105460963376364692e-04
6.551687191622108204e-04
1.372233068917885985e-03
1.556703671360583872e-03
6.448016395004954951e-04
7.862510081265668745e-04
4.389718687753257366e-04
8.665457316672614237e-04
2.538697636353899937e-04
6.702877198266857673e-04
1.301595377059226082e-03
5.238862651391331879e-03
1.233508638941496413e-03
4.015850662533594997e-04
1.363333166691242399e-03
6.186296320111135715e-04
4.826216227832143485e-04
5.862013584619157024e-04
4.367989515770478591e-04
4.163610011665124910e-04
3.695294458495266827e-04
8.503226340191644616e-04
9.493509316408860286e-04
8.909095333507393915e-04
2.288699985133573617e-03
5.041578024194380558e-04
3.550083095605550596e-04
1.332226290124610690e-03
8.418415569432472368e-04
4.249348686780197830e-04
4.308392092778197749e-03
3.079456273316343463e-03
6.145662798137694694e-04
1.336226194177628874e-03
6.300944208644130781e-04
1.245832831769341656e-03
9.572361781769031172e-04
3.632405157603713942e-04
4.971150247816842052e-04
7.324915578049999345e-04
9.056918018810862980e-04
1.026027431156537007e-03
8.679897380063605590e-04
6.117353863433473661e-04
3.261523009920704128e-03
1.364137380390189041e-03
1.801163124886124168e-03
9.248891470333010355e-04
5.947428300508019556e-04
5.108315670023405889e-04
9.410633531912988110e-04
7.106574665451863369e-04
1.757503325836305740e-03
1.401240073228605248e-03
5.044842059952715438e-04
3.922319037604502043e-04
1.020327448833070012e-03
1.014693788079171471e-03
7.439746478689376451e-04
1.675349810817624218e-03
4.914918058133478391e-04
7.603858355289454338e-04
7.665720162196687504e-03
1.066682848866071188e-03
1.021319371197869884e-03
3.368318820391833922e-04
7.481014472190998998e-04
1.103888618087327331e-03
7.740614831570852370e-04
1.250158548628870978e-03
6.920760466187255008e-04
1.594994982911953187e-03
2.584999069353264602e-03
6.683709695283848208e-04
4.531313721314182458e-04
9.498305637927058039e-04
1.721695272174292085e-03
6.796403294803265039e-04
5.836318909552801843e-04
1.447414857191700816e-03
1.237851059061255985e-03
2.635126320805756314e-04
1.817662176392737493e-03
5.355052932579047525e-04
5.076994780071564456e-04
1.428807226761343030e-03
9.688246034425484999e-04
1.190123227999428761e-03
1.643398252165859282e-03
5.776708913317083827e-04
4.878158376164211602e-04
9.129842325014058627e-04
6.973129958570776360e-04
7.265600490834624560e-04
8.356873466266980443e-04
4.343884397031549786e-04
6.243158635533877215e-04
8.372937120179119912e-04
1.594976367885796381e-03
3.442730254081004249e-03
6.536292560579008747e-04
1.507926564602681809e-03
4.284170891380631972e-04
7.646408612378127528e-04
4.520220845279150526e-04
3.267416728817898052e-04
1.465612720586463363e-03
7.553732910321518754e-04
1.188240406888247834e-03
6.143348629163418060e-04
8.094840345497848711e-04
5.169906005868798657e-04
5.060787570772119857e-04
7.120533477294621215e-04
1.217118329960216374e-03
1.084689147619692521e-03
1.138764996650231103e-03
4.618963607000133660e-04
2.392471321014880657e-03
6.190856663510945412e-04
1.857000521640585905e-03
5.978091532011982909e-04
2.825980607760002553e-03
4.958011200010340987e-04
5.507260319386815973e-04
9.414580629107307131e-04
8.632959274519066495e-04
5.205461007447805596e-04
6.714629567349496763e-04
1.090282896250983945e-03
2.903469114153112520e-04
5.303604623913596959e-04
1.117513769161123131e-03
3.799203278751461278e-03
4.978114626920617696e-04
1.456175667189631758e-03
8.533405262245515217e-04
5.099039817416932841e-04
5.807218266256965753e-04
4.144329377165677035e-04
5.538363395957224614e-04
5.525776597985192651e-04
2.825980607760002553e-03
3.894050002317952716e-04
9.990976243537804877e-04
5.529636752267800453e-04
1.756391510986109487e-03
1.390296162047392715e-03
6.772428863230468485e-04
6.473823807250480081e-04
3.385764987275267490e-03
7.041567889203305917e-04
2.198504982789000785e-03
6.375591729354863511e-04
1.032622636462294944e-03
1.389666537708605628e-03
7.245054662249617028e-04
1.843016768788741057e-03
1.166200218516033442e-03
7.524530022215221610e-04
3.915018555865696281e-04
4.109026932577221065e-04
8.031340023584567986e-04
1.009383949454192332e-03
8.950912805893135966e-04
6.175484875234174597e-04
2.716788224669210898e-04
1.070118149376436028e-03
6.826115873558446937e-04
5.923525144330725120e-04
3.314437406177650372e-04
4.143991438474072669e-04
4.914918058133478391e-04
6.632412125420131385e-04
4.028703822529218037e-04
6.704198896001537476e-04
9.929748121910342458e-04
4.092637890850750471e-04
1.951790148235319974e-03
6.714629567349496763e-04
1.054719468790428754e-03
7.569616151257106814e-04
6.966938498420717886e-04
3.590243863657203928e-04
4.824978924475375000e-04
2.026600305598705125e-03
7.025453598618161847e-04
5.840773415356438538e-04
8.937069303008251695e-04
3.298535129811002668e-04
8.247849257492790567e-04
2.946994731965170639e-04
1.084757568112377233e-03
1.720951014438274656e-03
1.023943714126743449e-03
3.614870874471846018e-04
1.518611679264085523e-03
1.670250783475300555e-03
4.710610632230521682e-04
1.205237045256544667e-03
3.066540870328421505e-04
4.647089689036479430e-04
1.177900247106256635e-03
1.244900884706628659e-03
5.491009551504124958e-04
5.354795360353740204e-04
2.127347936422382697e-03
4.243037426003370234e-04
1.414378224586191864e-03
5.155434921455001682e-04
1.426488246029389631e-03
9.151938763867502975e-04
2.720709113506519696e-04
4.952243001123586303e-04
4.170879305112180045e-04
5.684876504908814359e-04
5.584816236944585956e-04
8.752831469485786598e-04
4.470484268787952987e-04
8.079350032578795030e-04
1.049027466744847101e-03
3.734539731165116235e-04
2.135942207917680355e-04
9.488699918136671903e-04
1.714429055073681029e-03
3.137656466232802317e-04
1.822745648767857326e-03
1.208419561163728406e-03
1.313685756175649423e-03
7.235413354181879789e-04
8.365962182979236805e-04
1.055024020332094407e-03
1.709135556161072789e-03
1.585610392929515632e-03
1.155202057863229104e-03
8.744419532853766339e-04
1.209480221965459007e-03
3.102310661193169276e-03
7.665036577632970390e-04
1.648602209441206012e-03
9.811075351007128142e-04
1.274683398851946892e-03
7.085579590912510382e-04
3.333393617408135609e-04
7.001544820736514295e-04
6.883259351032848918e-04
1.273316357675048464e-03
2.959435810568914675e-04
2.100494554927534105e-03
6.146419057195159604e-04
8.796456533872607170e-04
8.076553173221659443e-04
9.186280052451371164e-04
8.675417448516855321e-04
6.332724898480740407e-04
1.415224094846185242e-03
1.553388618116781882e-03
7.024710317792322170e-04
4.797844767859950972e-04
7.634407195987945012e-04
5.098501370562887958e-04
3.532499119677219124e-04
9.822472635085672914e-04
7.392850363874598927e-04
1.591004782023302698e-03
8.027972152666096100e-04
7.332893935214590498e-04
6.035562168188341467e-04
3.683773753454091322e-04
1.815501599462830467e-03
1.092539489264940638e-03
6.142054500822674004e-04
1.643012129812069632e-03
4.092635426537455379e-03
1.601986297393118500e-03
3.706452444876745848e-04
7.252987678148837018e-04
1.575054967470339946e-03
1.440424250604023905e-03
5.952319415454900052e-04
3.792154994581682041e-04
4.338900187850972109e-04
1.118222070964533174e-03
6.813501550610640868e-04
1.263031209923795540e-03
4.311627179639022684e-04
3.233085311513023185e-04
1.105048298910867163e-03
6.401302210110031577e-04
7.119024947732770789e-04
2.168306513786298715e-03
9.289428744703732673e-04
1.515716974847044519e-03
7.357852662512226515e-04
4.473052912719543647e-04
5.906250652445736368e-04
3.074590801849686351e-04
9.108046830930279728e-04
1.284355562784185402e-03
5.293822187557216613e-04
7.262695188643819967e-04
1.792971939756423695e-03
3.958188263246556027e-04
7.249421366161563343e-04
2.039681401550437652e-03
9.727621508202955510e-04
1.943909900328134486e-03
