5.817589504365088286e-04
3.621347539902949083e-04
1.988161040920657658e-04
3.713963679987449949e-04
4.911370827995542110e-04
7.392846668582653226e-04
3.200475208513358641e-04
1.357838270664563779e-03
2.193962405227093185e-04
1.281040483771295159e-03
4.180247439950791617e-04
3.213902114446091918e-02
1.818767784078293391e-03
7.167619566342878484e-04
5.941819889005600132e-04
5.489397345240439345e-04
3.226415312115200602e-04
5.171553644147340026e-04
4.869222481584740058e-04
2.579110499728069707e-04
7.375821348892578309e-04
3.019650856719704535e-04
5.950318864600371996e-04
7.735260925687131861e-04
1.129272236055076702e-03
2.074446911215191598e-03
8.765000969581253397e-04
7.024897080312143220e-04
3.621880030355145112e-03
6.447140798999778091e-04
6.453200904042510422e-04
6.998275512829830016e-04
4.308055339357907965e-04
2.152678663121796072e-03
5.477777451234857502e-04
3.548493524557557875e-04
8.015592160455370114e-04
4.162962741762611489e-03
7.891579797820062530e-04
4.438273531494679931e-04
1.967927785134750086e-04
3.225442919977968394e-04
5.508594588177214519e-04
6.157996237557425770e-03
1.133002051042838500e-03
6.435483280280871951e-04
4.905582201984193822e-04
6.545865119518988126e-04
1.119934639819817734e-03
3.511008639859790293e-04
2.216340303268058852e-04
8.484870533893902221e-04
7.368648804613623987e-04
1.283064873387853785e-03
1.297505736770249857e-03
1.281109111353398184e-03
1.867935235840547325e-04
4.506115512202744618e-04
7.975634500214846432e-04
3.379285693020359950e-03
3.326668039020604963e-04
7.685355549059496270e-04
1.421997066088262181e-03
5.047443908126828926e-04
2.049293078628086889e-03
5.937677667277475174e-04
6.931961837382034529e-04
1.962878417055521994e-03
7.564836967446131365e-04
2.295881705398800619e-03
1.820891692036748265e-03
1.443665732793287214e-03
9.071398902994115077e-04
4.628900558020200497e-04
1.175035568440449714e-03
7.634857570055528057e-04
3.892176324466805541e-04
1.611978519701553298e-03
4.703087560774248002e-04
7.615593780412431438e-04
5.443256603265030210e-04
2.338448843201471452e-04
8.287895376317607485e-04
1.187285821748310186e-03
1.554581629846680862e-03
7.061187577970220097e-04
4.390860007412051560e-04
4.140645281452642965e-04
2.555099837009004553e-03
5.102314420425669260e-04
7.462884083334823775e-04
2.250510705722417733e-04
2.288346960401728707e-04
8.826511261203002145e-04
6.578151146409693143e-04
3.504085474661041582e-04
1.892130107899042679e-03
6.828763857808804521e-04
7.722695682579732443e-04
5.374358652980656828e-04
2.183940801325153468e-03
2.057734410972594796e-03
1.303257719580808507e-03
6.483230531539925122e-04
4.474241773706749822e-04
1.128884871362866547e-02
2.883364973015671530e-04
4.272345827217771588e-04
5.477605638007840543e-04
7.423823224302965275e-04
4.971433661182105305e-04
8.752385967401884841e-04
3.812149311013604547e-04
1.409034691292662255e-04
8.831741933002193890e-04
3.651310198510026076e-04
6.555788651063540430e-04
4.031055108407851566e-04
7.592130164888701753e-04
1.141253684386955370e-03
1.814388502464249573e-03
8.077374447817267438e-04
9.646088805110995161e-04
1.001418044300670350e-03
3.785951929852236840e-04
4.386773328288641883e-04
6.219392748218877500e-04
5.822230190939125258e-04
3.320438014915689118e-03
7.106594801124374236e-04
2.826576397236544354e-04
1.363830904300813605e-03
1.183756707073858883e-03
4.673109807911448297e-04
2.603883490339134726e-03
1.353960291100506520e-03
1.842135271604631750e-03
6.824418478907669228e-04
6.147531321411661741e-04
4.399618990739947761e-04
3.860030125690276843e-04
7.033905062414202297e-04
2.096200204259124691e-03
8.826511261203002145e-04
1.012732465125883250e-03
2.942341452458639901e-04
3.159445390919389182e-04
1.329935602829215120e-03
4.737431953350904577e-03
1.586021744419643725e-03
5.187078949214226449e-04
4.801117695571963453e-03
7.026933727352799265e-04
7.621140131919243747e-04
8.139129237736792647e-04
2.383058059387785019e-03
3.182096490477429756e-04
1.835085344780101792e-03
6.174084586479649389e-03
1.462786833199060952e-03
3.275545834954226351e-03
2.065460129134330698e-03
6.939284729486799082e-04
5.054683987466886824e-04
3.259493429133370683e-04
4.573481025691822051e-04
1.743475937148232253e-03
7.046424802703441176e-04
3.515951546720918770e-04
1.477259630718230328e-03
1.162400359023445804e-03
6.343925297244236211e-04
2.897270443444766985e-04
6.036190535994975705e-04
1.289205804960561613e-03
2.370842862811446054e-04
5.025753780962667573e-04
5.333273610300369189e-04
4.462067874568726475e-04
5.323013913001960196e-04
7.373215903860822363e-04
7.214495350565232681e-04
6.233399104475930656e-04
4.086156677908873427e-04
3.181846031026377107e-04
3.415844960068016860e-04
2.212648639087836364e-04
6.899975893370383995e-04
9.336600626677603060e-04
5.339067933869281026e-04
4.001810226387918245e-04
7.439076964137370396e-04
5.350731563265132083e-04
3.886941767928145755e-04
2.410437718857419041e-04
6.264833294170304902e-04
6.124125752466572786e-04
8.176758965271381388e-04
1.231130884529771244e-03
5.129945902971723773e-04
4.938062038530026832e-04
3.014791234142001424e-04
3.737702140521324042e-04
9.285622451483961214e-04
8.188284976049751973e-04
1.070653764672692973e-03
4.623182967169421143e-04
7.846178963869174239e-04
1.831309305674467007e-03
8.578168531701341106e-04
5.568619290981214297e-04
1.569024231096979036e-03
2.370842862811446054e-04
1.367768598099944680e-03
3.881674541587961541e-04
3.360032869012032899e-04
4.818242323827753490e-04
4.696567087456449000e-04
4.898018648196013434e-04
1.715946217919073723e-03
5.129622702691990013e-04
7.867982868454768530e-04
4.343912984574095984e-03
5.235687213560465906e-04
1.183756707073858883e-03
1.178031512295451893e-03
1.413325364470284680e-03
7.926668880898583023e-04
6.439931329882068577e-04
9.804969850540079523e-04
6.874439654929636115e-04
8.771971623031642054e-04
2.862652106571330788e-04
1.981356752703456077e-03
5.700875776508117785e-04
5.905025885705460524e-04
4.075897779444669598e-04
2.503783082723897054e-04
6.402134768255777651e-04
6.860107907345842828e-04
3.314541708666320346e-03
6.924697617488520659e-04
3.189664824506408610e-04
7.153990600540011862e-04
9.991971435846908577e-04
4.745658378285226749e-03
5.116284418237096454e-03
1.980632118302103322e-03
9.475433451136955603e-04
5.136023034224742592e-04
8.894489752043838659e-04
3.985381140923086106e-04
4.184834201429509589e-04
5.433696655041353419e-04
1.010363079968399540e-03
3.646956611785912104e-04
6.500192304050007950e-04
3.586690019119009669e-04
5.506191680215221729e-04
1.000311289017521543e-03
7.103911702303063007e-04
3.558881567210180150e-03
2.980427523842677255e-04
9.968039425533144898e-03
6.809627688736432640e-04
3.037542825154947146e-04
3.723508559984746013e-04
3.362592317154839794e-04
5.775497872826115082e-04
4.843359329127174180e-04
9.030013303547666098e-04
3.200475208513358641e-04
1.385953819864626157e-03
1.299949096649360503e-03
2.248517366662060963e-04
5.693349624652204854e-04
5.844551790458630972e-04
5.984484683998885510e-04
3.017626029941340238e-04
2.149058468402150531e-03
5.219463832611516765e-03
4.283398902593478150e-04
3.904068966135095550e-04
6.961618278238383868e-04
1.459363226243745289e-03
4.240142919714969569e-04
2.132374231745943430e-03
9.443376349339963928e-04
5.950710418336978237e-04
5.049238406760057007e-04
3.692743939516554791e-04
1.114756955730073808e-03
2.385942901469699398e-04
7.974170089529279432e-04
1.045178755661165708e-03
1.820770628843498742e-03
5.482442876017039855e-04
3.825174229606813142e-04
1.039950575703698244e-03
4.477892405701571431e-04
1.961170348516226656e-04
7.016551792081909605e-04
7.454736820314576467e-04
1.543868991842944254e-03
7.802600701916700358e-04
5.320707228551133788e-04
6.048363977673872592e-04
4.496830944197764517e-04
5.110605098328180286e-04
1.182742932152722496e-03
8.576705948433692699e-04
2.878384959463709328e-03
7.941241638382680410e-04
4.815476475123794432e-03
7.958399002277128037e-04
4.275254123121051907e-04
6.088102293230438378e-04
9.855843311105815137e-04
1.114659511754468929e-03
1.564108552000748964e-03
6.849077339888114688e-04
3.143950752421173500e-03
5.471849420111494621e-04
5.941821481081512426e-04
3.276400573064546396e-04
5.371230619233385547e-04
4.827546968087516560e-04
6.706608039840335428e-04
5.161709560810590893e-04
5.970034261617920834e-04
6.103544311198566292e-04
9.289685765770134152e-04
1.586609820347095485e-03
6.788212455570665676e-04
1.477492828720500381e-03
2.861665508978479804e-04
2.018167580482554133e-04
1.811618087343909098e-03
6.825031110723335081e-04
9.882711443971350755e-04
3.860968630571466349e-04
4.507542569748503492e-04
4.623182967169421143e-04
4.352736786854063955e-04
9.912725950480831463e-04
1.189936618536761902e-03
2.212648639087836364e-04
5.743332200261294825e-04
6.103790978639877249e-04
4.269689348169976371e-04
6.808364695868973464e-04
2.739966725729324980e-04
8.791827355711772643e-04
5.486145384864814277e-04
2.861665508978479804e-04
2.477858372975203123e-04
1.687211271726494046e-03
1.376080681999461474e-03
5.369819649143432651e-04
5.500312897977250757e-04
3.311655392130312858e-04
3.847426181819604113e-04
5.076345917152615041e-04
1.878182614831431585e-03
9.432266455890696418e-04
3.789194734122951734e-04
3.738278874564458657e-04
1.381613135085296533e-03
1.492154183067018452e-03
6.200595486626103063e-04
5.731465592312396220e-04
5.895120882837738899e-04
1.579033826059000694e-04
3.123655815388417731e-03
3.152851999334176092e-03
5.260583490480387741e-04
3.092319213574716346e-04
2.755604139519002077e-04
1.078206106746834635e-03
5.093274915523146075e-03
1.021291946308602568e-03
6.426247397843928757e-04
3.266174510880095767e-04
5.975986121838467672e-04
3.763162675531657323e-04
9.381519302598175522e-04
8.994379749625657601e-04
5.416546088457133493e-04
3.529086645835532044e-04
2.922308580716944347e-03
5.159418585487281087e-04
7.678830539945690360e-04
1.773138455966735347e-03
4.288675391742750908e-04
6.989510618859458681e-04
2.367937591779088594e-04
1.680712339120124564e-03
1.388311066862165473e-03
3.280728787742543729e-04
4.273699990963639975e-04
1.197829542121420969e-03
1.097031773920107084e-03
4.435579008492939465e-04
1.086324272972839051e-03
1.011305045889267966e-03
6.987017501913387685e-04
8.311042607458021640e-04
1.159099865859904849e-03
4.608389528021245712e-03
1.295103400351608992e-03
6.879319057506888850e-04
5.038981830945816164e-04
4.142040019656849869e-04
5.507927678630017334e-04
3.527683680227612401e-04
2.957902168802857426e-04
7.213212374353382373e-04
5.734230345188105413e-04
4.869077464309321110e-04
8.830825262308542338e-04
1.533457138450112492e-04
9.578714381429328552e-04
5.474522458037565020e-04
9.754458608157259066e-04
2.971601611953793992e-04
6.494664366478511419e-04
2.161704601745637500e-04
2.228638748130459726e-03
6.255453574715116221e-04
1.321071442023457601e-03
3.672071574143093262e-04
7.852515174602139403e-04
3.836038786949600484e-04
3.882647590983746887e-04
2.942981922544840004e-04
1.500614810667060981e-03
2.023774056017646624e-04
5.314903445074220696e-04
6.474375895612912270e-04
1.625933488002989343e-03
1.753043288615189392e-03
8.444059604337515214e-04
3.861557484655031222e-04
4.904063103480071472e-04
3.798880310420077152e-04
1.181150118624413846e-03
4.376037094459752242e-04
6.446508386968536957e-04
6.948015929375139657e-04
1.070502175444917360e-03
1.590857751617490504e-02
4.921196524635290150e-04
4.418248595613137424e-03
1.135452146379765416e-03
1.165958441293028520e-03
2.535510159201997439e-03
4.083630091846692672e-04
9.104979209627107363e-04
1.499940928073000349e-03
1.040603439612165001e-03
1.478373313536021638e-03
8.349126131032687205e-04
9.012746641245245570e-04
4.714855723282709334e-04
5.907978416215785289e-04
4.554613116455247029e-04
3.114378721651486618e-04
4.079428169864952793e-04
5.054810137792351389e-04
7.347761231453272960e-04
5.611640177398534868e-04
7.974170089529279432e-04
2.634803048876950787e-04
1.257782494147630841e-03
6.324841128368253844e-04
1.106071570266112681e-03
4.804744580108073347e-04
2.395917426995213505e-03
1.024400795692087486e-03
2.807646574222302099e-03
7.418465873088104156e-04
8.040651353478445520e-04
1.156560783293594428e-04
1.412269755409168446e-03
1.248415624009442974e-03
2.302457391877645889e-04
1.538807329480980151e-03
1.538265867904004989e-03
5.678322563793417955e-04
8.252521238485076814e-04
3.212947332969341512e-04
6.836613160436633661e-04
2.897100205800701893e-04
8.260552138439717371e-04
5.943322160448320226e-04
5.103593472915439900e-04
3.238735641658358139e-04
4.913925506557623082e-04
1.025512512651241244e-03
1.121370327258649872e-03
9.373298475435405414e-04
6.603384686901456191e-04
6.589050742344423721e-04
4.159599901074874590e-04
4.146846981279577490e-04
1.738806321489365586e-03
5.866989825640469159e-04
3.665588387629853460e-04
6.614634808814211014e-04
6.097299757772074507e-04
3.059710523857317541e-03
2.415855539360346922e-03
8.294711590966393194e-04
6.482937421854870945e-04
4.992907175540147943e-04
4.390087966087273422e-04
5.968520185414126922e-04
3.334651390148945052e-04
4.017354729851363698e-04
3.468125635667478469e-04
4.939031654695469906e-04
1.471969218174949950e-03
1.972147067115615632e-03
1.997339089179213812e-03
6.824108763816426511e-04
1.736358452129682130e-03
5.298635120134367405e-04
3.010753882140232082e-03
1.577351022772525676e-03
8.193965860429912752e-04
1.166380732688312646e-03
4.572214509937731482e-04
2.358484169589456511e-04
6.229360755580374068e-04
3.405556206174518334e-04
1.533409259324468917e-03
4.363437345206671149e-04
5.145468193985714041e-04
2.653826173121534224e-04
7.602724551462635479e-04
1.290156290027879736e-03
7.668828588037556295e-04
1.150977069472866121e-03
3.313359764636541679e-03
5.958297304168234639e-04
7.363382785373885847e-04
1.389368896590346654e-03
1.364292468673048147e-04
1.634386371997958954e-03
6.082605928405191960e-04
3.940512780784726009e-04
3.788709061512501278e-04
5.253741968005402755e-04
1.546934307067142356e-03
1.385610520788801200e-03
2.942981922544840004e-04
8.850541697368038497e-04
5.205233955411863421e-04
4.413569124079292196e-04
3.775141545282957763e-04
5.461804777275472509e-04
6.707246759885106486e-04
1.392899797145492370e-03
6.056870724356079030e-04
1.818767784078293391e-03
1.228229715255646764e-03
2.847176975395678163e-03
8.315474355367781642e-04
6.403001955769931910e-04
6.526636822094811219e-04
1.747835160185963661e-04
5.351755685200635304e-04
5.787205594949929944e-04
2.049293078628086889e-03
1.226897052115003949e-03
6.519160068930652174e-04
9.030013303547666098e-04
1.024400795692087486e-03
2.279657452053456500e-04
6.617980265458914702e-04
4.763142143047221686e-04
3.310094289605044885e-04
3.138626222606525490e-04
1.287835368789218326e-03
4.200443355229458039e-04
4.716720495878486043e-04
2.845125995507433430e-03
1.329366963051569058e-03
8.207554992928207905e-04
2.849412965575099429e-03
2.606719593058256655e-04
4.254302907222478410e-04
5.054963637678073531e-04
1.264477387384924665e-03
1.562654869344437493e-03
6.582301074436647421e-04
4.826610826032074831e-04
2.062255585698936650e-03
2.090642979154806042e-03
7.049253363657681558e-04
4.216955130997727735e-04
1.192937494282670600e-03
7.066737613785057086e-04
5.296106270868420002e-04
4.697925412878813426e-04
1.314089158699725726e-03
4.695823910532696452e-04
2.896905323153556940e-04
4.947100818943795005e-04
1.249397075462677737e-03
2.622046750010055961e-04
1.241744278658990551e-03
6.697536598516452572e-04
2.836757675094076967e-04
2.847176975395678163e-03
1.881088381508696323e-03
1.240393244197695709e-03
1.095010498234793043e-03
1.978379467915302098e-04
1.987528869446528353e-03
7.865172314365734968e-04
5.463440981003172972e-04
1.490450709518618706e-03
1.330552247548274667e-03
9.638682458740072383e-04
1.265790377288647083e-03
4.193122057481410989e-04
1.961402739268000225e-03
6.852559924096007435e-04
5.084475616073347260e-04
3.075393706335118483e-04
2.661755737196140853e-04
3.815425785215050209e-04
3.192238513318874081e-04
1.400268555562700747e-03
3.085630248142291017e-04
6.930838002752431459e-04
6.043113529001435235e-04
1.136407967626318133e-03
5.767166351657886840e-04
5.960509699821627200e-04
2.999121242468808912e-03
6.056870724356079030e-04
1.668906106931049033e-03
6.550547921001746970e-04
1.129132839838677040e-03
7.479357495970577387e-04
7.710450714438111738e-03
1.353960291100506520e-03
2.530223175495798296e-04
3.476630069562923215e-04
6.651549944964662382e-04
7.536577187107967391e-04
1.559795756239286575e-03
1.289093316674967769e-03
1.421437338362587519e-03
3.881380462516581054e-04
4.723218295059326312e-03
1.364629654645938385e-03
1.287682783461506887e-03
1.753043288615189392e-03
7.450988638571932714e-04
6.280338366183126683e-04
7.735260925687131861e-04
2.954971148530528293e-04
2.091184324670409319e-03
1.102199940076755043e-03
4.025541210705050840e-04
8.274617011908272281e-04
8.082214472009215025e-04
9.165647069826940961e-04
1.250485303445629049e-03
2.905000435043151707e-03
3.977188955625466228e-04
3.685723181765947795e-04
3.764527933138722693e-04
3.688443555447308174e-04
5.606404467264682620e-04
1.421922668048199168e-03
8.305975305848698528e-04
2.221721745692948214e-03
1.031962742771332488e-03
5.142446786254844387e-04
9.845016477707012673e-04
2.142082800817448989e-04
1.532776039438148944e-03
2.710639671898199769e-04
1.005261410683167076e-03
6.528965243013324163e-04
8.066294243796424349e-04
5.758706790655418895e-04
3.548533031447451721e-04
7.459051305271168332e-04
7.281460133930022470e-04
3.334464120591507899e-04
6.902946840686772882e-04
8.900519591643074341e-04
7.481625483984044025e-04
8.041072921031258442e-04
6.948015929375139657e-04
5.158098355681681440e-04
4.468849565495459919e-04
7.524597503177544609e-04
8.888929651096325784e-04
3.857262542129212372e-03
8.609897742381570317e-04
3.519368821993425081e-04
2.769377713659676443e-03
3.937675232550426471e-04
5.477605638007840543e-04
2.910795592911644028e-04
2.749300635039324172e-03
1.440357665797833498e-03
8.431509432400098375e-04
8.589402594699796674e-04
1.477259630718230328e-03
3.988513115707280191e-04
8.129172068715995181e-04
9.132478876322564941e-04
5.174926424001716164e-04
5.698304172229979149e-04
9.566503183944480380e-04
4.080937124486522629e-04
6.428463014973796654e-04
6.276062864519634486e-04
7.358855400314166448e-04
5.188013910374716584e-04
8.723013106696348969e-04
1.581802511176335193e-03
7.520645856170756535e-04
7.217034174872967662e-04
7.363504371586419503e-04
7.241387891224833253e-04
4.494689238353421698e-04
9.405014039648070803e-04
1.497329229402474165e-03
4.934127669706722327e-04
1.851991585291558535e-04
1.370993330058603967e-03
1.171818988207867784e-03
1.654250845161151472e-03
1.022424938224415119e-03
5.078186513101690417e-04
4.129392424331079564e-04
1.821607925688419191e-03
1.761211299022994239e-03
4.955609264521392129e-04
1.330552247548274667e-03
4.620968426633299039e-04
5.520529535349110025e-04
3.086418022406207918e-04
3.201262618237354939e-04
5.728981157559196770e-04
3.200475208513358641e-04
1.101539023771214935e-03
2.524360829651612508e-04
4.249671550849405482e-04
5.761904995756150045e-04
6.618243836226886129e-04
4.411144000872065205e-04
5.660007836906895884e-04
1.125804888923285455e-03
3.147008959959496409e-04
1.407165438006064296e-03
1.060532827464001496e-03
8.812036146566500127e-04
6.102516203880144208e-04
2.842638710003084299e-04
6.919336335348626361e-04
5.360559524594019467e-04
3.214355735180978281e-04
7.647017035005316014e-04
3.431846912075109455e-04
1.132324041864433669e-03
1.329875615217443506e-03
2.154910458007287810e-03
5.766106110182713223e-04
1.209657584304866477e-03
8.658813527430192416e-04
1.710928721238906775e-04
5.286407502608258310e-04
8.144011836990263384e-04
7.063253350610786520e-04
3.360721947980573271e-04
1.147950489308625531e-03
1.105040414619109287e-03
2.686246206647019473e-04
5.415422316366999469e-04
1.910217823557663658e-04
1.813581683331504536e-03
2.974283935796379280e-04
5.207750226207608557e-04
9.474655519626358447e-04
5.433595153224374859e-04
3.019064758945599848e-04
4.427099147388042946e-04
3.752008804189872391e-04
7.893658710332952843e-04
3.571325190553801664e-03
7.313207777856261995e-04
4.616508143081527273e-04
3.010597598635638404e-04
3.159109171677287843e-04
8.968403094196510193e-04
1.822598291343798405e-03
3.582555417478848112e-04
1.311669398974907698e-03
6.083366151818848282e-04
4.810466818291823086e-04
1.184895865062257549e-03
7.234013065338358930e-04
4.654921268927297981e-04
5.412532051839487194e-04
5.935298795225339881e-04
1.063810838400896771e-03
5.743332200261294825e-04
1.114330452426085709e-03
3.351267662982982103e-03
4.218331165961872252e-04
2.499621882486587326e-03
2.768782682911344675e-04
1.029178019616434323e-04
2.700834947920234433e-04
9.754458608157259066e-04
3.598614246580588284e-04
7.122381766938209449e-04
1.583730404421382549e-04
3.353229484250567377e-04
5.154563575420521371e-04
6.446508386968536957e-04
5.355344763000739793e-04
3.687245904304418042e-04
2.224561290627752774e-04
2.810040548406712597e-03
8.640638887721088443e-04
8.733571871827318324e-04
4.320606422150671030e-04
8.415814849874927572e-04
3.360032869012032899e-04
2.911173531659620815e-03
1.706690097244455400e-03
8.817655242039581934e-04
5.040246678584058915e-04
6.684623169090023881e-04
1.052725038986606276e-03
1.358889347135613501e-03
8.409579956706299611e-04
3.483881133685291223e-04
2.267869180802282916e-03
2.458564728817478912e-04
1.806538272463220824e-04
6.212845342891115934e-04
8.497581266037538932e-04
3.581203675561167479e-04
3.449805030278515171e-04
9.439197617994805802e-04
1.899312062520428239e-04
3.187812693777763474e-04
1.946259747809441637e-03
5.425313840982461154e-04
5.673046484807632572e-04
4.373655149277497971e-04
2.757593519983845502e-03
3.313325580801819935e-04
1.367339306442948025e-03
1.303257719580808507e-03
2.527515693309879269e-03
3.786390959645282123e-04
1.061476792301882304e-03
2.504889353969521606e-04
1.080189398047627257e-03
5.804707361976448694e-04
6.519640385337401034e-04
2.956817277590906789e-04
4.169926059070254345e-04
3.171799036699705660e-04
8.119340328121708904e-04
3.635213031875277143e-04
6.564943836872942640e-04
1.284358165536361946e-03
5.320274554748176052e-04
3.958919268114513101e-04
3.836038786949600484e-04
7.418465873088104156e-04
1.339177506489722547e-03
1.011305045889267966e-03
3.154211449454319871e-04
5.857162650928769178e-04
7.111878011514910199e-04
6.776112653377762201e-04
9.646088805110995161e-04
4.358107186260979358e-04
5.847738944041688033e-04
1.011762083837431173e-03
1.664654350427918674e-03
4.963996245503744320e-04
4.304844853818692125e-04
2.632739839258579017e-04
6.824108763816426511e-04
1.811618087343909098e-03
6.966073083655211808e-04
8.573330782729847183e-04
1.185140852313489642e-03
4.017354729851363698e-04
1.652444048240757834e-03
2.274632022550771970e-03
2.582124205844058256e-03
2.402967026416198053e-04
1.381285002132696688e-03
7.545981699411857856e-04
3.624951318976206947e-03
2.506423176043604852e-04
4.915125786730231748e-04
1.822598291343798405e-03
4.224159589943560808e-04
7.038746477265149515e-04
5.406719125760550346e-04
5.200572377944195565e-04
1.251185151476848136e-03
2.132244791695166500e-04
4.159595296828822787e-04
4.653063837762330896e-04
9.452794909475815662e-04
1.555667416394830886e-03
7.857400280927693713e-04
3.557767462883886910e-03
1.222304123914554628e-03
1.554815767610596153e-03
2.660984779485496901e-03
3.492865446713398531e-04
3.652266980959300918e-04
5.198934143931080486e-04
1.382349388550145781e-03
9.707760434537283717e-04
2.362539372508565586e-04
2.480657037279990120e-03
1.524802002947238388e-03
5.046234239192668196e-04
2.273826845358584408e-03
5.405783004282041244e-04
4.807379434446656138e-04
7.614712258430247297e-04
6.556529697404079324e-04
4.566103042009909290e-04
3.143221094226638724e-04
1.328347810933242553e-03
2.821057780621021027e-04
2.652664850010811627e-03
2.789510992600956868e-04
7.012467883590954403e-04
9.352940129142646355e-04
3.902538813282722084e-04
1.673631425293953940e-04
1.257614128343219079e-03
3.446940663724951635e-04
3.754049595700939285e-04
3.742049013155185279e-04
1.532484787561826925e-03
2.032146854990884814e-03
3.369201941363005395e-03
4.903648310894238123e-04
3.677894230000874703e-04
7.116762484673117830e-04
2.654863665540604326e-04
4.065615061681507954e-04
2.851971200463577615e-03
2.567008246755071959e-04
1.352291030958857479e-03
1.412397609504493015e-03
7.775297662273581486e-04
9.085112084737052883e-04
1.348214481310793227e-03
5.220604588309845718e-04
1.257480282795897866e-03
5.133952069144011266e-04
2.405874703203941811e-03
1.184895865062257549e-03
8.825974978757361285e-04
3.967185520801970477e-04
6.391781297283690095e-04
4.321294630188464176e-04
4.159599901074874590e-04
5.081213639840055293e-04
3.364194789797192962e-04
1.298945747262655751e-03
2.908637045493023461e-04
3.949922092222492688e-04
2.986417322196102371e-04
3.477030881256140530e-04
8.929713581352054100e-04
2.660178027302133232e-03
1.465463194589352192e-03
5.594401744679984492e-04
4.649734760723371325e-04
7.433278568249233019e-04
2.514618127709352681e-04
4.869837313725121093e-04
1.954550273389651894e-04
5.351379963340794580e-04
6.399494989821215805e-04
