3.946253845688121355e-04
5.164316893623225723e-04
3.893394304413564343e-04
1.003198048845460296e-03
5.022185786886033520e-04
5.396227321982369554e-04
8.447928775723553049e-04
1.035100358885216202e-03
9.147860428751190430e-04
2.278299673620525802e-03
4.542781610886423337e-04
9.573327857557686936e-04
2.044548683271248807e-03
1.474984616182501871e-03
1.029144773195820586e-03
3.104461409312035420e-03
3.407390903822151177e-04
4.768820488486886361e-04
2.922286905534106317e-04
3.634170137614942705e-04
3.528260441046867941e-04
5.907349772127722760e-04
3.421573853785551608e-03
5.545862202741557194e-04
8.422817604538940369e-04
5.355455452261321560e-04
3.328225952742414995e-04
5.149099832748594554e-04
3.817119613576159826e-04
1.780247603571939166e-03
1.115103769820480683e-03
8.384340828581418863e-04
1.529803540981895717e-03
7.327271234796871617e-04
9.262841947867446598e-04
7.906086165157266438e-04
2.355806488587951133e-03
3.222574587244901329e-03
1.014134659581251248e-03
5.608517615738854581e-04
5.780676798605903846e-04
5.422677704020470923e-04
1.189279918458097454e-03
1.041093474509648901e-03
3.235969325773715511e-04
4.537351525134702556e-04
1.066487521357146768e-03
4.335925943405250968e-04
7.234961867591336703e-04
2.982452021105668773e-04
1.017218185602999621e-03
5.251489958222449982e-04
3.585591633889246167e-04
1.315039046278642645e-03
2.882772692056334574e-03
1.401480190208243557e-03
5.552758865699554012e-04
8.801038129505297288e-04
1.308270604133907880e-03
1.098382910951679068e-03
7.119771798496905097e-04
8.567030153245788456e-04
1.040789870392815194e-03
6.908117404636944254e-04
5.290133588564263981e-04
4.038018531669872722e-04
3.095107519195975862e-04
1.403649684683839225e-03
5.513893770568793198e-04
8.716271837724277579e-04
8.223852482644111121e-04
4.559032843741291324e-04
6.991441549437472447e-04
1.415126097336766742e-03
4.769107607654695952e-04
6.612642493733659815e-04
5.540571784580445094e-04
3.830809516861661775e-04
1.149167730256115761e-03
2.141151218323292596e-03
5.306080875292832049e-04
3.313096631766943414e-04
1.943177820586222378e-03
8.600253354665273256e-04
5.751660318184178026e-04
7.161407725746825976e-04
5.320663744571457222e-04
4.842268795251278941e-04
1.062032785768820533e-03
4.363549407967076449e-04
5.566723159684175805e-04
8.174646152848721566e-04
6.438485781630113149e-04
6.090109964748203000e-04
1.033196723143706705e-03
5.811406100230999145e-04
3.673189132929698922e-04
1.368534995655033924e-03
2.723029096172998134e-04
2.171596070095197038e-03
1.755118676185251844e-03
1.295924503627897580e-03
2.222877859127599630e-03
7.477635265421430331e-04
8.427815915476862896e-04
1.880791233103275544e-03
6.313066440958812206e-04
7.199369048919452424e-04
4.613567523273166609e-04
4.632978111466931549e-04
6.409380816861390490e-04
1.897206184427008193e-03
1.800573325966124509e-03
8.070652158043676878e-04
5.280612795093330217e-04
5.918351638116670045e-04
6.858770969130213290e-04
1.654612803198198890e-03
1.363541050847998570e-03
7.100752626262083313e-04
1.120669102406379953e-03
6.543333519200725083e-04
2.545189719994964909e-03
9.928287267061803277e-04
9.601481960357957472e-04
5.160076595812670671e-04
4.790730058710157492e-04
3.436143724286729235e-04
7.056866687218274438e-04
1.012479152029531699e-03
9.921465124049142457e-04
9.141009078390419443e-04
5.889658831273426268e-04
8.025246287849870661e-04
2.864436942464259998e-03
4.047071957539719240e-04
4.841284982600847862e-04
1.622393366096438940e-03
7.210863829385696488e-04
4.257472866294465517e-04
4.559859254464412198e-04
9.474054770385347728e-04
4.509043382699801333e-04
7.580791880275446421e-04
8.996113446289931252e-04
8.336723477725700021e-04
5.751660318184178026e-04
1.120766532124698291e-03
8.657808035824709862e-04
3.761919298494155678e-04
1.819596321650857138e-03
2.937224332401593011e-04
7.766626002843086008e-04
1.916169998264988044e-04
5.079158185695024962e-04
7.114784862080993696e-04
3.435870659473012922e-04
9.486373892315374135e-04
1.610459063798138713e-03
8.312631887857002341e-04
9.632226504915122325e-04
6.865010897639037268e-04
7.485478032360406292e-04
7.114784862080993696e-04
1.036989695485606268e-03
4.170629843536911136e-04
7.760301274982921247e-04
7.896352882838129569e-04
3.435503576609979614e-04
1.209386021296766445e-03
7.149388325175515648e-04
4.817076697086478598e-04
2.058410454841959770e-03
3.985942738590320220e-04
8.924251347887826417e-04
1.486574718756700046e-03
7.550325598887626215e-04
7.598769379220561429e-04
1.022145249894515365e-03
2.343907598948287777e-03
6.751656377959337199e-04
6.530329971001240432e-04
3.915690478918235681e-04
7.863077020188573036e-04
9.486137228004106218e-04
5.686122975034433452e-04
9.914257619117116619e-04
4.487188390659939538e-04
3.116979637670578532e-04
8.296152607138079825e-04
4.877113594092692662e-04
6.520655238445673997e-04
1.049139090968048346e-03
6.201619327209908702e-04
7.670550567811866257e-04
7.677330879069981309e-04
8.478329992389634605e-04
1.154326019054739564e-03
1.238721039287079802e-03
2.692630551706002933e-04
6.729897425882267262e-04
2.799539330703470445e-03
8.598402446786708323e-04
1.177663722891871597e-03
4.426421898240258368e-04
1.337273613131617460e-03
8.539575920534503428e-04
5.776147475887650389e-04
2.183978314184405970e-03
2.776256124236675150e-03
4.125117424866691610e-04
3.721738977400321311e-03
1.134906225951045830e-03
6.063326690042356980e-04
2.793670052027732000e-04
1.504978267919081800e-03
4.422489284585833565e-04
1.356782878463002381e-03
9.709869250163488544e-04
2.350976738280392397e-03
1.358010907301058275e-03
6.055265647029757893e-04
5.726598646361709226e-04
6.452220661782860330e-04
2.692630551706002933e-04
6.744909611887381145e-04
9.935076269974279627e-04
5.288578831814866928e-04
1.114909148147818748e-03
1.449054323124308527e-03
9.948220115905724928e-04
2.147034903398438877e-03
1.428650668556494295e-03
1.122228856298096954e-03
4.049700213817217448e-04
1.355973437718348664e-03
9.526226991928051901e-04
3.116459547757311757e-04
6.036438334057940905e-04
2.220524527356572235e-03
5.669671027585655807e-04
3.671408491446258283e-04
1.208394246240132889e-03
3.068685911127579341e-04
9.478138559187956240e-04
7.577436388267634734e-04
5.080068638145867829e-04
8.720093842722805326e-04
5.017542688531667064e-04
9.506523267927611100e-04
3.017177537093766065e-04
7.750155489848235216e-04
4.400453446028852549e-04
6.655048730588054027e-04
9.654036429988577033e-04
3.346428302577918374e-04
8.364153014677374589e-04
7.170753077990505309e-04
7.300039374259424370e-04
1.145312517708973240e-03
1.007028916178930337e-03
3.773600996092271492e-04
3.910164866250763331e-04
6.795450255025761114e-04
3.865209915370057189e-04
1.061850642937061696e-03
2.435728654131664051e-03
1.391924230864094230e-03
1.134536537465128834e-03
1.025799782931001046e-03
4.991889462406755686e-04
8.854294745843828288e-04
1.116208465665643242e-03
1.093398515710447853e-03
3.083623559762712924e-03
5.886783578177964740e-04
6.840781810237371975e-04
5.817784486687856355e-04
5.326189459908395925e-04
1.802594913997072174e-04
4.809438234653276166e-04
1.433035526897678521e-03
7.681058024927274810e-04
1.585742256247913090e-03
1.206418428687077273e-03
1.802804959243661798e-03
4.416392592442152515e-04
4.534589263846170067e-03
8.434546739269758488e-04
5.858663484055775996e-04
1.392644323436136120e-03
9.414624738578543286e-04
4.798539215779194745e-04
1.521436583292489972e-03
1.253457400162102161e-03
1.578308167936838752e-03
1.654418322128184534e-03
2.562583322269633944e-03
8.526943492566110231e-04
1.301419749480723850e-03
4.108138231572001919e-03
3.477995776262893376e-04
5.130311176739783645e-04
6.809465778341856467e-04
5.053590001757994089e-04
7.654271063523259821e-04
7.938040176714789226e-04
4.558874793695467942e-03
6.437004076574734043e-04
6.075871495827574577e-04
3.207925987751615885e-04
3.434713630698201718e-04
2.854274153254097958e-04
2.060476448371897223e-03
3.985507278009047319e-03
4.821217743702164017e-04
2.201824180938381694e-04
2.859388068193986950e-03
1.064132789839985702e-03
1.385522897925425996e-03
5.467143896412643596e-04
1.091932141868279596e-03
4.525593415282706182e-04
7.378536416940604213e-04
7.040136534998167302e-04
4.147646039587095162e-04
1.253182791406706048e-03
2.789877486185922753e-03
4.105934963295747309e-03
2.122312542950509102e-03
3.035338330698371628e-04
7.164700495997392221e-04
1.899427866726387682e-03
9.566571548269872487e-04
2.212419576896264457e-03
5.046140472158945145e-04
1.164573666359270624e-03
7.649361111713918852e-04
2.667845526504061772e-04
4.255588479341040962e-04
4.724703023605878014e-04
5.808910120219950993e-04
6.644758695142704641e-04
6.109515571281757184e-04
4.513337658324918203e-04
2.202478255353404989e-03
3.215276879330974231e-04
7.487570972025347181e-04
8.038631637938216433e-04
2.005515567057179673e-03
5.763729067115283588e-04
1.395481723867993172e-03
1.011966200181739668e-03
2.015795803576383733e-03
5.471731057872544724e-04
1.206339979288614892e-03
1.488868482184440125e-03
1.062244921205777841e-03
3.244452824698507067e-04
7.306071493650777944e-04
5.859194341291059510e-03
1.203466167939690190e-03
4.526617166468042183e-04
2.943397135358058144e-04
6.762701175888532340e-04
1.096631676951853119e-03
8.400413301745073393e-04
6.146714860379158714e-04
1.176908410650747295e-03
1.541773755908115153e-03
5.262345883730345283e-04
4.351766248804815693e-04
1.968887352057396584e-03
1.060470976577217303e-03
2.901089142647832707e-03
2.147578624729951178e-03
8.075305557047144376e-04
5.374095842908597044e-04
6.993040132680740156e-04
8.741491524386777378e-04
5.129574996212414887e-04
8.530870577106419153e-04
1.156179723683251363e-03
3.303575173838258026e-03
2.281739238243430702e-03
3.287216917691216669e-04
9.252115728923246190e-04
4.265724762355126761e-04
3.243812840911970696e-04
3.873447940782771153e-04
5.759129098866220316e-04
8.480465044155338422e-04
8.973749621810909235e-04
7.020969450979850420e-04
1.996932206757286079e-03
3.382966257337596491e-04
1.561759237978036820e-03
2.934592725730248981e-04
8.297276502431089702e-04
7.228991035689893681e-04
1.292301384927211239e-03
5.040953922475922399e-04
6.791599865341295958e-04
3.965238337147436974e-03
1.363756280159524525e-03
1.858913534387068899e-03
9.324894332095844118e-04
1.084325747152023759e-03
9.986349999364456907e-04
6.303380354510574896e-04
9.398614366547391194e-04
4.499445526668051972e-04
1.377875565057375704e-04
4.493637531049901948e-04
2.290560156520057410e-03
6.035894007663149610e-04
1.865059418769298880e-04
8.136143356761335295e-04
1.504978267919081800e-03
1.748444533634763588e-03
9.839646466661615236e-04
8.360121785881555667e-04
5.705242598473515229e-04
7.460583167064599583e-04
1.083107798219458016e-03
8.451353929704421078e-04
6.392096832779791847e-04
3.860424067657588403e-04
9.637026052330853118e-04
5.975784033183152450e-04
4.735940559122976657e-04
5.525273753171271261e-04
4.867948292809962780e-04
1.496494281650339025e-03
6.302902017479668955e-04
1.218520576544730640e-03
3.948304413738956426e-04
6.469670707833181456e-04
2.376295404461727567e-04
1.665701288608348709e-03
3.757972405443747634e-04
7.625940667166063169e-04
8.391265574779421072e-04
4.600043311671709657e-04
2.317926897976949356e-04
5.656293867440882533e-04
9.759421194237822119e-04
4.306952191720537517e-04
6.662505550996826497e-04
3.192688286662763246e-04
6.508643091936690619e-04
1.061578114736904527e-03
1.139142019162791251e-03
9.296511751938554965e-04
7.821581766284870386e-04
9.561508289570267317e-04
5.922437266088155430e-04
1.236743469464918329e-03
7.254773828091142483e-04
1.081456816061807059e-03
3.823831282178782377e-04
1.106804223968429384e-03
4.529402349142357250e-04
9.516466321819401540e-04
2.170642781919560646e-04
8.683463498365934881e-04
3.822873154255073628e-03
1.379660268840207041e-03
1.063774934971729782e-03
6.566016307333675910e-04
8.070652158043676878e-04
6.213436127216986861e-04
1.148859471104560215e-03
7.980701777348117934e-04
3.282140286825270146e-04
5.883411308771586490e-04
6.036438334057940905e-04
1.845316548513728635e-03
5.175875677585768230e-04
7.335508774379132565e-04
3.888956955983330528e-04
8.470836989133588221e-04
2.958496631828484193e-03
1.112961167124384412e-03
6.476374244102201362e-04
1.402043539998642325e-03
2.045740407413237580e-03
6.658678261301381480e-04
1.109438918376041147e-03
4.926054319209203797e-04
1.701904052157668336e-03
6.749746627122286870e-04
7.880300406268652639e-04
4.150146583711791424e-04
1.388614836915224443e-03
2.576940626173863415e-03
5.320663744571457222e-04
7.170782011559897681e-04
6.296544938586778016e-04
6.431373528285280099e-04
8.988856324032349059e-04
1.110935928916746218e-03
6.610857089843863400e-04
5.016388904857782115e-04
6.446285456986628609e-04
7.984239626891214900e-04
8.450135908850017709e-04
7.984572493350742097e-04
3.931968928503202154e-04
5.243642938577142403e-04
7.872972185469486123e-04
1.353138580212045984e-03
1.631493292820028777e-03
6.852218309797503603e-04
1.065317177920097579e-03
1.747019990989365267e-03
3.313808627559864327e-04
5.591982299663593317e-04
1.609514909795825739e-03
4.396673129490271835e-04
5.338619751292596237e-04
7.138771248809445838e-04
3.893394304413564343e-04
6.865688269527185725e-04
5.462592801728539949e-04
2.942623334069092815e-03
9.128621064061769085e-04
7.239784719065794731e-04
8.449300490138557211e-04
7.807298980281649316e-04
2.510409948572607628e-04
1.888010840331678019e-03
2.445450278514102026e-03
8.167100061735824840e-04
1.378494586537558830e-03
4.329136115659893585e-04
1.012479152029531699e-03
5.520689844949055883e-04
2.565566446147098784e-04
2.278221135134240582e-03
1.358010907301058275e-03
5.554059938367617195e-04
1.049139090968048346e-03
1.170991933640533941e-03
2.451135950963384547e-03
9.352865512246347473e-04
7.216542288761873839e-04
6.036438334057940905e-04
4.863514988042014404e-04
4.742166814165453830e-04
1.304679627617495946e-03
8.340960089242947795e-04
3.936254701089679617e-04
1.168528771345239041e-03
5.129291312694539331e-04
7.716019130576457809e-04
7.768511052556674153e-04
1.122860984976859671e-03
9.650471797174332497e-03
4.890009050721256037e-04
1.407308202423806359e-03
5.019663789595875175e-04
1.129610933331913784e-03
1.686939927317750946e-03
1.500444667900670617e-03
1.238721039287079802e-03
3.964487282952288490e-04
3.622130160530367851e-04
7.668569511303333520e-04
6.406035145138117698e-04
1.433035526897678521e-03
4.866299393083318319e-04
2.129216696341126435e-03
2.357661809301078834e-04
3.204878542683315258e-04
3.382966257337596491e-04
1.593662242042612762e-03
6.890262251944893846e-04
1.575367314706407245e-03
1.717387096309217018e-03
8.987453418140852303e-04
3.912834356966130391e-04
6.380277329493094221e-04
1.760311955532575454e-03
3.392215257305383237e-04
9.258261702192506232e-04
1.101445336289691782e-03
5.075909528772539186e-04
5.784903875087532479e-04
2.105253380823591050e-03
1.181492793551650738e-03
1.264422447390200479e-03
1.225394433325457857e-03
6.053789499129171546e-04
1.370588521699631253e-03
7.343222055543387758e-04
7.211389508016743380e-04
6.128029965569271138e-04
4.029708060509610027e-04
5.341039608950080581e-04
3.458501125936241797e-04
4.767340158495564015e-03
6.099449037029652841e-04
1.127080675184892510e-03
2.408108599018084217e-03
1.805896808379815104e-03
1.726285391498526669e-03
1.208885037914432699e-03
1.204214825699965108e-03
1.014735953705724969e-03
1.139742012207167147e-03
1.760731266809785662e-04
1.062984105687531534e-03
7.386491772176614120e-04
7.953884010258547308e-04
3.688381014028021924e-03
4.608324994166056133e-04
3.533100128014449799e-04
3.433284944227319260e-04
1.119478768433481482e-03
9.985533804207510043e-04
9.247982309658337027e-04
4.719058231189929981e-04
2.444862183298078008e-03
3.895816583524133389e-04
3.768788334249370065e-04
5.246258430718005487e-04
5.682095512505359620e-04
6.156412473485979803e-04
5.032932587704823987e-04
8.656376686839324913e-04
1.801053020252603573e-03
5.744512129542148288e-04
6.450997847525923338e-04
7.074136528178209034e-04
7.873768114404402357e-04
9.610023919473303575e-04
3.098663117029784825e-04
4.646748290331476224e-04
9.415352817728880799e-04
3.853332215305613835e-04
7.526499707881220734e-04
1.348498569166334780e-03
1.114616632418490320e-03
1.014844809364938124e-03
9.225566680783842208e-04
3.896597881996471968e-04
2.000222729480112831e-04
5.912935951002751614e-04
1.198017591048625629e-03
5.181480322097673646e-04
9.174749565792376330e-04
1.339353341587439915e-03
2.358478786081615389e-03
9.022691773909492915e-04
4.702610249938863848e-04
3.524141725394678518e-04
5.134671476080128168e-04
7.355475873706538749e-04
4.383156785906513835e-04
1.316053950725527139e-03
3.914065026914987917e-04
5.113237585767152742e-04
4.466518119481079812e-04
9.447479566069920918e-04
9.415352817728880799e-04
8.943920571593617008e-04
8.865204290088603539e-04
1.941443209238250748e-04
5.274565622798141123e-04
1.685050521339902024e-03
9.319746524663566779e-04
6.232550779146486591e-04
6.238209103906264654e-04
7.175659312841325792e-04
8.891966818953327091e-04
5.446726023713835190e-04
1.897830554654003372e-03
1.075699766248480954e-03
8.709851735416617368e-04
4.702673478474173356e-04
8.950023090046700441e-04
6.296254259159674016e-04
4.354092601313471617e-03
1.068235481304244134e-03
1.034512348560115468e-03
5.373218818374866056e-04
9.554284881617680896e-04
2.825754732237634008e-03
4.448059139727273022e-04
8.975302572290273654e-04
8.543306191136605535e-04
5.211503610201283524e-04
6.540177689244522233e-04
6.562022049614318767e-04
9.516466321819401540e-04
1.897830554654003372e-03
8.099093995380150183e-04
4.064653765549479814e-04
6.197552763010745133e-04
4.158857909048679392e-03
3.298195408364874327e-04
6.733853095690935358e-04
4.957353574020845676e-04
1.214618074942853346e-03
1.099088878055572063e-03
4.332240551796660236e-04
1.024250678844649534e-03
2.877352797959345314e-04
1.207143285515003281e-03
1.547343415728124087e-03
7.705191575739689554e-04
2.775347704794932108e-03
3.406979377381866834e-04
4.537306552339775978e-04
1.142994923703358201e-03
4.163254905623172178e-04
5.038265059815237937e-04
1.330785722434365713e-03
1.139183076403838327e-03
1.597066883263791384e-03
9.393199868726875021e-04
5.123661573130399750e-04
1.935380957652504605e-03
7.331380068684017213e-04
4.553255325763970679e-04
1.978710425275923587e-04
9.464109529170775621e-04
1.116869375330780062e-03
9.499767359061196247e-04
5.037055431839104107e-04
3.514631158705965302e-04
1.170265590955931953e-03
9.573548955087587227e-04
2.324926511370535055e-03
2.874537085023618822e-04
1.240351644596820362e-03
1.122686566232575277e-03
6.742204689470040644e-04
7.016857378151068227e-04
9.510902656103983974e-04
9.900691457580684807e-04
1.168528771345239041e-03
1.013488196640534257e-03
6.155064344278282770e-04
6.419230295246806332e-04
1.761032191395825886e-03
1.023975927235980157e-03
1.876714657377790687e-03
7.366621373613406335e-04
1.376783071926196032e-03
1.812315284909410840e-03
9.295285331995117731e-04
8.415435871710367707e-04
1.379094861135448952e-03
3.104461409312035420e-03
2.407457436533668154e-03
9.449140528979757536e-04
2.479604710847595032e-04
7.042440738983756204e-04
2.262695077164670384e-03
2.012941706212922205e-03
2.726230382366704981e-04
3.765484858824777394e-04
1.228245590861131277e-03
6.006919439339666747e-04
4.982826071221189198e-04
2.527213961097059844e-04
1.583556524437216163e-03
1.067716984421009790e-03
9.523811766823216335e-04
4.831305735083517208e-04
4.121395403675308378e-03
4.120785648173442076e-03
1.427436529219795833e-03
6.565883487379296432e-04
5.382232206001620525e-04
1.468208810377806669e-03
1.152904918357004326e-03
6.929339695869540881e-04
1.099345416423018300e-03
8.416790718006875909e-04
4.397714139046648161e-04
1.163144980897931309e-03
6.801665823961523067e-04
2.086852952062225215e-03
1.194514788266431765e-03
5.403088183051067044e-04
1.263230482938535251e-03
2.011544624255038379e-03
7.663332788435386553e-04
8.251273611889089034e-04
8.059199077833480510e-04
9.011421980373896141e-04
7.716019130576457809e-04
2.828493920262678952e-04
3.828447244559009450e-04
8.550574503490986121e-04
1.058490930893065361e-03
1.827909411944538985e-03
9.319936433868125690e-04
1.203271912775303589e-03
9.220673238542623565e-04
2.135567633292879616e-03
9.847663734188552825e-04
4.997546418065787347e-04
6.948563588223869401e-04
8.457601013459876797e-04
1.019016113023210775e-03
3.154114373986521076e-04
6.268075613650144276e-04
3.814282111931524381e-04
1.879726928712129681e-04
7.684782332185930483e-04
6.339069431351994398e-04
9.221907181570410290e-04
3.671492096385505638e-03
1.649632327942912461e-03
5.245166335005529501e-04
2.565891104886001192e-03
1.030296799849150010e-03
4.211691030814702181e-04
6.459137637026428130e-04
4.892294754726384627e-04
2.784866507719299319e-03
8.340936388091037572e-04
4.363923327095784940e-04
5.578818560073458242e-04
4.873956146478150174e-04
4.873221860126245681e-04
9.137018601131067673e-04
2.009354737730644023e-03
3.436143724286729235e-04
5.575153423121932033e-04
2.987863536317495513e-03
8.385432001480082722e-04
2.163096518881191688e-03
5.669821810200219433e-04
3.643745020777001530e-04
5.041323534439538095e-04
4.131108288576865401e-04
1.148859471104560215e-03
5.121531783614102773e-04
4.817076697086478598e-04
1.169039649006423879e-03
1.481220373605393473e-03
9.478138559187956240e-04
7.871453087179077369e-04
7.897125459323493801e-04
5.017542688531667064e-04
5.590095676755231936e-04
6.825481473373624149e-04
6.647773345126553905e-04
4.656393114060847346e-04
6.823746338086521777e-04
6.104389596634130118e-04
3.782228757598381816e-04
3.990596366199410105e-04
5.045449199146277621e-04
3.806818590011495722e-04
3.509024793458714224e-04
6.222391319084460970e-04
8.004427674778117219e-04
1.549684295870803726e-03
2.134712477326806317e-04
5.315612228749321076e-04
6.414863447134079143e-04
2.965084676806970811e-04
3.644895141991802640e-04
2.987863536317495513e-03
4.872099170574978148e-04
1.258680058776780403e-03
1.026671554510247882e-03
2.346900618556564764e-03
4.112526627932238678e-04
1.092643687965284263e-03
1.520341955356490455e-03
6.104342797959266386e-04
1.606698341137393661e-03
9.970050167337274945e-04
3.169670878947285263e-04
9.245319707923437859e-04
5.164316893623225723e-04
4.912361889552807137e-04
7.522295830700028536e-04
5.719185961286721775e-04
1.833597079750092776e-03
4.848123193029365142e-04
7.157336830889469243e-04
3.991502671997851641e-04
1.700670959104137086e-03
4.153605601667981271e-04
6.660218806494033750e-04
1.057812807172611507e-03
9.310339712411875744e-04
3.421573853785551608e-03
7.610182993783017958e-04
9.765586689211198674e-04
8.741590048520296976e-04
1.810726895439877110e-03
4.889753400691379970e-04
6.545956185368587794e-04
5.501155107694252365e-04
1.163450938977807518e-03
7.578837694657144467e-04
5.519831075119603029e-04
2.609890390316772953e-04
4.022546881571952915e-04
8.389236857847121032e-04
2.590208475532027044e-03
4.009210958524246768e-04
1.740173744804285761e-03
5.804563308816147781e-04
6.959554809323948744e-04
8.559088082250175707e-04
1.356360902853519408e-03
8.500857181810913014e-04
4.042727216835283752e-04
2.663106764439094752e-04
1.595086202157639270e-03
1.520341955356490455e-03
3.894131583464201761e-03
1.363023124066714683e-03
2.852937514972154164e-04
6.659727816629043519e-04
8.751521882805713901e-04
4.283307449453711640e-04
1.726285391498526669e-03
7.829695494110383699e-04
5.422864078414063767e-04
9.839646466661615236e-04
2.039862434958309313e-03
4.454403730323367545e-04
3.458501125936241797e-04
4.582935776155196215e-04
6.948028351610580468e-04
1.913566457458715881e-03
5.153128235552027411e-04
1.041691762145165092e-03
5.966115357687605579e-04
8.706955986353756430e-04
9.694344469555033449e-04
3.878695025454646024e-04
5.856347170519010615e-04
9.689916445026515446e-04
3.909591258568599495e-04
1.120766532124698291e-03
4.998328975919896344e-04
4.014204758109293282e-04
9.340025820493029268e-04
8.224264247246760185e-04
8.141804803121737832e-04
6.525022362096379036e-04
7.571713772818518696e-04
4.579430026005517620e-04
1.276799671337881456e-03
3.808063027901565810e-04
1.335936121589193816e-03
1.763145966235776319e-03
7.778575559447993820e-04
1.150621333925256045e-03
1.596365182730923689e-03
1.431538535573354974e-03
1.207108878504435786e-03
1.034379265477007332e-03
1.078748924409762312e-03
4.096723831086248788e-04
4.648880348974975419e-04
1.353069141672446924e-03
6.229787934494345706e-04
9.677002682781687178e-04
1.074400199462639859e-03
5.616456301943534551e-04
7.471978523663853813e-04
1.113558151016757211e-03
5.813885890724263851e-03
5.988266856228327073e-04
1.656108439022272848e-03
1.617260295706347568e-03
3.174967212998466848e-04
1.054446695933085798e-03
1.718616804318428551e-03
4.168565804288824829e-04
1.071263584354681430e-03
7.042443611668573007e-04
4.194045386299670832e-04
3.181457732906076380e-04
2.728411180445631233e-04
1.628982111299335806e-03
1.073586445750776639e-03
6.194905810601603752e-04
4.211691030814702181e-04
7.078343515029072519e-04
6.653363367977150299e-04
2.424676521808978580e-03
9.646713748521997976e-04
3.902702716522558272e-04
2.564490593661564351e-03
1.069819242936167559e-03
4.404177760011709387e-03
