1.216809225680306739e+01
1.300507920543044627e+01
1.344547250579910802e+01
5.804532661084214951e+00
1.289623800467068726e+01
1.337271024090953730e+01
1.307782841048384270e+01
9.892389910920247331e+00
1.341556676551330440e+01
5.461056740943240229e+00
1.265572207457514686e+01
1.313151165483307636e+01
8.593008513462633502e+00
1.370458159927605202e+01
1.331885925614861144e+01
7.802406209051168773e+00
1.356587856432839523e+01
9.154916365305199477e+00
1.274243722523429412e+01
1.298094965843391435e+01
1.241869886258967171e+01
1.324476878558771276e+01
1.164945550929775564e+01
1.290119686504953123e+01
1.291044506706481343e+01
1.334022724321136977e+01
5.718821954725417989e+00
1.331998305744668798e+01
1.367543756237773422e+01
1.346920138702995828e+01
1.165006228197091787e+01
1.239970958524768996e+01
1.286235316266987105e+01
1.294656080635357753e+01
1.327219548818200145e+01
1.178100972977046013e+01
1.362228685137626627e+01
6.275434286447978849e+00
1.333365693881534852e+01
1.260605591975464534e+01
1.307283405520324848e+01
1.308958460488172371e+01
1.242260905833139262e+01
1.366689170191729730e+01
1.200996112285318063e+01
6.227770622286518787e+00
1.325416871318860856e+01
1.320491308525329366e+01
1.342977977172599680e+01
5.406217245903515156e+00
1.316311228864208971e+01
1.229804390428047256e+01
1.354413873941135371e+01
1.362931371643681544e+01
1.067273814930690534e+01
1.272991257175673852e+01
8.947248287394415911e+00
1.146953804605034932e+01
1.267675890477694089e+01
1.351182866701112140e+01
3.502963266953488919e+00
1.261197706507732264e+01
1.281869628716974319e+01
1.351075859540666535e+01
1.359183524016685141e+01
1.146894816665749950e+01
1.334507737189926679e+01
1.333539739152534054e+01
1.074454679324491302e+01
1.014327799455408297e+01
1.339446804217959297e+01
1.344722962450914672e+01
1.257753732508475863e+01
1.306549139438099871e+01
1.360071641398488929e+01
1.283138600310016031e+01
1.315513365886016928e+01
1.259956126439560542e+01
1.254288690063756206e+01
1.329686884971469851e+01
1.287404835549441628e+01
1.302469238355585546e+01
1.363281600996641174e+01
1.275262248457166159e+01
1.332742653092770624e+01
1.235537253491159326e+01
6.681893704139431733e+00
1.328985830648256083e+01
1.355205413761652977e+01
1.325132102475174989e+01
1.348006848396146395e+01
1.263055122722818346e+01
1.369166863035137460e+01
1.369921289409079357e+01
1.295177043767553293e+01
1.356494487631088397e+01
1.286847544312098002e+01
1.113747075102319783e+01
1.147536832664869344e+01
1.249422782387646080e+01
1.141101773349751980e+01
1.364078815081481366e+01
1.351937097024735124e+01
1.350038984687532029e+01
6.969711819955874965e+00
1.369042491378092308e+01
1.366061631900396911e+01
1.081574383370688786e+01
1.068226262964885187e+01
1.324696770073946794e+01
1.365217215446615739e+01
9.719312169925498068e+00
1.310939554261638307e+01
5.869202471583354175e+00
8.380509303556758383e+00
1.314980040205069223e+01
1.118030404882386364e+01
1.325606863052735562e+01
1.305548671630394608e+01
1.342310154618562912e+01
1.192444371819149396e+01
9.139121904414157171e+00
1.345015929022056866e+01
1.264984727837277845e+01
1.358870035554959443e+01
1.331653109909763089e+01
1.324719002806600088e+01
1.267397491249326436e+01
1.266873765010989317e+01
5.915025053994527937e+00
6.782994951330846511e+00
1.338028886862131195e+01
1.307705241370461202e+01
7.490952036697094307e+00
1.196863196235372939e+01
5.545477632840914772e+00
1.206256823883291496e+01
1.190535532037316813e+01
9.840519148128313631e+00
1.235832928936525299e+01
1.363994231238043398e+01
1.356830891144797313e+01
1.325090701527624937e+01
1.340802659515789941e+01
9.605772409489159003e+00
1.325107864763330667e+01
1.246293121906471768e+01
1.186281302047391151e+01
7.852682906165918020e+00
1.278960851467715543e+01
1.021202714631963460e+01
1.349918933478213390e+01
5.413475357955215728e+00
1.185723469560376842e+01
1.231114648893058572e+01
1.150959556375516080e+01
1.306702432777352385e+01
1.351041075954462478e+01
4.743762910903362773e+00
1.348217859897164317e+01
1.358444768101567846e+01
6.630086213183265187e+00
5.967539918892045492e+00
1.289665174190919927e+01
1.338776937466491290e+01
1.239970958524768996e+01
1.346194590683224845e+01
1.326747715410563444e+01
1.147436477506198926e+01
1.305348052376000823e+01
1.054422989846127834e+01
1.201627642356387327e+01
1.370321081614127223e+01
1.247800256115402462e+01
4.143617978511259459e+00
1.127598641555130676e+01
1.331671914497590237e+01
1.074704883719093118e+01
1.343185389336933966e+01
1.365788695001266717e+01
1.079128320831391008e+01
1.313072369436111941e+01
1.294026443818420802e+01
1.339868574190419359e+01
1.159785075112702124e+01
6.085985151553059858e+00
1.199809212386945134e+01
1.088331488732160324e+01
9.820589733849528713e+00
8.317158739800401435e+00
1.103683548307949991e+01
1.335294173520932048e+01
1.326119359802432029e+01
1.356113539781892641e+01
8.157581485957248191e+00
1.360138707147966386e+01
1.311791595585538417e+01
1.351178342014641665e+01
1.136393114058547837e+01
1.228548514408546843e+01
1.346880504105494580e+01
1.018130158790428297e+01
1.225190261806086056e+01
1.292271232407256321e+01
1.358751302227680746e+01
1.337084694619468728e+01
1.238299893972051891e+01
1.276103537689687428e+01
5.601061828282122512e+00
1.353538110980446518e+01
1.297080949125830251e+01
1.278611258853748112e+01
1.000871719634791113e+01
1.093920156563374491e+01
1.307124029329320436e+01
1.345790180813737003e+01
1.348682144502492619e+01
1.246293121906471768e+01
1.131498422581772445e+01
1.291828625838770783e+01
1.224706397224133703e+01
1.321672782247782507e+01
1.188291526926084174e+01
1.218500441001723544e+01
1.326884121101989500e+01
1.269923555629257805e+01
1.128014563819351856e+01
1.032681348909892627e+01
1.332200038691359190e+01
1.275251752606078881e+01
1.356187185068682055e+01
1.207399439532644436e+01
1.365256025707897969e+01
1.215730500871329056e+01
1.358386914815206126e+01
1.312387345906840608e+01
1.293086793437534965e+01
1.346528523043768999e+01
1.336955527060386828e+01
1.319670514032904407e+01
1.183278980359268218e+01
1.306396666185093558e+01
1.234715199731792090e+01
5.716793701683105411e+00
9.093544444063251575e+00
1.327603984705098839e+01
5.808931748301723985e+00
1.339182306956218582e+01
1.299310449746255181e+01
1.338815228795155932e+01
1.307245767088346611e+01
1.284163208412697799e+01
1.238067893715171941e+01
1.111796275811067147e+01
1.287443143714357063e+01
1.150533202677379307e+01
1.316488564845325726e+01
1.252708351325518343e+01
1.258622165472722187e+01
1.306440302696827338e+01
1.339855795073824929e+01
1.256069795391976740e+01
1.234534946469746330e+01
1.303969722118697661e+01
1.313397860768094461e+01
1.308269622293822287e+01
1.315035769366734897e+01
1.236739995266170844e+01
1.314711930994107547e+01
1.039958412154554956e+01
1.343550989543941654e+01
1.365256025707897969e+01
1.233810720205413958e+01
1.213017705554451631e+01
1.159919019311571908e+01
1.369506411080132402e+01
1.309581171242897923e+01
1.256994616572205103e+01
8.001315641118390332e+00
7.579290194682584136e+00
8.793777847921706581e+00
1.315622482253311176e+01
9.611179717840967029e+00
1.218443239971960423e+01
1.359975732287542627e+01
1.081618939734505247e+01
1.291502074080611706e+01
1.116341531517973529e+01
1.183707847925792400e+01
1.268582737712528186e+01
1.209072644784729178e+01
1.349350331618961008e+01
1.288587323465673506e+01
1.204372987736154954e+01
1.297269047321222857e+01
1.367412968919810901e+01
1.283963225666138541e+01
1.284925893432315114e+01
1.347061871089964136e+01
1.003661868293682247e+01
9.281307836884170825e+00
1.331297765771183172e+01
1.297998427464479931e+01
1.271489619179381414e+01
1.200317718155478808e+01
7.317198582829068876e+00
1.329216462996729220e+01
1.300220964560864800e+01
1.323703934221326861e+01
1.184517095391433372e+01
1.347114187693052045e+01
9.732622320832234664e+00
1.330673252082924662e+01
1.337496322392538950e+01
1.213718946792700670e+01
9.038101038396980869e+00
4.923570528844068761e+00
1.281268785508871311e+01
1.355719493076951032e+01
1.293236914779696356e+01
1.095720959935115424e+01
1.369185852773009238e+01
1.227324801497982953e+01
1.186070335772044082e+01
1.343546574020240669e+01
1.156042830350043360e+01
1.238007183443404813e+01
1.276346784750638363e+01
1.057480382196844104e+01
1.365707771080289845e+01
8.567027388338621208e+00
1.355839835090181111e+01
1.313581084522196107e+01
1.220809211090763213e+01
1.345340446261027623e+01
5.755475915511059526e+00
1.220073137622728154e+01
1.363414181256908897e+01
1.318321511185149930e+01
1.298682744251355103e+01
7.625558008986100589e+00
1.265903927876848023e+01
1.319863935962998092e+01
1.272016781258658646e+01
1.350038984687532029e+01
1.293708228670475080e+01
1.346052396814613417e+01
6.710997461850796597e+00
1.293336138995923790e+01
1.272965899695894088e+01
1.192078179046515629e+01
1.167379229197652002e+01
1.343444946008741780e+01
1.335294173520932048e+01
1.166741456876218663e+01
1.188764912965328335e+01
1.292974314471217845e+01
9.407412490186619181e+00
1.210682539618932552e+01
7.229641990058249590e+00
1.303040665165460510e+01
1.296950204027283782e+01
1.233727061297545724e+01
1.034881710906304164e+01
1.362940489763549934e+01
1.318250354947245029e+01
1.299146194506361063e+01
1.323351850679288866e+01
1.303403260548682319e+01
1.286373522277747838e+01
8.838677695345161567e+00
1.292062986694200433e+01
1.361043713842186520e+01
1.367933256817021359e+01
1.281482657513330281e+01
1.346572408007371102e+01
1.225951190224858323e+01
1.352012344454489501e+01
1.155051840365746685e+01
1.344508790574635171e+01
1.241753074137390556e+01
1.362491644628011755e+01
1.355839835090181111e+01
1.222072842171949603e+01
1.338505358465026696e+01
1.002607818573717502e+01
9.724422757137425322e+00
1.239587296304665642e+01
1.094096957074743237e+01
1.156789123090753968e+01
1.347397852252085393e+01
1.198208965859151931e+01
1.032695624449959304e+01
1.257078943634496149e+01
1.369266528971809116e+01
1.180540020215385510e+01
5.791450706989391684e+00
1.317711425576642448e+01
1.315247853089849173e+01
1.330849377463303185e+01
1.356343354336176610e+01
1.362781609812145334e+01
1.361147152756825207e+01
1.354003343260919223e+01
1.313884764257680082e+01
1.363883940522014626e+01
1.349052601859404810e+01
5.782323464925154255e+00
1.239587296304665642e+01
1.322492675688384445e+01
1.319394809063283347e+01
6.795923821665316389e+00
1.163266717888716428e+01
1.349722350813205729e+01
1.201716827034038104e+01
8.949833790921735144e+00
1.281528252406099533e+01
1.163960607492094113e+01
1.236449271215645496e+01
1.135477172675894764e+01
9.788143942796137864e+00
1.018130158790428297e+01
1.283716000288022130e+01
1.191841620732014739e+01
1.353243400208911495e+01
1.365333349650642347e+01
1.354391305055727379e+01
1.318936848992055744e+01
1.256085071848935364e+01
1.217657975761083833e+01
1.340993739296376042e+01
1.121520257165033740e+01
1.289478132804506672e+01
5.927861082444252361e+00
8.621272928683646697e+00
1.295106663983785467e+01
1.358432556708683236e+01
1.295945384427853320e+01
9.661116062710640051e+00
1.322969734904552297e+01
1.208211527324816537e+01
6.301902735640123154e+00
1.033299404871229221e+01
6.451043062244386839e+00
1.321733191212688752e+01
1.257409326991697895e+01
1.319336866435735800e+01
1.200878377456259116e+01
1.358392571292579376e+01
1.335743890356082986e+01
3.896788704255806035e+00
1.272038865732226753e+01
1.213089721385173014e+01
1.322577754338122169e+01
1.315509775432908057e+01
1.328339141691832381e+01
1.159919019311571908e+01
1.287104431721324893e+01
1.365238181271473472e+01
1.251596032463713470e+01
1.358977672451603169e+01
1.369443399096314096e+01
1.328584632860343540e+01
1.238509509240890338e+01
1.331467600077258062e+01
1.114537002872290117e+01
1.347457693097425846e+01
8.552907957796861638e+00
1.337370313640220409e+01
1.179685111182150514e+01
1.283402515543037836e+01
1.323064722552486217e+01
1.280078324648926547e+01
1.296496247571375449e+01
5.754894299501010835e+00
1.365035529081500520e+01
1.307182583177447555e+01
1.179394632954119437e+01
1.331082822707715962e+01
1.321799617560459694e+01
1.291080291952821568e+01
1.288372692930512109e+01
1.184472314844810548e+01
1.353342383399552062e+01
1.200612144440476747e+01
1.331644904741203561e+01
1.149639395393552377e+01
1.343785323005873167e+01
1.330076381449570633e+01
1.362914062181035746e+01
8.359485049640145604e+00
1.315876561541863410e+01
1.320873302351447443e+01
1.363553050445389303e+01
1.358354116334104589e+01
1.267350382038176093e+01
1.298460232464518072e+01
1.368462045456545795e+01
1.349667149571159719e+01
1.165583684252488972e+01
1.302011905770840272e+01
1.300593807947559988e+01
1.173882356525970216e+01
1.251926172640203916e+01
5.921093546791814433e+00
1.274928944216039994e+01
1.343288553889814807e+01
5.229899235733417306e+00
1.215963918084686313e+01
1.037233276893948108e+01
1.271798633967797088e+01
1.308062970831766947e+01
1.184472314844810548e+01
1.283669046967629512e+01
1.265493682581454138e+01
1.269823065039067700e+01
1.326859962193764275e+01
1.299152723852761149e+01
1.352241710954311671e+01
1.363465972678376836e+01
1.320080166502939178e+01
1.313503056396105251e+01
1.330419023771471743e+01
1.349307277859712784e+01
1.329065193327166838e+01
1.347502263782749310e+01
1.299664622521165569e+01
9.409181064485448331e+00
1.322390921577666134e+01
1.345649329159869723e+01
8.793606467802202786e+00
1.281030261597776310e+01
8.681358054040982708e+00
1.225443655884844318e+01
1.347881709616558510e+01
8.670794005732828325e+00
7.100270909339778669e+00
1.280520592114175393e+01
1.322360479888363827e+01
1.189522711155317580e+01
1.344168341888160256e+01
1.341776644183750733e+01
1.313608272440880143e+01
1.322330500316408219e+01
6.451043062244386839e+00
3.164537658838518563e+00
1.291849192429532600e+01
1.219095218403790071e+01
1.367756925104353094e+01
1.339922426179250081e+01
8.660460560734179580e+00
1.239192964125469665e+01
1.338028886862131195e+01
1.356187185068682055e+01
1.328320856309603926e+01
1.335496869593517033e+01
1.284795242365604118e+01
9.132127499079450317e+00
9.261838690394119666e+00
1.349751323400752945e+01
1.364058022149534999e+01
1.357063968130449005e+01
1.297560735463563120e+01
1.247609771561937464e+01
1.216782492435833518e+01
1.339479170154238119e+01
1.331737625122683966e+01
6.895529661848439851e+00
1.263453447653017037e+01
1.367549892741062578e+01
1.319159244068758063e+01
7.951553421198086724e+00
1.284569797270838620e+01
8.163412529290397401e+00
1.198693815821464170e+01
1.327951529181677159e+01
1.338672390109377019e+01
1.366197229423496040e+01
1.259263000752621409e+01
1.219604372391903802e+01
1.289489490263946081e+01
1.270695457458683819e+01
1.341749944070801348e+01
1.330351268262088738e+01
1.059118648107810579e+01
1.359991943108851231e+01
1.276461908306199433e+01
1.134277590680353143e+01
1.332508120125978124e+01
1.349684908237067482e+01
1.209997255174519459e+01
1.178395713370957409e+01
1.151984686377074141e+01
1.306031745444738235e+01
1.334520375187784680e+01
1.288690873249673174e+01
1.315749338956404735e+01
1.300925630128111621e+01
1.352012344454489501e+01
1.313529839043485126e+01
6.417155200419909278e+00
1.079525105471144109e+01
1.289864426877712944e+01
1.233030523049208327e+01
8.838677695345161567e+00
1.369784779173570399e+01
1.313112001629663084e+01
1.217096197411884262e+01
1.299290208629444976e+01
1.281124218440553264e+01
1.242551858000276788e+01
1.207689263894315168e+01
1.225090348378961380e+01
1.366873221256745019e+01
1.256479872340077719e+01
5.792134622715042980e+00
1.324564127429742122e+01
1.360202617303324146e+01
1.362170856022985355e+01
1.261872646344288107e+01
1.216049506597978791e+01
6.570060341493205947e+00
1.221861789474152005e+01
1.100263509361482583e+01
1.234601087944926689e+01
1.281499496441932706e+01
1.120541856510448753e+01
1.337207484547366576e+01
1.196289112564536339e+01
1.326531975116275675e+01
1.297895406665698381e+01
1.323096128361473589e+01
1.340477165069779453e+01
1.264319793786227919e+01
6.057113891509654735e+00
1.336580997617291189e+01
1.238509509240890338e+01
1.325207689943819389e+01
1.299639111966603267e+01
1.329495793365538248e+01
9.301957843118877634e+00
1.300705416814741788e+01
1.294411579426741099e+01
1.329495793365538248e+01
1.346533114653087715e+01
1.366663568952842844e+01
1.252575263826432561e+01
1.292045756816553848e+01
1.250616624847526737e+01
1.303952337153473806e+01
1.229887493002746268e+01
1.123432974467113965e+01
1.120156885537976876e+01
1.291259923129256393e+01
1.228756810958987522e+01
1.107504141820420962e+01
8.401967603292664677e+00
8.033421406017120958e+00
1.310125483974232630e+01
5.500154365724339911e+00
1.309208394786629093e+01
1.319222539781039139e+01
1.355641155177299595e+01
1.019925104008510885e+01
1.356574269012583045e+01
1.316445095068002580e+01
8.284942610490833914e+00
6.041591756497050270e+00
1.349355638248184697e+01
1.051950383681806578e+01
1.320362043699122623e+01
8.575798727828090051e+00
1.367797083767223398e+01
1.205462871348688125e+01
1.259749922221356755e+01
1.074704883719093118e+01
1.086518111286826027e+01
1.366471014346265989e+01
1.355709515729753711e+01
1.224982396138696394e+01
1.161644540132871306e+01
1.087231941316719208e+01
1.309714136425431086e+01
1.299625429519957720e+01
1.368539169127523358e+01
1.330744418818284203e+01
1.352381204842495421e+01
1.356085501954941464e+01
1.316972637301626392e+01
1.323744331212854064e+01
1.362119624777485072e+01
1.158479022125160363e+01
1.360393663856644864e+01
1.363746688414213892e+01
1.361255722703137039e+01
1.324469504964222644e+01
1.316538725257864506e+01
1.302156893851718777e+01
1.356572798645357913e+01
1.285308806648180635e+01
1.165006228197091787e+01
1.325729506819617143e+01
1.350775644555884725e+01
1.073618294117981087e+01
1.241635654280653078e+01
1.300593807947559988e+01
1.256168801899212006e+01
1.290401747813753097e+01
1.332604658028390432e+01
1.239170293666195732e+01
1.309789550780419098e+01
6.936115824832999266e+00
1.355333902634399834e+01
1.028714934520711743e+01
1.320363931383162281e+01
1.298673778502692144e+01
1.240489645766358429e+01
1.255748903505444858e+01
1.328990540185304070e+01
1.368587370949367710e+01
1.269954089901618133e+01
9.956152348609176528e+00
1.318167871687658987e+01
1.308774107893902006e+01
1.312954185461400591e+01
1.351321308353330863e+01
1.262533074590158577e+01
1.337037081626575841e+01
1.369249063798899257e+01
1.037849767973388460e+01
1.261252058442642010e+01
1.361229167859448275e+01
1.368462045456545795e+01
1.224098367382893393e+01
1.319722544824870702e+01
1.204033387979744241e+01
6.101231436220327708e+00
1.352002367404886307e+01
1.345126937490523567e+01
1.101777855495204683e+01
1.253629646704185419e+01
1.151311541705011976e+01
1.172009525556909537e+01
1.201890550776525579e+01
7.172523965670398738e+00
1.367015662428550549e+01
1.347282699950835649e+01
1.350008064784887374e+01
1.368261032687323819e+01
7.421308444860571285e+00
1.360612931629890276e+01
1.361087510579254456e+01
1.359148509577987163e+01
1.194563539284636633e+01
1.215037754415803484e+01
1.367896920582667875e+01
1.329748619731052273e+01
9.746335559234015733e+00
1.258259242236911035e+01
1.268189411716104154e+01
8.793606467802202786e+00
1.352744355195704529e+01
1.361339292872279039e+01
1.304027843935854492e+01
1.127373734145889905e+01
1.353977168515526941e+01
1.323278604608853470e+01
1.329584751055122105e+01
1.365780809832381060e+01
1.254955242763711531e+01
1.364120085305777863e+01
1.272440838455776912e+01
1.108087405316898888e+01
6.329386498205388456e+00
1.185074285994478593e+01
5.751771771803769973e+00
1.065923033859360025e+01
1.327853778689056696e+01
1.316495743527936391e+01
1.291561226593980294e+01
1.228726805134985867e+01
5.742288087848759659e+00
1.355969487899903569e+01
1.356522666531832755e+01
1.286675395673038480e+01
1.257639874287446702e+01
1.369807320554616226e+01
1.328666252489909994e+01
1.254282410836461992e+01
9.443088374724748491e+00
1.144374596106413478e+01
1.284029435493860305e+01
1.363766771012309142e+01
1.360907204918790470e+01
1.342075912222944112e+01
1.318268586983944957e+01
1.366120115710278071e+01
1.364864081318489752e+01
1.167654769682055971e+01
1.129917007747436131e+01
1.323745251707678605e+01
1.340211616401634487e+01
1.200612144440476747e+01
1.321864162555262467e+01
1.365333349650642347e+01
1.137714241714333419e+01
1.271302269471950908e+01
1.286749390297418927e+01
1.334457754100539084e+01
1.313772795714859853e+01
1.293996531070180112e+01
1.274226781286787080e+01
5.985963518972221564e+00
1.202297341546402976e+01
9.158660658947866295e+00
7.562570993394031937e+00
1.260170813557558844e+01
1.243265968271618860e+01
1.308340831872237331e+01
1.352205813959659153e+01
1.290661747846433727e+01
6.603367066840664101e+00
1.288587323465673506e+01
1.151729237538040174e+01
1.365381152422029842e+01
5.850687122598795753e+00
1.306906568820671843e+01
1.169704877407180810e+01
1.227228133628325502e+01
7.323833362772484534e+00
1.332230534557216117e+01
1.335986939328871870e+01
1.235678169230228818e+01
1.309330203110722834e+01
1.113998891562549609e+01
1.148367345466513534e+01
1.284029435493860305e+01
1.286945082167222942e+01
1.358870035554959443e+01
6.828900235343057901e+00
1.362403688773338217e+01
4.104397077245332426e+00
1.185957496447473858e+01
1.329701074760114210e+01
1.280424562410396128e+01
1.190464808739319480e+01
1.365385895664449833e+01
7.251024260043799075e+00
1.327603984705098839e+01
1.321193378342407243e+01
1.355715427061454292e+01
6.570060341493205947e+00
1.229140952288456390e+01
1.274568097709742176e+01
1.288188180017334084e+01
1.338115579676851397e+01
8.396211239911671953e+00
1.342465312942052869e+01
1.215715893840745032e+01
1.013769698448054157e+01
1.361360890354037068e+01
1.345208540743774961e+01
1.314578168647812006e+01
1.243312186676540598e+01
1.309876115611066538e+01
1.198399886465750441e+01
1.141542170130261802e+01
1.351625944338358742e+01
1.344823875162860105e+01
1.328008276643324237e+01
1.170727952375353453e+01
1.326457971969283811e+01
1.360073548775577734e+01
6.287240644215110308e+00
1.358345895149950522e+01
1.326118681534115851e+01
1.301385823813208731e+01
1.333138152130032594e+01
1.354759536813719478e+01
1.203610304007358422e+01
1.020849524679034204e+01
1.207437166380417182e+01
1.343099188439515679e+01
1.368367987940905905e+01
1.153729060966435327e+01
1.128405058482053214e+01
1.038771168923410215e+01
1.336257194412881155e+01
1.347897150677753508e+01
1.368319151004513756e+01
1.152167966003708521e+01
1.215615464055226802e+01
1.178560712451177572e+01
5.866657873567440618e+00
1.334585097533190812e+01
1.345048548236968955e+01
1.036654613023656779e+01
1.351368870537318756e+01
1.357841962144630443e+01
1.366615763459621746e+01
1.161477938974881674e+01
8.354942541739561079e+00
1.168477886990533321e+01
1.082470771317642289e+01
1.343486563338917250e+01
1.345282490316573742e+01
1.329836246773000852e+01
1.127373734145889905e+01
1.182418886509493916e+01
1.223346178556032271e+01
1.328632367585486662e+01
1.316099230219585614e+01
1.252119438168972820e+01
1.303969722118697661e+01
1.292672378719472981e+01
1.293927767617429758e+01
1.358818586014636587e+01
1.244994140384396353e+01
1.171925674763550873e+01
1.364434514791577158e+01
1.315351182612455183e+01
1.050961827681940974e+01
1.336041738510968457e+01
1.325300442843098203e+01
1.331810854524025345e+01
1.228740877263575726e+01
1.148205616230514003e+01
1.368462045456545795e+01
1.295472395815631650e+01
8.606979984195632483e+00
1.331302640068970078e+01
1.292271232407256321e+01
1.304499719535067470e+01
1.253140796521601352e+01
1.348326386369059016e+01
1.369573215989971970e+01
1.269229776452331038e+01
1.334025458623715465e+01
1.360810807907659381e+01
1.366697312429897693e+01
1.342205264020061684e+01
1.364401397928225279e+01
1.352471953965068252e+01
1.283546678077849101e+01
9.711038370606395631e+00
1.267473947691602731e+01
1.266486952009004874e+01
1.361255722703137039e+01
1.356640469595110865e+01
1.340303964792046543e+01
1.335035165590941197e+01
7.755265298834707721e+00
8.766544787448918186e+00
1.121032200693037417e+01
8.602251747288445216e+00
1.039962961833326460e+01
1.367896920582667875e+01
8.738330792025982063e+00
1.240035718611382087e+01
1.239093136759276703e+01
1.093541199743810388e+01
1.311596740482138657e+01
8.415795835895105270e+00
1.329216462996729220e+01
1.301821786171944773e+01
1.251156395839944224e+01
1.259428853801387405e+01
1.368462045456545795e+01
1.338606988360764305e+01
1.369481232318892339e+01
1.126492797414537783e+01
6.517639110961113147e+00
1.299639111966603267e+01
9.108738317937715934e+00
8.292658693274628234e+00
1.368587370949367710e+01
1.045254391554551177e+01
8.355620324023266932e+00
1.286269999327592473e+01
1.266213266853897323e+01
1.355634628694869726e+01
1.349684908237067482e+01
1.348260871158164065e+01
1.183688970198656776e+01
1.297553734451027196e+01
1.297077180920982187e+01
1.258622229817992455e+01
1.304805498359743332e+01
1.330214078090017971e+01
7.317338008635953628e+00
1.254409281150941524e+01
6.782994951330846511e+00
9.061209543722497983e+00
1.351664933912042876e+01
1.241549293153379097e+01
1.238509509240890338e+01
1.276750386979832186e+01
1.323838462856549825e+01
1.367370027007979871e+01
6.614682452058302964e+00
