1.747000394962040559e+01
1.510163122975374606e+01
1.481107265006886919e+01
1.618007779200430463e+01
1.594910470244099443e+01
1.487257377688539073e+01
1.811842880340147488e+01
1.526253848765493437e+01
1.821796707381990998e+01
1.647445041305925173e+01
1.750145878324936177e+01
1.526531045333289960e+01
1.491368652465494549e+01
1.680412090871277542e+01
1.651679344034593910e+01
1.741972531858579032e+01
1.598507119411637412e+01
1.666952353112433727e+01
1.828991450107156780e+01
1.769876281487886160e+01
1.759144784997139510e+01
1.568169527525330942e+01
1.776730080550662194e+01
1.681720603183140739e+01
1.687579978933242586e+01
1.479313670454323848e+01
1.410032464923164852e+01
9.792498869435076969e+00
1.761445359142673794e+01
1.709895667703354860e+01
1.578596609683079066e+01
1.540827686974145116e+01
1.755053877807184648e+01
1.607272055131913291e+01
1.462594264763175289e+01
1.759622573979410731e+01
1.525246755099295370e+01
1.626452009100303897e+01
1.465787551928309540e+01
1.801974223840687728e+01
1.421952560581175895e+01
1.729006218083703317e+01
1.793304431740674332e+01
1.637155201079749389e+01
1.735341789218469444e+01
1.710790447218800736e+01
1.539237027186787898e+01
1.424863378244619838e+01
1.786915166825432877e+01
1.704437803731235590e+01
1.777174631542161265e+01
1.598901492658340118e+01
1.375074703229231154e+01
1.499637728173754248e+01
1.810918183871728004e+01
1.644125689823336600e+01
1.372815037886373801e+01
1.682191281395802207e+01
1.507525489555424514e+01
1.439073797915715502e+01
1.789679807056552008e+01
1.473342851307693913e+01
1.501571971658885118e+01
1.412687468671289004e+01
1.642531813925794992e+01
1.601219303656550963e+01
1.519228733386087526e+01
1.619229980881858921e+01
1.400485390275354192e+01
1.668544480843484124e+01
1.520707689117387673e+01
1.602384344976868746e+01
1.192158310939067967e+01
1.636366250055663585e+01
1.598966171808541858e+01
1.759427858793357657e+01
1.423989946154438790e+01
1.480354066774479271e+01
1.569364809579268893e+01
1.422924685584863269e+01
1.715736220216423291e+01
1.484033702852909187e+01
1.769771374639320172e+01
1.793351550114235593e+01
1.426237939336209593e+01
1.405110742369958032e+01
1.810010982998731777e+01
1.829534363821427689e+01
1.814252550628881977e+01
1.763196146109194018e+01
1.415728262357025002e+01
1.798471315825534234e+01
1.426984352395339783e+01
1.416959726957097487e+01
1.448575281566057171e+01
1.796032111681826748e+01
1.495050036622910383e+01
1.793881719999638946e+01
1.507597997553480340e+01
1.784810535320877634e+01
1.677273280560471846e+01
1.504258292291253873e+01
1.508437339237653063e+01
1.774128459746797759e+01
1.423444987655938121e+01
1.447116057761042995e+01
1.648783226839834626e+01
1.286270706091366023e+01
1.672645112725760086e+01
1.417417402946391825e+01
1.676544726384506845e+01
1.658554357085447961e+01
1.440647934419044063e+01
1.825089372589373937e+01
1.642456066762699862e+01
1.641927551280546282e+01
1.471197204192013608e+01
1.666099148421188048e+01
1.613877808488254573e+01
1.406260632307180103e+01
1.454825193271290118e+01
1.808641139057242242e+01
1.521417847597425776e+01
1.684353072718838007e+01
1.400045272415164099e+01
1.534530453754666368e+01
1.718950204438775131e+01
1.543758934642308667e+01
1.735430452981617577e+01
1.730092876266770929e+01
1.334670633879493273e+01
1.439197848797281054e+01
1.736364186389514330e+01
1.702267170133532659e+01
1.744096994463845007e+01
1.831721068576438327e+01
1.235583697596455011e+01
1.465654916361313198e+01
1.604181841749432635e+01
1.413211631718764849e+01
1.764607199320616004e+01
1.730351786079586773e+01
1.397237773046713549e+01
1.626458803719766877e+01
1.629680724445938012e+01
1.533838087374495807e+01
1.779246130498010459e+01
1.695423703097567980e+01
1.747074079220402254e+01
1.406248062184173619e+01
1.731787431751483908e+01
1.809459967689695858e+01
1.429742434382001193e+01
1.551865564877101988e+01
1.613369944552370683e+01
1.440252202132358050e+01
1.687796953310296288e+01
1.479514958207556319e+01
1.525934061129622066e+01
1.725945224357847252e+01
1.731237446441739181e+01
1.536012919074438798e+01
1.484113192832533201e+01
1.192158310939067967e+01
1.453871749216067855e+01
1.680892373068334678e+01
1.823156372220099541e+01
1.618161102475518476e+01
1.794998257881334069e+01
1.623153661043054541e+01
1.363780180966010747e+01
1.750339670565522354e+01
1.541257539903601526e+01
1.440372264474872033e+01
1.458328074778709293e+01
1.733535039335563965e+01
1.410745738739156252e+01
1.552170709510150104e+01
1.401048085569965806e+01
1.460552888610006406e+01
1.586199150399903779e+01
1.599013530698593044e+01
1.629988548477403398e+01
1.580314870650616754e+01
1.751477094838510951e+01
1.355400432352457329e+01
1.565881134957009557e+01
9.107844016159182488e+00
1.805785493749989712e+01
1.569544510736676024e+01
1.670235189609762472e+01
1.696086786852013972e+01
1.573049909108534905e+01
1.402777768465674413e+01
1.602445352914324062e+01
1.818849433731036669e+01
1.653765984383807108e+01
1.731182452512766190e+01
1.500860919127871540e+01
1.357670180168656948e+01
1.400002743314627196e+01
1.590328971034588257e+01
1.575926273071829442e+01
1.429101612810658573e+01
1.730229764614064436e+01
1.772023199619804146e+01
1.754471396011226503e+01
1.250263294417970528e+01
1.473049995843176418e+01
1.430936608515945707e+01
1.569392949308793206e+01
1.443160922628750242e+01
1.651687470652881373e+01
1.492691476412663754e+01
1.680892373068334678e+01
1.662826069995767497e+01
1.488343563098221445e+01
1.667762397527555152e+01
1.519228733386087526e+01
1.674669462305692136e+01
1.478272277571653248e+01
1.676544726384506845e+01
1.634072207093307583e+01
1.733003351130364678e+01
1.574738901998908780e+01
1.798925908814044305e+01
1.582468224182171390e+01
1.822020086058400423e+01
1.604112306040545732e+01
1.503105893408794103e+01
1.747320917864472634e+01
1.404241843144763457e+01
1.377732825506997294e+01
1.777182220002482183e+01
1.827079031243389551e+01
1.788086197645645825e+01
1.547344645270333174e+01
1.667257535238911714e+01
1.763770929013645627e+01
1.549436584420028495e+01
1.712649861598176315e+01
1.546075787102151367e+01
1.422553985248503139e+01
1.631041624640969445e+01
1.469623809662584435e+01
1.313834737635727912e+01
1.360681171117082933e+01
1.366330304004478435e+01
1.637775342643637799e+01
1.827125175285927128e+01
1.827674948829174895e+01
1.817983845453710146e+01
1.448031761919589400e+01
1.647353728891979330e+01
1.386060182841272059e+01
1.492368749469005174e+01
1.634674624050974145e+01
1.521006292187759712e+01
1.575995311066740889e+01
1.580128229257757511e+01
1.698185573726253850e+01
1.420570099460156221e+01
1.728169844538259881e+01
1.705291464365520682e+01
1.566861975981469079e+01
1.650039141426459466e+01
1.601158871021803876e+01
1.428567427778527588e+01
1.474773523906172201e+01
1.580903480560429308e+01
1.370155422786368504e+01
1.779010898894544823e+01
1.464097775228105291e+01
1.448663379888693115e+01
1.823753739516485339e+01
1.746170956966189891e+01
1.674232557274293498e+01
1.426938780692096387e+01
1.667471914381004794e+01
1.493810818662636564e+01
1.406673859259812787e+01
1.750820169462097198e+01
1.741655837967885390e+01
1.681035291122472231e+01
1.654389126464119997e+01
1.828330341259505687e+01
1.476623872383644454e+01
1.515437054379390602e+01
1.419096318082053898e+01
1.645707649650694648e+01
1.772686893206985204e+01
1.411574836764195062e+01
1.704209668307624170e+01
1.679391758076253538e+01
1.530976207367413267e+01
1.464474415975757893e+01
1.557619536259023363e+01
1.675329015570765989e+01
1.745337622379970099e+01
1.833677666694707398e+01
1.580658466387018990e+01
1.401301082869395209e+01
1.505402390551285308e+01
1.426319683805850858e+01
1.800335668350860274e+01
1.806181701288940644e+01
1.720404865786546011e+01
1.788086197645645825e+01
1.560918881871049635e+01
1.485932031875933745e+01
1.805021660442801590e+01
1.764369480920224831e+01
1.773524726619840308e+01
1.823308121563210449e+01
1.762808189634967704e+01
1.807267894957378829e+01
1.349242538323331608e+01
1.780206228064014695e+01
1.658895100604142314e+01
1.702202660251710853e+01
1.410567779239245212e+01
1.742792896953879733e+01
1.434446681630607401e+01
1.554973368064266737e+01
1.619542321196100687e+01
1.786092144358476475e+01
1.413884620906341816e+01
1.628527980978813616e+01
1.788562214697911656e+01
1.785797502083994814e+01
1.639205559116220812e+01
1.548899395346998986e+01
1.791388423943594788e+01
1.737903069062854655e+01
1.693619405543466883e+01
1.482327034199872706e+01
1.558891568270671435e+01
9.884467210005141169e+00
1.428715915358697330e+01
1.832370427053429651e+01
1.656463040228377537e+01
1.773956416551831694e+01
1.706073211925735578e+01
1.638500999354734589e+01
1.711237440508383401e+01
1.204031109704933300e+01
1.213255524400785390e+01
1.606182872676160045e+01
1.699086570034555521e+01
1.380066679644800232e+01
1.804842231524169804e+01
1.569353057756568504e+01
1.642778442010540729e+01
1.483849874341246533e+01
1.394905736355039672e+01
1.637453395792475064e+01
1.612359767583315318e+01
1.564924109310885925e+01
1.657422443863561412e+01
1.432309373228763327e+01
1.652973403289018250e+01
1.451319948787820913e+01
1.640122193690309871e+01
1.472156362118181683e+01
1.806301019696838495e+01
1.572166763817386048e+01
6.704441526248235306e+00
1.445513849973288778e+01
1.738667451994017199e+01
1.737488257792868040e+01
1.486264012544123858e+01
1.772535790426809399e+01
1.748336905029255917e+01
1.736684836191305337e+01
1.823357113678279973e+01
1.646493612904137649e+01
1.452011708696216630e+01
1.703649875596515884e+01
1.400030627473072187e+01
1.562359494936771753e+01
1.747787860006897276e+01
1.794717043839978743e+01
1.621711235495632053e+01
1.541203898079588619e+01
1.767265607318768161e+01
1.123018417277951819e+01
1.393271836583368994e+01
1.548415550436348198e+01
1.593654144725035593e+01
1.499913285375927430e+01
1.806782982741764698e+01
1.799692649382720333e+01
1.638269988196869420e+01
1.785744084940668941e+01
1.808506655582013067e+01
1.506266794653938490e+01
1.427556587008266042e+01
1.512651790223832471e+01
1.450651382203218454e+01
1.567166111115642657e+01
1.436422354134606394e+01
1.373236848508412322e+01
1.487732260055987865e+01
1.673453552048421855e+01
1.737058532255903742e+01
1.400261139100862451e+01
1.498180592454091453e+01
1.484859747048904310e+01
1.546454451838303967e+01
1.550739909474857470e+01
1.428735943687068755e+01
1.794693946337266510e+01
1.698934130895632677e+01
1.454012684253542886e+01
1.442276711004033984e+01
1.793618725953328052e+01
1.701722598852096269e+01
1.571480081766932813e+01
1.817942907768840044e+01
1.510180432931331396e+01
1.484365726074605618e+01
1.833545308496058723e+01
1.750853731728976470e+01
1.786719982144400376e+01
1.450565429933145900e+01
1.681723251862831603e+01
1.463021567068610729e+01
1.727471043635308945e+01
1.449037503742874833e+01
1.505686396808296301e+01
1.785976807788917853e+01
1.804213947405857610e+01
1.587407929518767169e+01
1.549323719270772592e+01
1.495090955153934509e+01
1.706370244951243720e+01
1.395542402914193936e+01
1.752553926905588710e+01
1.632383993651232146e+01
1.441977573835741211e+01
1.638823165805667870e+01
1.694984645059347628e+01
1.400005449746022279e+01
1.270085723233245112e+01
1.471150968152052840e+01
1.704326512473936361e+01
1.562915841519305005e+01
1.526947375030805887e+01
1.460484456248991947e+01
1.787721264511976926e+01
1.775329718055155581e+01
1.814149246630355705e+01
1.666744281369468084e+01
1.714831997736182601e+01
1.792542673212743409e+01
1.304093965764172580e+01
1.527742779246563387e+01
1.743977295271998074e+01
1.698261482890373131e+01
1.531873657043073322e+01
1.378039245966958681e+01
1.488062664324501938e+01
1.441441482661420537e+01
1.645167295496123927e+01
1.811663374717408459e+01
1.832301906552261883e+01
1.777954442030526039e+01
1.504366602978285883e+01
1.638078813326533378e+01
1.781255280095576410e+01
1.624795839968082944e+01
1.537606949103853893e+01
1.632400627286362393e+01
1.808135726236549701e+01
1.687579978933242586e+01
1.792383627518574585e+01
1.698508464288766007e+01
1.556684425056250909e+01
1.635643834380926975e+01
1.780726847966171178e+01
1.733964531003741527e+01
1.389574894327265930e+01
1.341355070377309033e+01
1.416749514145552880e+01
1.445008562942490116e+01
1.375113567656796576e+01
1.713530723356860008e+01
1.250475165867154104e+01
1.793044306614949690e+01
1.426591830519615556e+01
1.549295726650786698e+01
1.422005303791067021e+01
1.734908669532165248e+01
1.832518867750374625e+01
1.398456902021992043e+01
1.628306243661050345e+01
1.720713754021151942e+01
1.778521547506382916e+01
1.643109336249928987e+01
1.430353605893662028e+01
1.525075778610131394e+01
1.429393556971340118e+01
1.698742627468795874e+01
1.433022992081300373e+01
1.438833471554533361e+01
1.385003481285705007e+01
1.647886208830086119e+01
1.677648222478393691e+01
1.442096250836766913e+01
1.597206858788914374e+01
1.776174862133111176e+01
1.691872373512443772e+01
1.375055652991063937e+01
1.686529888235097019e+01
1.429329046931021807e+01
1.611723555513527373e+01
1.294881642201425365e+01
1.429699176142515427e+01
1.661327393926311302e+01
1.723312909354038425e+01
1.583789917405872316e+01
1.529340346150538821e+01
1.631062897577219672e+01
1.618458496533480684e+01
1.605632721869768531e+01
1.738627172024004253e+01
1.514136799082563023e+01
1.496682890079541650e+01
1.767917798810900720e+01
1.812611522730257363e+01
1.441786749245891741e+01
1.506797565206939460e+01
1.796953267848832425e+01
1.711930039815755578e+01
1.796339294762419314e+01
1.740374000189199322e+01
1.738675332114630123e+01
1.545331782958747091e+01
1.489016658667790338e+01
1.714869625834095501e+01
1.667389318931842013e+01
1.429472285826064493e+01
1.625368029848772977e+01
1.512802638845601422e+01
1.805739008253334532e+01
1.754478007769713344e+01
1.510300784446848965e+01
1.773418887503905239e+01
1.646032131037384616e+01
1.810901678680807692e+01
1.765767622892975197e+01
9.147105008991092134e+00
1.770553214424743516e+01
1.801304547518120458e+01
1.447382893147439020e+01
1.644311178030093146e+01
1.453710315276765641e+01
1.683769222528968612e+01
1.660485204508449542e+01
1.393690273344063613e+01
1.663148024610681830e+01
1.686942173543392798e+01
1.608242137134431360e+01
1.759711623703139338e+01
1.724992222596794278e+01
1.786067746547804802e+01
1.752348192913648717e+01
1.571370202056589349e+01
1.772500828027003195e+01
1.528983715318430825e+01
1.627240941935341212e+01
1.767572948914459730e+01
1.822175427822094917e+01
1.610776587742522281e+01
1.450960247694372995e+01
1.730981462442832708e+01
1.344270798085755736e+01
1.442033233125612313e+01
1.668997147025511651e+01
1.792268728787010090e+01
1.429751659347144077e+01
1.372666553462244110e+01
1.408204438932694202e+01
1.416858473741464763e+01
1.662438396342392011e+01
1.340710280591843073e+01
1.408567647126258393e+01
1.705168280084049570e+01
1.434825107425302448e+01
1.416534259767849235e+01
1.452978371825503601e+01
1.445490796597460914e+01
1.542844613477497262e+01
1.421514291290099585e+01
1.508617293095033318e+01
1.620507793452977907e+01
1.832529846825870479e+01
1.547218940438469659e+01
1.794784755149499134e+01
1.427027113318590956e+01
1.713268621380000667e+01
1.765445178667272685e+01
1.434476687606724887e+01
1.541972601569348456e+01
1.448575073989138318e+01
1.602586551392575487e+01
1.565497510940322456e+01
1.447006180289536381e+01
1.597369052197197270e+01
1.624447337429473137e+01
1.388862134063523790e+01
1.612848334280392137e+01
1.753433566782671704e+01
1.680594757181181009e+01
1.477171679363006618e+01
1.532810711397473291e+01
1.545655881485029681e+01
1.357670180168656948e+01
1.823670938584501755e+01
1.824136541393503919e+01
1.395504633020192742e+01
1.480975635308133320e+01
1.662826069995767497e+01
1.690330339446937558e+01
1.509146130213466641e+01
1.564435763707816918e+01
1.503215849865189391e+01
1.738372556604515751e+01
1.771238201553749292e+01
1.568050945135318486e+01
1.476974915974497904e+01
1.361681792790357193e+01
1.713842567589213672e+01
1.511847137265800356e+01
1.570184341138548945e+01
1.600859733933430817e+01
9.226718286535016134e+00
1.395542402914193936e+01
1.437925348587871355e+01
1.824375102367962143e+01
1.742792896953879733e+01
1.537275814954286801e+01
1.416481436896206247e+01
1.719573422100506477e+01
1.824261167055037802e+01
1.467840452310117527e+01
1.707453964716551909e+01
1.658954871478621484e+01
1.509993846922965943e+01
1.821315475063595812e+01
1.687977578092502284e+01
1.578229315322624160e+01
1.756027628984550404e+01
1.628527980978813616e+01
1.585901273346507168e+01
1.818361488652870506e+01
1.442018586721364670e+01
1.634648523532993991e+01
1.822430473736264744e+01
1.638963777780097431e+01
1.375012486959569102e+01
1.469195145015674875e+01
1.541871172163584092e+01
1.575971770140384542e+01
1.506266794653938490e+01
1.463354573005504555e+01
1.681176271796131871e+01
1.562663059530664000e+01
1.738154860069395724e+01
1.829534363821427689e+01
1.824741953419814422e+01
1.768302550421670460e+01
1.701790985640786502e+01
1.833636047652097290e+01
1.724495384001623322e+01
1.463346622758401239e+01
1.385003481285705007e+01
1.801304547518120458e+01
1.439101791338410763e+01
1.691153123303512018e+01
1.687579978933242586e+01
1.746170956966189891e+01
1.780366562234026517e+01
1.817982952054583379e+01
1.582549821062216466e+01
1.833369776713149335e+01
1.825876901122421003e+01
1.836114442329879637e+01
1.793062759349827928e+01
1.259302772311613339e+01
1.428591130026445200e+01
1.484365726074605618e+01
1.700560693751059205e+01
1.778890393701048112e+01
1.573805573732589735e+01
1.809391586010186614e+01
1.595460229593317791e+01
1.686059198410826809e+01
1.523221071938115756e+01
1.782459508746774901e+01
1.749439311003322217e+01
1.441405885117434593e+01
1.441307181909894908e+01
1.711546342517791430e+01
1.572394964902802883e+01
1.444250381940406847e+01
1.452075468814936343e+01
1.418189624428227091e+01
1.420509592886363137e+01
1.505462192207910022e+01
1.627668800005537975e+01
1.433344237533552246e+01
1.753950043908864487e+01
1.625108566258600717e+01
1.615349032641212546e+01
1.793765079942716056e+01
1.599178605359084315e+01
1.444040353103624241e+01
1.416650470906724379e+01
1.751594813010327556e+01
1.833998826937872195e+01
1.702767088277682461e+01
1.418340110494708028e+01
1.738666647475798044e+01
1.409988267618483526e+01
1.462734274484397723e+01
1.534574504811063278e+01
1.809687128779849630e+01
1.671183195836172075e+01
1.406077187695160546e+01
1.421078484051167479e+01
1.767775190478344172e+01
1.191431217109657403e+01
1.833414634229122342e+01
1.752348192913648717e+01
1.732373034552451685e+01
1.702180255343932913e+01
1.744981805483979898e+01
1.739827315261220164e+01
1.451597676071623511e+01
1.732722942839443547e+01
1.396466860054055914e+01
1.075842347621384576e+01
1.480164065124979800e+01
1.524225665867890456e+01
1.560887775604314420e+01
1.716531907934075463e+01
1.664067031132727692e+01
1.734569653084388818e+01
1.419874955455474463e+01
1.703821843753119580e+01
1.558839402087664538e+01
1.753666542924568361e+01
1.641147642562994946e+01
1.488006406633228451e+01
1.715895980274881083e+01
1.659406171959809484e+01
1.821039860867391980e+01
1.687637835242208695e+01
1.441085623242156899e+01
1.776730080550662194e+01
1.380080236118674719e+01
1.758806870909171849e+01
1.436988659411088065e+01
1.641761911314591416e+01
1.428582075131484430e+01
1.712743896590495396e+01
1.434107882156022384e+01
1.475732055549454813e+01
1.821122656298218700e+01
1.823711469188578604e+01
6.321860256611944173e+00
1.720139483097759481e+01
1.741655837967885390e+01
1.762376885370127866e+01
1.439147386910661908e+01
1.351683784341778427e+01
1.665536387001023044e+01
1.772562745299439158e+01
1.494082081742522661e+01
1.591822020557289363e+01
1.435580562061516474e+01
1.712102985340108674e+01
1.400590201880596908e+01
1.654395588152955199e+01
1.648134595446984463e+01
1.612701795736046151e+01
1.195712213280203251e+01
1.472939383977485051e+01
1.530050276507898133e+01
1.737792980008644861e+01
1.564789137740853064e+01
1.732040404010371759e+01
1.408403365048301126e+01
1.530326734260316002e+01
1.385007863671328110e+01
1.469077100469090880e+01
1.217566184200599366e+01
1.435124847384928337e+01
1.732886464095706458e+01
1.357110987486595732e+01
1.424132748461759412e+01
1.280795002699521312e+01
1.689726593480455819e+01
1.833914349223955398e+01
1.761062888237689350e+01
1.833891895422258500e+01
1.560860073032969275e+01
1.424385539967248349e+01
1.512493594643014205e+01
1.710957078377690266e+01
1.456221718633526230e+01
1.562454918197175857e+01
1.425810590413753509e+01
1.723351075842114710e+01
1.435022761942122038e+01
1.234680059196931445e+01
1.375021497323306718e+01
1.770757612169868622e+01
9.495212325610054904e+00
1.624113824575611176e+01
1.651041120336110168e+01
1.427301016121608868e+01
1.572633027417770002e+01
1.732515178683920709e+01
1.306499027989164574e+01
1.686871348235449020e+01
1.310785889286872319e+01
1.339346913925241545e+01
1.659820642658799628e+01
1.544982652553300895e+01
1.741964494416550835e+01
1.725845519178162846e+01
1.624877834666939336e+01
1.736980309570389380e+01
1.479783301438453691e+01
1.809421425889883750e+01
1.443369452187607749e+01
1.684307655109508772e+01
1.517797733343807565e+01
1.636491218127260439e+01
1.737113498429921066e+01
1.403503275620672142e+01
1.528355516322935692e+01
1.701591976078054458e+01
1.343488347725601884e+01
1.749207080931765645e+01
1.515164898082537448e+01
1.785969945519808988e+01
1.435322154680622475e+01
1.720907274958761590e+01
1.406574112301739987e+01
1.430170353481683243e+01
1.631765911736881591e+01
1.315481374304139806e+01
1.461709248914353410e+01
1.487056088067106785e+01
1.799212936796736528e+01
1.437725662611179978e+01
1.654537992250042677e+01
1.471673693856052090e+01
1.484691357897405339e+01
1.634046923440165955e+01
1.818735884059771735e+01
1.428336967053643392e+01
1.487056851776287658e+01
1.775106710628492124e+01
1.455069256943963474e+01
1.749254925394230042e+01
1.720661544162083700e+01
1.684136981926942767e+01
1.552835624639245893e+01
1.756027628984550404e+01
1.412983975362043587e+01
1.781917982217481722e+01
1.704461612313310681e+01
1.787059448296771080e+01
1.735067618385219390e+01
1.511628921370846435e+01
1.572955822326493092e+01
1.397716513951166206e+01
1.428678112957830848e+01
1.558839402087664538e+01
1.705624754477261718e+01
1.582873602613473096e+01
1.397088052176574635e+01
6.018458966636639929e+00
1.400076081957057461e+01
1.809630818698387245e+01
1.655856759415137347e+01
1.780179711173301627e+01
1.780036213920092081e+01
1.611327793592997892e+01
1.595300189931576362e+01
1.679281289160118007e+01
1.530859628477036694e+01
1.812222754020488225e+01
1.452202980491385276e+01
1.621113328674015008e+01
1.476290732169718822e+01
1.747816592326665486e+01
1.438366072002499862e+01
1.823875175511081181e+01
1.429392102357638095e+01
1.550930832663206616e+01
1.497519192475334648e+01
1.590925775343583126e+01
1.745896807799492123e+01
1.660297495960296743e+01
1.607940732805502293e+01
1.441566746157031531e+01
1.422226398559098115e+01
1.720982528845125614e+01
1.572392512947154586e+01
1.773292691177726255e+01
1.435653078513911041e+01
1.761062888237689350e+01
1.740618262153445883e+01
1.681176271796131871e+01
1.576862279530066679e+01
1.500358901008179124e+01
1.746103886970033869e+01
1.634514753621353123e+01
1.700016349837739682e+01
1.685478163665363738e+01
1.722514136831810916e+01
1.677982441631396426e+01
1.720678382274973117e+01
1.754145143130159568e+01
1.366099209834462336e+01
1.540148648335941672e+01
1.647114443641664394e+01
1.638823165805667870e+01
1.438196412526334100e+01
1.713977571706200109e+01
1.599829701024494710e+01
1.610655228963245733e+01
1.711798662471918320e+01
1.479953577999027914e+01
1.738154860069395724e+01
1.755815766851484128e+01
1.726385154598924743e+01
1.428401549973064988e+01
1.808479266450661171e+01
1.802343588918219197e+01
1.788562214697911656e+01
1.518222978240070731e+01
1.531455706817765972e+01
1.791025851491989940e+01
1.053221162181253234e+01
1.181001798365496747e+01
1.793455679500771183e+01
1.205916459031416821e+01
1.473543159307792649e+01
1.737488257792868040e+01
1.700730286771671729e+01
1.497192131639067547e+01
1.794325796899833492e+01
1.740563193374373441e+01
8.087855371801214943e+00
1.824968549363734382e+01
1.402675427294762578e+01
1.435905558098330559e+01
1.696802252605469619e+01
1.758025821337723471e+01
1.604424034295402635e+01
1.731377684281791929e+01
1.498794109700380517e+01
1.658580350683779159e+01
1.442553251786929636e+01
1.572751393230152139e+01
1.486036682768235728e+01
1.574253188524502889e+01
1.541482878699292058e+01
8.364667725466510717e+00
1.811318848923486868e+01
1.824361272901834852e+01
1.197589649172235227e+01
1.585995662497279213e+01
1.428640032546954508e+01
1.584281917212794610e+01
1.670859273999558425e+01
5.749305923958570652e+00
1.807977351140162625e+01
1.428698237061466081e+01
1.400261139100862451e+01
1.822430473736264744e+01
1.437330998026120987e+01
1.604416379840115070e+01
1.755675193718619909e+01
1.640230324448694788e+01
1.400081315301124896e+01
1.483709309859296255e+01
1.554973368064266737e+01
1.805936352801428413e+01
1.363098841341908063e+01
1.440434698516509293e+01
1.793044306614949690e+01
1.351853557424380803e+01
1.458869936820642366e+01
