1.061550993035854695e+01
1.360613453231374592e+01
1.400000836075425603e+01
1.386913911463402727e+01
1.335259948548820041e+01
1.133278941106722293e+01
1.015533598194578602e+01
1.380391103961513721e+01
1.410567341940687314e+01
1.343680695536812841e+01
1.391812694819320484e+01
1.381443209927629212e+01
1.268096435436525304e+01
1.400214110517422839e+01
1.329117639989759425e+01
1.296538348435175436e+01
1.299558761717110045e+01
1.406377652275152279e+01
1.400120389190164616e+01
1.379606070245348093e+01
1.296649825840904668e+01
1.353091194638931327e+01
1.193462288782657588e+01
1.406390474346988917e+01
1.391672488245680483e+01
1.375100499746323734e+01
1.239287085644147979e+01
1.400104418856318489e+01
1.406282762246749307e+01
1.416377478608499629e+01
1.375013210349644055e+01
1.396171238070126286e+01
9.486303822808102026e+00
1.399999635364434702e+01
1.400037796681586499e+01
1.198693849190342142e+01
1.400014451403412252e+01
1.410187911497802915e+01
1.385083334977908720e+01
1.161286743697564638e+01
1.389999016039530488e+01
1.379310414034773480e+01
1.255992318861608936e+01
1.390209277805122845e+01
1.396705659193558446e+01
1.364651441084913763e+01
1.259195744089651114e+01
1.276552494404951865e+01
1.369749606114958773e+01
1.306199032365380575e+01
1.349856612622238572e+01
1.333649652374305106e+01
1.322027499127768380e+01
1.343443419460884058e+01
1.411493186471375694e+01
1.411172150954817361e+01
1.126106399201353625e+01
1.409765560580173727e+01
1.387181534034156982e+01
1.335250955812433205e+01
1.409049425477985551e+01
1.330476678147746838e+01
1.373398393162953113e+01
1.403389522208168927e+01
1.353487538602795048e+01
1.344498170725905695e+01
1.386478887404209992e+01
1.331931192899781280e+01
1.375408667869746537e+01
1.369332391902663559e+01
1.277451337247143393e+01
1.413054374103558075e+01
1.341649773121904587e+01
1.130686743007233730e+01
1.341510296606110053e+01
1.340636158927455845e+01
1.337617768393334217e+01
1.205026045207099195e+01
1.346464652174460852e+01
1.322991310847101332e+01
1.301615436285893601e+01
1.415365697798270261e+01
8.848139453211715022e+00
1.362883438041242101e+01
1.295503418329746737e+01
1.375345746181831785e+01
1.225045439956366522e+01
1.279076816180550757e+01
1.227110366848577527e+01
9.861405688032300887e+00
1.368549645945938664e+01
1.322609278849783365e+01
1.414705278868548355e+01
1.411816420120280391e+01
1.139172769932158857e+01
1.207501303277466853e+01
1.216675663479762903e+01
1.227928625386771877e+01
1.400090053389936884e+01
1.299673636032806456e+01
1.297512968753490803e+01
1.412517582251612858e+01
1.407796161791541678e+01
1.254557124949484503e+01
1.383123445983683020e+01
6.207042537305655472e+00
1.354259115446383710e+01
1.150928160673045042e+01
1.390015964510962121e+01
1.400140944501007567e+01
1.375007846657748445e+01
1.400018742864619625e+01
1.400033703704076515e+01
1.400042091396032973e+01
7.160561107897262190e+00
1.416156326392274423e+01
1.400016214223217403e+01
1.413326430142383927e+01
1.357940843577749135e+01
1.366013707264603738e+01
1.409049425477985551e+01
1.411147834217031694e+01
1.368249535202499167e+01
1.341304956476964172e+01
1.147050650525153337e+01
1.215681480766245492e+01
1.332493384341112375e+01
1.415264792152392914e+01
1.276552494404951865e+01
1.400210528265473009e+01
1.004184545392078931e+01
1.369427517664715133e+01
1.400046986837427809e+01
1.247811328225584582e+01
5.958054618757495646e+00
1.368254165240780651e+01
1.404451123039321381e+01
1.141014249539274417e+01
1.375000474128650296e+01
1.019608749594407371e+01
1.398220856810598534e+01
1.400392972618401188e+01
1.138096733092160662e+01
1.415167102991205894e+01
1.368949091320703104e+01
1.411804363353243374e+01
1.399991089953871182e+01
1.326720701942887004e+01
1.399995567897609305e+01
1.400355135015274044e+01
1.292113023688434481e+01
1.149423021839874792e+01
1.384097733097716976e+01
1.404437419520962571e+01
1.402243816635456675e+01
1.253113127949273320e+01
1.404946961356042934e+01
1.339780040328975552e+01
1.375007221247659039e+01
1.400723745897413508e+01
1.391812694819320484e+01
1.262351506340342056e+01
1.361646597525835922e+01
1.408375258926150586e+01
1.385964785256418175e+01
1.346583452348770749e+01
1.375042696642496765e+01
5.899918503880703824e+00
1.267132935410311667e+01
1.390071819725488922e+01
1.385063235238612123e+01
1.336360434367326633e+01
1.231957070838007517e+01
1.325191757542778426e+01
1.345261643192959511e+01
7.174072848924159196e+00
1.358565037387791996e+01
1.392976850506658160e+01
9.542914705065918213e+00
1.385041798840436655e+01
1.276574684094562429e+01
1.306137996326883233e+01
1.218263957544811049e+01
1.382844966244319451e+01
1.296375382976953361e+01
1.400034145974407096e+01
1.375043459777207211e+01
1.374927393617184279e+01
1.400061963444570168e+01
1.364792598059539408e+01
1.368249535202499167e+01
1.279282656004384044e+01
1.396788312420738620e+01
1.383044812750012298e+01
1.310562523275705260e+01
1.375173053002858481e+01
1.396280444549413602e+01
1.406788607728700669e+01
1.412864934097465941e+01
1.158141467242610467e+01
1.415445651411414829e+01
1.375017033579057824e+01
1.400001641496979410e+01
1.392301508974676238e+01
1.400011339932153831e+01
1.264606767685963007e+01
1.390209277805122845e+01
1.120167561167713188e+01
1.400025985679047125e+01
1.297931195326393627e+01
1.375051997600207976e+01
1.219261764784886104e+01
1.399901672887219561e+01
1.215318205720314459e+01
1.402887247426540718e+01
1.343421687385285779e+01
1.191959375130075749e+01
1.390193546077627218e+01
1.312364545235704583e+01
1.400033919707315277e+01
1.169853811850226322e+01
1.403028682152700135e+01
8.743777241448864146e+00
1.353617213553816256e+01
1.400095101494544281e+01
1.400332820903479814e+01
1.392066729361734367e+01
1.405009748374041578e+01
1.346705627549639139e+01
1.307351480957149192e+01
1.416279041619474022e+01
1.375096022627284142e+01
1.383924017342194013e+01
1.379051524410053098e+01
1.161115224643942767e+01
1.268166935361877634e+01
1.413170075878058185e+01
1.375018345814527621e+01
1.318087025097684339e+01
1.400013455404503304e+01
1.399804192791937218e+01
9.668778974154994543e+00
1.368266093817993934e+01
1.375100257326426956e+01
1.405210586036531950e+01
1.200442319970363592e+01
1.394971128644087699e+01
1.397988675053647434e+01
1.400070894810489186e+01
1.167253209339491704e+01
1.226455320473716881e+01
1.345362122831018326e+01
1.354545748728947174e+01
1.257012794314722015e+01
1.411825000601401570e+01
1.339231773459461294e+01
1.375212227297285139e+01
1.363232174985933298e+01
1.391641863966139070e+01
1.400025737225877620e+01
1.293919365971768620e+01
1.229395575509229310e+01
1.375017399886500513e+01
1.416214040729475698e+01
1.391637093880121867e+01
1.397007168363359497e+01
1.410748230883863918e+01
1.385008551454528636e+01
1.339279299354803854e+01
1.375016323937849450e+01
1.400066576546019448e+01
1.400046505678878717e+01
1.413566510793015141e+01
1.371583986220020179e+01
1.256935433568880711e+01
1.394153299871729246e+01
1.400142032456528973e+01
1.399689030497438935e+01
1.416091374076831677e+01
1.402147071122851507e+01
1.412561927639308124e+01
1.410784073562330931e+01
1.382306084078844677e+01
1.394843329578489133e+01
1.335587320851918491e+01
1.288791329454822332e+01
1.278719299758791905e+01
1.294684448760676432e+01
1.392255636556466669e+01
1.336276844923792950e+01
1.237319231600723235e+01
1.375052854552369119e+01
8.166417811121229775e+00
1.399974311640241176e+01
1.328381408119857987e+01
1.367854497517775769e+01
1.416317388643121689e+01
1.394955308149916284e+01
7.281668766574626694e+00
1.301775874066172634e+01
1.400035880769706154e+01
1.272370208685346427e+01
1.400026037144119329e+01
1.313915845547001915e+01
1.400104441371724207e+01
1.410299420934479286e+01
1.186454608502448949e+01
1.416222847483786396e+01
1.414141752926991558e+01
1.400013408799214076e+01
1.329117639989759425e+01
1.230270898558814885e+01
1.041186677905581881e+01
1.399941099305199366e+01
1.400016159581488395e+01
1.406136165649979475e+01
1.303367308940940816e+01
1.256935433568880711e+01
8.706608382394190215e+00
1.405894053172351832e+01
1.336360434367326633e+01
1.276574684094562429e+01
1.368445706039390863e+01
1.132328982618071578e+01
1.383569272238762338e+01
1.373627827620084396e+01
1.286041210975327864e+01
1.291252887490693801e+01
1.400109894515144049e+01
1.379671727552872795e+01
1.240819557021278463e+01
1.345951814324559948e+01
1.408680206950250735e+01
1.333649652374305106e+01
1.325765038078231584e+01
1.390783845371258387e+01
1.275047771412651443e+01
1.415564594848331126e+01
1.371398598717144246e+01
1.391175279803614728e+01
1.145685976975768305e+01
1.377910056240864378e+01
1.352197061339833262e+01
1.258318040939181870e+01
1.275731561450788831e+01
6.216183725564234486e+00
1.399996996719658782e+01
1.144136673967648576e+01
1.243248967692399098e+01
1.414597864590313492e+01
1.375042110097111170e+01
1.299457000316566635e+01
1.414507669512127030e+01
1.011033499021900717e+01
1.342143095771417372e+01
1.412570062337539056e+01
1.403256886315651641e+01
1.405764466216945507e+01
1.375004239407770612e+01
1.370154050642054600e+01
1.416049219761111999e+01
8.507796284047268287e+00
1.220242761575706503e+01
1.400060998288357794e+01
1.383021553478464938e+01
1.375032497564317779e+01
1.370936513755819597e+01
1.400027478260745539e+01
1.377361425678972395e+01
1.320213246004453111e+01
1.214936398648768368e+01
1.308585822055335868e+01
1.372629908056049963e+01
1.278894732127040612e+01
1.329408947354430381e+01
1.400007873426239513e+01
1.385772926695411300e+01
1.313695574687150547e+01
1.389981692452460393e+01
1.406046349258547323e+01
1.399804192791937218e+01
1.355262237441374928e+01
1.390064460700264526e+01
1.375096022627284142e+01
1.400019899459613271e+01
1.316507280228788623e+01
1.375037730968087502e+01
1.352053165927778267e+01
1.360723986433476718e+01
1.406643000013047384e+01
1.364575058220240678e+01
1.328556347419395500e+01
1.261774845838316850e+01
1.416378718849418661e+01
1.400220039357390434e+01
1.392998534043183412e+01
5.759456540921705781e+00
1.332603356716055565e+01
1.316151901282673720e+01
1.277939314595776032e+01
1.372376556034213380e+01
1.042084535001814416e+01
1.358125002590076846e+01
1.244006150622029772e+01
1.413595332864561094e+01
1.406063214954419571e+01
1.247435167516938037e+01
1.366581329257467026e+01
1.399996989801541503e+01
1.342458841422132920e+01
1.340198817620531813e+01
1.324974529254982336e+01
1.341380032950824841e+01
7.174072848924159196e+00
1.297862637254884177e+01
1.128991687409741118e+01
1.409930156445006588e+01
5.738437310104100852e+00
1.375153636483729258e+01
1.130105611771783103e+01
1.375037883545061845e+01
1.253561163126676092e+01
1.321887795586726355e+01
1.309172638132379518e+01
9.737807189141854280e+00
1.375058935929277126e+01
1.348686520210220507e+01
1.400186439693141338e+01
1.399156703168083205e+01
1.366300611875939808e+01
8.683962590713306895e+00
1.162594065497144946e+01
4.572580849127104052e+00
1.375054050764612867e+01
1.066434173852976741e+01
1.400217924214212495e+01
1.312097351003632362e+01
1.375016186465642498e+01
1.269555193811785188e+01
1.256575747844273572e+01
1.306430957726544939e+01
1.380027829371324088e+01
7.136176537088017469e+00
1.036495214256589037e+01
1.409064872136297986e+01
8.553563494153280544e+00
8.655874890237214458e+00
1.362760410670705724e+01
1.041343575870972771e+01
1.400315544132153178e+01
1.270533357585011913e+01
1.375069138118496426e+01
5.897691222929593025e+00
1.391123055767560501e+01
1.331875038778733078e+01
1.400092792516767659e+01
1.377553126105361514e+01
1.223976539706703370e+01
1.409745078594769829e+01
1.200379129905114617e+01
1.403795845744082271e+01
1.400120778885159467e+01
1.046046858481050634e+01
1.375215895815468059e+01
1.375055385425755361e+01
1.375075412720493162e+01
1.415759753239681551e+01
1.128407719652297558e+01
1.338171167579976029e+01
1.375046176086692995e+01
1.373409592547526259e+01
1.210859260802932980e+01
1.335363832016352603e+01
9.250930279952967794e+00
1.313327797751011161e+01
1.391691790352402691e+01
1.317709271111506197e+01
1.414614089902987715e+01
1.386807677767207814e+01
1.209139449446376524e+01
1.409099288382657278e+01
1.415533643478206827e+01
1.004184545392078931e+01
1.400065188357062596e+01
1.337036359521944107e+01
6.018978137193234268e+00
1.404542186312795948e+01
1.266458097499067748e+01
1.410423666474391879e+01
1.392649805574234634e+01
1.291792564008891553e+01
1.350512565532529230e+01
1.395785266601930985e+01
1.186246521351213090e+01
1.228397217350182480e+01
1.375035568410571152e+01
1.335779138271003674e+01
1.270054610792911376e+01
1.273728926710284171e+01
1.375018780666900220e+01
1.384616206630142443e+01
1.366678114524059673e+01
1.413341570665555835e+01
1.201942964016983417e+01
1.358920266359974249e+01
1.376947462324585203e+01
1.385360813117829082e+01
1.357027362403221993e+01
8.407501153907826819e+00
1.400668128370805299e+01
1.416127311732884309e+01
9.098295286751140409e+00
1.370132164741812275e+01
1.343773756844446154e+01
1.400060747371258785e+01
1.375043459777207211e+01
1.385086764242272395e+01
1.177332916197069679e+01
1.382355302756087667e+01
1.407501323673814753e+01
1.396963324197980327e+01
1.256467998091920357e+01
1.401254934694997800e+01
1.401584819520648395e+01
1.399071599538352118e+01
1.402296084078649585e+01
1.277538037378457503e+01
1.376050252435814514e+01
1.386643996941844215e+01
1.214457622948056326e+01
1.375375728146777554e+01
1.406763688861917494e+01
1.356882560630710444e+01
1.298667631566700997e+01
1.298574939196282330e+01
1.405346209113795197e+01
1.365257736089213836e+01
1.400968465687083864e+01
1.400034145974407096e+01
1.400033703704076515e+01
1.375037606315871130e+01
8.743777241448864146e+00
1.409241331816458143e+01
1.161286743697564638e+01
1.207501303277466853e+01
1.375008436270396039e+01
1.364146454970710209e+01
1.400080010742923520e+01
1.337639450131960217e+01
1.403386772611778355e+01
1.360122829077339723e+01
1.399979157443894096e+01
1.310505999849933190e+01
1.400021885680048683e+01
1.327447014682980253e+01
1.344522009152141351e+01
1.346050489885703705e+01
1.365725557842486992e+01
1.375044883223127457e+01
1.416213139904439799e+01
1.410101563660056811e+01
1.407133713734768676e+01
9.513550967921492685e+00
5.805914032291969562e+00
1.413390037078609396e+01
1.400123635955186430e+01
1.402622987725642290e+01
1.394356167443762118e+01
1.400079002667856720e+01
1.398137658112900716e+01
1.309356045389402645e+01
1.251404570373081526e+01
1.395238248498485056e+01
1.412232633943906634e+01
1.400014661026144225e+01
1.257996055657498324e+01
1.399641862015936766e+01
1.375003143324716604e+01
9.044533035905718776e+00
1.243687785290857661e+01
1.355127280927708711e+01
1.364600572443900539e+01
1.413570217616282321e+01
1.383906609983545977e+01
1.354573689471030207e+01
1.416317388643121689e+01
1.377117279903101732e+01
1.272373425259087476e+01
1.236126585366304553e+01
1.411372995044074230e+01
1.291750157500681162e+01
1.375020039038802366e+01
1.165604741094621843e+01
1.301462493536419274e+01
1.400010330541879355e+01
9.380597732643996878e+00
1.381982941757717853e+01
1.315348018128351981e+01
1.410173307954036659e+01
1.345203248504546067e+01
1.400064774218023267e+01
1.211733990806374628e+01
1.390500416368120540e+01
1.410271305335038683e+01
1.176803414881674570e+01
1.399999701129176799e+01
1.415205775299565971e+01
1.339881589957333752e+01
1.385021241195555319e+01
1.289444570048738825e+01
1.410077817497801789e+01
1.400392972618401188e+01
1.314454937284838110e+01
1.381096249248638408e+01
1.371951861153808139e+01
1.412060568019184004e+01
1.374830330580585525e+01
1.346933823818406673e+01
1.382360242589032850e+01
1.280826111062799377e+01
1.367659316178146511e+01
1.400105502786576039e+01
1.323966826813706454e+01
5.798194563777547827e+00
1.376068259451048093e+01
1.080107007009826425e+01
1.360949105951952376e+01
1.299124342479829863e+01
1.378301495485929351e+01
1.400000467037872731e+01
1.072247201081209766e+01
1.406750611017452002e+01
1.374997470518692921e+01
1.334449014394710531e+01
1.356894562220992206e+01
1.375016221776804137e+01
1.316311956934777605e+01
1.246427391394797723e+01
1.323946399991682732e+01
1.408446658444754718e+01
1.337524554437129432e+01
1.343042798228815116e+01
1.407796161791541678e+01
9.249049336356614859e+00
1.375018449936677101e+01
1.401103859057158374e+01
1.389663682448171755e+01
1.413493583650010521e+01
1.387223062286504138e+01
1.375345746181831785e+01
1.362686344472157529e+01
1.413487036743027048e+01
1.406724584299427150e+01
1.375006015010798777e+01
1.354746263834947229e+01
1.343559196248794052e+01
1.400063007027779882e+01
1.375004208360943281e+01
1.410045113359075231e+01
6.718098503506721109e+00
1.322232844836430843e+01
1.242932692352514579e+01
8.512779162314862091e+00
1.402756308462067025e+01
1.318439710349195515e+01
1.348938234607190267e+01
1.409985324116752636e+01
5.460396945861749174e+00
1.413900553286307371e+01
1.389404145137807234e+01
1.406392192699108179e+01
1.400137594690969323e+01
1.281252656103960241e+01
1.207525339830055522e+01
1.411418967893751741e+01
1.389359730870383380e+01
1.345203248504546067e+01
1.292929345612181180e+01
1.400045025016822464e+01
1.349778032723049748e+01
5.737697057838202497e+00
1.415038862165786959e+01
1.307983520092636809e+01
1.354299543312958853e+01
9.416694037955322116e+00
1.237160413824465266e+01
1.357384923813616595e+01
1.082151212728987666e+01
1.400138737238143705e+01
1.394742327587204400e+01
1.200402799279094523e+01
1.256569143755368678e+01
1.393669411939911384e+01
1.389545965503947045e+01
1.381204083919800496e+01
1.391001618721205091e+01
1.416378718849418661e+01
1.401087801378695197e+01
1.399059055930310080e+01
1.379827975347201274e+01
1.054283449271363970e+01
1.234616148215254228e+01
1.382190288603610284e+01
1.383236895932282096e+01
8.727572745409370114e+00
6.007682150835740309e+00
1.399403319117056377e+01
1.256201091278846071e+01
1.210328695409129196e+01
1.150928160673045042e+01
3.800986826672281271e+00
1.400008978051023689e+01
1.400035049565933676e+01
6.471079414453873468e+00
1.087017049536653879e+01
1.258348167008497498e+01
1.266283657747140801e+01
1.318396430227410043e+01
1.413110957966034320e+01
1.353760159825527509e+01
1.375012522868173370e+01
1.277590905705399216e+01
1.394404055690613831e+01
1.091814692307605128e+01
1.105643063100544232e+01
1.362875938784309504e+01
1.391591342092627492e+01
1.328842227912252483e+01
6.039728645362314907e+00
1.325917419444818712e+01
1.400393456861563379e+01
1.406714178169801599e+01
1.257012794314722015e+01
1.400331848809428514e+01
9.904867317517512149e+00
1.195004098715849672e+01
1.376326640335138407e+01
1.375351039176608126e+01
1.407624788786056236e+01
1.378748791600895984e+01
1.245762861724119119e+01
1.400094189880141826e+01
1.274625019466300557e+01
1.412906356275354014e+01
1.268092054515742717e+01
1.400064334072196459e+01
1.409799804314239857e+01
9.123302367929838397e+00
1.367413722926855257e+01
1.388426503427906411e+01
1.305002009120135043e+01
1.351190027930310222e+01
5.794062198098320238e+00
1.316280529226076368e+01
1.134341535948296453e+01
1.246173899956252384e+01
1.299514176533320153e+01
8.510421029897614176e+00
1.263879909038980998e+01
1.404856891263633578e+01
1.386261118485557375e+01
1.414206109961032709e+01
1.132680813837776945e+01
1.410375777978305933e+01
1.310193205197735544e+01
1.162594065497144946e+01
1.354299543312958853e+01
1.413570217616282321e+01
1.385397883425350685e+01
1.387973457534074839e+01
9.317471554648159682e+00
1.220865848981720703e+01
1.383569272238762338e+01
1.196473358172462298e+01
7.734546508275097487e+00
1.393339535285553055e+01
1.375057382406442841e+01
1.400065223350930665e+01
1.319904033462524851e+01
1.345201434005938346e+01
1.400013340047815191e+01
1.373626113618393774e+01
5.602344806861978554e+00
1.368249535202499167e+01
1.356391286447074407e+01
1.397472547111616592e+01
1.217277860517723020e+01
1.339734394830005471e+01
1.404762210172079406e+01
1.264480739297185252e+01
1.400106505149039293e+01
1.104872438625451814e+01
1.408320892297044402e+01
1.375975968908173286e+01
1.394716875047983073e+01
1.400012995522083337e+01
1.385111899698359217e+01
1.400075843150204946e+01
1.365510662705959533e+01
7.860064718973145403e+00
1.316001209007801975e+01
5.910457618975415883e+00
1.271484711339992302e+01
1.394820129396623543e+01
1.400011789917896898e+01
1.330570029707232393e+01
1.400085183003129607e+01
1.357125130213172071e+01
8.920437153408542486e+00
1.364414863493398045e+01
1.323018865941369882e+01
1.368433484244899390e+01
1.092209163992445298e+01
1.409676254235576209e+01
1.072771606305952119e+01
1.274625019466300557e+01
1.339126451955447372e+01
1.416109069467933779e+01
1.376197320904623211e+01
1.400044305311345560e+01
1.400008978051023689e+01
1.279347436157487650e+01
1.165937680930595732e+01
1.279303374322794795e+01
1.040177789424067178e+01
1.366669879017119271e+01
1.382833102980864837e+01
5.106428768518504135e+00
1.242943641683401346e+01
1.145086968826744567e+01
1.315953310098462659e+01
1.385284230940515471e+01
1.375014774471465628e+01
1.400263923312624215e+01
1.404241953601260917e+01
1.375012906838522220e+01
1.217159368119979668e+01
1.375219841164527423e+01
1.400007511929395676e+01
1.298458566525853541e+01
1.385075478635029000e+01
1.400279537782013506e+01
1.316589494717132247e+01
1.081943308818144089e+01
1.316460302692223650e+01
1.381085224040473847e+01
1.394190951355180452e+01
1.375009625648259259e+01
1.329846037583510565e+01
1.340840605411492703e+01
1.266258080141958686e+01
1.198257299860047453e+01
1.136481210752409510e+01
1.315020921584831548e+01
1.412023153725018787e+01
1.399899688061484326e+01
1.400323654166423459e+01
1.412185496748806912e+01
1.411296236832868800e+01
1.402268457524309753e+01
1.410016139862164763e+01
1.177378390466954983e+01
1.278859753664993448e+01
1.400254069750469554e+01
1.371699875949561331e+01
1.411493186471375694e+01
1.392214658864689270e+01
1.336031136313796708e+01
1.198925793662166583e+01
1.400007460700410533e+01
1.012644335032465825e+01
7.303875773372558555e+00
1.347525329915502645e+01
1.400113302000582216e+01
1.183214904782709809e+01
1.360046227150727916e+01
1.383856055192453383e+01
1.412906356275354014e+01
1.355520242587191326e+01
1.345507225395973094e+01
1.390326587521921908e+01
1.250808487790768808e+01
1.406804750191986386e+01
1.409464207031893501e+01
1.404856352029751676e+01
1.377398401126678884e+01
1.373828791937514282e+01
1.415601186453031346e+01
1.400110967567286480e+01
1.375019297820174380e+01
1.402022405994641119e+01
1.364614340487638700e+01
1.212046525180443268e+01
1.261537757429263529e+01
1.410876658561248398e+01
1.394030449995875642e+01
1.198473358900227836e+01
1.351324514847609315e+01
8.634318775953756742e+00
1.390792501179227258e+01
1.401055652656424044e+01
1.404610348038114154e+01
1.310902391822518709e+01
1.381736961062680713e+01
1.308524655023881422e+01
1.413443199115698690e+01
1.408738971235252535e+01
1.409686790239310739e+01
1.415765249482000954e+01
1.386433850722342420e+01
5.539776940539676175e+00
1.344090350652336951e+01
1.364551468734523887e+01
1.390669976471991021e+01
1.400046708066897239e+01
1.375065988836042408e+01
1.139609829103882532e+01
1.293458853356173321e+01
1.393242817894298113e+01
1.400201725300468070e+01
1.413674972081133774e+01
1.253729296586128683e+01
1.215231028742602071e+01
1.333134493647503049e+01
1.384259035278118688e+01
1.029055957141475020e+01
1.415747444455326942e+01
1.267864447500091885e+01
1.355717375831447491e+01
1.403364483175753819e+01
1.200965045126880781e+01
1.251556452250119023e+01
1.415445651411414829e+01
1.386564605144773310e+01
1.361350673572041003e+01
1.348123050924460564e+01
1.225397346000377219e+01
1.400542682019265683e+01
1.385784434393371178e+01
1.316305872673583366e+01
9.486303822808102026e+00
1.399989680065874254e+01
1.375001003048089210e+01
1.400079177231255656e+01
1.400135477114883464e+01
1.381861442062745837e+01
1.394557724336095106e+01
1.381936739093617916e+01
1.414374950854323920e+01
1.235722100383111943e+01
1.375055640637017795e+01
1.414593870598913838e+01
1.389999992792004946e+01
1.375219841164527423e+01
1.375012052321433842e+01
1.350172973837055679e+01
1.139609829103882532e+01
6.466152811026941727e+00
1.307426394030436612e+01
1.402315226868513598e+01
1.145400869637291663e+01
1.389360963727292742e+01
1.071549239305242374e+01
1.378200240302356505e+01
1.400048554638700793e+01
1.335253230863390073e+01
1.303348175578116752e+01
1.409771575802784938e+01
1.353867223683720056e+01
1.378386162901467848e+01
1.325230419090820178e+01
1.273899056865042034e+01
1.375008937992109104e+01
1.318834910841156294e+01
1.398185460676861958e+01
1.274062684927467970e+01
1.141014249539274417e+01
1.308476570282664220e+01
1.406657720657338828e+01
1.368771951631882899e+01
1.385023230049069198e+01
1.410011685916315294e+01
1.298218427671369923e+01
1.188867250209839099e+01
1.398979508084038414e+01
1.383064023597733794e+01
1.303070214999494780e+01
1.373836077985806092e+01
1.409352809058545120e+01
1.403490081171137405e+01
1.377731847216711358e+01
1.306077999648077359e+01
6.657184078608402444e+00
1.413280259412320916e+01
1.385873568506368514e+01
1.352722603130425227e+01
1.400070752099229665e+01
1.402332676709452386e+01
1.400181908015308174e+01
9.669190385407633315e+00
