6.434676088835247602e-04
4.552378574520930983e-04
8.260632151092493509e-04
1.033438301008033191e-03
6.408881756938555625e-04
6.984508256841796478e-04
9.734569195334603735e-04
8.463701220049824406e-04
1.685764776371898380e-03
7.442205506090694873e-04
1.942395026980839844e-03
2.950443710777261343e-03
9.983691316654032255e-04
3.180428862723995876e-04
9.412686157905263053e-04
6.954526995614938520e-04
7.915394664043984589e-04
7.476940529641371187e-04
1.206789917540433818e-03
7.297701204069412815e-04
1.192909525332174923e-03
3.479797601253951868e-04
8.519684546515418231e-04
7.061137740731273944e-04
4.050076799858754210e-04
1.503528613583549924e-03
8.618533448948427099e-04
1.935233361261362367e-03
6.535673977256194461e-04
5.767227755951204616e-04
2.018877734970022427e-03
1.955804500172078457e-03
9.640128086515734225e-04
9.781330032342448570e-04
1.584636919870823337e-03
5.104225282164163123e-04
2.012089413602410025e-03
8.333870139709985067e-04
3.887753018492461229e-04
4.769937807805142899e-04
7.747854326873920491e-04
7.459940087213392298e-04
1.197946192842490754e-03
1.790520066511592113e-03
8.551937016319163809e-04
2.679790187403888885e-03
3.992585499147692030e-04
4.957381969283269603e-04
1.491310361342264735e-03
6.409189840237639263e-04
6.021383082242334631e-04
1.402978646949583352e-03
2.228851876582906098e-03
9.849059449328608027e-04
9.732491383461183395e-04
9.159855391205587623e-04
9.288361025026893288e-04
2.801011207399085705e-04
1.243784936211918702e-03
2.695321724814521425e-04
3.205727289188019247e-04
4.993554364007765645e-04
5.777990553350449655e-04
4.009746629588694018e-04
2.502929226354263549e-03
9.955288878397822432e-04
1.372954463375451305e-03
5.684294495050556430e-04
1.533133590119424138e-03
5.456063349516837059e-04
1.936071138640941538e-03
1.264382079811034610e-03
4.507126803462213941e-04
4.655669760434705414e-04
1.878282457254733641e-03
4.956588541708613349e-03
3.352052447013255951e-04
1.321254582584421682e-03
7.983760183523616778e-04
1.522695537297642700e-03
8.229300830355521044e-04
4.923277386217028402e-04
2.691511224100584607e-03
3.997805733783941053e-04
3.727656267873034283e-04
3.085222911460676885e-04
1.156953691464456934e-03
5.476469630208853070e-04
2.653225000281181595e-04
6.485539776718732101e-04
3.989611863475998714e-04
6.004569754965513465e-04
3.136765327692510406e-03
9.310985172010597527e-04
1.146196083310605527e-03
9.083921575405145415e-04
2.921722931017414933e-04
1.346325276395073057e-03
6.018225047675449402e-04
2.783107067685497015e-04
6.021948974631888491e-04
7.089071873992229241e-04
7.002446340804612456e-04
5.348754501594731514e-04
7.946504161379005495e-04
7.237113369937170403e-04
7.370721217982987346e-04
4.029628804861681694e-04
6.894059976614249664e-04
6.178447067973838469e-04
1.179043192340507732e-03
4.220411438774252259e-04
7.247492793510971684e-04
6.462047056543998710e-04
1.267422682391322955e-03
6.257021369652114237e-04
7.464482714754265905e-04
3.867733755804485013e-04
3.120207113924531759e-04
5.548598246442243203e-04
2.916903803870935625e-04
1.000711051610551601e-03
3.065819010572734971e-03
4.949963036594662129e-04
6.910990355620680791e-04
4.425608148718962963e-04
6.936202405832201648e-04
3.914098677599025687e-04
6.621676639593152263e-04
4.913160731271359622e-04
1.466065228784344671e-03
4.707708153742180888e-04
1.183724945979008816e-03
1.628514713048500630e-03
5.045968144832392675e-04
3.489518371858778192e-04
3.883201284427598415e-04
4.869410138460095834e-04
6.439713947476596000e-04
8.350899811124329547e-04
1.605212396196624945e-03
4.905235099974207926e-04
2.876293862297871814e-03
6.707384288292076455e-04
8.605709305881205145e-04
3.921564845337548654e-04
1.340956861961301949e-03
6.788594199191461944e-04
1.122961467989277116e-03
8.262037784958013156e-04
1.099148860370786646e-03
6.640592584020421065e-04
1.077385672606888303e-03
9.561878275623790285e-04
3.347013528971160088e-04
3.022782835211031312e-03
6.205379409441921356e-04
6.216194208186772265e-04
7.044963802374392845e-04
4.065271872361271078e-04
7.998517328610114290e-04
1.212200075143777568e-03
7.886656021898050999e-04
7.069260955105222078e-04
1.983766183543341638e-03
1.006952632421685961e-03
8.360530572240012668e-04
6.625959409996037396e-04
9.882281897563439509e-04
7.661985577916021308e-04
3.975487165313055984e-04
3.571436427168305275e-04
8.898072960693295891e-04
8.405799906175680540e-04
1.370304975289246855e-03
2.383552176917008540e-03
4.643732010362988487e-04
1.254756574688255634e-03
8.669573592496578138e-04
5.097132882850232034e-04
8.409218838618737809e-04
7.131657413316916513e-04
4.815929507365749500e-04
3.807873659354366817e-04
9.875318937952544309e-04
1.527299110651652962e-03
5.165724457745672973e-04
7.516697598817690014e-04
2.067461657989031355e-03
1.309595840575813585e-03
5.107418329983504134e-04
5.307604593722896856e-04
7.395944314206750027e-04
6.451632070346851070e-04
9.777257074286074823e-04
4.568117136427187050e-04
7.670588185583714080e-04
4.631541284995720578e-04
3.893533987017456610e-04
1.036454437103885009e-03
1.195842462535567701e-03
3.611833913378212964e-03
6.055303644050034169e-04
3.326076765354098424e-04
2.310412411700980568e-03
5.909506230948045110e-04
3.521490525561583244e-04
8.323395417575691181e-04
5.551594318125003093e-04
8.392777012323888140e-04
6.769391426548935315e-04
5.994088539202938005e-04
5.804817169791427105e-04
7.354139302356189770e-04
1.096659943017140549e-03
1.013464051309412610e-03
6.161616629746739099e-04
5.027593282571296779e-04
7.133181765183430230e-04
1.500569644737123273e-03
8.511669525648567344e-04
5.590871523240906193e-04
8.213701600274046083e-04
6.001420093993655239e-04
1.421072806168567019e-03
1.275169823060023607e-03
1.952040880421409110e-03
1.027665737147170390e-02
1.195788779744725965e-03
3.686649466114962667e-04
4.407445271522047211e-04
4.797111144289481575e-04
6.320427644855170987e-03
9.256832468617219893e-04
3.659710624407723706e-04
9.103911093571833346e-04
3.276220274456290637e-04
4.581748306425840610e-04
2.520758081028768118e-04
9.862304313588571032e-04
1.256261769316455862e-03
9.482155773068140893e-04
2.400389403324617525e-04
5.699127127817586388e-04
6.018798260701843043e-04
9.423722603799462513e-04
1.118921972453536251e-03
5.914668106995780170e-04
7.859280850694118836e-04
2.039333325708487729e-02
5.578013619698371549e-04
1.975487942670102730e-03
1.909807863066187005e-03
5.211737232395271787e-04
3.320748178846668589e-04
6.084641481597510360e-04
3.467273480041178891e-04
8.793538081529265592e-04
6.350691539219918387e-04
4.800782375536871097e-04
3.826824458256988066e-04
2.645761451260325386e-04
1.069963404598943488e-03
1.053770707127094823e-03
4.878140856849739158e-04
5.349665995372451539e-04
2.412291747285487398e-03
1.239519145255639238e-03
9.902585316139867096e-04
1.019323024792778655e-03
7.570879262061922920e-04
8.724449865777658773e-04
5.783127536118052182e-04
2.522549538558826673e-04
5.090825150618435470e-04
8.725861230934827371e-04
8.747703680787806456e-04
5.608125444060233509e-04
6.188271440284083026e-04
5.598320343474616316e-04
7.546982112446475781e-04
1.506528889762038387e-03
3.232824831970947349e-04
1.140593165326572603e-03
7.298685563515651311e-04
8.887031081264169102e-04
3.740548383963459124e-04
7.948572523380595693e-04
4.746531882321509055e-04
5.688224871899298608e-04
1.080165869902342335e-03
3.405349809233238802e-04
8.670730376606267846e-04
8.871219133781576595e-04
1.347989775259228300e-03
1.243732570470812513e-03
5.668515883090045372e-04
7.744117367479751504e-04
5.561372828291197756e-04
7.058631627986434228e-04
1.223306766363521647e-03
3.902450184521547905e-04
8.669240998105057086e-04
9.156929320685745170e-04
1.443226631183210226e-03
6.987754758143813888e-04
1.282676425546726935e-03
1.134153535489260513e-03
6.955946476870899500e-04
3.376943829715309351e-03
1.350314156319210859e-03
1.339695759063654719e-03
6.218300689435862739e-04
1.152895872960542096e-03
5.292631019658905695e-04
6.011726085058304372e-04
6.815292246455289041e-04
1.561288036775716238e-03
6.305582026699685112e-04
3.334508272644516580e-04
6.596563382082166419e-04
4.912524584499117870e-04
1.618460298162099778e-03
1.354603809717652317e-03
5.916927565406108645e-04
3.890850806810349925e-04
4.147896688787117386e-04
9.818711140462369098e-04
5.899594272182856307e-04
1.502585175859505635e-03
9.029042981905370958e-04
9.706698279056659657e-04
1.249913881926620557e-03
4.960221646044474112e-04
5.456063349516837059e-04
6.392086604532430357e-04
5.722269349911519995e-04
5.881193904764789619e-04
8.796365008351993142e-04
8.014670946097245032e-04
5.581011225009674609e-04
6.562669486593437559e-04
6.216402104416225878e-04
1.332586369741851472e-03
3.120651210999579681e-03
4.810178911840929717e-04
1.279259593514008812e-03
4.220326836500166707e-04
1.022142376306322447e-03
6.166754030990875433e-04
2.134939748630943672e-04
1.811065022865415231e-03
5.723904004008617584e-04
7.700934964776172788e-04
7.235149021279548833e-04
1.375138576224641277e-03
8.781875594034170346e-04
3.466595438402466289e-04
1.324501042989493756e-03
2.176193354078148623e-04
2.001232152855114449e-04
1.990709409611277850e-03
2.167362458043125932e-03
4.913491762661092131e-04
9.886302840665249676e-04
7.661885991744399934e-04
3.525217251676513049e-04
6.091957619204836118e-04
1.722527465628360260e-03
1.163116407065854828e-03
2.582644332567347076e-04
1.834097814194400730e-03
3.954032156058471495e-04
2.242605907833469369e-03
2.199791693442543390e-03
4.613073099687149139e-04
4.514379025648799929e-04
8.974885977346912756e-04
1.797809308364320012e-03
7.148979930571230067e-04
6.150044362508046277e-04
7.788870744034939167e-04
6.033006983945182972e-04
1.438120692342362674e-03
3.896391780061713816e-04
5.921914479085105699e-04
2.830351383304166232e-03
1.542757531261734760e-03
1.589308333420011649e-03
1.096930154607121026e-03
3.257090409359078022e-04
1.186881573095618578e-03
6.810472735650345034e-04
3.516046823833923925e-03
6.308911171900372572e-04
8.262037784958013156e-04
3.897050213774223577e-04
1.880633338824097295e-03
7.419134683457667603e-04
7.869728749164946538e-04
6.180907383314545277e-04
6.422933445002826282e-04
1.438120692342362674e-03
1.332586369741851472e-03
1.006674458702519698e-03
6.227665738408808124e-04
1.349032501893305137e-03
5.321247465716439458e-04
1.066959049763940934e-03
3.254596139412149259e-04
3.158575485929478242e-04
6.456591826249932862e-04
7.715513237238144509e-04
5.941524602183161736e-04
1.035543339974079801e-03
6.106835165247038620e-04
5.725962143510685562e-04
5.644594638236869345e-04
9.168050150955289138e-04
1.502666808632615670e-03
8.794476598015148541e-04
3.516046823833923925e-03
8.129558392720287983e-04
4.884918953669902626e-04
5.803049858452100649e-04
4.018054067821707522e-04
3.560332693384274947e-04
7.147212917778834060e-04
1.042945209082065013e-03
9.947675974273830889e-04
6.937615010207693472e-04
2.950443710777261343e-03
9.393398815704819514e-04
8.042896821336833297e-04
5.454596209441727990e-04
8.799895948770876603e-04
3.895314918148524964e-04
8.362878858031311605e-04
2.146209786100064867e-03
9.922884741779031299e-04
6.246472676712073405e-04
6.910808671944890192e-04
3.155863339448841394e-04
1.212200075143777568e-03
9.670602438922400092e-04
8.904740968162653311e-04
1.197875636822652709e-03
7.457200220506390474e-04
1.636573541230050685e-03
1.403134724400456395e-03
8.801302238884404659e-04
5.610076926914766378e-04
5.621746128076297562e-04
1.583732682277598589e-03
2.932476718099137495e-04
7.544968164049021316e-04
1.071390647059894787e-03
5.985071176756363463e-04
3.968881057347152801e-04
4.063306882028440989e-04
6.990970660288346131e-04
5.787226448141385461e-04
2.509751410790801284e-03
8.178479145165957163e-04
4.729805770134460447e-04
4.985042202672204615e-04
1.080081858553257231e-03
7.099884443814929134e-04
2.784209035538877776e-04
7.347431576309579240e-04
7.304381363099504004e-03
1.089314190150022761e-03
3.656826289913329628e-04
7.424044426089588177e-04
1.298867956860545649e-03
5.869919150290037711e-04
3.815693856515254764e-04
3.260706585612070598e-04
5.707759744897768868e-04
1.505116927135943458e-03
4.341007366616976603e-04
4.226494293290302654e-04
9.363342589551603042e-04
6.701293751186668084e-04
2.022676236610193405e-03
2.337002099339138828e-03
1.033446344812859402e-03
4.067276966956577186e-04
1.673576020277731070e-03
6.642237864172703069e-04
1.251123463322712046e-03
9.663673648729552944e-04
1.628514713048500630e-03
1.057831948465252914e-03
7.353853281629811308e-04
9.247471285996677675e-04
2.891761233260790962e-03
8.521632795443304662e-04
6.383416503694946476e-04
4.477493879005550997e-04
5.306968551425863970e-04
5.847583162539122734e-04
4.428167489475384917e-04
4.817332932442844632e-04
7.996082525364321333e-04
8.310671988130368922e-04
6.408881756938555625e-04
7.652911310197124152e-04
5.094034704887096931e-04
5.049960609665379851e-04
1.251538754903877429e-03
6.138671818107531214e-04
8.620772325785118354e-04
2.582644332567347076e-04
5.604060594586675369e-04
6.216402104416225878e-04
3.877073350235451404e-04
5.250467459603310903e-04
1.197172515272310099e-03
8.782705885756070946e-04
1.033895215172282505e-03
6.967217003312343830e-04
1.148966595898147846e-03
2.078091986773807857e-03
1.533923349970756555e-03
1.051565699428947233e-03
5.398656392866878727e-04
7.820572956296581880e-04
9.470515513292993492e-04
7.856536369673329176e-04
6.657759814653775718e-04
9.279872293974305393e-04
8.982760456128795114e-04
7.344872911981214191e-04
2.084717141453676554e-04
6.297457018961838838e-04
4.653688900300515245e-04
8.871219133781576595e-04
2.553563181911654590e-03
7.685972132961386592e-04
1.028480925477321317e-03
1.212200075143777568e-03
5.027450806319818570e-04
4.307850194136732410e-04
6.825336943391557571e-04
6.634919248977240490e-04
1.912336695138457804e-03
1.032836863836460129e-03
1.113430092312168431e-03
8.424002519779736275e-04
4.485394830495095407e-04
5.590871523240906193e-04
4.209967260108087961e-04
8.647558756237900927e-04
7.738769844755011762e-04
5.983420623084707455e-04
1.038198855457838623e-03
9.499491058045746910e-04
7.292093236329785745e-04
6.948428517445959544e-04
7.091194227430980398e-04
6.623339308931175569e-04
5.250467459603310903e-04
5.428866610399373264e-04
5.048811815814040942e-04
4.384608256375063882e-04
5.294611102904041473e-04
1.674781958908339204e-03
5.859005036099778144e-04
1.259546563745267541e-03
4.146267092440024740e-03
2.832751880098295346e-04
4.477481404135894840e-04
6.663884402920116886e-04
3.398656478065337216e-03
7.583807075672431997e-04
6.159905291479611956e-04
5.700050991595101944e-04
8.325355965591209198e-04
8.100062584812023131e-04
5.836051600030371395e-04
1.090561996627080000e-03
7.017498972499367762e-04
9.640128086515734225e-04
2.520758081028768118e-04
8.123347848498344882e-04
2.016224906027439326e-03
7.851583276573991443e-04
1.012687988190659472e-03
2.152752526672895364e-03
8.164875490236240532e-04
3.063873911654607218e-03
9.873399649500808322e-04
5.914322634412926775e-04
4.655669760434705414e-04
4.556074093021826046e-04
1.295176108717023978e-03
1.531683128293837189e-03
6.178447067973838469e-04
8.613594364230945126e-04
1.684754566184629458e-04
2.322425694087363462e-03
4.571838342467770232e-04
4.526222882746264099e-04
1.549599095189635499e-03
3.541974036521667018e-04
6.792187782084814756e-04
2.723139691039566570e-03
4.982207332954836443e-04
6.181351637515356771e-04
5.521740803324369940e-04
5.367585334018259904e-04
4.795395357152267002e-04
7.234045071109305872e-04
1.289020870329467446e-03
4.401848070389025426e-04
3.232748168001775817e-03
1.220355578148480270e-03
4.570049119305108183e-04
3.800492695880225663e-04
2.315121420978237358e-03
7.749379473789869566e-04
1.751863799289246106e-03
1.168984345030445052e-03
9.803550907231074404e-04
1.501796864371789759e-03
1.192274601650662128e-03
7.270560716686384848e-04
1.036088849086075001e-03
7.084503120213683867e-04
2.573153031874429101e-04
5.005031702738282559e-04
5.165724457745672973e-04
6.619206415704512571e-04
5.972359539842682060e-04
2.098917831421121677e-03
1.036928416859916923e-03
1.212611280404700268e-03
9.469438903270899427e-04
8.749853513004640865e-04
4.150771626733842923e-03
3.306372045418351936e-03
3.469587759737905613e-04
2.992566857018066104e-04
8.455836388068683086e-04
9.781330032342448570e-04
1.784411109662880843e-03
1.481358566529461041e-03
6.953844912149243765e-04
6.376707286908201528e-04
4.737330248654555596e-04
4.794948592724884631e-04
4.068622212797775098e-03
4.707708153742180888e-04
7.558597797204453291e-04
8.081566985802508081e-04
4.489592777968947224e-04
2.827106237624710727e-04
4.384608256375063882e-04
8.962502240142510707e-04
5.041108682877843339e-04
1.264382079811034610e-03
9.000596335340733294e-04
2.661400767058811180e-04
9.979757008312388662e-04
1.050888336347733125e-03
1.178728502576155152e-03
6.521428356188230290e-04
3.242279650026239904e-04
6.393115127952110708e-04
7.978023952972989252e-04
1.498346585049259699e-03
1.421072806168567019e-03
5.783414809458867515e-04
1.102450867446368686e-03
1.696078439807229216e-03
1.795553213662219941e-03
4.067837351492786628e-04
7.787448507233411072e-04
8.131548633603165755e-04
5.717681822032645795e-04
3.753812960852131943e-04
9.640128086515734225e-04
6.416079637179308544e-04
7.147212917778834060e-04
3.217605828809942128e-04
7.094940221309108943e-04
3.894533419857027228e-04
1.026174875022568215e-03
7.484424751570918286e-04
3.662409793019171097e-04
5.836051600030371395e-04
6.389059557197807092e-04
1.036115336263311029e-03
8.237314621197828340e-04
2.884108981403727952e-04
4.202446735650297712e-04
4.620771757211061511e-04
1.226834473746109180e-03
4.925097808086850932e-04
1.325506042282669720e-03
2.976722256993743565e-04
4.406527881913875730e-04
5.913296068733182300e-04
5.954486424768648360e-04
4.773526138421355482e-04
1.844714060219198237e-03
4.986730138596301735e-04
4.118345719578025998e-04
2.962256287775584529e-04
6.482498769169469819e-04
3.498065659763802148e-04
3.955405831637751339e-04
5.818029913578888707e-04
6.356680617517712715e-04
6.872804930400980804e-04
8.823619501707729174e-04
7.141063901879010287e-04
9.755576102491428283e-04
6.900274576156533368e-04
8.121202998521297222e-04
8.327178940403140743e-04
5.472505548115348152e-04
9.823660246521363770e-04
5.783127536118052182e-04
7.453096258814189464e-04
3.331760996308035763e-04
6.788594199191461944e-04
5.966488459052434997e-04
9.435922896381876077e-04
6.380767220640765069e-04
7.832831885765116804e-04
9.390721670862470704e-04
3.735914450508538037e-04
8.863304537270732262e-04
3.632378496674964954e-04
9.284154610165269630e-04
9.154108533289134634e-04
9.182384218245033189e-04
3.999695193602293211e-04
1.027429724623227150e-03
2.411584723621250522e-04
9.185796858963496880e-04
6.933862060999706860e-04
4.019432170234993611e-04
6.917440762565348284e-04
5.242624770556694389e-04
1.346052241529169854e-03
3.459464184242158191e-04
4.223213772831861082e-04
5.018115436567156850e-04
1.385556543835631937e-03
9.683969086379096538e-04
9.276500684162978247e-04
6.818580483480171347e-04
3.564522951118536233e-04
9.901765341777046207e-04
6.533660118040265658e-04
5.738160218624979193e-04
4.902231727795885140e-04
6.376544780297847869e-04
8.050322856769906487e-04
3.811296999108779149e-04
9.260454546951803938e-04
4.452518691754274015e-04
5.746166837357360134e-04
8.849588907090044166e-04
6.365011408105658271e-04
1.184368845807663153e-03
9.718304808066915773e-04
7.512716504391781826e-04
3.063873911654607218e-03
6.296971572980801859e-04
1.137172709381858906e-03
4.951193362597408913e-04
5.914450312103850926e-04
1.164247409021753081e-03
3.780806858859093057e-04
3.902359178064678229e-04
5.329695400454300324e-04
5.517111863962796811e-04
6.584501107221416190e-04
1.305728234753319355e-03
8.555153970003326162e-04
4.501447273742373171e-04
9.736777798692692557e-04
3.213187823584640534e-04
1.027665737147170390e-02
3.339197278119735162e-04
3.921951092148908205e-03
5.776130744221772296e-04
5.273819550912184047e-04
5.696823238715572430e-04
5.697607306425426631e-04
6.138671818107531214e-04
4.569821518636433882e-04
5.193802682684845254e-04
9.206194615886853679e-04
3.185099656654247083e-04
3.006809491552260420e-04
1.575167423233693248e-03
7.701507638762728272e-04
2.994475960533821558e-04
4.579223416912835956e-04
4.771204276247551445e-04
3.414227486596993315e-03
9.109277446776480654e-04
5.622326055215170083e-04
8.246554287814047892e-04
4.587588998543839602e-04
8.289813995805990878e-04
2.316218787557128875e-04
1.025246199159539177e-03
4.483174638446503490e-04
9.279872293974305393e-04
5.777890319688509541e-04
2.066168571987657063e-03
2.115373665496039172e-03
5.631281725160723704e-04
5.616258797462692727e-04
3.824228924680414098e-04
1.958042078969204989e-03
8.998632043313980339e-04
1.004499271694990134e-03
7.165475530213651339e-04
9.402416473588550783e-04
5.800115194887483106e-04
8.428596163910306123e-04
8.966108420093956343e-04
7.260862981354663202e-04
7.376234621646896245e-04
6.183449548307115139e-04
6.942066180412978819e-04
1.024338445152020568e-03
3.678664109753857262e-04
8.234059381292111769e-04
8.102060045530564466e-04
6.966169706370042023e-04
1.239831638670881638e-03
2.283417161541361276e-03
2.143963061754120512e-03
5.041108682877843339e-04
1.618460298162099778e-03
4.773526138421355482e-04
2.977935619675616506e-04
1.266631920091025555e-03
4.153834158277167326e-04
1.162898418538324758e-03
1.116282136621920282e-03
5.442073571858621617e-04
2.374316107251911358e-03
5.289942240495695575e-04
3.957354819133152533e-03
9.866547557213758892e-04
5.095958755044892752e-04
4.983611206932635511e-04
1.003834461951176420e-03
6.358334285241559747e-04
1.247305014991854097e-03
5.210678276569032487e-04
4.491455768079072883e-04
4.526222882746264099e-04
8.519684546515418231e-04
1.892731233620375143e-03
1.995930192873386026e-03
5.463878478492490993e-04
1.819940086900144775e-03
7.552943767738755495e-04
6.450307594710374872e-04
1.908598720702745812e-03
3.222228947409936902e-04
9.461879158451052922e-04
1.226767751553906917e-03
9.367797285267850113e-04
9.612562347254058467e-04
1.094583817145828100e-03
7.578209200775207688e-04
5.091358033733586926e-04
7.053832915285484454e-04
1.012828293311036822e-03
8.090442775549482914e-04
4.290446872823654124e-04
2.419317344184961224e-04
7.099884443814929134e-04
1.462183204099192120e-03
6.819836415176051434e-04
3.999953487700079317e-04
3.826930507744601335e-04
7.237654413383605174e-04
7.703402993932047813e-04
8.121202998521297222e-04
6.221470019369661902e-04
4.175990037383447550e-04
6.785767165868174071e-04
4.875319821957073397e-04
1.356612973486691093e-03
1.425616904022868709e-03
2.855813170577478697e-04
4.951329704252820313e-04
3.895314918148524964e-04
9.516076411638507834e-04
6.759353291506578053e-04
1.403552966950080303e-03
6.776685767829101472e-04
4.335585546237405007e-04
2.125839308724466158e-03
5.149459954014243149e-04
9.816771535720739215e-04
6.546166479488819490e-04
3.714251878230198753e-04
7.048961608831478360e-04
1.537032896588655341e-03
8.703631264334290218e-04
8.466158525100231846e-04
3.117385180878843773e-04
4.480344909448408111e-04
7.397219859802584181e-04
9.978389595172909490e-04
5.231846740903073334e-04
4.416772948321169654e-04
7.306777201015996577e-04
8.982760456128795114e-04
3.039104672363785245e-03
3.697446972522001798e-04
6.079180208151445733e-04
9.901765341777046207e-04
2.242605907833469369e-03
4.365127663737594947e-04
2.600904229772387551e-03
6.543171054748422562e-04
1.361966274000066821e-03
1.003709630822420540e-03
1.698377175302930855e-03
7.157049429508245773e-04
6.011726085058304372e-04
9.284865231126498367e-04
1.367453330253720883e-03
7.325898619097148939e-04
3.347013528971160088e-04
1.082799032329313229e-03
1.344522788085231310e-03
4.196721565352559517e-04
7.572711453456609700e-04
2.939321409967133865e-04
1.106831832572717327e-03
3.811296999108779149e-04
7.237113369937170403e-04
5.184087861988397961e-04
4.525221536573142641e-04
1.056576862727494955e-03
1.499826700248549360e-03
1.790934450799628848e-03
4.078218335143155189e-03
9.594619282299088380e-04
2.048726128949740434e-04
9.462150311814355053e-04
1.321773873103375884e-03
8.621708857398832334e-04
7.045939765180867648e-04
1.640318173782982563e-03
4.098013712606194173e-04
1.099624970470344494e-03
4.968839433500506827e-04
4.821070984123555325e-04
8.429495179786709782e-04
4.190760840721379204e-04
6.147452729927469894e-04
6.914681230165186168e-04
2.257194687482878478e-03
3.038027915480927396e-04
8.881034963050194386e-04
5.190039556416339460e-04
3.709940400581841248e-04
4.335585546237405007e-04
5.099470539413361678e-04
5.726637346175504411e-04
9.899542656772834792e-04
4.302035449419239904e-02
5.560968651445116501e-04
3.936030198405569510e-04
7.243544827179051147e-04
8.392964862552251132e-04
5.359426367213678769e-04
7.869728749164946538e-04
8.053804640706010293e-04
1.724036160230464935e-03
4.304455954495644415e-04
1.108830226621195869e-03
1.590238891020538713e-03
2.787126201382863415e-04
2.001232152855114449e-04
5.397191023218842832e-04
4.649205864088054802e-04
4.772982473994092506e-04
1.282376133770260279e-03
3.957354819133152533e-03
1.190535433150565923e-03
1.132174051352923330e-03
4.574861204520419534e-04
7.683429583602884635e-04
