6.676007574456154165e-04
1.376915199178657115e-03
4.954025007554500567e-04
6.433235396833549783e-04
3.180202725426108969e-03
6.719321464257819575e-04
8.161708746762639946e-04
8.659191262622309643e-04
1.479063102116700591e-03
1.077898274480820762e-03
4.221668197928166080e-04
4.760128947262677341e-04
4.882237376112415943e-04
5.017048455628524356e-04
5.180023770517876245e-04
1.019472347538327543e-03
9.384480903548002859e-04
1.025557838472296009e-03
1.198454967342947337e-03
3.796960879586813590e-04
6.425427243766341579e-04
1.079622026539846409e-03
5.277133331449166548e-03
6.819607136947477329e-04
4.550734410344605373e-04
8.993134243428680275e-04
4.568404517624516359e-04
1.282037161634460784e-03
5.690576624062423624e-04
1.144265406124725859e-03
3.273826758434767543e-04
4.292629540578322728e-04
6.610064636984236321e-04
2.953419622254965099e-04
7.960897936479257404e-04
9.939313031492569804e-04
6.684653011385314602e-04
8.910130424244107339e-04
1.780135012292696555e-03
7.160190980888000252e-04
8.229332165404800760e-04
3.156936355272865324e-03
8.213843851720428963e-04
8.379109491312673741e-04
2.694660643346637446e-03
8.513968934660058564e-04
3.775596221245669450e-04
9.225556213319265888e-04
5.546786085684684772e-04
1.721649226533917935e-03
1.815994284790422393e-03
1.330254795445719824e-03
7.755034863925545745e-04
9.721711120478943730e-04
5.857147701780066398e-04
2.207250615132997013e-04
5.000929087475838516e-04
5.569351943509571416e-04
8.597310845602770465e-04
1.515949543128027087e-03
3.819651705073770498e-04
1.099446403311187632e-03
7.099095301439990085e-04
2.989325053210093374e-04
1.448553457093390909e-03
6.026191594153588278e-04
5.762347398088438644e-04
8.673198105312134032e-04
2.322907378319661979e-03
4.354077374174001062e-04
4.426816260371906194e-04
5.091580517643257966e-04
8.076566048669048476e-04
9.389079109821451890e-04
2.484620449720531207e-04
2.525527539088584603e-03
9.730844667357575013e-04
3.127617525287153906e-04
6.686059275977810972e-04
1.317324749471578474e-03
1.305978092607153890e-03
9.952457352329115159e-04
6.939628954227637214e-04
7.678376888522750812e-04
6.413221491304763565e-04
1.387403463958214456e-03
4.299296654716713221e-04
6.355356366648841219e-04
5.751205392146459521e-04
5.152996978946013627e-04
4.058310275905375455e-04
6.496499213008502527e-04
7.438226499738982657e-04
6.077012775980391614e-04
1.249422301502248764e-03
7.053920462522575560e-04
6.308147498155151738e-04
1.314433162102343752e-03
3.399462553076670304e-04
5.751840776002257929e-04
6.188968123061297684e-04
4.823866899775131251e-04
2.653911807185546819e-03
3.138554293982576820e-02
8.165547996793391747e-04
1.216167919856741327e-03
6.770624012334331733e-04
1.059792415294445039e-03
1.546296288126892526e-03
1.307091333981357135e-03
4.292547436572093328e-04
5.869367107876014445e-04
3.296173797467364286e-04
4.231863021261394108e-04
2.499775170337159829e-03
4.240792175601504539e-04
9.902540738579862240e-04
3.127617525287153906e-04
6.134766934058280422e-04
1.042080722555096400e-03
5.261683703473581759e-04
3.900345344905393249e-04
2.519024923530705602e-04
5.880383857181163383e-04
3.133251195869049804e-03
1.235658638702721726e-03
7.778936831045780986e-04
2.635761414801409287e-03
6.288261147900680486e-04
4.973754609632379453e-04
4.285757651019730377e-04
6.335014575541426506e-04
1.111958308274248056e-03
8.885098010751943517e-04
4.166954740487979585e-04
6.543773304940032984e-04
7.426282675706475560e-04
5.846971144988885767e-04
4.716203643117461495e-04
7.132224225876620301e-04
3.487182753219008886e-04
5.351461843961009433e-04
1.173471273094050128e-03
1.082589782585871444e-03
3.429675028987006131e-04
4.223234930515500020e-04
1.213700103448808829e-03
4.166954740487979585e-04
3.288165246403730330e-04
1.649495715243459249e-03
6.637284164663106957e-04
1.264396266859337892e-03
2.909851635479148552e-04
7.569471397678615657e-04
5.925292212706994134e-04
1.528214571045469986e-03
9.798341054944883187e-04
7.622746144827999976e-04
7.090487524161747128e-04
5.463429000813097318e-04
7.675720139341740212e-04
9.180157361203721217e-04
4.591184919652776023e-04
5.495290070203767826e-04
5.131841409774757579e-04
6.413964989351874594e-04
2.901776693924442221e-03
5.772342003436480018e-03
2.130733629215304532e-03
1.331551281310984318e-03
1.096425324881180382e-03
2.242050769526544255e-04
4.823866899775131251e-04
5.269052898145001277e-04
7.772249708812315003e-04
5.874737053783323816e-04
5.118179447574576187e-04
3.131481114790060573e-04
1.897580797540415060e-03
6.526243597036528003e-04
5.091361866201647279e-04
1.715745609807777699e-03
2.402439739718509077e-04
5.934521168947178189e-04
7.947338733498870338e-04
1.019472347538327543e-03
7.900517211387669218e-04
3.407945280760499057e-04
5.239483578167716468e-04
4.408338391628664863e-04
7.161752126764219309e-04
8.410041926099656425e-04
3.272919305019650381e-04
5.507142787519488233e-04
6.033957292748468428e-04
1.706667533363933568e-03
5.555001044458447723e-04
2.055846973421826171e-04
1.235658638702721726e-03
4.197566229545089656e-04
4.546319819725495436e-04
5.765511528557392589e-04
6.838551008505528751e-04
1.918803482765669196e-03
8.719248640706111185e-04
6.001234103443235570e-04
4.496691412915939105e-04
5.056700665009315537e-04
1.213700103448808829e-03
7.632264178458965419e-04
9.540242552294748556e-04
3.680882027987304760e-04
1.706667533363933568e-03
9.274904097908881788e-04
1.226988765033834496e-03
6.325249368805675688e-04
8.927400293878713080e-04
5.326893218280734496e-04
5.083658790117045589e-04
9.542256104901740985e-04
1.692209481495245008e-03
8.720755812508071848e-04
1.332328074628011481e-03
8.374942241318944014e-04
5.610210358929587247e-04
5.097973540279317380e-04
1.001215341677671577e-03
4.715603056374531631e-04
8.939359903121356799e-04
8.181556773931815754e-04
5.622210548980390325e-04
9.034710520634179048e-04
4.409829976793964816e-04
7.199482521256340495e-04
5.698114242382575165e-04
5.926657842217894273e-04
1.835983543294374132e-03
5.990096611785325617e-04
1.009178680598571756e-03
4.064899407005965245e-04
2.584296578792085906e-04
1.691810320222070837e-03
7.650439225696549755e-04
4.326294771990272766e-04
1.175607286912613847e-03
5.428241784585149119e-04
2.100287334904721737e-03
5.246838685466543748e-04
6.820667349641915556e-04
3.306867627743886938e-04
3.933826600628684668e-04
3.415769470910655012e-03
3.836375076067486019e-03
5.828299918531563420e-04
1.212121217216389438e-03
2.554447920731408705e-04
2.639560557285988620e-03
3.052419353697093541e-04
6.776563701953977788e-04
3.465664090803663444e-04
4.664895129509324880e-04
7.475498082563942354e-04
2.604021115323655773e-03
1.173062653456407364e-03
2.255452624042753040e-03
1.105366903483706673e-03
1.023206040803412761e-03
6.394076515289882435e-04
1.332181659190287849e-03
1.011484579163794825e-03
3.948328232550269378e-04
9.429549001386266930e-04
1.079622026539846409e-03
8.378379480614322247e-04
7.958668004599354223e-04
2.730680033392533616e-04
6.896082670354261894e-04
2.657202111595168004e-03
9.156821082312452745e-04
6.426117873590077084e-04
2.129868458800668611e-04
2.026593211918752656e-03
2.064599965804142252e-03
6.135696090471732698e-04
4.854911440838311876e-04
1.056300066011546523e-03
5.567121885911716561e-04
4.975622019669181289e-04
5.945468411101668092e-04
8.920352765063218605e-04
6.291400646471037887e-04
8.854551993310677636e-04
4.412296394298740264e-04
2.442131142222423021e-04
9.508047522808426265e-04
7.365823412751831920e-04
1.018174030926863446e-03
6.596563811657266954e-04
3.114291300841858846e-04
6.657020958960745052e-04
2.408287418696757499e-04
5.267191034699494423e-04
1.571698208505386846e-03
6.086601097331042392e-04
4.249481275899579381e-04
5.902070330480774403e-04
4.182067779792729228e-04
3.269660369588027579e-04
3.838722736554525737e-04
8.790400896484532522e-04
1.046735464972860588e-03
7.550943341106433311e-04
1.045149670366150819e-03
5.269372248668025872e-04
4.511124720257138582e-04
3.295715557136493792e-04
1.918803482765669196e-03
5.789878341789180980e-04
8.043040371595318967e-04
3.793448795828094117e-04
7.473152445637714931e-04
1.178552126170106509e-03
9.238877190453619612e-04
6.634059169265301955e-04
3.467506414359901507e-04
1.912296267789042638e-03
3.395178720971794742e-04
7.328838338199040016e-04
2.509075955551150726e-04
4.976191693244764579e-04
5.731029122314984861e-04
5.642653475215858279e-04
1.480806197169687571e-03
4.936998447783402756e-04
7.719877809550365535e-04
4.938671324044043281e-04
3.119245171561414146e-04
1.527271968981883197e-03
1.236349459883078318e-03
5.526493314393654283e-04
2.259813892326943945e-03
3.993145414961003520e-04
1.107136792466706073e-03
3.025848756705490947e-04
3.017037213215480185e-04
1.424291522598051911e-03
9.672008950053041180e-04
1.359077431300827286e-03
3.547835770509840986e-04
6.565944995392654577e-04
6.268685718605352059e-04
3.452868661627081243e-03
6.453779459820025138e-04
3.464176072785840415e-04
6.185294861293314916e-04
4.093423269248401032e-04
1.682890681126586593e-03
6.714023569765871589e-04
2.083305678726394671e-03
4.666628463809950329e-04
4.395000091661331880e-04
7.628902757478566322e-04
7.608901880669714617e-04
6.339512949845791919e-04
8.504184373491314401e-04
7.932179497963413265e-04
5.174734090851424752e-03
5.994902002432859773e-04
4.386450165834795837e-04
1.519147031636063332e-03
1.225380777299109932e-03
7.811306594260334149e-04
3.869392039552875984e-04
4.026428034176447344e-04
4.082592219154558013e-04
4.122259365729437157e-04
4.535129187169866460e-04
2.295563250657441069e-04
5.257066309593790617e-04
8.882386461223171778e-04
1.040630786525240407e-03
6.539059323908124341e-04
5.955140681248307592e-04
1.267947697950100447e-03
3.971551316123966011e-04
6.496499213008502527e-04
2.299582542505173698e-03
9.225556213319265888e-04
3.011739287185485284e-03
6.067858584815907048e-04
9.326565424884393930e-04
2.506781270018197064e-04
5.045564148575371836e-04
2.639561722024658715e-03
2.047326652631395461e-03
3.396073388496238864e-04
4.379841838812458823e-04
3.151290973299602106e-04
5.453373170578831083e-04
3.065507775238844124e-04
8.159911533683368709e-04
7.506090379085045240e-04
2.566878990266983733e-04
6.737767512941078259e-04
3.558853652980934900e-04
2.435305894487752119e-04
4.118857746581161008e-04
6.263910121108324245e-04
8.340385900415722958e-04
6.000541647919522582e-04
5.374634507072202031e-04
1.279330479835476004e-03
6.181210355085140027e-04
9.375092813901836136e-04
3.516861488829604865e-03
1.046928874700352652e-03
4.338409915036464453e-04
1.440720921028839068e-03
4.071347446262952707e-04
5.099542044393340226e-04
5.783435767381269171e-04
9.279915082472164206e-04
5.190130196586778153e-04
4.178429303256022288e-04
5.246076325023988317e-04
1.261943520624997286e-03
3.702319185097337120e-04
1.086691691034114785e-03
3.010992827225457175e-04
8.633155385170544326e-04
8.801575349001889304e-04
2.697326918834225826e-04
6.548132099334983943e-04
6.268502829585932733e-04
7.964028663573878303e-04
4.447569983419462575e-04
1.064960668381620878e-03
5.985647108713732650e-04
9.449429556717750534e-04
1.384719398329398513e-03
4.569077555164901844e-04
1.232210308382601215e-03
3.261297193341388930e-04
7.164562739135926263e-04
1.091949146715262813e-03
1.626331176717866860e-03
9.335968563552438483e-04
3.467506414359901507e-04
7.184984516745313585e-04
7.102846503148685159e-04
5.233091002333385700e-04
8.875630534841814521e-04
3.572006323201744739e-04
3.598472122211805149e-04
7.579490912315846275e-04
1.009757170563856891e-03
1.112110166035901529e-03
3.573211590671397935e-04
8.117096436151051983e-04
1.238393067697235797e-03
7.457514415952708848e-04
6.146653234717548318e-04
9.400509363088999874e-04
8.469509328301386142e-04
5.147497994486586407e-04
2.984985559464769546e-03
3.525327069521760177e-04
2.694660643346637446e-03
1.235445592653212910e-03
2.593059447908361865e-03
2.622445290677821706e-04
1.438904313120176236e-03
2.536896972446057237e-04
7.440912912065792513e-04
4.326714539526793526e-04
7.587934497225915344e-04
5.279039655514596724e-04
6.737351982795113667e-04
1.261008560976869652e-03
3.238942632568911394e-04
1.452762143856374749e-03
1.148261621547131935e-03
1.193406700465387887e-03
4.445037944104679732e-04
4.408662452794429596e-04
3.017848609731728924e-04
5.591674203542469157e-04
9.567423164605837671e-04
5.106131250530685254e-04
2.574163289715760035e-04
7.023005507277165719e-04
5.401135644674633822e-04
5.007874726270014881e-04
9.400509363088999874e-04
5.809771780543114116e-04
8.466960747971830677e-04
1.940068484500250771e-03
1.019472347538327543e-03
6.445146530943635316e-04
1.401102032783101961e-03
3.141323802225120111e-04
1.688823082393716302e-03
2.717866644716295638e-04
7.151594967179331032e-04
2.664998844618227374e-03
4.116155764367200750e-04
1.624967666289889746e-03
3.912106922874684705e-04
4.989917534147840722e-04
2.057065609294812802e-03
2.882733041611629135e-04
3.150487107357126436e-04
1.279330479835476004e-03
1.466621919764496971e-03
3.336703596195197052e-04
4.016837036992140894e-04
3.214078617221916576e-04
7.778936831045780986e-04
5.840597229603039812e-04
4.272932458237926130e-04
5.343197777334380942e-04
3.151515910550255662e-04
4.597420131752580482e-04
6.243712358137818884e-04
9.944624432799578726e-04
3.638187126960314415e-04
2.462975643039169390e-04
1.622523584694951808e-03
6.696249306724517134e-04
7.634247882065559737e-04
6.712030677702484965e-04
7.185909034814644096e-04
3.766520079326474298e-04
4.705124421090524085e-04
7.791025472667926968e-04
5.269158639182798835e-04
9.352160940872582739e-04
3.762600289476564523e-04
1.384254425100479467e-03
4.890672463467068531e-04
3.620206574296552099e-04
5.563386859568385029e-04
4.731007171844028012e-04
5.016457326279382409e-04
8.006482814353619356e-04
7.365823412751831920e-04
3.502478238800479341e-04
6.369902345951057501e-04
6.142663673656798993e-04
2.863451400375679589e-03
8.075170431847776943e-04
5.145722191144983882e-04
2.203355400231067195e-03
2.471294907645958032e-04
3.349178665835489030e-04
2.973306559553086262e-04
2.221807355141678340e-03
8.084308731363022563e-04
1.021594161604062832e-03
5.877477124574350710e-04
1.470269790878464457e-03
5.366541303268563103e-04
2.625706449897680854e-04
9.114527054265238225e-04
1.881001647683078377e-03
1.389489367094397070e-02
9.975836590423504437e-04
5.594137455882246561e-04
9.603876092097225368e-04
4.089302628402317875e-04
1.129105137231419193e-03
7.184968914986475819e-04
4.465438470994677572e-04
4.266337519645742055e-04
3.515691691009560920e-04
7.975007769999407654e-04
7.386406416868913829e-04
3.257888185704280529e-04
2.300767509306081253e-03
9.543422967651307579e-04
6.071403189145481352e-04
1.496750347456068508e-03
6.712895555768694927e-04
3.737490287761513182e-04
1.725594830065608045e-03
1.009165072783636125e-03
1.438182929015721428e-03
1.315974369743028215e-03
1.340346650278391102e-03
1.282098133297901975e-03
6.600890584640079287e-04
1.001130535204547596e-03
2.563499783045310784e-03
5.324474056143761996e-04
5.463468067329450579e-04
5.234290724983794302e-04
1.011929422079037039e-03
5.520194029701520943e-04
3.520690162597061397e-04
1.041997887951678350e-03
1.530156996899411509e-03
3.132936073326672002e-04
6.642882598053749879e-04
8.733709445474840049e-04
3.336703596195197052e-04
1.096354725107541840e-03
2.266225502685981295e-04
1.218698508447217102e-03
9.370340490665511699e-04
4.874017538589188025e-04
1.643563737777577541e-03
4.911096835741364129e-04
4.585756709647140390e-04
2.471294907645958032e-04
8.208556711140474731e-04
5.039672258549907644e-04
5.578861320161654196e-04
5.358809311021545509e-04
1.706383294862839125e-03
6.894481354763096984e-04
3.193437193752075073e-03
2.021987251728859104e-04
5.762825687453166940e-04
4.102841440334070722e-03
2.348533440939914660e-03
4.873957516851872983e-04
1.606406825043813109e-03
4.887424457770305408e-04
8.293406967704483298e-04
1.308800950248897952e-03
8.910227258257248217e-04
2.344877971742597832e-04
1.563029445502284870e-03
6.524037570811730023e-04
1.580891455481114481e-03
3.943688547238428932e-03
8.412585116694279658e-04
1.363005184463254383e-03
6.993652603980197394e-04
1.071037809490871413e-03
4.282203364012711409e-04
2.748412131787658468e-03
5.423989809797273879e-04
2.679308766775076196e-03
4.887722499186552714e-04
7.413292669246129363e-04
9.301477532771392160e-04
5.038458625500031544e-04
1.204216261099221160e-03
3.378199514411272717e-04
3.125865877169183233e-04
5.608565632846952394e-04
2.176201409177602394e-03
3.899067570333589368e-04
4.951115779556419056e-04
1.080224409410754285e-03
2.590090975461453553e-04
8.882386461223171778e-04
1.138404544064601075e-03
9.868608536192399576e-04
8.495290334156291139e-04
4.957497093501313408e-04
1.023423485253678687e-03
6.079942832985960012e-04
1.389489367094397070e-02
1.282710685227514327e-03
3.732412264895109159e-04
4.889207683322151264e-04
2.164769272582670013e-04
4.281943341957624403e-04
7.353244908457569253e-04
1.872385533792590923e-03
5.031410491011336673e-04
2.438468374732020159e-04
3.782457004166100544e-04
4.687053201147440987e-04
5.998949233994144538e-04
1.151561648486854224e-03
4.398567212358100325e-04
6.109636769569039023e-04
9.153153622147266241e-04
5.394045555749878715e-04
7.341262410966779796e-04
5.829589055948884236e-04
5.118643658125215544e-04
6.000544946103040329e-04
5.075221507192501742e-04
4.216441798213976170e-04
4.017393875243081857e-04
1.280962535075011932e-03
1.978571473488961296e-03
4.468381717222180628e-04
4.078041552391255915e-04
2.543463784999075981e-04
9.081058756034539802e-04
1.112654917278829746e-03
5.717954111100805991e-04
8.747676621842781497e-04
3.181985640767862620e-04
1.266957332377189986e-03
9.643651053431325599e-04
3.865520699450327520e-04
7.806970692604435274e-04
5.137178723806916803e-04
4.639023952902691364e-04
2.494116142302124292e-03
1.881001647683078377e-03
5.344470913810946003e-04
3.909848798153738036e-04
3.591889611628081209e-04
2.016680418212506154e-03
2.587456491507113786e-04
6.890756175474604733e-04
2.888659619052192339e-04
1.154544231801790839e-03
5.279039655514596724e-04
4.643002133582122925e-04
6.928051486163867801e-04
4.774856443552971869e-04
6.328978195866066933e-04
4.812747752336828176e-04
6.069330834008688233e-04
2.332220322323126389e-03
3.628522755386755227e-04
9.748317690691478887e-04
6.641149798854101630e-04
1.406689316033060645e-03
5.774665358912030528e-04
4.417981950469288856e-04
3.574338612584610246e-04
5.883663275654828738e-04
8.671287475189641504e-04
4.733412772176018540e-04
7.508747240788433324e-04
4.128367500734824130e-04
2.076586343679819469e-03
8.818974532850894525e-04
7.129168070314234216e-04
2.864765796796671956e-04
1.249933843429997448e-03
2.242815570217751922e-03
1.191094273458106817e-03
7.901568458687930610e-04
2.428634129794174368e-04
4.298051136278456942e-04
2.828218832352485078e-03
5.071071117803977856e-04
3.295715557136493792e-04
2.735012650337677689e-04
9.268902969828066033e-04
6.295099975790554876e-04
7.675720139341740212e-04
5.613336597381552232e-03
8.111172020477043932e-04
1.196487743590570396e-03
5.638474997213341073e-04
1.261086167926157376e-03
3.343349747077629486e-04
1.429114601570387680e-03
1.006047552488096870e-03
4.014517128640383500e-04
8.264862369275642389e-04
7.183130892427645915e-04
1.041164100328153359e-03
5.984315536582273005e-04
5.647301955577932074e-04
3.389384429863358077e-03
4.491702880075341465e-04
5.047377719051352992e-04
5.508008834557414496e-04
3.514144122442727151e-04
9.887000179948017380e-04
9.033312440598896499e-04
7.900517211387669218e-04
2.332342216006780006e-03
4.041666033851571793e-04
2.834390278998113240e-03
3.193232807063130577e-04
8.790400896484532522e-04
1.008404042247598720e-03
1.170083659198268601e-03
7.590447447268419950e-04
1.995884775107007131e-04
1.064429807007186536e-03
8.756714188835175655e-04
6.382791327930745565e-04
2.525527539088584603e-03
8.437059890547107853e-04
5.347743823741026633e-04
2.750232992685142661e-04
4.912998842256671326e-04
5.166181116776534998e-04
6.217654070601420302e-04
7.199482521256340495e-04
6.579755431308732718e-04
5.988420122695203981e-04
3.362580751390088166e-04
1.009757170563856891e-03
1.001215341677671577e-03
2.934975882619959581e-04
4.415575829710822434e-04
4.483941612888404818e-04
2.309532921325439976e-03
5.760492246419291092e-04
2.418295837175303033e-03
3.035812339590205928e-04
8.032075966013112233e-04
1.044970747974356814e-03
5.773953758357435731e-04
4.377243717699264339e-04
5.166624126497536490e-04
8.268137882913505167e-04
8.073983225405503361e-04
1.238212637505929376e-03
3.452911779513385721e-04
4.854961911182054915e-04
7.686121195102903420e-04
9.798341054944883187e-04
1.682890681126586593e-03
9.458721113072061275e-04
4.134029330623630472e-04
5.251970335998316095e-04
4.211945416980574560e-04
5.009530763001769508e-04
7.270224454763024591e-04
4.887156312829267837e-04
8.343254654873399900e-04
8.194477207133641543e-04
4.020994762585277326e-04
7.304291468048620993e-04
7.835776357568144173e-04
1.262369347215622521e-03
2.000608197704166751e-04
6.256344068808785113e-04
6.226590263679667456e-04
7.084358564410856828e-04
9.031073620994965441e-04
1.382334608320442450e-03
1.146586166798543730e-03
7.544316515603494708e-04
3.883956371372176974e-04
4.535120955539240846e-04
6.591539503818690101e-04
7.042844485969307691e-04
8.447473549761325487e-04
4.266337519645742055e-04
9.642920991809315369e-04
6.560499541721692479e-04
3.085143656144426053e-04
7.258090644557421787e-04
7.872979164245790798e-04
4.378709984180973098e-04
3.916801290993225312e-04
3.771719456546145490e-04
4.021639366022793810e-04
5.337988384403869304e-04
4.266337519645742055e-04
6.274365760120067430e-04
8.900902215973079514e-04
7.347432054314840481e-04
2.120621284474806013e-04
1.041164100328153359e-03
6.710817331180354839e-04
1.026058851089520956e-03
1.390109115951223499e-03
1.424352303801376240e-03
4.917384623075917588e-04
7.572434909977006140e-04
8.634758894916023855e-04
2.639974075450583291e-04
1.204896608580989861e-03
8.003275890616739878e-04
5.902070330480774403e-04
8.378379480614322247e-04
6.519590926015416928e-04
2.061813576389661708e-03
4.532937785584262367e-04
6.175958380293546492e-04
5.541289216128520920e-04
2.639561722024658715e-03
1.895535282977005385e-03
9.921469592492533369e-04
4.147755913434370933e-04
8.423819597698916110e-04
5.527983722336025181e-04
5.696578648581841981e-04
1.458599069726438692e-03
3.323041552715229156e-04
1.002751977574297846e-03
3.810673060373653874e-04
6.135985524210074054e-04
1.059924280395504841e-03
9.512891038146014657e-04
1.680291881369106865e-04
6.013384624277809442e-04
2.255452624042753040e-03
9.983145079504780490e-04
4.151558547009847428e-04
7.823260566945538542e-04
1.724939637815050761e-03
2.483836301134804709e-03
6.473524508334405850e-04
8.943818017208780271e-04
5.117102416940098224e-04
6.603698994890348567e-04
1.101599949231997022e-03
1.131605421669451463e-03
4.221616897542081214e-04
5.326893218280734496e-04
1.236972446664419238e-03
3.016819924066242806e-03
1.242929510842626702e-03
3.924402129843324039e-04
1.068170494533691138e-03
7.274387620732178546e-04
3.511100377243337768e-03
4.327038115621621023e-02
2.054367041030518478e-03
1.100785254776259292e-03
4.394285771069381466e-04
5.896656032289571961e-04
8.250091994692690389e-04
7.744028767115025387e-04
1.096354725107541840e-03
2.462975643039169390e-04
6.924506462380635493e-04
4.643002133582122925e-04
8.633317353970853007e-04
1.145248181376471537e-03
4.808402021204853985e-04
1.965451881965135910e-03
5.790228174152739233e-04
7.440912912065792513e-04
1.471948606037000581e-03
1.426260045421035363e-03
5.087672710538546300e-04
7.778936831045780986e-04
3.989631817112245806e-04
8.080010458155317387e-04
9.737136873154357596e-04
9.051547805731237437e-04
7.623867428675328841e-04
1.129105137231419193e-03
4.034480162503441595e-04
1.886055978438572547e-02
6.757301159913118617e-04
3.180202725426108969e-03
6.095227531332561002e-04
2.579173294394255644e-03
9.798341054944883187e-04
7.695821913215025777e-04
7.080651556337930891e-04
4.876505492505321085e-04
6.697952505493759987e-04
4.909341128379234118e-04
5.710182476113719041e-04
9.883274020971903953e-04
6.146650614814102654e-04
4.954474416537293100e-04
8.959611869255082982e-04
2.495525601375074912e-03
7.506423166434569383e-04
8.389091013791266519e-04
8.919441997477855696e-04
4.558738749362414356e-04
2.743946118840579233e-04
4.930083075720547055e-04
1.435123348746526403e-03
3.636870468623204099e-04
5.071622482897729855e-04
4.147755913434370933e-04
1.581184750361936666e-03
3.422599484574839149e-04
7.360424602723434706e-04
2.403784359363332504e-04
1.469468846290322359e-03
5.040065935384092704e-04
5.248431213032240736e-04
1.571080676563421912e-03
4.337836635716441698e-04
7.199527207992316566e-04
7.755034863925545745e-04
5.711189348858066979e-04
8.043040371595318967e-04
7.429022177055763683e-04
1.161619566798270447e-03
5.578127013924181902e-04
1.715486556373740056e-03
6.888705432318930179e-04
4.158149997642272160e-04
4.823866899775131251e-04
5.061210679382118069e-04
2.181169957891279047e-03
7.738846792502873835e-04
2.254955684302027913e-04
6.608528614923828235e-04
4.870616969535120511e-04
1.227843086148027677e-03
6.761143695241956511e-04
1.169918750618728024e-03
