1.423398961725733753e-03
4.876694892893265396e-04
1.379109846058886903e-03
2.009080421239786869e-03
1.107567939852211521e-03
1.271125246810633031e-03
8.460982607971954603e-04
4.427664414787509453e-04
1.393191444915463850e-03
1.695432431931329217e-03
4.149277571439983158e-04
1.365960616806866047e-03
9.138211484069190147e-04
6.472955776327698378e-04
3.764612371848691567e-04
3.542393213891003993e-04
7.300891521419356151e-04
2.013085310940151192e-03
5.077502142775338224e-04
4.890844121939187357e-04
3.556871043062769791e-04
1.293129531176575447e-03
5.465800991830000984e-04
6.554051685649241350e-04
6.001247328163535543e-04
3.078228934478534828e-04
1.180163295482133251e-03
1.940342112919411733e-03
6.980713107743152226e-04
8.023398138274137744e-04
6.106699720743686893e-04
6.060533540590107944e-04
2.811211654100222428e-03
2.017505126672410141e-04
2.458119704665010191e-04
1.049309212671318929e-03
6.428004860695184144e-04
6.873654524174704602e-04
8.831917412131127729e-04
5.707017445471025295e-04
7.368966914095664410e-04
5.456135541968660466e-04
1.919192821413494635e-03
5.918193665700781586e-04
3.223957445689428023e-04
2.904884314706959215e-03
3.094461418527432069e-04
3.557839795486545699e-04
1.077232737032026138e-03
1.921316533729079982e-03
1.213308896933907319e-03
1.102951957661761108e-03
3.963133778109203783e-04
1.770774788042539559e-03
4.190754876609383050e-04
6.741078919711626909e-04
6.059448915960132442e-04
1.006806698547086125e-03
4.784000016811217407e-04
1.293950894690316282e-03
6.363005977306448362e-04
8.664368955516657533e-04
6.393221168505698040e-04
3.161543499501021873e-03
5.885236279228928027e-04
1.014973718973543639e-03
4.291420484879683930e-04
2.045951920917419859e-03
8.670398276627414068e-04
8.504272690217716101e-04
1.212736112218785328e-03
8.013027735144409146e-04
1.246822367832076508e-03
5.909427881693244105e-04
8.796935249478718150e-04
3.428275831552103485e-04
6.199006806528709231e-04
1.062498140150466364e-03
6.906962838916786947e-04
1.097223834328639848e-03
2.002900406573853310e-03
5.145822100915644530e-04
1.719925185106302001e-03
6.246766038697503269e-04
3.685534925871567532e-04
8.726662076078574694e-04
2.019819498993520937e-03
9.160760246783533709e-04
5.389615079379948522e-04
3.192315475009827627e-04
3.747352531333321760e-04
7.423005573609950218e-04
1.012712472452626531e-03
7.356985278812946819e-04
3.977319981259876949e-04
7.523661960099729817e-04
4.928682803164884845e-04
1.083947657265733628e-03
6.584076982884888400e-04
1.266716435441743406e-03
1.265201984936732520e-03
7.830059986643318152e-04
5.506626646124430360e-04
5.195580571091264980e-04
1.210988702798116443e-03
1.991199831313844940e-03
4.537467437846660618e-04
2.851579300756118280e-03
8.759918133287522297e-04
1.035282691080650170e-03
1.019470341994175785e-03
1.100875096251056244e-03
1.730456205773560309e-03
4.385394089359134491e-04
7.511503858225949178e-04
1.176644542617917956e-03
7.015680559890324908e-04
8.106101481055793612e-04
6.079143307674771905e-04
1.151775818665217756e-02
1.051577735883645406e-03
1.635840383200266824e-03
2.813667460595562181e-04
4.684276772287641086e-04
1.020030050325183369e-03
2.376844724187349329e-04
1.210613244939616690e-03
5.332732041219561151e-04
6.050887971631152941e-04
4.516910055622163191e-04
1.130218763733187911e-03
1.860028690269420514e-03
9.402320966709717303e-04
5.418225302094213615e-04
5.280983779454173242e-04
1.070383723172052678e-03
5.115433807496481099e-04
1.499044471483114644e-03
1.152695600274870847e-03
2.409951968616770579e-03
6.393805777772428728e-04
1.208176371547093697e-03
1.103985982053975502e-03
5.529341606078285115e-04
5.892431318240066085e-04
4.284091999163996620e-04
6.470732507028922192e-04
1.178952434363580949e-03
5.189142216790600766e-04
6.740700477839330898e-04
5.906004814420200838e-04
6.523087127272221737e-04
5.673158436875595789e-04
9.434334648464467402e-04
5.581319296143326825e-04
1.574818909531867320e-03
7.435047570992016656e-04
7.952915122346814825e-04
1.357202157348184023e-03
1.422767125027248232e-03
6.382053960621879079e-04
1.240592573989520407e-03
1.392404915311982972e-03
1.246822367832076508e-03
8.494647002445951346e-04
1.153033035711121699e-03
7.491443793980951706e-04
9.264690856413553043e-04
1.074343857976040213e-03
2.639372672550555467e-04
1.334465863779614415e-03
5.809036163330419129e-04
9.254999350196174875e-04
1.364577580324996889e-03
6.562697518829591200e-04
9.843383081311635630e-04
1.374950006686889541e-03
4.477159652756688090e-04
1.270906673715305798e-03
9.972745549435210743e-04
6.646142143878404915e-04
1.454067709035378663e-03
2.632665841774769100e-04
9.137121124904327768e-04
7.088224470260518200e-04
6.263971105831212189e-04
2.207339610154956944e-03
3.736654148381916840e-03
9.913009704983688150e-04
7.539155299894419486e-04
9.001565943279936583e-04
7.257914330343904000e-04
5.738807733506576291e-04
8.438594093249039132e-04
1.103643174250504939e-03
5.134256110918608952e-04
7.486197833734252200e-04
1.277727616430942735e-03
1.743567245079467908e-03
5.279354469783461472e-04
7.446996503164376698e-04
6.663958403295397502e-04
1.343780535241881130e-03
4.983322651160575645e-04
3.213267069095507647e-03
3.424055161100919456e-04
5.401820256629707171e-04
1.260186484756866320e-03
4.034926306811700272e-04
1.332237259884213329e-03
6.027408556266318756e-04
8.650068937187167404e-04
5.025536828331375648e-04
5.915783974800321171e-04
1.153033035711121699e-03
6.922894409976150651e-04
8.498659140288336274e-04
4.949636138233278436e-04
4.291420484879683930e-04
5.235042832898225296e-04
9.104859847088975873e-04
1.019470341994175785e-03
5.127111661585901465e-04
4.911825081450798885e-04
6.531870935033680858e-04
3.291675468395408814e-04
8.855448387065254987e-04
3.181949078251392776e-04
8.600831673669580594e-04
1.949929528537152398e-03
8.724052604386198142e-04
3.900207732350638619e-03
9.308735606221624388e-04
6.869242921735943443e-04
4.883198649791287670e-03
4.062939980484466841e-04
8.737066748969752467e-04
6.271316004302604800e-04
4.710552009007089465e-04
4.974061964242770589e-04
4.435000467114509431e-04
3.517055946468495100e-04
1.010960470336306127e-03
7.536141405214354149e-04
7.737417454236776354e-04
3.401684324765058467e-03
1.868035426707160369e-03
9.893275862894615556e-04
4.423281479350794671e-04
7.182310287303554988e-04
3.004721504973783728e-04
5.002333934389038448e-04
5.693112860639515773e-04
3.018411845539319040e-03
1.868322266975096712e-03
1.192203572148180148e-03
1.470834364932930736e-03
7.477366924170383497e-04
1.094639433100197314e-03
8.600395543659364534e-04
1.549461969527403914e-03
9.663146429061406691e-04
1.870452443459568641e-03
5.381191047947254035e-04
4.792354863054650287e-04
1.838202266496885692e-03
7.036749544287579762e-04
2.367324175952362567e-03
8.012813228132855846e-04
1.247532321513537129e-03
6.220666704230419551e-04
5.417018868377028928e-04
5.310363322373513753e-04
1.026823447204993148e-03
1.260760045352952823e-03
6.241787329132622792e-04
1.067363898286350461e-03
7.020546017147576883e-04
9.483166544118331459e-04
1.292076354025111385e-03
1.762441336251083191e-03
7.819234257022289079e-04
1.583573142080725452e-03
1.217714823718567046e-03
5.462993824165772276e-04
1.127258955335211019e-03
3.839319553235058025e-04
6.049571874725760256e-04
3.521593096610545030e-03
6.018581561276100094e-04
1.399528929690721469e-03
1.498928751737058952e-03
1.651052360336723859e-03
5.745939917187077844e-04
6.530173577378577685e-04
1.471028244416517717e-03
6.682812932968575656e-04
8.395199631186016321e-04
8.078702053840112595e-04
7.725021313983390387e-04
7.323882533053178512e-04
1.009539736651747250e-03
6.328232898766748783e-04
5.653961979484936617e-04
9.275629662723264149e-04
8.968688170743409046e-04
1.362659121759362798e-03
4.062939980484466841e-04
5.620298311777911131e-04
7.200683329496844563e-04
8.301518904910818071e-04
1.584307785290493950e-03
9.601002275381874829e-04
1.047237309270414524e-03
6.345390468663985022e-04
1.582246218884359032e-03
1.923056218891461191e-03
4.538474071203006405e-04
4.940337832077281149e-04
2.505458959919040426e-03
1.184188515420510389e-03
1.243569221954518708e-03
1.045894264139473218e-03
3.386751182758135467e-04
5.681430168654294207e-04
3.861285465949922092e-04
9.604113885963410768e-04
6.050251467416803593e-04
1.072515125412894709e-03
1.227419877377683086e-03
1.191456652278781794e-03
3.825083479656950398e-04
2.792809231543714370e-04
6.878546726047552080e-04
6.673585636731793700e-04
8.384280608606878033e-04
7.454635925655644620e-04
2.183735956847564306e-03
3.585152870453826510e-03
7.067140955737383733e-04
3.807305134160383735e-03
7.655449118484225620e-04
1.252766231326186280e-03
7.380991943921078611e-04
1.119694375691287179e-03
1.139045235782737940e-03
7.879388230134791622e-04
3.719231400867641524e-04
1.018453829205393695e-03
1.250930254479179840e-03
7.583477059051522929e-04
6.973524005013565126e-04
3.997421858061341190e-04
1.290437722706619557e-03
4.789785868842029318e-04
8.385446566890707295e-04
5.671542851570306361e-04
2.467787401609944885e-03
8.085052297066050268e-04
3.930488567376653575e-04
8.077207810484333386e-04
4.943332126823591494e-04
2.410004647295733819e-03
9.040656209683598605e-04
7.103733127956673348e-04
1.218681986609174454e-03
6.016597030309073007e-04
3.551866834177229773e-04
1.042778880861178334e-03
1.826802718220571324e-03
4.010979369981596161e-04
4.921567347867122650e-04
8.092092632869212062e-04
2.692231062622089596e-04
1.384791241414114627e-03
6.821363656769870252e-04
5.029816522407984814e-04
7.200519299850329739e-04
1.054162644239450830e-03
1.627722410642970215e-03
2.034573517336618880e-03
1.164904742146544766e-03
2.434538053694687131e-03
6.177316536894551574e-04
7.505544685941338296e-04
1.019368123807506878e-03
5.375899832516660599e-04
7.964565115107886603e-04
1.960705260475703159e-03
4.383699729725405660e-04
1.717796941252858374e-03
9.621397573646240167e-04
1.163702520113400014e-03
1.276777894174258932e-03
4.734267881083122163e-04
2.589426419269471279e-03
1.681034317692882939e-03
3.707978732694357346e-04
6.989558803324932281e-04
9.972773925552771025e-04
2.992178275739072919e-03
7.742104347169025602e-04
8.654570056455191318e-04
9.752686262627078715e-04
4.455615598786898221e-04
9.347847367497408863e-04
1.150071341924627190e-03
2.404198631367216940e-03
1.956020800057598017e-03
7.332952565136936600e-04
1.517066167492274031e-03
1.050948532274188817e-03
9.956947311582642346e-04
8.675453504017327511e-04
3.503565233800990438e-04
1.009192037461454630e-03
5.761090713654412219e-04
6.756777818291703763e-04
2.205334194381538843e-03
7.748377635343925126e-04
4.016872965846652655e-04
6.195141796129498843e-04
1.860410690753051171e-03
2.125488823798725446e-03
1.572174797253746712e-03
7.903553141615892851e-04
1.114266411083527503e-03
7.640124827218920840e-04
4.697820577098601883e-04
5.038924346728953672e-04
1.077692693794495699e-03
5.685414787362109285e-04
3.878141454820810234e-04
5.617207854386975160e-04
1.516839091785987959e-03
7.409747167657691714e-04
4.266716885888302102e-04
4.458878830114089008e-04
1.176550150424668546e-03
3.499050852236065107e-04
9.347993364006059857e-04
7.440232633475019151e-04
1.659592259466091723e-03
8.946484620700733423e-04
5.466082856926112463e-04
1.209193380229393010e-03
1.582243895175155027e-03
1.209531227639493427e-03
3.942094002451437969e-04
4.935877350439143822e-04
6.237925348985533681e-04
7.354576320450048913e-04
6.844626313548512597e-04
7.165773277525879078e-04
1.375595654099706112e-03
8.484704811582874069e-04
6.729170836319913959e-04
3.814246252642103071e-04
7.265785987684621888e-04
2.063126772051932564e-03
1.643249848654285356e-03
4.123704944239350184e-04
1.867865236688868828e-04
3.292139688301504033e-04
7.486607711887308808e-04
8.964838351940441347e-04
1.282025869032000880e-03
3.073102456874201964e-03
4.946948527932178282e-04
4.652226325753274047e-04
6.141048713568245587e-04
7.136764471199824253e-04
8.914992582240646593e-04
1.610841711732644184e-03
6.001247328163535543e-04
1.519906169539601013e-03
7.135083397952096153e-04
5.818613763347323976e-04
6.116300303874506366e-04
7.582125899883977336e-04
4.033907343199168291e-04
1.246223765666054726e-03
5.859653897456360786e-04
1.038350239186164748e-03
7.500384101426217599e-04
1.637498738192692989e-03
6.208929011547800877e-04
1.099985511568194862e-03
1.959748119682586196e-03
7.099901045581854305e-04
7.615946568946716736e-04
3.771029292185366791e-04
9.393197608772990833e-04
1.003479443118520656e-03
7.775376810035560839e-04
7.288489267082670208e-04
4.634911192713835797e-04
1.081934257548571986e-03
9.595020271674711701e-04
9.210142770317114288e-04
1.596912715046681615e-03
9.366835024865405529e-04
8.787021578021330997e-04
1.160686017379901304e-03
2.977847675310810031e-04
6.490465657008910984e-04
3.685297903578108091e-04
2.552671501436577436e-03
7.961737184739882661e-04
1.401928633097920427e-03
2.405024136061612895e-03
7.391225829931918510e-04
1.249851131978537431e-03
5.664335852981758953e-04
6.515507994285585965e-04
1.429643316170913208e-03
1.273249597100798228e-03
1.002310728575243719e-03
5.084212705653943110e-04
7.555105404018896140e-04
1.243527272774057162e-03
7.387003375194771144e-04
7.634082175334424647e-04
4.255278944910013766e-04
9.082662363594304214e-04
3.258085234161855245e-04
6.172092874037363001e-04
7.724801331780788930e-04
1.579019665860086335e-03
1.072443498841903079e-03
8.871711590859272323e-04
1.059689330639806276e-03
5.472508473434744593e-04
3.252694182794173879e-04
6.478546324009341450e-04
5.454832165563048250e-04
1.004780138691809812e-03
6.542351024068797155e-04
2.928279534130629694e-04
6.495652952266534053e-04
7.231223001912404427e-04
1.759427240024953295e-03
6.385891917627497302e-04
2.556853351464331153e-03
1.484518341834240376e-03
4.897909944520157819e-04
1.012949773527864993e-03
3.692912904262268814e-03
1.152418522947315331e-03
3.925498578989086089e-04
9.178629678562342598e-04
1.200747534295181287e-03
8.015064635476789809e-04
1.018805058605220300e-03
6.834794523709252986e-04
9.128358168572097732e-04
1.543214860521625095e-03
2.013354584463893700e-03
2.483433817152271798e-04
2.207547579657388737e-03
4.015645731978212179e-04
1.062057159809891814e-03
1.272602924488952037e-03
3.755728321094869613e-04
8.232507194894171350e-04
3.057562995480737119e-03
1.993068117240608030e-03
1.266231383161223493e-03
7.692103970939233792e-04
8.554635078592224412e-04
1.315993980235156610e-03
6.415060218332973435e-04
7.605838296811810771e-04
5.751617649722001995e-04
6.581435194587391836e-04
1.131938047540494412e-03
1.061508679530089169e-03
8.041298176143386444e-04
6.587130907636746862e-04
1.540791338319693130e-03
9.637237584657207734e-04
2.117044946660333674e-03
6.964803297677622232e-04
5.622196690130074059e-04
6.676516666495688895e-04
3.182326235289668036e-03
7.342203362230214844e-04
1.355151475927917270e-03
6.177350272468185239e-04
3.361478864311544636e-04
1.388579624137135449e-03
4.123858081786552676e-04
9.833131628887265777e-04
3.214896548213939378e-04
1.124745132369586341e-03
1.183896645191727989e-03
8.724541599179963178e-04
1.238616851116177645e-03
1.634883767290257325e-03
6.245861629973285247e-04
1.093920558863428370e-03
1.933221543977421209e-03
4.582348214367957173e-04
9.938195489898225213e-04
8.113185895670659573e-04
6.230156667913825091e-04
1.559479756094429154e-03
3.313447840147901191e-04
1.636556398929394024e-03
8.419962743869803881e-04
6.231384549580089522e-04
5.417744472220067898e-04
7.080585933881299900e-04
1.259408243922320331e-03
1.080929122652835375e-03
4.467968499684675261e-04
1.449267655292668395e-03
5.279354469783461472e-04
1.061632523284270803e-03
1.102567577844112880e-03
6.994812349457067225e-04
2.243984325421995857e-03
6.922894409976150651e-04
5.366614098877645891e-04
1.276816322988014651e-03
1.694722699782279501e-03
4.975154706316366584e-04
6.498778403364613172e-04
2.021580779422231869e-03
8.168944963175000943e-04
6.924745306331676117e-04
5.917056992851627483e-04
3.182845616625629148e-03
1.034647546531235933e-03
6.604598890486812045e-04
2.337434549491816844e-03
6.910649691152550818e-04
4.266716885888302102e-04
7.559645767161853611e-04
5.119872821874270601e-04
1.243569221954518708e-03
4.507494655307555634e-04
6.031430461329464164e-04
8.017496174079874038e-04
4.227146724201469394e-04
2.219048036780499160e-03
3.744752272559057852e-03
9.944023432101130235e-04
9.126308312445346798e-04
7.770252876868463318e-04
6.539932894019255582e-04
5.846428864966474832e-04
3.859913814206954543e-04
6.050251467416803593e-04
4.305781620915002527e-04
2.202919305414060593e-03
1.461028392177993055e-03
2.049967862100861380e-03
7.003737678214686348e-04
9.201177922698670344e-04
6.498400863275790359e-04
1.005086175589712128e-03
1.036785028126653270e-03
5.724753481002681438e-04
2.589426419269471279e-03
9.974467566606162478e-04
3.537888781625947335e-04
9.508715703405181373e-04
5.694544183886167746e-04
9.160760246783533709e-04
1.273037010275114610e-03
8.258002402735070517e-04
8.270169838264174395e-04
4.286199570367500711e-04
5.785619981128203729e-04
8.532367997816170738e-04
6.490465657008910984e-04
1.018805058605220300e-03
5.069945666473635575e-04
9.529013991111195091e-04
6.001247328163535543e-04
6.241787329132622792e-04
5.684274512182469407e-04
1.805175994859941182e-03
7.331812244199094808e-04
5.367694642093873841e-04
3.232541230464134230e-04
9.695836719243640118e-04
5.406324685175002785e-04
7.508071981096974120e-04
6.690101608445733847e-04
4.016872965846652655e-04
5.906133890524992332e-04
3.034352342096597612e-04
5.069854846819178088e-04
4.781943357066643268e-04
1.329290275426865458e-03
9.734078126758531797e-04
7.791757049911897815e-04
8.043037154632675430e-04
1.762218496620587176e-03
2.440535499672422549e-03
5.646286198225577155e-04
8.425027907231071814e-04
9.195964270547769132e-04
9.955791237696908023e-04
3.855832118923156488e-04
1.023512118870241634e-03
1.509476924073506997e-03
1.526518637945034184e-03
6.925747604680569615e-04
5.788400011561095583e-04
7.226529205647081811e-04
7.877724207673496249e-04
3.362158588869191655e-04
5.508422112355717409e-04
6.867443912749305159e-04
1.553407586751455504e-03
1.150203403409146398e-03
4.436468057348582424e-04
1.476091587923524656e-03
6.106899184827547849e-04
4.175871064116054099e-04
3.130244399891682718e-04
1.688330787575587901e-03
8.848864515037589522e-04
1.008727064149179736e-03
1.849894011358648328e-03
5.090716872295225756e-04
3.739099118563060263e-04
1.716392249178691747e-03
8.365209584616645211e-04
7.694881228825540967e-04
1.074501030631839354e-03
1.993068117240608030e-03
9.681588618328831582e-04
1.569655609532031280e-03
1.570989172481155726e-03
6.522947200662222375e-04
6.918457252526190966e-04
6.797486164138163501e-04
5.331870760992841714e-04
4.004894478176569466e-04
3.757681194881783691e-04
1.413177043837285634e-03
1.610455106201089158e-03
4.768339175756862967e-04
3.536496862979910272e-04
6.279894698444747625e-04
1.067507010921271574e-03
7.186962618531228487e-04
1.646535387120156213e-03
1.853654357151913882e-03
5.429047918726228987e-04
6.536171461913938430e-04
4.710025761161478310e-04
5.274715285119532283e-04
8.481627245718303390e-04
8.324239923638758563e-04
1.414809986448048841e-03
5.465800991830000984e-04
1.199871788790140984e-03
4.838063917376375905e-04
1.352239641500937745e-03
1.827434803321761284e-03
1.350368482694833984e-03
5.816868818424577670e-04
1.491739635325459081e-03
4.618901145515665399e-04
7.207173136978917236e-04
8.680454577508092771e-04
1.632008933847111948e-03
2.864299775447099600e-03
1.583573142080725452e-03
1.126923262945044154e-03
1.142645488824725998e-03
4.747202519065885605e-04
5.769694148207853450e-04
1.160450122434689493e-03
6.602717501249548079e-04
5.096349598873553197e-03
1.029641996837139502e-03
1.054178966834818819e-03
6.111004242241990098e-04
1.134916932171746396e-03
1.034113521191158507e-03
9.056972869363969642e-04
6.191423759505980612e-04
2.192067685029763454e-04
1.731238848736036924e-03
1.486140066209748565e-03
6.050492145162578118e-04
1.688082457381759457e-03
2.859511240935120723e-03
5.075973374640849276e-04
1.060171010739907821e-03
6.789662139403411685e-04
4.521351687857966934e-04
5.794396008837666328e-04
1.171151111194246135e-03
1.009464648485795726e-03
1.674278294127787628e-03
7.838581845141498515e-04
8.075585512963708544e-04
3.930199122322271341e-04
8.520879314242971354e-04
5.190287076506115488e-04
6.408961475014392966e-04
9.611227244214795270e-04
9.544535067538984646e-04
1.009237870930373027e-03
6.213323262789164757e-04
1.009910675289887091e-03
1.022399802733804999e-03
3.096367727913177151e-04
7.253022358661999867e-04
2.318097958891115681e-03
7.007437226528214630e-04
7.612707179728079232e-04
1.009009738375303772e-03
1.810388456071468800e-03
7.739972881228882962e-04
1.881749560471944731e-03
1.929757501168972468e-03
4.097146963913497384e-04
6.858133582791030693e-04
9.644497905223977947e-04
2.581345193168844282e-03
8.805771071181479111e-04
8.860178842686947370e-04
9.736589081858807414e-04
7.007956857582884128e-04
5.192891449503515616e-04
6.662457346131453679e-04
3.817458292740522172e-04
1.857567951775068770e-03
7.612207908854157039e-04
1.751275764273281434e-03
6.648417924550829991e-04
1.191752741778049924e-03
3.849375877601370738e-04
1.045946278547910287e-03
7.517450538469841155e-04
5.798836452972878312e-04
1.139038324788211719e-03
4.452024425697006247e-04
6.022009211883884829e-04
1.194702259561189559e-03
2.698379951097213021e-03
8.325693648772058324e-04
5.442608474208712917e-04
2.070608751501405199e-03
1.447316374134697539e-03
4.004849561340576122e-04
2.263763652146491990e-03
5.825964095120538281e-04
6.844346057879096765e-04
5.170173462163635617e-04
1.381313575739302702e-03
6.491271749225592871e-04
4.583257927623239809e-04
4.947473544892444074e-04
4.304337422472848248e-04
4.627883113023872441e-04
1.295205731215763514e-03
6.762993913665142805e-04
1.356798415167419962e-03
4.394827413115783357e-03
1.202347898647287755e-03
3.552931222296149536e-04
9.312123951856841452e-04
2.193904613079075618e-04
3.859913814206954543e-04
1.219243365922781288e-03
7.395399718171859638e-04
1.012796301407913437e-03
5.139701079689180810e-04
9.870329868615730293e-04
2.001691885737100305e-03
8.306783363068186068e-04
1.415237207244295688e-03
1.583901502579117618e-03
1.646535387120156213e-03
8.160762376763502782e-04
1.178734643970910526e-03
8.733384129646100781e-04
9.373210040963047499e-04
4.786354201043948350e-04
7.188092855410732574e-04
7.267692992080033651e-04
1.041393952938408354e-03
8.111349797566299149e-04
7.534761287267796636e-04
8.879735044590409635e-04
7.322005491069101318e-04
1.190189934064935558e-03
3.677077012805624241e-04
8.130812527675972210e-04
1.125714740682752426e-03
6.637793326715809043e-04
8.266427504938724967e-04
3.942381407802553347e-04
7.843277944147707560e-04
1.515977722065086492e-03
6.389482044766002251e-04
3.253526139479305242e-04
7.751596026425398031e-04
9.379852002585768777e-04
3.262165304436921882e-03
6.037997563031324497e-04
4.796840852390354178e-04
6.257083754025047568e-04
5.728960033039459145e-04
8.603244421146843653e-04
8.063343916507902717e-04
3.859692201760572404e-04
8.520879314242971354e-04
1.173227339289743430e-03
3.537888781625947335e-04
3.465995209542381420e-04
7.793888687972593942e-04
1.315495843116617179e-03
5.825969959758685139e-04
1.139780365864359818e-03
3.294591512574996262e-04
1.386513830583630761e-03
1.002930901721174909e-03
7.629601842176553716e-04
9.810701281480671467e-04
3.894849651958417081e-04
5.668365388016824479e-04
4.469152992052396176e-04
9.347993364006059857e-04
5.570672661883585737e-03
5.566926893114671881e-04
9.256752235692554918e-04
9.081221113835361057e-04
5.853184278897037400e-04
8.924515226032733164e-04
5.694544183886167746e-04
1.134030094174910989e-03
4.989802432251647232e-04
1.356973608934725593e-03
3.830184599011884732e-04
1.050152525872981822e-03
1.072515125412894709e-03
1.245291510448293159e-03
3.486736526554871907e-04
1.370311311135641264e-03
1.340906380977460949e-03
8.094957606825102818e-04
9.621500293568766796e-04
1.668290395243354762e-03
8.591265376837060310e-04
1.826802718220571324e-03
7.648465093180869612e-04
2.196423212944882079e-03
5.832283789303605937e-04
4.445517287795485426e-04
6.279896741146236269e-04
3.754458259738829525e-04
8.697569520190754017e-04
1.623623306632976208e-03
8.561448401697862622e-04
3.715533559212356248e-04
1.022003521874616499e-03
9.399262232256695021e-04
1.144270258513358472e-03
7.352324162194506666e-04
3.612447601726686674e-04
5.399036776265561015e-04
1.309438879803764355e-03
6.224029867092653817e-04
8.546359507780355858e-04
1.545005813059663335e-03
1.066918750925588020e-03
6.065897592130489171e-04
1.291549599421377027e-03
5.259028608985084809e-04
6.119458552326263864e-04
9.346263767447072959e-04
5.203511531774177501e-04
6.804453914126290959e-04
7.413738271986113982e-04
7.012550441815498239e-04
9.347847367497408863e-04
7.003737678214686348e-04
6.636154819912674224e-04
1.111764855958670374e-03
1.157093694972679328e-03
2.366190655762322702e-03
5.138859871444981459e-04
1.027937301207077977e-03
3.386751182758135467e-04
8.449210040830827185e-04
6.782582779306894731e-04
1.024156501093871499e-03
1.959748119682586196e-03
1.102192492822196565e-03
3.623718382917511774e-04
