1.459809651263991626e+01
1.339422340959115232e+01
1.709105604228796338e+01
9.949336703129748827e+00
2.100167083054471462e+01
1.814909810404304835e+01
1.441167071247569353e+01
1.459880501570719957e+01
1.967118987314728074e+01
1.550141499737016559e+01
1.787610863939138639e+01
1.934762237931692752e+01
1.584562291115432231e+01
1.705899599137399036e+01
1.718099533595306028e+01
1.790529679482582992e+01
1.441796408768897209e+01
2.006228419601383450e+01
2.081103652337186105e+01
2.018179736115193634e+01
1.827598619528016854e+01
1.664091687796723207e+01
1.804195824971672479e+01
2.069404245967895761e+01
1.604119143497303313e+01
1.410565886679182412e+01
1.848942734575567926e+01
1.676063379465870185e+01
1.878545119623894877e+01
2.150776393297117295e+01
1.466537659933367266e+01
2.145399880712889740e+01
1.999993020197000249e+01
8.572651396448613070e+00
1.825310390382968251e+01
2.154038384084923763e+01
1.940607005125906781e+01
1.838501187982158669e+01
1.447411402113513290e+01
1.854389614202540315e+01
1.985226626657425797e+01
1.396000376214069760e+01
1.656119215448392623e+01
1.726380231215419414e+01
1.665441684459911897e+01
1.693273956553488802e+01
1.685825978596020036e+01
1.540285089357658777e+01
1.769008395522587307e+01
1.375076192356758042e+01
1.918292853311320201e+01
2.024080566729956132e+01
2.055603371373461030e+01
1.658359447930225272e+01
1.834465282682363707e+01
1.958925818458104118e+01
1.477249755925996411e+01
1.789852922539325775e+01
2.059349688660562450e+01
1.572916406273705547e+01
1.983995473708625923e+01
2.062561533671252434e+01
2.144491710473170087e+01
2.000913839328973864e+01
8.997660814107090843e+00
1.601128491898965578e+01
2.019765754105281630e+01
2.099501375220053490e+01
2.031534019664073298e+01
1.425058713794043541e+01
1.562744564408270520e+01
1.884193457248728265e+01
1.961019280073668369e+01
1.847443649790134756e+01
1.940664431415394375e+01
1.917955633231838419e+01
1.855240183645176089e+01
1.816604217273214061e+01
1.627568877872784725e+01
1.939818677279124870e+01
1.735201056991329338e+01
1.792676912951880297e+01
1.964507415536641233e+01
1.877769614062594172e+01
1.910135520224765315e+01
1.799308517438086241e+01
1.984347876598518212e+01
1.761411699809844222e+01
8.147779799037744297e+00
1.129631417669711624e+01
1.012488640595210576e+01
2.021400021272807379e+01
1.890140936459174270e+01
1.492985002368638270e+01
1.827685366782120013e+01
1.980452235365239488e+01
1.761826751850915684e+01
1.919977303029946114e+01
2.020402400096981310e+01
1.768861436331459558e+01
1.873363729224421803e+01
1.739953245857411446e+01
2.031803122872337752e+01
1.739122269156007761e+01
1.884856279603185314e+01
1.001824675622021132e+01
1.768361423215883477e+01
1.756970796817430269e+01
1.691063335750931884e+01
1.727110714345626263e+01
2.032241252894630890e+01
1.705187757281909100e+01
1.781038167255327664e+01
1.689607178810670618e+01
1.537508735788067682e+01
1.719795419381662782e+01
1.677477159572829990e+01
1.932809711856564761e+01
1.996023258189020666e+01
1.863106825543200529e+01
2.085747482555519383e+01
1.835416958439728319e+01
2.146527611812397396e+01
2.152509134736302343e+01
1.867781681291344142e+01
1.867742281271233651e+01
2.070352125697264967e+01
1.898702611149312602e+01
2.017250167766808744e+01
1.932941569846072127e+01
2.011142924573502810e+01
1.579922994741424702e+01
1.549608770074393505e+01
2.149749735045541144e+01
2.144253152416526120e+01
1.516838651215131506e+01
1.940146185033973580e+01
2.009774658835219086e+01
1.139788019029620436e+01
1.940713044959906242e+01
1.416936392819676627e+01
1.931441449426853296e+01
2.128463055861427478e+01
2.086109574000185063e+01
1.989336217564480691e+01
1.358954230996680934e+01
1.936023751027977013e+01
1.890506531521565847e+01
1.428350256284920583e+01
1.823062723553230313e+01
2.026107360211640440e+01
1.692031430292556493e+01
2.086845191789490173e+01
1.407671117700011720e+01
1.692507753522475511e+01
1.514636954021416670e+01
2.030489359292094775e+01
2.037019492272494503e+01
1.353834679881842895e+01
1.416917181077167953e+01
1.789406591105656474e+01
1.749972332040071876e+01
1.153195547908229024e+01
1.781038167255327664e+01
2.135314785564660411e+01
2.055976105203631477e+01
1.970512750243623401e+01
1.600164180158050087e+01
1.596853823790272209e+01
1.875928666523267196e+01
1.757368632600005043e+01
1.598153563651549547e+01
2.078083395996867822e+01
1.661676950208767067e+01
2.019852402688057680e+01
1.854405980408656518e+01
1.510941060144529047e+01
1.526294350158321222e+01
1.527304455553822748e+01
2.122476981283922015e+01
2.056186273539679732e+01
1.793925319527580697e+01
1.656119215448392623e+01
1.781123229565186605e+01
1.585586989273304326e+01
1.452952157557517943e+01
1.479047291708621970e+01
2.088268684774307360e+01
1.432311698743177786e+01
1.744254485241417996e+01
1.838629581350521036e+01
1.505418104958746994e+01
1.743916877440906887e+01
1.711167826671625747e+01
1.358954230996680934e+01
1.683228099081602736e+01
1.460762453961747198e+01
2.008070655202208599e+01
1.666056356542457806e+01
2.113656710221983914e+01
1.901945597368020557e+01
1.989319823730176040e+01
1.391223638716530786e+01
1.461154994211627312e+01
2.112912554696960754e+01
1.850496122265415977e+01
2.024465305943053650e+01
2.046949783797630573e+01
1.712174187047082796e+01
1.827723909473711927e+01
1.873570324666300024e+01
1.900416925180597616e+01
1.821025726022489977e+01
1.792874738622975173e+01
1.683228099081602736e+01
2.097431182031456842e+01
1.705899599137399036e+01
1.393646304961858107e+01
1.889536134266436562e+01
1.951529071555012607e+01
1.916181477708785508e+01
1.680172995919559398e+01
1.891736700780749203e+01
1.376450247985116349e+01
1.440446300095882926e+01
1.846393497613505730e+01
1.448639310383595458e+01
1.678341931348972338e+01
1.601079289576051323e+01
1.438785558346736693e+01
1.804216401613930287e+01
1.397711318782473811e+01
2.018186848865147454e+01
2.027555958231376110e+01
1.590699817053171827e+01
1.608782595696107975e+01
1.926627505593963718e+01
1.849887375026057867e+01
2.088476728842361041e+01
1.756970796817430269e+01
1.689364968479575779e+01
1.570045425551086637e+01
1.739176877762869111e+01
1.645739710456549787e+01
2.099667340748560207e+01
1.460762453961747198e+01
1.686975935348946010e+01
1.779848913712109137e+01
1.756561192195198728e+01
2.122621704680381072e+01
2.112932352247522161e+01
1.883717635691028747e+01
1.551160999864277024e+01
1.961093380510987316e+01
1.472218705128811678e+01
1.893009599968058865e+01
1.978134213702561794e+01
1.848020910603029421e+01
1.589604601109483895e+01
1.454482524742468819e+01
1.474061497129105192e+01
2.054507525939671808e+01
1.576455284110999422e+01
1.340514613414106648e+01
1.836673052716430021e+01
2.005986710031219644e+01
1.721265393854924142e+01
2.118901438391019454e+01
1.318367996670100339e+01
2.117065457154815533e+01
8.182383358735812351e+00
2.154832693180497927e+01
2.123800287380178275e+01
1.543341306705668359e+01
1.892585697571229986e+01
1.714911212228944137e+01
1.589755788783735824e+01
1.708039590716619216e+01
1.451111989491932874e+01
1.855596905197855762e+01
1.989906805001285051e+01
2.046852498173597823e+01
1.775886937637734064e+01
2.157136022670510656e+01
2.141818370248770265e+01
1.791511888912229722e+01
1.985966921447112199e+01
2.022643109174149245e+01
2.052062838505450060e+01
1.975917404180922432e+01
1.976333983776023118e+01
2.115400078945295803e+01
2.082322755793128621e+01
1.611960420167111607e+01
1.461849664769952994e+01
1.725750118158111590e+01
2.100981448262221463e+01
1.853904092678228466e+01
1.708418104838412432e+01
2.109584121057234185e+01
2.064196234559988596e+01
2.089321456512637809e+01
2.035838110884089502e+01
1.436890034116726333e+01
1.617850410940863171e+01
1.571132609833273719e+01
2.035247801164150516e+01
1.644443917770978913e+01
2.053698871883723243e+01
1.591546385698891264e+01
1.943638846887980520e+01
1.549771850213531543e+01
1.756602915571234291e+01
1.196104490832873957e+01
1.777386632683098355e+01
2.082592370047729702e+01
1.602446911767538396e+01
1.074346131880647448e+01
2.068326855358833072e+01
1.676332579947460744e+01
1.542887238592302879e+01
1.726569920436373451e+01
1.485804411851022167e+01
1.818192947389624337e+01
1.777798143045770374e+01
2.055480774858780890e+01
1.594568442164023736e+01
1.934862757779667675e+01
2.126613122798094935e+01
1.412938324034769266e+01
2.018090638955091620e+01
1.978631514839897676e+01
1.687905085693504859e+01
1.912059745865072102e+01
1.619420332386428996e+01
2.006438548294603663e+01
2.140246688772420214e+01
1.926859850415107900e+01
1.560253798767047861e+01
1.916153404649838521e+01
2.093307726105494737e+01
2.080879974161859280e+01
1.809329022980890045e+01
1.735423642812437706e+01
1.136075681334683374e+01
1.344162301924861680e+01
1.860324960838909902e+01
1.743174811085105347e+01
2.154748545708677909e+01
1.858924275790399250e+01
1.979472920177446227e+01
1.856970741588603246e+01
1.712385720530683031e+01
2.094082161834123212e+01
1.666102473340968615e+01
1.483874689194612984e+01
1.858913046482961207e+01
1.996696494757733120e+01
1.355005124933302341e+01
1.675619087569262788e+01
1.704589857660264229e+01
1.897701697465804216e+01
1.533420213114925446e+01
2.130300644552699652e+01
2.152788168661536261e+01
1.948781181942504404e+01
2.150958727061575715e+01
1.722988685297504219e+01
2.081994622364616632e+01
1.837577766097655996e+01
2.105104927234604872e+01
2.066876085032829735e+01
1.665965943848689790e+01
1.365010393137448474e+01
1.780947979676691162e+01
1.884875923873010350e+01
1.772576208601784131e+01
1.161305996055107670e+01
1.800202422070865538e+01
1.300134149407707795e+01
1.926208816712227190e+01
1.932943850028769006e+01
1.899110979623898743e+01
1.780313893785886847e+01
1.463843922698097977e+01
1.436890034116726333e+01
1.890848583979313347e+01
1.882360162445830554e+01
2.061574194111781111e+01
1.446008841422412061e+01
1.940863872001867918e+01
1.959759770614675034e+01
1.948728217005172780e+01
1.998251678917859664e+01
1.913740249262272286e+01
1.831767463110333338e+01
1.771033295625752046e+01
1.861461887146865024e+01
1.886473515004691848e+01
1.294727764283104321e+01
2.064800977922573466e+01
1.591847853931100687e+01
1.477417421539245446e+01
1.221324083213741574e+01
1.956872456381445247e+01
1.891545940558488681e+01
2.023035932113674917e+01
1.753613029602335516e+01
2.001106498248867283e+01
2.126639710957801910e+01
1.966413163945580678e+01
1.735201056991329338e+01
1.787610863939138639e+01
1.319710269936119751e+01
1.962937989601061162e+01
1.943533444809368405e+01
2.099542405610763041e+01
1.931092599641965890e+01
1.575917737932126705e+01
1.831192378348221794e+01
1.632360852448351807e+01
1.485584207678021329e+01
1.696641836150208249e+01
1.502267081759741529e+01
2.019648003513584200e+01
1.875866550345053696e+01
1.852161416948146666e+01
2.132996127001675291e+01
1.831552772047824718e+01
1.614146331739910423e+01
2.107872530000467037e+01
1.001381727877719818e+01
1.893009599968058865e+01
1.733631984501990786e+01
1.757481042535718530e+01
1.099486560372360877e+01
1.976901500808807555e+01
1.409337631035983307e+01
1.612354255327960928e+01
1.993451553791493680e+01
2.036605964480367703e+01
1.978953986269376841e+01
1.826261474790900863e+01
1.424108745628501005e+01
1.886852211311894223e+01
1.493590144490162253e+01
1.999453849081238133e+01
1.469200626429995182e+01
2.081076444504429546e+01
1.551722063934599483e+01
2.109242225168469886e+01
1.338203914920667970e+01
1.395199747774047871e+01
1.850438451088999869e+01
1.384904232174853789e+01
1.312171722527946294e+01
1.777546295718230951e+01
2.136141706900088977e+01
2.105813538210189151e+01
1.923651715745329938e+01
1.972109329803257083e+01
2.025509140111161699e+01
1.468990920979112147e+01
2.034227128675039253e+01
2.024710955523992340e+01
2.033211313029422485e+01
1.847443649790134756e+01
1.750232965181126588e+01
1.427489016148586920e+01
1.617519161422358920e+01
1.711937159400255482e+01
1.754882276428374510e+01
1.489463168911986202e+01
1.287621290340776881e+01
1.991744141465909834e+01
2.012017769438313408e+01
1.441375229066508012e+01
1.826678488752736484e+01
2.031981969581255143e+01
2.053293235623452517e+01
1.793327638274730162e+01
1.594240005542338423e+01
1.934762237931692752e+01
1.847816228234790970e+01
1.892548028935074811e+01
1.412954368851004361e+01
1.450519082253116743e+01
1.950118470764694933e+01
1.415527939931188683e+01
1.759759079683848526e+01
1.467988080707415577e+01
1.817149100214339796e+01
1.718255789539091793e+01
1.851911017917876379e+01
2.135457287535898629e+01
1.573810118257621227e+01
1.723999825524537854e+01
1.833533567817516285e+01
2.111489583267907832e+01
1.828698998747371007e+01
1.645198367526595007e+01
1.929057307720263736e+01
2.018087453815601862e+01
2.061126401339278758e+01
1.771881928595484013e+01
2.087346645842875148e+01
1.912865847746993708e+01
2.075866312041085493e+01
1.570702296006949794e+01
1.924633332479644565e+01
1.564999197547536980e+01
1.577687071979227973e+01
2.108829124596038440e+01
1.018592730157713255e+01
1.759528882324085686e+01
2.044459761764140637e+01
1.855491843553182107e+01
2.098039746576821329e+01
2.001459183806646536e+01
2.148663347261764756e+01
2.059864790075366869e+01
2.025508215005475066e+01
1.855690017429836658e+01
1.697125496881112738e+01
1.594346191498581433e+01
1.973765491212860113e+01
2.111456836798859271e+01
1.642910034283617193e+01
1.489430705651823494e+01
1.633096834977812861e+01
1.394944528243364701e+01
2.005443153003878010e+01
1.996066246167468705e+01
1.717969435362018515e+01
2.014531737841360126e+01
1.983429785043721694e+01
2.056350261565954440e+01
2.116172723973222247e+01
1.383361849669683075e+01
2.037575829581485110e+01
1.510229663178882475e+01
1.936585739310270782e+01
2.134299625237302678e+01
1.837731676382063029e+01
2.069730827715327237e+01
1.519287032343697774e+01
1.987395101178782397e+01
2.004847994957166790e+01
1.696805589789235569e+01
2.003090591951157151e+01
1.461776862874597072e+01
2.119950965038831114e+01
1.349328549135307753e+01
1.298766851665659594e+01
1.961084305174545506e+01
1.914739636151792723e+01
1.804462134845105581e+01
1.796586397714193239e+01
1.984347876598518212e+01
2.021228486225373189e+01
1.494284432181972377e+01
1.894426844501851548e+01
1.634828212585532725e+01
1.940296485813637162e+01
1.982048352093433863e+01
1.790213760168040480e+01
2.135630975088084327e+01
2.008898718270972950e+01
1.681897974154414754e+01
1.933007116597794095e+01
1.496921261172875006e+01
1.865487777771139477e+01
1.629504943532582928e+01
1.836031506378815692e+01
1.742682950413130882e+01
2.083926922325655440e+01
1.916614187070249642e+01
2.011786133130543419e+01
1.940336581776461955e+01
2.004394068938556828e+01
1.610284655467023995e+01
1.922991798487504411e+01
1.944626674990946569e+01
1.569115264369050600e+01
1.613318541205754642e+01
1.687267436248354713e+01
1.864945857287584730e+01
8.048074580213988582e+00
2.148562488817259464e+01
1.746642762352354694e+01
1.763215092500451320e+01
1.758284121116143339e+01
1.907214293000841820e+01
1.986729182176586406e+01
2.056068896886779029e+01
1.603108397320734113e+01
1.801957914915152870e+01
1.595599585809094201e+01
1.612867164205360027e+01
2.153880661264479812e+01
1.549427102902916609e+01
1.597285283513922849e+01
1.590018558919311964e+01
1.807300476172727954e+01
2.028932637098751002e+01
2.027856375338506822e+01
1.852243504070527536e+01
1.709884437043536565e+01
1.996965166598766928e+01
1.437071756213532758e+01
1.963414281830773334e+01
1.787442957087058915e+01
1.265818117991985403e+01
1.722176340504696412e+01
1.847443649790134756e+01
1.491378972290665494e+01
1.662352449986261149e+01
2.044670900378066847e+01
1.355387083148718119e+01
2.145536453785322806e+01
2.157810108468899202e+01
1.969596904551720939e+01
2.129199092151637629e+01
1.336803690434668468e+01
1.929486829534899073e+01
2.005986710031219644e+01
2.067581057575553771e+01
1.536706413378004221e+01
1.861699317259349584e+01
2.147525322307254925e+01
1.555478794848411539e+01
1.605582076975819916e+01
2.019564428000664691e+01
1.503042412161408592e+01
1.973703720218988877e+01
1.717397523139782933e+01
2.056359059509161824e+01
1.137810923785388795e+01
2.020897829568877668e+01
7.619907695237337464e+00
1.953988831461929720e+01
1.728362863015802731e+01
1.981826999621641860e+01
1.717853517955936837e+01
1.968696946102591738e+01
1.501077126667695438e+01
1.462930167336742571e+01
1.837090475668834344e+01
1.416738641894639628e+01
1.524334874665985140e+01
1.942890003125354070e+01
1.455534213463152682e+01
1.649641374377704750e+01
1.390872101796508176e+01
1.983495750585428397e+01
1.669883313926587576e+01
1.341705984195384005e+01
1.525344482414421066e+01
1.822638038604629429e+01
1.960973283699364345e+01
9.170046871768679608e+00
1.863486953099391030e+01
1.770039298792737270e+01
1.826523887135223845e+01
2.118901438391019454e+01
1.919508290957123364e+01
2.065568557868579447e+01
1.895555423080323720e+01
1.488819540909146255e+01
1.520699583623442130e+01
1.485980539737686357e+01
2.002297959914159264e+01
1.808374968126845772e+01
2.131396816238654068e+01
1.339396320292923548e+01
1.466211252777631913e+01
1.799113180532185297e+01
1.456755059803149877e+01
1.750068209810941511e+01
1.974326943029578985e+01
1.814196304037508867e+01
1.873570324666300024e+01
2.022883273709893714e+01
1.686018168147013441e+01
1.778611232286301558e+01
1.459161302432091567e+01
1.851628004613732159e+01
2.105148969483872889e+01
2.016389368076471555e+01
2.066949558755815985e+01
9.091974817209349524e+00
2.117942631977263090e+01
1.696179983746287689e+01
1.692507753522475511e+01
2.092454629107182384e+01
1.516330347325977002e+01
1.820857473021101924e+01
2.040720312088006949e+01
2.131033147807742623e+01
1.607520217230857540e+01
1.699977371519630154e+01
1.922898495697512544e+01
1.694308747704361195e+01
1.819107742586404797e+01
2.092454629107182384e+01
1.583074472844407410e+01
1.864095804044225346e+01
1.475495177500646804e+01
1.551957587409880190e+01
1.274001682221819820e+01
2.074445744244019352e+01
1.631098441518194875e+01
1.748991046109691538e+01
1.942097628915394125e+01
1.449496653122605316e+01
1.746578338660451024e+01
1.924906277358137885e+01
1.745172281536169834e+01
1.546443164864957787e+01
2.146132361559894619e+01
1.482598886236271163e+01
6.303631551864806504e+00
2.120100403884123352e+01
1.743916877440906887e+01
1.631634778841353750e+01
1.338559987608001833e+01
9.341676673792891350e+00
1.453025375024342303e+01
1.990155938479415809e+01
1.531876499100996014e+01
1.872085000387453135e+01
1.721094734251020242e+01
1.353676218363688477e+01
2.042071673760237260e+01
1.920494751109274745e+01
1.477888886009111502e+01
1.823192110765922180e+01
1.614071952765174345e+01
1.946365469512558022e+01
1.865695694959356032e+01
1.397969373973924512e+01
1.524507783763392688e+01
1.639571314016624726e+01
1.925239557115170896e+01
1.584463375423872122e+01
1.990181024397795539e+01
1.587063003581127063e+01
2.009034133262933608e+01
1.755176042297442862e+01
1.928272276154590514e+01
2.011794537077470579e+01
1.411507012968080410e+01
1.299502891073600708e+01
1.682178558946079860e+01
2.046644433506720517e+01
1.654648079370620195e+01
1.542436869210336248e+01
8.048074580213988582e+00
1.841050819008633610e+01
2.001459183806646536e+01
2.106988809948736474e+01
2.139428395956095841e+01
2.010052434951058231e+01
1.848149042844769951e+01
2.124935569270134650e+01
1.472572345847031627e+01
1.985582356443795504e+01
1.602925120214528931e+01
1.865687415727506959e+01
2.002228936013706928e+01
2.003242090724190660e+01
1.772088809314939795e+01
1.618867863947390262e+01
2.082020939828267814e+01
1.745059247142887671e+01
2.133521633707856680e+01
1.862465563655223733e+01
1.629011034712220507e+01
1.969113369272080760e+01
1.424612602409102990e+01
1.989417792855098099e+01
1.645457277678206509e+01
2.082742062978353559e+01
2.151635558268636572e+01
1.707056562104992281e+01
1.336803690434668468e+01
2.012458998471279870e+01
2.133322139588921473e+01
1.072571809285896371e+01
1.968133037431834964e+01
1.972330583070382914e+01
2.138308344104897074e+01
1.707084500991835796e+01
1.614781146814087975e+01
1.711667552942513382e+01
1.409575259637388456e+01
1.806349957079551416e+01
1.924507061867168645e+01
1.626066383612414512e+01
1.607951322421833140e+01
1.578195443062729808e+01
1.882731902362344556e+01
1.206487920050940232e+01
1.993187642333289844e+01
8.236066259749238228e+00
1.829412862987253519e+01
1.631749253442669811e+01
1.980558250026113498e+01
2.091259265184846328e+01
1.913931639578685662e+01
1.780406765886332110e+01
1.883744216292188156e+01
1.997387269489194139e+01
1.789096542956839286e+01
1.952995181017916337e+01
1.551160999864277024e+01
1.623347333924483493e+01
1.872848882773498502e+01
1.676066554454121516e+01
1.267270236260666394e+01
2.024971047072698838e+01
1.390471302535697973e+01
1.864206291323375098e+01
2.094998355212295849e+01
1.452746080138428653e+01
1.730831142416652568e+01
1.990408784707057066e+01
1.798797359173971344e+01
1.395962717574437661e+01
2.085955025466031643e+01
1.427708941039103685e+01
1.979470380915733685e+01
1.925081757136217675e+01
1.645358933277976732e+01
2.105067225777839468e+01
1.741606767960349700e+01
1.674784724207556152e+01
1.604065560437436133e+01
1.973657132149462967e+01
2.128106677176515404e+01
1.936926584415870067e+01
1.989310490351910232e+01
1.772478638814807894e+01
1.861524457684579659e+01
1.639529136936569387e+01
1.822347750400603772e+01
2.152687288706016133e+01
1.617008007604342978e+01
1.967091266715441122e+01
1.550261672648819022e+01
1.854090700590187879e+01
2.016866108812186198e+01
2.139069203589922097e+01
1.583878130210152335e+01
1.469627428569160443e+01
2.143585168322358570e+01
1.907625672560142505e+01
1.369477840405920865e+01
1.508320959248898774e+01
1.922288538647553224e+01
1.381235880140035910e+01
8.182383358735812351e+00
2.050151145600171532e+01
2.024715331812902974e+01
1.094772816427712669e+01
1.833519455338165471e+01
1.686289033683452843e+01
2.148903767605458626e+01
1.451861230561779514e+01
1.896550485307349732e+01
1.650765487290929912e+01
1.818926533527303846e+01
1.958317704635917877e+01
1.878206127358562583e+01
1.805069895070655051e+01
1.866263162747792848e+01
2.154034278486092546e+01
1.926329420064989861e+01
1.934012841902722002e+01
1.439946715379968012e+01
1.897154081446633000e+01
1.530828382096767193e+01
2.133521633707856680e+01
1.894824298118756900e+01
1.791462407336623031e+01
1.791618566321500339e+01
1.419582378390458643e+01
1.960995575787818623e+01
1.800082625035127393e+01
1.727952420290100832e+01
1.735201056991329338e+01
1.960999865026413147e+01
1.641371421477315806e+01
1.845441366481817980e+01
1.920365600008634743e+01
1.492859717629558602e+01
2.036387161917572541e+01
1.427383528691995096e+01
1.427571132143579291e+01
1.286206170625501599e+01
1.763820247305898548e+01
1.683494139407570955e+01
1.959297583937160780e+01
1.890506531521565847e+01
1.739480063996223080e+01
1.679946364481559584e+01
1.497869056067455062e+01
2.152428286435527127e+01
1.152339394224249425e+01
1.889363568854180642e+01
1.950954271610606128e+01
1.801957914915152870e+01
1.331485640053224806e+01
1.673437392623603515e+01
1.902309936640750010e+01
1.981140666659376137e+01
1.613835061305191232e+01
1.819276696080073918e+01
1.925765561223821010e+01
1.870037304698966452e+01
1.619188694227447201e+01
1.883643083177497601e+01
1.891790777759374720e+01
1.443685908900577530e+01
1.400076982080117816e+01
1.772576208601784131e+01
1.720101441717975632e+01
1.825780513098849411e+01
1.572986818892667671e+01
2.036040998285961123e+01
1.418584882892707810e+01
1.369028211550034690e+01
1.890811473619553595e+01
1.920437904356336745e+01
2.146792818787564272e+01
1.524486225645781090e+01
1.541830878466596211e+01
1.505289855641891705e+01
1.851559454452220876e+01
1.592233874668028193e+01
1.437756212565924052e+01
1.397711318782473811e+01
1.981087562185994244e+01
1.583878130210152335e+01
1.830358990160710775e+01
1.515792315073180063e+01
1.814357359181940410e+01
1.513236053867069941e+01
1.877868797513784926e+01
1.649888076628604949e+01
2.126580407163697117e+01
1.196104490832873957e+01
1.668474082629727917e+01
1.913160757713273341e+01
1.537508735788067682e+01
1.768861436331459558e+01
2.147373708330491837e+01
1.418288343071491653e+01
1.993790970539465590e+01
1.822383586752898310e+01
2.026848296750373635e+01
1.647838023813804398e+01
1.968310295051665548e+01
1.801529420718243912e+01
1.801437635345430976e+01
1.906526577288321889e+01
1.766093021874834790e+01
1.151655544527190678e+01
2.003887547369420830e+01
1.794206423942258155e+01
1.960721280535372557e+01
1.921624313128429051e+01
1.656724229787684166e+01
1.841287870896522350e+01
1.933561012108224730e+01
1.987574612015237463e+01
1.627479369155345168e+01
4.897978801118362036e+00
1.601770340938861281e+01
1.759130009187698818e+01
1.453623857002394004e+01
1.469955996089500871e+01
2.084695779710030905e+01
2.034227128675039253e+01
1.956858932263761375e+01
2.050151145600171532e+01
1.517101074377611702e+01
1.553318558606810385e+01
2.153421835777242421e+01
1.775580398513105607e+01
2.060292885916660666e+01
1.907026888325854230e+01
1.399647429076028438e+01
1.707686878612688730e+01
1.850795819747485638e+01
1.706054450196391770e+01
1.409651704738101863e+01
1.819662044624015351e+01
1.987112418257947510e+01
1.507617572673436612e+01
