4.549202740429680479e-04
1.027259230703188309e-03
9.691982339638922049e-04
3.725085934750133466e-04
4.712493168499728817e-03
8.382872989674335518e-04
3.087301078636218500e-04
2.228470583365872726e-03
5.054607994436113557e-04
4.486335937712009211e-04
3.470260029351031231e-04
2.036851980295037532e-03
6.200810088725212900e-04
4.559851520387623908e-04
1.727284965354332000e-03
1.174613543036143529e-03
3.358953467129236251e-04
6.287457337628957112e-04
4.105474833449789885e-04
1.232875994739071959e-03
9.553567316595715578e-04
1.443563391279963646e-03
4.708942177729401649e-04
8.566878647817896542e-04
3.392259672804531171e-03
1.250593143929633767e-03
2.481979638271768814e-03
2.272982867712528780e-03
3.025959574253103343e-03
8.299942027016331703e-04
4.714930847164945822e-03
1.377071681552759436e-03
9.389885205667281541e-04
2.787590020843947825e-04
9.710587499713530446e-04
3.254520048410775176e-04
1.539183819279910364e-03
1.249872112272834438e-03
1.951918999652069804e-04
3.389034081497688017e-04
8.461147943544719812e-04
2.315707419804779229e-03
1.026466122656231710e-03
5.043936920740312285e-04
4.994883830121200387e-04
5.054607994436113557e-04
8.298785892168155688e-04
1.077061708491617621e-03
9.920054596762489015e-04
6.669862249589568991e-04
5.952725278626831533e-03
2.161779597055648694e-04
1.607471101108755556e-03
1.088779864515171478e-03
8.168288719603082311e-04
9.083706766407577795e-04
2.150108736357157074e-03
3.738911308490388001e-04
9.455858264796549850e-04
1.380376027920624579e-03
6.492083258804826149e-04
1.139504968759131893e-03
9.505612669420097785e-04
9.178521295754561932e-04
5.757177099516785045e-04
3.735421143985886202e-04
1.461804432561765411e-03
1.141800888327460309e-03
4.262654204537602944e-04
4.378966440244253791e-04
7.896736969483689845e-04
8.971125493448216248e-04
7.804326988123583058e-04
5.631627651307743575e-04
8.657517681196208589e-04
6.892585616395633004e-04
1.202714850507714513e-03
5.311152707761197063e-04
1.483947078704277037e-03
1.742177547995605409e-03
5.284192036171657956e-04
1.380081242805166830e-03
3.976641382065538330e-04
4.229301557703649952e-04
7.317381469277508968e-04
8.061005572652964321e-04
2.699262815817099655e-04
9.683867114806673582e-04
4.486335937712009211e-04
8.130835339065330602e-04
6.582642149495314659e-04
1.411688248218842317e-03
2.076337868486315564e-03
1.252737285068244479e-03
6.098418535382418935e-04
1.133044585961324536e-03
5.340096877271990851e-04
1.805263111051854654e-03
1.113103210433367182e-03
1.217765741076858726e-03
1.416206241758149239e-03
4.086055489302514959e-04
1.238165578406284079e-03
1.610801812335610483e-03
5.505834118240038669e-03
1.053261583730902371e-03
1.193617493338724155e-03
5.441933496828986298e-04
1.086720785074215710e-03
4.118698141748312154e-04
6.612150990418799940e-04
1.369248032232707815e-03
1.007506546729549464e-03
7.043000593909182032e-03
4.802592403632291820e-04
2.782367632271059836e-04
1.514349349420852182e-03
4.456192374669286252e-04
9.227217322171475276e-04
8.298785892168155688e-04
6.475222984948343034e-04
8.074396124064131975e-04
1.726794921568660388e-03
3.203540115183907497e-04
1.340308401750338850e-03
5.826848296609523324e-04
2.449902029133115304e-04
3.930788129431957178e-04
2.020890116756588351e-03
8.317103195162235283e-04
4.804152022986180027e-04
9.066543024359662549e-04
1.086720785074215710e-03
9.051991785265449788e-04
1.180243202971008581e-03
1.302965096651560349e-03
1.517310719785484700e-03
3.502589905580138618e-04
1.406340277780484226e-03
5.710256164769537566e-04
7.067253197792097924e-04
1.113479383161198200e-03
4.523740767281030539e-04
5.073406457778651063e-04
4.599847226328934442e-04
5.426368839930064943e-04
8.992450472509945806e-04
3.558466815196723964e-04
3.276233975336152152e-04
1.596555306863504595e-03
2.819321551595427495e-04
1.165486679482838133e-03
5.877327749626598975e-04
1.021679316826370858e-03
4.331644552119094421e-04
2.312269243829170927e-04
4.536367918226584853e-04
6.592102149209014142e-04
4.885264331748030795e-04
8.465192641947430182e-04
2.790938868914284894e-03
7.455116228369779814e-04
9.211069198507906841e-04
1.018494055709005764e-03
3.430951230613015889e-03
1.589802854513716049e-03
8.579754026525118890e-04
2.981955601958118985e-04
5.382069182607857180e-04
7.668285494632068105e-04
7.567732264275319701e-04
3.959590543604079205e-04
5.922863699040144562e-04
1.063295467620137399e-03
1.890962625913352770e-03
8.461559236828846472e-04
8.416299665501004697e-04
9.705278288497184601e-04
4.019983005074921904e-04
6.578218448199697884e-04
4.196415677639256663e-04
5.664502886330742386e-03
1.149422878861702151e-03
2.436967808699497511e-03
6.736634826632798044e-04
1.164975608327100016e-03
4.785905015198243509e-04
6.026710515297904617e-04
5.957431537624085453e-04
7.956496719391719990e-04
8.841905914874528512e-04
3.433724827757926416e-04
1.915284115052245245e-03
2.548770037996757223e-04
4.436605187820752048e-04
3.682662862086092358e-04
8.627373132069116090e-04
2.054782329232722037e-03
4.763574556842305359e-04
1.103123834681113196e-03
1.489117590942131471e-03
1.050557528492220396e-03
9.773720888498491424e-04
1.014156568299523758e-03
4.982257393724636796e-04
7.014097387166600599e-04
5.518520116041043160e-04
7.836854363808252490e-04
1.666220616385857443e-03
4.919351739409391112e-04
3.404892069087537740e-04
4.587509550554638152e-04
8.160259860353297288e-04
8.191520240204845692e-04
5.355322548084106129e-04
1.741237807431340401e-03
2.047697762374583400e-03
9.350363513262226547e-04
3.756274121947110489e-04
1.742177547995605409e-03
6.987522516599584642e-04
1.073918735279907584e-03
1.735422566489484581e-03
5.795815824520784499e-04
5.464069097581534000e-04
7.369605992578434801e-04
3.726804343409522726e-04
8.530752228931331093e-04
5.229663663834634244e-04
8.119697574924894740e-04
4.859439704386053619e-04
2.708455672818592635e-04
9.831521585668750660e-04
6.488659855790866477e-04
6.008052624236560934e-04
5.538289513713388294e-04
5.127049059029497712e-04
1.073836360017724288e-03
3.727043270552169623e-04
6.371857298345761159e-03
3.986092310622278549e-04
3.301545706863300445e-04
4.439785604803707570e-04
6.877651980120038332e-04
1.071702752319402419e-03
3.711646764762136733e-03
1.214338995581605574e-03
1.308989813550485428e-03
2.973090037405910031e-04
6.239545611794577442e-04
8.695818137991406186e-04
1.170225473053060046e-03
8.427467502921355070e-04
8.263751486416038693e-04
1.227498731606711671e-03
7.742068617622319343e-04
5.525250633053766739e-04
9.895963283989334027e-04
5.497573733623934127e-04
1.472767973527843886e-03
4.289738467458166331e-03
1.745264490582059628e-03
5.581088251801061880e-04
1.043933260272167894e-03
8.501920125002956604e-04
2.546214581259642184e-03
1.327046408661779458e-03
2.513710497424754328e-03
1.232875994739071959e-03
1.079973313529871033e-03
2.973050527552907368e-04
5.689092413034449285e-04
9.708565260652919984e-04
8.938912315273014105e-04
1.155558129363239844e-02
1.698339664636127917e-03
1.674960994219547045e-03
9.436041461136367202e-04
5.914783144100077853e-04
8.526248899208008561e-04
3.803365127684119312e-04
1.287397389039913803e-03
2.934739576230615643e-04
3.218389178810422951e-04
4.399628414676149475e-04
5.519657153008905321e-04
3.542902286527577498e-04
1.782193360152218220e-03
7.790402874999754817e-04
8.384263362234645146e-04
4.060743160192087690e-04
1.225143149604300454e-03
7.276222434604801090e-04
1.075053623559548907e-03
6.394931948126311803e-04
6.129488446462227425e-04
1.021297519487470622e-03
1.599099109383156272e-03
5.865645117366850674e-04
2.821418005646015572e-04
1.380913206313875161e-03
6.440467296301364804e-04
1.139504968759131893e-03
4.065982437453915317e-04
8.530025124408000285e-04
6.120082939836099566e-04
1.068611856296485668e-03
9.739614946674383803e-04
1.065127354548603715e-03
1.264933394874912919e-03
9.590016012126432706e-04
1.977779711096595925e-03
4.005114416466783091e-04
2.394775626190589861e-03
5.734973722146621562e-04
8.400620181375846769e-04
7.804747279021877118e-04
8.528936182049601722e-04
3.022039845514788302e-04
8.293143685952095254e-04
1.548994391980948286e-03
3.560298921070932242e-04
1.966191162960636684e-03
3.181025318384513283e-04
3.549199672416644561e-04
7.698306065197938006e-04
3.889079578938083818e-03
3.381332359935459498e-04
8.843944605944707021e-04
4.463264345914226181e-04
1.754819626684074770e-03
5.082706889218933932e-04
7.254670349789881694e-04
9.451976664176072384e-04
5.260891994249522301e-04
1.696077299687745151e-03
7.135532703146158688e-04
1.973211568204844609e-03
2.929192880470094678e-04
3.815240804943195990e-04
1.097285685813075744e-03
7.770769211175098745e-04
1.054719916168808972e-03
4.402036217541436809e-04
1.258066369750004878e-03
1.162461537145542288e-03
1.314232254199687372e-03
2.992088473099650554e-04
9.487173761240769426e-04
6.907666413012501609e-04
2.237757574561315133e-04
4.713845088161781405e-04
7.163029796219032774e-04
1.088326323269042748e-03
3.325627788315799194e-03
5.535849791078295123e-04
5.070316665749083525e-04
1.028835116126770822e-03
4.939252113259663679e-04
1.227059865742978571e-03
8.874552995637605092e-04
1.041482661813669663e-03
5.732120872426778443e-04
7.628272428104966368e-04
6.736069401599958494e-04
6.401983712712261366e-04
4.720824207338263838e-04
7.897789995683968979e-04
3.759172485853155528e-04
6.193154021659845986e-04
6.882703512521315967e-04
6.590519882233214412e-04
3.309862196047163750e-04
1.207858226239153952e-03
9.113771583926175970e-04
4.670108549049181951e-04
6.190159265210397896e-04
1.820068583612670550e-03
5.191229632064059190e-04
8.838436110133255892e-04
8.971125493448216248e-04
1.890459503203265881e-03
1.416109155103782062e-03
9.159638934833662849e-04
1.049736567157170302e-03
8.042711975900252450e-04
4.528136751844313575e-04
4.457026149891830827e-04
1.795193880831796006e-03
5.415516535536651042e-04
6.754276779825834146e-04
4.993907680913722445e-04
2.969999008245217953e-04
1.234100271372321009e-03
9.693757993160602481e-04
8.313549215103839193e-04
1.424260318909038392e-03
6.226594326612591365e-03
1.376241409547800023e-03
4.746678626698263214e-04
5.286469501442176647e-04
7.844251966247523401e-04
6.012959833545310044e-04
9.922627651584282026e-04
6.299522249880837484e-04
2.623679597866108038e-03
2.162325969003541567e-03
5.574891629586798498e-04
2.464838127939324511e-04
1.147372393226582608e-03
1.104701111688326416e-02
5.298938133104745540e-04
3.336490550659516256e-04
1.619723417016199346e-02
2.464734671316963065e-03
7.337899549093152398e-04
2.197253198155287024e-03
3.983557863789814399e-04
5.436942863265407672e-04
6.553818077260622696e-04
3.444716075627186165e-04
9.477319021430845704e-04
8.475078972215448377e-04
4.196250416452895066e-04
2.176924828232671902e-03
5.389871502999721157e-04
1.615549287683989673e-03
3.680623385241130392e-04
3.443655184844403457e-04
4.022442014291587866e-04
9.498822511777916568e-04
8.407918049774259920e-04
6.677632630294105722e-04
4.276896556286716644e-04
9.648343400047441117e-04
6.507124549222947267e-04
4.485258515707120776e-04
9.401848837526600782e-04
3.383158265156661860e-04
1.890740812442137566e-03
1.767765983153369615e-03
1.353456705649164378e-03
8.776459423832465561e-04
1.552479304075829025e-03
3.561533190169020912e-04
5.388582525561837807e-04
6.129488446462227425e-04
3.957226173754464912e-04
6.243378022366760302e-03
6.818051745382213953e-04
6.681935615044633453e-04
9.879738316714221143e-04
8.673355537832537401e-04
7.092183076198670371e-04
4.127058764655370561e-03
5.576954488861930606e-04
1.178815760005643212e-03
6.811662078197003355e-04
7.298717739403909333e-04
9.765723540471357364e-03
5.972584223579697040e-04
1.219779974237563281e-03
4.721579563119957510e-04
8.697662886275889585e-04
4.911039168829115040e-04
2.632222125248226321e-04
4.542401108588415442e-04
2.465615673306329522e-04
2.056720747425689645e-03
5.673607568011609535e-04
4.756514582386421304e-04
7.694289444077544258e-04
1.005566347805433814e-03
6.113091867056767281e-04
3.400752162114158627e-04
1.688366030777555590e-03
1.692552140312025399e-03
7.416932050078326247e-04
1.023530787122129337e-03
1.141507027006698899e-03
8.920950165266022195e-04
7.117709543414603738e-04
4.393542269836826449e-04
1.712106407754917202e-03
6.501119296364628449e-04
6.782805775399196064e-04
5.540809402924658320e-04
3.450346624154834990e-04
6.047018128989844771e-04
6.287457337628957112e-04
4.696711540711645278e-04
5.421722649255358807e-04
3.172259611947183546e-04
5.026885457762024934e-04
3.921529960008046135e-04
5.477363329325075740e-04
3.794034504254948617e-04
9.416991739146974736e-04
1.113572999517731124e-03
6.570947639880608511e-04
1.113479383161198200e-03
1.833514529881973432e-03
4.555796782136287137e-04
1.031880126131200963e-03
4.206221181995990874e-04
1.337908345788111101e-03
2.857853612190456574e-04
8.476260800541050335e-04
8.031769174780794673e-04
5.582058368710573560e-04
3.417687894600419333e-04
4.931879810053374762e-04
3.868026769736690180e-04
4.358720158246544296e-04
6.190994935967460665e-04
4.594522768024837710e-04
3.156185354463801997e-04
5.452473857335255305e-04
2.469287227701271598e-04
7.875107811097122306e-04
2.189546509128697377e-04
2.847134960476958680e-03
2.215912974617979640e-04
1.282980131194403619e-03
8.752723337096386625e-04
1.675334963830772250e-03
5.702129852692479784e-04
2.464838127939324511e-04
7.150585451193773416e-04
4.630453030308725126e-04
3.122797029194910017e-03
6.766823070509229467e-04
1.514349349420852182e-03
1.170308651249279660e-03
1.312087639384453995e-03
1.209779842212309244e-03
2.603649993947091497e-04
6.052994444765151701e-04
3.591424083183945154e-04
5.230657974519970898e-04
7.305986498581999678e-04
1.490439011286453412e-03
1.703644247397991234e-03
1.036647349703003450e-03
6.043793718092372019e-04
4.912142773538751266e-04
4.279862027008782092e-04
8.382633138935759610e-04
1.461094043802400964e-03
5.605135781430321514e-04
4.565885788357549485e-04
4.468352568838091735e-04
7.517319937721654187e-04
2.162325969003541567e-03
1.806988009925960485e-03
1.760854685024997078e-03
1.711314177062742744e-03
1.816886778255968980e-03
8.797875055877020598e-04
5.914607191300229241e-04
9.763544319456804194e-04
5.263133890476285725e-04
4.194967377860923615e-04
3.444284569555445597e-04
8.779932929734675156e-04
6.394932533208610168e-04
2.607078004106981118e-04
1.637594024394747536e-03
1.130755206895418981e-03
3.548694267919550935e-03
1.055476351755509773e-03
4.823054523102516394e-03
6.504836735152506096e-04
2.159480720861829076e-03
8.130835339065330602e-04
3.703403528421129304e-04
3.012549090314151773e-03
1.274797915119896350e-03
6.869213397404243292e-04
1.145828633919852802e-03
7.460613381346146121e-04
7.998860854869441076e-04
3.386419835103671541e-04
2.072273119361222205e-03
8.099386090654501569e-04
7.707564257040704558e-04
8.851861780638783581e-04
4.449838396227901089e-04
1.694058486971598701e-03
5.436065778320165820e-04
3.961067269028382878e-04
2.270063494666460253e-04
1.061080730189771547e-03
6.428042188716007145e-04
1.334524688703305449e-03
3.325627788315799194e-03
4.614615821771735809e-04
6.383547182273747577e-04
6.190994935967460665e-04
7.824171386615373170e-04
7.624304203828314403e-04
1.146772754322883132e-03
1.091375553816759493e-03
1.227498731606711671e-03
4.363338669430364683e-04
8.839836021476315305e-04
5.056128444902453214e-04
8.630840797071902487e-04
4.423395577378692704e-04
6.179958549117528076e-04
6.242737365819989040e-04
4.069043644772038222e-04
1.193439494038864854e-03
5.337001393115921180e-04
1.080705307051935474e-03
5.574771811669005078e-04
6.186553282303134445e-04
6.826088324525954841e-04
2.356506168825667821e-03
4.033049066515760270e-04
3.450989518905188901e-04
6.417980506077563315e-04
1.375767945021394000e-03
6.731168139544141480e-04
9.220017490059836300e-04
7.707564257040704558e-04
6.233393303035814591e-04
4.946787319142940606e-04
7.808873448381520310e-04
5.423450580131766860e-04
3.889201160433490394e-04
5.333444189269258588e-04
2.379196487313596845e-04
1.807191427255407795e-03
1.445225938102004132e-03
1.116825642977135619e-03
5.375842894986031717e-04
8.033747097619538908e-04
3.760010270001572577e-04
4.812717856014869333e-04
3.057944416118038404e-04
9.879738316714221143e-04
1.005397501934575171e-03
1.178815760005643212e-03
4.288557736761234511e-04
2.790404920659228234e-04
3.952985349209049161e-04
4.685460300028649618e-04
1.306123921891349897e-03
2.163548267322979726e-04
4.804249149049977566e-04
2.233005854525480904e-03
4.341368481378280408e-04
4.126494247591716417e-04
3.437608078226940100e-03
1.044803689678906614e-03
1.743543038508328213e-03
1.121715389797155833e-03
4.659251387804826659e-04
9.640710231741689024e-04
7.387714936105232695e-04
5.413633011256443854e-04
5.666664068864846410e-04
5.788168545184282487e-04
1.522681915732305860e-03
4.946479318331271219e-04
6.187767957605487361e-04
9.279663823874601414e-04
1.322913410978461329e-03
4.942987299904412534e-04
6.891891889688833922e-04
3.031166731304496304e-04
4.665661149369189960e-04
9.009026897039763056e-04
3.490901169143500885e-04
5.268907257098415231e-04
4.447476117651670644e-04
6.656861630804016905e-04
4.135051244188440891e-04
4.079896716810337497e-04
4.005551059777747629e-04
6.808161010438584966e-04
7.732777943405261386e-04
2.515828707024485951e-04
3.784352104476818956e-04
1.405459245471805388e-03
1.517542694164005553e-03
1.006145868060323665e-03
8.037051971402617333e-04
2.161256591785255744e-04
1.298505383447264754e-03
9.381429223213239065e-04
1.236379187937852253e-03
7.291201310090049533e-04
4.388210765278241087e-04
1.077061708491617621e-03
7.462966364321989591e-04
1.020802484596235009e-03
8.501662974027067009e-04
4.171469072878913756e-04
4.561951251633948991e-04
8.854154832743487812e-04
6.670172899249490663e-04
1.109749584810641254e-03
1.845974371445073493e-03
4.064064440832682035e-04
3.499797983927789092e-04
4.174831143964039307e-04
3.623611161035840043e-04
8.529489187176279808e-04
8.440181640663215997e-04
3.260918579245231227e-04
4.780989304769470540e-04
1.075828402450052694e-03
4.290710845012868802e-04
6.945612104892216537e-04
2.030987196222834199e-04
6.108197630479607213e-04
2.200517874745136493e-03
1.124645966375547798e-03
5.960209622996391187e-04
5.019940420666159971e-04
8.478703445449332996e-04
4.166782713390089574e-04
1.155558129363239844e-02
3.361687709870933116e-04
4.136371311255445152e-04
1.483186230018026380e-03
3.787681352129030244e-04
1.257678852981478556e-03
4.637457139668505922e-04
1.012329132653015272e-03
3.153986012681407906e-04
3.074924320697924635e-04
2.530128819963431441e-04
3.395107671297112155e-04
4.612357683635267733e-04
5.657569431555486104e-04
1.155445917640480916e-03
6.224815713638457001e-04
3.855466607110700139e-04
1.146772754322883132e-03
5.532455198420902246e-04
6.019902569892982783e-04
2.959978209590744761e-04
7.280194765160152284e-04
3.203359554440283856e-03
5.546115947398492672e-04
8.175790409161369336e-04
5.214920599880681429e-04
3.325810628540985868e-04
3.777318307907215561e-04
4.310349538766331781e-04
9.278429430077551193e-04
1.780336431505110057e-03
3.119446845719422989e-04
4.914024804102643538e-04
6.009699586551436835e-04
5.081195291710947654e-04
4.043584418740654371e-03
5.909721172398387607e-04
6.681935615044633453e-04
6.094025493283652299e-04
5.905894262965726742e-04
4.804249149049977566e-04
7.899532280324634941e-04
1.175308524962388572e-03
4.468724574988263039e-03
5.877327749626598975e-04
4.634058477495454345e-04
5.374413991097472514e-04
5.047496063483323039e-04
1.236379187937852253e-03
5.439198494396245637e-04
4.241652611376470444e-04
1.056465323937858880e-03
4.498191530323652739e-04
1.364955436926733020e-03
3.961880885872020360e-04
4.828940019305484285e-04
6.188566832190505471e-04
1.427686576540564698e-03
1.067663395785211841e-03
8.870848611605372004e-04
5.882861418821919066e-04
3.639278455141402020e-04
7.553567875749069797e-04
3.003552552259576981e-04
1.584677835685187114e-03
6.963532992775698814e-04
6.111362626575443397e-04
3.270846685958211778e-04
6.736634826632798044e-04
8.359454912461014619e-04
4.412948106380895391e-04
5.238317219627120457e-04
4.430678235329346681e-04
2.236787483451861073e-03
1.301759773123783732e-03
3.619061526046961331e-04
5.909721172398387607e-04
6.589582412633392377e-04
4.905989229676493242e-04
5.436268769251948558e-04
7.956496719391719990e-04
1.393040544260260027e-03
3.450471222195536695e-04
1.113103210433367182e-03
4.370007949577885045e-04
5.184783826217590971e-04
4.969795373708412248e-04
8.382872989674335518e-04
7.677782908820535721e-04
6.336871038553297921e-04
4.830133134996620670e-04
6.896771348559223042e-04
2.163267500175432723e-03
7.248213875442789536e-04
7.483445516599913049e-04
5.033034345077727276e-04
4.915612056354212939e-04
1.580343498161951039e-03
5.621547019072725779e-04
4.465199912505163327e-04
8.693929618381714738e-04
5.809320949548682283e-04
7.191079386908603641e-04
1.184627747934485342e-03
9.105876367120023778e-04
1.129348278687975328e-03
1.087592839479414441e-03
5.924529618446852100e-04
7.503577102037080164e-04
7.166916394255873346e-04
1.017580771603750212e-03
5.176025200802409536e-04
5.252176371656677983e-04
9.725503892151063021e-04
7.550341911605872730e-04
6.038968707763192481e-04
3.166586084343950324e-04
7.756824400407537042e-04
8.834313428823790167e-04
6.113682134195408749e-04
1.977779711096595925e-03
2.130830736710358578e-04
3.322935167391756440e-04
2.379386442069373990e-03
1.638130201561956807e-03
3.250823626913833036e-04
1.217772253831308181e-03
5.457183462119252803e-04
2.062579685068629794e-04
1.153908419030392563e-03
5.722144962922184018e-04
2.476459976505576786e-03
9.625805638467941142e-04
6.106692212379673896e-04
1.483947078704277037e-03
7.183479940609505641e-04
2.876797273813697033e-04
8.632328357078654498e-04
3.721839067405930887e-04
5.634494052857598597e-04
1.432931242444714830e-03
9.710906011029443036e-04
1.607599686816767659e-03
6.098418535382418935e-04
8.969925131111938267e-04
1.159872698045911164e-03
1.053700878550915040e-03
6.018039053271797981e-04
3.587555290208602025e-04
1.641526169996101537e-03
1.847169977439060747e-03
3.977061352009454947e-04
3.787681352129030244e-04
6.474351011051267908e-04
9.032464466048477402e-04
4.284401388636220284e-04
8.404255987878672760e-04
5.330051510001906738e-04
4.439354407109692485e-04
7.133734083450853948e-04
3.218389178810422951e-04
1.771510050395070073e-03
2.102519161836759014e-03
2.691183767762276159e-04
2.023626558097615588e-03
8.494660169245755663e-04
3.777318307907215561e-04
1.499486252754355384e-03
1.581893375516505926e-03
5.084647657621635614e-04
5.658210427083210266e-04
3.904264720676070425e-04
5.299991804031049629e-04
6.898909188393473509e-04
2.380855381858145933e-04
5.852537609375969927e-04
4.850474369288640809e-04
7.165097563555165687e-04
6.879963444978022102e-04
7.117709543414603738e-04
1.638518467978864477e-03
3.616144239501714749e-04
6.311052246256229755e-04
7.299618290535916194e-04
6.994425467786824328e-04
6.003778288756316797e-04
1.376541784289521137e-03
6.429861146935010206e-04
5.564120698305942674e-04
2.752113742173334225e-04
1.067024605230086718e-03
1.323545855528761740e-03
2.296709904400302989e-03
7.394244637499335559e-04
1.748190736538371036e-03
1.017875976952950295e-03
1.837110069288706588e-03
2.383000671747359696e-03
6.577689069545705628e-04
1.180136662821955557e-03
5.918016571741556778e-04
2.856525445224121951e-04
1.067663395785211841e-03
8.343243500484386977e-04
5.084431747212713295e-04
1.494068718647042246e-04
3.466595664165732335e-04
1.422047271626014934e-03
4.154251522489881302e-04
2.030125630639225982e-03
3.685894098898499847e-04
1.155558129363239844e-02
1.227498731606711671e-03
1.994736256759259679e-03
5.396096328894854242e-04
7.550341911605872730e-04
1.984423176373002057e-03
2.687786159151509739e-04
1.496216797640916073e-03
2.978704797304252121e-03
8.950303783174670897e-04
4.154915185468535514e-04
6.933103588983132370e-04
3.970874304583970238e-04
6.007292217113550459e-04
7.514170108732956370e-04
5.251431153389285629e-04
1.598699248694001674e-03
2.596523394553787098e-04
3.289817843994592315e-04
4.694533985614972207e-04
7.707564257040704558e-04
1.886356374501206687e-04
1.107757393453071134e-03
3.716464630937036826e-04
6.033925303408822251e-04
6.637308458458809294e-04
3.425650681703152288e-04
6.513772613122853624e-04
5.202411651340761809e-04
8.584816968671082037e-04
8.454798244991591598e-04
7.633274407071700355e-04
3.485682489450171620e-04
4.717052874375824681e-04
1.263757646993032184e-03
6.805498966611759921e-04
8.544773379202181456e-04
7.229554907278153229e-04
1.745264490582059628e-03
5.721661183895884262e-04
1.191714770846922502e-03
6.687034910581154869e-04
1.283109572039569084e-03
5.433761019195508524e-04
3.283329734200760713e-04
4.054894528781462053e-04
4.156645112478512876e-04
7.904132077401642732e-04
7.762905526063720212e-04
7.378715671927547556e-04
6.565171942667437669e-04
2.467499317071069221e-03
4.240367894699704934e-04
3.835354041650090298e-04
1.629779770463989953e-03
5.421722649255358807e-04
7.559449448936297411e-04
6.655765331521721218e-04
4.846777940300395627e-04
2.193372920878629284e-03
4.758770025556544568e-04
5.519657153008905321e-04
2.933596094504054876e-04
3.676016026540801290e-04
6.748018834093870303e-04
