8.875957403844922421e-04
5.202498134572465212e-04
1.104243677424229103e-03
1.138530553540068177e-03
2.249804478663040841e-03
3.793366852271720159e-04
1.158110974736865613e-03
5.244198492646571152e-04
5.391371989312069820e-04
3.580396469182177172e-04
5.831432054187904272e-04
9.548496807575984234e-04
1.070695603348928307e-03
8.352487446950336352e-04
8.518703961332305076e-04
1.960511841071686540e-03
1.091516148557918195e-03
9.229013380853980618e-04
3.329522459834829517e-04
3.272928791625666638e-04
1.260039475964072316e-03
6.365318325575867499e-04
5.930867611752084143e-04
1.342342924706313749e-03
8.682146505688643698e-04
2.037020805034173935e-03
7.355705485414487611e-04
5.407004715946123977e-04
7.544627613446903231e-04
4.389042188854367374e-04
1.928714451851549008e-03
1.017997821772199853e-03
3.572939855029944869e-04
1.526132452300662775e-03
8.092707168002794601e-04
4.316370583413937749e-03
4.578297946030696324e-04
1.131374815923300373e-03
6.294143824213886251e-04
7.398879033982707406e-04
7.361072353797076459e-04
1.084766329496828939e-03
7.075334950556117289e-04
5.666890888596645215e-04
1.133851103580493097e-03
1.164397647421043167e-03
8.209073834731614883e-04
7.280213194326296813e-04
6.479182063168867920e-04
1.938378514394814654e-03
5.123177692744815531e-04
1.758953912632122167e-03
1.038502190232319222e-03
9.500120027180703136e-04
1.656237942662402637e-03
1.577503507989971550e-03
7.682317290336459223e-04
6.799869422319888747e-04
1.022762682439555581e-03
2.201666558568822398e-03
2.856361171295523742e-03
2.233669086870182681e-03
4.791588641885897570e-04
1.657083849676626967e-03
1.156761449167143007e-03
8.035565578453942020e-04
1.287867551507144472e-03
5.530087428204026427e-04
1.763914382784968109e-03
4.300234407639366057e-04
5.668389607561614323e-04
4.482073841258684289e-04
4.611842034093499728e-04
1.223935649849198322e-03
1.278333924774941940e-03
3.567678712272749804e-03
8.624053175030825351e-04
6.058725958152980616e-04
1.315066740666227287e-03
8.673898142488530071e-04
8.278607908570865571e-04
1.770902143241725102e-03
5.926754040188582720e-04
6.973640259396976689e-04
5.725151663700703926e-04
3.310570315181123372e-04
1.602932078134219852e-03
3.618680086321167757e-04
5.806730175253861734e-04
1.566853582036112878e-03
5.580253801021576188e-04
1.554123004831586439e-03
4.366870615956096910e-04
1.314548131778245669e-03
1.917273515454331065e-03
2.783851854325972001e-04
2.442135236394547826e-03
5.396567772916419786e-04
1.672786134502812208e-03
9.493574973533841282e-04
1.022019671869594994e-03
1.266579038024494026e-03
8.888998904204579218e-04
2.452241034408063174e-04
4.927109090543584178e-04
6.471153089213027912e-04
1.193484394158690577e-03
1.159343982632735559e-03
1.545285622716591157e-03
4.573885944175011477e-04
4.898058153803211542e-04
8.050608756796025266e-04
1.351535989877249893e-03
6.710139180478452443e-04
6.603778830271033384e-04
5.409919404785579851e-04
8.777798331834528673e-04
9.918311308142098177e-04
1.330228062260429590e-03
6.570972536286021027e-04
6.063747859248284910e-04
9.150851434652911313e-04
1.520757495437455352e-03
6.325747097461217969e-04
7.280113415498572780e-04
1.952818716981546228e-03
3.255744962231900581e-04
7.567622719075792594e-04
8.313115397236384456e-04
3.484299326825557883e-04
2.423112095341842763e-03
1.432333437815846771e-03
1.012310047184813988e-03
5.977107105919371747e-04
1.116050681569794034e-03
6.297599647117209072e-04
1.203787535920956917e-03
1.793548475165898225e-03
6.714493320908799731e-03
8.055707580492659642e-04
1.420592307975952718e-03
4.986090260297439082e-04
1.209700109965148283e-03
8.287753429979800813e-04
1.230189086045035268e-03
1.376459591946460181e-03
3.723710932040697093e-04
4.311194523840279061e-04
1.129962037936012168e-03
5.716729663192896254e-04
7.561379666260849893e-04
4.011164753452206230e-04
6.098752080894150138e-04
7.201767056711002191e-04
4.517709984775213593e-04
4.789412201196318664e-04
6.586618083352061177e-04
7.956376094090146511e-04
1.216913185535868592e-03
4.256210339061579340e-04
5.129594954115639918e-04
4.089704261572464097e-04
5.265775045962668667e-04
7.600552120496792885e-04
3.642833025449537928e-04
5.125058458584569668e-04
1.523826300172372679e-03
1.374120712325264471e-03
5.645454335441613559e-04
8.502021545575447030e-04
1.207733416631080227e-03
8.418169219271097459e-03
1.064413824433007921e-03
8.856856706106163964e-04
2.535771837050997449e-04
5.574915178589472586e-04
6.532000831513302703e-04
8.913939223655379870e-04
8.567188971912833087e-04
1.066903244648062347e-03
3.650372076119423625e-04
1.729180604512033830e-03
6.313316540059241274e-04
7.998830544223556587e-04
7.928507002490530788e-04
1.086515903712743664e-03
8.744465321721103844e-04
2.524635044417750628e-03
5.026534087094953248e-04
5.743774933807712898e-04
1.048360656087943222e-03
1.070714975369555693e-03
9.691448460015864019e-04
1.805282252501812712e-03
1.960511841071686540e-03
1.070462386928038327e-03
4.533031070702190713e-04
5.894898719930423414e-04
9.159316444948467422e-04
8.435483638302051753e-04
2.328531645665924375e-03
6.599331748391294196e-04
1.914201565525815120e-03
8.989337163728419733e-03
9.502897678282424968e-04
3.354018143664219361e-04
5.536120997988337863e-04
7.025428897190059453e-04
6.053274292769491791e-04
5.346713512290827280e-04
6.755372135162777177e-04
1.016883139760835827e-03
6.850656349599653586e-04
8.605257765824564408e-04
2.984210272780267828e-04
6.587180914270698850e-04
6.740088340018119762e-04
4.238415916585430644e-04
8.127719689769738552e-04
6.351191099959036229e-04
6.461718997766101704e-04
2.406046750238476171e-03
4.497838703315570267e-04
7.294027701792327612e-04
9.709404508025476326e-04
4.308356909571966413e-04
9.283999999953279712e-04
8.576298921121821390e-04
2.074270306814920278e-03
1.152044509088049999e-03
7.547132175365902588e-04
1.091449814202311453e-03
1.885355902722536496e-03
1.235078172389666258e-03
5.763804517690110157e-04
1.094673951074177747e-03
1.844929299546176418e-03
1.593123188064546466e-03
3.766749117545205891e-04
1.750765879037544624e-03
1.678358914659312503e-03
2.331671613420881802e-03
6.040634242757710439e-04
3.204084960822310658e-04
1.018913865974033347e-03
1.697865316369586569e-03
1.548130314698931403e-03
6.729162425982439764e-04
1.392054719153146530e-03
9.770346644265299595e-04
4.284980440833804222e-03
3.915027144207825762e-04
8.466533313559964063e-04
1.073572149509703297e-03
4.028916357601404984e-04
5.290303055118818470e-04
2.239902118160227908e-03
4.963794275594732037e-04
1.041241637153728907e-03
8.207897836793808747e-04
1.255567793965822092e-03
1.424033209822517980e-03
1.150856975717616092e-03
5.313665870947617163e-04
8.307278305276711216e-04
5.604308183858158201e-04
5.338575804143212006e-04
2.356085615131194196e-03
3.155862832767027375e-03
5.725151663700703926e-04
1.510693361449361779e-03
1.481524515182642545e-03
5.304894147921432150e-04
1.443549070794444009e-03
8.046102365652239895e-04
7.449917978169038734e-04
4.666863020350019999e-04
1.285784308828214623e-03
7.643300719429729773e-04
4.449389099276482317e-04
5.196979323059309781e-04
2.016035312253360978e-03
5.093899610043735836e-04
6.218874093258159761e-04
9.229260222728858125e-04
8.754966053063957402e-04
7.510003839602284520e-04
8.486841502259952121e-04
8.578956894912607555e-04
5.960177356675562879e-04
1.478722253599640659e-03
2.287177027067334857e-04
4.619168319069415956e-04
5.764630958777904480e-04
4.101713941736261776e-03
7.862433000143390560e-04
6.878548675968394277e-04
3.275844901692648910e-04
1.421475309803063363e-03
4.696719222825211973e-04
1.257561515459926617e-03
6.732776188984955067e-04
1.134953049986085977e-03
1.000802459763481915e-03
9.717787130037404322e-04
8.965493915147509148e-04
1.180757547077467256e-03
1.315390981090369150e-03
4.470757534737839194e-04
4.195264470978648207e-03
7.186865754772907766e-04
1.032058860389909469e-03
1.139762557774510500e-03
6.370084711078193105e-04
6.279520595585871010e-04
1.001794306303679981e-03
4.535055422389316416e-04
4.410522623471811884e-04
7.126135736632522796e-04
4.869470353311025168e-04
9.448233763984319709e-04
2.192949965852264947e-03
1.147511514064277404e-03
1.004487794549149219e-03
4.402936276313615632e-04
4.245410167230447289e-04
1.433954845697213518e-03
4.965454086895654089e-04
8.660417964878922535e-04
4.234822576921012547e-04
1.149081057053929437e-03
4.850546380980687495e-04
8.392322380737700935e-04
5.504854522168624526e-04
7.584738645532849337e-04
4.760710210974021485e-04
4.490924003171382190e-04
1.574211911761731275e-03
4.002491151902446949e-04
4.556673077934214329e-04
1.328536235749680798e-03
7.481237993489101490e-04
2.452241034408063174e-04
6.291057530594401388e-04
9.579574710934304904e-04
1.779470886628140925e-03
1.401506766709853871e-03
4.013629961549266645e-04
9.880778239241213862e-04
8.682106702708404684e-04
1.181860518969154398e-03
1.246482831698707446e-03
6.665297111183094347e-04
1.697508031878153896e-03
6.412536193525366452e-04
1.266579038024494026e-03
1.638903561182566493e-03
6.792689658581365416e-04
9.522042969023473318e-04
5.150379101009631066e-04
4.228510079002405415e-04
4.612043768135385942e-04
3.812196512387843860e-03
2.231036996252291644e-04
4.567206112009919222e-04
3.283703580170069117e-04
2.612531610520213020e-04
1.775230742938669823e-03
1.463071380881311332e-03
2.239902118160227908e-03
6.871447692552589857e-04
1.609238126819015390e-03
6.094887223392935665e-04
5.605950047533781334e-04
1.039484295159553290e-03
1.045113107920964558e-03
1.284452922035683427e-03
1.173943099822948076e-03
3.899360231776539845e-04
7.761611101038259431e-04
4.253162819956640348e-04
8.476880698211445046e-04
5.028963595354377352e-04
7.291489424809363858e-04
2.400303590495208184e-03
4.230932693642623231e-04
7.070304635599794496e-04
1.460530194369128246e-03
8.716739716665566776e-04
3.513094572503060392e-04
4.700411224727064365e-04
3.866118951674641095e-04
8.051574745844378590e-04
8.816560894354813493e-04
1.183310094149462449e-03
1.044753881306836364e-03
8.445850071047070326e-04
1.043734043783866878e-03
1.155320318200433495e-03
1.023141779190848977e-03
5.993485900053204061e-04
4.739365839079560548e-04
4.988413827135145017e-04
1.136228625958850486e-03
5.348665564028512540e-04
3.752400333045630382e-04
1.555798732805911385e-03
2.362973123913933351e-03
1.340501992311037395e-03
6.846424718960911681e-04
1.702403139988348290e-03
9.876211193014065859e-04
6.872585165999604536e-04
9.918234924502621758e-04
9.690451412920076920e-04
2.556113489966459814e-03
5.841502736290480995e-04
5.155843179842662261e-04
7.550642435359713979e-04
1.001881036452064713e-03
8.611938385854730951e-04
6.099053213171685061e-04
5.815280526671864686e-04
1.008491637034953465e-03
1.164908048168804321e-03
5.589755180817850130e-04
7.210055334182638095e-04
1.044753881306836364e-03
8.519399892021278873e-04
7.875978741859541088e-04
3.812196512387843860e-03
6.507368089948025293e-04
4.006905057925286696e-04
6.075038613286920866e-04
7.750282643053179547e-04
8.869956892759531687e-04
3.309597522303935621e-04
1.402668042549430486e-03
6.359957304550528743e-04
4.933761808649500926e-04
6.246610120862085410e-04
2.955220894064948967e-04
9.285982961757814798e-04
4.093500925432574564e-04
2.407746377090532949e-03
2.988128479523722973e-04
5.725151663700703926e-04
9.426880681789428628e-04
7.194929536667477466e-04
4.261263424130771462e-04
5.577870439715176343e-04
3.836722077524763502e-04
1.524897122594914356e-03
4.234085564329782077e-04
1.654854859112964019e-03
1.192968975494428487e-03
9.905210257063698249e-04
9.072974471148075775e-04
9.301877959893879722e-04
1.793229534742852562e-03
9.437413250153204322e-04
1.574112662308740310e-03
8.151752177819991544e-04
1.570028156052127389e-03
8.989337163728419733e-03
2.164673155014139750e-03
1.104426998693052017e-03
3.433536235258703847e-04
1.524897122594914356e-03
6.302260563310889971e-04
6.036754509279128713e-04
1.240543592572076461e-03
1.171571604116159382e-03
6.552163630622478236e-04
1.060432819928963091e-03
1.875464636917984146e-03
7.897440010858748725e-04
2.950197397316375327e-04
1.142589005451934972e-03
1.087364157693315172e-03
1.862008944476416629e-03
8.630074600402336087e-04
1.199353147157884410e-03
8.618469765638342352e-04
1.259396802876195081e-03
4.672624581999915930e-04
8.137700028699943995e-04
3.959550361234501236e-04
9.001882135900250151e-04
5.363283043526422423e-04
6.036466332778002084e-04
9.537724858419849988e-04
9.688990916158785743e-04
1.174076625085902553e-03
1.649062718407375873e-03
8.268119207808884890e-04
3.015969486719681882e-04
4.195264470978648207e-03
3.932770500030253569e-04
1.225133338748674071e-03
3.550999766367915087e-04
1.502345945286523302e-03
7.420141333937309985e-04
1.234854694666336463e-03
8.452687798502052851e-04
4.672624581999915930e-04
2.586861857566988645e-04
3.619491700396199442e-04
5.633163727817966544e-04
7.716226573899228995e-04
6.600328095415663359e-04
7.976944370120260096e-04
8.214466099405012996e-04
6.099378339047080476e-04
1.414399007823111511e-03
1.582428810792190855e-03
5.725151663700703926e-04
9.920633160683356259e-04
5.214102506185768187e-04
4.484640661771562378e-04
5.884418721423242743e-04
3.249805176055961834e-04
3.194770073564523927e-04
6.081088110055064572e-04
3.427036571200849373e-04
1.123754324784361760e-03
3.594171240565101864e-04
1.118086648885792444e-03
8.729370613433453958e-04
5.146640127916766441e-04
1.582630840334740829e-03
6.822186107587926681e-04
7.855938330071237947e-04
3.632742887949556333e-04
1.188939722408483479e-03
1.471950341487222695e-03
1.694314391918714646e-03
5.602821777922509195e-04
2.844428001115340324e-04
4.133827922863246617e-04
1.794407996996307160e-03
1.635920577964097497e-03
9.298172757190409062e-04
1.048360656087943222e-03
1.584594952050909613e-03
8.331300879087536956e-04
4.612258841560255233e-04
5.604521752778162617e-04
1.199555027419759324e-03
1.314704594367433182e-03
5.119803036725117116e-04
1.420592307975952718e-03
7.458966684456273160e-04
1.055906771484643649e-03
4.995171274461238532e-04
5.133744118427638120e-04
4.540112262759202970e-04
4.665992503633041946e-04
8.784431314129844629e-04
1.555030372374515335e-03
8.102434912400866820e-04
7.708787980501859540e-04
6.171401105729599308e-04
4.054532144341449831e-04
3.255744962231900581e-04
4.759224529052733855e-04
6.803417975290584159e-04
1.298539830375493439e-03
4.245410167230447289e-04
4.479769811766676864e-04
3.036810578608909730e-04
7.205436032697877784e-04
5.618210054185238111e-04
3.961455900560476246e-04
1.068982173821535295e-03
5.281544836728328763e-04
2.866653126476620666e-04
6.129061765973651795e-04
3.507109227567415440e-03
1.705021319581106294e-03
4.433022684861799220e-04
5.292704241973685084e-04
6.102733374701403094e-04
4.176303194463847610e-04
6.662199770581122725e-04
1.573085140758593257e-03
1.102486969991440212e-03
4.322110925855780382e-04
4.198534457126207081e-04
1.394577068033855385e-03
1.004703210149947810e-03
8.567188971912833087e-04
9.057216411103008718e-04
9.324701044376561363e-04
9.164599579522177695e-04
1.056515057742915325e-03
1.597361559450726680e-03
4.371905442187449999e-04
1.179286066192153631e-03
4.495585167880766005e-04
3.594664744371994509e-04
6.724042406857514212e-04
8.449468630799491543e-04
2.942056337393626026e-04
9.313503811183738990e-04
3.709659641269199117e-04
1.532448046136843751e-03
1.373270715360680417e-03
4.544079051033854031e-04
5.039576789970982114e-04
2.742853255828220219e-04
7.481237993489101490e-04
1.287765702414343663e-03
2.008236948049458431e-03
6.635778805724244864e-04
4.586201780529778759e-04
7.185573239943964007e-04
5.657820601326842306e-04
1.423000724863069093e-03
5.452587677464726954e-04
9.921870861533095901e-04
5.832832141272009750e-04
5.281100473545501149e-04
5.124892786717886398e-04
3.940916136039933587e-04
9.039957948261649482e-04
1.669923669735742366e-03
2.604109478500466965e-03
5.120352248013008241e-04
7.449800751610176136e-04
1.162474560693885130e-03
1.285126819468226716e-03
4.612258841560255233e-04
5.977107105919371747e-04
7.164965361192617834e-04
1.781495551953789008e-03
9.598205658716670247e-04
6.948053815453110243e-04
9.956208714796419348e-04
4.378589770343239507e-04
5.088166847240531074e-04
1.340601957938121914e-03
2.901863220261253866e-04
8.914329822962219554e-04
1.968096765050316409e-03
5.205804113882971053e-04
3.106594505145859886e-03
1.717985022473913137e-03
1.642262846192419322e-03
9.312842836016574539e-04
4.308356909571966413e-04
8.274765406757586712e-04
3.569181015389812301e-04
6.760710189079619870e-04
1.555030372374515335e-03
7.724668849851330007e-04
1.304894205974657271e-03
1.678591866534920535e-03
2.031246667676553808e-03
7.432581286363803066e-04
2.608235482035570728e-04
9.461604239869411855e-04
6.545198530346959392e-04
8.888998904204579218e-04
2.140748388254919577e-03
9.456879419484939906e-04
6.086975532991132894e-04
8.323321523489087426e-04
8.336616462602774698e-04
4.125111866775588360e-04
2.843503666022312217e-03
6.183181056640479033e-04
3.013182556672111610e-04
8.742367812022910304e-04
1.045244318435007173e-03
1.169754052406792944e-03
2.111124899052238177e-04
8.364767136341320995e-04
2.127553120850266336e-03
1.215575057565163779e-03
3.249805176055961834e-04
1.209208346968683630e-03
8.315265615921390782e-04
9.018530507887687932e-04
2.145030341435764237e-03
5.396056499165584721e-04
1.116921509440231856e-03
6.589407826509713784e-04
1.307951470103318158e-03
1.040221939729003191e-03
4.248675116348421825e-04
1.257561515459926617e-03
1.549320327874293335e-03
6.141808828226195645e-04
1.540522178744339107e-03
6.682970267199382294e-03
6.293431923247322932e-04
8.845707949570201295e-04
1.083220597852402323e-03
6.456353069961693518e-04
1.784846058035727463e-04
4.762890469864406373e-04
4.368172066780971513e-04
1.015399165264637424e-03
1.192968975494428487e-03
1.326111968939738383e-03
5.880854163605059868e-04
5.038345975587991965e-04
1.073416443655764684e-03
6.020086479056831544e-03
7.749602765219480195e-04
1.345821926648048741e-03
5.300777363031971244e-04
7.007018147755010541e-04
9.260965569814113554e-04
6.837629502019827200e-04
5.003570177865381864e-04
6.415652288590409586e-04
7.199642373224357040e-04
1.071619079333361278e-03
4.481958435460261896e-04
3.203863409851557794e-04
9.134281837585781069e-04
6.844932086965136234e-04
7.145197680417954668e-04
4.420617206108441570e-04
8.125020537962633366e-04
6.487915811535800280e-04
4.025611852686655995e-04
4.472500731701298964e-04
3.861942206946020477e-04
4.228510079002405415e-04
1.766101823052519540e-03
8.611938385854730951e-04
7.289743808359613626e-04
6.014778705216018533e-04
9.249480223013110611e-04
1.854459279908399552e-03
1.818726375576828862e-03
3.985054641329547329e-04
2.352743153672112112e-04
2.488052268360271759e-04
3.281736590173256127e-03
1.162887575194363528e-03
2.762249756414780788e-04
4.298987693686155925e-04
1.111510482058740597e-03
5.763804517690110157e-04
4.789412201196318664e-04
6.698510191108015448e-04
1.458776234964570540e-03
8.018118197251082515e-04
7.112181839855056566e-04
1.516110114115236341e-03
9.230841987999792051e-04
5.065528445573948962e-04
5.671784142198407156e-04
2.471663447517688950e-03
7.424515824201901844e-04
1.056039464230773333e-03
1.094756889679973470e-03
3.891161345318067078e-04
7.310939680400380374e-04
4.175598572554853121e-04
1.374723592943115184e-03
5.095762351889439237e-04
1.352965982166823592e-03
1.278264815365457753e-03
6.762320744618207421e-04
8.574833993411401555e-04
6.630794328953427399e-04
3.481002511879645843e-04
2.081503152535240254e-03
3.696774605246710282e-04
4.958401659977120998e-04
2.803211903309513892e-03
1.151151333635971928e-03
5.947974293317361688e-04
2.944803367583132513e-04
5.816621863738791545e-04
3.642833025449537928e-04
1.073421885771059332e-03
7.290810120593883403e-04
4.933017215034006704e-04
3.460832714630351155e-04
1.060603990376991160e-03
1.503956399224300839e-03
7.017758689636061174e-04
1.870003980714314302e-03
8.272398021504938272e-04
5.093171089542642468e-04
8.877266895961396630e-04
5.743571102979491087e-04
5.406804869047276713e-04
2.192630814101285183e-03
1.038464919949212955e-03
8.888998904204579218e-04
7.473378489071581549e-04
5.170805010249092263e-04
5.013391368291096259e-04
5.238035530974883679e-04
4.408812158622046722e-03
8.368655721873702975e-04
6.779015834475778622e-04
9.720421818463645738e-04
5.593384945127519723e-04
8.354677372557302089e-04
7.558047543805336294e-04
1.278264815365457753e-03
6.053693051542741611e-04
4.791915217700913935e-04
7.335985745994554920e-04
6.512024023883682079e-04
1.716303947444593235e-03
5.384515919430185940e-04
3.079420619969290562e-03
3.314711262902972962e-04
4.220438596864638735e-04
1.132305375873676702e-03
4.824303410352467013e-04
8.864645222045859987e-04
4.674419406729655459e-04
8.907183027718580193e-04
7.439044468264288147e-04
2.911166486778915975e-03
2.821856673164894569e-04
6.772270200425424677e-04
1.657995614037789580e-03
1.651372275484819978e-03
1.032380602544302924e-03
8.861977593418149304e-04
3.580726684801436048e-04
3.826899531395953208e-04
3.764648718115202390e-04
8.567014933298347425e-04
5.130224346865164048e-04
4.719682449502550308e-04
3.970819407886357175e-04
1.257180289344771770e-03
4.007785918444813729e-04
3.631170611884293638e-04
3.609683981948704455e-04
8.730872984251076890e-04
1.147511514064277404e-03
1.586592038655064126e-03
4.889453063734671388e-04
1.396765719268278300e-03
8.932600140623539247e-04
7.372744102089710686e-04
1.401711830809935534e-03
1.075810587032025598e-03
8.989337163728419733e-03
4.910475686667909465e-04
7.967223748112544409e-04
1.105772664540992205e-03
8.836697560648969002e-04
2.385870168681525350e-03
7.724668849851330007e-04
1.020018785115163126e-03
9.592393499857835952e-04
6.493057216401988555e-04
4.134457379856779622e-04
8.335438649057681651e-04
4.186643439804293336e-04
1.407697193023309864e-03
7.988075568539113004e-04
2.106349566549837408e-03
5.423310690703593041e-03
1.677121719099001216e-03
1.997416346518516694e-03
5.368476003202865554e-04
5.197647140672503495e-04
3.562131795021902109e-04
1.548454142064213581e-03
5.296888682385229082e-04
3.976671489516679886e-04
5.961060419754712772e-04
4.171407806952535957e-04
7.003236703668015489e-04
1.315732537594320418e-03
6.186933017905860317e-04
9.268397695268742369e-04
1.038502190232319222e-03
1.881511273077997543e-04
7.235045706165377753e-04
4.391078402954589157e-04
5.246619947589215537e-04
4.570628818045766192e-04
6.847321749858064060e-04
5.880102360266648226e-04
1.265159929310088810e-03
4.360292193065421601e-04
8.993566106796534653e-04
5.095265964487198955e-04
5.010183786199925559e-04
4.090224771828222155e-04
5.363070418320606833e-04
3.651715011042289843e-04
4.188676171014636923e-04
7.345534302706048296e-04
1.629145228823082473e-03
3.626260208946905424e-03
5.691217734375275802e-04
9.448233763984319709e-04
4.898241305209173483e-04
1.287765702414343663e-03
8.182448686215737380e-04
1.454237721528729493e-03
8.684166344008922801e-04
7.093966844430601125e-04
3.968159514102704058e-04
8.434118561818329703e-04
5.811649833567253745e-04
6.762713652713277148e-04
4.452347706205336125e-04
7.043470500200888981e-04
5.028404824473482965e-04
1.866042777860610173e-04
3.261926185006007212e-04
7.271432787095897772e-04
1.758429969145265713e-03
6.706336319915542649e-04
4.731786620293451239e-04
8.110005301884520412e-04
5.593384945127519723e-04
3.992607318348140723e-04
8.491624132590999945e-04
1.049575532024492894e-03
1.763914382784968109e-03
8.939050515245413209e-04
3.654255294734339607e-04
3.726990422530191078e-04
1.203037728002168214e-03
5.189665708207530153e-04
1.146164018256405365e-03
6.482957238900726804e-04
1.416885523377789781e-03
1.008491637034953465e-03
6.522613097689981126e-04
1.460564608720626989e-03
6.560432053141696711e-04
6.257552263315276043e-04
1.247077698343581611e-03
7.034760412052410133e-04
1.062811888568670560e-03
4.219134749557083321e-04
1.384239062418635363e-03
4.133448681294831276e-04
1.682949107102432599e-03
5.358217704839318826e-04
3.034451586419057703e-04
9.219356197205740401e-04
1.702322193728898194e-03
7.170564268165836906e-04
2.212806190661991725e-03
1.584594952050909613e-03
1.266579038024494026e-03
5.170805010249092263e-04
1.484129096096853178e-03
7.462500205190847552e-04
7.320847284556497841e-04
7.327787644377261288e-04
8.058989722314757612e-04
1.557822983175131308e-03
4.941331074626991197e-04
1.851333578542356311e-03
5.283984414537908590e-04
1.228036746288044441e-03
4.017930756145613857e-04
2.065979309393755747e-03
3.299220538521523008e-04
6.899135266632770149e-04
5.743571102979491087e-04
3.279363521926002400e-03
4.165660932274309249e-04
7.832240544570715640e-04
4.811291223259141084e-04
8.013696892028548523e-04
6.522613097689981126e-04
1.258914701301256517e-03
8.313852221251539056e-04
1.576474370310510789e-03
6.255858212174166683e-04
5.591640584183363728e-04
9.907030558321339511e-04
5.648697593020421013e-04
4.643776479376216632e-04
2.112624321813235794e-03
1.618882990498742361e-03
3.785079806167023549e-04
1.986433723275657370e-03
1.458654170850433611e-03
1.677895629428572408e-03
5.992664298837593320e-04
2.782909913950558541e-03
3.543148405673024449e-04
8.276966466699929971e-04
7.891249200989645636e-04
1.426970088942774431e-03
4.309199884225329885e-04
