1.504438451588725911e+01
1.464000162667264604e+01
1.581830189858441216e+01
1.658565633057418509e+01
1.535879647500599887e+01
1.585738814943424302e+01
1.149813226902934105e+01
1.668748143628186043e+01
1.664218481351767309e+01
1.575706627001603977e+01
1.506530901425005453e+01
1.615854181643065601e+01
1.450482022036042551e+01
1.536856950159932111e+01
1.489447304754832047e+01
1.440503667322694525e+01
1.186369985605034394e+01
1.464313813731132541e+01
1.150506485472700646e+01
1.541873732327906055e+01
1.514877951987515559e+01
1.504307205158138672e+01
1.604005015326856309e+01
1.622911863408298672e+01
1.657530800348680344e+01
1.396587677701900532e+01
8.249497387154061556e+00
1.487288392228133738e+01
1.648397473801006541e+01
1.576832270669463476e+01
1.541817549566809831e+01
1.509154365143357346e+01
1.454882431390689490e+01
1.485434656565870526e+01
1.608989129683406816e+01
1.469301859888540029e+01
1.673422701985381167e+01
1.500383300124470765e+01
1.629700300564501703e+01
1.617196951349328060e+01
1.430908047981944975e+01
1.420212116528364632e+01
1.240402839274942437e+01
1.521747806365369371e+01
1.531302321128811528e+01
1.562212053405181500e+01
1.630396099624730510e+01
1.425253461907984942e+01
1.583760892184711189e+01
1.480402883276932968e+01
1.580727599829523911e+01
1.350626266733511649e+01
1.440130413460463643e+01
1.426565452608007867e+01
1.492574734079386189e+01
1.538376759637499447e+01
1.607353027521769206e+01
1.400353031762952583e+01
1.485242588984737111e+01
1.538907167264384057e+01
1.541817549566809831e+01
1.372219223573902624e+01
1.584657963954247961e+01
1.547824323061865748e+01
1.558066365098243011e+01
1.402665602960258084e+01
1.341531616319383602e+01
1.526800835994752958e+01
1.568285210010054875e+01
1.511702355250332275e+01
1.561047942073395944e+01
1.503875631990355544e+01
1.626508217077012119e+01
1.596746966512930754e+01
1.410019704562260756e+01
1.266445386368277148e+01
1.494427323641647476e+01
1.644346829848386804e+01
1.479809862417124933e+01
1.195663579066513016e+01
1.488490194989067206e+01
1.605657171991022381e+01
1.661748970652999446e+01
1.491255457810130025e+01
1.410395215195585905e+01
1.471926426938976995e+01
1.629197448772951518e+01
1.556087453237559792e+01
1.527448622559494673e+01
1.420684087148438834e+01
1.510528278963075088e+01
1.583326830704799626e+01
1.424708560088077647e+01
1.487051064785187648e+01
1.489044103365611349e+01
1.615004344896093613e+01
1.127199856707555092e+01
1.522562966733703682e+01
1.375133137484997548e+01
1.552489008317582275e+01
1.668274751287665580e+01
5.956171381599921766e+00
1.488892770812727306e+01
1.447069944727123314e+01
1.517228969116802340e+01
1.439866797871808757e+01
1.123580794059386179e+01
1.369842700841414285e+01
1.473043918167673461e+01
1.422135151756653215e+01
1.516124399414368185e+01
1.278537815047588921e+01
1.626615183998529801e+01
1.574088761646402013e+01
1.543119043863315198e+01
1.508958519371432594e+01
1.581406834488925028e+01
1.445101702691558998e+01
1.403392091705778988e+01
1.254467681214599573e+01
1.355343210184385150e+01
1.484196244303595336e+01
1.529861025011833497e+01
1.439112088432475645e+01
1.580850253781754766e+01
1.602181783414981098e+01
1.461882588834227192e+01
1.332704764311280954e+01
1.335860669343171381e+01
1.661871981811094301e+01
1.575586103720673137e+01
1.451804092414397473e+01
1.218482724987056720e+01
1.297674953033688539e+01
1.452360945287644434e+01
1.630570429822785883e+01
1.110236422529981937e+01
1.453905374418628860e+01
1.562411679406212528e+01
1.569241424574862265e+01
1.573126185581999792e+01
9.974812802302990278e+00
1.423705500043339356e+01
1.544652286442325284e+01
1.417110624158974375e+01
1.413334178113305484e+01
1.594004977460972228e+01
1.217913231219595716e+01
1.434130897644737246e+01
1.121271818560041034e+01
1.502509247139217408e+01
1.184428568147420080e+01
1.258711880387460269e+01
1.620038694075074659e+01
1.429305070892058360e+01
1.426947489765333188e+01
1.631180741932971046e+01
1.569562781450149558e+01
1.664587422508690295e+01
1.411018143878194664e+01
1.309951560182594221e+01
1.617146492282223846e+01
1.387083842300529568e+01
1.390008192610546800e+01
1.275148001264687281e+01
1.593287966252695753e+01
1.583474675112168129e+01
1.560011964264318607e+01
1.453761557057744191e+01
1.574745017889423693e+01
1.426812407481807199e+01
1.510829532397280417e+01
1.631945049097626566e+01
1.524016562757558368e+01
1.614620300265576702e+01
1.525393421134416982e+01
1.629432480990596943e+01
1.651751003570294429e+01
1.489934208149793804e+01
1.539967433129587349e+01
1.497553648900196066e+01
1.428245315986886155e+01
1.642648856908550670e+01
1.598943574333348749e+01
1.437447123514245106e+01
1.507926097314277314e+01
1.354130705906967336e+01
1.246333902165229013e+01
1.526445453208370040e+01
1.236494553692087450e+01
1.430911620477845503e+01
1.386881184804181188e+01
1.445597316699692669e+01
1.634953615502940494e+01
1.592102920850351566e+01
1.595061325834435451e+01
1.461234719446177266e+01
1.533126287338121507e+01
1.405157255065178390e+01
1.662645886800582318e+01
1.549765475143790106e+01
1.385061622492700550e+01
1.508507026945502361e+01
1.467513725342159425e+01
1.669577932963884948e+01
1.490076199262668766e+01
1.201793981103793385e+01
1.420092877882168025e+01
1.363021185354389431e+01
1.557714207797703310e+01
1.610224131804813652e+01
1.464249439127830854e+01
1.584805273299100747e+01
1.535062230670770766e+01
1.543536415098205339e+01
1.440093619806375003e+01
1.501628528079296387e+01
1.461882588834227192e+01
1.567600307984081098e+01
1.407656594193309729e+01
1.559109831168184712e+01
1.544166268185573010e+01
1.423701375840949090e+01
1.486113622803148182e+01
1.607186792440774425e+01
1.429665213623002629e+01
1.498991835093523584e+01
1.649425292967937295e+01
1.568964947463638993e+01
1.470806343443966213e+01
1.451265884788353944e+01
1.406926336031977520e+01
1.498504463592239233e+01
1.488748579121934767e+01
1.667447829709896112e+01
1.448440158332626382e+01
1.596235647307309513e+01
1.528219615927112507e+01
1.524856666349948497e+01
1.157833973827670704e+01
1.310338307573387162e+01
1.272902378228399556e+01
1.587899491468557933e+01
1.642350127477087440e+01
1.490477034933143941e+01
1.418909304818376427e+01
1.336582260038453995e+01
1.408620032151434742e+01
1.432995236030246389e+01
1.565939488194849716e+01
1.594871493555281461e+01
1.668972577244289823e+01
1.470621855585747007e+01
1.646357281264155503e+01
1.423544358368712182e+01
1.489353816647585660e+01
1.326152178936828463e+01
1.447117611781999358e+01
1.347486622077921226e+01
1.441621723246753817e+01
1.504966888062893204e+01
7.513390563706764169e+00
1.624468801062986500e+01
1.356473818527926767e+01
1.670215816900121553e+01
1.511084987248257150e+01
1.625454007289376079e+01
1.530009318588623479e+01
1.429665213623002629e+01
1.592249475520605806e+01
1.485225418114353246e+01
1.610532707364076899e+01
1.468829733482990108e+01
1.574595227580016221e+01
1.439096002280966680e+01
1.623499024088899745e+01
1.649874542749969564e+01
1.385965234979260785e+01
1.640176682525975949e+01
1.489127204947955185e+01
1.592711123246061966e+01
1.611916770271316324e+01
1.432182814787948111e+01
1.476463966231436409e+01
1.357480247515891669e+01
1.442121425933278900e+01
1.378071546809973036e+01
1.405170243505792627e+01
1.447023666323440416e+01
1.299798182626870613e+01
1.525542389313709890e+01
1.441179313079154056e+01
1.406341196029228868e+01
1.586197145379022366e+01
1.589416016035639956e+01
1.553017781459918289e+01
1.464323891207841122e+01
1.654667319043414153e+01
1.442557551561329277e+01
1.431763491207817296e+01
1.138136244436618227e+01
1.598641181720627635e+01
1.558484181607086683e+01
1.354828203400304076e+01
1.571521194197901572e+01
1.450407568195918628e+01
1.192556655520588826e+01
1.616350702639453374e+01
1.463065594493394528e+01
1.220105854212510010e+01
1.449579943268301818e+01
1.539950757947642757e+01
1.631098161868770902e+01
1.537312916750857283e+01
1.662649032941851601e+01
1.623105163411767649e+01
1.361873150807064548e+01
1.599484287090156265e+01
1.482914006949130581e+01
1.367867753720548052e+01
1.278537815047588921e+01
1.589304157039819110e+01
1.454854420329464659e+01
1.629539970209134125e+01
1.297219125843920828e+01
1.443426440910334563e+01
1.572130432877027140e+01
1.619924314523392184e+01
1.423894643413592931e+01
1.322077404930690925e+01
1.577504900471323879e+01
1.559503470086978538e+01
1.670978526554092625e+01
1.478991988594743390e+01
1.476683146658525203e+01
1.476360516157322422e+01
1.454347806999650317e+01
1.253285996056828111e+01
1.488096859808026196e+01
1.433920789558405318e+01
1.445109905546391182e+01
1.446072077565701264e+01
1.405618366817970610e+01
1.640553822704622178e+01
1.594852848261415801e+01
1.585456406237975102e+01
1.428400156849743219e+01
1.344029287423020058e+01
1.562067815459585063e+01
1.639957258725628364e+01
1.583634590661096375e+01
1.059288094134222113e+01
1.553529924262791440e+01
1.513168465326880963e+01
1.467369626230857982e+01
1.412219272586632002e+01
1.572258934446647238e+01
1.544139637955937161e+01
1.627151694752034317e+01
1.635745038840492427e+01
1.630441633290809023e+01
1.406228187508555294e+01
1.317464129931491890e+01
1.643817486278505413e+01
1.613367838666486875e+01
1.574357643132001527e+01
1.573607430588145562e+01
1.591612308094230954e+01
1.443344377748191398e+01
1.567001232138382072e+01
1.518303749512760703e+01
1.396825455120742809e+01
1.500528610528729345e+01
1.650997638653347721e+01
1.447888230474869431e+01
1.566523938361235224e+01
1.464765755212008713e+01
1.489912623820710813e+01
1.575222287817388711e+01
1.627396606036700177e+01
1.530664707225622578e+01
1.628991009902248521e+01
1.437869445216258057e+01
1.261949524480342433e+01
1.434467544067745237e+01
1.588055118102840879e+01
1.627191410832796947e+01
1.643449955853373723e+01
1.206959627444533467e+01
1.526328826024771246e+01
1.428628312550153900e+01
1.572091417476585207e+01
1.515633599269146359e+01
1.418355465335728383e+01
1.600014649771399178e+01
1.451030385343391060e+01
1.593068612486544211e+01
1.536693225172593102e+01
1.528735453233841213e+01
1.255986244944628538e+01
1.437555800671279904e+01
1.635994396272870333e+01
1.503502053054738141e+01
1.425957968440706836e+01
1.434467544067745237e+01
1.603062924643380427e+01
1.428627399574529377e+01
1.477772225526125283e+01
1.531978779736363272e+01
1.580672453685487433e+01
1.504747830678429921e+01
1.400061512325235924e+01
1.438014863230319307e+01
1.558823364766407416e+01
1.205903659157124785e+01
1.565973344957183144e+01
1.555437058931646632e+01
1.472188371015439756e+01
1.672360877803204104e+01
1.496569186450912525e+01
1.595206173464429078e+01
1.481967072438357391e+01
1.530248772494138265e+01
1.523263754926268909e+01
1.491271812092337790e+01
1.550424717846323830e+01
1.438682501792608548e+01
1.525917921779427822e+01
1.634950508165342598e+01
1.522426303732843067e+01
1.352692956787311829e+01
1.365923573408422698e+01
1.612166864084516504e+01
1.636947245658310734e+01
1.574139470782218098e+01
1.442549172083512410e+01
1.390895471571186448e+01
1.338937295356222279e+01
1.406370738024269684e+01
1.373379377038443039e+01
1.595206173464429078e+01
1.586417063762219648e+01
1.621634785598780226e+01
1.606406081988141921e+01
1.413846256251662226e+01
1.133226103345480595e+01
1.668986487805467789e+01
1.438808660747613288e+01
1.452571251034102140e+01
1.668062250292924986e+01
1.416731286324310091e+01
1.499331651066722060e+01
1.622335058350265058e+01
1.553636900714935898e+01
1.437146741479355683e+01
1.673198038295193157e+01
1.459254332956330558e+01
1.565636321592565672e+01
1.663703772983633655e+01
1.568007406718809094e+01
1.410039835536463393e+01
1.362597526203146003e+01
1.570147078362951198e+01
1.363077617491115845e+01
1.598988287720382573e+01
1.469581476401052988e+01
1.493745514031312638e+01
1.647691631595022699e+01
1.584189465548917397e+01
1.623551791427328439e+01
1.442793366313910752e+01
1.445597316699692669e+01
1.608088949475608587e+01
1.088836386744345575e+01
1.172075448462331337e+01
1.484279652755887469e+01
1.315931323914895756e+01
1.452582460662702246e+01
1.586956075280077627e+01
1.613935903910325464e+01
1.550716923680564285e+01
1.506653587379018333e+01
1.476463966231436409e+01
1.508598537998198275e+01
1.485002921876851190e+01
1.445497481658932415e+01
1.668986487805467789e+01
1.480609342940575601e+01
1.599983092755614855e+01
1.400055738514463499e+01
1.616885020536731332e+01
1.586560077172218186e+01
1.530133215259697721e+01
1.546586752795866460e+01
1.583967917586642926e+01
1.535618678276025406e+01
1.576816770771480947e+01
1.474003626343756856e+01
1.419496492998653281e+01
1.428494481256757176e+01
1.371335478490382798e+01
1.485300234960715038e+01
1.611054798393392673e+01
1.580083971648094376e+01
1.440176298848966674e+01
1.624093246745909980e+01
1.434851273555282347e+01
1.544765736519725330e+01
1.521839374921162147e+01
1.373379377038443039e+01
1.602544423861253975e+01
1.489414563840287720e+01
1.441553623529818928e+01
1.322922022296821787e+01
1.533732458398620579e+01
1.665218378022378687e+01
1.605009808745743527e+01
1.414146396855831966e+01
1.474022220980418041e+01
1.635306474984721348e+01
1.401896581017243903e+01
1.446815637372825947e+01
1.322001522306150534e+01
1.477982747580116829e+01
1.442557551561329277e+01
1.547958201128857603e+01
1.571179268129081308e+01
1.634112729454908575e+01
1.527399636162386365e+01
1.464345877152675257e+01
1.625031831441594221e+01
1.489964076224867995e+01
1.591612308094230954e+01
1.356331878958958725e+01
9.945785200835956630e+00
1.554544027510037196e+01
1.479995450790574552e+01
1.336128740780551816e+01
1.580583120222030757e+01
1.669411834680802897e+01
1.454666703419899143e+01
1.653358611254550325e+01
1.492350557924437382e+01
1.659655127940442654e+01
1.522797328448113241e+01
1.400193526092884966e+01
1.358823591316204293e+01
1.390001520188290485e+01
1.576832270669463476e+01
1.522204133358932765e+01
1.187008298141238782e+01
1.427316611476216934e+01
1.538563029546168792e+01
1.572824570481673234e+01
1.669265271974023790e+01
1.569734278484336443e+01
1.385031760614513985e+01
1.618058519464011269e+01
1.639001047516432763e+01
1.540101344204514078e+01
1.646746919869658399e+01
1.485084268984543598e+01
1.576739286604526313e+01
1.564530914709813025e+01
1.663499413763369006e+01
1.566230104013678925e+01
1.604867706385521586e+01
1.322296367204472745e+01
1.513676657109895274e+01
1.282408658911068677e+01
1.485225418114353246e+01
1.578701967773032422e+01
1.432798508314174413e+01
1.423635485018247593e+01
1.287352858292811320e+01
1.457179019300238565e+01
1.248012599565976366e+01
1.604170749848794841e+01
1.621465623579365456e+01
1.505639981920345072e+01
1.437398415559459153e+01
1.468247907276053965e+01
1.440355684463903074e+01
1.319353574717378130e+01
1.569324598781861724e+01
1.420734956845383756e+01
1.638170902996703404e+01
1.440904685352413850e+01
1.562666426304331324e+01
1.549774350729632566e+01
1.490159152441706425e+01
1.570830084379461766e+01
1.652071595485729816e+01
1.406771178469645633e+01
1.204570948098205818e+01
1.608631689417327237e+01
1.610880932256893061e+01
1.520229148614166803e+01
1.457692596681779662e+01
1.434355131737699729e+01
1.576836852927213606e+01
1.556087453237559792e+01
1.603657827216154175e+01
1.519227748164438729e+01
1.444415596822435965e+01
1.523190816589805330e+01
1.377905147796528951e+01
1.460725490620035316e+01
1.580976061547769262e+01
1.520149372208801708e+01
1.527970734044961887e+01
1.466937242480659442e+01
1.343286746973513068e+01
1.063916044438844644e+01
1.665338185513661884e+01
1.642966835427987249e+01
1.609959977804097164e+01
1.646040128145824255e+01
1.670148442829050239e+01
1.628214754777936335e+01
1.411314105382793471e+01
1.585968631372402093e+01
1.512606968243471073e+01
1.530758862832630740e+01
1.512280749797316837e+01
1.594703699938230912e+01
1.637759270636984610e+01
1.661053523607688831e+01
1.608926455954040691e+01
1.381185066389924643e+01
1.537900115454984373e+01
1.285490359122706217e+01
1.385972984459562340e+01
1.506140743468927212e+01
1.428926648814593392e+01
1.391246680685457981e+01
1.582999417595273961e+01
1.662261910954702770e+01
1.536139027124442791e+01
1.630731145897542334e+01
1.571475131935093472e+01
1.510879828630612742e+01
1.638663736414834560e+01
1.621695312300703407e+01
1.429641665741346657e+01
1.633449135278285524e+01
6.465267539963699406e+00
1.437440685821246333e+01
1.381006346326233114e+01
1.520816282007161391e+01
1.552204963068918175e+01
1.487649085731098708e+01
1.491762632247225540e+01
1.259206085106949580e+01
1.458060998564948640e+01
1.480626219362587470e+01
9.529481947306342349e+00
1.658616589369573902e+01
1.621465623579365456e+01
1.660637375533073978e+01
1.560338340775466293e+01
1.603645126052995451e+01
1.520282037283446286e+01
1.480570460675748379e+01
1.454734179011946082e+01
1.416176969022048659e+01
1.654667319043414153e+01
1.378091915107764009e+01
1.506147950646095701e+01
1.662332439147454011e+01
1.628486773433668233e+01
1.131978531724681147e+01
1.433877700989564374e+01
1.636457539648109716e+01
1.457203376187687915e+01
1.636873270501779487e+01
1.292242686269908702e+01
1.543132677753514592e+01
1.416681019216610871e+01
1.642303314371965328e+01
1.448474366930550516e+01
1.634414991321006383e+01
1.427523340306839117e+01
1.400099075716185126e+01
1.514447336828940038e+01
1.532491769792772018e+01
1.499723206875816572e+01
1.589446391557023830e+01
1.422135151756653215e+01
1.579302698168262253e+01
1.515677693689519501e+01
1.595882280693609090e+01
1.584585348209412814e+01
1.449484275695303381e+01
1.538563029546168792e+01
1.637653789865996146e+01
1.439008049766573549e+01
1.566662768473695166e+01
1.358452265494311817e+01
9.729690553492181593e+00
1.601197846239899292e+01
1.436803156997786601e+01
1.591713922278485072e+01
1.456444298096374901e+01
1.643406877394483701e+01
1.464485408483332129e+01
1.605687060423680634e+01
1.494961806190790377e+01
1.584048805203762100e+01
1.480867217603501018e+01
1.317464129931491890e+01
1.488558106272840043e+01
1.669116564579835682e+01
1.619026323062949047e+01
1.572372919184650009e+01
1.533690859807813922e+01
1.428932400537326153e+01
1.476763103890319861e+01
1.636446128827418178e+01
1.585741831846252126e+01
1.507567575451445308e+01
1.437781337202939724e+01
1.581395183887686073e+01
1.548150965117914168e+01
1.438254334748268803e+01
1.354739229341303997e+01
1.602904612700708142e+01
1.514523999404173793e+01
1.504175342151122230e+01
1.484823352458837498e+01
1.608759149615447015e+01
1.464249439127830854e+01
1.632029118233391785e+01
1.584323602859450375e+01
1.656876783876509052e+01
1.522732143444798680e+01
1.451961172046650361e+01
1.584096424106719780e+01
1.313411129857891524e+01
1.512931932430113946e+01
1.455329554298733541e+01
1.600476423879293009e+01
1.385578742798981011e+01
1.626522949759609560e+01
1.625194036948170861e+01
1.592053711540573246e+01
1.204570948098205818e+01
1.573420006134828064e+01
1.648892942832503294e+01
1.555722534615122044e+01
1.645937274236282732e+01
1.395617407192279380e+01
1.451835844599783165e+01
1.664518002637456817e+01
1.525393421134416982e+01
1.654083333312780724e+01
1.114405498219202606e+01
5.956385564812805455e+00
1.643908040489276701e+01
1.497278191440641315e+01
5.671439702872159039e+00
1.459998959167082688e+01
1.309951560182594221e+01
1.529454983099012821e+01
1.375078150329801119e+01
1.234247891972141709e+01
1.094215406879587782e+01
1.473763504908846933e+01
1.581830189858441216e+01
1.561242656378371940e+01
1.389307397370543917e+01
1.629793283521602731e+01
1.585456406237975102e+01
1.650688422613513850e+01
1.568886987137251765e+01
1.665063577051444810e+01
1.613767607082173683e+01
1.637324736954525406e+01
1.461480398528027180e+01
1.158164699127598851e+01
1.420708481975040627e+01
1.465008237858268281e+01
1.479562630513621002e+01
1.600259781419960703e+01
1.519672347134329726e+01
1.581621435127512143e+01
1.434055242924726592e+01
1.655658137264131469e+01
1.498806708850839797e+01
1.398351681488611575e+01
1.394713563524461009e+01
1.456444298096374901e+01
1.587217881731648284e+01
1.456112324947017633e+01
1.602078548299849459e+01
1.428298266006117956e+01
1.499474043664889855e+01
1.577643456892264062e+01
1.449432764827748521e+01
1.298586270420889122e+01
1.517284767678171775e+01
1.588291189609574872e+01
1.424708560088077647e+01
1.436690062216707453e+01
1.503181798016625947e+01
1.622124635952046035e+01
1.598396723451510226e+01
1.480171954817739888e+01
1.457512936403458426e+01
1.475014059836090219e+01
1.226316105752051655e+01
1.552204963068918175e+01
1.554189307726930380e+01
1.217725367951534565e+01
1.579383821094613971e+01
1.568007406718809094e+01
1.599825303560658796e+01
1.511257610542265795e+01
1.493758217962204071e+01
1.443761117601190769e+01
1.417351865228947361e+01
1.383994942904299030e+01
1.625017702525531149e+01
9.791225515330333806e+00
1.453367144098421448e+01
1.395290948518817942e+01
1.321501699781271810e+01
1.401573368275135678e+01
1.386591049831335276e+01
1.607476428209060515e+01
1.610369372186796255e+01
1.410688312183501836e+01
1.396104742416720157e+01
1.583977553462474042e+01
1.669331147410813543e+01
1.609936612101269660e+01
1.593256063927800525e+01
1.658985196366531056e+01
1.624950897410072770e+01
1.273671043394629265e+01
1.447917598168522346e+01
1.660182657663968087e+01
1.528035676153336375e+01
1.514877760776821880e+01
1.351203053744616156e+01
1.569972851685324322e+01
1.541521349722692413e+01
1.491287440445506540e+01
1.633456224974422355e+01
1.449157426251467129e+01
1.499331651066722060e+01
1.539660690108740404e+01
1.649683031276607537e+01
1.616112899338189735e+01
1.416586753212254024e+01
1.389285870578851778e+01
1.635515767517012620e+01
1.583791008376739384e+01
1.375358979819144523e+01
1.447382611752585291e+01
1.587303629705221297e+01
1.185501002793535008e+01
1.443290500646810770e+01
1.499871643352891404e+01
1.530664707225622578e+01
1.603645126052995451e+01
1.471944239435241109e+01
1.390079911806951074e+01
1.063916044438844644e+01
1.201507696565726846e+01
1.317464129931491890e+01
1.373276404785580596e+01
1.476552075896474925e+01
1.443127217378192029e+01
1.657787567843105947e+01
1.511574988132523067e+01
1.451760075394309091e+01
1.543940953763066126e+01
1.158164699127598851e+01
1.629267385967061443e+01
1.440130413460463643e+01
1.636278917430321300e+01
1.656956677102111541e+01
1.670916595065715171e+01
1.471242852662077283e+01
1.671267903691148504e+01
1.598842378095515926e+01
1.585992798638796941e+01
1.504316857096880078e+01
1.505169936279449949e+01
1.608258772560345307e+01
1.475684809930600849e+01
5.875535449264299714e+00
1.579315451402293746e+01
1.392777831915799425e+01
1.643170809787356745e+01
1.435752487203717287e+01
1.500125590097801975e+01
1.672103638093738098e+01
1.587907894668895636e+01
1.612499883316265681e+01
1.593813221227427768e+01
1.508507026945502361e+01
1.604224794727652537e+01
1.515633599269146359e+01
1.596961352484809638e+01
1.558189308602756640e+01
1.204892629762666978e+01
1.623181776434491397e+01
1.649425292967937295e+01
1.536605588097283004e+01
1.496208172552279692e+01
1.520913904458819843e+01
1.536300702063626922e+01
1.438682501792608548e+01
1.219217255881884121e+01
1.354182563937182948e+01
1.482119664312392970e+01
1.453128212176628509e+01
1.456592662324551668e+01
1.425957968440706836e+01
1.426440296587996848e+01
1.499750977625135739e+01
1.554634496198642246e+01
1.476272480283086352e+01
1.554604068547330442e+01
1.408539883156420203e+01
1.532491769792772018e+01
1.522523420279412676e+01
1.485707661904757870e+01
1.240705330664484940e+01
1.530133215259697721e+01
1.418469297532754148e+01
1.421767722462759131e+01
1.015031791878981160e+01
1.437831248779753857e+01
1.589090647650383659e+01
1.301160653376914311e+01
1.408975746504415838e+01
1.374992521388665168e+01
1.445807847064697604e+01
1.385416068963244385e+01
1.598641181720627635e+01
1.630185164166036671e+01
1.313411129857891524e+01
1.398199122664030725e+01
1.472654992583920475e+01
1.560184483342872319e+01
1.649176015344668400e+01
1.572885159512455289e+01
1.562096961957603014e+01
1.535165671979893176e+01
1.604355148934121544e+01
1.339788350282961105e+01
1.152625828690475984e+01
1.668047816104136416e+01
1.437359205610205493e+01
1.603190543387883693e+01
1.577260020230753668e+01
1.006130376185091890e+01
1.489455190997753498e+01
1.601536132459432338e+01
1.556059062510946234e+01
1.538096853530065644e+01
1.505114278248050397e+01
1.614733520689287971e+01
1.438964849445671845e+01
1.409993122465799509e+01
1.536371937690977596e+01
1.398143959533343050e+01
1.658192149405854110e+01
1.518303749512760703e+01
1.345327744513842383e+01
1.341865030207165432e+01
1.615219175843922272e+01
1.432455685892306363e+01
1.516818615014397764e+01
1.575715309320924895e+01
1.641151185836601201e+01
1.527997618137497859e+01
1.437555800671279904e+01
1.646608588971929521e+01
1.432393329275081939e+01
1.312519559964183813e+01
1.631972977142975978e+01
1.457164633909828666e+01
1.441425139141721345e+01
1.477991015607494951e+01
1.351382751739321542e+01
1.586330191726072059e+01
1.582269523134010214e+01
1.534127796870451554e+01
1.627941952181614838e+01
1.314491800944894173e+01
1.617478836826436961e+01
1.546573137945427057e+01
1.651841471424746288e+01
1.317004915237945539e+01
1.530566011104546575e+01
1.286296935491045090e+01
