1.436903075555760623e+01
6.404064579100100296e+00
1.435411515879678035e+01
1.332323115292899551e+01
9.613736152694553283e+00
1.439928696040953682e+01
1.463805274358398201e+01
1.434739393441857658e+01
1.379649076724259871e+01
1.423436952154252921e+01
1.490642971422099272e+01
1.478236614639858892e+01
1.495341445539040492e+01
1.504690581918123193e+01
1.410468341826236838e+01
1.357890515171432888e+01
1.475498145889716106e+01
1.496865459965045808e+01
1.479068096378508024e+01
6.946906984596560974e+00
1.389756318504990062e+01
1.424184872389785639e+01
1.388772057988057007e+01
1.347633910598941753e+01
1.450957706291647398e+01
1.384434955985857130e+01
1.383914712613512599e+01
1.487897163930299271e+01
1.503628470253283922e+01
1.424806940383516007e+01
1.430992575437987568e+01
1.265298662699373189e+01
1.127658862006929219e+01
1.280414215663980571e+01
1.506895670685080546e+01
1.346439276796812834e+01
1.221843021083090619e+01
1.422418733290773751e+01
1.428697108142014294e+01
1.493926765560510361e+01
1.425673708205588142e+01
1.467741286073113294e+01
1.257516003837591612e+01
1.400479398119042962e+01
1.423462854623621077e+01
1.506311109637663037e+01
1.193465840162221703e+01
1.402381616396611363e+01
1.429906457324915792e+01
1.332860616720384428e+01
1.116870115810556996e+01
6.348268645608313498e+00
1.329858833265008400e+01
1.442435797993207558e+01
1.389549589647653249e+01
1.354443578196234199e+01
1.242717591080813477e+01
1.437157029844273914e+01
1.314352637025171333e+01
1.368321380173718360e+01
1.422998693567853223e+01
1.476491481910072956e+01
1.470583241224338522e+01
1.441196056605270037e+01
1.443188262317723414e+01
1.440373710521600081e+01
1.467436133772201501e+01
1.487860563533074654e+01
9.477573056171840093e+00
1.400202127630893401e+01
1.398325176567353445e+01
1.478236614639858892e+01
1.436416194975344141e+01
1.218445399463983492e+01
1.433910015721608033e+01
1.486584795329053144e+01
1.170837065990442483e+01
1.304758203201395617e+01
8.552122424272848633e+00
1.423906690724809287e+01
1.286111359145175825e+01
1.414573105137410103e+01
1.301453404044164941e+01
1.406717527574001991e+01
1.365468605452475970e+01
1.375433796771264028e+01
1.490660128023164432e+01
1.445992328210946809e+01
1.451906821685808779e+01
1.405111219814943446e+01
1.142228836969974459e+01
1.371892595131292580e+01
1.454065157210409254e+01
1.478214308462937865e+01
1.400743788318483141e+01
1.506976462991168475e+01
1.437278940857333964e+01
1.400003476827588145e+01
1.420491544389057026e+01
1.428387903245260482e+01
1.331242864624723232e+01
1.423615874316942254e+01
9.352098297632451818e+00
1.435963229697622978e+01
1.460713145934717616e+01
1.340041362290434890e+01
1.386145971911904162e+01
1.196214845874956367e+01
1.480397616154062135e+01
1.399978567230450111e+01
1.489055387517057483e+01
1.263805679116041425e+01
1.466607202963941958e+01
1.433266449584188074e+01
1.467615744561988222e+01
1.483226702435218769e+01
1.360123258332524188e+01
1.439296967359063473e+01
1.233412671402433070e+01
1.296973950043740231e+01
1.443173822012740892e+01
1.429121623844678268e+01
1.428909271556156924e+01
1.404675457779738501e+01
9.627799038807772547e+00
1.443917372360235873e+01
1.416914092241000311e+01
1.420074639334763944e+01
1.486281069984897130e+01
1.271831784750638228e+01
7.075552223421458287e+00
1.467508950445594884e+01
1.013517693719914448e+01
1.445382300298567557e+01
1.216521885083690790e+01
1.418934422621386915e+01
1.506529589547821324e+01
1.454472235796721691e+01
1.323042420899261984e+01
1.346974273110030396e+01
1.426030800085741213e+01
1.479409368559358029e+01
1.425923234495242298e+01
1.436547076273631873e+01
1.431929999155794775e+01
1.470719120290541682e+01
1.484575849824819649e+01
1.373360171340205582e+01
1.367200541236876887e+01
1.433365592823187740e+01
1.439134329802933721e+01
1.397039988903630459e+01
1.428397645042212716e+01
1.381465910726561219e+01
1.472176881785888547e+01
1.289775972529680104e+01
1.221843021083090619e+01
1.444286955174791487e+01
1.407616723785086421e+01
1.462532840305553705e+01
1.442303574958885903e+01
1.324558683287999372e+01
1.445282864370159714e+01
1.313260776837264743e+01
1.440119560071893545e+01
1.455076987162067326e+01
1.462071614754844440e+01
1.466710029732857024e+01
1.452742925658100503e+01
1.439572178369911093e+01
1.451382075245281911e+01
1.429458408259188573e+01
1.430885410555330850e+01
1.418362010587855693e+01
1.492866787442054033e+01
1.461124708447423970e+01
1.409033023285677189e+01
1.484385407450795213e+01
1.402755332708234626e+01
1.392358203432693564e+01
8.271696910802486258e+00
1.501854408067940660e+01
1.408206686781988459e+01
1.408198306520786147e+01
1.416236958881808405e+01
1.437870486935496750e+01
1.302166228692526673e+01
1.167304574907234205e+01
1.481422752436385792e+01
1.270260285124719246e+01
1.435919808626659844e+01
1.348123762049161023e+01
1.334057850008998969e+01
1.480524490913856539e+01
1.290110225709952374e+01
1.489470773750161037e+01
1.338017483795090357e+01
1.478825432216708613e+01
1.424083908153468059e+01
1.387633008560240100e+01
1.400132247001915786e+01
1.476792347224065338e+01
8.958021647986804226e+00
1.343363129372709963e+01
1.431078024831795403e+01
1.493085923396857950e+01
1.417132215364475201e+01
1.433052633202426662e+01
1.390227685696580018e+01
1.470175357973371355e+01
1.469471886678060102e+01
1.442261566508806681e+01
1.501903895009319712e+01
1.430788341563849286e+01
1.045139189112645717e+01
1.400043531528724472e+01
1.490260824293628517e+01
1.470283599982668932e+01
6.017049731002899193e+00
1.252223682359570311e+01
1.432288539540229877e+01
1.248606104759926261e+01
1.252453303786065142e+01
1.419011398056331252e+01
9.607731335048786292e+00
1.471074923743259433e+01
1.356563392328438056e+01
1.203519640189260898e+01
1.345652968336834476e+01
1.433570047477624598e+01
1.228138544026490209e+01
1.442221929541535275e+01
1.440289273382184732e+01
1.453555430299897111e+01
1.337323107543349110e+01
1.270002514109868841e+01
1.366354740098003617e+01
1.474057708577168313e+01
1.364811781031713878e+01
1.304982494718111496e+01
1.446119950760103023e+01
1.410058517420380397e+01
1.168808752349496238e+01
1.350952511510799070e+01
1.368321380173718360e+01
1.380511031517407439e+01
1.359996881087024789e+01
1.448949995194119822e+01
1.435477818293371399e+01
1.497175046820648703e+01
1.428635444812718269e+01
1.309826285086984221e+01
1.322624683357616959e+01
1.480524490913856539e+01
1.405050734997349160e+01
1.329397121683220107e+01
1.384982147094851790e+01
1.455325913157932760e+01
8.765186060779022625e+00
1.232581737655103638e+01
1.371137362735795051e+01
1.420356026798078730e+01
1.428619248327311908e+01
1.480802772443884763e+01
1.312746258583967496e+01
1.444589734246846291e+01
1.458009781505774072e+01
1.428368073541149919e+01
1.435130243273495765e+01
1.226321043855476489e+01
1.255232310425058806e+01
1.458822281102235507e+01
1.363118267237140557e+01
1.431541391032646615e+01
1.168436453638709693e+01
1.455672047918734435e+01
1.253522776901042235e+01
1.498516616397291479e+01
9.956979288151170948e+00
1.304924064133663109e+01
1.505123872222225856e+01
5.614620615745632648e+00
1.416821197362301277e+01
1.381598200710841162e+01
1.368500711960675531e+01
1.447744222069004394e+01
1.197949237365906150e+01
1.436919506970756544e+01
9.320352726790821052e+00
1.199119253856135003e+01
1.352546189704266943e+01
1.393098122150695239e+01
1.448822030898968904e+01
1.443102318860742983e+01
1.344970498196249764e+01
1.484494584505138093e+01
1.386225964546751399e+01
1.283993472625621557e+01
1.503443237396157528e+01
1.348302117629925867e+01
1.426030800085741213e+01
1.390143794451919668e+01
1.379810034610086511e+01
1.441196056605270037e+01
1.395466008452070028e+01
1.447438309939415824e+01
1.210954905892698719e+01
1.491053018133903052e+01
1.443798683030253471e+01
9.415808310804361980e+00
1.431194497185272851e+01
1.505759453503787171e+01
1.353351206184390065e+01
1.434106149645761619e+01
1.253627193058444078e+01
1.375026141532914714e+01
1.435938983816012637e+01
1.207994184033182350e+01
1.501418559048833501e+01
1.405123497253451248e+01
1.400132247001915786e+01
1.382090668290434898e+01
1.446843102430056405e+01
1.375897327462251596e+01
1.371968656897049677e+01
1.396591184419267861e+01
1.440268438001380247e+01
1.348742754550033496e+01
1.428846745254437423e+01
1.445348910332824666e+01
1.452813920949582283e+01
1.440651939868793718e+01
1.355145718134018651e+01
1.433685157016126510e+01
1.426221303486731529e+01
1.425512728461904288e+01
1.464653476096173179e+01
1.432649288245094610e+01
1.487798850407322249e+01
1.268609237094470288e+01
1.463589197371245021e+01
1.409650447975140430e+01
1.460756879871103386e+01
1.460445981399043092e+01
1.414490897637849898e+01
1.447595162707374072e+01
1.457045288126059468e+01
1.415641638814027381e+01
1.474229558654077721e+01
1.437282327672095938e+01
1.459720149786427079e+01
1.424312802126875610e+01
1.384160261736355935e+01
1.134429753560772625e+01
1.498146452892432201e+01
1.389017711545401923e+01
1.415063295646165642e+01
1.472661462277221567e+01
1.477144262053028001e+01
1.376218272393388098e+01
1.424218624436511860e+01
1.380062687593666126e+01
1.380144659614409797e+01
1.431619179897528227e+01
1.177623919683190223e+01
1.347691218493534748e+01
1.480197731379021420e+01
1.464992674107758752e+01
1.102888471492482836e+01
1.406171530009451942e+01
1.139822920646199478e+01
1.233415122237432726e+01
1.262987792812205434e+01
1.347607141761608673e+01
1.442441417268190662e+01
1.341011678317352107e+01
1.466710029732857024e+01
1.430595874306920479e+01
1.495788376762130234e+01
1.481695932536059246e+01
1.279300923108939081e+01
9.418195800973531817e+00
1.482189930175961656e+01
1.132571318942000893e+01
1.460485060085862585e+01
9.673792672537290471e+00
1.375325823436189410e+01
1.404104348235880551e+01
1.268033292464664541e+01
1.358305620284731852e+01
1.419159354531405270e+01
1.379995527469265326e+01
1.430383912315741668e+01
1.462414983699665072e+01
1.172809949384355477e+01
1.341642494788522555e+01
1.505486122603479693e+01
1.435944028344248480e+01
1.486238202777457396e+01
1.460261126279613109e+01
1.503145317968568051e+01
1.361759833745816728e+01
1.504249995302916787e+01
9.747274901479615394e+00
1.421137911751770488e+01
1.471345888467616625e+01
1.483642076258765918e+01
1.464194511868017123e+01
9.905425248669571303e+00
1.445191780764066358e+01
1.233004417857796398e+01
1.404811166128772726e+01
1.328452199068098949e+01
1.492468735572543181e+01
1.391071987533391052e+01
1.448209347995050500e+01
1.432288488842257834e+01
1.421373795334118739e+01
1.442325427953840844e+01
1.463847707271120768e+01
1.321081695652801002e+01
1.437273853600725460e+01
1.418012899882559807e+01
1.439156092225534600e+01
1.436477043495442807e+01
1.437945983011109519e+01
1.282393349487364276e+01
1.471980417686413922e+01
1.425799154839312521e+01
1.420459620623615038e+01
1.441919578144750602e+01
1.446210683551773890e+01
1.467508950445594884e+01
1.504549008318689474e+01
1.437677862971363041e+01
1.090646814782757623e+01
1.506634464277862051e+01
1.364712766715283010e+01
1.355661691799031310e+01
1.276819961313086615e+01
1.179795268692683052e+01
1.436111027706817822e+01
1.455062667948788224e+01
1.357102540716184791e+01
1.370969925718488547e+01
1.440533215071002715e+01
1.496293857412878836e+01
1.215844086596489504e+01
1.354398044419520275e+01
1.420975070477811109e+01
1.496654685369876248e+01
1.234459634897224944e+01
1.428323268829952752e+01
6.730208783577700693e+00
1.290828346022449580e+01
1.126092213608118087e+01
1.302806153076702778e+01
1.104481739239127869e+01
1.450626687248489333e+01
1.494749363836700340e+01
1.219707029900084549e+01
1.362159011750131121e+01
1.442771316155646133e+01
1.396400564817627377e+01
1.463067950791553606e+01
1.481371440972566766e+01
1.442627122758864466e+01
1.440069721118814350e+01
1.457266479939972115e+01
8.651174974759964442e+00
1.466384483201580480e+01
1.436111027706817822e+01
8.453260773148652873e+00
1.459868211854247377e+01
1.428458999027449394e+01
1.456121180363311751e+01
1.371103075112621283e+01
1.490968923313625361e+01
1.417359264319492240e+01
1.477772707258840157e+01
1.419158419939848592e+01
1.077012560002480868e+01
1.101784923738309274e+01
1.458051637058391670e+01
1.467456795010099313e+01
1.463598605412755305e+01
1.400181528100086226e+01
1.500035450022829764e+01
1.421196234105635448e+01
1.494858956359570357e+01
1.331242864624723232e+01
1.435151500628682797e+01
1.401829695120117947e+01
1.281171632702725915e+01
1.423833797122242117e+01
1.386684357778878507e+01
1.417354971282673759e+01
1.256887879378324158e+01
1.422707052198623678e+01
1.367200541236876887e+01
1.478236614639858892e+01
1.447056003147889314e+01
1.349450280083141607e+01
1.394054893472545587e+01
1.184216135586019369e+01
1.486164852761338295e+01
1.502343123317146656e+01
1.423834211602853195e+01
1.434906835515124790e+01
1.452845346126692050e+01
1.495358346412966100e+01
1.411791349175824450e+01
1.406383508923991066e+01
1.490296662123242477e+01
1.420459620623615038e+01
1.427951412758098648e+01
1.321338114779881678e+01
1.423773378977507775e+01
1.305905597836505194e+01
1.375021912123228063e+01
1.414171281129794266e+01
1.075098855817721422e+01
1.405279347335808637e+01
1.427293901264963338e+01
1.501239381204520384e+01
1.139822920646199478e+01
1.484684815399742774e+01
1.407210046931343150e+01
1.406583298875134780e+01
1.225460498029247525e+01
1.360892133384752967e+01
1.436941986556687390e+01
1.379722736664462346e+01
1.220081442637801317e+01
7.302894476007389279e+00
1.479618262872799761e+01
1.064907042982657437e+01
1.459513998113327204e+01
1.221843021083090619e+01
1.270187230649201027e+01
1.433920007657982509e+01
1.428109957222987347e+01
1.430954693369214503e+01
1.495341445539040492e+01
1.359450782125983004e+01
1.504698656227911968e+01
1.496670795711219526e+01
1.471878608801609545e+01
1.456672905518290762e+01
1.449480382648412657e+01
1.461808761827832015e+01
1.367296121891784466e+01
1.328421382526558681e+01
1.437752455582123901e+01
1.472303819447290252e+01
1.463310667654374342e+01
1.301949037880266857e+01
1.416869929102830206e+01
1.431770355102772463e+01
1.505162745868911855e+01
1.120220549440700530e+01
1.473349706866324382e+01
1.422563861687751086e+01
1.333473556449628461e+01
1.448408766249968593e+01
7.659195041609404342e+00
1.298835309746870514e+01
1.490619608888943759e+01
1.502556642500452533e+01
1.365869200046759424e+01
1.433825211958157908e+01
1.497013673038652470e+01
1.447119773605509963e+01
1.434806421501733098e+01
1.462257125962578996e+01
1.426541864989982855e+01
1.357126774412479442e+01
1.478498377171393940e+01
1.378125351819955924e+01
1.398207457245024088e+01
1.195505712101263107e+01
1.480247445160324737e+01
1.447096987278068880e+01
1.321235517390058156e+01
1.464054670603381680e+01
1.371103075112621283e+01
1.505281785910934822e+01
1.395709207803384366e+01
1.460395807854174066e+01
1.436681330358566377e+01
1.411616595040464617e+01
1.434368397290704067e+01
1.356563392328438056e+01
1.446878494879183208e+01
1.390800383787783012e+01
1.438813737800024661e+01
1.393831779584892949e+01
1.345116993585202891e+01
1.376803404356748040e+01
1.421384913760692825e+01
1.411320234059979661e+01
1.299325453528743957e+01
1.344952295057160718e+01
1.504994518472602216e+01
1.428845606566299864e+01
1.410369148179499987e+01
1.455014317650930167e+01
1.372049641205589410e+01
1.140052296912866048e+01
1.268033292464664541e+01
1.487676192547263554e+01
1.335799971449343460e+01
1.439838853723445666e+01
1.396591184419267861e+01
1.304924064133663109e+01
1.473345507505825935e+01
1.437677862971363041e+01
1.433139074057375950e+01
1.440708439903181670e+01
1.405123497253451248e+01
1.122978556110865611e+01
1.432661426930283710e+01
1.464587681192057289e+01
1.469810395158029159e+01
1.448298747575611145e+01
1.118006708965610407e+01
1.503617185540377577e+01
1.497006604785936368e+01
1.416671069181443166e+01
1.447151014776299860e+01
1.441006766483029367e+01
1.388687971791174114e+01
1.006462927436387034e+01
1.435228659468317147e+01
1.439691544580772486e+01
1.330297415361440194e+01
1.416730203125516674e+01
1.396402053903062068e+01
1.371488147837130711e+01
1.393692634317201851e+01
1.394965473418383439e+01
1.415889693129236981e+01
1.374084114384459454e+01
1.169912202902093767e+01
1.423612442142542633e+01
9.439200740198643302e+00
1.485460552672223500e+01
1.406748272527281252e+01
1.390037059590160595e+01
1.421583931294325609e+01
1.075844958900059822e+01
1.407923398801275283e+01
1.495358346412966100e+01
1.394965473418383439e+01
1.441300494025853318e+01
1.436328699992303726e+01
1.465631549522847621e+01
1.329354415057744809e+01
1.303321170055700406e+01
1.471543121869293103e+01
1.243364643577865003e+01
1.464483102055067931e+01
1.475621490852560669e+01
9.789100949091078974e+00
1.215510393855938531e+01
1.277290558095527118e+01
1.266642242054377299e+01
1.495108967269394284e+01
1.433870785684474924e+01
1.459520024980834663e+01
1.390517683871739862e+01
1.452471257991302522e+01
1.280603938096432870e+01
1.404236766394590141e+01
1.301949037880266857e+01
1.284547828901242283e+01
1.273161871115962995e+01
1.486663403790716487e+01
1.381906232958639613e+01
1.429353500585945014e+01
1.438275105032733414e+01
1.506875898205614916e+01
8.401730708686759641e+00
1.440069005915279909e+01
1.356729365511945851e+01
1.368644040132898176e+01
8.534984469847449517e+00
1.400116736220486935e+01
1.450362256743341582e+01
1.430797948360098459e+01
1.278585395575623807e+01
1.417457120786544778e+01
1.445786993260637310e+01
1.457731828101605842e+01
1.184216135586019369e+01
1.488370346626953733e+01
1.115106782937429841e+01
1.474083433638260132e+01
1.380169096952539576e+01
1.428689741066671282e+01
7.313416399516757593e+00
1.352546189704266943e+01
1.420646064653895557e+01
1.447624533175140371e+01
1.326903782119429565e+01
1.375647432946417936e+01
1.500533735767861288e+01
1.434535877173221685e+01
1.285182611249598494e+01
1.442848973169974158e+01
1.365134600673917120e+01
1.409650447975140430e+01
1.435562246753126558e+01
1.369316613429626628e+01
1.486978323850068762e+01
1.480802772443884763e+01
1.220081442637801317e+01
1.468928682982456735e+01
1.440811545338092614e+01
1.470369839036028203e+01
1.337811767441551325e+01
1.359555226909047043e+01
1.405380017915418023e+01
1.192892066792789763e+01
1.498120558145654435e+01
1.493674436679710027e+01
1.374414609405487298e+01
1.462841211833288568e+01
1.433436328163077533e+01
1.493228873348978425e+01
1.440442147060845812e+01
1.501626445223471862e+01
1.374832636829203736e+01
1.422426700017067702e+01
1.437617448879697335e+01
1.429892440807290122e+01
1.506351754829043799e+01
1.400189115193706613e+01
1.423429645142576128e+01
1.462174966851102731e+01
1.468498739177487700e+01
1.410141447064657605e+01
1.496669705173422571e+01
1.390111846520007077e+01
1.452246275659463493e+01
1.376651335027288248e+01
1.443666240971760573e+01
1.441915047064976463e+01
1.488165517255464287e+01
1.441853453299532006e+01
1.487484396972260470e+01
1.408650532284662660e+01
1.356068125956839765e+01
1.411385526355603304e+01
1.270260285124719246e+01
1.438766171889119327e+01
1.390366323350820998e+01
1.408849126244589378e+01
1.309120208626154636e+01
1.177176922695357320e+01
1.488565226560518973e+01
1.186686107657768119e+01
1.406034287411064909e+01
1.347811420903356527e+01
1.261466245499666528e+01
1.420459620623615038e+01
1.384766832021898608e+01
1.443720691854583649e+01
1.394074747811446180e+01
1.490509120795832487e+01
1.423745698214051458e+01
1.322448457177966930e+01
1.043294076403005910e+01
1.436769144371730533e+01
1.433830359202072202e+01
1.340407501153275049e+01
1.486985605224487017e+01
1.433683162088517982e+01
1.466066072611133819e+01
1.480745653485806912e+01
1.452268309977275074e+01
1.436264447933824506e+01
1.449818540561563651e+01
1.460179664139646860e+01
1.481250292304741478e+01
1.465732520776099435e+01
1.441213833695713475e+01
1.493446956872843323e+01
1.442595795591546803e+01
1.400001698761375124e+01
1.453426875758388093e+01
1.474199333190819594e+01
1.437087166239891012e+01
1.398781891374330044e+01
1.312350451066639323e+01
1.458828385583309384e+01
1.419098315803631394e+01
1.326064733046209909e+01
1.420459620623615038e+01
1.450331401217333394e+01
1.272024415722436075e+01
1.456465086695604683e+01
1.319015536856648652e+01
1.013517693719914448e+01
1.396591184419267861e+01
1.471255522712586128e+01
1.356563392328438056e+01
1.457020293944756872e+01
1.410468341826236838e+01
1.341824994570994178e+01
1.134257079851015959e+01
1.406513494994523583e+01
1.476894412136969592e+01
1.495793892220041243e+01
1.343747103623497452e+01
1.499527987892463088e+01
1.492178579964809870e+01
9.424847222179941753e+00
1.445916853244721523e+01
1.365834673561949053e+01
1.442755189131904814e+01
1.407186179331248255e+01
1.358271670865921976e+01
1.503283866269484648e+01
1.054095199873562194e+01
1.441700706908154928e+01
1.312427711412208353e+01
1.378009795588030073e+01
1.432805220353017539e+01
1.354269243811063639e+01
1.490980368966607017e+01
1.309779175331526524e+01
1.481477188798319844e+01
5.779104322972197672e+00
1.404401012528361115e+01
1.479279025336860798e+01
1.501242735849394094e+01
1.463805274358398201e+01
1.426219584684973896e+01
1.493446956872843323e+01
1.422736517654668731e+01
1.499376375470412981e+01
1.410226378643960743e+01
1.217023215643517986e+01
1.400031631106181429e+01
1.301894047678040423e+01
1.484402434231572698e+01
1.305219897387708627e+01
1.370028963458620552e+01
1.435916175658384475e+01
1.422294440185140552e+01
1.377285516721595826e+01
1.421169750077794092e+01
1.419360103598848966e+01
1.490311952542161222e+01
1.305219897387708627e+01
1.403589954539528861e+01
1.474925853269987108e+01
1.462058273515132001e+01
1.479943395859100619e+01
1.414754194669203535e+01
1.433052633202426662e+01
1.438573948281331738e+01
1.469860600858451249e+01
1.489976029861454521e+01
1.344325160007910647e+01
9.851411649934556536e+00
1.416670943716457387e+01
1.311977774306459210e+01
1.152534177347879663e+01
1.255865050361888535e+01
1.346407803834931194e+01
1.432584050845802537e+01
1.410353103020042731e+01
1.469955816477639843e+01
1.476986129161266170e+01
1.483782845442068599e+01
1.363956298552236390e+01
1.439572178369911093e+01
1.433715655023731728e+01
1.425569716631345507e+01
1.503283866269484648e+01
1.403055944217324225e+01
1.352241098411646014e+01
1.133092843606905475e+01
8.299956163129250442e+00
4.705212008045748462e+00
1.417187569198660491e+01
1.442520593380001159e+01
1.196387557852899164e+01
1.374157330161824042e+01
1.409558803836164387e+01
1.456691653585589918e+01
1.468586224513910565e+01
1.197929092030313036e+01
1.415909506457062506e+01
1.368948691950647145e+01
1.208797183845192258e+01
1.023424401559494790e+01
1.419688266981532365e+01
1.041998852975805434e+01
1.187495923751482607e+01
1.328366520358642866e+01
1.416786854722948519e+01
1.418779474620385983e+01
5.174089557191785538e+00
1.389607981353877086e+01
1.436453545057977976e+01
1.117163348497110498e+01
1.436488466532959407e+01
1.441040651198043143e+01
1.439196323568087443e+01
1.440661803730774082e+01
1.301926446319805208e+01
1.447106353136592460e+01
1.426627948273505453e+01
1.402681231528091388e+01
1.395044561515555159e+01
9.439200740198643302e+00
1.405062321564680516e+01
1.319264467883682990e+01
1.332776720795936498e+01
1.114270544091714399e+01
1.283655119764181407e+01
1.502568420577368968e+01
1.457706322557881151e+01
1.500679186223886674e+01
1.429458408259188573e+01
1.346400527961097637e+01
1.483635983665743652e+01
1.472026825034804176e+01
1.428936091250519880e+01
1.460912181711304925e+01
1.279984787100988086e+01
1.457493866692144735e+01
1.270590054530183011e+01
1.447163022718488889e+01
1.406659047022125897e+01
1.150655152364310752e+01
1.419665225407095477e+01
1.416785885570173775e+01
1.465438464688060805e+01
1.441400270316205834e+01
1.282592995819252124e+01
1.465639263376307966e+01
1.395816069146658833e+01
1.233891161500791966e+01
1.215643429646288176e+01
1.438053251409785105e+01
1.462398604437352212e+01
1.085551557087538654e+01
1.432028913688860428e+01
1.376950858023063873e+01
1.339338274019018371e+01
1.186859444698728794e+01
1.496597867236705426e+01
1.423934905380988525e+01
1.477223518979252859e+01
1.455110033751990883e+01
1.497472008877334204e+01
1.481477188798319844e+01
1.438787166989764899e+01
1.449034645213109584e+01
1.485189132352316932e+01
1.177166641998607943e+01
1.499555857536662096e+01
1.426375530624495447e+01
1.308087675015242546e+01
1.071332213108428810e+01
1.406464385786038918e+01
1.284359558110935851e+01
1.298119858243084224e+01
1.413563402837230498e+01
1.433351260862842480e+01
1.440656553244262028e+01
1.429954437558390090e+01
1.469271897598173915e+01
1.500596806961489449e+01
3.773724354549068405e+00
9.956453157572415336e+00
1.307143979420849611e+01
1.468928682982456735e+01
1.375067450607331665e+01
1.418333033835532042e+01
1.441624885235717635e+01
1.457131654437892365e+01
1.361851996299086132e+01
1.462335155386423580e+01
1.387789271664972190e+01
1.460578469413484015e+01
1.462013731492909585e+01
1.186412226692713467e+01
1.432061601694201691e+01
1.497404724647318375e+01
1.432127397937259516e+01
1.344325160007910647e+01
1.422677601941810366e+01
1.483342819307042504e+01
1.400043432165248802e+01
1.493696274653844647e+01
