6.773136152231590046e+00
6.693604830265211802e+00
6.183536173773774181e+00
6.830481697774152927e+00
5.906335943750596229e+00
7.173568338867952754e+00
6.323963707384424815e+00
5.611596275166741421e+00
7.700383792486567458e+00
5.646431425642706614e+00
5.750209639009549178e+00
6.185264625178225728e+00
7.301125358422923206e+00
5.992072488371029682e-01
7.324234352801429537e+00
5.188108897282847742e+00
2.479022561576016415e+00
1.544964802800390669e-01
7.666851536984738757e+00
7.433046502009829304e+00
3.565147764935921337e+00
5.964104456083505035e+00
2.267511019022518948e+00
8.048460338047178197e+00
6.552849648430693286e+00
5.573721375177800752e+00
5.310218121493376131e+00
7.899022898938102166e+00
6.259332307490132585e+00
7.917712435799477255e+00
4.725322832506988480e-01
3.616072795287807562e+00
5.838492038144268648e+00
7.519652256808213586e+00
6.582676132555113746e+00
7.377532242451192879e+00
7.999524725210516607e+00
7.938583169146818719e+00
7.537586284131968739e+00
6.150075970783561274e+00
6.064594418210873528e+00
4.950521798606235535e+00
7.453351434946837273e+00
5.210011722464105155e+00
5.885238834769676686e+00
7.547295912081865232e+00
2.093851571865936734e+00
5.590367376627903617e+00
4.561287250125289461e+00
3.078791484307175974e+00
5.276191702257460925e+00
7.668306056109703839e+00
6.137931488771640076e+00
5.764780035846906792e+00
5.716787430074795395e+00
7.738495948248204748e+00
6.562021376845319054e+00
7.131880766793449844e+00
6.504884591992382781e+00
5.967285415637615387e+00
6.499077723513654981e+00
4.077507121761063225e+00
6.136724646511972914e+00
5.697715720882630563e+00
5.917210828534988032e+00
7.093912726956451920e+00
5.380935023643556470e+00
6.127141244062269010e+00
4.647356090450806221e+00
7.632445701122613002e+00
7.771763378570589076e+00
6.423648745377301239e+00
6.321012291618906431e+00
7.888949707780778198e+00
3.277814515160504261e+00
6.774217687393277565e+00
5.602205355834431799e+00
7.767019373861527853e+00
4.869446375876036015e+00
3.664626895617822733e+00
5.805380493605750480e+00
8.042712334696481946e+00
5.933194364499240869e+00
5.787722769518789612e+00
7.433002254145450571e+00
8.020803874126777089e+00
5.947020716927499784e+00
2.060317270628377884e+00
7.926649870419861799e+00
6.921038738548064728e+00
7.761651097158531520e+00
6.264328086021083486e+00
5.685811785767191040e+00
5.977561810851227619e+00
2.625872717358349817e+00
3.682186451008818473e+00
4.361788086748911830e+00
3.034036515403778722e+00
7.889556497800607637e+00
6.341594070998750610e+00
6.468165171318205786e+00
5.912353617064514566e+00
5.889895959200636355e+00
8.011749482227592978e+00
6.939624347217081990e+00
7.219670087185196650e+00
6.755859262902239593e+00
5.045971330535158117e+00
3.228461465011900344e+00
5.705904437322958600e+00
5.647496756981246868e+00
6.637679080260325826e+00
3.886316832905168384e-01
7.771805662759050826e+00
7.181781458644066696e+00
5.343307484413484687e+00
3.200200537909612564e+00
7.362521079544620761e+00
7.293244890107938083e+00
7.715550344800293558e+00
7.387154664855292374e+00
7.408546991341173005e+00
7.333578469597288318e+00
7.085674044673307748e+00
6.105562318997423965e+00
4.090135845666519110e+00
4.241596285005209133e+00
4.740876049216716126e+00
6.112206674282234076e+00
6.911129658090801264e+00
5.897585025515417634e+00
7.165110503096997263e+00
8.084488907086473830e+00
7.134998625463522259e+00
7.844955576137845554e+00
7.042067537030778368e+00
6.108565866937079036e+00
5.976715039339583591e+00
8.086500736368591902e+00
8.020209917204653038e+00
1.958760804542332590e+00
4.224022456640012635e+00
5.920097154729865530e+00
7.277753104381343263e+00
4.454334710768027783e+00
5.831731090610847268e+00
6.081078231065250250e+00
7.528515245832492653e+00
5.893541231343204512e-01
7.712736784406089008e+00
7.683946291186881439e+00
5.766149975414541551e+00
6.994234716521945394e+00
5.831565938263906901e+00
7.277753104381343263e+00
6.143503352915921312e+00
3.379688004417700675e+00
7.017975686354897213e+00
3.610695490494284066e+00
6.911129658090801264e+00
7.507808297637993178e+00
5.647496756981246868e+00
7.725474858264819389e+00
6.249137982502633193e+00
4.085876410286696903e+00
6.229283993081812021e+00
5.672794702456505966e+00
4.241596285005209133e+00
6.385040529335217485e+00
1.647798196332894927e+00
7.941992391545326768e+00
3.115097811880833234e+00
6.665364134547957065e+00
5.894776844129477666e+00
5.728594116146656035e+00
7.689187041370511899e+00
5.584476356248062601e+00
6.066064843604643819e+00
7.430497125875317188e+00
6.681152660940695931e+00
5.862064504892115835e+00
6.339070197924423944e+00
3.582868448337146905e+00
6.703525182940563099e+00
5.835371448657746818e+00
6.994231306321486485e+00
6.217135804305351066e+00
6.551843691413067106e+00
7.026470088217704024e+00
6.975392927579630253e+00
8.035876360875601421e+00
5.724615642678128502e+00
5.601969573073121822e+00
6.172636603181608450e+00
7.465731926264794538e+00
4.916559978815693732e+00
5.938234167940448671e+00
4.565632840456208541e+00
7.460001127951228383e+00
7.663276565152004949e+00
7.099396278455822440e+00
6.665364134547957065e+00
5.556004968525101617e+00
7.395622705564372623e+00
5.905578205409665493e+00
3.264178041948984088e+00
5.843916359278321870e+00
4.610711366105442188e+00
4.869966343143698140e+00
6.705719671711642960e+00
5.742797485949947323e+00
6.734097205554383514e+00
2.146443834492919311e+00
5.681946454641581212e+00
6.549933326478914353e+00
6.895687205686686028e+00
7.579943185368366976e+00
8.030638817954420361e+00
5.605601656423115919e+00
5.191565052407960401e+00
8.033081852717355531e+00
5.702170747500231229e+00
5.974171942432137783e+00
4.760116838399273576e+00
5.868071165957529978e+00
6.238012336878417052e+00
5.380935023643556470e+00
6.500534122943490090e+00
8.044537137428299900e+00
5.163242351658886342e+00
8.040740398572236103e+00
5.908539901047325849e+00
7.581560195132792224e+00
7.792827054046663982e+00
4.494025052250504970e+00
7.498225922116363407e+00
6.659291541695912642e+00
4.055812843224542164e+00
1.672785178995672917e+00
5.915127329916362697e+00
5.913815064706108515e+00
6.332474911696732711e+00
5.918067072322274136e+00
6.754552258976111112e+00
6.352508279882996156e+00
8.045064048584238847e+00
7.296608534835209880e+00
6.163944773658781351e+00
1.258588650333990477e-01
5.280820613330046598e+00
6.133386215210683723e+00
6.803850156464404719e+00
5.928938964669301370e+00
5.729676787326918763e+00
5.250140015521822079e+00
5.741486675039245924e+00
6.979019045869617521e+00
5.980020230079794885e+00
5.717318466106864783e+00
6.700572532670066472e+00
5.719599933581420714e+00
7.944208324719022052e+00
4.280977254735535809e+00
4.694749772421721978e+00
5.607235990867641462e+00
3.284416971057726009e+00
6.059741376878631236e+00
4.605931225160260212e+00
4.948056449665410028e+00
5.685939317716806052e+00
5.787151138609932133e+00
6.917019938804652490e+00
6.878904108737356360e+00
6.088386485145186100e+00
5.862373774941378457e+00
2.060317270628377884e+00
5.043155691184607825e+00
7.913793087280389216e+00
6.064307203489294196e+00
2.053979156201791501e+00
5.061746002479701190e+00
7.416293458346936873e+00
6.821161890413378615e+00
6.846307595744568708e+00
5.786491693284574467e+00
3.631545003595213927e+00
5.240588932023041657e+00
5.516326848866205168e+00
7.766162186968456282e+00
6.305487517535930841e+00
5.283272982670895956e+00
5.607861616108928970e+00
6.546163032954609662e+00
7.307813293251048670e+00
6.378036296257311832e+00
5.670346944368262143e+00
7.702062794472648299e+00
7.463375737546756206e+00
2.891691189816228302e+00
5.922114189920069549e+00
3.049412480810744230e-01
3.461394840233410708e+00
6.958392050845425558e+00
4.480954007795969751e+00
7.585516515985407437e+00
6.173661093267490685e+00
7.355155937709734637e+00
6.078524606038014255e+00
5.775288595036625061e+00
6.377047411424998202e+00
8.045309342544964437e+00
6.670158073994681303e+00
6.204137107303557386e+00
8.057103778132615801e+00
7.550687028669951673e+00
5.752387305273725104e+00
7.083635848743442764e+00
5.819578919431071640e+00
5.348916624362868077e+00
6.713694752442539659e+00
6.017809413573018240e+00
7.430885925405635639e+00
4.163304120598923852e+00
7.056899381115021797e+00
6.068835830795073605e+00
6.593369185338972649e+00
6.787877369977398878e+00
4.980342038930916537e+00
7.901559895179948612e+00
6.574994723819706621e+00
6.679018395531029384e+00
3.193765278843913591e-01
7.402556149868225965e+00
4.324055962331460279e+00
4.443572162374095136e+00
5.981017460627462867e+00
6.007990744666116711e+00
7.738486526490838457e+00
4.117373902069926039e+00
5.853942783592518850e+00
5.913815064706108515e+00
6.531215916073879413e+00
7.621706513601216315e+00
5.606181610550160954e+00
6.649494456582019097e+00
5.114600859129341259e+00
5.831533952182197389e+00
2.111135921632395718e+00
6.497770892052923131e+00
7.725223605772518098e+00
7.722903472152282234e+00
5.790464974610430637e+00
7.841323357531409854e+00
5.638473983474870721e+00
8.009901165841952775e+00
7.237001289271478122e+00
7.460728744037217197e+00
6.054749992274933490e+00
6.461890171934641103e+00
2.942351530949252614e-01
6.907682389672852530e+00
6.012773730398544458e+00
6.775267936282640235e+00
5.831731090610847268e+00
5.718353991565260586e+00
5.839853786600232688e+00
5.895466555073674009e+00
5.791082862758109684e+00
7.472078199074056570e+00
5.019943703008267200e+00
5.128110071888695387e+00
5.601695002033039827e+00
7.690174349116285946e+00
7.954254620602230652e+00
3.197211934133176836e+00
5.601912164822939744e+00
5.356455420396996736e+00
4.564695093318730912e+00
6.494901888348351804e+00
7.153198782754619067e+00
6.407135901022218860e+00
7.120828382951168045e+00
6.003067815287757014e+00
5.728594116146656035e+00
5.790344439609696359e+00
7.807924488976285105e+00
7.477614613491930129e+00
6.936774163128692550e+00
7.132954735424334558e+00
5.831520907752445027e+00
5.793247848545567180e+00
6.255223978137615326e+00
7.863071258729648072e+00
6.878352667473888182e+00
3.331699090447778122e+00
6.143503352915921312e+00
7.649077688804517550e+00
5.890946933008093467e+00
5.914764138284904327e+00
6.128940564137476343e+00
7.498055237274874330e+00
6.034857909268122711e+00
7.959347723944755870e+00
5.794019987835900665e+00
6.497214806402138443e+00
6.973562107844591296e+00
6.592628195709526295e+00
6.288043798814993757e+00
7.489649072277236641e+00
6.810695920220386057e+00
5.936107357479085245e+00
6.071722121688590157e+00
4.621696824841478701e+00
2.777847303156968817e+00
6.194355909621447331e+00
6.023144903227029445e+00
8.081415052494678619e+00
7.145423143578815584e+00
7.349197611492616744e+00
6.694957489387349803e+00
4.468071268815250185e+00
5.866491306610483569e+00
7.464682251998267404e+00
5.822995185514630911e+00
6.010738274661911795e+00
5.729661838877183833e+00
7.358279334899186175e+00
7.891838094653310876e+00
4.807061315219558040e+00
5.884356951038786754e+00
4.797970811260957369e+00
5.671009809426401205e+00
6.864285016475459855e+00
5.544256659973963330e+00
4.949380182707774800e+00
4.090135845666519110e+00
7.963211273902810028e+00
8.043224764018823691e+00
7.794254340411152171e+00
4.413792499157861648e+00
6.584497925644345884e+00
4.289078559084290809e+00
3.175555810093257936e+00
5.985457173097598726e+00
5.637841294090208955e+00
6.575680832158579570e+00
7.598810246126712187e+00
3.528861834956006582e+00
5.492686525362157290e+00
4.898826945005684053e+00
6.179434915675553697e+00
6.602111592715552035e+00
5.677070707612051237e+00
6.255308298724995275e+00
7.133508422828262141e+00
7.356407234903292292e+00
7.000699026676638681e+00
6.444077127175054542e+00
5.785761672591873683e+00
1.566665484586494239e+00
6.601422330327626931e+00
7.715622342652021182e+00
3.859774596548592118e+00
5.714112363254910676e+00
4.254416691844029152e+00
5.889893250497699739e+00
5.997264722410674764e+00
7.985916563347301711e+00
7.173032012462604357e+00
7.388885807272856709e+00
6.239713125418203887e+00
5.733722186296827061e+00
5.805394045421013338e+00
6.150329446698585834e+00
7.321882643719957784e+00
5.806110922048416612e+00
5.559875725909748212e+00
8.044186299395787998e+00
6.174634119547540934e+00
6.010197142400202530e+00
7.808796799140938383e+00
6.570637379252262988e+00
8.057321062278770540e+00
6.497203882517732509e+00
7.944710558952825963e+00
6.023144903227029445e+00
6.977543304472453300e+00
4.821978446249157280e+00
6.112206674282234076e+00
5.870914657737111852e+00
5.647496756981246868e+00
6.133638890276172262e+00
6.153346227692731318e+00
6.321012291618906431e+00
5.763434640415604271e+00
5.836612086521490106e+00
8.086877627312238914e+00
6.735907145144929054e+00
6.921158941451216684e+00
2.990496630279441348e+00
2.909832607708691121e+00
4.917190430030767168e+00
7.231870280908047732e+00
7.437765173766791582e-01
5.234615779363849697e+00
7.824549876806326409e+00
7.513338675758520324e+00
4.154428921628151805e+00
4.519769984416345920e+00
5.757952011629349443e+00
5.608980827231601296e+00
5.807203514824442081e+00
6.690521014859898585e+00
6.075089084691689401e+00
6.319686101297301128e+00
6.291361287707428751e+00
7.902288584250335646e+00
5.673583109653448808e+00
6.007990744666116711e+00
5.702218605458386769e+00
6.149604246796833706e+00
6.033966777617117749e+00
5.831188641283726604e+00
8.041736660260072611e+00
3.030522352096531424e+00
5.927100090368394802e+00
5.742278859469155172e+00
6.914310421929721784e+00
7.179020255072755319e+00
4.788439022304650017e+00
5.755655341660893320e+00
4.893981959358072231e+00
7.487382212774646995e+00
7.981478572886624434e+00
3.766606471843576553e+00
6.506551443830232984e+00
6.044210434513262342e+00
6.032302087293984982e+00
7.262224855064599360e+00
7.960701644130571353e+00
5.932306289449791770e+00
4.036244210654781561e+00
6.274874575770823526e+00
5.834501092440362413e+00
4.078406462323211024e+00
5.702218605458386769e+00
7.738115804042243084e+00
6.936996022179974908e+00
7.664099421249918720e+00
6.076760570994936828e+00
5.475788621194853434e+00
6.268571863762337770e+00
5.909460989794314223e+00
4.949380182707774800e+00
6.898239782205506820e+00
4.494025052250504970e+00
7.764900421857864110e+00
6.169259934143076940e+00
5.695316537609633301e+00
6.494901888348351804e+00
5.986049429526943300e+00
6.194523116522709927e+00
6.143217248411650289e+00
7.797417786173315157e+00
5.917210828534988032e+00
5.809862966877513912e+00
7.540474266468231157e+00
7.625615951247531221e+00
6.699905880450058859e+00
7.577861947581301827e+00
6.341940468338944648e+00
5.991753793512734738e+00
4.975802627470018002e+00
5.334142083115869237e-01
6.888750836775939135e+00
6.962037564658587030e+00
6.043841517231456351e+00
6.844767419339303771e+00
7.555748478346496988e+00
1.321513796318211975e+00
5.991182922391341314e+00
5.792260255930271384e+00
7.056051592868019640e+00
7.157158148202218406e+00
5.957129150172064236e+00
6.587839333331168667e+00
7.137118536412574876e+00
5.940791665591587112e+00
5.415647380357192731e+00
6.494137944875258306e+00
5.990366923895566131e+00
6.027411586233073493e+00
5.671652765298953014e+00
6.541838052206724541e+00
7.168432453121733161e+00
7.671317155119077746e+00
2.496845944620682545e+00
6.863211983922162140e+00
2.165215379042084720e-01
6.467925042810978020e+00
7.766828054867012554e+00
6.939796499640056737e+00
6.224016745711989707e+00
5.771967509062271517e+00
8.051402430157100554e+00
5.768500352260625519e+00
6.861061395720847500e+00
6.094638245804195442e+00
8.008163525178499498e+00
6.386202106084677865e+00
6.755119712954656741e+00
6.175016962133454079e+00
5.786109666479271496e+00
7.453877489372952247e+00
7.385140989667640987e+00
6.379610929256025464e+00
7.514147777283946894e+00
6.007167374652155445e+00
5.885616645963166249e+00
6.026393295784442827e+00
7.022509252708051264e+00
6.347124739258082293e+00
7.301125358422923206e+00
7.759439515707352797e+00
7.338768190426665505e+00
5.871750139495561349e+00
6.961319254144759938e+00
5.774063596367369655e+00
7.512021753214347619e+00
5.859579050687035107e+00
6.102500328448527966e+00
6.119266940587854364e+00
4.923103783435368364e+00
5.721849022963444220e+00
7.816873809682723717e+00
5.791238733356708579e+00
7.168838469830905780e+00
5.824315399172371954e+00
7.893655538591273668e+00
5.999840897813127683e+00
2.749697558632679062e+00
3.751929835058994467e+00
7.123587406461586724e+00
5.774948101549626678e+00
6.354414800721528422e+00
6.613974353121693461e+00
6.027232879498329865e+00
5.831292574447473953e+00
6.259249235612259987e+00
7.490996081213779689e+00
6.482895129387261868e+00
5.849832259278623603e+00
6.416285416515317586e+00
6.437662622868027817e+00
6.682503999959278573e+00
6.699358782202155638e+00
5.611596275166741421e+00
3.419977739756706825e+00
8.077684888233720883e+00
6.049946955578550778e+00
7.467009102446337643e+00
6.482895129387261868e+00
6.569590987369664958e+00
6.321012291618906431e+00
7.722903472152282234e+00
6.544440760339855778e+00
6.138764708726871078e+00
5.781263455019394648e+00
7.279589103070523315e+00
6.144537124987253129e+00
6.209581638539663828e+00
7.239227430596351986e+00
6.629627548131394654e+00
5.856565973566532968e+00
7.843334400803741779e+00
5.238920989289886698e+00
6.980841191653309075e+00
5.931266015859879559e+00
6.994619165943532835e+00
1.238287802903519363e+00
4.382319504138993405e-01
5.605523527693415886e+00
6.643029812362734710e+00
7.045919031928888465e+00
5.972921312591086718e+00
4.521609548870219264e+00
6.035331046123451060e+00
5.956165973510715972e+00
8.079094140437611316e+00
4.363123407683658250e+00
7.301125358422923206e+00
5.668606130207652249e+00
5.424347482042209734e+00
3.066351657979063727e+00
6.933296668699588494e+00
5.729002010449787186e+00
6.087152397792291225e+00
6.060347116243423038e+00
6.805177744950130503e+00
6.246214896152712193e+00
5.871076294229533588e+00
7.321628783618777447e+00
5.769267042295045833e+00
5.678789577348069884e+00
6.809561697204467023e+00
7.044389187648824269e+00
3.631545003595213927e+00
7.910812579510739795e+00
5.611596275166741421e+00
7.900665016258543893e+00
7.192347859275462163e+00
6.037018615450454817e+00
5.774923980213928942e+00
6.014032241287466718e+00
6.341940468338944648e+00
7.141134532962719383e+00
7.544015363625998560e+00
5.670716145680374076e+00
6.137433770880868167e+00
7.477303318075252392e+00
2.929680360234149461e+00
5.210011722464105155e+00
7.154967684507840708e+00
5.970818329222387533e+00
7.637609834751449611e+00
6.024393292069849970e+00
6.300127278773346440e+00
7.894313023681356789e+00
7.712145676576779962e+00
7.341396610427806557e+00
6.347500038155827973e+00
6.841487374136977273e+00
7.102657679378287625e+00
5.709624349117564890e+00
3.029916512617880642e+00
6.653057394357075438e+00
5.774190556065645019e+00
6.903008553494885291e+00
4.354137196635067042e+00
2.816523343106464572e-01
8.083913111852542244e+00
6.758157326495333628e+00
6.006010099207430564e+00
7.901262454361952514e+00
2.251668321640846404e+00
6.302001082267649323e+00
7.582932702763589994e+00
4.497774653055328642e+00
6.204103796398344528e+00
5.769913282147169475e+00
6.230186976802660759e+00
5.671899298425001845e+00
6.016804841361418354e+00
7.726146355863473758e+00
5.790513858366553634e+00
5.638473983474870721e+00
7.132357737623435057e+00
6.154922222342085192e+00
5.945881798240884031e+00
7.379856067601693326e+00
5.775868331696511149e+00
7.742374782862516902e+00
7.747015612786833927e+00
5.705036146416460063e+00
5.950560060506734139e+00
7.970971977485138638e+00
7.611224023523095461e+00
6.604561918287291888e+00
2.659287340436822689e+00
2.881932568908451398e+00
6.209581638539663828e+00
6.149586716363627303e+00
5.683748845617201617e+00
9.396962165045428250e-01
5.883413843887544736e+00
2.653204771861004563e+00
6.571767574255534150e+00
5.841108244272580130e+00
6.165467851113524134e+00
7.435439823984123286e+00
6.716279943326004975e+00
7.935829996575487044e+00
5.880290867549965661e+00
5.498739566868183104e+00
3.829265406066816979e+00
5.214090814467866153e+00
6.047394710845269472e+00
6.157224593654682110e+00
7.874498039144099515e+00
5.360581377400065684e+00
6.064594418210873528e+00
5.869721195305245942e+00
7.980179023712735464e+00
5.929616790557854955e+00
7.803123169093347578e+00
7.604035637306985507e+00
6.713630454620075128e+00
3.671188557404614361e+00
7.991034600936499643e+00
6.348850992715423303e+00
7.730556296074139411e+00
3.457782381377216385e+00
7.956969566216170797e+00
4.423139489966498417e+00
7.740119147677090972e+00
6.364792241968729058e+00
6.889168143174886350e-01
7.736904552481417952e+00
3.192487406774202174e+00
4.627651647473877361e+00
1.571515547652629630e-01
3.862616794313495472e+00
8.018530414323036482e+00
7.305220632775979439e+00
6.997279282031093395e+00
7.654229822613173084e+00
5.979967788034180387e+00
5.640158581238828184e+00
5.064859822534374167e+00
6.985778775677407459e+00
6.471689646232964499e+00
6.914292556448733862e+00
5.862758689253408484e+00
6.655196057143464294e-01
5.141137642817932729e+00
2.510347501576055129e-01
6.694433751213979988e+00
5.656919815246766348e+00
6.023638455290644345e+00
7.976727019081911507e+00
3.135749941404532226e+00
7.733127170763641978e+00
5.351749277602543486e+00
7.324234352801429537e+00
7.079059800085014231e+00
7.661978971612635192e+00
7.331344079832925686e+00
6.802161435097314524e+00
6.139732142060481124e+00
7.668973002717194731e+00
6.017809413573018240e+00
6.761435010789783817e+00
8.063246762627082731e+00
5.819991431673278370e+00
6.036985327400206103e+00
7.191744806887497177e+00
6.111002243756149532e+00
5.668669750468219526e+00
5.927909945907584799e+00
6.528723018595685268e+00
7.012113705314662937e+00
6.196137893715228273e+00
6.769832490463149277e+00
6.117943212775135642e+00
6.336821924154884655e+00
6.286202184439876106e+00
7.836325301340237637e+00
6.110011694650906655e+00
6.138340794383384313e+00
7.189201670109215847e+00
6.156379688161051078e+00
6.054952885988324596e+00
7.142997010355988330e+00
5.287266186822471070e+00
5.209807351497230066e+00
4.908829537170002588e+00
6.067180255824836443e+00
7.325097598305092994e+00
5.429069649138393849e+00
5.828082920222966479e+00
5.754569929633305492e+00
7.248079673554752134e+00
5.959615884643843842e+00
5.707026733507590599e+00
5.506985459312120135e+00
6.015718991274187744e+00
6.069195129030648062e+00
6.092692882447508396e+00
5.610687338460228268e+00
6.263487342538137881e+00
5.668211070526382400e+00
7.727740780463345338e+00
7.255525031659747270e+00
5.235058746864824641e+00
6.434427217222695283e+00
6.579327734308584752e+00
5.314554635514371128e+00
6.764746285266465264e+00
7.160250203526029367e+00
6.953882490958549489e+00
6.393826936117419812e+00
7.119120809288125962e+00
6.033966777617117749e+00
7.181272187690687758e+00
5.733148857576509272e+00
6.816645910937402242e+00
5.986049429526943300e+00
5.935774430076354413e+00
7.167086657943563033e+00
5.719108266774656890e+00
7.651861025192412846e+00
5.674586315841049888e+00
6.470208607969013315e+00
4.190847224355522371e+00
7.895797517660430032e+00
6.110935017909753242e+00
8.051402430157100554e+00
6.988366490354884775e+00
5.750707910492382169e+00
5.751851748574225986e+00
6.009939266260323265e+00
8.064316051404349039e+00
7.487382212774646995e+00
6.833438864705881244e+00
6.554778737123303500e+00
5.771198399971143367e+00
5.501619550036914497e+00
6.025707495618123133e+00
1.609569356666462614e+00
5.948098771786059835e+00
5.949963674183400109e+00
7.239227430596351986e+00
7.852869657621011967e+00
7.432679192300714277e+00
5.733447963213295751e+00
5.535657395034552231e+00
5.163539493358478616e+00
7.086659970259378660e+00
3.350113425039645598e+00
6.174299524543319428e+00
7.071802342951281517e+00
8.035992107592667466e+00
6.032226822912326369e+00
7.157182616020406840e+00
5.986241672040612194e+00
5.702492311799270297e+00
5.601943654896397895e+00
6.681939497238348125e+00
6.614659016641365241e+00
6.702886767383350985e+00
6.945252306216319838e+00
4.518019025439496517e+00
5.753443731013537565e+00
5.850063099192134963e+00
7.476923513440089764e+00
6.856340633478838598e+00
5.943622595069283143e+00
6.091038381974367866e+00
5.381285113732444003e+00
6.319152967416910904e+00
5.769706417599025805e+00
6.056292037156351782e+00
5.669760092825384845e+00
5.711864514856213937e+00
2.623611994092664101e+00
5.932823597583808173e+00
5.885663562599739329e+00
6.492693480408317619e+00
6.803618920241437884e+00
6.013450086368253622e+00
2.161332485056898012e+00
6.249137982502633193e+00
5.900637374052572603e+00
5.674171376056167837e+00
5.978690831996319233e+00
5.853942783592518850e+00
1.557617758505434880e-01
6.543051255925599996e+00
5.773860434015171350e+00
5.956401672674835446e+00
7.239227430596351986e+00
1.651884206566367252e+00
7.834701799215760154e+00
6.859000158588637319e+00
7.167316326151671468e+00
7.543971357614601025e+00
6.087240632325597645e+00
5.831985441265856274e+00
2.085627579541217358e+00
5.819635984146716901e+00
7.448358660087575522e+00
6.393108576942519328e+00
5.947238113769487633e+00
7.049391837229761038e+00
6.499639158434505681e+00
6.256502437557386997e+00
6.678382821054587914e+00
6.618939910953977268e+00
3.866223277777623757e+00
6.580918618307044277e+00
5.968833466639464902e+00
7.775748252373036351e+00
4.833528593690274988e+00
6.735907145144929054e+00
5.384859131047080361e+00
5.941621896710901574e+00
6.120179809719600073e+00
7.221895161852220468e+00
2.222460650947161387e+00
8.037233565633988164e+00
