1.620963100267424142e-03
9.174617309439624243e-04
1.145623641566422077e-03
2.172943691429355707e-03
1.502211706574387148e-03
9.659282974026889680e-04
5.266273476825115768e-04
7.052872486001696096e-04
6.072810230071250563e-04
1.141412799257816250e-03
4.719411537907809186e-04
8.490828538763176610e-04
9.299883398115276313e-04
9.401486177034335673e-04
5.751769117943507934e-04
8.065893956301344730e-04
4.239039788021152022e-04
5.373833008120860706e-04
7.454594342084781659e-04
1.137425922125762968e-03
1.901497295865016771e-03
7.021178797146478481e-04
7.876752069639367075e-04
8.302118914981535891e-04
1.074060370770670405e-03
5.325950053981934676e-04
6.043380100969125094e-04
5.363233799109433158e-04
6.938747483889325628e-04
9.641806361142601445e-04
7.678525228652255830e-04
4.189234102390782498e-04
8.398137569232798231e-04
3.407810155487394493e-04
1.153797189180450627e-03
6.902144262637885646e-04
6.076264194607208227e-04
9.248908920600270190e-04
5.478411403326629995e-04
7.015420381724306971e-04
2.123772323132867151e-03
1.009291301835427146e-03
5.350923156153749053e-04
1.020527573364844991e-03
5.746819094921769462e-04
1.123034594282616792e-03
4.181495583850298754e-04
2.271203902795938985e-03
1.690812112092394915e-03
3.917404617772547943e-04
8.069474630182487665e-04
4.222605225941540802e-04
1.000596093427091448e-03
1.436587335446014952e-03
8.054450652301694755e-04
8.896656309859588907e-04
7.227517945710451282e-04
1.568306193359515679e-03
7.769272722836809099e-04
1.148779875266209933e-03
6.648402635041040457e-04
6.338581812246166410e-04
5.269286498739563732e-04
7.266982544578690691e-04
4.876443301543307088e-04
6.078972843689318690e-04
3.830481263453922470e-04
2.230839773121878668e-03
5.121703935008744060e-04
8.459707288612811505e-04
8.954797435983363578e-04
1.502259426002230166e-03
8.827765980467416245e-04
3.838417724843623926e-04
6.402982045747580408e-04
9.322435447306915693e-04
1.877553356210847832e-03
2.109854114016815069e-03
2.290259409039548978e-03
8.132775102305012408e-04
2.287607304771730084e-03
1.358842287724590543e-03
3.806813438319685489e-04
8.335756426644720142e-04
6.946561124498368614e-04
6.597514412222663842e-04
3.021085649136547643e-03
6.782176812713469009e-04
6.368828946889759732e-04
6.625568687241139296e-04
1.353329553446543055e-03
1.855176765745917460e-03
3.935798359581996566e-04
8.448420355051250441e-04
1.631928082169813643e-03
1.409645107890983426e-03
1.098945734957348930e-03
4.700998051047801255e-04
3.743892635148119829e-03
7.227517945710451282e-04
8.704535215121977747e-04
2.911176945699710077e-04
1.095343529060452707e-03
9.560470707078724080e-04
5.635717685111451452e-04
2.763737990419663868e-03
3.713862057064249008e-04
5.397692732665671997e-04
6.002832182979263515e-04
6.611313734167400440e-04
1.667476733055283126e-03
5.427063431451856646e-04
1.693219328220916739e-03
9.628060007597262363e-04
1.835488905996738272e-03
1.162113665221622353e-03
9.046165212650646549e-04
5.396441338076736396e-04
7.076944269473512024e-04
1.206499979531298070e-03
5.953230326111490570e-04
6.388421133540542586e-04
7.038927269943889668e-04
4.519085360063048763e-04
4.876121406663381217e-04
1.348183884528835787e-03
1.195169008164758632e-03
4.630783581140098144e-04
1.033687334226645205e-03
7.111295136778026738e-04
6.158530917700264472e-04
1.334403344046483642e-03
8.043690003215021389e-04
9.568632324813742835e-04
1.523635457146780897e-03
1.250491248111283314e-03
7.862778902972472140e-04
4.794451369133689899e-04
9.596114901994417731e-04
4.289116537704219952e-04
6.542636332283375839e-04
5.452526049160306542e-04
8.530123046082918213e-04
3.760855125907592959e-04
4.315033407125418575e-04
6.468436092367785663e-04
6.541497240557412815e-04
9.068971541369821908e-04
7.591523186426553209e-03
1.817553641423849111e-03
6.635616626660326275e-04
4.253762442376572131e-04
1.195169008164758632e-03
2.198602956214105748e-03
7.514979414755780041e-04
9.420426481114398728e-04
5.859979314380952663e-04
8.545699611656111961e-04
1.693219328220916739e-03
1.994175061295628670e-03
4.084846766244170052e-04
7.544401423873936443e-04
7.906884692933097277e-04
4.463043310416729844e-04
6.142365917439126513e-04
5.646059317486752096e-04
1.350862913786511068e-03
8.677604736334762698e-04
8.927902451514549854e-04
1.529677102500109215e-03
6.977824906151402920e-04
9.785351772633667407e-04
1.415614697009264693e-03
5.388916125871410622e-04
8.051298528179343496e-04
6.326772004513637332e-04
5.396595792851551681e-04
1.637393211321324380e-03
9.496383937440906536e-04
5.764647480399827688e-04
5.588184992434705543e-04
1.109330319533247252e-03
1.390660436413461952e-03
6.369738517388771155e-04
8.009440485751617364e-04
1.688153895798148729e-03
3.982852753339304183e-04
1.758439752715550792e-03
6.635616626660326275e-04
1.451468022836690250e-03
4.882340890745886760e-04
6.892367314419633930e-04
6.221917754391904183e-04
6.330731904061545493e-04
9.866300933628309802e-04
7.859453205652387666e-04
1.811182206462925038e-03
1.118986077644321293e-03
4.778964824204450152e-04
1.116574852826324052e-03
4.121264469155953153e-04
1.048425272135167230e-03
3.752075624623627784e-04
8.837731688239283852e-04
5.574589441167664703e-04
1.721277580456294365e-03
6.894757186083946268e-04
1.572456120110980043e-03
8.538845490095454656e-04
6.982960355507428479e-04
5.646474884085020537e-04
6.063943507057058041e-04
1.791005291694828042e-03
6.950120822414885277e-04
1.671932547511760210e-03
7.451488064760383506e-04
1.107505504241357167e-03
2.085217408389718197e-03
5.271755192505508210e-04
1.361411426394777647e-03
7.307619566327093735e-04
6.922824817919635398e-04
1.163056510460015822e-03
1.526887574087264915e-03
8.653677514434742011e-04
2.682630492188909938e-03
6.901128922982913486e-04
9.316377713011420123e-04
2.084933985645205396e-03
5.379463717005767602e-04
2.338401953920841124e-03
2.979416796084476474e-03
7.371670311113031476e-04
7.316175259731631884e-04
8.313900532631494185e-04
6.739025501306607387e-04
5.857077166865068884e-04
6.034962898173926562e-04
1.177911033918461157e-03
7.497195111427405832e-04
7.360103744015096278e-04
4.783657473158699582e-04
8.223096994788617851e-04
5.998796818408190425e-04
9.485118695227160628e-04
8.562619231435470444e-04
6.634910025955571182e-04
5.169380116919662866e-04
1.222463048344100012e-03
3.173972783372968655e-03
5.399509061162111219e-04
5.166099625103811981e-04
1.007249706078408623e-03
1.136297494715195764e-03
2.917896960622858721e-03
1.232062872421948833e-03
4.518365213581234502e-04
3.511031434726593335e-04
1.192155743597428505e-03
2.441533254406261753e-03
6.960434210747897584e-04
7.924815444679911367e-04
8.476470623659385691e-04
5.872520244423304510e-04
8.556551764020496305e-04
8.561333780153731511e-04
6.326772004513637332e-04
1.197346420097205027e-03
8.414030738121886822e-04
1.325315573161080099e-03
6.877052804995712051e-04
1.023468071559584030e-03
2.238438485664795852e-03
3.855731251371206664e-04
2.209102095176451470e-03
1.093985628247658333e-03
1.074060370770670405e-03
1.135105127171505933e-03
1.102692839815705862e-03
6.015016548143790973e-04
9.662692881102892756e-04
2.362075467402350703e-03
9.037559370761435789e-04
1.472209131951810303e-03
1.544270962940887115e-03
6.538799463403356356e-04
1.861122152210144438e-03
1.345736731782411948e-03
6.158737304855284745e-04
1.718573478763239706e-03
1.617487673006674830e-03
1.168565854170780646e-03
1.420890363580328778e-03
1.185844403838757924e-03
7.647923811442819669e-04
4.261037688952153428e-04
4.415301268554401430e-04
1.984119002021559469e-03
1.038502449513584516e-03
8.509778349252618973e-04
1.578120627031207902e-03
1.048898678520578630e-03
2.306087778843501912e-03
1.128758099845169564e-03
1.693219328220916739e-03
8.314973642348822162e-04
2.023601640589431632e-03
1.007856621769571710e-03
7.726843812996721109e-04
3.883447507433967507e-04
7.407396317369434888e-04
8.952191677561046300e-04
5.928264426012757986e-04
7.432025354055796706e-04
1.165137227619194443e-03
6.772134209331397668e-04
7.018729045285765833e-04
5.692743166545177497e-04
7.258423729991574742e-04
1.740757753174804537e-03
9.960560233793014709e-04
6.559711940123115178e-04
1.224733534873514822e-03
1.402825287497978454e-03
4.774133450781631923e-04
1.452501542632589392e-03
5.154074065038766281e-04
7.052872486001696096e-04
1.142762467451799565e-03
1.177455117751680146e-03
5.220820570248662675e-04
9.199518934478553194e-04
1.112454641815932132e-03
4.979077276737926567e-04
5.383284008199258879e-04
1.211693206843132264e-03
5.735896984175898206e-04
1.090972862860023181e-03
2.320546354277578348e-03
8.579246970232164149e-04
7.001731098638481685e-04
1.237611974116613334e-03
5.434932700229782969e-04
8.953874784915343563e-04
6.009714065266807568e-04
7.163674468596145043e-04
1.210061454385025171e-03
4.499536499448612294e-04
1.044159226273689471e-03
1.073007466222602796e-03
5.422285149442572245e-04
1.667476733055283126e-03
5.823177565065604678e-04
7.550724082603314357e-04
3.959175285051734060e-04
8.096126577772349425e-04
1.248877169002757552e-03
7.392107452871869103e-04
1.471618379746727828e-03
7.923143563520109595e-04
6.884522538834395413e-04
7.416452836160350405e-04
7.432877516612702547e-04
5.973558559369044046e-04
5.740527612079364449e-04
1.152932146287475798e-03
4.537481187414305539e-04
8.551540858095199767e-04
2.262255286978686816e-03
9.369442468981880852e-04
9.900424863931184954e-04
1.721121406193830677e-03
3.963221022087259709e-04
4.222952895934807007e-04
8.921865874582550005e-04
9.141114297081474318e-04
5.376261796379812807e-04
1.082183060449421310e-03
1.172780148844610685e-03
3.411037343139173878e-04
4.988087766421663754e-04
1.246175413197475774e-03
8.963914773142970995e-04
5.246624393248575926e-04
6.796615335392194477e-04
1.078226425870992171e-03
1.050087117220258569e-03
4.469855708332955667e-04
8.061944096579520781e-04
3.177525350761904819e-03
7.781872889119343696e-04
1.056988223047844108e-03
5.302702190636814777e-04
8.807532198480863116e-04
6.871297686435305250e-04
6.178053200590485385e-03
4.726712757157214956e-04
4.719105995321940992e-04
6.593072452394774154e-04
9.910512862671349513e-04
7.504057395369255088e-04
4.108299292608736872e-03
4.940820724928939207e-04
5.675116648549102024e-04
1.717817433087720372e-03
1.044323339520608022e-03
9.213860229509646463e-04
4.912936186700745484e-04
7.290566644793710022e-04
9.429820432905816011e-04
4.222605225941540802e-04
6.014038128456923680e-04
5.561762061907159996e-04
7.656547931629198358e-04
8.964927648158288681e-04
7.576319100600939450e-04
1.338519977251937613e-03
6.704724760476872460e-04
8.799553827765895864e-04
5.206765455797466094e-04
6.157843135507540169e-04
3.698407048742579977e-04
5.142287380413266586e-04
6.186921571011894843e-04
5.814995951723163489e-04
6.390678423454258317e-04
7.126995312259766339e-04
2.931478078138633966e-03
8.561353702728614727e-04
5.430248871627684024e-04
1.055903264808633318e-03
6.327332856368099012e-04
6.497187511315278283e-04
9.503532647981310401e-04
6.158737304855284745e-04
6.009714065266807568e-04
5.376261796379812807e-04
1.577586753297158554e-03
1.003416511841160414e-03
6.783724002780984301e-04
8.732498897910701300e-04
3.629007551408236628e-04
9.590782422977372481e-04
5.427063431451856646e-04
5.133623435299998657e-04
6.454352260700079585e-04
5.460046144840075130e-04
7.210477619027177250e-04
3.822216404809754644e-04
1.534670127668528007e-03
9.938764645204419511e-04
6.967314550540257322e-04
2.647809759582375397e-03
6.287903788528937743e-04
5.784010410406778893e-04
7.236130067595098478e-04
4.463043310416729844e-04
8.020995907145404532e-04
4.036992634939677322e-04
4.297163754939682927e-04
5.886574933446352435e-04
8.804797149327373441e-04
5.830658912527239817e-04
4.309075043586723525e-04
6.482204935859572871e-04
4.602408168397076880e-04
9.089193696779484122e-04
1.617762807510092233e-03
4.236215646822547878e-04
9.925189416933170340e-04
4.258100432900691653e-04
8.081822479177615780e-04
8.650653931018611065e-04
5.739267389005751592e-04
9.299679165176260838e-04
5.649568581950464158e-04
6.302272260656361768e-04
3.906573452974394420e-04
1.137236677288459060e-03
9.262244328400122189e-04
8.304537323389382837e-04
1.067193273515863522e-03
6.516785244835806342e-04
8.715626230772509147e-04
1.620504960637757751e-03
1.074499357688943162e-03
6.636384445391817558e-04
7.815627589342060300e-04
5.690272846059417312e-04
5.288433167584943037e-04
1.103337206341897586e-03
2.498704912721721148e-03
7.624915665512067885e-04
6.311810667920006142e-04
3.992521864799011876e-04
6.688253201351740743e-04
5.129905474285722600e-04
1.123690069068983277e-03
1.158826772244064655e-03
7.944339252475768939e-04
9.062325774216530060e-04
5.802373660948779857e-04
1.356621872454524987e-03
4.818545773630825667e-04
1.644539542441441574e-03
3.592608891333488094e-03
2.240268202495935505e-03
1.315849231189405956e-03
7.477087359900432472e-04
5.865286928887687191e-04
8.353105776636710446e-04
1.099394297475380982e-03
6.391742112714173018e-04
1.164285545245196578e-03
6.705642415139395022e-04
6.800244157021784024e-04
3.329897405263621338e-04
3.786956483949363399e-03
7.820782799432407506e-04
4.460754095937569563e-04
1.388749556474219889e-03
4.973064195060504337e-04
4.467191476284974156e-04
8.661742024046372584e-04
9.186241368604084693e-04
7.536249049524757415e-04
1.048620104593898320e-03
5.561933814275806746e-04
3.126516488740911214e-03
4.726296771392686112e-04
7.641264556155089255e-04
6.201818667550369150e-04
7.413538551216269793e-04
8.162438424137539051e-04
6.145984281489586150e-04
6.238833998831091457e-04
6.973965434336258738e-04
9.070908232704059937e-04
5.552950964975653927e-04
7.482341292947517365e-04
4.917588844733255431e-04
6.489506541479027552e-04
4.421440252089323271e-04
7.062297003012234274e-04
1.183070848873611202e-03
6.101603991526444214e-04
4.240187401856773089e-04
1.233426695507992702e-03
4.033457049417782207e-03
8.288989926931371148e-04
1.220072816899496829e-03
1.000173202122340600e-03
7.576694733440618489e-04
5.637883287889277955e-04
1.049234469905774465e-03
4.737466672548803505e-04
6.210570546453941668e-04
1.605889377723053457e-03
7.270199160673009812e-04
1.298386549673155414e-03
6.632979669521722786e-04
8.408699753813357602e-04
2.103429987400067501e-03
4.950549021681935379e-04
1.304404150901117016e-03
6.563116942655234601e-04
6.153408795246103962e-04
7.829131798778986989e-04
3.172362675183074024e-04
2.762407150775342008e-03
6.510066765171551020e-04
2.102764093723678146e-03
3.363513920602369560e-04
1.378361693142088036e-03
1.958575336341597962e-03
1.260355042033942195e-03
4.023149299606335353e-04
1.721277580456294365e-03
1.693205640223532102e-03
1.365051315463568400e-03
4.537721826376702513e-04
1.497900544348046599e-03
6.536375310888137584e-04
5.542296607236489115e-04
2.917896960622858721e-03
9.146712772849269375e-04
8.573118653882880798e-04
8.632504557822962129e-04
6.617657118138281806e-04
1.133184375055568604e-03
1.160149425859785012e-03
7.484972389314452530e-04
8.266127196028533316e-04
1.035316766805951735e-03
7.899320706806433300e-04
2.109854114016815069e-03
9.794798819535265998e-04
5.115816085900801256e-04
1.581015596431490202e-03
8.745608348133207142e-04
6.433358587901883557e-04
4.321370654535817632e-04
2.694022030790038397e-03
1.260085745322788928e-03
1.091626255694569305e-03
7.349424655514356572e-04
1.098945734957348930e-03
1.292582903067613547e-03
9.314949029379326981e-04
4.805371253793414683e-04
5.993426333185457137e-04
1.193993122924884211e-03
3.668753610327183290e-04
8.869388078238878452e-04
2.144099354636869355e-03
1.715838350759137793e-03
1.501286485796927972e-03
2.068226023506143912e-03
1.124875223102367100e-03
1.064232187339889720e-03
4.694551406538060093e-04
7.038927269943889668e-04
5.924258569311014301e-04
3.974119384393168361e-04
5.496422294229013922e-04
1.415296431292361549e-03
4.170632486210739385e-04
7.554916437103249057e-04
2.342866261806647848e-03
4.395222388525214991e-04
2.985850104414340851e-03
1.148086466540177352e-03
1.266772265426656776e-03
3.512736194064245711e-04
7.926790697602920707e-04
1.571112239899158641e-03
6.658573864896144600e-04
1.460928417035507699e-03
5.762543974437884945e-04
4.677133303612548716e-04
3.108055503899425417e-04
1.269182939938520239e-03
7.165785334738146526e-04
5.675345927486138281e-04
9.462964860152360937e-04
8.987995258204895107e-04
5.621995365069990805e-04
5.920516363296059919e-04
4.192017826534393150e-03
7.169578012374407073e-04
1.873332961602955588e-03
9.208877715722544460e-04
1.376358111445286428e-03
4.191534549923543566e-04
7.777962423331602438e-04
8.713434371554949721e-04
1.815224142344771651e-03
9.202438434458984698e-04
3.732724742477548500e-04
1.166837634876849873e-03
1.489513317149506778e-03
8.558418878682757342e-04
6.086883247188164215e-04
7.974105256391415038e-04
3.860224281012278867e-04
9.713990941561245892e-04
4.444517843389545202e-04
5.473950004385538153e-04
5.313701319121103342e-04
8.549821241707847731e-04
8.909655298461760129e-04
1.028745686577887388e-03
1.384886878623875148e-03
8.266127196028533316e-04
1.098692217862552072e-03
8.530171286768091932e-04
1.175778076205823705e-03
1.021120045392872764e-03
2.436319477966404894e-03
9.189767923179924160e-04
1.316567193907512917e-03
5.485768197361836100e-04
1.566885205080994787e-03
3.803701665173331173e-04
5.957288351087727286e-04
1.693219328220916739e-03
1.329435659292972768e-03
1.414693584674993386e-03
1.125857058751242225e-03
1.380909839919245742e-03
1.370095118790613841e-03
6.784034935952996731e-04
7.382091525220477049e-04
1.459400454271151098e-03
9.715530542921340480e-04
8.489617749803042871e-04
1.857202091689437147e-03
1.400614862081458198e-03
6.275378438962479722e-04
3.996596606029860672e-04
1.170092870690761641e-03
5.812669716544914458e-04
6.392290407887887436e-04
1.504332418219407391e-03
1.062289074746588374e-03
1.571112239899158641e-03
9.213860229509646463e-04
6.257488746651705593e-04
1.177455117751680146e-03
2.035471516607329900e-03
1.094627175923657729e-03
9.957466824352108163e-04
7.928635079353036144e-04
6.728209108474905026e-04
5.014408049742231531e-04
9.798323051926894050e-04
7.780997688551632161e-04
1.599145104473269179e-03
2.825953543621128987e-03
9.107259306239760257e-04
6.743619604296196808e-04
4.821320183317017957e-04
8.590690280072423154e-04
4.986596097217329930e-04
1.042921276704790630e-03
7.882412231697329824e-04
4.816493682622846628e-04
5.592523649263789285e-04
9.398228229640106200e-04
8.470123484431330311e-04
1.805189662735124821e-03
1.409903535252841943e-03
7.371670311113031476e-04
1.495673753704524021e-03
7.100533326033690949e-04
1.177804256553367269e-03
7.861815130427928736e-04
1.219278273982190956e-03
4.441343154207097335e-04
4.860096275912134558e-04
4.074901658164917662e-04
6.026065051162369200e-04
5.778674367549417037e-04
2.590205209748711393e-03
7.074706641034626256e-04
9.238225030777916973e-04
1.189141599861242606e-03
6.263573006199997257e-04
7.677308383635274682e-04
4.278155999697956426e-04
5.443799694204654515e-04
7.081384253343077882e-04
8.026594863035824189e-04
3.886808547870225484e-04
4.062836160962044483e-04
1.008041442040748942e-03
7.273302225334311259e-04
1.306792428478696080e-03
1.299238896729525356e-03
1.279521447441143425e-03
2.146546979906076031e-03
5.917433543864438449e-04
5.168290222005619263e-04
1.595298025464645785e-03
8.923283306355758423e-04
7.007595034006796654e-04
1.141569631921864492e-03
1.877553356210847832e-03
4.516983468437001342e-04
5.915617280679643123e-04
1.351859353395661652e-03
1.085494666091924238e-03
4.572452003770786488e-04
3.892478820187499295e-04
4.717885396765915591e-04
1.572060566218033521e-03
7.040666114455967819e-04
5.570616637594487429e-04
2.911928051734185337e-03
5.017425540201459573e-04
1.456326898812421600e-03
4.389458209075499913e-04
6.695613477994539998e-04
1.550424448658535353e-03
4.695353642815815534e-04
2.912051400810020292e-03
3.236164731737794197e-03
9.272168210892780789e-04
1.485151785159165207e-03
5.799451863870654002e-04
6.600999527214586196e-04
6.365762064677982874e-04
8.313314670681333420e-04
8.896656309859588907e-04
6.620008908623964839e-04
1.234293631557862236e-03
5.776735674847055047e-04
1.620809327449720732e-03
3.432279663871302434e-04
8.095573161723441935e-04
3.977771659383896397e-04
1.278433977717312103e-03
8.730175835777246847e-04
3.700187998994949011e-04
2.532943635192293035e-03
4.071689831056719182e-04
3.831549582976249806e-04
9.179898239453827564e-04
1.228218712286895586e-03
4.209634504564203753e-04
5.605150749444960667e-04
1.947018586120559435e-03
9.445267159830691680e-04
7.949168446093500193e-04
6.825271030412034378e-04
6.658862245266304429e-04
7.905579723925062509e-04
1.523635457146780897e-03
1.420751337169295784e-03
9.356461512011256688e-04
9.345310186192706771e-04
9.533011210207586669e-04
9.117759919287675083e-04
2.262143190885203790e-03
6.330731904061545493e-04
5.351107591875971107e-04
7.317253870056676570e-04
6.956811594327139614e-04
6.898834006498811861e-04
1.282337372829910538e-03
1.225768132074004420e-03
4.781704587354545545e-04
6.035403162321490399e-04
6.878731339028486399e-04
1.305880527013675687e-03
1.611268526349580793e-03
1.093745504368349520e-03
8.760793260842171222e-04
7.641715948271304891e-04
9.016226780698280777e-04
7.276063902664499069e-04
7.670209038108499310e-04
2.213101828152630977e-03
1.671932547511760210e-03
9.386341325174463830e-04
1.129433178328546807e-03
7.892516954293903259e-04
9.031946753845123809e-04
1.873977662793509290e-03
5.379463717005767602e-04
6.160528057863138294e-04
8.895339608935034061e-04
1.186431705240383180e-03
6.869271032044178219e-04
6.172789503990436114e-04
3.236164731737794197e-03
5.154252780552809679e-04
4.794451369133689899e-04
1.171817141559288291e-03
1.411417238523996875e-03
8.384954615506237576e-04
1.056858926145007186e-03
6.541089941282198818e-04
5.047618444314446373e-04
1.673676651617995916e-03
1.401365373797512593e-03
2.333680490754874107e-03
9.536558175433411605e-04
9.715926895355333440e-04
3.558910244601332985e-04
5.776398029376122491e-04
2.086439295938896481e-03
9.918524721302306255e-04
5.327994442061401116e-04
8.575965597200330918e-04
1.021676123938721490e-03
9.400854031850546877e-04
5.689996306438509883e-04
5.527614611660301974e-04
3.773853617355295981e-04
1.403129357876081338e-03
4.241729460849680213e-04
1.445581285732828276e-03
9.233512261596463384e-04
4.042305946988535709e-03
7.527227772105531253e-04
9.434026878720368691e-04
5.467936698698412992e-04
1.227205768627448023e-03
1.054290506442355545e-03
3.995305545023459951e-04
1.282908110336276278e-03
4.612040531563860288e-04
7.381570142299870079e-04
1.064310591789320191e-03
3.844742943965057005e-04
5.566285459491768011e-04
8.487914136208018871e-04
6.378064568740319726e-04
1.016543446784303525e-03
1.028623482910388538e-03
1.318482583523716270e-03
8.608991678461544407e-04
7.747221416132770268e-04
9.928708024893974967e-04
8.900151144930431614e-04
3.622012803290278779e-04
9.382740723885538191e-04
8.142116481341299308e-04
5.142033615472091325e-04
5.770412322859806535e-03
5.740527612079364449e-04
2.488270860773273731e-03
9.820465881200108986e-04
6.391764853152357871e-04
7.048297659482724966e-04
1.177119649285587443e-03
7.269265568713023521e-04
1.610740190354022737e-03
1.041694085653705609e-03
6.053960697606639496e-04
3.921254305659621739e-04
5.087160853668308861e-04
9.333096137257268195e-04
6.882819660403065656e-04
9.559309139486990743e-04
3.997842643660679159e-04
4.632444789280082257e-04
9.276602040579287221e-04
5.465593420965779090e-04
9.814975178859329345e-04
1.089704339910138814e-03
4.470293952619500068e-04
5.771841682708283780e-04
3.803701665173331173e-04
1.334403344046483642e-03
8.147406889290014073e-04
2.911130525083832805e-03
5.737369601827507293e-04
8.523038397412837806e-04
4.592428211916137920e-04
1.504332418219407391e-03
3.824761776728472754e-04
9.824343409199725024e-04
8.043690003215021389e-04
2.617460411370944959e-03
1.180644721209036943e-03
7.938971014043161561e-04
1.210061454385025171e-03
3.568826272706770671e-04
7.806426390130446384e-04
1.413819447051152360e-03
1.344928079179877074e-03
8.221399452774933760e-04
5.642631808368916459e-04
3.601763325975195960e-04
1.352412083570788846e-03
4.092646879730129804e-04
5.416685581752295935e-04
5.888963594142903159e-04
9.144962343018747707e-04
1.449216622112433316e-03
1.429248558012256344e-03
4.035113299458739059e-04
7.955968833384470702e-04
1.259925097755177498e-03
1.049555260955654414e-03
3.943130884388037290e-04
5.197166112106971084e-04
3.659304903092120559e-04
3.158804793771274487e-04
9.065045045129881693e-04
2.332665625805984116e-03
6.019816578149051085e-04
3.608685249378077689e-04
9.673176553853587035e-04
1.076266611963960394e-03
4.805371253793414683e-04
1.357449393976705365e-03
5.990693317575123376e-04
1.106327209802743369e-03
1.072194845360666506e-03
9.499611225068458481e-04
2.086128532541271091e-03
7.525846454560034676e-04
6.985348410077057545e-04
1.867362503659069761e-03
5.663811977981803112e-04
9.268796417990058951e-04
8.566232595522481168e-04
2.448763815806046917e-03
1.116385842830331689e-03
6.328984820868689166e-04
2.430471381586046635e-03
1.037919337858044270e-03
7.384223254334641110e-04
6.078972843689318690e-04
1.123034594282616792e-03
5.351107591875971107e-04
5.688974724276597752e-04
