1.096721810160158515e-03
5.488779687133873075e-04
1.086708398574091515e-03
4.804832377651427257e-04
1.930687097021531375e-03
3.059526167008120678e-04
2.290406466531095045e-03
8.516165484467017087e-04
5.248113927785436582e-04
1.087656483193941452e-03
4.775494986134579947e-04
4.303582182749548482e-04
1.159576134194618578e-03
4.632045089111809510e-03
3.739229248990439650e-04
1.681251983212623006e-03
5.878215303159326421e-04
1.255498885163276734e-03
3.816795862134170041e-04
9.309051109309277386e-04
2.914824022952137148e-04
4.251274093567070848e-04
7.519912288893147593e-04
2.180626251601897048e-03
5.825446051904516242e-04
4.996226031557645048e-04
1.580380981244178945e-03
1.093232652757960936e-03
5.213820784859831510e-04
1.093540219872864974e-03
6.981598463458215048e-04
1.882812200248930269e-03
7.374854244973129153e-04
8.212441708896280231e-04
6.286905188514916101e-04
3.590310624345620762e-04
8.395223295676605864e-04
5.855183877979627284e-04
1.141161890253524457e-03
5.970878690798048097e-04
1.136488504889491494e-03
1.521844087636606366e-03
6.552756867055666273e-04
4.727252590566097799e-04
3.582769122131567200e-04
7.119349078317922753e-04
5.307506546564643183e-04
7.506034570190419372e-04
1.302570447145339708e-03
1.371966156966358385e-03
1.417327122376916887e-03
4.980921118317062227e-04
3.738709518324690242e-03
7.508387141906194958e-04
4.025865303539369528e-04
8.898931551972684472e-04
1.863088501174009568e-03
5.082319639343265034e-04
1.376464648753316679e-03
3.647553523691367716e-04
6.981598463458215048e-04
1.270572362242811679e-03
7.501158919091542631e-04
9.465043501821916510e-04
1.036462706201383760e-03
9.896950637971082924e-04
1.082485133775775181e-03
7.837854012452455301e-04
9.774222580941592520e-04
8.643942490739731348e-04
6.461133244411024820e-04
1.545257246095621279e-03
1.377766738906722587e-03
1.048744513869246092e-03
2.934108600144206408e-03
6.694396261688268304e-04
1.473025656444746853e-03
3.405409603212258764e-04
6.136707841782222195e-04
8.329311375123221381e-04
8.415488264222506336e-04
1.374435073505308634e-03
7.990375271950751930e-04
5.797755133458078495e-04
1.629662173016517817e-03
1.100979830458593579e-03
2.662008712464031344e-03
1.075849482942761552e-03
1.417743593877234020e-03
1.148319498611775642e-03
4.534537728065960978e-04
4.904605168725458117e-04
5.435596817130325864e-04
6.009569786779743114e-04
7.418128905832949409e-04
4.111688290795938281e-04
5.854965387425403994e-04
4.588099672886374980e-04
5.223112324992190084e-04
4.123115103075371268e-03
1.865717505734438729e-03
4.204449966736790306e-03
7.052658212206376663e-04
9.428054898005633995e-04
4.409699762495911893e-04
6.628021718411246507e-04
6.384425650871735844e-04
1.212242775751722935e-03
6.055757853858618296e-04
6.431550532750657462e-04
5.166113393285016488e-04
3.361542908115639785e-04
3.509596700561379875e-04
2.895229156118598983e-03
4.972474640075211314e-04
1.787388458079302569e-03
1.890949824828687181e-03
4.994887398997091815e-04
4.489392841727307356e-04
1.105868808328998440e-03
5.435992688979293923e-04
1.000864549733043339e-03
7.179541561953820721e-04
5.395296244632619880e-04
4.987214378964989828e-03
8.205717366577471462e-04
8.552274789078010732e-04
4.913636742951753376e-04
8.719409162783692355e-04
2.141154090894585842e-03
1.536165421795920383e-03
7.320435607413672231e-04
6.673436907877913727e-04
1.444555488937088661e-03
1.017946512109042930e-03
6.657823501394470210e-04
8.195323502049260255e-04
9.226345975406086575e-04
5.402869754378018851e-04
8.853148219963407868e-04
3.040938138389990848e-04
5.304441839617413806e-04
9.012772361165423581e-04
4.459787942973845705e-04
1.041983411830528462e-03
2.568786281516002769e-03
4.954575053405652204e-04
8.116086346304595247e-04
5.292967306521622088e-04
1.301661787371450772e-03
7.723731882416119948e-04
6.503868217132923292e-04
1.021314363115174160e-03
6.751184105184579280e-04
7.399938473051630855e-04
1.352943858187207827e-03
7.131712325417542643e-04
5.615944897386133819e-04
7.511999198186370850e-04
1.160774738488171490e-03
1.723895208028895353e-03
7.418128905832949409e-04
6.216087284580038268e-04
9.255127812916779176e-04
1.417474751679061824e-03
1.044601828935293924e-03
1.025973967389437556e-03
1.863772305652921027e-03
6.976740872413155327e-04
9.859778202717950097e-04
4.675718318166682927e-04
9.898343457674446070e-04
9.516855864681400762e-04
6.665109629962488649e-04
1.419397952293649078e-03
6.306926615694656308e-04
1.189395279776233206e-03
2.784037496411835306e-04
6.297119292382423721e-04
1.815220513827188681e-03
9.465925611668754526e-04
8.353564183217588408e-04
9.150457232975028020e-04
6.339605427204972679e-04
5.331864592328281437e-04
6.308337391984160424e-04
8.047137619117414667e-04
4.162863735919245184e-04
3.578605571608912549e-04
8.249073188587812246e-04
4.309475539776338863e-04
8.838421597156334315e-04
9.962814401323564616e-04
3.959454563695154520e-04
3.097958127344907888e-04
7.414227370546748247e-04
1.264598282329272398e-03
1.352482825759073436e-03
2.378479626145437820e-04
1.312212180990264109e-03
1.023193208678273595e-03
3.975836946937266617e-04
7.644283173683483375e-04
1.000546566451525603e-03
6.557665279758121682e-04
4.851172653387898640e-04
5.301128793346275830e-04
8.337958767792371263e-04
3.587895886919947657e-04
7.450322110036948411e-04
7.392439037710205833e-04
1.904729338157909414e-03
1.622630553298964927e-03
7.346731877746431969e-04
5.488208070931823194e-04
7.676930085751401201e-04
6.222475328984015475e-04
4.214315013775702529e-03
1.252419651258723874e-03
4.747159671034298476e-04
7.289320808351737934e-04
2.735782604594554079e-03
9.076636648101217347e-04
9.956056275940059451e-04
1.515015742169378669e-03
6.648186572863470575e-04
7.907932301818349939e-04
1.041146024864600568e-03
1.654364403156617647e-03
9.729684537448764691e-04
1.842697300661912162e-03
3.178820374870337849e-04
1.326963257792767832e-03
3.846878361366013474e-04
7.962680208361287617e-04
7.671196044895701874e-04
7.129509153941753462e-04
9.105460421467590978e-04
1.930687097021531375e-03
6.631951193005631955e-03
5.042561364705078729e-04
3.145128330280385579e-04
1.028207968243956966e-03
1.036807500190220456e-03
8.049963890563869217e-04
9.891014652970734830e-04
9.607146478385284729e-04
5.510637423877267791e-04
3.032724379691629796e-03
8.227995517254932346e-04
7.425173018051256426e-04
4.583890191944236300e-04
7.381405332137390895e-04
6.780638864785674350e-04
8.881580152564892174e-04
1.468493125564720048e-03
3.103396811587122504e-04
8.637060060679857413e-04
1.130432970153467552e-03
4.256139004378038876e-04
9.591533070427375046e-04
7.643701650416016976e-04
1.087469029169642809e-03
8.847832012363191553e-04
1.206388750811572064e-03
1.022227343544266937e-03
1.392437950542629692e-03
9.383486006103901799e-04
8.814980785926366125e-04
4.829007972477162235e-04
4.478467671735125721e-03
1.072568394088342777e-03
7.837144445120250869e-04
8.505112490273633759e-04
8.130215227598747022e-04
1.410239600309960793e-03
1.359709094267402872e-03
4.818286992728549071e-04
3.111491154443381561e-04
4.943351299403964854e-04
1.682554077313184668e-03
2.797087477999149669e-04
8.712809895732456051e-04
1.252002103745061910e-03
1.154102140657231037e-03
5.282771509682784167e-04
9.199532833785013753e-04
9.352431045091552262e-04
4.491579699098271995e-04
9.646459997125984885e-04
5.223845134395344644e-04
1.487000542756777930e-03
6.734377574474956045e-04
1.687002342416407024e-03
7.261870172265821313e-04
1.211694587889723803e-03
1.994714321437748242e-03
8.316194349326855913e-04
5.070797800735841934e-04
2.715315800467769155e-03
1.893691345730691119e-03
3.710967734215603157e-03
3.206379765427988006e-03
4.106064046254069566e-04
4.318108983102292905e-04
3.397965396777559454e-04
1.251506911446938425e-03
1.899821916607926384e-03
7.851832483207667884e-04
5.267469247445652394e-04
7.389182515390037937e-04
4.251002125373240905e-04
9.870799482982787424e-04
1.030033497280193229e-03
1.683030575877548412e-03
1.716106113108555953e-03
8.531806773013641230e-04
6.475809464709751922e-04
4.187784305749561904e-04
7.572703441633151346e-04
1.176346441242138519e-03
6.742096407774917722e-04
4.546267301370468181e-04
5.494368787537820239e-04
3.713328797950630165e-04
1.534430125349386725e-03
1.129776041612380946e-03
4.882956245577748820e-04
6.443234003593547492e-04
1.328161760004437433e-03
5.441752259053217250e-04
4.094537496259882344e-04
7.036275083136737767e-04
1.076742129633553348e-03
1.531826749265397577e-03
1.148125977462235775e-03
3.725655417929586905e-04
1.537170530617540170e-03
9.990457322678685751e-04
2.450749733823835361e-03
1.270155425790634113e-03
1.505227995342900589e-03
6.171540883517149080e-04
5.577713325940544939e-04
4.180011509055308943e-04
4.436202476675856973e-04
4.511339857896042894e-04
7.508387141906194958e-04
7.270688604602708370e-04
8.737912590307990446e-04
5.533052359511615248e-04
4.748947077978406392e-04
6.039564983776926329e-04
6.627745440308339259e-04
4.006038779135720528e-04
1.583192548531107665e-03
3.958246973307023202e-04
1.844665710700621941e-03
4.141040456758206473e-04
5.754574164674444367e-04
1.260524050984108274e-03
7.560776182363826252e-04
7.023753853526096139e-04
1.177285938727242777e-03
1.366410039745385996e-03
9.724780927280338378e-04
6.128278809168083907e-04
9.323588696992081513e-04
9.327741136117763832e-04
9.691343854865153975e-04
6.306694652011293973e-04
8.058135668997609170e-04
1.305388151273274280e-03
6.351142806038012536e-04
1.051318043954689151e-03
3.520418523283752360e-04
1.205801908301510012e-03
4.047703033257920983e-04
4.685539856432393603e-04
6.396269762541191214e-04
7.261870172265821313e-04
1.585408839751636240e-03
1.787388458079302569e-03
1.145904450480933479e-03
2.352289254427298703e-03
8.484517040773808822e-04
1.428982425411261204e-03
1.514522233265443553e-03
7.725516285644061553e-04
6.504213824647487674e-04
4.422943857159033674e-04
5.933803949959916583e-04
1.234678166270138404e-03
1.333311912093768786e-03
7.229748426922381812e-04
5.709232626828411724e-04
9.229750431645082414e-04
2.023564460673755484e-03
3.481727541977986686e-04
5.575878796192799882e-04
7.723731882416119948e-04
9.325886859220309079e-04
8.152409980426857756e-04
1.051123733563173041e-03
5.289378778264687900e-04
1.947044032650577109e-03
6.348226917686440509e-04
8.279535147231730256e-04
1.223809864046775282e-03
1.515476521679222366e-03
7.924644734761100923e-04
1.817770937751584086e-03
1.626474934359041025e-03
5.592229404073730198e-04
4.133519717257279390e-04
1.787388458079302569e-03
7.104432686976043694e-04
1.359709094267402872e-03
1.137581372662559804e-03
5.436924573859521631e-04
4.398824750685058024e-04
1.185540869643809123e-03
1.022227343544266937e-03
6.182057466384456579e-04
4.091047815254250826e-04
1.048259242174279715e-03
5.425719374127725616e-04
3.926095220141267300e-04
5.471805016509570779e-04
6.750369724651507841e-04
2.910282184013218004e-03
5.365892973339557101e-04
9.705135874603921771e-04
7.023833150524222586e-03
7.996557098331521368e-04
8.616802821174340994e-04
2.374189526972897684e-03
8.595051158403475052e-04
1.201663844515402438e-03
1.832093599165400153e-03
1.877121935312935650e-03
3.584170395403845754e-03
3.032731101683837013e-04
9.539214259166770796e-04
7.895111974723972772e-04
5.535553033085392630e-04
1.012252997048298251e-03
7.667930408346382851e-04
1.827921621954631390e-03
5.161062531463057922e-04
2.060230373520615180e-03
7.679132969668304174e-04
7.093408267927695920e-04
9.735559243675914482e-04
7.743805434067024167e-04
5.042507971135050089e-04
1.685993148757537969e-03
1.517263491308432121e-03
9.580062526499306692e-04
8.370713523021088140e-04
7.853818029121838228e-04
5.444034162294654434e-04
7.104432686976043694e-04
1.242434955524044380e-03
1.231959102371534779e-03
7.796641694748049660e-04
6.300351849428997885e-04
5.370574068714361379e-04
6.777292725767976832e-04
8.087994913470937823e-04
9.189062224880188267e-04
1.334247140193472710e-03
1.247695665252036672e-03
5.688597466265783893e-04
2.031382388036429790e-03
5.580996966920505646e-04
1.486800822514444719e-03
7.294116433036951577e-04
1.156892713767635568e-03
8.810623550720521118e-04
5.505837538545672004e-04
2.949343717557793235e-03
8.313803551643758269e-04
6.666374835919313454e-04
7.945532020282859535e-04
6.114835689788098274e-04
4.291819104770924244e-04
4.183455946222283889e-04
5.820264313113136237e-04
6.549727733212475089e-04
4.068677163992268802e-04
7.076687594916727334e-04
3.524292427034166867e-04
8.616802821174340994e-04
1.355592912080124182e-03
7.560309638265257353e-04
1.493593410223878828e-03
1.155767435043511451e-03
6.294302501976045466e-04
6.240128501939213018e-04
7.298279733589984946e-04
1.050028293507537878e-03
1.954703594936316700e-03
1.067450300306930751e-03
7.575903094724239671e-04
8.037030274987243391e-04
7.949069791766331765e-04
1.392860679498023274e-03
9.662233014550846311e-04
6.941557703016704422e-04
1.539418097009311688e-03
6.031507777744513944e-04
1.086708398574091515e-03
9.077184733827394327e-04
7.765790698022789805e-04
4.334815959378749404e-04
4.854907136755435095e-04
3.932396591383715222e-04
5.891028971732816151e-04
4.584302314282466431e-04
7.289320808351737934e-04
4.736161975635476613e-04
8.286195522927827448e-04
6.584345088684738934e-04
9.329806733768093111e-04
5.015522730289107304e-04
1.971954998933173747e-03
5.978554720698291917e-04
1.258995952701727353e-03
1.701374994045486404e-03
4.539591786706951909e-04
1.159852663914982080e-03
1.568581907453134219e-03
3.000274595044412004e-03
3.924710647756487862e-03
6.693313651989570186e-04
9.574170901328918305e-04
8.622911982705858775e-04
5.285001989434396285e-04
4.617567248620843253e-04
1.010802781781068582e-03
1.126461694613895091e-03
4.413090891789778138e-04
5.535624294937328523e-04
6.053346916828146636e-04
6.275946442935507845e-04
1.113365711765289343e-03
5.011408052351130340e-04
7.616114127788512845e-04
8.623253035820826985e-04
6.850677986814376419e-04
1.397553502054842307e-03
5.686994949620813962e-04
4.325983077718483926e-04
5.279805626368966505e-04
6.507108580016998352e-04
1.252307397484824815e-03
8.180970647256126166e-04
2.600666773604242039e-03
5.908252433275486574e-04
7.603168439947792599e-04
4.070160562439191433e-04
9.112972105011989772e-04
4.252687331727192268e-04
2.716222416448876159e-03
9.874243860086083079e-04
1.092206012924028897e-03
6.921880184876384430e-04
8.364400399447962037e-04
1.597679546954981593e-03
7.585883958439790502e-04
1.444023259271461947e-03
1.076216623885057179e-03
5.462435567510770659e-04
4.367632393018046149e-04
5.770062731233139208e-04
1.038173984415764490e-03
5.390838025235998631e-04
2.873746017215848478e-03
1.492755836692850543e-03
4.020037548734241382e-04
4.040046778387322091e-04
1.031918197723413972e-03
9.635120201022416217e-04
3.902024832036614117e-04
4.671772554729729525e-04
2.553979359421653847e-04
7.560253806551782895e-04
5.167117449295252846e-04
5.244761534139251837e-04
5.891250959147427066e-03
2.215053859531933289e-03
7.288920260150498964e-04
1.105820733725189093e-03
4.245851429649801878e-04
1.670823684445229109e-03
5.692267133530751113e-04
8.593248881774041966e-04
4.761662608934638229e-04
5.338000233640429783e-04
1.443334732116079893e-03
4.430978460841151936e-04
8.598224693478901922e-04
8.322148809559707814e-04
1.104350196642677438e-03
6.057387972644372827e-04
1.514021556844191794e-03
4.786961040268736755e-04
4.531378649181507998e-03
1.346242883081628754e-03
1.611955500970157920e-03
4.507544524272555863e-04
1.022007517048966266e-03
8.194062826466878011e-04
1.170442128094387581e-03
2.736389553243707886e-03
7.290028062230402301e-04
1.486800822514444719e-03
6.116026255520465131e-04
6.026071054168110350e-04
9.880044060064426675e-04
6.839640003806974396e-04
1.001865341893458643e-03
6.402117047981952967e-04
8.305718606629602799e-04
1.356116703207912132e-03
1.499430380519787068e-03
1.932874993457754653e-03
5.004728120757881947e-04
3.941613817028785834e-03
4.560816580805685536e-04
6.687919489972378494e-04
6.789330861933406264e-03
7.996557098331521368e-04
1.242161685079739555e-03
7.140963433193703302e-04
9.626343366509827791e-04
4.125718341119801466e-04
4.816390655603868323e-04
1.125395441238926210e-03
7.283776456530655129e-04
4.216907386728903882e-04
1.027687103932760837e-03
5.263844930858309215e-04
1.025641635686870643e-03
7.101809776568501504e-04
1.051416630149959669e-03
1.324099789931912439e-03
3.184340216237402030e-03
5.184256327806236733e-04
1.601537177342618771e-03
4.270368242891277809e-04
5.018680921810928994e-03
3.695624668542660577e-04
5.455415082752238572e-04
5.674246651247618744e-04
6.482972592778826282e-04
9.463960234752731137e-04
7.139177995676433252e-04
7.766625536699267585e-04
7.051995148877831208e-04
5.308796367326638248e-04
6.692159601435242796e-04
1.007890139509136883e-03
5.068118754091509000e-04
8.733034393338032480e-04
8.892823499545812922e-04
2.744376901156103167e-04
1.941142648155219468e-03
1.184773922011954708e-03
1.947026385860708758e-03
1.877121935312935650e-03
1.034272128678889952e-03
5.893640028081358756e-04
1.985113600488583058e-03
1.218123046484560767e-03
3.289521103959789565e-04
5.215770465711858832e-04
9.607780488840615349e-04
6.545049394442079525e-04
4.795887306776422279e-04
4.513743713702880289e-04
1.128416862820708902e-03
9.593200549366221429e-04
3.656271341341791204e-03
7.484246632010004398e-04
9.961928324530606050e-04
4.056491767782464519e-04
9.610104316000383584e-04
7.854336987299286119e-04
6.296270329957176027e-04
2.178515166832204961e-03
5.129384442167433597e-04
3.699445824230808270e-04
1.657731016298655963e-03
7.469823050941619413e-04
2.341798576376680728e-03
7.234798512698423396e-04
6.140493394838379346e-04
1.041746008077741896e-03
1.445670634370759726e-03
6.185821513188273762e-04
5.701662839208300861e-04
3.361542908115639785e-04
4.791316373889087875e-04
4.004083329986318622e-04
6.669591299575911925e-04
8.688761015958479253e-04
7.727864656666109814e-04
1.891043354593462903e-03
3.238018896226000048e-04
1.066532942374189994e-03
9.113669506684400623e-04
1.098824313994063153e-03
6.483501377242907506e-04
2.023564460673755484e-03
3.775444322954157536e-03
1.025624971782693315e-03
3.627865590629453848e-04
6.924930729591097537e-04
1.161692010268716843e-03
9.430217242925156623e-04
7.572368837407888803e-04
4.497561478122220923e-04
4.590847995218745418e-03
3.935248321455136512e-04
5.575209215861559554e-04
1.646196410818967764e-03
5.063896745042384797e-04
1.628878745036537075e-03
4.837121718425469938e-04
9.783830466934626685e-04
7.661530557785399846e-04
1.330021915962531758e-03
3.933537775588212982e-04
2.990827732798150658e-04
6.391107450940773909e-04
4.526529506636565222e-04
5.150201941346062165e-04
7.832468796385657923e-04
8.254262297423263809e-04
7.547497928381947073e-04
2.060403850440926162e-03
1.133394157752858978e-03
7.996909974104085333e-04
7.107933269744756352e-04
6.395832107344514737e-04
1.684426640904126363e-03
8.071185777116843783e-04
5.245273577006792989e-04
7.100499483186421780e-04
2.950006962228349325e-03
6.151476287223362621e-04
8.348364790832897911e-04
7.326720213488322831e-04
1.074086193011701161e-03
4.943025885585643642e-04
7.049870798187195774e-04
4.670806311685340301e-04
1.357106001479144348e-03
5.878462283706658523e-04
7.503127882177393912e-04
7.913739379089725469e-04
3.940084030104805098e-04
8.479359975349593306e-04
1.208943985153230127e-03
7.952928486921149185e-04
3.389311679058989806e-04
4.054640383036521535e-04
4.165588575139357055e-04
7.890593871946670031e-04
7.644283173683483375e-04
1.112415097892770774e-03
5.089976735641202430e-04
4.942447887704831937e-04
9.537928799339052185e-04
5.548549863812311670e-04
3.776154170497601163e-03
3.303287912482757885e-04
1.080241272374082937e-03
8.152366155188688372e-04
1.712150258609951336e-03
5.879487459442740444e-04
1.203905565823900009e-03
7.377846869047633305e-04
4.775411682418630958e-04
8.748692241781130460e-04
2.448935602956611463e-03
6.094967080973522989e-04
4.851172653387898640e-04
6.825127456877937669e-04
9.850364997642964675e-04
5.529434301263718788e-04
6.812928550947416591e-04
3.713328797950630165e-04
5.389328442643878886e-04
3.460126736100680952e-04
4.099123093942701472e-04
3.743975259955954413e-04
4.921750030214823391e-04
9.412462286125294810e-04
6.381399675046704788e-04
7.541066681100028072e-04
1.087275321749777389e-03
1.398076225116563895e-03
3.696785534965347586e-04
5.162812489420476932e-04
4.503087918397179396e-04
3.553736969534497330e-04
5.099767217838431814e-04
1.398851469294350777e-03
1.119522088655166723e-03
9.061123896594501471e-04
1.177285938727242777e-03
9.011462105197418516e-04
3.370384001412690851e-04
8.128711015322605217e-04
6.760448830693559143e-04
6.526990715035955451e-04
3.148819444525451788e-04
9.255194943914620952e-04
1.153142010714643161e-03
2.280651420693469069e-03
7.334022899614246315e-04
3.608959465293584928e-04
1.362831070125834505e-03
4.673874629944284298e-04
1.223316173654734372e-03
4.975016136704128993e-04
4.862426392429536337e-03
1.977360460940099512e-03
7.282465667585326765e-04
1.074680408730023084e-03
5.720751762528892507e-04
6.143571579600282497e-04
9.827838097362009279e-04
1.024263289455591523e-03
1.371966156966358385e-03
6.305369886417115828e-04
5.596085184786192632e-04
3.485407710217857985e-04
1.120391843106668126e-03
6.726825850380384894e-04
6.437661716987616968e-04
4.776542176486102257e-04
9.193560817800849536e-04
8.423797741352075227e-04
5.035278884693132357e-04
5.209926408646599122e-04
8.737912590307990446e-04
1.171403334632671080e-03
3.502382772845739293e-03
6.006041826750656374e-04
5.087275829872017503e-04
1.143047866662507068e-03
5.135436959866693241e-04
4.395045710298485812e-04
1.080202574605460160e-03
5.673370295087672892e-04
2.360409895521436031e-03
1.043836892157796450e-03
8.504344973155404837e-04
1.333311912093768786e-03
3.260869085389285602e-04
3.077287778465945950e-04
6.143571579600282497e-04
1.492760998096709759e-03
4.801590707091992600e-04
7.930722868360456099e-04
6.676846559423077259e-04
7.952894297677724983e-04
1.417327122376916887e-03
3.996001069963838761e-04
1.291266160159585579e-03
1.096379176096255823e-03
5.833958824942415359e-04
5.377670013394376513e-04
6.378808636108740686e-04
1.278883624831034108e-03
7.290028062230402301e-04
1.135550976855638624e-03
1.910639577814205771e-03
5.051961936531430743e-04
8.561878217971950799e-04
1.164086912088674926e-03
8.740338975714231906e-04
5.396841818246125681e-04
1.056069001260800467e-03
6.367588116995818613e-04
5.782679584977540787e-04
7.433657370783925246e-04
5.571399526473855713e-04
2.296123824609131966e-04
8.779743595610099878e-04
9.440602984985740952e-04
4.527906259320007903e-04
4.009159114386724797e-04
3.914229207885189937e-04
3.175275215317365906e-04
4.835054857938958462e-04
7.422511927931828724e-04
6.558726904013103924e-04
4.271346156886076479e-04
1.099104146232686820e-03
5.288828625522989501e-04
4.461095274658715250e-04
2.880995424372630696e-03
2.189885582684719841e-03
6.838499923705126330e-04
3.049934846359566437e-03
5.862257232825429133e-04
9.932800092314901692e-04
4.995482106297477421e-04
3.738709518324690242e-03
6.749856757314931293e-04
7.213313866476545088e-04
1.940001207530445094e-03
7.503937217085266233e-04
7.916838171853964479e-04
3.995759392399711668e-04
8.269167895212823586e-04
3.996001069963838761e-04
7.054857105835337988e-04
6.599547607659490746e-04
6.862073110850484391e-04
6.723128083637898563e-04
7.263636825066780702e-04
2.512680284749236551e-03
1.630386982567392194e-03
1.080241272374082937e-03
1.053405061245965427e-03
7.763971854472116914e-04
5.304203557454103234e-04
8.087962038056084298e-04
6.627590867288708993e-04
1.224568788069249929e-03
7.887033132499025531e-04
3.523205740194105509e-04
4.754200849351754277e-04
5.460796883802270484e-04
5.308796367326638248e-04
4.485075903984208604e-04
6.276148239274905501e-04
1.904729338157909414e-03
4.059762725257428620e-04
7.830585686012820484e-04
5.271376300153719080e-04
4.954663717532988964e-04
1.130518255829643121e-03
5.756644470438666969e-04
4.102253926056744892e-04
1.964076276836714940e-03
7.054030412228428021e-04
9.145995321192794012e-04
2.430465199456836173e-03
9.641451387759134148e-04
1.502532419833345389e-03
8.629822393499872978e-04
4.420117710507819996e-04
1.047928608868711579e-03
4.386035984775371968e-04
1.014206792389927029e-03
5.850563405417589938e-04
9.395237091644950819e-04
8.130029901381749611e-04
4.074357578075680445e-04
1.200385225340365068e-03
1.746451400689073277e-03
4.937791178381660540e-04
1.377022822002366880e-03
6.000976676031335392e-04
1.393727938418138105e-03
4.388577713960361486e-04
1.023026390803542319e-03
3.846878361366013474e-04
5.563676847699949336e-04
3.231173660103503270e-04
6.856071068844660915e-04
3.584224853374963255e-04
7.058334212726611809e-04
5.862330231253574464e-04
6.627058927583465023e-04
4.739586223008977880e-04
4.311909401154489997e-04
5.269836442280905441e-04
5.061296446753851428e-04
1.137355615043472365e-03
6.679949639666756759e-04
7.859127599150375187e-04
3.811753582606431929e-04
5.678142018374037056e-04
1.327637674380416312e-03
1.130397000958006243e-03
4.125367261887436551e-04
1.666994144794909337e-03
4.401663560313393876e-03
4.138102097857536800e-04
2.417870144909965019e-03
1.684426640904126363e-03
6.353833399981279571e-04
