9.349970113325182908e+00
9.228327599611194643e+00
7.506890582786030386e+00
1.090255961051265032e+01
7.825547984576040506e+00
8.516008174201205705e+00
1.117559521010356072e+01
8.182917984906374897e+00
1.031399570808205013e+01
9.209465150908975772e+00
7.129913596895448791e+00
1.062235317589989059e+01
1.078882285188239010e+01
8.176916573733434390e+00
1.115808608226463861e+01
3.028257263391406884e+00
1.081552481505681129e+01
1.096933175758605472e+01
1.027572416324470161e+01
9.056867980295351117e+00
7.473383604389846724e+00
1.062900599312316530e+01
1.084693619474206905e+01
7.851373470704514190e+00
7.991028791478687054e+00
1.062457306318457739e+01
1.064019222566381906e+01
6.521208966604570278e+00
9.560871172662039896e+00
8.159712962656939794e+00
1.115909699698787705e+01
5.765648774793404208e+00
7.506890582786030386e+00
1.094036209717401498e+01
1.059134943701543463e+01
1.063088241568526549e+01
1.121769833137826033e+01
1.053602740936854332e+01
1.104998382834445714e+01
7.519001945605582549e+00
9.500549510026056410e+00
1.124004669228976816e+01
7.847266883323822384e+00
9.195228385697923557e+00
6.637310098805437875e+00
7.784527528628178317e+00
7.085031775825556544e+00
9.293841423066448115e+00
9.251537421911679715e+00
1.063066264351506263e+01
1.104558841151974846e+01
1.025602759864915825e+01
1.002026987891538745e+01
7.100600978172301403e+00
1.024474971321568262e+01
9.455932534973353398e+00
8.275099360741450027e+00
6.333783045736065986e+00
1.002930436180492180e+01
6.908338263159833126e+00
9.508451621341711402e+00
1.028590373394789204e+01
1.073754866273893605e+01
4.588650993341524043e+00
9.568466787095440296e+00
1.109213601803909555e+01
1.027391060587844862e+01
1.098856121516487683e+01
1.083190530521964057e+01
9.641922310640490323e+00
8.385684028639483145e+00
5.717639300514558265e+00
1.027761299596983768e+01
2.195443361302550134e+00
6.511861368862602362e+00
1.126233888221548085e+01
9.814088005512049406e+00
9.571157852607072414e+00
8.319798412292730205e+00
1.038544073742504636e+01
4.479581456004185114e+00
9.115609039254760404e+00
7.532997571434490780e+00
1.001466575688340299e+01
9.839461717180748579e+00
1.120923327473226294e+01
1.082884841784066765e+01
1.065392672419048559e+01
8.722641396896934296e+00
8.075974014801468925e+00
1.089404197566921617e+01
1.104313925855388412e+01
9.001465635810701471e+00
7.591491199410873136e+00
9.157489369321391237e+00
9.586999688734250569e+00
9.645971792169092396e+00
1.043505742268702896e+01
9.556337302514346987e+00
1.052919467201416737e+01
9.429923822364369101e+00
6.873244848856140621e+00
9.930428183458943181e+00
4.375089309724560671e+00
9.552547001530955484e+00
9.364222305619362530e+00
6.271666632156329690e+00
8.309838402888386710e+00
3.299234681194282537e+00
1.117357978299211752e+01
6.877453431023335284e+00
9.447968704712867094e+00
6.519672347518404187e+00
1.127959982891706048e+01
8.568686272982008134e+00
8.535739904646888476e+00
9.314296333728478317e+00
5.803194181518685824e+00
1.114453906360916946e+01
1.126008510411730335e+01
9.898235683286662479e+00
8.601566901955292721e+00
9.965976473259670954e+00
9.506269510103399156e+00
8.343630196302406432e+00
1.048003372537425903e+01
6.873232284684196891e+00
1.001041986779286219e+01
9.237762188004726482e+00
1.020362226736421363e+01
8.109245943433707637e+00
1.118275780637212158e+01
9.575905679690947636e+00
7.596808457000309822e+00
1.095066346430829896e+01
1.106773564602238302e+01
8.717731453371374784e+00
1.028426601876348023e+01
1.067455443080001309e+01
3.400123651418837767e+00
1.118483716859826949e+01
8.402344715133054365e+00
9.054352817814248056e+00
1.075464335067335142e+01
1.085237805031030156e+01
1.016406106620895500e+01
1.106265946515935461e+01
1.070350292970067940e+01
9.275568689996743998e+00
5.526504290119928164e+00
1.119153364015583740e+01
1.092926575476304407e+01
7.722878161455400736e+00
1.003512451960100549e+01
1.408208806208255170e+00
1.092217643280687334e+01
7.657218141599319239e+00
8.777778556246040864e+00
1.063040675151287040e+01
1.129604088019718944e+01
7.074584405191883363e+00
7.318710550886697419e+00
9.318471982377500851e+00
1.084716688500367354e+01
1.107851088699178987e+01
1.066374877947221300e+01
9.779602229033915961e+00
1.088700622998439904e+01
1.099987188927697446e+01
7.570493344204388464e+00
9.995324698982505751e+00
1.060538027924413917e+01
3.356954309603346065e+00
1.026117416309352670e+01
9.434312207870204858e+00
7.725130748137938319e+00
5.005420755487945961e+00
1.011140780996354316e+01
9.464807547063500692e+00
9.901389511204833127e+00
8.005887572860276080e+00
1.108335506771199164e+01
9.209568064751445959e+00
5.597936883362058857e+00
9.519647329187117535e+00
6.691249977982534958e+00
7.785174433707485520e+00
1.100483693285757880e+01
9.796884140087207982e+00
9.824758330210482171e+00
1.021499010185694978e+01
3.871793850702274220e+00
5.670350621245521694e+00
1.024033977804239548e+01
1.086335564438519796e+01
1.100278641295006743e+01
1.090548486669937311e+01
9.575436086365535004e+00
7.760046881626450954e+00
5.700034646559109852e+00
7.855003049023349782e+00
1.015310621649810763e+01
1.127402072865150373e+01
8.021410216718075858e+00
9.030784832693099062e+00
9.927400609293238531e+00
8.463451827369807390e+00
1.802653009887549285e+00
1.086511126399124016e+01
6.784270103103092531e+00
9.024829328330916667e+00
1.048309129023410513e+01
7.952152011119383523e+00
1.021508894189180694e+01
9.547646536194703160e+00
1.058660704246307738e+01
1.107198275667936116e+01
8.880709164960926216e+00
1.102084065614355701e+01
1.080337659679490692e+01
1.124681127361600552e+01
1.075964277148783488e+01
1.075203501893041036e+01
9.358875041451577559e+00
1.114561484345817988e+01
9.722230003869039905e+00
8.182917984906374897e+00
1.044143203622423499e+01
6.828649507577753575e+00
1.093449892689422320e+01
1.074731858703258247e+01
9.936174614906667202e+00
1.113744598436844413e+01
9.054352817814248056e+00
7.104441819769056643e+00
1.113471127267600203e+01
1.031314839687323293e+01
1.063887624938617904e+01
1.079964399961322563e+01
1.014377443830681713e+01
9.577756516305633738e+00
1.039579506157030053e+01
1.118194051939407530e+01
1.062913964972382885e+01
6.661768983197004168e+00
1.007098031550211559e+01
1.069084198208918934e+01
1.093884287595173532e+01
1.066823753367716243e+01
6.286916093450856557e+00
1.085682934206964489e+01
1.005347965710341818e+01
8.215161472702991574e+00
9.524658260751563077e+00
1.132053523736261980e+01
2.218008677893643199e+00
9.936373820006291879e+00
1.016913510542146071e+01
9.958542793684371119e+00
1.050725537939081455e+01
9.765202085040012747e+00
1.106289821678744900e+01
1.115087535152248321e+01
1.104720099550748991e+01
8.522647706984297855e+00
1.017257946546828151e+01
8.634767252148254357e+00
6.802624971117073649e+00
9.951900947486151949e+00
1.110676223656646933e+01
1.004628568254390686e+01
9.306696448208127137e+00
2.571385191518896107e+00
1.075797682991728976e+01
7.342147477652623877e+00
1.041714895685832154e+01
1.073977360598196640e+01
8.183207044044475964e+00
9.803490973036559808e+00
1.077758133589972189e+01
9.925882350599728454e+00
8.854942204870614120e+00
8.382125931212689451e+00
5.566069092697570220e+00
1.033249983174514952e+01
9.052094933215061090e+00
7.825463298169402115e+00
1.038705372303468977e+01
7.920103572947474468e+00
7.579830640061142155e+00
1.096319834773558277e+01
8.328677928816814457e+00
1.058702640712789567e+01
9.449040279561458533e+00
8.195354236447137453e+00
1.038073456981974907e+01
9.435098874333283092e+00
1.088600955548080229e+01
1.105993858167216182e+01
1.099654127869162856e+01
9.797691274773805858e+00
8.613763230679646554e+00
1.118157068729791526e+01
1.004027102521249581e+01
9.931880527579577844e+00
1.089825007047562444e+01
8.618486493201757526e+00
1.118185937134967922e+01
9.889916206105143104e+00
9.309968128613959948e+00
1.125931172134364289e+01
8.990764886050099491e+00
7.933656572826654596e+00
1.085257454850535019e+01
9.033765769909940957e+00
1.095428166586000174e+01
1.077449272860178375e+01
1.023211947811519984e+01
1.126348582646293650e+01
1.066301137650269304e+01
9.868291985678741440e+00
1.123786408786162738e+01
9.246385750910292245e+00
1.093966943952470139e+01
8.688676986578817818e+00
9.664095902609503241e+00
1.027936752645036123e+01
8.400650380577987519e+00
1.116276074487026015e+01
1.021420771165204755e+01
8.784582872684898902e+00
1.019953810126357752e+01
1.096282638771881857e+01
1.077449272860178375e+01
1.083500735050812658e+01
1.034344057222854119e+01
1.030168661161362387e+01
9.577753022930149740e+00
9.880909037752635626e+00
1.103335569723905074e+01
9.642102676317540144e+00
9.996920316965439923e+00
7.727138571245238730e+00
1.038849548618977714e+01
8.364852634071572979e+00
1.058360596531884568e+01
7.113950924434962353e+00
5.005420755487945961e+00
7.752406244697738202e+00
1.002726939674547957e+01
9.200119620143263788e+00
7.808790774291672676e+00
1.033275438600805174e+01
1.062606347225587733e+01
1.099137989989499076e+01
8.913955453512162563e+00
1.017311143715775223e+01
8.160013406838803718e+00
8.342571668466870705e+00
8.794679798836279261e+00
1.014246124063997101e+01
8.669447869627425973e+00
1.106371561682170501e+01
1.050741556979843949e+01
9.446071041529894075e+00
1.119473309719901799e+01
1.104481714609472043e+01
9.574026857494617460e+00
9.695945664173823531e+00
8.388716873300015919e+00
6.879084505359970514e+00
9.305095860721088741e+00
4.975934306396195161e+00
1.008099098193194720e+01
5.931828902116631497e+00
1.088563612095991751e+01
1.021643664785292493e+01
1.125587337426120094e+01
6.042076572918626987e+00
1.106908937940762172e+01
8.671283664862926344e+00
9.607774701536326845e+00
9.055420513404170535e+00
9.602124388094223306e+00
7.355714110640786174e+00
1.130637469733570022e+01
3.974558872210883553e+00
4.319420641948423345e+00
6.491795880566013643e+00
1.050818696441268862e+01
8.931483999039210531e+00
1.041425485575626375e+01
1.007502442078808436e+01
5.620967308430242504e+00
1.033911194948913526e+01
9.384795390647632018e+00
1.055925182807885143e+01
8.652380159125566905e+00
1.096778619028599167e+01
7.043461861856883388e+00
9.641991999005815828e+00
9.980685993769689901e+00
1.121074809500452929e+01
6.264025912986372902e+00
1.109342785159985389e+01
9.261724816975185348e+00
1.127502631799000987e+01
1.009925071178120781e+01
7.109006044001920266e+00
8.370190171610099483e+00
1.012779938617933340e+01
8.460949791526848784e+00
9.416042351182618120e+00
7.532997571434490780e+00
8.877756214374642241e+00
9.669267732590133946e+00
1.094053806967714948e+01
1.002619361579271740e+01
7.523573315093369018e+00
5.023104385800878369e+00
1.097933019414873712e+01
5.996704704825385868e+00
8.881685361721331162e+00
9.760088032472287622e+00
1.036917089339557840e+01
8.573372130671346625e+00
8.766899053580274881e+00
1.075395021359612180e+01
9.182706345348682575e+00
1.022123224462140101e+01
1.077848646434410185e+01
9.274376157209736959e+00
1.039853246328407721e+01
9.109885319407977633e+00
1.076239050441111011e+01
9.753797879237483315e+00
1.022361471814588185e+01
1.114805905483225956e+01
7.495110341777436069e+00
1.122472574753681940e+01
1.071607462678776734e+01
9.517485773994602383e+00
9.370644253058005191e+00
1.026312846600211515e+01
9.180010118326928037e+00
9.799029131023967665e+00
5.121515219555825560e+00
8.182917984906374897e+00
1.002622069722061404e+01
1.046799121080335304e+01
9.051552425399327362e+00
1.058951442402518417e+01
1.101448340558476424e+01
8.951804240230639920e+00
8.594851933197963589e+00
8.390613261140913437e+00
4.837028174005160608e+00
7.388002964858652710e+00
6.802624971117073649e+00
9.634179819156203806e+00
1.094138414335408349e+01
1.020654153547216048e+01
6.803518276355315031e+00
1.016005844269600189e+01
1.012970158571875245e+01
9.391023633950446481e+00
9.091230942376407498e+00
1.079581402947603230e+01
9.728453870261919434e+00
9.506259005871855905e+00
1.106194542893917365e+01
9.699840908126052597e+00
1.019123181934433653e+01
1.062913964972382885e+01
1.055229855363147884e+01
1.068514300455656318e+01
1.039136292709391540e+01
2.331388781266411581e+00
8.112188065396852110e+00
1.122113106565449137e+01
9.559197352991901653e+00
8.689862204791561240e+00
5.979395570114481195e+00
1.124273238199167224e+01
5.501378662017596177e+00
1.071681941610514777e+01
9.485074154727453077e+00
1.057471511671207764e+01
1.130658751715807497e+01
1.023360853108428259e+01
9.842250542195706942e+00
8.173711213772669737e+00
1.129709129315032357e+01
7.842153581097394799e+00
6.166181744263526276e+00
7.841276258882266426e+00
1.109953443700558751e+01
6.724441090048007830e+00
9.836023962059385894e+00
9.532315196108855915e+00
4.105082730102944666e+00
1.103204790464895169e+01
9.410096613080511929e+00
5.356026949959383998e+00
1.012083966875417396e+01
9.954036403886529882e+00
1.047654675714722750e+01
9.550157787166847712e+00
1.111632265621994087e+01
1.080543712881341278e+01
9.696634596880160828e+00
9.089360701114982177e+00
1.088060307356110101e+01
1.074225684686425986e+01
8.822280322524838070e+00
9.580985354590476177e+00
3.662987298670216330e+00
1.123764396120940567e+01
1.092779081252987439e+01
1.098856121516487683e+01
1.129597819359104172e+01
9.538678494015796261e+00
6.127350593678126067e+00
1.067214813419426456e+01
4.796046797906391213e+00
1.077632555200855968e+01
1.027211038102979046e+01
9.950405554180706602e+00
1.128674958122706684e+01
8.416821589302958984e+00
8.209908924141208431e+00
9.396483271476505195e+00
9.961237732839020254e+00
1.113340310571733838e+01
1.076067856625092745e+01
9.825588324245783767e+00
1.091648118376392063e+01
3.348651899589444980e+00
1.036789127030505497e+01
9.966190091732523015e+00
1.054865191713298245e+01
9.987237792836873851e+00
1.101279397522283432e+01
7.652128036715899917e+00
1.057779889567106757e+01
1.044297232519342700e+01
1.127497356226183101e+01
2.470039843808929714e+00
6.148213092502425425e+00
1.089109730873876458e+01
9.642850218821147124e+00
9.399332476512570977e+00
1.053697905887702468e+01
9.471596695523894383e+00
7.094000077455990372e+00
1.097055946963861217e+01
9.785815449553021850e+00
1.111676308766635657e+01
9.576351487348070179e+00
7.110827273347703148e+00
1.075831517269311099e+01
9.014105068153281053e+00
1.051811789824082943e+01
1.032322428097588052e+01
1.033249983174514952e+01
1.023317849266092594e+01
1.061619583032745240e+01
9.338662592415008845e+00
1.119610334405207297e+01
1.065625316101660047e+01
1.103097151331919079e+01
9.520983251153094074e+00
1.123397401374231031e+01
5.929224701978006884e+00
1.002896371324882097e+01
1.085159211944691471e+01
9.000584921511276093e+00
1.119700457124871740e+01
7.633206924345901534e+00
1.036969007575265245e+01
9.014943618816728232e+00
1.072212791213095251e+01
1.033975435571156076e+01
1.067997869592735505e+01
1.092160541345250202e+01
7.264727662777972661e+00
4.727637126563935865e+00
7.794336643600721537e+00
1.027622423051124656e+01
7.741539269896705378e+00
1.026117416309352670e+01
9.690687127311816695e+00
9.110212278129530716e+00
1.110766476854467832e+01
9.804779094264283401e+00
8.973293172777701443e+00
6.512488649148727049e+00
7.688654013604382165e+00
9.570118839819661716e+00
1.107745934605646987e+01
1.054958853889393922e+01
1.069210857929651226e+01
8.791068993913770058e+00
8.860163266631584378e+00
9.625010865641657531e+00
8.671616913289069473e+00
1.081138277481118060e+01
1.035939580220050260e+01
1.095793276988266918e+01
9.194438715178591792e+00
8.333708975135991182e+00
9.144610826417133964e+00
1.019123181934433653e+01
5.558167473408006209e+00
1.065644836138922535e+01
9.835866780129029152e+00
8.131284817488536376e+00
1.075352552828924324e+01
9.273942396889241380e+00
8.618486493201757526e+00
9.826360847010128907e+00
6.604558214379410153e+00
1.055707473190598300e+01
1.107638461362998683e+01
1.004928355903217607e+01
9.205024833940223417e+00
1.053804763503664432e+01
1.104841276812319073e+01
1.048489488012099180e+01
5.931828902116631497e+00
1.080319206567929768e+01
9.062351151529208337e+00
1.016506233318809471e+01
8.473067268937231944e+00
1.075981213403833792e+01
9.574336317788045392e+00
7.927063422280451022e+00
9.195228385697923557e+00
1.122227080788342590e+01
9.617054466831888249e+00
7.989710868801689791e+00
1.017050254757848116e+01
9.869454707096700474e+00
9.701656114821355814e+00
9.733754928904918557e+00
9.848436389306806760e+00
8.538708857932423513e+00
1.103047944613486742e+01
8.029462238402473417e+00
1.045800985463044341e+01
1.092180684859406625e+01
9.083531585058498337e+00
1.124114641696082906e+01
4.346766131508603692e+00
1.103445909113230883e+01
8.452119559851185571e+00
9.842742865165412525e+00
6.927997364271677228e+00
1.102888351001380052e+01
7.847266883323822384e+00
1.119173091255576225e+01
7.179137815071558570e+00
1.127197320008616366e+01
1.065081523269882702e+01
7.931510020851205489e+00
1.119721322549952092e+01
1.055197690886614481e+01
1.123428248483219072e+01
1.125556465881293278e+01
1.096365890104612717e+01
1.109802360732305004e+01
9.293737479286846792e+00
9.094671694737131773e+00
1.028541120351922444e+01
9.229293275964739252e+00
1.007914124751702190e+01
9.367972189811128558e+00
1.039448792533851318e+01
9.232923474577686918e+00
1.106119145225870426e+01
4.848414033540652035e+00
1.091318381818018679e+01
1.050334892019136390e+01
8.500079294869221869e+00
3.156989853462528917e+00
1.116383186789106574e+01
1.098863940898897340e+01
1.110170126800528223e+01
1.131192108961325715e+01
9.740733851653956776e+00
1.092180684859406625e+01
1.021837908553365359e+01
4.749303728421800486e+00
1.083583310726610627e+01
1.093571752126702634e+01
3.904597715022935400e+00
1.067478752299361666e+01
8.371617885455572505e+00
3.346666491308410762e+00
9.524658260751563077e+00
5.934025807762364657e+00
1.128939596665609280e+01
9.577124852100856955e+00
1.029127952820316416e+01
1.003562946264798406e+01
8.157035298637232756e+00
9.589725861381321437e+00
1.112136491532248961e+01
9.152860009087040893e+00
1.062123954118741231e+01
7.268090620426594484e+00
5.181287103861675902e+00
7.702873484703790297e+00
3.757661421936703938e+00
8.806285407992202607e+00
1.049526096866839708e+01
1.119182434156235573e+01
1.063044070713061195e+01
3.196982468953422973e+00
9.488873676578071681e+00
8.209866771293008014e+00
9.464807547063500692e+00
9.241064780442080462e+00
1.088938784975999496e+01
1.000205536208651047e+01
8.447538178493008587e+00
1.131436004450331367e+01
9.259418864491186341e+00
7.314645551393732958e+00
8.640513215691592919e+00
7.400390020765421184e+00
9.865742266387830028e+00
9.209767503674248346e+00
4.044495100758506823e+00
1.122943900964519770e+01
1.051365641857833033e+01
1.105993858167216182e+01
1.030201750053515397e+01
1.063221483371429699e+01
1.127547777382634031e+01
8.216174630364658782e+00
7.200824555085890921e+00
1.048309129023410513e+01
1.097576425856119009e+01
7.688654013604382165e+00
7.780966660536165591e+00
1.086187273451443325e+01
9.962047345603373572e+00
1.080768562544011502e+01
1.097025898718609405e+01
1.077395731928907274e+01
1.099359912640767689e+01
1.003838977141530897e+01
1.018229964180494385e+01
5.922767577273211792e+00
9.612658807006415174e+00
6.984148151452100883e+00
8.745963825617428355e+00
9.646178235902283404e+00
1.009785412933795712e+01
1.006330922326078081e+01
9.931191821916396378e+00
8.764587976360063593e+00
1.002960986123367704e+01
9.718075819819965488e+00
1.069383182793166043e+01
8.420379970274566972e+00
7.628035664906558821e+00
7.408587102774244038e+00
9.631680288120881173e+00
8.774508665376634653e+00
1.041975006794406511e+01
9.743781887211923731e+00
1.067252687097194297e+01
1.038974993543242675e+01
2.524608240553988470e+00
1.043823780972101822e+01
1.014076969165825126e+01
1.079580870747304644e+01
9.895900559259361629e+00
1.094138414335408349e+01
9.612829442339913655e+00
1.107051549592932460e+01
9.078574429916116628e+00
1.081349023871794834e+01
9.015743365018520805e+00
9.538830414994537321e+00
3.741865259463232452e+00
1.124546674657854162e+01
1.123404275583898482e+01
1.092551923206541176e+01
9.709366000436762789e+00
9.168415027193603350e+00
1.105605311178023165e+01
3.757661421936703938e+00
1.100962397130727943e+01
1.092856275397007515e+01
1.063345892138929472e+01
1.019695570883231284e+01
1.014373483808406284e+01
1.053017087099984472e+01
1.104151971495480922e+01
1.124586920141178048e+01
1.024250148866795485e+01
1.069640531237097036e+01
1.128225856395439841e+01
9.486813377600180175e+00
9.804779094264283401e+00
1.099448459182298343e+01
1.114102527585570002e+01
8.687774170607113433e+00
1.012779938617933340e+01
1.091362515457034377e+01
1.027017838906252045e+01
1.120295617061561266e+01
1.075524403632202208e+01
7.309425214844264218e+00
9.785815449553021850e+00
1.076189629911594992e+01
7.415202003222162830e+00
1.031286903258675203e+01
7.547120630170194744e+00
1.099137989989499076e+01
5.597936883362058857e+00
9.163269993131669011e+00
8.568686272982008134e+00
1.036495724579476274e+01
7.335772834030435341e+00
1.075352552828924324e+01
1.024268189830654485e+01
8.673687626847630838e+00
8.544671037400393132e+00
6.311871758669326482e+00
1.089501916162170048e+01
1.127130296446105717e+01
7.253980825609321670e+00
9.493566616730760188e+00
1.072523679122828355e+01
1.056680121864900102e+01
1.007142780456446829e+01
1.124502916145780951e+01
1.123062096692092915e+01
8.075974014801468925e+00
1.087197958288675359e+01
9.213031833233911172e+00
1.055306286591991238e+01
1.105400143275390867e+01
1.096196396203430545e+01
9.103282181131302053e+00
1.078749878925064287e+01
1.091362515457034377e+01
9.220926268585463603e+00
8.931483999039210531e+00
9.581129330903234376e+00
7.309425214844264218e+00
4.783001531276934948e+00
1.122881449633160500e+01
1.109213601803909555e+01
9.364338195591347613e+00
8.403115036596776832e+00
1.119096490503408958e+01
3.871793850702274220e+00
1.115290930669787706e+01
9.089891261537241363e+00
1.038600733648596197e+01
9.232876522606810354e+00
9.610079463559086932e+00
1.125072588142849916e+01
1.111941152501227670e+01
8.919691164176542841e+00
9.381767276371084208e+00
1.076262292480012306e+01
8.903683921236165588e+00
1.035473521652533080e+01
1.087356684718907829e+01
1.105751106617198687e+01
1.116547474911504878e+01
1.126180109945895502e+01
1.001911307769689863e+01
1.099166160337303211e+01
8.613763230679646554e+00
9.626466198817174913e+00
7.843278481309594596e+00
6.668296577652089496e+00
1.114238215632307671e+01
1.098863940898897340e+01
1.028568375889345532e+01
9.251537421911679715e+00
1.026341302382133591e+01
9.541804734082221628e+00
1.040082406590154385e+01
1.066173643069974197e+01
1.037627129181580088e+01
9.886932914339878309e+00
1.087165204065770929e+01
8.080281564647343373e+00
1.041289544595913164e+01
8.302710748383455908e+00
4.967206234638536166e+00
6.896652116966568435e+00
9.200119620143263788e+00
1.127475302115324851e+01
1.124951901445869140e+01
8.932017099883216460e+00
3.760328762413896797e+00
1.036724302884384308e+01
1.023626842907532897e+01
1.059653459092156247e+01
3.069733679785141334e+00
1.014981901229309713e+01
1.070817017857411813e+01
1.015858088086807598e+01
5.914166778061158425e+00
9.423150869442338262e+00
1.029800214569169192e+01
7.635267218634985475e+00
9.851571570305299730e+00
9.745869963471148978e+00
9.513100362675970700e+00
3.787246154167988266e+00
1.114568062545169447e+01
9.917355710661746926e+00
8.583242265122443371e+00
9.661422969539014360e+00
1.028466479447701687e+01
1.044142630311384501e+01
1.095793276988266918e+01
1.002061704892031280e+01
9.752242523631931448e+00
1.060499866212660258e+01
4.502573399278382738e+00
1.081488141621789545e+01
1.057433484619795827e+01
8.329640320071732162e+00
6.491795880566013643e+00
9.574026857494617460e+00
1.122147183268927861e+01
8.277628631605672638e+00
1.041236597281614884e+01
1.033664367165513021e+01
1.095913884643011293e+01
6.686683734684385705e+00
7.873542591496929255e+00
1.003945221591799353e+01
1.027989011163563937e+01
1.026405742878842808e+01
5.309334230793512077e+00
9.580795920385837050e+00
9.195852114041453973e+00
9.170737482018390452e+00
8.613165585202265717e+00
4.981537881061142592e+00
1.116383186789106574e+01
9.675053069017428342e+00
1.127889497896222437e+01
1.085054448040247088e+01
9.846096407854370014e+00
1.076512986383051107e+01
1.123344755021824071e+01
1.115226611139801349e+01
9.600521219452231136e+00
2.837035698292007524e+00
1.119208988212410283e+01
9.903627379693269006e+00
5.052867626329781814e+00
7.657839209742502540e+00
1.067913253102151216e+01
1.070440954388677213e+01
1.045424903915755799e+01
1.103374590512351006e+01
1.091242283837643967e+01
9.206729178890789456e+00
1.111764448085577506e+01
4.634342771816105433e+00
8.689337812965572283e+00
9.194654090910130861e+00
1.114238215632307671e+01
9.212722252609481188e+00
1.050561540736025634e+01
6.363313266998568807e+00
1.047101788987305504e+01
6.996056001063426066e+00
9.585153951581625975e+00
9.867769381497200953e+00
2.345679605638104182e+00
1.114702218798919020e+01
9.209429983009469467e+00
8.589695700449830440e+00
9.935362951335125814e+00
7.199521697348965965e+00
1.098720524094396644e+01
9.895567511678486028e+00
9.736291907502945264e+00
1.116468932923722690e+01
1.057250085748607127e+01
1.032824018532467214e+01
7.292106049841267534e+00
5.029044067327234302e+00
8.108954715765216648e+00
1.049995308303932262e+01
