1.974576331310361921e+00
2.433529474692686989e+00
2.591207997135237306e+00
2.612677357171794501e+00
1.073855527111057251e+00
2.642147887930780925e+00
2.290398451799550372e+00
1.819641268081183094e+00
2.458430574923844869e+00
1.157617136457165241e+00
1.569247317974140188e+00
2.657758331862963175e+00
2.588845985358044555e+00
2.601625750547618132e+00
5.688184164568782508e-01
1.618333621825349899e+00
1.548100014164501825e+00
2.260821447306323506e+00
7.636571461403967032e-01
1.327625740039497959e+00
2.557592448044536226e+00
2.394549154779072264e+00
2.668416540079190824e+00
2.411883182953285854e+00
4.108641295123734993e-01
2.059645857085772302e+00
2.599857544253805663e+00
1.858638779461588841e+00
1.625362651679314929e+00
2.110049738000054909e+00
1.333618284222735317e+00
2.138948388199103157e+00
2.391711023304753603e+00
1.418561646762192874e+00
2.661745902622285165e+00
1.918298300835004078e+00
2.579539802816018579e+00
1.791256152815426050e+00
2.147070970902523079e+00
2.589741518476156301e+00
1.802033727271471930e+00
2.591011746420572415e+00
1.824807923524980779e+00
2.516644953271201413e+00
2.496571638058531661e+00
1.562834238351341387e+00
2.354970073703436473e+00
2.689403333401917173e+00
2.495583283949576181e+00
9.860659840706537116e-01
2.265007829782460735e+00
2.248976902005859202e+00
3.655575984802999501e-01
2.669843024016876232e+00
8.817349172799645585e-01
2.600307775633414309e+00
1.559784149805224285e+00
2.409115413633758696e+00
8.669061028092872601e-01
1.099611538841225755e+00
2.317555215074538211e+00
5.594567790628313109e-01
2.289312087551197639e+00
1.885426870507893149e+00
1.297985506863491567e+00
5.116288831157200789e-01
1.258075157364731078e+00
2.540187336042887822e-01
1.742613321085821454e+00
1.048658779394767482e+00
9.457504255077282540e-01
2.671223236107358456e+00
1.277153471684897790e+00
1.799714414203997359e+00
1.030125156557140986e+00
1.746842640865897467e+00
2.048428996528056434e+00
2.450435167066482567e+00
2.171645305886181987e+00
1.452503450675524554e+00
2.590023769110060048e+00
2.312769920044654981e+00
2.149025645776252436e+00
2.227790329084606391e+00
1.958156371057771405e+00
2.424609558647887742e+00
1.514097568558538276e+00
2.405766443225500595e+00
2.614645524506950647e+00
1.853543570782270722e+00
9.643363896402041835e-01
2.420454057019937544e+00
1.831773783877494122e+00
2.570317944016835554e+00
2.400826142002922658e+00
1.559784149805224285e+00
1.719535063661135954e+00
2.354970073703436473e+00
2.363560709994697806e+00
2.444415628976873922e+00
2.437097527170079658e+00
2.107043143838442045e+00
2.440730926344273133e+00
2.009454244817017177e+00
1.739745769064055203e+00
2.551321154832388416e+00
1.297985506863491567e+00
1.981968780946405051e+00
3.035251417897065762e-01
1.998499526587636632e+00
2.581124874108343459e+00
2.165137846007199940e+00
2.048911733369124466e+00
2.686878866746577721e+00
2.066908825955523277e+00
1.371318952729398966e+00
2.590023769110060048e+00
2.591057002021365907e+00
2.197784504885703871e+00
2.563443028490026254e+00
1.646094165774005580e+00
2.569762775002592647e+00
4.730592364831953112e-01
2.282480848696428755e+00
1.511588386610444257e+00
1.897331104014685188e+00
2.509590861855295785e+00
9.211342731641255499e-01
9.484112075738728720e-01
2.162103731697044839e+00
2.509462187254367649e+00
1.010584344532697187e+00
1.780542215039998544e+00
1.929107423554320189e+00
2.593129890518798497e+00
2.415903541095663520e+00
1.297985506863491567e+00
2.554769705890430842e+00
4.545397565861318823e-01
2.086990983932260679e+00
2.341584536603475541e+00
1.980200305737658484e+00
2.590023769110060048e+00
1.749309282765892926e+00
2.617470327170689615e+00
2.585962946393156603e+00
2.588036136125041242e+00
2.428452398205962481e+00
1.804398860328833232e+00
1.588656264584219047e+00
2.087489187748947650e+00
1.278375076007318922e+00
1.913509913210142299e+00
2.037304289850787153e+00
2.503186015047469848e+00
1.953854868648147614e+00
2.577545326263576797e+00
2.434487743844234053e+00
1.613813317132370528e+00
2.317987680395212635e+00
1.862725274137363662e+00
1.638001543221071277e+00
2.550255843734305028e+00
2.262257855141619256e+00
1.948413877852242404e+00
2.008643939917205579e+00
2.265005710692650442e+00
8.987420518426322280e-01
2.409115413633758696e+00
2.097937572815019358e+00
2.009064507368545804e+00
1.443734781087038233e+00
2.247996047713928913e+00
2.682396620956460254e+00
9.846485249338302603e-01
2.665688600051247192e+00
1.506178207928915880e+00
2.391900028514199583e+00
2.232182428402169627e+00
2.518372916665404748e+00
1.745582545565014021e+00
2.656549812264935806e+00
2.569762775002592647e+00
3.228486432438783527e-01
1.777967000597137304e+00
1.131999003398356463e+00
2.100317618156652966e+00
1.827894458365011188e+00
2.408768008843467978e+00
2.581784027393783543e+00
2.558552686088441774e+00
2.310898151650501831e+00
2.504633754015337832e+00
2.466475306879139406e+00
2.175175592754674092e+00
2.127115265144211342e+00
1.840926233411350976e+00
2.493298123968781255e+00
2.515811817571806941e+00
2.177219227000822155e+00
1.536528197610367963e+00
2.294185357102376699e+00
2.168192520454149896e+00
2.372684006061644979e+00
9.514006933022409740e-01
2.555858416798096222e+00
1.864920581314718495e+00
2.629073731241929668e+00
1.122366700298108144e+00
1.624533649787774259e+00
2.632647123955281554e+00
2.487268428639030748e+00
2.472930723250478469e+00
2.217388890488213082e+00
2.646616293230672490e+00
2.341122683863890774e+00
1.594935842110460689e+00
3.750941158910055528e-01
2.048137790002428016e+00
2.182909112524729522e+00
1.873672049982388010e+00
1.900302319884755509e+00
2.173261164469796114e+00
2.410844837229582094e+00
2.569762775002592647e+00
2.637077039138504997e+00
2.385902371339949202e+00
2.574023684012217927e+00
1.804220884239955636e+00
2.032671249180846740e+00
2.066908825955523277e+00
2.354865028477962419e+00
1.594935842110460689e+00
2.358841798173406890e+00
2.535083569227632339e+00
1.574120893357356277e+00
1.189152752371728017e+00
9.755818349690027480e-01
2.648127620805697635e+00
1.668085552883672440e+00
1.614905406233443586e+00
2.326887001757395712e+00
1.791769345468142260e+00
2.465004907319857441e+00
1.297985506863491567e+00
2.304155870003689710e+00
2.571854599249025597e+00
2.226849343811008186e+00
8.846500825279596247e-01
1.985569522546460464e+00
9.079961851588874699e-01
1.745582545565014021e+00
1.131999003398356463e+00
2.164699695689030534e+00
6.692608437925480214e-01
2.674602246202031797e+00
1.903024103692854574e+00
2.420305800123568218e+00
2.070999306574556442e+00
2.557446965671540173e+00
1.650828292963520516e+00
2.530367272400340983e+00
2.581214309766842963e+00
2.409115413633758696e+00
2.596135783632085303e+00
2.689403333401917173e+00
2.515811817571806941e+00
2.319684297510048676e+00
1.752629897146256388e+00
2.310305291167507047e+00
2.642384206343012298e+00
2.577665475066612366e+00
1.385427930653024386e+00
2.573452793082520618e+00
2.033284092961118006e+00
2.084170139409099232e+00
2.429484476628338996e+00
2.077353617659449814e+00
1.357351921345626211e+00
1.799151183992802716e+00
2.610439036408612523e+00
1.822516376785926484e+00
2.375679649371481350e+00
1.131387871034714721e+00
1.851217471932177450e+00
2.184933462317660613e+00
2.357332383111651275e+00
2.507782475639931175e+00
2.048428996528056434e+00
2.226840612921845874e+00
2.080584175199196917e+00
2.296720488619457878e+00
1.824698573097100374e+00
9.765637818099606182e-01
2.595325547243887865e+00
1.594935842110460689e+00
8.546942212687830276e-01
4.544293076921193109e-01
4.702429135814111261e-01
1.977069403547145665e+00
2.610439036408612523e+00
8.580916563931071384e-01
2.313533326784771749e+00
2.590023769110060048e+00
2.100233957131491636e+00
2.458430574923844869e+00
1.561907350613798595e+00
1.101078452920641659e+00
1.947690431494533136e+00
1.715033836055235072e+00
1.873672049982388010e+00
2.493661869524537611e+00
1.391118673912024040e+00
2.590023769110060048e+00
2.184374222601596749e+00
2.127332922563311524e+00
2.016031657896994123e+00
1.044194404451336711e+00
2.333906266838870369e+00
1.650606502185123503e+00
2.471346896812345317e+00
2.014473564382947668e+00
1.873582878692979348e+00
2.590023769110060048e+00
1.598144857424847576e+00
1.958747247636672739e+00
1.466496730004431370e+00
3.736809698560656368e-01
1.591518789840850268e+00
7.929758737213835618e-01
2.063078263284186420e+00
2.143113746011263476e+00
1.832169089588684407e+00
2.354351113382255889e+00
2.406828445030031016e+00
2.214267481274060589e+00
1.297985506863491567e+00
2.044216701439327100e+00
2.380902499805253925e+00
2.665688600051247192e+00
2.018175669985414533e+00
2.366761631559774592e+00
1.365358001734632953e+00
2.669843024016876232e+00
2.403315695383761774e+00
2.349538573800247665e+00
2.210300507883109056e+00
1.257972855870296058e+00
1.948574066295315044e+00
2.253363020456400356e+00
1.969781286369632678e+00
2.244124692007061217e+00
2.264512235089510828e+00
2.659465529491063851e+00
2.604745264449215281e+00
5.694873551894304997e-01
2.393749890699861549e+00
2.302310364698600065e+00
2.533080245947508136e+00
2.677269239678734980e+00
2.281151842755847703e+00
1.802033727271471930e+00
1.345692408955008856e+00
2.562297629652755759e+00
2.418087872472030053e+00
1.980200305737658484e+00
1.943814631445722974e+00
2.023588567746635203e+00
2.608350102111928859e+00
2.567100584675209962e+00
2.559114759960347651e+00
4.995871623727929922e-01
2.523137309710553833e+00
1.173779635790725528e+00
1.575826299427940391e+00
1.870763712853172001e+00
2.481206703914441647e+00
1.992215927433783618e+00
2.082313621883368437e+00
1.883836618959916054e+00
2.151424175649998993e+00
2.541151864451547837e+00
1.500732003488465027e+00
1.892045767189661554e+00
2.584875786896086769e+00
2.426313161810363717e+00
7.710032289906508796e-01
2.135507222659369653e+00
2.224557721083650463e+00
2.298871796157291758e+00
2.564509971561806712e+00
2.487268428639030748e+00
1.497705889959222159e+00
2.354865028477962419e+00
2.661745902622285165e+00
1.898862114498436116e+00
2.657507587589881481e+00
2.178521544475410909e+00
2.343550672167718396e+00
2.459409766373428674e+00
2.479244041172352198e+00
1.278375076007318922e+00
2.199226579627871825e+00
1.063040894760061583e+00
2.669843024016876232e+00
1.346116777219337757e-01
5.859393950325716416e-01
2.454520522094481905e+00
1.821410654642195759e+00
2.426595481632324969e+00
9.006810002321774533e-01
2.009203349351141199e+00
2.343936809612456429e+00
2.496899383208249112e+00
2.569762775002592647e+00
1.777967000597137304e+00
2.371267982706077415e+00
1.441967431125736221e+00
2.655734356746773717e+00
1.405409835489071835e+00
2.317555215074538211e+00
2.471346896812345317e+00
8.787883774538687298e-01
2.177758672595660361e+00
2.109589159030067496e+00
2.091653585735213206e+00
1.070544271177876983e+00
2.476308470019120023e+00
1.968452127478491187e+00
1.786763626804722893e+00
1.440528288949230795e+00
1.342188110675263557e+00
8.839263687369010025e-01
2.664047422401962351e+00
2.238352084762336158e+00
2.656565444826190170e+00
1.948358125034449717e+00
1.132195020111634420e+00
1.613333110795502900e+00
2.539056443491884973e+00
2.580064946928482872e+00
2.422817288763703114e-01
1.505619652578247702e+00
2.096246042224245709e+00
2.218333213338233634e+00
9.755818349690027480e-01
1.428948865654512845e+00
2.101483332835794471e+00
1.917921404925051476e+00
2.261748785911811943e+00
2.359801328763133199e+00
2.487268428639030748e+00
2.245104856497958323e+00
2.591057002021365907e+00
2.084748248394558523e+00
2.175364390466041353e+00
1.080602897692973352e+00
1.941224531493472849e+00
2.458430574923844869e+00
1.338290307942680224e+00
2.537025353403481898e+00
2.643532202883893234e+00
2.625703018605899164e+00
1.886946597956082661e+00
1.341123999067768802e+00
1.051323851880859417e+00
2.533012571489627440e+00
2.173955066190676799e+00
2.090463649965987436e+00
1.421051354260378430e+00
2.381560733338662139e+00
1.911194239953290186e+00
1.883520384004161441e+00
1.282768428026859642e+00
1.799468969743025282e+00
1.826073607877156002e+00
1.497300293656377956e+00
2.624003929390800849e+00
2.114349948621899955e+00
2.595504409286699676e+00
2.119215871563368658e+00
1.473863280049674707e+00
2.624739216276706255e+00
1.162587573017296982e+00
2.010088289016692453e+00
1.204756486098995882e+00
1.861303475224437065e+00
2.074827444497620466e+00
1.497780276230525676e+00
1.297985506863491567e+00
2.000739310500269319e+00
2.643086421534272201e+00
2.564509971561806712e+00
1.948078561515393714e+00
2.333778666833651982e+00
1.966288289069447304e+00
2.312016714542368678e+00
2.238476487552678584e+00
2.552830161885147220e+00
2.656123066901927565e+00
1.511921636859077323e+00
6.147334860906419340e-01
1.950584131872956650e+00
2.477781671586270829e+00
2.316049502460176601e+00
2.312016714542368678e+00
2.533080245947508136e+00
2.243216042408821664e+00
2.446652100485682269e+00
5.588963089949396945e-01
2.674902488692310065e+00
2.048037902724991088e+00
1.372070724909245198e+00
1.864920581314718495e+00
2.338692663046977760e+00
2.599857544253805663e+00
1.686548566701338459e+00
2.351994533571196921e+00
2.651360863038245252e+00
8.846500825279596247e-01
2.249384675974742898e+00
2.251912768507827067e+00
2.434575518124812099e+00
1.865935997557851111e+00
2.052400481694738765e+00
5.212268516417034592e-01
2.635620408661257574e+00
2.388180831137229010e+00
1.189152752371728017e+00
2.471081070925311707e+00
2.139046037968108660e+00
2.070872318035562820e+00
2.609947818824258192e+00
2.310990529538217153e+00
1.912415240521583293e+00
1.995702522488095321e+00
1.834860059132821686e+00
1.107480784481651215e+00
1.338290307942680224e+00
9.846485249338302603e-01
1.824258767985357910e+00
1.398399812301409861e+00
2.041133036117498634e+00
2.501831421836031133e+00
2.265196059242069015e+00
2.360539600491899037e+00
1.490408906618661655e+00
2.577060606416435640e+00
2.469893466564296869e+00
1.025918842892415750e+00
8.390529744081249852e-01
2.573452793082520618e+00
2.612557372891833207e+00
1.380222906145148309e+00
2.543281564071322443e+00
1.728950338044009882e+00
1.484023364520198340e+00
2.173955066190676799e+00
2.237913311726796195e+00
2.446224137105638796e+00
1.437439560246932313e+00
2.149088980255704939e+00
1.555491475107702026e+00
1.044194404451336711e+00
9.157528285089294728e-01
2.443828862086564246e+00
1.446688673991508356e+00
2.043699480078640995e+00
2.677269239678734980e+00
2.041935725005808777e+00
2.212813552138578110e+00
2.252386994600464654e+00
1.940795126835068940e+00
2.420698782428941875e+00
2.457888695798612133e+00
2.127332922563311524e+00
1.131999003398356463e+00
1.953302425521300512e+00
2.478193916511626238e+00
2.109002967244054894e+00
2.569762775002592647e+00
2.292450248342392971e+00
2.660757563387648350e+00
2.549748118122522555e+00
2.488032646958305616e+00
2.000330358477970805e+00
2.343059899152966086e+00
2.115088566052302887e+00
1.766726223281738228e+00
1.674047576194177100e+00
2.158468725550773293e+00
2.404333949826929828e+00
1.827313452638702262e+00
2.418385958228496779e+00
2.689508025787068046e+00
2.121126016125255198e+00
2.251912768507827067e+00
1.872045691347850038e+00
1.466496730004431370e+00
2.496899462441894535e+00
2.152220144466148621e+00
2.649571453712966207e+00
2.405766443225500595e+00
2.055219662221673627e+00
9.164047681632402353e-01
1.428948865654512845e+00
2.482639563174460218e+00
1.708303574463487573e+00
1.857872544612439114e+00
2.493113160164204256e+00
2.537025353403481898e+00
9.326058387893902957e-01
2.057117896250936440e+00
1.129969509988267395e+00
2.655340121264283759e+00
1.996086792760555007e+00
2.225321630354324398e+00
2.577545326263576797e+00
1.315049495516152467e+00
2.485832065448580153e+00
2.001248766751905439e+00
1.439647292992469296e+00
2.658496973118701145e+00
2.280822525986499816e+00
1.173254376408241928e+00
1.731081541491151343e+00
2.446949200230813304e+00
2.402771134637966099e+00
2.248685844893774988e+00
1.476476477719486535e+00
1.822516376785926484e+00
2.585962946393156603e+00
1.346116777219337757e-01
1.824698573097100374e+00
7.175804419292060032e-01
1.993522787344735869e+00
1.795014468305001776e+00
2.612372545559947135e+00
2.212347978386981495e+00
2.215781756477270825e+00
2.641430568878594620e+00
1.333618284222735317e+00
1.766146427458026746e+00
1.514414233315468206e+00
8.511574096666235656e-01
1.278375076007318922e+00
2.385879016719448131e+00
1.529214625367932623e+00
2.193376418602750455e+00
1.990989943621620739e+00
1.949341558593926882e+00
5.707713637093421166e-01
2.107043143838442045e+00
2.351424239181654663e+00
1.566250963574399302e+00
2.108504494408034891e+00
1.883263346163862817e+00
1.230018422555485769e+00
1.551664400227740881e+00
2.250041211201209812e+00
1.683613727250845793e+00
2.533176723405971220e+00
1.297985506863491567e+00
2.624274975928503117e+00
1.978295896602926263e+00
2.104240676564672619e+00
2.441961925684438928e+00
1.513647288978180905e+00
2.330253624237647703e+00
2.166023770458639586e+00
2.602142948775515219e+00
2.466475306879139406e+00
2.061839028339334412e+00
2.049778608991984719e+00
2.458495755395526228e+00
2.662032258633940884e+00
1.875798280388184303e+00
2.674602246202031797e+00
2.496269922766655824e+00
4.716072435704848909e-01
2.149141376919659230e+00
1.906939982766720165e+00
2.495621853189907480e+00
1.954191510326799275e+00
2.589741518476156301e+00
4.778059794758945933e-01
1.758585832709378849e+00
2.380428190441262970e+00
2.285351050504911719e+00
2.574511654296727237e+00
1.542768967005372582e+00
1.440528288949230795e+00
1.437439560246932313e+00
2.382616201688777746e+00
8.328097499225217692e-01
2.081303917866563324e+00
8.686414579082337717e-01
2.162103731697044839e+00
2.516884291619719605e+00
2.275032073139872768e+00
2.376683725155045224e+00
2.109589159030067496e+00
1.759697382771492791e+00
3.228486432438783527e-01
1.966055814445133887e+00
1.489277107622870133e+00
1.828026759788147437e+00
2.577166751590348248e+00
2.409115413633758696e+00
1.714696148879871984e+00
1.636041604963633267e+00
1.999874592355601610e+00
1.922656010229206958e+00
1.807857137911057954e+00
1.909901894971019809e+00
1.446213779570913571e+00
1.034918664661543142e+00
2.234625874049890548e+00
1.341954962220687220e+00
1.678049373615547957e+00
2.610439036408612523e+00
2.112862550635226100e+00
1.581734554863820197e+00
9.302114940285352018e-01
1.653363607919204226e+00
2.441146932274533554e-01
6.035608221618999902e-01
1.574609757889308792e+00
2.343349853697934027e+00
1.559825101413506721e+00
2.424179340900404878e+00
2.590023769110060048e+00
2.329531838025811652e+00
2.584875786896086769e+00
1.036271530123556106e+00
1.338290307942680224e+00
2.689304736683748587e+00
1.673277077493129150e+00
1.519453517830444911e+00
1.914279482422986733e+00
2.619176902115113226e+00
1.165140886922829688e+00
2.590023769110060048e+00
2.636402046405841748e+00
2.601041107392790153e+00
1.913470648741472324e+00
1.511588386610444257e+00
2.457684983352179664e+00
1.847382341276496920e+00
2.638848231670467559e+00
2.352565531678122213e+00
1.357188437851894136e+00
2.467901405217245436e+00
2.424100816859990903e+00
2.057117896250936440e+00
1.888809316146126127e+00
1.338290307942680224e+00
2.589367047848817105e+00
2.692748236742110723e+00
2.226922280260111631e+00
2.121936569707504550e+00
1.215163368508464625e+00
2.248976902005859202e+00
1.872045691347850038e+00
1.864920581314718495e+00
1.943370404408566010e+00
1.964864455349315975e+00
2.394137786526967293e+00
2.082585670760560337e+00
2.040590823299057721e+00
9.643363896402041835e-01
2.217388890488213082e+00
2.569762775002592647e+00
2.669843024016876232e+00
2.049778608991984719e+00
2.374027899982908973e+00
2.409115413633758696e+00
1.099989977597138902e+00
2.585716833842333973e+00
2.330421743504251797e+00
5.464858941899496392e-01
2.504562118956915384e+00
2.589363471526215488e+00
4.764737653802743611e-01
2.299842750404509140e+00
2.595493471150403852e+00
2.080636858848320170e+00
2.638899289960456862e+00
2.007385763452185667e+00
1.466066138633757010e+00
4.761138127934896325e-01
2.569762775002592647e+00
2.669843024016876232e+00
2.400826142002922658e+00
1.124707519739483130e+00
1.613155121100049882e+00
2.200762456538147838e+00
9.035276226990013315e-01
2.495583283949576181e+00
2.304978353445100492e+00
2.650971395686062770e+00
1.157617136457165241e+00
8.150747770945746540e-01
4.335943238226114271e-01
2.124049851117532750e+00
2.171091140164937094e+00
1.964940922143902036e+00
1.942178184954633569e+00
1.142852484650384470e+00
1.048658779394767482e+00
2.590023769110060048e+00
1.225800486168288961e+00
2.665191846576564050e+00
1.036515953472775475e+00
1.891003682631556604e+00
2.383842433878341716e+00
2.453291027843807814e+00
5.386032021473765585e-01
2.583322028420821592e+00
1.780288679005846086e+00
1.869467816476097610e+00
1.276659486856956294e+00
2.564509971561806712e+00
2.696741658222737037e+00
1.854405577545741313e+00
7.551127040257946677e-01
2.400826142002922658e+00
1.445766390560086601e+00
1.202860381664136780e+00
1.697346031140235523e+00
9.228462150481169246e-01
2.396251138361970678e+00
2.105317796068799652e+00
1.034918664661543142e+00
2.501775411323514664e+00
1.133474439617681240e+00
2.596477682321989722e+00
1.624307224555098239e+00
8.283406758551066229e-01
2.452686777593866108e+00
3.530708161560465186e-01
1.924263395052098868e+00
2.138533206418451904e+00
1.297985506863491567e+00
1.398933407623476288e+00
1.432441537755503758e+00
2.085500838134304757e+00
2.578740389456259052e+00
7.786453068738090622e-01
8.147540759558332679e-01
2.097757287431985862e+00
2.610439036408612523e+00
1.869467816476097610e+00
2.202014469807063612e+00
2.066908825955523277e+00
1.613715224625209554e+00
6.210134383497987187e-01
2.121972665781826084e+00
2.335375623924460964e+00
1.400882660466391982e+00
1.182671010135265766e+00
1.453003220758522840e+00
1.445766390560086601e+00
2.600307775633414309e+00
2.394137786526967293e+00
1.559784149805224285e+00
1.048658779394767482e+00
2.269707019234111556e+00
1.048864788648451896e+00
2.537558331042873316e+00
2.345165825593987119e+00
2.385879016719448131e+00
1.241825745664748126e+00
2.183359218976334226e+00
2.660757563387648350e+00
1.906284527234072046e+00
2.697035234253627678e+00
2.106376653375642505e+00
2.326012021980300659e+00
1.911807754292951689e+00
2.050826832014504664e+00
2.063078263284186420e+00
1.653363607919204226e+00
2.340884517400817710e+00
2.504603750685855168e+00
2.443592145310432784e+00
7.000532039673650342e-01
1.170115740905594004e+00
2.360337640120298452e+00
2.350164761119101442e+00
2.502806239746207417e+00
4.861408733624039136e-01
1.888809316146126127e+00
2.333906266838870369e+00
7.668036842955521237e-01
2.544191395299141067e+00
5.364272846083149027e-01
2.370089829173809282e+00
1.050337960168347351e+00
1.102843358734150403e+00
2.657758331862963175e+00
2.069117203731548837e+00
2.350635166663498143e+00
2.383305793177239451e+00
2.529361326659470777e+00
1.860843553250572713e+00
2.673336356397974622e+00
1.239631718690802575e+00
1.839950726476341281e+00
1.450024003032042597e+00
2.379609756051798364e+00
2.363201772567702807e+00
5.879701315778170789e-01
2.082167542305353169e+00
2.406828445030031016e+00
2.092188863198416904e+00
2.507350462070027763e+00
2.441377824177268341e+00
5.430244693041297310e-01
2.585716833842333973e+00
2.286749961138701881e+00
1.748244922254483802e+00
1.788518241510193008e+00
1.719535063661135954e+00
1.249310780446830194e+00
7.841017133970127340e-01
1.148916268905421756e+00
1.052787115666095286e+00
2.309750027196844080e+00
2.524041717966749587e+00
2.286749961138701881e+00
2.363599953920881624e+00
2.434613737619214291e+00
2.152220144466148621e+00
2.154860448949689200e+00
1.653060500792889576e+00
2.048312674385988963e+00
1.797784299707770428e+00
2.051622186309348450e+00
1.911807754292951689e+00
2.340485027041843136e+00
2.001248766751905439e+00
2.039281048578524214e+00
2.425188822659907206e+00
6.210134383497987187e-01
2.340446761058504244e+00
2.144273442762521853e+00
7.028431159190031696e-01
2.284161176221632061e+00
2.655340121264283759e+00
2.511285174217864125e+00
6.548504617608928990e-01
1.048250779687477818e+00
8.797413672507536919e-01
1.966055814445133887e+00
1.426260968074096969e+00
9.071161031880644599e-01
1.861262001546359679e+00
2.298603598425044137e+00
9.755818349690027480e-01
1.567579234084075734e+00
1.379056129153283905e+00
8.270842838422145515e-01
1.906939982766720165e+00
1.963480466749590203e+00
2.392393395700888714e+00
2.104240676564672619e+00
2.450193520628120680e+00
2.665688600051247192e+00
2.552841593507602980e+00
2.567850466389168584e+00
1.924685432868245893e+00
2.376043711124716129e+00
2.529652596251338981e+00
2.561932235366218169e+00
2.440528621778923490e+00
2.463412577411547844e+00
2.603822269487131802e+00
9.927574683476284578e-01
2.418002112212951360e+00
1.268145418284060355e+00
2.026987468171593143e+00
1.697000670283608015e+00
1.372795312377681931e+00
6.770169483998591531e-01
2.495729740136711783e+00
1.453003220758522840e+00
2.400826142002922658e+00
1.133474439617681240e+00
1.863793757620725522e+00
9.643363896402041835e-01
2.562364774019378455e+00
2.066908825955523277e+00
7.551127040257946677e-01
7.160266508355942472e-01
2.591383213038330080e+00
8.493979394574268094e-01
2.393735147637197969e+00
2.358841798173406890e+00
9.182684102109980318e-01
