5.703061017815613809e+00
3.379898979937184578e+00
5.778327026844145564e+00
5.717487658015536489e+00
5.520673612634549698e+00
3.552994023193323248e+00
5.839858764695862625e+00
5.838801055888102276e+00
4.653349670818445638e+00
5.102812583005772673e+00
5.747668451316336302e+00
5.717487658015536489e+00
5.496561105453809049e+00
5.899101838094537698e+00
5.777973146962175122e+00
5.535638279242260928e+00
5.537005953333335562e+00
5.609665302736789982e+00
5.839858764695862625e+00
5.838801055888102276e+00
5.282019741255878031e+00
5.703061017815613809e+00
4.585544743377624854e+00
5.717487658015536489e+00
5.496561105453809049e+00
5.188748995632493255e+00
5.603286418841133987e+00
5.585055212337993069e+00
5.535638279242260928e+00
5.221471789853366019e+00
5.703061017815613809e+00
4.585544743377624854e+00
5.839507374696120579e+00
5.899101838094537698e+00
5.585055212337993069e+00
5.535638279242260928e+00
5.537005953333335562e+00
5.686812714419592574e+00
5.908796831394820259e+00
4.653349670818445638e+00
5.703061017815613809e+00
5.717487658015536489e+00
5.211034389748028239e+00
5.188748995632493255e+00
5.585055212337993069e+00
5.221471789853366019e+00
5.686812714419592574e+00
5.560473943582485035e+00
5.526690859999689565e+00
5.612526845284770083e+00
5.703061017815613809e+00
3.231808400399987402e+00
5.496561105453809049e+00
5.221471789853366019e+00
5.537005953333335562e+00
5.686812714419592574e+00
5.838801055888102276e+00
4.653349670818445638e+00
5.560473943582485035e+00
5.612526845284770083e+00
5.804971367952432182e+00
5.651981286074068578e+00
5.211034389748028239e+00
5.899101838094537698e+00
5.585055212337993069e+00
5.221471789853366019e+00
5.537005953333335562e+00
5.686812714419592574e+00
5.609665302736789982e+00
5.839858764695862625e+00
2.442704798331279736e+00
5.211034389748028239e+00
5.899101838094537698e+00
5.585055212337993069e+00
5.777973146962175122e+00
5.535638279242260928e+00
5.537005953333335562e+00
5.686812714419592574e+00
5.839858764695862625e+00
5.838801055888102276e+00
5.703061017815613809e+00
5.717487658015536489e+00
5.211034389748028239e+00
5.496561105453809049e+00
5.899101838094537698e+00
5.585055212337993069e+00
5.535638279242260928e+00
5.221471789853366019e+00
5.537005953333335562e+00
5.686812714419592574e+00
5.791717165686653068e+00
5.703061017815613809e+00
5.894602241646535568e+00
5.717487658015536489e+00
5.211034389748028239e+00
5.496561105453809049e+00
5.188748995632493255e+00
5.221471789853366019e+00
5.839858764695862625e+00
5.875848056909658723e+00
5.703061017815613809e+00
3.379898979937184578e+00
5.717487658015536489e+00
5.211034389748028239e+00
5.496561105453809049e+00
5.899101838094537698e+00
5.585055212337993069e+00
5.007521565045166767e+00
5.535638279242260928e+00
5.221471789853366019e+00
5.816353938486757968e+00
5.211034389748028239e+00
5.496561105453809049e+00
5.899101838094537698e+00
5.567952343001401516e+00
5.221471789853366019e+00
5.686812714419592574e+00
5.609665302736789982e+00
5.908796831394820259e+00
4.653349670818445638e+00
3.379898979937184578e+00
5.717487658015536489e+00
5.899101838094537698e+00
5.585055212337993069e+00
5.535638279242260928e+00
5.221471789853366019e+00
5.537005953333335562e+00
5.686812714419592574e+00
5.609665302736789982e+00
4.763405269382207763e+00
5.703061017815613809e+00
5.717487658015536489e+00
5.211034389748028239e+00
5.496561105453809049e+00
5.899101838094537698e+00
5.585055212337993069e+00
5.221471789853366019e+00
5.537005953333335562e+00
5.908796831394820259e+00
5.838801055888102276e+00
5.889954671148280418e+00
5.211034389748028239e+00
5.188748995632493255e+00
5.535638279242260928e+00
5.221471789853366019e+00
5.537005953333335562e+00
5.686812714419592574e+00
5.839858764695862625e+00
5.838801055888102276e+00
4.653349670818445638e+00
5.703061017815613809e+00
4.585544743377624854e+00
5.717487658015536489e+00
5.211034389748028239e+00
5.496561105453809049e+00
5.899101838094537698e+00
5.585055212337993069e+00
5.535638279242260928e+00
5.537005953333335562e+00
5.839858764695862625e+00
5.703061017815613809e+00
3.379898979937184578e+00
5.717487658015536489e+00
5.211034389748028239e+00
5.496561105453809049e+00
5.899101838094537698e+00
5.535638279242260928e+00
5.221471789853366019e+00
5.537005953333335562e+00
5.686812714419592574e+00
5.703061017815613809e+00
5.717487658015536489e+00
5.211034389748028239e+00
5.496561105453809049e+00
5.899101838094537698e+00
5.535638279242260928e+00
5.221471789853366019e+00
5.537005953333335562e+00
5.686812714419592574e+00
5.839858764695862625e+00
5.804971367952432182e+00
3.379898979937184578e+00
5.496561105453809049e+00
5.899101838094537698e+00
5.816501460054886330e+00
5.221471789853366019e+00
5.537005953333335562e+00
5.686812714419592574e+00
5.839858764695862625e+00
2.356318806991364312e+00
5.703061017815613809e+00
4.585544743377624854e+00
5.532111601692616176e+00
5.717487658015536489e+00
5.211034389748028239e+00
5.496561105453809049e+00
5.663879496268427793e+00
5.221471789853366019e+00
5.537005953333335562e+00
5.686812714419592574e+00
5.703061017815613809e+00
5.139122309360542928e+00
5.211034389748028239e+00
5.496561105453809049e+00
5.899101838094537698e+00
5.585055212337993069e+00
5.535638279242260928e+00
5.221471789853366019e+00
5.908796831394820259e+00
5.474665285572819506e+00
5.703061017815613809e+00
5.804971367952432182e+00
5.717487658015536489e+00
5.496561105453809049e+00
5.899101838094537698e+00
2.954818108831884338e+00
5.221471789853366019e+00
5.537005953333335562e+00
5.686812714419592574e+00
4.357590924534055610e+00
5.703061017815613809e+00
3.379898979937184578e+00
5.717487658015536489e+00
5.496561105453809049e+00
5.899101838094537698e+00
4.869422391661742289e+00
5.535638279242260928e+00
5.221471789853366019e+00
5.537005953333335562e+00
5.686812714419592574e+00
5.509815531518837517e+00
5.864992719583999481e+00
5.211034389748028239e+00
5.496561105453809049e+00
5.899101838094537698e+00
5.221471789853366019e+00
5.537005953333335562e+00
5.839858764695862625e+00
5.838801055888102276e+00
4.653349670818445638e+00
5.703061017815613809e+00
3.379898979937184578e+00
5.211034389748028239e+00
5.496561105453809049e+00
5.899101838094537698e+00
5.221471789853366019e+00
5.686812714419592574e+00
5.839858764695862625e+00
5.838801055888102276e+00
5.582798324657820110e+00
5.717487658015536489e+00
5.211034389748028239e+00
5.899101838094537698e+00
5.520673612634549698e+00
5.585055212337993069e+00
5.535638279242260928e+00
5.221471789853366019e+00
5.686812714419592574e+00
5.839858764695862625e+00
5.838801055888102276e+00
5.816353938486757968e+00
5.717487658015536489e+00
5.211034389748028239e+00
5.496561105453809049e+00
5.188748995632493255e+00
5.801396059507820446e+00
5.535638279242260928e+00
5.329831167056818586e+00
5.537005953333335562e+00
5.686812714419592574e+00
4.376483275066328282e+00
5.211034389748028239e+00
5.496561105453809049e+00
5.188748995632493255e+00
5.535638279242260928e+00
5.221471789853366019e+00
5.537005953333335562e+00
5.686812714419592574e+00
5.839858764695862625e+00
5.838801055888102276e+00
5.703061017815613809e+00
5.211034389748028239e+00
5.899101838094537698e+00
5.585055212337993069e+00
5.535638279242260928e+00
5.221471789853366019e+00
5.686812714419592574e+00
5.908796831394820259e+00
5.838801055888102276e+00
5.592571014331281454e+00
5.703061017815613809e+00
3.379898979937184578e+00
5.726486800847998104e+00
5.717487658015536489e+00
5.211034389748028239e+00
5.496561105453809049e+00
5.188748995632493255e+00
5.777973146962175122e+00
5.535638279242260928e+00
5.537005953333335562e+00
5.703061017815613809e+00
4.585544743377624854e+00
5.717487658015536489e+00
5.496561105453809049e+00
5.899101838094537698e+00
5.585055212337993069e+00
5.908796831394820259e+00
5.838801055888102276e+00
5.560473943582485035e+00
5.526690859999689565e+00
5.703061017815613809e+00
4.802504322854774799e+00
5.211034389748028239e+00
5.188748995632493255e+00
5.585055212337993069e+00
5.535638279242260928e+00
5.221471789853366019e+00
5.537005953333335562e+00
5.686812714419592574e+00
5.839858764695862625e+00
5.804971367952432182e+00
4.004054104000607239e+00
5.717487658015536489e+00
5.759918150607816756e+00
5.190531575905132478e+00
5.496561105453809049e+00
5.899101838094537698e+00
5.585055212337993069e+00
5.221471789853366019e+00
5.537005953333335562e+00
5.703061017815613809e+00
4.904604530408454011e+00
5.717487658015536489e+00
5.211034389748028239e+00
5.496561105453809049e+00
5.899101838094537698e+00
5.535638279242260928e+00
5.221471789853366019e+00
5.537005953333335562e+00
5.686812714419592574e+00
5.703061017815613809e+00
5.864992719583999481e+00
5.211034389748028239e+00
5.899101838094537698e+00
5.585055212337993069e+00
5.221471789853366019e+00
5.537005953333335562e+00
5.686812714419592574e+00
5.839858764695862625e+00
5.838801055888102276e+00
5.717487658015536489e+00
5.211034389748028239e+00
5.496561105453809049e+00
5.899101838094537698e+00
4.610669857162300822e+00
5.537005953333335562e+00
5.686812714419592574e+00
5.609665302736789982e+00
5.839858764695862625e+00
2.356318806991364312e+00
5.703061017815613809e+00
4.585544743377624854e+00
5.211034389748028239e+00
5.585055212337993069e+00
4.967787243661679675e+00
5.221471789853366019e+00
5.686812714419592574e+00
5.908796831394820259e+00
2.356318806991364312e+00
4.653349670818445638e+00
1.121321896331856305e+00
5.717487658015536489e+00
5.211034389748028239e+00
5.496561105453809049e+00
5.899101838094537698e+00
5.864106039397664283e+00
5.585055212337993069e+00
5.535638279242260928e+00
5.221471789853366019e+00
5.537005953333335562e+00
5.703061017815613809e+00
5.909957992976853092e+00
5.717487658015536489e+00
5.496561105453809049e+00
3.930743858516365652e+00
5.899101838094537698e+00
5.585055212337993069e+00
5.535638279242260928e+00
5.221471789853366019e+00
5.686812714419592574e+00
5.703061017815613809e+00
4.585544743377624854e+00
5.532111601692616176e+00
5.717487658015536489e+00
5.211034389748028239e+00
5.190531575905132478e+00
5.899101838094537698e+00
5.585055212337993069e+00
5.535638279242260928e+00
5.221471789853366019e+00
4.376483275066328282e+00
5.211034389748028239e+00
2.954818108831884338e+00
5.535638279242260928e+00
5.221471789853366019e+00
5.537005953333335562e+00
5.686812714419592574e+00
5.609665302736789982e+00
5.839858764695862625e+00
5.451918374226963238e+00
5.703061017815613809e+00
3.379898979937184578e+00
5.717487658015536489e+00
5.496561105453809049e+00
5.188748995632493255e+00
5.585055212337993069e+00
5.801396059507820446e+00
5.535638279242260928e+00
5.686812714419592574e+00
5.838801055888102276e+00
4.392594306292940232e+00
4.376483275066328282e+00
5.211034389748028239e+00
5.496561105453809049e+00
5.899101838094537698e+00
5.520673612634549698e+00
5.585055212337993069e+00
5.777973146962175122e+00
5.535638279242260928e+00
5.221471789853366019e+00
5.703061017815613809e+00
5.717487658015536489e+00
5.759918150607816756e+00
5.899101838094537698e+00
5.567952343001401516e+00
4.869422391661742289e+00
5.535638279242260928e+00
5.537005953333335562e+00
5.686812714419592574e+00
5.839858764695862625e+00
5.717487658015536489e+00
5.759918150607816756e+00
5.872915601010853415e+00
5.899101838094537698e+00
5.535638279242260928e+00
5.221471789853366019e+00
5.537005953333335562e+00
5.838801055888102276e+00
5.705841585397797289e+00
5.841404815578788323e+00
5.804971367952432182e+00
4.585544743377624854e+00
5.211034389748028239e+00
5.899101838094537698e+00
5.585055212337993069e+00
5.535638279242260928e+00
5.221471789853366019e+00
5.537005953333335562e+00
5.686812714419592574e+00
5.838801055888102276e+00
5.703061017815613809e+00
5.804971367952432182e+00
3.379898979937184578e+00
5.717487658015536489e+00
5.211034389748028239e+00
5.899101838094537698e+00
5.535638279242260928e+00
5.221471789853366019e+00
5.537005953333335562e+00
5.609665302736789982e+00
4.244402689001120166e+00
5.496561105453809049e+00
5.899101838094537698e+00
5.535638279242260928e+00
5.221471789853366019e+00
5.537005953333335562e+00
5.839858764695862625e+00
5.893648336322013570e+00
5.560473943582485035e+00
5.612526845284770083e+00
5.218434379943612811e+00
5.703061017815613809e+00
5.211034389748028239e+00
5.899101838094537698e+00
5.585055212337993069e+00
5.535638279242260928e+00
5.221471789853366019e+00
5.537005953333335562e+00
5.686812714419592574e+00
5.609665302736789982e+00
5.897806292612255419e+00
5.703061017815613809e+00
5.804971367952432182e+00
5.717487658015536489e+00
5.211034389748028239e+00
5.496561105453809049e+00
5.899101838094537698e+00
5.585055212337993069e+00
5.777973146962175122e+00
5.535638279242260928e+00
5.703061017815613809e+00
5.717487658015536489e+00
5.211034389748028239e+00
5.496561105453809049e+00
5.899101838094537698e+00
5.585055212337993069e+00
5.537005953333335562e+00
5.686812714419592574e+00
5.558705838362399732e+00
5.839858764695862625e+00
5.909957992976853092e+00
5.532111601692616176e+00
5.717487658015536489e+00
5.211034389748028239e+00
5.496561105453809049e+00
5.899101838094537698e+00
5.585055212337993069e+00
5.535638279242260928e+00
5.221471789853366019e+00
5.537005953333335562e+00
5.652131497489305545e+00
5.703061017815613809e+00
5.816353938486757968e+00
5.717487658015536489e+00
5.211034389748028239e+00
5.585055212337993069e+00
5.535638279242260928e+00
5.221471789853366019e+00
5.537005953333335562e+00
5.686812714419592574e+00
5.282019741255878031e+00
4.585544743377624854e+00
5.717487658015536489e+00
5.211034389748028239e+00
5.496561105453809049e+00
5.623527237018084435e+00
5.899101838094537698e+00
5.585055212337993069e+00
5.535638279242260928e+00
5.221471789853366019e+00
5.764995183801100431e+00
5.703061017815613809e+00
5.804971367952432182e+00
5.717487658015536489e+00
5.211034389748028239e+00
5.496561105453809049e+00
5.899101838094537698e+00
5.585055212337993069e+00
5.221471789853366019e+00
5.537005953333335562e+00
5.469717037118201119e+00
5.895110435487308287e+00
5.717487658015536489e+00
5.211034389748028239e+00
5.496561105453809049e+00
5.899101838094537698e+00
5.585055212337993069e+00
5.535638279242260928e+00
5.221471789853366019e+00
5.537005953333335562e+00
9.467561856362501915e-01
5.496561105453809049e+00
5.899101838094537698e+00
3.749703362892979897e+00
5.585055212337993069e+00
5.535638279242260928e+00
5.221471789853366019e+00
5.537005953333335562e+00
5.686812714419592574e+00
5.839858764695862625e+00
4.392594306292940232e+00
5.666947365938199255e+00
5.703061017815613809e+00
4.928097617141411035e+00
5.211034389748028239e+00
5.496561105453809049e+00
5.188748995632493255e+00
5.585055212337993069e+00
5.535638279242260928e+00
5.221471789853366019e+00
5.703061017815613809e+00
5.717487658015536489e+00
5.211034389748028239e+00
5.496561105453809049e+00
5.188748995632493255e+00
5.585055212337993069e+00
5.535638279242260928e+00
5.221471789853366019e+00
5.537005953333335562e+00
5.839858764695862625e+00
5.703061017815613809e+00
2.442704798331279736e+00
5.211034389748028239e+00
5.899101838094537698e+00
5.663879496268427793e+00
5.535638279242260928e+00
5.221471789853366019e+00
3.552994023193323248e+00
5.686812714419592574e+00
5.781045509839914054e+00
5.703061017815613809e+00
5.717487658015536489e+00
5.211034389748028239e+00
5.190531575905132478e+00
5.496561105453809049e+00
5.899101838094537698e+00
5.535638279242260928e+00
5.221471789853366019e+00
5.537005953333335562e+00
5.839858764695862625e+00
5.735051828596530399e+00
5.717487658015536489e+00
5.211034389748028239e+00
5.899101838094537698e+00
4.869422391661742289e+00
5.585055212337993069e+00
5.537005953333335562e+00
5.686812714419592574e+00
5.839858764695862625e+00
5.838801055888102276e+00
5.703061017815613809e+00
4.585544743377624854e+00
5.532111601692616176e+00
5.717487658015536489e+00
5.211034389748028239e+00
5.496561105453809049e+00
5.899101838094537698e+00
5.585055212337993069e+00
5.535638279242260928e+00
5.221471789853366019e+00
5.717487658015536489e+00
5.585055212337993069e+00
5.537005953333335562e+00
5.686812714419592574e+00
5.908796831394820259e+00
4.653349670818445638e+00
5.582798324657820110e+00
5.479353906118204165e+00
5.612526845284770083e+00
5.841404815578788323e+00
5.703061017815613809e+00
5.877910566201604681e+00
5.717487658015536489e+00
5.759918150607816756e+00
5.585055212337993069e+00
5.535638279242260928e+00
5.537005953333335562e+00
5.686812714419592574e+00
4.653826774512651809e+00
5.839858764695862625e+00
5.703061017815613809e+00
5.896101244971374555e+00
5.717487658015536489e+00
5.211034389748028239e+00
5.496561105453809049e+00
5.899101838094537698e+00
5.585055212337993069e+00
5.535638279242260928e+00
5.686812714419592574e+00
5.839858764695862625e+00
5.703061017815613809e+00
5.717487658015536489e+00
5.211034389748028239e+00
5.496561105453809049e+00
5.899101838094537698e+00
1.957128827079722022e+00
5.221471789853366019e+00
5.537005953333335562e+00
5.838801055888102276e+00
4.653349670818445638e+00
5.703061017815613809e+00
5.688500687480886775e+00
4.585544743377624854e+00
5.899101838094537698e+00
5.585055212337993069e+00
5.535638279242260928e+00
5.537005953333335562e+00
5.908796831394820259e+00
5.838801055888102276e+00
5.572489219732759125e+00
5.703061017815613809e+00
5.717487658015536489e+00
5.496561105453809049e+00
5.899101838094537698e+00
4.763213189576814166e+00
5.585055212337993069e+00
5.535638279242260928e+00
5.221471789853366019e+00
5.537005953333335562e+00
5.609665302736789982e+00
5.703061017815613809e+00
5.717487658015536489e+00
5.211034389748028239e+00
5.496561105453809049e+00
5.899101838094537698e+00
5.221471789853366019e+00
5.537005953333335562e+00
5.686812714419592574e+00
5.866205939207834952e+00
4.843151310032890677e+00
5.703061017815613809e+00
5.717487658015536489e+00
5.211034389748028239e+00
5.496561105453809049e+00
5.188748995632493255e+00
5.585055212337993069e+00
5.535638279242260928e+00
5.537005953333335562e+00
5.686812714419592574e+00
1.131413667015203739e+00
3.702657636241331041e+00
5.717487658015536489e+00
5.496561105453809049e+00
5.899101838094537698e+00
5.585055212337993069e+00
5.535638279242260928e+00
5.221471789853366019e+00
5.537005953333335562e+00
5.686812714419592574e+00
4.653826774512651809e+00
5.717487658015536489e+00
5.496561105453809049e+00
5.188748995632493255e+00
4.869422391661742289e+00
5.585055212337993069e+00
5.221471789853366019e+00
5.839858764695862625e+00
2.356318806991364312e+00
5.838801055888102276e+00
4.653349670818445638e+00
4.648320182400804690e+00
5.496561105453809049e+00
5.899101838094537698e+00
2.954818108831884338e+00
5.535638279242260928e+00
5.221471789853366019e+00
5.537005953333335562e+00
5.839858764695862625e+00
5.838801055888102276e+00
4.653349670818445638e+00
5.469717037118201119e+00
5.703061017815613809e+00
4.585544743377624854e+00
5.717487658015536489e+00
5.496561105453809049e+00
5.899101838094537698e+00
5.585055212337993069e+00
5.535638279242260928e+00
5.221471789853366019e+00
5.537005953333335562e+00
5.703061017815613809e+00
5.864704031191601885e+00
1.784833196913963693e+00
4.585544743377624854e+00
5.717487658015536489e+00
5.211034389748028239e+00
5.496561105453809049e+00
5.899101838094537698e+00
5.585055212337993069e+00
5.221471789853366019e+00
5.703061017815613809e+00
4.928097617141411035e+00
4.585544743377624854e+00
5.717487658015536489e+00
5.188748995632493255e+00
5.535638279242260928e+00
3.552994023193323248e+00
5.686812714419592574e+00
5.839858764695862625e+00
4.653349670818445638e+00
3.379898979937184578e+00
5.717487658015536489e+00
5.496561105453809049e+00
5.899101838094537698e+00
5.585055212337993069e+00
5.221471789853366019e+00
5.908796831394820259e+00
5.030786586024862395e+00
5.838801055888102276e+00
4.653349670818445638e+00
5.717487658015536489e+00
5.759918150607816756e+00
5.496561105453809049e+00
5.899101838094537698e+00
5.535638279242260928e+00
5.839858764695862625e+00
5.838801055888102276e+00
4.653349670818445638e+00
5.560473943582485035e+00
5.705841585397797289e+00
5.717487658015536489e+00
5.839507374696120579e+00
5.899101838094537698e+00
5.585055212337993069e+00
5.777973146962175122e+00
5.535638279242260928e+00
5.221471789853366019e+00
5.537005953333335562e+00
5.686812714419592574e+00
5.839858764695862625e+00
5.703061017815613809e+00
5.717487658015536489e+00
5.211034389748028239e+00
5.899101838094537698e+00
5.535638279242260928e+00
5.221471789853366019e+00
5.537005953333335562e+00
5.838801055888102276e+00
4.653349670818445638e+00
5.479353906118204165e+00
5.703061017815613809e+00
5.211034389748028239e+00
5.496561105453809049e+00
5.899101838094537698e+00
5.221471789853366019e+00
5.537005953333335562e+00
5.839858764695862625e+00
5.838801055888102276e+00
4.653349670818445638e+00
5.560473943582485035e+00
5.703061017815613809e+00
5.245874589921641018e+00
5.717487658015536489e+00
5.211034389748028239e+00
5.496561105453809049e+00
5.899101838094537698e+00
5.585055212337993069e+00
5.537005953333335562e+00
5.686812714419592574e+00
5.839858764695862625e+00
3.379898979937184578e+00
5.532111601692616176e+00
5.211034389748028239e+00
5.585055212337993069e+00
5.839858764695862625e+00
5.838801055888102276e+00
4.653349670818445638e+00
5.597524065549595917e+00
5.574156345284347225e+00
5.411696639461110792e+00
5.703061017815613809e+00
3.379898979937184578e+00
5.717487658015536489e+00
5.211034389748028239e+00
5.899101838094537698e+00
5.535638279242260928e+00
5.537005953333335562e+00
5.686812714419592574e+00
2.356318806991364312e+00
5.592571014331281454e+00
5.703061017815613809e+00
5.797584956109055554e+00
5.188748995632493255e+00
4.869422391661742289e+00
5.585055212337993069e+00
5.535638279242260928e+00
5.221471789853366019e+00
5.537005953333335562e+00
5.686812714419592574e+00
5.839858764695862625e+00
4.585544743377624854e+00
5.717487658015536489e+00
5.188748995632493255e+00
5.585055212337993069e+00
5.535638279242260928e+00
5.221471789853366019e+00
5.537005953333335562e+00
5.686812714419592574e+00
5.839858764695862625e+00
4.653349670818445638e+00
5.804971367952432182e+00
5.717487658015536489e+00
5.211034389748028239e+00
5.496561105453809049e+00
5.899101838094537698e+00
5.535638279242260928e+00
5.221471789853366019e+00
5.537005953333335562e+00
5.686812714419592574e+00
5.839858764695862625e+00
5.703061017815613809e+00
3.379898979937184578e+00
4.585544743377624854e+00
5.713332748609785128e+00
5.211034389748028239e+00
5.899101838094537698e+00
5.585055212337993069e+00
5.535638279242260928e+00
5.221471789853366019e+00
5.686812714419592574e+00
5.703061017815613809e+00
5.717487658015536489e+00
5.211034389748028239e+00
5.496561105453809049e+00
5.899101838094537698e+00
5.585055212337993069e+00
5.007521565045166767e+00
5.535638279242260928e+00
5.221471789853366019e+00
5.686812714419592574e+00
5.703061017815613809e+00
3.379898979937184578e+00
5.532111601692616176e+00
5.717487658015536489e+00
5.537005953333335562e+00
5.686812714419592574e+00
5.839858764695862625e+00
2.356318806991364312e+00
5.838801055888102276e+00
4.653349670818445638e+00
5.889954671148280418e+00
5.703061017815613809e+00
5.717487658015536489e+00
5.899101838094537698e+00
1.957128827079722022e+00
5.221471789853366019e+00
5.537005953333335562e+00
5.686812714419592574e+00
5.839858764695862625e+00
4.653349670818445638e+00
5.703061017815613809e+00
5.717487658015536489e+00
5.211034389748028239e+00
5.496561105453809049e+00
5.221471789853366019e+00
5.690253314194805512e+00
5.839858764695862625e+00
2.356318806991364312e+00
5.838801055888102276e+00
5.612526845284770083e+00
5.703061017815613809e+00
5.864704031191601885e+00
5.717487658015536489e+00
5.211034389748028239e+00
5.005799537436965707e+00
5.520673612634549698e+00
5.801396059507820446e+00
5.535638279242260928e+00
5.221471789853366019e+00
5.908796831394820259e+00
5.703061017815613809e+00
5.532111601692616176e+00
5.496561105453809049e+00
5.899101838094537698e+00
5.520673612634549698e+00
5.585055212337993069e+00
5.535638279242260928e+00
5.686812714419592574e+00
5.908796831394820259e+00
5.838801055888102276e+00
5.703061017815613809e+00
3.379898979937184578e+00
4.585544743377624854e+00
5.717487658015536489e+00
5.211034389748028239e+00
5.899101838094537698e+00
5.585055212337993069e+00
5.535638279242260928e+00
5.221471789853366019e+00
3.552994023193323248e+00
5.703061017815613809e+00
5.717487658015536489e+00
5.899101838094537698e+00
5.663879496268427793e+00
5.585055212337993069e+00
5.535638279242260928e+00
5.221471789853366019e+00
5.537005953333335562e+00
5.773656211964824259e+00
5.839858764695862625e+00
5.703061017815613809e+00
4.928097617141411035e+00
3.379898979937184578e+00
5.717487658015536489e+00
5.211034389748028239e+00
5.496561105453809049e+00
5.535638279242260928e+00
5.221471789853366019e+00
5.537005953333335562e+00
5.686812714419592574e+00
5.717487658015536489e+00
5.797584956109055554e+00
5.899101838094537698e+00
5.585055212337993069e+00
5.221471789853366019e+00
5.686812714419592574e+00
5.839858764695862625e+00
5.838801055888102276e+00
4.653349670818445638e+00
5.560473943582485035e+00
5.703061017815613809e+00
5.211034389748028239e+00
5.496561105453809049e+00
5.188748995632493255e+00
5.221471789853366019e+00
5.537005953333335562e+00
5.904654603500437915e+00
5.908796831394820259e+00
5.560473943582485035e+00
5.612526845284770083e+00
