1.736988061097492064e+01
1.867409395822049945e+01
2.187335571737608220e+01
2.172949238824260121e+01
1.688474468454109001e+01
1.906570179092157957e+01
2.128672965253263882e+01
2.447622005420526747e+01
1.679211319960191418e+01
1.647583885868159825e+01
1.970692875783675291e+01
1.787669434202195973e+01
1.780894157609324679e+01
1.627822091953782646e+01
1.912126457707288907e+01
2.457902172347939995e+01
1.587035108666393413e+01
2.443049499174975026e+01
1.498655786168838588e+01
2.210484949070477256e+01
2.028965604305576775e+01
2.027718321484528374e+01
2.458172370571107024e+01
2.248238453274733217e+01
2.381691087278194985e+01
2.348131606176398734e+01
1.667965270085374030e+01
2.570048791923407805e+01
1.695134708171982751e+01
1.849774803823303770e+01
2.252355855428863052e+01
1.791543577149545996e+01
1.492968972627720348e+01
2.332547818766498438e+01
1.767830771347221130e+01
1.737694382404858118e+01
2.353815461637158535e+01
2.508135077166971882e+01
2.439878735135476262e+01
1.654478595611259806e+01
1.791217023481094373e+01
1.771973130913232808e+01
1.967911338342161898e+01
2.094584412376137550e+01
1.556435137935538471e+01
1.771826513669782344e+01
1.460118151405642273e+01
1.318516157268219402e+01
2.379943887352034793e+01
2.560235388044485916e+01
1.932962494645763130e+01
2.009513937552827301e+01
2.022607137952137890e+01
2.299654418929148392e+01
1.895831736690949398e+01
2.544788078317647617e+01
2.460622570342666648e+01
2.623633396626200209e+01
1.528017568720095554e+01
1.843829311629349021e+01
1.891711231051792197e+01
1.946904090988910596e+01
2.028262058249246280e+01
1.964604959691692443e+01
2.233782007412436954e+01
1.780555474482115486e+01
2.653460620016736371e+01
1.861604788069278982e+01
2.073582189414505805e+01
2.356825470481330598e+01
1.842603024595679528e+01
1.699828782935420435e+01
1.831174685986802686e+01
2.014792461150669567e+01
2.100273482193216523e+01
2.258326892136997799e+01
1.878130260224437365e+01
2.570140425289157804e+01
1.712615172767039695e+01
1.981585726701034744e+01
2.186540939368301650e+01
2.086650805170861389e+01
1.688326426717514650e+01
2.352928670421316326e+01
2.371011258879651606e+01
1.643575711671009287e+01
1.984349867504557707e+01
2.640603363670153669e+01
2.022925884563773025e+01
1.667122005682540120e+01
1.524948309323823992e+01
1.143928770872260081e+01
2.648967163264047286e+01
1.514236480063777002e+01
2.099408243795214091e+01
1.820020668147451914e+01
2.594486435757801956e+01
1.601167510776442526e+01
2.206157826640220065e+01
2.434825041297424519e+01
2.153845377066051725e+01
2.012247697739031693e+01
2.635445750307630775e+01
2.102419243502603408e+01
1.959215831626633175e+01
2.130512093758338565e+01
1.390131385251089924e+01
1.698111247848282446e+01
2.084740663542188699e+01
1.686953148227917154e+01
1.995641852281647388e+01
2.156007957935425168e+01
1.492968972627720348e+01
2.347309995871324162e+01
1.888514366063811778e+01
1.579811823489371925e+01
1.897893403390437683e+01
1.875534371325103322e+01
2.009959597388340669e+01
2.523309382071636975e+01
2.173119359049294630e+01
1.353631772262184541e+01
1.817592061075248822e+01
2.002769595549188608e+01
1.792568159763508717e+01
1.660080962357806200e+01
2.606183092117338163e+01
1.841268755056859163e+01
1.909858099979021162e+01
1.716024090880582165e+01
2.017826301068665273e+01
2.125056617168568351e+01
2.360552235761371875e+01
2.118549214347121179e+01
1.690059397965125143e+01
2.057237331832231675e+01
2.503746467658877961e+01
1.758296165630872210e+01
1.288993751811605648e+01
1.755113913756926536e+01
1.774116796198100943e+01
2.257637235035538481e+01
2.277484982018412296e+01
2.551722547530228979e+01
1.965432296453732519e+01
2.007164628767340631e+01
1.953423373854606737e+01
2.549840806944321514e+01
2.100752082232484241e+01
2.060710623800616759e+01
1.694276042191393827e+01
2.112627299644776002e+01
2.479888602232967543e+01
2.534752394368502948e+01
2.072483666731327645e+01
2.641400720484547904e+01
1.716550536047102327e+01
1.662672907932273603e+01
2.146551957189556248e+01
1.881557676015506431e+01
2.641770080999753390e+01
2.128365463526622392e+01
1.882580980707615481e+01
2.416667508978393641e+01
1.774294880079367687e+01
2.582227558934228284e+01
2.069037789950896666e+01
1.691629257273254083e+01
1.765762817105878568e+01
2.044982540309150210e+01
2.583860241081110942e+01
2.411613898153268565e+01
1.757549559556789376e+01
2.414217839505014496e+01
1.771229324643618597e+01
2.378219138484381290e+01
2.564358058394368811e+01
1.761719037349380912e+01
2.363050627559644568e+01
1.026512541499431208e+01
2.282572398609289621e+01
1.557478041817665471e+01
1.651231728649778319e+01
1.921426498533950067e+01
2.056580148228593430e+01
1.986304423018654219e+01
2.099691237983479652e+01
2.185240734932460427e+01
2.177306031653161256e+01
1.845339525067481290e+01
2.382754010436604020e+01
1.850960175680798869e+01
2.326919604660953667e+01
1.847766358718658353e+01
2.461089217094161441e+01
1.327454299625378020e+01
2.011209114886564109e+01
2.166435555301135452e+01
2.529237885826342946e+01
2.030986604758924940e+01
1.796734146291024814e+01
2.272646714362279852e+01
2.059707327406959010e+01
2.465653135310403599e+01
2.092286034769578862e+01
2.643747497003266034e+01
2.225919067327834000e+01
2.590522597621631817e+01
2.481473284066264640e+01
2.498383400309087676e+01
1.670116854863047351e+01
1.702587197192334045e+01
1.934827479076385259e+01
2.157991406010911106e+01
2.427100213186133004e+01
2.053870231921122169e+01
2.628289358856504165e+01
2.350796436929736544e+01
1.989500274877381614e+01
2.350885457090255670e+01
2.042457291379214013e+01
1.817592061075248822e+01
2.478245896370929913e+01
1.642274278841985691e+01
1.967945934545211628e+01
1.862738597385582651e+01
1.756135652547910198e+01
2.397789102657684879e+01
1.832194161971791502e+01
2.569314455375908324e+01
1.962823359915076793e+01
2.491653576410172732e+01
1.965432296453732519e+01
2.178673248555935160e+01
1.773210457009394503e+01
2.617746777121660529e+01
1.321079755218363516e+01
1.710766230013787137e+01
2.274876926350667361e+01
2.079612056536860365e+01
2.358201577197877086e+01
1.687790941617561202e+01
2.341543853568560252e+01
1.980742162949825058e+01
2.398527486708566414e+01
2.642761699426708333e+01
1.819804010894013402e+01
2.099560584323075574e+01
1.930857559015569436e+01
2.046617061256615955e+01
2.125002636226811248e+01
2.402506938559860217e+01
2.174748204894193293e+01
2.423517044570727208e+01
1.621173555854882409e+01
2.643747497003266034e+01
1.293387904971497626e+01
1.864444001158009456e+01
2.482135923382030285e+01
1.901770477824666017e+01
1.746413589109074849e+01
1.700970492302270998e+01
2.060111100759903735e+01
1.920014336625954599e+01
2.135014102040784678e+01
2.364016820326738610e+01
1.555804092077636724e+01
2.444909433271883614e+01
2.189206074063231711e+01
1.751791786728710321e+01
2.048471600549981630e+01
2.398542277065103079e+01
1.738706098695196545e+01
1.531472067624739530e+01
1.936092910818772594e+01
1.695280633103275036e+01
2.041565320219880064e+01
2.099560584323075574e+01
1.666378392497768246e+01
1.765079830147458040e+01
1.766749906125150105e+01
1.570166491396701325e+01
2.578616723295388269e+01
1.635517148405249799e+01
1.670497742800138852e+01
2.008427774210188232e+01
2.427569960055991771e+01
2.546966004202077016e+01
1.552423958275531035e+01
1.986828925865162887e+01
2.041453363789976905e+01
2.134065525576885491e+01
1.533950822693921801e+01
1.858127636426631923e+01
2.319949771253879334e+01
2.550197364365701347e+01
2.107419154392391292e+01
1.694049507533523879e+01
2.387240021034884307e+01
1.593235822123863521e+01
1.745350505248154960e+01
1.766359351015731605e+01
2.074554289385216421e+01
1.860144785110578169e+01
2.051101695497731470e+01
2.075608597432473701e+01
1.951839593877210532e+01
1.585456807830537329e+01
1.722261998960891560e+01
1.719930804346449449e+01
1.610584379587099590e+01
2.210737935632170803e+01
2.483690219236265051e+01
2.131109624703941918e+01
1.255558508409009910e+01
2.003507280135330149e+01
1.844678652436966715e+01
1.804316965993582045e+01
2.077116147875070240e+01
1.662315642603735810e+01
1.904215918818542974e+01
1.913259175696711623e+01
2.627891820788230248e+01
1.858127636426631923e+01
2.131986754878902701e+01
1.780053725356658489e+01
2.469807973085072561e+01
2.075827133525495682e+01
1.968342839766182806e+01
1.739097218032326353e+01
2.497532200655112433e+01
1.550901328465584150e+01
2.116516694650205821e+01
1.500621307003085292e+01
1.590514649220157395e+01
1.988926675386243659e+01
1.639573761752307135e+01
2.526396113469808569e+01
2.175445165286367910e+01
2.411134844364588758e+01
2.401823476841465066e+01
2.476393118872113419e+01
2.092326785036278380e+01
1.774322651434943765e+01
2.300156700715796632e+01
1.861554572566329568e+01
2.050841621988878316e+01
1.453531159911431558e+01
2.241387083556338311e+01
1.338664858670055935e+01
1.989510291356413774e+01
2.611176067545212476e+01
1.450353372504176441e+01
1.911047383522053877e+01
2.232811999279645931e+01
1.876599499291518214e+01
2.251107022729983953e+01
2.046029890954860520e+01
2.024993770560162432e+01
2.631791370725333934e+01
1.953099820072612047e+01
1.935445437333177665e+01
1.670724739148909777e+01
1.794072623487060625e+01
1.993235785124847226e+01
1.612347966735987725e+01
2.358205172551361883e+01
1.977525298298413503e+01
1.765762817105878568e+01
1.735673264150765149e+01
2.297646399309984133e+01
2.178188139154812220e+01
2.023013451141360264e+01
2.077069034045371154e+01
1.648795394751363830e+01
2.179018094697290664e+01
2.184547858685133903e+01
2.625723780432665677e+01
1.317184504703956271e+01
1.916407830092709119e+01
1.709917307722613700e+01
1.683328626261892325e+01
1.991048761264805478e+01
1.819087480617065467e+01
2.011943476290387167e+01
2.646591190974650232e+01
1.905040957481691066e+01
2.583611834297168031e+01
1.873960150193953211e+01
1.476513324511977920e+01
1.842603024595679528e+01
2.091948888191596723e+01
2.282572398609289621e+01
2.395098661379013549e+01
2.172748715299749733e+01
1.780034833345924383e+01
2.357403020322491471e+01
2.371370991805731521e+01
2.350731493848174125e+01
2.062886599661452891e+01
1.726592832743209627e+01
2.267654357142719235e+01
1.893235138812416096e+01
1.925392549412290322e+01
2.299980922464820310e+01
2.453852669469246450e+01
1.845730277347772841e+01
1.518683806273437042e+01
1.588370306075489680e+01
2.469777356616886266e+01
2.219268961918002603e+01
2.034555326249567742e+01
2.445599501794186637e+01
1.767047135533760382e+01
2.306093680222839737e+01
2.550110351644907070e+01
1.808717264278606507e+01
1.770952261800772831e+01
1.742993141104341248e+01
1.954901672475874719e+01
2.436152598093503485e+01
1.678891097684364198e+01
1.805235454899337810e+01
2.225588161509010732e+01
1.558062766629090312e+01
1.786387215192359434e+01
1.629833684522304083e+01
2.453501791948543342e+01
2.034555326249567742e+01
1.972155313780423924e+01
2.056278580804883660e+01
2.315726592660583094e+01
1.620325817562876836e+01
1.942635256897079898e+01
2.198915292289644796e+01
2.002032156854665246e+01
2.208843547570554477e+01
1.718920113293110674e+01
1.982953598442448850e+01
8.518533409195184092e+00
1.639954945815134124e+01
1.656752388350006555e+01
1.619158849041662407e+01
1.784574140962447331e+01
1.969234766144813875e+01
1.928272043118195356e+01
2.544826895177995851e+01
2.092609528893694915e+01
1.569234629251842073e+01
1.688070186273796480e+01
1.445851120347426644e+01
1.946904090988910596e+01
1.632576567003517454e+01
2.482287680825456277e+01
1.897898015590552845e+01
2.629670701044227954e+01
2.183283304644987766e+01
1.898913441524214818e+01
1.983618688970556931e+01
2.335975190616965591e+01
2.421074204520837014e+01
1.658098266966614176e+01
1.558471266916564701e+01
1.209429075132350029e+01
2.013497230571424623e+01
2.591532513809686122e+01
1.697143194356527829e+01
2.289684701266558520e+01
1.693050017380122441e+01
2.205216562972975680e+01
1.796734146291024814e+01
1.870035855318410256e+01
1.605236033407744145e+01
1.842757390943538098e+01
2.336890468785207631e+01
1.714338144984577283e+01
1.968847911946034657e+01
1.605684505532502016e+01
1.695665180125513416e+01
2.148918961856695731e+01
2.511808653075357611e+01
1.697907846210187799e+01
1.669489680252604202e+01
2.408840204555576747e+01
1.974549865764043233e+01
2.360633099863742501e+01
1.919659130204972186e+01
2.302843884336267521e+01
1.869772588533508539e+01
1.820304500196148823e+01
2.458618048779437260e+01
1.589576505260632899e+01
2.429007199762393299e+01
2.260517815575970246e+01
2.411170815708615933e+01
1.973428729466000320e+01
1.971199217909506984e+01
2.327260478417042577e+01
1.555251758717435528e+01
1.668391601439669358e+01
2.635445750307630775e+01
1.990919624620998718e+01
2.557711602567023235e+01
1.494249767141452168e+01
2.594979746161093459e+01
1.882827966623556648e+01
2.147767308489067872e+01
2.165182390646593547e+01
2.382358295601585141e+01
1.953067220528750525e+01
2.284981634238582870e+01
2.566954350724935452e+01
2.409202570578789349e+01
1.734908582309895309e+01
1.892114199300310418e+01
1.764669157698554969e+01
1.648347693366483213e+01
2.549469896907385191e+01
1.538628114958471826e+01
1.939487162146071952e+01
1.631991580566496580e+01
1.693542638175382464e+01
2.272542423400893341e+01
2.453147231905752434e+01
1.681601816614211486e+01
2.301783726803335028e+01
2.520132873223336389e+01
1.924148663018632277e+01
1.990552289329660951e+01
2.086033014409045450e+01
1.979555093484362516e+01
2.561601772540392830e+01
1.522518308471604165e+01
1.824854458245469502e+01
2.125129129044803378e+01
2.570018161610929752e+01
2.003190398201514100e+01
2.379761197902572434e+01
1.765280802275852068e+01
1.977329857040938776e+01
1.726405761274125084e+01
1.717025542228306989e+01
2.497531894996407686e+01
1.665208552934218744e+01
2.191008997868925334e+01
2.109172368802112629e+01
1.987849328665796378e+01
1.974332368460304465e+01
2.029681683464138686e+01
1.618660633621864520e+01
2.202541143339976770e+01
2.561601772540392830e+01
2.239341126180428176e+01
2.050879763287162305e+01
1.674981747110285113e+01
2.361652109454308146e+01
2.469777356616886266e+01
2.178102383543950538e+01
1.665139518390026652e+01
1.835667485623816120e+01
2.035844475790847241e+01
2.309029243471633919e+01
2.648046251513821403e+01
2.546997910849568925e+01
2.361652109454308146e+01
2.534202458603447639e+01
1.911419240408503839e+01
2.362802289023462521e+01
2.478308241737224904e+01
2.262438567694463742e+01
2.074554289385216421e+01
1.906245114338160462e+01
2.514179141865815836e+01
2.410818513298651666e+01
1.898193917078416249e+01
1.724663988255818126e+01
2.396664241901473247e+01
1.781308503971974844e+01
1.998410801627350963e+01
1.942096485294741015e+01
2.000341016591485399e+01
1.947549930749705283e+01
1.794650848713232349e+01
1.721063621201970761e+01
2.083979115994774745e+01
2.316741369110844317e+01
2.647724183732479730e+01
1.894637061170071490e+01
1.679492928209447911e+01
2.429100395924671574e+01
2.452457434852978935e+01
1.909941321776594947e+01
1.812405257585777818e+01
2.143146081341254217e+01
1.677221043334260742e+01
1.380499434433871819e+01
1.689563639930741346e+01
1.746240814377619444e+01
1.421972320867769923e+01
2.459219964055901642e+01
2.519136201665802943e+01
2.504695399150111257e+01
1.033640474927181785e+01
1.802429178837516943e+01
2.595767327509476630e+01
2.619831828549468256e+01
2.412075225982819759e+01
1.981074608787459823e+01
2.603980556325501183e+01
1.748092225438912450e+01
2.307858917083989780e+01
1.678416940781750810e+01
2.078728280485898239e+01
1.760465433221466469e+01
1.786910088392592044e+01
2.595158566687673840e+01
1.287891148141268616e+01
2.165182390646593547e+01
1.605841894525000413e+01
2.145141353793028927e+01
2.648757083336879603e+01
1.650419570337157538e+01
1.945154064009803818e+01
2.291333736336877180e+01
1.702102332724681943e+01
1.562003616979432508e+01
2.013410095461768634e+01
2.613674956981794040e+01
2.204258316582633270e+01
1.611786605263035455e+01
1.894270828604643242e+01
1.455584631022993136e+01
1.794848050633660108e+01
1.747467526961750295e+01
2.160116270385947246e+01
2.447924325577973192e+01
2.248238453274733217e+01
2.086257374097145956e+01
2.435415818673786248e+01
1.679499878453263406e+01
1.649974049225578554e+01
1.774680915714094098e+01
1.480875158399177671e+01
1.995358843950402061e+01
2.569760190379176379e+01
2.553365896703584781e+01
1.931775182013208436e+01
1.814825441757138336e+01
2.483449659195336778e+01
2.439042250073179119e+01
1.775497380871615505e+01
2.425861996602294468e+01
1.731870436892140575e+01
2.549570470416349721e+01
1.753592695091916909e+01
1.747960385039026221e+01
2.077069034045371154e+01
2.053944631755525663e+01
1.962702310573430609e+01
2.613674956981794040e+01
2.188793217905143607e+01
2.202084222955179627e+01
1.765857345943368628e+01
2.210642256910062287e+01
2.199737503167465036e+01
2.189515644242949577e+01
1.859441776288281645e+01
2.535945272815573048e+01
2.301896191893584387e+01
2.076941851253590698e+01
2.109825934985238050e+01
1.913054608765500930e+01
2.263147323715465120e+01
1.942432444016493420e+01
2.384811097475839858e+01
2.014962141920446115e+01
2.203483918583321355e+01
2.026510722038565504e+01
2.009979705702295050e+01
1.846923367443007891e+01
1.868977232513687525e+01
1.771229324643618597e+01
1.811206098593874714e+01
2.335590815958193645e+01
2.507646936367885004e+01
2.323187337476606729e+01
2.603003562663054282e+01
1.755154135940200177e+01
2.200668126426427307e+01
2.110004055516112231e+01
2.089680678199330544e+01
1.861217302250550887e+01
2.648390194983937818e+01
2.205415686115081186e+01
2.549206409338391666e+01
2.539838661513819318e+01
2.221687534054549218e+01
1.903285336657204141e+01
2.599934400986852268e+01
1.739261862868732322e+01
2.465632858661865612e+01
1.961406830471991825e+01
2.637272511564313504e+01
1.655552534363989992e+01
2.129033817665030170e+01
1.873375837925905074e+01
1.874426080783843318e+01
1.983618688970556931e+01
2.372562522023494225e+01
2.093075609704407469e+01
1.725742578221205648e+01
1.909048658135273513e+01
2.180471220810255062e+01
1.778188966875221411e+01
2.127814982158037793e+01
2.014962141920446115e+01
1.849280326132850760e+01
2.471347953755968874e+01
1.912401241131053098e+01
2.565842189321853084e+01
1.687030401918989497e+01
1.890480094743045925e+01
1.814515135757522302e+01
1.509573167232450075e+01
1.792204298011778008e+01
1.632440575196216059e+01
2.458273473136717513e+01
2.520042126836140639e+01
1.691291880181783824e+01
2.080798998712741721e+01
1.600852100497404962e+01
1.764221280683457138e+01
1.648579056777324325e+01
2.289801330952344216e+01
1.959493013293673869e+01
2.530785569570270610e+01
2.489789251521230184e+01
1.599186864652222972e+01
2.092544792313059077e+01
2.189942793497500872e+01
2.151993538408829920e+01
2.137254397984714416e+01
1.641265266298130143e+01
1.621173555854882409e+01
2.134361945556842244e+01
2.336890468785207631e+01
1.649860299349428061e+01
2.252609543649127133e+01
1.468416626927163371e+01
1.759534400361760831e+01
1.926756149899041048e+01
2.099408243795214091e+01
1.844599260632318050e+01
1.969485791415569764e+01
1.601118704354092159e+01
1.767852210886735520e+01
1.722817148383158070e+01
1.699834786365817152e+01
2.233409982176711139e+01
1.810788074432118577e+01
2.404521407759504825e+01
2.414217839505014496e+01
1.993394408389602290e+01
2.518778608372526406e+01
1.491071471835074647e+01
1.748718677413729239e+01
2.322279268270489183e+01
1.508697302879240176e+01
1.694049507533523879e+01
2.198915292289644796e+01
2.448959726945957271e+01
2.165006553843075565e+01
2.308138192766961083e+01
1.959215831626633175e+01
2.409430598473179685e+01
1.963000959909478382e+01
2.322409317620737568e+01
1.930074503330271440e+01
2.567393861045319525e+01
1.564999112872870590e+01
1.581305158955650114e+01
1.593942877537328862e+01
1.545132507909037223e+01
2.022610808014931649e+01
1.893285668965929958e+01
2.088095715641093619e+01
1.731584975255295689e+01
1.558490808000827421e+01
1.808826875592423633e+01
1.806223484651011546e+01
2.411766131075888708e+01
1.749738874260982158e+01
2.050538490290153248e+01
2.558139351490016722e+01
2.443738888489845351e+01
1.685426849339119215e+01
2.434764540024742985e+01
1.765280802275852068e+01
2.347039930132127594e+01
2.292620774577335396e+01
1.742657720375228081e+01
2.497532200655112433e+01
1.650312077526336907e+01
1.697689134140875211e+01
2.107770146223411700e+01
1.835667485623816120e+01
1.834177063186571388e+01
2.114214294055330967e+01
1.903483968661436876e+01
2.066363230526514272e+01
1.715540285564560818e+01
2.308938826755908025e+01
2.136883615505566780e+01
1.625302191582991185e+01
2.392207537173321441e+01
2.170186277142122577e+01
1.560980486443153659e+01
1.742651419376182886e+01
2.553172214281479313e+01
1.603301472520091409e+01
2.427131515530126649e+01
1.507288512551472870e+01
1.749382173688771047e+01
2.449016146915826297e+01
1.969394964417711691e+01
1.437707393609750106e+01
1.726180193413669173e+01
1.781308503971974844e+01
2.493959081406745426e+01
2.065701545380943216e+01
2.064630825700711014e+01
2.560158085408463791e+01
1.874636673015205801e+01
1.755532119318250395e+01
2.007307584387966770e+01
1.289889722430406849e+01
2.487425466439945154e+01
2.553657843957731188e+01
1.972155313780423924e+01
2.328502672717279154e+01
1.995358843950402061e+01
1.581813878157980113e+01
2.408772503884270222e+01
2.393725787998329935e+01
2.246244669956449513e+01
1.687484615900971718e+01
1.572571923393281068e+01
1.814263807671933648e+01
2.359812203466471203e+01
2.268693118174515533e+01
2.318841087154676472e+01
2.184955297228707494e+01
1.777995734312775866e+01
1.719353297863674612e+01
1.754179069123416568e+01
1.789921617529575570e+01
1.866547696756009600e+01
2.270380431871818772e+01
2.261229221772502740e+01
1.711639004555584265e+01
1.531782506139778199e+01
1.949077086812521742e+01
2.553027024142226509e+01
2.027718321484528374e+01
1.421063061312472442e+01
2.576631543363570032e+01
1.762249885320261100e+01
2.431935475066256913e+01
1.770430681496829095e+01
2.365713801508710645e+01
1.753003631015270258e+01
1.678744040533011628e+01
1.554469099725865178e+01
1.872639823356542621e+01
2.137820124947984368e+01
1.828859545464479197e+01
2.191008997868925334e+01
2.094839300151027217e+01
1.931571331995598939e+01
2.393492617228799801e+01
2.390423653841040874e+01
2.529006479698850640e+01
1.882580980707615481e+01
2.137820124947984368e+01
1.521297868301524936e+01
1.786691989953732218e+01
2.380576001098298633e+01
1.816069220874769030e+01
1.761333436052343160e+01
2.453823520845756434e+01
2.465566737131548791e+01
2.102324657351373816e+01
1.750705743103327094e+01
1.617610341364325421e+01
2.071044460739097914e+01
1.792445348707957109e+01
1.271712106713141033e+01
2.357047155245030368e+01
2.250711443201760531e+01
2.088201982841166071e+01
2.038529060514637337e+01
2.413646657576794397e+01
1.612347966735987725e+01
1.532475477601192893e+01
2.330358122172103208e+01
2.578654077102682152e+01
1.888565865171687363e+01
1.770559612677763539e+01
1.930293698992324636e+01
1.730292250968652112e+01
1.950359260147545371e+01
1.961940093781172578e+01
2.199678353025289823e+01
1.746413589109074849e+01
1.613183704383519768e+01
2.027809800056317258e+01
1.734815727254785500e+01
2.318012034695585655e+01
2.003897763694452294e+01
1.363932143000433683e+01
1.893147519162684134e+01
1.675894609433560589e+01
1.901140713398049442e+01
1.649860299349428061e+01
2.263419789905499258e+01
2.395737581049832343e+01
2.124606555062872104e+01
1.310017266409239767e+01
2.601202023945090147e+01
1.838721344699699500e+01
1.934827479076385259e+01
2.521787773095160290e+01
1.906390217629632033e+01
2.020887755875525116e+01
2.175887892345368613e+01
1.601118704354092159e+01
2.371946986994807816e+01
1.891360020017754451e+01
1.787029407699276007e+01
4.921351369536322906e+00
1.989510291356413774e+01
2.525832807709320349e+01
1.562897215405299178e+01
1.750950714194209112e+01
2.039731071925212902e+01
2.650788186273280189e+01
2.574856800143441404e+01
1.579657645172805758e+01
2.172854003908711462e+01
1.850613618927106074e+01
2.151547622095037937e+01
1.945446197960848167e+01
2.081228552408344257e+01
1.350967185889668443e+01
2.178091678114649099e+01
2.071001075825931181e+01
2.276416876480275775e+01
2.339919248138770769e+01
2.358451618116188087e+01
1.849615476480368770e+01
1.918714785372827691e+01
2.383865469974470841e+01
2.229093521953602064e+01
2.652724263589937692e+01
1.645191613230104011e+01
1.969223275566744036e+01
1.823767139311503982e+01
1.819670270755554498e+01
2.201980747909088620e+01
2.350796436929736544e+01
2.110527955084478080e+01
1.567856423604368743e+01
2.543393824148989069e+01
1.811245117672167382e+01
2.052239628563573248e+01
2.225723929043961036e+01
2.072542463896076725e+01
1.865546370765840578e+01
1.960642457725316845e+01
2.264290305866041564e+01
1.144147529628912352e+01
2.133294244086975766e+01
2.492195196923419687e+01
2.028260754422933587e+01
1.648265323096676838e+01
1.846145143863772375e+01
2.172702656397525445e+01
1.781619047414066870e+01
1.813328044285680818e+01
2.377404151032437341e+01
2.219882626509155799e+01
2.630314374213321926e+01
2.165292549124922061e+01
2.617830562057909205e+01
2.608935924545951579e+01
1.778677935923479581e+01
1.712048680366735454e+01
2.367239553401084251e+01
1.013529567763590933e+01
1.949270055313803596e+01
