9.960950325354130941e-01
2.621703165192211582e+00
5.873988307771171868e-01
3.214702431245076708e-01
5.077970594691192385e-01
3.930098366891379702e-01
3.601862400933296127e-01
7.828006610616177197e-01
2.669443143360053394e+00
9.471526833520964583e-01
2.531720428013732427e+00
2.462446372302815600e+00
9.960950325354130941e-01
2.432607565669147487e+00
2.719189179181938698e+00
2.925529050102285034e+00
1.091255277763191867e+00
1.212483838879100606e+00
1.535395631246737613e+00
1.162372242360913965e+00
2.858181758914088988e+00
5.767114844488911984e-01
5.452973389323018116e-01
1.212483838879100606e+00
8.706318704881963466e-01
3.930098366891379702e-01
1.566913071321838435e+00
8.945068554301230934e-01
1.020034930517140115e+00
3.006233613836968299e+00
2.677197068927242185e+00
2.462446372302815600e+00
2.858181758914088988e+00
1.348558108314791504e+00
1.966970068863988619e+00
2.979258694587706202e+00
2.778072039905297164e+00
1.816561503956459545e+00
1.174469466686731245e+00
7.374957580905545651e-01
3.006341173416776869e+00
9.960950325354130941e-01
2.979258694587706202e+00
5.077970594691192385e-01
8.440373687796678404e-01
7.828006610616177197e-01
2.554536318351606106e+00
6.597464462452707901e-01
2.655097302702056350e+00
2.560904762221236641e+00
1.068941250876931592e+00
1.348558108314791504e+00
9.960950325354130941e-01
2.437904978972717629e+00
1.689884694509668828e+00
3.930098366891379702e-01
2.257664401537944343e+00
1.092498032784608331e+00
1.020034930517140115e+00
7.828006610616177197e-01
1.068941250876931592e+00
1.348558108314791504e+00
9.755205896406021759e-01
2.621703165192211582e+00
2.537597117856740692e+00
1.212483838879100606e+00
8.440373687796678404e-01
1.020034930517140115e+00
2.746183837423179064e+00
8.622677764169399683e-01
2.935898310767831809e+00
3.006341173416776869e+00
5.121333303266197845e-01
1.966970068863988619e+00
1.435036966509625200e+00
1.212483838879100606e+00
9.675359994729954005e-01
3.601862400933296127e-01
1.162616162924084762e+00
1.085931610528577007e+00
2.935898310767831809e+00
2.531720428013732427e+00
2.858181758914088988e+00
1.966970068863988619e+00
1.914342378637924336e+00
1.816561503956459545e+00
1.535395631246737613e+00
8.945068554301230934e-01
1.174469466686731245e+00
7.828006610616177197e-01
2.531720428013732427e+00
2.462446372302815600e+00
7.663118031231574978e-01
1.966970068863988619e+00
9.755205896406021759e-01
5.452973389323018116e-01
9.235884970703479580e-01
2.719189179181938698e+00
1.212483838879100606e+00
1.535395631246737613e+00
7.663118031231574978e-01
1.571839400831186229e+00
1.772370221264246037e+00
1.166127134747054983e+00
3.214702431245076708e-01
1.370238393404126009e+00
1.174469466686731245e+00
1.347135028397840717e+00
1.246238097595527172e+00
9.089646428477288209e-01
2.462446372302815600e+00
5.767114844488911984e-01
5.077970594691192385e-01
1.160126666410071117e+00
1.174469466686731245e+00
1.478783490852196847e+00
2.746183837423179064e+00
7.876937296081018003e-01
3.751365422921882908e-01
3.796453508130750443e-01
2.531720428013732427e+00
1.068941250876931592e+00
2.233043846877128313e+00
9.926732654879590889e-01
2.621703165192211582e+00
2.537597117856740692e+00
2.685964318897514413e+00
2.606212076776580400e+00
1.370238393404126009e+00
3.930098366891379702e-01
3.006341173416776869e+00
1.068941250876931592e+00
2.858181758914088988e+00
1.348558108314791504e+00
9.960950325354130941e-01
5.452973389323018116e-01
3.214702431245076708e-01
1.212483838879100606e+00
1.535395631246737613e+00
1.020034930517140115e+00
1.116708513924562052e+00
2.531720428013732427e+00
7.663118031231574978e-01
2.477807019847901859e+00
1.966970068863988619e+00
2.657601929138861507e+00
2.537597117856740692e+00
3.214702431245076708e-01
3.930098366891379702e-01
8.945068554301230934e-01
9.642152750341531631e-01
2.858181758914088988e+00
1.348558108314791504e+00
1.966970068863988619e+00
2.657601929138861507e+00
9.235884970703479580e-01
3.214702431245076708e-01
3.930098366891379702e-01
1.143415503358160334e+00
8.291532804755665786e-01
3.006341173416776869e+00
2.462446372302815600e+00
9.960950325354130941e-01
2.621703165192211582e+00
2.979258694587706202e+00
5.077970594691192385e-01
1.535395631246737613e+00
3.930098366891379702e-01
1.030426003160163084e+00
7.159384087123291662e-01
3.006341173416776869e+00
2.477807019847901859e+00
1.966970068863988619e+00
2.737477582045018121e+00
1.816561503956459545e+00
1.535395631246737613e+00
2.257664401537944343e+00
3.601862400933296127e-01
1.020034930517140115e+00
2.669443143360053394e+00
2.462446372302815600e+00
1.201171999999517626e+00
5.767114844488911984e-01
9.235884970703479580e-01
5.544208064832409910e-01
2.537597117856740692e+00
1.689884694509668828e+00
3.214702431245076708e-01
1.816561503956459545e+00
6.944923529031158393e-01
2.531720428013732427e+00
3.006341173416776869e+00
7.663118031231574978e-01
1.571839400831186229e+00
1.348558108314791504e+00
9.235884970703479580e-01
5.544208064832409910e-01
5.077970594691192385e-01
1.535395631246737613e+00
8.945068554301230934e-01
7.663118031231574978e-01
1.348558108314791504e+00
9.960950325354130941e-01
8.720308805766094906e-01
1.212483838879100606e+00
3.930098366891379702e-01
8.291532804755665786e-01
7.828006610616177197e-01
2.746183837423179064e+00
2.907399311424649024e+00
4.896398421125575662e-01
2.858181758914088988e+00
9.960950325354130941e-01
2.657601929138861507e+00
2.979258694587706202e+00
1.212483838879100606e+00
1.065615074772441773e+00
1.013309463476755212e+00
8.945068554301230934e-01
2.669443143360053394e+00
2.462446372302815600e+00
2.858181758914088988e+00
1.571839400831186229e+00
1.348558108314791504e+00
9.960950325354130941e-01
5.767114844488911984e-01
5.544208064832409910e-01
2.979258694587706202e+00
1.212483838879100606e+00
9.379553254063465184e-01
2.935898310767831809e+00
1.068941250876931592e+00
1.348558108314791504e+00
1.966970068863988619e+00
1.772370221264246037e+00
2.621703165192211582e+00
1.816561503956459545e+00
1.535395631246737613e+00
2.257664401537944343e+00
1.174469466686731245e+00
2.531720428013732427e+00
3.006341173416776869e+00
1.455426476433774097e+00
1.963698865084802181e+00
8.720308805766094906e-01
1.114007410880663018e+00
1.212483838879100606e+00
8.440373687796678404e-01
1.020034930517140115e+00
1.177877069819264655e+00
3.006341173416776869e+00
1.068941250876931592e+00
2.858181758914088988e+00
1.471727290972249413e+00
1.966970068863988619e+00
2.921372818189670983e+00
1.212483838879100606e+00
6.944923529031158393e-01
3.601862400933296127e-01
7.159384087123291662e-01
2.531720428013732427e+00
1.061578577927903222e+00
7.663118031231574978e-01
8.127229368635231488e-01
1.348558108314791504e+00
1.689884694509668828e+00
2.979258694587706202e+00
6.852200972052940875e-01
1.212483838879100606e+00
1.535395631246737613e+00
2.462446372302815600e+00
7.663118031231574978e-01
9.960950325354130941e-01
2.979258694587706202e+00
1.091255277763191867e+00
3.930098366891379702e-01
1.174469466686731245e+00
2.669443143360053394e+00
7.159384087123291662e-01
7.291681160962723007e-01
1.068941250876931592e+00
2.858181758914088988e+00
7.663118031231574978e-01
1.175570230970208296e+00
5.077970594691192385e-01
3.136850531081993410e+00
9.379553254063465184e-01
2.257664401537944343e+00
1.114915864696650161e+00
2.669443143360053394e+00
3.006341173416776869e+00
7.663118031231574978e-01
9.960950325354130941e-01
3.930098366891379702e-01
8.945068554301230934e-01
1.174469466686731245e+00
3.107356833865562162e+00
7.828006610616177197e-01
1.714024337076889282e+00
9.471526833520964583e-01
2.462446372302815600e+00
1.348558108314791504e+00
9.960950325354130941e-01
2.621703165192211582e+00
1.091255277763191867e+00
1.212483838879100606e+00
3.930098366891379702e-01
6.944923529031158393e-01
1.174469466686731245e+00
1.290036453561431706e+00
3.006341173416776869e+00
1.068941250876931592e+00
1.571839400831186229e+00
5.544208064832409910e-01
2.257664401537944343e+00
2.211436486013001801e+00
8.291532804755665786e-01
7.828006610616177197e-01
1.375238512801409518e+00
2.746183837423179064e+00
1.116708513924562052e+00
2.462446372302815600e+00
2.858181758914088988e+00
1.682525830190352734e+00
5.544208064832409910e-01
6.852200972052940875e-01
8.440373687796678404e-01
8.802278102361200673e-01
9.471526833520964583e-01
1.177877069819264655e+00
5.767114844488911984e-01
2.537597117856740692e+00
1.905933754021818416e+00
1.672614871263636394e+00
1.143415503358160334e+00
1.020034930517140115e+00
2.669443143360053394e+00
1.177877069819264655e+00
2.746183837423179064e+00
6.182258781756486687e-01
2.858181758914088988e+00
9.882886570200186682e-01
1.689884694509668828e+00
6.944923529031158393e-01
1.143415503358160334e+00
7.828006610616177197e-01
1.177877069819264655e+00
1.347135028397840717e+00
7.980861468038001894e-01
6.597464462452707901e-01
6.273705218524028293e-01
9.642152750341531631e-01
2.858181758914088988e+00
2.217639814985363333e+00
1.201171999999517626e+00
5.767114844488911984e-01
3.214702431245076708e-01
1.816561503956459545e+00
1.672614871263636394e+00
6.944923529031158393e-01
1.095206456572680676e+00
9.960950325354130941e-01
5.544208064832409910e-01
1.370238393404126009e+00
6.944923529031158393e-01
1.047775759428105635e+00
7.828006610616177197e-01
2.669443143360053394e+00
1.625975030377231567e+00
2.877598150599074422e+00
1.264024512294826819e+00
5.767114844488911984e-01
1.868967456226651613e+00
1.557305652919232397e+00
1.212483838879100606e+00
6.944923529031158393e-01
8.440373687796678404e-01
1.742201828124738006e+00
7.828006610616177197e-01
1.047780038754058785e+00
2.677197068927242185e+00
9.642152750341531631e-01
2.979258694587706202e+00
6.852200972052940875e-01
5.077970594691192385e-01
1.535395631246737613e+00
8.945068554301230934e-01
3.601862400933296127e-01
1.020034930517140115e+00
8.291532804755665786e-01
5.873988307771171868e-01
1.535395631246737613e+00
2.257664401537944343e+00
1.162372242360913965e+00
7.828006610616177197e-01
2.669443143360053394e+00
7.291681160962723007e-01
5.863112887428602038e-01
9.327279883208553501e-01
5.812099899893007349e-01
3.006341173416776869e+00
7.663118031231574978e-01
1.109557263419104878e+00
1.571839400831186229e+00
5.767114844488911984e-01
6.852200972052940875e-01
1.370238393404126009e+00
1.143415503358160334e+00
8.291532804755665786e-01
1.177877069819264655e+00
3.006341173416776869e+00
1.194478605002310845e+00
9.960950325354130941e-01
5.767114844488911984e-01
1.212483838879100606e+00
8.546997326531817762e-01
3.601862400933296127e-01
2.669443143360053394e+00
2.303497869565161782e+00
5.863112887428602038e-01
2.677197068927242185e+00
3.006341173416776869e+00
1.068941250876931592e+00
1.966970068863988619e+00
6.746096445163769495e-01
2.651017746805503172e+00
1.689884694509668828e+00
5.077970594691192385e-01
2.257664401537944343e+00
1.174469466686731245e+00
2.531720428013732427e+00
3.006341173416776869e+00
9.642152750341531631e-01
2.858181758914088988e+00
7.663118031231574978e-01
1.966970068863988619e+00
5.767114844488911984e-01
2.979258694587706202e+00
1.212483838879100606e+00
1.414849952130781352e+00
3.006341173416776869e+00
7.663118031231574978e-01
5.452973389323018116e-01
9.235884970703479580e-01
1.905933754021818416e+00
2.979258694587706202e+00
2.925529050102285034e+00
5.077970594691192385e-01
1.535395631246737613e+00
1.020034930517140115e+00
2.858181758914088988e+00
1.682525830190352734e+00
7.364903875696042768e-01
5.544208064832409910e-01
2.537597117856740692e+00
1.197037513903692174e+00
5.077970594691192385e-01
2.257664401537944343e+00
8.440373687796678404e-01
1.177877069819264655e+00
2.531720428013732427e+00
3.006341173416776869e+00
2.462446372302815600e+00
7.663118031231574978e-01
1.348558108314791504e+00
1.234423548983364816e+00
2.657601929138861507e+00
9.235884970703479580e-01
1.175570230970208296e+00
2.719189179181938698e+00
1.236783690793626933e+00
2.531720428013732427e+00
2.462446372302815600e+00
1.348558108314791504e+00
1.966970068863988619e+00
5.767114844488911984e-01
5.452973389323018116e-01
5.544208064832409910e-01
2.537597117856740692e+00
1.816561503956459545e+00
1.116708513924562052e+00
2.531720428013732427e+00
2.884404893652289470e+00
2.858181758914088988e+00
7.663118031231574978e-01
1.966970068863988619e+00
5.452973389323018116e-01
2.537597117856740692e+00
1.816561503956459545e+00
3.930098366891379702e-01
5.077970594691192385e-01
1.672614871263636394e+00
8.546997326531817762e-01
3.601862400933296127e-01
9.471526833520964583e-01
1.177877069819264655e+00
2.746183837423179064e+00
1.085931610528577007e+00
1.144280198096278234e+00
4.052713075576400148e-01
3.006341173416776869e+00
1.106022346131736223e+00
2.921372818189670983e+00
2.979258694587706202e+00
5.077970594691192385e-01
1.092498032784608331e+00
1.309321289122507448e+00
1.346628856514411776e+00
1.486116467270629071e+00
7.876937296081018003e-01
1.966970068863988619e+00
1.512660612610574384e+00
5.767114844488911984e-01
3.930098366891379702e-01
9.379553254063465184e-01
8.440373687796678404e-01
1.177877069819264655e+00
8.622677764169399683e-01
2.905290107467767058e+00
5.863112887428602038e-01
3.006341173416776869e+00
1.068941250876931592e+00
2.858181758914088988e+00
7.663118031231574978e-01
9.960950325354130941e-01
2.537597117856740692e+00
3.064206513383576969e+00
3.214702431245076708e-01
1.535395631246737613e+00
3.930098366891379702e-01
2.858181758914088988e+00
5.767114844488911984e-01
1.091255277763191867e+00
1.816561503956459545e+00
6.944923529031158393e-01
8.440373687796678404e-01
7.828006610616177197e-01
9.471526833520964583e-01
7.159384087123291662e-01
1.060358522334763798e+00
2.935898310767831809e+00
4.896398421125575662e-01
3.006341173416776869e+00
1.068941250876931592e+00
1.348558108314791504e+00
9.960950325354130941e-01
2.979258694587706202e+00
5.077970594691192385e-01
2.257664401537944343e+00
1.174469466686731245e+00
2.677197068927242185e+00
5.544208064832409910e-01
2.979258694587706202e+00
5.077970594691192385e-01
9.379553254063465184e-01
2.257664401537944343e+00
2.563423053846683342e+00
2.678580055873132082e+00
8.622677764169399683e-01
1.695410973056554527e+00
1.966970068863988619e+00
5.544208064832409910e-01
1.091255277763191867e+00
5.077970594691192385e-01
2.257664401537944343e+00
1.177877069819264655e+00
1.085931610528577007e+00
6.182258781756486687e-01
9.962518195658353060e-01
1.347135028397840717e+00
2.531720428013732427e+00
1.068941250876931592e+00
7.663118031231574978e-01
5.767114844488911984e-01
5.077970594691192385e-01
1.535395631246737613e+00
1.177877069819264655e+00
6.182258781756486687e-01
1.347135028397840717e+00
2.092255845847089013e+00
2.531720428013732427e+00
3.006341173416776869e+00
1.979052665255986332e+00
2.657601929138861507e+00
1.816561503956459545e+00
3.930098366891379702e-01
7.828006610616177197e-01
8.992530328380768934e-01
7.159384087123291662e-01
6.227788324526698505e-01
7.663118031231574978e-01
2.233043846877128313e+00
2.432607565669147487e+00
9.235884970703479580e-01
5.544208064832409910e-01
3.214702431245076708e-01
1.370238393404126009e+00
6.944923529031158393e-01
3.601862400933296127e-01
1.020034930517140115e+00
2.998846629258982155e+00
9.960950325354130941e-01
2.979258694587706202e+00
1.535395631246737613e+00
8.440373687796678404e-01
7.828006610616177197e-01
8.992530328380768934e-01
2.905290107467767058e+00
1.246238097595527172e+00
4.052713075576400148e-01
1.116708513924562052e+00
2.935898310767831809e+00
3.006341173416776869e+00
9.960950325354130941e-01
9.755205896406021759e-01
2.607862827039249876e+00
1.816561503956459545e+00
6.944923529031158393e-01
1.174469466686731245e+00
1.020034930517140115e+00
2.531720428013732427e+00
3.041544970639819212e+00
1.966970068863988619e+00
1.166127134747054983e+00
6.852200972052940875e-01
5.077970594691192385e-01
2.257664401537944343e+00
1.162372242360913965e+00
1.595420475734750321e+00
4.052713075576400148e-01
2.531720428013732427e+00
6.244371125061343175e-01
1.868967456226651613e+00
1.689884694509668828e+00
3.214702431245076708e-01
5.077970594691192385e-01
8.971460432222621018e-01
6.944923529031158393e-01
8.440373687796678404e-01
1.020034930517140115e+00
2.935898310767831809e+00
9.642152750341531631e-01
2.858181758914088988e+00
2.537597117856740692e+00
2.979258694587706202e+00
1.212483838879100606e+00
6.944923529031158393e-01
9.634262289173336491e-01
2.170926244781119507e+00
1.258405110368679969e+00
3.006341173416776869e+00
2.462446372302815600e+00
2.858181758914088988e+00
1.966970068863988619e+00
5.544208064832409910e-01
2.979258694587706202e+00
1.212483838879100606e+00
1.535395631246737613e+00
2.257664401537944343e+00
1.143415503358160334e+00
2.462446372302815600e+00
5.767114844488911984e-01
5.544208064832409910e-01
1.212483838879100606e+00
6.944923529031158393e-01
8.440373687796678404e-01
7.828006610616177197e-01
2.746183837423179064e+00
2.678580055873132082e+00
8.622677764169399683e-01
3.006341173416776869e+00
9.642152750341531631e-01
2.858181758914088988e+00
1.571839400831186229e+00
2.233043846877128313e+00
2.432607565669147487e+00
2.257664401537944343e+00
8.440373687796678404e-01
1.020034930517140115e+00
8.291532804755665786e-01
2.531720428013732427e+00
2.462446372302815600e+00
2.233043846877128313e+00
9.755205896406021759e-01
5.544208064832409910e-01
1.689884694509668828e+00
2.979258694587706202e+00
3.214702431245076708e-01
1.816561503956459545e+00
6.944923529031158393e-01
7.663118031231574978e-01
1.201171999999517626e+00
5.452973389323018116e-01
2.537597117856740692e+00
2.719189179181938698e+00
1.212483838879100606e+00
1.535395631246737613e+00
9.379553254063465184e-01
8.440373687796678404e-01
8.992530328380768934e-01
6.273705218524028293e-01
2.462446372302815600e+00
1.241794730982828998e+00
5.767114844488911984e-01
2.537597117856740692e+00
1.248156163606783275e+00
1.047775759428105635e+00
8.440373687796678404e-01
2.669443143360053394e+00
9.471526833520964583e-01
1.068941250876931592e+00
7.663118031231574978e-01
1.050707343390931525e+00
2.657601929138861507e+00
5.452973389323018116e-01
2.537597117856740692e+00
8.440373687796678404e-01
1.177877069819264655e+00
2.746183837423179064e+00
1.047780038754058785e+00
2.462446372302815600e+00
2.477807019847901859e+00
1.966970068863988619e+00
2.537597117856740692e+00
1.535395631246737613e+00
1.177877069819264655e+00
2.746183837423179064e+00
2.972127606896668439e+00
6.182258781756486687e-01
8.622677764169399683e-01
1.348558108314791504e+00
2.233043846877128313e+00
6.852200972052940875e-01
3.930098366891379702e-01
1.784352769072054645e+00
1.092498032784608331e+00
1.177877069819264655e+00
6.182258781756486687e-01
7.291681160962723007e-01
2.905290107467767058e+00
1.583522896645967348e+00
1.068941250876931592e+00
2.858181758914088988e+00
2.233043846877128313e+00
5.767114844488911984e-01
5.452973389323018116e-01
1.370238393404126009e+00
3.930098366891379702e-01
1.174469466686731245e+00
1.478783490852196847e+00
9.960950325354130941e-01
5.767114844488911984e-01
2.788868846706536342e+00
1.816561503956459545e+00
1.174469466686731245e+00
1.554557411936623001e+00
2.905290107467767058e+00
2.536327326673334159e+00
4.413525927853634290e-01
5.812099899893007349e-01
2.531720428013732427e+00
1.068941250876931592e+00
7.663118031231574978e-01
1.348558108314791504e+00
5.767114844488911984e-01
5.452973389323018116e-01
2.979258694587706202e+00
1.816561503956459545e+00
2.257664401537944343e+00
3.601862400933296127e-01
2.531720428013732427e+00
9.960950325354130941e-01
3.214702431245076708e-01
1.816561503956459545e+00
3.000909310337662728e+00
7.828006610616177197e-01
1.417067713350376845e+00
1.177877069819264655e+00
2.605085418217788717e+00
2.678580055873132082e+00
2.935898310767831809e+00
3.006341173416776869e+00
1.435036966509625200e+00
2.537597117856740692e+00
2.986310975589929750e+00
1.535395631246737613e+00
1.174469466686731245e+00
2.669443143360053394e+00
1.309321289122507448e+00
1.047780038754058785e+00
2.677197068927242185e+00
2.858181758914088988e+00
9.960950325354130941e-01
1.241794730982828998e+00
2.657601929138861507e+00
2.621703165192211582e+00
5.873988307771171868e-01
1.816561503956459545e+00
1.535395631246737613e+00
3.601862400933296127e-01
1.068941250876931592e+00
1.175570230970208296e+00
2.537597117856740692e+00
3.930098366891379702e-01
9.379553254063465184e-01
6.944923529031158393e-01
3.601862400933296127e-01
1.177877069819264655e+00
6.182258781756486687e-01
1.347135028397840717e+00
4.896398421125575662e-01
1.348558108314791504e+00
9.960950325354130941e-01
9.755205896406021759e-01
5.452973389323018116e-01
5.077970594691192385e-01
6.944923529031158393e-01
3.601862400933296127e-01
1.020034930517140115e+00
2.746183837423179064e+00
4.896398421125575662e-01
1.061578577927903222e+00
1.966970068863988619e+00
5.452973389323018116e-01
5.544208064832409910e-01
3.930098366891379702e-01
6.944923529031158393e-01
9.471526833520964583e-01
1.177877069819264655e+00
2.050533738855798482e+00
2.858181758914088988e+00
1.348558108314791504e+00
2.830186859901318464e+00
2.621703165192211582e+00
2.979258694587706202e+00
1.091255277763191867e+00
1.212483838879100606e+00
1.535395631246737613e+00
3.930098366891379702e-01
2.257664401537944343e+00
3.041544970639819212e+00
2.353715847726941313e+00
1.827001244950939629e+00
1.816561503956459545e+00
1.535395631246737613e+00
1.013309463476755212e+00
9.543343120338587671e-01
1.162372242360913965e+00
7.828006610616177197e-01
7.291681160962723007e-01
1.091255277763191867e+00
1.816561503956459545e+00
9.379553254063465184e-01
8.945068554301230934e-01
1.174469466686731245e+00
1.020034930517140115e+00
6.227788324526698505e-01
5.863112887428602038e-01
2.092255845847089013e+00
4.413525927853634290e-01
5.452973389323018116e-01
1.175570230970208296e+00
2.979258694587706202e+00
1.370238393404126009e+00
1.535395631246737613e+00
6.944923529031158393e-01
3.601862400933296127e-01
1.020034930517140115e+00
2.746183837423179064e+00
1.318812556722627205e+00
1.219709065235670353e+00
2.462446372302815600e+00
1.348558108314791504e+00
2.233043846877128313e+00
7.364903875696042768e-01
2.257664401537944343e+00
1.174469466686731245e+00
1.177877069819264655e+00
7.159384087123291662e-01
8.622677764169399683e-01
2.531720428013732427e+00
2.462446372302815600e+00
2.858181758914088988e+00
7.663118031231574978e-01
5.452973389323018116e-01
2.979258694587706202e+00
5.077970594691192385e-01
1.414849952130781352e+00
1.174469466686731245e+00
1.742201828124738006e+00
4.896398421125575662e-01
3.006341173416776869e+00
2.462446372302815600e+00
9.960950325354130941e-01
5.767114844488911984e-01
5.544208064832409910e-01
1.848938220115993181e+00
5.077970594691192385e-01
3.930098366891379702e-01
6.944923529031158393e-01
1.251876307008324085e+00
1.816561503956459545e+00
6.944923529031158393e-01
3.601862400933296127e-01
1.714024337076889282e+00
1.177877069819264655e+00
7.159384087123291662e-01
2.678580055873132082e+00
6.182258781756486687e-01
8.622677764169399683e-01
3.041544970639819212e+00
2.657601929138861507e+00
2.979258694587706202e+00
1.816561503956459545e+00
1.535395631246737613e+00
1.566913071321838435e+00
2.257664401537944343e+00
8.291532804755665786e-01
2.678580055873132082e+00
6.227788324526698505e-01
1.116708513924562052e+00
2.462446372302815600e+00
1.348558108314791504e+00
9.960950325354130941e-01
5.544208064832409910e-01
1.816561503956459545e+00
1.535395631246737613e+00
9.379553254063465184e-01
1.143415503358160334e+00
9.471526833520964583e-01
2.531720428013732427e+00
9.960950325354130941e-01
5.077970594691192385e-01
1.248156163606783275e+00
1.672614871263636394e+00
1.174469466686731245e+00
7.828006610616177197e-01
2.669443143360053394e+00
9.471526833520964583e-01
2.746183837423179064e+00
2.462446372302815600e+00
9.755205896406021759e-01
5.767114844488911984e-01
1.175570230970208296e+00
1.116231764270565030e+00
1.535395631246737613e+00
8.546997326531817762e-01
3.601862400933296127e-01
1.714024337076889282e+00
1.177877069819264655e+00
2.677197068927242185e+00
2.858181758914088988e+00
7.663118031231574978e-01
1.435036966509625200e+00
2.621703165192211582e+00
3.930098366891379702e-01
1.092498032784608331e+00
2.669443143360053394e+00
1.085931610528577007e+00
2.795773014806895329e+00
2.858181758914088988e+00
5.452973389323018116e-01
1.727891819896094416e+00
2.979258694587706202e+00
1.816561503956459545e+00
2.257664401537944343e+00
8.440373687796678404e-01
2.678580055873132082e+00
5.863112887428602038e-01
4.052713075576400148e-01
3.006341173416776869e+00
2.462446372302815600e+00
5.544208064832409910e-01
2.537597117856740692e+00
1.816561503956459545e+00
2.257664401537944343e+00
3.601862400933296127e-01
9.471526833520964583e-01
8.622677764169399683e-01
7.291681160962723007e-01
2.531720428013732427e+00
1.068941250876931592e+00
2.858181758914088988e+00
9.960950325354130941e-01
5.767114844488911984e-01
5.452973389323018116e-01
9.235884970703479580e-01
8.720308805766094906e-01
2.719189179181938698e+00
2.257664401537944343e+00
1.068941250876931592e+00
1.966970068863988619e+00
1.291007922338462288e+00
9.235884970703479580e-01
5.544208064832409910e-01
1.370238393404126009e+00
9.634262289173336491e-01
1.742201828124738006e+00
1.478783490852196847e+00
2.669443143360053394e+00
