1.379416208764322298e-04
3.225913215551791754e-07
5.409361189046074957e-07
1.137325653690228396e-06
8.983008416257891296e-07
4.281487900474463968e-06
2.931043423655676395e-07
2.939562219098591507e-07
4.664385332404683915e-04
4.048653814841009224e-02
1.030574433707669594e-05
1.137325653690228396e-06
4.700098037898969112e-04
9.120642011333256278e-08
8.421207570006658950e-05
6.243856900705918653e-09
3.053897737109154755e-10
1.168808651762941877e-08
7.156423402917495686e-06
4.795972142779384547e-08
8.583291814445558496e-08
2.829981959679728375e-07
1.872333024771705615e-07
1.137325653690228396e-06
8.983008416257891296e-07
9.120642011333256278e-08
1.017275057439320021e-06
1.033124344710883275e-04
2.384466397036883808e-06
8.925843985736969852e-07
1.137325653690228396e-06
8.983008416257891296e-07
5.554850813465637323e-08
4.837833752444568010e-08
4.871938230007626817e-08
1.168808651762941877e-08
6.555551200308507743e-08
1.069783482798740760e-06
4.795972142779384547e-08
2.985960898124393514e-05
4.865962526332770244e-05
1.553604698855129624e-04
1.368915951647307324e-06
5.752205331249013869e-08
8.983008416257891296e-07
1.901171311014830185e-05
9.120642011333256278e-08
6.243856900705918653e-09
1.294576365284894537e-04
6.680209917403090576e-06
1.041030407649857229e-04
2.192754963643339433e-04
1.137325653690228396e-06
8.774939802071225780e-05
9.120642011333256278e-08
6.243856900705918653e-09
3.053897737109154755e-10
1.168808651762941877e-08
1.277730373198471447e-05
4.795972142779384547e-08
8.366497122199726349e-07
3.065942009247120208e-04
1.137325653690228396e-06
3.198821470928316702e-07
8.983008416257891296e-07
9.120642011333256278e-08
6.243856900705918653e-09
4.720341015611588239e-07
7.088792604969078179e-06
3.891596281987967790e-07
2.726593686265936200e-08
3.659028952881148495e-07
8.983008416257891296e-07
5.991608930934775335e-07
5.125003857184517414e-07
2.868099629508175978e-07
2.333861025779470662e-07
5.408096391093162697e-07
3.053897737109154755e-10
1.168808651762941877e-08
4.258438395359446884e-08
1.137325653690228396e-06
1.832620410726323979e-05
9.120642011333256278e-08
6.243856900705918653e-09
1.554144341614990696e-05
1.062062740177201207e-07
2.351501770569026375e-04
3.053897737109154755e-10
1.168808651762941877e-08
1.137325653690228396e-06
8.983008416257891296e-07
9.120642011333256278e-08
6.243856900705918653e-09
2.752274337423806725e-08
2.868099629508175978e-07
4.300510093078832330e-05
3.053897737109154755e-10
1.168808651762941877e-08
6.872421616325264151e-06
7.254186911741101730e-07
6.439315553205749704e-07
3.008164646265886743e-06
1.137325653690228396e-06
8.983008416257891296e-07
9.120642011333256278e-08
6.243856900705918653e-09
1.436343721981299535e-07
3.053897737109154755e-10
1.168808651762941877e-08
6.968080455307168247e-04
1.132118550009225574e-04
8.983008416257891296e-07
9.120642011333256278e-08
6.243856900705918653e-09
8.984974533376611388e-05
1.041930831295437055e-07
2.229156790919778876e-07
6.230246110557768619e-09
1.168808651762941877e-08
4.436319656770941469e-07
6.738773691199281173e-04
6.711960147502560726e-05
1.137325653690228396e-06
3.658133472714893993e-05
9.120642011333256278e-08
6.243856900705918653e-09
1.995718277896578964e-08
4.196810593179982840e-08
6.040175456056590305e-09
1.137325653690228396e-06
9.120642011333256278e-08
6.243856900705918653e-09
1.477944564864170762e-03
1.111717217874586765e-07
1.505978528541875031e-06
1.116462844753429891e-04
1.608487416898127903e-06
3.053897737109154755e-10
6.889183209329983720e-08
2.584776039649329084e-08
1.137325653690228396e-06
8.983008416257891296e-07
9.120642011333256278e-08
6.243856900705918653e-09
6.126572698001643189e-05
8.033395092773136748e-07
1.996763668922305220e-05
2.981267517856494788e-07
3.053897737109154755e-10
1.137325653690228396e-06
8.983008416257891296e-07
9.120642011333256278e-08
2.542673997110712961e-07
3.053897737109154755e-10
1.168808651762941877e-08
4.795972142779384547e-08
7.214422266168929709e-06
2.892301747191073486e-09
3.283805630724334588e-09
9.779200438567890281e-07
1.137325653690228396e-06
8.983008416257891296e-07
9.120642011333256278e-08
7.156241364903898907e-05
3.053897737109154755e-10
1.168808651762941877e-08
4.982012593029551660e-07
4.795972142779384547e-08
9.026332355445043003e-06
3.135597107916732114e-05
2.575598705353162286e-04
8.983008416257891296e-07
9.120642011333256278e-08
2.335618814774687848e-06
7.505221336210820198e-07
2.753716024900355465e-05
4.555621273586665963e-07
1.659943748693742394e-07
7.156241364903898907e-05
1.661528044919620114e-04
2.250059838864104100e-09
8.778975199067831737e-08
8.983008416257891296e-07
9.120642011333256278e-08
1.498133559437588842e-06
4.720341015611588239e-07
7.088792604969078179e-06
9.093574737255994749e-07
7.126148449481639915e-08
1.137325653690228396e-06
8.983008416257891296e-07
9.120642011333256278e-08
6.243856900705918653e-09
1.931167433138639553e-06
3.891596281987967790e-07
3.053897737109154755e-10
6.959293975916943310e-07
4.795972142779384547e-08
3.891888598804460642e-07
4.436319656770941469e-07
1.137325653690228396e-06
8.983008416257891296e-07
4.281487900474463968e-06
6.243856900705918653e-09
3.043174692214398682e-08
9.644123455542897591e-08
4.555621273586665963e-07
4.048653814841009224e-02
7.178063417288081519e-06
2.346390394045806465e-05
1.137325653690228396e-06
1.832620410726323979e-05
9.120642011333256278e-08
6.243856900705918653e-09
1.498133559437588842e-06
1.415009314402426915e-05
4.026272603997672390e-05
4.555621273586665963e-07
3.053897737109154755e-10
1.379416208764322298e-04
1.137325653690228396e-06
8.983008416257891296e-07
5.125003857184517414e-07
3.053897737109154755e-10
1.168808651762941877e-08
4.795972142779384547e-08
7.214422266168929709e-06
2.892301747191073486e-09
3.283805630724334588e-09
4.258438395359446884e-08
1.293565890474444623e-07
1.137325653690228396e-06
9.166466407340072926e-05
8.941880833439243975e-05
7.505221336210820198e-07
1.659943748693742394e-07
3.891596281987967790e-07
1.433586166566186074e-08
1.168808651762941877e-08
8.855434184378932547e-07
1.793280849622848965e-05
6.254463598712628041e-09
1.137325653690228396e-06
1.018767114402237750e-04
8.983008416257891296e-07
4.281487900474463968e-06
6.243856900705918653e-09
3.962876036671961501e-07
3.053897737109154755e-10
5.368611084214753891e-06
2.440756394510376944e-07
1.137325653690228396e-06
8.983008416257891296e-07
9.120642011333256278e-08
6.243856900705918653e-09
1.600934275377561679e-06
2.981267517856494788e-07
3.053897737109154755e-10
1.168808651762941877e-08
1.288230307992803443e-07
1.137325653690228396e-06
8.983008416257891296e-07
1.843733709151072099e-07
3.053897737109154755e-10
1.168808651762941877e-08
4.795972142779384547e-08
1.591674705435317475e-07
1.032087367203137510e-07
9.781920035689591109e-08
2.527246449212838247e-05
3.225913215551791754e-07
2.434020890458517654e-06
8.983008416257891296e-07
9.120642011333256278e-08
6.243856900705918653e-09
1.554732599276187273e-06
1.073928953043786835e-05
3.053897737109154755e-10
1.168808651762941877e-08
1.294773743014442989e-06
1.024928640052641919e-04
1.341839196132090022e-07
6.439315553205749704e-07
1.137325653690228396e-06
8.983008416257891296e-07
9.120642011333256278e-08
6.243856900705918653e-09
2.118102149816195761e-04
3.053897737109154755e-10
1.005791449477921625e-05
4.137782810312738342e-07
7.909153507586262236e-07
1.137325653690228396e-06
3.198821470928316702e-07
8.983008416257891296e-07
6.243856900705918653e-09
5.189972197329573016e-08
3.053897737109154755e-10
1.168808651762941877e-08
7.923618401570592712e-06
9.665006967854528693e-05
1.682929966657739260e-04
1.137325653690228396e-06
8.983008416257891296e-07
6.243856900705918653e-09
7.505221336210820198e-07
3.753753285078287269e-08
6.794595640636456055e-05
1.594552462506801496e-06
1.365945578111429182e-08
1.379416208764322298e-04
2.709935489766366903e-07
1.137325653690228396e-06
8.983008416257891296e-07
9.120642011333256278e-08
1.843733709151072099e-07
2.752274337423806725e-08
4.720341015611588239e-07
8.543326667238715349e-07
1.872333024771705615e-07
1.137325653690228396e-06
8.983008416257891296e-07
9.120642011333256278e-08
6.243856900705918653e-09
1.041930831295437055e-07
1.952137948377267941e-04
5.355200269172313275e-08
3.053897737109154755e-10
1.168808651762941877e-08
1.554531496572796614e-09
1.137325653690228396e-06
8.983008416257891296e-07
9.120642011333256278e-08
1.413989889148127420e-06
1.378810851022737752e-08
9.941979700662600082e-04
3.053897737109154755e-10
1.168808651762941877e-08
3.039088511527390860e-08
8.855434184378932547e-07
9.779200438567890281e-07
1.137325653690228396e-06
8.983008416257891296e-07
9.120642011333256278e-08
6.243856900705918653e-09
7.995756254775263951e-04
1.996763668922305220e-05
6.230246110557768619e-09
1.168808651762941877e-08
1.619700434563479182e-04
1.137325653690228396e-06
8.983008416257891296e-07
6.243856900705918653e-09
3.053897737109154755e-10
1.168808651762941877e-08
2.089850497441089012e-06
2.348524639904121865e-06
5.878882654081873233e-05
5.167845749906872614e-03
3.135597107916732114e-05
1.137325653690228396e-06
8.983008416257891296e-07
9.120642011333256278e-08
6.243856900705918653e-09
1.378810851022737752e-08
5.835343436331995190e-05
3.053897737109154755e-10
1.168808651762941877e-08
5.464969301044802509e-09
3.504610907131115033e-03
3.922414582707815757e-07
1.137325653690228396e-06
9.120642011333256278e-08
4.301207665310162139e-04
6.243856900705918653e-09
3.053897737109154755e-10
2.384482449476356365e-07
2.219231377896072839e-06
4.944262099385889663e-06
2.250059838864104100e-09
8.983008416257891296e-07
6.243856900705918653e-09
5.167284568349682794e-08
2.351501770569026375e-04
3.053897737109154755e-10
1.168808651762941877e-08
8.087292895821532489e-09
5.438489793431883473e-04
1.292276273475764968e-06
3.671790718207452493e-06
2.785624544261535132e-06
2.434020890458517654e-06
1.137325653690228396e-06
1.053435089259648785e-05
8.983008416257891296e-07
1.186111803518802837e-07
9.120642011333256278e-08
6.243856900705918653e-09
1.554732599276187273e-06
7.852670187289799130e-09
1.872333024771705615e-07
7.909153507586262236e-07
1.137325653690228396e-06
1.832620410726323979e-05
1.186111803518802837e-07
9.120642011333256278e-08
1.554732599276187273e-06
4.925261089147188147e-07
9.712797646575669668e-08
1.872333024771705615e-07
1.137325653690228396e-06
8.983008416257891296e-07
9.120642011333256278e-08
6.243856900705918653e-09
1.378810851022737752e-08
3.053897737109154755e-10
6.889183209329983720e-08
4.795972142779384547e-08
7.214422266168929709e-06
2.261547958284797471e-03
2.118840288053480891e-07
1.137325653690228396e-06
8.983008416257891296e-07
4.500071871807306216e-05
2.542673997110712961e-07
2.176656827924641535e-05
3.053897737109154755e-10
1.168808651762941877e-08
2.635923875150334831e-07
1.137325653690228396e-06
8.983008416257891296e-07
6.243856900705918653e-09
1.631138615683214082e-05
4.837833752444568010e-08
1.111717217874586765e-07
7.126148449481639915e-08
1.433586166566186074e-08
1.168808651762941877e-08
4.982012593029551660e-07
5.110718165857934871e-07
1.530806888583074166e-05
1.137325653690228396e-06
1.053435089259648785e-05
1.046158983492211066e-06
8.983008416257891296e-07
9.120642011333256278e-08
6.243856900705918653e-09
1.512919643617616173e-03
1.415009314402426915e-05
1.137325653690228396e-06
8.983008416257891296e-07
9.120642011333256278e-08
6.243856900705918653e-09
1.832897284945486289e-06
3.053897737109154755e-10
1.168808651762941877e-08
2.771776943144170920e-07
4.795972142779384547e-08
7.214422266168929709e-06
5.355705289418446342e-08
1.554531496572796614e-09
8.983008416257891296e-07
5.991608930934775335e-07
9.120642011333256278e-08
1.843733709151072099e-07
7.505221336210820198e-07
1.511298442794923019e-04
2.868099629508175978e-07
8.370043496164814753e-07
1.137325653690228396e-06
8.983008416257891296e-07
9.120642011333256278e-08
6.243856900705918653e-09
4.555621273586665963e-07
3.147190520083757834e-08
1.168808651762941877e-08
4.795972142779384547e-08
1.770813293835763705e-04
1.357728428140912968e-07
3.648994370457083435e-03
2.250059838864104100e-09
1.530806888583074166e-05
1.137325653690228396e-06
8.983008416257891296e-07
9.120642011333256278e-08
6.243856900705918653e-09
1.168808651762941877e-08
4.795972142779384547e-08
7.214422266168929709e-06
8.855434184378932547e-07
8.958636732372751168e-07
5.699469687767588950e-06
1.137325653690228396e-06
8.983008416257891296e-07
9.120642011333256278e-08
2.542673997110712961e-07
9.093574737255994749e-07
4.667047426258503356e-02
1.877378462211705535e-06
2.240993841991369282e-06
1.000041880898343028e-04
8.706819097664531587e-06
1.293565890474444623e-07
1.137325653690228396e-06
1.046158983492211066e-06
4.171016370604117316e-08
8.983008416257891296e-07
9.120642011333256278e-08
6.243856900705918653e-09
5.183033976543690730e-07
1.137325653690228396e-06
3.658133472714893993e-05
9.120642011333256278e-08
6.243856900705918653e-09
9.679076268748188114e-07
1.121038098168902520e-07
3.053897737109154755e-10
1.168808651762941877e-08
4.795972142779384547e-08
1.781927381684770517e-05
1.872333024771705615e-07
4.851765839512347288e-07
1.137325653690228396e-06
8.983008416257891296e-07
9.120642011333256278e-08
6.243856900705918653e-09
3.184298042116566431e-05
4.555621273586665963e-07
1.659943748693742394e-07
1.365945578111429182e-08
1.137325653690228396e-06
5.752205331249013869e-08
8.983008416257891296e-07
9.120642011333256278e-08
9.422375397988913715e-07
2.461045284540284806e-07
3.053897737109154755e-10
1.168808651762941877e-08
4.795972142779384547e-08
1.137325653690228396e-06
8.983008416257891296e-07
5.835343436331995190e-05
1.433586166566186074e-08
1.168808651762941877e-08
1.416191249801385927e-06
4.851182336778178946e-08
7.214422266168929709e-06
5.900574695750707798e-08
2.269337588714119134e-07
7.546344248089730077e-06
4.851765839512347288e-07
1.137325653690228396e-06
8.983008416257891296e-07
9.120642011333256278e-08
6.243856900705918653e-09
6.493988853438376085e-05
4.625140491191232733e-08
7.051740394411163305e-08
3.053897737109154755e-10
2.844219981016499199e-02
1.024928640052641919e-04
1.137325653690228396e-06
8.983008416257891296e-07
9.120642011333256278e-08
6.243856900705918653e-09
1.719161114542971586e-05
7.156241364903898907e-05
6.040175456056590305e-09
6.230246110557768619e-09
1.288230307992803443e-07
3.671790718207452493e-06
2.829981959679728375e-07
1.137325653690228396e-06
1.229183236214508089e-04
8.983008416257891296e-07
9.120642011333256278e-08
1.877378462211705535e-06
2.229156790919778876e-07
3.053897737109154755e-10
3.658133472714893993e-05
6.243856900705918653e-09
1.086320679100061515e-06
1.415009314402426915e-05
4.048653814841009224e-02
1.648098147465176038e-07
1.168808651762941877e-08
4.795972142779384547e-08
2.856006632972365210e-06
7.741080297104568211e-06
2.571464544792547862e-07
3.135597107916732114e-05
3.103034141021448965e-09
6.953996853167265454e-05
1.137325653690228396e-06
8.983008416257891296e-07
9.120642011333256278e-08
6.243856900705918653e-09
1.631138615683214082e-05
4.818821383787201413e-08
4.851765839512347288e-07
1.137325653690228396e-06
8.983008416257891296e-07
9.120642011333256278e-08
1.378810851022737752e-08
8.858782609022056858e-07
2.226135009486026236e-06
3.053897737109154755e-10
1.168808651762941877e-08
4.944262099385889663e-06
5.044691620576013583e-05
7.833443760419863550e-08
1.573762849838534973e-06
2.488630915020245452e-08
1.137325653690228396e-06
8.983008416257891296e-07
2.729255704110854381e-07
6.243856900705918653e-09
2.351501770569026375e-04
3.053897737109154755e-10
2.726593686265936200e-08
1.137325653690228396e-06
8.983008416257891296e-07
6.243856900705918653e-09
9.422375397988913715e-07
1.129901452020979555e-05
3.053897737109154755e-10
1.168808651762941877e-08
1.621298209854395492e-05
3.818538300379357818e-05
8.983008416257891296e-07
9.120642011333256278e-08
6.243856900705918653e-09
1.631138615683214082e-05
8.087175568589954943e-08
4.911420481619505677e-06
3.053897737109154755e-10
3.451347372421536423e-07
5.464969301044802509e-09
4.219540550394006329e-08
7.254186911741101730e-07
2.829981959679728375e-07
1.137325653690228396e-06
7.585866628979319313e-07
8.983008416257891296e-07
6.243856900705918653e-09
3.686075652119572780e-05
9.093574737255994749e-07
2.461045284540284806e-07
3.053897737109154755e-10
4.436319656770941469e-07
3.671790718207452493e-06
1.379416208764322298e-04
2.118840288053480891e-07
8.983008416257891296e-07
6.243856900705918653e-09
2.792834536756317595e-05
4.818821383787201413e-08
3.858223622651116130e-07
3.053897737109154755e-10
8.706819097664531587e-06
1.137325653690228396e-06
8.983008416257891296e-07
9.120642011333256278e-08
6.243856900705918653e-09
2.752274337423806725e-08
4.720341015611588239e-07
4.555621273586665963e-07
3.053897737109154755e-10
1.168808651762941877e-08
1.288230307992803443e-07
2.922070622139895637e-07
1.137325653690228396e-06
8.983008416257891296e-07
2.729255704110854381e-07
6.243856900705918653e-09
1.600934275377561679e-06
3.375951580058875843e-07
1.421912347586256645e-07
3.053897737109154755e-10
2.829981959679728375e-07
6.439315553205749704e-07
1.137325653690228396e-06
8.983008416257891296e-07
9.120642011333256278e-08
6.243856900705918653e-09
2.868099629508175978e-07
3.053897737109154755e-10
1.168808651762941877e-08
4.795972142779384547e-08
5.387974844372110878e-04
3.671790718207452493e-06
2.933820137889567563e-04
1.186111803518802837e-07
6.243856900705918653e-09
3.053897737109154755e-10
1.168808651762941877e-08
1.616758118095626243e-06
4.795972142779384547e-08
3.825565426260477508e-08
1.288230307992803443e-07
3.159380108441184597e-05
1.137325653690228396e-06
6.243856900705918653e-09
6.915886432754802493e-08
1.168808651762941877e-08
3.142183460857255676e-04
9.869349144983898298e-06
4.795972142779384547e-08
3.649333178479818428e-03
2.250059838864104100e-09
1.137325653690228396e-06
4.300805791706476412e-04
6.243856900705918653e-09
1.129901452020979555e-05
4.012299636912806464e-08
3.053897737109154755e-10
1.168808651762941877e-08
4.795972142779384547e-08
2.892301747191073486e-09
1.090308746590084792e-06
1.137325653690228396e-06
8.983008416257891296e-07
6.243856900705918653e-09
3.053897737109154755e-10
1.168808651762941877e-08
2.737793565971263866e-09
4.795972142779384547e-08
1.032087367203137510e-07
7.214422266168929709e-06
6.251500171954447104e-04
1.137325653690228396e-06
8.983008416257891296e-07
2.542673997110712961e-07
1.554732599276187273e-06
4.818821383787201413e-08
1.129901452020979555e-05
4.667047426258503356e-02
6.040175456056590305e-09
6.230246110557768619e-09
2.138645451026658263e-07
8.778975199067831737e-08
1.137325653690228396e-06
8.983008416257891296e-07
9.120642011333256278e-08
6.243856900705918653e-09
3.053897737109154755e-10
1.168808651762941877e-08
4.795972142779384547e-08
7.214422266168929709e-06
2.593798029551750058e-06
2.250059838864104100e-09
2.709935489766366903e-07
1.132118550009225574e-04
8.983008416257891296e-07
9.120642011333256278e-08
6.243856900705918653e-09
1.719161114542971586e-05
6.620704154148180048e-05
2.753716024900355465e-05
5.183033976543690730e-07
4.436319656770941469e-07
2.044295868052289238e-04
4.137782810312738342e-07
3.922414582707815757e-07
8.983008416257891296e-07
9.120642011333256278e-08
6.243856900705918653e-09
3.053897737109154755e-10
1.168808651762941877e-08
1.772281860555608349e-05
8.983008416257891296e-07
9.120642011333256278e-08
6.243856900705918653e-09
1.554732599276187273e-06
6.314074254991234106e-05
1.942976722756771844e-05
3.053897737109154755e-10
1.168808651762941877e-08
2.238746247984602276e-05
1.137325653690228396e-06
8.983008416257891296e-07
6.243856900705918653e-09
7.088792604969078179e-06
1.508510532329695661e-02
8.925843985736969852e-07
3.053897737109154755e-10
1.168808651762941877e-08
5.323191192650187503e-02
4.795972142779384547e-08
5.387974844372110878e-04
1.294773743014442989e-06
1.137325653690228396e-06
4.171016370604117316e-08
8.983008416257891296e-07
9.120642011333256278e-08
6.243856900705918653e-09
3.019632201112404751e-06
1.600934275377561679e-06
1.129901452020979555e-05
5.368611084214753891e-06
4.216878792206997615e-05
9.120642011333256278e-08
6.243856900705918653e-09
3.753753285078287269e-08
4.720341015611588239e-07
5.365392303073941438e-01
3.053897737109154755e-10
1.168808651762941877e-08
4.795972142779384547e-08
2.118840288053480891e-07
1.137325653690228396e-06
8.983008416257891296e-07
9.120642011333256278e-08
6.243856900705918653e-09
1.600934275377561679e-06
3.043174692214398682e-08
3.053897737109154755e-10
1.168808651762941877e-08
1.090015318134975573e-06
8.706819097664531587e-06
1.137325653690228396e-06
5.858189316446374206e-05
8.983008416257891296e-07
9.120642011333256278e-08
6.243856900705918653e-09
5.381142329472594357e-07
1.943865789193309250e-07
1.116462844753429891e-04
1.168808651762941877e-08
1.961779279061033290e-05
3.936837995095212282e-05
7.909153507586262236e-07
5.991608930934775335e-07
9.120642011333256278e-08
6.243856900705918653e-09
8.925843985736969852e-07
6.968670905181469544e-05
3.053897737109154755e-10
1.168808651762941877e-08
2.958088333096230594e-06
1.293565890474444623e-07
1.137325653690228396e-06
8.983008416257891296e-07
9.120642011333256278e-08
6.243856900705918653e-09
1.631138615683214082e-05
3.053897737109154755e-10
1.168808651762941877e-08
1.012262660557389053e-04
1.077658533935501914e-07
1.137325653690228396e-06
8.983008416257891296e-07
1.186111803518802837e-07
9.120642011333256278e-08
6.243856900705918653e-09
4.048653814841009224e-02
3.053897737109154755e-10
1.168808651762941877e-08
6.889183209329983720e-08
2.200597666610356221e-06
1.137325653690228396e-06
8.983008416257891296e-07
9.120642011333256278e-08
6.243856900705918653e-09
2.290493037775403576e-06
4.818821383787201413e-08
2.753716024900355465e-05
1.931167433138639553e-06
7.156241364903898907e-05
1.365945578111429182e-08
2.958088333096230594e-06
1.379416208764322298e-04
7.570476342099312631e-06
4.171016370604117316e-08
8.983008416257891296e-07
1.186111803518802837e-07
9.120642011333256278e-08
6.243856900705918653e-09
4.837833752444568010e-08
5.368611084214753891e-06
1.379416208764322298e-04
3.225913215551791754e-07
1.137325653690228396e-06
8.983008416257891296e-07
6.243856900705918653e-09
2.210045855388870304e-06
4.925261089147188147e-07
3.053897737109154755e-10
2.635923875150334831e-07
5.183033976543690730e-07
4.325090135010181970e-06
1.379416208764322298e-04
6.711960147502560726e-05
1.137325653690228396e-06
8.983008416257891296e-07
9.120642011333256278e-08
6.243856900705918653e-09
4.749943832350574709e-05
1.129901452020979555e-05
1.137325653690228396e-06
8.983008416257891296e-07
6.243856900705918653e-09
4.366720752109531468e-06
3.053897737109154755e-10
1.168808651762941877e-08
6.555551200308507743e-08
4.795972142779384547e-08
6.690215146874528441e-08
7.214422266168929709e-06
4.548398341890074247e-06
1.137325653690228396e-06
1.046158983492211066e-06
3.658133472714893993e-05
9.120642011333256278e-08
6.243856900705918653e-09
1.524602375910272605e-07
3.053897737109154755e-10
1.168808651762941877e-08
9.869349144983898298e-06
3.697795282978253620e-06
8.706819097664531587e-06
4.851765839512347288e-07
8.983008416257891296e-07
9.120642011333256278e-08
6.243856900705918653e-09
1.378810851022737752e-08
3.053897737109154755e-10
1.168808651762941877e-08
4.795972142779384547e-08
1.137325653690228396e-06
1.053435089259648785e-05
8.983008416257891296e-07
2.729255704110854381e-07
9.120642011333256278e-08
1.940765094628383453e-02
2.929093877843239090e-05
3.582135005523236186e-06
2.219977742308927040e-04
3.238671630893637348e-06
3.135597107916732114e-05
2.303230429677831099e-04
1.915816944753851521e-05
1.070924095229296265e-05
1.137325653690228396e-06
8.983008416257891296e-07
9.120642011333256278e-08
2.931043423655676395e-07
3.791240509813248297e-06
6.314074254991234106e-05
1.053347233013371929e-02
2.233026715065669968e-04
3.922414582707815757e-07
1.137325653690228396e-06
9.120642011333256278e-08
6.243856900705918653e-09
1.507928229880875313e-06
5.554850813465637323e-08
1.433586166566186074e-08
1.168808651762941877e-08
1.362039179040645592e-03
2.527246449212838247e-05
4.258438395359446884e-08
2.933820137889567563e-04
9.120642011333256278e-08
6.243856900705918653e-09
7.505221336210820198e-07
3.238671630893637348e-06
3.053897737109154755e-10
1.168808651762941877e-08
1.137325653690228396e-06
8.983008416257891296e-07
9.947416848453307430e-06
6.243856900705918653e-09
1.995718277896578964e-08
5.561733945038207159e-07
7.253348364859933239e-04
7.886400290525619086e-06
3.053897737109154755e-10
1.168808651762941877e-08
3.936837995095212282e-05
1.293565890474444623e-07
1.137325653690228396e-06
8.983008416257891296e-07
9.120642011333256278e-08
1.940765094628383453e-02
2.226135009486026236e-06
1.116462844753429891e-04
2.029767330208164314e-02
3.053897737109154755e-10
3.911664981509191194e-07
1.872333024771705615e-07
1.137325653690228396e-06
4.216878792206997615e-05
9.120642011333256278e-08
6.243856900705918653e-09
5.167284568349682794e-08
3.053897737109154755e-10
1.168808651762941877e-08
4.795972142779384547e-08
