8.917784101051871675e-06
7.722577818845601649e-06
1.376612816408043531e-03
9.962922757704611353e-06
3.760943433932167983e-06
1.535029794577526371e-05
3.512026669099906003e-05
3.925473623113840459e-07
5.116694711473064562e-07
1.951709487147030192e-05
2.851658980861611413e-04
9.962922757704611353e-06
7.962423741022851920e-06
4.339737096596308682e-06
8.298265530229922884e-04
1.457574949732390480e-07
1.265628373796811423e-06
1.013503382614730087e-07
3.512026669099906003e-05
3.925473623113840459e-07
3.036834196683342330e-03
8.917784101051871675e-06
7.445527922164565134e-07
9.962922757704611353e-06
7.962423741022851920e-06
1.592236517927977775e-05
1.054423870099984402e-06
2.129135810290144109e-06
1.457574949732390480e-07
8.587974507576434445e-07
8.917784101051871675e-06
7.445527922164565134e-07
8.400560208104731869e-08
4.339737096596308682e-06
2.129135810290144109e-06
1.457574949732390480e-07
1.265628373796811423e-06
2.967552591240849328e-08
1.288552045966321561e-04
5.116694711473064562e-07
8.917784101051871675e-06
9.962922757704611353e-06
1.778798554466083632e-09
1.592236517927977775e-05
2.129135810290144109e-06
8.587974507576434445e-07
2.967552591240849328e-08
4.085028389868901271e-08
3.383000339851403330e-06
4.102278932292717717e-05
8.917784101051871675e-06
1.869079420578533157e-06
7.962423741022851920e-06
8.587974507576434445e-07
1.265628373796811423e-06
2.967552591240849328e-08
3.925473623113840459e-07
5.116694711473064562e-07
4.085028389868901271e-08
4.102278932292717717e-05
5.332892022847689265e-07
2.768476709212396676e-04
1.778798554466083632e-09
4.339737096596308682e-06
2.129135810290144109e-06
8.587974507576434445e-07
1.265628373796811423e-06
2.967552591240849328e-08
1.013503382614730087e-07
3.512026669099906003e-05
3.185865214490730913e-04
1.778798554466083632e-09
4.339737096596308682e-06
2.129135810290144109e-06
8.298265530229922884e-04
1.457574949732390480e-07
1.265628373796811423e-06
2.967552591240849328e-08
3.512026669099906003e-05
3.925473623113840459e-07
8.917784101051871675e-06
9.962922757704611353e-06
1.778798554466083632e-09
7.962423741022851920e-06
4.339737096596308682e-06
2.129135810290144109e-06
1.457574949732390480e-07
8.587974507576434445e-07
1.265628373796811423e-06
2.967552591240849328e-08
3.926201754400361447e-03
8.917784101051871675e-06
5.824704566771723947e-04
9.962922757704611353e-06
1.778798554466083632e-09
7.962423741022851920e-06
1.592236517927977775e-05
8.587974507576434445e-07
3.512026669099906003e-05
2.636238616682200080e-06
8.917784101051871675e-06
7.722577818845601649e-06
9.962922757704611353e-06
1.778798554466083632e-09
7.962423741022851920e-06
4.339737096596308682e-06
2.129135810290144109e-06
4.476137132694586740e-02
1.457574949732390480e-07
8.587974507576434445e-07
5.047347448595331659e-03
1.778798554466083632e-09
7.962423741022851920e-06
4.339737096596308682e-06
6.359073830530277739e-07
8.587974507576434445e-07
2.967552591240849328e-08
1.013503382614730087e-07
1.288552045966321561e-04
5.116694711473064562e-07
7.722577818845601649e-06
9.962922757704611353e-06
4.339737096596308682e-06
2.129135810290144109e-06
1.457574949732390480e-07
8.587974507576434445e-07
1.265628373796811423e-06
2.967552591240849328e-08
1.013503382614730087e-07
1.316043466424717458e-06
8.917784101051871675e-06
9.962922757704611353e-06
1.778798554466083632e-09
7.962423741022851920e-06
4.339737096596308682e-06
2.129135810290144109e-06
8.587974507576434445e-07
1.265628373796811423e-06
1.288552045966321561e-04
3.925473623113840459e-07
2.397350614039303761e-05
1.778798554466083632e-09
1.592236517927977775e-05
1.457574949732390480e-07
8.587974507576434445e-07
1.265628373796811423e-06
2.967552591240849328e-08
3.512026669099906003e-05
3.925473623113840459e-07
5.116694711473064562e-07
8.917784101051871675e-06
7.445527922164565134e-07
9.962922757704611353e-06
1.778798554466083632e-09
7.962423741022851920e-06
4.339737096596308682e-06
2.129135810290144109e-06
1.457574949732390480e-07
1.265628373796811423e-06
3.512026669099906003e-05
8.917784101051871675e-06
7.722577818845601649e-06
9.962922757704611353e-06
1.778798554466083632e-09
7.962423741022851920e-06
4.339737096596308682e-06
1.457574949732390480e-07
8.587974507576434445e-07
1.265628373796811423e-06
2.967552591240849328e-08
8.917784101051871675e-06
9.962922757704611353e-06
1.778798554466083632e-09
7.962423741022851920e-06
4.339737096596308682e-06
1.457574949732390480e-07
8.587974507576434445e-07
1.265628373796811423e-06
2.967552591240849328e-08
3.512026669099906003e-05
5.332892022847689265e-07
7.722577818845601649e-06
7.962423741022851920e-06
4.339737096596308682e-06
6.883548501201270171e-06
8.587974507576434445e-07
1.265628373796811423e-06
2.967552591240849328e-08
3.512026669099906003e-05
8.826809283035225750e-08
8.917784101051871675e-06
7.445527922164565134e-07
2.221892119186095425e-06
9.962922757704611353e-06
1.778798554466083632e-09
7.962423741022851920e-06
1.931028257386303675e-04
8.587974507576434445e-07
1.265628373796811423e-06
2.967552591240849328e-08
8.917784101051871675e-06
1.402561747416197862e-06
1.778798554466083632e-09
7.962423741022851920e-06
4.339737096596308682e-06
2.129135810290144109e-06
1.457574949732390480e-07
8.587974507576434445e-07
1.288552045966321561e-04
6.601476155829919500e-04
8.917784101051871675e-06
5.332892022847689265e-07
9.962922757704611353e-06
7.962423741022851920e-06
4.339737096596308682e-06
6.808383322693710503e-05
8.587974507576434445e-07
1.265628373796811423e-06
2.967552591240849328e-08
1.163218034729636202e-03
8.917784101051871675e-06
7.722577818845601649e-06
9.962922757704611353e-06
7.962423741022851920e-06
4.339737096596308682e-06
2.241916332181886537e-04
1.457574949732390480e-07
8.587974507576434445e-07
1.265628373796811423e-06
2.967552591240849328e-08
8.092864419170731072e-03
4.705093348843438655e-04
1.778798554466083632e-09
7.962423741022851920e-06
4.339737096596308682e-06
8.587974507576434445e-07
1.265628373796811423e-06
3.512026669099906003e-05
3.925473623113840459e-07
5.116694711473064562e-07
8.917784101051871675e-06
7.722577818845601649e-06
1.778798554466083632e-09
7.962423741022851920e-06
4.339737096596308682e-06
8.587974507576434445e-07
2.967552591240849328e-08
3.512026669099906003e-05
3.925473623113840459e-07
1.325233429778626633e-06
9.962922757704611353e-06
1.778798554466083632e-09
4.339737096596308682e-06
3.760943433932167983e-06
2.129135810290144109e-06
1.457574949732390480e-07
8.587974507576434445e-07
2.967552591240849328e-08
3.512026669099906003e-05
3.925473623113840459e-07
5.047347448595331659e-03
9.962922757704611353e-06
1.778798554466083632e-09
7.962423741022851920e-06
1.592236517927977775e-05
8.344597417740905708e-04
1.457574949732390480e-07
5.045132416614146369e-07
1.265628373796811423e-06
2.967552591240849328e-08
1.335368824237499934e-06
1.778798554466083632e-09
7.962423741022851920e-06
1.592236517927977775e-05
1.457574949732390480e-07
8.587974507576434445e-07
1.265628373796811423e-06
2.967552591240849328e-08
3.512026669099906003e-05
3.925473623113840459e-07
8.917784101051871675e-06
1.778798554466083632e-09
4.339737096596308682e-06
2.129135810290144109e-06
1.457574949732390480e-07
8.587974507576434445e-07
2.967552591240849328e-08
1.288552045966321561e-04
3.925473623113840459e-07
1.767842660697072323e-06
8.917784101051871675e-06
7.722577818845601649e-06
2.722463559690827591e-03
9.962922757704611353e-06
1.778798554466083632e-09
7.962423741022851920e-06
1.592236517927977775e-05
8.298265530229922884e-04
1.457574949732390480e-07
1.265628373796811423e-06
8.917784101051871675e-06
7.445527922164565134e-07
9.962922757704611353e-06
7.962423741022851920e-06
4.339737096596308682e-06
2.129135810290144109e-06
1.288552045966321561e-04
3.925473623113840459e-07
4.085028389868901271e-08
3.383000339851403330e-06
8.917784101051871675e-06
9.302336556887431918e-05
1.778798554466083632e-09
1.592236517927977775e-05
2.129135810290144109e-06
1.457574949732390480e-07
8.587974507576434445e-07
1.265628373796811423e-06
2.967552591240849328e-08
3.512026669099906003e-05
5.332892022847689265e-07
2.102040717484873061e-02
9.962922757704611353e-06
2.157433284666336472e-08
2.806087806119554541e-04
7.962423741022851920e-06
4.339737096596308682e-06
2.129135810290144109e-06
8.587974507576434445e-07
1.265628373796811423e-06
8.917784101051871675e-06
1.517013628445119293e-03
9.962922757704611353e-06
1.778798554466083632e-09
7.962423741022851920e-06
4.339737096596308682e-06
1.457574949732390480e-07
8.587974507576434445e-07
1.265628373796811423e-06
2.967552591240849328e-08
8.917784101051871675e-06
4.705093348843438655e-04
1.778798554466083632e-09
4.339737096596308682e-06
2.129135810290144109e-06
8.587974507576434445e-07
1.265628373796811423e-06
2.967552591240849328e-08
3.512026669099906003e-05
3.925473623113840459e-07
9.962922757704611353e-06
1.778798554466083632e-09
7.962423741022851920e-06
4.339737096596308682e-06
8.503655081587884661e-05
1.265628373796811423e-06
2.967552591240849328e-08
1.013503382614730087e-07
3.512026669099906003e-05
8.826809283035225750e-08
8.917784101051871675e-06
7.445527922164565134e-07
1.778798554466083632e-09
2.129135810290144109e-06
7.416556208361542142e-04
8.587974507576434445e-07
2.967552591240849328e-08
1.288552045966321561e-04
8.826809283035225750e-08
5.116694711473064562e-07
3.525165323052419260e-03
9.962922757704611353e-06
1.778798554466083632e-09
7.962423741022851920e-06
4.339737096596308682e-06
7.696545046159295952e-05
2.129135810290144109e-06
1.457574949732390480e-07
8.587974507576434445e-07
1.265628373796811423e-06
8.917784101051871675e-06
2.960746262289868629e-07
9.962922757704611353e-06
7.962423741022851920e-06
8.763219105596407638e-05
4.339737096596308682e-06
2.129135810290144109e-06
1.457574949732390480e-07
8.587974507576434445e-07
2.967552591240849328e-08
8.917784101051871675e-06
7.445527922164565134e-07
2.221892119186095425e-06
9.962922757704611353e-06
1.778798554466083632e-09
2.806087806119554541e-04
4.339737096596308682e-06
2.129135810290144109e-06
1.457574949732390480e-07
8.587974507576434445e-07
1.335368824237499934e-06
1.778798554466083632e-09
6.808383322693710503e-05
1.457574949732390480e-07
8.587974507576434445e-07
1.265628373796811423e-06
2.967552591240849328e-08
1.013503382614730087e-07
3.512026669099906003e-05
1.302192121719873848e-05
8.917784101051871675e-06
7.722577818845601649e-06
9.962922757704611353e-06
7.962423741022851920e-06
1.592236517927977775e-05
2.129135810290144109e-06
8.344597417740905708e-04
1.457574949732390480e-07
2.967552591240849328e-08
3.925473623113840459e-07
7.083685496949183999e-04
1.335368824237499934e-06
1.778798554466083632e-09
7.962423741022851920e-06
4.339737096596308682e-06
3.760943433932167983e-06
2.129135810290144109e-06
8.298265530229922884e-04
1.457574949732390480e-07
8.587974507576434445e-07
8.917784101051871675e-06
9.962922757704611353e-06
2.157433284666336472e-08
4.339737096596308682e-06
6.359073830530277739e-07
2.241916332181886537e-04
1.457574949732390480e-07
1.265628373796811423e-06
2.967552591240849328e-08
3.512026669099906003e-05
9.962922757704611353e-06
2.157433284666336472e-08
8.433404058991057078e-04
4.339737096596308682e-06
1.457574949732390480e-07
8.587974507576434445e-07
1.265628373796811423e-06
3.925473623113840459e-07
3.462499889263791586e-09
3.132765883653568648e-09
5.332892022847689265e-07
7.445527922164565134e-07
1.778798554466083632e-09
4.339737096596308682e-06
2.129135810290144109e-06
1.457574949732390480e-07
8.587974507576434445e-07
1.265628373796811423e-06
2.967552591240849328e-08
3.925473623113840459e-07
8.917784101051871675e-06
5.332892022847689265e-07
7.722577818845601649e-06
9.962922757704611353e-06
1.778798554466083632e-09
4.339737096596308682e-06
1.457574949732390480e-07
8.587974507576434445e-07
1.265628373796811423e-06
1.013503382614730087e-07
1.656702597972107074e-03
7.962423741022851920e-06
4.339737096596308682e-06
1.457574949732390480e-07
8.587974507576434445e-07
1.265628373796811423e-06
3.512026669099906003e-05
1.213068364524120206e-04
4.085028389868901271e-08
4.102278932292717717e-05
4.998057790521324043e-07
8.917784101051871675e-06
1.778798554466083632e-09
4.339737096596308682e-06
2.129135810290144109e-06
1.457574949732390480e-07
8.587974507576434445e-07
1.265628373796811423e-06
2.967552591240849328e-08
1.013503382614730087e-07
3.759616783937016343e-02
8.917784101051871675e-06
5.332892022847689265e-07
9.962922757704611353e-06
1.778798554466083632e-09
7.962423741022851920e-06
4.339737096596308682e-06
2.129135810290144109e-06
8.298265530229922884e-04
1.457574949732390480e-07
8.917784101051871675e-06
9.962922757704611353e-06
1.778798554466083632e-09
7.962423741022851920e-06
4.339737096596308682e-06
2.129135810290144109e-06
1.265628373796811423e-06
2.967552591240849328e-08
3.026956472811998879e-06
3.512026669099906003e-05
2.960746262289868629e-07
2.221892119186095425e-06
9.962922757704611353e-06
1.778798554466083632e-09
7.962423741022851920e-06
4.339737096596308682e-06
2.129135810290144109e-06
1.457574949732390480e-07
8.587974507576434445e-07
1.265628373796811423e-06
1.615272831204292144e-05
8.917784101051871675e-06
5.047347448595331659e-03
9.962922757704611353e-06
1.778798554466083632e-09
2.129135810290144109e-06
1.457574949732390480e-07
8.587974507576434445e-07
1.265628373796811423e-06
2.967552591240849328e-08
3.036834196683342330e-03
7.445527922164565134e-07
9.962922757704611353e-06
1.778798554466083632e-09
7.962423741022851920e-06
3.220485542702253290e-04
4.339737096596308682e-06
2.129135810290144109e-06
1.457574949732390480e-07
8.587974507576434445e-07
8.550101861225568439e-07
8.917784101051871675e-06
5.332892022847689265e-07
9.962922757704611353e-06
1.778798554466083632e-09
7.962423741022851920e-06
4.339737096596308682e-06
2.129135810290144109e-06
8.587974507576434445e-07
1.265628373796811423e-06
4.443423091126839481e-06
7.466905196501975039e-01
9.962922757704611353e-06
1.778798554466083632e-09
7.962423741022851920e-06
4.339737096596308682e-06
2.129135810290144109e-06
1.457574949732390480e-07
8.587974507576434445e-07
1.265628373796811423e-06
1.686623115780882057e-05
7.962423741022851920e-06
4.339737096596308682e-06
4.689162880793757782e-04
2.129135810290144109e-06
1.457574949732390480e-07
8.587974507576434445e-07
1.265628373796811423e-06
2.967552591240849328e-08
3.512026669099906003e-05
7.083685496949183999e-04
9.109955699561083850e-03
8.917784101051871675e-06
5.914400222121718150e-04
1.778798554466083632e-09
7.962423741022851920e-06
1.592236517927977775e-05
2.129135810290144109e-06
1.457574949732390480e-07
8.587974507576434445e-07
8.917784101051871675e-06
9.962922757704611353e-06
1.778798554466083632e-09
7.962423741022851920e-06
1.592236517927977775e-05
2.129135810290144109e-06
1.457574949732390480e-07
8.587974507576434445e-07
1.265628373796811423e-06
3.512026669099906003e-05
8.917784101051871675e-06
3.185865214490730913e-04
1.778798554466083632e-09
4.339737096596308682e-06
1.931028257386303675e-04
1.457574949732390480e-07
8.587974507576434445e-07
1.535029794577526371e-05
2.967552591240849328e-08
9.838074781812611162e-05
8.917784101051871675e-06
9.962922757704611353e-06
1.778798554466083632e-09
2.806087806119554541e-04
7.962423741022851920e-06
4.339737096596308682e-06
1.457574949732390480e-07
8.587974507576434445e-07
1.265628373796811423e-06
3.512026669099906003e-05
6.755326621300564816e-06
9.962922757704611353e-06
1.778798554466083632e-09
4.339737096596308682e-06
2.241916332181886537e-04
2.129135810290144109e-06
1.265628373796811423e-06
2.967552591240849328e-08
3.512026669099906003e-05
3.925473623113840459e-07
8.917784101051871675e-06
7.445527922164565134e-07
2.221892119186095425e-06
9.962922757704611353e-06
1.778798554466083632e-09
7.962423741022851920e-06
4.339737096596308682e-06
2.129135810290144109e-06
1.457574949732390480e-07
8.587974507576434445e-07
9.962922757704611353e-06
2.129135810290144109e-06
1.265628373796811423e-06
2.967552591240849328e-08
1.288552045966321561e-04
5.116694711473064562e-07
1.325233429778626633e-06
1.498784657767206958e-07
4.102278932292717717e-05
3.132765883653568648e-09
8.917784101051871675e-06
9.464520612157596995e-05
9.962922757704611353e-06
2.157433284666336472e-08
2.129135810290144109e-06
1.457574949732390480e-07
1.265628373796811423e-06
2.967552591240849328e-08
1.511094677514891727e-06
3.512026669099906003e-05
8.917784101051871675e-06
4.145214242375630455e-04
9.962922757704611353e-06
1.778798554466083632e-09
7.962423741022851920e-06
4.339737096596308682e-06
2.129135810290144109e-06
1.457574949732390480e-07
2.967552591240849328e-08
3.512026669099906003e-05
8.917784101051871675e-06
9.962922757704611353e-06
1.778798554466083632e-09
7.962423741022851920e-06
4.339737096596308682e-06
2.506837359164200592e-04
8.587974507576434445e-07
1.265628373796811423e-06
3.925473623113840459e-07
5.116694711473064562e-07
8.917784101051871675e-06
1.520130217766633898e-03
7.445527922164565134e-07
4.339737096596308682e-06
2.129135810290144109e-06
1.457574949732390480e-07
1.265628373796811423e-06
1.288552045966321561e-04
3.925473623113840459e-07
6.205833398245094246e-06
8.917784101051871675e-06
9.962922757704611353e-06
7.962423741022851920e-06
4.339737096596308682e-06
5.661716486343542493e-03
2.129135810290144109e-06
1.457574949732390480e-07
8.587974507576434445e-07
1.265628373796811423e-06
1.013503382614730087e-07
8.917784101051871675e-06
9.962922757704611353e-06
1.778798554466083632e-09
7.962423741022851920e-06
4.339737096596308682e-06
8.587974507576434445e-07
1.265628373796811423e-06
2.967552591240849328e-08
1.136302845770813225e-04
2.147349391894205105e-05
8.917784101051871675e-06
9.962922757704611353e-06
1.778798554466083632e-09
7.962423741022851920e-06
1.592236517927977775e-05
2.129135810290144109e-06
1.457574949732390480e-07
1.265628373796811423e-06
2.967552591240849328e-08
4.871289985385839766e-03
8.441312714951779497e-03
9.962922757704611353e-06
7.962423741022851920e-06
4.339737096596308682e-06
2.129135810290144109e-06
1.457574949732390480e-07
8.587974507576434445e-07
1.265628373796811423e-06
2.967552591240849328e-08
1.511094677514891727e-06
9.962922757704611353e-06
7.962423741022851920e-06
1.592236517927977775e-05
2.241916332181886537e-04
2.129135810290144109e-06
8.587974507576434445e-07
3.512026669099906003e-05
8.826809283035225750e-08
3.925473623113840459e-07
5.116694711473064562e-07
5.450011432759623107e-04
7.962423741022851920e-06
4.339737096596308682e-06
6.808383322693710503e-05
1.457574949732390480e-07
8.587974507576434445e-07
1.265628373796811423e-06
3.512026669099906003e-05
3.925473623113840459e-07
5.116694711473064562e-07
4.443423091126839481e-06
8.917784101051871675e-06
7.445527922164565134e-07
9.962922757704611353e-06
7.962423741022851920e-06
4.339737096596308682e-06
2.129135810290144109e-06
1.457574949732390480e-07
8.587974507576434445e-07
1.265628373796811423e-06
8.917784101051871675e-06
6.683453774805674054e-05
2.310700286966294658e-05
7.445527922164565134e-07
9.962922757704611353e-06
1.778798554466083632e-09
7.962423741022851920e-06
4.339737096596308682e-06
2.129135810290144109e-06
8.587974507576434445e-07
8.917784101051871675e-06
5.914400222121718150e-04
7.445527922164565134e-07
9.962922757704611353e-06
1.592236517927977775e-05
1.457574949732390480e-07
1.535029794577526371e-05
2.967552591240849328e-08
3.512026669099906003e-05
5.116694711473064562e-07
7.722577818845601649e-06
9.962922757704611353e-06
7.962423741022851920e-06
4.339737096596308682e-06
2.129135810290144109e-06
8.587974507576434445e-07
1.288552045966321561e-04
7.693079458922256570e-07
3.925473623113840459e-07
5.116694711473064562e-07
9.962922757704611353e-06
2.157433284666336472e-08
7.962423741022851920e-06
4.339737096596308682e-06
1.457574949732390480e-07
3.512026669099906003e-05
3.925473623113840459e-07
5.116694711473064562e-07
4.085028389868901271e-08
3.462499889263791586e-09
9.962922757704611353e-06
8.400560208104731869e-08
4.339737096596308682e-06
2.129135810290144109e-06
8.298265530229922884e-04
1.457574949732390480e-07
8.587974507576434445e-07
1.265628373796811423e-06
2.967552591240849328e-08
3.512026669099906003e-05
8.917784101051871675e-06
9.962922757704611353e-06
1.778798554466083632e-09
4.339737096596308682e-06
1.457574949732390480e-07
8.587974507576434445e-07
1.265628373796811423e-06
3.925473623113840459e-07
5.116694711473064562e-07
1.498784657767206958e-07
8.917784101051871675e-06
1.778798554466083632e-09
7.962423741022851920e-06
4.339737096596308682e-06
8.587974507576434445e-07
1.265628373796811423e-06
3.512026669099906003e-05
3.925473623113840459e-07
5.116694711473064562e-07
4.085028389868901271e-08
8.917784101051871675e-06
1.533434091527127426e-03
9.962922757704611353e-06
1.778798554466083632e-09
7.962423741022851920e-06
4.339737096596308682e-06
2.129135810290144109e-06
1.265628373796811423e-06
2.967552591240849328e-08
3.512026669099906003e-05
7.722577818845601649e-06
2.221892119186095425e-06
1.778798554466083632e-09
2.129135810290144109e-06
3.512026669099906003e-05
3.925473623113840459e-07
5.116694711473064562e-07
5.657554249991387057e-06
1.119578646026135078e-06
2.648401987912536155e-07
8.917784101051871675e-06
7.722577818845601649e-06
9.962922757704611353e-06
1.778798554466083632e-09
4.339737096596308682e-06
1.457574949732390480e-07
1.265628373796811423e-06
2.967552591240849328e-08
8.826809283035225750e-08
1.767842660697072323e-06
8.917784101051871675e-06
5.648193711152946896e-08
1.592236517927977775e-05
2.241916332181886537e-04
2.129135810290144109e-06
1.457574949732390480e-07
8.587974507576434445e-07
1.265628373796811423e-06
2.967552591240849328e-08
3.512026669099906003e-05
7.445527922164565134e-07
9.962922757704611353e-06
1.592236517927977775e-05
2.129135810290144109e-06
1.457574949732390480e-07
8.587974507576434445e-07
1.265628373796811423e-06
2.967552591240849328e-08
3.512026669099906003e-05
5.116694711473064562e-07
5.332892022847689265e-07
9.962922757704611353e-06
1.778798554466083632e-09
7.962423741022851920e-06
4.339737096596308682e-06
1.457574949732390480e-07
8.587974507576434445e-07
1.265628373796811423e-06
2.967552591240849328e-08
3.512026669099906003e-05
8.917784101051871675e-06
7.722577818845601649e-06
7.445527922164565134e-07
2.962719484228227228e-04
1.778798554466083632e-09
4.339737096596308682e-06
2.129135810290144109e-06
1.457574949732390480e-07
8.587974507576434445e-07
2.967552591240849328e-08
8.917784101051871675e-06
9.962922757704611353e-06
1.778798554466083632e-09
7.962423741022851920e-06
4.339737096596308682e-06
2.129135810290144109e-06
4.476137132694586740e-02
1.457574949732390480e-07
8.587974507576434445e-07
2.967552591240849328e-08
8.917784101051871675e-06
7.722577818845601649e-06
2.221892119186095425e-06
9.962922757704611353e-06
1.265628373796811423e-06
2.967552591240849328e-08
3.512026669099906003e-05
8.826809283035225750e-08
3.925473623113840459e-07
5.116694711473064562e-07
2.397350614039303761e-05
8.917784101051871675e-06
9.962922757704611353e-06
4.339737096596308682e-06
2.506837359164200592e-04
8.587974507576434445e-07
1.265628373796811423e-06
2.967552591240849328e-08
3.512026669099906003e-05
5.116694711473064562e-07
8.917784101051871675e-06
9.962922757704611353e-06
1.778798554466083632e-09
7.962423741022851920e-06
8.587974507576434445e-07
4.813916087556837330e-04
3.512026669099906003e-05
8.826809283035225750e-08
3.925473623113840459e-07
4.102278932292717717e-05
8.917784101051871675e-06
6.683453774805674054e-05
9.962922757704611353e-06
1.778798554466083632e-09
8.097043033762421423e-06
3.760943433932167983e-06
8.344597417740905708e-04
1.457574949732390480e-07
8.587974507576434445e-07
1.288552045966321561e-04
8.917784101051871675e-06
2.221892119186095425e-06
7.962423741022851920e-06
4.339737096596308682e-06
3.760943433932167983e-06
2.129135810290144109e-06
1.457574949732390480e-07
2.967552591240849328e-08
1.288552045966321561e-04
3.925473623113840459e-07
8.917784101051871675e-06
7.722577818845601649e-06
7.445527922164565134e-07
9.962922757704611353e-06
1.778798554466083632e-09
4.339737096596308682e-06
2.129135810290144109e-06
1.457574949732390480e-07
8.587974507576434445e-07
1.535029794577526371e-05
8.917784101051871675e-06
9.962922757704611353e-06
4.339737096596308682e-06
1.931028257386303675e-04
2.129135810290144109e-06
1.457574949732390480e-07
8.587974507576434445e-07
1.265628373796811423e-06
3.350361347561715307e-07
3.512026669099906003e-05
8.917784101051871675e-06
5.914400222121718150e-04
7.722577818845601649e-06
9.962922757704611353e-06
1.778798554466083632e-09
7.962423741022851920e-06
1.457574949732390480e-07
8.587974507576434445e-07
1.265628373796811423e-06
2.967552591240849328e-08
9.962922757704611353e-06
5.648193711152946896e-08
4.339737096596308682e-06
2.129135810290144109e-06
8.587974507576434445e-07
2.967552591240849328e-08
3.512026669099906003e-05
3.925473623113840459e-07
5.116694711473064562e-07
4.085028389868901271e-08
8.917784101051871675e-06
1.778798554466083632e-09
7.962423741022851920e-06
1.592236517927977775e-05
8.587974507576434445e-07
1.265628373796811423e-06
9.489406692692167869e-07
1.288552045966321561e-04
4.085028389868901271e-08
4.102278932292717717e-05
