1.665663122320619732e-04
3.340189011174417321e-04
7.538141664266913332e-04
1.233735038532097128e-03
5.771135151993356423e-04
3.542546280787175345e-04
7.939800586538332122e-04
1.739114046867468774e-04
2.806845495714275487e-04
4.785638999631415991e-04
5.939458569164381098e-04
1.003815065806305850e-03
4.153900076202441901e-04
5.911556110214403678e-03
1.225822614159778265e-03
6.472621744751412684e-04
6.409556837610312120e-04
2.343368883148443994e-04
4.860143219418267121e-04
1.310033818508587241e-03
7.272773512365239383e-04
3.502650733430360121e-04
3.177252928871905592e-04
1.277277097707793952e-03
3.251922167345203314e-04
2.542166335638288213e-04
9.838367201057617809e-04
1.320305107240009269e-04
2.656785386191596763e-04
7.040893731671045040e-04
5.439364706498674585e-04
1.243115268953757201e-03
2.783889804716994541e-04
5.388844970831299739e-04
1.053686065729787574e-03
1.383211562022963834e-03
6.983473742417494259e-03
8.172964878623168589e-04
2.498160986930495799e-03
7.722419747635201259e-04
1.970936256736072461e-03
7.534796949950690230e-04
9.406324454775601704e-04
2.572007988592890670e-04
5.294376012802188723e-04
2.869584808528440598e-04
4.105464914107979815e-04
4.837806412250927239e-04
1.339879727226220849e-03
3.386690136827894318e-04
5.489641385876191208e-04
5.780645532612798754e-04
5.041581914417446117e-04
2.156285116496674259e-03
1.362641129366101754e-03
1.609685078101369252e-04
3.459949118671141739e-04
1.903110486656246726e-03
5.180012696245558934e-04
1.420874441510122980e-04
1.180418960067335663e-03
4.386686472513697649e-04
8.034297926235070119e-04
2.131762443521606747e-03
5.856425398356817323e-04
3.123556906780681239e-04
3.566421370028987226e-04
1.928061254340187052e-04
3.874912043384471576e-04
2.178707325478133807e-03
9.733443372118759460e-04
2.625487803740809826e-04
5.381449451934553537e-04
2.552002061678893593e-03
6.467660563108083458e-04
3.428506877858500412e-04
6.042137757174561273e-04
1.591315927368716588e-03
9.640825161041183212e-04
3.317514872999223941e-04
3.671761957686791363e-04
3.026608822993252942e-04
5.921079768766206392e-04
5.685417451318788232e-04
2.999144205617756791e-03
3.195524999442608143e-04
4.591429599972856614e-04
7.817168672674645576e-04
3.310975316750182796e-04
2.228131189202050188e-04
2.436334735509054555e-04
3.751947839366915759e-04
4.225045801288600223e-04
2.948291472954801817e-02
3.330089466706324356e-04
3.987691286183315240e-04
2.668244284887782915e-04
2.782310116148496390e-04
4.070310817273392785e-04
4.227857940357319260e-04
3.196445969395621842e-04
6.142976158198739127e-04
7.914956883271359817e-04
4.531646632671573836e-04
5.381449451934553537e-04
1.669981865687304788e-04
1.030344881806006998e-03
5.934060034603273921e-04
9.183743707224434252e-04
1.778806551350126759e-03
9.495297340094114745e-04
5.446838253735359183e-04
3.780048752234040944e-04
1.734363875221348896e-04
1.280398488751373007e-03
1.832723865234054620e-04
4.731319229194540840e-04
7.101396255866250767e-04
4.449491163003813110e-04
6.391459139574144502e-04
8.316783950625515490e-04
6.025190117440851027e-03
3.048497315772235997e-04
2.016182808488483074e-04
6.909594131005563841e-03
4.238159829232635814e-04
4.099041508535783244e-04
6.027219960102695590e-04
5.409156399447572275e-04
1.733900839683358026e-03
2.165242853407307443e-03
6.589391017628113811e-04
6.793155150636163205e-04
1.532113826645045696e-04
6.346881298443339666e-04
1.389365867770186481e-03
8.289056871342421985e-04
3.251535606799293597e-04
4.642002723870169208e-04
1.695559195779207861e-03
2.946505146812878131e-03
1.141111392146007498e-03
5.778867215742481637e-04
1.439236806160135379e-04
1.692856894062012103e-04
3.208608532619934648e-04
9.458412268990208389e-04
1.374028281782807657e-04
4.338268670097280666e-04
5.016658667022453342e-04
2.318819587521107136e-04
2.194578308448731380e-03
8.522465259786681435e-04
2.198837605919449578e-04
6.198447639892255443e-04
6.656255835791930918e-04
5.127962024034478849e-04
1.977665570531039491e-03
5.803650745534824238e-04
5.245088340243063505e-04
1.471362209326591256e-04
8.850441732536860071e-04
4.532096799691568171e-04
3.580258564446825767e-04
1.477124437046479968e-03
2.107557000401475648e-04
3.093959492649270954e-04
2.648630647965293634e-04
2.291834134071734155e-03
2.230508927321384852e-04
4.663616721125342368e-04
7.304548703668320561e-04
8.390259523840847607e-04
4.089148448549031816e-04
5.150949939945153981e-04
5.058458756175217329e-04
2.572007988592890670e-04
8.799770881244603059e-04
1.422286790982886431e-03
2.367628300652193393e-04
3.082266803554762073e-04
1.710658145416520126e-04
2.810565026610031131e-03
4.959991267121174755e-04
3.404806883553036854e-04
3.917344679308482308e-04
5.524878632690957345e-03
1.038775433081271340e-04
6.483093148705089143e-04
1.020606377385296698e-03
8.001564143941943073e-04
8.418249679924681055e-04
6.329118952638546937e-04
3.421478727936667474e-03
8.710498921792899068e-04
4.038285065142945473e-04
3.509569971932866906e-04
1.364804426266171943e-03
9.332309265172369092e-04
6.336611589251241357e-04
4.811891320809199625e-04
5.991542958259862828e-04
1.132666946786553292e-03
2.310757374915407565e-04
2.559403486144800764e-04
4.655896532263528145e-04
1.595276342247231062e-04
2.690963642704838669e-04
8.347090046665178167e-04
5.540974033388496554e-04
2.729020790434647501e-04
8.555755586462689133e-04
4.967402599250497633e-04
7.521339714892371362e-04
2.503528480295616845e-04
4.851175100668134090e-04
1.390385285795056299e-03
4.373838972675312808e-04
8.529290089551973611e-04
7.550595131899299865e-04
5.853561944571706189e-04
6.579413262504370773e-03
4.015543253919873733e-04
6.477961555315904984e-04
5.935209823677464850e-05
4.047702821059566392e-04
1.713970418516415903e-04
1.969459606155102792e-04
2.347686599269476143e-04
8.734710972666273826e-04
2.507282402238137438e-04
1.924388251435883018e-02
8.896460633654916864e-04
2.500249030008282495e-04
3.441738655674054289e-04
1.644635976187296231e-04
3.757514838378706620e-04
3.952707030739452290e-04
5.608040095510137676e-04
6.298131033295028408e-04
5.315484878329214792e-04
3.443623447363973814e-04
3.745394684858274021e-04
2.062217293544546613e-03
6.992077704781243103e-04
1.891083079408740868e-04
5.814847468020350931e-04
3.508446732128938012e-04
2.254560376335371737e-04
6.329118952638546937e-04
5.081919874066245226e-04
1.513970333874470775e-04
1.266937523945958982e-03
1.085219069241459685e-03
3.874275638911646945e-04
3.538257369546265498e-04
8.460002132093300377e-04
4.769601105660697254e-03
2.435822126753238578e-04
4.415159856049295567e-04
1.647436959955737195e-04
1.653900966218305050e-04
3.442296328540647124e-04
3.887142159392169391e-04
4.553371983612859958e-04
1.095015662335377697e-03
1.871907662792642946e-03
8.973818530514418145e-04
2.879521162964180899e-04
1.803365208098542708e-04
1.099761367659413212e-03
6.433306856668665006e-04
2.650089472600827183e-04
4.114568776766790951e-04
2.734046069176638443e-04
1.388606865446478011e-04
3.996396962021306950e-04
4.969009313081483191e-04
2.123864196507577835e-04
9.721706140509170585e-05
5.486227218906652124e-03
7.517134816843510335e-04
3.652495964639512543e-04
5.312697530824604447e-04
1.947068941306946167e-04
2.668244284887782915e-04
2.077163435457681829e-04
6.516240277176578747e-04
6.042137757174561273e-04
9.118260075540870428e-04
1.471362209326591256e-04
5.419368112966312448e-04
6.310426235089319378e-04
1.255491215892694853e-03
1.968309186835806492e-04
2.134478747707170901e-03
3.824583827413521376e-04
4.219169692117746297e-04
2.311031247692858044e-04
9.216030703321380141e-04
5.057624405057536054e-04
1.934411609691701018e-04
3.996396962021306950e-04
2.165242853407307443e-03
2.159137160904387137e-04
7.744301843418681559e-04
6.049354828753520513e-03
5.037008327666073464e-04
9.367665219256289186e-04
3.479057136114272982e-04
7.828042271978767315e-04
2.317933275879719888e-04
1.322543012260076227e-04
1.902177787801767519e-03
2.377246143109897590e-03
1.505056916033057409e-03
4.513303662856323084e-04
4.601314699337655831e-04
6.685424537284093876e-04
5.280533544963515518e-04
3.904559536657930055e-03
1.030978283628542413e-03
4.294013839779497414e-04
2.474769467145199620e-03
5.024885647249937009e-04
3.557525694552460109e-04
3.079799976373147731e-04
6.647606994656691127e-04
2.794706167461292437e-04
2.529804662182304513e-04
4.060107339900741207e-04
3.291431598606678918e-04
2.165242853407307443e-03
3.760523592323724781e-03
2.195931605073510318e-04
3.240973837927094430e-04
3.943529511703222417e-04
3.179738590407159347e-04
3.374580193059425397e-04
2.441281948427109533e-04
2.060233699485137203e-04
1.842625895224737030e-04
2.713571555768139751e-04
4.410894705173033737e-04
7.608364830465691930e-04
1.277277097707793952e-03
3.154597018928355498e-04
3.276575307061881668e-04
2.946812367224246280e-04
8.599805422135830494e-04
1.301497803683400846e-03
8.752178640333883137e-04
9.734853575663629738e-04
1.537340507917131635e-03
3.635217256310574159e-04
2.193614958176477107e-04
1.711804164426307135e-03
1.833009449955078215e-03
1.190320617348225194e-03
7.592626590537700226e-04
1.276118599938836154e-03
3.325445173390295184e-04
3.532059180780196847e-04
8.870045356899584768e-04
4.422822779275867658e-04
3.376025785320355892e-04
1.642990893253496116e-03
1.756291966244111246e-04
2.122453645044918361e-03
6.566040296739420997e-04
6.183714382860081189e-04
6.053822369591085970e-04
6.665257771218369934e-04
5.871551068046956335e-04
9.468915810916586758e-04
5.514276558807407278e-04
1.806806804427409444e-03
9.892814488238811134e-04
6.813251150777543865e-04
9.915469486085175255e-04
5.406312156629313826e-04
2.778577693401854229e-04
4.341507871290129113e-04
5.369240769560431389e-04
8.721996381397431304e-04
2.336700966727276883e-04
1.890935037306647843e-03
2.996273875011676649e-04
1.087093091289536607e-03
2.704698799621287866e-04
3.946934077085228099e-04
2.176050711377320451e-04
3.804265703805762185e-04
2.484416269678858813e-04
3.301878016854459621e-04
3.394406992672015862e-04
7.660866112620992293e-04
8.985934666695526585e-04
4.069038791897834390e-04
5.426595410389931443e-04
3.129802796487820790e-04
7.558794775522963095e-04
4.552992925306851061e-04
1.234902515810246473e-04
8.759130775206501376e-04
4.287483338811205681e-04
7.190109989935053935e-04
2.992992051963886844e-04
1.300796482796005328e-03
1.939654871733805929e-04
4.235796376673261598e-04
5.530407188739524214e-04
2.420800838240724253e-04
6.506273367818807881e-04
1.982990237768126381e-04
2.061943016883126896e-04
6.659069956286762550e-04
3.501315861058559593e-04
6.890886160147306804e-04
8.752295025836098665e-04
3.698824266295847648e-03
1.202148827957805937e-03
4.589116374981526262e-04
1.207585616068295478e-04
4.146342576271748112e-03
6.189791940725181173e-04
8.280849671060609056e-04
6.599060380266966262e-04
1.887775770979610839e-03
5.755689494139124398e-04
6.757269356615580808e-04
6.078290018297935297e-04
2.998921460119546509e-04
5.384234587482521726e-04
2.074618488082043176e-04
2.254505385041102861e-04
2.244327684598543661e-04
7.133533476301621903e-04
5.535333634392406582e-04
4.851175100668134090e-04
3.135954227727686793e-04
1.255491215892694853e-03
3.712395689725098819e-04
9.243221934732520585e-04
1.299982483169658020e-03
1.029950472997187604e-03
5.169778812911617451e-04
1.531914920048305226e-03
3.319903432970940376e-04
9.717952817457437215e-04
8.246434092187534051e-03
8.331476865477020549e-04
4.648327760286744643e-04
2.247418543963769586e-03
3.795286123044371495e-04
1.083828942200834936e-03
1.069199499382569862e-03
1.936457460616567284e-04
6.016050716418990755e-04
3.201854375046255300e-04
5.057733026238938777e-04
4.589954180678235975e-04
7.994108110716079520e-04
3.690730958065953317e-04
2.535083229583963535e-04
3.825361076977624899e-04
2.831447852268891268e-03
4.117381063975150191e-04
6.976286004536154817e-04
1.886477725880575818e-03
3.734746456970229177e-04
1.117753117016329111e-03
8.810473844031611402e-04
4.030680999027376910e-04
5.029883807064250466e-04
1.455498965670865919e-03
6.291608282064357514e-04
6.201529364344008418e-04
2.557039952187797460e-03
1.371946201542136685e-03
1.931575918873642802e-03
1.857797971338277343e-04
5.098922525923116128e-04
5.704287109010244567e-04
1.668965765751856899e-04
2.202438094663472512e-03
4.412922141532040973e-04
7.094621794756504922e-04
5.119016560974624279e-04
1.071985174827534519e-03
4.726062070122561136e-04
3.228470329480041118e-03
4.005713122478610959e-04
2.323605369061489936e-04
2.059392668021034489e-03
7.174245231092878441e-03
1.438452411863274608e-03
1.204366920352790840e-03
7.342990114378411233e-04
3.679374384399246496e-04
2.901164556763484730e-04
2.114943736319033728e-03
1.087093091289536607e-03
2.409561824817157342e-04
1.515460999923374781e-04
4.189431931047325254e-04
4.456247613945367621e-04
4.489730287338064845e-04
1.780360899108467728e-03
2.040645158115067103e-04
8.921701598760744742e-04
4.891390444039614991e-04
6.747417005686513454e-04
2.984676385620966600e-04
1.388606865446478011e-04
3.847681336455123133e-04
4.170360040140392872e-04
1.499056770631553709e-03
4.935704018520291163e-04
6.246643312086230630e-04
2.664924511612902589e-03
2.082691057569225658e-03
7.315354296847912828e-04
8.554934423939689276e-04
4.226864733979951460e-04
4.056964245408782414e-04
8.459495829785399282e-04
8.715445108898563827e-04
1.658434061619646748e-04
6.587896169808146480e-04
5.413424851284115045e-04
1.355601488991661459e-04
3.779925529375502478e-04
1.192233267403836495e-03
4.206449893203690281e-04
4.189410571583079661e-04
2.034506767856045402e-03
4.014402972857575996e-03
5.617710899884815687e-03
6.954874001514207375e-04
1.121177750457172427e-03
3.141377327005805240e-04
1.864728021649282314e-04
6.954438790588777890e-04
6.042137757174561273e-04
1.970256592767483626e-03
1.711949046713234562e-03
2.485872278257450583e-03
4.071639775655130672e-04
5.639753188485302406e-04
1.350793014747748251e-03
3.790212376354477799e-04
1.541674755045087690e-03
1.115375818450909089e-03
4.174060135048714777e-04
6.828868577728090068e-04
5.395462775242096821e-04
1.125954828281540117e-03
2.495886561365686035e-04
9.553674054872708654e-04
7.463483235648095794e-04
3.923696620631409609e-04
1.069027831719355668e-03
3.356434411394764003e-04
1.012777884694514557e-03
1.243845430614186386e-03
4.237371038921363070e-04
2.565175501169143671e-04
5.158461101935838929e-04
1.942870558654103200e-03
3.006469300355924922e-04
2.388511206531613706e-03
3.683102163395247475e-04
1.723414385697412963e-04
4.595345339350867856e-04
5.025167390806464535e-04
2.178707325478133807e-03
6.249150460462256189e-04
3.890342747086196918e-03
6.764694027089190181e-04
6.019380076810283350e-04
6.459326010221061454e-02
4.973384391739229778e-04
4.322270302909328823e-04
7.622418432862069050e-04
1.461412047865102547e-03
1.855725285183777761e-04
7.392824812207181816e-04
3.172905354761308499e-04
5.625311567535652181e-04
8.461431811626660788e-04
6.357696908875058468e-04
1.536616183747299691e-03
5.113109066904901120e-04
7.348594892123541450e-04
6.042137757174561273e-04
4.160992173601751215e-04
3.641016810130070299e-04
1.186029607343021047e-03
7.513405805511867187e-03
4.372367738607416815e-04
1.186644187777115842e-03
5.572063587800759384e-04
1.232296243070251556e-03
1.950931858182233000e-04
6.656511898808287935e-04
3.757514838378706620e-04
4.802828397402141123e-04
1.606021442602033377e-03
1.974896717688144230e-04
4.443099295267391533e-04
9.726287976375020674e-04
1.188733967003387281e-03
3.910394246100420404e-04
1.620143848140392061e-04
1.788404428276606239e-04
2.605171381189753358e-04
1.094051393116737261e-03
1.516346232860867754e-03
2.421348758786834071e-04
3.173060872733683832e-04
4.473297543575125985e-04
1.545807305768980835e-03
2.305621078477968205e-04
5.453519699039606570e-04
4.362226726786018927e-04
5.991542958259862828e-04
6.230162439845855727e-04
4.954524480276235529e-03
1.209761851627193631e-03
2.015009921287106939e-04
4.857195124956972094e-04
4.708302129016657964e-04
8.759130775206501376e-04
1.864728021649282314e-04
8.613684709804874089e-04
5.128688671684714529e-04
6.429823013843763901e-04
6.032463439313624385e-04
7.415586838769631060e-04
3.570375335219688360e-04
6.528459154899775426e-04
3.875900283983580840e-03
9.580203024069942896e-03
4.513303662856323084e-04
6.463368826420520710e-04
1.759666437474402415e-03
7.925893119356257777e-04
7.540025043246979244e-04
3.829547061540745576e-03
6.061688968218253808e-04
1.951362315664793021e-03
1.099761367659413212e-03
5.189557733488692984e-04
2.746204117131615090e-03
9.836059079143134182e-04
2.378664244810744979e-03
8.925230171350590977e-04
2.045760919586560908e-04
5.108708916389061204e-04
8.773386756726463814e-04
7.612180049409770187e-04
3.186299647278682985e-03
1.540853890315534418e-03
2.719767309201330660e-04
2.798861880696496126e-04
8.069744066697028114e-04
2.525963817147210892e-04
3.826534106373190671e-04
1.592024943651233586e-03
9.223085446490742606e-04
4.426387243898180675e-04
7.146657949782739272e-04
6.584243116907411526e-04
6.142976158198739127e-04
3.269493156632677583e-04
2.815317909090480318e-03
1.542245752636318317e-03
8.208957815235325009e-04
3.009863001869082571e-04
3.256266124038416430e-04
4.499695538214812840e-04
1.056786447978965435e-03
6.077964804567552925e-04
3.835734034112194229e-04
2.627674371552414360e-04
3.999682851128318387e-04
5.596514974429547601e-04
1.571234658067308023e-03
3.374772166506820759e-04
8.571047657669066165e-04
3.680500704036825869e-04
6.731943785582911654e-04
2.984061327773714837e-04
6.487800673089420085e-04
1.415745778403657874e-03
3.543411191022870482e-04
4.595624595671840605e-04
9.981562555731262904e-04
1.588244231836361247e-03
2.680913931877700268e-04
1.557535844310760061e-03
1.386507933827797572e-04
9.304470365280997088e-04
4.791691299826836802e-04
7.287092319754914609e-04
6.162983434173361676e-04
1.915739681336959632e-04
2.792206709853228049e-04
6.151168795079199137e-04
5.636994650990497392e-04
1.637631282175953246e-03
3.080024365119820879e-04
1.415097497271622894e-03
5.133738989156691338e-04
2.684130207163213516e-04
1.388208220306683420e-03
7.885473643537349109e-04
4.084267708965509495e-04
1.902480330705885975e-04
3.525208179340113667e-04
8.710033892574615185e-04
2.812968509040614023e-04
2.520458243508656216e-04
2.209577397756523902e-04
7.282329826404847044e-04
4.241047420326729002e-04
2.729308682184602378e-03
6.755179829402390129e-04
8.410164488732847733e-04
1.610024515838588092e-04
2.729020790434647501e-04
4.340312196773039952e-04
7.267916280750409382e-04
3.580357239820557125e-04
5.196621252402143032e-04
7.803099342855660935e-04
1.852638004751353321e-04
1.856674337300424915e-02
6.416552139712567099e-04
2.053041916900839295e-04
1.276118599938836154e-03
2.006062558345122766e-04
1.255491215892694853e-03
2.417078338507420033e-04
1.587864498024424897e-03
3.497584169850995878e-04
2.043449277520550944e-03
4.735922951694943170e-04
9.149590030515988154e-04
2.064706827848963508e-04
2.668701794921923202e-04
2.200620543584567090e-04
4.290417759646446044e-04
2.499914975554384995e-04
4.413398946830682560e-04
4.373838972675312808e-04
6.969695176996948275e-04
4.840822727258491651e-04
2.794550911184988818e-03
1.013570663944951631e-03
5.820089092902660903e-04
3.187477721502687215e-03
4.515257676896598728e-04
3.845167338963930955e-04
3.639838037154941291e-04
3.825547394098113298e-04
3.733049141829066289e-03
3.021032958839770053e-04
1.169998264711242511e-03
5.965808050884092257e-04
5.028888181143372892e-04
7.264246061690983513e-04
7.267009885822367336e-04
2.886650702689996188e-04
3.070930680396780511e-03
1.159430234748143589e-03
1.971712235620449072e-04
3.082704170895994317e-04
2.368586445443604960e-03
2.003426790602543493e-03
8.913864756655437167e-04
8.231749780407053661e-04
7.682735939630221935e-04
4.934682792192585533e-04
5.066649296344492674e-04
2.939320432987617155e-03
2.412497322602287920e-04
3.222221775587951875e-03
5.947280902767451607e-04
3.718300198590012394e-04
8.115712974317508587e-04
6.291970746159631072e-04
3.475632128328684685e-04
5.294776821670686955e-04
2.651044546449447944e-04
6.077964804567552925e-04
6.404013549796913358e-04
4.521581707766071873e-04
4.192261634113685033e-04
1.471362209326591256e-04
2.231334669773528162e-04
4.536033627677433220e-04
6.126088340514969756e-04
2.323605369061489936e-04
3.163101149489286161e-03
1.592024943651233586e-03
9.858756009584676572e-03
6.075601834293966079e-04
1.202887883816996508e-03
5.197577269711125712e-04
5.530407188739524214e-04
1.451647201597497134e-04
6.872941549161766441e-04
5.110258552763884696e-04
8.984445957696851918e-04
4.137224933566010089e-04
2.345058217165311412e-04
1.463480724553772850e-04
4.476456013630709810e-04
1.275915307364371663e-03
7.828042271978767315e-04
2.480548604342747675e-04
2.265795867214395048e-03
6.328781394017542672e-04
6.270872347754798950e-04
2.283592164619631815e-04
4.277185312523739606e-04
4.330237151973480585e-04
4.324706884378860285e-03
5.724222236240163880e-04
2.805938270579135712e-04
5.869333228084570343e-04
3.528518327866332735e-04
7.705111031575671062e-04
2.570597019558180365e-04
1.854894109440115117e-04
2.633084991364473531e-03
1.787776920538412080e-04
2.588752621453283302e-04
1.802214991790142534e-04
9.802405090400968107e-04
3.004731533949503604e-03
1.007998120013157582e-03
3.087462905834504646e-03
1.792525913362984745e-04
5.347285120887318183e-04
7.000449456762577148e-04
2.410575318167529086e-03
1.743036122307998472e-03
2.060233699485137203e-04
2.779377590597808157e-04
1.821578505787720050e-04
3.636008696348666698e-04
8.069744066697028114e-04
1.566893961916229153e-04
7.670500809782808535e-04
8.609298679384688952e-04
1.179765198943569021e-03
6.513716550569995101e-04
6.452961174937312796e-04
8.560682983171670609e-04
4.966589453138599329e-04
4.004443627467099112e-04
4.775780409166056483e-04
3.264765278264787282e-04
1.180189297428118917e-03
3.097072168186103692e-04
8.468491574208562942e-04
4.927330647788849202e-04
1.354783714550388939e-04
2.277895438411930290e-03
1.615544386530003759e-03
2.423899961216649437e-04
6.656511898808287935e-04
7.201103514083642557e-04
5.512749496711434084e-03
3.412995269173870415e-04
3.052280926994152001e-04
1.827469351881143820e-04
3.659960952109519126e-04
5.432050244977439492e-04
1.641574641130625776e-04
6.069345352049524593e-04
7.611320284274925409e-04
6.868087852402968456e-04
5.688028709602955093e-04
2.513550713595588139e-04
5.137264509054773921e-04
1.951703913825258464e-03
6.406188501484700931e-04
5.557752489541708607e-04
3.871947300312393917e-04
1.055765595506104456e-03
6.324020270551893898e-03
2.761599395934029701e-04
4.377881990638183706e-04
9.118260075540870428e-04
5.616858915016259123e-04
6.429823013843763901e-04
6.777782286586080812e-04
1.340397532510533235e-04
9.434385942680455824e-04
4.589954180678235975e-04
3.296357673844100829e-04
1.751055857646660347e-03
7.578853724929894954e-04
1.133990346155002316e-03
2.649500970830758612e-04
3.494123478852575559e-04
1.977181846476960304e-03
2.549954264776461066e-04
2.254106331830934391e-04
1.218563797347056824e-04
1.211671750526565911e-03
6.581209664925486390e-04
4.140086832187171132e-04
6.715721624136618923e-04
3.506477132666466928e-04
1.752504680745662258e-04
8.335867188860355366e-04
2.252858446296382932e-04
1.516873964708670278e-04
6.198447639892255443e-04
4.243156766219489864e-04
1.246577137588971915e-03
7.124058325791384925e-04
3.732535117897909250e-04
3.355071688635429114e-04
5.020667696233954095e-04
1.155318361514874907e-03
5.070444571536286520e-04
1.645541390483312065e-03
2.566161210561371036e-04
5.162943335590237590e-04
4.171347502973558690e-04
6.974192951368447715e-04
2.339157168419166329e-03
1.597695442488848618e-03
5.624172252959088337e-04
3.018403010849711986e-03
1.191087425353981816e-03
6.146477002423258876e-04
4.428560132457239111e-05
2.800965878136438660e-04
7.669125665582351330e-04
5.069585267813474455e-04
2.070574680333935286e-04
1.617339367400490050e-04
9.282225039595231241e-04
2.849009896481142579e-04
3.819324251277255865e-04
4.872534404296381726e-04
3.975973642757321051e-04
1.592024943651233586e-03
3.627642350340364616e-04
5.996645736460889334e-04
8.428649546578763233e-04
7.193855173022686324e-04
3.152090682803413931e-04
2.732219555203424608e-04
5.172312862652541721e-04
1.233735038532097128e-03
1.678577935762870022e-04
2.381260087129555313e-04
1.269440448894250265e-03
2.451055933101193695e-04
4.625035795253546389e-04
4.032890857325364476e-04
1.467437149688656474e-03
1.220851634822450694e-03
1.890935037306647843e-03
1.802615597400373778e-03
1.243222354356883128e-04
1.657363767170305386e-03
7.807875005009048443e-04
1.006834273076595045e-03
1.127025292117302818e-03
1.052422728065923862e-03
6.008018317746120600e-04
2.902811299249830144e-03
3.056018564626838312e-04
1.530928356427180281e-03
5.067363924602097652e-04
1.688025705687442625e-03
3.174552036274370308e-04
3.019865085275426310e-04
2.773156605194033162e-04
7.700141255832836443e-04
3.952861865980855714e-04
1.787473456105973012e-03
1.196792901280558990e-03
1.846648114124551168e-03
2.217231353684403876e-03
2.516682632613476047e-03
2.367628300652193393e-04
4.004016339722577108e-04
1.633400210325845466e-04
4.375522793248911397e-04
4.054195622744464198e-04
