1.876574307304754274e+00
1.902439024390181865e+00
1.822201750345308291e+00
1.653566229985400815e+00
1.712076583210588199e+00
1.505208333333297288e+00
1.684782608695598594e+00
1.347387697213816349e+00
1.507575757575784658e+00
1.718061674008781070e+00
1.551386623164725309e+00
1.518847006651847353e+00
1.615942028985442480e+00
1.762755102040713506e+00
1.867032967032901780e+00
1.749379652605383750e+00
1.509433962264107754e+00
1.802488335925112706e+00
1.595524956970678421e+00
1.482334869431592095e+00
1.676691729323250390e+00
1.784172661870485177e+00
1.657975460122633526e+00
1.781450872359898518e+00
1.671717171717140182e+00
1.655126498002620350e+00
1.762117822520505639e+00
1.893238434163657224e+00
1.770197486534954123e+00
1.744785276073556046e+00
1.742268041237055698e+00
1.762295081967165888e+00
1.597938144329855259e+00
1.583259911894205896e+00
1.759999999999949605e+00
1.551053484602888277e+00
1.639999999999935287e+00
1.687234042553157121e+00
1.826261008806959296e+00
1.899930986887369055e+00
1.628272251308871654e+00
1.716645489199430274e+00
1.687246963562679669e+00
1.832872928176747518e+00
1.720532319391579579e+00
1.878472222222159704e+00
1.561643835616406850e+00
1.461413203708049835e+00
1.706790123456726871e+00
1.739436619718237154e+00
1.637339055793990861e+00
1.517609391675505570e+00
1.671717171717140182e+00
1.627350427350372275e+00
1.808510638297823991e+00
1.877284595300233505e+00
1.558983666061670270e+00
1.497120921305145957e+00
1.861883408071658641e+00
1.776572668112698317e+00
1.835770528683834169e+00
1.793871866295210005e+00
1.794776119402913261e+00
1.859095688748618524e+00
1.748068006182338596e+00
1.631691648822229279e+00
1.638655462184853695e+00
1.628378378378322333e+00
1.860262008733611028e+00
1.760981912144651496e+00
1.641681901279631095e+00
1.724705882352894903e+00
1.732696897374676581e+00
1.620437956204354935e+00
1.672316384180723148e+00
1.473684210526295946e+00
1.862475442043171281e+00
1.860627177700263868e+00
1.872282608695581274e+00
1.504643962848270400e+00
1.729376257545069961e+00
1.811287477954101721e+00
1.733858267716500201e+00
1.476993865030617359e+00
1.735905044510366757e+00
1.865506329113868045e+00
1.771028037383139742e+00
1.642523364485936277e+00
1.537349397590326516e+00
1.463768115942046366e+00
1.580286168521423118e+00
1.733944954128394667e+00
1.756818181818151636e+00
1.889036544850410726e+00
1.737410071942386836e+00
1.903614457831311224e+00
1.868995633187733318e+00
1.584388185653995196e+00
1.629629629629591792e+00
1.655581947743429483e+00
1.891025641025603665e+00
1.859459459459416486e+00
1.624999999999952038e+00
1.514469453376188213e+00
1.776361529548037721e+00
1.857416879795228404e+00
1.594285714285675448e+00
1.814352574102910509e+00
1.505494505494495483e+00
1.660194174757262164e+00
1.676714393368428535e+00
1.761092150170591619e+00
1.867032967032901780e+00
1.802777777777736068e+00
1.494382022471899107e+00
1.795749704840555516e+00
1.810375670840741247e+00
1.804371584699399289e+00
1.591666666666643470e+00
1.769087523277427021e+00
1.644531249999969358e+00
1.653884964682060366e+00
1.631990378833322541e+00
1.868737060041246290e+00
1.725490196078405702e+00
1.758668515950023270e+00
1.811538461538407585e+00
1.695885509838962468e+00
1.714129244249688711e+00
1.848605577689147017e+00
1.698214285714234606e+00
1.580219780219754844e+00
1.719853836784361434e+00
1.489898989898985171e+00
1.813688212927687893e+00
1.509259259259231989e+00
1.597402597402570290e+00
1.527495769881426657e+00
1.868465430016826190e+00
1.668041237113359054e+00
1.606356968215092884e+00
1.690966719492825732e+00
1.813793103448207544e+00
1.740181268882123433e+00
1.840978593272153407e+00
1.645600991325847806e+00
1.810650887573936441e+00
1.513888888888867523e+00
1.898617511520702905e+00
1.570661896243251476e+00
1.820111731843421676e+00
1.713286713286609642e+00
1.849582172701928151e+00
1.757407407407356459e+00
1.654986522911025659e+00
1.479999999999993099e+00
1.649717514124265039e+00
1.870967741935459561e+00
1.725363489499103231e+00
1.885217391304284451e+00
1.860507246376777779e+00
1.873695198329774936e+00
1.471464019851096428e+00
1.880035810205836544e+00
1.765193370165720976e+00
1.634092171015972594e+00
1.700255102040753474e+00
1.574585635359079250e+00
1.532786885245875474e+00
1.878504672897178596e+00
1.751677852348946907e+00
1.844660194174724488e+00
1.831513260530376330e+00
1.782881002087620903e+00
1.819702602230440558e+00
1.586046511627835276e+00
1.498201438848879796e+00
1.789922480620070200e+00
1.618506493506440602e+00
1.809805579036273926e+00
1.774285714285685156e+00
1.496093749999984679e+00
1.633971291865984998e+00
1.735064935064907665e+00
1.492462311557778643e+00
1.859999999999979003e+00
1.744299674267032030e+00
1.557264957264900218e+00
1.518828451882815234e+00
1.647964509394307386e+00
1.872222222222182264e+00
1.689788053949852653e+00
1.627877237851570458e+00
1.777777777777705515e+00
1.877746478873050018e+00
1.672868217054222395e+00
1.776699029126178608e+00
1.745331069609439734e+00
1.710129310344750131e+00
1.822006472491754625e+00
1.591494845360760468e+00
1.687235841081908383e+00
1.700546448087299156e+00
1.570576540755431294e+00
1.863823933975167435e+00
1.571743929359794567e+00
1.692499999999957705e+00
1.773958333333267579e+00
1.530526315789437097e+00
1.644846796657340793e+00
1.627338129496354480e+00
1.698517298187764091e+00
1.904282115868958680e+00
1.902255639097681694e+00
1.670438472418616094e+00
1.791732909379931904e+00
1.771349862258839503e+00
1.505494505494495483e+00
1.882836587872452228e+00
1.665223665223626748e+00
1.549180327868819651e+00
1.790769230769200027e+00
1.784615384615360067e+00
1.740963855421646667e+00
1.814968814968763944e+00
1.740196078431325954e+00
1.560422960725037500e+00
1.901292596944706981e+00
1.646649578908570888e+00
1.868466898954580735e+00
1.725978647686785994e+00
1.623688155921982457e+00
1.629629629629601784e+00
1.698469846984581366e+00
1.858910891089031292e+00
1.748290013679831612e+00
1.676767676767649373e+00
1.780893042575227625e+00
1.628450106157062205e+00
1.803713527851400489e+00
1.659090909090886079e+00
1.580952380952340697e+00
1.852040816326506523e+00
1.670063076176467654e+00
1.734972677595606028e+00
1.558641975308589611e+00
1.866594360086710314e+00
1.853018372703265859e+00
1.680124223602461164e+00
1.560669456066911653e+00
1.681028492008235453e+00
1.839779005524825095e+00
1.889601139600991520e+00
1.776056338028098924e+00
1.893069306930657891e+00
1.490624999999967670e+00
1.653910149750360326e+00
1.695501730103715854e+00
1.720883534136509629e+00
1.710317460317381411e+00
1.644642857142821768e+00
1.679999999999958193e+00
1.902255639097681694e+00
1.869801084990925455e+00
1.663265306122417186e+00
1.525373134328332103e+00
1.694193548387052051e+00
1.813630041724570319e+00
1.683215130023602679e+00
1.495073891625595230e+00
1.675615212527936215e+00
1.905222437137281899e+00
1.583821181479339701e+00
1.755897435897332715e+00
1.734205889755497942e+00
1.559118236472897934e+00
1.602112676056276497e+00
1.840670859538683146e+00
1.606519208381815167e+00
1.860927152317854993e+00
1.892773892773816691e+00
1.655797101449238307e+00
1.643835616438335645e+00
1.779352226720611219e+00
1.631944444444428877e+00
1.568475452196344655e+00
1.630385487528316801e+00
1.486725663716794266e+00
1.881481481481415141e+00
1.901893287435417523e+00
1.369158878504629584e+00
1.786496350364903840e+00
1.663697104677027250e+00
1.848142164781869212e+00
1.437908496732140051e+00
1.595375722543325381e+00
1.783333333333282145e+00
1.567783094098845531e+00
1.584642233856845550e+00
1.494623655913977611e+00
1.868518518518458515e+00
1.874564459930293747e+00
1.857549857549800620e+00
1.598249027237269804e+00
1.744479495268087099e+00
1.482222222222203234e+00
1.485265225933181332e+00
1.658914728682109985e+00
1.599315068493132763e+00
1.794285714285621225e+00
1.506944444444409115e+00
1.712439418416753512e+00
1.670454545454517215e+00
1.780104712041847836e+00
1.529787234042508715e+00
1.505076142131961170e+00
1.874193548387056207e+00
1.741514360313243248e+00
1.859943977591000275e+00
1.649402390438230004e+00
1.844262295081919634e+00
1.759233926128515924e+00
1.751131221719418818e+00
1.824797843665739272e+00
1.675540765390964859e+00
1.665738161559865205e+00
1.632941176470510181e+00
1.716134598791990484e+00
1.724962630792187923e+00
1.564356435643524001e+00
1.813526570048235698e+00
1.722831505483485959e+00
1.727002967359013930e+00
1.874651810584882394e+00
1.771929824561367273e+00
1.639057024529869899e+00
1.893662728249136062e+00
1.625454545454522615e+00
1.871459694989027867e+00
1.556561085972804737e+00
1.564102564102534565e+00
1.505836575875433514e+00
1.616016427104686848e+00
1.743689320388313480e+00
1.817787418655056886e+00
1.518886679920429694e+00
1.592190889370884932e+00
1.818181818181797027e+00
1.602385685884641919e+00
1.782267115600383089e+00
1.820627802690542474e+00
1.510204081632634310e+00
1.784337349397537631e+00
1.720883534136509629e+00
1.488584474885823239e+00
1.859289617486286961e+00
1.587699316628656820e+00
1.695918367346889610e+00
1.655172413793074115e+00
1.596850393700729009e+00
1.663398692810433399e+00
1.899251191286453366e+00
1.711656441717767319e+00
1.818452380952358727e+00
1.899999999999943068e+00
1.443365695792894421e+00
1.798507462686529834e+00
1.649025069637825247e+00
1.802412406662682542e+00
1.491329479768751964e+00
1.892764857881069185e+00
1.670979667282766146e+00
1.745631067961098903e+00
1.566037735849010959e+00
1.752830188679213919e+00
1.533251231527048786e+00
1.708353929806923910e+00
1.802832244008486517e+00
1.727115716752959829e+00
1.786223277909698259e+00
1.656249999999960032e+00
1.758483033932086714e+00
1.730095541401245551e+00
1.866576819406962073e+00
1.896073903002290395e+00
1.681570338058834713e+00
1.630434782608671140e+00
1.608064516128973942e+00
1.874587458745856416e+00
1.667372881355882575e+00
1.725201072386012946e+00
1.471464019851096428e+00
1.615384615384578115e+00
1.832935560859157764e+00
1.629464285714107286e+00
1.786924939467259499e+00
1.898484848484775167e+00
1.762352941176400067e+00
1.845965770171063669e+00
1.637413394919139620e+00
1.791011235955022762e+00
1.735127478753486496e+00
1.545845272206259002e+00
1.822102425875946619e+00
1.605952380952319292e+00
1.645360824742223560e+00
1.596100278551503049e+00
1.582706766917236774e+00
1.718076285240420553e+00
1.718995290423805278e+00
1.588850174215964639e+00
1.785194174757203323e+00
1.869294605809096232e+00
1.638009049773727854e+00
1.815841584158326416e+00
1.889858233369596352e+00
1.584056827150705393e+00
1.858676207513360490e+00
1.480249480249481664e+00
1.695388349514480808e+00
1.874598070739525557e+00
1.716332378223467847e+00
1.714548802946538109e+00
1.488584474885823239e+00
1.762557077625520385e+00
1.860223642172432967e+00
1.664999999999958069e+00
1.762308998302168916e+00
1.626283367556435433e+00
1.681093394077413539e+00
1.855727554179442240e+00
1.617554858934144191e+00
1.576307363927369032e+00
1.687850467289689904e+00
1.718120805369090398e+00
1.885993485341967535e+00
1.842436974789880999e+00
1.793413173652666837e+00
1.667976424361435006e+00
1.706263498920050470e+00
1.725978647686785994e+00
1.633160621761617470e+00
1.630901287553612189e+00
1.745283018867830993e+00
1.803556308213311921e+00
1.724615384615325375e+00
1.554848966613642913e+00
1.666666666666643648e+00
1.792479108635051777e+00
1.889090909090874737e+00
1.750547045951762692e+00
1.877969762418948863e+00
1.677966101694892354e+00
1.453012048192763750e+00
1.770142180094726125e+00
1.763909774436017264e+00
1.780487804878024161e+00
1.700729927007252451e+00
1.681498829039766552e+00
1.542473919523041470e+00
1.817533129459641739e+00
1.715277777777740820e+00
1.379597501734779019e+00
1.650931677018572685e+00
1.652985074626848405e+00
1.697902097902028729e+00
1.798692810457462876e+00
1.642673521850845475e+00
1.524150268336288194e+00
1.717842323651357805e+00
1.852830188679223999e+00
1.859188544152717171e+00
1.595199999999950657e+00
1.835335335335124274e+00
1.895330112721361315e+00
1.760461760461713654e+00
1.498412698412676214e+00
1.897087378640744060e+00
1.888888888888824891e+00
1.682130584192379708e+00
1.855324849296578815e+00
1.737417943107180562e+00
1.789526686807580091e+00
1.836516424751588161e+00
1.544525547445208202e+00
1.689161554192197823e+00
1.661077844311302787e+00
1.623222748815137839e+00
1.529540481400405216e+00
1.827922077922033983e+00
1.526530612244851426e+00
1.827956989247262243e+00
1.845546786922152682e+00
1.895027624309364889e+00
1.748757170171822084e+00
1.756243756243693666e+00
1.772619611558273078e+00
1.758583690987039816e+00
1.879999999999983684e+00
1.782881002087650657e+00
1.810143042912801814e+00
1.871897518014319584e+00
1.538461538461515010e+00
1.530303030303009404e+00
1.851703406813556274e+00
1.807933194154383916e+00
1.824528301886741755e+00
1.652466367712943418e+00
1.781560283687892543e+00
1.845925925925854250e+00
1.551166965888644445e+00
1.900921658986144402e+00
1.552795031055871577e+00
1.671586715867111383e+00
1.899999999999958167e+00
1.585597826086908579e+00
1.664041994750628639e+00
1.897623400365574753e+00
1.711498439125544779e+00
1.795011691348353589e+00
1.817972350230376399e+00
1.861264579496469729e+00
1.492773549388235921e+00
1.601694915254203933e+00
1.639155470249465285e+00
1.577817531305867993e+00
1.505494505494495483e+00
1.771234428086010171e+00
1.622377622377563888e+00
1.807580174927087668e+00
1.559498956158611449e+00
1.817533129459641739e+00
1.697225572979446762e+00
1.811720698254291939e+00
1.670212765957409751e+00
1.550684931506823627e+00
1.891752577319547157e+00
1.739182692307637668e+00
1.754662840745987218e+00
1.850921273031784997e+00
1.735294117646978940e+00
1.696969696969658381e+00
1.796555435952582602e+00
1.530805687203746990e+00
1.811787072243305596e+00
1.548760330578475841e+00
1.683881064162688901e+00
1.808383233532882883e+00
1.884108258153962545e+00
1.581497797356786972e+00
1.605328892589417356e+00
1.676923076923047429e+00
1.884782608695625195e+00
1.883084577114393365e+00
1.820037105751339368e+00
1.744680851063803440e+00
1.615384615384578115e+00
1.690427698574296977e+00
1.786012526095944963e+00
1.693053311793162541e+00
1.871298405466917725e+00
1.478753541076479827e+00
1.900606980272997237e+00
1.869524697110787947e+00
1.893764434180101652e+00
1.850597609561700940e+00
1.802832244008486517e+00
1.842666666666640030e+00
1.642499999999968319e+00
1.595310136157084280e+00
1.732620320855556839e+00
1.719160104986851234e+00
1.789830508474560711e+00
1.802941176470560514e+00
1.691798941798893896e+00
1.797297297297209884e+00
1.682496607869671257e+00
1.696774193548350240e+00
1.857358490565923725e+00
1.752941176470578455e+00
1.660738714090215673e+00
1.741025641025588655e+00
1.824120603015047415e+00
1.670118343195198918e+00
1.570370370370341107e+00
1.563758389261719728e+00
1.858946039759832303e+00
1.835552596537861625e+00
1.685207100591629814e+00
1.614609571788377718e+00
1.786618444846235887e+00
1.828220858895641898e+00
1.625468164793969938e+00
1.748239436619668297e+00
1.878787878787752330e+00
1.785826771653486134e+00
1.586864406779630698e+00
1.868453105968182815e+00
1.862840466925996363e+00
1.749525616698259567e+00
1.569105691056886798e+00
1.567849686847561763e+00
1.601333333333285758e+00
1.823144104803451349e+00
1.529147982062734723e+00
1.890254609306321276e+00
1.894977168949738999e+00
1.771234428086010171e+00
1.507042253521086561e+00
1.781105990783364401e+00
1.884401114206065930e+00
1.553235908141910926e+00
1.624129930394401233e+00
1.903536977491928628e+00
1.753315649867265513e+00
1.880184331797185138e+00
1.546178343948987788e+00
1.828749999999840226e+00
1.688545688545638246e+00
1.694945848375271735e+00
1.862704918032754176e+00
1.535469107551452161e+00
1.550935550935505836e+00
1.888246628130867855e+00
1.822977725674004068e+00
1.737104825291120980e+00
1.676156583629845986e+00
1.677165354330660829e+00
1.684884713919631682e+00
1.636771300448397248e+00
1.739507959478963084e+00
1.686453576864495263e+00
1.679452054794461358e+00
1.791130185979907363e+00
1.522916666666638275e+00
1.785109983079491869e+00
1.643835616438325653e+00
1.903797468354385014e+00
1.848942598187282460e+00
1.735502121640690731e+00
1.864792503346662578e+00
1.670212765957409751e+00
1.851063829787192194e+00
1.881516587677634744e+00
1.753934191702391843e+00
1.769363166953470623e+00
1.606153846153827391e+00
1.826914563966146821e+00
1.688053097345091125e+00
1.499999999999964251e+00
1.624129930394401233e+00
1.651595744680829370e+00
1.550684931506823627e+00
1.516049382716013305e+00
1.659090909090870536e+00
1.785714285714242955e+00
1.864516129032238734e+00
1.833333333333317938e+00
1.848901098901071460e+00
1.789968652037601027e+00
1.857461024498856972e+00
1.479591836734681864e+00
1.742857142857043851e+00
1.819581958195734650e+00
1.682291666666608565e+00
1.670506912442369263e+00
1.879496402877651295e+00
1.690661478599174483e+00
1.876447876447859597e+00
1.713584288052306892e+00
1.889285714285681150e+00
1.815175097276222393e+00
1.742465753424636166e+00
1.779487179487133641e+00
1.592255125284690820e+00
1.607655502392298708e+00
1.842436974789880999e+00
1.834705509816164870e+00
1.901949541284266187e+00
1.683987915407709313e+00
1.867088607594908467e+00
1.632093933463742097e+00
1.527980535279774843e+00
1.754923413566708668e+00
1.823991031390077122e+00
1.743735763097882696e+00
1.786941580755984749e+00
1.615776081424910249e+00
1.619815668202734482e+00
1.820291777188195681e+00
1.589605734766989853e+00
1.484536082474206431e+00
1.848137535816578358e+00
1.719402985074608425e+00
1.681547619047616182e+00
1.677115987460761515e+00
1.780373831775687421e+00
1.838757396449642423e+00
1.596850393700740556e+00
1.734982332155396545e+00
1.635849056603718932e+00
1.713114754098246983e+00
1.858910891089031292e+00
1.683070866141676225e+00
1.769687964338743313e+00
1.855198019801909348e+00
1.575539568345305064e+00
1.716880341880250072e+00
1.898355754857952160e+00
1.769230769230748068e+00
1.770877944325417452e+00
1.361851977741559860e+00
1.559966216216144286e+00
1.831378299120193454e+00
1.796895213454010154e+00
1.898484848484775167e+00
1.658802177858405003e+00
1.611455108359093558e+00
1.695538057742757232e+00
1.580381471389614045e+00
1.614609571788337306e+00
1.712230215827281299e+00
1.756218905472588965e+00
1.662068965517207619e+00
1.767161410018469603e+00
1.681715575620736480e+00
1.693693693693622215e+00
1.502551020408141591e+00
1.758516275548725583e+00
1.592105263157869377e+00
1.747945205479365605e+00
1.717821782178162504e+00
1.491304347826080345e+00
1.784766301211627937e+00
1.688391038696505309e+00
1.544169611307376400e+00
1.664756446991357830e+00
1.834850455136485703e+00
1.756476683937749916e+00
1.537444933920686374e+00
1.745736434108489998e+00
1.743761996161159900e+00
1.637149028077723667e+00
1.858447488584471952e+00
1.903380281689919906e+00
1.839095744680790290e+00
1.781553398058173698e+00
1.789830508474560711e+00
1.680851063829728709e+00
1.830742659758131774e+00
1.864086408640757586e+00
1.348051948051909310e+00
1.553649458513047366e+00
1.818181818181615839e+00
1.784269662921313282e+00
1.793668122270649867e+00
1.534606205250561572e+00
1.859459459459416486e+00
1.750830564784001009e+00
1.685664939550907127e+00
1.537897310513421489e+00
1.770642201834831120e+00
1.685810810810805860e+00
1.890254609306321276e+00
1.489260143198087860e+00
1.744874715261919729e+00
1.863065326633094321e+00
1.723566878980804962e+00
1.797319932998281189e+00
1.721014492753589309e+00
1.564393939393898147e+00
1.645669291338538454e+00
1.885593220338937392e+00
1.809278350515400646e+00
1.591623036649191469e+00
1.517333333333310330e+00
1.539267015706766717e+00
1.698453608247384672e+00
1.750385208012273264e+00
1.720465890182973467e+00
1.437609841827768520e+00
1.732692307692252021e+00
1.601333333333285758e+00
1.792360430949952566e+00
1.762637362637327065e+00
1.752260397829967786e+00
1.753588516746384496e+00
1.835294117646948386e+00
1.629385964912253293e+00
1.814968814968763944e+00
1.558080808080782642e+00
1.747954173485922080e+00
1.806366047745287862e+00
1.903536977491928628e+00
1.865905848787337007e+00
1.587921847246832829e+00
1.861538461538408518e+00
1.836291913214916249e+00
1.867435158501379977e+00
1.758188824662698213e+00
1.801526717557182522e+00
1.837791199309649404e+00
1.739570164348853254e+00
1.852791878172462159e+00
1.757978723404217902e+00
1.783691959229825930e+00
1.693404634581069601e+00
1.697106690777501425e+00
1.823529411764582386e+00
1.897777777777761354e+00
1.776645041705222194e+00
1.675615212527936215e+00
1.715611814345922692e+00
1.502673796791434535e+00
1.536977491961384112e+00
1.522284122562637343e+00
1.869863013698607190e+00
1.352082295018643077e+00
1.890432098765299607e+00
1.662721893491067693e+00
1.643461538461268079e+00
1.693661971830933144e+00
1.813793103448207544e+00
1.560296846011075544e+00
1.695198329853823127e+00
1.709890109890078058e+00
1.774686520376035581e+00
1.674766355140152818e+00
1.790490341753329995e+00
1.782816229116916285e+00
1.714285714285675777e+00
1.473577235772322469e+00
1.662679425837278124e+00
1.838926174496614996e+00
1.741007194244523326e+00
1.884297520661120107e+00
1.779999999999881677e+00
1.523191094619624764e+00
1.637080867850068344e+00
1.692881355932096765e+00
1.583333333333301063e+00
1.829226847918358878e+00
1.705213903743185266e+00
1.857461024498854973e+00
1.704391891891842370e+00
1.530541012216370289e+00
1.841886269070603266e+00
1.728752260397774299e+00
1.479115479115459264e+00
1.449602122015938521e+00
1.790239726027319289e+00
1.750430292598905258e+00
1.834834834834833339e+00
1.768292682926768222e+00
1.692473118279530064e+00
1.612823674475901914e+00
1.847761194029827525e+00
1.709890109890078058e+00
1.805755395683388720e+00
1.688090737240033112e+00
1.741316270566648949e+00
1.872727272727234382e+00
1.833981121598912800e+00
1.844660194174724488e+00
1.695198329853823127e+00
1.466279069767402854e+00
1.666346153846076428e+00
1.757142857142827364e+00
1.714285714285639362e+00
1.818181818181783704e+00
1.738404452690116564e+00
1.837962962962925273e+00
1.709890109890078058e+00
1.815384615384568967e+00
1.889090909090874737e+00
1.821872953503476555e+00
1.792771084337316800e+00
1.837944664031562203e+00
1.707021791767523888e+00
1.864433811802194141e+00
1.848484848484807985e+00
1.744295830054991781e+00
1.601333333333285758e+00
1.559966216216144286e+00
1.789559925093386905e+00
1.699999999999934897e+00
1.719772403982874565e+00
1.852207293665991905e+00
1.840236686390471332e+00
1.595446584938661871e+00
1.820105820105782035e+00
1.516203703703666861e+00
1.669316375198688807e+00
1.485632183908035975e+00
1.777653631284845659e+00
1.881516587677634744e+00
1.669983416252028174e+00
1.887562189054618589e+00
1.762649494020122498e+00
1.879689521345343506e+00
1.828711256117394601e+00
1.892508143322423564e+00
1.878453038673999931e+00
1.615740740740703618e+00
1.602739726027376355e+00
1.787234042553140778e+00
1.824833702882428632e+00
1.465753424657519899e+00
1.612167300380167756e+00
1.661702127659525408e+00
1.871111111111060099e+00
1.697225572979446762e+00
1.822356495468146598e+00
1.591304347826033805e+00
1.583892617449646378e+00
1.732394366197134161e+00
1.707089552238765684e+00
1.842239185750597308e+00
1.502538071065955716e+00
1.878003696857564186e+00
1.892512077294626671e+00
1.689759036144546034e+00
1.902800658978537118e+00
1.644642857142821768e+00
1.672233820459232412e+00
1.581127733026403082e+00
1.547846889952129823e+00
1.837793998377835747e+00
1.881496881496808271e+00
1.853057199210946804e+00
1.518151815181473019e+00
1.802259887005618566e+00
1.655007949125559596e+00
1.671706263498884626e+00
1.691603053435049464e+00
1.757142857142827364e+00
1.762755102040713506e+00
1.856198347107400615e+00
1.770642201834837781e+00
1.771084337349336568e+00
1.682730923694740088e+00
1.723943661971784058e+00
1.598566308243673406e+00
1.865506329113868045e+00
1.828009828009782067e+00
1.687499999999970246e+00
1.225460127759937068e+00
1.686700767263370260e+00
1.813357185450067188e+00
1.779255319148912662e+00
1.686507936507906313e+00
1.625228519195560217e+00
1.614958448753409659e+00
1.883363471970978420e+00
1.710526315789357765e+00
1.876151484135038627e+00
1.515151515151475392e+00
1.621664050235429810e+00
1.818181818181795029e+00
1.650413983440600418e+00
1.719794344472973080e+00
1.554216867469838670e+00
1.640977443608973907e+00
1.664335664335607756e+00
1.624671916010476780e+00
1.818541548897531612e+00
1.789052069425837166e+00
1.806185567010263782e+00
1.563868613138625907e+00
1.546275395033821720e+00
1.652024117140331594e+00
1.826016260162442562e+00
1.891149870800700850e+00
1.595505617977485135e+00
1.762734584450441844e+00
1.678663239074520863e+00
1.853057199210946804e+00
1.614091273018311012e+00
1.790965456155822366e+00
1.794405594405523718e+00
1.635849056603718932e+00
1.640909090909057788e+00
1.598639455782295382e+00
1.772985244040790720e+00
1.646996838777602834e+00
1.583984374999971134e+00
1.649532710280320780e+00
1.776167471819577237e+00
1.632580261593276516e+00
1.514469453376188213e+00
1.664719626168160271e+00
1.626702997275174756e+00
1.762214983713345395e+00
1.895851721094365949e+00
1.706093189964146273e+00
1.559602649006569974e+00
1.837016574585595308e+00
1.696078431372487483e+00
1.664921465968539627e+00
1.611360239162878738e+00
