5.384153332785100287e-04
1.410045596454131923e-03
1.617487821375265681e-03
1.204113657534588121e-03
9.012590546708202375e-04
1.550062967250222679e-03
9.288876681552146264e-04
2.244786855241729783e-03
7.984685266145517563e-04
5.185442319485919667e-04
3.468300942068136398e-04
4.701494893099004329e-04
6.959078409092520111e-04
9.294260745758462731e-04
1.058299574914604163e-03
9.192574823141114312e-04
9.830829455779487632e-04
4.445644181371220891e-04
3.969051881894662031e-04
4.119940352417417618e-04
1.544484917219696943e-03
2.849722740803236742e-03
5.810579146432377252e-04
5.207835592929135546e-04
1.758383797437989421e-03
1.101741219358728279e-03
5.959330954504535186e-04
7.009743759932157703e-04
9.056483188569093004e-04
9.556709513432118256e-04
2.871705917851473649e-04
5.725896231944912129e-04
4.179710611082660169e-04
3.237780414614809389e-04
4.668149326556603499e-04
3.269377581269685014e-04
4.371482744544366041e-04
1.639858057099745185e-03
5.511521189302751988e-04
8.706642133496141772e-04
1.982888776499095590e-02
3.701446179500423803e-03
1.149015485973318854e-03
8.388381635208488332e-04
5.137724659021130182e-04
8.487481628197294592e-04
1.016625623768364602e-03
1.005180992332579872e-03
3.941839796260584311e-04
9.403747756151813533e-04
1.455994895031308568e-03
1.256863296308326607e-03
1.095337208984611347e-03
7.012191116919181885e-04
4.445916978113227625e-04
6.308749478006837668e-04
3.360745004349692425e-04
9.413014377382892661e-04
4.099861672774359226e-04
6.567380875530129348e-04
1.367798571897050047e-03
2.693792855886275998e-04
5.149734707901259092e-04
1.507042239884221965e-03
5.852032821214196105e-04
6.655316330754179567e-04
4.839913311530268428e-04
7.944382954619146585e-04
1.912369575601962279e-03
5.987047964168896097e-04
1.102444562470468589e-03
3.522156254346665827e-04
3.655737103169979336e-04
7.620620306757472980e-04
3.099146446877426445e-04
5.477501075930721851e-03
6.313009130646262974e-04
3.735520654507235938e-04
7.092811543622088615e-04
1.235808932917804989e-03
4.226733072408545185e-03
4.016031249309979438e-04
5.195497584151917685e-04
3.957408470997530298e-04
7.750368480136562554e-04
3.373441635669147337e-04
7.221685340099031659e-04
1.617590998442400285e-03
3.664366343362491715e-03
1.363163106423326233e-03
1.544484917219696943e-03
3.512237903686398367e-03
3.672108034976036598e-04
4.355113358218624768e-04
3.361957807351671789e-04
4.937063072495793004e-04
4.805596712934264770e-04
7.236319482485791292e-04
8.208273163875929842e-04
5.233739095527142242e-04
3.766408335106348872e-04
5.639495158606314508e-04
4.643542828253009866e-04
1.217571916901848909e-03
6.638740479578387164e-04
9.761841141012444611e-04
8.741743648942787697e-04
3.550353958667757173e-03
6.922482800413423459e-04
3.980917679030613904e-04
6.764622800860834112e-04
1.191619052733833024e-03
5.981353064672928054e-04
5.973953242673218922e-04
4.710232458903907240e-04
1.065781845451005232e-03
2.783252319717408312e-03
9.100948599244048677e-04
5.525028379441507698e-04
1.430396404756831795e-03
5.637639566335266288e-04
6.709271374247758593e-04
2.907673542423740848e-03
4.371302945332008723e-04
8.203627208545287821e-04
1.333159397848375982e-03
5.731039724713454667e-04
5.961325328932214973e-04
1.650243266081551780e-03
3.741526266847830517e-04
1.531776165062102108e-03
2.003544455589908579e-03
1.570946330960588076e-03
1.490209762362284781e-03
7.039222956413028346e-04
1.233796168929933955e-03
7.008612383152295266e-04
6.517858603814981376e-04
8.747128367398278532e-04
5.865654629440393781e-04
8.949718427144540394e-04
2.431614849367167981e-04
3.375465903323579043e-04
6.919473684442561641e-04
4.569515406814622584e-04
7.633184057946111557e-04
1.251146211908057146e-03
2.008171964869744433e-03
1.448239730248962898e-03
3.866256339834551765e-04
6.055057684064528304e-04
5.015127917650936658e-04
3.459511744926126284e-04
5.525547687139534085e-04
1.502339317412128587e-03
1.319969275328869993e-03
1.518311904886867096e-03
5.983458105571948411e-04
2.253151867135493730e-04
3.725070485385971897e-04
4.290714519377138679e-04
5.810579146432377252e-04
4.569515406814622584e-04
6.533321689457149061e-04
3.177707660320295180e-04
3.027346325838873014e-03
5.111988078302470663e-04
6.350043593216290853e-04
8.901168482639615007e-04
6.092848155228009583e-04
1.275934987965171965e-03
7.527533852822249549e-04
1.027197627840931897e-03
2.046746656668126888e-03
5.523202132315227410e-04
3.475261417602448929e-04
1.055250279040388216e-03
6.734209863557106364e-04
1.905422968069609433e-03
1.259463477672440827e-03
8.537980417409838383e-04
5.061350314625210700e-04
5.070993075667425869e-04
1.002158823783812387e-03
1.054986228255839088e-03
1.410168281273958824e-03
9.354198520393303086e-04
6.538759283832304772e-04
6.416627849446770570e-04
2.005498652332939492e-03
8.140324603968414341e-04
8.601515206563436393e-04
3.221266120851922626e-04
1.863939551167745562e-03
2.613616282243930188e-04
9.354198520393303086e-04
4.460758200659222200e-04
5.038938291485349280e-04
1.141039039836016155e-03
9.137021337814237249e-04
1.615289568357888101e-03
4.657800690707256499e-04
4.598195783249503033e-04
4.190052391706881006e-04
3.801333022478226909e-04
3.216379757771065735e-04
6.812600694364753882e-04
2.650493028144494624e-04
6.377880917838069270e-04
2.605208921905509639e-04
8.743089343761376248e-04
3.190019568570288499e-04
5.457736517139096660e-04
1.129824735359890794e-03
6.232074924573845209e-04
6.160075247085284840e-04
6.131059532361373418e-04
5.074222765073537920e-04
6.694013259271827275e-04
9.937155253482666747e-04
6.604303495967752931e-04
4.684933593638835421e-04
1.960036709318153329e-03
5.009509027342562773e-04
4.258660239069352905e-03
3.397620943317465874e-04
9.019314834781526086e-04
9.851703858209624742e-04
4.382827024278112995e-04
6.514483165788579645e-04
5.756389678980467113e-04
5.822421434102608394e-04
9.498491774685231728e-04
1.659599234211392785e-03
1.390213052306352127e-03
9.140649322946269376e-04
1.131655230524317591e-03
5.513534915451078714e-04
3.157323274462219952e-03
3.973177798818988650e-04
6.402762656270659771e-04
5.756475238039006305e-04
5.078902167161989051e-04
7.739088458333212616e-04
9.991513554580351737e-04
4.071696391679259746e-04
2.945691446589097473e-04
5.554856667204185507e-04
1.524701583671986228e-03
3.040285027211417574e-04
3.154799395912004909e-04
1.881722374556782026e-03
2.482094815843263400e-03
4.684933593638835421e-04
1.001452878540514541e-03
5.319830557564429524e-04
6.026457096151212897e-04
5.829332803163165969e-04
4.937555311735840856e-04
5.715254587449098171e-04
1.371505961437816589e-03
1.783271247976038476e-03
6.644636360491379574e-04
6.812600694364753882e-04
7.955355365260923179e-04
2.945139626497728200e-04
8.077723946533719437e-04
9.208761475265482121e-04
5.706181888796143728e-04
7.665185499701197879e-04
4.360616186019896311e-04
5.085803590285436701e-04
9.310311112830058381e-04
4.391895602846759535e-04
3.857936696186732247e-04
1.454696493696284489e-03
9.143742747601018477e-04
4.157748023537706028e-04
2.110664010001778862e-03
1.140622867309426742e-03
4.729534518019456514e-04
6.143452819245415197e-04
3.176032932959405009e-04
1.097452182667328375e-03
7.340733638410432485e-04
2.098700587079487239e-03
4.726542039680304425e-03
6.393708475302421670e-04
5.715254587449098171e-04
3.559500430776456228e-04
4.256305443953661101e-04
2.482094815843263400e-03
1.453756009515173647e-03
3.994726955030512556e-04
4.421070280028270138e-04
5.792437589156327130e-04
1.122249856259946704e-03
6.981476159335760429e-04
3.396001610392369733e-04
6.034371866613712177e-04
1.750115363363617628e-03
9.932041920667580327e-04
5.354366970596844159e-04
9.290877651380762599e-04
1.349163080535319527e-03
5.588609447061053349e-04
4.150986504027639025e-04
5.301729107506532573e-04
1.538856817317990101e-03
8.159021948927983742e-04
6.581026455125048129e-04
2.564647402152089167e-03
6.143452819245415197e-04
1.696381881491025416e-03
1.755635479239372760e-03
6.262224678419198902e-04
5.773384292140866297e-04
8.082021216615491600e-04
3.491982845158426562e-03
6.482532371975529423e-04
1.371524142491374653e-03
4.579339036795431373e-04
5.356763477353180918e-04
7.089298262718333587e-04
1.942045176594187506e-03
1.024319688550141914e-03
7.023354561023389519e-04
4.717398124774196434e-04
3.752493051006611778e-04
3.562336371008406328e-04
4.503784180063866963e-04
2.880422286443929877e-03
6.687784464962659306e-04
1.233023286730427354e-03
3.320716571431072631e-03
1.211381814711636135e-03
5.523979470805363270e-04
3.225786555647828656e-04
1.224099977090165482e-03
2.046746656668126888e-03
5.416435102434021811e-04
1.781479979277996025e-03
3.850738651416203890e-04
1.501840053477339039e-03
6.237801478727841072e-04
2.080505385889644854e-04
6.106001290519857743e-04
3.380670028100839805e-04
8.449551004624869521e-04
8.747128367398278532e-04
5.032934362446777861e-04
6.608917404595175248e-04
8.504163129232761558e-04
2.975232977432124134e-04
8.427172288535010256e-04
4.640890615577366587e-04
7.899786533354333793e-04
1.434274553383370517e-03
6.082935808467657439e-04
7.269259693981871672e-04
9.932041920667580327e-04
6.131793170784816810e-04
1.222648196869199335e-03
5.639642668786326064e-04
9.851703858209624742e-04
1.580271688677217746e-03
1.570404090736569371e-03
5.453899870991126995e-04
4.305208321251922021e-04
4.000307196578005865e-04
2.458363227531061243e-04
4.832217339471095961e-03
3.619138540575542271e-04
9.568875937409997406e-04
7.036562905671743659e-04
5.113657068865308172e-04
1.290677450026317483e-03
1.199042712819269312e-03
4.081246575395898316e-04
7.061391345350215201e-04
1.136732004540978161e-03
2.650099177633013061e-04
1.291149861685451624e-03
3.448511148648526238e-04
1.119725377703578500e-03
8.856083306043057270e-04
4.477028423691356714e-04
7.380949239171197968e-04
6.395823538687684653e-04
5.866013507444487471e-04
1.817089258306734756e-03
1.892668979513792687e-03
5.287209397888838593e-04
3.668694433360758858e-04
6.353813862787356355e-04
4.960759927612155840e-04
1.112910449404803893e-03
3.173639587949041792e-04
3.543854466274163955e-04
8.635274070702429663e-04
3.296374034278504541e-04
4.037820403588444581e-04
9.705603983376926694e-04
7.858993564392255252e-04
2.736338593371229048e-04
9.018391684498137592e-04
9.968224358578004450e-04
5.231890579337266853e-04
1.183406373183491182e-03
6.638740479578387164e-04
7.989760101893019460e-04
1.017578241629255986e-03
1.375424394098783212e-03
6.753429135812610970e-04
4.036174769392401581e-04
3.672108034976036598e-04
4.643542828253009866e-04
6.581883218238004452e-04
6.278860187298495113e-04
6.187006345499486328e-04
1.296965022089338788e-03
3.748570658553828663e-04
5.323969273784794325e-04
8.572185306328827716e-04
1.133202510308096165e-03
4.883688020581465530e-04
9.333067429018258431e-04
6.149391014446411010e-04
1.683250927401227929e-03
2.783252319717408312e-03
3.673611202749531377e-03
2.348614014924490687e-04
3.915294984674383850e-04
2.053875103287997658e-03
7.117285431655335061e-04
6.092198290588468927e-04
9.721057013471924709e-04
3.944826799569622552e-03
4.931235676297311297e-04
3.068269671788916692e-04
7.101383485411708833e-04
2.633750310364172428e-04
1.367160251499482124e-03
3.675413314845063853e-04
9.704775848053211109e-04
9.611286282410697393e-04
4.042577427857864804e-04
3.297154270302210359e-04
3.827714925615948328e-03
6.650811187001050674e-04
7.969613951303177899e-04
2.003544455589908579e-03
1.043566258389957329e-03
5.115900225116138018e-04
5.216381682076325511e-04
1.851324997524504299e-03
7.174132768294679561e-04
9.067280327774773297e-04
5.865654629440393781e-04
3.678897625716448148e-04
1.276809686273333144e-03
2.935943577531010314e-03
1.248938510483308187e-03
6.784654369844811015e-04
7.769620149940113145e-04
7.073513013581208013e-04
3.734197135660084158e-04
6.349863689882876598e-04
1.308663792376881180e-03
2.696443047589496662e-04
6.878965166548482594e-04
7.288157929072648644e-04
4.770552877401834516e-04
1.101463103217917945e-03
4.793211071192300990e-04
2.727881965167973464e-03
4.358360482571554256e-03
1.813096461076038612e-03
4.176221464475346349e-04
1.972191971509682472e-03
4.092936711065554996e-04
4.708293952615330048e-04
2.162454306559595269e-03
1.159260824302209454e-03
5.650540970362021541e-04
4.937799444367122837e-04
6.821608022734642566e-04
4.473163958362376597e-04
1.014671878231859174e-03
1.062503040615497309e-03
1.627817850246460630e-03
4.641520050053516669e-04
4.136745469219781893e-04
1.262732788056730249e-03
2.941228340305620755e-04
1.232725413955016369e-03
5.000503288438755628e-04
5.503222810602112448e-04
2.301815062122999477e-03
2.878533724937620310e-03
4.311933164879950078e-04
2.508310379878639644e-04
2.685042988337855464e-03
7.451536139156206230e-04
9.224733631356473547e-04
1.156205042872727714e-03
7.385474463150712605e-04
4.487531102257605710e-04
4.958879663395971858e-04
1.198930865948239074e-03
3.737475180430370274e-04
3.655737103169979336e-04
8.210484082004020859e-04
5.323969273784794325e-04
9.354198520393303086e-04
7.842215530610809667e-04
3.489912430659762479e-04
5.611838952212542609e-04
8.663750282362247309e-04
1.446378100838217450e-03
6.605328952359840015e-04
1.285955486961984709e-03
7.527533852822249549e-04
7.133318000984287992e-04
4.473163958362376597e-04
5.614030581718085482e-04
6.563462855393276769e-04
8.289927629161921016e-04
5.693086977078107205e-04
6.155499180966897757e-04
3.700090196893817719e-04
9.189650372506332366e-04
3.129987605431944903e-04
6.098238342321601370e-04
3.701446179500423803e-03
6.151817633815527585e-04
2.390456398599622063e-03
4.372932770083303388e-04
6.567380875530129348e-04
2.272971857756915775e-03
7.705071805310640841e-04
1.940864536428588442e-03
1.125781550174893234e-03
3.669075439474663632e-03
1.430359191833027082e-03
7.802319669424602824e-04
7.089298262718333587e-04
5.634801422906751114e-04
9.340643028527450186e-04
9.643668358307975075e-04
1.159149146399471699e-03
4.591068936193286863e-04
7.681447860895236710e-04
1.003638492886665783e-03
2.603779103443770336e-04
1.167851428267202216e-03
1.289936517519484939e-03
9.038722325103759787e-04
8.193670910416025240e-04
8.013900070208249170e-04
5.237194220629217941e-04
6.572123530086693968e-04
4.068870864330327510e-04
4.811222404207918420e-03
1.352483208113445341e-03
3.254921586928030187e-04
3.519259411387210489e-04
8.811006039130993284e-04
3.795073677626292796e-04
1.260502968786827386e-03
3.656342313637321443e-04
5.619468057670427320e-04
4.290714519377138679e-04
3.396976178367665591e-03
3.097973489483207073e-04
6.251960393214349519e-04
9.081650701980645410e-04
1.158124391160123782e-03
4.013004034671354575e-04
4.607629307072228560e-04
6.885570883018180205e-04
4.120828138632913517e-04
6.525275817862676757e-04
6.763194425502749504e-04
9.293656154101645906e-04
3.546880645461285091e-04
7.696292092108088061e-04
1.191278948902643135e-03
2.510767943422602313e-03
3.575728862766362065e-03
1.907206199127834279e-03
1.799863538634184201e-03
2.560285154541856994e-03
1.279105251548939230e-03
2.742898138394751838e-04
1.659599234211392785e-03
1.104117195544144841e-03
8.198223195432757359e-04
6.092198290588468927e-04
4.322342321406496754e-04
4.341361050814242532e-04
2.871705917851473649e-04
8.573963154314882904e-04
6.517944543705062000e-04
5.871752279086003053e-04
1.023013857125527372e-03
4.134472166188050339e-04
1.406342064021792087e-03
2.670729108364178791e-04
1.594679399329250761e-03
3.406292067967524729e-04
1.339594097203540730e-03
8.661275121229365702e-04
4.945279036573427787e-04
2.606856389714740140e-04
9.603164662053874584e-04
7.089298262718333587e-04
6.465569895260848314e-04
5.038980889558262316e-04
2.355541241474559211e-04
3.433314690892235702e-04
7.235150693921160638e-04
4.181749096087100746e-04
4.475753695516271704e-04
6.342220561531805622e-04
9.654722947288528565e-04
9.307635958868507465e-04
7.176685438449963541e-04
2.331446887579555031e-03
7.907323053992275450e-04
4.586357882076838978e-04
6.251049097339249350e-04
2.523661925426278103e-03
1.066156275583849972e-03
6.950499086056294209e-04
4.112569112922742067e-04
1.296804391903811412e-03
4.339980532900368265e-04
1.014737361117570673e-03
1.077606593409861880e-03
7.384410013786969068e-04
9.704547224625572699e-04
5.852032821214196105e-04
1.333935788966696514e-03
1.586625058924594949e-03
8.747128367398278532e-04
6.793650990363767810e-04
6.220332727312748730e-04
1.872437917223997291e-03
5.020887665759596460e-04
3.614335449651431419e-04
6.123040491225543698e-04
2.855474866430862701e-04
2.397555585502120473e-04
1.508898825827888548e-03
3.608969531614221677e-04
1.392255742693142024e-03
6.188706307653174619e-04
1.736383273332430454e-03
1.465444251966760598e-03
7.581616664167491844e-04
6.394287470243972468e-04
1.613540223531670500e-03
7.539880731336862053e-04
2.806858321993264591e-04
1.029819082997725840e-03
3.674820687924862991e-03
5.143845230577285318e-04
3.371232903456787512e-04
7.701697409231973799e-04
4.472278977959939263e-04
4.641520050053516669e-04
4.530793941719831429e-04
3.396976178367665591e-03
4.385179420729871415e-03
8.000283045369538599e-04
5.738171684083491269e-04
1.634469459149438678e-03
3.776793037242057931e-04
4.590074820372680789e-03
7.774333932802090803e-04
2.911480435533936100e-04
7.109120327917957134e-04
7.101619514326140692e-04
2.360730393932666555e-03
1.504832623109766260e-03
7.258686608217608744e-04
4.210320640144784004e-04
6.782391583675329233e-04
1.475149415923255290e-03
3.143124570605087121e-04
1.222173176743036015e-03
1.659599234211392785e-03
4.253565033277227061e-04
3.232271246989919505e-03
6.786556932653315484e-04
2.344051035151015552e-03
1.493792580918351046e-03
1.025569938764056555e-03
9.364362560136749039e-04
3.743837077243873917e-04
7.376322633027210989e-04
3.848783960185546025e-04
4.450938585741877405e-04
7.975951319137955433e-04
1.427700428197194345e-03
6.511457550249762430e-04
8.262573175269801330e-04
7.240305611826356987e-04
1.102698071202446112e-03
5.989147377118549066e-04
1.547839265413111700e-03
1.434040785563980109e-03
8.530928353019306618e-04
5.558507071807130629e-04
9.012590546708202375e-04
8.518086026972675412e-04
7.620489227879368626e-04
4.715906472478532171e-04
1.521223844530932316e-03
1.976572386970405163e-03
4.226733072408545185e-03
3.239812849030684633e-04
1.604925477442136058e-03
4.099569404898812351e-04
6.312703615659308060e-04
1.653204054052621668e-03
4.590074820372680789e-03
5.858707343854600499e-04
1.809743553950271663e-03
3.826638886593088920e-04
1.329346583018730862e-03
4.863959494994730590e-04
8.364536785610358341e-04
3.857936696186732247e-04
1.306781842263725476e-03
1.791511002943493944e-03
8.815840805354372952e-04
1.423576611552863870e-03
6.958201457876140661e-04
1.705358621976012278e-03
1.427700428197194345e-03
2.952731213980615559e-04
2.426592005193020586e-04
6.373456015598019620e-04
6.836779123984385335e-04
5.023895912006067031e-04
7.661287007350963936e-04
3.116556169884972228e-04
2.869337482693204867e-04
1.530319509546941570e-03
7.867477015003729486e-04
1.931389071212909854e-03
6.703453407384733862e-04
3.392449474774337430e-04
2.740060925856438825e-04
1.006895754667930633e-03
8.017331524652014912e-04
7.133318000984287992e-04
1.837210982316401110e-03
1.243329147328839281e-03
8.787017713130721840e-04
2.529707341611421838e-04
5.738171684083491269e-04
1.031377681682363323e-03
8.852527849463604067e-04
9.260013937700353227e-04
1.942045176594187506e-03
2.202977611865774253e-03
4.590074820372680789e-03
3.000540786069829128e-04
4.349624636797037370e-04
6.219106391025341733e-04
8.572185306328827716e-04
6.877517442364116567e-04
1.382327949410397556e-03
5.355220484206471305e-04
5.333301508647234285e-04
8.959837897807404168e-04
2.020734987605399095e-03
1.210901161383938669e-03
4.624395618499533168e-04
3.901040426403886742e-04
9.100910671637367283e-04
3.701446179500423803e-03
4.150986504027639025e-04
2.323098872832707589e-03
8.354677372567559726e-04
4.902117798743634925e-04
1.915784847586080334e-03
2.749713433307745137e-03
5.104500713296970631e-03
4.063642450145829371e-04
3.301885778351881491e-04
2.920015964139163669e-03
8.042746467382539928e-04
5.859705546090220128e-04
2.724624540017482046e-04
2.896031981798800978e-04
1.400341689704811751e-03
7.757441260774902226e-04
1.138389992270349288e-03
5.845079755346278567e-04
8.716775571597975289e-04
1.341153300749868679e-03
7.823834016528577765e-04
8.008225625567364078e-04
1.011002719225101562e-03
1.851324997524504299e-03
3.715360039640911013e-04
1.290391720369943058e-03
4.999331845869651103e-04
6.334357582538141301e-04
7.799174490360805427e-04
8.485623056643010241e-04
8.738607795044155092e-04
7.428145914353662376e-04
1.877958878929611051e-03
6.273165950531872214e-04
2.620373329686646966e-03
6.329980051415333171e-04
1.496841683483937690e-03
3.929236530516224822e-04
4.937555311735840856e-04
6.535686812380222524e-04
1.047595385725862398e-03
7.618462448761753776e-04
3.585217032351669763e-04
5.104633733859734613e-04
5.137724659021130182e-04
1.329346583018730862e-03
6.655759388058210156e-04
5.190695965083049227e-04
8.124699915646202506e-04
1.294403266738842345e-03
7.386703575317523328e-04
1.336085371886990263e-03
6.306622154454136122e-04
1.567133146163025978e-03
8.746664597870204864e-04
1.210901161383938669e-03
7.521175365875430166e-04
5.017268461965063934e-04
7.192524598960949251e-04
3.042108789369861433e-04
6.640298494150416756e-04
1.294403266738842345e-03
5.307540820003801537e-04
4.003682135047501338e-04
5.104530022215771025e-04
4.362467450446671255e-04
2.518705249811386843e-03
6.971105934418975365e-04
7.321622001197912498e-04
4.939339797208037270e-04
4.816358716568259341e-04
1.409734890872824890e-03
6.414361316501188690e-04
6.718351288485700182e-04
6.643659843737016778e-04
1.136732004540978161e-03
9.875401774589794446e-04
9.076511309839767989e-04
4.708529821373106175e-04
3.026613257526926371e-04
3.267933738138248108e-04
8.498424641222034103e-04
1.222107641488568482e-03
1.845892321793026055e-03
7.614808933306377965e-04
3.128042704486048314e-04
6.926185790577585452e-04
2.778007785596156576e-03
4.118678482220034377e-04
5.533592919826877147e-04
5.493484257899527339e-04
6.395751227657041522e-04
3.344404772725037209e-04
9.024152422421965157e-04
5.704772755446013569e-04
1.361025259159906291e-03
6.572123530086693968e-04
9.932041920667580327e-04
6.235011686862027480e-04
5.250279677385954677e-03
8.562016423588058060e-04
6.657246606008949746e-04
5.694438099178628001e-04
6.568148346872277861e-04
1.126353640502666172e-03
7.052943127225035731e-04
4.721659757754486449e-04
1.032459373629148348e-03
4.501011852899750466e-04
4.462150839769100843e-04
3.417752237357857574e-04
2.390456398599622063e-03
8.540465190486773179e-04
5.199200492171357881e-04
8.115957576129653349e-04
9.920472800839430418e-04
6.511852387399988873e-04
9.389859576928123513e-04
4.345185849241399965e-04
9.334965081460025113e-04
4.985789349881674867e-03
4.121145359870308461e-04
7.380349547030475629e-04
1.306087685484587976e-03
5.872890856694359084e-04
7.402856612070617907e-04
6.656395497738354936e-04
6.009552586458290603e-04
2.444727097007420597e-03
5.565771872573007512e-04
4.253565033277227061e-04
6.960306857309979606e-04
1.055304927380196038e-03
7.437195885050901451e-04
4.188658086552886546e-04
5.356359918065085749e-04
7.983450064646617061e-04
1.090777913867616586e-03
6.465793472816873388e-04
2.243261164221539445e-03
1.755635479239372760e-03
1.222648196869199335e-03
4.750772864637684153e-04
1.743205695870880508e-03
3.390660259397430387e-04
3.903474875353174587e-03
3.313308806232126576e-04
1.064588617364885118e-03
3.309189062164346619e-04
2.016246079132229165e-03
3.969552429248753077e-04
2.294267118496523365e-03
6.021592404294410106e-04
1.717871461244766711e-03
6.412431810841877919e-04
5.416435102434021811e-04
6.373456015598019620e-04
1.109128424335157747e-03
1.186235237421155763e-03
6.638740479578387164e-04
1.482567454463789474e-03
5.363042887302904701e-04
6.976024874387658573e-04
4.444663855590061320e-04
5.544226451171279562e-04
1.270407124925693795e-03
1.697491946517379205e-03
8.820260376015069247e-04
3.688605363979684574e-04
6.776262251968189496e-04
1.850339663958344575e-03
7.431397159298080328e-04
6.136986006726360661e-04
1.188075608657829458e-03
3.584269508101977329e-04
1.090933527881919260e-03
3.585686543533669825e-04
3.614709260381446785e-04
9.895732838194801727e-04
5.909290201035943737e-04
5.316974285495770390e-04
1.258311039305367142e-03
2.661621611871291780e-03
8.468542601784298735e-04
1.416162479119254794e-03
2.405704986561154647e-03
1.197177468302549740e-03
1.540738039664990089e-03
4.703048053481586601e-04
6.102742967936141587e-04
1.418929022530056577e-03
3.535723853820015071e-04
1.464566670894484977e-03
6.214270314142506749e-04
1.175038604540065137e-03
4.362467450446671255e-04
8.830233572244233602e-04
7.496295290248450099e-04
7.953912845717042018e-04
9.260933113712376159e-04
1.224822225913019822e-03
1.518311904886867096e-03
8.393952404575877021e-04
2.687175658343930892e-04
7.801832655392421188e-04
1.058600948443630526e-03
5.384090514778975753e-04
1.544484917219696943e-03
1.204630871274815686e-03
1.223520791050945744e-03
5.754888385814163057e-04
5.829332803163165969e-04
8.589519206919903624e-04
2.770653125710855012e-04
6.753998427567914657e-04
