5.867723754891940757e+00
6.378815875271152791e+00
5.140784023637483102e+00
6.282385068301611142e+00
5.529227117418344051e+00
5.719161445125434895e+00
6.200173271423869537e+00
5.999189863867379735e+00
6.755458297608962326e+00
5.516486446622452355e+00
6.426623812463666319e+00
5.659022478643755960e+00
5.061019366261112928e+00
6.719004941404778108e+00
6.434375614013778666e+00
5.762958518990810575e+00
6.768739714204889069e+00
5.775005346678120155e+00
5.964211368155284632e+00
6.635740587920458289e+00
5.644042592249508772e+00
6.665896724483712177e+00
2.078117949646240525e+00
6.770629956434015995e+00
6.680102012329735217e+00
3.919031614737070512e+00
4.873441736370046407e+00
4.855168298133250460e+00
6.454047129381832448e+00
5.656622893958752840e+00
5.803976461101372664e+00
4.123688019198855415e+00
3.857042507125716391e+00
5.331217037052131680e+00
6.654201461745960167e+00
6.022268413440899693e+00
6.118210813197764608e+00
6.073968972571936575e+00
5.955581507405162789e+00
6.275399719546735255e+00
4.721808773642301560e+00
6.188880142044202337e+00
6.777829764157583980e+00
4.890685056277230380e+00
6.632577974625458950e+00
6.012810807465274188e+00
6.149714403290094999e+00
6.517448714215248629e+00
5.220926328153917773e+00
6.666183026321966132e+00
6.522512260915684479e+00
4.986102826406641597e+00
6.368615754730896583e+00
5.151439141920259424e+00
4.738621577515736760e+00
6.460170396593699849e+00
4.937250611464952144e+00
6.121518412586787861e+00
4.602314113903616999e+00
6.131623591740764212e+00
6.396262285097535027e+00
6.606460250762106412e+00
6.470934829750886408e+00
6.493340289323828785e+00
4.713549053526229216e+00
6.695383510846118824e+00
5.993369013620736929e+00
6.828908324334692637e+00
6.557625674661441195e+00
6.403907243151785167e+00
6.711879993641737485e+00
6.598384682567969506e+00
6.833586670263633422e+00
6.306020181445884276e+00
6.403841623677071659e+00
4.754719549012202506e+00
6.684260110732817672e+00
6.834701815981441442e+00
5.735978975142870695e+00
6.194458145417240047e+00
6.715509273199891105e+00
4.199107197685740367e+00
4.519248018098719122e+00
2.630933943382235185e+00
5.599211766689081493e+00
5.773450828403843715e+00
6.833520543972172234e+00
6.066574438804080316e+00
6.800804009835045960e+00
4.769844990988398870e+00
6.095951650037052083e+00
6.071560365074644139e+00
5.016192680236051693e+00
5.809123388440394109e+00
6.026487354480938308e+00
5.344826502933944568e+00
6.312026332183799937e+00
5.430311727499121055e+00
5.679489750930948766e+00
6.878589888760619608e+00
6.426834522468154454e+00
6.267638685354432582e+00
5.628986983517025422e+00
6.743555634881472471e+00
3.936764167229074296e+00
6.429698512215292538e+00
5.968739772368293117e+00
6.543691123310416025e+00
5.355107898160282431e+00
6.568682513377376964e+00
6.104866839171529946e+00
6.689511229548880777e+00
6.205412538074738471e+00
6.366718031425556923e+00
3.950429243619325792e+00
6.805205355224575925e+00
4.047028656385508683e+00
3.816661648072932511e+00
6.562406183380852909e+00
6.774880684059835012e+00
4.807872155316096574e+00
6.075698751738979553e+00
6.143810094048944848e+00
3.858373353671337380e+00
6.080548203080342162e+00
5.784247885306980308e+00
5.964211368155284632e+00
6.175469832172892026e+00
6.247420566319757285e+00
6.768632351197631181e+00
6.772207086036812207e+00
5.963808493010711587e+00
6.325455831167921872e+00
6.127191573736652686e+00
6.728426446281379647e+00
5.263269177814878574e+00
3.917534033532362514e+00
6.502558553331965641e+00
5.862481115562037992e+00
5.398709007975349472e+00
4.750248126693261241e+00
6.165384662123229553e+00
5.602404756983821343e+00
6.690678720356286746e+00
5.769693156747728757e+00
6.796485073560260659e+00
6.032072695750918534e+00
5.853430227609829117e+00
6.620851771236218042e+00
6.633863157831959789e+00
5.262258318152931658e+00
6.315821496148124048e+00
6.656963829057087167e+00
5.981216681089131626e+00
6.569416832336754553e+00
5.499635077788569859e+00
5.525875267332476248e+00
4.729781724745306448e+00
6.279004827589284687e+00
6.714975235934460329e+00
5.164900962478554014e+00
5.492135465437071318e+00
6.249359694410877353e+00
6.818863057379722648e+00
4.775007614605654815e+00
4.680310823673107024e+00
6.375504812655915288e+00
5.057795445956081437e+00
6.014776986308749684e+00
3.793454547049870840e+00
5.441082413406697071e+00
5.916245903971837805e+00
5.877332975889505207e+00
4.764163074143880294e+00
5.068279955060301489e+00
4.209719501006317977e+00
6.464715061238701210e+00
6.807589067051800669e+00
4.860543606010258699e+00
5.533465660185324708e+00
6.760761657245510925e+00
4.817112063662875698e+00
3.698332745225779927e+00
6.665896724483712177e+00
6.002494634439002219e+00
6.774246303866904739e+00
5.967608035321804394e+00
3.578744808134982414e+00
5.284098581563118735e+00
4.716976545291965195e+00
5.512868199211501619e+00
6.373459248391441179e+00
6.297186808693769677e+00
5.726866004613384575e+00
6.757074854703352784e+00
5.746874700577150108e+00
4.382957699519577588e+00
5.916838808863479571e+00
5.843859149661113861e+00
6.534178123472067945e+00
4.822801550047641328e+00
5.610479113673469520e+00
4.514322195800266613e+00
6.601135042116403895e+00
5.782311940061660493e+00
5.776706031127208263e+00
4.079666831701430851e+00
6.798915688486673936e+00
6.278340186227369557e+00
5.551542549957896533e+00
6.211833469879798564e+00
5.514387052806147160e+00
5.989022767353434418e+00
6.418853508912410355e+00
4.813516857232712276e+00
5.460130696252862847e+00
4.773095252808198907e+00
4.100865425074511350e+00
4.709962843792658838e+00
6.785671685240176387e+00
5.773151445154128147e+00
4.720454004586720487e+00
6.413537893996559269e+00
4.892351208154814834e+00
5.712343588101837177e+00
4.711281576666070059e+00
5.718618449622651312e+00
6.309214026179836843e+00
4.824398830224098766e+00
4.714029712313547726e+00
6.585183202403642966e+00
6.513061669955654942e+00
6.243702599664339381e+00
6.315821496148124048e+00
5.129276461428091238e+00
5.349660735817600710e+00
6.835594614068662978e+00
5.113140325014106757e+00
5.607504362698570333e+00
5.116714273234260091e+00
5.659022478643755960e+00
5.461275455251877631e+00
4.709677987841461189e+00
6.543798222111925078e+00
3.990243333476394483e+00
6.389756146407128412e+00
5.645707003051243511e+00
6.235710911902410558e+00
6.239576104301455928e+00
6.583940459810963652e+00
5.704761284826389556e+00
5.610968186791223999e+00
4.066528519917558704e+00
6.559707921418514331e+00
5.767361444410736837e+00
6.669842643026159479e+00
6.206207488047118304e+00
6.760101147021699397e+00
5.601554134423214037e+00
5.645814632674528433e+00
4.423406726794624433e+00
6.138452569640884704e+00
5.858581168203394363e+00
4.748721543506946752e+00
6.382961749907183346e+00
5.136686899583216004e+00
6.300392974545108160e+00
5.979815224196734391e+00
4.060050060530167926e+00
4.778738809116751973e+00
6.274436341873387946e+00
6.275361424582457381e+00
5.788728770812611835e+00
5.554572072000971694e+00
3.258065203098527984e+00
6.397090474292863149e+00
5.815734608353990254e+00
5.106414147199630271e+00
5.903455487860270523e+00
6.218619470051828912e+00
6.590481367426955117e+00
4.784625345148122655e+00
5.719161445125434895e+00
6.003390932794291146e+00
4.493963300709008735e+00
6.662195459384674834e+00
4.603353229498784671e+00
6.131256138725124316e+00
6.376199540246806130e+00
5.718150328993286458e+00
6.273422868446398404e+00
6.268211918747748967e+00
5.239128851295991929e+00
4.883919363031996141e+00
2.071814985922312058e+00
5.597372994796811163e+00
5.118855170768485507e+00
6.745566733082224431e+00
6.641967120986072892e+00
4.649150935457170064e+00
6.368548490729267542e+00
6.538277066770884716e+00
6.485281541799309935e+00
4.478685065925227526e+00
6.803496124317199190e+00
6.258826083244884764e+00
4.883919363031996141e+00
3.388391807331150751e+00
5.890531908062451194e+00
6.135178673704741570e+00
4.740466699084921132e+00
5.913009445130796848e+00
6.840585657018170451e+00
6.487332724538256379e+00
6.301381848985825762e+00
6.414681906376194398e+00
6.401655145224214749e+00
6.820900062906966710e+00
4.084109310825851935e+00
4.928673088267039759e+00
6.303060393456069832e+00
5.567979540311180031e+00
4.918456108803285431e+00
6.673627383960963222e+00
5.999926743098789927e+00
5.518911864456520711e+00
6.759159330024111512e+00
6.152406981670132780e+00
6.208598882864831303e+00
6.332159477064866593e+00
4.569819761519740453e+00
6.367153824880572799e+00
6.121498794676798028e+00
6.185474145546850266e+00
4.858586908284602934e+00
6.014528538384478651e+00
2.104314631538852343e+00
6.398151861240977567e+00
6.192668867868610150e+00
4.971248570930448807e+00
5.790437802955453961e+00
6.322341381629713375e+00
6.747368766654609828e+00
6.306081809548357064e+00
6.558452739181527491e+00
5.371658782538748511e+00
6.718167970032426162e+00
4.828616124554823585e+00
5.523291335233129651e+00
4.484211923080006379e+00
5.223571505351313427e+00
6.211313567324546092e+00
6.164223261823899236e+00
4.993941589769410605e+00
6.198168798676614522e+00
5.878728709663544549e+00
5.427273264028261046e+00
6.434327916606817688e+00
5.163746094336549852e+00
6.833478662283054561e+00
6.581947594965136261e+00
5.818226736974663638e+00
5.874104646006300001e+00
6.398444732724282602e+00
6.544496664659668284e+00
6.282385068301611142e+00
5.835670814878086254e+00
6.716613378495924991e+00
3.767458898516104160e+00
5.494861184793082387e+00
4.867542945194964332e+00
6.704091501878050252e+00
6.592167208980401760e+00
6.596900479523585936e+00
6.866977019686310690e+00
5.404120331533622590e+00
6.407176983616437838e+00
6.343878485178607640e+00
6.314788561098648501e+00
6.185798699476173113e+00
5.156689144208016273e+00
6.752369445346256605e+00
6.409077933798586812e+00
5.913009445130796848e+00
6.520702272862866522e+00
4.789732384003302812e+00
5.843638114219829482e+00
5.137693019435713992e+00
6.089840230318639414e+00
5.547971945349527090e+00
6.432303591112521701e+00
6.205085697048223992e+00
6.855153611323379081e+00
5.630364205433664004e+00
6.533934221190198066e+00
6.514191822169128621e+00
6.520656421271185721e+00
5.708606206017053708e+00
6.294118485678874109e+00
5.914300651317640600e+00
5.961759770207029518e+00
6.274056891903098787e+00
6.325595403742868328e+00
6.162881992840860690e+00
5.800159072802070881e+00
4.807553500683561687e+00
6.417339454721906478e+00
5.185029645618258520e+00
5.613395067556216311e+00
6.584319714323449091e+00
6.859131642068081902e+00
6.543685528040794175e+00
6.496866920492926134e+00
5.777670184693163513e+00
4.718502393447761456e+00
6.831762885533138707e+00
5.713792550256235003e+00
6.127251836112355576e+00
6.253129353844161464e+00
5.522146944555870185e+00
5.915611333523660420e+00
5.510364595072112515e+00
4.623944178131791816e+00
6.211357036272980636e+00
4.178261934008298262e+00
5.214077017999293240e+00
5.788180768506353324e+00
4.896521478196142141e+00
6.776830064937082732e+00
6.317310351052763728e+00
6.406816734013077053e+00
5.980156813622464540e+00
5.908639154558120055e+00
6.393142105485448923e+00
6.129847794739028188e+00
6.035247450866255470e+00
6.734237304804245206e+00
5.980012137459162602e+00
6.414857732690189884e+00
3.808395654951435283e+00
3.854163381573358471e+00
5.893504929377668233e+00
6.704091501878050252e+00
5.223143778570805473e+00
4.822268989699347586e+00
5.347667118595008873e+00
3.858373353671337380e+00
6.189862004551974550e+00
6.433437215508721607e+00
5.617231220943697423e+00
4.850728826509140390e+00
6.780501958709374222e+00
5.106697319476081631e+00
6.421107616949793595e+00
6.641797842476020008e+00
6.307330252458822173e+00
6.103036182039536683e+00
4.533984740617969855e+00
6.210895279428933158e+00
6.198718686173473102e+00
5.695028353382008746e+00
6.306081809548357064e+00
6.684519263249791621e+00
6.707079093575158524e+00
4.797475611823244890e+00
5.813449248232107180e+00
4.881347443531501185e+00
5.341731959247730366e+00
6.220974069575515131e+00
6.751505826491413842e+00
4.828994374011321256e+00
6.174677536475923212e+00
5.075204754877095326e+00
4.330245376467170004e+00
6.366164187116993389e+00
6.093917724166819205e+00
6.378659104066358054e+00
5.325253768651313280e+00
6.387057460987524138e+00
6.855536760411524710e+00
4.348983037091195492e+00
4.432009326351916911e+00
5.872680232643629594e+00
6.522569224536789001e+00
4.960348234108122867e+00
6.335058312057663343e+00
6.185517598617511936e+00
6.341312432073005212e+00
6.070979464390998892e+00
5.752108082386289567e+00
6.478303957140571612e+00
6.010289130019686787e+00
6.323435984180417968e+00
6.856215398688362939e+00
6.806759844833241146e+00
6.074543870235972420e+00
6.065125048199023539e+00
6.628821854553686777e+00
6.045655888560539815e+00
6.405019936997598862e+00
6.087131636351559294e+00
5.398093198735195664e+00
4.812988403555878314e+00
6.746379801339777771e+00
5.032398492523189049e+00
4.878079846012685294e+00
6.583076445615484218e+00
6.210588533782054554e+00
6.191433311646353133e+00
6.073883307099332995e+00
6.263464321257914413e+00
6.185365607847534974e+00
4.835084129083548454e+00
6.585490220547548290e+00
5.856150071196495333e+00
6.336077921978727545e+00
6.187611734827624943e+00
5.954279963950066090e+00
6.440294489269703604e+00
6.783751694869208926e+00
6.114929749038605422e+00
5.330913309664798483e+00
3.888078141505928009e+00
5.948384312487217329e+00
4.857277410354993386e+00
5.647018492033149428e+00
5.243256131820041688e+00
6.439561944195475007e+00
5.037023525670724311e+00
6.492300630332760392e+00
5.679938892683128238e+00
6.420357450379359676e+00
3.211883402094755535e+00
5.189156036031855379e+00
6.758031254222160555e+00
6.445522154361226441e+00
6.775335966934989074e+00
6.090548727676231344e+00
6.590810371236608844e+00
6.367462004766718309e+00
5.888368163214368067e+00
5.378452767731257467e+00
6.754694162031137594e+00
6.678731694969680888e+00
6.390162630525573206e+00
6.761514941598855799e+00
6.123476064249044448e+00
5.511080623649220023e+00
6.265868219928227845e+00
6.506033030446874754e+00
6.691262121081868131e+00
3.885042849794775766e+00
6.100778819361080352e+00
4.261330038127452369e+00
5.973443981813316483e+00
6.277653449068946401e+00
6.856588208406527940e+00
6.183563830767354830e+00
6.698952561076708889e+00
5.580339317253756981e+00
6.572222970566530265e+00
6.695409157818630774e+00
6.744015974085835197e+00
6.434599724647837249e+00
5.861572167186662519e+00
6.088357656423214692e+00
5.045997583594337144e+00
5.643240682857039836e+00
4.944164825758139870e+00
6.472699588347870403e+00
4.123688019198855415e+00
6.185947460191965064e+00
5.897903737721862605e+00
5.319781426812851599e+00
6.532312060490301775e+00
6.125388483669421014e+00
6.440637228735901942e+00
5.807179862185578578e+00
6.737631446258183665e+00
6.025910976674296649e+00
6.115984110129346618e+00
6.793434062282078578e+00
6.558180620313708076e+00
5.744464124263632954e+00
4.439653719723645864e+00
4.763904156851870297e+00
6.227391657167874683e+00
4.760609147771833527e+00
5.060728411086494738e+00
5.926406063456797213e+00
6.254597008765179211e+00
5.916058440529317508e+00
6.543685528040794175e+00
6.397781464459329825e+00
6.869922665641695403e+00
6.581248118995144836e+00
2.071814985922312058e+00
4.842995558444343374e+00
5.569245641239663591e+00
4.183791986092709969e+00
6.394341075327837132e+00
4.756575740529121354e+00
5.027880300650953593e+00
5.275272359125724009e+00
5.047821072086600580e+00
2.073252150989531195e+00
6.448814746203741066e+00
6.042474293163127896e+00
6.651018736674187082e+00
3.799037924613675621e+00
6.573072982531893871e+00
5.351907916707506985e+00
6.738169228277685718e+00
5.584694137466655661e+00
6.085999891017089602e+00
5.557937790217035712e+00
6.309870030045863665e+00
5.966904118885131503e+00
2.594621410625722380e+00
6.755318954788197772e+00
6.821221397939362774e+00
6.294537294889662959e+00
6.147574827104780759e+00
6.164030985064396617e+00
5.628986983517025422e+00
5.747867256024342453e+00
4.836276665510194306e+00
6.845370454388412185e+00
4.760609147771833527e+00
6.748309920465517031e+00
6.079766470687287594e+00
5.456808684534705911e+00
6.228351377665477528e+00
5.765349324746386728e+00
6.002650580452320028e+00
5.011164258062136057e+00
6.484046236982921485e+00
6.756900793261276128e+00
6.855452713306597445e+00
6.526772807022442890e+00
4.504873920044312641e+00
5.524051681159601657e+00
5.956195588904373395e+00
6.550528882382595341e+00
6.230785928302738697e+00
5.797333065051660128e+00
6.449978102253558276e+00
5.930328614252229791e+00
4.740765116072902075e+00
6.156392367973592350e+00
6.283801126726395125e+00
5.639142266771132839e+00
5.825273761257009575e+00
6.707247509725420720e+00
5.917675375034319174e+00
6.801518230253356556e+00
5.792884847594182318e+00
6.136135107320795257e+00
6.480007717005643819e+00
6.109475619775235344e+00
5.887173343620892396e+00
4.979930547596987722e+00
6.654696219342865149e+00
4.977867247168614284e+00
6.196292980734661171e+00
4.811598336870448911e+00
4.396792853867895978e+00
6.045735113218167811e+00
5.600692762623524779e+00
5.251335133618547424e+00
6.243702599664339381e+00
2.407411587197533454e+00
3.462780587760931006e+00
6.745899279641118795e+00
6.879921288869525142e+00
4.947232103947299287e+00
6.462978015198980408e+00
6.167808123356347316e+00
6.683267406618957018e+00
6.204724633453087890e+00
6.017832514756872087e+00
5.686550688159119460e+00
6.014950256372656234e+00
5.983321239109582024e+00
6.535457793838448382e+00
6.303527920958432951e+00
6.315957721398422819e+00
5.913611095001876095e+00
6.056943293792186545e+00
6.767399168003342957e+00
5.991583038765782021e+00
5.027162223699816579e+00
5.792008618361661476e+00
5.325872919294461383e+00
6.149286995520359511e+00
6.764676641423720049e+00
4.789410057951630328e+00
6.467194846821317178e+00
5.011842604019541625e+00
5.484072535446164132e+00
4.729881846051512184e+00
6.683585008829646235e+00
6.166662302992945044e+00
5.054367850271928475e+00
5.357877366363857696e+00
6.552785206100629978e+00
1.675817259884481381e+00
5.564674508063056635e+00
6.336068412216535606e+00
5.988770929715212077e+00
5.324020308993067552e+00
5.397561170227815452e+00
4.811373913868957963e+00
4.881347443531501185e+00
5.403154833248197342e+00
6.158483228741274296e+00
4.764693162703222740e+00
6.450746696861100027e+00
2.979452400004308110e+00
6.173273275116575753e+00
6.006761750928713006e+00
6.229476682237183205e+00
6.229315722671002753e+00
6.059385662521920679e+00
6.320692775730199386e+00
6.388697365420004992e+00
6.707756492912794855e+00
6.867270418051887759e+00
6.824628798502111238e+00
6.674490873268302593e+00
6.576348033472927845e+00
6.533080265224229244e+00
6.196392978081018299e+00
5.702766266573257248e+00
5.816032164133297933e+00
5.578264404498414208e+00
4.221314031877797746e+00
4.839048883449029503e+00
6.333852493499996683e+00
6.390493825504544034e+00
5.218978114735812746e+00
4.806989371923762633e+00
5.452524679768112392e+00
5.646773804613793857e+00
5.552029879558807224e+00
6.327899688445034698e+00
5.916838808863479571e+00
5.165439105194055358e+00
6.306555775702433309e+00
6.392210471207940614e+00
6.611439682295083387e+00
6.323860793143413872e+00
5.214083564383590108e+00
5.332246337834902761e+00
6.714681759998452293e+00
6.196964066401182691e+00
6.232992632159792379e+00
4.296777293952539267e+00
5.959222238538286476e+00
6.824208172755487745e+00
6.772207086036812207e+00
6.621426538710523779e+00
6.588608367894295270e+00
5.956195588904373395e+00
6.391676655111057315e+00
6.263325425398857504e+00
5.907848959457250970e+00
6.133635253121328290e+00
6.182183060396140739e+00
5.931244062414338103e+00
5.357369965640614851e+00
6.003978910955137138e+00
6.656187221599444648e+00
5.354317703609856594e+00
6.210065776955613792e+00
6.838247263228158346e+00
5.980118645513893938e+00
5.588038298446917906e+00
5.331233449410055059e+00
6.430946311206620081e+00
6.035759684916933487e+00
6.457211106533662814e+00
5.965331716104013360e+00
6.210588533782054554e+00
6.265017489838342613e+00
6.274439680943562081e+00
5.956095681735233072e+00
6.683732978944831871e+00
5.781229359642697574e+00
5.826680506439479323e+00
6.575080872490275397e+00
6.101900114094531702e+00
6.619471256429414474e+00
6.147574827104780759e+00
4.469587236898641791e+00
6.823347296643638593e+00
5.933363606986139516e+00
6.070911322075898120e+00
4.666285847630375017e+00
6.045861674570194744e+00
6.059121938599504986e+00
6.574624706979651734e+00
5.956672688176034569e+00
3.456480493953346667e+00
4.532127968662161166e+00
6.398151861240977567e+00
5.027880300650953593e+00
6.237817665138743806e+00
4.910725774911004926e+00
5.941736130909035296e+00
5.659022478643755960e+00
6.060366118354604481e+00
6.436290104522351285e+00
5.283941950855168379e+00
4.951478731113558851e+00
4.765563333388492140e+00
5.597163264125421200e+00
6.337537228543713930e+00
6.654696219342865149e+00
6.707384499966957847e+00
6.166384070729542977e+00
6.185947460191965064e+00
6.274197460299228979e+00
4.906883255961719925e+00
5.108544471839902457e+00
5.799369518545372415e+00
6.475728351963106810e+00
6.487881525523329529e+00
5.863141973605434210e+00
6.431862477027136649e+00
5.065925168575866167e+00
5.532317817182725861e+00
6.585814054525535255e+00
4.920113315148526567e+00
6.712937802500201556e+00
6.236225938768621191e+00
5.570698753865353403e+00
5.629079864194380001e+00
6.042221562873521634e+00
6.879921288869525142e+00
5.746748078338115739e+00
4.642791625836377278e+00
5.091185372093283590e+00
5.303001994901355154e+00
5.746030452062806937e+00
4.442128264691417527e+00
5.271246514835322472e+00
5.899023456960185818e+00
6.737457758035457545e+00
4.242421276822036624e+00
6.683585008829646235e+00
6.721210187377046452e+00
5.009041206986932337e+00
6.553397947617934705e+00
6.556643277322235619e+00
6.583076445615484218e+00
6.395337960662603294e+00
6.123925826102889047e+00
5.733829460568856007e+00
5.971934597475678785e+00
6.612833226168614686e+00
6.635740587920458289e+00
6.274439680943562081e+00
6.698990975894897559e+00
5.354317703609856594e+00
5.926162890565346508e+00
5.873235749836534403e+00
6.807653915097302111e+00
5.383696700280379943e+00
5.561787183906739429e+00
6.133820516746128604e+00
6.329675902606037852e+00
5.816032164133297933e+00
6.028553811223104297e+00
6.176998377731276690e+00
6.658352911657480888e+00
5.867901217747772513e+00
6.732423402114456223e+00
5.226440473335678405e+00
6.190665380626034775e+00
4.363352216878571888e+00
6.487435042665456564e+00
6.633892902917120971e+00
5.835874114511141464e+00
5.516720248519893843e+00
5.909736954593757474e+00
4.902486072927190186e+00
4.688555467660285636e+00
4.289418534302582131e+00
6.751505826491413842e+00
5.513783147601181156e+00
6.758490193430180426e+00
6.165384662123229553e+00
5.849631772795171436e+00
3.832688815014416051e+00
6.263323992196765388e+00
4.019282151135934456e+00
6.412938435754191424e+00
6.220367965142841626e+00
6.842050273422094264e+00
5.929975664830211990e+00
6.365710973912088733e+00
6.882774785293416464e+00
5.521032594498672452e+00
6.669075882177929238e+00
5.748824994778801489e+00
4.893178454635876307e+00
6.224294134967097492e+00
6.174591581605787916e+00
5.735629958412003404e+00
6.675148699719660073e+00
4.076173559646298017e+00
6.358353434960272388e+00
6.430585439809256343e+00
6.575516102121270023e+00
6.705332429771162950e+00
6.729305961705970063e+00
6.205412538074738471e+00
6.559584712873343548e+00
5.132576916443261084e+00
6.770798795926259217e+00
6.025481709939331409e+00
6.725870520528245855e+00
6.063239813155789193e+00
6.540587405407295662e+00
5.722966264285331839e+00
6.839677032309516846e+00
6.065135278816966569e+00
6.095685522826814307e+00
6.731427842586516164e+00
6.354653560551773772e+00
6.508575363876380138e+00
6.514927148348693464e+00
6.120493126926850991e+00
6.299595162597187326e+00
5.461275455251877631e+00
6.003390932794291146e+00
5.502371055886999152e+00
6.335663893530663060e+00
6.838771684281931940e+00
4.771490490592644740e+00
6.255342336307673889e+00
6.053386378589865835e+00
5.433911706077664050e+00
5.953140478914333400e+00
6.470283084466194268e+00
4.847121549372761962e+00
6.788167759075774299e+00
6.376199540246806130e+00
5.222462865395016252e+00
6.155630850889277639e+00
6.288203141301877075e+00
5.446930973010287502e+00
6.368793977560809338e+00
6.668275716952853038e+00
6.853091177723632299e+00
6.532597198763660629e+00
6.579043477596547618e+00
6.570926729967106361e+00
4.913874015761479086e+00
3.855396897871451234e+00
6.273317589785740722e+00
4.859247564663540686e+00
4.976845785662847632e+00
6.368615754730896583e+00
4.564799720720978726e+00
6.833478662283054561e+00
6.270865193057622022e+00
6.247607768743972834e+00
5.607428033022318736e+00
6.788721387824935505e+00
6.026241077740317920e+00
5.375246803035269139e+00
5.730240205989280966e+00
6.310921211339832304e+00
6.318375165938320492e+00
5.960578183302121857e+00
6.214931576082200593e+00
6.227204267999455922e+00
6.149286995520359511e+00
6.115984110129346618e+00
5.299079329106088920e+00
6.490208790937714411e+00
6.201878553605492783e+00
6.389679123281707618e+00
5.331910737033815018e+00
6.240656511899333125e+00
4.557702147772081602e+00
6.200199243237119795e+00
6.692716628131792689e+00
4.901576832998025601e+00
6.136868797707139223e+00
6.849593672671700162e+00
3.934852205412035175e+00
5.890530542166978023e+00
6.100391378328878567e+00
6.381636283923206143e+00
5.953950965448417065e+00
6.199179695544748014e+00
1.705510363895048176e+00
