5.728621814399829839e-04
8.307622460129610595e-04
4.245819576390230860e-04
5.330075093638549696e-04
5.435926178402883391e-04
1.196069461199126540e-03
1.637162410497582923e-03
5.244237944888566379e-04
6.191880096635418934e-04
2.462315964294979880e-04
1.326418743770736621e-03
5.464163655168769460e-04
1.144549416200916310e-03
5.896884045695302166e-04
6.860950411236964178e-04
1.062030257291831986e-03
6.923150236417119482e-04
5.958537166493152243e-04
1.210899281332481923e-03
6.570340948391293050e-04
7.573034371974728552e-04
1.580381231657432880e-03
6.292091669147466043e-04
1.717320410658745985e-03
1.360820892721237643e-03
1.013922590774752035e-03
4.898253241096793553e-04
1.366382878923049762e-03
2.773248594315232520e-04
8.151057335438569463e-04
7.709558478688530690e-04
9.796007999027108674e-04
1.201212950987706231e-03
9.236005886639914739e-04
6.466969173197255946e-04
1.661922309773166892e-03
8.081287252338003940e-04
1.368983096335896991e-03
6.335061810433815013e-04
4.094875134869703829e-04
8.557055533030971401e-04
9.667497089029357393e-04
7.688014753262067263e-04
1.048265638456584740e-03
6.161123474615934998e-04
1.374392592598414021e-03
1.166153022633916727e-03
1.069482746982417399e-03
7.836790796581679904e-04
2.993383669202460983e-04
6.301345475806716372e-04
1.336368028372187516e-03
2.657046087184997216e-04
1.650417532412329228e-03
5.766803942331195530e-04
8.444011253446056207e-04
5.131492668649550093e-04
6.936448355244331570e-04
1.232271881484814455e-03
2.784626817314713961e-04
6.546947261317497165e-04
4.562942772354396212e-04
5.646308842667146404e-04
6.598792452605725277e-04
1.588431164468145007e-03
7.884286016433255263e-04
9.780090690805777996e-04
6.620888206774111408e-04
7.517926508266187680e-04
1.075334380886750147e-03
7.133053872209028185e-04
6.654350118132091848e-04
1.988950367616013331e-03
9.965180560962568195e-04
1.209201929926453142e-03
8.635735704663465451e-04
1.331979732289201562e-03
5.045965505582350203e-04
1.975628491875049911e-03
1.282874819288203939e-03
5.449989289810889832e-04
1.500455973805123926e-03
1.112414830144384161e-03
1.523596291400583025e-03
8.236360766846473336e-04
5.882250673763315648e-04
4.249236928821707574e-04
7.039090410460121421e-04
9.702942571286963906e-04
7.413265615096683485e-04
7.498061728598041584e-04
6.857853760466289025e-04
7.378218145062427754e-04
5.386112180953259079e-04
2.961576168357370198e-03
1.245761899933069648e-03
7.661506590103362661e-04
7.663613539340544990e-04
1.188343369936480445e-03
7.974714084245028856e-04
5.793170775368510547e-04
7.291902414815911284e-04
8.604689886920568022e-04
6.840410323591677869e-04
1.068522777649675475e-03
5.988695079228373904e-04
8.240277486571017697e-04
7.660291418949143234e-04
1.117665694004745056e-03
3.796481621257161263e-04
1.100520971614213578e-03
4.544757183707385747e-04
1.150030027465697487e-03
8.587965706751880899e-04
1.228107884795054915e-03
8.508812651496695280e-04
1.540140795664780762e-03
2.029784014728007631e-03
6.499927507717227380e-04
8.539661538605750534e-04
6.263245453130660131e-04
5.457669907164050104e-04
1.014298043757080490e-03
8.476389294565717710e-04
1.395991204803306764e-03
6.443154374821931721e-04
1.210899281332481923e-03
6.000427766903501225e-04
7.883420845933900543e-04
6.639141559958809669e-04
6.947139397873096194e-04
9.317750659803581423e-04
5.740660944032642066e-04
6.005922104779584658e-04
5.038750195116303583e-04
8.923779925407112658e-04
8.957905533711684820e-04
5.923156601481774928e-04
9.503260145918128194e-04
1.148626774491174783e-03
6.658307495107726329e-04
5.982062287180035191e-04
4.117354904478570101e-04
1.209680282935201830e-03
1.246380733512247310e-03
9.200205804039918124e-04
9.957789304363320448e-04
1.077003268753906270e-03
4.404386801496367257e-04
7.671180118557887131e-04
4.545478145809753959e-04
6.066807373688254618e-04
1.175931971503438528e-03
8.260891273473360301e-04
1.598912248546784142e-03
8.857641330802533451e-04
8.683245559858818619e-04
8.355005596040973072e-04
1.173594252385987136e-03
1.157201220095605866e-03
1.110084789206923018e-03
3.794161411778512434e-04
9.029313051718752293e-04
1.207387624684947954e-03
7.238347076077422801e-04
2.834464238194387472e-03
1.156203691237047380e-03
1.072599066554119889e-03
9.590534554199139873e-04
6.751771606404233846e-04
7.598005823520738271e-04
3.866976356686930042e-04
1.229753740618343008e-03
1.435215556644200670e-03
8.331113759823459376e-04
1.002337333327439932e-03
6.266836509378948981e-04
3.160273292253126223e-04
1.009459561628245306e-03
9.723505473148154029e-04
8.801686995234718827e-04
8.030230336938715173e-04
6.205630963252068994e-04
1.580381231657432880e-03
1.272625635432141902e-03
6.244613952399693168e-04
1.061960022082730423e-03
1.310822099809596467e-03
1.385930244259866518e-03
1.815917778580763238e-03
7.274666370977414965e-04
8.690603035451896930e-04
3.687522983272388359e-03
6.495626551727034289e-04
8.942397982160159775e-04
1.025232665292757353e-03
8.342314626598770462e-04
1.861700901420662710e-03
7.307560095879678383e-04
5.439299432313887900e-04
7.678458422825273260e-04
5.395279863697000425e-04
6.534649606312260177e-04
8.568332250211408135e-04
1.404146366883671443e-03
8.334971448847509987e-04
2.145735965263393698e-03
7.712309885415457407e-04
4.290651227241702487e-04
7.504069305408740762e-04
1.715291978271733884e-03
8.305040823616475880e-04
4.809484726678690683e-04
6.317628765543187265e-04
6.171848837243894617e-04
1.198129846754594210e-03
4.395529649729320275e-04
2.016873482447294544e-03
3.870588699638370460e-04
9.259819691170682616e-04
5.147005708143008711e-04
9.829454030052086743e-04
8.152145323294478609e-04
1.566638165477571504e-03
3.371703685113989395e-04
1.039334532404884333e-03
5.882525014754386942e-04
5.620053379573335291e-04
1.072727012019126245e-03
7.367328221191604340e-04
9.465693540491412110e-04
1.870980763251397149e-03
6.685852722750100161e-04
6.066807373688254618e-04
6.170387201666116582e-04
9.152463960293932919e-04
6.633740847308586090e-04
7.777640417225622702e-04
8.093037037216403544e-04
6.783658616509286683e-04
5.464163655168769460e-04
8.582474453225997840e-04
1.887594525696633828e-03
1.498482694534262333e-03
7.164101552799255349e-04
4.478202949538684905e-04
6.393795777236619109e-04
4.352468991770557568e-04
1.220814584392685906e-03
6.234707529679912267e-04
2.411326823995865558e-03
1.413025752882014806e-03
1.354846853819684921e-03
6.988463390885139240e-04
2.016241541800889089e-03
8.889523539840513090e-04
1.007780085953166680e-03
1.907811346599464549e-03
1.795463542943987042e-03
1.232245861352779552e-03
1.560763487913381740e-03
1.369981118404851178e-03
6.543782911520441533e-04
4.519921574563292980e-04
6.861798213596389173e-04
5.066203680540261323e-03
6.227734825208874718e-04
1.109786247243403461e-03
6.846363668928656665e-04
9.366584110402519005e-04
3.783753515613378976e-04
3.905074513820062151e-04
1.831890718270428892e-03
6.376400296339644180e-04
5.460811180947022433e-03
7.435133626893406997e-04
1.233367646282478025e-03
6.557997562790685454e-04
1.003297557359728682e-03
5.198081184246789929e-04
4.920366073051954479e-04
1.062943300264906910e-03
1.196069461199126540e-03
4.305144553023721983e-04
1.898061323398610124e-03
4.317464559854219974e-04
1.405635947686564554e-03
7.806546863342374732e-04
2.179364933678377709e-03
1.122198044323332797e-03
6.429971838246486149e-04
4.444946722220274220e-04
2.519208462710274387e-03
1.117477683775086215e-03
3.476544667461132620e-03
2.525857844272642524e-03
7.562468824756503035e-04
1.406898477063511050e-03
1.102768993659927190e-03
6.418687424793952144e-04
8.661813672404377598e-04
4.528085347903615366e-04
3.630806126819885308e-04
9.530188344659603359e-04
5.922626289887499484e-04
1.855446390188583445e-03
1.117477683775086215e-03
1.096860786066820208e-03
1.417102968299649175e-03
4.497710437819098066e-04
1.127056755399774828e-03
1.901804858850896646e-03
9.338797737503271371e-04
1.138584609937390302e-03
1.288147992086960663e-03
6.934297114260125740e-04
9.188064899432035054e-04
9.807875438958876379e-04
7.826560022172019630e-04
7.988675110232495210e-04
8.410648316975803630e-04
6.162004074676196656e-04
1.375603572966457248e-03
7.762244675702795324e-04
4.039331346790726190e-04
7.584708066582699325e-04
8.738453236086876370e-04
5.525426922835697131e-04
1.729355580171813280e-03
5.377418562322618502e-04
1.309540285666802376e-03
2.270072154536170467e-03
2.117547307865581124e-03
5.358563836841346217e-04
4.385675257596996696e-04
8.261897982285275072e-04
2.867743024664329461e-03
1.798842923143411689e-03
6.811835312194858532e-04
1.146662612079284941e-03
1.974857421163283069e-03
9.327119860580924049e-04
8.745577114886564927e-04
3.229496076901248384e-04
6.167824539732046953e-04
1.514254277429094488e-03
1.224358723094401240e-03
9.764826095155236443e-04
3.682242970633032675e-04
1.439918335549226960e-03
1.464864995740759995e-03
7.572529724673664328e-04
7.951779249199124626e-04
9.359488281702966952e-04
6.364699820303673650e-04
7.659987417562553157e-04
1.871707018259572688e-03
8.966794232450946232e-04
1.500001797365268586e-03
1.074689787619254088e-03
5.466395682824258051e-04
1.087564973782195570e-03
4.878171135698127696e-04
1.043176395121251298e-03
1.268804832384529688e-03
5.330075093638549696e-04
1.166084138074953338e-03
5.331553673406513871e-04
2.808814504611295212e-03
1.015235525901869327e-03
1.512697100065801478e-03
4.332779573928734543e-04
1.190429949097647272e-03
5.898278661328093704e-04
9.672629152293586458e-04
1.043040423154473987e-03
1.130403190062554547e-03
8.530825837203020361e-04
1.333892710043556437e-03
5.422808421049855887e-04
1.533430797185874076e-03
5.201382146563164437e-04
1.161172622656040905e-03
1.901804858850896646e-03
9.049453247550312334e-04
7.104313604552835431e-04
4.777495860613112117e-04
3.914393939072352167e-04
6.398757095016413933e-04
1.047375093584428530e-03
2.524530379641892665e-03
4.985740822285276985e-04
4.817508222128547403e-04
3.331616101680708042e-04
9.345132383658861543e-04
1.393478254103443226e-03
1.205927716518800973e-03
5.446780684318586413e-04
8.616266927747370926e-04
9.514874394792641708e-04
2.011366376100977727e-03
6.961044107524970263e-04
5.212862371853670867e-04
1.457478915466592839e-03
5.381962045900832731e-04
7.045551091647724289e-04
4.647745314388914751e-04
1.169442521380259416e-03
5.870851639382462187e-04
8.458367066476179001e-04
6.337685634328667087e-04
3.878847229276833350e-04
8.708850345454851325e-04
1.726508582458473242e-03
1.034407627357566495e-03
1.042535221287070298e-03
1.613854359566151446e-03
3.521981394272951944e-03
1.311951078890434119e-03
3.908935502646850133e-04
3.586774072205897767e-04
1.370122098714580874e-03
4.642341317051915128e-04
5.211610007389132909e-04
1.107527073705720641e-03
5.569098275678813735e-04
1.431353891371307937e-03
8.544768584118882931e-04
6.876079151290099157e-04
3.852494072208600571e-04
1.076053699146881874e-03
9.159256596610045823e-04
4.184391833824552135e-04
6.278868851838374961e-04
1.392034611467537954e-03
5.296915405220643846e-04
6.219114234181701570e-04
7.587831277857087341e-04
7.905139059100894146e-04
8.733308803698394901e-04
1.282687389439564818e-03
9.597639262951342164e-04
4.332779573928734543e-04
5.419779447442613562e-04
5.378503260041586544e-04
8.367208259455293081e-04
8.476389294565717710e-04
1.859434887001614606e-03
1.378776335811790011e-03
1.435379180758324189e-03
3.601903588931893428e-04
4.819197433807864846e-04
1.168338251973523962e-03
9.246415211752749466e-04
4.384302842456820745e-04
7.886018538913134451e-04
2.652583955200767032e-03
7.112131052278916491e-04
6.714049480499755581e-04
5.220636618488958035e-04
6.980603583495807165e-04
3.229496076901248384e-04
9.139311843134851438e-04
1.032655622419270799e-03
6.119216041008478752e-04
4.121334289091312672e-04
7.459351026067767869e-04
4.547208182027532544e-04
2.321913255623700694e-03
8.920197965815708594e-04
5.474210703122764842e-04
1.363031501627258186e-03
4.509435561073836486e-04
2.996625596075564498e-03
2.202617639406100579e-03
8.528232730781798096e-04
6.905485845299522488e-04
1.078767308678624985e-03
1.121501946040125586e-03
6.013976011839125904e-04
9.596376882319456640e-04
1.007191478450074210e-03
5.642115646179356398e-04
6.370944436712765255e-04
1.979370351001054872e-03
6.360907958001138117e-04
6.407080754162856624e-04
6.367115834566598135e-04
8.819509088994895770e-04
5.340214578907490550e-04
1.186764125281955474e-03
8.221294261722453907e-04
6.478017101140475745e-04
3.980473229443980089e-04
6.252650317350268898e-04
5.157355789034973178e-04
6.913827351173691465e-04
7.210993858533441781e-04
1.820106382340027197e-03
1.077050299186817217e-03
1.519376708633926511e-03
4.861895198216611286e-04
3.895567513651392640e-04
8.585764629325315020e-04
2.414111597096537613e-03
1.781224726458900502e-03
5.562734849039332281e-04
9.271607434796152276e-04
7.837917806843442553e-04
7.409441382677842657e-04
7.018875143250262504e-04
5.786812184931936420e-04
1.864214016216212072e-03
8.707884821851486325e-04
8.202107959340931929e-04
9.482423633764304732e-04
5.322382788491416758e-04
4.824326904384757930e-04
1.141169138859253343e-03
3.380147875433404708e-04
1.689442306849182548e-03
8.912665628079440624e-04
6.397111362292717341e-04
5.705238045412045714e-04
6.306341415570734972e-04
8.210038263047688030e-04
7.641257342278579218e-04
7.642134867788767790e-04
8.633700634733861836e-04
1.062066211110029162e-03
6.082618665863966318e-04
5.949398652788184891e-04
3.695475902641100902e-03
1.283555760583308817e-03
1.292498943038807198e-03
5.320417458733490024e-04
9.287801781230188656e-04
4.304195138426970433e-04
9.638657031835757682e-04
7.220651659740010692e-04
4.777533910337719634e-04
7.787588684402100983e-04
7.758597448421535037e-04
8.733832264490648317e-04
3.350548963771562516e-04
6.663748093190942313e-04
8.459880979762179508e-04
1.156264398891894071e-03
6.485917128057309012e-04
1.056612457225896209e-03
3.694831902023647599e-03
4.436894659581762726e-04
7.432820202271306831e-04
1.384634161491800006e-03
6.729490728760817398e-04
1.144850752467479809e-03
9.251211427606325201e-04
5.312344180916450751e-04
7.329317206562871749e-04
1.052832707925378765e-03
7.812561313943741431e-04
1.541320990414856351e-03
1.879098652910674580e-03
1.076582632840218353e-03
1.973951678257274828e-03
1.122448822355144550e-03
5.763929409300196701e-04
1.406466885239047527e-03
9.415460819671209441e-04
2.227232703308032035e-03
9.796007999027108674e-04
7.381839014594473482e-04
4.244102984275851176e-04
6.849548644873910573e-04
2.705223478590132024e-03
1.095631443477090242e-03
1.213017007973773379e-03
6.113025811460831701e-04
6.244819833585465822e-04
6.702086470287566813e-04
5.030198020054972271e-04
9.921266608831297643e-04
1.165105874774132518e-03
7.589378141834309628e-04
7.212742124369273629e-04
1.651815152562140709e-03
4.729710543750335915e-04
1.237285534929948288e-03
1.384652938727103317e-03
9.626484364095842274e-04
5.781145482929615038e-04
7.435037784440851928e-04
3.878847229276833350e-04
8.546898207167174079e-04
1.368142854570470086e-03
1.502521987422116229e-03
3.476544667461132620e-03
1.483367331442484978e-03
6.132582156907064952e-04
5.393401837418129122e-04
4.055078095314865422e-04
5.953639433249499581e-04
1.170309969878240239e-03
6.740401497333850783e-04
9.677470507464948184e-04
4.237866733918703444e-03
1.362244486706927233e-03
8.255541521289420839e-04
5.348013794967191020e-04
2.753416974480124915e-03
1.049437211066997716e-03
6.220637582399386745e-04
3.675173413724320431e-04
2.426280240737893872e-03
1.066823880934255611e-03
6.229974263053860914e-04
2.919040578852848383e-03
4.125398142982759052e-04
1.280272886155833659e-03
5.508517413575646270e-04
9.706042178490558716e-04
9.886150160362781880e-04
1.105753366525225653e-03
5.891056680755830596e-04
8.604689886920568022e-04
2.037298972690291046e-03
8.908116926186098513e-04
6.503859893946707530e-04
1.237285534929948288e-03
7.392092898886572444e-04
5.953483928493522167e-04
2.043040264401111122e-03
1.736172663776838201e-03
8.946288875657385301e-04
9.088294517196622135e-04
3.482918830503664749e-04
4.819782553631391485e-04
9.538488920420184645e-04
6.792352895684325301e-04
6.826990576426433073e-04
2.443550741716447438e-03
6.681299095067606483e-04
5.883247067814925853e-04
5.124308588225296108e-04
3.622608143413017390e-04
8.713834696996630496e-04
7.019444340405941833e-04
5.745288372539786434e-04
1.395921109355291586e-03
5.641346051272950503e-04
5.590544023547200890e-04
3.812972793802348265e-04
1.389187119509161742e-03
6.829768809725173364e-04
5.907302830908345509e-04
6.502934175494812404e-04
6.031077591011672033e-04
3.529848795037950331e-03
8.005248748267249992e-04
8.609397227297093226e-04
6.496284611039725718e-04
3.002277593504413828e-04
1.273270267140274269e-03
5.361865298101603896e-04
4.346005196971087993e-04
1.230586323446201990e-03
6.343814081730572534e-04
9.878900234475804145e-04
5.898771691633573032e-04
1.283024177759027563e-03
6.685852722750100161e-04
2.824168818683945453e-03
1.739438869563709284e-03
1.033812177552395368e-03
1.814689868551722703e-03
5.008485689408135417e-04
9.939314155107536065e-04
6.566485865702200407e-04
7.667729178942855189e-04
1.239911707286918061e-03
9.255204432148158569e-04
1.226711427977733235e-03
6.200679308458592392e-04
6.706996867641489913e-04
5.317432015583826088e-04
8.913805960902058349e-04
1.056508906847837765e-03
1.088095014896533520e-03
4.697476466173446433e-04
1.201224876833410001e-03
1.792156076940103421e-03
7.206074428579366904e-04
3.359161557213125949e-04
3.266174441887624742e-03
1.414006733291548563e-03
9.282174694197941126e-04
8.826233413778369376e-04
7.981889966492989198e-04
2.571152146335496831e-03
8.501163011323237652e-04
1.932050784272233354e-03
7.179513059389315078e-04
7.619470999530414098e-04
1.127953760869287829e-03
6.029960303393513228e-04
1.571660284132856029e-03
7.131234740398000038e-04
7.055711094768007778e-04
5.552275962246002242e-04
6.751680223360929066e-04
9.730179945643431657e-04
1.573883516208293221e-03
6.597882770285147308e-04
7.459351026067767869e-04
1.211345980816412420e-03
5.605237231785507347e-04
6.514244799159984913e-04
6.370804020435856443e-04
2.973700711988133943e-03
7.853376116277292502e-04
1.369798464944127015e-03
1.196158975798320952e-03
5.671942080812862825e-04
6.136777417591304361e-04
1.105897924876269971e-03
9.682591365151420326e-04
1.166821899222431069e-03
1.389681023220290306e-03
1.427258274015973149e-03
5.529440246318466758e-04
4.853717905992341493e-04
5.992423545404729820e-04
7.031221217355407369e-04
1.117093624854146499e-03
9.063121636081833627e-04
1.912988829427838275e-03
1.407925272205519385e-03
6.111834579185088361e-04
1.074503021462952382e-03
1.221374451800684002e-03
1.982757953528601486e-03
8.388204336738040029e-04
4.137175168450765261e-04
1.543221331653923728e-03
1.584611228998124809e-03
1.127677705950879457e-03
1.861700901420662710e-03
4.598797790378206956e-04
8.217863568602198909e-04
9.989686704969559516e-04
4.563990039573497665e-04
7.423226688220367197e-04
1.915143682480852224e-03
5.187376437195098970e-04
3.896898731931102951e-04
6.485886438566741035e-04
1.096460676842603071e-03
8.939307555125174847e-04
7.440193799680427673e-04
5.155977830179906329e-04
6.947139397873096194e-04
4.517622934764417455e-04
8.111509345380355646e-04
5.883247067814925853e-04
7.703742709919057753e-04
1.557975218172487093e-03
4.253038818336125643e-04
7.890668002915405535e-04
6.427145768838831786e-04
6.432597970264783199e-04
1.244313290930593998e-03
2.437283254074548450e-03
1.137148915426715269e-03
7.464412297094689258e-04
1.216091969951634943e-03
1.674502949051306097e-03
1.224674658276563716e-03
5.590349952169708196e-04
1.023143705784119529e-03
3.843052330749200827e-04
1.123072930538576665e-03
7.531002767599751088e-04
6.383767777240049492e-03
9.271607434796152276e-04
1.547023679429634533e-03
1.361091955963484625e-03
7.022585607253273732e-04
4.123220480984900486e-04
1.692830816477076689e-03
7.018102780881928585e-04
1.059505404916546555e-03
9.069298983206459551e-04
4.767253035072966608e-04
1.105753366525225653e-03
1.130768602291567842e-03
2.477058814982873152e-03
1.867223633735272262e-03
9.202609653208260968e-04
8.443637455511169296e-04
8.765612936183364437e-04
9.040722918119118877e-04
1.094134888425032188e-03
2.491880272314900800e-03
1.087963456797729584e-03
8.128451579181962885e-04
1.798842923143411689e-03
1.170309969878240239e-03
5.172840784065737847e-04
6.116195113010217989e-04
9.263849816742485491e-04
5.464163655168769460e-04
8.803603783496890970e-04
3.950205179827018655e-04
1.322990709854641664e-03
7.484063274761337380e-04
4.832093351745244346e-04
1.586767455517782126e-03
5.557018090127650075e-04
1.273270267140274269e-03
4.771623481920802537e-04
1.270785105603783717e-03
7.381839014594473482e-04
6.381791200466009183e-04
7.810314142271941682e-04
1.035738276137446699e-03
6.329229722792968508e-04
4.922658750865414011e-04
6.591761177503573490e-04
4.993313617204963228e-04
1.600757992310994186e-03
6.376328374547242297e-04
8.037584053564683466e-04
8.048776480343949836e-04
6.464616146018166811e-04
6.073307157744774502e-04
8.452660971311488350e-04
4.865397737245202425e-04
5.836272162553485634e-04
7.744627182558286868e-04
1.814689868551722703e-03
4.249583552887643573e-04
7.868839458201573774e-04
4.392601089336654386e-04
9.830971479921958057e-04
6.518596367330609922e-04
8.538615667751018158e-04
9.350222798952657986e-04
7.679172867488405062e-04
3.641350452412072877e-04
3.131842610138956418e-03
7.179513059389315078e-04
5.142683791426753883e-04
5.599605439644105963e-04
7.161771977619845473e-04
6.611647339050695299e-04
5.562734849039332281e-04
1.004843452065440909e-03
5.750301253627240284e-04
1.296326025210188743e-03
5.805888969297348483e-04
8.569595750570726178e-04
6.570340948391293050e-04
1.361091955963484625e-03
7.167618274540969985e-04
7.464412297094689258e-04
1.644179156593034282e-03
1.030846461279959518e-03
6.082735307263671459e-04
7.115667405465134990e-04
1.129399794018656712e-03
1.343098918067019360e-03
4.318584464799047761e-04
9.063121636081833627e-04
6.422974525150494185e-04
4.085237557665956191e-04
6.964863212835459500e-04
1.082816584679051602e-03
2.736667263343079033e-04
1.627724882021813757e-03
6.507787251498575558e-04
1.054734363873224834e-03
8.156324770241257663e-04
4.000799831627445922e-04
7.941494440098181319e-04
4.426299977205168205e-04
1.385517429785440699e-03
1.027522692970716297e-03
9.769022039554698961e-04
1.009531749436472226e-03
8.920197965815708594e-04
1.508080223394762942e-03
1.109761760505898398e-03
5.982062287180035191e-04
1.078924674770117805e-03
9.458648339565825383e-04
1.957040472436035339e-03
1.615569404621452088e-03
3.679973953945120065e-04
1.717391834800122878e-03
7.210374331455778919e-04
2.583957568375739710e-03
6.649062675573708375e-04
7.601740562210114243e-04
1.372233453470870492e-03
6.601647483464383962e-04
9.718079313239377705e-04
2.435896213009600738e-03
9.748796867330729700e-04
3.876204290589263871e-04
4.595426804373426593e-04
3.940090084150632576e-04
7.559515911879204899e-04
1.050514424574989321e-03
9.599498620669615241e-04
7.383977715272234139e-04
4.506051766507147534e-04
6.764316427065382876e-04
1.150030027465697487e-03
1.384251314296200148e-03
1.077909942826374857e-03
4.191255351825777888e-04
4.248825041271941613e-04
9.774079720328925601e-04
1.042745948261964047e-03
8.687660430076549287e-04
2.151078294631880803e-03
9.315401981124592874e-04
7.586848444247769850e-04
4.631977228781340239e-04
5.449689598667723867e-04
7.715246268189406053e-04
6.361542175615390914e-04
3.167130450288935793e-04
7.317728079399399939e-04
5.215269028061661092e-04
8.582474453225997840e-04
4.305144553023721983e-04
8.095635125177653296e-04
3.853836971553141998e-03
9.461967354233410997e-04
9.120726753492709640e-04
3.744807681471863268e-04
1.211872480291063770e-03
7.882315313608235282e-04
9.289640250247763100e-04
6.813978502171712248e-04
4.669774982447657966e-04
1.209921240907400452e-03
2.179364933678377709e-03
1.373154014189312613e-03
6.233722863864921788e-04
3.125429002652307074e-04
6.002750048298779745e-04
1.579656111250129363e-03
1.356256967935669461e-03
7.681042397549699228e-04
7.273434148800533589e-04
1.341979121142914582e-03
5.675035401502029038e-04
1.689282759744183213e-03
1.834237274875607148e-03
4.094371745671705233e-04
7.512920939861888157e-04
1.472324244664649550e-03
2.657046087184997216e-04
1.057857552484948570e-03
1.074689787619254088e-03
1.722545298103201868e-03
9.465153575119422376e-04
6.541751799914090424e-04
5.340880953612056397e-04
6.745057986222519281e-04
8.680417009410102639e-04
7.532800605530554604e-04
5.314868594721002199e-04
7.704013535978199547e-04
7.697643853928665299e-04
9.118180063055154666e-04
5.898560818648938093e-04
1.414006733291548563e-03
5.030198020054972271e-04
1.197543733827964238e-03
5.355015933612582071e-04
7.181356388524418218e-04
1.216208538323951911e-03
8.750196278805151507e-04
1.593439270697200212e-03
1.094491720118092280e-03
7.239418114468210586e-04
6.439069709392828290e-04
1.032853431282986780e-03
1.001841378670976796e-03
6.489037176302179903e-04
7.789132723506424737e-04
1.721402737706664984e-03
1.347825836120826199e-03
4.820245454433447923e-04
2.794394125246017942e-03
6.965828932979897846e-04
7.715140648948814496e-03
