1.658360746591235882e-03
3.335993970985257897e-04
1.830619603966911115e-03
5.618806190559165080e-04
2.378551023667956500e-03
2.412037991170060483e-04
1.414960062429877936e-03
2.864590871705816229e-03
1.125030154027659721e-03
3.141919936185523054e-04
3.076704778212689478e-04
8.038612429954489647e-04
9.556269642656097440e-04
3.563315124598250504e-04
6.700358948268751724e-04
3.386053353472698790e-04
2.614700550320158117e-04
2.338996833367012747e-04
2.566335632997687895e-04
2.319864562726330905e-04
2.376971816556285391e-04
5.849607544883160450e-04
2.041983138984175929e-04
6.945756796841643212e-04
5.876810930491281355e-04
5.545881691712225593e-04
4.927990232695681665e-04
3.459022968407776352e-04
4.827626116183503365e-04
2.491515384546711450e-03
4.219111237930868582e-04
5.011977457998910207e-04
5.097344301557001989e-04
6.230327820851609905e-04
3.194831891535610500e-04
3.408138534752664576e-04
1.383107140282250399e-03
1.063646816584830910e-03
1.071815636739853602e-03
8.178636493556327948e-04
3.321694821879742250e-04
2.538813973182386030e-04
3.500144532856339628e-04
2.442346572985104537e-04
8.065860684700068778e-04
1.093031761838264950e-03
4.140724989543073708e-04
7.779912223840795881e-04
8.318929237323726940e-04
2.260871480372305645e-04
3.754316372626371003e-04
1.152333732740459631e-03
3.891882271268661984e-04
7.842576976159573070e-04
4.131853460275221150e-03
2.951377252249812546e-04
2.038178065566452306e-03
5.392242916837179092e-04
7.893820090513948727e-04
1.000394975469963638e-03
6.996681536120594571e-04
2.984221106243504563e-04
5.676789333039892766e-04
7.838433900281811893e-04
6.050567990340767260e-04
2.259496965629427274e-03
3.384078429687740358e-04
9.206766860710890923e-04
1.844867541440609830e-03
3.147023790568665531e-04
3.200360486988343498e-04
2.994544912859891002e-04
1.662987859695711423e-03
2.621037595114088649e-04
5.133997099477324334e-04
6.589281312083405560e-04
2.443726840566662621e-04
4.922321406079920459e-04
1.759540035700268238e-03
2.269030724918495246e-04
1.340592646054268068e-03
4.212697084117217479e-04
3.288325443142230738e-04
5.634954159308183360e-04
4.734057755053889486e-04
3.112168985722590909e-04
4.235242732900818007e-04
1.444008554261341564e-03
4.625228163781297985e-04
7.204613055849166774e-04
1.253298613593876575e-03
6.165801413815624179e-04
1.218768395223706908e-03
5.482575043073791878e-04
2.072478927372234771e-04
5.485003797094290976e-04
1.136442619007678760e-03
4.290650241159524661e-04
1.198688007498662335e-03
2.472616261606809529e-04
6.002921425653945939e-04
5.475698933534293468e-04
5.077325428335082835e-04
4.610525167665910427e-04
9.869850933464923304e-04
3.525552814020237007e-04
7.935140961101776972e-04
2.267752693646866123e-04
2.681688762046353751e-04
6.287840163181582665e-04
2.744130039828571654e-04
1.596677353733196069e-03
1.928905296096365598e-04
7.859660936437500110e-04
6.370495104926857674e-04
2.436715476613352460e-04
3.393260810395413800e-04
9.311780901825924672e-04
7.179966611932530772e-04
4.185207614393605361e-04
4.159985735850382955e-03
3.355638508143731500e-04
1.673957555164395580e-03
2.500568192931295068e-04
3.748284114180773507e-04
3.878242163434915076e-04
4.574005205767855682e-04
4.344499410774924097e-04
3.953232658493975593e-04
2.698932221990671420e-04
4.998130999976284437e-04
3.253500843229639966e-04
1.002715701280456392e-03
6.993332584748702041e-04
4.114850150800553226e-04
4.352877148181354128e-03
3.193576666780259749e-04
3.489352412582501185e-04
3.301423020397056493e-04
2.051232396687534439e-03
2.378551023667956500e-03
1.706708993599609196e-03
9.156106037758525266e-04
3.699188271510937711e-04
5.475538527356820818e-04
7.953477917279388109e-04
4.840248173291445766e-04
1.270589403298702513e-03
2.439333127570698868e-04
2.299261898108493371e-04
1.906498829221826147e-03
1.795643502062853943e-03
2.309350296195529419e-03
1.218768395223706908e-03
3.807780614577567090e-04
2.777287925525807281e-04
2.890614398900927923e-04
3.806664801077354592e-04
1.149127285563905209e-03
3.765376339756508700e-04
3.325498347862559803e-04
2.896289469744580498e-04
4.559474530352760724e-04
4.224926097349605532e-04
3.700886056801071678e-04
3.971412733926611553e-04
4.296967190707415090e-04
1.457678165119274385e-03
2.655881809017162200e-04
3.957853911145252129e-04
6.522818674470185103e-04
8.363069181901009765e-04
3.877154305115742628e-04
2.433841074992205977e-03
5.278027699297800461e-03
2.529115170878358521e-04
1.679433900059024848e-03
1.395829999915866159e-03
1.445362848827511483e-03
4.810208418122137669e-04
1.528068335281598106e-04
6.410399583425786200e-04
1.139215699454999408e-03
8.247115076305900142e-04
4.445123555987230907e-04
1.742179476686564140e-04
4.477437932875949142e-04
5.917825489329731938e-04
6.249700869792666454e-04
1.192268406473854375e-03
3.915920421197758888e-04
9.267053259510600865e-04
8.056174325351531020e-04
2.174927056356544975e-03
1.998689033311912364e-03
2.008317031468133190e-04
4.704525307698356903e-04
8.426449317866093608e-03
6.359772340495435531e-04
6.931304330807621424e-04
4.693772618626022288e-04
6.907420666705133428e-04
4.762066007576788609e-04
2.263806491382823471e-03
1.093568397558976031e-03
8.998634911308771647e-04
2.419949054058524653e-04
3.004001531192172130e-04
7.714598436332779832e-04
4.587664887892341226e-04
4.080651531002884051e-04
3.584489891655360280e-04
7.572727143422898792e-04
8.321314373327006039e-04
1.688329407185606382e-04
2.619646049466040419e-04
1.954290819055493587e-03
5.693873932328631302e-04
3.998126022155312808e-04
3.525214019410743450e-03
1.161533977705885620e-03
1.049269632648321343e-03
1.228664514836124008e-03
3.122462515677866405e-04
6.185965654113818966e-04
4.880636001716808598e-04
7.791523667048409416e-04
2.196615555417159925e-04
3.602240202490131042e-04
3.144045585428412171e-04
6.011729831892943798e-04
3.875695728972478049e-04
4.593045935907496928e-04
9.197416567526010486e-04
6.363983401002216815e-04
4.095646566747020395e-04
3.983884749948954753e-04
5.541813280669268676e-04
1.625496760543353267e-03
1.330631663170450500e-03
2.230406741737987427e-04
4.890465598759319993e-04
5.623368051402188178e-03
4.266927476598635777e-03
6.255736777208889716e-03
2.828720757224950123e-03
2.944849709926602673e-04
1.475939529853953795e-03
6.055019496473392155e-04
8.132768891621224407e-04
4.962903790965253643e-04
4.413448202919734338e-04
1.095540822469972218e-03
4.027331322831757951e-04
1.888608906294597482e-03
2.423273625079190000e-04
2.240519034986441051e-04
4.504052887847721592e-04
2.236654439760605401e-04
1.000394975469963638e-03
5.481097454795930612e-04
7.018833917051309386e-04
8.108179683003008615e-04
4.861119692732773713e-04
1.519092906700527474e-03
1.367890257394998622e-03
3.040572276204489034e-04
7.107243644892831912e-04
7.588057536496834420e-04
3.994036778171868160e-04
6.351115853016728492e-04
2.694038596903709564e-04
3.188161274247864121e-04
4.656214621337326958e-04
1.447112828532267281e-03
9.679684293716897189e-04
6.230327820851609905e-04
6.837634042091187509e-04
4.879314738693471781e-04
8.105102737167067068e-04
1.099184668490448555e-03
1.240044955385683368e-03
5.646126173179788878e-04
2.857395094343974135e-04
7.193532663256210031e-04
3.064413694887633860e-04
3.460393173379146519e-04
1.155715499699882035e-03
1.055801035276937713e-03
3.487252109814264599e-03
2.581798026618438197e-04
2.554830656101485871e-04
1.179548821850195852e-03
9.708833992964198975e-04
2.309683736073029335e-04
5.826088252413828003e-04
4.075720854581693295e-04
3.461416471532792667e-04
4.367394569223471881e-04
1.159061006052262066e-03
3.333519661632069944e-03
2.384214345408016810e-03
1.381640730365932615e-03
7.224336148186178645e-04
1.995530939166539322e-04
5.743642849930566657e-04
8.132768891621224407e-04
5.590404080515422227e-04
2.174446261381849071e-04
3.284298147458712290e-04
7.477144477497800869e-04
1.087441142187182573e-03
5.471271543540509250e-04
2.348311124353151536e-03
6.431345264192135170e-04
2.582403423741311830e-04
4.137073252749452453e-04
2.405137479358027618e-04
2.845238166845284484e-04
1.014738437177739377e-03
1.522196558223763187e-03
1.770125187899930530e-04
4.758136470030925472e-04
4.296967190707415090e-04
3.681298857072722529e-04
1.680844637522997198e-03
9.370481292867373531e-04
8.179963832923961738e-04
3.468064638739128732e-04
3.648713083915058105e-04
3.285226278056092939e-04
2.929582518178445267e-04
1.027907376111261923e-03
4.478191160716585404e-04
1.831847609701736527e-03
5.829534528685259781e-04
1.822100301449102551e-03
3.034661141432147481e-04
2.482931301448939557e-04
3.673234765252134061e-04
1.179548821850195852e-03
3.207427001034451604e-04
3.942756853112823609e-04
5.491002726561478335e-04
6.638686424131526971e-04
4.898142371522405366e-04
9.981915988762346797e-04
7.073550938101667808e-04
1.669145904537669076e-03
7.359278921295345699e-04
4.625586305297260995e-04
7.373080035997859379e-04
3.305652816005233397e-04
2.311439119809316749e-03
1.061006997609258195e-03
5.442682371654037309e-04
2.303334285812984154e-03
3.311274657975329396e-04
3.035825830312298976e-04
3.543656224062666487e-04
6.091436660892353416e-04
2.702937732859751925e-04
1.212563860132983336e-03
2.472871939185999554e-03
3.562673053861753415e-04
1.859045523971140056e-03
7.265388530926737481e-04
9.643564763655928943e-04
4.963365438361914657e-04
4.325372336380873205e-04
6.525004121708651234e-04
1.470967800276511833e-03
3.322943215954018200e-03
3.591724282371112301e-03
2.567606498599874659e-04
1.565142292780708584e-03
2.220911593645878007e-03
3.489273077917284804e-03
5.507801923238123207e-04
3.361092004932558037e-04
5.352097001885125624e-04
4.309666856156660949e-04
5.573013470111994614e-04
4.560351377727693556e-04
3.908952246682047662e-04
1.178747000285037790e-03
2.581017050582317968e-04
4.449421055213074409e-04
4.479683323401599808e-04
9.434948123305512578e-04
1.121758282355351600e-03
3.280639659105135395e-04
6.301669556922031472e-04
1.572891625369210499e-03
8.681869418588950872e-04
1.857492355127197861e-04
1.739483246621154489e-03
6.577360429593938742e-04
3.636397728217047624e-04
4.183555322179453623e-04
8.294664898628348153e-04
1.370028964499804373e-03
1.334556498436496267e-03
3.851539331867329151e-04
9.691690997874032520e-04
1.092037027838255051e-03
2.406722643855741320e-04
1.407288326670246004e-03
2.302356635548842643e-04
2.944913171220733730e-03
3.489970324210285146e-03
7.117563797506905494e-04
3.520124057877852268e-04
3.911035211529668119e-03
2.579200602651473889e-04
4.803577019607767730e-04
1.386381289491814967e-03
6.363983401002216815e-04
4.222385977624636241e-04
4.092781275504011294e-04
6.215200230985017072e-04
5.609851335761558214e-03
2.490536519459642302e-04
2.435183761079383596e-03
1.806498247638164175e-04
1.356666462645620026e-03
4.467131145677114413e-04
3.716144556828868063e-04
3.867422564590727060e-04
4.397939213451656430e-04
7.309079972894203577e-04
6.036698886624121407e-04
9.526719118320308745e-04
2.631925151064853571e-03
1.571010511882053960e-03
4.769328605906577711e-04
3.069230796442104590e-04
2.378551023667956500e-03
2.295863742432998635e-04
5.333828003874999807e-04
1.906498829221826147e-03
5.972389289613682685e-04
9.374476665448052424e-04
2.781009130448694575e-04
4.890460621136808773e-04
7.647058604165357263e-04
1.386381289491814967e-03
6.771122033732432724e-04
1.142550148085379885e-03
3.138350759381691030e-04
7.448858216397302463e-04
5.680089722535958292e-04
1.673957555164395580e-03
3.353707425706828772e-04
6.934732350739429563e-04
3.846789284501808920e-04
3.833291859620126772e-04
1.378584745705752328e-03
4.294495949468584220e-04
5.484141442054982349e-04
3.261458371281053493e-04
6.042967930004850908e-04
9.133016568996656743e-04
3.358866110121977357e-04
3.934298407444287104e-04
1.245469498633906867e-03
4.799437410128241628e-04
2.774948194391240147e-04
2.967549474400558106e-04
2.878848854805474708e-04
2.128826559838305817e-04
3.336093063196537891e-04
3.374568762853116495e-04
3.138836702057447325e-04
2.236047359958344232e-04
3.058953633076047420e-04
1.876749456977208500e-03
2.365312421960764021e-04
8.801138383603808674e-04
3.934722630194358917e-04
2.638778068318697423e-04
1.910300461623717959e-03
4.886535803288095557e-04
6.485571625600891057e-04
8.640323754724555739e-04
9.679684293716897189e-04
6.233640226932655104e-04
5.196651674511955886e-04
8.276696625881468450e-04
1.889682526103999075e-04
4.886535803288095557e-04
9.972609644737031893e-04
3.274433127291543288e-04
1.414784614111421748e-03
1.497370081403513221e-02
1.831847609701736527e-03
5.290576406601463395e-04
4.020557956250312022e-04
4.474746472497487574e-04
2.456081919670457994e-04
3.193078186927408358e-04
2.763188195584442819e-04
1.162256456350721934e-03
4.539027302233394293e-04
6.087907102762542657e-04
3.520083487003560548e-03
8.866999360905682484e-04
3.229972510283104408e-04
4.502006609040486683e-03
1.347515041331408215e-03
5.571705426386404630e-04
2.229781301718087216e-04
3.183813239859901219e-04
1.202812544518217777e-03
3.525536446714562164e-03
2.942277275047864345e-04
1.809700337688410678e-03
1.647596664437588477e-04
5.086612486744975393e-04
4.073151589083116929e-04
1.974443305641978836e-04
8.305324019750181955e-04
2.526207635585091759e-04
1.406893437763777907e-03
1.411741107802590199e-03
1.025154815342775626e-03
1.285233644181028347e-02
9.095470068278278244e-04
1.093261563312355198e-03
2.430914100496969906e-04
3.211609311101437615e-04
4.929487105790133789e-04
7.020930704221461840e-04
4.313970988965602966e-04
2.432730999020727661e-04
3.992917940603948803e-04
4.460005337605977313e-04
4.554618741042580458e-04
5.286280097954549825e-04
1.053458865720176491e-03
1.253298613593876575e-03
2.713393366515689251e-04
1.876912073391509507e-04
9.779717193300300083e-04
1.086687266589698260e-03
7.645208025514451354e-03
5.222597915241541239e-04
6.734979984289095421e-04
2.725395704438427435e-04
4.069903005945860381e-04
1.595977061365100877e-03
7.759666834538929848e-04
6.726757762121427040e-04
2.970519290379982236e-04
4.601699417716700533e-04
1.345233964585330596e-03
3.489273077917284804e-03
3.684971674624518026e-04
4.731046788875112189e-04
8.930407289553766396e-04
2.298943235890665415e-03
4.601699417716700533e-04
7.351586299797919360e-04
1.444008554261341564e-03
7.001002770833921959e-04
4.852607418356716666e-04
9.397330916141729499e-04
8.337288605637056338e-04
5.926723301297111453e-04
5.021448551507242623e-04
5.447689947366924842e-04
2.942621410355426587e-03
3.333519661632069944e-03
1.429076044135188061e-04
4.939262418955577298e-04
5.235441701932569761e-04
6.733328072504379466e-04
6.679713968996473222e-04
2.484847842887762722e-03
3.084528148337227060e-04
1.406169161774946169e-03
3.261458371281053493e-04
1.008228835637463858e-03
6.472940012932135558e-04
1.832137479736270849e-03
3.876003907587913613e-04
7.357463397690396307e-04
4.317100092263056175e-04
8.054839124240075962e-03
5.638623445152490549e-04
3.333519661632069944e-03
5.587652519361436263e-04
1.203451267207171667e-03
1.685947074703483828e-04
3.602798609034534765e-04
7.047239362840407306e-04
2.682414865775380360e-04
4.212026681660591262e-04
9.298755470524147984e-04
1.867747444350039733e-03
1.873778922678451047e-04
3.394776189034011057e-04
4.256173637143168334e-03
8.520899329059867210e-04
2.493066691960628498e-03
3.035238782678453730e-04
4.832526565495081500e-03
3.241341084067431741e-04
1.411717813299768077e-03
6.771122033732432724e-04
5.571705426386404630e-04
4.351890760568467441e-04
8.632405664724857085e-04
5.989991482648892055e-04
1.676045027242304255e-03
4.310602275938614373e-04
1.048580147584950249e-03
1.841820265935810897e-04
3.920066004937766929e-04
5.715065879205713300e-04
8.975608327609545332e-04
4.309666856156660949e-04
2.143917566604635564e-03
8.235498385176224416e-04
4.079362418827254567e-04
3.261780018562436675e-04
4.080322165809044388e-03
1.807720039038649394e-04
2.741874975454903531e-03
3.648713083915058105e-04
1.253298613593876575e-03
3.820595594707495903e-04
2.780699781380866777e-04
3.234813848548641520e-04
4.670674760619248993e-04
4.343881398280108395e-04
1.017087291271787141e-03
5.841432522735101000e-04
2.405961945558528854e-04
1.032660063107018441e-03
5.104220380077689398e-03
1.187404878722618951e-03
2.653867636804312265e-04
5.913180814449930760e-04
5.599883715031578595e-04
9.960936207248447666e-04
2.547481783409233629e-04
3.063266828333379137e-03
7.030083666201937054e-04
9.453405174188587610e-04
2.443400455890309964e-03
5.676630832893294698e-04
1.283365955046043838e-03
2.185610797902179001e-04
2.226234554726611871e-04
6.771122033732432724e-04
1.171312053605765967e-03
9.455534052080844442e-04
2.164313897567497497e-03
9.434948123305512578e-04
4.159985735850382955e-03
3.649532256535535147e-04
4.138503030669776588e-04
3.892322550132115461e-04
3.524398210228234219e-04
8.512106105455289869e-04
3.099546900248688862e-03
9.643564763655928943e-04
3.644129978161610162e-04
3.608970470483213993e-04
1.254501666269978522e-03
4.500923526198139088e-04
8.632405664724857085e-04
6.196829926477399192e-04
6.431540805262068528e-04
5.312502849533723513e-04
3.069406576789086871e-04
8.371961169876143780e-04
3.176426329933363822e-04
6.093804714672853206e-04
3.535985852906420681e-04
3.337860198779553367e-03
1.029650330805135031e-03
2.922843269157782164e-04
5.053827712998901342e-04
4.519054996507469203e-03
1.372269000010650514e-03
5.140261556361767990e-04
3.870512433598652640e-04
2.263285852399250493e-04
1.088317599098656205e-03
1.673957555164395580e-03
1.614386742771193066e-03
4.839100527912303974e-03
9.919192119109063177e-04
1.197998699147744288e-03
8.446184182365393646e-04
1.072530848783387900e-03
4.095654848018454508e-04
2.037975382363612156e-03
8.622503235859718803e-04
5.366851483685544915e-04
4.898896662348268052e-03
4.820019848385737786e-04
1.823945627542934928e-03
1.902406140213398170e-04
2.541273269739821117e-04
1.414960062429877936e-03
1.158554352432403798e-03
4.243800859890213225e-04
1.452731754931899403e-03
3.635852232900533675e-04
5.085385817617984593e-04
4.622202801004804103e-04
6.931261289404318628e-04
5.266342292561589783e-04
4.455027899251470130e-04
8.172586820944869723e-04
1.173998048539228074e-03
1.436540166432957082e-03
5.018360370132918160e-04
5.665415301846184800e-04
2.864054002429676678e-04
1.565142292780708584e-03
3.074526324948128686e-04
2.235457076817256271e-03
2.441449508011624245e-04
2.939229696993293068e-04
1.879292600661330642e-03
4.396018899736128392e-04
7.237296574111428803e-04
3.383352339270115426e-04
4.914306321476618559e-04
2.566346525152883259e-04
4.504220887099929290e-04
1.219048760603456006e-03
2.634139369622940947e-04
7.094114718088184290e-04
2.794307214010760825e-04
1.293374706675425121e-03
8.285955798227051528e-04
1.340592646054268068e-03
5.874808969784009851e-04
1.606328345558742828e-03
5.636687235971844746e-04
1.016843913979242463e-03
5.819355021491832416e-04
4.167075874336686504e-04
3.152105793191013836e-04
2.037313876978169569e-03
1.912315768200084859e-03
3.334395284050605283e-04
7.220915218568429040e-04
1.959395154685703705e-04
3.996491246412133339e-04
5.716830446986366325e-04
1.706229679235881161e-03
2.817336618408392891e-04
4.491914951040120309e-04
7.571051729623516852e-04
7.839149918875602894e-04
8.955069930744351996e-04
6.008687738268073814e-04
4.479687431214394479e-03
2.871995957740732766e-04
1.088039072921361938e-03
2.094381965484976450e-03
2.917089652817068945e-04
4.460431221782815148e-04
5.869531654690784105e-04
8.091415199253016886e-04
3.411732278517776553e-04
3.807683001221635281e-04
5.105683494556668587e-04
7.406530975025007275e-04
1.618124749551164056e-03
1.806498247638164175e-04
1.269864691166133059e-04
2.547566584881990519e-04
3.022128442560942981e-03
2.863545379836531261e-04
5.498038742149728405e-04
2.087440761480604786e-04
3.272691500835944647e-04
2.174258498071446972e-04
4.012223723366547417e-04
2.906277381149655861e-04
8.065860684700068778e-04
2.014306800692773148e-04
6.252960371280806779e-04
4.453043995971690924e-04
3.445120993393570503e-04
8.585693813548484149e-04
2.767484100228942727e-04
1.087441142187182573e-03
5.471170627148135533e-04
4.090693704745958920e-03
3.203718168497698580e-04
1.741972406887492934e-03
3.450756987454900969e-04
3.138737949350361945e-04
9.072665055258012298e-04
1.087441142187182573e-03
1.036436285008287758e-03
2.390672728170560243e-03
4.668262559243060994e-04
3.263039612047495389e-04
3.408138534752664576e-04
1.896437394809870943e-03
5.428605390938455628e-04
4.537296850165294408e-04
1.143337196526772416e-03
1.037716591250690927e-03
6.134312642541085063e-04
2.119796711799919805e-04
1.015545860524910303e-03
1.367300217977896045e-03
4.096925950360876434e-04
3.078019615010205829e-04
3.962442617228644328e-04
3.754316372626371003e-04
7.278624925406743888e-04
4.894718268032594325e-04
4.199333525956291187e-04
4.582526657277481859e-04
4.485627989381428624e-04
1.674179423065992589e-04
3.115103339818923577e-04
4.465049290944999227e-04
9.669844581266979783e-04
3.221862480349926318e-04
5.214897848865977532e-04
2.332597354545010214e-04
4.833690884059696513e-04
2.755034785362710150e-04
4.536345449861406485e-04
2.106417556017275809e-03
3.376441057763271587e-04
2.775551523217223687e-04
3.223705947871248392e-03
8.517973011420479877e-04
3.639979052668085822e-04
8.187314929817911908e-04
2.788717990102051471e-04
5.056276263844880362e-04
5.327467438875266217e-04
9.311780901825924672e-04
6.803204034497518969e-04
3.563829921992841903e-04
4.635142661403053067e-03
3.898709166585779336e-04
9.870747540007165748e-04
6.765843025738482860e-04
5.760778489649150038e-04
3.752921714602975634e-04
7.265953328264406885e-04
6.945757420538930605e-04
6.607009607322007847e-04
1.237684173196532166e-03
9.407423558780538594e-04
3.854874692427318061e-04
6.410399583425786200e-04
3.787523252058451039e-04
7.492281607151168909e-04
6.337304192081436678e-04
1.370248824984543696e-03
2.877255046423533098e-04
3.696657359443936749e-04
8.198689890750648695e-04
8.510099146361591385e-04
3.389079854529688466e-04
1.519675568541786195e-03
7.924473594686458735e-04
1.680680463881230454e-03
5.099265945299893228e-04
1.661960801643943371e-03
5.058327391520495760e-04
3.248663229247304566e-04
9.434948123305512578e-04
2.947025268081921606e-04
3.171401709268882683e-03
1.000111388478128280e-03
7.855754412488437236e-04
2.103759036851093054e-04
6.472872657078247455e-04
1.972173423356522390e-03
3.018918427297647561e-03
3.992598574006296685e-04
2.906003935718704228e-04
9.311780901825924672e-04
1.093700754765166783e-03
1.909617911678293740e-04
3.700355453686106810e-04
1.924061031644925396e-02
1.025731593864744919e-03
2.927457484736801325e-04
4.265712172039869826e-03
1.062334836806808807e-03
5.647489472329114734e-04
2.236637155925190815e-04
8.379941079164149537e-04
2.206950902610164619e-04
6.052887450668786862e-04
2.573621629752331015e-04
4.672546280802365379e-04
7.859660936437500110e-04
8.538404560566780150e-04
3.318513733077381065e-04
6.877340919291258367e-04
9.716315854120180506e-04
5.927635924617033437e-04
1.059898831904461207e-02
4.499265583695389887e-04
1.450326582728170667e-03
8.492739731039939755e-04
1.105820939117350271e-03
3.534631599657754217e-04
1.873377099446763613e-03
7.193532663256210031e-04
2.864590871705816229e-03
8.696001117526608315e-04
1.303324529779318524e-03
6.289206094494827854e-04
8.618707030758433535e-04
3.323723916055661121e-04
2.925712194620469389e-04
1.458850357996993195e-03
8.401583715487823296e-04
3.157897729575928104e-04
1.455899822844783885e-02
4.512189570171659561e-04
8.910589228031817613e-04
2.265674642709320299e-04
3.389079854529688466e-04
1.973744666186558108e-03
3.712038487618725424e-04
3.012035563305715045e-04
3.631475924639425683e-04
4.061496183691025766e-04
3.207370438808253808e-04
1.700012845984144160e-03
2.873186158637964322e-04
1.605175076363831192e-03
6.051804424026013991e-04
6.255736777208889716e-03
2.412021924015928529e-04
2.141584398284182252e-04
5.099640724807085780e-03
1.755490558478262238e-04
2.662100283333943473e-04
4.888885016677468800e-04
1.304626639054160204e-04
3.597925233745881890e-04
4.027331322831757951e-04
1.809700337688410678e-03
3.460283976010785950e-04
2.973111218627941341e-04
6.995262040623919948e-04
1.899616655234926234e-03
5.278500238546564869e-04
1.253298613593876575e-03
2.868445350357897816e-04
1.051165199625227979e-03
7.290543401516973122e-04
1.025731593864744919e-03
8.323396004700402010e-04
2.550653649937419478e-04
2.373201507852124199e-03
1.147818691072687242e-03
8.241431718511548887e-04
1.253298613593876575e-03
1.235239883932788465e-03
1.585549667160319077e-03
1.139313294508196347e-03
4.015327807779798305e-04
3.704133137342488047e-04
3.018918427297647561e-03
9.850070523509761849e-04
2.760201511766436407e-03
6.833400616954532708e-04
4.298320772415196046e-04
2.833031655183980814e-04
2.894467096997752997e-04
4.261908852431379189e-04
1.468863099424074599e-03
5.026661848470837402e-04
6.991276683426703945e-04
1.455899822844783885e-02
1.071815636739853602e-03
3.770277122136774049e-04
2.925495901242983524e-04
3.283150364365718891e-04
1.263075653137440133e-04
5.749685258853845298e-04
1.037645828514780454e-02
8.388647939612048701e-04
7.181958210229260004e-04
3.812079717582943271e-04
6.191378003510559017e-04
4.171705208599233534e-04
