1.109583940330979455e-03
2.063258668036012898e-03
7.675991564426656736e-04
1.245466979829808847e-03
7.347209171551958781e-04
8.806438331689434148e-04
1.215967158403116885e-03
5.604267387756175492e-04
1.517518824187637011e-03
4.688820422329686424e-04
1.597593082250014108e-03
1.525484885655805983e-03
1.721249581067112828e-03
2.664716663692953593e-04
8.764292982939078788e-04
1.226326936633431426e-03
8.806438331689434148e-04
6.803608716550421697e-04
8.680524961335148214e-04
1.053600676964811054e-03
9.578417210921000595e-04
6.102706424285768037e-04
6.417715180415191518e-04
4.866073202626237243e-04
9.581217410758793027e-04
5.438882420609636881e-04
4.644461212051649687e-04
7.375461011227393620e-04
3.647199902216377836e-03
1.104041110042472580e-03
4.665808177789246237e-04
1.813104363116294689e-03
1.309254875532479129e-03
7.761368998701668499e-04
3.290481922941813084e-04
7.384508050098139960e-04
5.175286878778621565e-04
5.560048484346268331e-04
4.830385217682975460e-04
4.281815715580248390e-04
3.286214475125674456e-03
9.588005913838624486e-04
7.369476869366601733e-04
6.499122044834365793e-04
9.069558652289806721e-04
1.696565057640106585e-03
3.430677722400695393e-04
3.215971748343661864e-04
8.199248142397815020e-03
5.924930294593905820e-04
5.055413580907424731e-04
6.052339945310706128e-04
8.813598456823575457e-04
2.362163426583704581e-03
1.508021591030146930e-03
6.568891281137402300e-04
6.824298053856854649e-04
7.579474695570307622e-04
6.265991466807918978e-04
2.444446874561975215e-03
7.777625033366059948e-04
1.364319123163981523e-03
4.349150426327457147e-04
1.148812061718842200e-03
1.558664559890351499e-03
2.108428274850899283e-03
9.101990429960512630e-04
5.249818904823496356e-04
6.083559952284831604e-04
1.334917393997237314e-03
1.786469979763947221e-03
8.203021243118205699e-04
6.129188221707485311e-04
6.454459855115880513e-04
7.631900087928594149e-04
2.755667011829559198e-04
6.380575453190080824e-04
1.164590838728795687e-03
5.126618484973318336e-04
5.105943452170920655e-04
9.944848907349436093e-04
1.151926285877318728e-03
7.662509048055316093e-04
4.584116828487775621e-04
5.439521396975467151e-04
3.417182398876731069e-03
4.349413955989921447e-04
1.737668601331778364e-03
5.248323544436283433e-04
5.105369859070536072e-04
7.958448532211228558e-04
1.109044300193135976e-03
1.001323804021214767e-03
8.851821354439502005e-04
6.067405858974411672e-04
1.877904275031984501e-03
1.010187258865171116e-03
4.912057390442258658e-04
1.122953447600138046e-03
9.685908255508640739e-04
1.141194886372681738e-03
1.035070090959323320e-03
1.004859507215187259e-03
7.902356776925592140e-04
4.043385981692179513e-04
5.672209438561215226e-04
5.432660258760497150e-04
4.874540159569360886e-04
9.071233875813184072e-04
7.265261506221610275e-04
8.458320889519127051e-04
7.273580249649322458e-04
2.425851600013859046e-03
4.327582127385144056e-03
4.945535228691491344e-04
5.226563671279017874e-04
4.614172417770112168e-04
5.187563789357848686e-04
3.759186953674872119e-04
3.596759708690980620e-03
1.754346654442855754e-03
7.700257967058907410e-04
5.907600013739354320e-04
1.092118083331966973e-03
8.199276382247745959e-04
8.176709993328056848e-04
7.317420597389279581e-04
7.095858380879583975e-04
5.459525853773076554e-04
1.988777354449998164e-03
1.365735643033950389e-03
2.405259049078426468e-04
6.905741557352083719e-04
8.176520550697358647e-04
8.384777629137879322e-04
1.117789331343641218e-03
1.343732558726318076e-03
1.137216001517662436e-03
5.164729872007738434e-04
6.558629098987536765e-04
6.317098067355387701e-04
7.017903123545186483e-04
1.802115368432295056e-03
1.027970417938074352e-03
6.521979605171339053e-04
5.593283008361916737e-04
5.835088060594557794e-04
3.469064338251206451e-04
5.040052907703578477e-04
6.722902103399193939e-04
7.111705261255465678e-04
6.577942474780040837e-04
4.350908798746977424e-04
3.047648069573297993e-04
9.396540001227500624e-04
1.738336554135991698e-03
5.864887041218620799e-04
1.115534422390572229e-03
8.673996307559388337e-04
1.079451063212775444e-03
1.134676281839600096e-03
1.117449457419153512e-03
6.178469161314264916e-04
7.022789141319406899e-04
3.047739046693939669e-04
1.716012257087632699e-03
2.955807290037532368e-04
4.458190023876078202e-04
1.241715406088354356e-03
6.037412650756652805e-04
6.878233314118979832e-04
1.693094802086811488e-03
1.265782292932754460e-03
6.592828879937698457e-04
5.432218257412290644e-04
1.776601612738284855e-03
6.722902103399193939e-04
7.261811466876490120e-04
3.445347116723987109e-04
6.527474154888627872e-04
6.542315698347897241e-04
1.008739269787086151e-03
6.131017447032961103e-04
5.971835963650025652e-04
1.681124895069284952e-03
6.019592629353231463e-04
2.148239648761773174e-03
1.012879303661964664e-03
1.385550270957915976e-03
8.408816430705863933e-04
3.527672073966564678e-04
9.519762648071084183e-04
8.693924911167833901e-04
7.838555515262844633e-04
4.877391729825014243e-04
1.488076588341527258e-03
3.592997552582569121e-04
1.549992130385004479e-03
8.403902100754159343e-04
8.632583717679381515e-04
1.021766938012218370e-03
1.253883976227197295e-03
1.118848633674472031e-03
6.722902103399193939e-04
6.176617287702311542e-04
6.271269944900626598e-04
5.073614189774433526e-04
2.570644139605125062e-04
1.117789331343641218e-03
4.724866597502680779e-04
9.587667565585956128e-04
1.133427228588281118e-03
6.883032830708896719e-04
1.084686026618936075e-03
2.077398940316387953e-03
8.602673412060814640e-04
9.407232720162071651e-04
9.324842691483002438e-04
8.246007008908510941e-04
2.463134907223358573e-03
4.382123316622091964e-04
1.166077576124360847e-03
8.864311394932093257e-04
5.935037635002466403e-04
5.650304709264597231e-04
3.934510149024667502e-04
4.602476022270228073e-04
1.555098288690770708e-03
8.749579206132758165e-04
3.997812534280244289e-04
6.332916567122905778e-04
5.388515378793823319e-04
7.516796508583044236e-04
5.974623768645704680e-04
7.298609506194306479e-04
8.427159784430181873e-04
8.229579532761292868e-04
5.619074075786609787e-04
3.539384284264056107e-04
7.360960594009556112e-04
9.779890234057628598e-04
3.545770398325365051e-03
1.181631560224023682e-03
6.020859652462512337e-04
1.156866194434503755e-03
1.920086410647899684e-03
3.925530550776770320e-04
1.381222843848425256e-03
9.248912938250583105e-04
1.321269991306918846e-03
1.297624087616593711e-03
8.510387911331588002e-04
5.599633655075628201e-04
6.435743876599490107e-04
3.674383050684577336e-04
7.074209418405377975e-04
3.990939779115907846e-04
1.198720282728689759e-03
1.068143239517178140e-03
7.953845031695481278e-04
3.991220538007722324e-04
1.185864163728167758e-03
3.254837118112515436e-04
1.313292492587714300e-03
1.459730626789703918e-03
8.077645934499508426e-04
4.053098036299348605e-04
7.706909787782671847e-04
1.330997940395857318e-03
1.278340368172433718e-03
4.363722041416571670e-04
6.501078716355763532e-04
5.641500580247781494e-04
7.208843860832543204e-04
1.893087681392278216e-03
7.511973510693975087e-04
1.574817845212578586e-03
2.588858782824724186e-03
9.608021370996164571e-04
4.511179367002826276e-03
9.409498591917553464e-04
1.357947579519457569e-03
4.285055267484819412e-04
6.957133810981783358e-04
3.119781532501227864e-03
5.204037587482340669e-04
1.069217052364610171e-03
3.254752550995371261e-04
1.459730626789703918e-03
3.040234460768673815e-03
5.801018737066191734e-04
1.425943658738161503e-03
6.189150889539758510e-04
4.770441488323268696e-04
1.195905701414555706e-03
1.516240963148683934e-03
9.302502183420400649e-04
1.492921172771343808e-03
7.305397443886142185e-04
1.268000360081295323e-03
6.124034633331965419e-04
1.125269939822811293e-03
1.417485419144698779e-03
9.840231569353164072e-04
5.962784912791109244e-04
5.951042356455018634e-04
2.136833884987319413e-03
5.487181172229131394e-04
1.706718045830640362e-03
4.513778362547475088e-03
5.921370562081435668e-04
9.494941391656536644e-04
8.054695925767762317e-04
1.095754596603059489e-03
5.772887365071590997e-04
5.761650727367205200e-04
1.095910626814102428e-03
3.401721104908489142e-04
2.316918570129976058e-03
5.911882458208210338e-04
5.800410877721099995e-04
1.125269939822811293e-03
3.248405024367010904e-04
8.234363882184830580e-04
7.216152538125665539e-04
5.571799083044753475e-04
1.228870009363735444e-03
5.160938841861383887e-03
1.372963212627636032e-03
3.759389627591565547e-04
8.477837961036761025e-04
4.791126155985109313e-04
1.604515860113701767e-03
3.564954048422498602e-04
1.131985115304420374e-03
8.012996784564552959e-04
1.332050894441676094e-03
7.086800448180036356e-04
4.540621753210133263e-04
3.417182398876731069e-03
4.828542721999030344e-04
8.652571735422775806e-04
4.375574673985528976e-04
3.940956601381920082e-04
7.590465739547313812e-04
3.438254389498955513e-04
7.980023614873909318e-04
4.380506979750337765e-04
5.099390459751606880e-04
8.652146775515282299e-04
9.915610059960965929e-04
1.356869493548988484e-03
1.210337883470898566e-03
6.383345091115795586e-04
7.748050014587259818e-04
9.760331510946248330e-04
1.087950774582855176e-03
2.165929769865980459e-03
8.949863800223801678e-04
8.808577214635996636e-04
1.357905415840020584e-03
1.008952837877423719e-03
3.278532468639847866e-04
8.054695925767762317e-04
1.580993891759576277e-03
1.149714106745472302e-03
7.037567375513757023e-04
1.498539029835726892e-03
1.170747839842035520e-03
3.669865813788148541e-04
7.191275232049972998e-04
1.085059014698136785e-03
9.872196524854392769e-04
7.980023614873909318e-04
8.163709581581575980e-04
6.235385247715788176e-04
3.870692380716579586e-04
7.152271114523153957e-04
6.101509147402411860e-04
5.310268516555677722e-04
9.629244015414692220e-04
7.316477921399708968e-04
5.167337775787226705e-04
3.262094331494084457e-03
1.946764636445674291e-03
1.233032894398140194e-03
3.050922591194603437e-04
6.251869965573020804e-04
1.249206400459077458e-03
7.702689837231577880e-04
2.461558004251362909e-04
5.053374256898916653e-04
8.069744493863490039e-04
9.738387524080828689e-04
1.608970853645854023e-03
1.497353230023787439e-03
1.528338655351905301e-03
4.390709636062415755e-04
3.119857347988595373e-04
3.951617708454155950e-04
2.844119685991409064e-03
1.024895780345253535e-03
7.647913740123650408e-04
3.935522375861494598e-04
8.910768846356828272e-04
1.629350809335086258e-03
2.492838853849809258e-04
8.030384514930452664e-04
1.350319209570371689e-03
1.261505910412684048e-03
7.201918883326950726e-04
7.217115924799089813e-04
6.315774278097562901e-04
2.439683775932857245e-03
1.981558820935830183e-03
6.722902103399193939e-04
8.606877866793340420e-04
3.979526455158973277e-04
1.837035912782961945e-03
1.291505717406635700e-03
6.332916567122905778e-04
1.382975083213959641e-03
2.663375842719446687e-03
5.264910313061534411e-04
7.837101191296085923e-04
1.421732277457491648e-03
5.750030613133953706e-04
1.150104738365042819e-03
1.215230151751164455e-03
1.536284656884350040e-03
4.932633718215272047e-04
1.233929450552540084e-03
7.039657949785481329e-04
3.736043650768150069e-04
4.584369768173556263e-04
8.228321934120231716e-04
1.868685266282410972e-03
7.686618417060009237e-04
1.739440649573773543e-03
5.924930294593905820e-04
5.945940248056615866e-04
4.420664564394161220e-04
7.699488115238237347e-04
4.981716714869676224e-03
1.022089492498655904e-03
1.069760588245705080e-03
1.108897837591681307e-03
7.494651071095826452e-04
6.896166403098779197e-04
6.176617287702311542e-04
3.525802389185270680e-04
9.637305815907343297e-04
7.695926630052658552e-04
6.502671544307984984e-04
1.005616082047361285e-03
1.036918756007120575e-03
7.189742094624599006e-04
5.078160867306062221e-04
8.912474680053413629e-04
4.665314428634822781e-04
7.357921997198823205e-04
2.370298013234066904e-03
1.261042740477876910e-03
1.270436186632004126e-03
5.354874587862343358e-04
4.097350306670231672e-04
1.758032470134552033e-03
4.249156386516263683e-04
7.930050696587861731e-04
9.774854247368940357e-04
2.656726381706123186e-03
1.152507169397213368e-03
5.354874587862343358e-04
4.427705026035011265e-04
1.191369081897433561e-03
1.426819915021450063e-03
4.185811210500188138e-04
8.877451851835935085e-04
3.714489299487154766e-03
2.126169738404965447e-03
1.067101621913653159e-03
1.035408586871004732e-03
6.105607898048917440e-04
5.232407473123387590e-04
2.548150951042680700e-03
5.962784912791109244e-04
1.091294790324224932e-03
1.363373008561072179e-03
5.019276703128576229e-04
7.062666637970751310e-04
3.719876640403763980e-04
5.541707000994691625e-04
9.282552952414642065e-04
7.139994569913904682e-04
7.178874461793935142e-04
5.191866918256034637e-04
4.844144810731048148e-04
4.302915474717242225e-04
3.648051302998528856e-03
1.431630847558304932e-03
2.656726381706123186e-03
1.590669357224451259e-03
5.448206413111091485e-04
5.269395616663589618e-04
7.298609506194306479e-04
8.541013202751801970e-04
5.581774726128030384e-04
1.072639549190941869e-03
1.430773943194468475e-03
7.048018378604353458e-04
4.580781413767198479e-04
4.418216486771000553e-04
5.346328672519310224e-04
1.882021243755032866e-03
2.852363714294311754e-04
3.212946811103213184e-04
6.238261011158221635e-04
4.238619618229564983e-04
2.482400036846521118e-03
7.207760839950810849e-04
3.132961047137912142e-03
7.290954716866432199e-04
1.243748941701239372e-03
1.574363418231770244e-03
4.668505874309026855e-04
1.405055633873849349e-03
6.538220675325952681e-04
5.729283119217926492e-04
8.806438331689434148e-04
9.439122587696858937e-04
7.404839560032280832e-04
2.816190721105798112e-04
4.066718146034793398e-04
6.390761414813807880e-04
7.616973825921014279e-04
1.430576784110214501e-03
4.298731937894065009e-04
9.401115261814349967e-04
5.992117606015446305e-04
5.874718673789498065e-04
4.685175299139012254e-04
1.084989633046764710e-03
6.482585200960441123e-04
3.489636704976860587e-04
8.256631610244861974e-04
6.200244990570880251e-04
7.980023614873909318e-04
3.121082388893544929e-04
6.102918879687380376e-04
4.958616408400528999e-04
1.148894378943078652e-03
7.144825224336463733e-04
9.246956473041449730e-04
3.943443985912262455e-04
4.910505810778598027e-04
8.296182605536577079e-04
5.530823708633750453e-04
5.187563789357848686e-04
7.088418084935992026e-04
9.581030044943212275e-04
9.509130008904181182e-04
5.350598896328456365e-04
3.869098632494412816e-04
8.175214991214637588e-04
6.885806406216417232e-04
2.127026516044403133e-03
6.834794961563708370e-04
2.331624111685821205e-03
5.460659446605033423e-04
6.828739016236798701e-04
1.040612574565555727e-03
2.195078260123439762e-03
7.283407160257256456e-04
1.509173061712870212e-03
1.742588041728469197e-03
4.644461212051649687e-04
9.808885481661583708e-04
3.972041021148289223e-04
6.184279418355502576e-04
5.248323544436283433e-04
4.719013233428904336e-04
1.359663174224638726e-03
1.963312131611940139e-03
2.684000582305541647e-03
6.533445916976385152e-04
3.798301981932401404e-04
4.993768881177519832e-03
7.582530983399552848e-04
7.376644195228016605e-04
1.738975444618949106e-03
1.204823726116522860e-03
6.436711739975497235e-04
8.178870887990977384e-04
9.065851356570007232e-04
1.950426018867754911e-03
6.679764265212622407e-04
1.852261787460475961e-03
1.546418627281767252e-03
8.005796455790149899e-04
1.145809236013399166e-03
6.156234954160126139e-04
5.965120214327485852e-04
8.187912707196209026e-04
3.643190044981848034e-04
4.706362041449288513e-04
1.550694636925187969e-03
9.829878263716304663e-04
6.896166403098779197e-04
8.806438331689434148e-04
9.443075027057182226e-04
1.266493531903098869e-03
5.831500940111279284e-04
7.252922452057478445e-04
9.071346050877011685e-04
2.005566461002506861e-03
8.911670521851132194e-04
7.765807421795946049e-04
1.148987029384853460e-03
1.947309374077413942e-03
6.831055099850977036e-04
8.457331848201875713e-04
1.290087418056131904e-03
6.302697049888711335e-04
7.699488115238237347e-04
4.706362041449288513e-04
7.023731699195757570e-04
1.348668706450803370e-03
6.728519703883418645e-04
5.523632599229030219e-04
4.682389244300626621e-04
7.898271194685970147e-04
9.246956473041449730e-04
7.415804757450354190e-04
4.923890479609910591e-04
7.105910026064869668e-04
2.944893878757866030e-03
1.215230151751164455e-03
6.915194051965000820e-04
1.350951751734283304e-03
1.372963212627636032e-03
7.430376256797558299e-04
6.017533242457938532e-04
1.501483060672230332e-03
6.590257929367393129e-04
9.605425591500298729e-04
4.644461212051649687e-04
1.117449457419153512e-03
9.282511864061435049e-04
5.868929823799693551e-04
4.193194146784010208e-03
4.951242447090349347e-04
9.542217819597937885e-04
1.109583940330979455e-03
3.364626839678946826e-04
1.685813633102956110e-03
2.922634144810417906e-04
4.195848650108455311e-04
2.323440585884176644e-03
9.363302342779768759e-04
8.514129864324894697e-04
1.574016869824098729e-03
2.487933502656730807e-03
7.131655486494938717e-04
1.525484885655805983e-03
3.245690280635225096e-04
6.446296750466920175e-04
1.179923786078567079e-03
5.708580742252422060e-04
7.154817378819600853e-04
1.517898376706030466e-03
1.122212874021646109e-03
1.191270721535726048e-03
1.540206942892055142e-03
1.158880343634598794e-03
5.343720994161290554e-04
5.804176378824025618e-04
6.484538336656623346e-04
1.248740607167505645e-03
5.977465754483476295e-04
5.442375503416377542e-04
8.262322923235063165e-04
1.118427739410846316e-03
6.348220085931515280e-04
5.048556619583614066e-04
7.384827959440321953e-04
3.514484076806539113e-04
1.446416262484802838e-03
8.048183782099788564e-04
3.069731626184397759e-03
6.923180268216202636e-04
1.769730680762659093e-03
4.949234521880070681e-04
1.944447734484320992e-03
8.054695925767762317e-04
6.756776910305838449e-04
1.246743778585905410e-03
7.022789141319406899e-04
1.184992581532627338e-03
7.587502189609430028e-04
2.588537054806530537e-03
1.332272595119410579e-03
7.645865059768586517e-04
1.595986345987227125e-03
2.893595494003802166e-04
1.417880204569943936e-03
7.922460983675675946e-04
5.178144346842021659e-04
3.787352441865950419e-04
2.441716259698263787e-03
6.735466463212480591e-04
5.014700130194855087e-04
1.452720430726577895e-03
6.689524456876584386e-04
6.894121124178928441e-04
6.085366689934190547e-04
4.824516569512398876e-04
1.312329125988739940e-03
1.698627979115131716e-03
7.556180137987059944e-04
2.949894199614854591e-04
5.691113698426855227e-04
6.474564961837705329e-04
7.013509390678124419e-04
9.796646146007527683e-04
4.373886143035590648e-04
6.680689501359455759e-04
5.937492784306157723e-04
1.052932210857417160e-03
2.078069104511091284e-03
7.391088878939231378e-04
7.871831632216947337e-04
9.628935872007076931e-04
5.250633744825378450e-04
1.287229594102151349e-03
1.041139089743269627e-03
2.676033584794681834e-03
1.196347539022501278e-03
1.505101057380349395e-03
8.569727917157617504e-04
7.715998440389706427e-04
8.756620522635898650e-04
1.077983412961031713e-03
7.333739975716478459e-04
1.015057276439630283e-03
3.631770575975284813e-04
4.279456868653077370e-04
2.857903538905093473e-03
9.069558652289806721e-04
5.343537905784306267e-04
2.953065147996998389e-04
1.080054433771684801e-03
1.712656256289994770e-03
1.041675048749025152e-03
6.325161589266534807e-04
5.090740258482511502e-04
4.714752485340813442e-04
1.196510456488889896e-03
1.117789331343641218e-03
2.886210657084819229e-04
6.870941871055551891e-04
1.332272595119410579e-03
7.951211888773048343e-04
2.761059745137648910e-04
6.429628922055547315e-04
1.419471873161011867e-03
5.981867503249226449e-04
4.180908096543065207e-04
4.431189966681684553e-04
6.943008455514339001e-04
5.589108107097149909e-04
8.167923718413189075e-04
8.672613200974484690e-04
1.060888819889634982e-03
5.871727407627422247e-04
6.213987555293460112e-04
2.126169738404965447e-03
3.795633612637791163e-04
6.014008946728388334e-04
1.093397952438756411e-03
4.623449871725525276e-04
1.033319397070832368e-03
8.622912710104901467e-04
4.765462453017696204e-04
3.972041021148289223e-04
2.962320491805271695e-04
9.615845052997408797e-04
1.417880204569943936e-03
4.207517656293496573e-04
9.452089627154360236e-04
7.422699843724459056e-04
2.211723247138127312e-03
6.332916567122905778e-04
6.423754903851049613e-04
7.018267566024839104e-04
1.383393125088595637e-03
1.010022374561231166e-03
1.523473665396360421e-03
8.633464496572909727e-04
9.302502183420400649e-04
5.324857361210126377e-04
3.291898339070286304e-04
3.031539891578782352e-04
6.040012676728165894e-04
4.629475382169352671e-03
3.749280244026641576e-03
1.818533957523997373e-03
9.668831469553467416e-04
1.113536002673975664e-03
1.235015364924161750e-03
9.980309496120205390e-04
5.364766083591882527e-04
1.297170419792652513e-03
4.992512809162434270e-04
1.468599717305988381e-03
5.056433312474136778e-04
6.228512782294010021e-04
1.378718809574878837e-03
3.675236837053223087e-04
2.933550622666026533e-04
9.000694995091845351e-04
1.119113121806459372e-03
2.370298013234066904e-03
2.487933502656730807e-03
1.022961979197839315e-03
6.590257929367393129e-04
3.943443985912262455e-04
3.514114754637220916e-04
1.174500739297208501e-03
8.795449069775191373e-04
3.417034293883577738e-04
1.671796529551710774e-03
3.979602195010421167e-04
5.062978510800781110e-04
1.808874821993382677e-03
2.690568342148139743e-04
6.708550721244277816e-04
3.463818785611557814e-04
4.454012349068255452e-04
1.340873322654113518e-03
7.399999043950034137e-04
3.436658120848061905e-04
8.844988855976715315e-04
5.039046919906742944e-04
8.043197864357627116e-04
1.323136407097494100e-03
5.011707763341884505e-04
5.827415980707113460e-04
5.945792106563051443e-04
8.458755537029815242e-04
1.616571942836481438e-03
9.088782132601032696e-04
9.278519210039700739e-04
1.600931914793067134e-03
7.481523913447468395e-04
1.652496636351026386e-03
1.412250233936569212e-03
5.807540016152483572e-04
1.606214134231524022e-03
7.654478488706527436e-04
3.392708795719537058e-03
2.461558004251362909e-04
7.010152015816275119e-04
8.148744426760369313e-04
6.416147970054025254e-04
6.336262263396362504e-04
3.021902191427909687e-04
8.180271025205251975e-04
1.060657785132297507e-03
8.649397939486179031e-04
1.638041564858948697e-03
8.483908266963668260e-04
8.431748116752264084e-04
5.110586751650040898e-04
1.215230151751164455e-03
2.423013786401095188e-03
5.032435504513845664e-04
1.004817804942195660e-03
6.639298209817042287e-04
6.594966580191860984e-04
4.701431723411429991e-04
6.791649861377914389e-04
3.943443985912262455e-04
5.164593310362747096e-04
1.429170664322367305e-03
7.438568286830410121e-04
1.040579314948367109e-03
7.610655640691167245e-04
1.184023893187873683e-03
9.568139811380677517e-04
8.929692024375098652e-04
1.325348320311085012e-03
5.448206413111091485e-04
3.263499069765753613e-04
6.830023161275685034e-04
5.382169832474992602e-04
1.226189590141450172e-03
1.256195252977196364e-03
1.047455455297775480e-03
4.240276245374914360e-04
9.366626514799156937e-04
5.559585994559565047e-04
6.471592461806053220e-04
7.291115923521205395e-04
1.150104738365042819e-03
1.079120717959175871e-03
7.298609506194306479e-04
5.721939683225804596e-04
1.002456648463260179e-03
5.986390116514680787e-04
1.168336962378429839e-03
5.960720683534434646e-04
2.301112741019208357e-03
1.116914780980897892e-03
1.729383097339454124e-03
1.051163849893695058e-03
7.159999731708410449e-04
1.262295728823262459e-03
2.221202804026715678e-03
1.027772124799283902e-03
2.180994171950293749e-03
6.465631020248623637e-04
1.211998373393959787e-03
5.709402606223600973e-04
5.584096067829666995e-04
8.450873177743734466e-04
1.013049939749192984e-03
1.109583940330979455e-03
9.625545084968000192e-04
4.567468407873009006e-04
3.902918551498821883e-04
6.332916567122905778e-04
1.106066198379782603e-03
1.211397638339713027e-03
6.691959288932327644e-04
5.532535521534123714e-04
5.773913744814003317e-04
9.525920875271840036e-04
4.702338624372623616e-04
4.454315386416843325e-03
4.130465951848321673e-04
7.344868593957840433e-04
5.857717529749556203e-04
1.140956331216039015e-03
2.617134456681866062e-03
5.436210833653592036e-04
1.176700078999496106e-03
1.112444619972770797e-03
1.700100050362967231e-03
2.632868527227433275e-04
1.589996271735569146e-03
4.009171949766191434e-04
6.302697049888711335e-04
8.020392198696479295e-04
6.420701818336195695e-04
5.076785109544006570e-04
7.521321755884298379e-04
3.635426081779888287e-04
9.451750601100368781e-04
6.575739230510059107e-04
7.793128546852781668e-04
3.705404653699072553e-04
5.090912626678927889e-03
6.182034561962048390e-04
1.447734004497569418e-03
1.041158517650640596e-03
2.443482370798213499e-04
1.486690088323008342e-03
6.275613676485407386e-04
7.173532366329840419e-04
4.216177835402814297e-04
4.496905012011728894e-04
5.229585747587706503e-04
8.338730681057393134e-04
1.271307268792644558e-03
5.864597403493559784e-03
1.149541299906148978e-03
1.150104738365042819e-03
8.802140136160207856e-04
1.525703176017041869e-03
1.012778528807538976e-03
5.293020166966525735e-04
8.497926471150547226e-04
4.076849713994544814e-04
5.131309164312646302e-04
6.151403279447282537e-04
4.156170301026396348e-04
8.520979179098813611e-04
8.195653170530876322e-04
7.160135040056136557e-04
3.477238810479482797e-04
5.726329184820840110e-04
3.410649335722837957e-04
3.990939779115907846e-04
1.067255604840673016e-03
4.458350540856581556e-04
7.321347911333459619e-04
1.237718180861398188e-03
3.380184567701795782e-03
1.413703454410601907e-03
6.450558040760875694e-04
