1.083167278045590365e+01
1.009391068468779196e+01
9.295834070929162252e+00
1.051560932751748112e+01
1.036508587518720148e+01
1.074557549103493415e+01
9.655584895530457956e+00
1.041080388360972186e+01
1.094556953890273832e+01
1.049412213241962100e+01
1.003138083503160161e+01
1.079140154275228625e+01
9.840998036502623947e+00
1.035307809658173639e+01
1.085903298799593486e+01
1.014652313228541125e+01
1.077487067102937779e+01
1.012113031430740584e+01
1.034174502944885710e+01
1.001045153910821384e+01
1.057988552469822352e+01
1.045988011556439190e+01
1.047276162044114578e+01
9.723466333598832279e+00
1.047278316562236888e+01
9.059655314343318722e+00
1.065535268242784994e+01
1.044438067026306349e+01
9.970980814885704646e+00
1.044601412892077263e+01
9.991097008810045921e+00
1.043704300529608098e+01
1.031245614332404870e+01
1.077469127767639989e+01
8.835752583111391445e+00
1.070016902332941022e+01
9.679919451602861713e+00
1.035948001946343666e+01
1.021927595552722501e+01
1.063577066804751681e+01
1.005882125725907628e+01
9.895636340027371247e+00
1.085682919461377338e+01
1.075529884180363283e+01
1.026874680125841977e+01
1.027383306120284701e+01
9.800819878647541117e+00
9.931948336040594683e+00
9.934158804548813393e+00
8.432656468480676182e+00
1.054158388802945723e+01
9.619204726818191276e+00
1.022805231350860034e+01
1.011741582322653343e+01
9.642676602400545249e+00
1.088960913562855914e+01
1.072820560853784855e+01
1.066501033556160216e+01
1.042953371525561401e+01
1.076272552274273409e+01
1.061963257127094273e+01
1.085284774160343702e+01
1.062339723354761745e+01
1.029441097648576253e+01
1.016302711820388893e+01
1.088211160046510351e+01
1.048175345572825989e+01
1.019515140776133322e+01
1.036815475911593332e+01
9.597534095777685792e+00
1.065845065857678620e+01
1.042508279094167811e+01
1.042473538284052736e+01
9.868513925130317332e+00
1.059078862578553704e+01
9.450300213405354199e+00
1.075074606876915873e+01
1.020951886395621777e+01
1.089694580133362933e+01
1.020600271274187776e+01
1.010023487714469681e+01
9.943182367005629629e+00
1.037111251259365474e+01
1.060946231170709275e+01
1.031546814574786097e+01
1.089264532168999544e+01
1.026793846377568364e+01
1.058938099386532450e+01
1.051442814575964313e+01
1.058305727638282789e+01
1.082393852120400268e+01
1.089771434527880878e+01
9.431250353325719260e+00
1.032444476106911502e+01
9.742355881159253883e+00
1.048585398377401390e+01
1.024107817650421559e+01
1.066343352975972358e+01
9.918661045268159171e+00
1.067912253027586722e+01
1.022586839229328781e+01
9.571290482679868816e+00
1.051775868640736356e+01
1.062611403079249328e+01
1.062660040052273125e+01
9.955035729013527401e+00
1.040141717855459014e+01
1.035948001946343666e+01
1.093728209278557273e+01
1.072663544864286145e+01
1.025886094367454682e+01
1.085648910330356820e+01
1.092924763684348122e+01
9.218437263921780200e+00
1.060070850848798862e+01
9.603266286698293186e+00
1.067172976676445728e+01
1.047593787334161242e+01
1.039514385906033134e+01
9.829798770530338459e+00
1.050765208658336647e+01
9.848829482738524987e+00
1.093965735680147588e+01
9.309077296202671548e+00
1.068706679501343437e+01
1.032056125703795857e+01
9.820269584373734872e+00
1.083181408407232027e+01
1.079842522757248169e+01
1.037060889293942090e+01
1.032773253090203269e+01
9.760497701919295110e+00
1.013424355142360511e+01
1.049561182469653886e+01
1.000554238330027701e+01
1.049763088775119968e+01
8.432656468480676182e+00
1.058663780700883095e+01
1.072723164207103785e+01
1.022130768662807476e+01
1.006473587800292435e+01
1.087676875191648307e+01
9.894550807246782043e+00
9.123325163645827018e+00
9.312141146348269061e+00
1.053931927676418745e+01
1.006556827587485614e+01
9.690411070315265718e+00
1.089581539665965337e+01
1.056870000881376370e+01
1.002237433856219440e+01
1.061979115826131626e+01
9.147502120243814261e+00
9.994662936338787773e+00
1.059410275833661075e+01
1.071912730957950366e+01
9.476745882974279667e+00
1.068044697093032269e+01
1.033018107474461011e+01
9.607386062865185039e+00
1.016258151966161272e+01
1.089478342238979103e+01
9.723466333598832279e+00
9.609440158623838713e+00
1.047278316562236888e+01
1.072971968327630776e+01
1.076481216348899927e+01
1.029267005966026360e+01
9.600906845846290949e+00
1.066819712006912724e+01
1.059320702265522662e+01
1.015183024301002668e+01
1.022587996399858490e+01
1.076525994512284079e+01
1.020990472381503267e+01
1.053770223264601391e+01
1.006631372121472978e+01
1.082633276545800349e+01
1.088096656474981394e+01
1.083335415954823233e+01
9.661323354063453550e+00
1.059100094108292112e+01
1.088778259517914115e+01
1.037504868691110715e+01
9.887628118153191537e+00
9.907191433534631386e+00
1.058938099386532450e+01
9.480075794115352394e+00
1.065581877665342247e+01
1.086584538479189987e+01
1.044537290016759279e+01
1.001063465720155143e+01
1.032400139027277319e+01
1.081112886420232577e+01
1.032124281717559100e+01
1.073605147284476580e+01
1.065629686826820866e+01
9.937373282577098621e+00
9.919798381529302489e+00
1.069677631564312215e+01
1.092872023018829530e+01
1.093029395906397561e+01
1.079278547041523062e+01
9.781819091579887271e+00
1.004644028029294311e+01
1.057849757987980333e+01
1.054176920108817583e+01
9.901179114908373435e+00
1.004886670248395575e+01
1.028036069707742151e+01
9.706183099553147287e+00
1.086754171637808142e+01
9.204249998594120186e+00
9.982487135693608238e+00
1.026579570839705546e+01
1.028593119952926216e+01
1.003375258958020133e+01
1.023608150897726254e+01
9.192692700143327400e+00
1.053713773918697783e+01
1.056620559768763457e+01
8.773873233383405079e+00
9.463640207354343303e+00
9.723466333598832279e+00
9.929176248017039796e+00
1.017033112507923853e+01
1.036582743544082597e+01
1.034600652692754963e+01
1.065955202951851000e+01
1.055018349698012514e+01
1.057025832630892737e+01
1.015534962179486200e+01
1.050613811599431280e+01
9.929841367101504446e+00
9.454898555360934154e+00
1.067992983533566331e+01
9.204401730262620873e+00
1.068871163806509372e+01
1.040957417474825597e+01
1.013713679906203602e+01
9.743070772972426852e+00
1.046271960423577418e+01
1.075764797802811579e+01
1.084505749048004297e+01
1.010419896293880981e+01
1.027360623169042064e+01
1.011125763642174924e+01
9.979950728284812556e+00
9.075613154509415637e+00
1.003745003108855016e+01
1.094829145492380285e+01
1.000518227427529716e+01
1.086988890018367115e+01
8.917435707235208397e+00
1.029495995373815553e+01
9.878476736602609165e+00
1.056386427188818011e+01
9.990010016888753341e+00
1.046495219176387970e+01
1.073889090834635951e+01
1.037062044089198665e+01
1.082186850073782658e+01
1.075302070233147234e+01
9.577872202555823833e+00
1.010090906357027052e+01
1.006556827587485614e+01
1.081337257134005903e+01
1.056523843644417049e+01
1.004789498000610060e+01
1.072160614743952323e+01
1.067968010088933539e+01
9.710728456551040111e+00
1.011087570476592212e+01
1.027310451654518353e+01
9.411679056653264652e+00
9.733224121252836980e+00
1.092289310215940645e+01
1.051442814575964313e+01
1.023017965271128737e+01
1.075723805405573863e+01
1.016258151966161272e+01
1.087667032190838157e+01
9.245118067038973209e+00
9.670514682798176054e+00
1.049959307881229442e+01
9.877838062102410888e+00
1.010853816573376385e+01
1.067561745550558427e+01
9.968859949319066160e+00
9.445088175336598724e+00
1.073624121602392734e+01
9.491017076262391328e+00
1.062171849814590807e+01
1.056985511641165942e+01
1.061701580850496640e+01
1.069587023171583517e+01
1.052536109568651845e+01
1.087855734143728270e+01
9.982487135693608238e+00
1.058352185042486937e+01
9.613591937590628689e+00
1.055006004825729704e+01
1.089157103514199676e+01
9.912958612920805379e+00
1.076930050988473475e+01
8.852387174074216603e+00
1.021927595552722501e+01
1.075411952795392878e+01
1.026488734916216217e+01
1.048081581622108871e+01
1.006336813464325353e+01
1.041457971027187490e+01
9.470864142819293008e+00
1.087845328423077262e+01
1.022920353125271298e+01
9.879775485962451143e+00
1.077133303642297335e+01
1.076664899566394062e+01
1.065955677718714512e+01
1.068696904364035660e+01
1.035127683840928370e+01
1.081688853415815466e+01
1.020741406325108613e+01
9.599634900494317336e+00
1.015289758086631089e+01
9.901179114908373435e+00
1.056111599316474248e+01
8.985284180398220855e+00
1.082964568161671615e+01
1.075354070339500012e+01
1.043708644127396923e+01
1.084339095700293143e+01
9.537131754599943889e+00
1.038602085480323645e+01
1.049067172154654415e+01
1.063904327704771724e+01
1.030768464988700117e+01
1.084423892891730823e+01
1.027310451654518353e+01
1.088683853504445587e+01
9.889958502938211993e+00
1.061665180206032666e+01
1.051449717303115605e+01
1.082186850073782658e+01
1.000337200738235133e+01
9.709612238870564127e+00
9.693591501483046713e+00
1.046803957627624371e+01
1.087174292961157462e+01
8.120383657613082562e+00
1.080858798158869227e+01
1.078452100943655090e+01
1.025708169157176108e+01
8.809541760808814459e+00
1.038189794136678756e+01
9.580559615018302111e+00
1.054246526706145382e+01
9.992139439736146045e+00
1.074966991048461118e+01
1.045801139157546622e+01
9.297002070707414134e+00
1.083388338404203211e+01
1.041958244994526339e+01
1.066341350095983742e+01
9.901179114908373435e+00
1.051442814575964313e+01
9.838432559943388611e+00
1.020050221381857369e+01
1.077527151776066106e+01
9.064918832159774453e+00
1.064708412984490593e+01
1.025828606056215442e+01
1.008430646860210622e+01
1.058777040522128488e+01
1.037544967823716746e+01
1.042105236636897914e+01
1.085239338835232203e+01
9.545210902499139394e+00
9.678640633790225323e+00
9.373595932993179503e+00
1.093678559264247951e+01
9.571290482679868816e+00
1.014127393262273280e+01
9.152211738525430462e+00
1.004477183800391416e+01
1.037521377257955457e+01
1.004247152486763461e+01
1.054832067066193524e+01
1.077273896147096899e+01
8.551746176588938653e+00
1.035334303392887989e+01
8.863316882281450759e+00
1.080939764719754947e+01
1.069102802104237782e+01
1.027347306093137824e+01
1.036940707615582902e+01
1.094028751410730216e+01
1.004968516047539673e+01
1.068582197781316800e+01
1.080783901671550495e+01
1.080789234760964490e+01
1.064531658509571521e+01
9.601286147522339220e+00
9.791896147979755938e+00
1.088283568059118345e+01
1.013450608903676198e+01
1.038389572891422041e+01
8.983936762384908903e+00
1.023608150897726254e+01
1.076219371633319888e+01
1.054246526706145382e+01
9.248620226645424935e+00
1.070181060650302207e+01
1.018188194292740789e+01
1.043924388415073068e+01
1.058750158932970642e+01
1.011552576638695022e+01
1.082012869632657903e+01
1.050903142977509397e+01
1.083389850693921730e+01
9.645000423850090598e+00
1.000092494961167944e+01
9.451850886027257204e+00
1.057408085219049099e+01
9.742196650487032983e+00
1.086166081895151692e+01
1.031514276632505833e+01
1.032813035113701972e+01
1.043783207071645336e+01
1.064080280925669797e+01
9.384456430694939399e+00
1.029442152696824309e+01
1.062611403079249328e+01
1.056123016509236656e+01
1.078121761585818206e+01
1.011174215087257799e+01
1.045524818233200115e+01
1.072054229868342645e+01
9.690411070315265718e+00
1.075263093264139691e+01
9.765653013038102515e+00
1.083793076885443973e+01
1.067798924149800399e+01
9.679514032011137914e+00
9.708448698663135090e+00
1.041202622511493026e+01
9.714434872946009492e+00
9.597944602202371556e+00
1.084231685020971980e+01
1.026488734916216217e+01
1.061814682812211252e+01
1.029460361270695934e+01
9.211775557954696936e+00
1.029173866806173088e+01
1.066341350095983742e+01
9.972710119053653344e+00
9.820457926329643428e+00
1.071726043084109570e+01
1.058298046468307518e+01
1.048307594033853718e+01
1.078051363750057412e+01
1.078121761585818206e+01
1.072878169463476361e+01
8.908143016060860120e+00
1.039821498430036328e+01
1.065015407228010957e+01
1.001869797479095325e+01
1.072989218976362658e+01
1.067291995358736578e+01
1.054290806377304435e+01
1.076125943992183309e+01
1.040949933543594241e+01
1.051972809801544884e+01
1.071478653777208834e+01
1.016530279001657711e+01
1.040392846007897099e+01
1.081945961853019078e+01
1.085336909708718345e+01
9.706573441646082046e+00
1.078434251696750046e+01
1.030407699205895788e+01
1.024519348809182873e+01
1.052831950574218212e+01
1.013676663432108427e+01
1.076857552973123155e+01
1.079561416175831745e+01
9.774941443672403807e+00
1.071912730957950366e+01
1.061640520809003441e+01
9.476745882974279667e+00
9.806252596920838727e+00
8.877300352238146175e+00
1.079140154275228625e+01
1.075985294534404169e+01
9.799898437586689326e+00
9.709612238870564127e+00
1.067798924149800399e+01
1.077514035865878839e+01
1.083602179925509290e+01
1.075407540373431736e+01
1.070376973088145611e+01
1.021743674349653297e+01
9.917247375253358754e+00
1.084261841491706058e+01
1.091030854073701306e+01
1.076677576522257063e+01
1.029173866806173088e+01
9.973830924675329612e+00
1.056638805490644550e+01
1.061738677929212038e+01
1.062611403079249328e+01
1.062087611309843282e+01
1.073668656387862441e+01
1.045930855605158705e+01
1.014613775910298799e+01
1.035804444879142139e+01
1.081002544575687629e+01
9.375778526166072879e+00
9.642676602400545249e+00
8.727786400038867853e+00
9.645000423850090598e+00
1.017574746698057986e+01
1.021690751161044908e+01
1.037875982523647700e+01
9.879775485962451143e+00
1.045631539532323906e+01
1.076897846513116797e+01
1.027305805136229999e+01
1.071912730957950366e+01
1.009747917098651193e+01
9.666466493298971230e+00
1.056985511641165942e+01
1.030550069791864765e+01
9.883010680019760130e+00
1.003914666171226955e+01
1.059992446188049087e+01
1.011174215087257799e+01
1.047099958068615067e+01
9.340585614842723317e+00
1.033036298993386914e+01
1.080184263605454831e+01
9.706452437219594387e+00
9.821883671648262037e+00
1.061793191712707163e+01
1.045216242082747549e+01
1.004886670248395575e+01
8.696296654538544502e+00
1.067337159644807798e+01
9.476745882974279667e+00
1.049637956099468283e+01
1.085282351692574032e+01
1.091726260274605664e+01
1.074025277345604223e+01
1.011729306400464168e+01
1.039863336003602257e+01
1.057617124133416908e+01
1.023613955325492242e+01
1.015022276558579861e+01
1.075462363483102735e+01
1.088904411922505489e+01
1.083491265142869509e+01
1.013424355142360511e+01
9.964432868426401413e+00
1.057867080128703741e+01
1.066197121090143618e+01
1.001171377557900755e+01
9.513078130529226684e+00
1.017108043202476786e+01
1.015902138026311619e+01
1.076085951259120677e+01
1.066542137154257475e+01
9.806252596920838727e+00
1.025642479773511795e+01
1.079680670975087864e+01
1.093086812261698171e+01
9.534302860461773221e+00
1.047870035224706875e+01
1.059832030537283387e+01
1.021714427260103264e+01
1.026388331923156017e+01
1.075495667736922378e+01
1.059508967048693684e+01
1.071869301660068352e+01
1.064497156128410893e+01
1.016188525301537382e+01
1.030407699205895788e+01
1.009859898700358194e+01
9.644855002960877499e+00
9.938862397330300524e+00
1.068874792078630165e+01
1.038827139143357670e+01
1.056985511641165942e+01
1.077341646294805066e+01
9.973543001350670067e+00
1.019373704604173270e+01
1.060654673539934301e+01
1.042677143321748012e+01
1.078837901663959897e+01
1.044350433044222548e+01
9.757076750254158881e+00
1.019173776173325408e+01
1.084479842334955535e+01
1.011915140526149770e+01
1.006136522428030133e+01
1.035038429825441142e+01
1.003653975717958069e+01
1.074680461479618288e+01
1.073684592201196430e+01
9.974224491837766493e+00
1.003002444922821645e+01
1.046607525168950659e+01
1.042783155194512013e+01
8.877300352238146175e+00
9.941065560416086910e+00
9.879775485962451143e+00
9.195503546326753153e+00
1.035742361789208665e+01
1.060571511936330147e+01
9.941290972567538020e+00
1.068288796291009390e+01
1.062319160504411286e+01
9.640437599954019277e+00
1.066102433755008327e+01
1.017952727752270548e+01
1.031303748897262906e+01
1.044885579572065737e+01
1.073889090834635951e+01
9.526108444659868724e+00
1.075829332314730813e+01
1.054564527397520024e+01
1.038575727896831857e+01
9.852074260167148267e+00
9.813053774932871676e+00
1.072906846596193375e+01
9.901179114908373435e+00
8.908143016060860120e+00
1.055705441523403998e+01
9.102110378922519729e+00
1.038666831802804680e+01
1.059469525405414458e+01
1.093274364105521812e+01
1.041168371261408510e+01
1.068886042218205823e+01
1.069298082917462622e+01
1.078525117920403709e+01
1.010810981017941756e+01
1.003823256243562234e+01
1.071715819709619844e+01
9.804528390113091518e+00
9.600906845846290949e+00
1.027600954180787518e+01
1.091726260274605664e+01
9.941065560416086910e+00
1.064752749849986380e+01
9.982487135693608238e+00
1.003386197710974237e+01
1.080783901671550495e+01
1.086722423689270300e+01
1.087613387531625619e+01
9.708378214429957964e+00
1.003217166035252284e+01
1.001346540917554684e+01
9.686781117025066834e+00
1.016258151966161272e+01
9.331796542434600994e+00
1.082226935282281488e+01
1.072223706509747920e+01
1.012015790737264709e+01
9.985969254025841124e+00
1.069712356337204007e+01
1.073613834157401392e+01
9.894550807246782043e+00
1.061793191712707163e+01
1.009113115836486507e+01
9.748650074508654839e+00
1.069683176283907677e+01
9.706833136524680938e+00
8.840407316888590827e+00
1.034200626573253601e+01
1.093363385854289049e+01
9.886174960172521509e+00
1.014616709629853020e+01
9.767151635066078086e+00
9.644855002960877499e+00
1.059528045469184221e+01
1.041080388360972186e+01
9.517561412364864637e+00
9.839330719264820502e+00
1.081366367578694465e+01
9.612095280078946757e+00
1.002368166238882452e+01
1.031402952224098613e+01
1.065568712224768433e+01
1.093640186082535770e+01
1.017578376052521172e+01
1.007940952204554108e+01
1.053389255489360288e+01
1.072504891939063576e+01
8.702302855239347323e+00
1.010053350717163667e+01
1.069510150610263288e+01
1.087463918853547362e+01
1.055676614547031100e+01
8.917435707235208397e+00
9.451447315061884069e+00
9.069458247329412970e+00
9.809004110343636285e+00
1.065298343132198156e+01
1.057258515133990251e+01
1.023646731037584345e+01
1.026956531622806956e+01
1.056985511641165942e+01
1.013493895962353797e+01
1.027560660070533416e+01
1.015280960610307659e+01
1.079514542332128357e+01
8.366067349458075952e+00
1.052762663434633517e+01
1.039551546007294647e+01
9.801677627217182831e+00
1.054246526706145382e+01
1.030799779466163990e+01
9.769076727233031221e+00
9.701726839643093570e+00
1.037080665465774310e+01
9.427440283481820060e+00
1.011083352052574824e+01
1.089432892847861467e+01
1.059748881886260641e+01
9.760684082498325864e+00
1.091301690967736349e+01
1.036365636324375217e+01
8.968540771396517286e+00
1.061412443114587845e+01
1.068666457861558250e+01
1.038949887184518062e+01
1.077469127767639989e+01
9.467970410231060896e+00
1.056519132202560840e+01
9.985969254025841124e+00
1.001519556715571291e+01
1.092153546337668324e+01
1.032292755206422008e+01
9.862808154666311111e+00
1.070433328973073195e+01
1.008430646860210622e+01
9.683122327187827949e+00
1.080757787684186155e+01
9.696539699709047611e+00
1.052703964225822908e+01
1.024775304804919074e+01
9.789340920384244527e+00
1.039871118370095182e+01
1.018808334750793421e+01
1.056870000881376370e+01
1.078544524343445232e+01
1.085592442609516262e+01
1.092283124615543777e+01
1.075432694885098428e+01
1.031264478823537800e+01
1.080849801422239587e+01
1.039291788153039064e+01
9.882126312877625551e+00
9.552375658246452517e+00
1.008535108023943749e+01
9.848175164996526121e+00
1.028485802025948814e+01
1.006370878276899283e+01
9.296012020493629180e+00
9.344650330820943651e+00
9.785459082735851410e+00
1.045705241390857587e+01
1.058248258909346262e+01
1.061978306717517739e+01
1.078685995684871557e+01
1.017491900801346993e+01
1.068142168082712473e+01
9.939883844887697606e+00
1.004885237669783038e+01
1.001206173634801821e+01
1.009323540299112132e+01
1.074025277345604223e+01
9.749805627676620290e+00
1.058777040522128488e+01
9.741164943143077792e+00
1.066725736191807883e+01
1.073785599990894291e+01
9.225571793082645300e+00
9.703626437903107416e+00
9.717993057088886388e+00
1.056870519595499580e+01
1.020840455899455712e+01
1.047278316562236888e+01
1.079561416175831745e+01
1.074680461479618288e+01
1.067038680978164322e+01
1.018188194292740789e+01
8.982520064934060855e+00
1.046734624635158895e+01
8.456391210558075855e+00
1.055786368942701259e+01
1.051975783809776921e+01
1.089157103514199676e+01
9.931397965882894141e+00
1.013150871165296607e+01
9.072679127341949368e+00
1.085563701368135092e+01
1.006434747403768348e+01
1.076175377858506543e+01
1.050274404528837913e+01
9.613591937590628689e+00
1.082845836771087100e+01
1.061978306717517739e+01
1.082186850073782658e+01
1.048129019570632359e+01
1.036568295807372309e+01
9.741626169596633744e+00
9.879775485962451143e+00
1.026494584048613667e+01
1.087786841223376477e+01
1.094146763922700316e+01
1.027845133371381436e+01
1.027132524071758013e+01
9.758153898836605222e+00
8.738955260675968617e+00
9.998877323868281763e+00
8.983457649136509460e+00
9.798687405941993944e+00
1.057408577042306597e+01
9.224029231409854646e+00
1.082186850073782658e+01
1.027923880640528331e+01
1.047759957434053035e+01
1.044050252774214904e+01
1.087544368061372246e+01
1.014124846608145170e+01
1.081903227585984339e+01
1.060571511936330147e+01
1.044729765459377724e+01
1.081768927472150565e+01
1.073926578963920342e+01
1.009859898700358194e+01
9.819541555658648946e+00
1.036790218233079486e+01
1.036058535385219237e+01
1.016809332964340484e+01
1.008454689212639366e+01
9.544630760846992246e+00
1.004789498000610060e+01
1.048639161491022875e+01
1.054720485529026419e+01
1.054387886726046730e+01
1.086140197593410939e+01
1.014874290345728802e+01
9.269976743775215411e+00
1.051442814575964313e+01
1.072579360738029131e+01
1.082793742943605864e+01
1.080719571224924458e+01
1.070031416849757733e+01
1.075935219722996727e+01
1.054158388802945723e+01
1.057491303758531132e+01
9.986309855547784053e+00
1.070726639610512976e+01
1.041202622511493026e+01
9.854339932241941824e+00
1.081200844324586896e+01
1.088391675583421403e+01
1.004371527079880977e+01
9.091100376580554254e+00
1.064701381891405241e+01
1.057813947176167169e+01
1.036365636324375217e+01
8.876533238925276237e+00
1.074544204319166774e+01
1.079346096503449992e+01
1.056051253048801897e+01
1.015886160090665946e+01
9.376817400485059295e+00
1.041558952768445678e+01
1.063602213472030300e+01
1.033016154592236369e+01
1.059297359706417296e+01
1.015304962876599504e+01
1.063491114406958538e+01
1.087855734143728270e+01
1.030799779466163990e+01
1.032739609470665521e+01
1.048947759333683472e+01
1.048120010578121075e+01
8.035604626869865541e+00
1.079514542332128357e+01
9.854895956159612780e+00
9.627710843829571985e+00
9.774941443672403807e+00
1.052223040974353729e+01
1.073797108783580434e+01
1.074366610775015651e+01
1.075968736150358751e+01
1.077727747768503974e+01
1.011174215087257799e+01
1.056190098925981857e+01
1.087755051195914291e+01
1.000000945104630112e+01
9.587666886516808873e+00
1.040746806686653159e+01
1.031514276632505833e+01
1.022008463868015760e+01
1.085592442609516262e+01
1.075043449409526630e+01
1.032667466317052352e+01
1.028272243233715777e+01
1.030559639419851514e+01
1.009734166805304412e+01
1.064383937723819784e+01
1.075944960978747567e+01
7.398632151946064717e+00
9.476942299455142660e+00
9.559201873380430925e+00
1.017611526605993433e+01
9.933331080852401129e+00
1.018429217516286833e+01
1.021310291150419935e+01
1.023421428354933482e+01
1.021905343291485835e+01
1.040755831556208655e+01
1.054564408207220438e+01
1.093912210567244614e+01
1.092706212361995810e+01
1.054703533909428259e+01
1.034579198984572201e+01
1.061793191712707163e+01
9.671031608326746465e+00
1.010053350717163667e+01
1.044152203508872034e+01
1.043925063466746295e+01
1.077454076870506583e+01
1.046253702598083635e+01
1.086236807311694896e+01
9.942847046328790128e+00
1.083197261827466029e+01
1.017668252680770813e+01
1.079514542332128357e+01
9.794214769057763448e+00
1.008454689212639366e+01
9.887628118153191537e+00
1.071912730957950366e+01
1.023530168715469735e+01
1.017373860116332907e+01
1.062081127745109121e+01
8.972568617876472530e+00
9.600031600778802243e+00
9.858523094883279825e+00
9.693591501483046713e+00
1.002059097946391475e+01
9.901179114908373435e+00
1.010970524355776767e+01
9.976603534668413431e+00
8.549801673198315299e+00
1.070760652976319705e+01
1.014258207410546930e+01
1.042824261109579176e+01
1.028085892151747061e+01
7.052978426234832732e+00
1.053946829867050283e+01
1.018188194292740789e+01
9.964332375184211443e+00
1.070489492820185440e+01
1.005240712011325499e+01
9.580559615018302111e+00
1.053976106207161578e+01
1.013846088971919102e+01
1.074943971637125451e+01
9.928620226400386883e+00
1.072901253605670391e+01
1.013874841789924197e+01
9.854258630215408488e+00
9.878738375520436321e+00
9.141174554718459078e+00
9.736141468341175553e+00
1.032337013483572363e+01
1.039631760211512379e+01
1.049012639045864148e+01
1.075079352816256950e+01
1.083031444300531021e+01
1.008535108023943749e+01
1.077469127767639989e+01
1.083800999700747347e+01
1.057134430170852113e+01
1.040507282160600155e+01
1.059697373470080883e+01
1.048931731360591080e+01
1.002434032043462686e+01
1.065998802294991599e+01
9.948950960962703149e+00
1.042885900797846688e+01
1.029781602910843219e+01
9.507698096929342313e+00
1.006755589304010812e+01
