1.608648190362731256e+01
1.600966766447043454e+01
1.430750926383224098e+01
1.602354076297299912e+01
1.620624237831574277e+01
1.600139390153708874e+01
1.606099661474077678e+01
1.604580497915263138e+01
1.610800747795819632e+01
1.609126969033816934e+01
1.602469015971163913e+01
1.601814763340687264e+01
1.604265973305103543e+01
1.600910309826682010e+01
1.602933727244899131e+01
1.619104287014441468e+01
1.536714528444843353e+01
1.604405126178900787e+01
1.604567021802269977e+01
1.472765586433794383e+01
1.618631166163171642e+01
1.601026776943015051e+01
1.628456765544201801e+01
1.621915721701609669e+01
1.605064540312828925e+01
1.603214237297214950e+01
1.616670713706007589e+01
1.627114454871489357e+01
1.612043310753562864e+01
1.608365641197630325e+01
1.610538524174419450e+01
1.606108274366517463e+01
1.607735827677706908e+01
1.605907017715814433e+01
1.600139390153708874e+01
1.620158253539282001e+01
1.611046026733018977e+01
1.601041483152545553e+01
1.620914252580139348e+01
1.600830403098265364e+01
1.600338271481272301e+01
1.620043678377247431e+01
1.604373795315311213e+01
1.615247008918647964e+01
1.600263270330200172e+01
1.608813810652995357e+01
1.619911754996391906e+01
1.612703747413464228e+01
1.605201142060754904e+01
1.611295163672821218e+01
1.607076738120914072e+01
1.608477921368425001e+01
1.621536881970551391e+01
1.600559860333535411e+01
1.601053305950789962e+01
1.613221243444736075e+01
1.625815451067855832e+01
1.600499657645178431e+01
1.605034295854400739e+01
1.600180438779744208e+01
1.620037178103389053e+01
1.473567984338899528e+01
1.224795058238734846e+01
1.610499316350175292e+01
1.609862290379214755e+01
1.600251044024563996e+01
1.607350997096194689e+01
1.601514060522430682e+01
1.600718483405850634e+01
1.622194192609801533e+01
1.626116303314522327e+01
1.600187209476793981e+01
1.600084330324611415e+01
1.601548955430841303e+01
1.617921337052650443e+01
1.611793505079687350e+01
1.601583475193749351e+01
1.615968756427986719e+01
1.628384779707734964e+01
1.603759877449706295e+01
1.601434595431933161e+01
1.613850507864341921e+01
1.604163125959209779e+01
1.611755276374907098e+01
1.602176533241223666e+01
1.613212555309981866e+01
1.621539173947984835e+01
1.607350997096194689e+01
1.620252126693571881e+01
1.602723699580895911e+01
1.352050387714388080e+01
1.604156413499831402e+01
1.624178877856896364e+01
1.602042433900743390e+01
1.602910022172364535e+01
1.606581023355812832e+01
1.603794746489027290e+01
1.601925553736451491e+01
1.621548990385481304e+01
1.622869537265536266e+01
1.628171519405741563e+01
1.608705595185210768e+01
1.619341194657690508e+01
1.616805539057581598e+01
1.619387992500026030e+01
1.626953967472456952e+01
1.615281149610514433e+01
1.608303884042210896e+01
1.614931299908831974e+01
1.026614680151857328e+01
1.609381468017548400e+01
1.264963558042173908e+01
1.615785777224296638e+01
1.600095854094901782e+01
1.602457147103477553e+01
1.621730802234954893e+01
1.606251996473907084e+01
1.611689866626842971e+01
1.601396367334661264e+01
1.600975775123605516e+01
1.610418406705131744e+01
1.601628477249737159e+01
1.618334624498089980e+01
1.601626328217685469e+01
1.623360443662942032e+01
1.605511233327920451e+01
1.354149870004454925e+01
1.628264020112995780e+01
1.602166411745916719e+01
1.601892845211570204e+01
1.610783255535642056e+01
1.613996723548189038e+01
1.621887895149216874e+01
1.600754692917555033e+01
1.625509107890021099e+01
1.609315307237273984e+01
1.600290903546031629e+01
1.602917183528754919e+01
1.620906114056582581e+01
1.618615871303219933e+01
1.603391029209459262e+01
1.601364809305220405e+01
1.627486594875872328e+01
1.611781084877302561e+01
1.602976937524066159e+01
1.617019334391280339e+01
1.608073018497870166e+01
1.620820471886771585e+01
1.613920241048925064e+01
1.625738423831787216e+01
1.608753298337078519e+01
1.623367423840232959e+01
1.600689412645976972e+01
1.619930862690478435e+01
1.606140185253990538e+01
1.444278344329345032e+01
1.610394685478614818e+01
1.606095517804302375e+01
1.606536823130382174e+01
1.605087758169920775e+01
1.600034627717872127e+01
1.623317024908131145e+01
1.610806157262412341e+01
1.602933727244899131e+01
1.606338792486373634e+01
1.609675534112020401e+01
1.606116422332923221e+01
1.608824183108682959e+01
1.603902903243889710e+01
1.607328426379997310e+01
1.608090560161799232e+01
1.601013672813921573e+01
1.623639437851910472e+01
1.601307198055231851e+01
1.608179954596693761e+01
1.604123187311391519e+01
1.607893476683291212e+01
1.602758645957878514e+01
1.609640849831376741e+01
1.625873963243563836e+01
1.608480291598024436e+01
1.618818622785212824e+01
1.617336591323401507e+01
1.601665272881135138e+01
1.602338420441430600e+01
1.628379389667984967e+01
1.602098574581619062e+01
1.621273351356945369e+01
1.623268075945939160e+01
1.004035852304149401e+01
1.614576612991460891e+01
1.602589147346628451e+01
1.602026083992241823e+01
1.611495908793156318e+01
1.604865141874363488e+01
1.601923539616938896e+01
1.600828047938609444e+01
1.625051595013827566e+01
1.603484315164419982e+01
1.601807739737913394e+01
1.603692305012532415e+01
1.603393911519997062e+01
1.615818636156781452e+01
1.611014659076115052e+01
1.611364759073520858e+01
1.621979920941487308e+01
1.622718626684366328e+01
1.611080614111806142e+01
1.612309990445654861e+01
1.624714801906482364e+01
1.611661441642501913e+01
1.602910022172364535e+01
1.608701673774811525e+01
1.600960865413316725e+01
1.615724082699043151e+01
1.613947703989927618e+01
1.602667818458087723e+01
1.602765442408043839e+01
1.618402004421939111e+01
1.607223913263928949e+01
1.607631456734684861e+01
1.608705595185210768e+01
1.620612970440691925e+01
1.608394538068110791e+01
1.613228667482289325e+01
1.600252720027318887e+01
1.603665079633682566e+01
1.606221981054818571e+01
1.610475257847055275e+01
1.602187738682475882e+01
1.612055854632906460e+01
1.609527833275547337e+01
1.604832575228675751e+01
1.600212893538796521e+01
1.601261664769603499e+01
1.611622448613950098e+01
1.600133474971163494e+01
1.605181411983500439e+01
1.108675365097197307e+01
1.601420750883682587e+01
1.606731158788013403e+01
1.608507935812901835e+01
1.603290439736561268e+01
1.609372055644587718e+01
1.602975764882575760e+01
1.611849085668709947e+01
1.180039187881963869e+01
1.627708520193011310e+01
1.609972195403081940e+01
1.613664602456665165e+01
1.607888464264837225e+01
1.626044789251170286e+01
1.611661997208512886e+01
1.609383963170145648e+01
1.612087324135039879e+01
1.617679822328390316e+01
1.600626193524910335e+01
1.618524987920389080e+01
1.610424777985896583e+01
1.623229236316036506e+01
1.617633965236848681e+01
1.613000293429330512e+01
1.622180807222297005e+01
1.617457126409600932e+01
1.618636587652715519e+01
1.600515979738694838e+01
1.610904615805637263e+01
1.606509867598968100e+01
1.601948703557105347e+01
1.600683189774562365e+01
1.600911634319989574e+01
1.626358508318036300e+01
1.611642230974238643e+01
1.615773237921888139e+01
1.606435949977196387e+01
1.606929715366584333e+01
1.603502664458737925e+01
1.603924544155028542e+01
1.609326143447289326e+01
1.600481450093952773e+01
1.602049043460216282e+01
1.618211009843319914e+01
1.607028711614851346e+01
1.602487197913757910e+01
1.617480359780200772e+01
1.620329858507742671e+01
1.615833901500969105e+01
1.600212985953034206e+01
1.628299777816929961e+01
1.619404862221647434e+01
1.621797779281365237e+01
1.609987493235966127e+01
1.605720779747903393e+01
1.618536130610610257e+01
1.609929747356791196e+01
1.600489989988388828e+01
1.605164362083225527e+01
1.607832587051487394e+01
1.603212231682227440e+01
1.626807772340409031e+01
1.600578606709912677e+01
1.611162639925542805e+01
1.619369778675001825e+01
1.601005028683747966e+01
1.606522972435797314e+01
1.621938846198402828e+01
1.603920386122588582e+01
1.603662883810242690e+01
1.608540195446684962e+01
1.616850475164638823e+01
1.609468274979082381e+01
1.606438041519585980e+01
1.600758699782361205e+01
1.615916914473440613e+01
1.602562140222657661e+01
1.617768127788989219e+01
1.609987483489851101e+01
1.613294521989327990e+01
1.626163240093775997e+01
1.601205340328128557e+01
1.621712560003014048e+01
1.610315696089875104e+01
1.600018010008714597e+01
1.614433602549342339e+01
1.617787116369708045e+01
1.616226125734182162e+01
1.615603677699279217e+01
1.604293709635518539e+01
1.616670713706007589e+01
1.622433859370170239e+01
1.608299116174829635e+01
1.600774784078177504e+01
1.617989857909496720e+01
1.611908959076832204e+01
1.612235867725095417e+01
1.610630612374856341e+01
1.600872281615983184e+01
1.601714009220187407e+01
1.615916914473440613e+01
1.601985281049067567e+01
1.606933762652679576e+01
1.620257058881416157e+01
1.604978742814230586e+01
1.608962352971993326e+01
1.600065783874021008e+01
1.601864690350543796e+01
1.619325767731285026e+01
1.603199027555334411e+01
1.600983677016257190e+01
1.614019185756843200e+01
1.618608155509709690e+01
1.606705677569629742e+01
1.616154645864966710e+01
1.611208548873534951e+01
1.600646997786429537e+01
1.600523997868746306e+01
1.620619789079463757e+01
1.606760594406174647e+01
1.603027187828309863e+01
1.618688770614814842e+01
1.608086980336348759e+01
1.600088293448945365e+01
1.332332824661860826e+01
1.605825556930874853e+01
1.605196686852496413e+01
1.604098481882092031e+01
1.613361737655047889e+01
1.600976706713410636e+01
1.613142597769202524e+01
1.624047435086072255e+01
1.601891389309988156e+01
1.602989263643911499e+01
1.612860577983174792e+01
1.622753724460217484e+01
1.603027701407770422e+01
1.600889361590470017e+01
1.609662675523903275e+01
1.614028291808180526e+01
1.618951015842587893e+01
1.605800225349782551e+01
1.622754314174758861e+01
1.600241292158059636e+01
1.600166759287245810e+01
1.618068478037342217e+01
1.602241782958139993e+01
1.602865713301351391e+01
1.619051313330178843e+01
1.612581713192532717e+01
1.626880914777031961e+01
1.359965171163111641e+01
1.605732979662094806e+01
1.616805539057581598e+01
1.603156457452508832e+01
1.601281476270032300e+01
1.601364933797983880e+01
1.606739807724699176e+01
1.613285660829392754e+01
1.610924421955617092e+01
1.600537642499995528e+01
1.618524987920389080e+01
1.613894723364261807e+01
1.608659394704698542e+01
1.615910470448541503e+01
1.607650948001217728e+01
1.602592924419352016e+01
1.096607063468843357e+01
1.615733400531737729e+01
1.603952437901837058e+01
1.604739357297263069e+01
1.614174043022917715e+01
9.794902791251299590e+00
1.600557463012120252e+01
1.615603677699279217e+01
1.601440428451627795e+01
1.615639857002468460e+01
1.605136146463487634e+01
1.618484322834833833e+01
1.616495050448048687e+01
1.601234534176403912e+01
1.620921810116698936e+01
1.600618570152846942e+01
1.613894723364261807e+01
1.600484526821994180e+01
1.625954055931082465e+01
1.600067642952823022e+01
1.614313177090375007e+01
1.607517540972621717e+01
1.600160497641264712e+01
1.620099975021157945e+01
1.623758711822227951e+01
1.600709342291808923e+01
1.606117744175554307e+01
1.600690835780526555e+01
1.609528702152830348e+01
1.621042319242359753e+01
1.613730272500596996e+01
1.176157479674313677e+01
1.600783303422634418e+01
1.608000040919831619e+01
1.605639757716112115e+01
1.603295941305353267e+01
1.619049834128469811e+01
1.614195542462917743e+01
1.613565156804428824e+01
1.626600666220288360e+01
1.611455373504504962e+01
1.613771760937205357e+01
1.604927920710056810e+01
1.616386018214939213e+01
1.605913492397193210e+01
1.623505383314556738e+01
1.625488543532886965e+01
1.621926387817600812e+01
1.610633616920305045e+01
1.601340418024757994e+01
1.613673482339088139e+01
1.601257328139674740e+01
1.613216484844831555e+01
1.622981170331622636e+01
1.608012245258031570e+01
1.615318973023723714e+01
1.606920078046265488e+01
1.603956771271271364e+01
1.603510793829425296e+01
1.610792780743145158e+01
1.602426911765855522e+01
1.607612443653146173e+01
1.618601440435390515e+01
1.603035836325482322e+01
1.262094683717253574e+01
1.602035657040711314e+01
1.607592467398829328e+01
1.609383963170145648e+01
1.621904831335230313e+01
1.609071844833265885e+01
1.600336600480016358e+01
1.618980959885920257e+01
1.621155335390871954e+01
1.615367054400129376e+01
1.607779314069275856e+01
1.609005510797482330e+01
1.608165196301406041e+01
1.626766222606294932e+01
1.606557848757061535e+01
1.615126764110040725e+01
1.611879217853402224e+01
1.606664264462621716e+01
1.618784681547877824e+01
1.604521043303226691e+01
1.613822950250635913e+01
1.607373973950788937e+01
1.607402643411042931e+01
1.609482021307308131e+01
1.600413081790088299e+01
1.612226083353867168e+01
1.601583592121054878e+01
1.601681066385680907e+01
1.600529002602462114e+01
1.615316971993579287e+01
1.621291351776972789e+01
1.601891389309988156e+01
1.509492709157136758e+01
1.623179843873489503e+01
1.611936246326711597e+01
1.623111461447071946e+01
1.608481178931481992e+01
1.604366903084182283e+01
1.624177571314127988e+01
1.606952517622325871e+01
1.623849977627549634e+01
1.611784963256091885e+01
1.601644749659986644e+01
1.609468274979082381e+01
1.611754659829924918e+01
1.606342194763607978e+01
1.625510011231240881e+01
1.616226125734182162e+01
1.621354339095534414e+01
1.602873547670463239e+01
1.606268214335498357e+01
1.600206802933079686e+01
1.625584460421775290e+01
1.600752593715242256e+01
1.608780315197654787e+01
1.604039745618540636e+01
1.601706212359264114e+01
1.610639117099477957e+01
1.601769672024143176e+01
1.159845488878578301e+01
1.600422757248637851e+01
1.620430119634486843e+01
1.600991859654600802e+01
1.604116372387923661e+01
1.606077982220983458e+01
1.604426333893667334e+01
1.600423891318181191e+01
1.617417248117009621e+01
1.615615602615343960e+01
1.612924829561016793e+01
1.625876311896868032e+01
1.600494547359442876e+01
1.617255741799847613e+01
1.611500261639722709e+01
9.695194473300773552e+00
1.606438041519585980e+01
1.608632569785010702e+01
1.603955311460572375e+01
1.613625204628100462e+01
1.600459223069346137e+01
1.611011514894667940e+01
1.627851334431079877e+01
1.610611066784017709e+01
1.623195173928277768e+01
1.626540082771897744e+01
1.601648735997905604e+01
1.603446656816748828e+01
1.602790550161551764e+01
1.625387677672618025e+01
1.614708068167002608e+01
1.616968047073362769e+01
1.607976095267819616e+01
1.605272624274646986e+01
1.600960865413316725e+01
1.614854428881353243e+01
1.602947637711308460e+01
1.611577936102375830e+01
1.600659320540193065e+01
1.605388521085736642e+01
1.602282512807268233e+01
1.600838716069109324e+01
1.197271432975036554e+01
1.606867039111547157e+01
1.601103271686222485e+01
1.601105996856229297e+01
1.604646350224899010e+01
1.604396328405815808e+01
1.606464376887373291e+01
1.607506777569550849e+01
1.614017936691224619e+01
1.600046882224977551e+01
1.619869471414886064e+01
1.600135864618744819e+01
1.610878181096769879e+01
1.606838789145981750e+01
1.601059218796337902e+01
1.601103724722916155e+01
1.607597725041480174e+01
1.609420639709813017e+01
1.600688758019241575e+01
1.625380978547972788e+01
1.600822023972525443e+01
1.627428886093245097e+01
1.600637513118853050e+01
1.627292692819200326e+01
1.620420041674869083e+01
1.601627568450552630e+01
1.620410888720760667e+01
1.606233988153624637e+01
1.601896869098188247e+01
1.617856831986910748e+01
1.620812925623266310e+01
1.616224374491240212e+01
1.626379780377846274e+01
1.600450233880716056e+01
1.600775182174947631e+01
1.600577567048574323e+01
1.618759643962249584e+01
1.607717907899939647e+01
1.623064636498761004e+01
1.620193587648213196e+01
1.603494865164038785e+01
1.615410687813582769e+01
1.602573813253975032e+01
1.618233459655090556e+01
1.627653455707224595e+01
1.607645215600344812e+01
1.612169563541988992e+01
1.205106393179746860e+01
1.620843163666301834e+01
1.609779130059438046e+01
1.617308129379701853e+01
1.626189442404705687e+01
1.606810752031165990e+01
1.620043678377247431e+01
1.620201985274901091e+01
1.626828232700738397e+01
1.616925885291345821e+01
1.131376316264717907e+01
1.621082760366581965e+01
1.627764519212722760e+01
1.620344575666642584e+01
1.604255349043709700e+01
1.601013672813921573e+01
1.600187209476793981e+01
1.608394538068110791e+01
1.606868959985848377e+01
1.606198814397655994e+01
1.601321632506353509e+01
1.612799454070382765e+01
1.616877429508484099e+01
1.608262901005062062e+01
1.608895158761468380e+01
1.623635823055427352e+01
1.601331431635534130e+01
1.606131798613503392e+01
1.607796136332726888e+01
1.608693284187801353e+01
1.600266890293760369e+01
1.601948703557105347e+01
1.304864420219498555e+01
1.606638402828801659e+01
1.600817915952988102e+01
1.601625797867611567e+01
1.628328740845270062e+01
1.600117503432631594e+01
1.600128922164364909e+01
1.610597464726935257e+01
1.610231160018814123e+01
1.602840147910547941e+01
1.626233118093259122e+01
1.610812021851498343e+01
1.614261831530097879e+01
1.604851288965036105e+01
1.604639020973348806e+01
1.608394538068110791e+01
1.616393619779544366e+01
1.600583341921749891e+01
1.604580365293329791e+01
1.620903002130035730e+01
1.614925604634656153e+01
1.613787615871215309e+01
1.612619129585354472e+01
1.609758781204401146e+01
1.609559629116400714e+01
1.604924301009049259e+01
1.605061949280828415e+01
1.626833769509700645e+01
1.600481153884050656e+01
1.604215338523577472e+01
1.608207434492295462e+01
1.607597631299756102e+01
1.612860577983174792e+01
1.607080152808770990e+01
1.602989304640374968e+01
1.160612160699464823e+01
1.184151790845057128e+01
1.611097437762842688e+01
1.600193312767597575e+01
1.620269907431497103e+01
1.622028460501779179e+01
1.627363546963706042e+01
1.600085396103464319e+01
1.617310388808211385e+01
1.612476473133035881e+01
1.617899500893160081e+01
1.610969210313261257e+01
1.600223544920320151e+01
1.621440820644492575e+01
1.550652850624335066e+01
1.608101418829959073e+01
1.600087488965874272e+01
1.619655458073737364e+01
1.607622822379192939e+01
1.606751579784012307e+01
1.604254590103530020e+01
1.600222117161334623e+01
1.609626870533482190e+01
1.621710912287403161e+01
1.602723421890064159e+01
1.623685891018149974e+01
1.614553776976280020e+01
1.616459567666241526e+01
1.603626350356813646e+01
1.603385097183310748e+01
1.602095391867488061e+01
1.613190058369190893e+01
1.609195795363322290e+01
1.600031498124083029e+01
1.624787004718966443e+01
1.548532896666525183e+01
1.613547366925884319e+01
1.606729618998270581e+01
1.607336053403217591e+01
1.622275307089237018e+01
1.605309579008821075e+01
1.533332585830536665e+01
1.619966556580274997e+01
1.611225292283130273e+01
1.600893394316379670e+01
1.617542979905844547e+01
1.604578730656812624e+01
1.601419822976358276e+01
1.601826251970980053e+01
1.603864626915644109e+01
1.617696449979732876e+01
1.607903948241272118e+01
1.604840145456817169e+01
1.627055023568417624e+01
1.617660099200856294e+01
1.613646251641658935e+01
1.609852864473158007e+01
1.617075061949146786e+01
1.613577608406617614e+01
1.413701454727366702e+01
1.600762993573382076e+01
1.619288731425964656e+01
1.602230993450523755e+01
1.600079817494213685e+01
1.600711157512468219e+01
1.624410251915795200e+01
1.608262901005062062e+01
1.551527143152521759e+01
1.604021611016634807e+01
1.622607717649638914e+01
1.613571776428202043e+01
1.603823060724390714e+01
1.625439426628446782e+01
1.611872773492149591e+01
1.609197576871514102e+01
1.611256915640836951e+01
1.612864483450134756e+01
1.623698086981090682e+01
1.600515979738694838e+01
1.602947637711308460e+01
1.605236121249432912e+01
1.602432790973359644e+01
1.615722276539932167e+01
1.600532180847976349e+01
1.612262500632562734e+01
1.600498417581077604e+01
1.622422142858538052e+01
1.614180395595250062e+01
1.601929594008286983e+01
1.600179646757520402e+01
1.627681974734158032e+01
1.600798632452750070e+01
1.621802782881302463e+01
1.548265466004765400e+01
1.600195864538959611e+01
1.608804405161936302e+01
1.626925109424625404e+01
1.603174055999042835e+01
1.613949500391679948e+01
1.612303713897217605e+01
1.600272556164025062e+01
1.627546288095681248e+01
1.600095854094901782e+01
1.600616112393099755e+01
1.626755617626165318e+01
1.607639450827027616e+01
1.612076256740403579e+01
1.600047963371286031e+01
1.603970242211185493e+01
1.600236997712133658e+01
1.565241053687527462e+01
1.606800081401198099e+01
1.600505994207769334e+01
1.620055525297603083e+01
1.621231016932371105e+01
1.619935775210278095e+01
1.624886053330789792e+01
1.609975357631912729e+01
1.607859595274841169e+01
1.612140947615442599e+01
1.601190614912279386e+01
1.602098203970603763e+01
1.622438222333121161e+01
1.611243038269822136e+01
1.603187013909049696e+01
1.621406098231315696e+01
1.609612214075626824e+01
1.602784069903067277e+01
1.603675721745207028e+01
1.616419021709320702e+01
1.625064926982187075e+01
1.215628354790340282e+01
1.614849261587208673e+01
1.601631654522616799e+01
1.624049147766396217e+01
1.605669746887015847e+01
1.623940154715974415e+01
1.622813678356240530e+01
1.604940383671099013e+01
1.627653455707224595e+01
1.606406082554735804e+01
1.602362344493456803e+01
1.613625204628100462e+01
1.612824343217717526e+01
1.602040788687214601e+01
1.613664602456665165e+01
1.612914060967864316e+01
1.614440078723954386e+01
1.603391029209459262e+01
1.600231619381581183e+01
1.476795057420816981e+01
1.606536823130382174e+01
1.623496432952190460e+01
1.611872773492149591e+01
1.603660838045035320e+01
1.600148323778993742e+01
1.600697503936100219e+01
1.608965902773776335e+01
1.603989594488648862e+01
1.600116846206115540e+01
1.615361852220900474e+01
1.606869219223179357e+01
1.612732848164753108e+01
1.604457839027092092e+01
1.601543956677103964e+01
1.619958665243367335e+01
1.614327109276591088e+01
1.625233284971193726e+01
1.610208042453720978e+01
1.624377718489794020e+01
1.606592504851587222e+01
1.602255744641379920e+01
1.619602115403005982e+01
1.612460441949506063e+01
1.600480326838323109e+01
1.606125482020420492e+01
1.600350822276540796e+01
1.622603054828522673e+01
1.603989373481369896e+01
1.613296417487829615e+01
1.614472521277145134e+01
1.609931356853880757e+01
1.620605451488201965e+01
1.618968597600527559e+01
1.600530237478793794e+01
1.607347038820780583e+01
1.623841406189890790e+01
1.605328528938497712e+01
1.603594419117600722e+01
1.601161107708764675e+01
1.600322275110527315e+01
1.612163084183079320e+01
1.610096314785477389e+01
1.606342614397992818e+01
1.610223961831360029e+01
1.624869925121452496e+01
1.618326887818395932e+01
1.613140625293908670e+01
1.602034810120544606e+01
1.620436431825811852e+01
1.615865212417471497e+01
1.607139479423345563e+01
1.602863968731141853e+01
1.611019264404905371e+01
1.336523920880310179e+01
1.604570050719081209e+01
1.605335603738614836e+01
1.609438084341406849e+01
1.624372254391338188e+01
1.620420041674869083e+01
1.605322135684054174e+01
1.606370338530203412e+01
1.622393108832278585e+01
1.603115037759658534e+01
1.603437152807944344e+01
1.613864952809071340e+01
1.600627030804235318e+01
1.224795058238734846e+01
1.607430695562559109e+01
1.613279497553507369e+01
1.607934507960640858e+01
1.613509953328254909e+01
1.617164524577572138e+01
1.603720664388232109e+01
1.617074109102036772e+01
1.609075314737672713e+01
1.609433862615624022e+01
1.610905391318042135e+01
1.601775169606181137e+01
1.600422143729101165e+01
1.609862290379214755e+01
1.615001515704688728e+01
1.623798148043793788e+01
1.600559057264927176e+01
1.601407081350261308e+01
1.605991485242629579e+01
1.601825321458884943e+01
1.609638612433785099e+01
1.623934841812041796e+01
1.603380679738295100e+01
1.607293786005811498e+01
1.621361753192933719e+01
1.604021611016634807e+01
1.608121697367135994e+01
1.608793007935527797e+01
1.601791345934385191e+01
1.605891828573350111e+01
1.620055770896106395e+01
1.350938927232198949e+01
1.602001469430647163e+01
1.609528702152830348e+01
1.615436918197291760e+01
1.608809850818268217e+01
1.602237220653552541e+01
1.610803474528045598e+01
1.618524987920389080e+01
1.600606714400190711e+01
1.600818402728137002e+01
1.608600377320510333e+01
1.607548154456095446e+01
1.401445127226614495e+01
1.600211439811081249e+01
1.600397474707938983e+01
1.601567668418248402e+01
1.605122163109549405e+01
1.611663351684187262e+01
1.604004257114057808e+01
1.616117723821703578e+01
1.601820882094398257e+01
1.606965823989757780e+01
1.605252661263655867e+01
1.620201985274901091e+01
1.613315582342093180e+01
1.602760315074968744e+01
1.613197905319928438e+01
1.606476543314509087e+01
1.605426242276389459e+01
1.612168904710488349e+01
1.622125953843976731e+01
1.600523034265207301e+01
1.602487197913757910e+01
1.602267127248610379e+01
1.601541679601362134e+01
1.617321487780169420e+01
1.600480641208453036e+01
1.609291131468816971e+01
1.625641203397671575e+01
1.602449663567012195e+01
1.600998988034377035e+01
1.611824684220106363e+01
1.626011148230814030e+01
1.615038747901353844e+01
1.600269221020224109e+01
1.601342857422962140e+01
1.602887287483630629e+01
1.623111461447071946e+01
1.610600830791427285e+01
1.622001311252856581e+01
1.601864041699049324e+01
1.185212073950363632e+01
1.615722276539932167e+01
1.516993434397318730e+01
1.623240466292798345e+01
1.607595785314048698e+01
1.601683891878256816e+01
1.601972148588717815e+01
1.614114251642085307e+01
1.605445234690122192e+01
1.611722505893000346e+01
1.600829729545604607e+01
1.600460305176114417e+01
1.609490715061408039e+01
1.339037801635235070e+01
1.620349170750115064e+01
1.610928775026193094e+01
1.611671940540778891e+01
