8.337820191030941075e+00
7.210899658800138390e+00
8.240007380486593647e+00
8.387877389727993460e+00
8.354013899017115108e+00
6.413103031116329511e+00
7.637982970833943064e+00
8.331714727952141075e+00
6.949828951873166183e+00
8.388672163604109500e+00
8.337820191030941075e+00
8.387877389727993460e+00
8.354013899017115108e+00
8.025061001456132104e+00
8.331714727952141075e+00
7.417040265868555693e+00
8.388672163604109500e+00
8.140435797389297790e+00
8.383064900244045603e+00
8.341874900120110681e+00
8.320219285091624783e+00
8.337820191030941075e+00
6.313187858766299954e+00
8.387877389727993460e+00
8.354013899017115108e+00
7.641915413313595806e+00
8.388902264864167790e+00
7.763088803794094162e+00
8.331714727952141075e+00
7.703954486458842510e+00
8.337820191030941075e+00
8.387877389727993460e+00
8.354013899017115108e+00
8.388902264864167790e+00
8.331714727952141075e+00
8.012333756606386359e+00
7.417040265868555693e+00
6.269009838479366437e+00
8.388672163604109500e+00
8.371940966766322489e+00
8.337820191030941075e+00
8.387877389727993460e+00
8.354013899017115108e+00
8.388902264864167790e+00
8.331714727952141075e+00
8.388672163604109500e+00
8.371940966766322489e+00
8.383064900244045603e+00
8.348364608829076161e+00
8.341874900120110681e+00
8.337820191030941075e+00
7.071485998182592603e+00
8.387877389727993460e+00
8.354013899017115108e+00
8.388902264864167790e+00
8.331714727952141075e+00
8.388672163604109500e+00
8.379063798300732557e+00
8.371940966766322489e+00
8.383064900244045603e+00
8.337820191030941075e+00
8.387877389727993460e+00
8.354013899017115108e+00
8.388902264864167790e+00
8.319195283601992230e+00
7.214375081193935557e+00
8.331714727952141075e+00
8.325355390240767761e+00
8.361667260206045782e+00
8.020733413673417189e+00
8.018699154861904432e+00
8.337820191030941075e+00
8.387877389727993460e+00
8.354013899017115108e+00
8.107458672875690553e+00
8.388902264864167790e+00
8.243107027981976032e+00
8.331714727952141075e+00
7.247993505230866162e+00
8.388672163604109500e+00
8.152712308263531327e+00
8.337820191030941075e+00
8.387877389727993460e+00
8.354013899017115108e+00
8.388902264864167790e+00
8.331714727952141075e+00
7.934742212084973545e+00
7.773550694629530078e+00
8.388672163604109500e+00
8.371940966766322489e+00
8.337820191030941075e+00
7.706238912600456459e+00
8.387877389727993460e+00
8.354013899017115108e+00
8.388902264864167790e+00
8.331714727952141075e+00
6.196181127654262433e+00
8.222214104283438019e+00
8.388672163604109500e+00
8.371940966766322489e+00
8.207949277955513878e+00
8.337820191030941075e+00
7.484038237909930835e+00
8.387877389727993460e+00
8.354013899017115108e+00
8.388902264864167790e+00
7.071321161856773507e+00
8.331714727952141075e+00
8.076638852816101277e+00
8.388672163604109500e+00
7.462206819727602358e+00
8.337820191030941075e+00
6.313187858766299954e+00
8.387877389727993460e+00
8.354013899017115108e+00
8.388902264864167790e+00
8.331714727952141075e+00
6.562849145717621013e+00
8.388672163604109500e+00
8.371940966766322489e+00
8.373418786708318962e+00
8.337820191030941075e+00
8.387877389727993460e+00
8.354013899017115108e+00
8.388902264864167790e+00
6.709156282664801019e+00
7.876408770054551312e+00
7.214375081193935557e+00
8.331714727952141075e+00
7.267744905312913062e+00
8.337820191030941075e+00
7.648623971212443529e+00
8.387877389727993460e+00
8.354013899017115108e+00
7.534978712360648423e+00
7.289046552958640568e+00
8.331714727952141075e+00
8.388672163604109500e+00
8.371940966766322489e+00
7.129149342336591921e+00
8.337820191030941075e+00
8.387877389727993460e+00
8.354013899017115108e+00
8.388902264864167790e+00
8.385693202869534346e+00
8.331714727952141075e+00
7.908332644352267238e+00
8.389806712637032149e+00
8.388672163604109500e+00
8.371940966766322489e+00
8.337820191030941075e+00
8.387877389727993460e+00
8.354013899017115108e+00
8.388902264864167790e+00
8.331714727952141075e+00
7.369972621290096448e+00
8.346188768346669562e+00
7.431619925222562983e+00
8.388672163604109500e+00
8.371940966766322489e+00
7.957348675388236536e+00
8.018699154861904432e+00
6.608287754218993726e+00
8.337820191030941075e+00
6.313187858766299954e+00
8.387877389727993460e+00
8.354013899017115108e+00
8.388902264864167790e+00
8.331714727952141075e+00
8.388672163604109500e+00
8.337820191030941075e+00
8.381817523144274418e+00
8.387877389727993460e+00
8.354013899017115108e+00
8.388902264864167790e+00
7.740044125481243320e+00
8.331714727952141075e+00
8.388672163604109500e+00
8.371940966766322489e+00
8.383064900244045603e+00
8.337820191030941075e+00
8.387877389727993460e+00
8.354013899017115108e+00
6.965593353686108991e+00
8.388902264864167790e+00
8.331714727952141075e+00
6.793140447542403315e+00
8.388672163604109500e+00
8.371940966766322489e+00
8.383064900244045603e+00
8.337820191030941075e+00
8.387877389727993460e+00
8.354013899017115108e+00
8.388902264864167790e+00
8.331714727952141075e+00
6.196181127654262433e+00
8.388672163604109500e+00
8.371940966766322489e+00
8.140435797389297790e+00
8.383064900244045603e+00
8.337820191030941075e+00
8.387877389727993460e+00
8.354013899017115108e+00
8.388902264864167790e+00
8.331714727952141075e+00
8.388672163604109500e+00
8.379063798300732557e+00
8.371940966766322489e+00
8.383064900244045603e+00
8.341874900120110681e+00
8.337820191030941075e+00
8.387877389727993460e+00
8.354013899017115108e+00
8.388902264864167790e+00
8.331714727952141075e+00
8.388672163604109500e+00
8.371940966766322489e+00
8.140435797389297790e+00
8.383064900244045603e+00
8.341874900120110681e+00
8.337820191030941075e+00
6.120838135731074381e+00
8.387877389727993460e+00
8.354013899017115108e+00
7.641514654411688312e+00
8.388902264864167790e+00
8.377926815221277579e+00
8.331714727952141075e+00
8.388672163604109500e+00
8.371940966766322489e+00
8.337820191030941075e+00
8.381817523144274418e+00
8.387877389727993460e+00
8.354013899017115108e+00
8.388902264864167790e+00
8.243107027981976032e+00
8.331714727952141075e+00
8.268897676438827560e+00
8.125260090147651937e+00
7.538536954242958110e+00
8.337820191030941075e+00
8.387877389727993460e+00
8.354013899017115108e+00
8.388902264864167790e+00
8.331714727952141075e+00
8.388672163604109500e+00
8.371940966766322489e+00
6.844096091637918988e+00
8.383064900244045603e+00
8.341874900120110681e+00
8.337820191030941075e+00
7.672598815479809709e+00
8.387877389727993460e+00
8.354013899017115108e+00
8.388902264864167790e+00
8.331714727952141075e+00
8.125260090147651937e+00
8.173018969580148507e+00
7.009955286366754024e+00
8.388672163604109500e+00
8.337820191030941075e+00
8.387877389727993460e+00
8.354013899017115108e+00
7.641514654411688312e+00
8.388902264864167790e+00
8.331714727952141075e+00
8.185909014003486917e+00
8.388672163604109500e+00
8.371940966766322489e+00
8.383064900244045603e+00
6.904286860812478999e+00
8.337820191030941075e+00
8.387877389727993460e+00
8.354013899017115108e+00
8.388902264864167790e+00
8.385693202869534346e+00
8.331714727952141075e+00
6.949828951873166183e+00
8.388672163604109500e+00
8.371940966766322489e+00
7.512654354577781746e+00
8.046837622803744594e+00
8.337820191030941075e+00
7.210899658800138390e+00
8.387877389727993460e+00
8.354013899017115108e+00
8.388902264864167790e+00
8.331714727952141075e+00
7.276451919870347673e+00
8.388672163604109500e+00
8.337820191030941075e+00
7.706238912600456459e+00
8.387877389727993460e+00
7.832789158433961063e+00
8.354013899017115108e+00
8.388902264864167790e+00
8.185817097293897504e+00
8.331714727952141075e+00
7.592307082024397857e+00
7.926874636212371428e+00
8.337820191030941075e+00
8.279609175287719225e+00
8.387877389727993460e+00
8.354013899017115108e+00
8.388902264864167790e+00
8.331714727952141075e+00
6.973821256089758336e+00
8.388672163604109500e+00
8.371940966766322489e+00
8.383064900244045603e+00
8.337820191030941075e+00
8.387877389727993460e+00
8.354013899017115108e+00
8.388902264864167790e+00
7.615462686318928753e+00
8.243107027981976032e+00
8.185817097293897504e+00
8.331714727952141075e+00
6.446965912901969631e+00
8.049398904142824662e+00
7.130025099052585524e+00
7.921186507111200648e+00
8.387877389727993460e+00
8.354013899017115108e+00
8.388902264864167790e+00
8.331714727952141075e+00
6.127770479931005987e+00
8.388672163604109500e+00
8.371940966766322489e+00
8.383064900244045603e+00
8.337820191030941075e+00
7.484038237909930835e+00
7.712098291585705034e+00
8.387877389727993460e+00
8.354013899017115108e+00
7.740044125481243320e+00
8.331714727952141075e+00
8.355855101770101712e+00
5.833328473618876409e+00
7.773550694629530078e+00
8.337820191030941075e+00
7.706238912600456459e+00
8.387877389727993460e+00
8.354013899017115108e+00
7.734232596966900353e+00
8.388902264864167790e+00
8.331714727952141075e+00
7.420265092408354413e+00
8.388672163604109500e+00
8.371940966766322489e+00
8.337820191030941075e+00
8.387877389727993460e+00
8.354013899017115108e+00
8.388902264864167790e+00
8.356746211864034990e+00
8.331714727952141075e+00
6.127770479931005987e+00
8.388672163604109500e+00
8.371940966766322489e+00
6.844096091637918988e+00
8.337820191030941075e+00
7.535641177691452697e+00
8.387877389727993460e+00
8.354013899017115108e+00
8.388902264864167790e+00
7.143288527514798147e+00
8.331714727952141075e+00
8.125260090147651937e+00
8.383593575650797547e+00
8.388672163604109500e+00
7.921186507111200648e+00
8.387877389727993460e+00
8.354013899017115108e+00
8.388902264864167790e+00
7.650723788600938491e+00
8.331714727952141075e+00
8.334137023699890179e+00
8.388672163604109500e+00
8.371940966766322489e+00
8.383064900244045603e+00
8.337820191030941075e+00
8.387877389727993460e+00
8.354013899017115108e+00
8.388902264864167790e+00
8.331714727952141075e+00
8.278967798331462902e+00
7.908332644352267238e+00
7.954993760324271079e+00
8.388672163604109500e+00
8.371940966766322489e+00
8.089397532196997531e+00
8.337820191030941075e+00
8.387877389727993460e+00
8.354013899017115108e+00
7.641514654411688312e+00
8.388902264864167790e+00
8.331714727952141075e+00
7.402784450982965225e+00
8.388672163604109500e+00
8.371940966766322489e+00
8.337820191030941075e+00
8.387877389727993460e+00
8.354013899017115108e+00
8.388902264864167790e+00
8.331714727952141075e+00
6.127770479931005987e+00
8.132895813514632977e+00
7.953901242825796913e+00
8.371940966766322489e+00
8.383064900244045603e+00
8.337820191030941075e+00
8.387877389727993460e+00
8.354013899017115108e+00
8.388902264864167790e+00
6.261832519597825275e+00
8.331714727952141075e+00
8.322490500629387000e+00
6.196181127654262433e+00
7.566053252697969356e+00
8.388672163604109500e+00
7.449871727038366309e+00
8.337820191030941075e+00
8.387877389727993460e+00
8.354013899017115108e+00
8.388902264864167790e+00
8.331714727952141075e+00
8.012275730974819155e+00
7.089762123258545934e+00
7.192489908700304468e+00
8.388672163604109500e+00
7.921186507111200648e+00
7.894083870970145966e+00
8.387877389727993460e+00
8.354013899017115108e+00
8.388902264864167790e+00
6.505927252646547032e+00
7.741400842917068204e+00
8.388672163604109500e+00
8.383064900244045603e+00
8.341874900120110681e+00
8.337820191030941075e+00
8.387877389727993460e+00
8.354013899017115108e+00
7.390015729682172463e+00
8.331714727952141075e+00
6.843586549586153644e+00
8.334137023699890179e+00
8.388672163604109500e+00
8.371940966766322489e+00
8.383064900244045603e+00
8.320219285091624783e+00
8.018699154861904432e+00
8.337820191030941075e+00
8.387877389727993460e+00
8.340064657199338427e+00
8.354013899017115108e+00
8.388902264864167790e+00
8.331714727952141075e+00
8.272925268332151916e+00
7.792843624073084285e+00
8.337820191030941075e+00
7.001753477645076273e+00
7.071485998182592603e+00
8.387877389727993460e+00
8.354013899017115108e+00
7.641514654411688312e+00
8.388902264864167790e+00
8.331714727952141075e+00
8.096688536986018647e+00
8.371940966766322489e+00
8.337820191030941075e+00
7.865666542920267013e+00
8.387877389727993460e+00
8.354013899017115108e+00
8.388902264864167790e+00
8.331714727952141075e+00
8.335011343520038807e+00
8.388672163604109500e+00
8.371940966766322489e+00
7.575785647828618963e+00
8.337820191030941075e+00
8.387877389727993460e+00
8.354013899017115108e+00
8.107458672875690553e+00
8.388902264864167790e+00
8.331714727952141075e+00
8.168525713374757302e+00
8.034676931272116462e+00
8.388672163604109500e+00
8.371940966766322489e+00
8.337820191030941075e+00
8.387877389727993460e+00
8.354013899017115108e+00
8.388902264864167790e+00
8.331714727952141075e+00
7.522681992803084583e+00
8.096688536986018647e+00
8.388672163604109500e+00
8.371940966766322489e+00
8.383064900244045603e+00
8.337820191030941075e+00
8.387877389727993460e+00
8.354013899017115108e+00
8.388902264864167790e+00
7.763088803794094162e+00
7.071321161856773507e+00
8.331714727952141075e+00
8.364995897216717324e+00
8.388672163604109500e+00
8.371940966766322489e+00
8.337820191030941075e+00
8.387877389727993460e+00
8.354013899017115108e+00
8.388902264864167790e+00
7.637982970833943064e+00
8.331714727952141075e+00
6.949828951873166183e+00
8.388672163604109500e+00
8.371940966766322489e+00
7.090273305325543340e+00
8.337820191030941075e+00
8.387877389727993460e+00
8.354013899017115108e+00
8.388902264864167790e+00
8.331714727952141075e+00
7.420265092408354413e+00
8.279172604006271641e+00
8.388672163604109500e+00
8.371940966766322489e+00
8.383064900244045603e+00
8.337820191030941075e+00
8.387877389727993460e+00
8.354013899017115108e+00
8.388902264864167790e+00
8.331714727952141075e+00
7.369972621290096448e+00
7.941898168205423936e+00
8.388672163604109500e+00
8.371940966766322489e+00
8.383064900244045603e+00
8.337820191030941075e+00
8.387877389727993460e+00
8.388902264864167790e+00
8.331714727952141075e+00
8.057756390071928010e+00
8.168525713374757302e+00
8.363474280873610667e+00
7.267744905312913062e+00
8.388672163604109500e+00
8.371940966766322489e+00
8.383361340387683214e+00
8.337820191030941075e+00
8.387877389727993460e+00
8.354013899017115108e+00
7.641514654411688312e+00
7.390015729682172463e+00
8.243107027981976032e+00
8.331714727952141075e+00
8.168525713374757302e+00
8.322490500629387000e+00
8.337820191030941075e+00
8.387877389727993460e+00
8.354013899017115108e+00
8.388902264864167790e+00
6.373431619758507694e+00
8.331714727952141075e+00
7.663112372436747144e+00
8.388672163604109500e+00
8.371940966766322489e+00
8.383064900244045603e+00
8.337820191030941075e+00
7.781228207472532077e+00
6.975620690996161777e+00
8.387877389727993460e+00
8.354013899017115108e+00
8.388902264864167790e+00
8.331714727952141075e+00
7.267744905312913062e+00
8.388672163604109500e+00
8.371940966766322489e+00
8.337820191030941075e+00
8.387877389727993460e+00
8.354013899017115108e+00
8.388902264864167790e+00
8.331714727952141075e+00
7.926874636212371428e+00
8.010905170688650045e+00
8.388672163604109500e+00
8.371940966766322489e+00
8.383064900244045603e+00
7.462206819727602358e+00
8.362849228008249369e+00
8.337820191030941075e+00
8.387877389727993460e+00
8.354013899017115108e+00
8.388902264864167790e+00
8.331714727952141075e+00
8.132895813514632977e+00
8.388672163604109500e+00
8.371940966766322489e+00
8.337820191030941075e+00
8.290461362857188377e+00
8.387877389727993460e+00
8.354013899017115108e+00
8.388902264864167790e+00
8.331714727952141075e+00
8.096688536986018647e+00
8.375537093382510179e+00
7.773550694629530078e+00
8.388672163604109500e+00
8.337820191030941075e+00
7.672598815479809709e+00
8.387877389727993460e+00
8.354013899017115108e+00
8.388902264864167790e+00
8.331714727952141075e+00
8.307377412588103027e+00
8.388672163604109500e+00
8.371940966766322489e+00
8.383064900244045603e+00
8.367544180402303411e+00
8.337820191030941075e+00
8.264118678081105784e+00
7.706238912600456459e+00
8.387877389727993460e+00
8.354013899017115108e+00
8.388902264864167790e+00
8.154490155089925807e+00
6.393671200534345012e+00
8.331714727952141075e+00
8.337820191030941075e+00
8.387877389727993460e+00
8.354013899017115108e+00
8.388902264864167790e+00
8.331714727952141075e+00
7.369972621290096448e+00
8.388672163604109500e+00
8.371940966766322489e+00
8.383064900244045603e+00
7.859517233999889996e+00
8.337820191030941075e+00
8.387877389727993460e+00
8.354013899017115108e+00
8.388902264864167790e+00
8.331714727952141075e+00
8.388672163604109500e+00
8.371940966766322489e+00
8.383064900244045603e+00
8.341874900120110681e+00
8.328363364028334104e+00
7.957348675388236536e+00
8.338619518459401192e+00
8.337820191030941075e+00
8.387877389727993460e+00
8.354013899017115108e+00
8.388902264864167790e+00
8.331714727952141075e+00
7.089762123258545934e+00
8.388672163604109500e+00
7.953901242825796913e+00
8.337820191030941075e+00
8.387877389727993460e+00
8.354013899017115108e+00
8.388902264864167790e+00
8.331714727952141075e+00
7.741400842917068204e+00
8.388672163604109500e+00
8.371940966766322489e+00
7.149869940574141935e+00
8.383064900244045603e+00
8.337820191030941075e+00
8.387877389727993460e+00
8.354013899017115108e+00
8.388902264864167790e+00
7.174497281518335434e+00
8.331714727952141075e+00
8.018339204288654543e+00
8.388672163604109500e+00
8.324846832034697997e+00
8.371940966766322489e+00
6.904286860812478999e+00
7.602374602117275337e+00
8.337820191030941075e+00
8.387877389727993460e+00
8.221840264867193326e+00
8.354013899017115108e+00
8.388902264864167790e+00
8.331714727952141075e+00
7.303715487760875646e+00
8.010905170688650045e+00
8.337820191030941075e+00
6.975620690996161777e+00
8.387877389727993460e+00
8.354013899017115108e+00
8.388902264864167790e+00
8.389523893014358080e+00
8.331714727952141075e+00
7.267744905312913062e+00
8.388672163604109500e+00
8.371940966766322489e+00
8.337820191030941075e+00
8.387877389727993460e+00
8.354013899017115108e+00
8.388902264864167790e+00
8.331714727952141075e+00
8.388672163604109500e+00
8.371940966766322489e+00
8.383064900244045603e+00
7.598485897828600955e+00
8.341874900120110681e+00
7.749258031815630332e+00
8.337820191030941075e+00
8.387877389727993460e+00
8.354013899017115108e+00
8.388902264864167790e+00
7.615462686318928753e+00
8.343068694276038144e+00
8.331714727952141075e+00
8.388672163604109500e+00
8.371940966766322489e+00
8.337820191030941075e+00
8.387877389727993460e+00
8.354013899017115108e+00
8.388902264864167790e+00
8.331714727952141075e+00
7.642615489664160933e+00
8.140749939930078227e+00
8.388672163604109500e+00
8.371940966766322489e+00
7.575785647828618963e+00
8.337820191030941075e+00
8.387877389727993460e+00
8.354013899017115108e+00
8.388902264864167790e+00
8.331714727952141075e+00
8.192389238704633314e+00
7.954993760324271079e+00
8.388672163604109500e+00
8.371940966766322489e+00
7.896471918251587674e+00
8.018699154861904432e+00
8.337820191030941075e+00
8.387877389727993460e+00
8.354013899017115108e+00
8.388902264864167790e+00
8.331714727952141075e+00
8.388672163604109500e+00
8.371940966766322489e+00
8.383064900244045603e+00
8.341874900120110681e+00
8.337820191030941075e+00
7.052935564235101928e+00
8.387877389727993460e+00
8.354013899017115108e+00
8.388902264864167790e+00
6.804341809834817845e+00
8.331714727952141075e+00
7.926874636212371428e+00
8.388672163604109500e+00
8.371940966766322489e+00
8.337820191030941075e+00
7.712098291585705034e+00
8.387877389727993460e+00
8.354013899017115108e+00
8.107458672875690553e+00
8.388902264864167790e+00
8.331714727952141075e+00
8.309215349352690794e+00
8.335906557116821602e+00
7.934742212084973545e+00
8.337820191030941075e+00
8.387877389727993460e+00
8.354013899017115108e+00
8.388902264864167790e+00
7.757842953121500962e+00
8.331714727952141075e+00
8.027916901598578292e+00
8.132895813514632977e+00
6.872679369513517322e+00
8.388672163604109500e+00
8.337820191030941075e+00
8.387877389727993460e+00
7.832789158433961063e+00
8.354013899017115108e+00
8.388902264864167790e+00
8.331714727952141075e+00
7.921634882467803784e+00
7.773550694629530078e+00
8.388672163604109500e+00
8.371940966766322489e+00
8.337820191030941075e+00
8.387877389727993460e+00
8.354013899017115108e+00
8.006332213824521205e+00
8.388902264864167790e+00
8.331714727952141075e+00
6.671378290158442859e+00
8.388672163604109500e+00
8.371940966766322489e+00
6.976827849046998153e+00
8.337820191030941075e+00
8.387877389727993460e+00
8.354013899017115108e+00
8.388902264864167790e+00
7.071321161856773507e+00
8.331714727952141075e+00
8.130687575331220884e+00
6.449841141960676261e+00
8.388672163604109500e+00
8.371940966766322489e+00
6.663780495291250716e+00
8.337820191030941075e+00
8.387877389727993460e+00
8.388902264864167790e+00
8.331714727952141075e+00
6.127770479931005987e+00
8.388672163604109500e+00
7.149869940574141935e+00
8.383064900244045603e+00
8.341874900120110681e+00
8.337820191030941075e+00
8.120437918327773730e+00
8.387877389727993460e+00
8.354013899017115108e+00
8.388902264864167790e+00
8.331714727952141075e+00
8.388672163604109500e+00
8.371940966766322489e+00
8.383064900244045603e+00
8.341874900120110681e+00
8.337820191030941075e+00
8.387877389727993460e+00
8.354013899017115108e+00
7.173677845950154008e+00
8.388902264864167790e+00
8.331714727952141075e+00
7.369972621290096448e+00
8.388672163604109500e+00
8.371940966766322489e+00
8.383064900244045603e+00
8.337820191030941075e+00
8.387877389727993460e+00
8.354013899017115108e+00
8.388902264864167790e+00
6.783762537011760685e+00
8.331714727952141075e+00
7.199769415365679492e+00
8.388672163604109500e+00
8.371940966766322489e+00
8.383064900244045603e+00
7.744776677913946195e+00
8.337820191030941075e+00
8.387877389727993460e+00
8.354013899017115108e+00
8.388902264864167790e+00
8.331714727952141075e+00
8.388672163604109500e+00
8.371940966766322489e+00
8.383064900244045603e+00
8.341874900120110681e+00
8.337820191030941075e+00
8.387877389727993460e+00
8.354013899017115108e+00
8.388902264864167790e+00
8.331714727952141075e+00
7.703954486458842510e+00
8.168525713374757302e+00
8.388672163604109500e+00
8.371940966766322489e+00
8.318672831605782747e+00
8.337820191030941075e+00
7.706238912600456459e+00
8.290461362857188377e+00
8.387877389727993460e+00
8.354013899017115108e+00
8.388902264864167790e+00
8.331714727952141075e+00
7.009955286366754024e+00
6.537056852179669697e+00
8.388672163604109500e+00
7.612684191681450052e+00
7.921186507111200648e+00
8.387877389727993460e+00
8.354013899017115108e+00
8.388902264864167790e+00
8.331714727952141075e+00
8.388672163604109500e+00
8.371940966766322489e+00
8.366419450043748540e+00
8.383064900244045603e+00
8.337820191030941075e+00
6.975620690996161777e+00
8.387877389727993460e+00
7.832789158433961063e+00
8.354013899017115108e+00
8.380956346074460939e+00
8.388902264864167790e+00
7.214375081193935557e+00
8.331714727952141075e+00
7.592307082024397857e+00
8.337820191030941075e+00
8.387877389727993460e+00
8.354013899017115108e+00
8.388902264864167790e+00
8.331714727952141075e+00
8.168525713374757302e+00
8.388672163604109500e+00
8.371940966766322489e+00
8.084915956408799786e+00
8.383064900244045603e+00
8.338619518459401192e+00
8.337820191030941075e+00
8.387877389727993460e+00
8.354013899017115108e+00
8.388902264864167790e+00
8.331714727952141075e+00
8.388672163604109500e+00
7.478141448979866546e+00
8.371940966766322489e+00
8.140435797389297790e+00
8.337820191030941075e+00
8.387877389727993460e+00
8.354013899017115108e+00
8.388902264864167790e+00
8.246010957106081563e+00
8.331714727952141075e+00
8.388672163604109500e+00
8.371940966766322489e+00
8.383064900244045603e+00
8.341874900120110681e+00
7.522742825000887201e+00
7.512654354577781746e+00
8.337820191030941075e+00
8.387877389727993460e+00
8.354013899017115108e+00
8.388902264864167790e+00
7.071321161856773507e+00
8.331714727952141075e+00
8.388672163604109500e+00
8.371940966766322489e+00
8.337820191030941075e+00
7.706238912600456459e+00
8.387877389727993460e+00
8.354013899017115108e+00
8.388902264864167790e+00
7.534978712360648423e+00
8.331714727952141075e+00
5.833328473618876409e+00
8.388672163604109500e+00
8.371940966766322489e+00
8.337820191030941075e+00
8.387877389727993460e+00
8.221840264867193326e+00
8.354013899017115108e+00
8.006332213824521205e+00
8.388902264864167790e+00
6.261832519597825275e+00
8.331714727952141075e+00
8.041051167535965050e+00
6.547128347911654878e+00
7.512654354577781746e+00
8.337820191030941075e+00
8.387877389727993460e+00
7.832789158433961063e+00
8.354013899017115108e+00
8.388902264864167790e+00
7.650723788600938491e+00
8.331714727952141075e+00
8.388672163604109500e+00
8.371940966766322489e+00
6.904286860812478999e+00
8.337820191030941075e+00
8.387877389727993460e+00
8.354013899017115108e+00
8.229637305784960333e+00
8.388902264864167790e+00
8.331714727952141075e+00
8.193473401775923648e+00
8.388672163604109500e+00
8.371940966766322489e+00
8.164798349863307436e+00
8.337820191030941075e+00
8.387877389727993460e+00
8.354013899017115108e+00
8.388902264864167790e+00
8.331714727952141075e+00
8.388672163604109500e+00
7.341661969059324555e+00
8.371940966766322489e+00
7.090273305325543340e+00
8.337820191030941075e+00
8.304347596559855660e+00
7.781228207472532077e+00
7.648623971212443529e+00
8.387877389727993460e+00
8.354013899017115108e+00
8.388902264864167790e+00
8.331714727952141075e+00
7.461658716307215222e+00
8.388672163604109500e+00
