9.631956239133305786e+00
9.626734391449771167e+00
9.064064993752250388e+00
9.695244153315663027e+00
9.904832971834490962e+00
8.694225920708033684e+00
9.526620927839848818e+00
9.785877886435734752e+00
9.860736957455669582e+00
7.621477312257622927e+00
9.900877839288408921e+00
8.391118125834927000e+00
9.088054027546062841e+00
9.471136631939915063e+00
9.927448422867184874e+00
9.809691986824457643e+00
8.976525074800537851e+00
9.840092612644296466e+00
9.881045022070296113e+00
9.636061064841461743e+00
9.866624590167099029e+00
8.473727638960134811e+00
9.128528578626607271e+00
9.778791410928004524e+00
9.852901265890126936e+00
9.047663947786853456e+00
9.744795323831555223e+00
9.940048422089031277e+00
9.684976070824896865e+00
8.759138587348378024e+00
9.732703671648540222e+00
9.456959668940811525e+00
9.673998403060116047e+00
9.770057860073533718e+00
7.524543436954185260e+00
8.984198047995436198e+00
9.767123357523555427e+00
9.674472371942609783e+00
8.241453879572151919e+00
9.403125917320085847e+00
9.879847554256343756e+00
9.640621656112122295e+00
9.866624590167099029e+00
9.053577410567083206e+00
9.791436785886817873e+00
9.429298606641792091e+00
9.940750802815447429e+00
9.694236724396796845e+00
9.690515145514780215e+00
9.195802392468078068e+00
8.573652484062034063e+00
8.834129125696652096e+00
9.835898209114613877e+00
9.540412322924588295e+00
9.717976290412332574e+00
9.773091526892832448e+00
8.688010827024891469e+00
9.372114051648157584e+00
9.198109708657755235e+00
9.093520098484754399e+00
9.282159443610625615e+00
9.703033063480745568e+00
9.664070303406932183e+00
9.804628171299755834e+00
9.045177786029293898e+00
9.588793287349458794e+00
8.354826810902499901e+00
9.548481983616996516e+00
9.935230038694850663e+00
9.802796920380790979e+00
8.706765448871337298e+00
9.406130806813354894e+00
9.374732936258052263e+00
9.627310965886264782e+00
9.664070303406932183e+00
9.803593874612614556e+00
9.144638856930887627e+00
8.976525074800537851e+00
9.220937058632799221e+00
9.883262481267804489e+00
8.312803016936621603e+00
9.275013673847544382e+00
9.893513376300523632e+00
9.870310004437998330e+00
9.666195579924263370e+00
9.025954500831392835e+00
8.984987888061230166e+00
9.796449162208523020e+00
9.578456611251978003e+00
9.583377728723410982e+00
9.826419171087655613e+00
9.853832807203492195e+00
9.430191285281164681e+00
9.799416928094009549e+00
9.061656699747201671e+00
9.900644271010918374e+00
9.690515145514780215e+00
9.673119257480546906e+00
9.916364327963414382e+00
8.694225920708033684e+00
9.533310689582057407e+00
9.719204768357931457e+00
9.673998403060116047e+00
9.452047046477224157e+00
9.661164094365631172e+00
8.231316450952460784e+00
9.498363065260287286e+00
9.050301469316053726e+00
9.876231614556409966e+00
9.818049912004600088e+00
9.732703671648540222e+00
9.250107127349441072e+00
9.636264765418617984e+00
8.603254914702596068e+00
9.303337628592712960e+00
9.916364327963414382e+00
9.809069144763654435e+00
9.521870321864687625e+00
9.801888421415904773e+00
9.307087053498673157e+00
9.817574457496256457e+00
9.467519091081271654e+00
9.252008844562290335e+00
8.729918486359171226e+00
8.971056352289391356e+00
9.218383859907881117e+00
9.126701356688624145e+00
8.836473440559487358e+00
9.783497448287681308e+00
6.727372300528305260e+00
9.250107127349441072e+00
9.638772025422214895e+00
9.361219774968876806e+00
9.370670944430042226e+00
9.818490282084548326e+00
9.167695906059879718e+00
8.981729866573719079e+00
9.229962703241239907e+00
9.590457381184778640e+00
9.802488814367206871e+00
9.437729933005599037e+00
7.726075819487099317e+00
9.882968930629575155e+00
9.907853029725840699e+00
9.910238588061327292e+00
9.585579093691302788e+00
9.862485079148449074e+00
9.553068470188154748e+00
9.688410387616695374e+00
8.926802694289591500e+00
9.334391026226068533e+00
9.691341378011655294e+00
9.840599696189956447e+00
9.214113830252486537e+00
9.259895289823329989e+00
9.732781650187778411e+00
9.877934333876831730e+00
9.359043436754184597e+00
9.856371910044110507e+00
8.979717069574084221e+00
9.334391026226068533e+00
9.848238036387684247e+00
9.696555694629601874e+00
9.895642388843073789e+00
9.797979068812260550e+00
9.167695906059879718e+00
9.195802392468078068e+00
9.806300929284480716e+00
9.653730898508706915e+00
9.885375659213366362e+00
9.601305781092399627e+00
9.933265502670346692e+00
9.401899783511403541e+00
9.171134395693165686e+00
9.721717937332121195e+00
9.775468410172585720e+00
9.870310004437998330e+00
9.875753862285888474e+00
9.219298919967275907e+00
9.939786502118668210e+00
9.868025735875908921e+00
9.838542101513839455e+00
9.014718999421358347e+00
9.440963072485155649e+00
9.040186484061113248e+00
9.802908294091635000e+00
9.885069753744684107e+00
9.254241631631590081e+00
9.875753862285888474e+00
9.675530760770426397e+00
9.879847554256343756e+00
9.849893027267162537e+00
9.847339883757962653e+00
8.834129125696652096e+00
9.467519091081271654e+00
8.976525074800537851e+00
9.097369112291490367e+00
9.731093951722129987e+00
9.518759952403941682e+00
9.721586498585455871e+00
9.732703671648540222e+00
8.834129125696652096e+00
8.976525074800537851e+00
9.710844045038676597e+00
9.935640288768077255e+00
9.449891762572647735e+00
9.254241631631590081e+00
9.294534046208580591e+00
8.911409689485799035e+00
9.932911899610774142e+00
8.893234635674669875e+00
8.020765729323763082e+00
9.870909988159977999e+00
9.073450303229066094e+00
9.640235709011975018e+00
9.877234080131218619e+00
9.768487412143706194e+00
8.564386233680039595e+00
9.829448009302998557e+00
9.529847403155589092e+00
9.732703671648540222e+00
9.749892858991245248e+00
8.892273744583249595e+00
9.718609115948884991e+00
9.749747083959892535e+00
9.689405261747189968e+00
9.880581082256890468e+00
8.944650938771982140e+00
8.564386233680039595e+00
9.754844642551768530e+00
8.949654387735865413e+00
9.895624321602850770e+00
9.682206077081632500e+00
9.941229391687024020e+00
9.589457482260929311e+00
9.119033515761877595e+00
8.976525074800537851e+00
9.883262481267804489e+00
9.628838632446028001e+00
9.835901957827484665e+00
9.709161413874568325e+00
9.460674563378093538e+00
9.427200639318240150e+00
9.884850013926325119e+00
8.578851235982503098e+00
9.852162392125437762e+00
7.750050451283463815e+00
9.051587604476061699e+00
9.900956009723769213e+00
8.833410629495569211e+00
9.704859338866231866e+00
9.730680334907571449e+00
9.031601237669359961e+00
9.568481430766732743e+00
9.875753862285888474e+00
9.407605136649182853e+00
9.608312854244280388e+00
8.241453879572151919e+00
9.624943034301518097e+00
9.820366353909076196e+00
9.627663115739439448e+00
9.205356334918141314e+00
9.701240980182713969e+00
9.311350813697135465e+00
9.440058686301952662e+00
9.863455969213131169e+00
9.684976070824896865e+00
9.875753862285888474e+00
9.865079775447208377e+00
9.619073654688445885e+00
8.546960509812882023e+00
9.601305781092399627e+00
9.856915630056594324e+00
9.717976290412332574e+00
9.874590963040363434e+00
8.119382743013623838e+00
9.176501985874113032e+00
9.690515145514780215e+00
9.453469965923153140e+00
9.498702211592139122e+00
9.124413699394180455e+00
9.718392522617406826e+00
9.882152361335048596e+00
9.558917452418709715e+00
8.173384954944873826e+00
9.527567882636759578e+00
9.714519201309258278e+00
9.875276502960746328e+00
9.460748093331972086e+00
9.870942348789691678e+00
9.726740112530478655e+00
8.892273744583249595e+00
9.812579131078692285e+00
9.878853625145968209e+00
9.412415350286316595e+00
9.834260779515194173e+00
9.189874784265741781e+00
9.836533307654869773e+00
9.488718134692541994e+00
9.879231737590421503e+00
9.247896943182514207e+00
9.800980589883238281e+00
9.765828571308874828e+00
9.798502245818186296e+00
9.766943733714866127e+00
9.673119257480546906e+00
9.254241631631590081e+00
7.750050451283463815e+00
9.767755259823271530e+00
8.980103158085590564e+00
9.787378627035955958e+00
9.599986617917901199e+00
9.838363853856710861e+00
9.584086221503417491e+00
9.742160271413556671e+00
9.020721144946286074e+00
9.860570766071496962e+00
9.545852232169137253e+00
9.728026748876208885e+00
8.971141991299159457e+00
9.933265502670346692e+00
9.836810447344102926e+00
9.509694567072422444e+00
9.812717588084201026e+00
9.385428431643008551e+00
9.115879455809128729e+00
9.865079775447208377e+00
9.620685915104859376e+00
9.601601548979425971e+00
9.545438576014777965e+00
9.424528549199184368e+00
9.469272492428755683e+00
9.867938961041932799e+00
8.419268506879967973e+00
9.735227061623691114e+00
8.944650938771982140e+00
8.377513244151291616e+00
8.967570765641321273e+00
9.860491737574303528e+00
9.149703503792640191e+00
9.437729933005599037e+00
8.450346374157094331e+00
8.382679935191806209e+00
9.882968930629575155e+00
8.501384110022330631e+00
9.715053234893039402e+00
9.643329778802074870e+00
9.751295939493441978e+00
8.569237058327495049e+00
9.636061064841461743e+00
9.450641923444115022e+00
9.903265065969540260e+00
9.673119257480546906e+00
9.568481430766732743e+00
9.093925603744370534e+00
8.801317895551051151e+00
9.626662343099368968e+00
9.007905731138622585e+00
9.593390747234145977e+00
9.892825632692623827e+00
8.892273744583249595e+00
9.264820512349484005e+00
9.454493787022542506e+00
9.778443092695907168e+00
8.782371953182950719e+00
9.870310004437998330e+00
9.568481430766732743e+00
9.612678193726187814e+00
9.590457381184778640e+00
9.775265195740695745e+00
8.093479415997675730e+00
9.585865119230081888e+00
9.500782311003465708e+00
8.892273744583249595e+00
9.930966244910079510e+00
9.567912077465635434e+00
9.889518969915769731e+00
9.838487541397869407e+00
9.228405358401728265e+00
8.898714973386447014e+00
9.920550465977484578e+00
9.437729933005599037e+00
8.706765448871337298e+00
9.082036513594657023e+00
8.391118125834927000e+00
9.855051322457708096e+00
8.789895061414677357e+00
9.919925046895315290e+00
9.627310965886264782e+00
9.111719393716454007e+00
9.801541799079430461e+00
9.923304693519458652e+00
9.870310004437998330e+00
9.744795323831555223e+00
9.779125020383480305e+00
9.256356375835691708e+00
9.584633963234720611e+00
5.969268218756490718e+00
9.803088939662320200e+00
9.739401586624740759e+00
9.437729933005599037e+00
9.090524162544243225e+00
9.471060213036704312e+00
9.811746316937817625e+00
9.688410387616695374e+00
9.636061064841461743e+00
9.218827170729381848e+00
9.681816416449805729e+00
9.389167948148040566e+00
9.345470031826376811e+00
9.844861032870872108e+00
8.998299390967240186e+00
9.766943733714866127e+00
9.666615669166663594e+00
9.023603946243925478e+00
9.317152535424723325e+00
9.600999270207585923e+00
9.912992741883350334e+00
9.810718636335980847e+00
9.583377728723410982e+00
9.221431572039822555e+00
9.856713510940389611e+00
9.641830175268038872e+00
8.944650938771982140e+00
9.940958270482370907e+00
9.189992370652541709e+00
9.649006973153756661e+00
9.601251166174572305e+00
8.589342052044555587e+00
8.405345228438827476e+00
9.801541799079430461e+00
8.361257242818224356e+00
9.717976290412332574e+00
9.390953348180435256e+00
9.333010766840672545e+00
9.833996127804706333e+00
9.892345259895659382e+00
9.494494312917424850e+00
9.738543066478269949e+00
8.564386233680039595e+00
9.749892858991245248e+00
9.892757254080411400e+00
9.361219774968876806e+00
9.205356334918141314e+00
8.035133275384886531e+00
8.944650938771982140e+00
9.254241631631590081e+00
8.664097084051139319e+00
9.368103137484025567e+00
8.991092686421163549e+00
9.437729933005599037e+00
9.864714437977148975e+00
9.849893027267162537e+00
9.749892858991245248e+00
9.913122064766195507e+00
9.490834359461601366e+00
9.431828410078891167e+00
9.886283338764812356e+00
9.177074036393284118e+00
9.058533314060827735e+00
9.541110053846525219e+00
9.716626378020668753e+00
9.324944962584792663e+00
9.678098193996090615e+00
9.893345610286942815e+00
8.855482763770694987e+00
9.523115096100804422e+00
9.886764738409626219e+00
9.403400845877062153e+00
9.461810870802334961e+00
9.504252399624643743e+00
9.737220098445718008e+00
9.161373984899560341e+00
9.775113433088066017e+00
9.710957107840156866e+00
9.885069753744684107e+00
9.539740012500203648e+00
9.870925546688752661e+00
8.664097084051139319e+00
8.592206900793396329e+00
9.855051322457708096e+00
9.815454199304690874e+00
9.798502245818186296e+00
9.453469965923153140e+00
9.565344148363061905e+00
9.905662753386947017e+00
9.161617530615066229e+00
8.914171972858735415e+00
9.389167948148040566e+00
9.126701356688624145e+00
9.801396210222524275e+00
9.842117609853261229e+00
8.725112681514051616e+00
9.739449834039408671e+00
9.865079775447208377e+00
9.801888421415904773e+00
8.487426258977736282e+00
9.111434695347092827e+00
9.832904819592622303e+00
8.818489020369304043e+00
9.739912419195489335e+00
9.531870877360413274e+00
9.601305781092399627e+00
7.669406717730057998e+00
9.242637240945684951e+00
9.097369112291490367e+00
9.702731035004255489e+00
9.929533835105312178e+00
8.783619999879817897e+00
9.801281871747702823e+00
9.732703671648540222e+00
9.667620132450672088e+00
9.162166228517257593e+00
9.440963072485155649e+00
9.901291624479421571e+00
7.954807833772573389e+00
9.875735260365379631e+00
9.885069753744684107e+00
9.875753862285888474e+00
9.590457381184778640e+00
9.864714437977148975e+00
9.558386238596536799e+00
9.672103959641573212e+00
8.611115593332373308e+00
9.401429224801901796e+00
5.173925218555324612e+00
7.750050451283463815e+00
9.460748093331972086e+00
9.476971329499313867e+00
9.265467339340952790e+00
9.719204768357931457e+00
9.835898209114613877e+00
9.070831874699912589e+00
9.626662343099368968e+00
9.512110186065740436e+00
9.093520098484754399e+00
8.865360034435003200e+00
9.209878083925241654e+00
9.882923495525162139e+00
9.513602735040908698e+00
9.866783674152241446e+00
9.365331351337969679e+00
9.678965705207950521e+00
8.892273744583249595e+00
9.623504027070188371e+00
9.829885411290856467e+00
9.716199333425832307e+00
9.812358427399335170e+00
9.798188903672983230e+00
9.084124811663111032e+00
9.415929826689882987e+00
7.486789889160410993e+00
9.581169635581231248e+00
9.690515145514780215e+00
9.855032953047990318e+00
8.564386233680039595e+00
9.356552983523933165e+00
9.890289310789961874e+00
9.608454748272489354e+00
9.132307300009401274e+00
9.848786530209098444e+00
9.855051322457708096e+00
8.834129125696652096e+00
9.500782311003465708e+00
9.422535935581880295e+00
9.736053024950537704e+00
9.897891009307683063e+00
8.853049966880695010e+00
9.834260779515194173e+00
9.256183789971144549e+00
9.137159915468483717e+00
9.090524162544243225e+00
9.351179203346564606e+00
9.825514849658652849e+00
9.761427312843814263e+00
8.380534641677684249e+00
9.362313953528124344e+00
9.568481430766732743e+00
8.855833925405429241e+00
9.013372190070008116e+00
9.783901703802882821e+00
8.876840174911501791e+00
9.898462731578032248e+00
8.560857140612462501e+00
9.205356334918141314e+00
9.764284144894523010e+00
8.691713822953451185e+00
9.580562668681505301e+00
9.885069753744684107e+00
9.889518969915769731e+00
9.766362969196324073e+00
9.775113433088066017e+00
9.097369112291490367e+00
9.812358427399335170e+00
9.870310004437998330e+00
9.060691587986712037e+00
9.777858253027513769e+00
9.877149866877378059e+00
8.310762095540242811e+00
9.583377728723410982e+00
9.095017736745562686e+00
9.065029625836926286e+00
9.601305781092399627e+00
9.551578963247813192e+00
9.627310965886264782e+00
9.620562503156971701e+00
9.663044412238022574e+00
9.886576635517712930e+00
9.229962703241239907e+00
9.780726210025775913e+00
9.597903292488954463e+00
9.496128609814938670e+00
9.938375456134288299e+00
9.721884317910037154e+00
8.925356960619346580e+00
8.855482763770694987e+00
8.939123684325728902e+00
9.928365002951016649e+00
9.222133788469969673e+00
9.740162479237334026e+00
9.801578805223487123e+00
8.614043034292414802e+00
8.258516630850786910e+00
9.507951162452934923e+00
9.313909125768576658e+00
9.205356334918141314e+00
9.741576186085964650e+00
9.854083513985669285e+00
9.460748093331972086e+00
8.980103158085590564e+00
9.601305781092399627e+00
9.452932279250520153e+00
9.177074036393284118e+00
9.747940125337313688e+00
9.840092612644296466e+00
9.224970308565669797e+00
9.666615669166663594e+00
8.660676206011613587e+00
9.919706897879212448e+00
9.392045654512861219e+00
9.209887003270841532e+00
9.852669179478899864e+00
9.097369112291490367e+00
9.378896991558201890e+00
9.105179310850164853e+00
9.213677693695254689e+00
9.046538319049213683e+00
9.636061064841461743e+00
9.727236372662870778e+00
9.089205221000536739e+00
8.863333597604245995e+00
8.926724905043384339e+00
9.673998403060116047e+00
9.652207229674512945e+00
9.351179203346564606e+00
9.718392522617406826e+00
9.544910460942453767e+00
9.446692257884775401e+00
9.870310004437998330e+00
9.656280891831796609e+00
9.334391026226068533e+00
9.221431572039822555e+00
9.241736609633186106e+00
9.420136788376954229e+00
8.937139806425273392e+00
9.858733881162910606e+00
9.694236724396796845e+00
5.572325662468273322e+00
8.984297940503598312e+00
7.750050451283463815e+00
9.056386444938862468e+00
9.627310965886264782e+00
8.747194547140836107e+00
9.726857570365439187e+00
9.212754396723708439e+00
9.870310004437998330e+00
9.107276079435736804e+00
9.731421528569168089e+00
7.867751651221587039e+00
9.365066461773984940e+00
9.849893027267162537e+00
8.785024820134022860e+00
9.820778843150129944e+00
9.685286506089116898e+00
9.535668651476909119e+00
9.050301469316053726e+00
8.261199838790288297e+00
8.484982991511975214e+00
9.850132341261963020e+00
9.828666318572119920e+00
9.247896943182514207e+00
9.221431572039822555e+00
7.650510758524374566e+00
8.892273744583249595e+00
9.529335573798167758e+00
9.935556387727324079e+00
8.102106342207811451e+00
9.500849180425568363e+00
9.859683869491611574e+00
9.091635509738043908e+00
9.699688105158216445e+00
6.102197493412715446e+00
9.918033579642328235e+00
9.820520372954131716e+00
9.806677228545916947e+00
9.587650099070382126e+00
8.900981809486157914e+00
9.691946402341507394e+00
9.820979066439701199e+00
9.149703503792640191e+00
9.866112696788306380e+00
9.817185360955054563e+00
9.276466698548359702e+00
9.673998403060116047e+00
9.045177786029293898e+00
9.397859104914001449e+00
9.550672516283107427e+00
5.102768820686158335e+00
9.875753862285888474e+00
9.747305112262973026e+00
9.785891243984050192e+00
9.907764608131515160e+00
9.710844045038676597e+00
8.678375567834549997e+00
9.317152535424723325e+00
9.870925546688752661e+00
5.969268218756490718e+00
9.298133841298206193e+00
9.590457381184778640e+00
9.789705867591099064e+00
9.862760929164654300e+00
9.454526231793431990e+00
9.548876159666761509e+00
9.415929826689882987e+00
9.636061064841461743e+00
9.422336002500516727e+00
8.664097084051139319e+00
9.513091930119317752e+00
9.750300098479359079e+00
9.912672418221957216e+00
9.631956239133305786e+00
9.252276047440970430e+00
9.141472707893989025e+00
9.887301894628942378e+00
9.050037026348633162e+00
9.885069753744684107e+00
9.851753350219915717e+00
8.855482763770694987e+00
9.668425159561826021e+00
9.722430381864924698e+00
8.688382038155097575e+00
9.683350440297258999e+00
9.852669179478899864e+00
9.701901566215441974e+00
9.638220529691345462e+00
9.640235709011975018e+00
9.294387682504703818e+00
9.690515145514780215e+00
9.191292028190686025e+00
9.684976070824896865e+00
9.806717454133389467e+00
8.745544843319098760e+00
9.171134395693165686e+00
9.755777550595572833e+00
9.857129771209436342e+00
9.690515145514780215e+00
9.133431875755993801e+00
9.694502385301058567e+00
7.767751126689672603e+00
9.709322752055786765e+00
9.856331225130563922e+00
9.849893027267162537e+00
9.392863421217080955e+00
8.614043034292414802e+00
9.783321822120498723e+00
9.509694567072422444e+00
9.662578666247242154e+00
9.564474763109128475e+00
9.444317935811657350e+00
9.588967674447639311e+00
9.601305781092399627e+00
5.827246272757780510e+00
9.556710384778980938e+00
8.861652851025713318e+00
9.870925546688752661e+00
5.969268218756490718e+00
9.908347284013281353e+00
8.991092686421163549e+00
9.758484139930899914e+00
8.871309458640181944e+00
9.839313532272768725e+00
9.834808157940488016e+00
8.876891907816659710e+00
9.890024278463249274e+00
9.729405477361977361e+00
9.622406137323396891e+00
9.907764608131515160e+00
9.460748093331972086e+00
9.118564322597562111e+00
9.740303180839330111e+00
8.789787776947401099e+00
8.485156364524943484e+00
9.738840158781494338e+00
9.870310004437998330e+00
9.876166510926466913e+00
8.107571396815940190e+00
9.228405358401728265e+00
9.926908265899708539e+00
9.422987253826063281e+00
9.450407742418885704e+00
9.849893027267162537e+00
9.372319731239738161e+00
9.090524162544243225e+00
9.627310965886264782e+00
9.045177786029293898e+00
9.735315450440936047e+00
8.937759221290917822e+00
9.666195579924263370e+00
8.649924559247160971e+00
9.541218980806251082e+00
9.606556680339545906e+00
9.003077143470402888e+00
7.775949333711293932e+00
9.045177786029293898e+00
9.892345259895659382e+00
9.940048422089031277e+00
9.836575315029037370e+00
9.700669640724257192e+00
9.931491349788254652e+00
9.852078726772999673e+00
9.114974119896578131e+00
9.719082494154555718e+00
9.721717937332121195e+00
9.432420522941587393e+00
9.778791410928004524e+00
9.627880020487761925e+00
8.855482763770694987e+00
9.692288574127394085e+00
9.899393917712174584e+00
9.631467803483083401e+00
9.371930846694743522e+00
9.375457242644749556e+00
8.990046546800526173e+00
9.838045906827613152e+00
9.535668651476909119e+00
9.827672215360255592e+00
9.778791410928004524e+00
8.944650938771982140e+00
9.548481983616996516e+00
8.697723837120278745e+00
9.361219774968876806e+00
9.687691676138589614e+00
9.845371455395659055e+00
8.976525074800537851e+00
9.897933374358665048e+00
8.596815440569555378e+00
9.713236519544018677e+00
8.801317895551051151e+00
9.771560251112980211e+00
9.059739895184941716e+00
9.924153096448732114e+00
9.919925046895315290e+00
9.717976290412332574e+00
9.422535935581880295e+00
9.935556387727324079e+00
9.205356334918141314e+00
9.647494517234795453e+00
9.778791410928004524e+00
9.870310004437998330e+00
9.833996127804706333e+00
9.141472707893989025e+00
9.370670944430042226e+00
9.917463346154447024e+00
9.585579093691302788e+00
9.909830141302284900e+00
7.767751126689672603e+00
8.664097084051139319e+00
8.855482763770694987e+00
9.707091963263131618e+00
9.874831395984067228e+00
9.176583888985271997e+00
9.508578068358707114e+00
8.385227112225029700e+00
9.718101171963724028e+00
8.679438554534439021e+00
9.684976070824896865e+00
9.328339313778831965e+00
9.405618925966974686e+00
8.981729866573719079e+00
9.760006997428289921e+00
9.705996131330376642e+00
9.022381387409346587e+00
8.944650938771982140e+00
9.445941545142044760e+00
9.381402877343981928e+00
9.719908392556735777e+00
9.715984909054432350e+00
9.858487780272474410e+00
8.113337380141327770e+00
8.256656798580518597e+00
9.759128704116276865e+00
9.476498548652447340e+00
9.386321231816602051e+00
9.205356334918141314e+00
9.161617530615066229e+00
9.618587502416088952e+00
8.894615684496608665e+00
9.239066932611835981e+00
9.858487780272474410e+00
9.680865744743773149e+00
9.437729933005599037e+00
8.816085623049284337e+00
9.430231501403847361e+00
9.645989252357670907e+00
9.179733142309187244e+00
9.892719217451816149e+00
9.799416928094009549e+00
9.686113470429852157e+00
9.937893007479132734e+00
9.936326255042917666e+00
8.922877028686379219e+00
9.850681066657799079e+00
9.718101171963724028e+00
9.755777550595572833e+00
9.377241324922737320e+00
9.542639801747862194e+00
9.254241631631590081e+00
9.910677491420752716e+00
8.731656779556507431e+00
9.839819538469042115e+00
8.926724905043384339e+00
9.673998403060116047e+00
9.852669179478899864e+00
9.259661245267059471e+00
9.798502245818186296e+00
9.022961320883515768e+00
9.869193907032970614e+00
9.906494766882925518e+00
9.877500002744245222e+00
9.018776523834334924e+00
9.437729933005599037e+00
9.720249114465204343e+00
9.865472837746285251e+00
9.495163185211726642e+00
8.893234635674669875e+00
9.236846036873648913e+00
9.899098635451291983e+00
9.132963684635910795e+00
9.433122087845081438e+00
9.820778843150129944e+00
9.919925046895315290e+00
9.870802477202124336e+00
9.893513376300523632e+00
9.900164170717406620e+00
9.333010766840672545e+00
9.810296469661865970e+00
9.518368831814218112e+00
9.675147443351804100e+00
9.590457381184778640e+00
9.894376327804756954e+00
9.615612303031246810e+00
9.891734954287358050e+00
8.725523280282121874e+00
9.810111325767220336e+00
8.855482763770694987e+00
9.791886952052854198e+00
9.839819538469042115e+00
9.583377728723410982e+00
9.884973395350765912e+00
9.836076840037637936e+00
9.886893661138692835e+00
9.360330282744225627e+00
9.585579093691302788e+00
9.662578666247242154e+00
8.944650938771982140e+00
9.668116274542795097e+00
8.781949432697800262e+00
9.428449032056384738e+00
9.529847403155589092e+00
9.024823547108546506e+00
9.717976290412332574e+00
9.205356334918141314e+00
8.725523280282121874e+00
9.592299568813169586e+00
8.267985990029689702e+00
8.564386233680039595e+00
9.860491737574303528e+00
9.390924053924630144e+00
9.880208897553485414e+00
9.740162479237334026e+00
6.017493070485320672e+00
9.799416928094009549e+00
9.778791410928004524e+00
9.756943173415317361e+00
7.172655668282963859e+00
9.802488814367206871e+00
9.766687727915350337e+00
9.365066461773984940e+00
9.074095957550920133e+00
9.852078726772999673e+00
