9.748380008714181362e-07
6.476645254808722778e-09
2.577156695554017998e-07
3.288595788342371373e-07
2.685605046293201144e-07
2.160324777829238374e-01
4.451040909802306736e-08
8.784736710451783795e-03
8.468339644611233661e-05
2.878024523317391221e-05
8.935168424982443695e-07
9.748380008714181362e-07
6.476645254808722778e-09
2.577156695554017998e-07
3.288595788342371373e-07
1.709049208980881312e-08
4.451040909802306736e-08
8.468339644611233661e-05
2.878024523317391221e-05
6.507080023850584115e-07
9.748380008714181362e-07
6.476645254808722778e-09
2.577156695554017998e-07
3.288595788342371373e-07
1.709049208980881312e-08
8.567828795832955949e-08
2.685605046293201144e-07
4.451040909802306736e-08
6.341546901074042875e-09
8.468339644611233661e-05
8.935168424982443695e-07
9.748380008714181362e-07
2.577156695554017998e-07
3.288595788342371373e-07
1.709049208980881312e-08
8.567828795832955949e-08
2.685605046293201144e-07
1.790706634256259908e-03
4.451040909802306736e-08
6.341546901074042875e-09
8.935168424982443695e-07
9.748380008714181362e-07
6.476645254808722778e-09
2.577156695554017998e-07
3.288595788342371373e-07
1.709049208980881312e-08
8.567828795832955949e-08
2.685605046293201144e-07
4.451040909802306736e-08
6.341546901074042875e-09
8.935168424982443695e-07
9.748380008714181362e-07
6.476645254808722778e-09
3.288595788342371373e-07
8.567828795832955949e-08
2.685605046293201144e-07
4.451040909802306736e-08
6.341546901074042875e-09
8.468339644611233661e-05
3.107864453184031398e-07
9.748380008714181362e-07
6.476645254808722778e-09
2.577156695554017998e-07
1.709049208980881312e-08
8.567828795832955949e-08
2.685605046293201144e-07
4.451040909802306736e-08
6.341546901074042875e-09
8.468339644611233661e-05
2.878024523317391221e-05
6.476645254808722778e-09
2.577156695554017998e-07
3.288595788342371373e-07
1.709049208980881312e-08
8.567828795832955949e-08
2.685605046293201144e-07
4.451040909802306736e-08
8.468339644611233661e-05
2.878024523317391221e-05
1.258742302518010509e-07
8.935168424982443695e-07
9.748380008714181362e-07
6.476645254808722778e-09
2.577156695554017998e-07
3.288595788342371373e-07
1.709049208980881312e-08
8.567828795832955949e-08
3.303779572143960492e-06
4.451040909802306736e-08
2.878024523317391221e-05
9.748380008714181362e-07
6.476645254808722778e-09
2.577156695554017998e-07
3.288595788342371373e-07
1.709049208980881312e-08
8.468339644611233661e-05
1.258742302518010509e-07
3.107864453184031398e-07
1.272269350217624179e-08
7.028544066572616397e-06
8.935168424982443695e-07
6.476645254808722778e-09
2.577156695554017998e-07
3.288595788342371373e-07
1.709049208980881312e-08
8.567828795832955949e-08
2.685605046293201144e-07
2.160324777829238374e-01
3.303779572143960492e-06
4.451040909802306736e-08
8.935168424982443695e-07
6.476645254808722778e-09
3.288595788342371373e-07
1.709049208980881312e-08
8.567828795832955949e-08
2.685605046293201144e-07
4.451040909802306736e-08
6.341546901074042875e-09
8.468339644611233661e-05
6.507080023850584115e-07
8.935168424982443695e-07
6.476645254808722778e-09
2.577156695554017998e-07
3.288595788342371373e-07
2.685605046293201144e-07
4.451040909802306736e-08
6.341546901074042875e-09
8.468339644611233661e-05
6.507080023850584115e-07
1.258742302518010509e-07
6.476645254808722778e-09
2.577156695554017998e-07
8.567828795832955949e-08
2.685605046293201144e-07
4.451040909802306736e-08
6.341546901074042875e-09
8.468339644611233661e-05
2.878024523317391221e-05
6.507080023850584115e-07
1.258742302518010509e-07
8.935168424982443695e-07
9.748380008714181362e-07
6.476645254808722778e-09
2.577156695554017998e-07
3.288595788342371373e-07
1.709049208980881312e-08
2.685605046293201144e-07
6.341546901074042875e-09
8.468339644611233661e-05
2.878024523317391221e-05
8.935168424982443695e-07
9.748380008714181362e-07
6.476645254808722778e-09
3.288595788342371373e-07
1.709049208980881312e-08
8.567828795832955949e-08
4.451040909802306736e-08
8.468339644611233661e-05
2.878024523317391221e-05
6.507080023850584115e-07
9.748380008714181362e-07
6.476645254808722778e-09
2.577156695554017998e-07
3.288595788342371373e-07
6.341546901074042875e-09
8.468339644611233661e-05
2.878024523317391221e-05
6.507080023850584115e-07
1.258742302518010509e-07
3.107864453184031398e-07
8.935168424982443695e-07
9.748380008714181362e-07
6.476645254808722778e-09
2.577156695554017998e-07
3.288595788342371373e-07
1.709049208980881312e-08
2.685605046293201144e-07
3.303779572143960492e-06
4.451040909802306736e-08
1.896933513812938343e-05
9.748380008714181362e-07
6.476645254808722778e-09
2.577156695554017998e-07
3.288595788342371373e-07
1.709049208980881312e-08
2.685605046293201144e-07
4.451040909802306736e-08
6.341546901074042875e-09
8.468339644611233661e-05
6.507080023850584115e-07
8.935168424982443695e-07
9.748380008714181362e-07
6.476645254808722778e-09
2.577156695554017998e-07
3.288595788342371373e-07
1.709049208980881312e-08
4.451040909802306736e-08
6.341546901074042875e-09
6.507080023850584115e-07
1.258742302518010509e-07
8.935168424982443695e-07
9.748380008714181362e-07
6.476645254808722778e-09
1.709049208980881312e-08
8.411876330307237051e-07
8.567828795832955949e-08
2.685605046293201144e-07
4.451040909802306736e-08
6.341546901074042875e-09
2.878024523317391221e-05
8.935168424982443695e-07
6.476645254808722778e-09
3.288595788342371373e-07
1.709049208980881312e-08
8.567828795832955949e-08
2.685605046293201144e-07
5.699521583933671960e-04
4.451040909802306736e-08
6.341546901074042875e-09
8.468339644611233661e-05
8.935168424982443695e-07
2.577156695554017998e-07
1.861926937795940453e-05
1.709049208980881312e-08
8.567828795832955949e-08
2.685605046293201144e-07
3.303779572143960492e-06
4.451040909802306736e-08
6.341546901074042875e-09
2.878024523317391221e-05
2.577156695554017998e-07
1.709049208980881312e-08
8.567828795832955949e-08
2.685605046293201144e-07
3.303779572143960492e-06
4.451040909802306736e-08
6.341546901074042875e-09
8.468339644611233661e-05
2.878024523317391221e-05
6.507080023850584115e-07
8.935168424982443695e-07
2.577156695554017998e-07
3.288595788342371373e-07
1.709049208980881312e-08
8.567828795832955949e-08
4.451040909802306736e-08
6.341546901074042875e-09
8.468339644611233661e-05
2.878024523317391221e-05
1.955251663760197752e-05
9.748380008714181362e-07
6.476645254808722778e-09
2.577156695554017998e-07
1.709049208980881312e-08
8.567828795832955949e-08
2.685605046293201144e-07
4.451040909802306736e-08
6.341546901074042875e-09
2.878024523317391221e-05
6.507080023850584115e-07
8.935168424982443695e-07
6.476645254808722778e-09
2.577156695554017998e-07
3.288595788342371373e-07
1.709049208980881312e-08
2.685605046293201144e-07
3.303779572143960492e-06
6.341546901074042875e-09
8.468339644611233661e-05
2.878024523317391221e-05
8.935168424982443695e-07
6.476645254808722778e-09
2.577156695554017998e-07
3.288595788342371373e-07
1.709049208980881312e-08
8.567828795832955949e-08
2.685605046293201144e-07
2.160324777829238374e-01
7.135311136198155268e-02
4.451040909802306736e-08
9.748380008714181362e-07
6.476645254808722778e-09
2.577156695554017998e-07
1.709049208980881312e-08
8.567828795832955949e-08
2.685605046293201144e-07
4.451040909802306736e-08
6.341546901074042875e-09
8.468339644611233661e-05
2.878024523317391221e-05
8.935168424982443695e-07
9.748380008714181362e-07
2.577156695554017998e-07
1.709049208980881312e-08
5.501923157375372643e-05
4.451040909802306736e-08
6.341546901074042875e-09
2.878024523317391221e-05
6.507080023850584115e-07
1.258742302518010509e-07
3.288595788342371373e-07
1.709049208980881312e-08
8.567828795832955949e-08
2.685605046293201144e-07
8.468339644611233661e-05
1.629470976767369511e-03
6.507080023850584115e-07
3.107864453184031398e-07
3.615466920781733813e-07
7.028544066572616397e-06
8.935168424982443695e-07
9.748380008714181362e-07
6.476645254808722778e-09
2.577156695554017998e-07
3.288595788342371373e-07
1.709049208980881312e-08
2.685605046293201144e-07
2.160324777829238374e-01
4.451040909802306736e-08
8.468339644611233661e-05
8.935168424982443695e-07
9.748380008714181362e-07
6.476645254808722778e-09
2.577156695554017998e-07
8.567828795832955949e-08
2.685605046293201144e-07
4.451040909802306736e-08
6.341546901074042875e-09
2.878024523317391221e-05
1.258742302518010509e-07
8.935168424982443695e-07
6.476645254808722778e-09
1.709049208980881312e-08
2.685605046293201144e-07
4.451040909802306736e-08
6.341546901074042875e-09
8.468339644611233661e-05
2.878024523317391221e-05
6.507080023850584115e-07
3.107864453184031398e-07
8.935168424982443695e-07
9.748380008714181362e-07
6.476645254808722778e-09
3.288595788342371373e-07
1.709049208980881312e-08
8.567828795832955949e-08
4.451040909802306736e-08
6.341546901074042875e-09
8.468339644611233661e-05
2.878024523317391221e-05
8.935168424982443695e-07
6.476645254808722778e-09
3.288595788342371373e-07
8.567828795832955949e-08
2.685605046293201144e-07
3.303779572143960492e-06
4.451040909802306736e-08
6.341546901074042875e-09
8.468339644611233661e-05
6.507080023850584115e-07
9.748380008714181362e-07
3.288595788342371373e-07
1.709049208980881312e-08
8.567828795832955949e-08
2.685605046293201144e-07
6.341546901074042875e-09
8.468339644611233661e-05
2.878024523317391221e-05
6.507080023850584115e-07
1.258742302518010509e-07
9.748380008714181362e-07
6.476645254808722778e-09
2.577156695554017998e-07
1.709049208980881312e-08
4.451040909802306736e-08
6.341546901074042875e-09
8.468339644611233661e-05
2.878024523317391221e-05
6.507080023850584115e-07
1.258742302518010509e-07
8.935168424982443695e-07
6.476645254808722778e-09
2.577156695554017998e-07
1.709049208980881312e-08
8.567828795832955949e-08
5.699521583933671960e-04
4.451040909802306736e-08
8.468339644611233661e-05
2.878024523317391221e-05
6.507080023850584115e-07
8.935168424982443695e-07
9.748380008714181362e-07
3.667975333153833106e-06
3.288595788342371373e-07
1.709049208980881312e-08
1.790706634256259908e-03
3.303779572143960492e-06
4.451040909802306736e-08
6.341546901074042875e-09
2.878024523317391221e-05
8.935168424982443695e-07
9.748380008714181362e-07
6.476645254808722778e-09
2.577156695554017998e-07
3.288595788342371373e-07
1.709049208980881312e-08
8.567828795832955949e-08
2.685605046293201144e-07
4.451040909802306736e-08
6.341546901074042875e-09
9.748380008714181362e-07
6.476645254808722778e-09
2.577156695554017998e-07
8.567828795832955949e-08
2.685605046293201144e-07
6.341546901074042875e-09
8.468339644611233661e-05
2.878024523317391221e-05
1.258742302518010509e-07
3.107864453184031398e-07
8.935168424982443695e-07
6.476645254808722778e-09
2.577156695554017998e-07
3.288595788342371373e-07
8.567828795832955949e-08
2.685605046293201144e-07
8.468339644611233661e-05
2.878024523317391221e-05
6.507080023850584115e-07
1.258742302518010509e-07
9.748380008714181362e-07
2.577156695554017998e-07
3.288595788342371373e-07
1.709049208980881312e-08
8.567828795832955949e-08
2.685605046293201144e-07
3.303779572143960492e-06
6.341546901074042875e-09
8.468339644611233661e-05
2.878024523317391221e-05
8.935168424982443695e-07
9.748380008714181362e-07
2.577156695554017998e-07
3.288595788342371373e-07
8.567828795832955949e-08
2.685605046293201144e-07
3.089183066125461021e-05
1.436123285244537452e-02
4.451040909802306736e-08
6.341546901074042875e-09
9.748380008714181362e-07
6.476645254808722778e-09
2.577156695554017998e-07
8.567828795832955949e-08
2.685605046293201144e-07
3.480372657746542124e-05
4.451040909802306736e-08
2.878024523317391221e-05
6.507080023850584115e-07
1.258742302518010509e-07
8.935168424982443695e-07
9.748380008714181362e-07
6.476645254808722778e-09
2.577156695554017998e-07
8.567828795832955949e-08
2.685605046293201144e-07
4.451040909802306736e-08
6.341546901074042875e-09
8.468339644611233661e-05
2.878024523317391221e-05
8.935168424982443695e-07
9.748380008714181362e-07
6.476645254808722778e-09
2.577156695554017998e-07
3.288595788342371373e-07
1.709049208980881312e-08
8.567828795832955949e-08
6.341546901074042875e-09
8.468339644611233661e-05
6.507080023850584115e-07
8.935168424982443695e-07
9.748380008714181362e-07
2.577156695554017998e-07
3.288595788342371373e-07
1.709049208980881312e-08
8.567828795832955949e-08
2.685605046293201144e-07
4.451040909802306736e-08
6.341546901074042875e-09
3.078532257672959935e-03
8.935168424982443695e-07
9.748380008714181362e-07
6.476645254808722778e-09
2.577156695554017998e-07
3.288595788342371373e-07
1.709049208980881312e-08
2.685605046293201144e-07
4.451040909802306736e-08
6.341546901074042875e-09
8.468339644611233661e-05
8.935168424982443695e-07
9.748380008714181362e-07
6.476645254808722778e-09
2.577156695554017998e-07
3.288595788342371373e-07
1.709049208980881312e-08
2.685605046293201144e-07
4.451040909802306736e-08
8.468339644611233661e-05
2.878024523317391221e-05
8.935168424982443695e-07
9.748380008714181362e-07
6.476645254808722778e-09
2.577156695554017998e-07
3.288595788342371373e-07
1.709049208980881312e-08
8.567828795832955949e-08
2.685605046293201144e-07
3.303779572143960492e-06
6.341546901074042875e-09
8.935168424982443695e-07
9.748380008714181362e-07
6.476645254808722778e-09
2.577156695554017998e-07
3.288595788342371373e-07
1.709049208980881312e-08
8.567828795832955949e-08
2.685605046293201144e-07
4.451040909802306736e-08
6.341546901074042875e-09
8.935168424982443695e-07
9.748380008714181362e-07
6.476645254808722778e-09
8.567828795832955949e-08
2.685605046293201144e-07
4.451040909802306736e-08
6.341546901074042875e-09
8.468339644611233661e-05
6.507080023850584115e-07
1.258742302518010509e-07
8.935168424982443695e-07
2.577156695554017998e-07
3.288595788342371373e-07
1.709049208980881312e-08
8.567828795832955949e-08
2.685605046293201144e-07
2.576052354267569613e-06
4.451040909802306736e-08
8.468339644611233661e-05
6.507080023850584115e-07
8.935168424982443695e-07
6.476645254808722778e-09
2.577156695554017998e-07
3.288595788342371373e-07
1.709049208980881312e-08
2.685605046293201144e-07
7.500968874896139058e-06
8.468339644611233661e-05
2.878024523317391221e-05
1.100870327899227731e-04
8.935168424982443695e-07
9.748380008714181362e-07
6.476645254808722778e-09
7.061638365038755752e-05
2.577156695554017998e-07
3.288595788342371373e-07
1.709049208980881312e-08
8.567828795832955949e-08
2.685605046293201144e-07
4.451040909802306736e-08
8.935168424982443695e-07
9.748380008714181362e-07
6.476645254808722778e-09
3.288595788342371373e-07
1.709049208980881312e-08
6.341546901074042875e-09
8.468339644611233661e-05
2.878024523317391221e-05
6.507080023850584115e-07
1.258742302518010509e-07
8.935168424982443695e-07
9.748380008714181362e-07
6.476645254808722778e-09
2.577156695554017998e-07
3.288595788342371373e-07
1.709049208980881312e-08
8.567828795832955949e-08
2.685605046293201144e-07
4.451040909802306736e-08
6.341546901074042875e-09
8.935168424982443695e-07
9.748380008714181362e-07
6.476645254808722778e-09
2.577156695554017998e-07
1.709049208980881312e-08
8.567828795832955949e-08
2.685605046293201144e-07
6.341546901074042875e-09
2.878024523317391221e-05
6.507080023850584115e-07
9.748380008714181362e-07
6.476645254808722778e-09
2.577156695554017998e-07
3.288595788342371373e-07
1.709049208980881312e-08
8.567828795832955949e-08
2.685605046293201144e-07
4.451040909802306736e-08
1.896933513812938343e-05
1.258742302518010509e-07
8.935168424982443695e-07
9.748380008714181362e-07
1.299216348604451814e-05
6.476645254808722778e-09
3.288595788342371373e-07
1.709049208980881312e-08
8.567828795832955949e-08
2.685605046293201144e-07
4.451040909802306736e-08
8.468339644611233661e-05
8.935168424982443695e-07
9.748380008714181362e-07
6.476645254808722778e-09
3.288595788342371373e-07
1.709049208980881312e-08
8.567828795832955949e-08
2.685605046293201144e-07
6.341546901074042875e-09
2.878024523317391221e-05
6.507080023850584115e-07
8.935168424982443695e-07
6.476645254808722778e-09
2.577156695554017998e-07
3.288595788342371373e-07
1.709049208980881312e-08
1.382054128321326229e-02
8.567828795832955949e-08
2.685605046293201144e-07
3.303779572143960492e-06
4.451040909802306736e-08
8.935168424982443695e-07
9.748380008714181362e-07
6.476645254808722778e-09
3.288595788342371373e-07
1.709049208980881312e-08
8.567828795832955949e-08
4.451040909802306736e-08
6.341546901074042875e-09
8.468339644611233661e-05
2.878024523317391221e-05
8.935168424982443695e-07
9.748380008714181362e-07
6.476645254808722778e-09
2.577156695554017998e-07
3.288595788342371373e-07
1.709049208980881312e-08
8.567828795832955949e-08
2.685605046293201144e-07
4.451040909802306736e-08
6.341546901074042875e-09
8.935168424982443695e-07
6.476645254808722778e-09
2.577156695554017998e-07
8.567828795832955949e-08
2.685605046293201144e-07
4.451040909802306736e-08
6.341546901074042875e-09
8.468339644611233661e-05
2.878024523317391221e-05
6.507080023850584115e-07
9.748380008714181362e-07
3.215420816890425464e-06
6.476645254808722778e-09
2.577156695554017998e-07
3.288595788342371373e-07
2.685605046293201144e-07
4.451040909802306736e-08
8.784736710451783795e-03
8.468339644611233661e-05
6.507080023850584115e-07
8.935168424982443695e-07
6.476645254808722778e-09
2.577156695554017998e-07
1.709049208980881312e-08
8.567828795832955949e-08
2.685605046293201144e-07
3.303779572143960492e-06
4.451040909802306736e-08
6.341546901074042875e-09
2.878024523317391221e-05
8.935168424982443695e-07
6.476645254808722778e-09
2.577156695554017998e-07
3.288595788342371373e-07
1.709049208980881312e-08
8.567828795832955949e-08
2.685605046293201144e-07
3.303779572143960492e-06
4.451040909802306736e-08
6.341546901074042875e-09
8.935168424982443695e-07
9.748380008714181362e-07
6.476645254808722778e-09
2.577156695554017998e-07
1.709049208980881312e-08
8.567828795832955949e-08
2.685605046293201144e-07
3.303779572143960492e-06
4.451040909802306736e-08
6.341546901074042875e-09
8.935168424982443695e-07
9.748380008714181362e-07
6.476645254808722778e-09
2.577156695554017998e-07
3.288595788342371373e-07
1.709049208980881312e-08
8.567828795832955949e-08
2.685605046293201144e-07
4.451040909802306736e-08
6.341546901074042875e-09
8.935168424982443695e-07
9.748380008714181362e-07
6.476645254808722778e-09
1.709049208980881312e-08
8.567828795832955949e-08
2.685605046293201144e-07
4.451040909802306736e-08
6.341546901074042875e-09
6.507080023850584115e-07
3.107864453184031398e-07
8.935168424982443695e-07
9.748380008714181362e-07
6.476645254808722778e-09
2.577156695554017998e-07
3.288595788342371373e-07
1.709049208980881312e-08
8.567828795832955949e-08
2.685605046293201144e-07
4.451040909802306736e-08
6.341546901074042875e-09
8.935168424982443695e-07
9.748380008714181362e-07
6.476645254808722778e-09
2.577156695554017998e-07
3.288595788342371373e-07
1.709049208980881312e-08
8.567828795832955949e-08
2.685605046293201144e-07
8.468339644611233661e-05
2.878024523317391221e-05
8.935168424982443695e-07
9.748380008714181362e-07
2.577156695554017998e-07
3.288595788342371373e-07
1.709049208980881312e-08
8.567828795832955949e-08
2.685605046293201144e-07
4.451040909802306736e-08
6.341546901074042875e-09
8.468339644611233661e-05
8.935168424982443695e-07
9.748380008714181362e-07
6.476645254808722778e-09
3.288595788342371373e-07
1.709049208980881312e-08
8.567828795832955949e-08
2.685605046293201144e-07
4.451040909802306736e-08
6.341546901074042875e-09
2.878024523317391221e-05
8.935168424982443695e-07
6.476645254808722778e-09
2.577156695554017998e-07
3.288595788342371373e-07
8.567828795832955949e-08
4.451040909802306736e-08
6.341546901074042875e-09
8.468339644611233661e-05
2.878024523317391221e-05
6.507080023850584115e-07
8.935168424982443695e-07
6.476645254808722778e-09
2.577156695554017998e-07
1.709049208980881312e-08
8.567828795832955949e-08
6.341546901074042875e-09
8.468339644611233661e-05
9.528668867127920803e-04
2.878024523317391221e-05
1.258742302518010509e-07
9.748380008714181362e-07
6.476645254808722778e-09
2.577156695554017998e-07
3.288595788342371373e-07
1.709049208980881312e-08
8.567828795832955949e-08
2.685605046293201144e-07
7.500968874896139058e-06
4.451040909802306736e-08
6.341546901074042875e-09
8.935168424982443695e-07
9.748380008714181362e-07
6.476645254808722778e-09
2.577156695554017998e-07
3.288595788342371373e-07
1.709049208980881312e-08
8.567828795832955949e-08
4.451040909802306736e-08
6.341546901074042875e-09
8.468339644611233661e-05
8.935168424982443695e-07
9.748380008714181362e-07
6.476645254808722778e-09
3.288595788342371373e-07
1.709049208980881312e-08
8.567828795832955949e-08
2.685605046293201144e-07
5.960382768393523773e-06
2.878024523317391221e-05
6.507080023850584115e-07
8.935168424982443695e-07
9.748380008714181362e-07
6.476645254808722778e-09
1.709049208980881312e-08
2.685605046293201144e-07
4.451040909802306736e-08
2.878024523317391221e-05
6.507080023850584115e-07
1.258742302518010509e-07
3.107864453184031398e-07
6.476645254808722778e-09
3.288595788342371373e-07
5.699521583933671960e-04
6.341546901074042875e-09
8.468339644611233661e-05
2.878024523317391221e-05
6.507080023850584115e-07
1.258742302518010509e-07
3.107864453184031398e-07
3.615466920781733813e-07
8.935168424982443695e-07
9.748380008714181362e-07
6.476645254808722778e-09
2.577156695554017998e-07
3.288595788342371373e-07
1.709049208980881312e-08
8.567828795832955949e-08
4.451040909802306736e-08
6.341546901074042875e-09
8.468339644611233661e-05
9.748380008714181362e-07
6.476645254808722778e-09
2.577156695554017998e-07
3.288595788342371373e-07
1.709049208980881312e-08
8.567828795832955949e-08
4.451040909802306736e-08
2.878024523317391221e-05
3.107864453184031398e-07
9.128614165096609625e-05
8.935168424982443695e-07
9.748380008714181362e-07
2.577156695554017998e-07
3.288595788342371373e-07
8.567828795832955949e-08
2.685605046293201144e-07
4.451040909802306736e-08
6.341546901074042875e-09
6.507080023850584115e-07
1.258742302518010509e-07
8.935168424982443695e-07
9.748380008714181362e-07
6.476645254808722778e-09
2.577156695554017998e-07
3.288595788342371373e-07
4.451040909802306736e-08
6.341546901074042875e-09
8.468339644611233661e-05
2.878024523317391221e-05
6.507080023850584115e-07
6.476645254808722778e-09
2.577156695554017998e-07
3.288595788342371373e-07
1.709049208980881312e-08
8.567828795832955949e-08
4.451040909802306736e-08
6.507080023850584115e-07
3.107864453184031398e-07
3.615466920781733813e-07
2.619374763102386359e-05
8.935168424982443695e-07
9.748380008714181362e-07
6.476645254808722778e-09
3.288595788342371373e-07
1.709049208980881312e-08
8.567828795832955949e-08
2.685605046293201144e-07
3.303779572143960492e-06
4.451040909802306736e-08
8.468339644611233661e-05
8.935168424982443695e-07
9.748380008714181362e-07
6.476645254808722778e-09
2.577156695554017998e-07
3.288595788342371373e-07
1.709049208980881312e-08
2.685605046293201144e-07
6.341546901074042875e-09
8.468339644611233661e-05
2.878024523317391221e-05
8.935168424982443695e-07
9.748380008714181362e-07
6.476645254808722778e-09
1.709049208980881312e-08
8.567828795832955949e-08
2.685605046293201144e-07
3.303779572143960492e-06
6.341546901074042875e-09
8.468339644611233661e-05
2.878024523317391221e-05
8.935168424982443695e-07
9.748380008714181362e-07
6.476645254808722778e-09
2.577156695554017998e-07
3.288595788342371373e-07
8.567828795832955949e-08
2.685605046293201144e-07
4.451040909802306736e-08
6.341546901074042875e-09
8.468339644611233661e-05
8.935168424982443695e-07
6.476645254808722778e-09
2.577156695554017998e-07
3.288595788342371373e-07
8.567828795832955949e-08
7.500968874896139058e-06
4.451040909802306736e-08
3.677167229255926266e-04
6.341546901074042875e-09
8.468339644611233661e-05
8.935168424982443695e-07
9.748380008714181362e-07
2.577156695554017998e-07
3.288595788342371373e-07
1.709049208980881312e-08
8.567828795832955949e-08
2.685605046293201144e-07
4.451040909802306736e-08
6.341546901074042875e-09
8.468339644611233661e-05
8.935168424982443695e-07
9.748380008714181362e-07
6.476645254808722778e-09
3.288595788342371373e-07
1.709049208980881312e-08
8.567828795832955949e-08
2.685605046293201144e-07
2.459860588618558320e-04
3.303779572143960492e-06
4.451040909802306736e-08
8.935168424982443695e-07
9.748380008714181362e-07
6.476645254808722778e-09
2.577156695554017998e-07
3.288595788342371373e-07
8.567828795832955949e-08
2.685605046293201144e-07
2.576052354267569613e-06
4.451040909802306736e-08
6.341546901074042875e-09
8.935168424982443695e-07
9.748380008714181362e-07
6.476645254808722778e-09
2.577156695554017998e-07
3.288595788342371373e-07
8.567828795832955949e-08
2.685605046293201144e-07
4.451040909802306736e-08
6.341546901074042875e-09
2.878024523317391221e-05
8.935168424982443695e-07
3.667975333153833106e-06
2.577156695554017998e-07
3.288595788342371373e-07
1.709049208980881312e-08
3.303779572143960492e-06
5.960382768393523773e-06
6.341546901074042875e-09
8.468339644611233661e-05
1.258742302518010509e-07
8.935168424982443695e-07
9.748380008714181362e-07
6.476645254808722778e-09
2.577156695554017998e-07
1.709049208980881312e-08
8.567828795832955949e-08
2.685605046293201144e-07
4.451040909802306736e-08
6.341546901074042875e-09
8.468339644611233661e-05
