7.760820581287574099e-05
2.970464975606308547e-04
2.006636971903598970e-07
2.887835130387250097e-03
1.563533457196276876e-06
2.490712902558544342e-05
1.620552850389737122e-07
1.652863703992482088e-06
1.291036926070480888e-06
8.357772462272705592e-08
8.398126913977731287e-05
2.006636971903598970e-07
1.742580293726443696e-04
2.715074562165540417e-07
5.312136092703325339e-04
1.620552850389737122e-07
1.698296494266552645e-05
2.646025641178530512e-07
3.911297781534432720e-07
1.782526790054582237e-06
2.006636971903598970e-07
3.025989247103810130e-05
1.563533457196276876e-06
2.490712902558544342e-05
3.402405051067853724e-05
1.665097501955049012e-06
2.646025641178530512e-07
4.677896158579818159e-06
5.218772272703089771e-07
1.342977847171982679e-07
2.006636971903598970e-07
3.025989247103810130e-05
2.490712902558544342e-05
1.665097501955049012e-06
1.652863703992482088e-06
2.525219086556274966e-05
8.357772462272705592e-08
5.218772272703089771e-07
7.526928607549671070e-08
8.541657723702612032e-08
8.398126913977731287e-05
2.006636971903598970e-07
3.025989247103810130e-05
2.715074562165540417e-07
2.559175920205532229e-04
9.518367331013599509e-06
9.337359501827226886e-06
4.677896158579818159e-06
5.362222325831555616e-06
5.140170131608416144e-08
8.398126913977731287e-05
2.006636971903598970e-07
3.025989247103810130e-05
2.715074562165540417e-07
2.490712902558544342e-05
1.652863703992482088e-06
5.268665238014161920e-06
8.357772462272705592e-08
4.677896158579818159e-06
7.526928607549671070e-08
1.742580293726443696e-04
2.715074562165540417e-07
3.513456861003054488e-02
8.724343445675471927e-06
1.620552850389737122e-07
1.652863703992482088e-06
2.646025641178530512e-07
8.357772462272705592e-08
8.541657723702612032e-08
1.885483185921902520e-03
2.006636971903598970e-07
3.025989247103810130e-05
2.715074562165540417e-07
5.073306388781102013e-04
1.620552850389737122e-07
1.652863703992482088e-06
8.357772462272705592e-08
4.677896158579818159e-06
5.218772272703089771e-07
5.140170131608416144e-08
1.498419739481285037e-04
2.061794040498943360e-06
3.109165575806146576e-04
1.563533457196276876e-06
2.490712902558544342e-05
1.620552850389737122e-07
1.652863703992482088e-06
2.646025641178530512e-07
8.357772462272705592e-08
4.677896158579818159e-06
8.398126913977731287e-05
2.006636971903598970e-07
3.025989247103810130e-05
1.861339872529210444e-04
2.715074562165540417e-07
1.434330021609503674e-04
1.620552850389737122e-07
1.652863703992482088e-06
5.389661239750640535e-06
8.357772462272705592e-08
4.279709906487440371e-06
3.109165575806146576e-04
2.789704680101169386e-06
3.402405051067853724e-05
1.620552850389737122e-07
1.652863703992482088e-06
2.718757789464041283e-06
4.677896158579818159e-06
5.218772272703089771e-07
7.526928607549671070e-08
3.914864120287706115e-05
2.970464975606308547e-04
2.006636971903598970e-07
3.025989247103810130e-05
1.861339872529210444e-04
1.184307241974385383e-04
2.490712902558544342e-05
8.724343445675471927e-06
1.620552850389737122e-07
1.652863703992482088e-06
2.006636971903598970e-07
6.795635116276341377e-04
3.970586317817393837e-04
2.715074562165540417e-07
2.490712902558544342e-05
1.665097501955049012e-06
1.652863703992482088e-06
2.646025641178530512e-07
8.357772462272705592e-08
7.526928607549671070e-08
2.970464975606308547e-04
4.506083785912859146e-06
3.025989247103810130e-05
2.789704680101169386e-06
1.434330021609503674e-04
3.085849607415427031e-05
1.620552850389737122e-07
3.366700345365121867e-05
5.218772272703089771e-07
8.541657723702612032e-08
2.061794040498943360e-06
3.025989247103810130e-05
2.715074562165540417e-07
2.490712902558544342e-05
1.620552850389737122e-07
3.712099836195701286e-05
9.337359501827226886e-06
5.218772272703089771e-07
8.541657723702612032e-08
1.885483185921902520e-03
9.790692832409769937e-07
3.025989247103810130e-05
2.715074562165540417e-07
2.490712902558544342e-05
1.556624300502785317e-05
1.652863703992482088e-06
2.646025641178530512e-07
8.357772462272705592e-08
4.677896158579818159e-06
5.218772272703089771e-07
2.006636971903598970e-07
3.025989247103810130e-05
2.490712902558544342e-05
1.556624300502785317e-05
1.665097501955049012e-06
1.652863703992482088e-06
8.541657723702612032e-08
1.885483185921902520e-03
8.923852636133196506e-07
5.797386074547963286e-01
4.279709906487440371e-06
1.742580293726443696e-04
2.715074562165540417e-07
2.490712902558544342e-05
1.620552850389737122e-07
1.698296494266552645e-05
2.646025641178530512e-07
7.753750676855187970e-07
8.587505211874880107e-07
4.677896158579818159e-06
2.006636971903598970e-07
3.025989247103810130e-05
2.559175920205532229e-04
1.652863703992482088e-06
8.357772462272705592e-08
4.677896158579818159e-06
2.935415019585854514e-07
5.140170131608416144e-08
2.636597273513775503e-06
1.885483185921902520e-03
2.006636971903598970e-07
3.025989247103810130e-05
2.789704680101169386e-06
2.490712902558544342e-05
3.456278432510074724e-06
1.652863703992482088e-06
2.646025641178530512e-07
4.677896158579818159e-06
5.218772272703089771e-07
2.662317208542151130e-07
2.006636971903598970e-07
3.025989247103810130e-05
1.861339872529210444e-04
2.490712902558544342e-05
1.620552850389737122e-07
1.652863703992482088e-06
8.357772462272705592e-08
4.677896158579818159e-06
5.140170131608416144e-08
9.542797350341361321e-06
8.398126913977731287e-05
2.006636971903598970e-07
3.109165575806146576e-04
2.789704680101169386e-06
2.490712902558544342e-05
1.620552850389737122e-07
1.652863703992482088e-06
1.291036926070480888e-06
4.677896158579818159e-06
1.113047935830892167e-05
8.557023565616851126e-05
2.006636971903598970e-07
3.109165575806146576e-04
2.715074562165540417e-07
2.490712902558544342e-05
1.620552850389737122e-07
3.525190289606306234e-05
2.646025641178530512e-07
8.357772462272705592e-08
4.677896158579818159e-06
4.087297319189932674e-06
3.025989247103810130e-05
2.715074562165540417e-07
2.490712902558544342e-05
1.620552850389737122e-07
1.652863703992482088e-06
2.646025641178530512e-07
5.218772272703089771e-07
5.140170131608416144e-08
8.541657723702612032e-08
2.241828295863157016e-05
2.715074562165540417e-07
2.490712902558544342e-05
1.620552850389737122e-07
9.518367331013599509e-06
2.646025641178530512e-07
8.357772462272705592e-08
4.677896158579818159e-06
5.140170131608416144e-08
8.541657723702612032e-08
2.006636971903598970e-07
3.025989247103810130e-05
2.715074562165540417e-07
5.593791511858049086e-04
1.620552850389737122e-07
1.652863703992482088e-06
8.357772462272705592e-08
4.806478977951524382e-05
5.218772272703089771e-07
7.526928607549671070e-08
1.854104583770540413e-05
3.025989247103810130e-05
2.715074562165540417e-07
2.490712902558544342e-05
3.712099836195701286e-05
2.646025641178530512e-07
8.357772462272705592e-08
4.677896158579818159e-06
5.218772272703089771e-07
5.140170131608416144e-08
9.790692832409769937e-07
3.025989247103810130e-05
2.715074562165540417e-07
2.490712902558544342e-05
8.724343445675471927e-06
1.620552850389737122e-07
1.652863703992482088e-06
1.291036926070480888e-06
1.782526790054582237e-06
4.677896158579818159e-06
2.006636971903598970e-07
3.025989247103810130e-05
5.790649561111430344e-06
2.490712902558544342e-05
8.724343445675471927e-06
3.456278432510074724e-06
8.357772462272705592e-08
4.677896158579818159e-06
5.218772272703089771e-07
5.140170131608416144e-08
8.398126913977731287e-05
2.061794040498943360e-06
3.025989247103810130e-05
5.790649561111430344e-06
2.490712902558544342e-05
8.724343445675471927e-06
1.620552850389737122e-07
2.646025641178530512e-07
4.677896158579818159e-06
5.218772272703089771e-07
3.025989247103810130e-05
2.715074562165540417e-07
9.518367331013599509e-06
2.646025641178530512e-07
8.357772462272705592e-08
1.063006125093366147e-05
5.140170131608416144e-08
8.776444985963870312e-07
3.840520472370483746e-02
8.923852636133196506e-07
2.006636971903598970e-07
3.025989247103810130e-05
8.838810565306993278e-05
5.530306246095872498e-06
5.312136092703325339e-04
1.620552850389737122e-07
1.652863703992482088e-06
2.646025641178530512e-07
4.677896158579818159e-06
8.151681064253883034e-06
2.006636971903598970e-07
3.025989247103810130e-05
2.715074562165540417e-07
2.490712902558544342e-05
1.620552850389737122e-07
1.652863703992482088e-06
2.646025641178530512e-07
7.753750676855187970e-07
4.677896158579818159e-06
5.218772272703089771e-07
8.398126913977731287e-05
9.790692832409769937e-07
3.025989247103810130e-05
2.715074562165540417e-07
2.490712902558544342e-05
1.620552850389737122e-07
1.652863703992482088e-06
5.389661239750640535e-06
8.587505211874880107e-07
4.677896158579818159e-06
2.006636971903598970e-07
3.025989247103810130e-05
8.838810565306993278e-05
2.715074562165540417e-07
2.559175920205532229e-04
1.620552850389737122e-07
3.525190289606306234e-05
8.357772462272705592e-08
4.677896158579818159e-06
5.218772272703089771e-07
2.061794040498943360e-06
3.025989247103810130e-05
2.715074562165540417e-07
2.490712902558544342e-05
1.652863703992482088e-06
2.646025641178530512e-07
8.357772462272705592e-08
5.218772272703089771e-07
2.787647788233772862e-07
5.140170131608416144e-08
1.498419739481285037e-04
2.006636971903598970e-07
3.025989247103810130e-05
2.715074562165540417e-07
1.620552850389737122e-07
1.652863703992482088e-06
2.646025641178530512e-07
4.677896158579818159e-06
5.218772272703089771e-07
6.075144233180320946e-06
3.110301842585151927e-04
3.025989247103810130e-05
2.490712902558544342e-05
1.652863703992482088e-06
4.677896158579818159e-06
8.541657723702612032e-08
1.885483185921902520e-03
8.923852636133196506e-07
3.409517078746304889e-08
4.092923038267714664e-07
1.199364060882304506e-04
3.025989247103810130e-05
2.715074562165540417e-07
2.559175920205532229e-04
3.456278432510074724e-06
1.652863703992482088e-06
2.646025641178530512e-07
9.976911026710019216e-05
5.218772272703089771e-07
1.046995739305097238e-06
4.279709906487440371e-06
3.109165575806146576e-04
8.838810565306993278e-05
2.715074562165540417e-07
2.301383994290428364e-03
1.620552850389737122e-07
1.652863703992482088e-06
1.291036926070480888e-06
4.806478977951524382e-05
5.362222325831555616e-06
2.241828295863157016e-05
1.742580293726443696e-04
5.790649561111430344e-06
2.490712902558544342e-05
8.724343445675471927e-06
1.652863703992482088e-06
2.646025641178530512e-07
4.677896158579818159e-06
5.218772272703089771e-07
5.140170131608416144e-08
9.790692832409769937e-07
3.025989247103810130e-05
2.490712902558544342e-05
1.620552850389737122e-07
3.366700345365121867e-05
2.646025641178530512e-07
3.911297781534432720e-07
8.357772462272705592e-08
4.677896158579818159e-06
5.281459622688091262e-07
9.790692832409769937e-07
3.025989247103810130e-05
1.563533457196276876e-06
2.490712902558544342e-05
1.620552850389737122e-07
9.518367331013599509e-06
2.646025641178530512e-07
8.357772462272705592e-08
4.806478977951524382e-05
8.541657723702612032e-08
2.006636971903598970e-07
6.163605024019246830e-04
1.861339872529210444e-04
1.563533457196276876e-06
1.620552850389737122e-07
1.652863703992482088e-06
5.268665238014161920e-06
4.677896158579818159e-06
5.218772272703089771e-07
8.541657723702612032e-08
1.498419739481285037e-04
2.006636971903598970e-07
3.025989247103810130e-05
8.838810565306993278e-05
2.715074562165540417e-07
2.490712902558544342e-05
1.652863703992482088e-06
2.646025641178530512e-07
8.357772462272705592e-08
4.677896158579818159e-06
3.914864120287706115e-05
9.790692832409769937e-07
3.025989247103810130e-05
5.312136092703325339e-04
9.518367331013599509e-06
2.646025641178530512e-07
8.357772462272705592e-08
2.662317208542151130e-07
2.636597273513775503e-06
1.885483185921902520e-03
1.915022251629929569e-05
3.109165575806146576e-04
1.861339872529210444e-04
2.715074562165540417e-07
2.490712902558544342e-05
1.620552850389737122e-07
8.357772462272705592e-08
4.918895347123125122e-07
1.885483185921902520e-03
8.939140859502149020e-05
3.025989247103810130e-05
3.970586317817393837e-04
1.620552850389737122e-07
2.646025641178530512e-07
8.357772462272705592e-08
4.677896158579818159e-06
5.218772272703089771e-07
5.140170131608416144e-08
8.541657723702612032e-08
5.010080784323481658e-05
7.760820581287574099e-05
2.061794040498943360e-06
1.742580293726443696e-04
1.861339872529210444e-04
2.715074562165540417e-07
5.073306388781102013e-04
1.620552850389737122e-07
1.698296494266552645e-05
8.357772462272705592e-08
4.677896158579818159e-06
3.110301842585151927e-04
2.006636971903598970e-07
1.742580293726443696e-04
2.715074562165540417e-07
2.490712902558544342e-05
1.620552850389737122e-07
1.652863703992482088e-06
2.646025641178530512e-07
8.357772462272705592e-08
4.677896158579818159e-06
8.398126913977731287e-05
2.006636971903598970e-07
3.025989247103810130e-05
2.715074562165540417e-07
5.312136092703325339e-04
4.675839021229388900e-05
1.698296494266552645e-05
2.718757789464041283e-06
8.357772462272705592e-08
5.218772272703089771e-07
2.006636971903598970e-07
3.025989247103810130e-05
5.530306246095872498e-06
1.434330021609503674e-04
8.724343445675471927e-06
1.652863703992482088e-06
2.646025641178530512e-07
3.911297781534432720e-07
8.357772462272705592e-08
4.677896158579818159e-06
2.006636971903598970e-07
1.742580293726443696e-04
2.715074562165540417e-07
2.490712902558544342e-05
3.366700345365121867e-05
2.646025641178530512e-07
8.357772462272705592e-08
4.677896158579818159e-06
5.218772272703089771e-07
2.662317208542151130e-07
2.061794040498943360e-06
3.025989247103810130e-05
2.715074562165540417e-07
2.490712902558544342e-05
1.702385705927595439e-06
5.218772272703089771e-07
5.140170131608416144e-08
8.151681064253883034e-06
1.885483185921902520e-03
8.923852636133196506e-07
2.006636971903598970e-07
3.025989247103810130e-05
2.715074562165540417e-07
2.490712902558544342e-05
9.518367331013599509e-06
8.357772462272705592e-08
4.677896158579818159e-06
5.218772272703089771e-07
7.526928607549671070e-08
5.281459622688091262e-07
9.790692832409769937e-07
3.109165575806146576e-04
2.715074562165540417e-07
1.665097501955049012e-06
9.518367331013599509e-06
2.525219086556274966e-05
4.677896158579818159e-06
5.218772272703089771e-07
4.918895347123125122e-07
1.937310061872105083e-02
2.006636971903598970e-07
6.453761324383616238e-04
8.838810565306993278e-05
2.715074562165540417e-07
1.434330021609503674e-04
1.620552850389737122e-07
1.846590426021076548e-04
1.291036926070480888e-06
1.769329122723569466e-05
8.357772462272705592e-08
9.790692832409769937e-07
2.715074562165540417e-07
1.912125661640415308e-01
1.620552850389737122e-07
9.518367331013599509e-06
2.646025641178530512e-07
9.528356497052415590e-05
5.140170131608416144e-08
8.541657723702612032e-08
1.885483185921902520e-03
8.398126913977731287e-05
1.742580293726443696e-04
2.715074562165540417e-07
2.490712902558544342e-05
8.724343445675471927e-06
1.620552850389737122e-07
1.652863703992482088e-06
2.646025641178530512e-07
8.357772462272705592e-08
4.677896158579818159e-06
1.498419739481285037e-04
2.006636971903598970e-07
3.025989247103810130e-05
1.563533457196276876e-06
2.490712902558544342e-05
1.620552850389737122e-07
1.652863703992482088e-06
2.646025641178530512e-07
4.806478977951524382e-05
1.063006125093366147e-05
4.279709906487440371e-06
6.453761324383616238e-04
2.490712902558544342e-05
1.620552850389737122e-07
9.518367331013599509e-06
2.646025641178530512e-07
4.677896158579818159e-06
5.218772272703089771e-07
1.046995739305097238e-06
8.776444985963870312e-07
1.498419739481285037e-04
2.006636971903598970e-07
3.025989247103810130e-05
8.838810565306993278e-05
2.715074562165540417e-07
1.434330021609503674e-04
1.620552850389737122e-07
1.652863703992482088e-06
5.643383585589849288e-06
8.357772462272705592e-08
8.126167031821299831e-05
2.061794040498943360e-06
3.109165575806146576e-04
2.715074562165540417e-07
2.490712902558544342e-05
1.620552850389737122e-07
1.698296494266552645e-05
2.646025641178530512e-07
8.357772462272705592e-08
4.677896158579818159e-06
8.557023565616851126e-05
3.110301842585151927e-04
2.006636971903598970e-07
3.025989247103810130e-05
1.434330021609503674e-04
1.665097501955049012e-06
1.652863703992482088e-06
8.357772462272705592e-08
4.677896158579818159e-06
5.830447417457642397e-05
8.557023565616851126e-05
2.006636971903598970e-07
3.025989247103810130e-05
2.715074562165540417e-07
1.434330021609503674e-04
1.652863703992482088e-06
2.646025641178530512e-07
8.357772462272705592e-08
5.218772272703089771e-07
2.787647788233772862e-07
2.970464975606308547e-04
2.006636971903598970e-07
1.861339872529210444e-04
2.715074562165540417e-07
2.490712902558544342e-05
1.620552850389737122e-07
2.646025641178530512e-07
4.677896158579818159e-06
5.218772272703089771e-07
1.460245630441063548e-06
2.006636971903598970e-07
3.025989247103810130e-05
8.838810565306993278e-05
2.715074562165540417e-07
2.490712902558544342e-05
1.556624300502785317e-05
1.620552850389737122e-07
1.652863703992482088e-06
2.646025641178530512e-07
5.140170131608416144e-08
8.398126913977731287e-05
2.006636971903598970e-07
3.025989247103810130e-05
2.715074562165540417e-07
2.490712902558544342e-05
8.724343445675471927e-06
1.620552850389737122e-07
1.652863703992482088e-06
1.291036926070480888e-06
8.118764306334255927e-07
2.006636971903598970e-07
2.490712902558544342e-05
1.620552850389737122e-07
1.652863703992482088e-06
5.218772272703089771e-07
1.046995739305097238e-06
8.776444985963870312e-07
1.885483185921902520e-03
1.772093902363066514e-04
8.923852636133196506e-07
2.006636971903598970e-07
3.025989247103810130e-05
2.715074562165540417e-07
2.490712902558544342e-05
1.620552850389737122e-07
1.652863703992482088e-06
2.646025641178530512e-07
8.357772462272705592e-08
4.677896158579818159e-06
1.063006125093366147e-05
3.025989247103810130e-05
2.715074562165540417e-07
1.434330021609503674e-04
8.724343445675471927e-06
1.620552850389737122e-07
1.652863703992482088e-06
3.884675601700126089e-05
4.677896158579818159e-06
5.218772272703089771e-07
8.541657723702612032e-08
2.006636971903598970e-07
1.742580293726443696e-04
2.715074562165540417e-07
2.490712902558544342e-05
1.620552850389737122e-07
1.229867323638837891e-04
8.357772462272705592e-08
4.677896158579818159e-06
8.541657723702612032e-08
1.885483185921902520e-03
2.006636971903598970e-07
3.025989247103810130e-05
1.673842644717387154e-03
1.563533457196276876e-06
2.490712902558544342e-05
1.620552850389737122e-07
2.646025641178530512e-07
1.702385705927595439e-06
4.677896158579818159e-06
5.218772272703089771e-07
2.006636971903598970e-07
3.025989247103810130e-05
2.715074562165540417e-07
5.312136092703325339e-04
1.556624300502785317e-05
1.665097501955049012e-06
1.652863703992482088e-06
8.357772462272705592e-08
9.528356497052415590e-05
5.218772272703089771e-07
3.110301842585151927e-04
2.006636971903598970e-07
5.790649561111430344e-06
2.490712902558544342e-05
1.652863703992482088e-06
1.291036926070480888e-06
8.357772462272705592e-08
4.677896158579818159e-06
5.218772272703089771e-07
7.526928607549671070e-08
3.110301842585151927e-04
2.006636971903598970e-07
6.163605024019246830e-04
2.715074562165540417e-07
2.490712902558544342e-05
1.620552850389737122e-07
1.652863703992482088e-06
2.646025641178530512e-07
8.357772462272705592e-08
4.677896158579818159e-06
2.006636971903598970e-07
3.025989247103810130e-05
2.715074562165540417e-07
5.312136092703325339e-04
8.724343445675471927e-06
1.620552850389737122e-07
1.652863703992482088e-06
2.646025641178530512e-07
2.825549892130152990e-05
8.357772462272705592e-08
8.398126913977731287e-05
2.006636971903598970e-07
1.742580293726443696e-04
8.838810565306993278e-05
2.715074562165540417e-07
1.434330021609503674e-04
1.652863703992482088e-06
1.291036926070480888e-06
4.677896158579818159e-06
5.218772272703089771e-07
3.025989247103810130e-05
2.715074562165540417e-07
2.490712902558544342e-05
3.456278432510074724e-06
1.652863703992482088e-06
2.646025641178530512e-07
8.357772462272705592e-08
4.677896158579818159e-06
1.113047935830892167e-05
1.885483185921902520e-03
3.266250736782091340e-04
2.061794040498943360e-06
3.025989247103810130e-05
2.715074562165540417e-07
2.490712902558544342e-05
8.724343445675471927e-06
1.620552850389737122e-07
7.209739853095730507e-04
2.646025641178530512e-07
8.549193489675248123e-07
2.354850798611112656e-02
2.006636971903598970e-07
3.025989247103810130e-05
2.789704680101169386e-06
1.434330021609503674e-04
1.620552850389737122e-07
2.646025641178530512e-07
4.677896158579818159e-06
5.218772272703089771e-07
5.140170131608416144e-08
2.006636971903598970e-07
3.109165575806146576e-04
2.789704680101169386e-06
2.490712902558544342e-05
1.652863703992482088e-06
2.646025641178530512e-07
8.357772462272705592e-08
4.677896158579818159e-06
5.362222325831555616e-06
5.140170131608416144e-08
2.006636971903598970e-07
3.025989247103810130e-05
2.715074562165540417e-07
2.490712902558544342e-05
8.724343445675471927e-06
1.620552850389737122e-07
1.652863703992482088e-06
8.587505211874880107e-07
4.677896158579818159e-06
5.140170131608416144e-08
2.006636971903598970e-07
3.025989247103810130e-05
1.673842644717387154e-03
2.789704680101169386e-06
1.434330021609503674e-04
9.055022983125754661e-04
1.652863703992482088e-06
5.389661239750640535e-06
8.357772462272705592e-08
4.677896158579818159e-06
3.025989247103810130e-05
1.563533457196276876e-06
2.490712902558544342e-05
1.620552850389737122e-07
3.366700345365121867e-05
2.646025641178530512e-07
8.357772462272705592e-08
4.677896158579818159e-06
8.541657723702612032e-08
1.885483185921902520e-03
3.110301842585151927e-04
2.061794040498943360e-06
3.025989247103810130e-05
5.530306246095872498e-06
2.490712902558544342e-05
1.620552850389737122e-07
1.652863703992482088e-06
2.646025641178530512e-07
7.526928607549671070e-08
5.140170131608416144e-08
2.006636971903598970e-07
6.795635116276341377e-04
1.563533457196276876e-06
2.490712902558544342e-05
8.724343445675471927e-06
1.652863703992482088e-06
2.718757789464041283e-06
8.357772462272705592e-08
5.218772272703089771e-07
5.140170131608416144e-08
2.006636971903598970e-07
3.025989247103810130e-05
1.861339872529210444e-04
2.715074562165540417e-07
2.490712902558544342e-05
1.556624300502785317e-05
1.620552850389737122e-07
1.652863703992482088e-06
2.646025641178530512e-07
1.702385705927595439e-06
4.506083785912859146e-06
6.795635116276341377e-04
2.715074562165540417e-07
2.490712902558544342e-05
1.620552850389737122e-07
1.652863703992482088e-06
1.291036926070480888e-06
4.677896158579818159e-06
2.935415019585854514e-07
5.140170131608416144e-08
3.914864120287706115e-05
2.006636971903598970e-07
3.970586317817393837e-04
2.715074562165540417e-07
5.312136092703325339e-04
1.620552850389737122e-07
9.518367331013599509e-06
2.646025641178530512e-07
8.357772462272705592e-08
4.677896158579818159e-06
2.006636971903598970e-07
3.025989247103810130e-05
2.715074562165540417e-07
2.490712902558544342e-05
1.556624300502785317e-05
1.698296494266552645e-05
1.291036926070480888e-06
1.702385705927595439e-06
4.677896158579818159e-06
5.281459622688091262e-07
2.006636971903598970e-07
3.025989247103810130e-05
8.838810565306993278e-05
2.715074562165540417e-07
1.665097501955049012e-06
2.331567526417698162e-03
5.389661239750640535e-06
3.911297781534432720e-07
8.587505211874880107e-07
5.218772272703089771e-07
1.498419739481285037e-04
2.006636971903598970e-07
3.025989247103810130e-05
8.838810565306993278e-05
2.715074562165540417e-07
1.434330021609503674e-04
1.620552850389737122e-07
9.518367331013599509e-06
2.646025641178530512e-07
8.357772462272705592e-08
2.006636971903598970e-07
2.715074562165540417e-07
1.434330021609503674e-04
1.620552850389737122e-07
2.646025641178530512e-07
8.357772462272705592e-08
4.677896158579818159e-06
5.140170131608416144e-08
8.541657723702612032e-08
5.010080784323481658e-05
2.006636971903598970e-07
3.025989247103810130e-05
1.563533457196276876e-06
1.434330021609503674e-04
1.620552850389737122e-07
2.646025641178530512e-07
5.218772272703089771e-07
5.140170131608416144e-08
8.541657723702612032e-08
2.450629784155853599e-04
1.391752564525726519e-03
2.715074562165540417e-07
2.490712902558544342e-05
1.620552850389737122e-07
1.652863703992482088e-06
2.646025641178530512e-07
4.677896158579818159e-06
7.526928607549671070e-08
4.918895347123125122e-07
1.855516552118606510e-04
2.241828295863157016e-05
3.025989247103810130e-05
2.490712902558544342e-05
1.652863703992482088e-06
2.646025641178530512e-07
1.702385705927595439e-06
4.677896158579818159e-06
5.218772272703089771e-07
8.541657723702612032e-08
3.840520472370483746e-02
1.498419739481285037e-04
2.006636971903598970e-07
3.025989247103810130e-05
2.715074562165540417e-07
1.434330021609503674e-04
1.620552850389737122e-07
1.652863703992482088e-06
2.646025641178530512e-07
1.769329122723569466e-05
8.357772462272705592e-08
8.398126913977731287e-05
2.006636971903598970e-07
6.163605024019246830e-04
2.715074562165540417e-07
2.490712902558544342e-05
1.556624300502785317e-05
1.698296494266552645e-05
2.646025641178530512e-07
8.357772462272705592e-08
4.806478977951524382e-05
9.790692832409769937e-07
6.453761324383616238e-04
2.715074562165540417e-07
2.490712902558544342e-05
1.620552850389737122e-07
1.652863703992482088e-06
4.677896158579818159e-06
5.218772272703089771e-07
5.140170131608416144e-08
8.541657723702612032e-08
