9.712632123513150406e-05
1.082141800736961389e-04
8.998470805657640599e-07
1.173462609445751360e-04
1.172730653723490069e-05
3.973509612993657205e-04
6.219136669369216305e-05
1.702635506749680498e-03
1.210254232841688757e-05
1.052887115411718123e-03
5.305480277643774296e-05
3.778600600561319873e-04
6.832257261633481536e-05
3.577444338183034193e-05
4.577576400445798784e-04
2.344066830240512363e-04
9.314480605088302362e-05
5.506744615121805103e-03
1.618491556914083011e-05
8.255315504951239941e-04
1.497842948194827006e-03
4.843795000900608387e-04
7.545160196007742617e-05
7.578092716664223507e-06
1.709403122275030885e-04
1.880003907528296318e-03
6.204702858120273660e-05
7.413093180170417912e-05
7.788842232332549931e-04
4.307877446730049758e-04
4.338889639248430519e-04
2.110054812719743027e-05
2.273751896918194869e-05
4.265837077794410451e-05
8.960721299793856891e-04
6.056155816459742753e-06
6.264102527458868496e-06
1.763186776666462563e-04
5.914170750549372062e-04
2.791684587859344894e-05
4.927096969204535588e-04
1.053262803810501354e-03
2.495175873966934836e-05
2.358475644313946882e-03
1.515824868899964625e-06
2.326375336713334182e-03
6.483300031122554838e-04
7.591899447398536881e-04
6.952210698591877572e-06
5.800104601320122362e-06
1.941639193371924642e-04
1.982931540585970362e-04
1.063322427035846986e-04
8.219984479468201528e-04
8.955921067529309986e-04
3.973509612993657205e-04
1.018635026372938441e-04
5.455555327044222169e-04
1.835155582022620355e-04
1.697823551233420912e-05
1.978109858094737983e-04
2.110054812719743027e-05
8.101084843595326014e-05
3.830248009776704042e-04
8.575573826611366599e-06
3.721046030027927453e-06
2.238372303120533151e-04
2.392226242837543107e-04
1.925165392196904351e-04
1.612207403775116636e-04
1.274966769027459194e-02
1.871443560650722386e-04
2.806358616292188189e-04
3.400315413237044518e-03
4.682781807829556296e-03
1.755074318081748137e-04
4.229778053787940366e-04
2.957210679661616617e-02
1.447024323797036806e-04
5.648117472753073312e-07
7.005092626082748452e-04
3.408192851618684202e-04
4.840911290328566352e-04
8.882118079855162187e-05
7.867590030928913337e-04
1.828707412769622030e-03
1.462065264795959921e-03
3.478814118948518564e-04
1.404615686866864962e-06
4.732886478347202348e-05
4.948101051441265198e-03
1.222122778394136872e-03
3.117580439114081255e-04
4.771420429499773216e-05
2.875277535243933203e-05
1.988936576772936283e-04
3.531723138700925812e-04
4.416491380937987788e-04
1.664659590032732567e-05
1.879762264804845094e-07
7.329582567299282217e-05
4.487449750207522315e-04
7.981205585051703161e-04
4.026921871614565570e-07
1.406920389997585794e-05
3.604614701245087839e-04
1.359141876418854011e-04
1.877258252340496835e-04
5.057144145481763751e-04
1.573688527676931386e-05
1.693944912873354236e-04
4.772175428247982893e-04
3.326149871028022447e-05
9.181533513881656109e-05
7.398733590220055341e-04
1.365631921151452171e-04
1.786532473027305386e-04
1.684319034340949105e-06
1.581652446746373701e-05
1.219171432639830218e-05
2.586923062993186817e-04
9.480480051960986517e-05
4.476162287316663301e-04
1.457540253039500818e-03
2.558639392551840998e-04
2.295375925488907812e-05
5.621733108628346187e-04
1.899785416798691236e-03
1.581652446746373701e-05
6.972458439920199182e-04
7.073002687487627536e-05
3.584954649829993315e-04
5.405410127130724166e-04
1.390875283107974043e-04
2.372502703253532956e-04
4.184466441065633031e-07
2.683600947768340373e-05
4.083970804230754393e-05
9.948858123035283552e-06
2.032130094660538502e-05
9.885965082262823320e-03
3.516192373441169713e-04
7.486478753164885517e-05
1.564728279206527729e-04
5.576537183047620388e-07
1.575906996739189143e-04
4.026921871614565570e-07
2.563002214315512374e-03
2.527989119219686658e-03
1.475436254092668178e-05
1.732175551503602643e-05
9.836325550092873661e-06
3.074245748518405433e-04
5.746652198925682664e-05
2.536285843983347490e-05
5.642411642733410312e-05
1.104617581886234521e-03
1.835155582022620355e-04
9.734615362515613066e-06
1.722848301974979387e-04
5.497571890080136690e-04
9.778932605402866889e-04
1.314043781077192381e-04
1.099951184701786878e-05
1.517321461747966763e-04
9.006568035786428406e-05
1.183775056052146460e-05
1.619221483621284628e-04
4.198789785783189573e-04
7.469654388585075192e-04
2.399643681203593584e-05
1.216354819651393514e-05
3.709902222841219600e-04
2.197984080428249504e-04
1.077472172288103489e-04
8.763656613930734902e-05
1.422943623693053285e-04
2.178678066557172182e-05
7.680308819296962144e-03
2.442336904059607045e-04
1.444404255133868272e-05
2.269366599647335892e-04
2.495175873966934836e-05
6.939741709784468786e-06
1.627214009231658584e-02
2.956314707511853432e-05
1.491957057288418502e-03
6.579928586179203997e-04
7.204775101152431443e-05
2.274680625036103177e-04
4.793516644264416392e-04
1.201895191709915579e-05
8.932092482222524915e-04
6.676358401255411568e-04
6.955600469124695296e-05
1.271188237856997866e-06
1.615646724476833723e-05
1.539323068438896145e-04
1.712759418857450139e-03
6.450274953051252675e-07
1.151547896884848261e-04
3.678706367518124913e-05
2.897159237951420251e-06
3.899263867437358522e-04
1.269404354161204505e-04
1.821513734330626824e-04
3.410282014665242105e-05
7.204775101152431443e-05
4.405686830158003992e-04
2.690248718791001989e-04
4.904969112832818952e-05
2.254299792468077732e-04
2.173663863261726149e-03
1.342396005489322145e-03
1.821513734330626824e-04
1.812242067573373370e-04
1.584816251084349817e-05
4.080462949649898280e-02
1.919439195057129069e-07
5.870108169331832160e-04
1.799994684251038065e-03
3.202655437128420400e-05
6.590616804132461831e-05
1.323597765083465256e-04
2.490604175150579582e-04
1.588691174210845334e-04
3.538051907465252014e-05
7.369787823239800154e-05
4.088744445090971015e-06
1.700975243219179282e-06
1.445572305959943852e-04
5.517720475281581418e-05
1.019131103909351742e-04
4.196877164244436635e-04
1.394904454096670835e-04
6.955600469124695296e-05
4.200159245254044986e-05
1.890977381459480334e-04
4.015228491385518808e-05
8.983401522113520512e-05
8.210983512042214442e-04
6.665199816862227289e-04
3.655885823930644083e-04
8.678456620317643051e-06
5.376056724908861387e-04
2.175400113697930338e-05
3.117580439114081255e-04
1.549343686839426326e-04
2.816297934216723670e-04
3.611410227095007062e-05
4.743992405489139271e-05
5.089708093514830202e-06
1.911942571561475312e-04
2.776896496959807559e-03
1.150176875286281897e-05
8.719387515697933242e-04
1.844363538206680842e-04
2.899958404471991645e-05
7.310112753435458674e-04
6.747949030745763459e-05
1.147109654648623855e-05
4.909570727426392596e-05
2.563002214315512374e-03
5.525731067456042360e-03
1.056568745199152302e-05
2.185649516039618384e-04
3.352184204306634974e-05
3.449277043300523902e-06
4.467779514375432612e-04
1.854924275925194825e-05
1.580457463725642802e-04
3.134368125076359917e-06
2.376169546661372769e-04
3.270874189528644085e-03
1.979803763259098859e-05
7.591899447398536881e-04
3.249076177258851850e-04
3.551078354802944687e-06
1.395279959077547735e-05
1.040841957267705610e-07
7.964649997751635459e-05
5.518535704135713472e-04
1.861120448466779516e-03
2.200095237151189747e-03
2.040810087325880032e-04
6.692399033309211209e-03
1.555806729500121624e-03
2.007594720545693122e-03
4.658068843485339291e-05
1.408369319070386567e-04
2.260762009698919547e-03
7.603672637563765955e-06
5.065169526682070577e-04
2.231718290588004608e-04
8.848978739798490716e-05
4.461312638946178348e-03
1.811528482504371276e-02
1.833438433924441835e-05
2.107968901396696211e-04
1.669699733062195366e-06
2.143777910813008866e-04
3.543859128300107622e-06
6.468687670960507027e-05
1.532134188020937854e-05
1.732780015580676763e-02
2.668028496875205499e-04
7.336354615626380503e-05
1.581652446746373701e-05
1.839664168458424913e-04
1.420796457637816743e-04
4.253019356302188084e-04
2.994229126275421704e-03
1.811605005316087617e-05
3.631725376328712179e-05
1.363568904475356868e-04
7.818583016862114612e-04
1.878874501254744630e-05
1.712224454612239262e-05
1.558987118637819797e-03
1.833438433924441835e-05
7.537189451096045466e-05
2.936094408640372133e-07
1.768341051608371319e-04
6.258786145369603143e-05
3.601103359101391621e-02
1.833438433924441835e-05
1.006473182941389472e-05
1.741405742199864367e-05
6.952746382309185928e-05
3.391426638901929528e-03
9.520536132584727447e-05
1.547927583901767535e-05
4.596615035372732814e-04
1.701712281359875800e-04
1.656247732764445165e-04
8.719479697012181999e-05
1.157325520448124060e-04
1.500078579117736641e-05
8.940150410486782755e-05
8.125659066573712880e-05
4.037666103816198100e-05
5.691591556955021485e-05
3.543859128300107622e-06
7.175744634731549398e-04
1.288507070211485885e-05
7.691133987285989326e-06
4.156488918599186963e-05
3.055139834244959040e-04
1.049685124316974592e-04
4.198191979654589644e-03
4.037666103816198100e-05
7.138424897806799857e-06
9.036180948410978868e-04
1.237389650473353384e-04
3.627405288716980088e-05
2.895703420797863907e-03
1.515824868899964625e-06
9.614060544138408821e-04
4.074610252331397633e-04
1.952279537786685533e-03
3.300177092939950607e-04
4.332351812300674334e-04
2.897159237951420251e-06
2.963774617092451824e-05
1.682852890025026533e-05
5.189179883077641104e-04
2.180304004213290837e-03
1.427597809782149389e-04
2.668270490208810757e-04
1.638596675806531155e-03
4.446484239015210515e-04
4.611340984658505245e-04
1.138936997090169693e-06
6.479113706044812779e-04
3.075448609512326185e-03
2.899417700435751838e-05
4.258205512715276526e-04
2.168007203302274775e-05
2.248288617407784220e-04
4.860088758598844153e-04
1.078352427314770894e-04
8.239073532842819533e-05
3.326149871028022447e-05
8.054748841809553734e-04
1.234859511308779648e-02
2.751334422909967026e-06
2.242713992639506311e-04
2.093971245582608096e-03
1.403218106590536658e-04
3.554058535794156351e-05
3.918677295230265495e-05
2.221050256603370084e-03
2.776896496959807559e-03
1.531886740144164209e-04
2.542886828517525481e-04
1.599298689684706590e-05
1.834296663806297219e-04
2.358475644313946882e-03
2.335407190644375568e-03
2.472688110555978772e-04
7.493403700336557019e-03
3.885059687821114903e-03
3.288148508007439027e-04
4.636460131850435318e-03
1.572720430927952365e-05
2.544706145079982194e-03
4.936816128357670967e-05
2.800734440702840330e-07
3.630154455967891895e-06
3.694729622005496266e-04
1.933099887465386253e-04
3.858441474403784700e-04
2.420818414985613076e-03
6.479113706044812779e-04
5.723425634067690363e-06
6.399002644667807190e-04
7.733959825852878577e-06
4.561935849914043652e-06
5.152971332835655499e-05
1.624149927104597815e-03
7.688343417278758194e-05
4.025279765686217895e-05
3.478314143582967086e-05
6.237424403071295076e-05
1.218592116440260671e-02
4.193241119862682392e-04
1.979803763259098859e-05
1.977464998949163096e-06
5.542646267952481415e-05
3.013581101784635193e-06
1.339153338560787089e-04
5.731801152320317727e-04
4.805235406045972276e-04
1.288507070211485885e-05
6.642077312237828137e-08
1.123761642400144341e-04
4.506386082645634641e-05
9.532199008374429936e-04
2.872965928859728610e-03
1.548936722005620544e-04
1.842354131672758037e-05
4.805235406045972276e-04
3.940771640762146932e-04
1.146206538849894321e-05
2.188570377324946346e-05
2.178678066557172182e-05
1.296676896138543604e-05
2.998128910692010189e-05
1.142818466899658049e-04
2.427222695867406379e-04
1.638483759380318514e-05
2.255454504513373188e-04
2.946257680323333128e-03
2.816297934216723670e-04
1.020425991321297588e-05
6.711521684717596014e-04
1.684246048123424464e-05
3.098899324997373534e-04
2.013630013207321282e-04
2.874536988754136635e-04
1.307532624867912001e-04
2.495175873966934836e-05
3.134368125076359917e-06
6.239637389977660867e-05
2.398715024479845283e-03
2.828409425656598771e-05
2.421776865662918785e-04
4.365719901989605946e-03
4.651146785457409500e-05
2.017145410813606386e-05
1.643615564242876479e-05
5.822778012292282099e-05
2.009340549677536740e-05
6.270259314723327523e-06
7.549629634168156440e-05
1.532134188020937854e-05
1.141722913886151315e-04
1.170308977849938246e-05
2.721682066007414589e-05
2.274680625036103177e-04
1.501543435867407636e-04
2.775922677040689357e-04
3.681995920145379405e-05
2.399489101360177532e-05
2.572677357172443917e-05
3.465536680199276540e-06
2.922831578913527090e-05
1.590477517625302076e-04
3.128051874265100855e-06
1.071068114028273692e-03
1.983755562219301825e-06
9.893380112099366145e-07
9.298002339112666260e-05
4.904969112832818952e-05
1.804497000969415804e-04
4.334940325345315267e-04
1.834685162299291156e-03
2.247770620358757645e-04
1.284159514857680464e-04
1.300496216235326788e-04
7.063259928186394181e-04
8.513843063535455851e-06
5.585310642675665521e-04
6.172086125105661963e-04
1.981943403807849796e-04
9.460189058187344949e-05
1.351172009219441222e-04
4.762986739053780608e-04
1.446191068759560482e-04
2.299227572777645627e-05
3.839256841576736539e-06
2.124460039686651980e-05
5.954023257166946937e-04
3.267540304869504030e-05
7.458601195216814968e-04
2.654427988690508913e-04
9.283115420029544227e-05
1.446364688307672473e-04
2.701937761807980264e-04
7.958761637868710638e-06
4.137100450273461854e-04
2.739947011607361403e-04
9.893380112099366145e-07
3.580516462629522532e-03
4.569651680261382367e-04
4.967962636162171581e-04
1.665449886864230381e-04
1.359738739513401237e-04
1.043130991922422112e-05
5.333881095711857662e-04
1.203477188242106904e-03
1.792451628596739303e-04
1.787479288711333074e-03
5.464970203409907147e-05
1.291531426835445953e-03
2.677327642930419992e-05
1.674014503345796828e-03
4.244500069285710967e-04
2.123291365671133574e-05
2.433279230456562088e-05
3.423572284129844921e-04
4.736863227919036845e-04
1.299934951751808447e-05
1.138895063819866721e-03
8.768017554038697427e-04
1.072676262711554199e-04
4.640159442105382830e-04
1.598644423186648678e-02
1.515824868899964625e-06
2.568814077781542160e-04
8.549856919027792662e-04
1.343224150821411200e-03
2.055943255018185772e-06
4.895363102505573922e-05
3.404861357470623327e-04
7.177783968876657152e-05
8.748907545742026217e-06
1.506722334849632226e-05
4.129510744169092445e-02
2.023549393215255416e-03
3.355045316522411981e-04
4.852559412221248993e-04
2.110054812719743027e-05
6.071940258281210284e-03
1.072676262711554199e-04
2.899597452343748139e-05
9.170311749303440080e-07
1.762636089156238857e-04
2.921525246260314236e-04
7.705084492721723530e-07
2.459012732881518063e-03
3.177399834249460767e-03
6.934670425507723027e-06
4.220305166282769388e-04
3.352713753789054725e-04
1.791025513113091801e-04
4.026921871614565570e-07
1.087937573498671921e-03
2.597377673142447257e-05
2.549085291728065458e-05
6.285949540991261268e-05
1.998914351600605203e-04
2.913834545702575087e-06
3.262087490954440589e-05
6.086557040106640483e-04
3.428302447560094127e-06
6.642077312237828137e-08
1.601685024362192118e-05
1.018700254459859068e-04
5.646582101680465405e-05
1.247138628910348399e-04
3.869479656697880577e-07
4.684333564014219034e-05
1.500078579117736641e-05
1.700554551169339778e-04
5.576537183047620388e-07
1.605237824620721397e-04
6.950985697458565639e-05
2.156734723693519602e-04
1.945095643469542753e-06
1.171376890121133825e-05
2.009340549677536740e-05
3.784188619170957414e-04
2.642700364628167094e-05
2.587183992862914883e-04
1.091650455120012646e-05
3.733843696144845906e-03
8.981898287899617653e-03
3.574896424384647501e-05
4.873797929134806120e-04
2.142743161093315770e-05
2.263430829127927046e-04
1.124331981209015805e-05
6.070686995491029504e-03
2.495175873966934836e-05
1.303189491094996328e-04
1.288999120260618774e-04
3.458675808799541098e-05
2.123291365671133574e-05
9.128469498912305678e-05
9.268917230450711897e-04
5.560720376348095158e-06
2.035149354398945631e-06
2.340136549221465546e-04
1.388933625109067772e-04
6.679124667808479334e-06
3.723473609523274394e-05
1.103718637579458283e-04
4.830631510165246363e-04
1.028260883356676223e-05
5.101756520147692972e-04
2.775739038881976138e-04
9.948289645556346197e-06
1.158196661216860353e-03
4.205017799093003811e-05
2.018234230409990772e-04
1.068297727428919180e-02
9.576991092958222367e-06
1.229361032532872225e-03
2.459850186707425614e-05
2.434658024437079231e-03
1.001164035204229422e-03
7.703568105625956217e-05
2.971193903146072737e-05
5.143863478297320624e-05
2.906264314579854743e-05
2.619803801778391024e-05
1.384947895779553649e-04
6.891407073572049130e-06
3.695269879598177439e-03
2.248852111526666940e-04
1.171376890121133825e-05
1.396072241961623472e-04
2.345810203935377793e-04
1.494631429040824056e-05
1.878874501254744630e-05
9.898477227207648781e-05
2.392226242837543107e-04
1.040841957267705610e-07
1.623466395821848419e-05
1.607413909806268979e-03
5.129973807605404148e-05
4.858762536310134139e-07
4.925041087467203142e-05
5.905248853530944801e-04
3.112242442468223392e-04
1.829525984127913240e-05
4.074610252331397633e-04
7.541864692422455125e-06
1.126292739884779851e-06
4.043109348160835474e-04
1.871443560650722386e-04
4.037666103816198100e-05
4.843353199320110089e-05
7.138424897806799857e-06
1.027484549269299887e-04
3.313494257591992603e-04
1.528393916041845976e-05
6.270259314723327523e-06
3.409407995038401735e-06
4.546884247127024742e-04
5.949553926155697059e-05
4.414537359809037945e-06
2.065045529288388020e-03
1.661773406807975288e-04
1.879762264804845094e-07
6.642077312237828137e-08
2.308377759769747895e-03
1.581652446746373701e-05
1.560375357997694987e-05
6.658131251358469223e-06
1.865318860749884812e-04
1.284660209565816438e-04
7.649401431827402729e-06
2.690148437579319683e-05
1.536546794413277961e-03
6.346544614744402604e-06
2.060583860548484875e-05
1.577413758041162775e-03
3.124855392469065992e-06
3.855349643136522168e-05
4.292892692963643989e-05
3.180494144063769342e-04
1.240252288868902008e-04
3.256248540262671296e-04
2.509855233032190730e-04
2.651294485456859475e-05
8.202720213341754135e-03
1.241867799435832217e-03
1.648463291061166944e-05
1.537157587055087255e-04
1.799994684251038065e-03
1.835155582022620355e-04
9.855529346734984825e-05
5.099465432018954071e-06
1.157912869334526683e-04
9.681835873020372537e-05
6.786734389010600495e-06
2.175919380302037330e-06
2.659497050575480685e-03
1.590741666768297701e-04
6.624092363601914030e-03
1.948089588463880668e-04
3.784188619170957414e-04
2.564246068711864383e-05
6.844237408789707790e-04
5.633892427432178563e-04
4.312811879386457112e-06
5.321967736870980830e-05
6.161606333361936390e-04
4.037666103816198100e-05
6.603697026743135707e-05
1.140744136095312496e-03
7.486478753164885517e-05
9.855529346734984825e-05
1.674014503345796828e-03
1.181442268238669831e-05
7.443024655717439889e-04
8.335384250641888446e-06
4.706348025127750550e-06
5.778317324190238312e-05
9.181533513881656109e-05
1.645667638251180399e-05
1.739125082608492586e-04
2.318104026164804024e-05
2.868461549497929464e-03
4.820268828995237097e-04
1.468650740990960595e-03
9.002672806199281787e-04
1.105690049114397763e-03
2.319515029809889051e-02
2.645625162937378840e-04
1.515996988475217834e-02
1.049859612120338485e-04
3.847252864463875381e-04
1.617774918561237481e-03
2.962780608498066640e-04
2.616397805339917490e-05
1.581652446746373701e-05
4.432984642621349209e-06
5.971961540086407260e-04
1.646399625993397360e-04
5.813794643802793558e-06
1.002202116573356434e-03
2.226850871620436890e-05
8.888099062942356406e-07
2.673256859680461523e-04
6.847319898744473306e-05
1.526746005434785212e-04
1.699439242079794771e-05
2.413598879515508472e-03
5.264696409996862494e-05
8.921085629157832859e-04
1.515824868899964625e-06
7.591899447398536881e-04
2.668270490208810757e-04
3.978367185703688335e-04
2.549085291728065458e-05
2.033804303461359941e-03
5.505156075212467461e-06
1.202054266602291249e-04
1.565019994252169744e-05
1.185270842601120374e-03
5.517720475281581418e-05
3.279911252071083643e-05
4.196877164244436635e-04
6.642077312237828137e-08
7.906459708304521453e-06
8.419972420520178697e-05
4.212236007994019706e-05
3.738505332227806070e-04
1.497878752925533599e-05
3.602651476692801452e-04
1.145565200001848498e-03
1.880837189816030085e-04
1.323110341684082675e-03
6.043589255337222105e-03
1.880003907528296318e-03
4.643942035555610238e-05
1.315574186100198855e-04
4.743992405489139271e-05
6.034186796808733222e-06
4.582023992471299597e-05
6.832257261633481536e-05
2.899597452343748139e-05
1.224607152386272119e-04
1.486966751480127739e-04
5.657927839141112161e-04
8.249262034257549424e-05
4.137212062772998092e-03
1.915638554964940754e-05
5.285532068617610846e-04
2.121954926185864296e-05
6.141792336409958386e-06
2.824617724943175555e-04
1.878874501254744630e-05
9.297471613372353745e-05
2.820747453714555803e-04
1.811538619207860457e-03
1.320542760176694611e-04
3.151386283241257107e-04
5.129973807605404148e-05
6.917060370148304038e-05
1.347302569705446096e-01
2.823666165434742469e-04
8.299813660347265436e-04
9.424720114407829710e-04
4.730944630864978261e-03
6.161606333361936390e-04
3.322117588802834046e-03
1.978109858094737983e-04
9.712632123513150406e-05
1.018517558377769186e-03
1.051712596279403460e-03
2.818403064938344339e-03
2.036914545509715545e-04
1.159141949202730935e-04
1.773665707242719352e-05
9.366927056637524033e-04
7.204775101152431443e-05
4.037666103816198100e-05
1.912749325171129720e-05
6.983617905819801072e-05
8.233884898108841653e-05
1.285870287114761429e-04
1.826417552486359498e-03
8.421181900352085268e-06
2.413485399254998247e-04
1.131049975266298403e-05
1.989381299801466774e-03
2.146159188188438217e-04
1.871443560650722386e-04
7.989189534354157116e-03
1.028260883356676223e-05
1.782480429406306868e-03
9.949508280284841914e-04
4.692701661363394384e-05
4.854660482053628414e-05
4.626187170927398783e-04
3.064978340082018856e-04
3.022458928941997996e-06
6.045392544385880577e-05
3.805489204889974460e-04
6.855364254298736658e-04
6.255684912122794683e-04
5.189179883077641104e-04
1.050941098853975034e-03
6.274810963488227104e-05
1.469279775076962719e-04
4.017902399216715520e-03
5.089708093514830202e-06
2.776896496959807559e-03
8.270930617411287474e-05
2.282880518645294900e-05
6.569436351763816267e-05
1.835003966796922828e-04
6.258904648971321157e-04
9.204207964773107814e-04
1.473435583362855137e-03
1.614455874518673669e-04
1.874079524916508949e-06
9.712632123513150406e-05
6.387466530046448637e-04
9.054208447019082345e-04
1.544556151346207420e-04
9.782049868849293419e-06
1.501182366744085479e-05
2.564811807221123438e-05
1.010947784622667127e-04
3.452261772663256598e-03
1.468337184039773336e-04
2.177590506894143765e-04
2.841544541712557291e-04
6.141792336409958386e-06
3.599716812404437759e-04
1.382047356171614029e-04
4.158926610604992639e-05
1.271188237856997866e-06
5.505156075212467461e-06
3.146593466306615644e-06
4.607506206259055445e-04
1.551833434567595135e-02
2.110054812719743027e-05
6.630460398340932797e-05
1.892132424844825521e-05
1.132367218882512168e-03
3.620120202308762299e-03
6.832257261633481536e-05
3.607524613549473462e-04
4.706348025127750550e-06
2.319515029809889051e-02
9.547502144768765580e-04
1.258357684171238530e-04
2.255454504513373188e-04
3.202655437128420400e-05
5.648117472753073312e-07
6.449997559936051150e-04
2.885836722279126558e-05
2.309980802519188620e-07
9.469542747203442792e-06
4.466637896597760608e-05
5.866554615523405635e-04
9.412629910664091709e-04
1.144944238807743715e-03
8.850962156614611327e-06
4.180272674470676941e-05
2.358916937634386601e-04
1.312891161550520578e-04
5.972128235572321357e-05
1.288548070779406726e-05
7.052704511421713923e-04
1.466689475528818603e-04
3.218349119310456603e-04
5.586376480687300396e-04
8.148087073469876596e-05
2.633442329311704081e-06
8.878005361047197576e-04
5.866097546944683576e-04
1.584388323832841290e-04
2.380213321133016393e-05
1.563570355655375017e-04
1.002857844299372397e-03
1.009209322374308759e-05
8.689782922598543523e-05
1.581652446746373701e-05
2.056645651331554295e-04
2.050507860752535651e-06
1.700408926078822392e-04
5.070754606287960174e-03
3.770213561283758202e-05
5.106292130932561140e-04
3.177399834249460767e-03
1.035908679844144416e-05
6.237424403071295076e-05
8.932092482222524915e-04
7.041174115206866486e-04
1.534566958082841373e-03
6.569436351763816267e-05
1.136482631531808259e-04
4.146685647729217157e-04
5.971961540086407260e-04
5.124402207126404585e-05
9.969546535254237771e-03
2.679356027166921022e-05
1.704453231650465540e-05
1.839753450898818915e-06
1.174520234908755855e-04
1.142818466899658049e-04
3.137816206294871571e-04
3.175030844100282419e-04
2.122486341698765156e-05
9.712632123513150406e-05
4.739976888813294035e-04
3.051138453641537101e-04
2.159050951373580343e-05
2.817505247013884486e-04
1.705623965820191480e-03
6.790967403119686064e-07
2.234593233578179364e-03
2.921525246260314236e-04
1.826796875389433369e-05
5.261003251992402927e-05
1.727106286012732522e-05
7.458601195216814968e-04
6.506099107511248436e-06
7.802444590333909753e-05
1.789751866227258991e-05
1.526746005434785212e-04
8.486233616507183136e-06
3.290860733692052559e-05
1.546122910854993149e-05
4.984767609237962787e-04
2.186013633532553373e-05
1.249881628167579905e-04
2.134034019658801129e-06
2.873856426014920651e-05
2.817505247013884486e-04
2.767479362119855575e-03
1.502887732994950322e-06
3.404861357470623327e-04
