3.955700344230517798e-05
7.364582482728227634e-07
3.082992628176909506e-06
7.004716498504259209e-07
1.032549263370201856e-07
2.212519249911584790e-07
1.381544444518290244e-06
3.958590640720430028e-07
1.360736418144026700e-07
2.316906641108376281e-07
1.033490746467886378e-05
3.082992628176909506e-06
3.297830648398536842e-07
7.177288739380857566e-07
1.032549263370201856e-07
1.700809583197056832e-07
1.268869466395252325e-05
1.381544444518290244e-06
2.316906641108376281e-07
3.836964796043415213e-03
1.033490746467886378e-05
3.860588652690772498e-05
4.083513169819267919e-07
6.593563378309300808e-05
4.483357932839283868e-06
1.007722431586554571e-07
1.700809583197056832e-07
1.238360501916882637e-05
1.415580971294505259e-06
4.733464906782576749e-07
1.008641277466507806e-05
4.083513169819267919e-07
8.207932001561120351e-05
7.543482469486534293e-04
4.375559131200339556e-06
5.255922770991741915e-06
1.007722431586554571e-07
1.689017261893120311e-06
1.381544444518290244e-06
1.394260306367724998e-07
1.008641277466507806e-05
3.860588652690772498e-05
8.207932001561120351e-05
3.686501044122278355e-05
7.364582482728227634e-07
3.082992628176909506e-06
5.005935591838952425e-05
1.007722431586554571e-07
2.212519249911584790e-07
7.582628116382720792e-05
1.008641277466507806e-05
4.083513169819267919e-07
8.207932001561120351e-05
7.364582482728227634e-07
6.756006213475909965e-05
5.486484018124589390e-05
3.297830648398536842e-07
4.375559131200339556e-06
7.004716498504259209e-07
1.032549263370201856e-07
3.860588652690772498e-05
4.083513169819267919e-07
7.187506911671389424e-07
6.593563378309300808e-05
4.375559131200339556e-06
7.746572007962254332e-08
2.267028151880325585e-07
1.381544444518290244e-06
3.460101933958268455e-08
1.394260306367724998e-07
1.033490746467886378e-05
3.955700344230517798e-05
4.083513169819267919e-07
8.207932001561120351e-05
3.686501044122278355e-05
7.187506911671389424e-07
6.756006213475909965e-05
3.734629127201074026e-05
7.746572007962254332e-08
2.212519249911584790e-07
3.955700344230517798e-05
3.686501044122278355e-05
6.756006213475909965e-05
3.082992628176909506e-06
3.297830648398536842e-07
7.746572007962254332e-08
1.700809583197056832e-07
1.238360501916882637e-05
1.415580971294505259e-06
3.460101933958268455e-08
3.955700344230517798e-05
8.207932001561120351e-05
7.187506911671389424e-07
6.756006213475909965e-05
7.746572007962254332e-08
1.381544444518290244e-06
3.545347003409977711e-08
1.360736418144026700e-07
1.738230297358772174e-07
4.991363263917452525e-03
8.207932001561120351e-05
6.756006213475909965e-05
3.082992628176909506e-06
4.375559131200339556e-06
2.790913601367891664e-05
1.007722431586554571e-07
2.267028151880325585e-07
1.415580971294505259e-06
3.460101933958268455e-08
1.394260306367724998e-07
3.860588652690772498e-05
8.207932001561120351e-05
3.082992628176909506e-06
3.297830648398536842e-07
7.177288739380857566e-07
7.746572007962254332e-08
9.291920896604899600e-05
1.415580971294505259e-06
3.460101933958268455e-08
2.261198450247503385e-07
4.904156830366683626e-04
3.082992628176909506e-06
3.297830648398536842e-07
4.483357932839283868e-06
1.007722431586554571e-07
2.212519249911584790e-07
1.238360501916882637e-05
3.460101933958268455e-08
1.738230297358772174e-07
5.801422216280512923e-06
1.008641277466507806e-05
3.860588652690772498e-05
4.083513169819267919e-07
8.207932001561120351e-05
7.187506911671389424e-07
6.756006213475909965e-05
3.082992628176909506e-06
7.004716498504259209e-07
7.746572007962254332e-08
1.700809583197056832e-07
3.860588652690772498e-05
4.083513169819267919e-07
8.207932001561120351e-05
7.364582482728227634e-07
4.037309561795363044e-04
3.082992628176909506e-06
4.375559131200339556e-06
7.746572007962254332e-08
2.267028151880325585e-07
7.582628116382720792e-05
1.008641277466507806e-05
3.955700344230517798e-05
3.297830648398536842e-07
4.375559131200339556e-06
2.267028151880325585e-07
1.268869466395252325e-05
3.460101933958268455e-08
1.696668869742936448e-06
2.448360913430384171e-05
5.801422216280512923e-06
1.008641277466507806e-05
4.083513169819267919e-07
8.207932001561120351e-05
3.686501044122278355e-05
6.593563378309300808e-05
3.082992628176909506e-06
4.375559131200339556e-06
7.004716498504259209e-07
2.503952100832497574e-05
1.268869466395252325e-05
3.860588652690772498e-05
5.515913596579656662e-04
7.364582482728227634e-07
6.593563378309300808e-05
7.746572007962254332e-08
1.700809583197056832e-07
1.238360501916882637e-05
1.381544444518290244e-06
3.545347003409977711e-08
1.394260306367724998e-07
1.008641277466507806e-05
4.083513169819267919e-07
3.082992628176909506e-06
7.746572007962254332e-08
2.531271668675936471e-06
7.582628116382720792e-05
1.415580971294505259e-06
1.360736418144026700e-07
1.738230297358772174e-07
4.991363263917452525e-03
1.008641277466507806e-05
3.955700344230517798e-05
4.083513169819267919e-07
8.207932001561120351e-05
7.187506911671389424e-07
6.593563378309300808e-05
4.375559131200339556e-06
7.746572007962254332e-08
3.026755403432888555e-06
1.381544444518290244e-06
1.008641277466507806e-05
4.083513169819267919e-07
7.187506911671389424e-07
6.593563378309300808e-05
4.375559131200339556e-06
7.004716498504259209e-07
1.032549263370201856e-07
1.700809583197056832e-07
1.238360501916882637e-05
1.415580971294505259e-06
3.955700344230517798e-05
4.083513169819267919e-07
2.524816426058586541e-02
3.686501044122278355e-05
4.588339559902707539e-05
7.177288739380857566e-07
1.032549263370201856e-07
2.212519249911584790e-07
1.738230297358772174e-07
4.991363263917452525e-03
1.008641277466507806e-05
5.312088775107638379e-07
8.010578757194596598e-05
7.364582482728227634e-07
3.082992628176909506e-06
3.297830648398536842e-07
7.746572007962254332e-08
2.212519249911584790e-07
1.268869466395252325e-05
1.323921703253328874e-04
5.312088775107638379e-07
7.187506911671389424e-07
6.756006213475909965e-05
3.082992628176909506e-06
4.483357932839283868e-06
7.177288739380857566e-07
7.746572007962254332e-08
2.267028151880325585e-07
3.460101933958268455e-08
2.316906641108376281e-07
1.008641277466507806e-05
3.955700344230517798e-05
5.312088775107638379e-07
8.010578757194596598e-05
2.936422162575558540e-04
7.187506911671389424e-07
7.004716498504259209e-07
1.007722431586554571e-07
2.267028151880325585e-07
1.268869466395252325e-05
3.686501044122278355e-05
7.364582482728227634e-07
4.037309561795363044e-04
3.082992628176909506e-06
3.297830648398536842e-07
4.483357932839283868e-06
7.746572007962254332e-08
2.267028151880325585e-07
1.268869466395252325e-05
3.545347003409977711e-08
3.686501044122278355e-05
6.593563378309300808e-05
3.082992628176909506e-06
3.297830648398536842e-07
1.032549263370201856e-07
1.689017261893120311e-06
1.268869466395252325e-05
1.415580971294505259e-06
2.261198450247503385e-07
1.493661776440058098e-01
4.947417916119728433e-04
4.483357932839283868e-06
7.746572007962254332e-08
2.212519249911584790e-07
1.238360501916882637e-05
1.415580971294505259e-06
2.261198450247503385e-07
2.448360913430384171e-05
3.836964796043415213e-03
2.634920554398607006e-04
1.008641277466507806e-05
5.312088775107638379e-07
3.214928237387560707e-04
3.297830648398536842e-07
1.032549263370201856e-07
2.212519249911584790e-07
3.545347003409977711e-08
2.316906641108376281e-07
2.448360913430384171e-05
3.745222214477746808e-02
3.955700344230517798e-05
4.083513169819267919e-07
3.686501044122278355e-05
2.109077645772007049e-03
3.082992628176909506e-06
7.177288739380857566e-07
2.212519249911584790e-07
1.238360501916882637e-05
1.415580971294505259e-06
3.460101933958268455e-08
3.860588652690772498e-05
5.312088775107638379e-07
4.375559131200339556e-06
7.004716498504259209e-07
1.381544444518290244e-06
3.460101933958268455e-08
2.316906641108376281e-07
2.448360913430384171e-05
5.801422216280512923e-06
1.083502937134220464e-06
1.033490746467886378e-05
8.010578757194596598e-05
5.515913596579656662e-04
7.364582482728227634e-07
6.756006213475909965e-05
3.297830648398536842e-07
4.483357932839283868e-06
2.150038819459308925e-05
8.815417539288915004e-06
1.268869466395252325e-05
3.860588652690772498e-05
8.207932001561120351e-05
3.082992628176909506e-06
3.297830648398536842e-07
7.004716498504259209e-07
1.032549263370201856e-07
1.700809583197056832e-07
1.415580971294505259e-06
1.844785219844981392e-06
2.316906641108376281e-07
3.860588652690772498e-05
6.109941526080207046e-06
8.207932001561120351e-05
3.686501044122278355e-05
7.364582482728227634e-07
6.756006213475909965e-05
3.082992628176909506e-06
4.483357932839283868e-06
7.004716498504259209e-07
1.007722431586554571e-07
8.207932001561120351e-05
3.686501044122278355e-05
7.187506911671389424e-07
3.297830648398536842e-07
4.375559131200339556e-06
7.177288739380857566e-07
1.032549263370201856e-07
1.700809583197056832e-07
7.582628116382720792e-05
1.381544444518290244e-06
4.904156830366683626e-04
6.756006213475909965e-05
3.283159408151587871e-05
8.013869447907793445e-06
2.267028151880325585e-07
1.238360501916882637e-05
1.394260306367724998e-07
1.738230297358772174e-07
3.745222214477746808e-02
1.737430648443779614e-04
1.008641277466507806e-05
8.207932001561120351e-05
5.515913596579656662e-04
4.400996524002791369e-06
4.375559131200339556e-06
7.004716498504259209e-07
7.746572007962254332e-08
8.815417539288915004e-06
1.238360501916882637e-05
3.545347003409977711e-08
1.008641277466507806e-05
4.083513169819267919e-07
3.686501044122278355e-05
2.643668024419035972e-04
4.375559131200339556e-06
7.004716498504259209e-07
7.746572007962254332e-08
1.627217595408707800e-05
1.268869466395252325e-05
1.381544444518290244e-06
1.008641277466507806e-05
4.083513169819267919e-07
8.010578757194596598e-05
6.593563378309300808e-05
4.483357932839283868e-06
2.267028151880325585e-07
1.268869466395252325e-05
2.118661916826994274e-07
2.600820674273403575e-06
4.991363263917452525e-03
3.955700344230517798e-05
4.083513169819267919e-07
8.010578757194596598e-05
7.364582482728227634e-07
6.593563378309300808e-05
3.297830648398536842e-07
1.159077980843553976e-06
3.026755403432888555e-06
1.238360501916882637e-05
1.415580971294505259e-06
1.008641277466507806e-05
6.109941526080207046e-06
3.686501044122278355e-05
7.187506911671389424e-07
4.037309561795363044e-04
4.375559131200339556e-06
7.746572007962254332e-08
2.212519249911584790e-07
1.238360501916882637e-05
1.394260306367724998e-07
3.860588652690772498e-05
8.010578757194596598e-05
7.187506911671389424e-07
4.483357932839283868e-06
7.746572007962254332e-08
2.267028151880325585e-07
3.460101933958268455e-08
2.261198450247503385e-07
4.534492514336329813e-03
2.420576205101697884e-06
1.008641277466507806e-05
3.686501044122278355e-05
6.756006213475909965e-05
3.082992628176909506e-06
4.375559131200339556e-06
7.746572007962254332e-08
2.544830068660066081e-06
4.554867357839167789e-03
1.738230297358772174e-07
2.448360913430384171e-05
9.665719284919719462e-04
8.207932001561120351e-05
3.686501044122278355e-05
7.187506911671389424e-07
3.283159408151587871e-05
7.746572007962254332e-08
1.700809583197056832e-07
7.582628116382720792e-05
2.118661916826994274e-07
1.360736418144026700e-07
3.860588652690772498e-05
5.312088775107638379e-07
2.936422162575558540e-04
7.187506911671389424e-07
6.756006213475909965e-05
3.082992628176909506e-06
4.375559131200339556e-06
5.615106476397607450e-05
7.746572007962254332e-08
2.531271668675936471e-06
1.008641277466507806e-05
3.860588652690772498e-05
5.312088775107638379e-07
7.364582482728227634e-07
3.297830648398536842e-07
1.032549263370201856e-07
1.700809583197056832e-07
1.268869466395252325e-05
2.118661916826994274e-07
3.093349189072452781e-06
1.008641277466507806e-05
2.896756180418448958e-04
5.312088775107638379e-07
3.191682805871831011e-03
4.947417916119728433e-04
3.297830648398536842e-07
3.283159408151587871e-05
6.414808378780817672e-05
1.032549263370201856e-07
3.026755403432888555e-06
1.033490746467886378e-05
3.955700344230517798e-05
4.083513169819267919e-07
3.297830648398536842e-07
4.483357932839283868e-06
7.004716498504259209e-07
2.267028151880325585e-07
1.238360501916882637e-05
3.545347003409977711e-08
1.394260306367724998e-07
1.008641277466507806e-05
3.860588652690772498e-05
5.312088775107638379e-07
5.515913596579656662e-04
6.756006213475909965e-05
3.082992628176909506e-06
3.297830648398536842e-07
2.267028151880325585e-07
1.381544444518290244e-06
1.394260306367724998e-07
3.955700344230517798e-05
4.083513169819267919e-07
6.593563378309300808e-05
7.004716498504259209e-07
1.032549263370201856e-07
1.700809583197056832e-07
1.268869466395252325e-05
1.381544444518290244e-06
2.931161233185158302e-05
1.394260306367724998e-07
1.033490746467886378e-05
3.860588652690772498e-05
4.083513169819267919e-07
8.010578757194596598e-05
6.756006213475909965e-05
3.297830648398536842e-07
7.746572007962254332e-08
1.700809583197056832e-07
1.268869466395252325e-05
1.381544444518290244e-06
8.010578757194596598e-05
2.936422162575558540e-04
6.593563378309300808e-05
3.297830648398536842e-07
4.375559131200339556e-06
7.004716498504259209e-07
1.007722431586554571e-07
1.700809583197056832e-07
2.596254758992536928e-07
2.261198450247503385e-07
2.717636747796307786e-03
3.860588652690772498e-05
6.109941526080207046e-06
8.207932001561120351e-05
3.686501044122278355e-05
7.004716498504259209e-07
7.746572007962254332e-08
2.212519249911584790e-07
1.238360501916882637e-05
1.381544444518290244e-06
3.955700344230517798e-05
5.515913596579656662e-04
7.364582482728227634e-07
4.483357932839283868e-06
7.177288739380857566e-07
1.007722431586554571e-07
2.267028151880325585e-07
1.415580971294505259e-06
1.360736418144026700e-07
2.261198450247503385e-07
1.033490746467886378e-05
2.363884740514638014e-04
4.083513169819267919e-07
6.593563378309300808e-05
1.700809583197056832e-07
2.049847990539780624e-05
1.394260306367724998e-07
9.009371773339970728e-06
4.357095407674307789e-04
5.741044430528913917e-02
1.033490746467886378e-05
3.955700344230517798e-05
8.207932001561120351e-05
3.686501044122278355e-05
1.159077980843553976e-06
1.689017261893120311e-06
2.596254758992536928e-07
1.360736418144026700e-07
2.586963966343634397e-06
3.836964796043415213e-03
2.363884740514638014e-04
4.083513169819267919e-07
8.010578757194596598e-05
3.686501044122278355e-05
4.400996524002791369e-06
4.375559131200339556e-06
7.177288739380857566e-07
1.032549263370201856e-07
2.212519249911584790e-07
3.460101933958268455e-08
1.008641277466507806e-05
3.955700344230517798e-05
8.207932001561120351e-05
7.187506911671389424e-07
5.255922770991741915e-06
1.032549263370201856e-07
1.415580971294505259e-06
1.394260306367724998e-07
2.586963966343634397e-06
3.836964796043415213e-03
6.593563378309300808e-05
3.297830648398536842e-07
4.483357932839283868e-06
7.746572007962254332e-08
2.118661916826994274e-07
2.316906641108376281e-07
3.836964796043415213e-03
2.420576205101697884e-06
1.493661776440058098e-01
8.329112521720629382e-07
1.033490746467886378e-05
3.955700344230517798e-05
4.083513169819267919e-07
8.010578757194596598e-05
7.187506911671389424e-07
6.593563378309300808e-05
3.297830648398536842e-07
7.004716498504259209e-07
1.700809583197056832e-07
1.415580971294505259e-06
4.083513169819267919e-07
8.207932001561120351e-05
3.686501044122278355e-05
6.756006213475909965e-05
4.483357932839283868e-06
4.289071856622171661e-06
7.746572007962254332e-08
2.212519249911584790e-07
1.415580971294505259e-06
2.261198450247503385e-07
3.955700344230517798e-05
4.083513169819267919e-07
8.207932001561120351e-05
4.391762539302256074e-03
6.593563378309300808e-05
4.375559131200339556e-06
7.004716498504259209e-07
1.159077980843553976e-06
1.689017261893120311e-06
1.360736418144026700e-07
4.083513169819267919e-07
6.756006213475909965e-05
4.483357932839283868e-06
8.013869447907793445e-06
1.032549263370201856e-07
2.267028151880325585e-07
1.268869466395252325e-05
3.545347003409977711e-08
1.360736418144026700e-07
3.093349189072452781e-06
3.860588652690772498e-05
7.364582482728227634e-07
1.007722431586554571e-07
1.700809583197056832e-07
2.261198450247503385e-07
4.991363263917452525e-03
5.801422216280512923e-06
1.493661776440058098e-01
9.248243161750756800e-08
1.083502937134220464e-06
3.955700344230517798e-05
5.312088775107638379e-07
3.686501044122278355e-05
4.400996524002791369e-06
4.375559131200339556e-06
7.177288739380857566e-07
1.007722431586554571e-07
1.700809583197056832e-07
9.291920896604899600e-05
3.460101933958268455e-08
1.033490746467886378e-05
3.955700344230517798e-05
5.312088775107638379e-07
6.593563378309300808e-05
7.177288739380857566e-07
1.159077980843553976e-06
2.212519249911584790e-07
9.291920896604899600e-05
1.360736418144026700e-07
1.738230297358772174e-07
4.083513169819267919e-07
4.904156830366683626e-04
7.187506911671389424e-07
4.483357932839283868e-06
7.177288739380857566e-07
1.032549263370201856e-07
2.120237438214526795e-05
1.416768172392834653e-04
1.381544444518290244e-06
1.360736418144026700e-07
6.109941526080207046e-06
8.010578757194596598e-05
7.364582482728227634e-07
4.483357932839283868e-06
7.177288739380857566e-07
1.159077980843553976e-06
2.212519249911584790e-07
1.415580971294505259e-06
2.962199764908127338e-05
2.261198450247503385e-07
4.083513169819267919e-07
2.936422162575558540e-04
6.756006213475909965e-05
3.082992628176909506e-06
1.007722431586554571e-07
1.700809583197056832e-07
1.238360501916882637e-05
1.381544444518290244e-06
3.460101933958268455e-08
1.360736418144026700e-07
3.860588652690772498e-05
4.083513169819267919e-07
7.335961097284592058e-03
7.187506911671389424e-07
6.756006213475909965e-05
3.082992628176909506e-06
3.283159408151587871e-05
7.177288739380857566e-07
7.746572007962254332e-08
1.238360501916882637e-05
3.860588652690772498e-05
5.312088775107638379e-07
7.187506911671389424e-07
6.593563378309300808e-05
3.082992628176909506e-06
4.375559131200339556e-06
2.212519249911584790e-07
1.268869466395252325e-05
3.545347003409977711e-08
1.394260306367724998e-07
3.686501044122278355e-05
6.756006213475909965e-05
5.255922770991741915e-06
7.746572007962254332e-08
2.212519249911584790e-07
1.268869466395252325e-05
1.381544444518290244e-06
1.360736418144026700e-07
1.738230297358772174e-07
3.836964796043415213e-03
1.033490746467886378e-05
3.955700344230517798e-05
4.083513169819267919e-07
8.207932001561120351e-05
3.686501044122278355e-05
6.756006213475909965e-05
3.297830648398536842e-07
4.375559131200339556e-06
7.004716498504259209e-07
1.007722431586554571e-07
1.008641277466507806e-05
3.860588652690772498e-05
5.312088775107638379e-07
8.207932001561120351e-05
2.863743422591005430e-05
3.082992628176909506e-06
3.297830648398536842e-07
4.483357932839283868e-06
7.177288739380857566e-07
1.007722431586554571e-07
1.008641277466507806e-05
4.416774534890922726e-04
5.312088775107638379e-07
4.947417916119728433e-04
4.375559131200339556e-06
7.177288739380857566e-07
1.032549263370201856e-07
1.700809583197056832e-07
1.268869466395252325e-05
1.360736418144026700e-07
3.955700344230517798e-05
5.312088775107638379e-07
7.364582482728227634e-07
4.375559131200339556e-06
7.004716498504259209e-07
1.032549263370201856e-07
2.212519249911584790e-07
1.415580971294505259e-06
3.545347003409977711e-08
1.394260306367724998e-07
3.686501044122278355e-05
3.082992628176909506e-06
4.375559131200339556e-06
7.004716498504259209e-07
7.746572007962254332e-08
2.212519249911584790e-07
3.315784782758423287e-06
2.316906641108376281e-07
5.710457171283099542e-02
2.359856963877577870e-05
1.008641277466507806e-05
3.860588652690772498e-05
8.207932001561120351e-05
7.187506911671389424e-07
6.756006213475909965e-05
3.082992628176909506e-06
3.297830648398536842e-07
4.375559131200339556e-06
7.177288739380857566e-07
7.746572007962254332e-08
4.416774534890922726e-04
4.083513169819267919e-07
8.207932001561120351e-05
7.187506911671389424e-07
4.375559131200339556e-06
7.177288739380857566e-07
1.007722431586554571e-07
1.700809583197056832e-07
1.415580971294505259e-06
1.360736418144026700e-07
2.896756180418448958e-04
4.083513169819267919e-07
7.364582482728227634e-07
4.375559131200339556e-06
7.746572007962254332e-08
2.212519249911584790e-07
1.238360501916882637e-05
1.415580971294505259e-06
3.460101933958268455e-08
1.394260306367724998e-07
1.033490746467886378e-05
2.363884740514638014e-04
4.083513169819267919e-07
4.904156830366683626e-04
7.364582482728227634e-07
3.297830648398536842e-07
4.375559131200339556e-06
7.004716498504259209e-07
2.267028151880325585e-07
1.415580971294505259e-06
3.860588652690772498e-05
4.083513169819267919e-07
8.010578757194596598e-05
3.686501044122278355e-05
7.187506911671389424e-07
6.756006213475909965e-05
3.082992628176909506e-06
3.297830648398536842e-07
4.483357932839283868e-06
7.177288739380857566e-07
1.008641277466507806e-05
1.216800675705909975e-02
5.312088775107638379e-07
8.207932001561120351e-05
3.686501044122278355e-05
7.364582482728227634e-07
6.593563378309300808e-05
3.297830648398536842e-07
7.004716498504259209e-07
1.007722431586554571e-07
1.008641277466507806e-05
4.083513169819267919e-07
3.686501044122278355e-05
6.756006213475909965e-05
3.283159408151587871e-05
7.177288739380857566e-07
1.700809583197056832e-07
1.238360501916882637e-05
2.586963966343634397e-06
1.148208886103186110e-01
1.008641277466507806e-05
7.364582482728227634e-07
6.756006213475909965e-05
5.486484018124589390e-05
4.483357932839283868e-06
6.712557264329221940e-05
1.032549263370201856e-07
2.267028151880325585e-07
1.401477243864839278e-03
3.958590640720430028e-07
3.955700344230517798e-05
6.593563378309300808e-05
3.297830648398536842e-07
4.375559131200339556e-06
7.177288739380857566e-07
3.026755403432888555e-06
7.582628116382720792e-05
1.381544444518290244e-06
2.316906641108376281e-07
2.448360913430384171e-05
1.033490746467886378e-05
3.860588652690772498e-05
4.083513169819267919e-07
8.010578757194596598e-05
3.686501044122278355e-05
4.037309561795363044e-04
3.082992628176909506e-06
3.297830648398536842e-07
1.007722431586554571e-07
3.260669590340863760e-03
4.083513169819267919e-07
4.904156830366683626e-04
6.756006213475909965e-05
4.375559131200339556e-06
2.212519249911584790e-07
1.238360501916882637e-05
1.415580971294505259e-06
3.545347003409977711e-08
1.738230297358772174e-07
5.741044430528913917e-02
3.860588652690772498e-05
4.083513169819267919e-07
8.207932001561120351e-05
3.686501044122278355e-05
3.082992628176909506e-06
4.375559131200339556e-06
7.177288739380857566e-07
2.212519249911584790e-07
2.596254758992536928e-07
1.738230297358772174e-07
5.312088775107638379e-07
5.515913596579656662e-04
3.082992628176909506e-06
3.297830648398536842e-07
7.177288739380857566e-07
1.007722431586554571e-07
2.120237438214526795e-05
1.381544444518290244e-06
3.545347003409977711e-08
1.394260306367724998e-07
1.008641277466507806e-05
3.535465916660988223e-03
3.191682805871831011e-03
3.297830648398536842e-07
4.483357932839283868e-06
7.004716498504259209e-07
2.212519249911584790e-07
1.186709809768636678e-03
3.545347003409977711e-08
1.726178026691907971e-06
4.904156830366683626e-04
7.364582482728227634e-07
3.082992628176909506e-06
7.746572007962254332e-08
1.700809583197056832e-07
1.415580971294505259e-06
3.460101933958268455e-08
1.394260306367724998e-07
1.738230297358772174e-07
2.448360913430384171e-05
3.860588652690772498e-05
4.595610000674574952e-03
6.593563378309300808e-05
3.297830648398536842e-07
6.414808378780817672e-05
1.700809583197056832e-07
1.738230297358772174e-07
3.836964796043415213e-03
2.303116066416629741e-05
2.420576205101697884e-06
1.008641277466507806e-05
2.832189064329800979e-05
8.010578757194596598e-05
3.686501044122278355e-05
7.364582482728227634e-07
3.082992628176909506e-06
3.297830648398536842e-07
7.004716498504259209e-07
1.007722431586554571e-07
1.700809583197056832e-07
2.094330138732367758e-02
7.187506911671389424e-07
4.375559131200339556e-06
7.177288739380857566e-07
7.746572007962254332e-08
1.700809583197056832e-07
3.460101933958268455e-08
1.394260306367724998e-07
7.509079504921745493e-06
3.836964796043415213e-03
3.860588652690772498e-05
4.083513169819267919e-07
7.187506911671389424e-07
3.082992628176909506e-06
7.177288739380857566e-07
7.746572007962254332e-08
6.973534765034695515e-05
1.238360501916882637e-05
1.381544444518290244e-06
3.545347003409977711e-08
1.008641277466507806e-05
3.860588652690772498e-05
5.312088775107638379e-07
8.207932001561120351e-05
7.187506911671389424e-07
3.082992628176909506e-06
3.297830648398536842e-07
2.267028151880325585e-07
9.291920896604899600e-05
3.545347003409977711e-08
1.033490746467886378e-05
5.312088775107638379e-07
8.010578757194596598e-05
6.756006213475909965e-05
4.483357932839283868e-06
7.004716498504259209e-07
7.746572007962254332e-08
1.700809583197056832e-07
1.268869466395252325e-05
1.381544444518290244e-06
1.008641277466507806e-05
3.860588652690772498e-05
8.207932001561120351e-05
3.686501044122278355e-05
7.004716498504259209e-07
1.032549263370201856e-07
1.689017261893120311e-06
1.238360501916882637e-05
3.460101933958268455e-08
2.261198450247503385e-07
3.860588652690772498e-05
5.312088775107638379e-07
5.515913596579656662e-04
7.364582482728227634e-07
6.756006213475909965e-05
3.082992628176909506e-06
4.375559131200339556e-06
1.032549263370201856e-07
2.212519249911584790e-07
1.268869466395252325e-05
