2.000000900958902506e+01
2.000000006461194602e+01
2.000000001425723539e+01
2.000000590064509609e+01
2.000003069287835444e+01
2.000000753662252606e+01
2.000000000429770708e+01
2.000000005465483000e+01
2.000000000295774072e+01
2.000000000801565747e+01
2.000005605198041891e+01
2.000000191370022407e+01
2.000002753948789547e+01
2.000000000313823989e+01
2.000000298734105542e+01
2.000000000271990075e+01
2.000000000278794232e+01
2.000000000190123828e+01
2.000000001887207191e+01
2.000000000678450718e+01
2.000003214028588872e+01
2.000000317863664634e+01
2.000000014811288196e+01
2.000004551350962956e+01
2.000004259140639462e+01
2.000000000179551307e+01
2.000000004198241044e+01
2.000001030241865863e+01
2.000000000313230686e+01
2.000000022479783723e+01
2.000001770373269849e+01
2.000001405454293391e+01
2.000000000431437996e+01
2.000000013886762673e+01
2.000000000298539860e+01
2.000000497064901950e+01
2.000000050366890392e+01
2.000001580910837262e+01
2.000000009284733338e+01
2.000000000200382289e+01
2.000003385346078488e+01
2.000000000407074552e+01
2.000000041482617874e+01
2.000000000226369679e+01
2.000000001471094180e+01
2.000000025352013111e+01
2.000001009710500455e+01
2.000000000251148791e+01
2.000000137809944434e+01
2.000000020392923972e+01
2.000000000237646347e+01
2.000003565586535359e+01
2.000000000262767941e+01
2.000000000274062018e+01
2.000000680496720662e+01
2.000000001106886316e+01
2.000000142867481756e+01
2.000000000286103230e+01
2.000000000367312936e+01
2.000001445965042990e+01
2.000000000126762956e+01
2.000000000202655315e+01
2.000000000289607982e+01
2.000002187610723681e+01
2.000001253560215631e+01
2.000000000573541570e+01
2.000004259140639462e+01
2.000000000839067127e+01
2.000000000477851003e+01
2.000000000397684730e+01
2.000000000218538432e+01
2.000000573368971857e+01
2.000000213342225663e+01
2.000000002947387401e+01
2.000000000163396408e+01
2.000002874856413371e+01
2.000000000766022623e+01
2.000000000277728063e+01
2.000000006212125214e+01
2.000000003402633553e+01
2.000000318025468005e+01
2.000000342145278154e+01
2.000000000223590035e+01
2.000000280758697002e+01
2.000000000392748589e+01
2.000000001917335268e+01
2.000000000291188584e+01
2.000000000227316121e+01
2.000000120308979135e+01
2.000000000152603263e+01
2.000000003715872410e+01
2.000000006975556488e+01
2.000000001034171859e+01
2.000000000431549196e+01
2.000000010180527710e+01
2.000004767218731416e+01
2.000000004688354949e+01
2.000000003660587566e+01
2.000000000312561355e+01
2.000000001877787170e+01
2.000000643342233886e+01
2.000000002819262690e+01
2.000000001495072866e+01
2.000000000568398306e+01
2.000000000230906139e+01
2.000004626566873611e+01
2.000000005696897887e+01
2.000000017545408326e+01
2.000000000301853120e+01
2.000000994926401887e+01
2.000000000216092388e+01
2.000000081027397414e+01
2.000000000324927640e+01
2.000000834721622311e+01
2.000000000373994169e+01
2.000000000353113094e+01
2.000000233881108258e+01
2.000000027900028954e+01
2.000000000334555494e+01
2.000000002598086368e+01
2.000000000638038600e+01
2.000000000309604076e+01
2.000002557735572850e+01
2.000003416200874184e+01
2.000000000414361878e+01
2.000000004060906278e+01
2.000000929162592556e+01
2.000000157196461714e+01
2.000000023600719956e+01
2.000002257299704311e+01
2.000000000406767953e+01
2.000001772236766939e+01
2.000000000242578579e+01
2.000000000292004998e+01
2.000000001053557952e+01
2.000000004716127577e+01
2.000001048429700035e+01
2.000000001511200054e+01
2.000005429702010318e+01
2.000002608791970360e+01
2.000000006461194602e+01
2.000000688332721666e+01
2.000000000345670514e+01
2.000000000434929248e+01
2.000000568800595602e+01
2.000000000314302895e+01
2.000002047434739438e+01
2.000000000347210616e+01
2.000001089523233588e+01
2.000000000100212105e+01
2.000000000283628054e+01
2.000000000306762615e+01
2.000000002360235740e+01
2.000000001987077169e+01
2.000000000216525109e+01
2.000000000335803207e+01
2.000001618046820440e+01
2.000000012043118502e+01
2.000002700792705923e+01
2.000000000135628397e+01
2.000003249459127019e+01
2.000000793103747654e+01
2.000000000242190268e+01
2.000002492689964484e+01
2.000000000805449929e+01
2.000000004150303212e+01
2.000002141847888737e+01
2.000000041391028205e+01
2.000000000283058554e+01
2.000000000900192276e+01
2.000001209634256583e+01
2.000000866709338609e+01
2.000000000312989812e+01
2.000003052336631626e+01
2.000005518554932138e+01
2.000003098872637608e+01
2.000000030139147000e+01
2.000000000374781095e+01
2.000000000318547677e+01
2.000002783873945944e+01
2.000000001746855460e+01
2.000000919033880464e+01
2.000000005489778943e+01
2.000000086582558723e+01
2.000000032891762203e+01
2.000000000082132701e+01
2.000000014561503647e+01
2.000000058826841709e+01
2.000000023280852446e+01
2.000000000283034041e+01
2.000000000283628054e+01
2.000000186117175716e+01
2.000000070250826667e+01
2.000000000286811641e+01
2.000000000301477954e+01
2.000000000203862172e+01
2.000003264969002004e+01
2.000000026598645775e+01
2.000000267365106055e+01
2.000002422153476545e+01
2.000001212168325893e+01
2.000000000279710122e+01
2.000000129109350766e+01
2.000000236096527217e+01
2.000000000739190753e+01
2.000000000642458886e+01
2.000000049179303119e+01
2.000000302595123358e+01
2.000000000299684189e+01
2.000000011395948718e+01
2.000000000217613305e+01
2.000000000160395786e+01
2.000000000329627170e+01
2.000000674147412383e+01
2.000000029378452382e+01
2.000005104341590823e+01
2.000000000482051377e+01
2.000004192737844022e+01
2.000000021183543808e+01
2.000000001674563421e+01
2.000000184288705896e+01
2.000000008394938433e+01
2.000000083414256480e+01
2.000000198979385502e+01
2.000000100777512912e+01
2.000000001200083943e+01
2.000002249384349184e+01
2.000000000404861211e+01
2.000000004688464728e+01
2.000000000331006333e+01
2.000000506937400857e+01
2.000000014311392604e+01
2.000000000197510630e+01
2.000000208950088521e+01
2.000000003351841826e+01
2.000005011396116927e+01
2.000000000482750906e+01
2.000000000383067444e+01
2.000000000157713131e+01
2.000002176623201322e+01
2.000004681182781496e+01
2.000000014020749362e+01
2.000000000205750084e+01
2.000000001680857764e+01
2.000000028887804149e+01
2.000000001935238103e+01
2.000000015070217074e+01
2.000000052781834725e+01
2.000004087249641316e+01
2.000000662282705122e+01
2.000000000924182686e+01
2.000002790907494798e+01
2.000000001615408607e+01
2.000000070534029817e+01
2.000002249384349184e+01
2.000000059632295901e+01
2.000000001601920729e+01
2.000000009184619643e+01
2.000000000172288139e+01
2.000000669168094802e+01
2.000000046770714235e+01
2.000000003234645618e+01
2.000003497202505187e+01
2.000000429117523737e+01
2.000000000301786685e+01
2.000000000735020933e+01
2.000000918539207007e+01
2.000000361541832561e+01
2.000000118099097435e+01
2.000000000446931026e+01
2.000000004253580954e+01
2.000000032298233776e+01
2.000000000193605487e+01
2.000000052043541743e+01
2.000000000506150855e+01
2.000001625546211770e+01
2.000000000487153784e+01
2.000000000705588121e+01
2.000000000677131951e+01
2.000000098394830417e+01
2.000004974454569151e+01
2.000000001511861214e+01
2.000000031355230234e+01
2.000000000935767375e+01
2.000000021609205803e+01
2.000000000316303428e+01
2.000000000190112104e+01
2.000000000360082453e+01
2.000000113209398833e+01
2.000000000427223767e+01
2.000000000230435404e+01
2.000000063688864671e+01
2.000001029022253363e+01
2.000000007371244948e+01
2.000000001578095166e+01
2.000000100055023111e+01
2.000000000341564288e+01
2.000000137921121635e+01
2.000000004430567202e+01
2.000000642640694437e+01
2.000000042737615047e+01
2.000000000173879755e+01
2.000003680744757872e+01
2.000000000268651590e+01
2.000000081167862476e+01
2.000000000413746548e+01
2.000000002221770856e+01
2.000000002213815620e+01
2.000000000348304852e+01
2.000000000343618822e+01
2.000000000300978797e+01
2.000000000275193557e+01
2.000000000180607174e+01
2.000000100777512912e+01
2.000003402659394069e+01
2.000000000472481432e+01
2.000000003892341383e+01
2.000000000242624054e+01
2.000000047494742006e+01
2.000000182397102577e+01
2.000000020252293353e+01
2.000000000761859198e+01
2.000000000251270293e+01
2.000000107776049418e+01
2.000000074886042611e+01
2.000000228757532739e+01
2.000000017855332146e+01
2.000000003008809912e+01
2.000000040501008769e+01
2.000004178132568455e+01
2.000000001831347873e+01
2.000000000156391877e+01
2.000000019185609901e+01
2.000004455347385246e+01
2.000000390444647635e+01
2.000000000292497404e+01
2.000003416200874184e+01
2.000000000317729842e+01
2.000002131783506343e+01
2.000000158331305755e+01
2.000001080371514206e+01
2.000003516102249534e+01
2.000000000312357784e+01
2.000000025500696310e+01
2.000002848964047786e+01
2.000000000435873915e+01
2.000000642640694437e+01
2.000000000474381778e+01
2.000000011160038582e+01
2.000002131011930118e+01
2.000000000193971772e+01
2.000003491053648830e+01
2.000000000232836683e+01
2.000000001111143177e+01
2.000000000320886073e+01
2.000000016763198474e+01
2.000000000382021170e+01
2.000000001610940359e+01
2.000000000260448729e+01
2.000000079522349239e+01
2.000000000796521249e+01
2.000000123522931617e+01
2.000000000494556929e+01
2.000002392549488306e+01
2.000000000666734223e+01
2.000000000326369332e+01
2.000000974449853786e+01
2.000000250257573597e+01
2.000001463232932153e+01
2.000000003056900866e+01
2.000000000252642707e+01
2.000000020900433029e+01
2.000000125779808258e+01
2.000000002737302296e+01
2.000000024822515243e+01
2.000000625793669329e+01
2.000000045859869502e+01
2.000004726433918378e+01
2.000000072376329285e+01
2.000000001122190341e+01
2.000000832493863712e+01
2.000000006217195647e+01
2.000000000294879143e+01
2.000001567783208145e+01
2.000000000195822736e+01
2.000000017461808710e+01
2.000002353973035341e+01
2.000000235610137977e+01
2.000000000338783579e+01
2.000000000251269938e+01
2.000005603997287906e+01
2.000000000294938118e+01
2.000000013042624403e+01
2.000005454526781890e+01
2.000000324981927236e+01
2.000000000287891311e+01
2.000000000320827809e+01
2.000000000262775046e+01
2.000000000188041227e+01
2.000000000377621134e+01
2.000000015258556019e+01
2.000000378355014163e+01
2.000000000366097552e+01
2.000000522049808893e+01
2.000000461710591537e+01
2.000000000424348912e+01
2.000000000186665616e+01
2.000000000994682381e+01
2.000000001987077169e+01
2.000000356936855894e+01
2.000001103021384452e+01
2.000000703795741330e+01
2.000000000287891311e+01
2.000000568519403288e+01
2.000000471505453348e+01
2.000000000247209186e+01
2.000000867176710528e+01
2.000000166823422632e+01
2.000000000195015204e+01
2.000000278495744510e+01
2.000000138076198297e+01
2.000000000348302720e+01
2.000000004137812226e+01
2.000000016638662359e+01
2.000000047968485006e+01
2.000000560353687717e+01
2.000000000225370655e+01
2.000000737469940404e+01
2.000000261951899816e+01
2.000004034967096800e+01
2.000000000412645562e+01
2.000004729642675372e+01
2.000000018362134924e+01
2.000000000313352544e+01
2.000000046224779382e+01
2.000000001462533561e+01
2.000000001813234718e+01
2.000000000265593769e+01
2.000000000383568377e+01
2.000000425300876827e+01
2.000000001159028074e+01
2.000000456423972395e+01
2.000000000628187280e+01
2.000000000179822379e+01
2.000000004513130847e+01
2.000000178161620568e+01
2.000000000476014606e+01
2.000003069762153984e+01
2.000000002081566919e+01
2.000000015753427007e+01
2.000000000281489321e+01
2.000000000249493226e+01
2.000000000509707831e+01
2.000000000223590035e+01
2.000001588977716693e+01
2.000000000300424929e+01
2.000000000600529404e+01
2.000000001740106725e+01
2.000000097160729240e+01
2.000000003994239250e+01
2.000000005489778943e+01
2.000000002217071682e+01
2.000000000302688363e+01
2.000000001865944910e+01
2.000000000196291339e+01
2.000000021609205803e+01
2.000005029874843032e+01
2.000000001264561789e+01
2.000003806842802234e+01
2.000002259050290476e+01
2.000000000245713849e+01
2.000000005735628505e+01
2.000000531210939059e+01
2.000000000362987862e+01
2.000000021052654731e+01
2.000000000327708705e+01
2.000000000731176897e+01
2.000000000282520674e+01
2.000001398568541333e+01
2.000000000319192139e+01
2.000000000338139117e+01
2.000000000998157645e+01
2.000001311873778675e+01
2.000000413297808066e+01
2.000000000249408316e+01
2.000000004689820443e+01
2.000000004548306265e+01
2.000000000568398306e+01
2.000000006917219508e+01
2.000000643789795873e+01
2.000001212168325893e+01
2.000000000123895560e+01
2.000005161589954383e+01
2.000000002392946641e+01
2.000000595292810956e+01
2.000000421393649574e+01
2.000000000309822923e+01
2.000000000363127128e+01
2.000000000272621747e+01
2.000000001181058451e+01
2.000000001440247033e+01
2.000001430624206833e+01
2.000000000230036079e+01
2.000000000142459555e+01
2.000000000300524050e+01
2.000000111477859832e+01
2.000000004299484146e+01
2.000000000742017292e+01
2.000000000288934032e+01
2.000000002933219534e+01
2.000000008394938433e+01
2.000000000290690494e+01
2.000000002879171035e+01
2.000000000290284774e+01
2.000000000751380114e+01
2.000001341331930860e+01
2.000001450063540531e+01
2.000000721104601809e+01
2.000000018272963587e+01
2.000000000176326864e+01
2.000000000264339661e+01
2.000001290834556400e+01
2.000000003688790784e+01
2.000000036449550223e+01
2.000000011395948718e+01
2.000000000422506474e+01
2.000000045504759427e+01
2.000000004107339890e+01
2.000002091734696563e+01
2.000000002107773156e+01
2.000000000542231504e+01
2.000000000036170533e+01
2.000000000176969905e+01
2.000000675799118710e+01
2.000000034841179541e+01
2.000000000369009356e+01
2.000000002401707988e+01
2.000000000342152617e+01
2.000000000391485955e+01
2.000000000243742804e+01
2.000000983051464232e+01
2.000000000519649035e+01
2.000000000307453973e+01
2.000000037016257437e+01
2.000000000328931549e+01
2.000000356119149103e+01
2.000000000420972057e+01
2.000000043480756418e+01
2.000001245177930898e+01
2.000000010579354282e+01
2.000000000815063927e+01
2.000000002162468959e+01
2.000000000319063531e+01
2.000000003229555645e+01
2.000002714809337334e+01
2.000000000314241788e+01
2.000000003554582761e+01
2.000000000922659993e+01
2.000004309211659503e+01
2.000000000312863335e+01
2.000003253908609935e+01
2.000000000276761725e+01
2.000000000353113094e+01
2.000000000249408316e+01
2.000000003417002148e+01
2.000000000411540313e+01
2.000000000267542433e+01
2.000000014762241562e+01
2.000003958719491592e+01
2.000000000277178458e+01
2.000000000352899931e+01
2.000000005396274005e+01
2.000000000175772641e+01
2.000000000271590039e+01
2.000000000274647149e+01
2.000000000303642977e+01
2.000000018272963587e+01
2.000000000390201649e+01
2.000000000903741437e+01
2.000000005337506437e+01
2.000000000310476622e+01
2.000000000029761793e+01
2.000000027888276222e+01
2.000000000270916800e+01
2.000000160540794880e+01
2.000000000735617078e+01
2.000000000269856670e+01
2.000000002582474679e+01
2.000000450697837806e+01
2.000000023875076849e+01
2.000000006786963525e+01
2.000001623593872679e+01
2.000000000437354331e+01
2.000000000253821142e+01
2.000000019230584059e+01
2.000000000246393839e+01
2.000002577268377024e+01
2.000000025543729976e+01
2.000004329982381890e+01
2.000001371162489505e+01
2.000000000226295427e+01
2.000000148236695807e+01
2.000000827006591209e+01
2.000000002324985005e+01
2.000004728452081437e+01
2.000000004710385326e+01
2.000000000307780113e+01
2.000001499448978137e+01
2.000000000237172770e+01
2.000000000276634182e+01
2.000000006243160655e+01
2.000000000299236191e+01
2.000000038305248040e+01
2.000000004157204714e+01
2.000000000094562935e+01
2.000000000294663849e+01
2.000003440189933102e+01
2.000000300796591901e+01
2.000000000302403791e+01
2.000001312465503389e+01
2.000000028479066927e+01
2.000000008878833668e+01
2.000000001184604059e+01
2.000000000390532051e+01
2.000000011759370722e+01
2.000000000197563210e+01
2.000001329027181640e+01
2.000000000308136450e+01
2.000000923084521176e+01
2.000003383432579085e+01
2.000000000226366126e+01
2.000000000283722201e+01
2.000000000864268301e+01
2.000000000722336679e+01
2.000000000289026048e+01
2.000001303979400902e+01
2.000000000293758262e+01
2.000000000191059257e+01
2.000000000207923634e+01
2.000000000763855112e+01
2.000000000313864135e+01
2.000000239285476056e+01
2.000000000382702581e+01
2.000000022478921125e+01
2.000000000295434788e+01
2.000000003341865451e+01
2.000000000723781213e+01
2.000000000278624768e+01
2.000000000857163229e+01
2.000000602536799121e+01
2.000000000712054060e+01
2.000000675917136661e+01
2.000000000335099415e+01
2.000000679173211182e+01
2.000000183048211611e+01
2.000000000467922945e+01
2.000000816840813300e+01
2.000000779944393869e+01
2.000000000307459302e+01
2.000005715389062999e+01
2.000002073761245214e+01
2.000000004128523656e+01
2.000000001102002045e+01
2.000000047132803260e+01
2.000000000575378323e+01
2.000000000619702334e+01
2.000000002605197835e+01
2.000001014115114728e+01
2.000002756248808922e+01
2.000004935472092527e+01
2.000000371140254529e+01
2.000000000243375453e+01
2.000000588223831954e+01
2.000001866577659726e+01
2.000000019720577527e+01
2.000000004905592732e+01
2.000000000138426870e+01
2.000000000596415362e+01
2.000000000233614728e+01
2.000000000327326077e+01
2.000000000287506907e+01
2.000000000420631707e+01
2.000000000683951029e+01
2.000002484943965442e+01
2.000000043218518542e+01
2.000005130998459890e+01
2.000000000619764506e+01
2.000000002543212574e+01
2.000004713436193171e+01
2.000002558559342347e+01
2.000000006243160655e+01
2.000000145957981346e+01
2.000000000251097276e+01
2.000000000324892468e+01
2.000000036380277280e+01
2.000000000256564903e+01
2.000000004630637207e+01
2.000001226221622019e+01
2.000000000392748589e+01
2.000000003089072109e+01
2.000000000296200753e+01
2.000000000260216737e+01
2.000000740400901478e+01
2.000000000364900998e+01
2.000000000975032677e+01
2.000000001707091712e+01
2.000000444457300830e+01
2.000000487478153488e+01
2.000000000788636356e+01
2.000002820235394907e+01
2.000003096542393166e+01
2.000005393337297122e+01
2.000000000240607889e+01
2.000000046224779382e+01
2.000001635224304053e+01
2.000000000176342496e+01
2.000000017586603818e+01
2.000000000239553088e+01
2.000000039915690309e+01
2.000000379843923426e+01
2.000000460917018330e+01
2.000002270662892911e+01
2.000000005048586260e+01
2.000000611618344593e+01
2.000000019230584059e+01
2.000000064847698766e+01
2.000000000313626813e+01
2.000000000268491718e+01
2.000000000228363106e+01
2.000000000306672732e+01
2.000000225645887397e+01
2.000002874856413371e+01
2.000000006426788346e+01
2.000000656314050573e+01
2.000000000224633467e+01
2.000000000338239659e+01
2.000000003480564814e+01
2.000000000745909645e+01
2.000000000209170636e+01
2.000000000479983342e+01
2.000000000648353549e+01
2.000000000176482118e+01
2.000000000266646438e+01
2.000000000266621925e+01
2.000000026361797367e+01
2.000000000323050031e+01
2.000000045654407188e+01
2.000000005246139523e+01
2.000000000259128186e+01
2.000000000249326249e+01
2.000000000322597771e+01
2.000000000142459555e+01
2.000000008853075073e+01
2.000000000280338242e+01
2.000000629446017086e+01
2.000000005035355244e+01
2.000000001101807712e+01
2.000000000244185827e+01
2.000000075962078228e+01
2.000000000227265673e+01
2.000000003746582777e+01
2.000000232934186428e+01
2.000000009504357479e+01
2.000000055160823464e+01
2.000000000336664741e+01
2.000000000283354140e+01
2.000000181022770107e+01
2.000002561303074700e+01
2.000000000418905799e+01
2.000000012262432136e+01
2.000000226964507988e+01
2.000000000710071291e+01
2.000001982116690158e+01
2.000000000284853385e+01
2.000000014792262348e+01
2.000000000755180807e+01
2.000000488138518406e+01
2.000000050641982696e+01
2.000000000215777263e+01
2.000000000258784638e+01
2.000000000224234498e+01
2.000000010497630853e+01
2.000000000277122325e+01
2.000000004812507370e+01
2.000000000377281850e+01
2.000000106080598883e+01
2.000000000327958460e+01
2.000000000399904820e+01
2.000000000233260522e+01
2.000000000313216120e+01
2.000005674016263413e+01
2.000000000657158949e+01
2.000000000255505128e+01
2.000000002221770856e+01
2.000003294395942177e+01
2.000005640898902826e+01
2.000000000812195111e+01
2.000001303979400902e+01
2.000000006193475599e+01
2.000000391839251890e+01
2.000000002664208054e+01
2.000000000272693157e+01
2.000000000335539596e+01
2.000000000290534174e+01
2.000000000229356445e+01
2.000000000448926940e+01
2.000000000438334169e+01
2.000000001723251586e+01
2.000000212450934001e+01
2.000000000292708435e+01
2.000000000550499735e+01
2.000000020721964944e+01
2.000000002217081629e+01
2.000000474383713467e+01
2.000000115183439675e+01
2.000004108772185418e+01
2.000000052423033026e+01
2.000000037615017234e+01
2.000000006383226392e+01
2.000000000133848843e+01
2.000001270331672742e+01
2.000000578593320100e+01
2.000000004556099853e+01
2.000000000272455125e+01
2.000000020585340366e+01
2.000000000313577075e+01
2.000000000434392433e+01
2.000000000327166205e+01
2.000000000283943891e+01
2.000000915525724920e+01
2.000000000208173390e+01
2.000000035136002552e+01
2.000000001321844323e+01
2.000000000222569696e+01
2.000000004126352593e+01
2.000000000647202114e+01
2.000000002070444438e+01
2.000000105922384463e+01
2.000000122401327118e+01
2.000000000292806845e+01
2.000002139913767962e+01
2.000000000337681882e+01
2.000000001264561789e+01
2.000000000317736593e+01
2.000002343552946726e+01
2.000000673324991496e+01
2.000000000245205101e+01
2.000000001181058451e+01
2.000000022786952414e+01
2.000000000273500333e+01
2.000000000331186101e+01
2.000000992065419325e+01
2.000000035799815024e+01
2.000000000348302720e+01
2.000000000287451130e+01
2.000000000384962462e+01
2.000000058826841709e+01
2.000000016175151529e+01
2.000000210002520618e+01
2.000001205543096106e+01
2.000000000558590685e+01
2.000000002068491156e+01
2.000000000298026137e+01
2.000000045502898871e+01
2.000000000474281947e+01
2.000000000298821945e+01
2.000000000291178637e+01
2.000002360839119575e+01
2.000000023751413281e+01
2.000000000255521115e+01
2.000000000304273939e+01
2.000000000258424393e+01
2.000000000335353079e+01
2.000000986572056050e+01
2.000000005261401625e+01
2.000000000339154838e+01
2.000000000193541183e+01
2.000002146077539322e+01
2.000000000102538422e+01
2.000000000197127292e+01
2.000000000377024989e+01
2.000000081027397414e+01
2.000000000384198984e+01
2.000000000312613935e+01
2.000000003508236190e+01
2.000000143860053115e+01
2.000000004099359074e+01
2.000000004910094731e+01
2.000000350918928760e+01
2.000000000326762617e+01
2.000003253908609935e+01
2.000000000761648167e+01
2.000000140511413349e+01
2.000000004589772118e+01
2.000000000782016585e+01
2.000005168827203406e+01
2.000000000616708462e+01
2.000000000283300494e+01
2.000002427164071861e+01
2.000000010480044921e+01
2.000000686798987104e+01
2.000000390801985262e+01
2.000000000170911463e+01
2.000000001269948413e+01
2.000000000502897279e+01
2.000000002339779215e+01
2.000000540466453103e+01
2.000000008006600183e+01
2.000000000285859869e+01
2.000000000224261854e+01
2.000000247317068514e+01
2.000000000216602913e+01
2.000000000815063927e+01
2.000000000422360813e+01
2.000000000394195965e+01
2.000000788445785460e+01
2.000000000460908467e+01
2.000000319412407634e+01
2.000000001823210383e+01
2.000000010099625314e+01
2.000000000314083337e+01
2.000000001336129785e+01
2.000000000141995571e+01
2.000000000326044969e+01
2.000000000113971055e+01
2.000000000284710211e+01
2.000000000593724891e+01
2.000000001667486060e+01
2.000000000503357711e+01
2.000000000744169526e+01
2.000000091452884732e+01
2.000002201291660597e+01
2.000000001516783854e+01
2.000000000383745302e+01
2.000002861695350376e+01
2.000000333098888561e+01
2.000000001462533561e+01
2.000001612539117346e+01
2.000000022144536160e+01
2.000000068616879645e+01
2.000000000289485769e+01
2.000000000384198984e+01
2.000000000262991051e+01
2.000000049945225200e+01
2.000000006406148145e+01
2.000000963365346607e+01
2.000000000377797704e+01
2.000001021421508796e+01
2.000000000169810832e+01
2.000000071704745963e+01
2.000000000146537715e+01
2.000000000248646259e+01
2.000000000322597771e+01
2.000000000217310259e+01
2.000001542672190169e+01
2.000000000195822736e+01
2.000004658799153745e+01
2.000000001322565168e+01
2.000000000375843356e+01
2.000003063269078041e+01
2.000000000295059976e+01
2.000001378068140312e+01
2.000000000176183335e+01
2.000000414065539900e+01
2.000001517293440045e+01
2.000000000188360261e+01
2.000000000345670514e+01
2.000000036380277280e+01
2.000000000264709854e+01
2.000000019096430037e+01
2.000001563383387193e+01
2.000000000322178195e+01
2.000000154907760574e+01
2.000000001142053208e+01
2.000000588249304911e+01
2.000000008512109773e+01
2.000005335190094868e+01
2.000000005434953110e+01
2.000000000522422638e+01
2.000000001987077169e+01
2.000000045502898871e+01
2.000000235875736010e+01
2.000000000103321440e+01
2.000000000049945825e+01
2.000003784403447327e+01
2.000000008470286517e+01
2.000000006844481959e+01
2.000000001970747121e+01
2.000000000394714306e+01
2.000005547495979386e+01
2.000000006047620715e+01
2.000000000701208691e+01
2.000000000315556647e+01
2.000001265820892726e+01
2.000002386720086989e+01
2.000000001190104726e+01
2.000000002963728107e+01
2.000000122401327118e+01
2.000000000285098167e+01
2.000000766012079012e+01
