2.000000000208707363e+01
2.000000000218471641e+01
2.000000000211221263e+01
2.000000000110060228e+01
2.000000000209517736e+01
2.000000000218367902e+01
2.000000000182937399e+01
2.000000000198891925e+01
2.000000000158950542e+01
2.000000000157333702e+01
2.000000000183731075e+01
2.000000000182242843e+01
2.000000000185413640e+01
2.000000000089236707e+01
2.000000000218941665e+01
2.000000000216054019e+01
2.000000000142608059e+01
2.000000000206210871e+01
2.000000000106549791e+01
2.000000000160327573e+01
2.000000000142136969e+01
2.000000000128952493e+01
2.000000000183414173e+01
2.000000000179025861e+01
2.000000000206183870e+01
2.000000000203137063e+01
2.000000000212060058e+01
2.000000000201003303e+01
2.000000000216268603e+01
2.000000000203419148e+01
2.000000000197966443e+01
2.000000000205868389e+01
2.000000000128247635e+01
2.000000000119896271e+01
2.000000000207694839e+01
2.000000000158673430e+01
2.000000000213936957e+01
2.000000000182894055e+01
2.000000000194527772e+01
2.000000000204228101e+01
2.000000000183976212e+01
2.000000000203971595e+01
2.000000000157014668e+01
2.000000000181173831e+01
2.000000000183083415e+01
2.000000000157920965e+01
2.000000000053834981e+01
2.000000000214701501e+01
2.000000000190162197e+01
2.000000000219923635e+01
2.000000000104735420e+01
2.000000000187595717e+01
2.000000000136587985e+01
2.000000000214461693e+01
2.000000000195298711e+01
2.000000000207738182e+01
2.000000000199649008e+01
2.000000000190640392e+01
2.000000000167076308e+01
2.000000000073223205e+01
2.000000000166620140e+01
2.000000000197614014e+01
2.000000000170964753e+01
2.000000000173989889e+01
2.000000000136935441e+01
2.000000000202567563e+01
2.000000000181830728e+01
2.000000000206824424e+01
2.000000000114522081e+01
2.000000000085676177e+01
2.000000000177817938e+01
2.000000000046926374e+01
2.000000000201455208e+01
2.000000000218993534e+01
2.000000000196866878e+01
2.000000000207180761e+01
2.000000000220498109e+01
2.000000000113852749e+01
2.000000000195969108e+01
2.000000000202040340e+01
2.000000000218344098e+01
2.000000000155549884e+01
2.000000000187202431e+01
2.000000000151269575e+01
2.000000000138345158e+01
2.000000000218651408e+01
2.000000000098771480e+01
2.000000000138661704e+01
2.000000000213511342e+01
2.000000000107382903e+01
2.000000000168440550e+01
2.000000000153102064e+01
2.000000000148886414e+01
2.000000000133041667e+01
2.000000000174746262e+01
2.000000000203931094e+01
2.000000000182597404e+01
2.000000000187293736e+01
2.000000000163267799e+01
2.000000000172142833e+01
2.000000000200153849e+01
2.000000000211713314e+01
2.000000000182638615e+01
2.000000000211758078e+01
2.000000000124688881e+01
2.000000000166812342e+01
2.000000000202603800e+01
2.000000000183818827e+01
2.000000000171975501e+01
2.000000000191806748e+01
2.000000000151632662e+01
2.000000000219812080e+01
2.000000000170499348e+01
2.000000000031937830e+01
2.000000000113598375e+01
2.000000000185773175e+01
2.000000000180517290e+01
2.000000000192723704e+01
2.000000000209034923e+01
2.000000000217248086e+01
2.000000000197740135e+01
2.000000000179056414e+01
2.000000000076503071e+01
2.000000000064620664e+01
2.000000000187806393e+01
2.000000000201950456e+01
2.000000000119930377e+01
2.000000000211356266e+01
2.000000000145736223e+01
2.000000000187296223e+01
2.000000000210099316e+01
2.000000000169560010e+01
2.000000000119018395e+01
2.000000000189054816e+01
2.000000000059264238e+01
2.000000000186245330e+01
2.000000000011135981e+01
2.000000000214654250e+01
2.000000000161351821e+01
2.000000000191541361e+01
2.000000000211927897e+01
2.000000000208970263e+01
2.000000000219803553e+01
2.000000000192120808e+01
2.000000000181631066e+01
2.000000000193610106e+01
2.000000000117735866e+01
2.000000000181923099e+01
2.000000000218853202e+01
2.000000000046692605e+01
2.000000000210447837e+01
2.000000000137169920e+01
2.000000000192357064e+01
2.000000000124816779e+01
2.000000000216016005e+01
2.000000000166325265e+01
2.000000000135543488e+01
2.000000000211521822e+01
2.000000000195129601e+01
2.000000000041872283e+01
2.000000000220407159e+01
2.000000000148685686e+01
2.000000000208268602e+01
2.000000000166438241e+01
2.000000000156648383e+01
2.000000000195456451e+01
2.000000000214569695e+01
2.000000000200898143e+01
2.000000000125331923e+01
2.000000000218313545e+01
2.000000000170953740e+01
2.000000000212305551e+01
2.000000000207544204e+01
2.000000000206416573e+01
2.000000000162836145e+01
2.000000000206021156e+01
2.000000000164406444e+01
2.000000000208724060e+01
2.000000000170852488e+01
2.000000000207603534e+01
2.000000000116202870e+01
2.000000000155472435e+01
2.000000000202224015e+01
2.000000000117662680e+01
2.000000000198241423e+01
2.000000000088123286e+01
2.000000000190179250e+01
2.000000000188671123e+01
2.000000000202298978e+01
2.000000000201367101e+01
2.000000000220099849e+01
2.000000000167107927e+01
2.000000000217398011e+01
2.000000000160235203e+01
2.000000000043289461e+01
2.000000000142772194e+01
2.000000000179073112e+01
2.000000000190464533e+01
2.000000000179457160e+01
2.000000000098372510e+01
2.000000000204407513e+01
2.000000000138195588e+01
2.000000000178210513e+01
2.000000000184050108e+01
2.000000000189054816e+01
2.000000000176788006e+01
2.000000000218226859e+01
2.000000000211138484e+01
2.000000000141983492e+01
2.000000000095661079e+01
2.000000000170108194e+01
2.000000000140102685e+01
2.000000000076736839e+01
2.000000000193610106e+01
2.000000000170463821e+01
2.000000000208312656e+01
2.000000000147920787e+01
2.000000000041542236e+01
2.000000000183658599e+01
2.000000000160745373e+01
2.000000000166642877e+01
2.000000000009264411e+01
2.000000000108018838e+01
2.000000000211552376e+01
2.000000000169366032e+01
2.000000000218560459e+01
2.000000000154062008e+01
2.000000000174531323e+01
2.000000000144392587e+01
2.000000000128901689e+01
2.000000000174051351e+01
2.000000000160656199e+01
2.000000000169791647e+01
2.000000000201566053e+01
2.000000000151635504e+01
2.000000000035432635e+01
2.000000000123026922e+01
2.000000000036179415e+01
2.000000000176603976e+01
2.000000000185687909e+01
2.000000000218480878e+01
2.000000000180307325e+01
2.000000000199851158e+01
2.000000000159094071e+01
2.000000000196164152e+01
2.000000000214614104e+01
2.000000000201194439e+01
2.000000000137383083e+01
2.000000000192611793e+01
2.000000000201150030e+01
2.000000000211323936e+01
2.000000000163462133e+01
2.000000000198549444e+01
2.000000000140789780e+01
2.000000000134870959e+01
2.000000000104261844e+01
2.000000000167544201e+01
2.000000000097218589e+01
2.000000000211873186e+01
2.000000000181441706e+01
2.000000000194781435e+01
2.000000000087468166e+01
2.000000000215731788e+01
2.000000000194851424e+01
2.000000000184396143e+01
2.000000000161158553e+01
2.000000000217549356e+01
2.000000000217707452e+01
2.000000000164614988e+01
2.000000000056120442e+01
2.000000000217712426e+01
2.000000000164365233e+01
2.000000000176459025e+01
2.000000000220393659e+01
2.000000000201007211e+01
2.000000000148961021e+01
2.000000000167842273e+01
2.000000000199165839e+01
2.000000000208246220e+01
2.000000000148823887e+01
2.000000000044037662e+01
2.000000000177904269e+01
2.000000000211871765e+01
2.000000000183730364e+01
2.000000000195376515e+01
2.000000000191620231e+01
2.000000000163158731e+01
2.000000000179519333e+01
2.000000000175177206e+01
2.000000000159922564e+01
2.000000000200153849e+01
2.000000000080288842e+01
2.000000000210435047e+01
2.000000000060742167e+01
2.000000000044951776e+01
2.000000000196947525e+01
2.000000000207996464e+01
2.000000000130188837e+01
2.000000000099420561e+01
2.000000000167420922e+01
2.000000000128514444e+01
2.000000000202336992e+01
2.000000000188641636e+01
2.000000000211118234e+01
2.000000000218881979e+01
2.000000000218828333e+01
2.000000000193390548e+01
2.000000000130060940e+01
2.000000000180230586e+01
2.000000000210389572e+01
2.000000000214255280e+01
2.000000000109305631e+01
2.000000000107548814e+01
2.000000000120695276e+01
2.000000000137764644e+01
2.000000000167987579e+01
2.000000000128787292e+01
2.000000000157209357e+01
2.000000000202717487e+01
2.000000000160826019e+01
2.000000000184644477e+01
2.000000000038896886e+01
2.000000000039340975e+01
2.000000000216994067e+01
2.000000000169345782e+01
2.000000000162245684e+01
2.000000000217249863e+01
2.000000000198103933e+01
2.000000000218559748e+01
2.000000000202589945e+01
2.000000000155342406e+01
2.000000000041997694e+01
2.000000000200079953e+01
2.000000000172006764e+01
2.000000000210490114e+01
2.000000000102579989e+01
2.000000000207287343e+01
2.000000000207120010e+01
2.000000000215332463e+01
2.000000000195320027e+01
2.000000000174590653e+01
2.000000000188028793e+01
2.000000000195169392e+01
2.000000000207388950e+01
2.000000000159125690e+01
2.000000000172825310e+01
2.000000000194856753e+01
2.000000000167707626e+01
2.000000000177950810e+01
2.000000000214352625e+01
2.000000000206405559e+01
2.000000000181615079e+01
2.000000000207410977e+01
2.000000000089038110e+01
2.000000000180983406e+01
2.000000000177263004e+01
2.000000000036179415e+01
2.000000000203794315e+01
2.000000000164849112e+01
2.000000000179473858e+01
2.000000000124660104e+01
2.000000000111899467e+01
2.000000000220268959e+01
2.000000000194186001e+01
2.000000000149981716e+01
2.000000000218620855e+01
2.000000000180486737e+01
2.000000000063857186e+01
2.000000000126993172e+01
2.000000000186062366e+01
2.000000000047494808e+01
2.000000000210447837e+01
2.000000000214476259e+01
2.000000000167107927e+01
2.000000000069846706e+01
2.000000000191155536e+01
2.000000000207228013e+01
2.000000000194149052e+01
2.000000000196985539e+01
2.000000000175423054e+01
2.000000000159914393e+01
2.000000000176423498e+01
2.000000000029558578e+01
2.000000000214219753e+01
2.000000000214756213e+01
2.000000000193779570e+01
2.000000000187991489e+01
2.000000000171175429e+01
2.000000000180036253e+01
2.000000000141142564e+01
2.000000000083226936e+01
2.000000000184443749e+01
2.000000000136282097e+01
2.000000000169768199e+01
2.000000000140946810e+01
2.000000000153488955e+01
2.000000000135579015e+01
2.000000000093630703e+01
2.000000000140131107e+01
2.000000000162103220e+01
2.000000000217766782e+01
2.000000000177904269e+01
2.000000000218316387e+01
2.000000000211211315e+01
2.000000000218548024e+01
2.000000000197570316e+01
2.000000000174858883e+01
2.000000000199629469e+01
2.000000000168990866e+01
2.000000000090570396e+01
2.000000000156941127e+01
2.000000000208580531e+01
2.000000000133136524e+01
2.000000000170011205e+01
2.000000000182044246e+01
2.000000000190422256e+01
2.000000000213408313e+01
2.000000000137637102e+01
2.000000000196354577e+01
2.000000000213336904e+01
2.000000000104641629e+01
2.000000000187102245e+01
2.000000000192018490e+01
2.000000000178498638e+01
2.000000000215091944e+01
2.000000000218830820e+01
2.000000000214551577e+01
2.000000000193218241e+01
2.000000000207287343e+01
2.000000000202232542e+01
2.000000000160802571e+01
2.000000000193392680e+01
2.000000000113507070e+01
2.000000000179056414e+01
2.000000000181650606e+01
2.000000000210497575e+01
2.000000000216259721e+01
2.000000000111567289e+01
2.000000000111248966e+01
2.000000000197845296e+01
2.000000000177407600e+01
2.000000000179791115e+01
2.000000000194466665e+01
2.000000000204081374e+01
2.000000000172944326e+01
2.000000000075091933e+01
2.000000000196694216e+01
2.000000000206865991e+01
2.000000000149243107e+01
2.000000000193382732e+01
2.000000000178870607e+01
2.000000000176467907e+01
2.000000000150775747e+01
2.000000000084994767e+01
2.000000000117017507e+01
2.000000000207320028e+01
2.000000000153671209e+01
2.000000000056223115e+01
2.000000000122031452e+01
2.000000000121890764e+01
2.000000000186128801e+01
2.000000000190011207e+01
2.000000000160759939e+01
2.000000000198776107e+01
2.000000000203920791e+01
2.000000000139543843e+01
2.000000000170008718e+01
2.000000000208170192e+01
2.000000000151787916e+01
2.000000000188341431e+01
2.000000000190305371e+01
2.000000000204078177e+01
2.000000000077489659e+01
2.000000000019426594e+01
2.000000000204485318e+01
2.000000000216067875e+01
2.000000000134301104e+01
2.000000000220137863e+01
2.000000000189508143e+01
2.000000000149747592e+01
2.000000000195462491e+01
2.000000000185069027e+01
2.000000000162367186e+01
2.000000000111112897e+01
2.000000000216458673e+01
2.000000000171706205e+01
2.000000000186098958e+01
2.000000000193677607e+01
2.000000000180544291e+01
2.000000000060776273e+01
2.000000000205624673e+01
2.000000000197369943e+01
2.000000000211707274e+01
2.000000000057116978e+01
2.000000000218426521e+01
2.000000000218010499e+01
2.000000000209247730e+01
2.000000000209917062e+01
2.000000000216204299e+01
2.000000000153875135e+01
2.000000000141415413e+01
2.000000000167457515e+01
2.000000000113341159e+01
2.000000000216054019e+01
2.000000000177341164e+01
2.000000000214076934e+01
2.000000000210702211e+01
2.000000000085099572e+01
2.000000000134315670e+01
2.000000000174079418e+01
2.000000000186922122e+01
2.000000000208634532e+01
2.000000000105580256e+01
2.000000000148762780e+01
2.000000000193149674e+01
2.000000000194951610e+01
2.000000000150141588e+01
2.000000000214760831e+01
2.000000000131507250e+01
2.000000000172167702e+01
2.000000000197440997e+01
2.000000000102387432e+01
2.000000000178588522e+01
2.000000000209290718e+01
2.000000000186664550e+01
2.000000000112174092e+01
2.000000000149658419e+01
2.000000000175515069e+01
2.000000000095196739e+01
2.000000000114522081e+01
2.000000000193091765e+01
2.000000000182762605e+01
2.000000000210798845e+01
2.000000000114651399e+01
2.000000000217685425e+01
2.000000000193846361e+01
2.000000000128659039e+01
2.000000000165004010e+01
2.000000000181177029e+01
2.000000000202838635e+01
2.000000000166718195e+01
2.000000000217126939e+01
2.000000000160909153e+01
2.000000000136673606e+01
2.000000000220341079e+01
2.000000000168183689e+01
2.000000000146425805e+01
2.000000000211176499e+01
2.000000000206447481e+01
2.000000000183722904e+01
2.000000000209235296e+01
2.000000000214476614e+01
2.000000000195692706e+01
2.000000000162146563e+01
2.000000000216968843e+01
2.000000000219771934e+01
2.000000000189256966e+01
2.000000000216587637e+01
2.000000000169269043e+01
2.000000000158810565e+01
2.000000000217288942e+01
2.000000000125965016e+01
2.000000000130320288e+01
2.000000000219106155e+01
2.000000000218766161e+01
2.000000000206865991e+01
2.000000000179538162e+01
2.000000000186641458e+01
2.000000000163549529e+01
2.000000000195666772e+01
2.000000000104544284e+01
2.000000000149642432e+01
2.000000000157045221e+01
2.000000000150110679e+01
2.000000000200438421e+01
2.000000000154152247e+01
2.000000000167115388e+01
2.000000000215230145e+01
2.000000000198904715e+01
2.000000000171642611e+01
2.000000000159415947e+01
2.000000000219766960e+01
2.000000000048785154e+01
2.000000000182148341e+01
2.000000000116208199e+01
2.000000000153104551e+01
2.000000000040038373e+01
2.000000000107351639e+01
2.000000000152344626e+01
2.000000000149798041e+01
2.000000000200992645e+01
2.000000000173476877e+01
2.000000000219947083e+01
2.000000000179160509e+01
2.000000000119852217e+01
2.000000000214352625e+01
2.000000000178379977e+01
2.000000000173181292e+01
2.000000000219805329e+01
2.000000000192329352e+01
2.000000000159820246e+01
2.000000000219090168e+01
2.000000000217792007e+01
2.000000000159108282e+01
2.000000000045871928e+01
2.000000000191801064e+01
2.000000000148582302e+01
2.000000000142849643e+01
2.000000000195761274e+01
2.000000000174581061e+01
2.000000000101175601e+01
2.000000000217112017e+01
2.000000000181685422e+01
2.000000000047531046e+01
2.000000000052886762e+01
2.000000000172545001e+01
2.000000000207083062e+01
2.000000000172870429e+01
2.000000000204821760e+01
2.000000000213168150e+01
2.000000000204308748e+01
2.000000000122120625e+01
2.000000000197340810e+01
2.000000000166869185e+01
2.000000000042011195e+01
2.000000000161277924e+01
2.000000000114460619e+01
2.000000000131073463e+01
2.000000000203514361e+01
2.000000000090398089e+01
2.000000000044226667e+01
2.000000000154652824e+01
2.000000000210645368e+01
2.000000000212612861e+01
2.000000000185045224e+01
2.000000000179661797e+01
2.000000000191558769e+01
2.000000000211026219e+01
2.000000000096141761e+01
2.000000000149755053e+01
2.000000000201166372e+01
2.000000000192449789e+01
2.000000000216848051e+01
2.000000000136835610e+01
2.000000000196581240e+01
2.000000000182880200e+01
2.000000000153274016e+01
2.000000000201720241e+01
2.000000000196590477e+01
2.000000000182491533e+01
2.000000000168232361e+01
2.000000000041997694e+01
2.000000000178586745e+01
2.000000000050127369e+01
2.000000000200357064e+01
2.000000000115938192e+01
2.000000000168487801e+01
2.000000000215230145e+01
2.000000000060806471e+01
2.000000000116472521e+01
2.000000000196779126e+01
2.000000000097104547e+01
2.000000000094633279e+01
2.000000000211811013e+01
2.000000000119852217e+01
2.000000000173764292e+01
2.000000000201477945e+01
2.000000000179137771e+01
2.000000000203958450e+01
2.000000000218023288e+01
2.000000000175042558e+01
2.000000000203226236e+01
2.000000000088013863e+01
2.000000000212946105e+01
2.000000000183568005e+01
2.000000000146740575e+01
2.000000000167722902e+01
2.000000000195809235e+01
2.000000000167498015e+01
2.000000000103868913e+01
2.000000000165123382e+01
2.000000000214501128e+01
2.000000000190987492e+01
2.000000000166368253e+01
2.000000000139359102e+01
2.000000000118183152e+01
2.000000000195238670e+01
2.000000000147039358e+01
2.000000000178510007e+01
2.000000000161220726e+01
2.000000000220333263e+01
2.000000000134039269e+01
2.000000000194169658e+01
2.000000000215770513e+01
2.000000000158615876e+01
2.000000000186392768e+01
2.000000000183326421e+01
2.000000000216191864e+01
2.000000000041021408e+01
2.000000000046692605e+01
2.000000000163315761e+01
2.000000000204240180e+01
2.000000000144229162e+01
2.000000000159639768e+01
2.000000000197530525e+01
2.000000000187404225e+01
2.000000000213402629e+01
2.000000000176838100e+01
2.000000000163159442e+01
2.000000000132084210e+01
2.000000000189992733e+01
2.000000000166325265e+01
2.000000000210277307e+01
2.000000000213190532e+01
2.000000000212375184e+01
2.000000000136643763e+01
2.000000000212477147e+01
2.000000000208244089e+01
2.000000000171858616e+01
2.000000000209085016e+01
2.000000000204801864e+01
2.000000000199719352e+01
2.000000000186512139e+01
2.000000000149809765e+01
2.000000000192120808e+01
2.000000000102449604e+01
2.000000000185136173e+01
2.000000000212916618e+01
2.000000000129843869e+01
2.000000000084542506e+01
2.000000000193587013e+01
2.000000000201351824e+01
2.000000000195397831e+01
2.000000000175115744e+01
2.000000000199498373e+01
2.000000000146379975e+01
2.000000000218711449e+01
2.000000000180150650e+01
2.000000000213989182e+01
2.000000000215637641e+01
2.000000000164769531e+01
2.000000000115957732e+01
2.000000000119394983e+01
2.000000000151269575e+01
2.000000000189054816e+01
2.000000000204685335e+01
2.000000000190394545e+01
2.000000000150953383e+01
2.000000000215257145e+01
2.000000000167722902e+01
2.000000000210923190e+01
2.000000000216814655e+01
2.000000000189452720e+01
2.000000000207799289e+01
2.000000000199336370e+01
2.000000000216438067e+01
2.000000000201041317e+01
2.000000000203412398e+01
2.000000000187601401e+01
2.000000000175504766e+01
2.000000000141005430e+01
2.000000000089530516e+01
2.000000000082374285e+01
2.000000000206371453e+01
2.000000000198100736e+01
2.000000000169420389e+01
2.000000000146566137e+01
2.000000000116769527e+01
2.000000000177510628e+01
2.000000000210734896e+01
2.000000000080402529e+01
2.000000000162532388e+01
2.000000000193228900e+01
2.000000000088123642e+01
2.000000000146884105e+01
2.000000000203416306e+01
2.000000000170097181e+01
2.000000000216581952e+01
2.000000000169643144e+01
2.000000000175394632e+01
2.000000000201222861e+01
2.000000000218658869e+01
2.000000000059264238e+01
2.000000000199284855e+01
2.000000000205454498e+01
2.000000000219923635e+01
2.000000000029858782e+01
2.000000000175143811e+01
2.000000000197008276e+01
2.000000000214030393e+01
2.000000000135277745e+01
2.000000000091753805e+01
2.000000000132502009e+01
2.000000000174432202e+01
2.000000000153385926e+01
2.000000000136176226e+01
2.000000000170528480e+01
2.000000000162152247e+01
2.000000000139272061e+01
2.000000000207320028e+01
2.000000000213367102e+01
2.000000000177254478e+01
2.000000000208450501e+01
2.000000000150151180e+01
2.000000000094521013e+01
2.000000000170249592e+01
2.000000000187736049e+01
2.000000000069761086e+01
2.000000000191075245e+01
2.000000000209002948e+01
2.000000000192559213e+01
2.000000000205477946e+01
2.000000000098408748e+01
2.000000000215998242e+01
2.000000000178275883e+01
2.000000000171597492e+01
2.000000000086580343e+01
2.000000000214039275e+01
2.000000000159197455e+01
2.000000000212826379e+01
2.000000000078694740e+01
2.000000000012050450e+01
2.000000000190549443e+01
2.000000000217535145e+01
2.000000000162433622e+01
2.000000000206214423e+01
2.000000000219325003e+01
2.000000000175671033e+01
2.000000000108199316e+01
2.000000000211735696e+01
2.000000000216188667e+01
2.000000000081978868e+01
2.000000000205421458e+01
2.000000000172435932e+01
2.000000000203226591e+01
2.000000000171975501e+01
2.000000000168706649e+01
2.000000000132197897e+01
2.000000000200574846e+01
2.000000000031378988e+01
2.000000000146241419e+01
2.000000000186316385e+01
2.000000000212598295e+01
2.000000000155390723e+01
2.000000000147423762e+01
2.000000000082554408e+01
2.000000000174635773e+01
2.000000000211237960e+01
2.000000000202033590e+01
2.000000000098891562e+01
2.000000000072514084e+01
2.000000000216597584e+01
2.000000000161180580e+01
2.000000000203080575e+01
2.000000000153535495e+01
2.000000000201573158e+01
2.000000000174868120e+01
2.000000000184388682e+01
2.000000000149243107e+01
2.000000000213024975e+01
2.000000000188017069e+01
2.000000000114522081e+01
2.000000000115986509e+01
2.000000000174345161e+01
2.000000000187463201e+01
2.000000000137758960e+01
2.000000000151985446e+01
2.000000000185707449e+01
2.000000000201050199e+01
2.000000000219594298e+01
2.000000000101637099e+01
2.000000000135331391e+01
2.000000000216360618e+01
2.000000000183205273e+01
2.000000000150744128e+01
2.000000000196162731e+01
2.000000000119898047e+01
2.000000000157113433e+01
2.000000000184705229e+01
2.000000000191550242e+01
2.000000000113112364e+01
2.000000000199469241e+01
2.000000000217066187e+01
2.000000000181102422e+01
2.000000000210679829e+01
2.000000000156030566e+01
2.000000000101573505e+01
2.000000000068592954e+01
2.000000000138722100e+01
2.000000000214654250e+01
2.000000000122688704e+01
2.000000000177172410e+01
2.000000000171276682e+01
2.000000000156039093e+01
2.000000000193091765e+01
2.000000000171914394e+01
2.000000000201006856e+01
2.000000000153506363e+01
2.000000000197740491e+01
2.000000000216840590e+01
2.000000000186422966e+01
2.000000000159183244e+01
2.000000000145212908e+01
2.000000000197570316e+01
2.000000000156587632e+01
2.000000000192110861e+01
2.000000000200601491e+01
2.000000000185870519e+01
2.000000000207931805e+01
2.000000000178741644e+01
2.000000000175433712e+01
2.000000000162798131e+01
2.000000000187595717e+01
2.000000000153645274e+01
2.000000000096483532e+01
2.000000000206946638e+01
2.000000000175655757e+01
2.000000000100662945e+01
2.000000000206658157e+01
2.000000000119688792e+01
2.000000000199469241e+01
2.000000000188833837e+01
2.000000000189054816e+01
2.000000000217685425e+01
2.000000000180706650e+01
2.000000000140104817e+01
2.000000000187677429e+01
2.000000000218923901e+01
2.000000000198060235e+01
2.000000000203674233e+01
2.000000000208428474e+01
2.000000000160434510e+01
2.000000000100992992e+01
2.000000000200465422e+01
2.000000000204260431e+01
2.000000000214671658e+01
2.000000000182202342e+01
2.000000000170331660e+01
2.000000000192965999e+01
2.000000000189508143e+01
2.000000000165123382e+01
2.000000000190203053e+01
2.000000000206946638e+01
2.000000000210280859e+01
2.000000000034673420e+01
2.000000000179012360e+01
2.000000000090328101e+01
2.000000000103444009e+01
2.000000000195776551e+01
2.000000000161962888e+01
2.000000000143392853e+01
2.000000000154599888e+01
2.000000000159298352e+01
2.000000000211231566e+01
2.000000000063018035e+01
2.000000000137815093e+01
2.000000000217707452e+01
2.000000000190133775e+01
2.000000000115918652e+01
2.000000000210735251e+01
2.000000000220189023e+01
2.000000000208724060e+01
2.000000000174152603e+01
2.000000000166279079e+01
2.000000000023336000e+01
2.000000000182937399e+01
2.000000000171030479e+01
2.000000000154126312e+01
2.000000000128699185e+01
2.000000000164312652e+01
2.000000000190240712e+01
2.000000000213731610e+01
2.000000000220290630e+01
2.000000000209954365e+01
2.000000000203922568e+01
2.000000000157499969e+01
2.000000000129553257e+01
2.000000000141121248e+01
2.000000000209624318e+01
2.000000000064170891e+01
2.000000000194726013e+01
2.000000000194974703e+01
2.000000000213852758e+01
2.000000000134302525e+01
2.000000000157732671e+01
2.000000000121273303e+01
2.000000000050127369e+01
2.000000000155644742e+01
2.000000000156843072e+01
2.000000000189092120e+01
2.000000000216983054e+01
2.000000000213826112e+01
2.000000000170992109e+01
2.000000000054817662e+01
2.000000000136600420e+01
2.000000000130885525e+01
2.000000000167094782e+01
2.000000000182620852e+01
2.000000000119440813e+01
2.000000000053000093e+01
