8.316025721154563399e+00
8.616257938273072625e+00
8.192910020279384753e+00
6.879012198790665167e+00
8.243200327248150217e+00
8.133608172046425722e+00
8.648913240686001203e+00
7.472053731671758570e+00
8.094498585538300262e+00
7.844670251618204304e+00
8.117197114885271958e+00
8.610879154116851453e+00
8.637381887662574087e+00
8.180022261464118927e+00
8.428453957409649533e+00
8.619554907721099113e+00
7.049137766761939261e+00
8.630571059407557755e+00
8.631337604991148993e+00
8.641927151266484586e+00
8.670904332788428093e+00
7.769358603511730799e+00
8.637381887662574087e+00
8.652079571940509695e+00
8.607506669779867892e+00
8.300289225450953268e+00
8.374599506634542223e+00
7.195687225500498663e+00
7.954653507334673357e+00
8.592623164679649150e+00
8.041670187093142630e+00
6.800457420498108085e+00
5.407850938835361276e+00
7.832247648236963400e+00
8.641706417012782637e+00
8.193882532787110762e+00
8.657182325397684508e+00
7.822209759593247824e+00
8.153342144623138665e+00
8.337578355098488103e+00
8.264710192313414083e+00
8.496949539116060990e+00
8.439108096494374323e+00
8.288494497736280664e+00
7.957012009192978574e+00
8.607072285548051482e+00
8.379585362292873540e+00
7.783251126357077609e+00
8.659352402129789184e+00
7.964608343865124951e+00
6.541142383972434970e+00
8.148429984293043660e+00
8.165132134188869628e+00
8.418280258271785499e+00
6.607741467125254786e+00
8.523252807540753651e+00
8.574421307329982866e+00
8.646965385131496262e+00
8.549922287747978800e+00
8.337578355098488103e+00
8.649820455129475505e+00
8.473589011894373968e+00
8.591877533744645135e+00
8.500619893238701152e+00
8.602429511128955042e+00
8.382569125075942651e+00
8.676602669262159395e+00
8.236982065468302139e+00
8.191514167848801264e+00
8.360095357055815413e+00
8.547496417146923875e+00
8.677735427344904551e+00
8.296380893816412083e+00
8.562562327151990615e+00
8.470268653232260192e+00
8.655257824932746757e+00
8.568072523206794244e+00
8.500619893238701152e+00
7.315294450972238849e+00
8.067846627958431327e+00
7.923082343625061696e+00
8.207581078116900741e+00
7.650333319367256912e+00
8.291114881627708044e+00
8.461156456993714770e+00
8.246720920810995281e+00
8.649390391384912391e+00
7.444054630475136491e+00
8.448529501116386342e+00
8.192192256183117749e+00
8.610879154116851453e+00
8.658306982552462117e+00
8.264710192313414083e+00
8.374599506634542223e+00
8.019657785573588882e+00
8.337578355098488103e+00
8.641161715718180147e+00
8.093170866942482888e+00
7.436332954332240064e+00
7.790314895921702565e+00
6.644504440538750778e+00
8.149042515260322972e+00
8.645575590170896163e+00
8.649390391384912391e+00
7.391307863094458419e+00
7.710705051276938171e+00
8.626790901892878338e+00
8.334403609759156950e+00
8.560257534158360215e+00
8.435048071865658414e+00
8.677735427344904551e+00
8.609741645787465814e+00
8.241448972685647689e+00
6.917164660970452239e+00
7.348779785197799619e+00
8.121681473588859390e+00
8.677536153054536072e+00
7.566460619614259642e+00
8.683906449321908028e+00
7.636069086078714818e+00
8.658813608644376103e+00
8.428663364353525367e+00
8.188336653795211362e+00
8.625625077872642876e+00
8.344518840478235333e+00
8.502518332931865430e+00
7.314970771912801872e+00
5.077140520054260975e+00
8.369115243221207479e+00
8.466310007823686590e+00
8.330070988315465996e+00
8.059143757240823547e+00
7.019983255255229260e+00
8.236982065468302139e+00
8.009270397478111647e+00
8.435148968776026379e+00
8.337578355098488103e+00
7.636069086078714818e+00
8.625666087784820135e+00
8.659352402129789184e+00
8.547496417146923875e+00
8.563903378981871484e+00
8.449626280186803839e+00
8.374599506634542223e+00
7.228505068585865168e+00
8.569105946349210967e+00
8.053236396067990910e+00
8.534643093875244446e+00
8.694961322695435868e+00
8.416989127598210274e+00
6.541142383972434970e+00
8.673410242282848515e+00
8.470268653232260192e+00
8.623527390113171265e+00
8.077776090207304804e+00
8.690579166535886912e+00
8.591877533744645135e+00
8.694629598857503083e+00
8.291736954725770659e+00
8.358518718822521620e+00
7.019983255255229260e+00
8.374599506634542223e+00
7.344527792132806709e+00
8.692526996052057697e+00
8.379815343308042230e+00
7.780353503264417547e+00
8.631337604991148993e+00
8.386078538737487875e+00
8.498339005024700299e+00
8.372241204663639635e+00
8.554845134290786746e+00
7.609320143568953476e+00
8.390621167355822863e+00
8.603688279997873778e+00
8.500619893238701152e+00
8.645575590170896163e+00
8.243200327248150217e+00
7.710705051276938171e+00
8.689345092065385856e+00
8.337578355098488103e+00
8.406212241159398246e+00
8.492975686926406809e+00
8.685146783045096797e+00
8.601833675854370753e+00
8.658206545655726671e+00
7.455955322641925953e+00
8.608830867107153395e+00
8.337578355098488103e+00
8.119272557860700346e+00
8.643824505149657611e+00
8.538368913675554950e+00
8.449626280186803839e+00
8.149042515260322972e+00
8.253176377587875479e+00
8.261626750465611124e+00
8.496949539116060990e+00
8.633027680787318303e+00
8.279897489856411497e+00
7.217420761211271518e+00
8.350610734637522015e+00
7.650333319367256912e+00
8.594569588427404483e+00
8.645575590170896163e+00
8.457438177326112694e+00
7.943002533377743646e+00
8.213608071440219760e+00
8.320797796034668181e+00
8.237381183739405088e+00
8.461094099418629000e+00
8.360260629926779430e+00
8.684637052364502452e+00
8.633286538306801816e+00
8.498628687484494293e+00
8.461901185457312735e+00
7.666368039803828971e+00
8.069445661316056118e+00
8.253176377587875479e+00
8.309151088629576520e+00
7.472053731671758570e+00
8.619554907721099113e+00
8.418651678801046145e+00
8.652733589339780096e+00
8.648913240686001203e+00
8.294063814189202688e+00
8.586615724855599652e+00
8.294197508958026432e+00
8.314907281101113767e+00
8.631337604991148993e+00
8.571378891342122941e+00
8.569662154226296735e+00
7.736886909871598661e+00
7.769358603511730799e+00
8.662520632686646849e+00
8.603688279997873778e+00
7.740276967475240966e+00
7.878246911410782261e+00
8.404188765249994475e+00
8.645575590170896163e+00
8.700328886198800404e+00
8.546668347125867982e+00
8.600447710540484181e+00
8.658306982552462117e+00
8.355917324789478684e+00
8.587940407623310790e+00
6.799695630030136329e+00
8.547538348047662993e+00
8.648694795227008569e+00
8.009270397478111647e+00
8.582478581380456717e+00
7.866330115987309135e+00
8.662520632686646849e+00
8.180022261464118927e+00
8.563569287637639249e+00
7.832247648236963400e+00
7.195687225500498663e+00
8.423862683176462696e+00
8.338727592442054970e+00
7.942246331607312193e+00
8.697168849303361426e+00
8.535422831819406753e+00
8.316025721154563399e+00
8.197380616977566703e+00
8.603688279997873778e+00
8.657865404661997388e+00
8.449626280186803839e+00
7.666368039803828971e+00
8.374599506634542223e+00
8.645575590170896163e+00
8.649390391384912391e+00
8.243200327248150217e+00
8.529229187604871143e+00
8.634950448849862070e+00
7.144888271343944552e+00
8.674436980325374691e+00
8.316025721154563399e+00
8.669350494226179649e+00
8.414776166703825666e+00
8.419733348011748220e+00
8.291736954725770659e+00
7.867416619627121577e+00
8.600270877715479045e+00
8.527059780603703842e+00
8.666135753631792227e+00
8.662520632686646849e+00
8.618901451396377311e+00
8.676049998883957670e+00
8.648913240686001203e+00
8.358518718822521620e+00
7.362619286982615918e+00
7.707113993103412497e+00
8.448299491851072318e+00
8.243200327248150217e+00
8.468153865228694954e+00
7.049137766761939261e+00
7.020775923005822428e+00
8.699106062004011264e+00
8.476907119597891338e+00
8.538509310473997971e+00
7.566460619614259642e+00
8.106603144229680424e+00
8.634340569725939218e+00
6.644504440538750778e+00
8.591877533744645135e+00
8.649390391384912391e+00
8.666065304021035587e+00
7.612327349545387811e+00
7.004148289286216134e+00
6.779704931080999586e+00
8.647153509144489547e+00
8.539624002559637717e+00
7.897834324417648766e+00
7.180048019837950157e+00
8.489458250153473884e+00
8.380677871692887138e+00
8.409646547500912561e+00
8.404188765249994475e+00
8.414776166703825666e+00
8.418280258271785499e+00
8.458484906432879313e+00
8.571874827813132924e+00
8.199012158738934630e+00
7.348131912315361447e+00
8.322932318283536191e+00
8.579209262770914890e+00
8.418280258271785499e+00
8.624125919607861235e+00
6.917164660970452239e+00
8.619554907721099113e+00
8.067846627958431327e+00
8.633027680787318303e+00
8.572511705104243873e+00
6.644504440538750778e+00
8.450176384804613861e+00
8.632527814447200853e+00
8.559190519981296319e+00
7.448323052668811783e+00
7.975115553904597476e+00
8.506840665510878807e+00
8.447950395643740507e+00
8.337578355098488103e+00
7.809431850772131867e+00
8.530523475334874206e+00
8.534795063587472086e+00
8.669350494226179649e+00
8.461156456993714770e+00
8.696974691119923051e+00
7.867416619627121577e+00
8.153342144623138665e+00
7.548337851722891401e+00
8.337578355098488103e+00
6.645405888339890765e+00
7.650333319367256912e+00
8.390621167355822863e+00
8.652501911114391930e+00
8.594569588427404483e+00
8.645575590170896163e+00
8.432714421780156400e+00
8.026440396274233890e+00
8.539624002559637717e+00
7.655351476299907532e+00
8.377965736414429543e+00
8.638270628619665104e+00
8.617151237319950141e+00
8.568860746223394997e+00
8.563903378981871484e+00
8.684241017780468752e+00
8.338727592442054970e+00
8.506522829487773052e+00
8.643567233036817399e+00
8.693778923477271547e+00
8.390621167355822863e+00
8.603688279997873778e+00
8.404188765249994475e+00
8.184700920098618937e+00
8.019657785573588882e+00
8.337578355098488103e+00
7.973152771074262013e+00
8.350610734637522015e+00
8.699519997070632726e+00
8.697012974649982908e+00
8.492968955780979101e+00
8.439378714040159934e+00
7.194472209277137154e+00
7.181964141712947836e+00
8.461094099418629000e+00
8.595524888439252109e+00
8.337578355098488103e+00
8.012549905919524207e+00
8.683323103014798150e+00
8.300878492132754971e+00
8.562562327151990615e+00
8.428663364353525367e+00
8.241448972685647689e+00
7.690976955396576109e+00
7.864782546157260690e+00
8.649390391384912391e+00
8.106162351856710302e+00
8.438206284787208133e+00
8.626790901892878338e+00
8.576536022414620319e+00
8.045142922759595194e+00
8.338854347569192527e+00
8.111286301214514438e+00
8.702679649604499801e+00
8.191514167848801264e+00
8.357645477642527965e+00
7.931668615373690834e+00
8.680617193116079378e+00
8.501601497511812155e+00
8.580269428960946243e+00
6.541142383972434970e+00
7.595018692656749337e+00
8.562742085731271047e+00
8.417013673947085550e+00
8.253176377587875479e+00
8.649390391384912391e+00
8.664795946338365695e+00
8.655325116623970416e+00
8.647153509144489547e+00
8.337578355098488103e+00
8.657048550927312291e+00
8.529276487827658570e+00
8.675713268730026684e+00
8.243200327248150217e+00
8.106162351856710302e+00
8.523252807540753651e+00
8.564964665850792969e+00
8.699965813174832974e+00
8.523182756193346421e+00
8.424225998492151035e+00
7.809431850772131867e+00
7.650333319367256912e+00
7.971056933226390306e+00
8.603688279997873778e+00
8.191205018812819816e+00
7.832247648236963400e+00
8.192910020279384753e+00
7.799162432705095682e+00
8.053236396067990910e+00
6.779704931080999586e+00
8.554845134290786746e+00
8.637381887662574087e+00
8.652079571940509695e+00
8.500619893238701152e+00
8.657224004898136371e+00
7.871785866937581311e+00
8.291736954725770659e+00
8.328213649806853525e+00
8.646965385131496262e+00
8.508887920930057192e+00
8.012360283215588908e+00
8.338854347569192527e+00
7.438111539578740938e+00
7.184960258891629259e+00
8.429592824958294983e+00
6.607741467125254786e+00
8.666583781820449417e+00
8.547538348047662993e+00
8.571378891342122941e+00
8.623066615338219165e+00
8.399098053546975251e+00
4.590681305749619412e+00
7.809057120375859640e+00
8.465802620711512461e+00
8.334403609759156950e+00
8.193882532787110762e+00
8.508887920930057192e+00
8.359503098832743007e+00
8.372241204663639635e+00
8.538509310473997971e+00
8.671975634046049208e+00
8.352624030630945384e+00
8.633871989764456245e+00
8.374599506634542223e+00
8.688659021835379193e+00
8.492051332723866253e+00
8.491515919143182600e+00
8.592752552134005128e+00
8.476907119597891338e+00
8.017169485195767109e+00
7.809431850772131867e+00
8.645801120371364945e+00
8.683998194371721269e+00
7.650333319367256912e+00
8.455070291156697948e+00
8.374599506634542223e+00
7.832247648236963400e+00
8.558250560152533382e+00
8.228708129029493890e+00
7.931668615373690834e+00
8.443131056664007872e+00
8.418883192934364601e+00
7.938641881351538920e+00
8.485439869477939823e+00
8.510491626439021573e+00
7.540830349742519090e+00
8.334403609759156950e+00
7.181964141712947836e+00
8.386078538737487875e+00
8.074097391431450887e+00
8.227519795551414106e+00
8.659661165861773924e+00
8.462222659980557893e+00
8.584864769285317720e+00
8.702674739771607548e+00
8.643544750073095528e+00
8.626790901892878338e+00
8.225756270802969894e+00
8.646965385131496262e+00
8.641927151266484586e+00
8.272691532590192409e+00
8.500619893238701152e+00
7.871785866937581311e+00
8.474569713896530132e+00
8.357732927907335352e+00
8.522928527701855828e+00
8.266552869972388251e+00
8.337578355098488103e+00
8.261695277954354211e+00
8.683891161236742207e+00
6.198296884650337901e+00
7.529017702989007965e+00
8.188336653795211362e+00
8.431664053156504579e+00
8.381408022858222395e+00
8.692083477974337669e+00
8.334403609759156950e+00
7.395981811565721209e+00
8.375124323639154156e+00
8.697744329365155735e+00
7.792187786285150075e+00
7.954653507334673357e+00
8.306586420512426017e+00
8.666065304021035587e+00
7.710705051276938171e+00
8.090497257414659416e+00
8.587293095022220157e+00
7.225400148976531156e+00
8.337578355098488103e+00
8.671143518949710582e+00
8.109274634865293763e+00
8.659661165861773924e+00
8.301008927525609593e+00
7.735892008571992662e+00
8.360095357055815413e+00
7.829411221574978264e+00
8.389851637661246642e+00
7.566460619614259642e+00
8.507422729780140358e+00
7.897990671153618969e+00
6.541142383972434970e+00
7.946082911163091289e+00
7.650333319367256912e+00
7.768564980845631851e+00
8.213796736026678147e+00
8.380677871692887138e+00
8.214033184180181024e+00
8.589534675283932330e+00
8.643567233036817399e+00
7.953496150006080789e+00
8.694686915931404414e+00
8.623527390113171265e+00
7.908935018613718171e+00
7.773600489776335110e+00
7.344527792132806709e+00
8.512155456820764243e+00
7.472053731671758570e+00
8.647263771354165129e+00
8.337578355098488103e+00
8.099543455092526045e+00
8.651956093697938499e+00
8.378428137794973196e+00
8.301147332810304036e+00
8.562562327151990615e+00
6.644504440538750778e+00
8.659661165861773924e+00
8.678648582879537443e+00
8.143082437651093741e+00
8.432714421780156400e+00
8.213608071440219760e+00
8.039304324520628597e+00
8.598928895526308125e+00
8.699535026157910522e+00
8.634340569725939218e+00
8.609741645787465814e+00
8.374599506634542223e+00
8.069445661316056118e+00
8.500619893238701152e+00
8.378944298063334628e+00
8.666583781820449417e+00
6.541142383972434970e+00
8.658813608644376103e+00
8.241448972685647689e+00
8.404188765249994475e+00
8.696974691119923051e+00
8.243200327248150217e+00
8.692526996052057697e+00
7.181964141712947836e+00
8.652535269093110770e+00
8.321447464256239712e+00
8.623527390113171265e+00
8.639459250986726957e+00
8.615288046838749381e+00
8.418651678801046145e+00
8.374599506634542223e+00
8.506840665510878807e+00
7.710364650076768633e+00
7.472053731671758570e+00
8.613449700294999900e+00
7.867416619627121577e+00
8.575460629480858188e+00
7.773912936315650946e+00
8.165132134188869628e+00
8.187992573121784190e+00
8.188336653795211362e+00
8.666284491930447587e+00
8.125256526530797885e+00
8.337578355098488103e+00
8.324853414077168168e+00
8.396032905037344563e+00
8.683998194371721269e+00
8.654014403318825543e+00
8.619699832880092671e+00
8.578661736026008455e+00
8.605845952070309224e+00
8.106162351856710302e+00
8.648913240686001203e+00
8.432714421780156400e+00
8.228708129029493890e+00
8.508887920930057192e+00
8.634950448849862070e+00
8.377965736414429543e+00
8.432714421780156400e+00
8.461045502608488533e+00
7.636404782946494940e+00
8.228708129029493890e+00
7.655351476299907532e+00
8.683906449321908028e+00
8.001160049380970918e+00
8.576371301563597171e+00
8.406212241159398246e+00
8.650393471999260342e+00
8.595712729171339106e+00
8.192910020279384753e+00
8.429592824958294983e+00
8.243200327248150217e+00
8.648913240686001203e+00
8.583104338394978328e+00
8.360095357055815413e+00
8.638069467021150416e+00
8.338889021513596234e+00
8.241448972685647689e+00
8.450652588044180291e+00
8.650908679453541694e+00
7.954653507334673357e+00
8.243200327248150217e+00
8.379815343308042230e+00
8.569105946349210967e+00
8.630571059407557755e+00
8.445812379590856622e+00
8.338889021513596234e+00
8.652036246190636604e+00
8.645575590170896163e+00
7.315294450972238849e+00
8.392550602227490941e+00
8.694961322695435868e+00
8.416989127598210274e+00
7.977243595646479335e+00
8.435148968776026379e+00
8.684869324186680117e+00
8.117197114885271958e+00
8.580910682240531884e+00
8.498628687484494293e+00
8.470268653232260192e+00
6.606192266796885093e+00
8.657048550927312291e+00
8.623553514240979823e+00
8.424449795245257278e+00
8.586615724855599652e+00
7.787389619559465181e+00
8.338889021513596234e+00
8.251401195100594776e+00
7.529017702989007965e+00
8.603315683612436260e+00
7.666368039803828971e+00
7.954653507334673357e+00
8.243200327248150217e+00
8.626790901892878338e+00
8.474569713896530132e+00
8.079628918269955662e+00
4.536422434313939434e+00
8.649820455129475505e+00
8.251782744453455720e+00
8.639459250986726957e+00
7.540830349742519090e+00
7.391307863094458419e+00
8.338727592442054970e+00
8.474569713896530132e+00
8.465802620711512461e+00
7.181964141712947836e+00
6.541142383972434970e+00
7.617909815346561864e+00
8.377965736414429543e+00
8.615208502734335028e+00
8.261398388264439063e+00
8.243200327248150217e+00
8.358518718822521620e+00
8.534643093875244446e+00
8.181379319868575806e+00
7.018449843155431189e+00
8.358529060241846054e+00
8.609741645787465814e+00
6.750831492955748026e+00
8.632996661395681670e+00
8.591877533744645135e+00
8.465537588879790576e+00
8.243200327248150217e+00
8.338727592442054970e+00
7.490052664093424184e+00
7.402482299190465298e+00
8.116816718713163681e+00
8.308585604370190225e+00
8.380677871692887138e+00
8.563569287637639249e+00
7.420418212276596925e+00
8.500619893238701152e+00
8.236982065468302139e+00
8.275676400382574016e+00
8.360095357055815413e+00
8.225756270802969894e+00
8.655461681950423980e+00
7.786743106301222461e+00
8.253176377587875479e+00
8.243200327248150217e+00
8.641895035184431251e+00
7.653183270883908484e+00
7.285870728985648803e+00
8.635965209077326676e+00
8.386078538737487875e+00
8.569662154226296735e+00
8.417013673947085550e+00
7.927869320846657963e+00
8.164488292612723797e+00
8.243200327248150217e+00
8.236982065468302139e+00
7.446876678626525248e+00
8.118817478978909818e+00
7.395981811565721209e+00
8.119272557860700346e+00
8.683470284898564984e+00
7.636319260200326475e+00
8.168103023089344106e+00
8.517179998940967778e+00
8.655461681950423980e+00
8.656723995457177523e+00
7.954653507334673357e+00
8.243200327248150217e+00
6.779704931080999586e+00
7.727730870205942182e+00
8.508887920930057192e+00
8.377965736414429543e+00
8.674325879643111747e+00
8.502183690152786966e+00
8.390621167355822863e+00
8.344518840478235333e+00
8.694629598857503083e+00
8.574276563875079304e+00
8.660322717616237398e+00
8.360095357055815413e+00
8.009270397478111647e+00
8.655257824932746757e+00
8.669350494226179649e+00
7.908935018613718171e+00
8.703785819879689356e+00
8.191514167848801264e+00
8.360095357055815413e+00
8.389834277561117659e+00
8.387338830609499141e+00
8.181379319868575806e+00
8.633027680787318303e+00
8.377965736414429543e+00
7.904292574807922023e+00
7.602121285789411154e+00
8.663490466741091467e+00
8.603688279997873778e+00
8.690579166535886912e+00
8.600532337323604892e+00
8.506840665510878807e+00
7.540830349742519090e+00
8.243200327248150217e+00
8.617151237319950141e+00
8.418280258271785499e+00
8.469831694995589189e+00
8.461723777018320902e+00
8.407902620509220881e+00
8.694844672998417678e+00
7.566460619614259642e+00
7.925222393849024272e+00
8.068186695946971909e+00
8.577996714976833914e+00
7.971056933226390306e+00
8.694004375277524233e+00
8.393965818860927186e+00
7.908935018613718171e+00
8.465729182910177286e+00
8.243200327248150217e+00
8.338978874513097495e+00
8.432714421780156400e+00
7.710705051276938171e+00
7.049137766761939261e+00
7.768564980845631851e+00
8.610879154116851453e+00
8.472377335931339459e+00
7.792187786285150075e+00
8.418280258271785499e+00
8.702679649604499801e+00
8.346721775416645173e+00
8.320797796034668181e+00
7.181964141712947836e+00
8.216992475012743213e+00
8.691208827760945610e+00
7.266444731784680755e+00
8.686199556662709043e+00
8.522684306177445990e+00
8.672462186410147211e+00
8.253176377587875479e+00
7.773600489776335110e+00
8.506840665510878807e+00
8.243200327248150217e+00
8.647122486275897302e+00
8.658813608644376103e+00
8.338889021513596234e+00
5.407850938835361276e+00
8.165132134188869628e+00
8.666149963597089112e+00
8.633871989764456245e+00
8.258757003945165209e+00
7.893157444375006548e+00
7.540830349742519090e+00
8.243200327248150217e+00
8.527059780603703842e+00
8.603688279997873778e+00
8.592623164679649150e+00
8.243200327248150217e+00
8.572204031816978542e+00
8.332457440732744303e+00
8.703968571479222760e+00
8.359648032709777965e+00
8.093170866942482888e+00
8.114405650426686378e+00
8.116816718713163681e+00
8.659661165861773924e+00
8.607506669779867892e+00
8.069445661316056118e+00
7.181964141712947836e+00
8.337578355098488103e+00
8.424203622219796017e+00
8.678524358271742400e+00
8.406723613739620404e+00
8.699519997070632726e+00
7.828492919070031419e+00
8.390621167355822863e+00
8.543739627955439175e+00
7.975115553904597476e+00
8.581976561320534103e+00
8.320797796034668181e+00
7.977243595646479335e+00
8.660767628538515339e+00
7.452463073003086080e+00
7.217420761211271518e+00
7.971056933226390306e+00
8.470268653232260192e+00
8.241448972685647689e+00
8.524377359089822193e+00
7.908935018613718171e+00
8.563903378981871484e+00
7.139180195267027962e+00
8.702679649604499801e+00
8.191514167848801264e+00
8.387338830609499141e+00
8.474792973707408805e+00
8.610879154116851453e+00
8.449626280186803839e+00
8.696974691119923051e+00
8.432714421780156400e+00
8.646161262003930759e+00
8.677592187409318925e+00
8.641895035184431251e+00
8.539624002559637717e+00
8.603442749450165294e+00
7.809431850772131867e+00
8.207581078116900741e+00
7.769358603511730799e+00
8.659661165861773924e+00
8.669350494226179649e+00
8.192910020279384753e+00
8.464127853133389223e+00
8.506840665510878807e+00
7.540830349742519090e+00
7.472053731671758570e+00
7.809431850772131867e+00
8.601237491168552296e+00
8.340673188923958037e+00
8.504551637491957194e+00
8.618901451396377311e+00
8.241448972685647689e+00
8.419590966510668295e+00
8.607506669779867892e+00
8.449626280186803839e+00
8.664427622244689431e+00
8.437037528437791423e+00
8.462610351959455102e+00
7.954653507334673357e+00
8.243200327248150217e+00
8.338727592442054970e+00
6.373761137105133479e+00
8.463106625531192861e+00
8.231171616394474810e+00
8.059381161965351481e+00
7.869215311667724144e+00
8.652079571940509695e+00
8.320663262771635260e+00
7.954653507334673357e+00
7.049137766761939261e+00
8.463022663575678450e+00
8.674876559568355461e+00
8.624315801540195281e+00
8.646735665635906898e+00
8.356451525161652683e+00
8.572364321161556333e+00
8.374599506634542223e+00
8.665481982056016719e+00
8.087375503813291289e+00
8.338727592442054970e+00
7.639558827004279351e+00
8.093170866942482888e+00
8.566052526860858052e+00
7.790314895921702565e+00
8.398122055025176280e+00
7.839425200289849904e+00
8.677735427344904551e+00
7.971056933226390306e+00
8.180022261464118927e+00
8.241448972685647689e+00
7.908935018613718171e+00
7.098320593247986032e+00
7.838029404190653082e+00
8.539624002559637717e+00
8.492352758100846444e+00
6.725649850635972982e+00
6.537505517415137746e+00
8.352624030630945384e+00
7.908935018613718171e+00
6.369932086096547152e+00
8.625625077872642876e+00
8.069445661316056118e+00
7.344527792132806709e+00
8.694508758982671282e+00
7.540830349742519090e+00
8.474569713896530132e+00
6.800168220830106414e+00
8.576593699930080916e+00
8.487739122471595010e+00
8.338889021513596234e+00
6.879012198790665167e+00
7.626369047524937272e+00
8.474569713896530132e+00
7.685149165705547958e+00
8.184700920098618937e+00
8.545323514061312409e+00
8.533386673650412035e+00
7.971056933226390306e+00
8.562562327151990615e+00
7.254778463873068794e+00
8.188336653795211362e+00
8.449626280186803839e+00
8.291803685506314636e+00
8.606497660008827211e+00
8.120559660989451700e+00
8.237381183739405088e+00
8.498628687484494293e+00
8.528455089839445336e+00
8.652079571940509695e+00
8.385677423214787041e+00
8.344387206782212019e+00
8.665481982056016719e+00
8.500619893238701152e+00
8.192910020279384753e+00
7.472053731671758570e+00
8.564964665850792969e+00
7.019983255255229260e+00
8.669350494226179649e+00
8.380677871692887138e+00
8.603945822379239772e+00
8.547538348047662993e+00
8.191514167848801264e+00
7.285870728985648803e+00
8.410170420994521834e+00
7.934429602054810182e+00
8.504719646765163787e+00
