1.043339284603436390e+01
1.110519214273168132e+01
9.125087763661257512e+00
1.095933530727769245e+01
1.218883160154551426e+01
1.216826285112084349e+01
1.216875435007987960e+01
1.188965156686161428e+01
9.705429582587969506e+00
1.064256783863124056e+01
1.239701094033572204e+01
1.249490643252875799e+01
1.254736261366684325e+01
1.222929380123980891e+01
1.077178902967660612e+01
1.242454599147572125e+01
9.060318259314824374e+00
1.120235011689746507e+01
1.196218326547188404e+01
1.252292980013483970e+01
1.192190070324400430e+01
1.196365673276480379e+01
1.188485234488600106e+01
1.247229312998039319e+01
1.251436961025481409e+01
9.938320126750950223e+00
9.078835854501505764e+00
1.121328745277817518e+01
1.222302874583255594e+01
1.204544357951417055e+01
1.180972317294251894e+01
1.116891454862586919e+01
1.108190698339328328e+01
1.212791950203510538e+01
1.173601939478754730e+01
1.034789364321129135e+01
1.084587216167615864e+01
1.239359801495261593e+01
1.045032447160341249e+01
1.242859274234327671e+01
1.087439179870180084e+01
1.162193031178246372e+01
1.256028668841946505e+01
1.256496385368100732e+01
1.215125470059271073e+01
1.156220087159798560e+01
1.244827246925754594e+01
8.628925122909736345e+00
1.206815246003039377e+01
1.149881123547894646e+01
1.171848897619812391e+01
1.232675010002506788e+01
1.161888321559888837e+01
1.213870333226037346e+01
1.029648439670706139e+01
1.242242288154309371e+01
1.010265124124442160e+01
1.107261500670279908e+01
1.198950740728031228e+01
1.159509787603045083e+01
1.190688601432342608e+01
1.245674206780566884e+01
1.183428287442415439e+01
1.249180245788657118e+01
1.129871603559587179e+01
1.148039580528806347e+01
1.252925817589336077e+01
8.838301531370090558e+00
1.151214894677615241e+01
1.232662810902512618e+01
1.205171734015482876e+01
1.215811462393348918e+01
1.187768883083751170e+01
1.135670777081844918e+01
1.247244481029307295e+01
1.221082208723761475e+01
1.159526119282990742e+01
1.240467253191624231e+01
1.250364518876635778e+01
1.214575888510753465e+01
1.233088781055752037e+01
8.746518312696254682e+00
1.069107454977022975e+01
1.145412409256415565e+01
1.220697662485588708e+01
1.246037796081346372e+01
1.131062929909050041e+01
1.098695666883530642e+01
1.214593339151973517e+01
1.227207313078146456e+01
1.108985872632245773e+01
1.233555641226404020e+01
1.135956482647183918e+01
1.032713106720143870e+01
8.852686071958739689e+00
1.070376800211820267e+01
9.078835854501505764e+00
1.104102957407434538e+01
1.019393694216754653e+01
1.230152129792106663e+01
9.952454478239754820e+00
1.024457287626028013e+01
1.249916054597822423e+01
1.234917294432743873e+01
1.208921585040504176e+01
1.196530830701649251e+01
1.192140737317676447e+01
8.501231957207632917e+00
8.747361406453801891e+00
1.133063713023487473e+01
1.163317676015597257e+01
1.237588527744388145e+01
1.254904843134184844e+01
1.145412409256415565e+01
1.123857895039267873e+01
1.216805886276349469e+01
1.040106919984565259e+01
1.211862029165136256e+01
8.553995295839532886e+00
1.076601289701146058e+01
1.027016194493419654e+01
1.128474159541884525e+01
1.207994994045908221e+01
1.234856673150597750e+01
1.210007246425636573e+01
1.252573072614153560e+01
1.172498763390107612e+01
1.204205288778853244e+01
1.145096059857886495e+01
1.226326943608651732e+01
1.188429221839139949e+01
1.091738978587549447e+01
1.137905840561239579e+01
1.198504868390804567e+01
1.220795822211159631e+01
1.109285041328617361e+01
1.247244481029307295e+01
1.232963035892112202e+01
1.211405081083347568e+01
1.234603566251736773e+01
8.632270553119424150e+00
9.023938391066002040e+00
1.052269746989259147e+01
8.676947170915918051e+00
1.070531953409968651e+01
1.057590714049469938e+01
1.209746738255783782e+01
1.069114528643034134e+01
1.242958960587342787e+01
1.106838142085264565e+01
1.198576044669717255e+01
1.257056840713413948e+01
1.242835479245998442e+01
1.233668695440846008e+01
1.203504319361576513e+01
1.254612221998694110e+01
1.028738897494496385e+01
1.205892373310192767e+01
1.124106714426067555e+01
9.929828761818347616e+00
1.044202513299443247e+01
1.157943320767006057e+01
1.194368468668789873e+01
1.239642997211664976e+01
1.164961329941362678e+01
9.198206466982982832e+00
1.223622695124626958e+01
1.119247654983183793e+01
1.248892854495301918e+01
1.252460885040572514e+01
1.240021995892190532e+01
1.198230606993240954e+01
1.155471615522842832e+01
1.142306629406479068e+01
1.244142458419345587e+01
1.079047871640958434e+01
1.205916596712370392e+01
1.245526049199866669e+01
8.618530001126156748e+00
1.187221800247730563e+01
1.036175158418674869e+01
1.120486115405826588e+01
1.253739723180676968e+01
1.236045081180120420e+01
1.190683304068285686e+01
1.195528626037131126e+01
1.253938555850844594e+01
1.135958051968617255e+01
1.129753701247812891e+01
1.229629226965359834e+01
1.196125760191488396e+01
1.206089038204757991e+01
8.968729508432513597e+00
1.150220288727976659e+01
1.171103951202940507e+01
8.301321335753753416e+00
1.243000642961137991e+01
1.245678117738355084e+01
1.245459103472100537e+01
1.256594198839308163e+01
1.005587146964415801e+01
1.139582201069820044e+01
1.034676704276302139e+01
9.697589361490903670e+00
1.074204128391495061e+01
1.209758060069747998e+01
1.169083376191962031e+01
1.248095091020657321e+01
8.596187970597128469e+00
1.238953922427739229e+01
1.193215344892379193e+01
1.118211777369440796e+01
9.229815124960650152e+00
1.179040583557486777e+01
1.040357246377404010e+01
1.093095467009560018e+01
1.194178376382972573e+01
1.154255242196382270e+01
9.641266946095592871e+00
1.248967944758434534e+01
1.224576693108263825e+01
1.169178222063901273e+01
1.226076280216578063e+01
1.190803194836050949e+01
1.203610599184051821e+01
1.147928880640335159e+01
1.224152473950428366e+01
1.212319374782824610e+01
1.066797234313070852e+01
1.218604969481198630e+01
1.009236690417149163e+01
1.156461866828448493e+01
1.191448158865167528e+01
1.059600163330477685e+01
1.132404188991476701e+01
1.157850983456634708e+01
1.176233633756890917e+01
1.204907937028639608e+01
1.149117406360122473e+01
9.573018418012958719e+00
1.190513744218061554e+01
1.246756121147148377e+01
1.153316169738166153e+01
1.242116292829307689e+01
1.138536249830355729e+01
8.912328708723812554e+00
1.100945322863229059e+01
1.174631500598118805e+01
9.608548089906566503e+00
1.189237897117523346e+01
1.188404735505557852e+01
1.067520334275084970e+01
1.072176245803923678e+01
1.207207535795391173e+01
1.250499291751355280e+01
1.123612931092627143e+01
1.172085535016136681e+01
1.065009556716609929e+01
1.172606377923767162e+01
1.144542820198612354e+01
1.047457069152113363e+01
1.079663849177826407e+01
1.186068227444843970e+01
1.240036711661600499e+01
1.174040622955239499e+01
1.251892213513005814e+01
9.955877422376699926e+00
1.234615474918296485e+01
1.186766533652579447e+01
1.075117375207221571e+01
1.182125591341893056e+01
1.236889504189461242e+01
1.233555641226404020e+01
1.169944827531521803e+01
1.234112655696237226e+01
7.992454491201510081e+00
1.090657344128707962e+01
9.481421097738973458e+00
1.234918562494713612e+01
1.129932334537377159e+01
1.228353284270749057e+01
1.198147059515993718e+01
1.193956785550524557e+01
1.124332155667920929e+01
1.241133439467929378e+01
1.076564810521920457e+01
1.231218595643656144e+01
1.233356347857310276e+01
1.237777349780112601e+01
1.234406138840222056e+01
1.150113485359105425e+01
1.237731213970809918e+01
1.071897067057582653e+01
1.125094910386569502e+01
9.812464240620199618e+00
1.030980244863966711e+01
8.998152444813415585e+00
8.543019606352222794e+00
1.198949585684795061e+01
1.172516004486150010e+01
8.666987522580638981e+00
8.572765784669512001e+00
1.131754952911696321e+01
1.096066843464355145e+01
1.252460885040572514e+01
9.481393629563218184e+00
1.137244666293967832e+01
1.057590714049469938e+01
1.068598232717164898e+01
8.864970244381444431e+00
1.129136705332009960e+01
1.255354146646921265e+01
1.063871613153366802e+01
1.200379503237797074e+01
1.057590714049469938e+01
1.198508888250447413e+01
1.246229930635149330e+01
1.246623369996793151e+01
1.211834914667831953e+01
1.188648418592280009e+01
1.163178085773297887e+01
1.251563203711446803e+01
1.254843064743068481e+01
1.159554959256156437e+01
1.210617843217462486e+01
8.618530001126156748e+00
1.217350613332194342e+01
1.245614337177282493e+01
1.220627600363710563e+01
1.084119821961599861e+01
1.082552240818743883e+01
1.105157705252577038e+01
9.878265032496882370e+00
1.178125009075377783e+01
1.085570416361373880e+01
8.692906620191013900e+00
1.216146745073233859e+01
1.154023313294587894e+01
1.044685229296353235e+01
1.200743657282798793e+01
1.241690032171779912e+01
1.214249888703720615e+01
1.244940332439928277e+01
1.100386187074461120e+01
1.073478886421511902e+01
1.052269746989259147e+01
1.109285041328617361e+01
1.217706384189576063e+01
1.120380785769704701e+01
8.553995295839532886e+00
8.801471926146462010e+00
1.195429889438513094e+01
1.168260189131460791e+01
1.148374810586926742e+01
1.179620824824351999e+01
1.095302034962318771e+01
1.238947939628706685e+01
1.226473132345113548e+01
1.061136467803950900e+01
1.149612002698142987e+01
1.253653258721993780e+01
1.093048261422359957e+01
1.187791982351757269e+01
1.053637283740901687e+01
1.131173172062423937e+01
1.207902755543320517e+01
9.662373949192980760e+00
1.220346310370643650e+01
1.154323273871129629e+01
1.176418609919132052e+01
1.034271893331822767e+01
1.220501882136656846e+01
9.178026016053891567e+00
1.099150350268742216e+01
1.043247467407763907e+01
1.083645205240529918e+01
1.036262854117513221e+01
1.149513708248080590e+01
1.224111234269157755e+01
1.078834457852134143e+01
1.216528812078089672e+01
1.069323262538922492e+01
1.050195462925417367e+01
1.178540110212215097e+01
1.236726662796378662e+01
1.090940930646460494e+01
1.126841595852333633e+01
1.191504462882318904e+01
9.138022659505226741e+00
9.671227246048530901e+00
1.169730010850349444e+01
1.048132491432285640e+01
1.059558974259066311e+01
1.220967831087169486e+01
1.010659719980914595e+01
1.017938538743997867e+01
1.106381713157260016e+01
1.172655784934837797e+01
1.206492535933051968e+01
1.008881737430415981e+01
1.251870059776300792e+01
1.153629610938523697e+01
1.234579497631513156e+01
1.072856313184363408e+01
1.252573072614153560e+01
1.222113222575013936e+01
9.190848163694168349e+00
1.127214177766553327e+01
1.190916203379050842e+01
1.031761137210799717e+01
1.222604927895132931e+01
1.198848072975351187e+01
8.805808189449809475e+00
1.215558054403684096e+01
1.088445271905447420e+01
1.065101291858840327e+01
1.072856313184363408e+01
1.229235513728670348e+01
9.185266458919988608e+00
9.034315809974721390e+00
1.238871924470223895e+01
1.189209017377923772e+01
1.208223769442430751e+01
1.086016462105992986e+01
1.163481947184004639e+01
1.244241719373674471e+01
1.052618410142754080e+01
1.091519995991388292e+01
1.200326191714341917e+01
1.093095467009560018e+01
1.196482739757983182e+01
1.238947939628706685e+01
1.001008924275569001e+01
9.662373949192980760e+00
1.168620476036283762e+01
1.245445286611762903e+01
9.578230128332283044e+00
1.089793045604800703e+01
1.226199918816556789e+01
1.133811769740025355e+01
1.003878873202295630e+01
1.206535756497411427e+01
1.154382764278237516e+01
9.077975663115662286e+00
8.639166530605052685e+00
1.250499291751355280e+01
1.193486085581930567e+01
1.174443132152536506e+01
8.732156202640076970e+00
1.225709678004879066e+01
1.084682947705744560e+01
1.187052931946997170e+01
1.255470926184717406e+01
1.235916451899130308e+01
1.245868696538249765e+01
7.083414501814809583e+00
1.184745545289284152e+01
1.208894128498886289e+01
1.229654755166379765e+01
1.213507581006090064e+01
1.145388119383694914e+01
1.180178284564328095e+01
1.207688404674624572e+01
1.165016157166762234e+01
1.248172274907268253e+01
1.198504868390804567e+01
1.077789355362079782e+01
1.220253042376582364e+01
1.249665713184241866e+01
9.152856313442738312e+00
1.239477537283472941e+01
1.041093139164872028e+01
1.250384656308762921e+01
1.096374414817120169e+01
8.873657979137696827e+00
1.121696173125916296e+01
1.223674331540225957e+01
1.124686107237795163e+01
1.197948235816549634e+01
1.226111439094632516e+01
8.934892793988385762e+00
1.205095955904492833e+01
1.092576984478720803e+01
1.215762430366663338e+01
1.122668023345971555e+01
1.114908426278073073e+01
1.203896941126517817e+01
1.108894544916526748e+01
1.228032631329582003e+01
1.113116615931498465e+01
1.192729896456594574e+01
9.878265032496882370e+00
1.175329906720016560e+01
1.076289639367777617e+01
1.215960324437921614e+01
1.167900579068003886e+01
1.072407968903118025e+01
1.132018810341164539e+01
1.181723657496136681e+01
1.019096843206196645e+01
8.804060070612203859e+00
1.248696683445855449e+01
1.252478505186656754e+01
1.117902951733325345e+01
1.054610412342519687e+01
1.246427981073343361e+01
1.180455299342029463e+01
1.193908151817909058e+01
1.245193823053109128e+01
1.235726937522355406e+01
1.251710854833364017e+01
1.190137188206347219e+01
1.161917259210445685e+01
1.193769535165331952e+01
1.113114034034350475e+01
1.160029882030238113e+01
1.185099734208768751e+01
1.159981106260013917e+01
1.065573506985558261e+01
1.170694411515008859e+01
1.214771941886611906e+01
1.244456024347100964e+01
1.087107513581255880e+01
1.064244173561771767e+01
1.142242964106448611e+01
1.178690701784013406e+01
1.253697585209490484e+01
1.188208846519806983e+01
1.141478998245232646e+01
1.139710367659183987e+01
1.228549956655179187e+01
1.141427224032521970e+01
1.220946615510888478e+01
1.080824257438631619e+01
1.243000642961137991e+01
9.717843965671921325e+00
9.904209623610203295e+00
1.081449055514411128e+01
9.557118704161561951e+00
8.828966696577799311e+00
1.051196198771211598e+01
1.230350837281171295e+01
1.116891454862586919e+01
1.157586965769421816e+01
1.253260473470698244e+01
1.145105228737919845e+01
1.207236854840726537e+01
1.001556689182289617e+01
1.126032865346375900e+01
1.136331862737304910e+01
1.177736080123378848e+01
1.194368468668789873e+01
1.234471769501642768e+01
1.238570457512070178e+01
1.160890337807355976e+01
1.252573072614153560e+01
1.249463172794350818e+01
1.100662221837239585e+01
1.086722467306883289e+01
8.696902773019877131e+00
1.216528812078089672e+01
1.219436571313399220e+01
8.497461018330385585e+00
8.563482409551832930e+00
1.203200880538460993e+01
1.253668956487992503e+01
1.226246621382108870e+01
1.251934478731982026e+01
1.230444770187650150e+01
1.222434710008341163e+01
1.145137333910328792e+01
1.160319521821033817e+01
8.985997191337823153e+00
1.237892752914060956e+01
1.033302681587251115e+01
1.254887040706357837e+01
1.110577636269093915e+01
1.164937185434293454e+01
1.197338880555340879e+01
1.222386028622269905e+01
1.082623359597761770e+01
1.087439179870180084e+01
9.010369226329057568e+00
1.227659724105318695e+01
1.085795544389597644e+01
1.079050109175301664e+01
1.229722352987570133e+01
1.178375986223379535e+01
9.437675187927238696e+00
8.905692052316535268e+00
1.232592093041211001e+01
1.238886894285804807e+01
1.228778656104170430e+01
1.225844273743796720e+01
1.168410253410015542e+01
1.061136467803950900e+01
1.152669118854500674e+01
1.245678778444892565e+01
1.012448013259203350e+01
1.193934553127934706e+01
1.114083922047624853e+01
1.243609916368687252e+01
9.900448033794228664e+00
1.118581570455008745e+01
1.235362785792219853e+01
1.244798662062374461e+01
1.239593601918935661e+01
9.372637352294916013e+00
1.248014876622078972e+01
1.224871350099420830e+01
8.767547486725860040e+00
1.019513292050493369e+01
1.044272810054668810e+01
1.124402417775933749e+01
1.178611366450858178e+01
1.225968923671549682e+01
1.232260316915690801e+01
1.165744093720185859e+01
1.177407406431352577e+01
1.233404889597892584e+01
1.050054502275472146e+01
9.354328279892120790e+00
1.202899108449133614e+01
1.076980523116033872e+01
1.222784114893244478e+01
1.060311811906233714e+01
1.130502659289330936e+01
1.234683027331956851e+01
1.249568152837171020e+01
1.149668732524407311e+01
1.224638211176171154e+01
1.240036711661600499e+01
9.039369792407882187e+00
9.717843965671921325e+00
1.199538574757950826e+01
1.055993075921498914e+01
1.213867785116771891e+01
1.114602444940945425e+01
1.160268401835016938e+01
1.246229930635149330e+01
1.074805645545526822e+01
1.192254666296500965e+01
8.531988806303241191e+00
1.212399734518320038e+01
1.160821044056709717e+01
1.211455628656282180e+01
1.237725143498202840e+01
1.207779038857879783e+01
1.124086459281341988e+01
1.078452587143173247e+01
1.216528812078089672e+01
1.230350837281171295e+01
8.868583678065233400e+00
1.136985877253320432e+01
1.101621792874442107e+01
1.111050413528217895e+01
8.754804914620143208e+00
8.855721455156343680e+00
1.206138815200468883e+01
1.091078909561365329e+01
1.228461072233250206e+01
1.161350094370857455e+01
1.079842225442023462e+01
1.245526049199866669e+01
1.239937181217341866e+01
1.160939258083704750e+01
1.189666349690820724e+01
1.148994024437901373e+01
1.149881123547894646e+01
1.252279710975127536e+01
1.227696268113893829e+01
1.242132115651890700e+01
1.241775143896123801e+01
1.224576693108263825e+01
9.125766533456038943e+00
1.198885051334340623e+01
1.187502545382061747e+01
1.144838222396442795e+01
1.250075931223901904e+01
1.225235750377791710e+01
1.204970355934253234e+01
1.205708397509554075e+01
1.011145890982186657e+01
1.246390981066111614e+01
1.093657630648450407e+01
1.220795822211159631e+01
1.230726742075066404e+01
1.119128154679424725e+01
1.167194509602205699e+01
1.077941274970680929e+01
1.209226361678655337e+01
8.222186409288575248e+00
1.169451978016290461e+01
1.227867093727757286e+01
1.220956724753641787e+01
1.207673275676382829e+01
9.125087763661257512e+00
1.136357375235250267e+01
1.086799794251599138e+01
1.039687515890028457e+01
1.235566530677993313e+01
9.021487042637224008e+00
1.217586117579481275e+01
1.052816709057197286e+01
1.252900226759590296e+01
1.164677735687943816e+01
1.203955332881547946e+01
1.219032239478718971e+01
1.170566451788049278e+01
1.205089761938473458e+01
1.095578973042315063e+01
1.124471654118245567e+01
1.248975600013387321e+01
1.181451114775696354e+01
1.112037371763852889e+01
1.202824816210816472e+01
9.138022659505226741e+00
1.054936161014276941e+01
1.215300287140370905e+01
1.248532025055500405e+01
1.040254107106379067e+01
9.254480603189163546e+00
1.242116484398904319e+01
1.104444537314654085e+01
9.806693176077116547e+00
1.106231970769099604e+01
1.236672885885362660e+01
1.209746738255783782e+01
1.176728105907687194e+01
1.076786700630977123e+01
1.234555815709612503e+01
1.241648645622511538e+01
1.238212306742805957e+01
9.612768281290531291e+00
8.901024736258252190e+00
1.134535486330471876e+01
1.136849321473625096e+01
1.162443164953059949e+01
1.156634966266163467e+01
8.685407738833998081e+00
1.070200286900751330e+01
1.047962976355329978e+01
1.205763787047240498e+01
1.255643251787160075e+01
1.250601660266864812e+01
1.059177342868783001e+01
1.236955081949837698e+01
9.040353698424032913e+00
1.194724960315939022e+01
1.252590209212392836e+01
1.140113949960915996e+01
1.124022158619968081e+01
1.079373017449261773e+01
1.201882393678651439e+01
1.199856595201935150e+01
1.235165026252601628e+01
1.025861604308628827e+01
1.238186716806169052e+01
9.434004054515714444e+00
1.185840829938884156e+01
1.099569741423457714e+01
9.837456003118425940e+00
1.228461072233250206e+01
1.193698840060743649e+01
1.097204340253919952e+01
1.170269770555057320e+01
1.245830313167028969e+01
1.164677735687943816e+01
1.256020239695681440e+01
1.165607386657502786e+01
1.145090832295053929e+01
1.212569054886741782e+01
1.160339798353803431e+01
1.207825699366710737e+01
1.231130534574366209e+01
9.322464850623124022e+00
1.154938650685405932e+01
1.184135317741280957e+01
1.044151630919385454e+01
9.050329351697559588e+00
9.679025128054522753e+00
1.104103827955997552e+01
1.181333801686837326e+01
1.196237657412629218e+01
1.224576693108263825e+01
1.222348701304690444e+01
1.237147739721284978e+01
1.077333210208807479e+01
1.251520372206814358e+01
1.017049983044602612e+01
1.034271893331822767e+01
1.132260985976441958e+01
1.239071994901008544e+01
1.041056317489005778e+01
1.096700834972028815e+01
1.254403916867186375e+01
1.026906091946617217e+01
1.007138840726709716e+01
1.149465274179139840e+01
1.196777703928471581e+01
1.223026128139938074e+01
1.120873555195856319e+01
1.064803945158843135e+01
1.154967306190968834e+01
1.245398124746479418e+01
1.168917448998638697e+01
1.169212041763458920e+01
1.196869388019188563e+01
1.138493792253876968e+01
1.121748139528634702e+01
1.063341004857315220e+01
1.193290468497680301e+01
1.042652521762636120e+01
1.118348304717085639e+01
1.245934833609675252e+01
1.242269616220316664e+01
1.217826068418976604e+01
1.115637013839623037e+01
1.231046578592654583e+01
1.255579087318930398e+01
1.214442302103453386e+01
1.246390981066111614e+01
1.250190839249239971e+01
1.121553287347293448e+01
1.223292517140527202e+01
1.053835357459764666e+01
1.127819242050845716e+01
1.202537965583509383e+01
1.067493438571647246e+01
1.124086459281341988e+01
1.228040865738029019e+01
1.244089101039580214e+01
1.223835373113042735e+01
1.111153648017526407e+01
1.225098050108456960e+01
1.114925799904184167e+01
1.013458575184898081e+01
8.901024736258252190e+00
1.078979817955530862e+01
1.016419121421613880e+01
9.932585450544015870e+00
1.178425616685582789e+01
1.067235434335542621e+01
1.136781631927018132e+01
1.157666544817483434e+01
1.153768502710897792e+01
1.201160286336543770e+01
1.073876715798227544e+01
1.244416064439136882e+01
1.154946991603442896e+01
1.217448772860448081e+01
1.255290051168820042e+01
1.160890337807355976e+01
1.127997019472403650e+01
1.209210760249509065e+01
1.076648550125525006e+01
1.052269746989259147e+01
1.226834880383240112e+01
8.963033712154144794e+00
1.219032239478718971e+01
1.243901183470071103e+01
1.176162624900987552e+01
1.114083922047624853e+01
1.190137188206347219e+01
1.238212306742805957e+01
1.132681888094913525e+01
1.246173767205111460e+01
1.011353244899894932e+01
1.065573506985558261e+01
1.170748766453423073e+01
1.087439179870180084e+01
1.168124636549475781e+01
9.870718336636445045e+00
1.114925799904184167e+01
1.211495948976404868e+01
1.225302069124041893e+01
8.928688726607761694e+00
1.239332407819733994e+01
1.150401715173861561e+01
1.226872959235595140e+01
1.073446534478045500e+01
1.154746846438574792e+01
1.246071842434797361e+01
1.227577065120744848e+01
1.187768883083751170e+01
1.255643251787160075e+01
1.074888954640471184e+01
1.232652476132015451e+01
1.246061365841619129e+01
1.004392240262247427e+01
1.237731213970809918e+01
1.167227527965684963e+01
1.093095467009560018e+01
1.081915976435713134e+01
1.061761901897049043e+01
1.256319719418853609e+01
1.223444440601964089e+01
1.199141583121965127e+01
1.244296972614369423e+01
1.216865000138272812e+01
1.244111814459945009e+01
1.224638211176171154e+01
1.188690418474319443e+01
1.208921585040504176e+01
1.188490661449088215e+01
1.128872721554991365e+01
1.129550357362886004e+01
1.187423281061215086e+01
7.137126602452223523e+00
1.171876967852805862e+01
1.103347895458541039e+01
1.230188073629955170e+01
1.189003546121779209e+01
1.147156981313170832e+01
1.251817017426098211e+01
1.235820623663549966e+01
1.246585249266763462e+01
1.239814499118731916e+01
1.155459724697717405e+01
1.066695062927701620e+01
8.767547486725860040e+00
1.233460660629409489e+01
1.221788948859453150e+01
1.130892748610509457e+01
1.245325412316751645e+01
1.207779038857879783e+01
8.629537504017450900e+00
1.170177697872116340e+01
1.079222723424405217e+01
1.117637630536722781e+01
1.085001130506869593e+01
1.180972317294251894e+01
1.118211777369440796e+01
9.081053063546370652e+00
1.241514595291365985e+01
1.231440397583994262e+01
1.216816538075974918e+01
1.237919365972545371e+01
1.199369010315905193e+01
1.215495113071997579e+01
1.180178284564328095e+01
1.154696102817677605e+01
1.211923168065377965e+01
1.242044212623932609e+01
1.218882293834961672e+01
1.052269746989259147e+01
1.025018003535417321e+01
1.228769806618604221e+01
1.061477687202013520e+01
1.135592710480810474e+01
1.043200453427888519e+01
1.207789049501260870e+01
1.044142430736649985e+01
1.237731213970809918e+01
1.043647230627180633e+01
1.213876262734363465e+01
1.251249338841469338e+01
1.202934642858927283e+01
1.118568156377643241e+01
1.023107292929007706e+01
1.162258244077303715e+01
1.192157219878244589e+01
1.213236355965484137e+01
1.042362791187970039e+01
1.044747062611956778e+01
1.255160860153589297e+01
1.076460918543945944e+01
1.076713809028637669e+01
1.256008140904258497e+01
1.247861618382871995e+01
1.253319892962962356e+01
1.205292405651100829e+01
1.203855049083766282e+01
1.220585370435916239e+01
1.059558974259066311e+01
1.174555824852585673e+01
1.206970053063651349e+01
1.236892913225688773e+01
1.079833310630042398e+01
1.205970090020660912e+01
1.212854411030752999e+01
1.253045166959229029e+01
8.874374562839726366e+00
1.108981408007156944e+01
1.184295424953077713e+01
1.100481585906010551e+01
1.154611676603867032e+01
1.237536527896957317e+01
1.014519744514551114e+01
1.173849749894271532e+01
1.182516209351414638e+01
1.043339284603436390e+01
1.255230535104024092e+01
1.149902759304516842e+01
1.227533804898692793e+01
1.248572181075510734e+01
1.198779273076384122e+01
1.080489037824122711e+01
1.256608608654738291e+01
1.225053514487031059e+01
