1.064604962355352136e+01
1.039245578578942997e+01
8.716617041111053510e+00
1.063160165253776768e+01
1.035384709429378347e+01
1.024279393880530087e+01
1.079850348533320314e+01
1.064958723948117658e+01
1.084011282693910871e+01
7.678539668599641210e+00
8.379667987306790522e+00
8.715478518925673157e+00
1.053021954200082888e+01
1.073791989720382212e+01
8.365807075791170888e+00
1.043250626236202194e+01
1.054851145221191366e+01
9.589064399395457627e+00
9.573175899948578760e+00
1.048141145165467236e+01
1.036695762288451306e+01
1.038985727606633169e+01
1.073435950801721361e+01
1.018053039296774465e+01
1.060203053178115518e+01
1.075506517289625741e+01
1.081039152823161942e+01
1.037922956197385638e+01
1.010298123881790922e+01
9.873432876900333000e+00
1.025981913201661300e+01
9.806372780026688218e+00
9.162542489847929517e+00
1.080569528885310149e+01
9.553152242003072558e+00
9.110846485958525420e+00
8.762669621242130447e+00
1.062249600951557049e+01
9.737642404234541971e+00
8.693912417303783613e+00
1.028464656025793289e+01
8.741601590170398950e+00
8.716617041111053510e+00
8.520831343130931046e+00
9.692942061870375881e+00
9.656496133043400931e+00
1.084190364758139502e+01
1.002596434512365953e+01
1.081461608983437017e+01
1.058221221551796987e+01
1.039732892205529247e+01
1.026824603018371462e+01
1.013813704810637972e+01
8.719130935643832458e+00
1.084250366154511802e+01
1.031769483161053280e+01
8.016574515949685065e+00
1.087052767394978048e+01
9.454837965840354741e+00
1.070599944845283780e+01
8.172926230353869670e+00
8.687481578626663037e+00
8.821308884214971613e+00
8.937647375328982235e+00
1.068403806541146572e+01
8.801037540733549491e+00
8.080831494921087099e+00
9.884009910025421064e+00
1.046645679346109858e+01
9.573175899948578760e+00
1.028464656025793289e+01
9.822197691226252303e+00
1.064604962355352136e+01
1.077258075528042980e+01
9.785625944228552697e+00
8.767809398938677390e+00
1.081001635618979684e+01
1.081068653640751975e+01
1.078169911493239397e+01
7.943751642944572033e+00
1.000928620514188516e+01
1.013218705057270341e+01
1.018401423293163077e+01
1.062458523106175612e+01
7.593701275478779600e+00
1.043227305174566233e+01
9.313413903035216990e+00
1.042654227465531491e+01
8.606107279081244954e+00
1.086605366901849123e+01
8.692689275273751903e+00
1.088636817461836159e+01
8.796733804570401105e+00
1.086036605962418555e+01
1.048242543398268012e+01
1.055293436087896453e+01
8.770406197763087164e+00
8.365807075791170888e+00
1.053180448894256038e+01
1.062413829532506071e+01
8.692689275273751903e+00
8.958518664693492894e+00
1.076193831599966266e+01
8.698020092632308575e+00
1.082561253868081153e+01
8.739460134867442775e+00
1.036477931057349444e+01
8.593251903240153311e+00
9.930008510807869726e+00
1.039751918191332258e+01
9.006134125347136532e+00
9.052658781910206898e+00
9.597579134547908453e+00
9.706047624966720022e+00
8.848435293031585047e+00
8.871804211719735989e+00
9.461329716424224046e+00
1.038825810587917253e+01
1.069478279469944404e+01
1.064765929347451845e+01
9.100967542085459883e+00
1.082712877486682324e+01
1.022226734771917656e+01
1.047278664961753947e+01
8.456065912396020678e+00
1.065948661182926394e+01
1.076267714459250335e+01
1.062021481375241372e+01
9.874412331919723229e+00
1.031931723466510142e+01
7.429144863657151987e+00
1.030169072378841477e+01
1.057576831721068444e+01
9.182909270156439874e+00
8.871804211719735989e+00
9.689740489341952312e+00
1.055666757846133841e+01
8.696483360271502150e+00
9.164443861163874772e+00
1.068617161854496445e+01
1.045594428458058722e+01
8.807869078362433157e+00
1.045003403002588982e+01
8.803150219639334750e+00
1.018517597892723714e+01
1.038825810587917253e+01
1.000844762633639640e+01
9.338610262794764694e+00
1.069096119576807880e+01
8.705362526111288801e+00
8.214430633619583588e+00
9.584222358037100875e+00
9.620136732150577075e+00
9.066553095374338511e+00
1.055086197240551193e+01
1.000521961420097483e+01
9.696606731882317476e+00
9.823637409634988771e+00
1.087392502254741444e+01
1.037124485161614729e+01
1.053061257475588874e+01
9.821147465706495439e+00
1.001826841016987757e+01
8.738986731206370706e+00
1.049670107046350687e+01
1.078588268756646329e+01
8.760866877458155955e+00
1.014333715507627964e+01
1.048201778467258016e+01
8.686938900152057386e+00
1.033845406292035918e+01
8.692689275273751903e+00
8.685032290387299625e+00
1.011231550957822733e+01
1.077456560820353459e+01
1.055183196014308677e+01
1.003888432406111519e+01
1.024091751365729408e+01
1.061177344127531086e+01
9.343174212228298359e+00
1.052343418019166776e+01
1.055152928942310808e+01
7.612331555953277373e+00
1.046725936052586903e+01
8.655600533312828304e+00
1.075417178914151783e+01
1.072973003541003756e+01
9.146730438044858857e+00
1.041103889951576811e+01
1.071217097014604747e+01
1.085678521985507494e+01
1.021733009747747900e+01
8.716617041111053510e+00
9.271608674641019121e+00
1.033506633453175283e+01
1.089182241099802617e+01
9.047529947642880543e+00
9.802428579415414234e+00
1.079694403596711005e+01
1.033952238117714906e+01
1.081758671938131933e+01
8.846861993141359903e+00
1.030398452282784838e+01
1.026233001292121116e+01
1.057576831721068444e+01
8.682962109001772788e+00
9.378724645948906868e+00
1.023701042844130704e+01
1.085604192480846031e+01
9.164626387571303212e+00
1.064604962355352136e+01
1.086224596085437888e+01
1.069964724888034979e+01
9.907423963443696024e+00
1.085350458616960978e+01
1.067315788102169805e+01
9.373749507004442094e+00
1.036414789685253979e+01
1.074261277297484440e+01
1.079019335187093986e+01
1.074453021374425887e+01
1.018826546389048104e+01
8.571210347307712141e+00
1.032794865220621361e+01
1.046372752450433197e+01
8.499314720310238158e+00
1.086879037410636784e+01
1.076297297057302771e+01
1.020923191203636193e+01
1.008599952287599244e+01
1.017120348866108692e+01
9.475181198679219818e+00
9.031299886874680993e+00
1.051162874871404895e+01
1.081889882803864822e+01
1.062431745397574723e+01
8.612003515671460718e+00
9.968979334300739126e+00
8.525393403326935626e+00
9.556609314846113534e+00
9.701148254520720826e+00
1.077466543832499468e+01
1.062259533442495041e+01
1.057757709333717067e+01
1.078322476082808024e+01
1.065806829204716522e+01
9.445282250855603579e+00
9.170110933380602347e+00
9.648566322622000868e+00
1.069917558600505103e+01
8.330474110111405039e+00
1.017257379900319947e+01
8.934507388415019236e+00
1.061581843065175157e+01
8.756272428791168849e+00
1.044708036664400908e+01
8.779994660085916891e+00
1.018513580124613327e+01
1.066844317351399951e+01
1.038503814093011890e+01
1.017120348866108692e+01
1.088482818512488670e+01
9.638189301869401149e+00
1.083978686899361854e+01
1.058554180097681652e+01
9.655050132818983499e+00
8.602010737261146289e+00
1.082697391834808265e+01
9.251462165038701002e+00
8.746378441285729721e+00
1.022941890428309009e+01
9.285864537277277009e+00
1.083391912662971457e+01
9.617136948350250236e+00
1.078091175600849638e+01
1.042265821992921104e+01
1.032552708805483022e+01
9.166524384952429827e+00
1.041172447047028093e+01
8.871824869255041435e+00
1.067092158720060446e+01
1.023462943572103434e+01
1.076582302256063350e+01
1.055554075720199769e+01
9.525223942649136077e+00
1.013813704810637972e+01
8.522299029057677444e+00
8.934507388415019236e+00
1.044106156833495547e+01
1.023399440800182347e+01
1.042933709153388122e+01
1.055077174086974523e+01
8.193049772472170034e+00
8.643659479031452264e+00
9.118529411474115776e+00
7.109299665913962230e+00
9.231240321892681067e+00
1.060129029461996275e+01
8.240669141656008279e+00
7.771472810056318181e+00
1.061481670773099850e+01
1.076582302256063350e+01
9.874079727301012355e+00
1.067071156318798941e+01
8.732620976690595782e+00
8.760866877458155955e+00
1.082748610678125445e+01
1.051500335774856509e+01
8.968579201955703795e+00
1.032738800814731839e+01
9.409691841959812564e+00
1.053309061457831675e+01
1.052673853609312005e+01
9.088231308292181510e+00
1.086942406947475881e+01
1.069230475558551596e+01
9.305961661129954265e+00
8.510086192119585391e+00
1.015022301283950590e+01
1.087728131946658472e+01
9.911844388596923849e+00
8.821308884214971613e+00
9.606753845711882178e+00
1.050937822564834256e+01
8.408943285485925401e+00
1.045594428458058722e+01
1.087252050205797893e+01
1.048850381146061039e+01
1.087033139932637127e+01
9.620088749507097248e+00
9.966709596739336874e+00
1.043993778735169187e+01
1.017257379900319947e+01
8.133534260577061303e+00
1.084099195273793370e+01
8.833745802277684689e+00
8.841574339449477904e+00
1.016933912978512033e+01
8.762394887558643930e+00
7.771472810056318181e+00
1.028464656025793289e+01
9.678732083591139457e+00
1.073139358584530179e+01
9.282981471783131155e+00
1.073721202501049277e+01
1.069377823706000541e+01
1.067315788102169805e+01
1.014443395215792343e+01
8.895764342797095381e+00
9.849180238609511306e+00
1.073626450766864338e+01
1.041959984756461921e+01
1.013669853879100735e+01
1.040451644801419384e+01
8.751912719600074553e+00
9.277722958782097962e+00
1.088380934288012014e+01
1.022654894562990791e+01
1.019567584930333481e+01
1.017744337788534992e+01
9.661350510011116555e+00
9.331010145241453557e+00
7.610863401855538335e+00
1.039839777908022178e+01
1.057036066654411677e+01
1.054016971855405771e+01
1.004224813759289603e+01
8.647835285796761084e+00
1.035505277641193267e+01
1.020607935748238049e+01
1.037739077681902344e+01
7.610863401855538335e+00
1.030290546626593695e+01
1.041596375519094941e+01
8.763133975415025034e+00
1.073023583038701823e+01
1.069074456513872562e+01
1.019282655677020699e+01
9.605999800529080090e+00
1.078097996533749736e+01
8.650975351799825575e+00
1.029780748619432984e+01
8.859826436057218757e+00
1.075681244738547626e+01
8.791568501486974441e+00
1.086854090554415464e+01
9.473099243914420597e+00
1.005048331722724164e+01
1.053863444256500692e+01
1.087214703222919887e+01
1.046579173378664329e+01
1.061091505217755326e+01
1.001985593750338666e+01
1.016569526397860379e+01
9.665273550467723851e+00
1.017641432214557362e+01
1.011558871965789308e+01
1.084528382600299956e+01
1.060157824348002364e+01
9.732395221876334546e+00
9.405657310894465439e+00
9.326192957674384942e+00
1.005149688376683415e+01
9.052636584398863207e+00
8.640008815653400731e+00
9.057295604718836657e+00
1.038138740420328077e+01
1.061584504440519794e+01
1.082842055022513783e+01
9.714680066449492557e+00
1.008966494863767061e+01
8.766969479984759062e+00
9.584222358037100875e+00
1.081933647848346425e+01
9.833495900381031163e+00
8.941264020307702509e+00
1.068220951272826014e+01
9.809712945338921131e+00
8.656905854500333675e+00
1.035659853445669043e+01
1.063943177843419363e+01
9.966709596739336874e+00
1.045168634527615481e+01
9.526406431845162004e+00
8.590060137428570997e+00
1.007217451964145027e+01
9.055578874526110766e+00
1.030279648085426025e+01
9.689740489341952312e+00
1.003258707852857512e+01
1.018018957478125053e+01
1.069588969649379528e+01
9.886095181071695492e+00
9.753773061010964085e+00
9.483964379598083028e+00
1.066226536540151670e+01
1.017106903183633015e+01
8.658175382177550006e+00
1.082434405206849348e+01
8.639436149446817481e+00
9.970616437649972852e+00
1.055213837777898434e+01
1.086721660897618946e+01
1.081675906962726685e+01
1.079107183812188531e+01
1.074389153760409776e+01
1.065587154566764916e+01
1.084181406077090237e+01
8.982976444298529373e+00
1.062138603378006074e+01
8.764497078400466989e+00
1.051930879703365029e+01
1.034391900615775661e+01
1.033890290427186365e+01
1.087879081994037378e+01
8.975603039145996220e+00
1.037138614748027443e+01
1.022611912373875498e+01
1.042991461509899587e+01
9.897258052414690255e+00
1.065106748239181300e+01
9.966709596739336874e+00
1.041959984756461921e+01
1.030169072378841477e+01
1.002040952864647316e+01
1.006176788157355872e+01
1.061040122923698092e+01
1.016429687180194286e+01
7.856832846910102752e+00
7.606323984914545200e+00
1.044756877822577223e+01
1.023894613365973605e+01
1.054428833673572896e+01
9.584222358037100875e+00
1.019752678193701279e+01
1.070942351570695905e+01
9.602547296229063889e+00
1.027822779482207949e+01
9.605999800529080090e+00
1.088106161588333620e+01
9.639343394455154979e+00
9.669924579697809719e+00
1.047040303879451528e+01
9.623020031141781061e+00
9.889371696367808440e+00
9.041185446543316573e+00
9.941290791594479259e+00
1.039119954935474510e+01
1.037162754785088303e+01
1.084528382600299956e+01
9.153073755120802346e+00
5.580882663364294949e+00
1.073836669777040598e+01
1.054924559935473027e+01
1.069074456513872562e+01
1.084190364758139502e+01
1.088222572233379282e+01
9.095671537567708853e+00
9.891552877163352520e+00
1.052546077654207224e+01
1.082318737749026738e+01
8.738986731206370706e+00
7.622946037264461516e+00
9.576104754849907863e+00
1.084574144394800221e+01
1.081421961094213913e+01
1.039702776671876627e+01
1.036108962772347120e+01
8.839614627590620444e+00
8.948510288480999719e+00
6.422130531952231713e+00
1.083545629554048695e+01
1.069678626023698342e+01
9.761464090125684834e+00
1.046582206993580044e+01
1.044639765168140855e+01
1.022386198020479675e+01
1.056781944717343968e+01
1.071485396840322402e+01
8.980641835383615046e+00
1.023586661216754301e+01
1.020632418587311818e+01
8.720264053269914939e+00
1.038861291318924174e+01
9.318684424324219506e+00
8.829738100826304503e+00
1.060834115645448250e+01
9.050376230298219582e+00
1.014185142221905522e+01
9.170110933380602347e+00
1.039839777908022178e+01
7.848054724189611697e+00
1.085454825463579098e+01
7.196617675697486227e+00
1.084190364758139502e+01
8.405297403268072287e+00
1.037503646542711699e+01
1.078782381171111204e+01
1.082247630240171254e+01
1.083063026023672748e+01
1.027634739659263197e+01
8.665433157432838485e+00
1.045596426460698147e+01
9.962969851818368028e+00
1.072524259001624181e+01
1.064206048408829552e+01
1.081964505929195219e+01
8.668988925822935343e+00
1.078817298370172573e+01
8.593000809173071630e+00
9.983361976810510185e+00
1.051332078508460022e+01
1.023938605301079008e+01
9.290881618688134225e+00
1.086795101065433045e+01
1.065783000744224829e+01
9.169427585917205192e+00
9.113381912467202639e+00
1.017214685125639484e+01
1.075109377349699002e+01
1.030753193951521141e+01
1.010225453248614080e+01
8.704974567310157951e+00
8.760866877458155955e+00
9.556576958490737184e+00
1.042229728415361478e+01
1.049116112246274923e+01
1.045818490314932703e+01
9.473722789722836879e+00
9.834148708404123695e+00
9.944903338305081775e+00
1.075619799203393256e+01
1.073139358584530179e+01
9.876028246151046019e+00
8.812403474653475399e+00
1.041172447047028093e+01
1.053337650048788099e+01
9.891552877163352520e+00
1.053572929305391170e+01
8.784926199510104894e+00
9.467594688616490117e+00
8.654341977658006613e+00
1.055796570223597541e+01
1.019996424324296669e+01
9.146335759698297707e+00
8.464196179659314367e+00
9.180242930782208433e+00
1.082090442627283977e+01
1.081984005455586662e+01
1.027552844011325739e+01
7.772346338704732460e+00
1.069125950482915322e+01
1.056486115996337638e+01
1.055152928942310808e+01
1.063616270114759921e+01
1.039545859014095441e+01
1.027003728208505073e+01
1.001892390993696758e+01
1.082924654007096166e+01
8.127138679732507143e+00
1.008621984460345899e+01
9.925942073584637981e+00
1.013489321397293885e+01
1.032995876454588746e+01
9.515665978489550980e+00
8.900947375629783664e+00
8.282147776606500145e+00
9.962033708510782404e+00
1.032460242704326880e+01
1.049579279412743915e+01
9.915631170517338333e+00
1.028955019431252538e+01
8.654529209088718034e+00
9.293134888549266392e+00
1.084190364758139502e+01
1.075742586962764769e+01
8.975603039145996220e+00
1.087549051188618421e+01
9.180691043189339595e+00
8.387071620716863407e+00
9.176326718515369407e+00
9.643276694425543027e+00
1.048033829305641440e+01
9.657278285496627035e+00
1.009668024057676305e+01
1.008989794893786929e+01
1.065864426766907513e+01
1.080650486611766503e+01
9.252411879394230709e+00
1.052274623373883955e+01
1.062566181140336141e+01
8.532568886825748322e+00
9.305118166234183974e+00
9.802977673659189151e+00
1.081933647848346425e+01
1.052771353919619024e+01
1.075631702568577097e+01
8.589577160791819210e+00
1.070268866617192671e+01
1.074389153760409776e+01
1.086073993621678291e+01
9.762691435018142627e+00
1.041136758529680684e+01
1.079363902839802236e+01
8.829738100826304503e+00
8.824611412064927052e+00
1.042513004661619114e+01
1.045778569626845744e+01
1.074114165411385713e+01
1.070081048259038070e+01
1.042973145317318462e+01
1.082785181672611863e+01
1.017257379900319947e+01
9.874079727301012355e+00
9.351848795779815759e+00
8.615082109516125186e+00
1.040762760826613587e+01
1.074389153760409776e+01
9.945657344522484067e+00
8.964475103320372895e+00
8.662727636693873023e+00
1.078553274428725572e+01
8.888904183313073304e+00
8.462736788011364197e+00
9.584222358037100875e+00
8.832915680521100654e+00
9.887406997667715913e+00
1.086354786587794763e+01
1.088810988332211060e+01
1.071531166651586098e+01
1.080661129883345417e+01
1.078938138810889491e+01
1.087648254847294815e+01
1.081933647848346425e+01
1.083791854361926177e+01
1.059694086608481989e+01
9.438160830505788468e+00
8.760866877458155955e+00
9.650010632102640429e+00
1.059489826136634605e+01
1.089276026230531969e+01
9.398054296302451149e+00
1.051394094675359092e+01
1.002108636328615354e+01
1.067588562883721259e+01
9.874524441058072810e+00
9.466518933386135259e+00
9.653799775606138667e+00
9.208545111850686027e+00
1.087509117383475399e+01
1.070209557265560640e+01
8.819581942303370781e+00
1.087020279309714610e+01
1.081514117142693365e+01
1.047278664961753947e+01
1.026305552902783624e+01
9.648566322622000868e+00
9.191880622351055408e+00
9.104140439454464939e+00
8.757559568363509683e+00
9.508272827875554611e+00
1.022941890428309009e+01
7.935976273781245816e+00
8.438495433970858883e+00
9.486495649754996151e+00
8.760866877458155955e+00
9.535198538464140228e+00
9.825653671545129697e+00
1.071697338971887348e+01
1.044162044435989856e+01
1.077610944689862116e+01
1.046081531445287460e+01
1.020395626878468320e+01
7.861735306599947570e+00
1.050470852305000591e+01
8.749818135859175783e+00
9.344616391637591946e+00
1.077889120427553671e+01
1.006176788157355872e+01
1.070168982080934938e+01
1.021983163229442937e+01
8.803970540750515994e+00
9.846423796320971533e+00
9.633687575301619788e+00
8.760866877458155955e+00
1.075613868966406805e+01
9.359620460160050115e+00
9.482685780926900065e+00
1.059501014023189747e+01
8.720599572144390521e+00
9.240071409886384757e+00
1.067141731732623633e+01
8.831407195183805570e+00
9.581171611078401540e+00
1.061914865432106225e+01
8.744942418407209317e+00
1.032460242704326880e+01
1.059501014023189747e+01
1.079807667305956187e+01
9.079568178643960152e+00
1.042933709153388122e+01
1.014144532900518492e+01
1.006466342970211159e+01
1.068770742270253926e+01
8.716617041111053510e+00
1.060074525145243030e+01
1.036265344518030140e+01
1.058687139227497553e+01
9.658269567752213902e+00
1.085816710890327208e+01
9.983361976810510185e+00
8.679394548188147596e+00
1.070209557265560640e+01
1.052297004477401465e+01
1.062498440778496445e+01
1.058165463599273792e+01
9.678866213995114265e+00
1.085288275953223014e+01
1.049712760968751546e+01
1.066857472016562447e+01
1.058461659058396265e+01
1.033239225485716872e+01
1.026826038058029589e+01
8.738986731206370706e+00
1.080605389990847875e+01
1.025776625468403935e+01
9.664529473171892704e+00
1.066178034094877169e+01
1.075775311910459742e+01
9.573175899948578760e+00
1.020939069449309855e+01
1.053089397998133414e+01
1.066073962638490080e+01
1.068240963166477719e+01
1.044811885545928121e+01
1.067432766200751360e+01
9.605627322274120417e+00
8.581098332095240977e+00
9.970768030471019117e+00
9.886188538662336711e+00
9.764532879559874701e+00
9.805169673224126470e+00
9.514084551089071695e+00
1.072831104585478101e+01
9.584222358037100875e+00
1.019539694849214406e+01
1.078760016903838981e+01
9.489763095635147749e+00
9.732571573931998898e+00
9.266046210659641957e+00
1.064604962355352136e+01
1.009824844717491921e+01
8.574187095207459919e+00
1.085463156939627538e+01
1.053086075900949758e+01
1.079823132451361545e+01
1.029110170883842201e+01
1.085099581706369065e+01
1.016009391044985044e+01
9.127135310371265575e+00
8.885845177101435510e+00
1.058096663463545184e+01
8.929695277775795859e+00
8.760866877458155955e+00
1.034808900978075386e+01
8.891958306278112900e+00
1.050647505670357518e+01
1.039120213640583756e+01
1.037185678700065594e+01
1.005765623382365703e+01
1.026669210542621258e+01
1.026952182825653992e+01
9.877469033100219065e+00
1.011383099903149230e+01
8.850666086833248514e+00
1.038563395437381409e+01
1.089133224251091647e+01
1.045153239610331397e+01
9.191183121764511910e+00
1.040305134260008124e+01
1.057287066963157862e+01
9.559985037105048988e+00
1.042308708212400603e+01
8.580772230177004189e+00
8.756302059809598859e+00
9.438377913351430948e+00
1.029404838358623842e+01
9.558942375820565829e+00
9.545706470601599491e+00
1.038647778342828332e+01
1.028910320162940906e+01
8.536948703587265541e+00
1.070694557447196971e+01
9.030129186043826195e+00
1.072265839122307973e+01
1.028707746415097546e+01
1.069415619362112224e+01
1.048916845160339939e+01
1.020794992190442052e+01
1.081384629888819049e+01
9.846897033413469558e+00
1.023938605301079008e+01
8.595879898965891996e+00
1.075936356212774747e+01
1.041596375519094941e+01
1.086311126218793532e+01
9.486495649754996151e+00
1.056588384361753974e+01
9.345758746593446631e+00
1.068722848533526282e+01
8.427814673189173433e+00
7.051859330837224604e+00
8.365807075791170888e+00
8.052812016450884514e+00
9.461715575923610899e+00
8.773954901797456074e+00
1.084324326199729072e+01
9.814308304087507651e+00
8.240669141656008279e+00
1.076242506811372479e+01
8.602010737261146289e+00
9.389006066145805462e+00
9.706047624966720022e+00
1.069949660689003146e+01
1.077528906265326647e+01
9.721180576813335250e+00
1.008638120509294112e+01
1.065948661182926394e+01
1.037969114945576798e+01
1.055895780672573991e+01
1.001019697902553318e+01
1.051362332090772966e+01
1.081933647848346425e+01
8.343392698294692877e+00
1.083640508519891910e+01
1.053180448894256038e+01
1.016382341788169441e+01
8.779994660085916891e+00
9.603389730499486632e+00
1.067588562883721259e+01
8.730192464754868098e+00
8.725314578549129507e+00
1.039038953290360290e+01
8.897970547561090626e+00
1.065481518139094774e+01
9.840403413011973299e+00
6.954119634529648764e+00
8.473458649540930310e+00
9.336754998233454117e+00
1.033892984321678021e+01
1.050329856514509785e+01
1.067668684032898518e+01
9.083582179259829914e+00
1.064937093724210548e+01
1.016314319273062239e+01
8.365807075791170888e+00
8.682931385999999918e+00
1.028707746415097546e+01
9.212534846655248799e+00
1.055997801147991133e+01
8.650975351799825575e+00
1.062286483710172291e+01
1.056085599149775689e+01
1.063796638845530396e+01
1.011711619505914683e+01
1.052621255533780875e+01
9.329558795094465395e+00
1.049265412982577139e+01
9.296435347964077778e+00
8.978903668681041950e+00
1.064604962355352136e+01
1.005955022050067349e+01
8.520831343130931046e+00
1.080313025963112672e+01
9.571227260265423809e+00
9.605999800529080090e+00
9.648566322622000868e+00
1.069671616486522581e+01
1.079091688985801589e+01
1.072466539001148256e+01
1.040401813761922689e+01
1.078553274428725572e+01
1.056841997221830276e+01
1.059781468427869022e+01
1.073832709114789630e+01
8.464196179659314367e+00
1.085857960137449574e+01
9.293134888549266392e+00
1.062709109718400491e+01
1.069594655135854389e+01
8.933773580493584276e+00
1.066518332074150877e+01
1.043039486978739028e+01
1.022565653447541223e+01
9.856522646118243358e+00
1.083882668312934960e+01
1.067588562883721259e+01
1.048352754680691135e+01
8.275957470966584850e+00
9.442255590810709975e+00
9.488418145017439187e+00
1.040993423298997911e+01
9.583508837317152640e+00
9.994630403242856787e+00
1.052771353919619024e+01
8.900947375629783664e+00
9.330971082854851772e+00
1.081451142964838752e+01
1.025375963281041436e+01
1.015188050156971578e+01
1.081334152690721950e+01
1.002892997814553233e+01
9.815028098055538663e+00
9.343174212228298359e+00
1.018053039296774465e+01
8.564511004566158547e+00
8.275957470966584850e+00
1.040333679841255687e+01
1.076232652605159501e+01
7.109299665913962230e+00
8.779998518569776422e+00
1.080410921128588875e+01
9.444863674329180725e+00
1.084602003471268361e+01
1.042098514864186320e+01
1.065864426766907513e+01
1.085009878538705941e+01
1.052174040382578646e+01
8.964475103320372895e+00
9.830495183831176931e+00
9.703915067068344058e+00
1.069274154517853148e+01
1.060917016807989199e+01
1.035905891210283158e+01
1.056905115947640894e+01
1.032525143787237809e+01
8.859283998948312089e+00
1.088166164979877770e+01
9.102629123717296267e+00
1.052343735038807004e+01
1.019062075852442106e+01
1.030172519540410470e+01
8.760866877458155955e+00
1.060981453586238210e+01
9.930585300574422902e+00
1.020973696049060919e+01
9.948350509981318979e+00
8.731340483706512501e+00
8.275957470966584850e+00
1.067777822255701103e+01
1.020754458558411670e+01
9.822963269980999002e+00
1.037117699331126275e+01
1.079237863584708457e+01
1.069741117452484325e+01
1.062900328662260208e+01
1.050599808109591216e+01
1.016661862557316276e+01
8.800947793676222375e+00
9.962283336020805180e+00
