7.026659143901964555e+00
7.341810542541030493e+00
6.881889222938150752e+00
7.169961382031514674e+00
6.810528749894929845e+00
7.353981619361331212e+00
7.328755686751170728e+00
7.359975060687462545e+00
7.317017614764377065e+00
7.131276295933020926e+00
6.881889222938150752e+00
7.077771250935865233e+00
6.558864313409396019e+00
6.946242884307510579e+00
6.402547622474967781e+00
7.356723850575352053e+00
6.661508541732574784e+00
6.277190678059770157e+00
7.328755686751170728e+00
6.892655701998283035e+00
6.911344661396272571e+00
7.056504288961101601e+00
5.142615027402635874e+00
7.020317197687114152e+00
7.356723850575352053e+00
7.328755686751170728e+00
6.606721662935252759e+00
7.021513209063627414e+00
7.317017614764377065e+00
7.049777362196682162e+00
7.026659143901964555e+00
6.937910097758273942e+00
6.175228161167019003e+00
7.253607329007705218e+00
7.077771250935865233e+00
6.643038041879213651e+00
6.402547622474967781e+00
6.980076462792523806e+00
7.356723850575352053e+00
7.328755686751170728e+00
7.007491280745856699e+00
7.000057451358814298e+00
5.955824730784959442e+00
6.402547622474967781e+00
7.356723850575352053e+00
7.328755686751170728e+00
6.526809877520103775e+00
7.025033513588047285e+00
7.317017614764377065e+00
7.266902451019442211e+00
7.026659143901964555e+00
7.007491280745856699e+00
7.075456162519535575e+00
7.077771250935865233e+00
6.402547622474967781e+00
7.356723850575352053e+00
6.892655701998283035e+00
6.606721662935252759e+00
7.220072119407270783e+00
6.813117398299955774e+00
7.174703510168304099e+00
6.393850490271932863e+00
5.799928184328898340e+00
5.285038865961021237e+00
7.336746783410181827e+00
7.328755686751170728e+00
5.669524826939200679e+00
6.892655701998283035e+00
6.606721662935252759e+00
7.045781088431604999e+00
7.039931746244346478e+00
7.026659143901964555e+00
7.254634804392727787e+00
7.276235223068729496e+00
6.627490231650956076e+00
7.295630914783281185e+00
7.077771250935865233e+00
6.896262397396011323e+00
5.976215632200095662e+00
7.356723850575352053e+00
6.977523706483943933e+00
5.788007344640218044e+00
7.026659143901964555e+00
6.881889222938150752e+00
7.077771250935865233e+00
6.982481291376141819e+00
7.097642571468123052e+00
7.336746783410181827e+00
7.328755686751170728e+00
7.091427142404700845e+00
6.881889222938150752e+00
6.444563944067859929e+00
7.061946854823760056e+00
6.398885664409587726e+00
7.077771250935865233e+00
6.481978361874547012e+00
6.402547622474967781e+00
6.768444751846453222e+00
6.976141972988691542e+00
6.666812264448554792e+00
7.026659143901964555e+00
7.007491280745856699e+00
7.126869274544924693e+00
6.746402283583742943e+00
7.077771250935865233e+00
6.393850490271932863e+00
5.154596592846146130e+00
7.018968522052724701e+00
7.356723850575352053e+00
6.745705495578091515e+00
7.026659143901964555e+00
6.881889222938150752e+00
7.061556205227315530e+00
6.350463124071231036e+00
6.682877164083747878e+00
4.944773649963864592e+00
7.100881242186810383e+00
6.600351993180972876e+00
6.892655701998283035e+00
7.359975060687462545e+00
7.026659143901964555e+00
7.330486800735108055e+00
7.077771250935865233e+00
6.743928707292525360e+00
7.356723850575352053e+00
7.328755686751170728e+00
6.892655701998283035e+00
7.359975060687462545e+00
6.606721662935252759e+00
7.021513209063627414e+00
7.007491280745856699e+00
6.881889222938150752e+00
5.889230978162898644e+00
7.077771250935865233e+00
7.191471930239297095e+00
6.769519246837333526e+00
5.876966870389862763e+00
6.402547622474967781e+00
6.748256381906800883e+00
7.336746783410181827e+00
6.023620881644220049e+00
7.026659143901964555e+00
7.007491280745856699e+00
7.356348718595984160e+00
6.937910097758273942e+00
7.295630914783281185e+00
7.253607329007705218e+00
6.384063157932839516e+00
6.946242884307510579e+00
6.402547622474967781e+00
7.026659143901964555e+00
6.552265579922215366e+00
6.530912305506984872e+00
5.962597223187185769e+00
7.367423654752189854e+00
5.500853126466677345e+00
7.077771250935865233e+00
6.773985945772849071e+00
7.356723850575352053e+00
7.336746783410181827e+00
7.026659143901964555e+00
7.007491280745856699e+00
6.881889222938150752e+00
6.866999193609101049e+00
7.077771250935865233e+00
6.402547622474967781e+00
7.356723850575352053e+00
7.328755686751170728e+00
6.892655701998283035e+00
6.494775066557427756e+00
7.039931746244346478e+00
7.026659143901964555e+00
7.012962694419121235e+00
7.046349625174242348e+00
7.077771250935865233e+00
7.067179877573892099e+00
7.289213173137838453e+00
6.802048478939804355e+00
5.285038865961021237e+00
6.598372912833463388e+00
6.663824621416370775e+00
6.881889222938150752e+00
5.467474813443531367e+00
7.362434915746515429e+00
5.960520693787344726e+00
7.077771250935865233e+00
6.769457604247718585e+00
6.402547622474967781e+00
6.768115391791434732e+00
6.892655701998283035e+00
7.026659143901964555e+00
7.077771250935865233e+00
6.384063157932839516e+00
6.402547622474967781e+00
6.024887799310469916e+00
7.356723850575352053e+00
7.336746783410181827e+00
7.328755686751170728e+00
6.892655701998283035e+00
7.359975060687462545e+00
6.718545642206343871e+00
7.007491280745856699e+00
7.126869274544924693e+00
7.046349625174242348e+00
5.538467922874469984e+00
6.954103605805244115e+00
6.490598398567042793e+00
6.402547622474967781e+00
7.356723850575352053e+00
7.336746783410181827e+00
7.215013816596991703e+00
7.007491280745856699e+00
7.198713389509549643e+00
6.881889222938150752e+00
7.253607329007705218e+00
5.871348333035063760e+00
7.336746783410181827e+00
6.958349732453276815e+00
4.144370586899558617e+00
6.606721662935252759e+00
7.026659143901964555e+00
6.973588976115148164e+00
6.452632988432376315e+00
7.077771250935865233e+00
6.855065391898562233e+00
6.402547622474967781e+00
7.336746783410181827e+00
7.331712713401443260e+00
6.892655701998283035e+00
7.359975060687462545e+00
7.026659143901964555e+00
7.204082744258903936e+00
6.937910097758273942e+00
6.765682263814357000e+00
7.036655411273210703e+00
6.961661912513347872e+00
7.359975060687462545e+00
6.819523928588941075e+00
7.178273998693695646e+00
7.317017614764377065e+00
7.026659143901964555e+00
7.007491280745856699e+00
6.938661396835021478e+00
6.881889222938150752e+00
6.572235054995870129e+00
7.219949800745968815e+00
6.937068613623726954e+00
7.077771250935865233e+00
7.357223500250780646e+00
7.225218047675228128e+00
5.420456657577555681e+00
7.026659143901964555e+00
5.708635640357853980e+00
7.295630914783281185e+00
7.045256738038585098e+00
7.077771250935865233e+00
6.742179624670248117e+00
6.402547622474967781e+00
7.341792771131235185e+00
7.336746783410181827e+00
7.026659143901964555e+00
6.911344661396272571e+00
6.881889222938150752e+00
7.077771250935865233e+00
5.679260435566348519e+00
7.336746783410181827e+00
6.511865810930770770e+00
6.336056616473766390e+00
7.317017614764377065e+00
6.164655071797930930e+00
7.007491280745856699e+00
6.881889222938150752e+00
6.746402283583742943e+00
7.295630914783281185e+00
7.077771250935865233e+00
6.569403958412086020e+00
7.107054366892713304e+00
7.328755686751170728e+00
7.277786571173049168e+00
5.669524826939200679e+00
6.968137233075527348e+00
7.223352777630918098e+00
7.077771250935865233e+00
7.242443959424408106e+00
6.481978361874547012e+00
6.938914410693950430e+00
7.356723850575352053e+00
7.336746783410181827e+00
7.317017614764377065e+00
7.266902451019442211e+00
7.026659143901964555e+00
7.030587515278239330e+00
7.209993397517994396e+00
7.077771250935865233e+00
6.402547622474967781e+00
5.799928184328898340e+00
7.356723850575352053e+00
7.336746783410181827e+00
7.328755686751170728e+00
7.277786571173049168e+00
7.328861715750869088e+00
7.007491280745856699e+00
6.711389154451707917e+00
6.319600184124984921e+00
7.077771250935865233e+00
6.888162782701467535e+00
7.252325054003275540e+00
6.896262397396011323e+00
7.356723850575352053e+00
7.336746783410181827e+00
7.026659143901964555e+00
6.542435526299950510e+00
6.727715489890874423e+00
7.077771250935865233e+00
7.356723850575352053e+00
6.261432448110567428e+00
7.328755686751170728e+00
6.892655701998283035e+00
6.139782868621771250e+00
7.317017614764377065e+00
5.921186008153044078e+00
6.881889222938150752e+00
5.183322614531925332e+00
6.481978361874547012e+00
6.490598398567042793e+00
6.402547622474967781e+00
5.323950054633078466e+00
7.336746783410181827e+00
6.892655701998283035e+00
6.606721662935252759e+00
4.207432934721299311e+00
7.026659143901964555e+00
6.881889222938150752e+00
7.295630914783281185e+00
6.910469907362498887e+00
7.328755686751170728e+00
7.359975060687462545e+00
6.606721662935252759e+00
7.317017614764377065e+00
7.266902451019442211e+00
6.497795680865579904e+00
6.862644759650076587e+00
7.007491280745856699e+00
6.881889222938150752e+00
7.114964121831508947e+00
7.077771250935865233e+00
6.402547622474967781e+00
7.356723850575352053e+00
6.889838309885237599e+00
7.091427142404700845e+00
7.215013816596991703e+00
7.007491280745856699e+00
7.361114717177531297e+00
7.077771250935865233e+00
6.313833032298264314e+00
7.368718520458705790e+00
7.336746783410181827e+00
7.328755686751170728e+00
7.042897387200322434e+00
6.892655701998283035e+00
6.862644759650076587e+00
6.937910097758273942e+00
7.167458028204729104e+00
7.077771250935865233e+00
6.275910931246706070e+00
6.970427121938889137e+00
7.225218047675228128e+00
7.266902451019442211e+00
6.872080469865368357e+00
5.778231883808043534e+00
7.026659143901964555e+00
7.007491280745856699e+00
7.370924718061147018e+00
6.552265579922215366e+00
6.881889222938150752e+00
7.329865052592420049e+00
7.336746783410181827e+00
7.328755686751170728e+00
7.277786571173049168e+00
6.598372912833463388e+00
7.026659143901964555e+00
7.320570456850250096e+00
6.253242130100565177e+00
6.070649851409692488e+00
6.937910097758273942e+00
6.866999193609101049e+00
7.295630914783281185e+00
6.952554391068455075e+00
5.269309476094952593e+00
6.402547622474967781e+00
6.497795680865579904e+00
6.725922027728849173e+00
7.077771250935865233e+00
6.106883785094608719e+00
7.128462128063961956e+00
7.336746783410181827e+00
7.328755686751170728e+00
6.892655701998283035e+00
6.606721662935252759e+00
7.034526499144551082e+00
7.026659143901964555e+00
7.333126814699274298e+00
6.881889222938150752e+00
6.572235054995870129e+00
7.265958502529103136e+00
4.668905834202071503e+00
6.402547622474967781e+00
7.018968522052724701e+00
7.356723850575352053e+00
7.336746783410181827e+00
7.072358045869409970e+00
7.026659143901964555e+00
6.881889222938150752e+00
6.784119907628320512e+00
4.748768417449856116e+00
6.402547622474967781e+00
7.233121113247658940e+00
6.598372912833463388e+00
6.606721662935252759e+00
7.114565591346760698e+00
6.276393397709310484e+00
6.881889222938150752e+00
6.742179624670248117e+00
7.037528702712227968e+00
6.976141972988691542e+00
6.982481291376141819e+00
7.356723850575352053e+00
7.328755686751170728e+00
6.892655701998283035e+00
6.932932283580683475e+00
7.026659143901964555e+00
6.402547622474967781e+00
7.356723850575352053e+00
6.147630575393215224e+00
6.494775066557427756e+00
6.645954648966389655e+00
7.266902451019442211e+00
6.912717010429358488e+00
7.369215076183946778e+00
6.510356301122391720e+00
7.026659143901964555e+00
7.007491280745856699e+00
7.252403793229170503e+00
7.244427196195584173e+00
6.402547622474967781e+00
6.507169837749115615e+00
7.356723850575352053e+00
6.401034053833907222e+00
6.892655701998283035e+00
7.359975060687462545e+00
7.007491280745856699e+00
6.881889222938150752e+00
7.329865052592420049e+00
7.117285286873610950e+00
7.208090189112768442e+00
6.402547622474967781e+00
7.368718520458705790e+00
6.951934217889784051e+00
7.356723850575352053e+00
7.161751582352962053e+00
7.026659143901964555e+00
7.007491280745856699e+00
7.272494641994707187e+00
5.955824730784959442e+00
5.306796025924507276e+00
6.778487473639867922e+00
7.356723850575352053e+00
7.336746783410181827e+00
6.892655701998283035e+00
7.266902451019442211e+00
5.728668033391486780e+00
7.209993397517994396e+00
5.055978207993286233e+00
6.866999193609101049e+00
7.341211916506841462e+00
7.237108102536669918e+00
7.244427196195584173e+00
6.402547622474967781e+00
7.243312377060638241e+00
5.066909632717872647e+00
7.026659143901964555e+00
7.007491280745856699e+00
6.711389154451707917e+00
7.253607329007705218e+00
7.077771250935865233e+00
6.402547622474967781e+00
7.128462128063961956e+00
7.328755686751170728e+00
5.669524826939200679e+00
6.960493840362042661e+00
4.207432934721299311e+00
6.942256519854472785e+00
7.097569019322468975e+00
7.007491280745856699e+00
6.881889222938150752e+00
7.219949800745968815e+00
6.275910931246706070e+00
6.715905144747542188e+00
7.328755686751170728e+00
6.959748801459902268e+00
6.942256519854472785e+00
6.685937851443248370e+00
6.402547622474967781e+00
7.286745697077641637e+00
7.356723850575352053e+00
5.066909632717872647e+00
7.328755686751170728e+00
7.359975060687462545e+00
6.975425156494929446e+00
5.778231883808043534e+00
5.939855574006746686e+00
6.663824621416370775e+00
7.219949800745968815e+00
6.517554324914853758e+00
7.356723850575352053e+00
6.511865810930770770e+00
7.073153283863041985e+00
6.370501211792559459e+00
6.953556744791519861e+00
7.175382413597711562e+00
7.026659143901964555e+00
7.007491280745856699e+00
6.881889222938150752e+00
6.088019394743387380e+00
7.077771250935865233e+00
6.481978361874547012e+00
6.402547622474967781e+00
7.036655411273210703e+00
7.356723850575352053e+00
6.505675519174141108e+00
7.026659143901964555e+00
7.007491280745856699e+00
6.937910097758273942e+00
6.881889222938150752e+00
7.356723850575352053e+00
6.959601655269286979e+00
7.336746783410181827e+00
6.892655701998283035e+00
6.733764565476261232e+00
7.359975060687462545e+00
7.026659143901964555e+00
7.030587515278239330e+00
7.295630914783281185e+00
6.777248385487734339e+00
7.225218047675228128e+00
7.356723850575352053e+00
7.328755686751170728e+00
6.494775066557427756e+00
6.606721662935252759e+00
7.049777362196682162e+00
7.026659143901964555e+00
7.190337104303211824e+00
6.881889222938150752e+00
7.295630914783281185e+00
7.067179877573892099e+00
6.745705495578091515e+00
7.328755686751170728e+00
7.123883265538030862e+00
7.359975060687462545e+00
6.606721662935252759e+00
6.721174318204123921e+00
7.007491280745856699e+00
6.452632988432376315e+00
6.881889222938150752e+00
7.363127321288429172e+00
5.538467922874469984e+00
5.960520693787344726e+00
6.938914410693950430e+00
6.402547622474967781e+00
7.336746783410181827e+00
6.862644759650076587e+00
7.039931746244346478e+00
7.007491280745856699e+00
7.333126814699274298e+00
5.500853126466677345e+00
7.077771250935865233e+00
6.402547622474967781e+00
6.350463124071231036e+00
5.075355816314029767e+00
7.128462128063961956e+00
6.718545642206343871e+00
7.026659143901964555e+00
6.881889222938150752e+00
7.295630914783281185e+00
7.077771250935865233e+00
6.821060708627911140e+00
5.951248341285310772e+00
7.356723850575352053e+00
7.359975060687462545e+00
6.606721662935252759e+00
7.342154892913166364e+00
7.026659143901964555e+00
5.014266004002845278e+00
6.881889222938150752e+00
5.996213763583540413e+00
6.744208162127486972e+00
7.356723850575352053e+00
7.336746783410181827e+00
7.328755686751170728e+00
7.359975060687462545e+00
5.788007344640218044e+00
7.026659143901964555e+00
7.030587515278239330e+00
6.881889222938150752e+00
6.195654995368214735e+00
6.088019394743387380e+00
7.298280627899215389e+00
5.323950054633078466e+00
7.328755686751170728e+00
6.606721662935252759e+00
7.209993397517994396e+00
6.881889222938150752e+00
6.746402283583742943e+00
7.101106692640915874e+00
7.356723850575352053e+00
6.818932295984457603e+00
7.328755686751170728e+00
6.715551365560406438e+00
5.018259159979440831e+00
7.271387489365691792e+00
7.026659143901964555e+00
7.007491280745856699e+00
6.973588976115148164e+00
6.881889222938150752e+00
5.962597223187185769e+00
7.354804891694260327e+00
7.239068676596502883e+00
6.384063157932839516e+00
6.393850490271932863e+00
6.554690653909106324e+00
5.788007344640218044e+00
7.026659143901964555e+00
7.007491280745856699e+00
7.046349625174242348e+00
6.881889222938150752e+00
4.889505262870104119e+00
5.679260435566348519e+00
6.402547622474967781e+00
7.336746783410181827e+00
7.328755686751170728e+00
7.007491280745856699e+00
6.911344661396272571e+00
7.265042601616478635e+00
6.881889222938150752e+00
7.167458028204729104e+00
7.329865052592420049e+00
7.295630914783281185e+00
7.338718983188925016e+00
7.356723850575352053e+00
7.336746783410181827e+00
7.007491280745856699e+00
7.052764311546271259e+00
5.763114660932074251e+00
6.881889222938150752e+00
7.124490749251338073e+00
7.295630914783281185e+00
7.077771250935865233e+00
6.275910931246706070e+00
6.402547622474967781e+00
7.336746783410181827e+00
7.204082744258903936e+00
6.617273090753286624e+00
6.968879741834200559e+00
7.061946854823760056e+00
7.265958502529103136e+00
5.338068429440173013e+00
6.402547622474967781e+00
6.818932295984457603e+00
7.328755686751170728e+00
6.606721662935252759e+00
6.497795680865579904e+00
6.023620881644220049e+00
7.026659143901964555e+00
7.007491280745856699e+00
6.529965375065017952e+00
6.881889222938150752e+00
7.077771250935865233e+00
6.481978361874547012e+00
7.129844976001012746e+00
6.350463124071231036e+00
6.497795680865579904e+00
7.215703806991828451e+00
7.026659143901964555e+00
6.920591119876073449e+00
6.402547622474967781e+00
5.799928184328898340e+00
7.147486176405555725e+00
7.124523263390045713e+00
7.356723850575352053e+00
7.336746783410181827e+00
7.007491280745856699e+00
7.364888902134507198e+00
7.077771250935865233e+00
7.067179877573892099e+00
7.020317197687114152e+00
6.951934217889784051e+00
7.356723850575352053e+00
6.745705495578091515e+00
7.328755686751170728e+00
7.359975060687462545e+00
6.245750043231069526e+00
7.026659143901964555e+00
6.763438096427168311e+00
7.313067810866876073e+00
6.175228161167019003e+00
7.169961382031514674e+00
6.211149717906286227e+00
6.520724431351910155e+00
5.338068429440173013e+00
7.356723850575352053e+00
7.026659143901964555e+00
7.370924718061147018e+00
6.881889222938150752e+00
5.367165804003773744e+00
7.356723850575352053e+00
6.733764565476261232e+00
7.266902451019442211e+00
7.180720518611464875e+00
6.572232724865440190e+00
7.294349111736284641e+00
7.043501850264242137e+00
6.881889222938150752e+00
7.075456162519535575e+00
7.077771250935865233e+00
7.173185430509805727e+00
5.885895199029567593e+00
6.402547622474967781e+00
7.235655099548150559e+00
6.069703056714061518e+00
7.292342667858920713e+00
7.026659143901964555e+00
7.007491280745856699e+00
6.881889222938150752e+00
7.077771250935865233e+00
6.916760417091194491e+00
7.018968522052724701e+00
7.128462128063961956e+00
6.511865810930770770e+00
6.892655701998283035e+00
7.359975060687462545e+00
6.331269038227055113e+00
7.007491280745856699e+00
7.330486800735108055e+00
7.295630914783281185e+00
7.252403793229170503e+00
6.410871209055083675e+00
7.077771250935865233e+00
7.038620175448604854e+00
6.881810098358501548e+00
6.402547622474967781e+00
5.708635640357853980e+00
6.937910097758273942e+00
6.402547622474967781e+00
6.802048478939804355e+00
7.356723850575352053e+00
7.336746783410181827e+00
6.213899406058138730e+00
6.892655701998283035e+00
6.627916420553177090e+00
6.606721662935252759e+00
7.039931746244346478e+00
7.026659143901964555e+00
6.881889222938150752e+00
7.093529185088473632e+00
6.572235054995870129e+00
5.849100666047514885e+00
7.341792771131235185e+00
7.356723850575352053e+00
7.336746783410181827e+00
7.328755686751170728e+00
6.023620881644220049e+00
6.327458672566705467e+00
7.026659143901964555e+00
7.007491280745856699e+00
6.829204577687201017e+00
6.529965375065017952e+00
6.746402283583742943e+00
7.295630914783281185e+00
7.077771250935865233e+00
5.142615027402635874e+00
7.026659143901964555e+00
7.007491280745856699e+00
6.869807731276448060e+00
7.328149881680601219e+00
7.117285286873610950e+00
7.354804891694260327e+00
6.402547622474967781e+00
6.505675519174141108e+00
7.177861007444649388e+00
6.892655701998283035e+00
5.939855574006746686e+00
7.026659143901964555e+00
7.007491280745856699e+00
6.881889222938150752e+00
7.077771250935865233e+00
6.946242884307510579e+00
4.492670076236253252e+00
6.994730321964898856e+00
7.356723850575352053e+00
7.336746783410181827e+00
7.026659143901964555e+00
6.881889222938150752e+00
7.117285286873610950e+00
7.077771250935865233e+00
7.356723850575352053e+00
7.100881242186810383e+00
6.261432448110567428e+00
6.892655701998283035e+00
7.359975060687462545e+00
6.606721662935252759e+00
6.862644759650076587e+00
7.026659143901964555e+00
6.175228161167019003e+00
5.679260435566348519e+00
7.356723850575352053e+00
7.336746783410181827e+00
7.266902451019442211e+00
6.953556744791519861e+00
6.990838427553262235e+00
6.738078867060937505e+00
6.977523706483943933e+00
6.697335025566104605e+00
7.117285286873610950e+00
7.077771250935865233e+00
7.335657026492087063e+00
7.122762680109955724e+00
6.892655701998283035e+00
7.359975060687462545e+00
4.875849333045238154e+00
7.190347023094058265e+00
7.007491280745856699e+00
6.530912305506984872e+00
6.881889222938150752e+00
6.866999193609101049e+00
7.329865052592420049e+00
7.315631474357173758e+00
7.077771250935865233e+00
5.306796025924507276e+00
5.876966870389862763e+00
6.402547622474967781e+00
6.881889222938150752e+00
7.128951812803344446e+00
5.780694018336396844e+00
5.508265486329274374e+00
6.402547622474967781e+00
6.494542262520591080e+00
7.336746783410181827e+00
7.328755686751170728e+00
6.894825849355328273e+00
6.494775066557427756e+00
7.332198424803841874e+00
7.026659143901964555e+00
7.007491280745856699e+00
6.529965375065017952e+00
6.881889222938150752e+00
6.685937851443248370e+00
5.500853126466677345e+00
5.787145641092165782e+00
7.077771250935865233e+00
6.936883377036742182e+00
6.327458672566705467e+00
6.803190942324157220e+00
5.055978207993286233e+00
7.117285286873610950e+00
7.077771250935865233e+00
5.218151045962035717e+00
6.908372461396204756e+00
6.402547622474967781e+00
7.345436764778422223e+00
7.356723850575352053e+00
7.026659143901964555e+00
7.007491280745856699e+00
6.881889222938150752e+00
6.866999193609101049e+00
6.088019394743387380e+00
7.077771250935865233e+00
6.888162782701467535e+00
6.402547622474967781e+00
7.018968522052724701e+00
7.341792771131235185e+00
7.026659143901964555e+00
7.007491280745856699e+00
6.881889222938150752e+00
6.158961825408163726e+00
7.037528702712227968e+00
6.938914410693950430e+00
7.356723850575352053e+00
7.034100311912877324e+00
6.606721662935252759e+00
7.317017614764377065e+00
7.007491280745856699e+00
6.881889222938150752e+00
6.572235054995870129e+00
5.269309476094952593e+00
6.000227683734960848e+00
7.336746783410181827e+00
6.892655701998283035e+00
7.359975060687462545e+00
6.863648397552835512e+00
6.629556770160276002e+00
6.862644759650076587e+00
7.007491280745856699e+00
5.889230978162898644e+00
6.937068613623726954e+00
5.679260435566348519e+00
6.183809750518657111e+00
6.744208162127486972e+00
7.147486176405555725e+00
7.345436764778422223e+00
6.745705495578091515e+00
7.007491280745856699e+00
6.452632988432376315e+00
6.444563944067859929e+00
7.114964121831508947e+00
5.990878762952504211e+00
6.908372461396204756e+00
6.402547622474967781e+00
7.356723850575352053e+00
4.514400319798911099e+00
6.958349732453276815e+00
7.026659143901964555e+00
7.204082744258903936e+00
5.467474813443531367e+00
7.077771250935865233e+00
7.289213173137838453e+00
7.345408665263349235e+00
7.356723850575352053e+00
4.514400319798911099e+00
6.892655701998283035e+00
6.960493840362042661e+00
6.023620881644220049e+00
7.026659143901964555e+00
7.077771250935865233e+00
6.402547622474967781e+00
7.286745697077641637e+00
7.336746783410181827e+00
7.121320650694989318e+00
6.892655701998283035e+00
7.021513209063627414e+00
7.266902451019442211e+00
6.721174318204123921e+00
7.026659143901964555e+00
7.046349625174242348e+00
6.881889222938150752e+00
5.142615027402635874e+00
6.402547622474967781e+00
5.443471548413506333e+00
7.336746783410181827e+00
6.695057120295594189e+00
6.892655701998283035e+00
7.026659143901964555e+00
6.529965375065017952e+00
7.061946854823760056e+00
6.402547622474967781e+00
7.341792771131235185e+00
6.958349732453276815e+00
6.892655701998283035e+00
7.317017614764377065e+00
6.670872003848564269e+00
7.294349111736284641e+00
7.007491280745856699e+00
7.276235223068729496e+00
6.107936289578926647e+00
7.077771250935865233e+00
6.402547622474967781e+00
6.630392783977050009e+00
6.961661912513347872e+00
7.356723850575352053e+00
7.328755686751170728e+00
7.123883265538030862e+00
7.341810542541030493e+00
6.937068613623726954e+00
7.356723850575352053e+00
7.336746783410181827e+00
6.958349732453276815e+00
7.328755686751170728e+00
6.600351993180972876e+00
7.359975060687462545e+00
6.606721662935252759e+00
5.805932374067866775e+00
7.157589138709901988e+00
5.058010638407636428e+00
6.350463124071231036e+00
7.356723850575352053e+00
7.336746783410181827e+00
6.892655701998283035e+00
6.606721662935252759e+00
7.317017614764377065e+00
7.266902451019442211e+00
6.827752768058485522e+00
6.497795680865579904e+00
6.567982221734077974e+00
5.759731764366270212e+00
6.937910097758273942e+00
7.330486800735108055e+00
6.572235054995870129e+00
7.077771250935865233e+00
6.421967016570286901e+00
7.244427196195584173e+00
6.402547622474967781e+00
