1.782389246053410758e+01
1.609182504648618917e+01
1.767160282585748377e+01
1.690012373012196889e+01
1.814063956464242366e+01
1.801368075214057995e+01
1.662105506377285025e+01
1.600235945976920249e+01
1.764077678721306697e+01
1.600009954796590605e+01
1.824181734055071047e+01
1.807238399402817208e+01
1.642155724238942227e+01
1.634266053233022120e+01
1.817740369810908518e+01
1.788508472797872173e+01
1.736392296542286573e+01
1.600878408480248893e+01
1.359270146019781933e+01
1.614984674874555282e+01
1.719136374606734208e+01
1.758729727752884031e+01
1.600176995723849771e+01
1.683381403254304587e+01
1.788743590082933466e+01
1.810013681471409086e+01
1.609019648972294547e+01
1.600424090234010066e+01
1.640930266286448003e+01
1.730152356035985051e+01
1.809713328915148267e+01
1.608133516936484142e+01
1.682294944245171564e+01
1.766430697230157776e+01
1.411313179599526180e+01
1.656896764777212994e+01
1.729552950697872404e+01
1.802885912913279043e+01
1.657203455386774849e+01
1.690022963113997534e+01
1.738214594104351463e+01
1.700528348675322121e+01
8.371654790738912055e+00
1.771916256207969909e+01
1.635832399817476102e+01
1.600784314930355379e+01
1.602346447393781759e+01
1.713064231188322495e+01
1.600035953702852964e+01
1.788837061362974623e+01
1.656419764319556620e+01
1.784606403487700987e+01
1.771850027656154580e+01
1.504768148991239940e+01
1.634310454236896604e+01
1.746934647951563235e+01
1.614274174317217359e+01
1.601949279386944980e+01
1.808418483893444062e+01
1.664535672055515292e+01
1.738430869144251290e+01
1.812406312001818165e+01
1.778415229574243739e+01
1.818755781087664403e+01
1.660531758067023489e+01
1.821912640470353750e+01
1.806130193026203301e+01
1.796760595647451453e+01
1.804811345414118406e+01
1.659468558781264136e+01
1.651852346250565873e+01
1.742132929064724678e+01
1.752594564025569213e+01
1.626977731401209937e+01
1.600014080274478090e+01
1.623955146838493135e+01
1.600400736931437962e+01
1.600240159141423391e+01
1.618252648336413912e+01
1.642567352093744404e+01
1.735634747663575439e+01
1.781004748866877918e+01
1.776460181701365570e+01
1.612478870383550245e+01
1.803542119052778503e+01
1.673546472305791610e+01
1.179601977417693526e+01
1.682070270395874090e+01
1.684509705083070941e+01
1.809533474746701032e+01
1.743857298871242278e+01
1.791386876949545481e+01
1.748334706018820484e+01
1.647933905886538497e+01
9.744071614817267246e+00
1.682046828023775120e+01
1.675161767686984149e+01
1.739530244415701432e+01
1.727148782541968330e+01
1.600560510313802354e+01
1.600243224594723301e+01
1.794945038403702142e+01
1.638025425829102844e+01
1.802736385018803489e+01
1.639561032860968837e+01
1.718150737890540825e+01
1.780095043330582172e+01
1.793943445398637593e+01
1.660780689224653983e+01
1.824188438103516319e+01
1.781113606384343484e+01
1.639227925599239910e+01
1.809409107501165792e+01
1.629896654764495167e+01
1.754566920040927158e+01
1.617816721225023002e+01
1.670156768286964422e+01
1.680459554426520441e+01
1.720567124838642670e+01
1.601633177388781704e+01
1.437042491131823141e+01
1.679195514353114405e+01
1.739721110989415465e+01
1.763217970234568099e+01
1.601143886255091786e+01
1.814038143991142960e+01
1.606848276857315483e+01
1.721485520500722544e+01
1.705969314295911232e+01
1.782167674232686849e+01
1.609042082472728197e+01
1.602357001889318866e+01
1.817335347237971988e+01
1.275874133849566050e+01
1.666441978034218607e+01
1.716841502098890970e+01
1.813115020390841181e+01
1.825393252556034085e+01
1.600863921667876610e+01
1.801347589353389367e+01
1.815483464780299983e+01
1.307918972526139356e+01
1.319847328278168064e+01
1.797405304560835759e+01
1.819851305812523279e+01
1.683047050392976374e+01
1.777700223761571863e+01
1.733767918871017599e+01
1.760534452844088804e+01
1.801306747215716797e+01
1.734348277688762963e+01
1.795273190273163522e+01
1.676895001676846420e+01
1.669434982648813914e+01
1.712535028548789029e+01
1.647191467747434857e+01
1.821507502345261287e+01
1.680405833057777443e+01
1.769451002068900536e+01
1.422681910696147867e+01
1.805925902030414321e+01
1.653646045985335533e+01
1.788139729671065226e+01
1.766394930267952645e+01
1.607032479251804702e+01
1.809761379719664731e+01
1.600541142302810371e+01
1.804217555470408385e+01
1.729866085638212070e+01
1.770040958550398358e+01
1.711656267519241936e+01
1.715881414761023649e+01
1.734135238562232573e+01
1.648997943128254207e+01
1.692541807008421983e+01
1.654341939212781654e+01
1.201379484482200688e+01
1.602067998447054009e+01
1.807767939419051118e+01
1.746087951164873076e+01
1.731018375869312820e+01
1.636670432083935012e+01
1.626146522763457014e+01
1.200024538656744078e+01
1.688305162038273011e+01
1.326665053214390433e+01
1.740714534210466624e+01
1.780621529953801385e+01
1.825865851153633557e+01
1.729166271121053811e+01
1.653400863116349484e+01
1.711963854933302898e+01
1.802614000192313171e+01
1.792604842102066698e+01
1.731073624536081823e+01
1.651218968165199286e+01
1.733144717230275589e+01
1.802074455269433528e+01
1.600424090234010066e+01
1.604436082702941135e+01
1.602778245331613860e+01
1.760365953052579258e+01
1.823135282696897974e+01
1.615300581867650465e+01
1.676771296340339390e+01
1.791943272920141084e+01
1.680692834062249474e+01
1.605318247030280077e+01
1.647300392567533578e+01
1.618856688417018219e+01
1.600966073823662583e+01
1.680659661310184916e+01
1.604613553144318416e+01
1.403443742577603714e+01
1.812406312001818165e+01
1.808239523929578141e+01
1.784981182706856018e+01
1.602492094880023288e+01
1.678864962220880841e+01
1.799524130128573418e+01
1.674888937329571093e+01
1.662261517644458308e+01
1.660782186457594989e+01
1.813793192133041288e+01
1.600717787998750197e+01
1.746401277230991411e+01
1.773924361743356215e+01
1.653702975276926068e+01
1.770956466549969477e+01
1.800364152242188709e+01
1.651989482966967415e+01
1.799963682124841924e+01
1.600320616732231116e+01
1.821847567640806176e+01
1.737550528188184629e+01
1.606664599632647139e+01
1.738120966526965816e+01
1.434720761192713745e+01
1.618310902781784932e+01
1.786866551579927886e+01
1.685318727423684138e+01
1.657823993555600595e+01
1.739672841898358513e+01
1.673303418453540559e+01
1.825490542110490111e+01
1.456199169681699779e+01
1.706111041523158534e+01
1.600185851076978949e+01
1.796292580128424632e+01
1.757901680485349516e+01
1.601956247447916937e+01
1.601663265467576380e+01
1.601342254023098377e+01
1.785643335503537088e+01
1.606101287314287518e+01
1.807045075262857026e+01
1.607850768230593630e+01
1.644730349922057044e+01
1.720052230847406349e+01
1.822297902847261497e+01
1.746076666785471687e+01
1.685951566698862436e+01
1.814242725436050563e+01
1.701675011653858860e+01
1.600201022975405607e+01
1.614842875475967787e+01
1.726137219887171170e+01
1.605347383079681833e+01
1.751588360883307161e+01
1.640387964098951556e+01
1.767456503460415718e+01
1.681253670516377596e+01
1.601092400910115998e+01
1.663646790593805846e+01
1.634398284007949442e+01
1.821912640470353750e+01
1.775709086320783925e+01
1.686486331647460801e+01
1.409348517977273474e+01
1.602092411652668602e+01
1.603394393122276895e+01
1.688916135684710440e+01
1.688867992584513189e+01
1.683237640320567508e+01
1.607032479251804702e+01
1.726305186634394673e+01
1.779930913387164182e+01
1.675161767686984149e+01
1.825571342051209811e+01
1.816069270065212393e+01
1.795130491367730485e+01
1.618343898335798059e+01
1.704844015165378579e+01
1.687627797086648940e+01
1.602212755232935848e+01
1.762472465017082612e+01
1.600124269140241040e+01
1.227083775558735468e+01
1.703225629719471002e+01
1.669245829115318358e+01
1.697115075328005318e+01
1.667672611081167489e+01
1.719020769903607260e+01
1.235838796490639879e+01
1.607364281275924611e+01
1.600272617862188795e+01
1.602233392152265523e+01
1.604558686301213655e+01
1.604998892966310464e+01
1.801309101638484833e+01
1.699844646585820129e+01
1.629277581343667336e+01
1.762593728739174281e+01
1.805681659514206316e+01
1.702861486491380916e+01
1.718354030948085054e+01
1.637125898608408647e+01
1.652559989609810387e+01
1.774953037684990420e+01
1.600300969450286104e+01
1.727826953038335844e+01
1.761238683098282820e+01
1.806203281227996271e+01
1.644591880306239062e+01
1.639660258165925200e+01
1.771731369773353393e+01
1.639901120643869703e+01
1.641982156413432392e+01
1.769424304767075640e+01
1.630748878658031131e+01
1.823450115118461667e+01
1.824915181130914377e+01
1.636700308535248993e+01
1.683681444201065958e+01
1.808272315670049579e+01
1.800872552852268527e+01
1.819507499269252193e+01
1.768724218957101257e+01
1.791709533583684077e+01
1.807511773352888085e+01
1.632219877639412431e+01
1.823368703254142886e+01
1.726112723082411549e+01
1.701390506593842744e+01
1.743869921521979549e+01
1.606185040879750403e+01
1.650304748216934669e+01
1.792005477464729424e+01
1.603887249273353177e+01
1.824182845674988585e+01
1.822598343365534745e+01
1.633710029151844978e+01
1.748873523313766754e+01
1.644872075172273185e+01
1.607737768715916360e+01
1.745805014435318725e+01
1.669928891299620233e+01
1.819133364443715095e+01
1.771373835415530706e+01
1.714873831572469953e+01
1.669830903671284261e+01
1.681649985724436647e+01
1.708967316669035696e+01
1.791397815640659985e+01
1.820322461829339034e+01
1.713064231188322495e+01
1.624932395119220629e+01
1.757233319529228410e+01
1.826104872380896538e+01
1.673953122713640340e+01
1.662146519368986830e+01
1.821847567640806176e+01
1.020422111539001619e+01
1.601456611592267265e+01
1.763909065039801760e+01
1.761646551436344410e+01
1.688565597592847567e+01
1.600079226939866928e+01
1.825571342051209811e+01
1.715900961834569927e+01
1.627965178134026303e+01
1.682059686967793155e+01
1.801541767825461093e+01
1.626241830781370723e+01
1.379099197736634608e+01
1.640532021833426768e+01
1.603178144486495782e+01
1.669797685052782299e+01
1.667801171793748338e+01
1.799825661251448139e+01
1.702732352552005324e+01
1.800218372985968784e+01
1.600453163888728980e+01
1.701098288316870466e+01
1.699370098887209224e+01
1.235655199812626037e+01
1.601063004191207995e+01
1.228649935568135732e+01
1.063478797085875271e+01
1.757348171313262242e+01
1.602034455262816692e+01
1.601433092857286411e+01
1.487833565807290981e+01
1.601442181316240365e+01
1.389827144655237134e+01
1.765767693535617155e+01
1.687914240770820129e+01
1.788150733324817665e+01
1.617394950385837404e+01
1.633361547203002218e+01
1.772391553112390739e+01
1.610564324011267701e+01
1.779536204886374762e+01
1.651541739290500743e+01
1.779812715856242278e+01
1.617576168000637082e+01
1.692229336194741762e+01
1.749524974889607520e+01
1.697708614982323283e+01
1.609225973052781811e+01
1.762994790458409966e+01
1.639682457826145168e+01
1.784359015814109739e+01
1.600132181153475486e+01
1.654833808372157122e+01
1.691327844692451521e+01
1.602822027865288845e+01
1.601239337952916486e+01
1.652916519513798121e+01
1.633051391690539234e+01
1.606746273460308316e+01
1.351659513403388857e+01
1.606053796708952319e+01
1.772148177828865911e+01
1.797135027618803704e+01
1.230389864313700521e+01
1.664490043100816052e+01
1.690264041771473913e+01
1.600288321154489068e+01
1.782018327173723193e+01
1.602157919283117593e+01
1.637625033391206486e+01
1.785626789053486618e+01
1.757878322072623334e+01
1.761006514789760757e+01
1.660579326925112298e+01
1.825393792425263229e+01
1.776685466867564500e+01
1.770435679338980606e+01
1.764491074808856652e+01
1.601855848174396968e+01
1.676091407216377149e+01
1.777487442712462951e+01
1.325630791201301051e+01
1.688881714364623932e+01
1.680692834062249474e+01
1.600729473859149365e+01
1.773767032515793929e+01
1.658021894762486070e+01
1.795827292367877703e+01
1.819696942196078737e+01
1.608058928778974916e+01
1.787793164543852598e+01
1.763938022851991505e+01
1.697115075328005318e+01
1.600436636697378745e+01
1.601258172500269339e+01
1.718668985208450550e+01
1.746230833671713967e+01
1.787855657625872752e+01
1.778185446859042784e+01
1.815577326291263560e+01
1.799464842564124112e+01
1.788090740116762944e+01
1.691026858228874019e+01
1.713174444258519458e+01
1.415968563037684369e+01
1.503679434075018762e+01
1.784780901821165600e+01
1.626550024293450392e+01
1.601174249891091605e+01
1.641837479158041901e+01
1.633440996382559618e+01
1.743254591212496152e+01
1.602901942278694136e+01
1.655273134259318724e+01
1.394643757264348949e+01
1.430025938275544384e+01
1.422802177356318865e+01
1.711129264457639110e+01
1.600710060970766691e+01
1.607826378227578701e+01
1.697207497376143692e+01
1.600424090234010066e+01
1.751682649180206752e+01
1.652553601297199037e+01
1.629007655950319844e+01
1.766236380869293399e+01
1.815945816981652428e+01
1.803662000529176623e+01
1.675707780795940849e+01
1.780860934784724492e+01
1.822535643197169009e+01
1.748071112443228259e+01
1.747794540311879885e+01
1.600739745190005436e+01
1.720494796212884836e+01
1.720070647062329883e+01
1.761530107181122773e+01
1.745152027484986590e+01
1.787966796921541501e+01
1.608681939290656615e+01
1.775811457629382062e+01
1.623150441591123894e+01
1.601879901809534701e+01
1.600010691584052580e+01
1.795827292367877703e+01
1.670802633370576018e+01
1.757421461575872357e+01
1.719915868563220585e+01
1.663488969280387764e+01
1.788967024153243557e+01
1.436689540087724382e+01
1.808198689917909974e+01
1.798475877853180194e+01
1.647322688913063615e+01
1.758501706273254683e+01
1.765474514304961673e+01
1.683711980462095426e+01
1.600097030493686745e+01
1.793830265841265970e+01
1.600512802253778233e+01
1.602003377573284126e+01
1.686739121340646363e+01
1.648734211835645525e+01
1.666773610191793864e+01
1.699991633813918668e+01
1.650967243443381349e+01
1.658432471376270456e+01
1.794402381146868208e+01
1.603627439378892205e+01
1.822973564018663239e+01
1.739506351700247677e+01
1.748104149280694486e+01
1.620600519770342274e+01
1.820574150095760757e+01
1.818144063095609653e+01
1.600364800805966681e+01
1.765344369296761329e+01
1.787026866921189239e+01
1.760376303486235372e+01
1.822597079218089888e+01
1.759382658889760265e+01
1.823400377163982000e+01
1.804023328878152199e+01
1.656756298414940431e+01
1.794218398466098208e+01
1.804729122086983750e+01
1.685443266871022416e+01
1.699767726450222227e+01
1.796753617447862084e+01
1.600059315813911098e+01
1.623150441591123894e+01
1.614404537836310993e+01
1.739329991377126206e+01
1.634159659037824497e+01
1.698996121270920767e+01
1.627452875865670734e+01
1.637181241332617176e+01
1.643798948809554616e+01
1.686361526266526312e+01
1.642191493258902923e+01
1.815744171907669724e+01
1.819906301301246643e+01
1.817037625321120231e+01
1.720397628705736182e+01
1.824206481137962399e+01
1.793264152958204605e+01
1.634113065675578724e+01
1.324561904798257039e+01
1.603658016996270064e+01
1.755649985127979207e+01
1.783051195190165572e+01
1.761601330951245004e+01
1.691909190811917441e+01
1.776095077283639512e+01
1.812112651427126764e+01
1.747537181528734607e+01
1.609200465785203704e+01
1.769138119234969864e+01
1.600361352562992678e+01
1.648614286302200327e+01
1.743426680730751599e+01
1.770132861878849795e+01
1.617111121404338192e+01
1.602835950103560236e+01
1.799058540167038700e+01
1.788897291094742670e+01
1.651231664396605936e+01
1.754676624098705418e+01
1.600776634367972662e+01
1.639320192051986425e+01
1.601070892132078782e+01
1.804689725649753740e+01
1.800872552852268527e+01
1.748388112671150196e+01
1.651282094557524260e+01
1.817881984559994279e+01
1.623478610405301836e+01
1.697203484213939007e+01
1.804052703530578583e+01
1.600895971655374339e+01
1.651080537618290123e+01
1.822724344483098236e+01
1.801251872089260431e+01
1.654583173847684208e+01
1.680597974426515506e+01
1.743290250029285104e+01
1.824164930511289384e+01
1.710194907107889151e+01
1.358280253082581268e+01
1.785446955342581887e+01
1.606019702156114093e+01
1.635812332908824374e+01
1.434001142524330952e+01
1.768747363004460382e+01
1.633702349014253130e+01
1.602542993281268480e+01
1.375069851706973623e+01
1.600084639053957858e+01
1.610904370255940776e+01
1.602758070469903728e+01
1.683203922525700236e+01
1.759572045393567308e+01
1.734241104387543331e+01
1.633031946150732594e+01
1.452095098284410213e+01
1.600220676733156822e+01
1.611231925899987516e+01
1.788424026892238672e+01
1.805835393914280829e+01
1.600904191604366744e+01
1.637632284057324838e+01
1.001582708696645696e+01
1.725858839843397163e+01
1.668481238882388951e+01
1.724906473737965484e+01
1.618136014993489269e+01
1.775177004066113540e+01
1.682971753615111865e+01
1.239585573274203867e+01
1.689427826061266913e+01
1.774383067543732295e+01
1.812429303006661740e+01
1.678721265626175096e+01
1.628399033239255544e+01
1.636721685470872600e+01
1.603058849880207148e+01
1.691527834594724666e+01
1.637203884031639589e+01
1.808648080234939215e+01
1.822973564018663239e+01
1.600110821246912707e+01
1.788743590082933466e+01
1.802889877118087014e+01
1.763458365682110340e+01
1.670843239813135028e+01
1.765535230831102353e+01
1.631192281534393018e+01
1.817175087065868411e+01
1.806108181206007401e+01
1.827444710793808724e+01
1.719089826743801908e+01
1.757691789395922655e+01
1.798310567852773190e+01
1.670046424282912767e+01
1.727696778463207750e+01
1.601507658903544851e+01
1.602301163782897575e+01
1.749980013581089011e+01
1.714578153734127852e+01
1.429735659325576158e+01
1.736563495258198486e+01
1.760173594971040245e+01
1.614910073429041759e+01
1.732574393665430534e+01
1.804740595446316576e+01
1.606244591010169742e+01
1.716407399922923460e+01
1.784130250039076415e+01
1.714641639853000754e+01
1.419071721223694382e+01
1.818875524169470026e+01
1.800872552852268527e+01
1.749443666249586471e+01
1.600175634657556500e+01
1.591121451906442275e+01
1.268706330923785330e+01
1.741055089124064637e+01
1.743853188568068191e+01
1.600722949138802775e+01
1.799464842564124112e+01
1.633696173498634607e+01
1.689408442104716102e+01
1.601063004191207995e+01
1.772755646646633920e+01
1.602301163782897575e+01
1.741018554761669890e+01
1.167753466549326724e+01
1.772832061944450288e+01
1.822650054610111070e+01
1.504768148991239940e+01
1.703444361249630035e+01
1.395946643258693243e+01
1.633356936865188302e+01
1.771536600877856316e+01
1.348931716711246231e+01
1.676411233415091218e+01
1.778618444313563529e+01
1.731108464383946810e+01
1.816832123892980277e+01
1.745606489118345550e+01
1.821164776185099399e+01
1.100438293083193741e+01
1.663118215225012264e+01
1.775284493297618127e+01
1.823647746631363020e+01
1.600097030493686745e+01
1.732875726588838816e+01
1.704838793620853465e+01
1.700051293979153044e+01
1.643299593821991778e+01
1.602085685011208227e+01
1.406930760129490032e+01
1.662146519368986830e+01
1.610176138860364503e+01
1.815690854528472897e+01
1.600529818586850794e+01
1.634555621841928641e+01
1.758549331367669311e+01
1.799780248936589189e+01
1.744325944569831321e+01
1.702420848083503913e+01
1.220424710888578801e+01
1.605489371344260618e+01
1.809717368564770368e+01
1.630092662779289370e+01
1.763219255665437402e+01
1.692315786830572932e+01
1.811578166558129510e+01
1.651884097712618527e+01
1.740702880926602703e+01
1.781614441910214097e+01
1.001582708696645696e+01
1.627569778195785233e+01
1.600730546039495650e+01
1.162978858653359460e+01
1.721288924447908641e+01
1.767094964119442579e+01
1.792137971321094270e+01
1.603860164879616335e+01
1.820925121461266016e+01
1.110037040578060719e+01
1.679021729072992031e+01
1.600221570769908652e+01
1.694193614866427922e+01
1.780228386117358497e+01
1.813849019053867906e+01
1.689357016127073052e+01
1.774178570131236299e+01
1.600179645579055432e+01
1.704505671157705393e+01
1.675191878275151325e+01
1.678795008582785542e+01
1.602042364268240249e+01
1.605097668171504921e+01
1.704193187594605519e+01
1.604066943048865568e+01
1.822801786506883559e+01
1.741073361949958453e+01
1.609042082472728197e+01
1.247493994207524537e+01
1.818072365785724998e+01
1.686093777811746364e+01
1.653343830840027451e+01
1.647607774703276107e+01
1.819749035083286870e+01
1.798756804373127238e+01
1.686610774984590222e+01
1.600403507884674426e+01
1.623835322037937701e+01
1.719955029407792679e+01
1.813214925982302361e+01
1.769346259028375457e+01
1.765733761661237722e+01
1.754950848002933839e+01
1.770547060201386458e+01
1.776340199984392143e+01
1.672388223738778734e+01
1.753305340636999787e+01
1.609929729721365632e+01
1.632354729616794842e+01
1.626405033440763148e+01
1.600149072092678892e+01
1.736889617126148977e+01
1.650273192737707362e+01
1.726896961590094648e+01
1.586171479881770807e+01
1.665979057556850407e+01
1.821163110706629595e+01
1.781980695175178298e+01
1.653990377012494051e+01
1.778173649672084267e+01
1.797133922430628061e+01
1.794652415446013549e+01
1.633374716718914499e+01
1.722167635018993437e+01
1.684646737767463520e+01
1.604322536893770490e+01
1.601231771495215739e+01
1.625276673906965286e+01
1.808648080234939215e+01
1.803972676275749265e+01
1.714450047053071913e+01
1.787650501517920532e+01
1.826231557249429827e+01
1.788988857505057695e+01
1.604226388473581011e+01
1.605198335660422160e+01
1.710733766088427288e+01
1.821838524164687811e+01
1.603361257426346143e+01
1.774888329626955041e+01
1.666609465331609385e+01
1.782667643199869545e+01
1.754026127789762768e+01
1.734270798370939914e+01
1.604679098335331489e+01
1.723036409283627535e+01
1.782237349935737214e+01
1.697161405891951347e+01
1.738812310748923906e+01
1.750515571072968157e+01
1.601130056371195565e+01
1.613479576114936620e+01
1.770045970995063200e+01
1.727757831204237249e+01
1.720070647062329883e+01
1.790161071008084548e+01
1.600489988955474630e+01
1.783785473760607942e+01
1.600053005132404138e+01
1.812212966059906449e+01
1.741179472918794602e+01
1.721542957753468883e+01
1.820296947739941373e+01
1.623955146838493135e+01
1.823333854633607132e+01
1.707191278963968273e+01
1.620384442337143227e+01
1.600036971187422452e+01
1.650260829678040153e+01
1.059884202259075714e+01
1.786300979862076588e+01
1.629074799058552259e+01
1.759792315041401167e+01
1.702387081781918354e+01
1.741507406566327987e+01
1.609095505618085298e+01
1.168239949198457595e+01
1.797658262101353799e+01
1.806814149432975114e+01
1.217794940033127737e+01
1.777548973436736546e+01
1.814840063899368161e+01
1.824901805775577657e+01
1.776152605960162134e+01
1.367428466994060798e+01
1.235379349655151948e+01
1.630413793657994859e+01
1.701427325525635226e+01
1.033440660584240156e+01
1.671698898536263300e+01
1.438180864126892367e+01
1.603879710546441117e+01
1.769949852657070011e+01
1.601046039152521416e+01
1.341056809918684323e+01
1.788200479062205872e+01
1.669867901334731286e+01
1.667241279046112723e+01
1.655273134259318724e+01
1.808239523929578141e+01
1.601090652213215648e+01
1.726948922926877117e+01
1.775177004066113540e+01
1.747094455373463973e+01
1.728155247004032447e+01
1.601974455874928438e+01
1.667379054507160063e+01
1.738812310748923906e+01
1.620179402988671313e+01
1.627555428158862227e+01
1.602984804699134713e+01
1.712774717522748702e+01
1.556042255324843993e+01
1.374828413739055932e+01
1.765293068668936982e+01
1.685050864234464640e+01
1.605693740336273834e+01
1.799721994704790262e+01
1.663047353761953673e+01
1.740826908103558779e+01
1.670946350205172948e+01
1.409317267005435603e+01
1.667801171793748338e+01
1.824362711566705997e+01
1.600057706453471340e+01
1.760205566277624101e+01
1.621149820249827300e+01
1.821838524164687811e+01
1.799489565130981461e+01
1.774777064421731509e+01
1.705405629642129739e+01
1.813418675201484476e+01
1.690333120040154924e+01
1.606664599632647139e+01
1.742908581322022954e+01
1.739780432491994944e+01
1.791273015333694474e+01
1.777664981361571961e+01
1.708275020013814682e+01
1.706459863984987280e+01
1.676805688449830001e+01
1.637142840937906030e+01
1.635541361854119558e+01
1.603716228160119783e+01
1.728392930962025531e+01
1.800766375627990001e+01
1.606661575362434746e+01
1.813689109552460366e+01
1.319296649616221728e+01
1.802369569253636783e+01
1.817817900062848580e+01
1.696510113652962559e+01
1.771087896697193997e+01
1.625475656794662882e+01
1.770150205411383126e+01
1.600827470759226046e+01
1.778752161123122733e+01
1.630897512762049217e+01
1.128711511328405237e+01
1.761820562451332961e+01
1.482372343719541874e+01
1.794371821827181535e+01
1.702548115786450822e+01
1.621385032059513875e+01
1.689467731093855107e+01
1.740013903378846294e+01
1.615771451018319738e+01
1.814025731699558719e+01
1.747794540311879885e+01
1.675469909167195226e+01
1.651080537618290123e+01
1.600220676733156822e+01
1.653274579735493433e+01
1.812112651427126764e+01
1.680217224341702931e+01
1.773028969319513592e+01
1.738227131455120755e+01
1.754300746611862039e+01
1.601202379938359499e+01
1.788743590082933466e+01
1.624404631056764003e+01
1.426042102447380344e+01
1.676621690427812439e+01
1.604531845434759418e+01
1.649838431072225831e+01
1.791490474789902976e+01
1.807397123741155553e+01
1.708455749830551795e+01
1.036504304819095168e+01
1.667125729856711303e+01
1.600613334289504408e+01
1.744523454105312865e+01
1.633356936865188302e+01
1.379099197736634608e+01
1.691362357849135378e+01
1.778441368982824855e+01
1.755455127333982546e+01
1.640573255853484724e+01
1.770057230323737940e+01
1.817579996461945058e+01
1.708438032365547343e+01
1.608964413744580924e+01
1.355631871897985974e+01
1.821319073035432368e+01
1.807640250481696143e+01
1.657921779243770644e+01
1.763143706365766405e+01
