1.770882761884199397e+01
1.860112438699330895e+01
1.601631995115263862e+01
1.973725122270134591e+01
1.891724966225018534e+01
1.768697420589460023e+01
1.983612923655371674e+01
1.787604310876548652e+01
1.730711798963705306e+01
1.724475103577255197e+01
1.876809398803457896e+01
1.971816058958701845e+01
1.837339685622711016e+01
1.786067676274213056e+01
1.847940931338332149e+01
1.610709153039050889e+01
1.945573687380716166e+01
1.774239356603361628e+01
1.694778669039141406e+01
1.617151292301296905e+01
1.970678571662299561e+01
1.954928880454293605e+01
1.980007140598091908e+01
1.603896184699933869e+01
1.657920157111370330e+01
1.781165944624223840e+01
1.703335020440722403e+01
1.812985581381529343e+01
1.940273597882035972e+01
1.819593530034253348e+01
1.901029944483921241e+01
1.884950076903490768e+01
1.954023641921821408e+01
1.774893612196218484e+01
1.428382986485937778e+01
1.964793728241102855e+01
1.640151557073476596e+01
1.882564218078803009e+01
1.964336321646737105e+01
1.989294820456024127e+01
1.628643812839543870e+01
1.818837859546766822e+01
1.897225754653941365e+01
1.643664314679065441e+01
1.434456986651984423e+01
1.795745582408254748e+01
1.880786973154987862e+01
1.923899871942476736e+01
1.916779856950438443e+01
1.719411807386157776e+01
1.715743087816092682e+01
1.793006793126295051e+01
1.411324539875691286e+01
1.687402458158226892e+01
1.993253107830686943e+01
1.603430776091053644e+01
1.420118668325146061e+01
1.696247458491303917e+01
1.787267562929445930e+01
1.908444047922327513e+01
1.645917649701227958e+01
1.406592187503039604e+01
1.683183564891933770e+01
1.623795452752598933e+01
1.957755217601502551e+01
1.689682506070474588e+01
1.762982510017269533e+01
1.844579672554259275e+01
1.830815420247839498e+01
1.685151602500594237e+01
1.983401830402998911e+01
1.933324104426845125e+01
1.883259206472823877e+01
1.938469074977000517e+01
1.786025438278596056e+01
1.981072483796819839e+01
1.816123738783151609e+01
1.839691195209677232e+01
1.331853296758791672e+01
1.970969550917589430e+01
1.841336093367550930e+01
1.969566699645841723e+01
1.625279207636391732e+01
1.953452824161744061e+01
1.919497965831909170e+01
1.993326936881550182e+01
1.600231448818207980e+01
1.832156409288644028e+01
1.852573621336329524e+01
1.778833534297258723e+01
1.915385242356065021e+01
1.761646604895087265e+01
1.795069969819227751e+01
1.954923629274458108e+01
1.922036216743012460e+01
1.600513252380195084e+01
1.280144923905540999e+01
1.613863769703071327e+01
1.949175590160897542e+01
1.904138594552477670e+01
1.783120891963172383e+01
1.999172517397185445e+01
1.634379001740254367e+01
1.799426836978920718e+01
1.705023564487660082e+01
1.743203666909595384e+01
1.977726620604458319e+01
1.946481224025760071e+01
1.906017948606384493e+01
1.956935827823480878e+01
1.885054922022023405e+01
1.990899228187916137e+01
1.410862139957580474e+01
1.776116565397918379e+01
1.980009744104517466e+01
1.918324712313644298e+01
1.437986745469667937e+01
1.910679050682816182e+01
1.808424425216127673e+01
1.869474055790874090e+01
1.762143234956926818e+01
1.935908949284077707e+01
1.784768740696012301e+01
1.997540319417959154e+01
1.790811379025711858e+01
1.957680292043181680e+01
1.889149206507232037e+01
1.921250829983453912e+01
1.902473100637598336e+01
1.816024767272986296e+01
1.647375846930111720e+01
1.974352668920537113e+01
1.977097180666442355e+01
1.743095573863559622e+01
1.711020687429050824e+01
1.937750066199578924e+01
1.632004360522088859e+01
1.781072780732414529e+01
1.711455886993654119e+01
1.983374296214247678e+01
1.675525222717505969e+01
1.979781344098317675e+01
1.971447456289243405e+01
1.962695813698465130e+01
1.867883411461313514e+01
1.970345027370956004e+01
1.921248315892947289e+01
1.909276662912606426e+01
1.746833720685710034e+01
1.785597125318868805e+01
1.600269786798329719e+01
1.826307085413342435e+01
1.703753272890383030e+01
1.647784013123369817e+01
1.856026825533797364e+01
1.767981821478273829e+01
1.667317019427108349e+01
1.873181136265121793e+01
1.767493692090767610e+01
1.755635233933094597e+01
1.702030597286541536e+01
1.749586718328200519e+01
1.659693372794412980e+01
1.606900438692122179e+01
1.611786005120152865e+01
1.658338218212331938e+01
1.620880066328657065e+01
1.959518039731789685e+01
1.747630815487237044e+01
1.906799080634965904e+01
1.972829799191460509e+01
1.890329249294276792e+01
1.791418713815598096e+01
1.726146457635426756e+01
1.975251232178487371e+01
1.883975268814236870e+01
1.797301996820668535e+01
1.997376881347036814e+01
1.991420351245356457e+01
1.776705182046335807e+01
1.969635591528186325e+01
1.932062332573060104e+01
1.955368638664580061e+01
1.432117950856279620e+01
1.849671944194494344e+01
1.601758399604200989e+01
1.803028339204837849e+01
1.865932082950315873e+01
1.980518265518137611e+01
1.757068551000037715e+01
1.971144204154085600e+01
1.711363730326568700e+01
1.989347266740900722e+01
1.826599639172644629e+01
1.897302529706850649e+01
1.771448519007922329e+01
1.714190999863331655e+01
1.713491497717632228e+01
1.292702842932720131e+01
1.798796792365751429e+01
1.821589960433075817e+01
1.898071246737228535e+01
1.869804352027244221e+01
1.247279476990954628e+01
1.879661274898746726e+01
1.962360772414044874e+01
1.934206848158018488e+01
1.920623405084389645e+01
1.700287587215441931e+01
1.938914098916736961e+01
1.493087333091663638e+01
1.884243394803554139e+01
1.997516292786252379e+01
1.796161808117622627e+01
1.989638533474118987e+01
1.464893090872971015e+01
1.816818708591880238e+01
1.730814124557628375e+01
1.926606728703595905e+01
1.822965493181341401e+01
1.818573917543091767e+01
1.984802327182787707e+01
1.988061086543661204e+01
1.950405619725834683e+01
1.738322010900494874e+01
1.911196610978297628e+01
1.964662934018023321e+01
1.800317369979550008e+01
1.853242620159931064e+01
1.757850844177622562e+01
1.955984003261235316e+01
1.680332491119965965e+01
1.735836857515817400e+01
1.804214888096952052e+01
1.798829119672372556e+01
1.436087967506225205e+01
1.795554074499797537e+01
1.896818212515897173e+01
1.600486601964364652e+01
1.330235131011507299e+01
1.986043692344640732e+01
1.888368664351858683e+01
1.768997842948089882e+01
1.891217969400337040e+01
1.622542143372572454e+01
1.822612866757133077e+01
1.721200450765352841e+01
1.676306811780765571e+01
1.353615313409779297e+01
1.843577702152387587e+01
1.979395614910660228e+01
1.600620489256804646e+01
1.201337435162456835e+01
1.713884422859280932e+01
1.759850556920893183e+01
1.875803268555437597e+01
1.636659053553950827e+01
1.797034557176073832e+01
1.904312994934002745e+01
1.898927596927652317e+01
1.979915916916240448e+01
1.860823801704725255e+01
1.089323021369658306e+01
1.695112087768722731e+01
1.644923486194649342e+01
1.126337428280152686e+01
1.941974057590991265e+01
1.716233675599221797e+01
1.609233510370946973e+01
1.675345192932633864e+01
1.901586510592947477e+01
1.938391806579259580e+01
1.956870649239699844e+01
1.963453034371500650e+01
1.293665443418029071e+01
1.846876274980904498e+01
1.765187210070721591e+01
1.796994459035105862e+01
1.604770143251500869e+01
1.976354630761122877e+01
1.835664341873443206e+01
1.673114060953028570e+01
1.880452842459400031e+01
1.776730458805169732e+01
1.821441863488412949e+01
1.939909653955765378e+01
1.850188745714123684e+01
1.829708305058423079e+01
1.838797889413863729e+01
1.802254009540884994e+01
1.987633248174421752e+01
1.976365169349869078e+01
1.605315440291275664e+01
1.635578709617972848e+01
1.766174163989971646e+01
1.873521433342881082e+01
1.980983819019118997e+01
1.763677235233533835e+01
1.876690263135822079e+01
1.751856812684641795e+01
1.781079147265020168e+01
1.829353192895784375e+01
1.630079316692963332e+01
1.925446592295447701e+01
1.764419661149158713e+01
1.520011396975331408e+01
1.942474716506920274e+01
1.071132171075159256e+01
1.376247760981428314e+01
1.987331386112811771e+01
1.927141763623822257e+01
1.913621816903707185e+01
1.892451843260558775e+01
1.694002546168678336e+01
1.976651042746615872e+01
1.793671450644020737e+01
1.984662392339515335e+01
1.882815649013230797e+01
1.984548002240261155e+01
1.503029247001126834e+01
1.728506787045016679e+01
1.834035417689639758e+01
1.702157230238192653e+01
1.909887472887491100e+01
1.923567611165049129e+01
1.846780732657390089e+01
1.799528983301493668e+01
1.964764538891695267e+01
1.857105219944082819e+01
1.732468966559539680e+01
1.807280235750689101e+01
1.703874591964350316e+01
1.930702583166756270e+01
1.719384988792984359e+01
1.664823947386408420e+01
1.684611137388648316e+01
1.876333362141495087e+01
1.898810874556519934e+01
1.733437386963844418e+01
1.606470249714407572e+01
1.967762439068054903e+01
1.905005628592694222e+01
1.988039600147702402e+01
1.908095365570301283e+01
1.934000335284419236e+01
1.907950884963064553e+01
1.989606374913170939e+01
1.988848456386900665e+01
1.671785922360451693e+01
1.882384099660106003e+01
1.794214667940538988e+01
1.960278246952739778e+01
1.636028366807784806e+01
1.856829806821279405e+01
1.757317744334549303e+01
1.673286802334599344e+01
1.887450074383992771e+01
1.748216921319701100e+01
1.613124924757772050e+01
1.937093545183451937e+01
1.726605703622220389e+01
1.917445366081513569e+01
1.986748040954734762e+01
1.884629368699772201e+01
1.788593400292032953e+01
1.987721358018247031e+01
1.804382584256098099e+01
1.963076064323358594e+01
9.884552161740145948e+00
1.632478007861082148e+01
1.969350494187775880e+01
1.818146953422980161e+01
1.988414740929463420e+01
1.838889124617212545e+01
1.400495119286668100e+01
1.889609377768745802e+01
1.319674238774471675e+01
1.608923159579885365e+01
1.817922962214751692e+01
1.889429610135517024e+01
1.865212015912696941e+01
1.775126895876780608e+01
1.963390339091158410e+01
1.864580185694049419e+01
1.945003784188946483e+01
1.305230356754428200e+01
1.810393339855929540e+01
1.680542977177574215e+01
1.759119804859097513e+01
1.876375602729394032e+01
1.959036002353254702e+01
1.872878825784502865e+01
1.993254182476696457e+01
1.945625376738265544e+01
1.720138923802302955e+01
1.928825795815467714e+01
1.793113007271408321e+01
1.255302117747188362e+01
1.983604269612663273e+01
1.878504828428069828e+01
1.672434338185052738e+01
1.816116101578721853e+01
1.819013056827502695e+01
1.614435449431893232e+01
1.958422794852373272e+01
1.759902503517071182e+01
1.912996507150483794e+01
1.801477025657423070e+01
1.619068613318638938e+01
1.600018354659725617e+01
1.614141309443420624e+01
1.696719967515401706e+01
1.661062298018057604e+01
1.787417265746920592e+01
1.721055560730943057e+01
1.931931522040216720e+01
1.829593415506538534e+01
1.751770939433012586e+01
1.757844855739230638e+01
1.839242664308824260e+01
1.902890216569536008e+01
1.967968798872406921e+01
1.604661589060870597e+01
1.972123663009560346e+01
1.923789382765421507e+01
1.829381868776783548e+01
1.979361034186235102e+01
1.991473291584048511e+01
1.831673760895872860e+01
1.977787036237761953e+01
1.364010119411174315e+01
1.831776894955080337e+01
1.604417879533198743e+01
1.610574159047454046e+01
1.792471700614133567e+01
1.639477128525095395e+01
1.999872629042559069e+01
1.865601806397491558e+01
1.677332205719000413e+01
1.917190312460333246e+01
1.390308362825615873e+01
1.747136774674375204e+01
1.730301282892007464e+01
1.954791106919275023e+01
1.794528933029671336e+01
1.772496228187073797e+01
1.418676540062536162e+01
1.602538982050330318e+01
1.949294713775343624e+01
1.275479177921955376e+01
1.968041107139888979e+01
1.971597947536550066e+01
1.966073719545277498e+01
1.999958147045535739e+01
1.890376995597256737e+01
1.745644129214505824e+01
1.923737251565632533e+01
1.846239505359989153e+01
1.681190522079525351e+01
1.987918269026742735e+01
1.930738300294520116e+01
1.829238133782800446e+01
1.815027618745337534e+01
1.983875883505450588e+01
1.993946946514536123e+01
1.734939081559873841e+01
1.702707109512803640e+01
1.772632155482562410e+01
1.733720878062554505e+01
1.961850758667490524e+01
1.866908161068750971e+01
1.960800932891437753e+01
1.620285967677591188e+01
1.692623706755822610e+01
1.862632235202989506e+01
1.684352206313789324e+01
1.823893474413897664e+01
1.824604431934625381e+01
1.986996174942966675e+01
1.641534352322848633e+01
1.657899667937793708e+01
1.600153723874601752e+01
1.955250564175191030e+01
1.697265408258743236e+01
1.601046473191320274e+01
1.631659466083096177e+01
1.648650571051314984e+01
1.998644884348010464e+01
1.590708227145973908e+01
1.604986735111163298e+01
1.617327375287844760e+01
1.994401261614261855e+01
1.937462652384771289e+01
1.909140517351794841e+01
1.731221783034911255e+01
1.600154134026125163e+01
1.907913817199028017e+01
1.972556513607231921e+01
1.268158227671470506e+01
1.944561964807928334e+01
1.875400059489223992e+01
1.660027724275005312e+01
1.863506092427554250e+01
1.875310030254796345e+01
1.970622545889256472e+01
1.600027187505710913e+01
1.977407357551690836e+01
1.788702550478376097e+01
1.233919214218288651e+01
1.959100225924455430e+01
1.691192854596989292e+01
1.600020049016114498e+01
1.754581608086478894e+01
1.140217909575216382e+01
1.977443283328337031e+01
1.603478246562731613e+01
1.962805161739667170e+01
1.828083090893262153e+01
1.973455839795743216e+01
1.826809158778352327e+01
1.995962749978119177e+01
1.914345861179442565e+01
1.770407055562761656e+01
1.424934170474958606e+01
1.966245604932864666e+01
1.952201637797579181e+01
1.803115565055133374e+01
1.600050992490545454e+01
1.634608531514528096e+01
1.395646049514182963e+01
1.680974801287161213e+01
1.624725898693526815e+01
1.956339404489719058e+01
1.750439907752743451e+01
1.648551490616441484e+01
1.728295994306791528e+01
1.987902896600832037e+01
1.967358744249914082e+01
1.980954233159177491e+01
1.947561340635084548e+01
1.653945016237312160e+01
1.300370798615968404e+01
1.660887952157028025e+01
1.825228489057429471e+01
1.675316261783084926e+01
1.937096154398598813e+01
1.600066252423556534e+01
1.140471129660257432e+01
1.687511235776801399e+01
1.790708235771177925e+01
1.791817243323945874e+01
1.738912929127809903e+01
1.610612171349181665e+01
1.601623996362500080e+01
1.756829560623670972e+01
1.613035254699386911e+01
1.945558603828571265e+01
1.839907881641093468e+01
1.809751556478682488e+01
1.940183070873393589e+01
1.861899697213544513e+01
1.857127738345474199e+01
1.924865377671812539e+01
1.983344680170614538e+01
1.994283243342304957e+01
1.887427935301624871e+01
1.895525646002348452e+01
1.942302937009277386e+01
1.427783378134871839e+01
1.253954014920189408e+01
1.319224520615104979e+01
1.678999205848850451e+01
1.931912143166727702e+01
1.705369499964550073e+01
1.602671112836437217e+01
1.439945027926070864e+01
1.889849828869167325e+01
1.988371782314584379e+01
1.923156047931937707e+01
1.859297329533249510e+01
1.945299376295991323e+01
1.934302328476344002e+01
1.907411442912485811e+01
1.800387609106920905e+01
1.742951893390995721e+01
1.818657737782848471e+01
1.856682050814850626e+01
1.710030084958918195e+01
1.970857000369950995e+01
1.926840251804261328e+01
1.665330722388662821e+01
1.837937361423979254e+01
1.983111640687650024e+01
1.495262934293189794e+01
1.942394085970921580e+01
1.998897620834094369e+01
1.851180235633171023e+01
1.927330183877954894e+01
1.431685084029868449e+01
1.930593041535778198e+01
1.288877145769317423e+01
1.605706127820936757e+01
1.953762791142576916e+01
1.844088132439471295e+01
1.752351162907413595e+01
1.696059120770827988e+01
1.945203098741026793e+01
1.960319608256753909e+01
1.886419940402231532e+01
1.894403937125019510e+01
1.644900909045306037e+01
1.950800817804526233e+01
1.711705187830801833e+01
1.649352016827031875e+01
1.901606862535640019e+01
1.675608592176432410e+01
1.922308036054275959e+01
1.988819479073186614e+01
1.973924916496546444e+01
1.894574939675916525e+01
1.974248407629440294e+01
1.649973830597436120e+01
1.635496117341271116e+01
1.281791402940933011e+01
1.738740790878416576e+01
1.980930641468104980e+01
1.785881051591421453e+01
1.949617386656291984e+01
1.955905433264451787e+01
1.846849650203244764e+01
1.600150749108970061e+01
1.868575166429555878e+01
1.643363135137817110e+01
1.992124745184331758e+01
1.833812278960849085e+01
1.918640982694839892e+01
1.919918189197481695e+01
1.868014951217927333e+01
1.999571458220251330e+01
1.873395586951330927e+01
1.815407890208415864e+01
1.979440799515167271e+01
1.624717391604924543e+01
1.634286437427010696e+01
1.612226706914256624e+01
1.602655427609018801e+01
1.749689604615804939e+01
1.994398425680998344e+01
1.873356053068376781e+01
1.654973950403951832e+01
1.736943590265959969e+01
1.923896248201921466e+01
1.841971540395377716e+01
1.823931812201455571e+01
1.702162256524911754e+01
1.696549484416435050e+01
1.670997691158209975e+01
1.966881194906000019e+01
1.432348733656203876e+01
1.299940135581287137e+01
1.948797864945624170e+01
1.889772544382206121e+01
1.604563794605510907e+01
1.992272199579557324e+01
1.847946036726452235e+01
1.822885392732564114e+01
1.811208907753664832e+01
1.816220099517475361e+01
1.855154859734062356e+01
1.600388784555864774e+01
1.917620735605089521e+01
1.919535594328326056e+01
1.798367821145953371e+01
1.938438272490284930e+01
1.672191279989037582e+01
1.815692326409293855e+01
1.803223996871673052e+01
1.840982423715402660e+01
1.907443433800295196e+01
1.914031605710174944e+01
1.713994252719821532e+01
1.751182268435960054e+01
1.738810394538282011e+01
1.872276297414333257e+01
1.783236898289958106e+01
1.860450676116973412e+01
1.944959644954978728e+01
1.611028483096027486e+01
1.867657123171626665e+01
1.981443294473666938e+01
1.811236907559461073e+01
1.683131236673639464e+01
1.963657240533750326e+01
1.953355659564585523e+01
1.761839169390740167e+01
1.775225125634546686e+01
1.916868908474572208e+01
1.824748196002019895e+01
1.600833815638476665e+01
1.900347920281680558e+01
1.600563528708615380e+01
1.257102451480840877e+01
1.668451096613745221e+01
1.965152363159950966e+01
1.895652851035403330e+01
1.834493960779373722e+01
1.991180523259971835e+01
1.602533099462983657e+01
1.871039009296053024e+01
1.918531970103878947e+01
1.039935317146944982e+01
1.825216866520092651e+01
1.791078134322528825e+01
1.612068928827860148e+01
1.896267828272864264e+01
1.626285520804314899e+01
1.742007973999885451e+01
1.819187960020254735e+01
1.730417658106650691e+01
1.702018822072546200e+01
1.978807694398133066e+01
1.974986948525869579e+01
1.638307471249601477e+01
1.906569660949056910e+01
1.969160609941613416e+01
1.707902245240703110e+01
1.638837779005628548e+01
1.737401110289012962e+01
1.991472592880873904e+01
1.656274561586570115e+01
1.988784408574809603e+01
1.915717895144980432e+01
1.619060555298410264e+01
1.609677141783054921e+01
1.822387209144227072e+01
1.996867961244655731e+01
1.895229803828437198e+01
1.793893286044871616e+01
1.775145632210002589e+01
1.410626173908258707e+01
1.871822369706605826e+01
1.933815623393164884e+01
1.653176336623475251e+01
1.897544655340064423e+01
1.955388729200718601e+01
1.721674253370298402e+01
1.684209862148244241e+01
1.859333270446710173e+01
1.925931797524539135e+01
1.871446973543306669e+01
1.721889882092080626e+01
1.799236780884354658e+01
1.736341906865962059e+01
1.970296514791247233e+01
1.994886847397514273e+01
1.535016856928899109e+01
1.947478330371104960e+01
1.984735642436159964e+01
1.843544630459458133e+01
1.601368395680323431e+01
1.873721557329918852e+01
1.660898681979819713e+01
1.964461411847257466e+01
1.600887766155652159e+01
1.902548513085305615e+01
1.669390726208288100e+01
1.600018198496674771e+01
1.960461958179586617e+01
1.981559259096032477e+01
1.859934727186861281e+01
1.635859691067501487e+01
1.923469789379987205e+01
1.614926059345316389e+01
1.797979327973730079e+01
1.638992213540126741e+01
1.674235137546266117e+01
1.942459802788327039e+01
1.835894327551806171e+01
1.600015697667512882e+01
1.790232994070659345e+01
1.600897454876586323e+01
1.819574629392129239e+01
1.801289971959956304e+01
1.984180570920939601e+01
1.994169720891522246e+01
1.976208284081133115e+01
1.960300722975814836e+01
1.633045589588897073e+01
1.630102464758698844e+01
1.730381742292053104e+01
1.622386521382896163e+01
1.978997452266439439e+01
1.654119682559013427e+01
1.318570539372179695e+01
1.745294754751499511e+01
1.877693218703281630e+01
1.974024456590482757e+01
1.973524391884516405e+01
1.717515387213803635e+01
1.697405047013508295e+01
1.849856178583391753e+01
1.442851316397718620e+01
1.854151017200284812e+01
1.691557481852510847e+01
1.917888084944627636e+01
1.901428432688704007e+01
1.851950682800449499e+01
1.702025351120499153e+01
1.858490198266223459e+01
1.818582821362509705e+01
1.873378669793014595e+01
1.950639562244586500e+01
1.906608857855211880e+01
1.868649596637440169e+01
1.803203732390450398e+01
1.535688851313544134e+01
1.885628312174738497e+01
1.850797944546684093e+01
1.968386919907396404e+01
1.918821837179314826e+01
1.602986742330165271e+01
1.940412481377120102e+01
1.687673081819538012e+01
1.499999465096386331e+01
1.838573569608120195e+01
1.768924027512423791e+01
1.786929891807207227e+01
1.215666698335095219e+01
1.774314456345193491e+01
1.896044028763295941e+01
1.941051981366624091e+01
1.866344704785178266e+01
1.931292922213486207e+01
1.898538163275075163e+01
1.838122010418777563e+01
1.838832515908013931e+01
1.622989734907767101e+01
1.703297550489597256e+01
1.982517903096842815e+01
1.881328283646541166e+01
1.815143739477196050e+01
1.775297969020353506e+01
1.150901119843912923e+01
1.813497245603837627e+01
1.884342440070559022e+01
1.948967595223464855e+01
1.746860166350276700e+01
1.760730694699513776e+01
1.430953904942232668e+01
1.618483849696680821e+01
1.654433645219764770e+01
1.915428523035137687e+01
1.998460775118277155e+01
1.776265267498031619e+01
1.776837341898063727e+01
1.916587453737299285e+01
1.901452875493234629e+01
1.860643819612014482e+01
1.961769894475952825e+01
1.395844286500086895e+01
1.852326482189902990e+01
1.933071781448557047e+01
1.947285678243173734e+01
1.994119690569861802e+01
1.621864910156280715e+01
1.792608826726263516e+01
1.944106845189413946e+01
1.797925056874523264e+01
1.912739307194765459e+01
1.636226229427015966e+01
1.848339446159421229e+01
1.887250189332952743e+01
1.648500269365080229e+01
1.791670470634714007e+01
1.600014171864599888e+01
1.717669063173436328e+01
1.743490825077287099e+01
1.637468062695588245e+01
1.947108696020617913e+01
1.938220925008333850e+01
1.788041855887098919e+01
1.908815888278153494e+01
1.866256675486248540e+01
1.933299501869365855e+01
1.738380359740575543e+01
1.600146879774874265e+01
1.898351169856383081e+01
1.826999985276467342e+01
1.895391658910361699e+01
1.318989072787655914e+01
1.707149622778478104e+01
1.938262745308506041e+01
1.900660816207909676e+01
1.942832062868864540e+01
1.990021173087508188e+01
1.978101731550021825e+01
1.901358089914175409e+01
1.823203760000060214e+01
1.935298575033416313e+01
1.829341362493552126e+01
1.668491498284776853e+01
1.716389530541399822e+01
1.303541273596611028e+01
1.380703919930666146e+01
1.885993889642776722e+01
1.812275738861365326e+01
1.970627486522684890e+01
1.629832833837754080e+01
1.793096743702639984e+01
1.935525753165407892e+01
1.898873628141359049e+01
1.605984394298276996e+01
1.824336142485590173e+01
1.615615537773948418e+01
1.939694007610930271e+01
1.787176556873211908e+01
1.859344974980563592e+01
1.924489255141262589e+01
1.981309363926246192e+01
1.333901594154329828e+01
1.956633467723028730e+01
1.732563518713920203e+01
1.656492352409523150e+01
1.797951244577231478e+01
1.878075805305943646e+01
1.966778601735977716e+01
1.876409638054036932e+01
1.648220486559511144e+01
1.771655497747866548e+01
1.988385103109989060e+01
1.861036438870787890e+01
1.957386310032070043e+01
1.921988705791065044e+01
1.931710946320426459e+01
1.979932634485370713e+01
1.919041595840979397e+01
1.681844851100895255e+01
1.997811779417981271e+01
1.953196512970873044e+01
1.753246605035301542e+01
1.927093591384224425e+01
1.607121216158472166e+01
1.706275859643682580e+01
1.976403101546053165e+01
1.854689051574000658e+01
1.809933067294564779e+01
1.996501558415481981e+01
1.877443453507877180e+01
1.863754261325492223e+01
1.996061810301133477e+01
1.908351637842334014e+01
1.747541606239666478e+01
1.990170949338284601e+01
1.988752263433419287e+01
1.860182712149973128e+01
1.782628296480574903e+01
1.845083429327509705e+01
1.848594759847212998e+01
1.669097606486168317e+01
1.730282589094622026e+01
1.642239794600833847e+01
1.870260558939768458e+01
1.990271114360513849e+01
1.961331055509097965e+01
1.600154000384523911e+01
1.602663696663523041e+01
1.815190244869829073e+01
1.826428113178125656e+01
1.839971147987928290e+01
1.863301174989132392e+01
1.677787717429017889e+01
1.979668269572608352e+01
1.607058122463257632e+01
1.877435333712522691e+01
1.975063369178766237e+01
1.816490969263422173e+01
1.896155340099398501e+01
1.823570414383621596e+01
1.907099396047371442e+01
1.899362171040948510e+01
1.634265492315752510e+01
1.601210972297896262e+01
1.940117357210978000e+01
1.727236304280105017e+01
1.838946510668814582e+01
1.690027641447624163e+01
1.783896562176035516e+01
1.957644925429596583e+01
1.870593681316916701e+01
1.983089863026362565e+01
1.713899078382372920e+01
1.823341393446132841e+01
1.864670047831348754e+01
1.942674746150304799e+01
1.862806713817595394e+01
1.953328061688796069e+01
1.707859311768108412e+01
1.963982312824582621e+01
1.873173130679633758e+01
1.932054766901175213e+01
