8.149759391316232189e-06
1.133015207251912050e-03
5.707133113293918819e-04
9.952052707748681136e-04
5.855154040878913970e-04
2.025888513056111478e-04
1.848908578437147374e-03
3.531694403058340762e-04
5.968427325889392619e-05
8.610567699449808363e-04
1.768812385880286567e-02
8.616329958876801356e-05
8.064235417734533435e-05
3.610945985458336740e-04
7.728094029670152859e-04
5.430057573989464535e-04
6.112776650179711877e-05
4.094377301141725336e-04
2.040246727531588896e-05
9.225977615972431325e-05
1.396700803333899904e-03
3.457965286829664314e-04
7.114806115278375816e-03
1.367290596692664878e-05
1.531704784006659504e-04
2.028870327599301311e-03
9.588227645599739415e-04
6.920790857854389536e-03
1.616617850597693940e-03
1.143419739222670435e-02
9.924921527014629596e-03
4.352614734362734994e-03
2.621056230507686369e-04
3.322045345390229904e-03
2.799327028609513088e-03
2.025418374899214287e-03
5.381068947849565248e-04
2.924609330507635255e-04
1.382186647356549588e-04
8.119403051615672754e-04
8.853591911984958089e-06
9.585792294722227027e-05
5.707133113293918819e-04
2.328082372264562094e-04
4.524676047462548802e-04
3.842723527203562419e-04
3.251835785685434774e-05
2.271659952947843448e-04
3.319213322906604778e-04
5.248892120887860497e-05
7.744968528567283946e-06
6.605858132090194294e-04
5.395505263229965478e-04
4.111216765583224097e-04
1.658177838177208241e-03
7.505576747325180169e-04
3.333752253018488587e-04
4.655096130434448025e-04
1.405720301466305755e-04
2.082254265636828130e-05
4.602381952576504553e-04
1.444827535856553509e-05
3.880110299741282775e-04
1.707984355395652859e-03
1.490375388133775066e-03
1.528162606356740761e-04
5.321283199338315822e-04
4.497094693173500786e-04
1.343881676436146791e-03
2.040246727531588896e-05
8.853591911984958089e-06
1.072410613932278916e-03
8.149759391316232189e-06
1.650523877666485752e-04
6.623873975261962725e-04
1.457765378941485151e-03
3.117653351495234572e-04
1.381789330552322839e-04
9.426680912081374726e-05
2.396666644819660653e-04
1.577968021565301533e-03
2.566866159176089089e-04
1.228327236929998819e-03
5.467787957662449336e-04
5.864754305556036870e-04
5.210995877606606911e-04
2.349439905537417227e-04
2.161936666483992280e-03
2.052609077008717923e-04
5.574030294370193803e-04
1.902441718529360463e-04
4.168274115743865363e-04
1.923811243458130652e-04
8.335766678720400507e-04
1.762737263665688919e-02
2.032969528094155306e-02
9.036235631929491095e-05
7.728094029670152859e-04
3.613527769170856298e-04
1.075964562092656925e-03
1.902441718529360463e-04
9.250356760781883831e-04
2.064813478363478636e-04
2.939491240926588923e-04
1.659228666638857619e-03
1.212893196488381165e-04
1.977443937155420276e-03
1.691952654645515136e-04
3.868173860936805278e-03
1.207071656938819225e-04
5.449060184345609018e-04
5.022053885345906027e-04
1.030157416530122537e-03
5.203024199160071785e-04
1.281979968737181333e-03
1.376623295179588667e-03
1.091964312492715037e-03
1.157125070785609833e-02
1.489095860975125571e-04
1.028843886564383961e-03
1.070971589219702098e-03
2.313185810688909712e-04
1.174484042248251066e-03
1.908586550884855201e-05
3.844602409091361223e-02
1.211054990170600714e-03
1.143953648960442495e-05
5.144736001403747792e-04
2.116552370793778771e-04
4.044978858882969239e-05
6.040718603988548888e-05
3.246553340386100603e-05
1.237923927076081958e-04
3.275274006839440149e-04
1.376623295179588667e-03
3.502391677319073755e-04
1.644479410845244016e-04
2.251884839351948626e-03
3.300669724127572031e-04
7.595339892108871744e-05
1.061297305630289414e-03
3.407761665082393709e-04
3.490591639236796770e-04
2.501727701596808784e-04
6.141546426256860245e-06
1.157125070785609833e-02
1.307923137948976630e-04
5.408204112681931283e-04
3.696820234929700227e-04
1.399691939035698916e-04
9.785320839304759068e-04
8.354671238012495275e-04
5.257633191571432736e-05
1.027697827285967104e-03
4.099409599749677586e-04
5.425099551707993810e-04
6.196454175869803424e-04
3.863814350320474806e-04
2.671182943993712002e-04
9.635349105894698693e-04
5.296363775261438058e-04
1.139065666943037776e-04
5.108076797321251363e-04
5.472070306206112435e-03
2.492334227526640453e-03
1.116807521847031559e-03
6.233400609645236635e-05
4.102748592330720410e-06
2.928389276275629428e-04
4.448196726513168600e-04
8.668619475636532134e-04
1.902441718529360463e-04
3.886343344804006530e-03
3.295638849337131698e-04
1.935805594387896456e-04
4.705029869601304055e-04
3.880213028840301707e-05
2.114352123044192409e-04
1.609283116404612818e-04
2.734594729163228408e-04
3.755990942384357465e-04
7.521347143754321068e-07
8.030560916563055009e-04
1.855581722710689661e-05
8.454843045743559683e-05
4.892275937279005676e-04
1.534479082915933285e-04
4.911748134780252268e-05
4.002799186228433960e-04
1.013449102506171554e-03
8.539901480942094225e-05
2.784684549469945507e-04
5.707133113293918819e-04
1.946768474579713560e-04
3.915920264923344906e-05
9.053396148344670165e-05
3.624311213759545615e-04
9.555016405688742959e-04
1.316136793009950814e-04
4.686323825161259468e-04
1.644932329736200488e-02
3.093882171711321107e-04
8.926288726624840154e-05
2.689810670753963601e-03
1.237923927076081958e-04
8.948405026048790933e-04
2.220793392674283320e-04
7.200829927883694529e-04
2.939230506310427319e-04
5.037745940784086641e-04
8.149759391316232189e-06
3.010904710251914042e-04
2.117411293596269779e-04
9.514599848894417971e-05
2.135809112817187573e-04
1.185452431855762989e-03
8.588170838884871946e-04
4.868855613095350587e-03
1.233824882589005254e-03
1.139295801796706741e-03
1.394558299026764023e-03
5.492096290936510257e-04
3.924955861753846821e-04
1.182160549732128117e-04
4.208719300419035332e-04
1.400737277157506407e-04
6.962263527662244196e-04
1.392836137004618694e-04
3.581179102295176000e-04
2.588895800793743944e-04
2.081728862873906849e-04
6.534950230588150877e-04
7.628047667168749496e-04
3.457333938294157257e-04
4.306994760597547046e-04
3.051363408728353433e-04
2.323376572534151859e-03
7.052747550532426773e-05
4.913180886118937406e-03
3.552326910881605784e-04
6.442933408509102873e-05
1.222972754403492922e-04
6.762680421380969260e-03
1.217368011517634547e-05
5.160093101337102700e-04
2.863442062933544774e-04
8.190661319812048494e-04
3.129229086481185494e-05
1.596928729880578131e-03
1.713517416209744742e-03
3.943590668046345339e-05
1.083231927685104093e-04
7.069851874861365145e-05
4.889775363640441394e-04
2.959812889522966169e-04
3.997999682915102850e-04
9.156557153118875499e-04
2.776969354365144659e-03
8.378686275673775897e-04
7.935656696445836356e-05
2.081728862873906849e-04
1.549665975180233206e-04
2.487913950937236957e-03
7.245503058112133141e-05
6.967934294359342628e-05
8.832084182260174429e-03
3.617186712482248998e-05
1.758729416117316873e-04
1.784467838589533781e-05
2.876759501523262698e-04
2.998596383473395906e-04
5.105717022874779829e-04
4.698367666403459385e-04
1.308592204495997524e-04
5.346387346717544620e-04
1.017993584833939898e-04
1.186056767912221444e-03
2.724782240041461671e-04
1.083966632875794749e-03
6.043846825825539750e-04
4.859683831642253710e-04
3.077614677035252298e-03
6.202911105831301376e-04
2.194887188667151204e-04
1.267254383730224455e-03
5.395505263229965478e-04
1.649481357887681897e-04
7.069851874861365145e-05
1.605755079150915365e-04
2.390964303880237590e-05
6.145859122783649774e-05
1.129760574218197918e-04
1.117183569198976689e-03
7.969012965902580285e-05
8.083910560378977303e-04
2.834070210053746779e-05
2.612475803255743666e-04
3.621101441694118614e-03
9.184422884633718141e-05
2.138703660885445806e-04
2.244335442529723991e-04
6.202911105831301376e-04
1.579408934007899207e-04
6.941078505235342110e-04
3.686884951755156539e-04
6.233400609645236635e-05
1.535988834385779232e-04
1.723606946935658660e-04
1.286812288571500888e-05
1.583022387936540215e-03
6.443110707690032383e-04
5.104260611068753327e-04
1.085555220711538005e-03
1.648465639778783282e-04
5.837635298513118610e-04
3.984520516657239853e-04
5.437916187386169402e-04
7.188600017665357960e-04
1.971892858361031441e-04
5.238135918852277135e-04
1.117207443475778505e-03
3.880110299741282775e-04
8.497266491679573205e-04
1.092032497228204841e-04
5.668990041732223633e-04
1.061297305630289414e-03
2.878038518734008628e-04
3.681493261309396522e-04
2.234924089460515930e-03
9.519897161641621350e-04
2.657433800094999754e-04
1.852091247282889848e-04
1.083231927685104093e-04
6.254246037420740966e-04
1.645736148387603277e-03
5.698763318450313564e-04
1.634630734001305409e-04
4.516520426733222648e-04
1.649582982479798224e-04
2.138703660885445806e-04
8.853591911984958089e-06
1.093023070641747051e-03
3.664062472581477688e-04
2.263538735345386007e-05
4.934075826296033772e-04
4.952289869703445455e-04
1.185452431855762989e-03
1.530100889301338682e-03
1.734104639789686437e-04
4.478148333773879241e-04
9.197727191232903370e-04
6.396954801394178554e-05
1.313255668898111314e-03
4.203741817566515777e-03
1.915204766315450598e-05
1.419616427195960961e-04
9.475418261560311596e-04
2.158579101515375846e-03
5.108977171124762370e-04
6.395995110359276861e-04
6.473836940230926764e-05
8.145034820523580502e-04
3.979450208159187306e-04
7.318288634956636582e-05
7.335033625856537086e-04
1.149001002554956219e-03
2.475995666154478300e-03
7.389005048331346158e-06
1.352583707575705306e-04
2.061176139644843336e-04
1.198468209447379204e-04
3.979450208159187306e-04
1.561694757957946109e-04
1.034763704537264208e-03
2.741001257161607835e-04
1.800502653454505398e-03
4.784121343318059323e-04
6.031136960907538961e-04
2.844284438010264001e-04
1.810710720343429968e-04
2.776964485466835932e-05
9.744287390072327434e-04
7.217299472534547669e-04
1.830542558915203939e-03
9.660354006049725510e-04
2.538697251563145007e-06
1.679057985558824026e-04
1.570691054342089133e-04
1.088766561279688435e-04
1.055369224262424398e-03
7.603328711062698649e-04
7.462232676930473493e-05
7.141285500660054034e-05
4.679677150278365415e-04
3.303146310123733303e-04
1.299279122627728690e-03
6.121496876210798504e-04
9.942583984190654059e-05
5.976197954249903854e-04
1.964549788271278578e-05
1.840817339412336091e-04
3.533301328661858339e-04
3.861264692773655385e-04
7.773306069207466373e-04
4.000018274909673301e-04
1.222010726904383627e-03
6.472408598978365846e-03
1.199875358062533386e-03
5.292470903358822715e-04
1.250093262876233395e-04
2.162526682784028057e-04
3.139307311600892313e-05
8.354671238012495275e-04
2.146429294018081005e-05
3.147780222081432433e-04
1.196314050074766613e-02
3.699420889671663464e-05
1.658502490635447050e-03
9.445945266571250179e-04
2.525519802598388515e-04
2.245763280192905782e-03
2.657433800094999754e-04
1.317931972674462075e-03
9.478640257416593232e-04
5.476558256213752765e-04
2.382855455600130722e-04
8.887404265353344556e-05
7.855462988702883575e-04
3.502391677319073755e-04
7.138569297380573933e-04
9.636947235307390851e-04
1.454539113732461356e-04
9.794192551117255903e-05
5.085215675313139961e-04
6.526071097106354683e-04
8.743210628401941551e-04
1.911540021138098525e-04
3.079738538547652487e-03
8.140103089951872869e-04
3.762407447436304155e-05
2.830173652437208381e-04
4.560951401337853838e-04
3.340705916840930019e-04
4.392064799793904710e-04
1.518940522763978030e-04
5.452512930726825108e-04
1.329184445483403494e-04
1.354802018671816483e-03
5.121738260832555697e-05
5.099219822857048012e-04
3.063606876765344648e-05
1.525524759453924985e-04
4.541912160360089303e-03
1.928347851371794638e-04
1.153381998568208137e-03
5.124406761207276218e-04
9.605110778320701545e-04
8.332530188666914658e-04
3.666734711137954674e-04
1.542903591153408759e-03
3.098764990509243551e-06
2.657433800094999754e-04
6.396954801394178554e-05
3.246553340386100603e-05
7.929376793971933037e-04
6.190851132716850133e-04
7.106327592562530250e-04
3.586313496822682106e-04
8.352455262795949664e-04
1.248977340671705762e-03
8.419114943546444213e-03
3.400717006819384183e-04
9.101497580449663329e-05
8.354671238012495275e-04
6.508979250052472024e-04
6.717674134638969979e-04
4.502621152822071891e-03
1.178430305853945311e-03
2.844284438010264001e-04
1.872098246442778610e-04
2.161464348199949653e-05
5.862270642607301293e-04
3.901003523044674955e-04
1.540946581789946366e-03
7.916645412176807808e-04
4.367937232592456268e-03
2.892078269620890684e-04
9.406949412610020865e-05
5.039907556110023203e-03
9.942583984190654059e-05
1.117321838372726281e-04
1.669039513814091571e-04
1.171484122789247012e-04
1.790686987980613220e-03
4.784121343318059323e-04
3.251835785685434774e-05
6.821988480212037853e-04
3.471197213618513371e-04
8.038279653489804541e-04
2.330764644669452404e-04
8.626730387127295812e-05
5.472070306206112435e-03
6.977100094475289539e-05
8.677650634490515652e-05
6.024092706187535737e-04
1.692324235144934761e-04
9.723547924773264179e-04
8.841667701453790338e-04
9.943556581680784853e-05
6.885074597905152180e-04
1.320259910488827838e-03
4.183432835355384614e-05
6.810240211287395631e-05
5.119928189195588602e-04
5.813281252117233832e-05
1.975968023416532098e-04
2.683093562531258447e-04
8.003955471046288227e-04
5.694468285241269245e-03
1.231971666745525977e-04
4.454553849065533361e-04
5.888396872544486267e-04
2.876746603180532335e-03
1.760690741773024274e-04
2.645981066128782512e-04
1.561978133445868667e-04
4.032030969335400825e-03
2.259559420995531961e-04
2.645906642836309635e-04
3.129229086481185494e-05
7.318288634956636582e-05
4.366476291000501251e-04
2.762652577926288846e-03
2.469660355956669346e-03
3.251835785685434774e-05
3.267070010210669398e-04
2.565902822511858649e-03
4.014041743398895920e-04
1.082042692902163887e-03
3.788904419921768421e-03
5.437780947684027846e-05
7.698377979807102594e-04
2.767184313586371462e-05
1.268721942018000007e-04
4.925956624387171304e-04
1.783081600484722113e-04
4.388616456562358038e-04
7.948361376563061039e-04
2.715063188767159654e-04
7.048919383518288803e-04
4.322935799495450420e-05
5.321194389019593242e-04
9.552217053799388067e-05
1.240611018123237690e-03
3.559988959344332531e-05
1.649290495420142281e-04
2.304880167647193527e-04
3.430603677970092778e-04
1.831398850296122823e-04
1.641590055798868714e-02
5.706590317428291217e-04
3.168053041052963105e-04
1.574266149830287446e-03
6.233400609645236635e-05
9.101658117318809282e-04
9.477605897068419984e-05
2.595466018912995893e-04
6.225923102706235025e-05
6.449261970269206962e-04
6.711873326979465946e-05
3.748828602285205706e-04
6.055273404716792970e-04
3.664062472581477688e-04
4.386613093351315862e-04
1.389229549825635064e-05
1.083966632875794749e-03
6.550787379914159349e-04
8.038279653489804541e-04
3.520884659904079030e-03
8.689654911036371124e-04
5.900674320807389184e-04
4.655192955203937052e-04
2.527250187986389458e-04
1.239183619238329705e-03
2.301727230128957930e-03
6.420798885781660607e-04
1.655955994676119056e-04
3.134556351604803905e-04
4.750055134058131257e-05
6.721265103001421983e-05
1.037116714683693122e-03
3.778097210295635841e-04
6.146303195245848665e-04
7.521347143754321068e-07
4.665382988284718529e-04
1.459920653271287781e-04
6.679364921103235703e-04
4.770772016388750980e-03
1.475409062385721543e-04
1.649878780213270423e-04
3.968747910520181829e-04
1.563998223617119217e-03
3.721493748807365920e-04
2.323159248016646176e-05
2.479268705523110495e-04
7.302752782740269330e-05
4.028707569302448794e-04
2.452925697869079045e-04
1.124539091853948196e-03
7.180927434772536747e-06
1.085541734572884271e-03
1.491061176220708883e-04
1.174204512274626048e-04
1.465953456610146106e-04
3.251835785685434774e-05
8.178772637025664863e-05
5.124406761207276218e-04
2.700629847761362918e-04
4.909096818427169297e-04
2.346433517097869009e-04
1.185771601984478502e-03
7.467166309242833288e-04
2.038572281038434004e-04
1.136264483713056455e-04
7.973392093951572369e-04
7.441814803981895536e-04
5.035157052589979637e-04
3.083099932295019457e-04
7.930360670372372806e-05
3.036678339151120177e-04
2.988806419511343517e-04
1.155521461813612807e-03
1.006963664755470764e-03
2.140394149298599632e-04
2.146429294018081005e-05
4.421379622494265953e-05
4.660150097391451730e-03
2.959454683484076770e-04
1.867139639526881837e-03
5.452512930726825108e-04
2.303890945019977860e-04
1.045140888054056654e-04
3.138399235726432239e-05
1.836405957817318453e-03
1.561978133445868667e-04
4.337073952149579008e-04
1.154526242607648067e-03
7.859085279369203202e-05
1.783606054572768910e-04
3.740508235141636116e-05
1.858635300078231335e-03
1.278350447792694130e-03
1.083231927685104093e-04
1.579408934007899207e-04
4.093904641249383335e-04
3.055617549663866453e-04
2.028668206210057512e-04
5.452512930726825108e-04
4.872612081809359866e-04
7.534404853909792239e-04
2.100733481881352990e-04
1.370652495267291136e-03
1.255964004854253540e-03
2.601675723535221119e-05
8.354671238012495275e-04
2.763075585922419560e-04
2.483479755806362399e-04
7.677620821939938926e-05
1.132708174971737468e-03
2.630214950699907329e-03
1.217879752798076750e-03
3.745395967072124091e-04
3.671693964732284689e-04
2.146429294018081005e-05
5.495136317191565947e-05
2.527586920767087753e-04
4.838124484366950807e-04
6.233400609645236635e-05
1.687727808168158566e-04
6.840567273327605863e-04
3.586099123372472213e-04
2.434415210826411499e-04
3.893553891989303285e-03
6.549842398383034624e-04
4.744587413400530584e-03
7.482501596463243723e-04
9.003226020732523144e-05
2.739417070581775626e-04
4.101036968511457843e-04
1.552060486844450838e-04
1.512152887191667451e-06
3.591322337494711305e-04
3.516029674254626819e-05
8.805912011609904385e-04
1.908586550884855201e-05
1.606897121813790144e-02
1.596928729880578131e-03
5.827497452891326063e-03
5.033189846811681004e-05
6.251360039209701697e-05
4.706881508239538887e-04
2.998596383473395906e-04
2.070500462735039814e-04
5.824700192558593566e-03
1.548778010601456348e-03
6.233400609645236635e-05
5.542720278869547575e-04
4.429922771689135427e-05
9.721812954612701636e-05
2.669576655744822593e-04
2.907403603248788493e-02
5.321264920151457011e-04
1.729687434205120415e-04
8.682890142640425370e-05
4.426828567560427532e-04
1.139424269692260183e-02
4.968995657711526223e-03
2.870889503544599413e-03
6.190851132716850133e-04
4.999433290194847061e-04
3.596039094545138738e-04
1.056147769572999114e-04
7.515513107448876544e-04
6.999694995296187254e-05
6.233400609645236635e-05
1.763084288622673607e-04
5.560766496410637829e-04
3.181615067547937455e-04
1.329016987209221789e-04
3.120000510787398649e-04
1.655419720094769283e-04
4.021966654862981307e-04
2.082182750929150860e-04
3.721168827647224585e-04
3.571837565237017363e-03
4.739085403067892083e-03
1.124539091853948196e-03
1.329016987209221789e-04
3.645514742835508689e-04
6.073038893654120679e-05
6.145859122783649774e-05
1.982682967123153197e-03
2.144657133813069032e-03
2.974169316451135401e-04
5.707133113293918819e-04
7.438875759869131550e-04
3.716724705436062781e-04
2.953455051942017648e-04
8.379035538895073703e-04
5.990207458970962795e-04
4.322935799495450420e-05
2.555569562100626184e-03
1.512152887191667451e-06
1.302126328070817929e-03
5.861659173906566414e-04
1.203723230841135589e-04
2.940380830254353691e-04
9.408125110484320515e-04
6.928512839677736365e-04
1.292993413215284240e-04
2.562616851498408441e-03
1.789004759886070155e-03
1.243080317699790118e-04
5.472070306206112435e-03
8.077000328610429427e-04
2.140100828952487902e-04
2.332792547891085130e-03
6.221253968780089292e-04
4.619190837439339135e-04
2.040246727531588896e-05
2.101275250889376653e-03
1.864685658572462501e-04
9.082039624435898906e-04
3.522923370993961750e-04
1.577774141772321471e-04
3.620678228546732758e-04
1.579436113135118279e-03
1.097253238839056950e-04
6.789679833376518038e-04
5.412925270316838863e-04
2.485275147395176690e-03
7.919853735781974980e-04
1.328857208680966190e-04
2.105011456960644619e-04
8.354671238012495275e-04
1.098392251922153558e-04
6.629269312732944709e-04
9.538931423812867022e-04
1.326462092710831890e-03
9.060087773158371615e-04
8.149759391316232189e-06
4.018223906760542269e-05
1.329129951805655904e-04
5.410427098034427894e-05
3.513456407980866084e-04
1.981625021032662362e-04
1.052047116136854222e-03
2.872954090178935220e-04
8.425987507954386902e-05
2.897848795101424981e-03
1.616442937455147958e-04
6.534043017490860118e-04
3.492713371625025178e-04
6.233400609645236635e-05
1.425007604367299877e-05
1.628087270744203816e-03
3.215181316245526409e-04
1.874925853383615885e-04
6.945041220065907876e-04
3.553436757472833250e-03
5.808173976383003987e-04
5.850967731231767081e-04
9.383878518596295204e-05
6.095921039563798223e-03
2.498216961666020053e-05
1.087329938318459333e-03
4.715913918144933173e-06
7.477856036209185996e-05
2.145458262287981200e-04
1.721918481866845704e-03
4.008174075354740035e-05
8.702197812197663349e-03
3.901129106179344965e-06
5.041493985012612464e-04
7.234049009361601763e-04
3.890095570514156306e-04
8.772823416887490797e-04
9.895613674097050033e-04
2.560130477122304210e-03
1.621988541612258070e-04
2.057157869484592015e-04
1.970524225061070014e-04
1.989575508760573755e-04
1.638936923436675776e-03
2.221141581946563031e-04
1.281291255584731054e-03
4.613775254923458292e-04
2.153478508719465761e-03
1.751189965633689113e-03
9.418836237835623683e-04
8.066724132267608105e-05
9.552217053799388067e-05
5.014874260723093833e-04
3.774682656601264911e-04
1.034763704537264208e-03
2.444132899605405695e-04
1.548778010601456348e-03
4.655000324183473969e-04
2.697023870019508041e-04
1.123382602719456049e-04
1.305224251219168377e-05
1.199123740585204589e-04
7.728094029670152859e-04
9.395291148418698831e-04
9.079590093336822225e-04
1.740701453837621430e-05
8.389288397485612574e-05
2.658151493193959070e-04
9.184422884633718141e-05
7.477529741267122023e-04
3.617186712482248998e-05
6.111680555763985591e-04
5.203024199160071785e-04
8.971126330788509380e-05
3.784781069342718391e-04
1.631006511485940356e-03
3.174073502651854730e-04
1.211054990170600714e-03
5.017587009436039842e-04
6.227343602708677222e-04
3.969111725934335315e-04
3.230905082551639739e-04
2.146429294018081005e-05
3.533251792062258503e-04
1.342267942180220630e-04
3.613527769170856298e-04
1.890452155324360997e-04
9.156557153118875499e-04
4.360874760569608205e-04
4.744587413400530584e-03
3.112303602137183505e-04
1.797428729839638055e-04
2.463654126714225501e-04
3.657133384599005007e-04
6.380998096971619024e-04
2.844105183287421465e-04
9.002446797096106670e-04
4.354923995336336590e-04
2.855415326723628115e-04
4.746813169065186230e-04
5.766469526067314607e-05
3.007803569381175320e-03
2.101272536774536660e-03
1.931186247789773609e-03
5.586581435661231045e-05
7.728094029670152859e-04
6.381439698943221044e-03
1.281291255584731054e-03
3.941673231189490460e-05
1.740905638648088572e-04
2.776964485466835932e-05
1.922642033383997620e-03
2.515217628668230902e-03
1.918467853992920089e-04
2.008681667732347775e-04
4.726684189725054337e-04
1.495942992156174705e-04
2.382251943302865667e-04
2.606862667967866395e-04
6.174230432017548641e-04
8.149759391316232189e-06
8.619561191216570765e-04
2.328082372264562094e-04
2.159716644567534426e-05
3.816834403439707275e-03
2.844284438010264001e-04
1.596928729880578131e-03
4.302401635908772548e-04
2.220020758955643353e-04
3.316014611631529652e-04
2.742329796499946566e-04
1.370652495267291136e-03
4.333833281911926680e-04
3.786037882858270557e-04
4.777428419922279179e-06
6.420798885781660607e-04
1.495947595941833717e-03
1.465953456610146106e-04
3.822561580941501104e-04
5.178938629683342397e-05
9.832866669362589230e-04
7.346508520237658257e-05
7.442783775031349986e-04
3.517103194716792868e-04
1.323401087300344941e-04
6.351166464172840892e-04
4.744587413400530584e-03
2.174147442659772741e-04
1.060579135851815119e-03
1.554080226014998005e-04
1.381368562124440642e-04
1.245528835793549257e-03
9.223011689940096083e-03
8.629248098893869392e-04
4.421379622494265953e-05
7.302752782740269330e-05
8.377737857316484849e-03
1.316158764130517323e-03
2.994275399147298456e-04
1.551137681637580973e-04
1.906927031676966327e-04
2.224297609221768382e-04
2.190106609323255575e-04
2.734594729163228408e-04
1.367290596692664878e-05
2.712687462700398696e-04
1.060579135851815119e-03
1.803709195113407221e-04
3.167918184829226965e-05
2.834070210053746779e-05
3.254016744996035332e-04
9.844486739244779272e-05
8.639749515745608933e-04
2.308743707400745711e-04
8.953410379894886353e-04
5.035157052589979637e-04
6.139527203243304223e-04
1.874048462952064770e-04
7.534404853909792239e-04
1.648663175491865750e-04
1.918126029503958987e-03
5.119894709034830032e-04
2.470443051295467124e-05
1.770381387441279054e-03
5.155791490562373555e-04
3.642346864775259296e-04
5.049984875279473666e-04
1.326688217236180996e-03
1.005909316519406165e-05
8.798647855364740344e-04
6.442338402630968641e-04
2.051668515309956796e-04
6.233400609645236635e-05
9.201307571659049674e-05
1.697102328512595931e-02
1.480005860217322182e-04
9.868020709731513494e-04
2.356057178555640390e-05
1.060579135851815119e-03
2.158993143522848176e-04
6.131746006649927013e-05
1.103742780845564644e-04
7.910697729654893968e-04
1.744047659475472692e-04
1.482193546737967322e-03
3.222801509914023079e-04
2.511488124817028221e-04
1.554288460108087884e-04
2.103616315057784542e-03
1.207028390719525708e-03
