1.637666658548317858e-06
5.333135839189065281e-07
2.795894758978417598e-03
1.642146553006918896e-07
1.343742508818918243e-04
4.104673312511780931e-07
1.728101253403265718e-03
9.946911662701680568e-07
1.002805144692737033e-07
5.420912036460313161e-07
6.221426728490899030e-07
9.287660900401919410e-05
6.269051496710214286e-04
1.518700144730549777e-07
1.153608220019837320e-06
2.142995432325043135e-07
9.454905716915884737e-06
2.684262989989085633e-06
6.515355004870996690e-05
3.198137236522453947e-07
3.425509816193551787e-06
1.567151330559030329e-05
8.902032613512110462e-05
7.451103653750487417e-06
1.518700144730549777e-07
1.042143702474331241e-03
1.639133960331219143e-03
1.001496099985960207e-04
1.962598936976474844e-06
1.473158203916774246e-05
1.149163315547170399e-04
1.338409106823991837e-05
1.847485096723248221e-06
5.227732596673465753e-04
1.355947764135913778e-05
2.158247726692886136e-06
2.697170793869204243e-04
6.515355004870996690e-05
5.307722642226166048e-07
6.547257892950779357e-05
1.637666658548317858e-06
2.883467549192867850e-04
1.343742508818918243e-04
5.114707129374292265e-06
2.244044327295121436e-05
5.227732596673465753e-04
9.723488796703221329e-07
6.283533547500295452e-07
9.922367068673717766e-06
4.929497047075092188e-07
6.988682763117599894e-04
1.162161887244419180e-06
5.333135839189065281e-07
5.633814146665416800e-03
7.893077569228481338e-06
1.238431751000346670e-03
8.510115906611146922e-06
5.227732596673465753e-04
2.656260891079378331e-05
1.970222083333271167e-05
1.511358795688830280e-04
5.767081534843021560e-07
9.287660900401919410e-05
9.534627274336227509e-04
7.211661696219994669e-06
8.510115906611146922e-06
6.747610108642725024e-07
9.454905716915884737e-06
7.653415531905091100e-06
2.166630780283600681e-05
1.834345859823554182e-05
4.737301418872563556e-03
1.021353484133394497e-04
1.381027440008338514e-07
7.717149449646311258e-04
6.180287908031258765e-05
1.793852946372662606e-06
1.042143702474331241e-03
1.093795170943281794e-06
1.936982729094244668e-07
5.767081534843021560e-07
1.279776292641028421e-05
9.287660900401919410e-05
3.170899709998024267e-04
1.381027440008338514e-07
5.566716096291826084e-05
6.796392221033651076e-05
7.157007538644029926e-06
9.661617614981783721e-06
1.503866777479044595e-05
4.836572852598991653e-05
1.603744184639070023e-06
5.665470961364017723e-06
1.146032239168601110e-03
3.836239904701664539e-07
3.597366909483232391e-07
2.251486085550915593e-05
9.515777143006285837e-07
5.862003552635088915e-07
9.459718624011460061e-05
1.842696496979339630e-03
1.840516127691125680e-05
1.631250964413806037e-06
1.146032239168601110e-03
7.870479656952280358e-06
8.602179322595194535e-05
9.354520456653131661e-05
5.307722642226166048e-07
3.409557168970851434e-04
1.150866951546453972e-04
7.263257896512725562e-03
1.637666658548317858e-06
1.054437981523917664e-06
3.562987122996070025e-05
3.170899709998024267e-04
2.043763443395655785e-04
1.667748175776797914e-05
2.336894735734081296e-07
1.148743669523244038e-06
6.490145587841515591e-06
3.300279891956471283e-06
6.195920418854569082e-05
1.059910511124579436e-04
1.238431751000346670e-03
9.661617614981783721e-06
5.227732596673465753e-04
4.573522122197806667e-06
2.964538944300894709e-05
1.870318636801859553e-04
2.883813373820104016e-06
5.484254077138746660e-07
2.912072861751021079e-05
1.100940252380691995e-05
2.107453952090236583e-04
1.751558159350995036e-06
2.889094215666440825e-05
6.075301099682239460e-07
1.002805144692737033e-07
1.503866777479044595e-05
2.158247726692886136e-06
7.126180892496027574e-04
7.870479656952280358e-06
1.148929858732622829e-05
1.949726028233659247e-06
5.420912036460313161e-07
9.454905716915884737e-06
2.329063378056497137e-05
3.198137236522453947e-07
5.307722642226166048e-07
2.143187891117173254e-05
5.415478296327940780e-06
5.484254077138746660e-07
6.269051496710214286e-04
4.330143254488125334e-07
7.211661696219994669e-06
2.525902161669961488e-06
2.043763443395655785e-04
1.238431751000346670e-03
3.488478282853432310e-07
1.148929858732622829e-05
7.451103653750487417e-06
1.059910511124579436e-04
3.428930745767664592e-04
9.318324497153714065e-06
1.362836763741489621e-03
2.094592156525126073e-07
9.661617614981783721e-06
7.699573179829914519e-08
1.510152614060509452e-07
5.928528779814270104e-06
1.834345859823554182e-05
4.593721070430503012e-02
2.671721149860386988e-05
2.090379334020961996e-05
6.796392221033651076e-05
1.793852946372662606e-06
1.639133960331219143e-03
6.480348651592971774e-08
1.870318636801859553e-04
5.105589554941327080e-06
5.484254077138746660e-07
2.670437058703962145e-07
1.014131741845605708e-03
1.674074441995802926e-07
9.946911662701680568e-07
2.342815657684843778e-05
4.561317257972398991e-06
2.435931139443523105e-07
1.396802987162932216e-05
7.952206912830464504e-07
5.088914433221795072e-05
5.930499601447312959e-07
6.265818005930257524e-06
2.883467549192867850e-04
6.180287908031258765e-05
1.238431751000346670e-03
5.862003552635088915e-07
1.870318636801859553e-04
2.883813373820104016e-06
2.186419122571953920e-07
1.084316219901770129e-06
3.562987122996070025e-05
7.432809655611665291e-04
2.180342278132214649e-07
1.323620192404730710e-07
9.922367068673717766e-06
5.307722642226166048e-07
1.045303431560113826e-07
2.734481114683862943e-05
4.554224403351914098e-04
2.670437058703962145e-07
9.287660900401919410e-05
1.939832631714368888e-06
1.936982729094244668e-07
9.156054384304444614e-08
8.602179322595194535e-05
3.409557168970851434e-04
1.887413312269450797e-07
8.289847411314008618e-06
6.865361624985956273e-08
5.484254077138746660e-07
4.849678260607430449e-07
5.047729742998351984e-05
1.044454261054924248e-02
4.932298447800366990e-04
4.984802401505270224e-06
9.459718624011460061e-05
2.684262989989085633e-06
3.758451136277154899e-05
3.457570068381418505e-06
1.162161887244419180e-06
1.010492664749944834e-02
1.002805144692737033e-07
7.706227302519506429e-08
9.922367068673717766e-06
4.929497047075092188e-07
1.012007549420943599e-04
2.248931934797754849e-04
3.198137236522453947e-07
8.296856997863805781e-06
5.484254077138746660e-07
3.562987122996070025e-05
3.353198310110457655e-03
9.287660900401919410e-05
6.269051496710214286e-04
6.557868924690332553e-06
9.454905716915884737e-06
8.602179322595194535e-05
2.248931934797754849e-04
3.171303197961014020e-06
6.444237627884423069e-04
1.128815843164855985e-06
3.300279891956471283e-06
1.381027440008338514e-07
1.793852946372662606e-06
3.446272800255462381e-03
7.157007538644029926e-06
1.039745214908481588e-05
2.166630780283600681e-05
1.435824090903648772e-05
1.542544650216312252e-05
2.023945248736258522e-05
2.883467549192867850e-04
2.128380666300765025e-03
7.157007538644029926e-06
3.488478282853432310e-07
1.148929858732622829e-05
1.949726028233659247e-06
1.148743669523244038e-06
2.825516487614640644e-05
5.269907755116756638e-05
2.204969017754227108e-03
1.100940252380691995e-05
3.170899709998024267e-04
2.006958799573002281e-06
3.836239904701664539e-07
2.180342278132214649e-07
6.480348651592971774e-08
9.922367068673717766e-06
7.043011257411043722e-06
6.988682763117599894e-04
4.836572852598991653e-05
1.649189816686823369e-06
4.849678260607430449e-07
6.265818005930257524e-06
5.665470961364017723e-06
1.100940252380691995e-05
4.330143254488125334e-07
1.044454261054924248e-02
2.671721149860386988e-05
1.842696496979339630e-03
1.542544650216312252e-05
1.587960816412981282e-05
5.806425128822835436e-07
1.279776292641028421e-05
2.204969017754227108e-03
2.883467549192867850e-04
6.796392221033651076e-05
1.939832631714368888e-06
7.296708890343274302e-07
1.054437981523917664e-06
3.562987122996070025e-05
1.014131741845605708e-03
3.640424210801957176e-05
2.107453952090236583e-04
6.557868924690332553e-06
2.889094215666440825e-05
6.688982120263161887e-07
1.238431751000346670e-03
3.126656266897678176e-05
2.912072861751021079e-05
4.737301418872563556e-03
1.059910511124579436e-04
2.883467549192867850e-04
8.034217361014428386e-05
2.006958799573002281e-06
1.939832631714368888e-06
1.667748175776797914e-05
3.488478282853432310e-07
7.699573179829914519e-08
2.670437058703962145e-07
7.743822463753341425e-05
3.507891016817174133e-04
6.557868924690332553e-06
1.148929858732622829e-05
6.480348651592971774e-08
9.454905716915884737e-06
4.215442981293438451e-04
2.883813373820104016e-06
2.166630780283600681e-05
4.737301418872563556e-03
2.912100153285964365e-04
7.211661696219994669e-06
6.688982120263161887e-07
3.836239904701664539e-07
9.946911662701680568e-07
2.964538944300894709e-05
9.459718624011460061e-05
2.248931934797754849e-04
5.174256107215561857e-04
1.542544650216312252e-05
5.767081534843021560e-07
2.525902161669961488e-06
7.503854482112204028e-06
3.382529570218781540e-06
2.414163101183637576e-07
4.929497047075092188e-07
1.952551288114043597e-04
2.166630780283600681e-05
5.307722642226166048e-07
5.758141576328508829e-03
8.702144336555158285e-07
4.017316544811721721e-03
1.014131741845605708e-03
1.100940252380691995e-05
3.071349824487828940e-04
6.075301099682239460e-07
1.434766713138854960e-04
1.146032239168601110e-03
1.667748175776797914e-05
8.431758712472688051e-06
1.520592641780795590e-06
2.248653958787410868e-05
9.040973988082077854e-04
1.793852946372662606e-06
1.936982729094244668e-07
9.459718624011460061e-05
2.910076376551390051e-04
8.296856997863805781e-06
3.153002612988149082e-04
1.842696496979339630e-03
5.088914433221795072e-05
1.310595795473560588e-05
1.703628633858460863e-05
2.671721149860386988e-05
1.238772052907628068e-02
1.042143702474331241e-03
1.497002291278664027e-05
3.488478282853432310e-07
2.248931934797754849e-04
6.988682763117599894e-04
5.088914433221795072e-05
5.930499601447312959e-07
6.265818005930257524e-06
7.503854482112204028e-06
1.939832631714368888e-06
7.157007538644029926e-06
7.126365518390362579e-08
4.493780322527149737e-06
5.307722642226166048e-07
1.929425261412060638e-03
7.560883695881177348e-04
2.094592156525126073e-07
5.013835797428885634e-05
3.316190606314937992e-07
2.737853217712807037e-05
6.167293927482198480e-05
2.883813373820104016e-06
2.434965397587806409e-04
4.561317257972398991e-06
1.365357683029106133e-03
1.834345859823554182e-05
1.162161887244419180e-06
8.702144336555158285e-07
6.265818005930257524e-06
1.059910511124579436e-04
3.170899709998024267e-04
1.338409106823991837e-05
6.796392221033651076e-05
2.001615674339260421e-04
1.563679712334964100e-06
1.054437981523917664e-06
5.854564671609369803e-02
9.287660900401919410e-05
2.889094215666440825e-05
2.043763443395655785e-04
3.412018913887310638e-06
8.369659464800024749e-07
1.102773415180984704e-07
7.126365518390362579e-08
1.846787577707766081e-02
6.075301099682239460e-07
7.870479656952280358e-06
9.661617614981783721e-06
1.100217471615329651e-06
6.480348651592971774e-08
2.684262989989085633e-06
2.342815657684843778e-05
5.307722642226166048e-07
5.505786542770808504e-05
6.265818005930257524e-06
6.557868924690332553e-06
2.671721149860386988e-05
6.688982120263161887e-07
1.939832631714368888e-06
1.497002291278664027e-05
9.156054384304444614e-08
8.369659464800024749e-07
1.510152614060509452e-07
5.420912036460313161e-07
6.444237627884423069e-04
1.834345859823554182e-05
5.665470961364017723e-06
5.566716096291826084e-05
1.434766713138854960e-04
7.543889104485864625e-07
5.013835797428885634e-05
1.002805144692737033e-07
2.964538944300894709e-05
2.844662433025275765e-04
3.562987122996070025e-05
1.381027440008338514e-07
3.446272800255462381e-03
2.094592156525126073e-07
9.204019186139376120e-07
7.706227302519506429e-08
9.922367068673717766e-06
2.158247726692886136e-06
1.931154378995779099e-05
1.952551288114043597e-04
2.116248248197216339e-02
1.272275903119471690e-06
5.992585843994385373e-04
1.793852946372662606e-06
3.446272800255462381e-03
2.737853217712807037e-05
4.219036910715409983e-06
6.547257892950779357e-05
3.880784572728871548e-07
3.409557168970851434e-04
1.834345859823554182e-05
4.849678260607430449e-07
5.806425128822835436e-07
1.059910511124579436e-04
3.170899709998024267e-04
7.211661696219994669e-06
2.251486085550915593e-05
1.910384295235786065e-04
5.307722642226166048e-07
2.910076376551390051e-04
8.702144336555158285e-07
2.153339818587564965e-04
6.557868924690332553e-06
6.180287908031258765e-05
3.382529570218781540e-06
4.104673312511780931e-07
7.543889104485864625e-07
5.227732596673465753e-04
1.323620192404730710e-07
9.922367068673717766e-06
3.353866918233246787e-05
1.054437981523917664e-06
6.221426728490899030e-07
2.912072861751021079e-05
1.100940252380691995e-05
1.518700144730549777e-07
1.343742508818918243e-04
1.146032239168601110e-03
8.510115906611146922e-06
2.094592156525126073e-07
5.088914433221795072e-05
4.737301418872563556e-03
5.114707129374292265e-06
9.156054384304444614e-08
1.639133960331219143e-03
9.454905716915884737e-06
1.870318636801859553e-04
4.731328855844215461e-05
5.307722642226166048e-07
1.465375497919102885e-06
4.849678260607430449e-07
3.562987122996070025e-05
1.044454261054924248e-02
2.427530338575320350e-03
6.939641438912021068e-05
1.707590520712897538e-06
2.142995432325043135e-07
4.283741915190350351e-05
3.836574741383001612e-06
2.910076376551390051e-04
5.333135839189065281e-07
1.100940252380691995e-05
2.814220741853887264e-02
6.557868924690332553e-06
3.430121882955167179e-02
1.272275903119471690e-06
6.180287908031258765e-05
2.427530338575320350e-03
1.497002291278664027e-05
1.153608220019837320e-06
5.484254077138746660e-07
2.336894735734081296e-07
1.962598936976474844e-06
1.012007549420943599e-04
2.713236476826588577e-03
2.440917167372382275e-06
5.307722642226166048e-07
1.820716045934598357e-04
8.296856997863805781e-06
7.708225215977492794e-06
2.912072861751021079e-05
5.633814146665416800e-03
1.059910511124579436e-04
3.801357267416623140e-06
1.042143702474331241e-03
9.204019186139376120e-07
1.002805144692737033e-07
9.922367068673717766e-06
5.105589554941327080e-06
3.516958252762830381e-07
6.988682763117599894e-04
5.767081534843021560e-07
8.373377520023975835e-07
1.381027440008338514e-07
8.859032500956546851e-07
6.055309587363061222e-04
1.146032239168601110e-03
1.153608220019837320e-06
2.094592156525126073e-07
1.148929858732622829e-05
1.014131741845605708e-03
5.047729742998351984e-05
3.801357267416623140e-06
3.488478282853432310e-07
2.142995432325043135e-07
9.922367068673717766e-06
7.043011257411043722e-06
3.429811808488041818e-05
4.302422412901620908e-05
7.292112360402717552e-04
5.832530810924020847e-06
3.801357267416623140e-06
1.146032239168601110e-03
9.466291391036265321e-05
2.546182623230299721e-07
7.334847954282281089e-06
6.480348651592971774e-08
5.420912036460313161e-07
2.158247726692886136e-06
3.016681816650699558e-05
3.562987122996070025e-05
5.665470961364017723e-06
1.021353484133394497e-04
6.269051496710214286e-04
1.343742508818918243e-04
5.114707129374292265e-06
1.761384077881743014e-07
9.661617614981783721e-06
8.467132433978791696e-08
5.013835797428885634e-05
1.279776292641028421e-05
2.889094215666440825e-05
1.148929858732622829e-05
5.808955066847722648e-04
2.329063378056497137e-05
4.675240767342954580e-03
6.177533926485231984e-05
5.307722642226166048e-07
1.566680953013442341e-04
9.862111892618174736e-07
1.696318913119597476e-05
2.912072861751021079e-05
2.204969017754227108e-03
3.170899709998024267e-04
1.793852946372662606e-06
2.094592156525126073e-07
1.503866777479044595e-05
5.307722642226166048e-07
1.174633920892177896e-05
7.423921863755837551e-06
1.542544650216312252e-05
5.930499601447312959e-07
5.767081534843021560e-07
2.670437058703962145e-07
1.703628633858460863e-05
2.525902161669961488e-06
2.889094215666440825e-05
2.043763443395655785e-04
9.204019186139376120e-07
1.630141525111687049e-06
9.287660900401919410e-05
6.557868924690332553e-06
2.525902161669961488e-06
1.044454261054924248e-02
6.075301099682239460e-07
6.796392221033651076e-05
7.157007538644029926e-06
3.836239904701664539e-07
1.761384077881743014e-07
8.467132433978791696e-08
1.637666658548317858e-06
5.930499601447312959e-07
1.147846890384827609e-03
2.883467549192867850e-04
7.746842627045195809e-06
2.889094215666440825e-05
2.006958799573002281e-06
7.157007538644029926e-06
1.590810987500614155e-05
1.639133960331219143e-03
5.767081534843021560e-07
5.151871823703098045e-06
2.107453952090236583e-04
1.272275903119471690e-06
1.793852946372662606e-06
1.146032239168601110e-03
9.204019186139376120e-07
8.602179322595194535e-05
2.684262989989085633e-06
5.307722642226166048e-07
4.849678260607430449e-07
1.840516127691125680e-05
3.179759944303177637e-03
1.631250964413806037e-06
7.157007538644029926e-06
3.488478282853432310e-07
1.949726028233659247e-06
6.490145587841515591e-06
2.001615674339260421e-04
4.731328855844215461e-05
1.696318913119597476e-05
1.563679712334964100e-06
5.767081534843021560e-07
1.021353484133394497e-04
2.671721149860386988e-05
7.157007538644029926e-06
1.728101253403265718e-03
6.480348651592971774e-08
9.459718624011460061e-05
2.342815657684843778e-05
2.204187745658798625e-04
5.333135839189065281e-07
2.072052302080406650e-05
1.149163315547170399e-04
5.633814146665416800e-03
1.151140708621816614e-05
3.430121882955167179e-02
6.055309587363061222e-04
1.793852946372662606e-06
1.238431751000346670e-03
1.279776292641028421e-05
4.330143254488125334e-07
1.625692864158777935e-03
6.688982120263161887e-07
8.510115906611146922e-06
8.369659464800024749e-07
1.206037850802528408e-06
6.480348651592971774e-08
9.354520456653131661e-05
6.270124301090139834e-06
1.929425261412060638e-03
2.360402647269549804e-04
8.373377520023975835e-07
7.451103653750487417e-06
5.151871823703098045e-06
1.628141342565354588e-01
2.043763443395655785e-04
1.146032239168601110e-03
6.939641438912021068e-05
7.543889104485864625e-07
1.637666658548317858e-06
1.100940252380691995e-05
2.889094215666440825e-05
6.180287908031258765e-05
1.793852946372662606e-06
4.984802401505270224e-06
6.480348651592971774e-08
8.602179322595194535e-05
6.953534223418156610e-07
1.235083780265014593e-03
1.696318913119597476e-05
5.806425128822835436e-07
2.248653958787410868e-05
3.412018913887310638e-06
5.013835797428885634e-05
1.002805144692737033e-07
1.006921167713238023e-06
2.440917167372382275e-06
2.883813373820104016e-06
2.342815657684843778e-05
1.542544650216312252e-05
5.806425128822835436e-07
6.265818005930257524e-06
2.825173125653382064e-03
2.889094215666440825e-05
8.546833883937619990e-06
2.265873799216582517e-03
7.870479656952280358e-06
1.674074441995802926e-07
5.227732596673465753e-04
1.542544650216312252e-05
4.737301418872563556e-03
2.883467549192867850e-04
1.642146553006918896e-07
1.044454261054924248e-02
2.671721149860386988e-05
6.180287908031258765e-05
7.870479656952280358e-06
8.197138164624877165e-06
5.862003552635088915e-07
3.353866918233246787e-05
1.649189816686823369e-06
3.175734353043439910e-07
3.137918887845468109e-03
6.557868924690332553e-06
2.006958799573002281e-06
6.796392221033651076e-05
8.510115906611146922e-06
1.761384077881743014e-07
2.158247726692886136e-06
3.175734353043439910e-07
2.883467549192867850e-04
1.706789329993934772e-06
8.467132433978791696e-08
1.707590520712897538e-06
1.931154378995779099e-05
2.697170793869204243e-04
9.354520456653131661e-05
5.307722642226166048e-07
7.128204314832197989e-06
5.698485013968018244e-03
1.128815843164855985e-06
5.633814146665416800e-03
1.706789329993934772e-06
2.651022488867368041e-06
6.688982120263161887e-07
1.631250964413806037e-06
7.870479656952280358e-06
4.311353411316260512e-06
5.824725994192636851e-07
1.696318913119597476e-05
4.987097216750003346e-07
3.353198310110457655e-03
3.430121882955167179e-02
3.194989694555020371e-05
8.115463804998563800e-06
1.503866777479044595e-05
9.042072788366555385e-06
5.307722642226166048e-07
1.291873414354876718e-06
1.834345859823554182e-05
9.287660900401919410e-05
4.104673312511780931e-07
5.227732596673465753e-04
3.316190606314937992e-07
1.870318636801859553e-04
5.116310189526187250e-05
3.429347488101326561e-06
2.497229532428845052e-03
5.307722642226166048e-07
5.134925908503781444e-06
5.767081534843021560e-07
5.633814146665416800e-03
1.037434432332553190e-02
2.795894758978417598e-03
2.889094215666440825e-05
6.180287908031258765e-05
3.412018913887310638e-06
2.366760984007694818e-05
4.901748262121284065e-06
4.987097216750003346e-07
8.702144336555158285e-07
8.687607154271248739e-04
2.912100153285964365e-04
7.211661696219994669e-06
1.238431751000346670e-03
1.002805144692737033e-07
1.229193751005524431e-03
2.248931934797754849e-04
1.970222083333271167e-05
5.698485013968018244e-03
1.149163315547170399e-04
1.014131741845605708e-03
9.956209014366626720e-06
7.503854482112204028e-06
9.661617614981783721e-06
1.323620192404730710e-07
1.962598936976474844e-06
4.283741915190350351e-05
4.741560263487163725e-05
1.162161887244419180e-06
2.340367420534335538e-06
5.665470961364017723e-06
7.157007538644029926e-06
2.097526973771973487e-07
1.503866777479044595e-05
2.158247726692886136e-06
9.454905716915884737e-06
1.870318636801859553e-04
9.042072788366555385e-06
1.542544650216312252e-05
1.637666658548317858e-06
2.670437058703962145e-07
5.151871823703098045e-06
1.338409106823991837e-05
7.638117210113196413e-04
2.094592156525126073e-07
2.251486085550915593e-05
9.946911662701680568e-07
1.630141525111687049e-06
3.562987122996070025e-05
5.151871823703098045e-06
8.851855859170561138e-04
9.318324497153714065e-06
1.290822060148667794e-01
2.427530338575320350e-03
3.597366909483232391e-07
7.465728770810455432e-07
9.922367068673717766e-06
1.870318636801859553e-04
1.842696496979339630e-03
5.930499601447312959e-07
1.603744184639070023e-06
8.702144336555158285e-07
6.718877043319990009e-04
8.859032500956546851e-07
5.897879088642266388e-06
6.796392221033651076e-05
8.510115906611146922e-06
5.824725994192636851e-07
5.134925908503781444e-06
5.665470961364017723e-06
9.287660900401919410e-05
3.170899709998024267e-04
7.699573179829914519e-08
5.013835797428885634e-05
1.355468300963613084e-07
2.248931934797754849e-04
3.429347488101326561e-06
4.219036910715409983e-06
3.562987122996070025e-05
2.912072861751021079e-05
8.859032500956546851e-07
5.992585843994385373e-04
1.460775246718477407e-05
2.094592156525126073e-07
1.414956348834944400e-05
7.706227302519506429e-08
8.704342811318376526e-05
6.689418520103593731e-07
4.987097216750003346e-07
3.428930745767664592e-04
4.330143254488125334e-07
8.546833883937619990e-06
2.043763443395655785e-04
5.114707129374292265e-06
1.707896617540487168e-06
8.369659464800024749e-07
6.283533547500295452e-07
1.811863301266245332e-04
1.520592641780795590e-06
2.670437058703962145e-07
4.593721070430503012e-02
2.248653958787410868e-05
7.746842627045195809e-06
6.180287908031258765e-05
4.901748262121284065e-06
2.094592156525126073e-07
6.747610108642725024e-07
8.369659464800024749e-07
2.023945248736258522e-05
5.484254077138746660e-07
3.562987122996070025e-05
2.107453952090236583e-04
1.518700144730549777e-07
3.968477806132586884e-04
5.114707129374292265e-06
3.836239904701664539e-07
4.104673312511780931e-07
5.227732596673465753e-04
5.758141576328508829e-03
2.912072861751021079e-05
1.847485096723248221e-06
6.796392221033651076e-05
3.801357267416623140e-06
7.699573179829914519e-08
9.042072788366555385e-06
5.307722642226166048e-07
1.149508400527200024e-07
4.196433319123795579e-07
1.834345859823554182e-05
8.702144336555158285e-07
2.072052302080406650e-05
2.248653958787410868e-05
1.059910511124579436e-04
2.883467549192867850e-04
1.044454261054924248e-02
1.238431751000346670e-03
7.157007538644029926e-06
3.488478282853432310e-07
4.987097216750003346e-07
2.072052302080406650e-05
1.381027440008338514e-07
7.211661696219994669e-06
1.751558159350995036e-06
2.414163101183637576e-07
5.227732596673465753e-04
1.239350541359517835e-06
1.503866777479044595e-05
1.006399100473511128e-04
1.310595795473560588e-05
2.204969017754227108e-03
5.665470961364017723e-06
1.059910511124579436e-04
1.381027440008338514e-07
3.801357267416623140e-06
2.128380666300765025e-03
7.870479656952280358e-06
2.094592156525126073e-07
1.002805144692737033e-07
5.088914433221795072e-05
5.930499601447312959e-07
7.451103653750487417e-06
5.665470961364017723e-06
1.100940252380691995e-05
2.912100153285964365e-04
7.211661696219994669e-06
1.325305789224292402e-02
2.142995432325043135e-07
4.929497047075092188e-07
4.987097216750003346e-07
3.179759944303177637e-03
1.100940252380691995e-05
6.180287908031258765e-05
3.446272800255462381e-03
7.870479656952280358e-06
1.148929858732622829e-05
1.674074441995802926e-07
5.013835797428885634e-05
3.233216942936320706e-05
3.353866918233246787e-05
1.603744184639070023e-06
4.737301418872563556e-03
9.287660900401919410e-05
1.518700144730549777e-07
6.557868924690332553e-06
1.847485096723248221e-06
6.180287908031258765e-05
2.546182623230299721e-07
1.949726028233659247e-06
6.444237627884423069e-04
4.987097216750003346e-07
2.204969017754227108e-03
6.180287908031258765e-05
9.156054384304444614e-08
5.013835797428885634e-05
2.142995432325043135e-07
3.016681816650699558e-05
2.342815657684843778e-05
1.202939040553678108e-05
6.796392221033651076e-05
1.939832631714368888e-06
1.039745214908481588e-05
4.731328855844215461e-05
3.429347488101326561e-06
2.166630780283600681e-05
3.516958252762830381e-07
5.307722642226166048e-07
1.124639222947940685e-04
1.149508400527200024e-07
