7.836138473442179298e-07
4.626180838202679751e-06
5.924932265280297670e-04
6.448137411239361952e-05
1.727136383435875969e-08
7.251346801677850500e-03
1.686744624016887347e-05
7.878464745962786300e-06
7.536098863278337086e-06
5.345576934416679259e-08
3.308546235860198239e-06
6.236948673872125304e-08
5.625512973636153207e-07
7.792192900616740558e-05
5.671218919079904568e-06
5.924932265280297670e-04
1.161530654143151702e-05
9.655398511229321828e-04
7.729173076660037506e-06
2.271186856116760660e-06
1.967926136940364047e-03
6.236948673872125304e-08
4.626180838202679751e-06
5.924932265280297670e-04
1.161530654143151702e-05
1.828629117262627657e-06
7.729173076660037506e-06
1.303322622855948121e-04
1.222880316882997633e-07
3.235228841968475991e-05
6.236948673872125304e-08
4.350164799355179737e-06
2.568184457945323244e-05
1.085244780875869953e-05
5.924932265280297670e-04
1.022389714845967535e-04
9.588048915128994038e-08
4.222972382952507535e-07
7.729173076660037506e-06
1.208298929408464241e-06
6.469399563771667180e-04
6.236948673872125304e-08
1.021584613056837682e-06
2.885325425492384679e-05
5.924932265280297670e-04
5.765150382252252773e-04
1.161530654143151702e-05
1.727136383435875969e-08
7.218978356641771121e-06
7.729173076660037506e-06
1.698039929774741719e-05
1.669947373454674681e-06
8.723882923197984229e-06
4.626180838202679751e-06
5.924932265280297670e-04
1.161530654143151702e-05
3.382621877594430519e-05
6.803287566845512082e-05
1.132527476862284722e-06
1.303322622855948121e-04
6.236948673872125304e-08
7.836138473442179298e-07
7.910262579657866564e-04
6.596159011993939572e-03
1.293118730981776955e-04
4.552957031595149016e-06
7.251346801677850500e-03
7.729173076660037506e-06
2.159952184872997055e-05
7.235283316351580037e-04
1.137004433474460811e-06
6.236948673872125304e-08
4.350164799355179737e-06
2.568184457945323244e-05
7.910262579657866564e-04
6.596159011993939572e-03
6.448137411239361952e-05
4.552957031595149016e-06
1.121627425420257774e-06
7.729173076660037506e-06
1.698039929774741719e-05
6.236948673872125304e-08
7.836138473442179298e-07
5.150273970670143871e-05
7.040804908322118374e-04
3.289175129604943616e-03
1.161530654143151702e-05
2.674431770267105248e-05
6.803287566845512082e-05
1.795688227899992394e-06
3.889953117070361756e-07
1.021584613056837682e-06
7.836138473442179298e-07
4.626180838202679751e-06
1.022389714845967535e-04
7.218978356641771121e-06
7.729173076660037506e-06
1.409629453688283961e-04
6.164913088327267627e-08
9.469316073524086858e-05
1.967926136940364047e-03
6.236948673872125304e-08
3.366982515950037456e-07
1.854080766624586970e-07
7.836138473442179298e-07
4.626180838202679751e-06
3.289175129604943616e-03
1.161530654143151702e-05
2.200149327013294076e-02
4.222972382952507535e-07
8.182497958087512051e-04
6.236948673872125304e-08
8.723882923197984229e-06
8.867219313663481225e-05
3.093149282306510012e-02
3.289175129604943616e-03
1.727136383435875969e-08
6.695768491042430700e-07
7.729173076660037506e-06
2.421943336759069554e-07
7.836138473442179298e-07
4.626180838202679751e-06
1.838486491844408831e-05
7.910262579657866564e-04
5.924932265280297670e-04
2.001903764842915157e-04
1.727136383435875969e-08
4.552957031595149016e-06
1.686744624016887347e-05
6.803287566845512082e-05
1.070941406976969843e-05
3.462388352173574072e-07
7.836138473442179298e-07
4.626180838202679751e-06
3.289175129604943616e-03
2.319375348089410213e-05
6.448137411239361952e-05
3.174134930374300609e-04
1.520240958137964456e-07
1.132527476862284722e-06
2.042495461813875410e-04
1.233290129652062049e-06
8.723882923197984229e-06
2.568184457945323244e-05
5.924932265280297670e-04
3.686927197095126216e-05
1.022389714845967535e-04
4.014646541841101796e-04
9.588048915128994038e-08
2.674431770267105248e-05
6.236948673872125304e-08
1.854080766624586970e-07
7.836138473442179298e-07
2.885325425492384679e-05
6.596159011993939572e-03
1.161530654143151702e-05
1.520240958137964456e-07
6.803287566845512082e-05
1.303322622855948121e-04
7.878464745962786300e-06
3.449813679496353846e-06
3.462388352173574072e-07
7.836138473442179298e-07
2.885325425492384679e-05
1.116360595845577574e-03
5.924932265280297670e-04
1.161530654143151702e-05
1.509769772299532700e-02
1.727136383435875969e-08
4.552957031595149016e-06
2.147681267977013408e-05
3.462388352173574072e-07
1.854080766624586970e-07
6.897439469874747171e-06
2.885325425492384679e-05
3.576796435687689624e-06
5.924932265280297670e-04
1.161530654143151702e-05
1.727136383435875969e-08
4.552957031595149016e-06
6.236948673872125304e-08
3.366982515950037456e-07
5.625512973636153207e-07
7.836138473442179298e-07
3.576796435687689624e-06
7.644297051005106142e-06
1.161530654143151702e-05
4.014646541841101796e-04
4.624419757145765501e-07
1.149743238395281239e-02
4.080203150488121116e-04
1.070941406976969843e-05
6.236948673872125304e-08
7.836138473442179298e-07
4.072005926941927743e-05
5.924932265280297670e-04
1.161530654143151702e-05
9.588048915128994038e-08
7.729173076660037506e-06
7.878464745962786300e-06
6.236948673872125304e-08
3.366982515950037456e-07
7.836138473442179298e-07
1.725127630314053845e-05
5.924932265280297670e-04
3.110006457535619212e-04
4.014646541841101796e-04
9.588048915128994038e-08
6.803287566845512082e-05
2.396549562233890035e-05
1.137004433474460811e-06
3.889953117070361756e-07
1.854080766624586970e-07
7.836138473442179298e-07
7.792192900616740558e-05
1.085244780875869953e-05
1.586404757505842714e-02
3.686927197095126216e-05
6.448137411239361952e-05
1.727136383435875969e-08
6.236948673872125304e-08
1.623931979104053858e-06
4.350164799355179737e-06
4.626180838202679751e-06
6.596159011993939572e-03
1.161530654143151702e-05
9.655398511229321828e-04
1.727136383435875969e-08
1.381424116505911946e-05
7.729173076660037506e-06
6.236948673872125304e-08
4.632258910390748240e-04
2.885325425492384679e-05
7.040804908322118374e-04
3.289175129604943616e-03
1.161530654143151702e-05
9.588048915128994038e-08
7.729173076660037506e-06
1.303322622855948121e-04
7.536098863278337086e-06
1.070941406976969843e-05
6.236948673872125304e-08
2.939752963369829776e-07
2.568184457945323244e-05
1.838486491844408831e-05
1.116360595845577574e-03
3.289175129604943616e-03
7.644297051005106142e-06
1.727136383435875969e-08
1.686744624016887347e-05
5.483895432899701109e-06
3.462388352173574072e-07
7.836138473442179298e-07
4.626180838202679751e-06
1.838486491844408831e-05
6.273102554035625555e-02
1.022389714845967535e-04
1.727136383435875969e-08
4.290783880372645660e-05
2.195275464626530396e-03
1.137004433474460811e-06
3.462388352173574072e-07
3.366982515950037456e-07
7.836138473442179298e-07
4.626180838202679751e-06
3.576796435687689624e-06
5.924932265280297670e-04
2.319375348089410213e-05
1.161530654143151702e-05
1.727136383435875969e-08
5.165266299292826398e-05
3.889953117070361756e-07
1.854080766624586970e-07
7.836138473442179298e-07
2.568184457945323244e-05
1.085244780875869953e-05
5.924932265280297670e-04
1.727136383435875969e-08
1.345185314455730975e-05
8.475723343207316806e-08
7.836138473442179298e-07
4.626180838202679751e-06
3.576796435687689624e-06
7.644297051005106142e-06
1.161530654143151702e-05
1.303322622855948121e-04
1.168129481113972719e-06
1.208298929408464241e-06
9.629217055117541723e-09
3.629463430064543529e-04
3.889953117070361756e-07
7.836138473442179298e-07
2.885325425492384679e-05
5.671218919079904568e-06
1.727136383435875969e-08
7.729173076660037506e-06
1.208298929408464241e-06
9.629217055117541723e-09
1.056130232758882006e-03
6.164913088327267627e-08
3.308546235860198239e-06
2.568184457945323244e-05
7.910262579657866564e-04
5.924932265280297670e-04
1.161530654143151702e-05
1.727136383435875969e-08
7.251346801677850500e-03
7.729173076660037506e-06
1.147196279307031563e-03
6.707767464326870964e-06
6.236948673872125304e-08
4.626180838202679751e-06
2.915027333115819373e-05
1.293118730981776955e-04
2.001903764842915157e-04
1.727136383435875969e-08
5.592995902110218282e-07
1.686744624016887347e-05
1.349427014716228935e-03
1.303322622855948121e-04
1.802786703168454805e-06
6.943523294531827952e-07
1.854080766624586970e-07
7.836138473442179298e-07
4.626180838202679751e-06
8.867219313663481225e-05
5.924932265280297670e-04
6.448137411239361952e-05
1.727136383435875969e-08
7.729173076660037506e-06
1.137004433474460811e-06
1.050531937202456183e-06
3.366982515950037456e-07
2.939752963369829776e-07
7.836138473442179298e-07
2.885325425492384679e-05
1.116360595845577574e-03
5.924932265280297670e-04
1.457917485841667008e-04
6.448137411239361952e-05
1.698039929774741719e-05
6.236948673872125304e-08
7.836138473442179298e-07
4.626180838202679751e-06
8.867219313663481225e-05
4.986405091058220829e-01
1.161530654143151702e-05
1.520240958137964456e-07
1.121627425420257774e-06
6.695768491042430700e-07
3.249370193252636076e-05
1.802786703168454805e-06
6.236948673872125304e-08
7.836138473442179298e-07
4.626180838202679751e-06
1.085244780875869953e-05
5.924932265280297670e-04
1.161530654143151702e-05
9.588048915128994038e-08
1.147196279307031563e-03
1.967926136940364047e-03
1.698039929774741719e-05
6.236948673872125304e-08
4.626180838202679751e-06
3.289175129604943616e-03
1.161530654143151702e-05
7.218978356641771121e-06
8.687755044338263497e-05
7.729173076660037506e-06
1.303322622855948121e-04
6.236948673872125304e-08
5.830978615013432021e-06
7.836138473442179298e-07
4.626180838202679751e-06
5.924932265280297670e-04
1.727136383435875969e-08
7.218978356641771121e-06
7.251346801677850500e-03
4.290783880372645660e-05
1.208298929408464241e-06
1.137004433474460811e-06
6.236948673872125304e-08
2.939752963369829776e-07
4.350164799355179737e-06
4.626180838202679751e-06
7.040804908322118374e-04
5.924932265280297670e-04
7.644297051005106142e-06
1.161530654143151702e-05
4.014646541841101796e-04
3.462388352173574072e-07
4.626180838202679751e-06
5.924932265280297670e-04
1.727136383435875969e-08
4.552957031595149016e-06
1.121627425420257774e-06
6.695768491042430700e-07
7.729173076660037506e-06
1.303322622855948121e-04
3.840132118037562440e-07
1.698039929774741719e-05
6.236948673872125304e-08
7.836138473442179298e-07
1.838486491844408831e-05
5.671218919079904568e-06
5.924932265280297670e-04
1.727136383435875969e-08
7.251346801677850500e-03
2.674431770267105248e-05
7.729173076660037506e-06
2.147681267977013408e-05
6.236948673872125304e-08
3.366982515950037456e-07
4.626180838202679751e-06
5.671218919079904568e-06
5.924932265280297670e-04
1.161530654143151702e-05
5.825299331054871162e-04
9.588048915128994038e-08
2.674431770267105248e-05
7.836138473442179298e-07
2.568184457945323244e-05
5.671218919079904568e-06
7.644297051005106142e-06
1.161530654143151702e-05
4.552957031595149016e-06
4.290783880372645660e-05
1.303322622855948121e-04
7.536098863278337086e-06
9.629217055117541723e-09
4.080203150488121116e-04
5.489818244094000166e-07
4.350164799355179737e-06
4.626180838202679751e-06
7.729173076660037506e-06
5.898084112755224189e-07
1.279302911955258119e-04
1.678915769701469615e-04
1.046723834740066109e-07
2.169967959952123798e-07
3.462388352173574072e-07
4.072005926941927743e-05
7.644297051005106142e-06
1.022389714845967535e-04
1.727136383435875969e-08
7.218978356641771121e-06
7.729173076660037506e-06
1.303322622855948121e-04
1.208298929408464241e-06
3.480982992375249499e-05
2.147681267977013408e-05
6.236948673872125304e-08
7.836138473442179298e-07
4.626180838202679751e-06
1.838486491844408831e-05
5.924932265280297670e-04
1.161530654143151702e-05
1.686744624016887347e-05
2.069491501944497052e-04
1.208298929408464241e-06
4.080203150488121116e-04
1.070941406976969843e-05
6.236948673872125304e-08
7.836138473442179298e-07
2.568184457945323244e-05
1.085244780875869953e-05
5.924932265280297670e-04
1.212047787404727485e-05
1.022389714845967535e-04
1.727136383435875969e-08
1.070941406976969843e-05
1.137004433474460811e-06
6.236948673872125304e-08
7.836138473442179298e-07
5.150273970670143871e-05
7.910262579657866564e-04
5.924932265280297670e-04
1.161530654143151702e-05
1.727136383435875969e-08
1.686744624016887347e-05
4.080203150488121116e-04
5.489818244094000166e-07
7.836138473442179298e-07
5.150273970670143871e-05
1.838486491844408831e-05
5.924932265280297670e-04
1.161530654143151702e-05
1.727136383435875969e-08
8.868020516321194616e-07
7.729173076660037506e-06
1.137004433474460811e-06
3.889953117070361756e-07
4.626180838202679751e-06
3.576796435687689624e-06
5.924932265280297670e-04
6.448137411239361952e-05
2.001903764842915157e-04
1.686744624016887347e-05
4.290783880372645660e-05
1.303322622855948121e-04
6.943523294531827952e-07
7.836138473442179298e-07
7.792192900616740558e-05
7.910262579657866564e-04
7.644297051005106142e-06
4.624419757145765501e-07
1.303322622855948121e-04
6.707767464326870964e-06
9.629217055117541723e-09
1.046723834740066109e-07
6.236948673872125304e-08
3.366982515950037456e-07
2.568184457945323244e-05
5.924932265280297670e-04
7.644297051005106142e-06
1.727136383435875969e-08
8.604799576128302453e-05
1.303322622855948121e-04
1.168129481113972719e-06
1.208298929408464241e-06
8.182497958087512051e-04
6.236948673872125304e-08
8.723882923197984229e-06
4.626180838202679751e-06
5.924932265280297670e-04
1.212047787404727485e-05
1.229786364950275802e-03
1.727136383435875969e-08
8.135351867338828826e-05
6.803287566845512082e-05
4.080203150488121116e-04
1.088901454645469522e-05
7.836138473442179298e-07
4.626180838202679751e-06
1.116360595845577574e-03
5.924932265280297670e-04
1.161530654143151702e-05
9.588048915128994038e-08
4.552957031595149016e-06
5.592995902110218282e-07
8.182497958087512051e-04
6.236948673872125304e-08
3.366982515950037456e-07
7.836138473442179298e-07
5.150273970670143871e-05
7.040804908322118374e-04
5.924932265280297670e-04
1.161530654143151702e-05
1.727136383435875969e-08
3.009945681085423718e-04
1.137004433474460811e-06
5.489818244094000166e-07
7.836138473442179298e-07
4.626180838202679751e-06
7.040804908322118374e-04
7.644297051005106142e-06
3.174134930374300609e-04
1.727136383435875969e-08
1.121627425420257774e-06
2.674431770267105248e-05
1.070941406976969843e-05
3.462388352173574072e-07
6.897439469874747171e-06
4.626180838202679751e-06
5.924932265280297670e-04
1.161530654143151702e-05
1.727136383435875969e-08
1.795688227899992394e-06
7.878464745962786300e-06
6.707767464326870964e-06
1.137004433474460811e-06
6.236948673872125304e-08
7.836138473442179298e-07
4.626180838202679751e-06
1.161530654143151702e-05
1.727136383435875969e-08
3.295518830239430329e-06
1.303322622855948121e-04
2.396549562233890035e-05
1.208298929408464241e-06
3.462388352173574072e-07
3.718200179630988667e-07
4.626180838202679751e-06
7.040804908322118374e-04
5.924932265280297670e-04
4.552957031595149016e-06
7.251346801677850500e-03
4.290783880372645660e-05
1.303322622855948121e-04
1.222880316882997633e-07
2.042495461813875410e-04
6.236948673872125304e-08
3.366982515950037456e-07
2.939752963369829776e-07
7.836138473442179298e-07
2.885325425492384679e-05
7.040804908322118374e-04
5.924932265280297670e-04
1.022389714845967535e-04
1.727136383435875969e-08
2.147681267977013408e-05
3.462388352173574072e-07
1.854080766624586970e-07
8.296618099683768037e-05
2.885325425492384679e-05
5.924932265280297670e-04
1.161530654143151702e-05
1.520240958137964456e-07
8.868020516321194616e-07
7.729173076660037506e-06
4.080203150488121116e-04
1.137004433474460811e-06
2.568184457945323244e-05
5.924932265280297670e-04
7.729173076660037506e-06
1.147196279307031563e-03
4.961285509404301630e-05
9.629217055117541723e-09
1.165305617999451476e-06
9.022573483149638238e-08
5.489818244094000166e-07
7.836138473442179298e-07
7.792192900616740558e-05
2.915027333115819373e-05
5.924932265280297670e-04
1.161530654143151702e-05
4.552957031595149016e-06
1.303322622855948121e-04
7.047563997454329658e-07
2.452381738564352587e-07
3.116310769389638924e-05
6.178529172986077381e-06
4.626180838202679751e-06
1.161530654143151702e-05
1.727136383435875969e-08
5.592995902110218282e-07
7.251346801677850500e-03
1.686744624016887347e-05
7.729173076660037506e-06
1.303322622855948121e-04
3.889953117070361756e-07
7.836138473442179298e-07
4.626180838202679751e-06
3.576796435687689624e-06
5.924932265280297670e-04
1.161530654143151702e-05
6.803287566845512082e-05
7.235283316351580037e-04
2.452381738564352587e-07
1.208298929408464241e-06
3.462388352173574072e-07
7.836138473442179298e-07
5.150273970670143871e-05
5.924932265280297670e-04
2.319375348089410213e-05
1.293118730981776955e-04
1.727136383435875969e-08
8.868020516321194616e-07
6.695768491042430700e-07
7.729173076660037506e-06
1.698039929774741719e-05
3.462388352173574072e-07
7.836138473442179298e-07
4.626180838202679751e-06
2.507909083274505353e-03
3.576796435687689624e-06
5.215178598665827850e-03
2.319375348089410213e-05
1.161530654143151702e-05
1.686744624016887347e-05
1.137004433474460811e-06
5.489818244094000166e-07
7.836138473442179298e-07
4.626180838202679751e-06
1.838486491844408831e-05
7.644297051005106142e-06
1.161530654143151702e-05
1.727136383435875969e-08
7.729173076660037506e-06
1.303322622855948121e-04
6.236948673872125304e-08
5.338546738122056953e-07
7.836138473442179298e-07
4.626180838202679751e-06
1.838486491844408831e-05
1.161530654143151702e-05
5.825299331054871162e-04
7.218978356641771121e-06
8.868020516321194616e-07
3.382621877594430519e-05
3.249370193252636076e-05
6.236948673872125304e-08
3.366982515950037456e-07
7.836138473442179298e-07
4.626180838202679751e-06
5.924932265280297670e-04
7.644297051005106142e-06
1.161530654143151702e-05
4.014646541841101796e-04
1.727136383435875969e-08
4.080203150488121116e-04
1.050531937202456183e-06
7.836138473442179298e-07
4.626180838202679751e-06
5.924932265280297670e-04
1.161530654143151702e-05
1.727136383435875969e-08
7.729173076660037506e-06
1.303322622855948121e-04
2.452381738564352587e-07
5.489818244094000166e-07
5.338546738122056953e-07
7.836138473442179298e-07
4.626180838202679751e-06
1.838486491844408831e-05
1.085244780875869953e-05
5.924932265280297670e-04
7.114535613906089115e-03
1.727136383435875969e-08
3.436230033110638404e-06
1.669947373454674681e-06
6.421496511417083257e-06
7.836138473442179298e-07
4.626180838202679751e-06
6.596159011993939572e-03
1.212047787404727485e-05
1.727136383435875969e-08
4.552957031595149016e-06
5.592995902110218282e-07
1.149743238395281239e-02
6.236948673872125304e-08
7.836138473442179298e-07
2.885325425492384679e-05
5.924932265280297670e-04
1.022389714845967535e-04
9.588048915128994038e-08
8.868020516321194616e-07
2.674431770267105248e-05
7.235283316351580037e-04
1.208298929408464241e-06
1.698039929774741719e-05
1.802786703168454805e-06
6.178529172986077381e-06
1.021584613056837682e-06
7.836138473442179298e-07
4.626180838202679751e-06
1.161530654143151702e-05
4.552957031595149016e-06
7.251346801677850500e-03
1.686744624016887347e-05
1.070941406976969843e-05
6.236948673872125304e-08
6.897439469874747171e-06
2.885325425492384679e-05
5.924932265280297670e-04
1.161530654143151702e-05
1.727136383435875969e-08
4.222972382952507535e-07
8.183367032211824772e-04
1.208298929408464241e-06
4.080203150488121116e-04
6.236948673872125304e-08
1.021584613056837682e-06
1.854080766624586970e-07
2.568184457945323244e-05
3.289175129604943616e-03
7.644297051005106142e-06
1.161530654143151702e-05
1.727136383435875969e-08
1.686744624016887347e-05
6.236948673872125304e-08
7.836138473442179298e-07
5.150273970670143871e-05
5.215178598665827850e-03
2.319375348089410213e-05
1.161530654143151702e-05
2.001903764842915157e-04
1.727136383435875969e-08
7.729173076660037506e-06
7.878464745962786300e-06
3.249370193252636076e-05
1.137004433474460811e-06
6.236948673872125304e-08
7.836138473442179298e-07
4.626180838202679751e-06
1.085244780875869953e-05
5.924932265280297670e-04
1.022389714845967535e-04
1.149743238395281239e-02
7.729173076660037506e-06
8.182497958087512051e-04
6.236948673872125304e-08
7.836138473442179298e-07
4.626180838202679751e-06
7.910262579657866564e-04
5.215178598665827850e-03
9.655398511229321828e-04
1.727136383435875969e-08
1.149743238395281239e-02
4.222972382952507535e-07
1.070941406976969843e-05
6.236948673872125304e-08
7.836138473442179298e-07
5.150273970670143871e-05
2.915027333115819373e-05
3.576796435687689624e-06
2.001903764842915157e-04
9.588048915128994038e-08
4.552957031595149016e-06
5.592995902110218282e-07
4.080203150488121116e-04
1.698039929774741719e-05
1.802786703168454805e-06
6.236948673872125304e-08
4.626180838202679751e-06
1.838486491844408831e-05
7.040804908322118374e-04
5.924932265280297670e-04
1.161530654143151702e-05
9.655398511229321828e-04
3.368049847221507814e-04
3.889953117070361756e-07
7.836138473442179298e-07
4.072005926941927743e-05
1.725127630314053845e-05
1.586404757505842714e-02
1.161530654143151702e-05
1.727136383435875969e-08
4.222972382952507535e-07
7.729173076660037506e-06
6.178529172986077381e-06
6.897439469874747171e-06
7.792192900616740558e-05
1.293118730981776955e-04
9.588048915128994038e-08
4.222972382952507535e-07
4.290783880372645660e-05
7.878464745962786300e-06
1.208298929408464241e-06
8.475723343207316806e-08
6.943523294531827952e-07
7.836138473442179298e-07
4.626180838202679751e-06
8.867219313663481225e-05
5.924932265280297670e-04
7.644297051005106142e-06
1.161530654143151702e-05
9.655398511229321828e-04
1.727136383435875969e-08
7.218978356641771121e-06
6.236948673872125304e-08
3.366982515950037456e-07
1.854080766624586970e-07
4.626180838202679751e-06
5.924932265280297670e-04
6.448137411239361952e-05
1.727136383435875969e-08
7.348479045578002722e-07
5.898084112755224189e-07
1.208298929408464241e-06
8.182497958087512051e-04
6.236948673872125304e-08
4.072005926941927743e-05
5.924932265280297670e-04
1.727136383435875969e-08
7.729173076660037506e-06
1.147196279307031563e-03
8.475723343207316806e-08
1.046723834740066109e-07
6.164913088327267627e-08
6.236948673872125304e-08
1.854080766624586970e-07
7.836138473442179298e-07
1.457917485841667008e-04
1.161530654143151702e-05
1.727136383435875969e-08
2.674431770267105248e-05
7.729173076660037506e-06
1.303322622855948121e-04
2.421943336759069554e-07
6.236948673872125304e-08
7.836138473442179298e-07
4.626180838202679751e-06
2.915027333115819373e-05
5.924932265280297670e-04
1.161530654143151702e-05
1.727136383435875969e-08
1.149743238395281239e-02
4.290783880372645660e-05
1.303322622855948121e-04
1.967926136940364047e-03
6.236948673872125304e-08
8.942427081707161772e-07
7.836138473442179298e-07
4.626180838202679751e-06
7.910262579657866564e-04
5.924932265280297670e-04
1.161530654143151702e-05
1.727136383435875969e-08
5.592995902110218282e-07
1.070941406976969843e-05
6.236948673872125304e-08
1.854080766624586970e-07
2.568184457945323244e-05
5.924932265280297670e-04
1.022389714845967535e-04
3.015385784129223409e-06
7.729173076660037506e-06
1.303322622855948121e-04
2.421943336759069554e-07
5.489818244094000166e-07
7.836138473442179298e-07
4.626180838202679751e-06
5.924932265280297670e-04
1.161530654143151702e-05
1.727136383435875969e-08
1.149743238395281239e-02
1.686744624016887347e-05
4.222972382952507535e-07
7.729173076660037506e-06
6.236948673872125304e-08
7.836138473442179298e-07
4.626180838202679751e-06
7.040804908322118374e-04
5.924932265280297670e-04
1.150650968478306472e-03
9.588048915128994038e-08
2.697562447319740173e-06
7.729173076660037506e-06
1.132527476862284722e-06
3.308546235860198239e-06
7.836138473442179298e-07
1.838486491844408831e-05
7.040804908322118374e-04
3.289175129604943616e-03
2.674431770267105248e-05
1.328100808929647720e-05
3.840132118037562440e-07
1.938947914306787060e-07
1.208298929408464241e-06
8.182497958087512051e-04
6.236948673872125304e-08
7.836138473442179298e-07
2.568184457945323244e-05
6.448137411239361952e-05
5.825299331054871162e-04
1.727136383435875969e-08
7.729173076660037506e-06
1.303322622855948121e-04
2.035220556405526382e-05
1.802786703168454805e-06
7.836138473442179298e-07
5.150273970670143871e-05
5.207610960275004149e-03
5.671218919079904568e-06
4.552957031595149016e-06
1.132527476862284722e-06
1.303322622855948121e-04
1.208298929408464241e-06
9.629217055117541723e-09
6.236948673872125304e-08
7.836138473442179298e-07
4.626180838202679751e-06
1.116360595845577574e-03
5.924932265280297670e-04
1.161530654143151702e-05
1.727136383435875969e-08
6.171017457636272839e-05
1.147196279307031563e-03
1.222880316882997633e-07
4.080203150488121116e-04
5.338546738122056953e-07
8.942427081707161772e-07
7.836138473442179298e-07
4.626180838202679751e-06
7.910262579657866564e-04
5.924932265280297670e-04
1.161530654143151702e-05
1.727136383435875969e-08
8.868020516321194616e-07
1.802786703168454805e-06
6.236948673872125304e-08
7.836138473442179298e-07
5.215178598665827850e-03
1.161530654143151702e-05
4.624419757145765501e-07
6.803287566845512082e-05
3.840132118037562440e-07
3.558434734477592323e-07
1.208298929408464241e-06
5.489818244094000166e-07
1.021584613056837682e-06
5.150273970670143871e-05
2.915027333115819373e-05
1.293118730981776955e-04
1.727136383435875969e-08
3.216953063304028729e-04
4.222972382952507535e-07
4.290783880372645660e-05
1.303322622855948121e-04
