1.210931719581669855e-04
2.411184049463141673e-07
4.903169362676475847e-04
2.490857072074435850e-06
2.368379766729115936e-06
1.308374371131511271e-07
4.848407098630083560e-08
9.488860944046007333e-07
2.033756358036373492e-06
2.560446150886753688e-03
4.903169362676475847e-04
2.490857072074435850e-06
1.410611230517806876e-06
5.606564336709595289e-05
1.308374371131511271e-07
2.033756358036373492e-06
1.686594282108650744e-05
1.386238105775828016e-04
8.786197060496618496e-04
1.345469455045831517e-05
1.210931719581669855e-04
2.462334494501580319e-05
3.894924871495984569e-07
2.988073144574899956e-05
7.582547275515903523e-06
2.033756358036373492e-06
9.525717544368562061e-06
1.706209380211477820e-07
3.231876201374455531e-05
4.059838310537730793e-08
1.291169422901438358e-07
1.239792985340130126e-02
2.490857072074435850e-06
2.368379766729115936e-06
1.308374371131511271e-07
2.988073144574899956e-05
2.424133232196386603e-05
4.221752035670506766e-06
2.033756358036373492e-06
2.438232872596090236e-05
7.457964201426969456e-06
1.072727873286258528e-07
3.029425618819285976e-06
2.490857072074435850e-06
2.368379766729115936e-06
6.677053021333563571e-08
1.410611230517806876e-06
1.308374371131511271e-07
3.133147915627630319e-08
9.488860944046007333e-07
2.411184049463141673e-07
1.017771927286642434e-04
3.947004570970430275e-03
6.677053021333563571e-08
1.410611230517806876e-06
7.623415188196937035e-06
2.988073144574899956e-05
9.488860944046007333e-07
3.042125117603325640e-04
3.633582370191443256e-03
2.411184049463141673e-07
1.291169422901438358e-07
1.280309674439353354e-05
4.903169362676475847e-04
2.368379766729115936e-06
2.988073144574899956e-05
3.570783795177647749e-06
3.083100853845521788e-05
4.223484731727419439e-04
3.923405140267452669e-07
1.394112368436141490e-04
6.677053021333563571e-08
1.410611230517806876e-06
1.538107445154663060e-04
2.428722966582523134e-04
8.516056589632681148e-08
1.181081111121323138e-03
2.527534014207825572e-04
1.615634325138215087e-05
2.601413505636468389e-05
1.040643036565067168e-04
2.368379766729115936e-06
9.455721082175563819e-05
3.722623959928376968e-08
2.424133232196386603e-05
4.477686339222112073e-07
4.571299966303598473e-06
2.876037980176662692e-07
4.169671083617684323e-08
1.345469455045831517e-05
1.394112368436141490e-04
1.410611230517806876e-06
1.308374371131511271e-07
2.658289351104499600e-05
9.488860944046007333e-07
1.394281802744049822e-06
6.888003418330916909e-05
3.056455988577608685e-03
4.169671083617684323e-08
1.071303584569954629e-04
2.207856990693299041e-05
3.029425618819285976e-06
5.606564336709595289e-05
1.308374371131511271e-07
4.571299966303598473e-06
1.394281802744049822e-06
5.598608630444873533e-04
8.996705145897205365e-05
3.231876201374455531e-05
2.026128446549681651e-03
4.903169362676475847e-04
2.368379766729115936e-06
1.133142518068980253e-03
1.410611230517806876e-06
3.894924871495984569e-07
1.308374371131511271e-07
2.527534014207825572e-04
2.424133232196386603e-05
1.460696097135625975e-04
4.571299966303598473e-06
1.072727873286258528e-07
6.085645068597260888e-04
1.527396355883606585e-04
5.676599513993571718e-04
1.308374371131511271e-07
3.025770076560680416e-07
2.033756358036373492e-06
1.964331357275451561e-03
4.169671083617684323e-08
1.386238105775828016e-04
2.368379766729115936e-06
1.394112368436141490e-04
2.033756358036373492e-06
3.405186585005029642e-06
1.133280235244828986e-05
9.525717544368562061e-06
2.248454739153160331e-08
1.126742272277274966e-03
2.033164775506332671e-06
3.923405140267452669e-07
2.368379766729115936e-06
6.677053021333563571e-08
1.410611230517806876e-06
2.033756358036373492e-06
1.183765293903845224e-04
1.706209380211477820e-07
6.861005937585623204e-06
8.547068446854096326e-07
3.319295694055236343e-08
2.029649950243638172e-05
1.072727873286258528e-07
2.368379766729115936e-06
3.894924871495984569e-07
2.867341720571952180e-03
2.970388354681233515e-04
1.719459956411243610e-03
3.405186585005029642e-06
2.473465073052035553e-04
1.706209380211477820e-07
6.888003418330916909e-05
1.410611230517806876e-06
2.410412283809176099e-06
1.402955214839146419e-04
6.146261892613023511e-03
1.091918038054630726e-03
4.059838310537730793e-08
8.547068446854096326e-07
2.029649950243638172e-05
2.398009569173420853e-08
7.739251868875787234e-06
1.072727873286258528e-07
1.291169422901438358e-07
2.043187885481983953e-05
2.368379766729115936e-06
1.410611230517806876e-06
7.623415188196937035e-06
1.673564393349457061e-06
8.516056589632681148e-08
3.722623959928376968e-08
1.180252819140149715e-03
1.210931719581669855e-04
2.490857072074435850e-06
1.308374371131511271e-07
3.517240312333445936e-07
4.571299966303598473e-06
6.334733505836857099e-05
5.974252598192246407e-05
8.996705145897205365e-05
5.658961032990999368e-05
2.398009569173420853e-08
2.309527437478347840e-03
7.457964201426969456e-06
4.903169362676475847e-04
2.368379766729115936e-06
1.394112368436141490e-04
7.623415188196937035e-06
2.527534014207825572e-04
5.011949513502869999e-05
4.221752035670506766e-06
1.356297061127362701e-06
1.410611230517806876e-06
3.894924871495984569e-07
8.331926366202068151e-04
9.525717544368562061e-06
1.848736544905483918e-06
8.996705145897205365e-05
4.616063884339720107e-05
1.345469455045831517e-05
4.059838310537730793e-08
1.782546824499646338e-05
1.072727873286258528e-07
2.368379766729115936e-06
1.394112368436141490e-04
5.427146939641206915e-07
1.769607194038380347e-05
9.488860944046007333e-07
8.547068446854096326e-07
6.200304568738346980e-06
4.367773905922799328e-08
3.385210051559735147e-05
4.903169362676475847e-04
3.894924871495984569e-07
2.867341720571952180e-03
9.560039406300469648e-07
5.399875555366448594e-06
1.394281802744049822e-06
1.706209380211477820e-07
4.169671083617684323e-08
4.059838310537730793e-08
3.923405140267452669e-07
1.291169422901438358e-07
3.306929255671170551e-03
1.133142518068980253e-03
2.410412283809176099e-06
9.921363840006676852e-06
6.044335037555411813e-07
2.527534014207825572e-04
9.488860944046007333e-07
2.003402677360851050e-03
7.130603773627342749e-05
1.148063952653587258e-03
1.072727873286258528e-07
1.280309674439353354e-05
3.306929255671170551e-03
2.368379766729115936e-06
1.394112368436141490e-04
1.410611230517806876e-06
1.308374371131511271e-07
4.221752035670506766e-06
2.601413505636468389e-05
1.072727873286258528e-07
2.368379766729115936e-06
1.410611230517806876e-06
2.988073144574899956e-05
6.921899573144955074e-07
2.527534014207825572e-04
4.848407098630083560e-08
2.033756358036373492e-06
1.386238105775828016e-04
2.487403094007039373e-06
4.903169362676475847e-04
1.394112368436141490e-04
1.308374371131511271e-07
8.516056589632681148e-08
1.706209380211477820e-07
5.598608630444873533e-04
4.169671083617684323e-08
3.633582370191443256e-03
2.352872999972750810e-04
2.335577374317249848e-05
2.527534014207825572e-04
2.424133232196386603e-05
4.221752035670506766e-06
9.525717544368562061e-06
2.163648756880385247e-04
8.996705145897205365e-05
3.830302433789791713e-05
7.841442185956198377e-07
9.125350073900571740e-08
2.697942551931105539e-07
1.291169422901438358e-07
1.280309674439353354e-05
2.988073144574899956e-05
7.934243146553957449e-04
1.394281802744049822e-06
2.248454739153160331e-08
1.706209380211477820e-07
4.495075396249173516e-03
2.487403094007039373e-06
8.547068446854096326e-07
1.527396355883606585e-04
1.280309674439353354e-05
4.903169362676475847e-04
1.410611230517806876e-06
8.516056589632681148e-08
3.722623959928376968e-08
4.848407098630083560e-08
1.106714672531510248e-05
5.399875555366448594e-06
1.394281802744049822e-06
1.072727873286258528e-07
1.280309674439353354e-05
2.368379766729115936e-06
1.410611230517806876e-06
1.710743365562196835e-05
4.221752035670506766e-06
2.033756358036373492e-06
9.525717544368562061e-06
2.248454739153160331e-08
6.616336793181820313e-07
7.457964201426969456e-06
1.291169422901438358e-07
3.029425618819285976e-06
2.368379766729115936e-06
1.410611230517806876e-06
3.722623959928376968e-08
2.527534014207825572e-04
6.399736506966744090e-06
2.033756358036373492e-06
3.405186585005029642e-06
1.072727873286258528e-07
4.453503020961740414e-04
3.894924871495984569e-07
7.645383729775256996e-05
2.248454739153160331e-08
6.678190336100078676e-05
1.386238105775828016e-04
1.597539288971415623e-03
2.029649950243638172e-05
4.367773905922799328e-08
9.073604283825476183e-07
1.280309674439353354e-05
2.368379766729115936e-06
1.410611230517806876e-06
3.722623959928376968e-08
2.118766890392719528e-06
2.033756358036373492e-06
1.394281802744049822e-06
1.386238105775828016e-04
4.571679643535619665e-05
2.309527437478347840e-03
3.127558491569938626e-04
4.903169362676475847e-04
3.884500088015469844e-05
7.783388524336073717e-05
3.405186585005029642e-06
2.248454739153160331e-08
4.503254903466536574e-05
2.792333675543015508e-05
1.345469455045831517e-05
1.072727873286258528e-07
2.988073144574899956e-05
3.722623959928376968e-08
2.248454739153160331e-08
4.169671083617684323e-08
4.616063884339720107e-05
5.193010546598984444e-07
2.029649950243638172e-05
7.628273716248402187e-07
2.398009569173420853e-08
1.017771927286642434e-04
1.280309674439353354e-05
4.903169362676475847e-04
1.410611230517806876e-06
2.527534014207825572e-04
4.848407098630083560e-08
1.633652916911116252e-05
4.571299966303598473e-06
4.924989723097628275e-04
5.598608630444873533e-04
2.490857072074435850e-06
2.368379766729115936e-06
7.027213965740099037e-03
3.523296449455178025e-04
3.722623959928376968e-08
4.221752035670506766e-06
2.033756358036373492e-06
3.405186585005029642e-06
2.248454739153160331e-08
3.356545452374949499e-07
9.073604283825476183e-07
3.985324141679121718e-03
6.677053021333563571e-08
1.410611230517806876e-06
9.488860944046007333e-07
1.183765293903845224e-04
3.525517046501810525e-05
3.287655069325790447e-04
4.571679643535619665e-05
9.125350073900571740e-08
1.072727873286258528e-07
1.291169422901438358e-07
4.903169362676475847e-04
2.368379766729115936e-06
6.677053021333563571e-08
3.133147915627630319e-08
2.033756358036373492e-06
9.525717544368562061e-06
6.888003418330916909e-05
2.137147653872643375e-05
1.072727873286258528e-07
3.029425618819285976e-06
2.490857072074435850e-06
1.410611230517806876e-06
2.700771625270417478e-05
2.527534014207825572e-04
2.424133232196386603e-05
1.056716233187224071e-05
9.488860944046007333e-07
2.063775688100189288e-05
1.072727873286258528e-07
1.394112368436141490e-04
5.606564336709595289e-05
1.379202306022945069e-05
2.424133232196386603e-05
4.221752035670506766e-06
2.988291990307773410e-04
3.006000253879921526e-04
3.411164156885013394e-04
3.923405140267452669e-07
1.391379933738799701e-01
3.029425618819285976e-06
4.903169362676475847e-04
6.677053021333563571e-08
1.410611230517806876e-06
4.848407098630083560e-08
6.399736506966744090e-06
2.601413505636468389e-05
1.402955214839146419e-04
1.394281802744049822e-06
9.073604283825476183e-07
2.727204587918022859e-03
2.368379766729115936e-06
5.606564336709595289e-05
2.867341720571952180e-03
4.848407098630083560e-08
4.059838310537730793e-08
5.125853679480262303e-06
2.596159103427821005e-04
3.067336192133981388e-07
1.072727873286258528e-07
2.727204587918022859e-03
1.394112368436141490e-04
6.354094451536499181e-04
1.297205800394989061e-03
2.263861846715741657e-05
6.888003418330916909e-05
1.386238105775828016e-04
3.830302433789791713e-05
1.345469455045831517e-05
1.072727873286258528e-07
4.903169362676475847e-04
1.410611230517806876e-06
1.308374371131511271e-07
8.516056589632681148e-08
2.424133232196386603e-05
4.221752035670506766e-06
7.712600524306551664e-06
4.571299966303598473e-06
1.706209380211477820e-07
9.073604283825476183e-07
2.490857072074435850e-06
3.894924871495984569e-07
1.091690203943228472e-02
4.571299966303598473e-06
1.394281802744049822e-06
9.525717544368562061e-06
1.014326254974914627e-04
9.125350073900571740e-08
5.125853679480262303e-06
1.304202227633934129e-04
3.029436190991400255e-05
1.673564393349457061e-06
2.601413505636468389e-05
3.405186585005029642e-06
1.686594282108650744e-05
7.755171090436024440e-06
3.231876201374455531e-05
1.091918038054630726e-03
8.547068446854096326e-07
9.073604283825476183e-07
2.368379766729115936e-06
3.133147915627630319e-08
2.033756358036373492e-06
2.248454739153160331e-08
1.386816756826107433e-06
4.867476456155772452e-06
2.487403094007039373e-06
5.193010546598984444e-07
8.547068446854096326e-07
1.081582821246867209e-04
1.217058092445693472e-06
4.848407098630083560e-08
6.888003418330916909e-05
4.169671083617684323e-08
4.059838310537730793e-08
2.596159103427821005e-04
4.367773905922799328e-08
7.739251868875787234e-06
4.803447627417286239e-06
2.368379766729115936e-06
1.410611230517806876e-06
1.308374371131511271e-07
8.516056589632681148e-08
2.424133232196386603e-05
3.133147915627630319e-08
4.529048534106651026e-06
3.679852762787643735e-05
9.525717544368562061e-06
2.248454739153160331e-08
1.072727873286258528e-07
2.368379766729115936e-06
1.394112368436141490e-04
6.677053021333563571e-08
2.658289351104499600e-05
4.221752035670506766e-06
2.033756358036373492e-06
1.183765293903845224e-04
9.525717544368562061e-06
1.345469455045831517e-05
5.697534625160571159e-02
4.903169362676475847e-04
8.138771755949064882e-06
8.103731348259691637e-06
2.033756358036373492e-06
3.525517046501810525e-05
2.248454739153160331e-08
1.386238105775828016e-04
3.319295694055236343e-08
2.029649950243638172e-05
2.411184049463141673e-07
2.368379766729115936e-06
1.394112368436141490e-04
6.677053021333563571e-08
1.410611230517806876e-06
1.308374371131511271e-07
8.516056589632681148e-08
4.221752035670506766e-06
9.488860944046007333e-07
2.033756358036373492e-06
7.457964201426969456e-06
6.809787117313496896e-04
2.700771625270417478e-05
2.988073144574899956e-05
2.527534014207825572e-04
6.399736506966744090e-06
2.033756358036373492e-06
1.394281802744049822e-06
2.547301072589618260e-05
8.996705145897205365e-05
1.072727873286258528e-07
1.291169422901438358e-07
1.017771927286642434e-04
4.903169362676475847e-04
3.894924871495984569e-07
2.988073144574899956e-05
8.478591637513111877e-07
1.937188604289476067e-06
3.570783795177647749e-06
4.571299966303598473e-06
1.131687706308038784e-04
6.677053021333563571e-08
7.623415188196937035e-06
4.571299966303598473e-06
7.732403303911568326e-04
8.996705145897205365e-05
1.278289133908825667e-06
5.125853679480262303e-06
7.638090374578011471e-07
3.330081247785425134e-05
7.457964201426969456e-06
1.131591070616460394e-05
1.959824205850340495e-06
5.866256153521356120e-06
6.677053021333563571e-08
3.894924871495984569e-07
1.308374371131511271e-07
2.988073144574899956e-05
2.527534014207825572e-04
9.488860944046007333e-07
3.097658434186465089e-03
1.410611230517806876e-06
1.308374371131511271e-07
2.988073144574899956e-05
2.424133232196386603e-05
2.248454739153160331e-08
2.812223344107205809e-07
8.517873922392742180e-05
2.029649950243638172e-05
1.957087001590458658e-06
3.896660347530635227e-02
2.368379766729115936e-06
7.623415188196937035e-06
2.428722966582523134e-04
1.394281802744049822e-06
9.525717544368562061e-06
2.248454739153160331e-08
6.678190336100078676e-05
1.345469455045831517e-05
4.059838310537730793e-08
1.072727873286258528e-07
1.527396355883606585e-04
4.903169362676475847e-04
2.368379766729115936e-06
1.394112368436141490e-04
9.488860944046007333e-07
9.525717544368562061e-06
8.547068446854096326e-07
5.125853679480262303e-06
1.268944190490955157e-06
9.073604283825476183e-07
3.894924871495984569e-07
3.557555565104649061e-04
3.722623959928376968e-08
3.133147915627630319e-08
3.570783795177647749e-06
2.033756358036373492e-06
1.394281802744049822e-06
2.988291990307773410e-04
5.974252598192246407e-05
3.719126433514247099e-02
2.368379766729115936e-06
7.623415188196937035e-06
2.527534014207825572e-04
4.221752035670506766e-06
4.571299966303598473e-06
2.137147653872643375e-05
2.002335766038196416e-05
1.278289133908825667e-06
1.957087001590458658e-06
2.411184049463141673e-07
2.368379766729115936e-06
1.410611230517806876e-06
1.308374371131511271e-07
9.488860944046007333e-07
2.033756358036373492e-06
1.800131122405596246e-03
8.996705145897205365e-05
1.872772916582568273e-05
1.278289133908825667e-06
1.072727873286258528e-07
1.394112368436141490e-04
1.410611230517806876e-06
7.623415188196937035e-06
2.527534014207825572e-04
8.996705145897205365e-05
1.278289133908825667e-06
8.547068446854096326e-07
7.628273716248402187e-07
3.420356013049757997e-06
3.029425618819285976e-06
3.947004570970430275e-03
2.490857072074435850e-06
6.677053021333563571e-08
7.623415188196937035e-06
1.308374371131511271e-07
5.320126243734189217e-07
2.527534014207825572e-04
2.033756358036373492e-06
1.394281802744049822e-06
4.903169362676475847e-04
1.394112368436141490e-04
1.410611230517806876e-06
5.399875555366448594e-06
7.755171090436024440e-06
3.909583101412943191e-06
1.706209380211477820e-07
9.349445276087442903e-04
4.059838310537730793e-08
3.923405140267452669e-07
3.221237148156473259e-04
2.207856990693299041e-05
2.411184049463141673e-07
1.291169422901438358e-07
2.368379766729115936e-06
1.308374371131511271e-07
3.722623959928376968e-08
3.133147915627630319e-08
9.488860944046007333e-07
4.571299966303598473e-06
1.410611230517806876e-06
5.320126243734189217e-07
4.207143360276501199e-05
2.033756358036373492e-06
4.867476456155772452e-06
2.352872999972750810e-04
3.319295694055236343e-08
2.398009569173420853e-08
1.643651053198565155e-07
1.922033646131251496e-04
7.457964201426969456e-06
2.368379766729115936e-06
3.559338394465187211e-05
3.894924871495984569e-07
2.424133232196386603e-05
9.488860944046007333e-07
2.033756358036373492e-06
1.386238105775828016e-04
4.367773905922799328e-08
3.330081247785425134e-05
1.072727873286258528e-07
5.606564336709595289e-05
2.199163557980619586e-05
7.712600524306551664e-06
2.033756358036373492e-06
1.706209380211477820e-07
8.996705145897205365e-05
2.487403094007039373e-06
5.125853679480262303e-06
1.272085019010347389e-03
2.368379766729115936e-06
6.677053021333563571e-08
1.410611230517806876e-06
1.308374371131511271e-07
3.722623959928376968e-08
2.424133232196386603e-05
2.033756358036373492e-06
3.405186585005029642e-06
1.916184023921750285e-05
3.830302433789791713e-05
1.072727873286258528e-07
1.410611230517806876e-06
3.894924871495984569e-07
2.527534014207825572e-04
4.848407098630083560e-08
4.571299966303598473e-06
5.930739863548441064e-03
2.487403094007039373e-06
1.345469455045831517e-05
8.547068446854096326e-07
1.410611230517806876e-06
1.308374371131511271e-07
2.988073144574899956e-05
2.527534014207825572e-04
4.221752035670506766e-06
2.033756358036373492e-06
7.422600491204782045e-04
1.278289133908825667e-06
8.547068446854096326e-07
7.628273716248402187e-07
7.457964201426969456e-06
4.903169362676475847e-04
1.308374371131511271e-07
2.424133232196386603e-05
4.221752035670506766e-06
9.488860944046007333e-07
2.033756358036373492e-06
2.438232872596090236e-05
9.097630845260601458e-06
1.921135418194539392e-06
1.049469902315993848e-06
8.199221539725259911e-02
7.623415188196937035e-06
3.722623959928376968e-08
2.527534014207825572e-04
6.645678832236363737e-06
2.033756358036373492e-06
2.263861846715741657e-05
4.169671083617684323e-08
2.518014790699028447e-04
1.072727873286258528e-07
3.719126433514247099e-02
1.410611230517806876e-06
8.516056589632681148e-08
2.033756358036373492e-06
1.394281802744049822e-06
1.706209380211477820e-07
4.169671083617684323e-08
1.922855339401495468e-04
9.125350073900571740e-08
1.072727873286258528e-07
1.017771927286642434e-04
3.947004570970430275e-03
3.719126433514247099e-02
2.368379766729115936e-06
1.506179114942111886e-03
2.033756358036373492e-06
3.405186585005029642e-06
1.976945806907629661e-04
1.706209380211477820e-07
3.029425618819285976e-06
1.280309674439353354e-05
1.308374371131511271e-07
2.812553208134243861e-05
8.516056589632681148e-08
3.405186585005029642e-06
7.755171090436024440e-06
2.163648756880385247e-04
2.248454739153160331e-08
8.996705145897205365e-05
2.629960290171107567e-05
1.394281802744049822e-06
1.706209380211477820e-07
8.996705145897205365e-05
2.078743369321139523e-05
6.154567586079806873e-07
8.547068446854096326e-07
2.398009569173420853e-08
1.330954475487539218e-05
3.341534457297510446e-02
4.560768222664184356e-05
4.848407098630083560e-08
3.133147915627630319e-08
6.399736506966744090e-06
1.974431744299797646e-04
3.231876201374455531e-05
1.682086981069446068e-04
4.059838310537730793e-08
1.349416074835196530e-06
7.290320116201312985e-05
4.903169362676475847e-04
1.410611230517806876e-06
4.848407098630083560e-08
9.488860944046007333e-07
3.083100853845521788e-05
3.287655069325790447e-04
4.059838310537730793e-08
3.923405140267452669e-07
8.547068446854096326e-07
1.637481664058110454e-06
2.727204587918022859e-03
1.691324571726698674e-06
4.521158234533330990e-05
1.706209380211477820e-07
3.434874877463092832e-04
2.171347060029638065e-03
2.306849828721807002e-05
7.739251868875787234e-06
1.074023569227406808e-06
5.909711833891256725e-07
2.411184049463141673e-07
2.368379766729115936e-06
1.394112368436141490e-04
1.410611230517806876e-06
3.894924871495984569e-07
2.988073144574899956e-05
7.712600524306551664e-06
4.571299966303598473e-06
6.888003418330916909e-05
2.487403094007039373e-06
2.207856990693299041e-05
2.411184049463141673e-07
3.029425618819285976e-06
2.490857072074435850e-06
8.888731178998115351e-04
2.812553208134243861e-05
8.516056589632681148e-08
4.296722913049467024e-06
5.399875555366448594e-06
2.033756358036373492e-06
2.368379766729115936e-06
7.216822598458373650e-02
7.623415188196937035e-06
8.516056589632681148e-08
6.044335037555411813e-07
7.841442185956198377e-07
4.059838310537730793e-08
2.697942551931105539e-07
7.022758366418767328e-03
7.739251868875787234e-06
8.688666582471243818e-04
1.017771927286642434e-04
7.623415188196937035e-06
1.308374371131511271e-07
2.424133232196386603e-05
4.221752035670506766e-06
4.167828053170799268e-06
9.488860944046007333e-07
2.063775688100189288e-05
1.183765293903845224e-04
1.959824205850340495e-06
1.394112368436141490e-04
1.410611230517806876e-06
7.623415188196937035e-06
2.033756358036373492e-06
6.678190336100078676e-05
2.812223344107205809e-07
2.124306231014074365e-05
9.125350073900571740e-08
3.161173717062404223e-05
2.727204587918022859e-03
2.368379766729115936e-06
6.677053021333563571e-08
2.425858272121425303e-04
3.260434734264288330e-05
3.405186585005029642e-06
4.059838310537730793e-08
1.278289133908825667e-06
1.921135418194539392e-06
3.319295694055236343e-08
9.073604283825476183e-07
1.291169422901438358e-07
2.462334494501580319e-05
8.328174176068317558e-02
1.410611230517806876e-06
1.127135429032593932e-05
2.837384242591587964e-03
9.488860944046007333e-07
2.248454739153160331e-08
3.319295694055236343e-08
6.677053021333563571e-08
3.894924871495984569e-07
2.020661205687057215e-03
8.516056589632681148e-08
3.133147915627630319e-08
5.399875555366448594e-06
2.052993602910994052e-03
1.706209380211477820e-07
7.732403303911568326e-04
6.616534847105031824e-04
2.379698992721720186e-05
2.368379766729115936e-06
6.677053021333563571e-08
2.428722966582523134e-04
1.773617865530559615e-04
8.181074421266565263e-06
1.386238105775828016e-04
1.327900417887098753e-03
9.125350073900571740e-08
5.125853679480262303e-06
2.411184049463141673e-07
4.005587517024326166e-02
1.410611230517806876e-06
2.658289351104499600e-05
2.527534014207825572e-04
4.571299966303598473e-06
1.706209380211477820e-07
2.487403094007039373e-06
4.881548939523889398e-06
1.480194492704803495e-04
9.073604283825476183e-07
3.306929255671170551e-03
2.368379766729115936e-06
5.544629821646062415e-05
9.547522134346672477e-05
1.308374371131511271e-07
9.648686389377046841e-05
2.033756358036373492e-06
1.686594282108650744e-05
1.394281802744049822e-06
2.440874776560566714e-04
3.029436190991400255e-05
3.894924871495984569e-07
6.086353637894492512e-03
4.848407098630083560e-08
3.133147915627630319e-08
4.221752035670506766e-06
1.937188604289476067e-06
3.570783795177647749e-06
4.571299966303598473e-06
1.072727873286258528e-07
2.368379766729115936e-06
5.231443713557520914e-03
1.394112368436141490e-04
1.410611230517806876e-06
7.216822598458373650e-02
7.623415188196937035e-06
2.035676636798163594e-06
4.571299966303598473e-06
1.609168174799248657e-03
2.073483037096687104e-02
7.623415188196937035e-06
1.308374371131511271e-07
2.988073144574899956e-05
4.848407098630083560e-08
5.943794401149639188e-04
6.616534847105031824e-04
3.486242437720004711e-05
1.278289133908825667e-06
2.029649950243638172e-05
2.446537585180348293e-02
1.072727873286258528e-07
6.888003418330916909e-05
6.100556735488827916e-05
3.356545452374949499e-07
4.495075396249173516e-03
4.045970975863318163e-06
8.963772961394015617e-05
2.029649950243638172e-05
2.262796848937243281e-04
1.304202227633934129e-04
1.072727873286258528e-07
2.490857072074435850e-06
2.428722966582523134e-04
6.509892418394169904e-07
2.527534014207825572e-04
3.133147915627630319e-08
2.675508247229436239e-06
1.565206717149663835e-05
3.830302433789791713e-05
7.457964201426969456e-06
2.411184049463141673e-07
3.029425618819285976e-06
2.988073144574899956e-05
2.527534014207825572e-04
2.033756358036373492e-06
4.169671083617684323e-08
2.352872999972750810e-04
4.059838310537730793e-08
6.795413484451903491e-05
