4.662569684450080756e-08
8.585714586664831491e-07
1.508718766323685749e-06
4.721982699766219954e-06
2.271427565105196740e-06
8.334680928219614060e-08
1.025434519722012842e-08
9.375491656708785455e-09
6.754625945011312419e-08
1.178710526992874254e-05
1.131098313751162897e-02
1.646772143401257109e-08
5.544028117813190135e-08
4.872588097019740464e-08
5.007954833888301354e-06
7.544284203600558537e-06
7.852131114536991532e-05
6.060221480080436162e-07
1.736217255433870194e-06
2.586221320314273579e-08
5.494540059386653324e-05
4.662569684450080756e-08
1.791324528976385056e-04
2.271427565105196740e-06
8.334680928219614060e-08
1.427993659159120855e-04
9.806863841693866190e-07
1.025434519722012842e-08
9.375491656708785455e-09
5.007954833888301354e-06
1.531128765070229665e-07
2.903352430512642142e-08
1.508718766323685749e-06
8.985956026550959107e-07
1.025434519722012842e-08
6.870251553281146344e-06
9.375491656708785455e-09
6.754625945011312419e-08
1.178710526992874254e-05
4.835578953864418126e-08
4.662569684450080756e-08
7.516665264392373186e-05
1.025434519722012842e-08
6.870251553281146344e-06
4.872588097019740464e-08
9.375491656708785455e-09
1.500026179066050840e-02
5.147505986435929488e-06
8.293975507629271687e-06
6.060221480080436162e-07
2.945510448599662767e-03
2.113666420078856581e-06
2.244051893566185533e-07
2.903352430512642142e-08
2.425952136970004679e-05
1.103863157677584168e-07
1.025434519722012842e-08
4.872588097019740464e-08
6.584698390347015546e-07
2.451734895241269012e-05
1.531128765070229665e-07
1.704317059018485306e-06
8.585714586664831491e-07
4.546691387125058846e-04
2.271427565105196740e-06
1.646772143401257109e-08
4.872588097019740464e-08
2.984095722392774564e-05
5.007954833888301354e-06
1.228849986840041959e-07
2.113666420078856581e-06
4.662569684450080756e-08
1.892347881309110980e-08
8.334680928219614060e-08
8.468517273110964471e-06
1.025434519722012842e-08
4.920355674252531728e-07
5.007954833888301354e-06
9.650661151763974578e-07
5.608366429758197445e-05
5.494540059386653324e-05
1.179215009230702547e-06
6.833552192315730049e-08
6.645254198831551050e-08
4.721982699766219954e-06
4.277994765670054645e-05
2.235215934278915980e-07
9.806863841693866190e-07
1.025434519722012842e-08
8.879674613356696719e-09
5.494540059386653324e-05
2.244051893566185533e-07
3.590927346488098596e-07
8.585714586664831491e-07
1.427993659159120855e-04
1.025434519722012842e-08
2.036864608865222935e-05
7.163300373146967910e-05
6.870251553281146344e-06
4.872588097019740464e-08
1.531128765070229665e-07
2.903352430512642142e-08
2.922373539420037295e-06
1.508718766323685749e-06
3.352486317759829217e-07
1.427993659159120855e-04
1.922705422042119884e-07
2.413541062629618012e-08
6.870251553281146344e-06
8.879674613356696719e-09
1.294870867327000850e-03
1.531128765070229665e-07
1.892347881309110980e-08
8.985956026550959107e-07
9.806863841693866190e-07
1.268278979914451291e-07
1.057026962184154779e-04
6.026519433836572411e-07
1.374090167026196911e-08
3.549452808519881591e-07
1.531128765070229665e-07
6.833552192315730049e-08
8.539486874480230379e-07
8.585714586664831491e-07
7.059354012136674227e-07
8.302787891289320618e-05
9.806863841693866190e-07
1.025434519722012842e-08
4.872588097019740464e-08
5.007954833888301354e-06
5.494540059386653324e-05
4.662569684450080756e-08
1.508718766323685749e-06
8.985956026550959107e-07
9.806863841693866190e-07
4.547356575187153300e-07
1.025434519722012842e-08
4.872588097019740464e-08
1.888611534771780136e-03
7.176989901007697751e-05
5.494540059386653324e-05
2.113666420078856581e-06
2.903352430512642142e-08
7.059354012136674227e-07
9.943999203955567745e-08
8.468517273110964471e-06
2.235215934278915980e-07
5.007954833888301354e-06
1.331951242261311429e-05
1.136898098836292098e-06
6.833552192315730049e-08
3.779038966363025455e-06
7.059354012136674227e-07
1.103863157677584168e-07
3.610401042763716067e-02
6.870251553281146344e-06
4.872588097019740464e-08
6.754625945011312419e-08
6.193943860894539181e-05
4.168890146578811656e-07
2.113666420078856581e-06
2.244051893566185533e-07
2.903352430512642142e-08
6.645254198831551050e-08
1.427993659159120855e-04
1.646772143401257109e-08
3.610212300368938150e-05
4.872588097019740464e-08
1.374090167026196911e-08
5.007954833888301354e-06
1.531128765070229665e-07
2.903352430512642142e-08
8.585714586664831491e-07
6.687520460737928353e-05
8.334680928219614060e-08
1.427993659159120855e-04
9.806863841693866190e-07
1.025434519722012842e-08
2.128740249682537034e-05
6.870251553281146344e-06
3.239146268381212475e-04
2.903352430512642142e-08
8.985956026550959107e-07
2.271427565105196740e-06
8.468517273110964471e-06
7.163300373146967910e-05
4.872588097019740464e-08
3.951543004282163639e-07
1.110143905017536891e-03
1.181729157428748557e-08
1.531128765070229665e-07
2.903352430512642142e-08
3.659311546616517390e-08
7.059354012136674227e-07
1.508718766323685749e-06
1.892347881309110980e-08
2.271427565105196740e-06
9.806863841693866190e-07
1.025434519722012842e-08
4.666133439773630192e-08
5.494540059386653324e-05
4.662569684450080756e-08
8.585714586664831491e-07
1.853979784130261493e-04
7.516665264392373186e-05
1.892347881309110980e-08
5.110154850106287853e-05
8.468517273110964471e-06
1.025434519722012842e-08
7.163300373146967910e-05
6.833552192315730049e-08
2.383725483249346088e-03
9.175604241500470587e-06
8.468517273110964471e-06
1.025434519722012842e-08
1.374090167026196911e-08
5.007954833888301354e-06
6.584698390347015546e-07
1.213087077204600604e-04
2.303111880681505741e-07
6.833552192315730049e-08
6.645254198831551050e-08
2.235215934278915980e-07
1.025434519722012842e-08
6.870251553281146344e-06
8.879674613356696719e-09
9.650661151763974578e-07
5.147505986435929488e-06
9.725824430571703176e-04
7.079593023924523910e-07
4.662569684450080756e-08
3.659311546616517390e-08
1.508718766323685749e-06
1.892347881309110980e-08
7.475051238111017800e-03
4.277994765670054645e-05
8.468517273110964471e-06
1.427993659159120855e-04
1.025434519722012842e-08
1.055031245224355504e-08
1.531128765070229665e-07
4.662569684450080756e-08
6.645254198831551050e-08
3.659311546616517390e-08
4.721982699766219954e-06
8.334680928219614060e-08
2.235215934278915980e-07
3.713369092463497911e-07
1.055031245224355504e-08
8.879674613356696719e-09
2.903352430512642142e-08
1.508718766323685749e-06
3.072495776540081760e-04
1.951634858008078604e-05
8.468517273110964471e-06
7.503888661375458530e-04
1.260231475730258101e-05
1.025434519722012842e-08
6.870251553281146344e-06
4.872588097019740464e-08
2.113666420078856581e-06
2.903352430512642142e-08
1.508718766323685749e-06
8.334680928219614060e-08
8.468517273110964471e-06
1.177739720625581472e-02
1.922705422042119884e-07
1.646772143401257109e-08
4.872588097019740464e-08
1.374090167026196911e-08
2.903352430512642142e-08
6.296736203065996787e-04
3.352486317759829217e-07
1.427993659159120855e-04
9.806863841693866190e-07
4.872588097019740464e-08
1.374090167026196911e-08
8.293975507629271687e-06
2.680604893474560280e-05
2.601769486951900998e-06
6.833552192315730049e-08
5.901625750257202688e-04
6.353131862226852559e-04
2.271427565105196740e-06
4.872588097019740464e-08
2.121128679287907794e-05
5.453081501465467536e-06
3.231169561964961968e-05
1.178710526992874254e-05
6.584698390347015546e-07
2.244051893566185533e-07
1.704317059018485306e-06
6.645254198831551050e-08
7.059354012136674227e-07
4.277994765670054645e-05
1.025434519722012842e-08
3.610212300368938150e-05
4.872588097019740464e-08
1.374090167026196911e-08
8.879674613356696719e-09
2.113666420078856581e-06
3.659311546616517390e-08
1.508718766323685749e-06
2.271427565105196740e-06
2.235215934278915980e-07
9.806863841693866190e-07
1.055031245224355504e-08
1.374090167026196911e-08
4.141215248722417872e-07
1.178710526992874254e-05
3.452600443308094899e-06
2.903352430512642142e-08
7.059354012136674227e-07
1.427993659159120855e-04
1.025434519722012842e-08
5.544028117813190135e-08
4.872588097019740464e-08
6.845925204336628170e-07
4.695716352661876434e-06
1.178710526992874254e-05
1.508718766323685749e-06
2.271427565105196740e-06
3.352486317759829217e-07
2.413541062629618012e-08
4.613011042743746868e-07
9.375491656708785455e-09
9.650661151763974578e-07
3.951543004282163639e-07
5.147505986435929488e-06
3.572275747394642802e-07
8.585714586664831491e-07
7.059354012136674227e-07
1.006634849421904516e-03
1.025434519722012842e-08
9.375491656708785455e-09
1.178710526992874254e-05
3.951543004282163639e-07
7.544284203600558537e-06
8.293975507629271687e-06
3.730244861899295178e-06
2.903352430512642142e-08
9.943999203955567745e-08
2.271427565105196740e-06
2.413541062629618012e-08
4.872588097019740464e-08
4.939321406065286853e-04
5.608366429758197445e-05
7.852131114536991532e-05
1.136898098836292098e-06
6.060221480080436162e-07
2.113666420078856581e-06
2.903352430512642142e-08
3.659311546616517390e-08
8.585714586664831491e-07
9.892589428144905623e-05
3.140512917941530056e-06
4.872588097019740464e-08
9.375491656708785455e-09
6.754625945011312419e-08
3.951543004282163639e-07
2.903352430512642142e-08
1.922912349573300965e-07
2.265257293212915874e-03
7.928906074535888759e-07
2.235215934278915980e-07
1.025434519722012842e-08
6.870251553281146344e-06
7.544284203600558537e-06
4.835578953864418126e-08
8.293975507629271687e-06
2.903352430512642142e-08
7.059354012136674227e-07
3.762808943822816505e-05
9.943999203955567745e-08
2.241091550139206299e-05
2.235215934278915980e-07
1.015169082093680258e-02
9.806863841693866190e-07
1.025434519722012842e-08
6.754625945011312419e-08
2.903352430512642142e-08
2.271427565105196740e-06
8.468517273110964471e-06
1.922705422042119884e-07
7.163300373146967910e-05
1.178710526992874254e-05
8.580872347389401625e-07
4.835578953864418126e-08
1.857093637100086644e-04
1.136898098836292098e-06
4.662569684450080756e-08
1.380544413832465313e-05
1.508718766323685749e-06
1.892347881309110980e-08
3.009495231204083535e-02
3.359985544069662988e-02
5.153357223498434859e-06
1.922705422042119884e-07
1.025434519722012842e-08
1.685482673345560511e-02
5.494540059386653324e-05
2.244051893566185533e-07
2.903352430512642142e-08
7.059354012136674227e-07
1.892347881309110980e-08
2.271427565105196740e-06
3.352486317759829217e-07
1.025434519722012842e-08
1.374090167026196911e-08
8.879674613356696719e-09
1.531128765070229665e-07
2.903352430512642142e-08
3.659311546616517390e-08
8.334680928219614060e-08
3.543949016382273590e-04
9.806863841693866190e-07
1.646772143401257109e-08
1.055031245224355504e-08
6.026519433836572411e-07
9.375491656708785455e-09
5.494540059386653324e-05
4.662569684450080756e-08
9.126479051754090689e-07
2.525305172158308158e-04
1.508718766323685749e-06
2.271427565105196740e-06
8.468517273110964471e-06
1.025434519722012842e-08
1.055031245224355504e-08
1.110339898751481775e-03
5.494540059386653324e-05
2.113666420078856581e-06
1.531128765070229665e-07
4.662569684450080756e-08
2.425952136970004679e-05
2.271427565105196740e-06
2.235215934278915980e-07
2.413541062629618012e-08
4.872588097019740464e-08
9.375491656708785455e-09
2.903352430512642142e-08
8.610146003813257571e-06
8.585714586664831491e-07
1.427993659159120855e-04
1.646772143401257109e-08
1.055031245224355504e-08
1.956941167013466661e-03
8.293975507629271687e-06
1.136898098836292098e-06
1.736217255433870194e-06
2.244051893566185533e-07
4.662569684450080756e-08
1.025434519722012842e-08
4.872588097019740464e-08
3.629341106796249211e-05
3.951543004282163639e-07
7.544284203600558537e-06
4.835578953864418126e-08
8.293975507629271687e-06
2.680604893474560280e-05
1.531128765070229665e-07
2.903352430512642142e-08
3.659311546616517390e-08
8.150249178145139734e-05
8.468517273110964471e-06
4.872588097019740464e-08
1.684632516311564274e-06
1.664598683314843282e-03
9.650661151763974578e-07
5.608366429758197445e-05
6.833552192315730049e-08
9.943999203955567745e-08
4.721982699766219954e-06
2.235215934278915980e-07
1.427993659159120855e-04
9.806863841693866190e-07
1.025434519722012842e-08
4.872588097019740464e-08
1.374090167026196911e-08
6.754625945011312419e-08
5.494540059386653324e-05
2.113666420078856581e-06
1.531128765070229665e-07
1.283741246317975151e-05
1.192636456605757067e-03
1.938779724117524323e-05
8.468517273110964471e-06
6.026519433836572411e-07
6.584698390347015546e-07
8.293975507629271687e-06
2.113666420078856581e-06
2.244051893566185533e-07
2.499508161013357940e-06
9.806863841693866190e-07
1.646772143401257109e-08
7.163300373146967910e-05
6.870251553281146344e-06
4.311369108639744019e-04
1.432323442155064293e-08
8.293975507629271687e-06
1.034838793669772645e-03
4.662569684450080756e-08
6.645254198831551050e-08
7.059354012136674227e-07
2.271427565105196740e-06
1.025434519722012842e-08
4.872588097019740464e-08
6.584698390347015546e-07
4.983559607812701030e-04
5.147505986435929488e-06
2.113666420078856581e-06
8.468517273110964471e-06
2.235215934278915980e-07
1.025434519722012842e-08
6.870251553281146344e-06
4.872588097019740464e-08
8.879674613356696719e-09
1.822965550207028551e-03
7.544284203600558537e-06
1.432323442155064293e-08
8.585714586664831491e-07
3.762808943822816505e-05
8.985956026550959107e-07
2.271427565105196740e-06
8.468517273110964471e-06
7.503888661375458530e-04
2.413541062629618012e-08
6.870251553281146344e-06
1.178710526992874254e-05
4.939321406065286853e-04
2.244051893566185533e-07
3.590927346488098596e-07
6.645254198831551050e-08
8.585714586664831491e-07
9.943999203955567745e-08
2.271427565105196740e-06
8.468517273110964471e-06
2.235215934278915980e-07
1.025434519722012842e-08
4.872588097019740464e-08
2.244051893566185533e-07
6.833552192315730049e-08
6.321729270469950874e-07
8.585714586664831491e-07
1.253210344864384984e-01
3.762808943822816505e-05
2.235215934278915980e-07
1.646772143401257109e-08
7.163300373146967910e-05
4.872588097019740464e-08
9.650479673510993411e-06
2.802054065074235612e-06
8.585714586664831491e-07
1.055031245224355504e-08
9.375491656708785455e-09
5.007954833888301354e-06
6.584698390347015546e-07
7.544284203600558537e-06
2.303111880681505741e-07
1.736217255433870194e-06
1.531128765070229665e-07
4.662569684450080756e-08
8.985956026550959107e-07
1.103863157677584168e-07
2.271427565105196740e-06
7.928906074535888759e-07
6.258646501043934782e-05
4.872588097019740464e-08
5.007954833888301354e-06
3.951543004282163639e-07
5.494540059386653324e-05
1.051380558450287368e-06
3.659311546616517390e-08
7.928086774815307374e-06
6.687520460737928353e-05
1.646772143401257109e-08
1.686642217282607187e-02
8.879674613356696719e-09
7.761509891897254930e-05
2.255171898568250204e-06
1.531128765070229665e-07
2.903352430512642142e-08
3.659311546616517390e-08
2.663526692675322093e-05
7.059354012136674227e-07
4.721982699766219954e-06
2.271427565105196740e-06
1.427993659159120855e-04
1.025434519722012842e-08
9.375491656708785455e-09
5.494540059386653324e-05
6.833552192315730049e-08
3.659311546616517390e-08
2.425952136970004679e-05
1.892347881309110980e-08
8.985956026550959107e-07
4.424501243726143840e-01
2.271427565105196740e-06
1.025434519722012842e-08
4.613011042743746868e-07
1.531128765070229665e-07
2.903352430512642142e-08
1.892347881309110980e-08
9.806863841693866190e-07
2.413541062629618012e-08
3.951543004282163639e-07
5.147505986435929488e-06
8.293975507629271687e-06
2.215203106665659250e-05
6.983644177018770240e-06
2.945510448599662767e-03
2.244051893566185533e-07
2.903352430512642142e-08
9.943999203955567745e-08
6.870251553281146344e-06
4.613011042743746868e-07
3.549452808519881591e-07
2.939754321440592828e-04
4.382239979878552546e-08
5.147505986435929488e-06
3.755632427858473978e-03
2.903352430512642142e-08
1.892347881309110980e-08
8.985956026550959107e-07
8.334680928219614060e-08
1.646772143401257109e-08
7.163300373146967910e-05
9.650661151763974578e-07
5.608366429758197445e-05
1.213087077204600604e-04
8.291304523789122961e-04
1.531128765070229665e-07
2.903352430512642142e-08
6.645254198831551050e-08
3.659311546616517390e-08
2.271427565105196740e-06
2.479496769615181133e-04
2.413541062629618012e-08
1.940099686819311147e-04
6.026519433836572411e-07
5.494540059386653324e-05
2.113666420078856581e-06
2.244051893566185533e-07
2.903352430512642142e-08
2.271427565105196740e-06
2.235215934278915980e-07
1.427993659159120855e-04
1.180222402755005247e-05
1.055031245224355504e-08
6.870251553281146344e-06
2.113666420078856581e-06
1.531128765070229665e-07
2.903352430512642142e-08
2.271427565105196740e-06
2.235215934278915980e-07
3.101522019874913368e-07
6.754625945011312419e-08
5.007954833888301354e-06
7.544284203600558537e-06
7.852131114536991532e-05
5.494540059386653324e-05
2.903352430512642142e-08
4.028510358249385281e-06
1.380544413832465313e-05
1.892347881309110980e-08
2.271427565105196740e-06
8.334680928219614060e-08
1.427993659159120855e-04
9.806863841693866190e-07
1.025434519722012842e-08
2.244051893566185533e-07
4.662569684450080756e-08
3.659311546616517390e-08
1.427993659159120855e-04
9.806863841693866190e-07
1.025434519722012842e-08
2.036864608865222935e-05
4.382239979878552546e-08
1.331951242261311429e-05
6.060221480080436162e-07
2.008428610513586770e-03
1.531128765070229665e-07
2.859740352117627217e-06
2.234431184980218039e-03
8.334680928219614060e-08
1.025434519722012842e-08
7.163300373146967910e-05
6.870251553281146344e-06
4.872588097019740464e-08
9.375491656708785455e-09
2.903352430512642142e-08
6.645254198831551050e-08
1.922912349573300965e-07
1.892347881309110980e-08
1.994391494894184424e-04
1.427993659159120855e-04
1.646772143401257109e-08
7.163300373146967910e-05
8.879674613356696719e-09
6.754625945011312419e-08
1.034838793669772645e-03
8.845380823082792858e-05
2.244051893566185533e-07
2.903352430512642142e-08
6.645254198831551050e-08
1.963158437032073078e-04
6.246904122009175342e-05
1.103863157677584168e-07
1.025434519722012842e-08
7.163300373146967910e-05
1.034838793669772645e-03
2.113666420078856581e-06
3.659311546616517390e-08
1.527456549271598296e-01
1.164379118427246688e-04
1.025434519722012842e-08
7.163300373146967910e-05
3.204083356754975427e-04
5.007954833888301354e-06
5.147505986435929488e-06
7.660847529039258291e-04
2.903352430512642142e-08
6.645254198831551050e-08
8.585714586664831491e-07
7.059354012136674227e-07
1.427993659159120855e-04
1.646772143401257109e-08
5.007954833888301354e-06
8.293975507629271687e-06
1.228849986840041959e-07
1.531128765070229665e-07
2.903352430512642142e-08
8.585714586664831491e-07
1.103863157677584168e-07
2.413541062629618012e-08
1.374090167026196911e-08
1.178710526992874254e-05
7.544284203600558537e-06
3.111079241091786393e-04
7.049565069950059094e-07
5.494540059386653324e-05
1.179215009230702547e-06
2.903352430512642142e-08
7.059354012136674227e-07
1.508718766323685749e-06
1.103863157677584168e-07
3.352486317759829217e-07
1.302929160306322395e-04
2.235215934278915980e-07
1.025434519722012842e-08
5.494540059386653324e-05
1.531128765070229665e-07
2.903352430512642142e-08
1.508718766323685749e-06
1.892347881309110980e-08
1.393157315579285100e-04
9.806863841693866190e-07
7.617917783076394930e-07
2.413541062629618012e-08
8.879674613356696719e-09
6.833552192315730049e-08
8.585714586664831491e-07
8.468517273110964471e-06
1.025434519722012842e-08
4.872588097019740464e-08
9.375491656708785455e-09
1.223381891718875831e-05
7.544284203600558537e-06
2.303111880681505741e-07
1.136898098836292098e-06
5.494540059386653324e-05
2.113666420078856581e-06
1.531128765070229665e-07
2.903352430512642142e-08
1.646772143401257109e-08
4.920355674252531728e-07
4.872588097019740464e-08
2.201662307948341251e-06
3.549452808519881591e-07
5.007954833888301354e-06
2.903352430512642142e-08
6.645254198831551050e-08
2.767455919374203115e-04
2.235215934278915980e-07
1.646772143401257109e-08
5.147505986435929488e-06
1.331951242261311429e-05
6.060221480080436162e-07
1.251066431671468866e-02
1.228849986840041959e-07
2.057870418438219242e-03
2.113666420078856581e-06
8.054067433320869231e-06
1.103863157677584168e-07
2.271427565105196740e-06
2.235215934278915980e-07
7.503888661375458530e-04
9.806863841693866190e-07
1.192171103151674052e-06
1.646772143401257109e-08
2.113666420078856581e-06
6.833552192315730049e-08
3.659311546616517390e-08
8.585714586664831491e-07
7.059354012136674227e-07
1.103863157677584168e-07
2.271427565105196740e-06
1.427993659159120855e-04
9.806863841693866190e-07
2.413541062629618012e-08
3.239146268381212475e-04
4.662569684450080756e-08
6.321729270469950874e-07
5.815313450859911810e-03
2.271427565105196740e-06
8.334680928219614060e-08
1.427993659159120855e-04
9.806863841693866190e-07
3.713369092463497911e-07
1.374090167026196911e-08
2.903352430512642142e-08
6.645254198831551050e-08
7.026875561167332396e-06
1.508718766323685749e-06
8.985956026550959107e-07
2.271427565105196740e-06
8.334680928219614060e-08
8.468517273110964471e-06
1.025434519722012842e-08
4.872588097019740464e-08
5.494540059386653324e-05
1.531128765070229665e-07
2.903352430512642142e-08
8.585714586664831491e-07
2.235215934278915980e-07
2.296149783737973758e-03
1.646772143401257109e-08
1.057026962184154779e-04
4.835578953864418126e-08
3.730244861899295178e-06
5.494540059386653324e-05
2.244051893566185533e-07
2.903352430512642142e-08
8.985956026550959107e-07
8.468517273110964471e-06
5.153357223498434859e-06
1.025434519722012842e-08
3.610212300368938150e-05
4.872588097019740464e-08
9.375491656708785455e-09
3.239146268381212475e-04
2.244051893566185533e-07
3.590927346488098596e-07
3.659311546616517390e-08
4.277994765670054645e-05
2.371382549945965940e-03
2.413541062629618012e-08
7.163300373146967910e-05
6.870251553281146344e-06
4.872588097019740464e-08
1.531128765070229665e-07
4.662569684450080756e-08
2.922373539420037295e-06
1.349612037921847987e-04
1.748407895464776730e-06
3.101522019874913368e-07
9.375491656708785455e-09
4.382239979878552546e-08
8.293975507629271687e-06
2.680604893474560280e-05
1.531128765070229665e-07
2.903352430512642142e-08
3.481157563254674669e-07
1.508718766323685749e-06
2.271427565105196740e-06
1.427993659159120855e-04
1.025434519722012842e-08
5.007954833888301354e-06
7.827074037909372093e-04
7.544284203600558537e-06
6.833552192315730049e-08
6.361988491935145655e-06
8.334680928219614060e-08
1.427993659159120855e-04
1.922705422042119884e-07
1.646772143401257109e-08
1.055031245224355504e-08
6.870251553281146344e-06
4.872588097019740464e-08
9.375491656708785455e-09
4.662569684450080756e-08
1.508718766323685749e-06
1.646772143401257109e-08
2.698469965709048438e-05
5.007954833888301354e-06
9.650661151763974578e-07
1.927895726254150893e-04
2.680604893474560280e-05
2.601769486951900998e-06
2.586221320314273579e-08
1.531128765070229665e-07
4.662569684450080756e-08
3.659311546616517390e-08
8.985956026550959107e-07
8.334680928219614060e-08
9.806863841693866190e-07
1.646772143401257109e-08
1.055031245224355504e-08
6.870251553281146344e-06
4.872588097019740464e-08
2.903352430512642142e-08
7.617917783076394930e-07
1.025434519722012842e-08
4.872588097019740464e-08
1.374090167026196911e-08
9.650661151763974578e-07
1.432323442155064293e-08
5.347850070372260232e-05
1.228849986840041959e-07
3.365214336132948070e-06
2.903352430512642142e-08
6.321729270469950874e-07
1.091015079905062302e-06
9.375491656708785455e-09
3.231169561964961968e-05
6.584698390347015546e-07
7.526641009973525636e-08
8.293975507629271687e-06
6.060221480080436162e-07
1.952839872187188842e-03
1.294870867327000850e-03
4.662569684450080756e-08
8.585714586664831491e-07
7.059354012136674227e-07
1.892347881309110980e-08
9.806863841693866190e-07
2.413541062629618012e-08
8.879674613356696719e-09
6.754625945011312419e-08
5.007954833888301354e-06
1.034838793669772645e-03
4.662569684450080756e-08
1.892347881309110980e-08
1.103863157677584168e-07
8.468517273110964471e-06
1.025434519722012842e-08
7.163300373146967910e-05
4.872588097019740464e-08
9.375491656708785455e-09
5.007954833888301354e-06
6.500859955521330768e-07
1.125036278190299417e-05
1.103863157677584168e-07
9.806863841693866190e-07
1.025434519722012842e-08
1.830537636515175122e-03
4.872588097019740464e-08
7.544284203600558537e-06
1.432323442155064293e-08
8.293975507629271687e-06
1.531128765070229665e-07
4.662569684450080756e-08
8.539486874480230379e-07
3.659311546616517390e-08
1.508718766323685749e-06
2.271427565105196740e-06
2.235215934278915980e-07
9.806863841693866190e-07
1.646772143401257109e-08
1.374090167026196911e-08
4.662569684450080756e-08
8.334680928219614060e-08
1.025434519722012842e-08
4.872588097019740464e-08
9.375491656708785455e-09
1.178710526992874254e-05
6.584698390347015546e-07
8.293975507629271687e-06
7.049565069950059094e-07
2.601769486951900998e-06
4.662569684450080756e-08
1.922912349573300965e-07
2.141313603124236488e-05
1.103863157677584168e-07
7.928906074535888759e-07
1.268278979914451291e-07
4.872588097019740464e-08
9.375491656708785455e-09
6.584698390347015546e-07
4.382239979878552546e-08
5.494540059386653324e-05
2.244051893566185533e-07
4.662569684450080756e-08
1.508718766323685749e-06
7.254458052938609367e-05
3.352486317759829217e-07
1.427993659159120855e-04
1.025434519722012842e-08
5.007954833888301354e-06
3.951543004282163639e-07
