1.579418685146819179e+01
1.022717227162018716e+01
1.456001396782468049e+01
1.588843446256344549e+01
1.564497935415473329e+01
1.581289356826684234e+01
1.454356491252343631e+01
1.227786887316654862e+01
1.212209397985141024e+01
1.556729379341724240e+01
1.225481529250112622e+01
1.534884461576782400e+01
1.318390264447696936e+01
1.181456242801463397e+01
1.573748821444138812e+01
1.529194989133142180e+01
1.533527062485136483e+01
1.437170157416283089e+01
1.496477409881858378e+01
1.560067966218662150e+01
1.583268981613919024e+01
1.437692478634444804e+01
1.561410630803066368e+01
1.401264539638482276e+01
1.566663721047455660e+01
1.487956220607549440e+01
1.444972518319802646e+01
1.360754666090286413e+01
1.614025193558290994e+01
1.478214018348507786e+01
1.507244375445309004e+01
1.611794472810640144e+01
1.547283651952562167e+01
1.442580951094783615e+01
1.543843592958211275e+01
1.303604441521262913e+01
9.952080368061050564e+00
1.617698446577243487e+01
1.549923982421592505e+01
1.450900890054210279e+01
1.215803605473702831e+01
1.604014925067989594e+01
1.550244661377946542e+01
1.300024030275210585e+01
1.144683546768469817e+01
9.321095283002829746e+00
1.604761765629193704e+01
1.457078158515614064e+01
1.578739145379680764e+01
1.510117965709546262e+01
1.359358876550793838e+01
1.565964953828015283e+01
1.516561546546369854e+01
1.529194989133142180e+01
1.175044083138955742e+01
1.433141930298201316e+01
1.455174406128708142e+01
1.609994779864464576e+01
1.402920184463096120e+01
1.491611387259672483e+01
1.540490932634386390e+01
1.202109845485570361e+01
1.465548138000857925e+01
1.566640633140093541e+01
1.175577638198997832e+01
1.313480558898806549e+01
1.510172036822765662e+01
1.152803752279782934e+01
1.425879832495509802e+01
1.183834820587815173e+01
1.566279175676307389e+01
1.465137744091295602e+01
1.619553842554377354e+01
1.409283711906636150e+01
1.490033243123050610e+01
1.277000905437003730e+01
1.336335003601588589e+01
1.524532752202240893e+01
1.487943043884144245e+01
1.590579799593380628e+01
1.500587318570383744e+01
1.395482030471202961e+01
1.468422709114049596e+01
1.558548542623971400e+01
1.549944406177744227e+01
1.519031067006203628e+01
1.477490743595412859e+01
1.440342932943158161e+01
1.227325011762153295e+01
1.361805787703080028e+01
1.617537058431274133e+01
1.599755368525489274e+01
1.218663894686348215e+01
1.312185922930871840e+01
1.493480596638120872e+01
1.555159006198901750e+01
1.603256298883485798e+01
1.468631119763841575e+01
1.282422640039121120e+01
1.564475283277160322e+01
1.585220503586187490e+01
1.599936905379004060e+01
1.520671358231740911e+01
1.318500854218845220e+01
1.515684795311168642e+01
1.547283898256270795e+01
1.466303137067984963e+01
1.367968555192846125e+01
1.525829542207649681e+01
1.396170354587934881e+01
1.608489703475822807e+01
1.348894783892814608e+01
1.494708374578048016e+01
1.526403324924595672e+01
1.513523634332629797e+01
1.241042585403180709e+01
1.546996562297437627e+01
1.068063941053286747e+01
1.545662290018836948e+01
1.547686704335113106e+01
1.485962487361772943e+01
1.486051673405096807e+01
1.527111362267766559e+01
1.229868511450434276e+01
1.375397577864806387e+01
1.617951469809254661e+01
1.587979257624438034e+01
1.325367115610967694e+01
1.615062239575922831e+01
1.599576112247087423e+01
1.400714011953007976e+01
1.477393319987872466e+01
1.399195377269571594e+01
1.316861078818737951e+01
1.227132882249663837e+01
1.346235055315405837e+01
1.411772707132130655e+01
1.549962048217335564e+01
1.598817564001825531e+01
1.354772736200948735e+01
1.597347581240109626e+01
1.563486638278596530e+01
1.217792580959478599e+01
1.465311035493502345e+01
1.539506771643282335e+01
1.536587784633531761e+01
1.464518621116364727e+01
1.326670316062871890e+01
1.485342827494415374e+01
1.591987671709599184e+01
1.573746782244543851e+01
1.608955392329404077e+01
1.448219809601176955e+01
1.591075658120716341e+01
1.500603870003479656e+01
1.004798013344989371e+01
1.566659325293728244e+01
1.531603294994866715e+01
1.563809880166235367e+01
1.617214936946218273e+01
1.617353176611621279e+01
1.599382444353825505e+01
1.420808770858169368e+01
1.538203908689581922e+01
1.579497292168241884e+01
1.607169261104433389e+01
1.294924494007203819e+01
1.423372349887751831e+01
1.574564086071162450e+01
1.528953541936998306e+01
1.532109330313395645e+01
1.585213452617061058e+01
1.593033803128656878e+01
1.598381110215797740e+01
1.544269825807813845e+01
1.472784306936415177e+01
1.546443604836100860e+01
1.614130383410616076e+01
1.098883259708211746e+01
1.614871519742671424e+01
1.604274452122914241e+01
1.573706577276741214e+01
1.409722935494331963e+01
1.560134283834122293e+01
1.589496334819865808e+01
1.578721140055633398e+01
1.566628437395354112e+01
1.515747064124758836e+01
1.342306133726002138e+01
1.505490034862673454e+01
1.423816344122795741e+01
1.602433165748953670e+01
1.489512166188981190e+01
1.612832784601696190e+01
1.395475306624222611e+01
1.349293864217500882e+01
1.269117136287284175e+01
1.334446398435050263e+01
1.540509983892594192e+01
1.580777157496011398e+01
1.265022454463093737e+01
1.466340921351666005e+01
1.469301772908765891e+01
1.547005134363107004e+01
1.433107686480757259e+01
1.555642482853252417e+01
1.518406248247467261e+01
1.254245489133190183e+01
1.328863350365095641e+01
1.307472700644371599e+01
1.442214120952658973e+01
1.558531932133498188e+01
1.568350500292989125e+01
1.232244953524904219e+01
1.585253087256803184e+01
1.495102205129762218e+01
1.485911407113543348e+01
1.551519899216976128e+01
1.303659555757757005e+01
1.613217094175307764e+01
1.519099091070199670e+01
1.222423178916225162e+01
1.569599370219849810e+01
1.573190464577285042e+01
1.259384663046897046e+01
1.511860596622067732e+01
1.201632413074586836e+01
1.179608491087650535e+01
1.590071096612755852e+01
1.488324183151877911e+01
1.603706389498405471e+01
1.507824899969864774e+01
1.537980598632821128e+01
1.297830981553463836e+01
1.588153603498617272e+01
1.127633556249578817e+01
1.318798185258438238e+01
1.552921966098479700e+01
1.538857575900484775e+01
1.452214872388862688e+01
9.590291388362297553e+00
1.507736418896232955e+01
1.339359285419651613e+01
1.616801805360928412e+01
1.574708358199556812e+01
1.549753447739533563e+01
1.616333225371544913e+01
1.475209642086067774e+01
1.583324365698550906e+01
1.597360404599975325e+01
1.541801927517482085e+01
1.599625653110110690e+01
1.562638559231317004e+01
1.559220743287953326e+01
1.423931464871782282e+01
1.281096235781161852e+01
1.614016414929047016e+01
1.534375077212017224e+01
1.553578244577970047e+01
1.582478083280084036e+01
1.613202633048439338e+01
1.538243234967254836e+01
1.502242762446593005e+01
1.460993160220227161e+01
1.508782514134385622e+01
1.537368201790814837e+01
1.559890198414626106e+01
1.361318894636641730e+01
1.619835568388673153e+01
9.752144914763539063e+00
1.608604307165955660e+01
1.513384943275130823e+01
1.613498717912293756e+01
1.493035210076286035e+01
1.554659584599704480e+01
1.344696221122051760e+01
1.557569429752429713e+01
1.318500854218845220e+01
1.453354039362947070e+01
1.440190959391240355e+01
1.604311352274451252e+01
1.520991541030893401e+01
1.547926139027877568e+01
1.271415049073876347e+01
1.614360198666356894e+01
1.226906778810033671e+01
1.472916005025545516e+01
9.681815412008253574e+00
1.603467143019823027e+01
1.569176442937742522e+01
1.336936774901800895e+01
1.597643292141338023e+01
1.527942979720494776e+01
1.469301772908765891e+01
1.592886268988616649e+01
1.574708358199556812e+01
1.557791491672056949e+01
1.348326382290146341e+01
1.478214018348507786e+01
1.559233804897109543e+01
1.586376173912936594e+01
1.581840658542216183e+01
1.534941167226668313e+01
1.597351257050869044e+01
1.483740933627982272e+01
1.556940668305409403e+01
1.585213452617061058e+01
1.482159276269244863e+01
1.544065882581854865e+01
1.560525766771411682e+01
1.575672000300603770e+01
1.323957439494187760e+01
1.544096992913341282e+01
1.578190379302451163e+01
1.290446936228081753e+01
1.013003859369581505e+01
1.223653831868911546e+01
1.236907526302993610e+01
1.350268994326624217e+01
1.067878530228087364e+01
1.552502160558693944e+01
1.577198677899940193e+01
1.514671307944366774e+01
1.610678108379180884e+01
1.485543643387037704e+01
1.595179490986077830e+01
1.513495294315632478e+01
1.608552901891124876e+01
1.413527770764713054e+01
1.430114696632830196e+01
1.301371052216225443e+01
1.359048685708027548e+01
1.535766901748790225e+01
1.594793324018068148e+01
1.604797120755469564e+01
1.591858701452303748e+01
1.566646062809759421e+01
1.586379683949066610e+01
1.448215448757203028e+01
1.454056387461043798e+01
1.599755368525489274e+01
1.462175244223987391e+01
1.522647832587675865e+01
1.564911071980310453e+01
1.546591808667774082e+01
1.353355237739945771e+01
1.615327155527534231e+01
1.532871008351897757e+01
1.497509924375244417e+01
1.151855903805877901e+01
1.580622313779374011e+01
1.508164408975912352e+01
1.360754666090286413e+01
1.307472700644371599e+01
1.541417608771883430e+01
1.245704257045269436e+01
1.378546716149828377e+01
1.615845981009140431e+01
1.535687746555104738e+01
1.414926698314481612e+01
1.563507307145838965e+01
1.439284310246168808e+01
1.598229634893520590e+01
1.504903094656664564e+01
1.466820919883237018e+01
1.520009408443366183e+01
1.468016821921516168e+01
1.599751983305379355e+01
1.555642482853252417e+01
1.453616789059404368e+01
1.450676480074763042e+01
1.332854719722529957e+01
1.570478443560038073e+01
1.399604312535531747e+01
1.512869764302037190e+01
1.442864494759124128e+01
1.549350149529910503e+01
1.604784929127869475e+01
1.288557566691991596e+01
1.562463277155159425e+01
1.487229162139050587e+01
1.033437001968423985e+01
1.597590277248369972e+01
1.512456775555040522e+01
1.504903094656664564e+01
1.391519969790306455e+01
1.606049798526856165e+01
1.108322291678341109e+01
1.487376449268758805e+01
1.560258369545544355e+01
1.317825214424543567e+01
1.345136026955597330e+01
1.372677540122720785e+01
1.568838601426790547e+01
1.478242214568918556e+01
1.492323344702545640e+01
1.522280888533336096e+01
1.594348461496634428e+01
1.453879707843566393e+01
1.566336643954305075e+01
1.594008138546393560e+01
1.432370242397358950e+01
1.537014218399119514e+01
1.567211134903906000e+01
1.460711342811944569e+01
1.603467143019823027e+01
1.174936775068178996e+01
1.549327195787200395e+01
1.571458632581532555e+01
1.504129156574876802e+01
1.010112117617381955e+01
1.494079362811472400e+01
1.506794017537023578e+01
1.522647832587675865e+01
1.569177979221460006e+01
1.489761829849313379e+01
1.170550858245132808e+01
1.132931866474542382e+01
1.546969710945328735e+01
1.486962829888718929e+01
1.526120237528065005e+01
1.341932482432681439e+01
1.461940494255513023e+01
1.380333110251543971e+01
1.608906940394883733e+01
1.515298806547088617e+01
1.266658059333614972e+01
1.571154321642937646e+01
1.615503937531686063e+01
1.560464262604202013e+01
1.577427129723897181e+01
1.574923824480239887e+01
1.603902842089855341e+01
1.589709259920917717e+01
1.565595362794058332e+01
1.505757976302050416e+01
9.643439367935442874e+00
1.614130383410616076e+01
1.452654886858954342e+01
1.608219179084580119e+01
1.449332490754244240e+01
1.470285529183640882e+01
1.313457217717997239e+01
1.506171149213720817e+01
1.571762133895963132e+01
1.600616959602653111e+01
1.452214872388862688e+01
1.499733321480135473e+01
1.578602879504744649e+01
1.451369363369064125e+01
1.599984400580384758e+01
1.619138367763071784e+01
9.424381198858558406e+00
1.515293321723241071e+01
1.607267990008894998e+01
1.407818540562925236e+01
9.506584874707678878e+00
1.190723415602474766e+01
1.484841588680667712e+01
1.615077320784365256e+01
1.491604752194131578e+01
1.610711749667680692e+01
1.498150361200869440e+01
1.537014218399119514e+01
1.587218311276524219e+01
1.454169573223701661e+01
1.103108032243808090e+01
1.554254131721129717e+01
1.599212237533583192e+01
1.416189153291315250e+01
1.535513677832145163e+01
1.594999445633892066e+01
1.171696726056966575e+01
1.578190379302451163e+01
1.417318043596241139e+01
1.496419500228905619e+01
1.550096222171152860e+01
1.281475539920363005e+01
1.507007787981046221e+01
1.334540697457596004e+01
1.514916450986716612e+01
1.331848812921345981e+01
1.524217429285655712e+01
1.534375077212017224e+01
1.506828465368907999e+01
1.008076099226002498e+01
1.494312688172175463e+01
1.468520531957305053e+01
1.527099654237641957e+01
9.510009032282177088e+00
1.487389754780950746e+01
1.420147625455648921e+01
1.548416626573117405e+01
1.618628893366817323e+01
1.466345366859601995e+01
1.441307009569804443e+01
1.577313947047935550e+01
1.501360426292410111e+01
1.439590986461414701e+01
9.007279980031270838e+00
1.562374769278151021e+01
1.513152919662258533e+01
1.559220743287953326e+01
1.540398642183146194e+01
1.408445180868512381e+01
1.609202301672040036e+01
1.378409932428504092e+01
1.392064477306128545e+01
1.516394965802017225e+01
1.555486201630595033e+01
1.598875984169533915e+01
1.215803605473702831e+01
1.487110117574536261e+01
1.470725199857299970e+01
1.349911067591338032e+01
1.452214872388862688e+01
1.402776874264019824e+01
1.566212530941668035e+01
1.307846412708849471e+01
1.595817765645808528e+01
1.444007958437174466e+01
1.509378899687764530e+01
1.610915831267676523e+01
1.538843768405160972e+01
1.459425076392804321e+01
1.603056534823623380e+01
1.437227978613927881e+01
1.491865698682131125e+01
1.530262924036379246e+01
1.501794624254640098e+01
1.502899821491884325e+01
1.534884461576782400e+01
1.149557325030384725e+01
1.566663721047455660e+01
1.377141274061628984e+01
1.566631199843146049e+01
1.538203908689581922e+01
1.383250461475429560e+01
1.474969769156168020e+01
1.499501258155788719e+01
1.543873604754511319e+01
1.514710199738227558e+01
1.609183268542440715e+01
1.564171200246700622e+01
1.482159276269244863e+01
1.609862341271125175e+01
1.565737699463915433e+01
1.618863770858687445e+01
1.168339552324744801e+01
1.612618791090787340e+01
1.218802700419460550e+01
1.570230908443335949e+01
1.496731409426871195e+01
1.612758479636263687e+01
1.497807134534589402e+01
1.463049831458852346e+01
1.531493261568188302e+01
1.618732248982421495e+01
1.565646542638539351e+01
1.554168806256565105e+01
1.463776531883287468e+01
1.548716373023733794e+01
1.452719040452022270e+01
1.489432393894713158e+01
1.543720746444218861e+01
1.552921966098479700e+01
1.262777027541035224e+01
1.560354915830539468e+01
1.341500946998293742e+01
1.542735083283706388e+01
1.599984400580384758e+01
1.614172520498810570e+01
1.516538133412929845e+01
1.380975661342849392e+01
1.345570892649846684e+01
1.223653831868911546e+01
1.505035717363864833e+01
1.566646061415027802e+01
1.545787362062693759e+01
1.229197705753622927e+01
1.519977808161144139e+01
1.551377865808059298e+01
1.515349530726102500e+01
1.588964088480868853e+01
1.566644871915010384e+01
1.602292017185327211e+01
1.561259528782393957e+01
1.570756023818547753e+01
9.457133473520336508e+00
1.320040117755040399e+01
1.252718328241802936e+01
1.592917677224266093e+01
1.520283277992706950e+01
1.316331273863577778e+01
1.369760664801101946e+01
1.612288851757634944e+01
1.604617041867506799e+01
1.430866846938511472e+01
1.579143267158585395e+01
1.421192172715487700e+01
1.336936774901800895e+01
1.601922423885242708e+01
1.597101372660835494e+01
1.547980376916498990e+01
1.522647832587675865e+01
1.224302278392842247e+01
1.496412171928493962e+01
1.320920026084225007e+01
1.281852842806755000e+01
1.582794384512236618e+01
1.432626502216514197e+01
1.390170162961381806e+01
1.337791505642779910e+01
1.465179801298981310e+01
1.530492280905964009e+01
1.585213452617061058e+01
1.615726723205039406e+01
1.547893600511897283e+01
1.433182116990487387e+01
1.306245832326847633e+01
1.479317695816965106e+01
1.619064461296635571e+01
1.492366430581127190e+01
1.462931322225242248e+01
1.584936128405538014e+01
1.552227659436373841e+01
1.558630910654969526e+01
1.549442133178120784e+01
1.599655548188285081e+01
1.552977965304180152e+01
1.495189527614956226e+01
1.566376843836299848e+01
1.599561153916197398e+01
1.354828699775468870e+01
1.614704263469710455e+01
1.445839978513343560e+01
1.464152689619278114e+01
1.606279498262555450e+01
1.369736030339344168e+01
1.581424564662411569e+01
1.599891328467061413e+01
1.565964953828015283e+01
1.611794472810640144e+01
1.540660178804278146e+01
1.457939534249045543e+01
1.367968555192846125e+01
1.153340861472453405e+01
1.569995780604025271e+01
1.598479778844839316e+01
1.580777157496011398e+01
1.489368447094074099e+01
1.545176477390050707e+01
1.427611917205677550e+01
1.526579130144978258e+01
1.549271917786222197e+01
1.594662994657753075e+01
1.351622060446398343e+01
1.511934510900018225e+01
1.562607825374773540e+01
1.187838724461801299e+01
1.588250050498012200e+01
1.557599915510888877e+01
1.420069364923598876e+01
1.430114696632830196e+01
1.545083785326106884e+01
9.780684331575637103e+00
1.502285445228812044e+01
1.115814033628250712e+01
1.597736044534481969e+01
1.609546820859102212e+01
1.463786380330503434e+01
1.387294053177132369e+01
1.599137274343574688e+01
1.302925369170526793e+01
1.590098469609584519e+01
1.553199291782560820e+01
1.423405990686912581e+01
1.590812893621261992e+01
1.383185271110970938e+01
1.354733441569134378e+01
1.565617329923538392e+01
1.600523380774143334e+01
1.566395940591874592e+01
1.557769010558202538e+01
1.336149434768721278e+01
1.421941091413539127e+01
1.403040465875569964e+01
1.538203908689581922e+01
1.618026503373356206e+01
1.537902783192367551e+01
1.614304652433296638e+01
1.500108085356212051e+01
1.348161249567842646e+01
1.599297329770532627e+01
9.534378796819956037e+00
1.442291333351753124e+01
1.417176857472232854e+01
1.582327512012233051e+01
1.578456245139642178e+01
1.366983127957163191e+01
1.489368447094074099e+01
1.616515207924668829e+01
1.616943462202161186e+01
1.315285812794428288e+01
1.604761765629193704e+01
1.541417608771883430e+01
1.502918832549281092e+01
1.234260978570490330e+01
1.548016417424361002e+01
1.610160263948704795e+01
1.545176477390050707e+01
1.367523155869293916e+01
1.604016170462736923e+01
1.542499995109084310e+01
1.482359951883517368e+01
1.193642641656364844e+01
1.560224197222528630e+01
1.324613911298301083e+01
1.359199347786520917e+01
1.529760558280840854e+01
1.348886601597713053e+01
1.385488219343315563e+01
1.555488826632396737e+01
1.182123325727923202e+01
1.557148811919037179e+01
1.350047113948902044e+01
1.612865881257218348e+01
1.587867308798412047e+01
1.529875065000775791e+01
1.404251420227276981e+01
1.356501652163677818e+01
1.332251541656044935e+01
1.525699224155412104e+01
1.585787510209973306e+01
1.329530739454419574e+01
1.580935902467663112e+01
1.619304420264066380e+01
1.587089206813227094e+01
1.445372685062302587e+01
1.619762789700131833e+01
1.511737578098388113e+01
1.305132323904765457e+01
1.518183630586636212e+01
1.599180811477408071e+01
1.224123295001564493e+01
1.233652587334680106e+01
1.601721464448544197e+01
1.436133521469469443e+01
1.472415884817168674e+01
1.380318307544417422e+01
1.504485824109114311e+01
1.606404173336451180e+01
1.343240593292157570e+01
1.405020773471078499e+01
1.593164788348943262e+01
1.429680995513039932e+01
1.450049290138771241e+01
1.410556757317695364e+01
1.483297503637991355e+01
1.338766806819787369e+01
1.301371052216225443e+01
1.423712766270831231e+01
1.597101372660835494e+01
1.607149084423445018e+01
1.485951189948771223e+01
1.587203382288635112e+01
1.571656069160926172e+01
1.576737522371461786e+01
1.528311474386597801e+01
1.558218073817079485e+01
1.599984400580384758e+01
1.427611917205677550e+01
1.065145505737785747e+01
1.487956220607549440e+01
1.398550614737924036e+01
1.488870057607054598e+01
9.886984609661450207e+00
1.551519899216976128e+01
1.421635777273040979e+01
1.539835775344874946e+01
1.599128287047496499e+01
1.593458914148477490e+01
1.509640232462589893e+01
1.447042264483394369e+01
1.562901577754541904e+01
1.605834487509160624e+01
1.223979361887866624e+01
1.604423855346341909e+01
1.560064554508216617e+01
1.360437198102420453e+01
1.456572188700594594e+01
1.597027623073615388e+01
1.230634908395453486e+01
1.495985340643350980e+01
1.588211710234858742e+01
1.602355288381409082e+01
1.385066510760041503e+01
1.582794384512236618e+01
1.608723524252172510e+01
1.544884901872277894e+01
1.156012308698961100e+01
1.411489120808764675e+01
1.530160142432226422e+01
1.580535396562357420e+01
1.587248705490369360e+01
1.563647094394291948e+01
1.543041817767705126e+01
1.512870942209294078e+01
1.502195230408895554e+01
1.405724336798774843e+01
1.599498785141362411e+01
1.503655487554154035e+01
9.857035059204708460e+00
1.478269252430883185e+01
1.474761151274097237e+01
1.523796354828668598e+01
1.573706577276741214e+01
1.504151167684657153e+01
1.506828465368907999e+01
1.564904719741956285e+01
1.618856585164022732e+01
1.471028578367880080e+01
1.424551923217068428e+01
1.575837542579441219e+01
1.506821758253263965e+01
1.607729522107452524e+01
1.582765344955839737e+01
1.538864971015941308e+01
1.216563219216264002e+01
1.532861418327366465e+01
1.262674883646162272e+01
1.220065886072061012e+01
1.429752579898451081e+01
1.398990196420831822e+01
1.518183630586636212e+01
1.405608082626138966e+01
1.536729229204105884e+01
1.362639139572987546e+01
1.618323863774402227e+01
1.554087119319570931e+01
1.564580808708773851e+01
1.501668303006565708e+01
1.213888316016983282e+01
1.334301888876571063e+01
1.445190882351962181e+01
1.298866982988255359e+01
1.510604573484626734e+01
1.607087594099267491e+01
1.399684986372287554e+01
1.460883056388214030e+01
1.560433261610684141e+01
1.564436788532773193e+01
1.599751983305379355e+01
1.464235230246204900e+01
1.566637353266873767e+01
1.116605449538554495e+01
1.544065882581854865e+01
1.313561657110106218e+01
1.533870297332765986e+01
1.511934510900018225e+01
1.594904682624607162e+01
1.566532517840548877e+01
1.232347082597484267e+01
1.272841502250415857e+01
1.525897410749034755e+01
1.557904878709004315e+01
1.531660593344078336e+01
1.256901642513571637e+01
1.247839038282596924e+01
1.464052214006037111e+01
1.031755168529879363e+01
1.323957439494187760e+01
1.506805924388025453e+01
1.618614195581861992e+01
1.571223225105812915e+01
1.514183243095197540e+01
1.597818852573014858e+01
1.246518076152301902e+01
1.402240987420735685e+01
1.570237991907430342e+01
1.426150593525462895e+01
1.313480558898806549e+01
1.274464722260431060e+01
1.605882352144933023e+01
1.454602605917889946e+01
1.372365582030618469e+01
1.599473253337071377e+01
1.486878587433780297e+01
1.522021598230274542e+01
1.323354567792783598e+01
1.264091775802298301e+01
1.523504994116457745e+01
1.598229634893520590e+01
1.514103884438900316e+01
1.544096992913341282e+01
1.474309712967079378e+01
1.433141930298201316e+01
1.564497935415473329e+01
1.396043337612695012e+01
1.517772754149845937e+01
1.599984400580384758e+01
1.568236195848784043e+01
1.406632025155913368e+01
1.481205797355898568e+01
1.430678581209412670e+01
1.556680059841566433e+01
1.610088726871152076e+01
1.514448175996344759e+01
1.519108375551626011e+01
1.411243685308341078e+01
1.527527557943630043e+01
1.590709297285658153e+01
1.602799616043395403e+01
1.425835504442354384e+01
1.493035210076286035e+01
1.514984092032284480e+01
1.219167465174266596e+01
1.378456935795224325e+01
1.270251534187319820e+01
1.245393028369782051e+01
1.423406554112152733e+01
1.566654717174882627e+01
1.577140481691995610e+01
1.327583472428419498e+01
1.465708295470946609e+01
1.496404676104940812e+01
1.513139507354001800e+01
1.378273692641355908e+01
1.546951492940749873e+01
1.380762169285852003e+01
1.594057763641843550e+01
1.150842902935793788e+01
1.381638399483392732e+01
1.446309435200818427e+01
1.599395388875251456e+01
1.572392366387993690e+01
1.388407625969268189e+01
1.554331926751494386e+01
1.575569329793551177e+01
1.269313587143097166e+01
1.486128675021513423e+01
1.510316045053119360e+01
1.504582368606337539e+01
1.556078031990226229e+01
1.280927195201959989e+01
1.594793324018068148e+01
1.590442877588137804e+01
1.583252837507258448e+01
1.564050315030500826e+01
1.610160263948704795e+01
9.863622557139255065e+00
1.570340457964742953e+01
1.537717562118957915e+01
1.559921633354909787e+01
1.604846404265463633e+01
1.360754666090286413e+01
1.501566257202489396e+01
1.553140789505960129e+01
1.614732673420344611e+01
1.567859247527561450e+01
1.173281530942371376e+01
1.498654511161158354e+01
1.299516689467520969e+01
1.505192271949143823e+01
1.441396676119691023e+01
1.482873617619418027e+01
1.550016179714438103e+01
1.461543569076688698e+01
1.565646542638539351e+01
1.193615856408026410e+01
1.391954163193688743e+01
1.359965860388433789e+01
1.599946953024724472e+01
1.535816016091569480e+01
1.469174554495901219e+01
1.441517126341223154e+01
1.601366138279695406e+01
1.614130383410616076e+01
1.527436286889610528e+01
1.518882775140921026e+01
1.493589119615376681e+01
1.577988374002603678e+01
1.093923785571632656e+01
1.613922415401888699e+01
1.597736044534481969e+01
1.599665667717475870e+01
1.250221698804869597e+01
1.544121929584466812e+01
1.370802673599146893e+01
1.566747663857495354e+01
1.508782862816700288e+01
1.611794472810640144e+01
1.118143697698317851e+01
1.520414732495095578e+01
1.526263410501901063e+01
1.257260084726107863e+01
1.439778727431229299e+01
1.543850859607931980e+01
1.540580437015786863e+01
1.504105879691678282e+01
