2.495312050968283302e+01
2.318698285015984339e+01
2.494763950707059053e+01
2.500401173794535836e+01
2.499993442203770400e+01
2.190640963612174374e+01
2.413712677330091694e+01
2.210088185085218981e+01
2.490026717661026723e+01
2.419825723839136344e+01
2.653131623119384130e+01
2.482178476076867568e+01
2.461579140492631979e+01
2.442182728667353686e+01
2.473242885262981616e+01
1.275426220487304363e+01
2.440285419241631004e+01
1.863742104328094840e+01
2.036471501245717164e+01
2.533159358324065735e+01
2.499828546551237807e+01
2.350790272318335283e+01
2.612153873840227192e+01
2.499910684952143214e+01
2.500000000411931111e+01
2.470336074018749883e+01
2.316972104242651298e+01
2.161063667968436519e+01
2.369905455988667597e+01
2.517262108305297374e+01
2.196270674564501846e+01
2.255293670880389456e+01
2.498361439404764184e+01
2.472680781145096063e+01
1.664356584520813342e+01
2.322473891067613039e+01
2.034920729491713232e+01
2.485397951018078899e+01
2.516491863201891732e+01
2.424381920239264332e+01
2.500000000238760478e+01
2.424762372807886379e+01
2.246855981490966769e+01
2.596072257707980668e+01
2.329214168832963949e+01
2.465709355082110221e+01
2.521928561823913384e+01
2.679853829671688459e+01
2.866369561764211582e+01
2.451356916669362462e+01
2.349386125942389469e+01
2.261328299603296088e+01
2.724285420909804856e+01
2.449050341766403704e+01
2.454922547466143001e+01
2.050333072071936513e+01
2.217989782357845385e+01
1.331266808445274563e+01
2.497599383400108763e+01
2.483107962745952690e+01
2.382450181378568743e+01
2.468344453080435130e+01
2.499999995629521266e+01
2.500000001613609868e+01
2.649516709320361940e+01
2.384627756935092435e+01
2.497278633584692642e+01
2.468831626421238568e+01
2.686429789524551026e+01
2.353829337387579557e+01
2.704175695796366696e+01
2.372831387402614922e+01
2.483044207136023829e+01
2.499681411781054408e+01
2.300838543839552131e+01
2.498724474458673228e+01
2.084129160818877580e+01
2.454690439004637881e+01
2.208376228889090953e+01
2.616551905049855620e+01
2.413033287804332616e+01
2.408136791868870930e+01
2.274067238638105692e+01
2.214275467608843329e+01
2.467942441678290777e+01
2.283998449699615563e+01
2.119972952289628410e+01
2.447763899699126000e+01
2.386621011316258389e+01
2.774608672369152984e+01
2.499764492085905587e+01
2.499801507376682252e+01
2.357817426927554294e+01
2.222963217585942175e+01
2.500354861676209239e+01
2.675883272753840458e+01
2.099821093042548981e+01
2.383399750839386400e+01
2.500000000259893795e+01
2.494844405106330498e+01
2.467317324595082795e+01
2.499604197596539024e+01
2.434986588667879559e+01
2.331805769788070037e+01
2.500023488082594270e+01
2.248713575775211027e+01
2.062003476467120677e+01
2.082350141937856236e+01
2.499338269591541817e+01
2.097028978977600033e+01
2.181454519627623156e+01
2.445568796528884192e+01
2.494461697393793997e+01
2.699789303255098716e+01
2.659309237799666548e+01
2.000279999957878374e+01
2.052602717360963425e+01
2.215978561505024302e+01
2.347783232953082688e+01
2.428672161537491903e+01
2.391896898087108170e+01
2.053777046602000311e+01
2.465303792544795414e+01
2.499892971656768026e+01
2.451794448882382937e+01
2.499999406115528444e+01
2.500991063682887372e+01
2.099530751570522469e+01
2.321100101723378373e+01
2.499999955911535210e+01
2.499483209584658994e+01
2.500000000257522004e+01
2.003917565139443369e+01
2.499993190987439462e+01
2.464968425586381073e+01
2.438518425330331141e+01
2.096143539071021067e+01
2.396819674776231324e+01
2.462681866607329084e+01
2.461808273108200495e+01
2.132512335815186688e+01
2.441683512963991731e+01
2.187804932907868505e+01
2.060101469744995129e+01
2.452292355728853579e+01
2.503641685244052439e+01
2.500033412771168884e+01
2.198159017243099456e+01
2.396703169641527609e+01
2.435323520234086203e+01
1.388915738077282214e+01
2.753770705517315776e+01
2.335712833863070514e+01
2.199748084450444807e+01
2.442775789245440876e+01
2.402962628991706850e+01
2.373075158471323221e+01
2.468898371710925232e+01
2.499919497574902039e+01
2.374359271285599959e+01
2.317483985689770520e+01
2.447996882841444233e+01
2.406472041617761448e+01
2.200310847689870997e+01
2.406252036289046714e+01
2.452980117657934045e+01
2.144950657823070017e+01
2.285010114171767981e+01
2.496548504210619157e+01
2.465212935692645857e+01
2.081275627092573899e+01
2.010736087480126244e+01
2.348159462969462652e+01
2.494466345920777428e+01
2.499996611880655450e+01
2.330984262260989581e+01
2.499584450868267993e+01
2.480496094268556106e+01
2.495771786710395901e+01
2.413149037886007164e+01
2.306105231499685004e+01
2.500000003495096834e+01
2.500000006091225657e+01
2.277443383051986459e+01
2.377113134653325943e+01
2.429326338703805277e+01
2.481354624677473808e+01
2.312968664113038031e+01
2.500001495752232117e+01
2.499970648460363165e+01
2.499999999351759783e+01
2.402452321737780494e+01
2.499631674666037995e+01
2.034467664988897084e+01
2.499925161757666814e+01
2.664803984580348484e+01
2.307750217520550251e+01
2.336553543892651419e+01
2.361314085543754260e+01
2.422992657764856617e+01
2.468064568979270490e+01
2.500000230995225436e+01
2.497208342013613347e+01
2.504014556849624995e+01
2.701646395576003812e+01
2.500000711465172287e+01
2.167805387662685135e+01
2.309125535047841282e+01
2.056411287942868071e+01
2.292418524289784187e+01
2.500000034713646713e+01
2.498997389263442059e+01
2.154911463484481615e+01
2.598997682714023938e+01
2.498525103425331650e+01
2.131975913275631740e+01
2.460418117878735700e+01
2.515837775142674104e+01
2.485950664666248500e+01
2.499094542044989353e+01
2.494857337082904181e+01
2.341244919306431527e+01
2.364572299647358022e+01
2.500000000206808792e+01
2.480668763548638012e+01
2.391160331272340400e+01
2.128370820876866176e+01
2.331908011603005448e+01
2.471570689987391489e+01
2.499991745335135818e+01
2.478711102144821865e+01
2.342657427827038674e+01
2.500000013814241129e+01
2.081434406463472442e+01
2.410531987564764833e+01
2.437420540243528322e+01
2.012481171701271165e+01
2.390544205717879933e+01
2.477467214260462214e+01
2.300610777377609750e+01
2.499999892888633468e+01
2.219769142433082365e+01
2.505727438508153071e+01
2.699676728691764538e+01
2.498154334856696934e+01
2.403947717681198881e+01
2.500013072404003367e+01
2.470392499944142983e+01
2.399750676433885843e+01
2.531058990593280456e+01
2.470881523721157436e+01
2.419400542217736216e+01
2.477545768272237936e+01
2.247071704748781684e+01
2.480539589468049755e+01
2.039944640573608936e+01
2.434014005076164722e+01
2.678532941668254352e+01
2.160898103715471308e+01
1.596933522009793194e+01
2.427327597005629656e+01
2.500007833713623029e+01
2.496289119350701924e+01
2.467625628313960462e+01
2.510536346762258475e+01
2.324769638433863150e+01
2.281369635844301769e+01
2.484011127744438596e+01
3.223690150607681204e+01
1.620999716110682698e+01
2.487004725037057185e+01
2.434166585458406473e+01
2.498389917960208351e+01
2.102224439750691687e+01
2.684054207972112494e+01
2.408959524041142686e+01
2.339402184597363288e+01
2.499461174410613395e+01
2.500007884814408854e+01
2.459549128102277393e+01
2.499441947016621413e+01
2.369190441951332815e+01
2.500013461680061155e+01
2.508262612719918749e+01
2.206848282243072035e+01
2.483420507162487922e+01
3.059767621396368753e+01
2.561002130478517103e+01
2.396733308235834059e+01
2.340160970582083877e+01
2.377144404814426082e+01
2.088311205653468861e+01
2.650285683903530298e+01
2.664253645302887819e+01
2.409683406570610487e+01
2.264721073519127970e+01
2.143763659328779170e+01
2.500042485196171782e+01
2.459127320050924581e+01
2.500704069754552705e+01
2.363159871756123565e+01
2.223026193979040954e+01
2.244879068192675220e+01
2.414580769797549564e+01
2.477657204668068758e+01
2.493709507576055984e+01
2.439194675679538094e+01
2.290087885577533200e+01
2.500000000242435760e+01
2.505819631616519416e+01
2.310684021329085169e+01
2.499244544504655963e+01
2.441112079347418984e+01
2.499342369487888504e+01
2.418257528159149672e+01
2.466661443671402765e+01
2.507499196203200142e+01
2.329187526890240889e+01
2.314534050786090091e+01
2.680897000466872626e+01
2.500046658746853723e+01
2.241304974348216561e+01
2.614053373537577585e+01
2.271616973251125415e+01
2.495899320529545662e+01
2.499874655819269975e+01
2.499999954848416905e+01
2.673423453386607207e+01
2.548838062602674626e+01
2.385581290854606351e+01
1.629781119052131544e+01
2.468925480805969741e+01
2.429704264383720158e+01
2.180391926592668739e+01
2.477317002632615583e+01
2.494192235743866348e+01
2.488949704568102916e+01
2.270360031260691969e+01
2.500029197855018737e+01
2.500005535569108517e+01
2.487261413861690329e+01
2.285744213515118872e+01
2.499995639732546948e+01
2.485822852609112488e+01
2.500036651601702431e+01
2.499369561416944308e+01
2.500006149510863551e+01
2.336267572596029751e+01
2.442921275344265553e+01
2.345679759651748242e+01
2.473300458895143450e+01
2.500509179153293005e+01
2.493916689157232014e+01
2.505403357144012588e+01
2.258620873474022517e+01
2.490825483177624733e+01
2.482665091184252759e+01
2.150939199467915586e+01
2.415163211967044532e+01
2.503752951873588017e+01
2.095495409830297717e+01
2.398271690906240394e+01
2.254092028177510798e+01
2.237705851894514453e+01
2.337045301295444588e+01
2.273737939609341296e+01
2.641784171841149487e+01
2.457087901073724368e+01
2.213926529052210412e+01
2.685829793000551291e+01
2.499969983997089784e+01
2.500000000058124172e+01
2.500000000220711627e+01
2.282757125223874084e+01
2.475313865470382169e+01
2.689910565967891642e+01
2.500014328297165989e+01
2.154673712125749674e+01
2.505816189034366914e+01
2.499888354977104754e+01
2.499724183643830600e+01
2.396582535025876837e+01
2.500106350257266996e+01
2.000038190439933317e+01
2.395746171553854253e+01
2.453054488179763126e+01
2.428552154229072357e+01
2.357053453626161854e+01
2.118074858500536806e+01
2.497992759022304909e+01
1.583413539296297046e+01
2.310107567818079133e+01
2.488285872368479090e+01
2.379075508066430089e+01
2.460716392471271874e+01
2.221673388228714785e+01
2.382812679776281684e+01
2.500090057624439055e+01
2.499411910218800870e+01
2.397829767512549282e+01
2.476216359767567354e+01
2.113896993683146164e+01
2.258957235874763469e+01
2.497284759731401138e+01
2.500000000255353072e+01
2.224179133088094318e+01
2.244751903415276217e+01
2.772319209875518453e+01
2.500079570350610680e+01
2.345442069034198695e+01
2.359538971451535261e+01
2.357978241757274418e+01
2.399813351430857367e+01
2.497402001421487228e+01
2.396743889967874708e+01
2.275074210782646134e+01
2.492098365178412678e+01
2.481637481351654628e+01
2.411978907063733146e+01
2.622226483408422837e+01
2.260430708983567527e+01
2.499973789136997482e+01
2.503517524762305513e+01
2.618591455538176760e+01
2.165404515202605751e+01
2.484829850421981234e+01
2.499997480199828104e+01
2.238283974425985434e+01
2.360880995272487226e+01
2.576751267179459504e+01
2.472333107518251083e+01
2.496460079292648970e+01
2.198396116700610392e+01
2.083353483932905803e+01
2.362590592707326564e+01
2.490006979321598024e+01
2.203617769367393819e+01
2.500000000256042654e+01
2.099376880674787316e+01
2.465627167746997372e+01
2.500000000344024897e+01
2.500004970513627711e+01
2.536078969071017042e+01
2.481156423717342108e+01
2.504077937075225080e+01
2.493895211102019260e+01
2.500000000243015563e+01
2.435205620131094051e+01
2.442549557474239208e+01
2.467857863661384954e+01
2.789956740691217263e+01
2.521729214946830666e+01
2.255350544211603392e+01
2.447490354214203734e+01
2.456926380666881826e+01
2.500002559251078083e+01
2.493424508344651613e+01
2.406548883287760887e+01
2.469615470936846791e+01
2.395773201732634305e+01
2.031065748168077434e+01
2.228971783889555880e+01
2.500159124387766951e+01
2.500000004213278260e+01
2.500000252557031644e+01
2.344454113214471747e+01
2.419589124527076152e+01
2.199429573807721994e+01
2.344690477820297403e+01
2.048981925574131679e+01
2.491671396154604778e+01
2.493866619545137553e+01
2.247174151511543627e+01
2.404335635309717389e+01
2.376128254869315271e+01
2.499927275647748104e+01
2.000669187473394217e+01
2.500040438263475906e+01
2.495429074730332530e+01
2.500062808405483139e+01
2.177885299127742158e+01
2.500466822576588655e+01
2.500103671862441956e+01
2.488100514148307951e+01
2.177821480278216626e+01
2.449326113344357836e+01
2.499999016270160723e+01
2.510443776192377285e+01
2.496712613286819149e+01
2.430515410151150846e+01
2.369380085444811357e+01
2.358395817312750609e+01
2.610366663794476594e+01
2.492251863369717668e+01
2.430336057522728410e+01
2.300351427260012827e+01
2.176131153847619260e+01
2.495667047017491669e+01
2.314575824835239004e+01
2.426341568570708063e+01
2.500000035692372080e+01
2.495651657786050137e+01
2.499978825528455317e+01
2.476831590069375011e+01
2.644573498166811376e+01
2.499999911357627269e+01
2.257353099742621794e+01
2.290767573760134113e+01
1.883105936906076749e+01
2.489373055879529417e+01
2.491697792086821650e+01
2.208378982972560678e+01
2.696349836352553098e+01
1.375842061336089017e+01
2.393136174182779286e+01
2.152246703931743355e+01
2.433575808360094328e+01
2.148319918008087726e+01
2.426055398643179473e+01
2.318743948358915574e+01
2.497986016992702929e+01
2.300199156063540329e+01
2.490144767016608540e+01
2.500814001754281790e+01
2.355868099544923311e+01
2.342965403394648405e+01
2.350852440795921083e+01
2.375807944170252028e+01
2.426459888122945330e+01
2.359746412780700098e+01
2.582168195255050236e+01
2.499658852402379949e+01
2.224804813121873437e+01
2.417558703068774406e+01
2.500046512369182850e+01
2.396016864456752771e+01
2.464951526672036408e+01
2.183640646035148691e+01
2.475653350459171165e+01
2.500003925496648804e+01
2.477012467046586153e+01
2.487747493175954361e+01
2.687381428439126196e+01
2.500014959327630493e+01
2.489334986281109252e+01
3.212226096639665229e+01
2.000578095777456156e+01
2.279945924083570574e+01
2.489279062304533596e+01
2.272152492197310636e+01
2.387597049766083757e+01
2.002412457160573922e+01
2.357223674066012364e+01
2.373848990320995966e+01
2.485067133958882835e+01
2.514168290536450101e+01
2.472013469603669833e+01
2.463823485335674235e+01
2.503337398813247106e+01
2.587133943437451933e+01
2.159000115731769753e+01
2.538899922291718525e+01
2.598572041916174769e+01
2.499934342732539960e+01
2.499942433913716400e+01
2.699561715084496072e+01
2.216395923535826640e+01
2.292502481135709758e+01
2.500000000271173306e+01
2.376374182958504377e+01
3.298819341815837447e+01
2.486787658862877848e+01
2.342414027251532715e+01
2.471912054686445259e+01
2.481728316386332267e+01
2.316620311417995381e+01
2.393130941581671323e+01
2.490537972772462538e+01
2.484632696706365707e+01
2.500005316928944410e+01
2.483464913094015003e+01
2.357850838603852495e+01
2.269895436749180817e+01
2.480463834423803604e+01
2.323149982990769047e+01
2.467927133521829219e+01
2.498581989387834312e+01
2.259675384314650870e+01
2.419421607998925694e+01
2.153110235524756533e+01
2.373364067428197899e+01
2.260417857240985384e+01
2.177581080670681501e+01
2.489479297422286308e+01
2.174826007688191254e+01
2.413600577833911132e+01
2.355179375527758623e+01
2.490860140936614187e+01
2.499022984035548589e+01
2.040259390578899001e+01
2.499956413844493852e+01
2.283647257979081147e+01
2.374552191877848983e+01
2.014734464221817234e+01
2.359468340829803168e+01
2.500000000250946286e+01
2.670890688968252391e+01
2.499193874509652602e+01
2.500000000288672197e+01
2.481059714515193448e+01
2.423768767322019002e+01
2.478729856294038925e+01
2.500000000228662600e+01
2.500000855066354433e+01
2.467181429740357501e+01
2.462775562501216697e+01
2.488821449736484581e+01
2.390898860429260253e+01
2.058351633875576780e+01
2.461131092527273978e+01
2.492595772669262644e+01
2.501323941194251077e+01
2.353896494294891895e+01
2.384998842340018754e+01
2.414378913553800743e+01
2.499655281265360429e+01
2.367134926938320305e+01
2.896254472633033217e+01
2.287584529647480025e+01
2.498067285960463835e+01
2.179481306701465115e+01
3.003896208892298247e+01
2.507149270228777027e+01
2.496219872592978817e+01
2.499942438306031889e+01
2.338990733902022612e+01
2.500039568171896676e+01
2.194495845586828153e+01
2.319347866545496117e+01
2.171181964194051162e+01
2.217114652907788042e+01
2.329571851376680058e+01
2.499222210276446177e+01
2.092252139423222701e+01
2.500007745135551218e+01
2.287909200158620138e+01
2.576884268359229324e+01
2.001321101586063733e+01
2.487235650711137680e+01
2.497001288228900506e+01
2.298170932597651017e+01
2.500039223640256125e+01
2.433137230017148411e+01
2.355371561611376308e+01
2.144365639195621043e+01
2.422202055555480626e+01
2.470423738611030018e+01
2.500087516557309186e+01
2.500003928260817077e+01
2.308047724490461761e+01
2.410216031322148922e+01
2.500017755348256543e+01
2.420536498130469383e+01
2.363312805503857561e+01
2.402265179937986872e+01
2.005027171998372637e+01
2.491949611659005370e+01
2.202629782209469766e+01
2.359721683375363810e+01
2.599968605643169184e+01
2.450215882694347869e+01
2.489642387930893719e+01
2.498584530589970143e+01
2.019998442772445912e+01
2.383529685070416804e+01
2.500022674474536188e+01
2.754394996980693122e+01
2.257930913260384287e+01
2.372513652133527984e+01
2.261206776598885426e+01
2.282627624750627149e+01
2.399999596228664345e+01
2.403554845637068382e+01
2.499795257187342301e+01
2.154407254893277468e+01
2.307307367787651486e+01
2.446919786370006022e+01
2.463086452157510564e+01
2.353961296081420684e+01
2.506749575812748887e+01
2.181643376670675494e+01
2.454554900273750917e+01
2.500019345364465551e+01
2.421308796696193966e+01
2.323965353835997050e+01
2.461108341868891358e+01
2.468863484546222509e+01
2.416697037019527272e+01
2.422776364449928010e+01
2.494373766549543703e+01
2.475862105520345935e+01
2.318081049354768197e+01
2.500000005235507672e+01
2.285536314894809351e+01
2.497066111326279980e+01
2.381025091937239679e+01
2.494244710965849521e+01
2.699823434067499406e+01
2.377421687360105551e+01
2.489634406706056069e+01
2.463927042019589209e+01
2.373183100455398176e+01
2.189791544985066096e+01
2.499931600700243450e+01
2.481066554860011308e+01
2.498544638399621931e+01
2.500000497191665261e+01
2.476829404463212825e+01
2.499999810077297013e+01
2.502126440991936107e+01
2.499988919243531882e+01
2.238043972850066510e+01
2.193411625580615976e+01
2.486355938674308419e+01
2.211783521340250047e+01
2.499999611963131230e+01
2.489243542761762029e+01
1.314521509018123879e+01
2.365257984970747174e+01
2.421762299665214258e+01
2.494663770061379537e+01
2.003157600812795991e+01
2.499437088299931276e+01
2.498977527288380429e+01
2.499874207831577522e+01
2.493629777654864910e+01
2.457731070385644045e+01
2.530530554823496558e+01
2.187804011635930124e+01
2.423263185564211497e+01
2.488973241541716774e+01
2.500006868874419297e+01
2.499999955193856849e+01
2.448690794998637443e+01
2.442672983958418698e+01
2.406984317296956988e+01
2.500000143546494868e+01
2.436563632482316422e+01
2.140743531698990054e+01
2.547103361151762613e+01
2.188386313268982164e+01
2.489450637662555721e+01
2.057920854240389730e+01
2.491285611283218770e+01
2.245685151794293333e+01
2.343904885652302994e+01
2.388071210204726214e+01
2.293103162046110555e+01
2.416090079897012544e+01
2.478977824534693042e+01
2.498894731308838146e+01
2.488264929075114651e+01
2.509542236731178022e+01
2.106215440471654787e+01
2.497965479925064614e+01
2.468247513706199214e+01
2.146007268018159664e+01
2.501311071914845385e+01
2.395766370524967570e+01
2.146829610610200945e+01
2.500000024278051569e+01
2.360480453231375364e+01
2.000923745759576633e+01
2.274037841663667336e+01
2.469577651827720643e+01
2.005035366992670376e+01
2.122900616927956818e+01
2.385303636350241163e+01
2.244945007762809652e+01
2.500011052185504923e+01
2.498463306770559811e+01
2.499984882075223425e+01
2.450264265216341997e+01
2.761529634779535058e+01
2.207875280023836950e+01
2.352773474095812745e+01
2.337523952900536628e+01
2.490376945970616873e+01
2.438942939869624382e+01
2.377105849872629761e+01
2.190508333593066581e+01
2.500003958961763573e+01
2.697701964678306652e+01
2.458070200053899512e+01
1.482042440850686660e+01
2.500000015219453431e+01
2.500084139992639720e+01
2.498589483444107984e+01
1.619204845039063301e+01
2.466207675877416250e+01
2.595498489664301900e+01
2.500000003451144792e+01
2.499963905016528898e+01
2.595892902037012107e+01
2.232570864197004923e+01
2.402028525258526059e+01
2.500009830856988202e+01
2.226901728418465609e+01
2.260690845068232946e+01
2.485021764413254886e+01
2.435914849244890235e+01
2.456478063949915480e+01
2.393299246214727205e+01
2.500017995338268406e+01
2.500000000436251923e+01
2.487265649493536657e+01
2.140299951401857825e+01
2.513638520791376152e+01
2.199282500317991307e+01
2.252870981954977125e+01
2.258256343436783453e+01
2.056176591363891859e+01
2.229928028157008413e+01
3.125215646837001771e+01
2.497394328815681064e+01
2.348584948846093923e+01
2.499956546202505336e+01
2.500000000211538165e+01
1.557069641657464487e+01
2.344457183308382042e+01
2.499948346375453312e+01
2.490942286171526732e+01
2.092866756921579352e+01
2.495667856926853645e+01
2.422000684415713323e+01
2.265424366864432315e+01
2.420878132528726212e+01
2.499946479193316407e+01
2.464334604105202331e+01
2.244197682163168750e+01
2.499928539250305803e+01
2.489180558135048216e+01
2.271441835267824061e+01
2.500003412112405954e+01
2.485386649911117019e+01
1.602498139629590668e+01
2.499951995713987785e+01
2.417603612375716438e+01
2.498058378446509309e+01
2.731667173589423214e+01
2.500190830391160901e+01
2.154071033482999908e+01
2.187552709906020709e+01
2.423743819611879147e+01
2.499335617618647731e+01
2.499790197870805741e+01
2.587163426076689632e+01
2.467314029296575129e+01
2.500062150807894312e+01
2.374379942968558410e+01
2.073572301647959648e+01
2.500643732208048675e+01
2.485890590768872244e+01
2.499727414473190734e+01
2.284807767206797280e+01
2.336566943907995864e+01
2.301976627022142097e+01
2.500000020377986232e+01
2.145623685795866464e+01
2.133595278349935853e+01
2.383196992603711806e+01
2.171675783803117454e+01
2.434021213592056654e+01
2.372140440933374350e+01
2.500163432416935905e+01
2.499998041618677291e+01
2.342459223258147105e+01
2.348116410966016687e+01
2.501996478781512678e+01
2.495662018878200428e+01
2.366015316237900024e+01
2.499961702591134483e+01
2.500000273446225663e+01
2.262760341576484180e+01
2.499958799656911879e+01
2.499985647015593671e+01
2.159240896253307085e+01
1.530526437895917624e+01
1.472174790879913253e+01
2.500000862074155350e+01
2.077554150258867338e+01
2.387539191474761324e+01
2.351404030807526624e+01
2.491278574623129316e+01
2.500352580128787494e+01
2.503120310310121965e+01
2.497342601322769440e+01
2.388659379928634507e+01
2.296438742495928054e+01
2.416343478701530501e+01
2.029480193749082062e+01
2.499955830425986392e+01
2.442245762632970241e+01
2.485635472229238019e+01
2.862256559557624058e+01
2.495893047606341497e+01
2.065067389896857009e+01
2.462564208290507395e+01
2.406203122315841370e+01
2.500000003554417560e+01
2.000790558238530537e+01
2.359711991791744978e+01
2.373292318281612978e+01
2.472242101949385784e+01
2.497210319542657331e+01
2.500052996263092453e+01
2.405445675950001316e+01
2.499999964511255257e+01
2.482153004006633878e+01
2.500000000256933319e+01
2.470399556217008552e+01
2.200589004061549758e+01
1.325742456908894873e+01
2.467626556018286976e+01
2.106622908728867927e+01
2.693013918912573956e+01
2.396571090006992577e+01
2.499249763832956006e+01
2.286980652862070329e+01
2.256092573887103470e+01
2.499983203561074774e+01
2.464526585822371274e+01
2.484635058209007852e+01
2.218100253156531565e+01
2.374012583254988584e+01
1.618744904626292325e+01
2.499705209187609256e+01
2.002621877223094771e+01
2.316495076646905105e+01
2.152195395307865766e+01
2.485073390979806263e+01
2.498775994647210652e+01
2.322616231423362976e+01
2.500443473463210609e+01
2.449725281235689778e+01
2.448371220904707712e+01
2.212492772853094536e+01
2.488117697108376802e+01
2.499884243440334686e+01
2.499927826399045117e+01
2.500816682530126300e+01
2.009007269012235852e+01
2.445485169648951640e+01
2.475963779548247601e+01
2.487294646323021041e+01
2.323654382483351810e+01
2.463568679295920916e+01
1.303904664137434288e+01
2.109636728307710740e+01
2.500002957738471920e+01
2.378533107560455662e+01
2.544820081440574455e+01
2.335635929740720584e+01
2.020441256256640727e+01
2.407072283430207094e+01
2.356490390195481766e+01
2.439736004416701221e+01
2.173417114347137868e+01
2.499923377027408478e+01
2.495684266716698119e+01
2.441501756321869721e+01
2.670198884053510113e+01
2.266430196056135671e+01
2.315321041758097564e+01
2.024062053529679517e+01
2.229708909821115270e+01
2.099492330396412498e+01
2.383643131041104368e+01
2.410359456659535837e+01
2.507159943202813679e+01
2.390824857002693093e+01
2.499999922093461890e+01
2.332723111689620765e+01
2.150727706787267834e+01
2.498898410665267988e+01
2.444373064732466361e+01
2.108822780301008137e+01
2.450490165092860906e+01
2.254208749077387353e+01
2.381737383898883920e+01
2.453306673723663778e+01
2.500000002052030368e+01
2.497395443716619212e+01
2.416734442726851384e+01
2.435808563422193984e+01
2.311210220542097460e+01
2.499993367565833324e+01
2.490666130528270372e+01
2.244098370851362034e+01
2.049184479869981246e+01
