1.296286123271854507e+01
1.298329521375218221e+01
1.559746980829643981e+01
1.166083748213860716e+01
1.513897687243422752e+01
1.482707517739433989e+01
1.481970420003208844e+01
1.446391101694009862e+01
1.528610177137545989e+01
1.416849565383674303e+01
1.452600312831671303e+01
1.624992256637474242e+01
6.812383973745750332e-01
1.465701931958913917e+01
1.359183156233285317e+01
1.453991011974630965e+01
1.462724972972209869e+01
1.494556939172138499e+01
1.628985087064058135e+01
1.519187068321310718e+01
1.367017046989071716e+01
1.578843082645803264e+01
1.495655411655667066e+01
1.626556954278124678e+01
1.357241146874418369e+01
1.446109323804811453e+01
1.425995984051304610e+01
1.518435209707253719e+01
1.056876538159089129e+01
1.521565180136557061e+01
1.617584915880896190e+01
1.482959572624751488e+01
1.462407008466047387e+01
1.444554304735071071e+01
1.409489912858533245e+01
1.396964368278402624e+01
1.469769594401117629e+01
1.404038108230247417e+01
1.527053195437469846e+01
1.481326514762735869e+01
1.510508819593754559e+01
1.391252560860626630e+01
1.190279540449953721e+01
7.834576239438147738e+00
1.515539919813273251e+01
8.939970687955792528e+00
1.458552038760170788e+01
1.493097245367243531e+01
1.485270714517280055e+01
1.400100863797367978e+01
1.589854802806713252e+01
1.558774744374160726e+01
1.527973038076292056e+01
1.523344209760946555e+01
1.616278291257973976e+01
1.341106296646161411e+01
1.625084114127135138e+01
1.580892946926740272e+01
1.428584134648906456e+01
1.365156839035566705e+01
9.165168607942216994e+00
1.611045323425524955e+01
1.400309291145377699e+01
1.362112224546335781e+01
1.339008672569231351e+01
1.414208407038243998e+01
1.630513276861726268e+01
1.556286796222114610e+01
1.432790760465476865e+01
1.503986941824090806e+01
1.627394713261461945e+01
1.439329232987993734e+01
8.712124125901558713e+00
1.562433601900143820e+01
1.437463073906936017e+01
1.343830089861718591e+01
1.374470596028240443e+01
1.463196067496502550e+01
1.172681015268515559e+01
1.598466149345151877e+01
1.465808246134263726e+01
1.505262082342946428e+01
1.630371287510421752e+01
1.449577085361844908e+01
1.441438768091221334e+01
1.417582519028151111e+01
1.435895530004596310e+01
1.483120766980240646e+01
1.360128451918719783e+01
1.378130102316274552e+01
1.321704826019315782e+01
1.509384425750504910e+01
1.630103886965014581e+01
1.429107465503745900e+01
1.443823616784064967e+01
1.090276135430253390e+01
1.588583584765639500e+01
1.393891453716502227e+01
1.316625753952128441e+01
1.440457332779247501e+01
1.431929397131500536e+01
5.812593649461391898e+00
1.588746598417240108e+01
1.394484073706455618e+01
1.469135114267039910e+01
1.192995122494319382e+01
1.571979975738005386e+01
1.475869366786992742e+01
1.507023082433684102e+01
1.548664893605801574e+01
1.617492708940740798e+01
1.330993772661901531e+01
1.517557214068289007e+01
1.472064742185734687e+01
1.612438482643270277e+01
1.365947769344869478e+01
1.617541797666143921e+01
1.310516189254082065e+01
1.261837904348093531e+01
1.616480125437286475e+01
1.566638358437397471e+01
1.545741296086508143e+01
1.397472699099269988e+01
1.581035177679197901e+01
1.268073761592044590e+01
1.543287172996793899e+01
1.422811341651477868e+01
1.463782870826069882e+01
1.496847783178606406e+01
1.578674845311572383e+01
1.376595748400262309e+01
1.479193615271192286e+01
1.426787599113960603e+01
1.558929000860166525e+01
1.529097330705155855e+01
1.558513374479006863e+01
1.492378784271310899e+01
1.622773213372985524e+01
1.397152390046549364e+01
1.413128440357475668e+01
1.612236724765462981e+01
1.598070302727115077e+01
1.467494348300442830e+01
1.616588985006132617e+01
1.444472123873815406e+01
1.422991161842777075e+01
8.781366138936087751e+00
1.255685920162281377e+01
1.398218999440093846e+01
1.412746624865489764e+01
1.628646627303176686e+01
1.443790747453317636e+01
1.404571887972519306e+01
1.437521362709845718e+01
1.585910872503323432e+01
1.529356972090468858e+01
1.141701588443508086e+01
1.509100973280355618e+01
1.400097345148260430e+01
1.271091046476727016e+01
1.400038433612301958e+01
1.447814084369712972e+01
1.440484981865988523e+01
1.613274847119011923e+01
1.449121810871918825e+01
1.452762851532099297e+01
1.182759016500473948e+01
1.565126997402244768e+01
1.593480773600695066e+01
1.431893371463421616e+01
1.522333979300333873e+01
1.428371036316201881e+01
1.433599355744718373e+01
1.544844707353929358e+01
1.446109323804811453e+01
1.471947720030565954e+01
1.441159608977311279e+01
1.624384860667954555e+01
1.415613539610665583e+01
1.443917087455316661e+01
9.429053643477008251e+00
1.453044864165654815e+01
1.290922692950154627e+01
1.427085392916189832e+01
1.450641463534217834e+01
1.551389382296502184e+01
7.246864825737531213e+00
1.398663838301575169e+01
9.587830531717466798e+00
1.428660794426989433e+01
1.622559533761100425e+01
1.514083059811176213e+01
1.430159414135546569e+01
1.530497232267892649e+01
1.492837461910864327e+01
1.443836648344093021e+01
1.363917142315520792e+01
1.614016668659494158e+01
1.623997564407418182e+01
1.167401876062553079e+01
1.494791752662766271e+01
1.405280498055176075e+01
1.628584850043153409e+01
1.287976202724817121e+01
1.445554809669813423e+01
1.545299991101679637e+01
1.577582059840452544e+01
1.615545031535402387e+01
1.484820400203494017e+01
1.497048697669359285e+01
1.426322370443325127e+01
9.634097501839804067e+00
1.495232871593169222e+01
1.474685174329429138e+01
1.597120315213153674e+01
1.630464932802736655e+01
1.440542794071885524e+01
1.383620176031502425e+01
1.439301176828812956e+01
1.382979752043330279e+01
1.406357626752818035e+01
1.523731719426997344e+01
1.358313277381808604e+01
1.588862209164880213e+01
1.500131434936978181e+01
1.250307396262925153e+01
1.611476354452172899e+01
1.588804889550302235e+01
1.434656408900584879e+01
1.215914153429328515e+01
1.552621737097251220e+01
1.371429900158498683e+01
1.587333796606261416e+01
1.507967070865053572e+01
6.339606928524399443e+00
1.550606262150652981e+01
1.562469194633462877e+01
1.609395475795387398e+01
1.499013143296694928e+01
1.480122618467011719e+01
1.611045323425524955e+01
1.421543074062613599e+01
1.611692208648062774e+01
1.510096662931355738e+01
1.423845072945903922e+01
1.591873948463422117e+01
1.377261727365741173e+01
1.565872502604836214e+01
1.400340785138667066e+01
1.494354267311830142e+01
1.411791353711488561e+01
1.348604770201435521e+01
1.440274547114334780e+01
8.093316031357712603e+00
1.316189104842059088e+01
1.529300968937137739e+01
1.441387250755004956e+01
1.541033600473984677e+01
1.444217726771423571e+01
1.427558545100515985e+01
1.536450035365078115e+01
1.289213499470114321e+01
1.578134953435628063e+01
1.589649158791668171e+01
1.576334170065494078e+01
1.628768876670133992e+01
1.440914069095041583e+01
1.589871737916740457e+01
1.359819693881999747e+01
1.328751661107838089e+01
1.505786352971706421e+01
1.465622157421658578e+01
1.606726695361195212e+01
1.368696406312309932e+01
1.435124495998368843e+01
1.419370767498879005e+01
1.484728918511215667e+01
1.423162341292724875e+01
1.628001857715156575e+01
1.428142522653629953e+01
1.515008951210890231e+01
1.439097643966673346e+01
1.567416433254944153e+01
1.455435275900539160e+01
1.493948834393551550e+01
1.517832919924081736e+01
1.055978103657573541e+01
1.481578426846640717e+01
1.473836037856309744e+01
1.626877831917657602e+01
1.419536654042618018e+01
1.576331730015106558e+01
1.515008951210890231e+01
1.430642547988780322e+01
1.324775052762872285e+01
1.437660026380548928e+01
1.442431658656301252e+01
1.059431259581455720e+01
1.368385233822711378e+01
1.613087554558888570e+01
1.484981121301559170e+01
1.557287639189143391e+01
9.783737827430368128e+00
1.621345625495528253e+01
1.416710454959900289e+01
1.484892891098455436e+01
1.613274847119011923e+01
1.447265899689818269e+01
1.492185442998041012e+01
1.498251878981907836e+01
1.532191196892970098e+01
1.628276492087004712e+01
8.642872209165245678e+00
1.491819509070086980e+01
1.603648936109928869e+01
1.444763000740386083e+01
8.790715879367681396e+00
1.619898274818446637e+01
1.489497969889402107e+01
1.471650015111496757e+01
1.567141580401445466e+01
8.840440566865355621e+00
1.442753483159710726e+01
1.571548601789232080e+01
5.603132225095190933e+00
1.489717990868878061e+01
1.341845026617956371e+01
1.442379201591980298e+01
1.437748809578667064e+01
1.609437696293560904e+01
1.556301611945960417e+01
1.455262815552906908e+01
1.001406304838064187e+01
1.601388216966076428e+01
1.466863065804836452e+01
1.457814007902290854e+01
1.439225887345051547e+01
1.507893836820735345e+01
1.618795225263498594e+01
1.400247548848124701e+01
1.465936136332629758e+01
1.435477870914180087e+01
1.399981085921129953e+01
8.973691412529051448e+00
1.208663065304830475e+01
1.579324218409805880e+01
1.449844526498279151e+01
1.023348411463251573e+01
1.608556138070833441e+01
1.530840892064327363e+01
1.478746534435431670e+01
1.592022117872963705e+01
1.494387218391835859e+01
1.297107067209486964e+01
1.433922710709647319e+01
1.445113610866483356e+01
1.491614212842472575e+01
1.473457648477719673e+01
1.443675532437860909e+01
1.423886097670810003e+01
5.689707596240602960e+00
1.436477342070803331e+01
1.512200195967766447e+01
1.302062572455311695e+01
1.469888210621938640e+01
1.421880293737404344e+01
1.469594153884426291e+01
1.569924284852442931e+01
1.271226863446373656e+01
1.192995122494319382e+01
1.474649896555315820e+01
1.473809432253802143e+01
1.408256233253415068e+01
1.537626066308531314e+01
1.546061490724263621e+01
1.504565383237122944e+01
1.542047506933874956e+01
7.358223814534447627e+00
1.521807592662979403e+01
1.422969052538214285e+01
1.541764058724941577e+01
1.436067707607007904e+01
1.539161109088515644e+01
1.625481280113470817e+01
1.013369903090741531e+01
1.613684357817360393e+01
1.439756431335780995e+01
1.239593720355149209e+01
1.495741821752027256e+01
1.416849744205767614e+01
1.586270617682722417e+01
1.481128729931790389e+01
1.517876312350679413e+01
1.464380547723034454e+01
1.319064243095091626e+01
1.356686105037764811e+01
1.492513851739578001e+01
1.074037821872639498e+01
1.573088163714173149e+01
1.280994230632139619e+01
7.438468917956898352e+00
1.368317626775343498e+01
1.393331631633549961e+01
1.474908821627729694e+01
1.509384425750504910e+01
1.604207866083769574e+01
1.564564923781342820e+01
1.364364240848434662e+01
1.104485910624665301e+01
1.386058676368325138e+01
1.431765006068529367e+01
1.168391858982746179e+01
1.428588641805034243e+01
1.508170110416869747e+01
1.589973340801750723e+01
1.472840148787142311e+01
1.369228282688300169e+01
1.558671386188073527e+01
1.586514549871722046e+01
1.516034224527751206e+01
1.361989368383835419e+01
1.481253100487274033e+01
1.580715735876957773e+01
1.453571329711001603e+01
1.519976136822190682e+01
1.544342433295220296e+01
1.450395956313909984e+01
1.507229013571047815e+01
1.198089351912674516e+01
1.485174625232893675e+01
8.717637923266408961e+00
1.357605512499540978e+01
1.550892551060699986e+01
1.299265020927277625e+01
1.400351417518779940e+01
1.437329633576777077e+01
1.444222531734721571e+01
1.557726696949368517e+01
1.464248319344557103e+01
1.437598676064007819e+01
1.627444573033630704e+01
1.534237249640520062e+01
1.562128506671159656e+01
1.598498901052131416e+01
1.583628352886964308e+01
1.370473858424793079e+01
1.529471859355852814e+01
1.442572178270162375e+01
1.521938299834086550e+01
1.623696021011680557e+01
1.443221017159044806e+01
1.406776164794776385e+01
1.124066429164969350e+01
1.443732115815602235e+01
8.318740445295322417e+00
1.545281455167753926e+01
1.437366109748956688e+01
1.594944450438730499e+01
1.578674845311572383e+01
1.364974834030658180e+01
1.563085184830110208e+01
1.506421414801286929e+01
1.430413110528293075e+01
1.302062572455311695e+01
1.510221522947566442e+01
1.418283470021790116e+01
1.431562937598197038e+01
1.481079277877091016e+01
1.484028861436617674e+01
1.477549040992411555e+01
1.309216599505628409e+01
1.484993723459377080e+01
1.362263425078149481e+01
1.627309704350737363e+01
1.397452524889727421e+01
1.374528051527028083e+01
1.615445274000671461e+01
1.559139635165410098e+01
1.480880217579359837e+01
1.571163025136609370e+01
1.458735610622826684e+01
1.492848609406913774e+01
1.405565770956338412e+01
1.514532808163378164e+01
1.312421744816695579e+01
1.429568877210612321e+01
1.445355575138961157e+01
1.450641463534217834e+01
1.444222531734721571e+01
1.462636538566525601e+01
1.520797609987711674e+01
1.432141492887103773e+01
1.370053927643369107e+01
1.475543726924759724e+01
1.418720814157424215e+01
5.689446635157710652e+00
1.598271531898764408e+01
1.577528864667941377e+01
1.333570239432006233e+01
1.438555439159223859e+01
1.447814084369712972e+01
1.529120411771010168e+01
1.429063662630282394e+01
1.433167150038024928e+01
1.434234802218467308e+01
1.442086100947904370e+01
1.481386620108592744e+01
1.426969399005438177e+01
1.472917796255139322e+01
1.553016370305754812e+01
1.322046657635060996e+01
1.443150629222619230e+01
1.411704845588846879e+01
1.600010574680423048e+01
1.291530322518249640e+01
1.544342433295220296e+01
1.629526676059298751e+01
1.171936974989622193e+01
1.461441116198535894e+01
1.552079529404911540e+01
1.351727002429796265e+01
1.501203751965846322e+01
1.585967284561191093e+01
1.286247847920757081e+01
1.425482362625680111e+01
1.624059493763250117e+01
5.904794815373901606e+00
1.470203934979374871e+01
1.236962032286367830e+01
1.455493460666343530e+01
1.426208933511049892e+01
1.583509332364656430e+01
1.376488362504932894e+01
1.461559673843588669e+01
1.569026861758383795e+01
1.435544383032232396e+01
1.449821269408695379e+01
1.333025758228911783e+01
1.120718653294752265e+01
1.478228703640076347e+01
1.435792080259722070e+01
1.573538582403890729e+01
1.610989750729481074e+01
1.307483339462565830e+01
1.485989522734325874e+01
1.590071824890899066e+01
1.583244336400896302e+01
1.477354747481135888e+01
1.476563477307571404e+01
1.499168514395840823e+01
1.497180905380602312e+01
1.388015727125218390e+01
6.606372976005035369e+00
1.423708636888781065e+01
1.397262208631921609e+01
1.436421321056425704e+01
1.478590814058982161e+01
1.430942561649112044e+01
1.611026965412608192e+01
1.555955529641595447e+01
1.433767953255199856e+01
8.391493448312935755e+00
1.428251286363451555e+01
1.557902900682143077e+01
1.348649941559466114e+01
1.515298193904522428e+01
1.441414309331745081e+01
1.450641463534217834e+01
1.528208066698960899e+01
1.491363087725251368e+01
1.496712222309972518e+01
1.615849963948118884e+01
1.493363056520122711e+01
1.540205056608906098e+01
1.428010962792564698e+01
1.449121810871918825e+01
1.416798577112519730e+01
1.519336506263535824e+01
1.404294775612410895e+01
1.629371920877300539e+01
1.443485945828116712e+01
1.597248878905514857e+01
1.351566768380986971e+01
1.472923289966348470e+01
1.188232777223019809e+01
1.349978185945070308e+01
1.486465412552717957e+01
1.447247736461465095e+01
1.606336878527436696e+01
1.405443467537960167e+01
1.410502780775199660e+01
1.614507491988346999e+01
1.552699871737051041e+01
9.982798404777520673e+00
1.435031663735319185e+01
1.423218289988092700e+01
5.758815877619181123e+00
1.567350285791363618e+01
1.500973850930680875e+01
1.436573721597664921e+01
1.486615605305562227e+01
1.422324203973448142e+01
1.465799531713969905e+01
1.453285141256515267e+01
1.020564252538394001e+01
1.160098310947370237e+01
1.581265668288078530e+01
1.455087847940589896e+01
1.489321895073477187e+01
1.450176025658633350e+01
1.600854586440381411e+01
1.447336680337854276e+01
1.454316852817338557e+01
1.579310114292691303e+01
1.421527736336795122e+01
1.457015550909824597e+01
1.573089322558051606e+01
1.558848936470068125e+01
1.463181279394985879e+01
1.443637128687894311e+01
8.512860452006275835e+00
1.409396655228791673e+01
1.513618743920982368e+01
9.933417284534373337e+00
1.397465102480737364e+01
1.439329367795474113e+01
1.598997103885984927e+01
1.514829750829758659e+01
1.594346771771839855e+01
1.473738008444174774e+01
1.384991578120835598e+01
1.545621533582357188e+01
1.450542286026209027e+01
1.435950688424390620e+01
1.404278473433226537e+01
1.613986315980888264e+01
1.521076027627324834e+01
1.400357439996928832e+01
1.554792171620507979e+01
1.446782252425915161e+01
1.482835681138882578e+01
1.455390933419139543e+01
1.438391836926844114e+01
1.134205386341134236e+01
1.521461097419492958e+01
1.596567998121866871e+01
1.503732177997852304e+01
1.503499037777658742e+01
9.755890445374266307e+00
1.433816052851544853e+01
1.438787109265019382e+01
1.461852882374559925e+01
1.630949757048149351e+01
1.313539887436781228e+01
1.415037675247273086e+01
1.564184616921716398e+01
1.023348411463251573e+01
1.353036033406918293e+01
1.603961996337018903e+01
7.316703785981525598e+00
1.473809432253802143e+01
9.721799880292826046e+00
1.555703969662342523e+01
1.630949757048149351e+01
1.291507644004451905e+01
1.522288574472042555e+01
1.373379877299341345e+01
1.550606262150652981e+01
1.540548022896385305e+01
1.020059067563854605e+01
1.481552499843929382e+01
8.683335466663759661e+00
1.437473144166837891e+01
1.494376540604418580e+01
1.587803497548418186e+01
1.484958901667047115e+01
1.475596803100512844e+01
1.506118008668940789e+01
1.428847610241816568e+01
1.446078153155385237e+01
1.594012167374091504e+01
1.545582571258347215e+01
1.428135207562298703e+01
1.575826406725475692e+01
1.433458210156955737e+01
1.348935911608545979e+01
1.567350285791363618e+01
1.471856932407565921e+01
1.537584249936614533e+01
1.546530819903518505e+01
1.605444840256119576e+01
1.513359226026903315e+01
1.179698399544531640e+01
1.613952374996141259e+01
9.430728198236854709e+00
1.408291402133485981e+01
1.136327716654694875e+01
1.490079228685990209e+01
1.510374183990091090e+01
1.507515124451393973e+01
1.581035177679197901e+01
1.625207926379715673e+01
1.515479915522158194e+01
1.356788561147061323e+01
1.527173378070709120e+01
1.544676896106854613e+01
1.439721772402371514e+01
1.417392716688845766e+01
1.432871185600219732e+01
1.478206050932647919e+01
1.405434361257457176e+01
1.490185205509942534e+01
1.401189395087044609e+01
1.428461460760587798e+01
1.333758900549360682e+01
1.422771626172043469e+01
1.573106222670077692e+01
1.064139493756455757e+01
1.589186835439680934e+01
1.529124108193275511e+01
1.400759585472243529e+01
1.374522308578812968e+01
1.564092218708259097e+01
1.231910634733607957e+01
1.335657203632806400e+01
1.578250757363010592e+01
1.470323615639584958e+01
1.441700832991032044e+01
1.503599480137003397e+01
1.220309027343967934e+01
1.487006163050283369e+01
1.208536575106213284e+01
1.525849804512378682e+01
1.430048747907657258e+01
1.443118583755192574e+01
1.516037881223741124e+01
1.316049951130383100e+01
1.408386484722939969e+01
1.201998551210783717e+01
1.218279975683426386e+01
1.597189328391181462e+01
1.598070302727115077e+01
1.416248034590471860e+01
1.436289016171623700e+01
1.597201418663184569e+01
1.495712992852514667e+01
7.292493290839774822e+00
8.767891569166993193e+00
1.405960601312842506e+01
1.588038804511464441e+01
1.184116938788583440e+01
1.271377016799015713e+01
1.562052091068245652e+01
1.415801209832169505e+01
1.537581290587762872e+01
1.621697795026747002e+01
1.353036033406918293e+01
1.424653296861301754e+01
1.485276417479391320e+01
1.372465809177730733e+01
1.561600679924790569e+01
1.626529003263492967e+01
1.433002457819990916e+01
1.423196862111998939e+01
1.297729195213122821e+01
1.523731719426997344e+01
1.330727266816465892e+01
9.433172635151796825e+00
1.342502535869600777e+01
6.450056226519318869e+00
1.246965610377953126e+01
1.380218662219704839e+01
1.175573288506582159e+01
1.436493495132766540e+01
1.543630843587111379e+01
1.366963306604371553e+01
1.424721411607440302e+01
1.444683115687201358e+01
1.580661189339582506e+01
1.619389714093588140e+01
9.756844375884831777e+00
1.440815404114950482e+01
1.089871956280233078e+01
1.562161165120195783e+01
1.354247498476897782e+01
1.604912228781181582e+01
1.449683266698014350e+01
1.436493495132766540e+01
1.552936124050447120e+01
1.556658339872188712e+01
1.309216599505628409e+01
1.243931269197186751e+01
1.629344556715178172e+01
1.566671392463514501e+01
1.253065927053874518e+01
1.421988584583110438e+01
1.583509332364656430e+01
1.411704845588846879e+01
1.453584874144382155e+01
6.636632102972949809e+00
1.596812396062127704e+01
1.428001718345941917e+01
7.054423831305896897e+00
1.501203751965846322e+01
1.447993181980475796e+01
1.427087835872385924e+01
1.628019603457422804e+01
1.568997589378178148e+01
1.542201163968229238e+01
1.137383623525797560e+01
5.809485161790695074e+00
1.436562430925444289e+01
1.341423764790591733e+01
1.217480686738439033e+01
1.450115396052633443e+01
1.403293791242936095e+01
1.434087166577948835e+01
1.430214461920550306e+01
1.428965348889367526e+01
1.007362833558906345e+01
1.563085184830110208e+01
1.410440080432654852e+01
1.572332458716216941e+01
1.493159119250301359e+01
1.502215520259398929e+01
1.451879538465016495e+01
1.160075511128841086e+01
1.397262208631921609e+01
1.472923289966348470e+01
1.610836273189932655e+01
1.607259226026580734e+01
1.000631356770066382e+01
1.465327130272387990e+01
1.264022269010503052e+01
1.232221276086258577e+01
1.617502303283731635e+01
1.466676208176799889e+01
1.393881136331652471e+01
1.427244052201673341e+01
1.457556419901517586e+01
9.230323500776655976e+00
1.563808495889225370e+01
1.418720814157424215e+01
1.491381462700589111e+01
1.592834147903647768e+01
1.428461460760587798e+01
1.468506279399357339e+01
1.442507214209937061e+01
1.626701730391965839e+01
1.302430928521288322e+01
1.443485945828116712e+01
1.437907279630361757e+01
1.598252239594266477e+01
9.750622119684896560e+00
1.439178061368430583e+01
1.553794568202092385e+01
1.482513383578237409e+01
1.420446655646859035e+01
1.371071450378679302e+01
1.490432921852330495e+01
1.392570035537600681e+01
8.512860452006275835e+00
1.397919036647813584e+01
1.410034849695362880e+01
1.151652018620854001e+01
1.177001573016605818e+01
9.356919605779243199e+00
1.522438098231251047e+01
1.441542438200755427e+01
1.470503889650207441e+01
1.587786040131960164e+01
1.387217039140726449e+01
1.328753589498984411e+01
1.067608135093600019e+01
1.447612847599455677e+01
1.601146033434038074e+01
1.416747297982890785e+01
1.498210381486187082e+01
1.577607063154073863e+01
1.543548859307687771e+01
1.613915897219726503e+01
1.527363150772906053e+01
1.049059135378502639e+01
4.753662744645657412e+00
1.438513405764733477e+01
1.434707339366404355e+01
1.592984162620459720e+01
1.416876956173030422e+01
1.594208143691831125e+01
1.472432575155517043e+01
6.629799034266605773e+00
1.339152849704147386e+01
1.541844736950461581e+01
1.523824964228607826e+01
1.519173206715437274e+01
1.275832082093261377e+01
1.439520833155262913e+01
1.623973997344482001e+01
1.555025783162863462e+01
1.625325819827994067e+01
1.513247527508444712e+01
1.556891532754709218e+01
1.443142398834924656e+01
1.518349270617956570e+01
1.067608135093600019e+01
1.304999169977023676e+01
1.384858129886905331e+01
1.524686547037565632e+01
1.552730945744436397e+01
1.545150058658965619e+01
1.386637283786001440e+01
1.593469618296306578e+01
1.532000684369750587e+01
1.560669693619157350e+01
1.432790760465476865e+01
1.527062907287634985e+01
5.853128499418177810e+00
1.462478631058372613e+01
1.367127797472564943e+01
8.137248326892423833e+00
1.445859410696177783e+01
1.452210494577270339e+01
1.426897669655624590e+01
1.421708628469704294e+01
1.574509828003553835e+01
1.445478915555733757e+01
1.416650151894219078e+01
1.272276546203315206e+01
1.581016240107159376e+01
1.329053221120378048e+01
1.600854586440381411e+01
1.416009749348047819e+01
1.613241664590751867e+01
1.478344725078809141e+01
1.528087518505321540e+01
1.404278473433226537e+01
1.583628352886964308e+01
1.524686547037565632e+01
1.571715744978271267e+01
1.411911275844654412e+01
1.446483348721831241e+01
9.982798404777520673e+00
1.473076169329704399e+01
1.584092655019456508e+01
1.451007718573551841e+01
1.491147247413839239e+01
1.434459258510485391e+01
1.457960230078806063e+01
1.569699490401691477e+01
1.478027671917500285e+01
1.309216599505628409e+01
1.262942341452766648e+01
1.561045117744222921e+01
1.184429362007979769e+01
1.472649112937823546e+01
1.437724546174876039e+01
1.548647491823914102e+01
1.628992361503504682e+01
1.183725742877776455e+01
1.490879738787562658e+01
1.442357181456447535e+01
1.426010845367624569e+01
1.452336995599893754e+01
8.056942670850979482e+00
1.467494663430359481e+01
1.332984205213528028e+01
1.439020743177929518e+01
1.457264616039938332e+01
1.540453902813222342e+01
1.464690300507398746e+01
1.611686948910264405e+01
1.562301628708387824e+01
1.547593108888990443e+01
1.621053783796188696e+01
1.428582418386498532e+01
1.291530322518249640e+01
1.421999058684701467e+01
1.451774224289094661e+01
1.447943175350493838e+01
1.504929169802192135e+01
1.338383852597845802e+01
1.444570404222318416e+01
1.611811162506718276e+01
1.513732250641642452e+01
1.550204573393627605e+01
1.430634062653373206e+01
1.361551947977454802e+01
1.048716128035871797e+01
1.423186737330697582e+01
1.516956244696748968e+01
1.358959527930236888e+01
1.433002457819990916e+01
1.492242868645417175e+01
1.496473925972366104e+01
1.477201794002751001e+01
1.428135207562298703e+01
1.442725349616439345e+01
1.459375720002035237e+01
6.004160660856601162e+00
1.444447160747117920e+01
