5.654669165959315706e-04
1.590081790539976821e-04
8.637858617630727372e-05
8.437596562559629258e-05
7.187916628025683736e-05
1.122921482619719286e-04
1.433606446823652272e-04
2.484842500852839364e-03
2.300244653352775048e-04
3.408912826601239441e-04
3.152796291465170711e-04
2.519089971878172955e-03
2.178856417000026371e-03
4.605173971772657626e-04
1.405003796626971412e-04
3.152211157152770647e-06
1.314624424386081800e-04
5.585448253102043439e-05
8.629758500066186770e-04
2.186220800774872793e-04
3.210233204584992338e-04
7.885482781005158414e-04
5.467861032861783682e-03
3.775559137610773146e-05
4.773900957305807517e-04
1.227222760108279305e-04
1.187889164939537929e-05
9.107324376384587101e-04
1.241780003935134716e-04
3.685189809530228290e-04
3.266559547154143867e-04
1.867016745882320631e-04
2.677086702478325350e-05
1.171598013226050802e-05
3.803661516755705782e-04
6.619414739077450829e-03
1.082004851411380109e-04
7.429437032504818605e-04
1.750948590139225086e-04
2.493690935356634783e-05
2.476641625160125619e-04
6.061649169133376339e-05
2.029006514229114884e-05
1.169085796200755980e-03
1.185965758096993200e-04
1.121135874596320895e-04
1.883758506376566517e-04
2.765288180437411834e-03
1.250168779625141153e-04
2.988742642092952215e-05
6.097836985335486305e-04
5.291775994255124466e-05
1.579186330676318739e-04
1.372439879216176985e-05
1.203303482238378972e-03
3.495386668619788941e-03
2.822563053364140952e-03
3.736882107789994559e-04
9.188976748862770526e-05
1.464402779416419111e-04
1.411671756973151889e-03
6.458634221027191764e-03
3.403139423714891310e-04
2.587475853527827188e-04
7.286444300064439869e-03
7.672895480749526015e-04
3.008606937826222971e-04
5.730078787508401854e-05
4.483174518802596079e-04
8.410417304970136277e-04
9.098820060946231043e-06
6.057926353296110266e-05
2.894019068187174502e-03
3.057954033899160161e-04
1.434660699519416441e-04
2.435155172455282169e-05
7.334205317605886957e-05
1.021473452371598903e-03
3.469934093430301512e-04
8.521007831314797800e-05
9.768022922844805847e-05
1.075734142757016993e-03
7.231963689068896240e-06
1.524460797823945848e-03
2.130463519276699956e-04
1.645685041519449909e-04
1.136139047029612259e-04
2.537738433240443298e-04
1.512500539296978287e-04
5.456940840747732903e-04
6.025059525923190775e-05
3.014182668000142847e-04
3.402354273765529138e-04
4.885713379691805636e-04
5.095727169246401164e-04
5.095303734207020296e-04
1.154681061007821955e-05
2.910712457075252408e-04
5.331670837114585275e-04
4.626750048316480865e-05
8.734172397826325818e-04
5.258625614959830516e-06
9.643047890608833937e-05
4.648754199986926058e-03
1.244328305956504492e-04
6.443510008704435126e-03
3.486618748243873033e-04
5.458547142649059240e-04
2.025384008302317290e-05
5.510926512109418215e-04
3.428923232419949126e-03
3.014182668000142847e-04
5.355407884469737511e-05
6.344323962028869455e-05
4.346299325989148301e-04
8.200644109105555959e-04
1.167093124726305796e-03
1.727296113307720754e-03
5.749672848405340796e-06
1.981780952640330975e-04
3.899591840589205550e-04
8.152904709926872160e-04
4.766903543750068695e-04
1.267263479551586056e-05
2.017835487085372953e-04
7.730074860191612574e-04
9.960598308971983610e-04
5.061023349791455780e-04
4.020119560719526695e-05
1.655789946142337396e-04
6.012450196655217413e-04
3.627355016559998376e-05
2.249679843659841728e-03
9.856558988508264466e-04
1.085961374338707472e-03
3.053815595086676097e-04
2.467797160082244208e-04
2.276783476214650718e-03
3.222409988306845080e-04
1.068058070030636765e-04
3.068771451189293478e-04
3.470939257181227022e-06
5.975415498083025000e-05
4.537927284949110074e-03
6.653028576172094206e-05
1.216726321098198600e-03
4.200328276859535540e-04
1.079987143385366242e-04
1.279165945187412355e-02
4.929738263517399223e-04
3.805514110012669379e-05
6.634631456606486771e-04
1.665071110755748346e-05
2.212773360061660627e-04
2.621890606603173926e-03
1.794882657171467178e-04
3.367463972759010505e-05
2.081675567728753773e-04
3.166115568158717718e-03
3.756949820238662487e-05
1.445921607088084633e-03
1.208613335008804210e-03
2.663671803341005097e-04
2.580411859732552196e-04
4.630714299692478483e-03
2.729292259696825158e-04
2.097089021121307292e-04
1.154533573470126109e-04
1.477253775795644292e-04
5.702318484802905397e-05
5.142328831313067910e-05
3.470939257181227022e-06
1.362643492307798448e-03
3.414742130991769531e-04
1.829630882592892980e-05
2.788378360037054851e-04
1.928235622464197034e-04
7.881118828592755714e-04
8.712954577678606307e-04
9.107324376384587101e-04
3.112345584877014202e-05
1.114760779184669056e-03
5.752760013595613986e-06
3.101480030353488676e-05
3.007901425356325939e-05
1.116934113123171620e-04
6.615338118077073414e-03
4.406989430109879290e-04
2.106381646194339951e-04
3.082294863939778621e-05
2.843946966380330767e-03
2.959612243055580356e-03
1.687238944867856024e-04
1.824642624217749556e-03
2.212773360061660627e-04
1.135798012209980135e-03
6.143941818265077209e-04
2.277980242278019579e-05
2.570244801207395634e-04
1.136632643275989655e-04
9.217996027431795553e-03
3.016312162304684609e-03
2.097325183005083508e-05
3.108812141570350897e-04
3.689630208967067124e-04
2.505277476847172623e-03
3.333465882843080570e-05
7.376978806117538137e-04
2.909825928780220876e-05
8.153931774760909620e-03
1.507416726774451780e-05
4.041316201005714471e-05
2.393665076353300371e-04
1.770238489372094864e-03
3.239145654272963495e-05
3.788346375519508337e-05
1.924689940662005852e-04
4.306747130224771651e-05
5.079795420321439776e-03
5.988509644998675063e-05
1.207924940379955306e-03
2.753513307981126572e-04
2.124060831465751544e-04
2.118963643324531755e-05
2.659509572501188388e-04
1.265729450548437423e-04
8.332999635474864358e-03
3.289619964250334230e-04
3.142523367967501560e-04
1.819409881272150004e-03
1.452860032540996419e-03
1.290817898741632478e-05
2.242271123945974252e-03
1.738039567867334309e-02
2.129156504375381435e-05
3.139158519392316231e-04
2.380430350194035394e-04
5.427309002901436856e-03
8.670238422498081693e-04
4.657251365875191311e-04
2.369909245882764574e-04
3.216321895650742766e-04
5.088469978564029482e-04
1.849201978776534385e-06
2.557114599646976693e-04
3.396394936640564975e-04
1.988688895484278050e-05
3.304291675500836608e-05
8.993072266187303061e-04
1.887721345714614245e-04
1.064246758305739194e-03
2.927210745401826928e-04
4.041316201005714471e-05
4.560494388465967733e-03
5.179396576872640813e-05
7.678485499764789749e-04
1.494484725151173922e-05
8.863070394591437669e-04
2.795245946160474968e-04
5.381649382010896725e-04
1.006702104707326900e-04
5.491983681034568777e-04
5.258625614959830516e-06
2.517477823818923188e-04
4.444933697285528666e-03
1.325840724296337050e-04
5.133012757001868798e-05
1.686674476394375377e-04
9.926545913687712401e-05
1.385383252137815414e-02
5.970740601737953724e-05
1.460826776337610438e-03
1.981121493727367171e-05
1.431575437813616938e-04
3.433429644824112612e-04
5.492266980484631245e-05
1.819482254326276163e-04
5.810637397048362728e-04
6.273860108606260514e-04
3.718155915742731189e-05
1.106903569156301743e-03
1.117680348987338233e-04
7.029414768377547512e-05
1.515284361283760113e-04
7.594614714958404125e-06
3.210833826891368922e-04
2.477841669594548518e-05
1.618505091773103448e-04
1.964220511428799743e-05
1.445356412665198633e-04
2.518027911968131159e-03
6.950496097465333131e-04
2.597687037573838680e-04
1.364885008270381376e-04
2.420474704759030798e-03
1.519302321729695228e-06
1.034424838113246706e-03
1.872644780595713687e-04
9.483671724667868731e-05
1.042427950201757866e-04
1.891469910839747707e-04
9.596327301866487518e-04
1.038166517043547605e-03
8.087363175820313076e-06
2.249679843659841728e-03
2.783716585668737998e-04
1.752576084383214330e-04
2.615662121783311343e-04
1.994121090539568584e-04
2.707864108327799352e-03
2.003272052005935534e-03
1.405356582443711825e-04
8.388428568329917272e-05
2.102257589938668752e-05
2.359433028705344119e-04
2.346640158465701650e-05
2.429054570128360961e-04
6.929159910481298484e-05
4.654542086209481730e-05
3.617257303793380748e-05
1.347841910235332704e-04
2.299727393737442769e-04
9.664303646164306439e-06
2.316560360060214343e-03
1.549122919010011157e-04
1.190209668060036342e-02
7.157003753960282226e-05
3.716512667078717536e-05
1.201670820606975281e-04
5.789389804454643778e-04
1.153700255672554000e-04
5.876297543501442201e-05
2.010769706196624947e-05
2.438612795433770279e-04
2.574389001956633484e-03
4.066606232822974910e-05
3.396394936640564975e-04
4.664585326404556659e-04
2.550232664781685864e-05
5.158674952806591900e-04
1.955094206700592671e-04
4.182221288708624571e-03
3.189405655926857698e-05
5.176198948939318310e-04
4.498826057794873094e-03
3.479510571955461860e-06
1.254219146486724383e-04
6.989160893013477305e-04
1.864412769563104238e-04
1.061464955544022407e-03
2.299727393737442769e-04
1.986469949385444972e-04
3.380142557195561597e-05
1.775854644455055885e-04
7.290198520754598256e-05
7.868428685240385088e-06
2.578575415985663501e-04
1.343636134621569963e-04
2.032386561572889928e-04
5.509010090720311203e-04
9.629695234706077780e-05
2.290329225629856127e-04
3.113474692280967658e-04
1.960635626179930296e-04
1.332379899388408838e-05
3.288804150679696791e-03
1.508934705301183644e-05
1.983112132433963355e-04
2.479596417759527636e-04
5.399895376879210174e-03
1.772722277549985015e-04
3.445094256838154151e-02
7.235243852703606923e-05
1.404181259169507041e-03
1.849201978776534385e-06
7.685926905513903919e-05
6.488394476650490592e-05
1.924145171370787017e-04
9.375841279754873990e-05
6.710703959972707383e-04
1.153700255672554000e-04
5.327130458409646847e-05
3.805514110012669379e-05
1.036850009991732724e-04
6.026264750996686856e-04
8.023808556849123700e-06
4.904270185223046606e-04
6.006822677237156667e-05
4.159763904528561125e-04
6.901628987487580568e-04
5.941937257524395986e-05
8.689822223827722673e-05
9.004015995499878907e-05
7.479254945152763630e-05
1.972591588958939770e-04
1.535615242936503536e-04
6.992114115514290961e-05
1.357993744597180402e-04
4.929873865139223811e-06
1.619389215930072375e-04
3.610254140408900134e-05
1.553372511867048876e-03
3.984814696475903577e-05
4.553037669716837013e-04
2.659441317468866955e-05
3.108812141570350897e-04
1.655789946142337396e-04
9.668577747643068850e-05
3.717438975544499883e-04
9.165414046236710678e-05
1.048792888065347141e-04
2.909264877394553836e-05
6.618044575387016688e-03
1.678661736207122032e-04
3.770906575453248939e-03
1.227100978527593004e-03
5.219726608889888216e-04
2.060464158193512946e-05
8.040324752229139607e-05
4.277815339473515187e-04
4.886090794086519465e-04
2.435387212942902689e-03
6.982630184320268662e-05
1.359077425627454707e-03
3.641575123732426734e-04
1.187337369266678642e-05
2.180406194096731493e-04
4.191051415521116863e-04
2.073675786712200677e-03
1.338267641711641750e-04
1.407416162652975545e-04
1.036617811837263443e-04
3.189784473618285520e-04
3.241902028980749723e-03
1.101252053355684270e-05
2.537738433240443298e-04
6.184444826157455477e-04
3.945273918675621478e-04
1.442632615845785941e-03
1.880359369871396490e-04
3.610254140408900134e-05
1.344832730421694714e-03
2.085557477799092197e-05
4.480896999385926283e-03
1.542399746990151012e-03
7.067905165848052066e-04
6.203282563057796201e-04
4.698610726321356232e-04
7.881050207948211506e-04
5.126602032434887310e-04
5.819860113518254661e-05
3.452548926605388284e-04
3.503941077823866194e-05
6.848671372371618752e-04
4.767503274759239153e-05
2.690880635827043780e-04
3.508743167601380730e-04
5.247244459991152023e-04
5.456854242882378620e-04
1.958123764828435321e-04
4.467581490157531733e-03
3.376311763828824955e-04
7.684825666595053624e-04
3.400094233522291988e-04
2.443828531284706652e-04
4.020796547380014698e-05
9.152427894859275364e-05
6.164716901773246343e-04
3.879001516365649868e-03
4.892620859264644462e-02
3.452548926605388284e-04
5.258625614959830516e-06
2.450631940822073449e-04
6.835972452916439651e-04
2.127335981907178979e-05
2.373942990208194933e-03
2.457128906767000725e-04
6.098742769584441841e-04
3.747882850574623119e-04
5.206001133224039470e-04
1.289870195682353820e-04
1.042553108293648921e-05
7.652868099299572804e-05
2.958273601866063043e-03
9.200325943974452074e-04
5.448860391262441965e-04
4.144030485997628145e-04
3.462359286519379082e-05
9.308331325254153889e-04
5.025931132046630143e-05
4.063889002437719839e-04
7.317287552140709249e-04
1.954001568214401444e-04
5.682107655804698784e-04
8.538214614181177404e-04
3.147299650219711076e-04
3.739380312567166208e-03
3.674769007089928401e-04
4.480896999385926283e-03
1.241780003935134716e-04
7.661634934757037031e-03
4.560494388465967733e-03
4.391248057246156106e-03
1.081594337630457343e-05
9.204323360947741083e-05
5.909948945721943837e-04
3.936065575018750807e-04
5.162373659030937943e-03
3.560716342462004133e-05
3.112156421996990123e-05
4.303133847697740238e-04
2.064266918336391237e-03
1.802597035195874990e-04
1.187889164939537929e-05
7.594614714958404125e-06
1.330150260380327050e-04
1.524225957418412058e-04
4.822942591299524411e-04
3.609659987128619737e-05
2.187470132456024549e-05
1.806997540306618761e-05
4.276774001123005421e-05
5.727548182230650251e-05
4.512645747412529434e-05
2.331956686570122253e-04
1.545105331726236717e-03
7.728405970804157156e-05
5.545696892678014540e-04
4.656683295332548919e-05
1.851504288023228130e-05
2.186655508406833582e-03
7.089636949257266721e-05
3.375807825783750174e-03
4.529411903760229420e-04
6.242958528261594899e-04
1.511037720054943202e-03
8.176812331519889331e-05
2.933770759922528482e-04
3.555474885355809807e-03
4.918878710494388375e-04
4.520993366998431596e-04
1.539594018136339955e-04
1.967177491545651317e-04
2.648635963999394728e-04
2.147903298510522559e-04
2.817010011275910612e-05
1.911050157087186216e-03
3.152211157152770647e-06
2.147534862976831408e-05
7.306171602121655842e-05
5.211937000418664923e-03
5.127305779695463599e-05
8.882391171524276017e-04
6.822514807275491892e-06
3.420961865364792009e-05
6.507158646062668507e-05
5.316069090696264390e-04
2.950662190649434215e-05
4.156920117936795805e-02
1.100594793893131017e-04
8.231608691387555131e-04
4.816324480349543102e-04
1.081594337630457343e-05
8.637858617630727372e-05
1.758904372202151089e-05
7.594614714958404125e-06
9.316645430723725701e-04
3.984682078125709377e-04
1.131042539982424731e-03
1.165354704610756362e-04
1.674964270213262008e-04
2.998198585795469086e-03
5.976269024430693562e-04
5.179396576872640813e-05
1.094218448349957955e-03
6.748868015857190821e-05
3.101776140775162351e-04
6.075548403097416617e-04
8.086664768860576266e-06
1.914333209817749542e-04
3.470939257181227022e-06
1.537580031459576113e-02
4.783065556940413032e-04
1.127900694583188395e-04
1.114760779184669056e-03
6.911664050298882119e-04
3.489359318941011984e-04
7.560783679968212823e-05
1.820324300463968710e-05
4.815111946333519750e-04
7.091229644611686891e-05
1.733585045314713053e-05
5.229191941108556974e-04
2.434511400908750142e-04
2.722028500267037032e-03
3.074899158290016481e-05
7.328349292475625214e-05
7.652753374531562596e-06
1.041834515147475621e-03
1.781346470531151480e-04
5.444819666375795575e-05
2.196610899173746559e-05
3.500805047596218045e-04
1.189753564978723078e-05
2.113559311693220810e-03
2.259851076152297959e-04
1.168633900068823350e-04
8.896466612491302261e-04
9.443798919829095100e-05
6.288326548036096220e-05
1.481191264687437578e-04
2.614749614076309530e-04
4.492730958730506885e-04
7.143839729637120606e-05
7.560957152458603996e-05
2.072354678646212624e-04
1.661526081522702409e-03
2.733819737145289934e-05
3.535796009056289368e-04
3.946455580511479895e-04
1.318161680084204042e-02
1.362543457128904034e-04
4.113492314418005472e-04
2.449448705465769147e-04
2.720339926124851898e-02
1.390941985875814176e-04
2.507280713630640877e-04
4.648834735145587272e-05
3.561630787539184781e-04
2.301427601891483580e-04
4.415077301730104334e-04
5.550794007563769660e-04
3.835444052412249617e-05
8.050053019778227606e-05
5.219726608889888216e-04
5.500139016113894099e-04
7.862227543415871011e-05
2.560678977910479525e-04
4.710382490938678319e-04
3.157138377354052066e-05
6.950496097465333131e-04
3.295335126900472944e-05
2.141539184970264978e-05
6.365252265997759472e-03
4.462863397310019322e-05
6.937163266477770068e-05
8.575774209434329075e-05
5.333516940880511908e-04
6.320340920379084499e-05
9.556837240770620773e-03
4.501658554581520859e-03
1.849201978776534385e-06
9.059124897904331558e-05
7.319092563206055168e-05
1.033125364733000989e-04
3.019722907651432604e-04
3.456576230286980507e-04
3.157138377354052066e-05
6.166614613506199351e-05
3.635880982399130332e-04
3.152796291465170711e-04
9.048399026557182173e-03
2.097325183005083508e-05
2.492747057644566615e-05
3.804005529050646993e-04
5.640205360661893332e-06
9.942749227687354343e-05
3.895733946076812668e-04
1.958123764828435321e-04
3.029074595539599278e-04
1.521714866637082105e-04
1.413052611258058095e-04
9.488581139647829651e-05
8.327622294326946515e-04
1.800600043879529532e-04
5.061023349791455780e-04
2.392386576020589497e-04
1.544188952328355330e-04
2.884408592473796377e-05
3.053815595086676097e-04
3.699325947200368702e-05
3.452548926605388284e-04
7.419925009294557052e-04
1.494484725151173922e-05
2.167786630325888378e-03
1.036235849025069801e-03
6.689525014566702701e-05
1.030408748066291168e-04
4.203608984916973779e-04
5.669621406935819447e-05
1.446139759527624591e-04
3.014155384805999264e-03
1.088202534990765800e-04
5.376801730484615554e-06
3.557839950391134204e-04
4.391451360748585726e-04
2.659509572501188388e-04
6.013138488575203743e-05
1.091442153324455756e-03
5.121958504980432059e-04
3.673890413011052843e-03
3.250817340927379185e-05
7.652753374531562596e-06
9.701542821117674137e-04
2.045705498233290655e-04
3.006835480542293260e-04
3.086074163384252915e-04
3.109388977899093338e-05
2.364218416970076159e-04
4.323969874366276204e-04
4.803839524728825998e-04
9.845532348455979897e-06
1.879561558935630334e-04
1.203089276168003763e-04
8.972372558201726104e-05
3.127297058482867548e-04
1.191624624407493227e-03
1.890487347097056549e-04
1.317420995399774976e-05
3.658166616365233830e-04
1.428861816666113606e-04
3.024959803162439575e-03
5.020389503620409149e-04
1.896758195597344652e-03
2.494116021542456971e-05
3.464081074210034967e-04
1.535090488016666163e-03
3.385551217564267726e-05
6.416205803561989430e-04
7.302781428868084001e-05
7.312086141909924543e-04
1.792519805694857199e-03
1.329706745608805313e-05
1.125476286679955962e-04
6.484407919897430123e-04
1.090123126611694488e-04
7.667434558790244318e-05
2.862771012795264154e-04
3.347643119039565287e-04
4.929873865139223811e-06
1.860180165309346413e-04
3.029994457450418737e-05
5.682107655804698784e-04
3.528987259986059166e-02
6.075548403097416617e-04
1.199083789001716323e-04
1.356344566566870021e-03
4.957682053320363680e-04
1.000691215275732304e-03
1.559582441344914449e-04
1.058554359826711141e-03
1.208613335008804210e-03
5.635686910882107826e-05
3.637934964792517364e-03
1.656914631831930308e-03
1.470030250540551729e-04
9.861074051065595410e-06
2.586948706967096782e-03
1.112667230806224303e-03
5.909335132707404598e-05
1.333980160320596172e-04
3.085598234327625606e-03
1.338223624264992060e-03
7.362213371067407534e-04
1.432035362301198991e-05
1.548110071519570108e-04
8.739845624281405859e-04
6.061181568832190890e-04
1.199667143575378276e-04
2.321094779275102401e-04
4.560494388465967733e-03
5.163784834188738957e-04
3.310671198645300244e-04
1.051424893489621667e-04
7.258481525671322881e-04
3.282092615930780924e-05
6.476250525181571210e-04
2.289169220433663696e-05
2.160265888645396139e-06
4.031419602416135266e-04
4.340059243866611861e-04
4.033362445929206401e-04
8.166265999218371265e-05
2.630113206932109798e-04
7.030754485878144095e-04
3.618028276964185006e-04
7.429437032504818605e-04
2.246118823268218969e-04
3.318557574849578286e-04
1.028274111703164325e-03
1.776356168277105343e-04
8.327439729965484770e-05
5.755554769043770905e-03
7.227901528855069447e-04
1.455930149099320266e-04
9.554171380999994440e-05
6.245073685629190649e-04
3.999403513065054750e-04
2.862634157743329110e-04
1.091907280678300677e-04
7.202760459521249719e-04
9.147574378401353333e-04
6.006776510631557620e-05
1.820258297638509379e-04
1.867016745882320631e-04
1.270782760618419165e-05
5.595911306580117836e-05
8.358219407470655535e-05
5.364325684536626034e-04
8.856697569202198685e-05
4.763170079749042387e-05
8.015618968681381381e-04
2.160310949164407582e-03
2.273974557478076753e-05
3.550091921811785118e-05
8.085903811923653335e-06
1.519302321729695228e-06
4.668613223208974042e-04
2.268909675667068950e-04
4.366515031387813747e-04
1.685800928805656065e-05
1.081594337630457343e-05
1.030286150716627135e-04
3.712188827821618058e-04
2.032026878444396741e-04
3.049062679205404464e-05
3.694140655148494428e-04
1.705421538407643814e-04
3.367371498138226684e-05
1.254242322493895883e-05
8.511757642910013858e-04
3.961933950325501074e-04
1.411536664137097333e-04
2.083700803480903084e-04
2.581904345842074805e-04
1.337616450325436034e-03
4.742107198733803899e-04
6.575230798020522205e-06
2.948081091763334201e-04
1.031179679655550930e-03
8.327439729965484770e-05
1.470399818647111039e-04
7.717951819960582581e-05
4.917148375860641747e-04
5.744569914567616201e-06
2.035015514133726332e-05
4.701809166896874837e-04
5.561722189101705495e-03
8.662408628809526714e-04
1.721067379485321646e-04
3.287414228645106108e-03
5.861730891751269589e-06
3.101776140775162351e-04
5.688065248798187959e-04
1.070068936832952768e-03
3.486618748243873033e-04
4.943808254844405618e-05
7.890140689073685612e-03
4.822942591299524411e-04
6.106203033822923563e-05
1.320307272416229008e-04
3.084228904883331055e-05
8.170894312415911661e-04
2.257746211542610939e-05
1.202254328711946130e-04
1.325840724296337050e-04
6.695156863826616208e-04
9.333248814386413655e-05
6.519207776099158363e-05
1.999146388197689040e-04
2.001073547145004077e-04
7.541080774975983695e-04
7.868428685240385088e-06
7.881118828592755714e-04
3.646400366132012999e-05
1.944026582113461991e-04
4.607509737414651127e-03
3.174896410470934012e-04
4.704037081768615964e-04
5.800378310868744126e-05
2.068760253319496347e-04
5.409118183385521264e-04
3.960060153214855789e-04
5.018199079534246446e-05
4.345833125423696124e-05
8.086664768860576266e-06
6.213844630331582554e-04
2.320047516183483809e-04
2.437286678173669011e-03
7.638142674008138147e-05
4.398694225929185167e-04
7.189956625891448863e-03
8.056529585804239309e-04
1.202054492238162483e-03
6.968922017794205732e-05
5.476456135739296528e-04
3.593024393665581742e-05
5.002855319823565615e-05
1.900328562780815612e-05
3.484535684294374613e-03
1.257710703208646686e-03
2.244040434923441204e-05
1.535090488016666163e-03
5.900799849148293539e-04
1.169032942410880532e-04
6.245073685629190649e-04
2.751491005689419048e-05
4.900948990641321168e-04
8.891325266454207384e-05
1.425618843623625625e-04
1.233800563390640304e-04
1.689096840612110042e-03
2.769260182989239922e-04
7.299094216954167694e-06
9.402161807148684287e-04
1.233880399085537103e-03
1.449805565609841923e-03
3.649017317436672059e-03
1.384844426274336891e-05
1.785789794951543477e-03
1.187142109341990728e-03
7.216925118727143687e-04
4.986444094454872586e-05
6.058001449066801681e-04
8.900388960685373283e-05
2.299619587311399580e-04
2.573717093330660797e-04
1.853948389557067658e-04
4.784319626908198298e-04
1.031644057824625260e-03
4.481214222306778583e-05
3.470939257181227022e-06
5.803792286319112456e-06
4.878585589676524685e-05
4.232237431873330956e-04
1.011603814671732931e-04
1.187337369266678642e-05
1.412338317869743076e-03
2.117238899666871836e-04
2.815126744234814661e-03
7.620880108790597639e-04
3.246899105679698015e-05
1.728607895827014625e-04
5.535447834647340588e-04
2.310644950066770688e-04
1.034424838113246706e-03
4.351523345782628378e-04
4.023304605302028994e-04
1.849487966268945419e-03
7.313332920778451991e-05
8.637858617630727372e-05
1.949659060173575395e-03
7.152002040611776064e-04
7.338133641576501771e-05
2.085760176216997896e-03
7.881118828592755714e-04
5.895439147898830856e-06
1.183376756849675876e-04
3.846637519348408869e-03
5.687774263185168172e-05
3.303368809101266991e-03
9.845532348455979897e-06
1.260808097665122932e-03
2.287239500760065948e-04
4.938378011324243343e-06
2.764716611632127979e-02
5.054234981689975518e-04
2.142840203520513399e-03
3.174024415792313863e-05
6.081827700675647403e-05
8.972310644377727877e-04
7.295178670583110832e-05
4.461266601423037538e-04
1.066983729688864317e-03
2.020432198642479050e-04
1.598155852868856893e-04
4.206029679961652756e-04
1.661980459167221628e-04
1.191130926599325577e-03
8.104636621405938556e-04
5.727548182230650251e-05
4.560494388465967733e-03
7.187916628025683736e-05
3.721089539635635482e-05
2.524223750056603442e-05
6.048013847429864649e-04
3.641767338745815108e-04
2.043620313181697976e-04
1.099761261431295113e-03
3.637392403266612357e-05
5.331556083812996573e-04
4.106401707616428101e-03
1.028460463229254870e-04
2.308653912538804153e-04
2.121374287851242606e-04
4.038999940478507286e-03
3.846637519348408869e-03
1.960073305419068293e-04
7.228659109015440789e-05
1.388763627102355068e-04
