8.566713442562890608e-09
9.797415332715480287e-08
6.797449451028044636e-09
9.166711477066127529e-10
2.479360680266972064e-10
1.088559827634947402e-09
6.314562566042399680e-08
1.162060814775870380e-07
1.045367475897707871e-02
7.305623844913516315e-10
2.481134589098053017e-07
8.993147345443873979e-09
9.288266684252463892e-09
1.406749855124715355e-06
4.916796877395173899e-10
1.077714265868542402e-08
3.624155503466209198e-08
1.239678685288891586e-08
9.166711477066127529e-10
1.194326521812933359e-09
3.983831712376871457e-07
1.371947014731739995e-09
9.723353770677516729e-08
1.286553083500847309e-04
3.344263839045542857e-08
2.566003464578316344e-06
3.862777961308882567e-08
2.139823851626933308e-09
2.896768886562925934e-09
1.768427979539608601e-08
3.596034599204502077e-08
6.436833488301163783e-09
3.642730580753765562e-06
3.682247822191441856e-06
2.158464319112803047e-07
3.077337884384505980e-05
3.668410517176097209e-05
3.009598539450203382e-09
3.745547522791265869e-07
6.771801660406327532e-10
7.356143473601071743e-06
2.932324175055489333e-08
2.212748343829375284e-08
3.762096684638001084e-06
4.072668448076201401e-08
2.304182608959245765e-04
8.218486941372959588e-09
1.406749855124715355e-06
1.808501124464143876e-05
1.006081385414321711e-09
2.632200317630505068e-05
2.481134589098053017e-07
2.198488355225195101e-09
8.952608012173499560e-08
3.009598539450203382e-09
1.180461224846334919e-09
1.109248618247920543e-09
5.243541329650464087e-07
1.088559827634947402e-09
5.453712934740084759e-07
8.407988087090695729e-07
3.862777961308882567e-08
1.406749855124715355e-06
3.282743899988027492e-08
2.185192547074900804e-08
2.659977398454094467e-08
9.800602025556204673e-08
3.624155503466209198e-08
2.393063873223461833e-06
1.109248618247920543e-09
1.131131737781035706e-08
5.698650216540099654e-09
1.187312523423243784e-06
3.697570633980995928e-07
4.296368234360883261e-09
5.913752096397159030e-09
1.006081385414321711e-09
4.417557488648769844e-09
2.476645154172827566e-08
9.166711477066127529e-10
5.002566335310151716e-09
1.077714265868542402e-08
1.482049914560887945e-08
1.206553905832443280e-08
1.117875212653756616e-08
1.109248618247920543e-09
1.215399831011152641e-09
4.254654947315027723e-08
1.794328823432532047e-07
3.791102381796114052e-10
2.700762018991840945e-09
8.407988087090695729e-07
2.095557052851099928e-05
3.722563178638078591e-08
5.194816419980896003e-05
3.862777961308882567e-08
2.139823851626933308e-09
2.896768886562925934e-09
1.625032738383423896e-09
5.002566335310151716e-09
2.660925149113765575e-08
2.700762018991840945e-09
3.930959493269330805e-07
6.986027694150100341e-09
2.230891208370855034e-08
4.137651205085328114e-08
1.193888533293842536e-07
1.121820224408112850e-06
1.768427979539608601e-08
5.949734707020098987e-10
6.436833488301163783e-09
5.058533512585017197e-09
3.344263839045542857e-08
2.139823851626933308e-09
2.896768886562925934e-09
2.854375702661653070e-09
1.482049914560887945e-08
7.559232129238024153e-08
2.479360680266972064e-10
2.291479971086926680e-07
2.987333675686585471e-06
2.953914316185753445e-04
3.930959493269330805e-07
9.288266684252463892e-09
3.862777961308882567e-08
2.245456700916339021e-07
1.768427979539608601e-08
5.913752096397159030e-09
1.991470485605930833e-06
2.178993358799091105e-07
1.082622926876495257e-06
2.212748343829375284e-08
7.662389949659822419e-09
5.002656004478378395e-08
1.131131737781035706e-08
1.006081385414321711e-09
5.119134327388284767e-08
2.109028575015803767e-08
4.417557488648769844e-09
5.977384768457757732e-07
1.360485958588894922e-07
3.892381128634771923e-09
2.112987428885274788e-08
6.197310046292562837e-09
1.339095210637852558e-07
5.688912559841152973e-09
4.322024420022312343e-10
9.166711477066127529e-10
2.687331887847243785e-07
9.439193476515704181e-07
2.660925149113765575e-08
7.662389949659822419e-09
1.519559492167087925e-05
1.906878813490840209e-07
9.288266684252463892e-09
2.139823851626933308e-09
2.245456700916339021e-07
4.916796877395173899e-10
8.603623992285000716e-05
5.983571490044977188e-08
3.596034599204502077e-08
2.700762018991840945e-09
3.762096684638001084e-06
3.169813406634430315e-09
2.139823851626933308e-09
1.814633583408497538e-07
3.991117288754930637e-06
4.322024420022312343e-10
2.687331887847243785e-07
4.254654947315027723e-08
1.689046976459789167e-06
1.050341090211788628e-06
4.440720740766515035e-08
1.371947014731739995e-09
3.642730580753765562e-06
2.126520850468083455e-06
1.118480764009633689e-07
2.139823851626933308e-09
4.916796877395173899e-10
5.002566335310151716e-09
2.660925149113765575e-08
1.689046976459789167e-06
2.987333675686585471e-06
3.596034599204502077e-08
1.113416586628649673e-06
1.554640969743363338e-07
1.311570869186321544e-05
1.406749855124715355e-06
4.916796877395173899e-10
7.258647074176122427e-06
5.011052746438963642e-05
2.212748343829375284e-08
4.226532570627437525e-07
1.311570869186321544e-05
2.245456700916339021e-07
2.112987428885274788e-08
1.154432463456072326e-07
1.077714265868542402e-08
1.065120007394969475e-07
1.117875212653756616e-08
7.518205595495691452e-07
9.807190967387903814e-08
8.566713442562890608e-09
1.399142380890945066e-07
3.642730580753765562e-06
2.126520850468083455e-06
3.169813406634430315e-09
3.945794280039244885e-05
3.862777961308882567e-08
4.624088683133146145e-09
1.689046976459789167e-06
2.700762018991840945e-09
6.436833488301163783e-09
1.317695372142578238e-08
9.431738480078965343e-09
3.642730580753765562e-06
1.434216388430615100e-07
9.288266684252463892e-09
2.139823851626933308e-09
3.377751976436733942e-06
2.932324175055489333e-08
6.990583138782800812e-07
6.694176740869656019e-09
8.993147345443873979e-09
1.991444715677018705e-08
3.991117288754930637e-06
5.002566335310151716e-09
3.548663397052937327e-09
4.417557488648769844e-09
1.716971578264935688e-08
3.892381128634771923e-09
3.642730580753765562e-06
5.194337820017711800e-08
3.344263839045542857e-08
2.869789505316425544e-07
2.139823851626933308e-09
2.231521415376711985e-06
1.768427979539608601e-08
1.406749855124715355e-06
9.558833624784574966e-05
2.932324175055489333e-08
2.700762018991840945e-09
1.428046532697367412e-07
1.317695372142578238e-08
2.481134589098053017e-07
2.139823851626933308e-09
4.346521372109357975e-03
8.963590392970161748e-08
5.002566335310151716e-09
3.009598539450203382e-09
4.942595856577624246e-05
3.762096684638001084e-06
4.440720740766515035e-08
1.584608365616647607e-07
3.642730580753765562e-06
2.481134589098053017e-07
2.139823851626933308e-09
2.112987428885274788e-08
5.949734707020098987e-10
1.482049914560887945e-08
2.660925149113765575e-08
2.212748343829375284e-08
1.131131737781035706e-08
6.986027694150100341e-09
3.642730580753765562e-06
2.481134589098053017e-07
3.344263839045542857e-08
1.006081385414321711e-09
2.109028575015803767e-08
5.935544298130646928e-08
7.518205595495691452e-07
1.783585351545985866e-06
3.596034599204502077e-08
6.436833488301163783e-09
1.131131737781035706e-08
1.371947014731739995e-09
9.288266684252463892e-09
3.862777961308882567e-08
2.139823851626933308e-09
2.245456700916339021e-07
7.981873950304793715e-07
1.328849194761934967e-06
1.928681423529131963e-07
8.407988087090695729e-07
1.317695372142578238e-08
9.831777217275824335e-09
1.709731221892915855e-06
3.169813406634430315e-09
2.896768886562925934e-09
4.916796877395173899e-10
4.662155063284430259e-08
5.700454764211704865e-09
5.111178009609899545e-07
3.991117288754930637e-06
1.625032738383423896e-09
2.198488355225195101e-09
5.161909617794718678e-10
9.946914454090748622e-09
1.408590325708733011e-07
4.322024420022312343e-10
8.407988087090695729e-07
3.762096684638001084e-06
3.642730580753765562e-06
8.993147345443873979e-09
4.916796877395173899e-10
1.646158708500811026e-08
5.161909617794718678e-10
4.322024420022312343e-10
9.166711477066127529e-10
2.687331887847243785e-07
2.932324175055489333e-08
7.662389949659822419e-09
1.371947014731739995e-09
2.126520850468083455e-06
9.288266684252463892e-09
2.230891208370855034e-08
9.527901101505279236e-06
1.796067906522169120e-07
3.991117288754930637e-06
9.098669193182219415e-07
8.407988087090695729e-07
3.892381128634771923e-09
1.311570869186321544e-05
3.344263839045542857e-08
3.862777961308882567e-08
7.323373311934726088e-05
5.913752096397159030e-09
3.009598539450203382e-09
1.239678685288891586e-08
7.559232129238024153e-08
2.932324175055489333e-08
1.371947014731739995e-09
3.879557774018628390e-06
3.862777961308882567e-08
2.896768886562925934e-09
1.768427979539608601e-08
4.296368234360883261e-09
5.626355545186451622e-08
5.949734707020098987e-10
1.006081385414321711e-09
3.596034599204502077e-08
2.430473469780403869e-08
1.131131737781035706e-08
2.126520850468083455e-06
9.288266684252463892e-09
2.566003464578316344e-06
2.139823851626933308e-09
1.625032738383423896e-09
6.916518214638387269e-09
5.983571490044977188e-08
4.548614437003143782e-07
7.267703116042526371e-08
1.689046976459789167e-06
3.762096684638001084e-06
1.131131737781035706e-08
2.629490791480895048e-06
3.642730580753765562e-06
1.045132039943503198e-07
1.625032738383423896e-09
3.310806010979464104e-08
2.700762018991840945e-09
1.317695372142578238e-08
2.409463279082407267e-06
6.363983651531183106e-07
2.913896147155939907e-04
3.862777961308882567e-08
1.991444715677018705e-08
3.697570633980995928e-07
1.625032738383423896e-09
2.854375702661653070e-09
7.267703116042526371e-08
1.317695372142578238e-08
9.723353770677516729e-08
3.642730580753765562e-06
1.187312523423243784e-06
9.288266684252463892e-09
1.406749855124715355e-06
4.916796877395173899e-10
4.164704905783352503e-08
1.117875212653756616e-08
2.660925149113765575e-08
1.870175871019871114e-06
8.566713442562890608e-09
6.436833488301163783e-09
1.317695372142578238e-08
1.100738475268235028e-06
1.006081385414321711e-09
2.393063873223461833e-06
5.688912559841152973e-09
1.109248618247920543e-09
9.233043311091102988e-04
5.898236104607077211e-06
2.430473469780403869e-08
4.072668448076201401e-08
2.126520850468083455e-06
3.272749316359267523e-08
9.288266684252463892e-09
3.937662679030744265e-09
2.854375702661653070e-09
2.109028575015803767e-08
1.840589360725530889e-06
1.689046976459789167e-06
2.472136321617184365e-07
3.762096684638001084e-06
1.187312523423243784e-06
3.169813406634430315e-09
1.536779330658113662e-07
6.021383600269272276e-07
1.649240018276027615e-04
5.161909617794718678e-10
7.454176071306317479e-04
1.519559492167087925e-05
4.624088683133146145e-09
2.109028575015803767e-08
2.659977398454094467e-08
1.117875212653756616e-08
3.009598539450203382e-09
8.522427925031054662e-08
6.701056506943663819e-08
4.160770049287200072e-10
1.689046976459789167e-06
2.700762018991840945e-09
1.371947014731739995e-09
2.854375702661653070e-09
2.198488355225195101e-09
2.072503367033510418e-05
4.417557488648769844e-09
1.117875212653756616e-08
1.716971578264935688e-08
4.322024420022312343e-10
1.689046976459789167e-06
1.063777131575313919e-07
2.832339387482146204e-06
4.121556111595675473e-09
1.006081385414321711e-09
2.198488355225195101e-09
5.161909617794718678e-10
4.417557488648769844e-09
2.535573684838100011e-09
1.194326521812933359e-09
2.212748343829375284e-08
3.596034599204502077e-08
8.566713442562890608e-09
3.762096684638001084e-06
1.063777131575313919e-07
1.519559492167087925e-05
1.488451597403739777e-07
1.206553905832443280e-08
3.009598539450203382e-09
1.408590325708733011e-07
1.887307879996524481e-07
2.700762018991840945e-09
2.647757929819672359e-08
3.762096684638001084e-06
6.986027694150100341e-09
3.642730580753765562e-06
1.991444715677018705e-08
8.958794453224788343e-07
5.897310443879724724e-08
1.406749855124715355e-06
1.131131737781035706e-08
5.387691782790399457e-05
4.137651205085328114e-08
5.949734707020098987e-10
5.123020310169147157e-09
2.109028575015803767e-08
4.417557488648769844e-09
3.009598539450203382e-09
4.322024420022312343e-10
1.194326521812933359e-09
6.747108666865373800e-06
2.660925149113765575e-08
9.721642225334887588e-06
3.596034599204502077e-08
2.430473469780403869e-08
3.762096684638001084e-06
1.317695372142578238e-08
1.311570869186321544e-05
2.637057262387276908e-07
2.245456700916339021e-07
4.072668448076201401e-08
3.642730580753765562e-06
8.218486941372959588e-09
4.431332205476392050e-07
2.198488355225195101e-09
5.688912559841152973e-09
3.745547522791265869e-07
1.109248618247920543e-09
2.048917044366605070e-10
1.088559827634947402e-09
2.660925149113765575e-08
5.658105070225351478e-07
1.317695372142578238e-08
3.908544027017550349e-05
1.584608365616647607e-07
4.893943463472373996e-05
4.137651205085328114e-08
2.139823851626933308e-09
1.768427979539608601e-08
6.915371955766617242e-07
2.212748343829375284e-08
3.596034599204502077e-08
2.647757929819672359e-08
3.169813406634430315e-09
2.198488355225195101e-09
1.477268425192536886e-06
6.771801660406327532e-10
1.890289473070713647e-08
1.114422656144849962e-08
3.914213862191963793e-09
1.689046976459789167e-06
3.596034599204502077e-08
5.353054154637479505e-06
1.131131737781035706e-08
3.169813406634430315e-09
2.896768886562925934e-09
1.865332982756155370e-07
4.916796877395173899e-10
2.854375702661653070e-09
2.198488355225195101e-09
8.566713442562890608e-09
1.922757278800032643e-06
1.371947014731739995e-09
3.169813406634430315e-09
2.198488355225195101e-09
1.239678685288891586e-08
2.488753695375287845e-09
2.118686398283851217e-09
2.386855940017405508e-10
4.254654947315027723e-08
2.660925149113765575e-08
2.209280348510971394e-06
6.990583138782800812e-07
1.519559492167087925e-05
3.594371030630124792e-09
1.625032738383423896e-09
1.991470485605930833e-06
3.512774945140114198e-06
1.006081385414321711e-09
5.161909617794718678e-10
2.660925149113765575e-08
4.699400746964963875e-06
2.139823851626933308e-09
2.896768886562925934e-09
4.839792777188562104e-08
6.264557649775320302e-07
1.746557715326622694e-07
6.771801660406327532e-10
1.088559827634947402e-09
2.606273086193215817e-09
2.227965554994732495e-05
2.212748343829375284e-08
6.986027694150100341e-09
3.931392976532344322e-07
5.161909617794718678e-10
1.934240583060228369e-08
9.166711477066127529e-10
4.427414997163598947e-07
1.640894345117644239e-09
5.250037986107936276e-09
3.596034599204502077e-08
4.699400746964963875e-06
2.430473469780403869e-08
1.131131737781035706e-08
3.169813406634430315e-09
7.258647074176122427e-06
9.946914454090748622e-09
2.393063873223461833e-06
3.745547522791265869e-07
8.005754053613853038e-08
2.660925149113765575e-08
7.662389949659822419e-09
8.566713442562890608e-09
3.762096684638001084e-06
5.002656004478378395e-08
1.371947014731739995e-09
3.642730580753765562e-06
2.481134589098053017e-07
1.045132039943503198e-07
1.768427979539608601e-08
2.212748343829375284e-08
8.407988087090695729e-07
6.990583138782800812e-07
2.481134589098053017e-07
1.406749855124715355e-06
5.913752096397159030e-09
1.724519688805146354e-08
2.198488355225195101e-09
7.346549761749748007e-08
2.024442583343339022e-07
1.552338873167847232e-07
2.700762018991840945e-09
3.762096684638001084e-06
1.311570869186321544e-05
2.481134589098053017e-07
1.625032738383423896e-09
4.417557488648769844e-09
2.028372546215423476e-07
1.934240583060228369e-08
4.160770049287200072e-10
2.660925149113765575e-08
1.689046976459789167e-06
2.932324175055489333e-08
8.566713442562890608e-09
6.990583138782800812e-07
1.371947014731739995e-09
2.481134589098053017e-07
1.768427979539608601e-08
4.296368234360883261e-09
1.039990082152267569e-08
1.689046976459789167e-06
2.700762018991840945e-09
1.584608365616647607e-07
1.041479333190742074e-06
2.112987428885274788e-08
5.949734707020098987e-10
6.181049427315806522e-07
1.482049914560887945e-08
2.072503367033510418e-05
2.127970372515133889e-08
2.700762018991840945e-09
3.762096684638001084e-06
2.230096573752140059e-07
2.481134589098053017e-07
4.548880991945711493e-07
7.249815681328156711e-06
1.006081385414321711e-09
3.556837992976090428e-06
6.056547307047095275e-08
2.488753695375287845e-09
5.011052746438963642e-05
1.689046976459789167e-06
6.436833488301163783e-09
1.317695372142578238e-08
3.344263839045542857e-08
1.006081385414321711e-09
2.393063873223461833e-06
3.745547522791265869e-07
2.048917044366605070e-10
9.499167472163667088e-08
5.002656004478378395e-08
7.231691647798591582e-06
2.231521415376711985e-06
1.006081385414321711e-09
1.203541133330270028e-06
1.109248618247920543e-09
2.048917044366605070e-10
1.162060814775870380e-07
2.380327427940020612e-06
3.115590733820855421e-06
5.011052746438963642e-05
6.229790049378109427e-05
2.700762018991840945e-09
4.440720740766515035e-08
3.642730580753765562e-06
3.169813406634430315e-09
3.344263839045542857e-08
2.245456700916339021e-07
4.916796877395173899e-10
1.991470485605930833e-06
1.072073033411912951e-06
1.317695372142578238e-08
2.040560399599969869e-07
5.988835495260815693e-06
3.169813406634430315e-09
4.024815283648057760e-05
5.161909617794718678e-10
4.417557488648769844e-09
1.281458787777491683e-07
2.386855940017405508e-10
3.762096684638001084e-06
6.436833488301163783e-09
4.072668448076201401e-08
8.993147345443873979e-09
3.344263839045542857e-08
8.218486941372959588e-09
1.406749855124715355e-06
5.913752096397159030e-09
7.184677750781843996e-08
1.206553905832443280e-08
2.472136321617184365e-07
8.566713442562890608e-09
1.311570869186321544e-05
5.542770957072490031e-06
3.169813406634430315e-09
1.193888533293842536e-07
5.626355545186451622e-08
7.258647074176122427e-06
1.039990082152267569e-08
4.164704905783352503e-08
1.887307879996524481e-07
2.660925149113765575e-08
2.212748343829375284e-08
3.596034599204502077e-08
3.762096684638001084e-06
3.344263839045542857e-08
4.417557488648769844e-09
2.393063873223461833e-06
7.559232129238024153e-08
7.594477288437960156e-07
9.807190967387903814e-08
1.131131737781035706e-08
3.892381128634771923e-09
8.218486941372959588e-09
6.004663699943593897e-09
1.482049914560887945e-08
1.486518017626038987e-07
1.328331560250068668e-06
5.135508082596181441e-05
1.943383479260722878e-06
1.689046976459789167e-06
6.436833488301163783e-09
4.137651205085328114e-08
3.862777961308882567e-08
3.139612076904429669e-05
1.724519688805146354e-08
4.877471190634420810e-08
1.206553905832443280e-08
4.714565374850186879e-08
4.322024420022312343e-10
4.226532570627437525e-07
6.436833488301163783e-09
3.436110910313768712e-08
3.169813406634430315e-09
8.218486941372959588e-09
6.004663699943593897e-09
5.983571490044977188e-08
2.101304358646465996e-08
1.194326521812933359e-09
3.088377110710496642e-09
4.548614437003143782e-07
2.660925149113765575e-08
1.689046976459789167e-06
3.596034599204502077e-08
1.547886886224811814e-07
2.430473469780403869e-08
3.992649478478023699e-06
1.428046532697367412e-07
1.317695372142578238e-08
2.056189050190794793e-06
8.566713442562890608e-09
5.194337820017711800e-08
8.993147345443873979e-09
7.183842556657678248e-07
5.949734707020098987e-10
5.002566335310151716e-09
2.198488355225195101e-09
8.179604282010783907e-05
1.206553905832443280e-08
3.009598539450203382e-09
3.762096684638001084e-06
3.892381128634771923e-09
1.311570869186321544e-05
3.169813406634430315e-09
2.245456700916339021e-07
2.896768886562925934e-09
2.198488355225195101e-09
8.922373923789518634e-07
2.488753695375287845e-09
6.701056506943663819e-08
2.212748343829375284e-08
8.566713442562890608e-09
3.892381128634771923e-09
1.161674160763774205e-05
2.230891208370855034e-08
2.869789505316425544e-07
3.991117288754930637e-06
2.866031560072361965e-09
5.002566335310151716e-09
2.185192547074900804e-08
2.660925149113765575e-08
8.407988087090695729e-07
1.551988887586961488e-07
6.990583138782800812e-07
1.371947014731739995e-09
3.642730580753765562e-06
2.481134589098053017e-07
3.862777961308882567e-08
2.139823851626933308e-09
1.991444715677018705e-08
3.596034599204502077e-08
7.662389949659822419e-09
8.566713442562890608e-09
2.040560399599969869e-07
2.481134589098053017e-07
4.610840789565524020e-05
1.625032738383423896e-09
1.006081385414321711e-09
2.198488355225195101e-09
8.547194220662487373e-08
3.717238711999812057e-07
8.566713442562890608e-09
9.431738480078965343e-09
2.230891208370855034e-08
3.071209763739742537e-06
1.724519688805146354e-08
6.417871030865205556e-07
4.160770049287200072e-10
2.674516176658663892e-08
2.464366245410206686e-09
2.660925149113765575e-08
1.689046976459789167e-06
2.295655156501570155e-05
1.131131737781035706e-08
1.399142380890945066e-07
2.056189050190794793e-06
4.893943463472373996e-05
2.139823851626933308e-09
1.768427979539608601e-08
3.512774945140114198e-06
3.076007885851215150e-06
2.139357628210583123e-07
3.892381128634771923e-09
3.169813406634430315e-09
4.253679301316412349e-06
1.406749855124715355e-06
3.439169134599573105e-07
9.756450370793752214e-01
1.239678685288891586e-08
4.322024420022312343e-10
7.662389949659822419e-09
8.566713442562890608e-09
8.626080756354686527e-07
2.222302108245757621e-06
9.288266684252463892e-09
2.139823851626933308e-09
2.112987428885274788e-08
4.121556111595675473e-09
2.866031560072361965e-09
1.991470485605930833e-06
8.566713442562890608e-09
3.762096684638001084e-06
1.063777131575313919e-07
2.112987428885274788e-08
2.198488355225195101e-09
5.161909617794718678e-10
1.117875212653756616e-08
1.477268425192536886e-06
4.160770049287200072e-10
1.746201393833562983e-06
1.689046976459789167e-06
3.717238711999812057e-07
2.647757929819672359e-08
1.131131737781035706e-08
1.685529897986346031e-05
3.642730580753765562e-06
4.137651205085328114e-08
3.697570633980995928e-07
1.006081385414321711e-09
5.119134327388284767e-08
2.660925149113765575e-08
1.689046976459789167e-06
1.870175871019871114e-06
3.992649478478023699e-06
6.436833488301163783e-09
1.554640969743363338e-07
1.584608365616647607e-07
9.061375438096012319e-08
5.700454764211704865e-09
1.991470485605930833e-06
1.689046976459789167e-06
8.566713442562890608e-09
3.762096684638001084e-06
1.131131737781035706e-08
6.986027694150100341e-09
4.274887988969965953e-05
3.344263839045542857e-08
1.533460922471955725e-08
4.296368234360883261e-09
4.916796877395173899e-10
8.566713442562890608e-09
2.352232417645581056e-07
1.317695372142578238e-08
1.584608365616647607e-07
1.371947014731739995e-09
2.245456700916339021e-07
1.406749855124715355e-06
9.231873447693014191e-07
1.006081385414321711e-09
4.595215203033246519e-07
2.660925149113765575e-08
9.795498637392422468e-08
2.700762018991840945e-09
2.409186469763579653e-07
3.642730580753765562e-06
5.058533512585017197e-09
8.829344547475226378e-06
3.945794280039244885e-05
4.137651205085328114e-08
1.533460922471955725e-08
3.596034599204502077e-08
3.762096684638001084e-06
1.554640969743363338e-07
3.657811631835492606e-05
7.183842556657678248e-07
1.406749855124715355e-06
1.625032738383423896e-09
2.854375702661653070e-09
2.198488355225195101e-09
8.611949184400956582e-07
6.181800522030601428e-06
2.139357628210583123e-07
1.371947014731739995e-09
8.829344547475226378e-06
4.296368234360883261e-09
4.916796877395173899e-10
2.109028575015803767e-08
4.417557488648769844e-09
2.048917044366605070e-10
1.088559827634947402e-09
8.407988087090695729e-07
6.436833488301163783e-09
2.139823851626933308e-09
5.107671696002891407e-07
2.112987428885274788e-08
6.163621660619805942e-07
4.916796877395173899e-10
5.002566335310151716e-09
2.640696861661800227e-05
2.672343292913578718e-08
1.689046976459789167e-06
2.647757929819672359e-08
3.762096684638001084e-06
6.174312328551948636e-07
1.317695372142578238e-08
2.147015807558934438e-07
5.964477279410566590e-08
3.169813406634430315e-09
2.245456700916339021e-07
2.109028575015803767e-08
8.566713442562890608e-09
2.352232417645581056e-07
3.169813406634430315e-09
1.625032738383423896e-09
3.310806010979464104e-08
1.006081385414321711e-09
2.198488355225195101e-09
5.983571490044977188e-08
9.166333876499629242e-07
2.488753695375287845e-09
2.700762018991840945e-09
1.063777131575313919e-07
9.723353770677516729e-08
3.169813406634430315e-09
1.118480764009633689e-07
3.862777961308882567e-08
8.218486941372959588e-09
1.006081385414321711e-09
2.127970372515133889e-08
9.946914454090748622e-09
3.762096684638001084e-06
3.212980011171047400e-07
3.594371030630124792e-09
8.993147345443873979e-09
8.958794453224788343e-07
4.115492400700839943e-08
2.127970372515133889e-08
2.488753695375287845e-09
7.559232129238024153e-08
2.022446902040196206e-07
2.660925149113765575e-08
8.566713442562890608e-09
3.762096684638001084e-06
1.131131737781035706e-08
4.121556111595675473e-09
1.339095210637852558e-07
3.462974215796853798e-08
2.177473190196568719e-07
2.659977398454094467e-08
2.127970372515133889e-08
8.582027395203617522e-07
5.387691782790399457e-05
9.288266684252463892e-09
1.193888533293842536e-07
1.406749855124715355e-06
4.916796877395173899e-10
1.724519688805146354e-08
2.109028575015803767e-08
8.187423990975370466e-09
2.464366245410206686e-09
1.689046976459789167e-06
3.596034599204502077e-08
6.436833488301163783e-09
1.317695372142578238e-08
5.698650216540099654e-09
1.035670302681149551e-08
4.346521372109357975e-03
2.198488355225195101e-09
2.127970372515133889e-08
1.239678685288891586e-08
2.987333675686585471e-06
1.870175871019871114e-06
2.352232417645581056e-07
1.406749855124715355e-06
4.916796877395173899e-10
1.997922657174364309e-04
1.006081385414321711e-09
2.412126410840692946e-05
3.745547522791265869e-07
3.088377110710496642e-09
