4.158733934750477915e-07
1.733548118508115435e-07
2.233292858012682201e-06
2.230590598097798440e-07
2.146893825160470055e-06
1.416603912308574284e-07
1.145349224992507031e-07
4.017762688092363923e-06
4.484581329960710430e-06
1.235203826813683339e-08
1.518754997246521302e-07
2.517487335193691348e-08
4.158733934750477915e-07
1.093069297909417848e-06
7.011682118414818083e-04
1.775564262676536651e-08
6.587399672672105927e-08
5.607513196604889842e-07
4.484581329960710430e-06
1.235203826813683339e-08
1.965488173142306539e-05
1.514414765864577057e-05
1.093069297909417848e-06
2.704383768169162099e-06
1.733548118508115435e-07
2.233292858012682201e-06
2.230590598097798440e-07
1.416603912308574284e-07
6.792743810222097637e-06
4.484581329960710430e-06
4.158733934750477915e-07
7.911189028793412514e-02
1.514414765864577057e-05
2.961099826120518829e-07
2.939090793179870312e-07
1.271180563314056130e-05
1.857056872524184450e-05
1.814748091509832497e-07
2.211822864896987379e-07
4.017762688092363923e-06
1.518754997246521302e-07
1.025482151818757305e-04
1.766365699369466371e-06
2.517487335193691348e-08
6.471257279379010060e-05
1.733548118508115435e-07
8.945691058151647407e-07
2.230590598097798440e-07
1.857056872524184450e-05
1.194023619714165393e-06
1.965488173142306539e-05
4.158733934750477915e-07
3.353714562595368638e-05
2.704383768169162099e-06
1.733548118508115435e-07
2.230590598097798440e-07
2.039596680930326006e-05
6.300637224961758007e-08
1.857056872524184450e-05
1.433671850934187595e-07
1.965488173142306539e-05
1.514414765864577057e-05
2.233292858012682201e-06
5.607513196604889842e-07
3.091455213860399827e-05
1.194023619714165393e-06
1.814748091509832497e-07
1.090670617969535325e-06
9.074424259433611314e-06
1.702898384493523637e-06
2.517487335193691348e-08
4.158733934750477915e-07
6.471257279379010060e-05
8.945691058151647407e-07
2.230590598097798440e-07
1.775564262676536651e-08
2.490637341538100295e-06
1.857056872524184450e-05
1.931891968941383867e-05
1.551907439312137258e-06
4.279959312986169038e-08
2.673370174085188974e-07
1.093069297909417848e-06
2.230590598097798440e-07
6.300637224961758007e-08
2.211822864896987379e-07
4.484581329960710430e-06
1.235203826813683339e-08
2.049733012239509516e-02
1.644730048577608337e-06
4.279959312986169038e-08
1.723619527461644043e-03
6.471257279379010060e-05
5.607513196604889842e-07
1.060935368216128982e-06
1.416603912308574284e-07
5.709883077001405566e-05
4.484581329960710430e-06
5.256148001967554844e-07
1.353954715413097361e-05
4.279959312986169038e-08
2.961099826120518829e-07
8.945691058151647407e-07
1.416603912308574284e-07
1.194023619714165393e-06
2.211822864896987379e-07
4.484581329960710430e-06
7.733199694211218548e-06
3.073587166605545891e-07
9.074424259433611314e-06
2.517487335193691348e-08
8.945691058151647407e-07
2.230590598097798440e-07
6.587399672672105927e-08
2.146893825160470055e-06
1.416603912308574284e-07
2.049733012239509516e-02
2.612243857403095792e-07
1.702898384493523637e-06
7.274306466554779917e-08
2.517487335193691348e-08
4.158733934750477915e-07
1.093069297909417848e-06
3.353714562595368638e-05
2.939090793179870312e-07
1.733548118508115435e-07
1.775564262676536651e-08
5.607513196604889842e-07
3.338936523971260101e-05
6.255985386617507254e-04
4.279959312986169038e-08
3.043179937831649876e-06
3.973660632232023197e-03
2.704383768169162099e-06
2.230590598097798440e-07
1.857056872524184450e-05
1.341746275489564169e-05
1.416603912308574284e-07
1.235203826813683339e-08
3.073587166605545891e-07
1.518754997246521302e-07
2.961099826120518829e-07
2.885478727452128050e-02
3.528641374164379931e-03
2.505098213764564300e-04
1.295483480399276219e-06
2.612243857403095792e-07
4.798888440193257249e-07
1.644730048577608337e-06
1.573863049778545339e-07
2.517487335193691348e-08
4.158733934750477915e-07
2.961099826120518829e-07
8.945691058151647407e-07
1.416603912308574284e-07
4.937343378463659857e-07
7.274306466554779917e-08
1.573863049778545339e-07
3.190460524421230085e-08
5.256148001967554844e-07
2.517487335193691348e-08
8.945691058151647407e-07
1.416603912308574284e-07
5.298337209951598501e-05
3.073587166605545891e-07
9.074424259433611314e-06
1.702898384493523637e-06
2.394822555598732548e-06
1.644730048577608337e-06
8.867434881587730382e-05
8.933371070210267642e-08
2.230590598097798440e-07
1.416603912308574284e-07
1.194023619714165393e-06
2.352268370534631173e-05
2.211822864896987379e-07
4.484581329960710430e-06
1.235203826813683339e-08
3.220083693170865943e-05
2.049733012239509516e-02
4.279959312986169038e-08
6.471257279379010060e-05
6.124150638666351543e-07
3.973660632232023197e-03
1.733548118508115435e-07
2.233292858012682201e-06
7.243194116183457494e-03
1.194023619714165393e-06
3.763804328790232079e-06
4.017762688092363923e-06
4.158733934750477915e-07
3.973660632232023197e-03
2.230590598097798440e-07
2.039596680930326006e-05
1.145349224992507031e-07
1.194023619714165393e-06
2.269872748251892668e-06
9.074424259433611314e-06
9.269617120941390300e-07
4.798888440193257249e-07
4.279959312986169038e-08
2.517487335193691348e-08
4.158733934750477915e-07
2.961099826120518829e-07
8.945691058151647407e-07
1.395743161212020868e-05
1.775564262676536651e-08
2.490637341538100295e-06
1.857056872524184450e-05
1.416603912308574284e-07
4.158733934750477915e-07
1.235341671186407135e-05
1.927117310006009325e-06
3.337258322166466637e-04
4.484581329960710430e-06
1.235203826813683339e-08
1.090670617969535325e-06
9.074424259433611314e-06
2.612243857403095792e-07
1.644730048577608337e-06
2.120967882753604559e-05
8.933371070210267642e-08
1.477727105341845533e-05
1.093069297909417848e-06
9.159605299925424528e-05
2.939090793179870312e-07
5.146758120263909673e-05
1.416603912308574284e-07
3.091455213860399827e-05
1.194023619714165393e-06
1.093069297909417848e-06
2.961099826120518829e-07
1.733548118508115435e-07
1.775564262676536651e-08
1.171774779677568589e-06
1.416603912308574284e-07
1.145349224992507031e-07
1.194023619714165393e-06
1.235203826813683339e-08
5.748951684339612947e-05
1.093069297909417848e-06
1.733548118508115435e-07
2.233292858012682201e-06
2.230590598097798440e-07
1.775564262676536651e-08
1.416603912308574284e-07
4.484581329960710430e-06
2.049733012239509516e-02
2.612243857403095792e-07
2.093214978232533989e-07
9.769422842487953307e-06
2.517487335193691348e-08
1.965488173142306539e-05
7.911189028793412514e-02
6.471257279379010060e-05
1.733548118508115435e-07
2.230590598097798440e-07
1.514875858083964874e-06
1.194023619714165393e-06
2.211822864896987379e-07
2.517487335193691348e-08
3.973660632232023197e-03
8.945691058151647407e-07
1.775564262676536651e-08
1.857056872524184450e-05
1.433671850934187595e-07
1.416603912308574284e-07
3.091455213860399827e-05
1.194023619714165393e-06
6.118947740748673352e-04
4.158733934750477915e-07
6.471257279379010060e-05
8.945691058151647407e-07
1.395743161212020868e-05
6.300637224961758007e-08
1.416603912308574284e-07
1.235203826813683339e-08
9.074424259433611314e-06
2.612243857403095792e-07
7.274306466554779917e-08
2.517487335193691348e-08
1.965488173142306539e-05
1.093069297909417848e-06
2.824709387488330602e-04
2.961099826120518829e-07
1.775564262676536651e-08
1.857056872524184450e-05
1.416603912308574284e-07
1.194023619714165393e-06
1.814748091509832497e-07
2.517487335193691348e-08
7.911189028793412514e-02
1.514414765864577057e-05
2.961099826120518829e-07
4.043746424191041274e-06
2.704383768169162099e-06
8.945691058151647407e-07
2.146893825160470055e-06
1.145349224992507031e-07
2.211822864896987379e-07
2.517487335193691348e-08
8.945691058151647407e-07
1.775564262676536651e-08
1.857056872524184450e-05
1.416603912308574284e-07
1.194023619714165393e-06
4.017762688092363923e-06
4.484581329960710430e-06
1.002767603857954232e-06
1.235203826813683339e-08
4.279959312986169038e-08
6.915717198543852370e-06
2.230590598097798440e-07
1.775564262676536651e-08
2.490637341538100295e-06
1.814748091509832497e-07
4.017762688092363923e-06
1.235203826813683339e-08
2.253807796934587771e-05
1.644730048577608337e-06
9.769422842487953307e-06
1.093069297909417848e-06
1.085279094340305291e-02
1.733548118508115435e-07
2.230590598097798440e-07
2.039596680930326006e-05
1.433671850934187595e-07
1.194023619714165393e-06
1.814748091509832497e-07
2.211822864896987379e-07
1.093069297909417848e-06
1.733548118508115435e-07
2.490637341538100295e-06
1.433671850934187595e-07
1.814748091509832497e-07
2.211822864896987379e-07
2.739343786775282784e-07
2.405330672563635669e-05
7.274306466554779917e-08
1.573863049778545339e-07
4.158733934750477915e-07
6.471257279379010060e-05
1.093069297909417848e-06
2.961099826120518829e-07
1.733548118508115435e-07
3.073587166605545891e-07
1.573863049778545339e-07
5.256148001967554844e-07
1.632789144432496363e-06
1.885746998467598051e-07
8.933371070210267642e-08
1.965488173142306539e-05
4.158733934750477915e-07
1.093069297909417848e-06
1.327843980565205414e-03
8.945691058151647407e-07
2.230590598097798440e-07
1.857056872524184450e-05
1.416603912308574284e-07
2.211822864896987379e-07
8.933371070210267642e-08
1.965488173142306539e-05
7.911189028793412514e-02
1.327843980565205414e-03
8.945691058151647407e-07
2.230590598097798440e-07
1.775564262676536651e-08
1.416603912308574284e-07
5.748951684339612947e-05
1.090670617969535325e-06
4.279959312986169038e-08
2.517487335193691348e-08
1.733548118508115435e-07
2.146893825160470055e-06
1.194023619714165393e-06
1.814748091509832497e-07
2.093214978232533989e-07
4.798888440193257249e-07
1.206051837196671123e-04
7.274306466554779917e-08
2.517487335193691348e-08
1.775564262676536651e-08
1.060935368216128982e-06
1.433671850934187595e-07
1.814748091509832497e-07
4.017762688092363923e-06
4.484581329960710430e-06
2.612243857403095792e-07
1.644730048577608337e-06
7.274306466554779917e-08
2.517487335193691348e-08
3.467711446658082973e-03
2.961099826120518829e-07
2.939090793179870312e-07
1.733548118508115435e-07
2.233292858012682201e-06
2.230590598097798440e-07
1.775564262676536651e-08
5.607513196604889842e-07
9.074424259433611314e-06
9.769422842487953307e-06
1.093069297909417848e-06
2.961099826120518829e-07
2.230590598097798440e-07
2.490637341538100295e-06
1.361747375861300808e-03
1.145349224992507031e-07
1.927117310006009325e-06
1.235203826813683339e-08
9.074424259433611314e-06
2.517487335193691348e-08
4.158733934750477915e-07
3.353714562595368638e-05
1.327843980565205414e-03
1.857056872524184450e-05
1.814748091509832497e-07
4.017762688092363923e-06
4.484581329960710430e-06
3.073587166605545891e-07
4.798888440193257249e-07
1.327843980565205414e-03
1.775564262676536651e-08
1.857056872524184450e-05
2.146893825160470055e-06
4.484581329960710430e-06
1.235203826813683339e-08
9.074424259433611314e-06
9.269617120941390300e-07
1.644730048577608337e-06
8.867434881587730382e-05
2.517487335193691348e-08
1.965488173142306539e-05
1.093069297909417848e-06
8.945691058151647407e-07
2.490637341538100295e-06
1.194023619714165393e-06
4.017762688092363923e-06
4.484581329960710430e-06
4.798888440193257249e-07
1.644730048577608337e-06
4.279959312986169038e-08
2.517487335193691348e-08
2.824709387488330602e-04
1.733548118508115435e-07
8.945691058151647407e-07
2.039596680930326006e-05
1.194023619714165393e-06
1.814748091509832497e-07
3.763804328790232079e-06
2.211822864896987379e-07
4.279959312986169038e-08
1.775564262676536651e-08
1.857056872524184450e-05
3.091455213860399827e-05
1.814748091509832497e-07
4.017762688092363923e-06
1.235203826813683339e-08
3.073587166605545891e-07
9.074424259433611314e-06
8.867434881587730382e-05
4.279959312986169038e-08
4.158733934750477915e-07
1.093069297909417848e-06
1.775564262676536651e-08
1.754708399712870366e-05
1.194023619714165393e-06
1.814748091509832497e-07
2.269872748251892668e-06
1.090670617969535325e-06
9.074424259433611314e-06
2.673370174085188974e-07
4.158733934750477915e-07
2.939090793179870312e-07
8.945691058151647407e-07
2.490637341538100295e-06
5.607513196604889842e-07
1.857056872524184450e-05
2.211822864896987379e-07
1.235203826813683339e-08
3.073587166605545891e-07
6.105605484057730320e-05
2.517487335193691348e-08
1.965488173142306539e-05
1.093069297909417848e-06
1.775564262676536651e-08
5.607513196604889842e-07
1.857056872524184450e-05
1.145349224992507031e-07
1.235203826813683339e-08
1.090670617969535325e-06
4.279959312986169038e-08
2.517487335193691348e-08
4.158733934750477915e-07
1.093069297909417848e-06
2.961099826120518829e-07
2.230590598097798440e-07
2.039596680930326006e-05
1.775564262676536651e-08
1.857056872524184450e-05
1.171774779677568589e-06
4.158733934750477915e-07
1.093069297909417848e-06
4.682861443706893132e-07
1.733548118508115435e-07
1.194023619714165393e-06
1.814748091509832497e-07
2.211822864896987379e-07
4.484581329960710430e-06
3.073587166605545891e-07
9.074424259433611314e-06
4.279959312986169038e-08
9.769422842487953307e-06
2.230590598097798440e-07
1.775564262676536651e-08
1.194023619714165393e-06
4.484581329960710430e-06
1.235203826813683339e-08
2.612243857403095792e-07
1.644730048577608337e-06
2.929585366755171330e-04
2.517487335193691348e-08
2.961099826120518829e-07
8.945691058151647407e-07
1.301990268122518280e-06
4.484581329960710430e-06
1.235203826813683339e-08
2.612243857403095792e-07
7.274306466554779917e-08
1.142222703835094409e-05
1.632789144432496363e-06
4.158733934750477915e-07
2.939090793179870312e-07
2.230590598097798440e-07
1.775564262676536651e-08
1.194023619714165393e-06
2.211822864896987379e-07
1.235203826813683339e-08
1.090670617969535325e-06
3.220083693170865943e-05
2.612243857403095792e-07
1.514414765864577057e-05
1.093069297909417848e-06
8.945691058151647407e-07
1.857056872524184450e-05
1.416603912308574284e-07
1.814748091509832497e-07
3.464282876772349640e-02
1.072931739831278103e-06
9.074424259433611314e-06
1.630617485786426931e-04
4.279959312986169038e-08
2.517487335193691348e-08
1.514414765864577057e-05
1.093069297909417848e-06
2.230590598097798440e-07
2.039596680930326006e-05
1.775564262676536651e-08
1.194023619714165393e-06
1.814748091509832497e-07
2.211822864896987379e-07
4.279959312986169038e-08
9.769422842487953307e-06
2.673370174085188974e-07
1.093069297909417848e-06
1.733548118508115435e-07
1.775564262676536651e-08
1.416603912308574284e-07
6.792743810222097637e-06
5.748951684339612947e-05
3.073587166605545891e-07
1.775564262676536651e-08
1.857056872524184450e-05
2.304712106003531250e-05
1.235203826813683339e-08
1.295483480399276219e-06
2.612243857403095792e-07
1.644730048577608337e-06
7.274306466554779917e-08
2.021991004534814162e-05
1.632789144432496363e-06
4.279959312986169038e-08
9.769422842487953307e-06
4.158733934750477915e-07
1.093069297909417848e-06
7.728157332766765787e-03
2.939090793179870312e-07
2.233292858012682201e-06
1.857056872524184450e-05
3.091455213860399827e-05
2.211822864896987379e-07
1.518754997246521302e-07
2.517487335193691348e-08
1.093069297909417848e-06
1.733548118508115435e-07
2.230590598097798440e-07
1.775564262676536651e-08
1.416603912308574284e-07
3.091455213860399827e-05
1.194023619714165393e-06
3.763804328790232079e-06
1.518754997246521302e-07
4.158733934750477915e-07
1.733548118508115435e-07
8.945691058151647407e-07
1.514875858083964874e-06
1.416603912308574284e-07
1.194023619714165393e-06
1.348478404628917407e-06
2.211822864896987379e-07
4.484581329960710430e-06
2.517487335193691348e-08
2.230590598097798440e-07
1.433671850934187595e-07
2.146893825160470055e-06
4.017762688092363923e-06
1.235203826813683339e-08
9.074424259433611314e-06
9.269617120941390300e-07
1.644730048577608337e-06
8.849172746003034856e-06
9.769422842487953307e-06
8.933371070210267642e-08
1.093069297909417848e-06
1.327843980565205414e-03
2.528413265075373732e-03
8.945691058151647407e-07
2.233292858012682201e-06
1.775564262676536651e-08
2.490637341538100295e-06
4.017762688092363923e-06
1.733548118508115435e-07
1.145349224992507031e-07
2.211822864896987379e-07
3.073587166605545891e-07
9.074424259433611314e-06
1.702898384493523637e-06
1.644730048577608337e-06
1.573863049778545339e-07
5.256148001967554844e-07
1.353954715413097361e-05
8.933371070210267642e-08
1.965488173142306539e-05
2.961099826120518829e-07
1.733548118508115435e-07
8.945691058151647407e-07
6.587399672672105927e-08
2.146893825160470055e-06
1.416603912308574284e-07
1.194023619714165393e-06
1.814748091509832497e-07
4.279959312986169038e-08
9.769422842487953307e-06
1.514414765864577057e-05
1.093069297909417848e-06
2.402190197713338927e-06
8.945691058151647407e-07
1.416603912308574284e-07
1.814748091509832497e-07
8.523019488830134742e-05
2.211822864896987379e-07
4.279959312986169038e-08
1.093069297909417848e-06
8.945691058151647407e-07
2.233292858012682201e-06
6.300637224961758007e-08
1.145349224992507031e-07
1.235203826813683339e-08
2.609415209553079661e-04
3.220083693170865943e-05
2.612243857403095792e-07
9.769422842487953307e-06
1.748501868415022458e-05
1.775564262676536651e-08
1.857056872524184450e-05
1.194023619714165393e-06
4.484581329960710430e-06
1.311687659114040592e-07
2.609415209553079661e-04
4.798888440193257249e-07
3.190460524421230085e-08
4.279959312986169038e-08
8.933371070210267642e-08
1.514414765864577057e-05
8.945691058151647407e-07
2.230590598097798440e-07
1.857056872524184450e-05
1.433671850934187595e-07
1.416603912308574284e-07
2.269872748251892668e-06
9.670666375291777381e-05
4.158733934750477915e-07
6.300637224961758007e-08
5.607513196604889842e-07
1.416603912308574284e-07
1.145349224992507031e-07
4.484581329960710430e-06
1.235203826813683339e-08
3.073587166605545891e-07
3.220083693170865943e-05
1.295483480399276219e-06
1.093069297909417848e-06
1.416603912308574284e-07
1.927117310006009325e-06
2.211822864896987379e-07
4.017762688092363923e-06
2.269872748251892668e-06
1.311687659114040592e-07
8.914315520598439690e-06
1.295483480399276219e-06
7.274306466554779917e-08
4.279959312986169038e-08
4.158733934750477915e-07
2.402190197713338927e-06
6.300637224961758007e-08
3.220083693170865943e-05
9.269617120941390300e-07
1.206051837196671123e-04
1.865158161717923004e-06
1.632789144432496363e-06
8.321800217588854060e-07
7.911189028793412514e-02
1.514414765864577057e-05
1.733548118508115435e-07
1.775564262676536651e-08
1.416603912308574284e-07
3.763804328790232079e-06
2.211822864896987379e-07
4.484581329960710430e-06
8.867434881587730382e-05
5.256148001967554844e-07
2.517487335193691348e-08
4.886053481828060073e-06
8.945691058151647407e-07
2.230590598097798440e-07
1.775564262676536651e-08
1.416603912308574284e-07
1.814748091509832497e-07
2.211822864896987379e-07
4.017762688092363923e-06
1.235203826813683339e-08
4.279959312986169038e-08
2.517487335193691348e-08
4.158733934750477915e-07
1.093069297909417848e-06
8.945691058151647407e-07
2.230590598097798440e-07
1.857056872524184450e-05
2.211822864896987379e-07
4.017762688092363923e-06
1.235203826813683339e-08
2.517487335193691348e-08
4.158733934750477915e-07
6.471257279379010060e-05
2.824709387488330602e-04
8.945691058151647407e-07
2.233292858012682201e-06
2.230590598097798440e-07
1.857056872524184450e-05
1.341746275489564169e-05
3.091455213860399827e-05
1.518754997246521302e-07
8.933371070210267642e-08
1.514414765864577057e-05
1.093069297909417848e-06
2.230590598097798440e-07
1.775564262676536651e-08
2.490637341538100295e-06
3.091455213860399827e-05
1.814748091509832497e-07
3.763804328790232079e-06
2.517487335193691348e-08
7.911189028793412514e-02
2.939090793179870312e-07
1.733548118508115435e-07
8.945691058151647407e-07
2.230590598097798440e-07
1.775564262676536651e-08
1.857056872524184450e-05
1.814748091509832497e-07
2.211822864896987379e-07
1.518754997246521302e-07
2.517487335193691348e-08
4.158733934750477915e-07
4.682861443706893132e-07
8.945691058151647407e-07
2.230590598097798440e-07
6.587399672672105927e-08
1.857056872524184450e-05
1.194023619714165393e-06
8.523019488830134742e-05
9.769422842487953307e-06
1.965488173142306539e-05
4.158733934750477915e-07
1.093069297909417848e-06
2.961099826120518829e-07
2.233292858012682201e-06
1.857056872524184450e-05
1.341746275489564169e-05
4.484581329960710430e-06
3.073587166605545891e-07
1.518754997246521302e-07
4.158733934750477915e-07
1.093069297909417848e-06
1.733548118508115435e-07
1.775564262676536651e-08
3.669916627273637881e-05
1.857056872524184450e-05
1.416603912308574284e-07
1.145349224992507031e-07
8.755566697049551380e-05
4.279959312986169038e-08
1.093069297909417848e-06
4.682861443706893132e-07
1.327843980565205414e-03
2.230590598097798440e-07
2.146893825160470055e-06
1.194023619714165393e-06
4.017762688092363923e-06
1.235203826813683339e-08
5.748951684339612947e-05
7.984786262459670923e-05
2.517487335193691348e-08
4.158733934750477915e-07
2.146893825160470055e-06
1.416603912308574284e-07
2.211822864896987379e-07
2.269872748251892668e-06
4.484581329960710430e-06
3.073587166605545891e-07
9.074424259433611314e-06
2.517487335193691348e-08
3.049526972687259020e-05
7.911189028793412514e-02
2.704383768169162099e-06
1.733548118508115435e-07
2.039596680930326006e-05
1.775564262676536651e-08
2.490637341538100295e-06
1.857056872524184450e-05
1.416603912308574284e-07
2.517487335193691348e-08
1.514414765864577057e-05
2.961099826120518829e-07
2.230590598097798440e-07
2.039596680930326006e-05
1.775564262676536651e-08
3.632064586340415929e-02
1.416603912308574284e-07
4.484581329960710430e-06
1.522211675639207009e-05
4.279959312986169038e-08
2.939090793179870312e-07
1.733548118508115435e-07
2.039596680930326006e-05
1.416603912308574284e-07
1.145349224992507031e-07
1.814748091509832497e-07
3.763804328790232079e-06
4.017762688092363923e-06
4.383153781197233417e-08
1.518754997246521302e-07
1.327843980565205414e-03
8.945691058151647407e-07
1.416603912308574284e-07
1.462892438133270190e-05
2.269872748251892668e-06
1.235203826813683339e-08
9.074424259433611314e-06
2.049733012239509516e-02
4.798888440193257249e-07
7.911189028793412514e-02
1.327843980565205414e-03
1.733548118508115435e-07
1.775564262676536651e-08
5.607513196604889842e-07
1.857056872524184450e-05
1.341746275489564169e-05
1.416603912308574284e-07
1.235203826813683339e-08
5.748951684339612947e-05
4.279959312986169038e-08
1.093069297909417848e-06
1.733548118508115435e-07
8.945691058151647407e-07
2.146893825160470055e-06
2.269872748251892668e-06
3.073587166605545891e-07
1.630617485786426931e-04
1.644730048577608337e-06
7.274306466554779917e-08
8.933371070210267642e-08
1.965488173142306539e-05
2.230590598097798440e-07
1.775564262676536651e-08
1.857056872524184450e-05
1.433671850934187595e-07
1.416603912308574284e-07
3.595797180472438774e-05
2.211822864896987379e-07
2.946155219215243612e-04
2.517487335193691348e-08
6.471257279379010060e-05
1.093069297909417848e-06
1.327843980565205414e-03
5.607513196604889842e-07
1.416603912308574284e-07
1.235203826813683339e-08
3.220083693170865943e-05
8.260033480095701217e-04
1.644730048577608337e-06
4.279959312986169038e-08
7.811494786117632568e-04
1.301990268122518280e-06
1.416603912308574284e-07
3.091455213860399827e-05
1.814748091509832497e-07
2.211822864896987379e-07
4.017762688092363923e-06
4.484581329960710430e-06
1.090670617969535325e-06
4.279959312986169038e-08
2.673370174085188974e-07
4.158733934750477915e-07
1.093069297909417848e-06
2.961099826120518829e-07
1.775564262676536651e-08
6.587399672672105927e-08
1.060935368216128982e-06
1.416603912308574284e-07
8.755566697049551380e-05
1.518754997246521302e-07
7.984786262459670923e-05
1.514414765864577057e-05
6.471257279379010060e-05
1.093069297909417848e-06
2.704383768169162099e-06
1.733548118508115435e-07
6.300637224961758007e-08
1.857056872524184450e-05
3.091455213860399827e-05
2.517487335193691348e-08
6.587399672672105927e-08
1.194023619714165393e-06
2.211822864896987379e-07
3.073587166605545891e-07
9.074424259433611314e-06
1.295483480399276219e-06
2.612243857403095792e-07
3.871912978195703832e-05
4.798888440193257249e-07
4.158733934750477915e-07
2.888883750980027914e-04
2.402190197713338927e-06
8.945691058151647407e-07
1.775564262676536651e-08
1.171774779677568589e-06
1.814748091509832497e-07
4.017762688092363923e-06
1.235203826813683339e-08
5.748951684339612947e-05
4.279959312986169038e-08
1.965488173142306539e-05
2.039596680930326006e-05
1.857056872524184450e-05
8.932497437452655619e-06
2.211822864896987379e-07
4.017762688092363923e-06
3.073587166605545891e-07
2.612243857403095792e-07
1.702898384493523637e-06
2.517487335193691348e-08
5.607513196604889842e-07
4.937343378463659857e-07
4.017762688092363923e-06
3.073587166605545891e-07
2.612243857403095792e-07
4.798888440193257249e-07
1.573863049778545339e-07
3.190460524421230085e-08
3.379087062673751786e-08
4.279959312986169038e-08
2.517487335193691348e-08
1.093069297909417848e-06
3.091455213860399827e-05
1.194023619714165393e-06
4.017762688092363923e-06
4.484581329960710430e-06
3.073587166605545891e-07
9.074424259433611314e-06
6.053288624299561874e-05
7.911189028793412514e-02
1.814748091509832497e-07
4.484581329960710430e-06
1.295483480399276219e-06
3.190460524421230085e-08
8.262334251985121167e-05
4.077807157303246339e-07
8.068643451155138523e-08
5.537526663187492199e-06
6.573636708303406267e-03
