1.501111319127378962e+01
1.505446979920916739e+01
1.528715160078427360e+01
1.207844850243568757e+01
1.549912550908714159e+01
1.503791236546790522e+01
1.544007793672490259e+01
1.500576996651565587e+01
1.384112022279072285e+01
1.566847018650708279e+01
1.412435697569599924e+01
1.243027503114929111e+01
1.546123473618362532e+01
1.538319805637414284e+01
1.534819259583917628e+01
1.563271706659932647e+01
1.538954451211839114e+01
1.534137093467001556e+01
1.297090357737143584e+01
1.534384252418365335e+01
1.407712277701625858e+01
1.501248314298250186e+01
1.501414504239856562e+01
1.524043307628566879e+01
1.537711664630683828e+01
1.246473367269202726e+01
1.358513299094753712e+01
1.401551344279858746e+01
1.497294645732482898e+01
1.514807206611400936e+01
1.569137294485225986e+01
9.813954987250484763e+00
1.506651848270479377e+01
1.534761273093376310e+01
1.507018432182322876e+01
1.504185261168302290e+01
1.555889382594956949e+01
1.569329710639670772e+01
1.561971992359168127e+01
1.437004056989993117e+01
1.511060013180330941e+01
1.469792324454973631e+01
1.500072574884885412e+01
1.400288749688180090e+01
1.382792003740118680e+01
1.524117255424467388e+01
1.501511081326571961e+01
1.500323288996762017e+01
1.520946164595769368e+01
1.261188174155397590e+01
1.554460242640594636e+01
1.556332623503567092e+01
1.322918794872972192e+01
1.538312904016906124e+01
1.505116891458862405e+01
1.508124891551032398e+01
1.359183020440875644e+01
1.541191887633485003e+01
1.299478856801355064e+01
1.395004008352109537e+01
1.507513072857622127e+01
1.512369315419270421e+01
1.504097943407968252e+01
1.500168132616077266e+01
1.362458682764285633e+01
1.300715174698509813e+01
1.530746776899709261e+01
1.544812648040920067e+01
1.321229517348117000e+01
1.298366454358905386e+01
1.569619241762410056e+01
1.492315017968848956e+01
1.512866160146029948e+01
1.551883503316780022e+01
1.507981580613597217e+01
1.560016077420980984e+01
1.517606531791984104e+01
1.329868385009756260e+01
1.546209599171939608e+01
1.536678782566074375e+01
1.500040618475693854e+01
1.517410254064867203e+01
1.500578497115610688e+01
1.201938573129744547e+01
1.535671730553364611e+01
1.500726950852319419e+01
1.537770196915771947e+01
1.501892446694529681e+01
1.517606531791984104e+01
1.563914636082929732e+01
1.500957384503162118e+01
1.540760744777884739e+01
1.503952729480791461e+01
1.500095666524279459e+01
1.504829647688261751e+01
1.505845539995094207e+01
1.559990274565826951e+01
1.248061530277147213e+01
1.539387061781733834e+01
8.099348067036325816e+00
1.503782988396578268e+01
1.511224579395542378e+01
1.364234728030415233e+01
1.535059793123262750e+01
1.188645530120712657e+01
1.513995323630952328e+01
1.231149196336093254e+01
1.539823427481689855e+01
1.505846746650682633e+01
1.546834913790826782e+01
1.536777651439557957e+01
1.531286219949629235e+01
1.504202327133447348e+01
1.325569443577563611e+01
1.501334716048841322e+01
1.501532727091689878e+01
1.569846767084063366e+01
1.559800403783825651e+01
1.324124545440578338e+01
1.402570555114838768e+01
1.533532359991411909e+01
1.533962392697106658e+01
1.125123855146159535e+01
1.551141974726298933e+01
1.546199407786700775e+01
1.504592778235601713e+01
1.163249596696251587e+01
1.501708808138945273e+01
1.398930945324257813e+01
1.394349271074339747e+01
1.502470773654330038e+01
1.501033200319450600e+01
1.546455780261659285e+01
1.342359080952392070e+01
1.555659063460119640e+01
1.518871829219095737e+01
1.542413563170573276e+01
1.502005017625840466e+01
1.539444606332759236e+01
1.500586488178395683e+01
1.434425768690264391e+01
1.551858565808032608e+01
1.568101265759929674e+01
1.261069475740935175e+01
1.506823487418379237e+01
1.534455178392675556e+01
1.500999918191127236e+01
1.534946770172840758e+01
1.549107296734189632e+01
1.503073061380197473e+01
1.537142533301361524e+01
1.014773717708563616e+01
1.130837644493609773e+01
1.501593649807765907e+01
1.433257663426786621e+01
1.537545886912157123e+01
1.501093497864233406e+01
1.307900263927881390e+01
1.399846399158428589e+01
1.284284741902777682e+01
1.563331589096737950e+01
1.501139214835279034e+01
1.500626409533327710e+01
1.187482467229043515e+01
1.537283721618486432e+01
1.500172043287002133e+01
1.504123018434537151e+01
1.246473367269202726e+01
1.533848374697507388e+01
1.562668463848196154e+01
1.456192719494458210e+01
1.500076114251648818e+01
1.500625274691741673e+01
1.065323348340095144e+01
1.517364474663973084e+01
1.533010820271163510e+01
1.404332658043053605e+01
1.533902972938928144e+01
1.501392600526509469e+01
1.507575005128956214e+01
1.555048498501429322e+01
1.467536649458502218e+01
1.504003731753090811e+01
1.467175554494935952e+01
1.315204982417805724e+01
1.558634307754717874e+01
1.562775536257115228e+01
1.500337523689075248e+01
1.381748266413290516e+01
1.567136511698626933e+01
1.525557914982091745e+01
1.406641527988133866e+01
1.528274351430178335e+01
1.513671620367979820e+01
1.500008439528257043e+01
1.564532621290942416e+01
1.533526647110754482e+01
1.529656447789123952e+01
1.539439044200125828e+01
1.567100990620631151e+01
1.503679528570643242e+01
1.550009116081528227e+01
1.201938573129744547e+01
1.535578390715359198e+01
1.524036980622845761e+01
1.399683600125708516e+01
1.387426391322566488e+01
1.542836390151585313e+01
1.464370966283531139e+01
1.026936135378216441e+01
1.515872931107994326e+01
1.518844637232782624e+01
1.561617317365712054e+01
1.431432586968973730e+01
1.524810407836747217e+01
1.502768641160228569e+01
1.537309153305352716e+01
1.545480205973082910e+01
1.536771256464228230e+01
1.546756979253647124e+01
1.503782988396578268e+01
1.294980812499759892e+01
1.398930945324257813e+01
1.533902972938928144e+01
1.465672390407872427e+01
1.403208786994198221e+01
1.311781842049197877e+01
1.502723812024381189e+01
1.500013766957080819e+01
1.528238779073552855e+01
1.533920673618041697e+01
1.568529568656675366e+01
1.355777090492640369e+01
1.544915490630893196e+01
1.444789584907838531e+01
1.500807559341265041e+01
1.550421087887098359e+01
1.239233716923851070e+01
1.535395447383999645e+01
1.500319222782287376e+01
1.566728492890751312e+01
1.541521390554042270e+01
1.500167199291262321e+01
1.505356356275004970e+01
1.352061602658292827e+01
1.543168266698753222e+01
1.551686167164583630e+01
1.466587737079404619e+01
1.405959384542033419e+01
1.556805125021154446e+01
1.502204696381670068e+01
1.500644777524916940e+01
1.399555687748190280e+01
1.530009572401098872e+01
1.533527579332773882e+01
9.362197869565308750e+00
1.362959178956417539e+01
1.418898149562348543e+01
1.011553916310051626e+01
1.236196654063384592e+01
1.508530819571288539e+01
1.329763192028226726e+01
1.333236990540092570e+01
1.562972001233913488e+01
1.555372522177842676e+01
1.503765032656825618e+01
1.567700202354988903e+01
1.505919785417615131e+01
1.415018632407719323e+01
1.534056337257094427e+01
1.529991396083007693e+01
1.562676298663409291e+01
1.501105311649518903e+01
1.550426108932829372e+01
1.226047815446367828e+01
1.308938167974858935e+01
1.568355816046332940e+01
1.500773041355697401e+01
1.536718772287446733e+01
1.500817732434651752e+01
1.308370550908257179e+01
1.506248937939238175e+01
1.533828271985574254e+01
1.500005396842033889e+01
1.518871829219095737e+01
1.194570725898602248e+01
1.505482695015422756e+01
1.550656777090422800e+01
1.501801256246552185e+01
1.523747019422414617e+01
1.448605054980409790e+01
1.538469405291991166e+01
1.506635781632376059e+01
1.503548516613431296e+01
1.500218230823140431e+01
1.556858111668012334e+01
1.500324662127014719e+01
1.196789371403004587e+01
1.508415246957115663e+01
1.567034691328547069e+01
1.434950323516342507e+01
1.533455299236589653e+01
1.500741313143402955e+01
1.568074732935210669e+01
1.355742816004591411e+01
1.566336231951368063e+01
1.332487417137421559e+01
1.519469164503253822e+01
1.444244946593742007e+01
1.501600289585142889e+01
1.540252172008416132e+01
1.062932137983088055e+01
1.222581506866963075e+01
1.552757972043005275e+01
1.392990598821481107e+01
1.504600494656158993e+01
1.500453206822005292e+01
1.567061510252908718e+01
1.502285146522020653e+01
1.568288393964220973e+01
1.503912505473359751e+01
1.510129889938612635e+01
1.432706922608647204e+01
1.504045992793441222e+01
1.399108299969706337e+01
1.156728604065136246e+01
1.370822763718045323e+01
1.544156748400108725e+01
1.453654636258790767e+01
1.309236638814534359e+01
1.564846170103919221e+01
1.381255048147610331e+01
1.532312685908481953e+01
1.500487133691447994e+01
1.505061842317089571e+01
1.568108177630957556e+01
1.455363226595658510e+01
1.397801494570797054e+01
1.567559710113471283e+01
1.533349397028122851e+01
1.537142533301361524e+01
1.568811624067415167e+01
1.554994616722975387e+01
1.540191875772379504e+01
1.551883503316780022e+01
1.378988936843466284e+01
1.500686361353405474e+01
1.346653704652531225e+01
1.469365101391046302e+01
1.462312075810074141e+01
1.546300880925781485e+01
1.533404005617254917e+01
1.406878660101215850e+01
1.404181940335182688e+01
1.564615979215760255e+01
1.483966262828703009e+01
1.523151683778324994e+01
1.435595436500496369e+01
1.563303131259844214e+01
1.566847582124609239e+01
1.513897415604845342e+01
1.367761802600023913e+01
1.567786011487060271e+01
1.509518661330069556e+01
1.501189997112522434e+01
1.371009587775226102e+01
1.500212793301698788e+01
1.138413309151934527e+01
1.500734206610766996e+01
1.505412929243466991e+01
1.552177965099679469e+01
1.543981869319832612e+01
1.535405913237371323e+01
1.549221351610805542e+01
1.368042717842133982e+01
1.502836653199042871e+01
1.061997953519773397e+01
1.544507478393715161e+01
1.291362082363236929e+01
1.569242196835699055e+01
1.133555564215833478e+01
1.346079478292543286e+01
1.410834077801461284e+01
1.471566702935028026e+01
1.502071377430147336e+01
1.500959611056180876e+01
1.406010351770781597e+01
1.541158786505124922e+01
1.500390450312654345e+01
1.500481725879958539e+01
1.546775418888275944e+01
1.292960325934518906e+01
1.513892351678057757e+01
1.548683560674014714e+01
1.233754930307932618e+01
1.504631272731975322e+01
1.526358731932177903e+01
1.556244890157707417e+01
1.500626082466735056e+01
1.554421694977407142e+01
1.556165087269534730e+01
1.501781342565866240e+01
1.500096536446750406e+01
1.348693036627395969e+01
1.344502638040934706e+01
1.502277929063387063e+01
1.511422791776440100e+01
1.533541585356575254e+01
1.556427623487437906e+01
1.528245588827856238e+01
1.372738160138631791e+01
1.531430300403018840e+01
1.500621413235982082e+01
1.133555564215833478e+01
1.504268251645173748e+01
1.567844497675000959e+01
1.534143993370936521e+01
1.397913759176053361e+01
1.555657345111183076e+01
1.553357919942278009e+01
1.560482762179377580e+01
1.500026092529767574e+01
1.424778363218939425e+01
1.288177751050057829e+01
1.500759900816029635e+01
1.503002068634830835e+01
1.569242196835699055e+01
1.433425275995242387e+01
1.539033816875385163e+01
1.503159726120084017e+01
1.534770219247529432e+01
1.462619710074838864e+01
1.565584140824113035e+01
1.397801494570797054e+01
1.529891607508405826e+01
1.548205307157089727e+01
1.500935389388978614e+01
1.150555420195027523e+01
1.500013688392855826e+01
1.548075163812902133e+01
1.395638641276745240e+01
1.408057753118296596e+01
1.517878396190511836e+01
1.332103128090346900e+01
1.308099832720949607e+01
1.502919777849767691e+01
1.464169074564888007e+01
1.432674469648090110e+01
1.500093318263358633e+01
1.501599509457629011e+01
1.404238932549617580e+01
1.533404005617254917e+01
1.502673663731673592e+01
1.501909789791133498e+01
1.527963582248922769e+01
1.309878683507663233e+01
1.433528720573901794e+01
1.500189139143651040e+01
1.331783259322230961e+01
1.500289852680012004e+01
1.512415686329043218e+01
1.513307596210242068e+01
1.503579549541324312e+01
1.504978589890985141e+01
1.387878539382782250e+01
1.435196061519067534e+01
1.500580339069244928e+01
1.533342683183502686e+01
1.482473392223354125e+01
1.500939575876173748e+01
1.536004074166483058e+01
1.503172666993787310e+01
1.518830212484687614e+01
1.541609598635448286e+01
1.501697855654302494e+01
1.500626409533327710e+01
1.194570725898602248e+01
1.409934424906144201e+01
1.208223545702022150e+01
1.502885729764047262e+01
1.503893609935289533e+01
1.107874935986008857e+01
1.399782005073912927e+01
1.286559546994604908e+01
1.366119280091725408e+01
1.564483429168630835e+01
1.523151683778324994e+01
1.546984709678601355e+01
1.556649770433377888e+01
1.539033816875385163e+01
1.391528700336009550e+01
1.559990274565826951e+01
1.538389363269390664e+01
1.219015444285956384e+01
1.564388518548186369e+01
1.551768401687538557e+01
1.339890788990630988e+01
1.363320141787077411e+01
1.546097782904790030e+01
1.508586855781344482e+01
1.567341850559884264e+01
1.185165011772766519e+01
1.466149976885472661e+01
1.541245202232337164e+01
1.507090847158555391e+01
1.500149505088716317e+01
1.471121347779594224e+01
1.506191151517908011e+01
1.535811361170557099e+01
1.501252414117455380e+01
1.550983222250757265e+01
1.486961916285547503e+01
1.372738160138631791e+01
1.526453376425256003e+01
1.513840711859833910e+01
1.501925327908329955e+01
1.370822763718045323e+01
1.502884273616126798e+01
1.339815824754938056e+01
1.536923986916877460e+01
1.130931377475570265e+01
1.500006788972283545e+01
1.537263287987494742e+01
1.215952612325497206e+01
1.502549185712336666e+01
1.500099192928551339e+01
1.507981580613597217e+01
1.556649770433377888e+01
1.304411038837659831e+01
1.569329710639670772e+01
1.560545869411821052e+01
1.500625481385529270e+01
1.566471216353410512e+01
1.538508024006813990e+01
1.544128911458954789e+01
1.399940314983159695e+01
1.504097943407968252e+01
1.536905879696404220e+01
1.464701629326299503e+01
1.525386186264174349e+01
1.567040937639071174e+01
1.500802810055329495e+01
1.416070107948003276e+01
1.315532831081139165e+01
1.433230180519407071e+01
1.503399547495501487e+01
1.559800403783825651e+01
1.504350705867014426e+01
1.536100738893815354e+01
1.544750298575047154e+01
1.546775418888275944e+01
1.558168225015659836e+01
1.553482491671411481e+01
1.501997036820577058e+01
1.526453376425256003e+01
1.102836558692704472e+01
1.399019490224902817e+01
1.538120520603288099e+01
1.538599384815991300e+01
1.556239067889864458e+01
1.186507284369048065e+01
1.537724356721978758e+01
1.568839854517719345e+01
1.537801011400502205e+01
1.501455384825963968e+01
1.536429497008590950e+01
1.520644519077573698e+01
1.518716763796398617e+01
8.071043357364423798e+00
1.531553050361835311e+01
1.329427954265642953e+01
1.540782963743616740e+01
1.538851921633349207e+01
1.535059793123262750e+01
1.551472751528556415e+01
1.539795579037492779e+01
1.500162124983702938e+01
1.500817712641618407e+01
1.509112229837941044e+01
1.500241343584078280e+01
1.541599067383271660e+01
1.359424020599119487e+01
1.501848916084851027e+01
1.356232123722701388e+01
1.537828015421580119e+01
1.433636092671242324e+01
1.544699954392832986e+01
1.535125173808045318e+01
1.166845015246024531e+01
1.487185131241914604e+01
1.504895230494313374e+01
1.567923898111646430e+01
1.535000852450079378e+01
1.500073217280952775e+01
1.538066992969218383e+01
1.320348942914208834e+01
1.452300484762715982e+01
1.533455398518473700e+01
1.543463918626295595e+01
9.799513912259676829e+00
1.262669682309162056e+01
1.359239113126388787e+01
1.558861377140061677e+01
1.471734763542897362e+01
1.350395974653368114e+01
1.549595827577295104e+01
1.501134357450581724e+01
1.500491589038831997e+01
1.405385039198987052e+01
1.563271553848397133e+01
1.530847997061515819e+01
1.439822403936064532e+01
1.275946519716270444e+01
1.533720847216225813e+01
1.549420285883208237e+01
1.517398610325361830e+01
1.567893034935818442e+01
1.351381091922310240e+01
1.561253942946076201e+01
1.501801256246552185e+01
1.545930788240592513e+01
1.546536198946422047e+01
1.567943345013351930e+01
1.356910289734718766e+01
1.543215401835871070e+01
1.568791540693238673e+01
1.517048101889878531e+01
1.356030322749435513e+01
1.553234812065589310e+01
1.437453856138352748e+01
1.546642501392292601e+01
1.525023100929124809e+01
1.524590369128681466e+01
1.521984431826666651e+01
1.011138016841118592e+01
1.500353031554451100e+01
1.568156613717612125e+01
1.243680660931144288e+01
1.557969374510951255e+01
1.416089800688017952e+01
1.560602285821277846e+01
1.533468773732511714e+01
1.503204210921290240e+01
1.534770120178837871e+01
1.519559298867854480e+01
1.502641392837261414e+01
1.562818356188432567e+01
1.502225500307716821e+01
1.535965572754046171e+01
1.569364030550378786e+01
1.535459629831097494e+01
1.562491833049195833e+01
1.468217183802266490e+01
1.381131979833575230e+01
1.328979184277961423e+01
1.537197681070712285e+01
1.545925628985621536e+01
1.430912664920515098e+01
1.434981965286496930e+01
1.569307568748005899e+01
1.379220225159836666e+01
1.545759375385503986e+01
1.551989065362300302e+01
1.522273452148044015e+01
1.516528529929185964e+01
1.350514364966836922e+01
1.569131118711609219e+01
1.501006529194245331e+01
1.400759604868396657e+01
1.304841818568761802e+01
1.501627074605155521e+01
1.507624642192326903e+01
1.511578183538443554e+01
1.500109382516023082e+01
1.422309425310121078e+01
1.501153693992896443e+01
1.271219668642584111e+01
1.500770323575922482e+01
1.400790654735244622e+01
1.535400774915150990e+01
1.500092550345370057e+01
1.522693194995382449e+01
1.568863307988704037e+01
1.533620060433600329e+01
1.566450294264149079e+01
1.296513180337010240e+01
1.513791293173368402e+01
1.510437906155834753e+01
1.219861094620029718e+01
1.502094222568578630e+01
1.550969554529697803e+01
1.500479147931064894e+01
1.531965195640999511e+01
1.509056773817430752e+01
1.535111674998905329e+01
1.321874217904445281e+01
1.535404862719450314e+01
1.407838050645999672e+01
1.176239160156815444e+01
1.531942258008752056e+01
1.278879822098259034e+01
1.567259096325826029e+01
1.504563621982499022e+01
1.535269159946557060e+01
1.565367850839018793e+01
1.562387697667057296e+01
1.455198328535112573e+01
1.539473326741737225e+01
1.546506802464045194e+01
1.214178249297610712e+01
1.506635781632376059e+01
1.500540993954478353e+01
1.502579118444919715e+01
1.502320496038839259e+01
1.180825990338498954e+01
1.306350075491242180e+01
1.529656447789123952e+01
1.227768900507536287e+01
1.162353553106789583e+01
1.508247142084452896e+01
1.216905677875746328e+01
1.225045586618887228e+01
1.470097957649650233e+01
1.537066940358162981e+01
1.501868690602452006e+01
1.535038712386048232e+01
1.538615674219521701e+01
1.500309211542525922e+01
1.400633281432449451e+01
1.556235279852679199e+01
1.500143557556671503e+01
1.451077749950151663e+01
1.501772714219086424e+01
1.221453689134060561e+01
1.500314603975340511e+01
1.500750850754108434e+01
1.534384895559235495e+01
1.219579171555251840e+01
1.387134992200324746e+01
1.537494073391409977e+01
1.500174902972128876e+01
1.567762138669738547e+01
1.509715192258941308e+01
1.501443272631237136e+01
1.327494897643536831e+01
1.524130371271448681e+01
1.545224261982182057e+01
1.551836755972794180e+01
1.500874510161113307e+01
1.500402232165434313e+01
1.500026717419734545e+01
1.506124534937893777e+01
1.501590585017616952e+01
1.538833669651114455e+01
1.506638116697066643e+01
1.567112548055089505e+01
1.390683877933531321e+01
1.268229478977118241e+01
1.361497489596379928e+01
1.418274375570300805e+01
1.533668733351765745e+01
1.347973561414494270e+01
1.536695806893206928e+01
1.561831247679736379e+01
1.475568262139286269e+01
1.501777046445095110e+01
1.455822504675893470e+01
1.276683364598592263e+01
1.532334720111694182e+01
1.541761841361579144e+01
1.438781641506856168e+01
1.534715377217848697e+01
1.564223419168156681e+01
1.533711509887661073e+01
1.556892296286588540e+01
1.510302302634847926e+01
1.500058224357908898e+01
1.145889382118136091e+01
1.541657491837940164e+01
1.501776284561811359e+01
1.502278501245586639e+01
1.531342267756384246e+01
1.512049606218634068e+01
1.503963258484378684e+01
1.555889382594956949e+01
1.567034691328547069e+01
1.469142473242533775e+01
1.389034964248285497e+01
1.260911723129347806e+01
1.500261957679284031e+01
1.551381926854547366e+01
1.531867400561550951e+01
1.501033801560730474e+01
1.389151693193166714e+01
1.429920257046658705e+01
1.508888950021094288e+01
1.354499561112713835e+01
1.558334762676149410e+01
1.503590965039057714e+01
1.500060900753359761e+01
1.553417648438497700e+01
1.567207257392919217e+01
1.543287195558922953e+01
1.328590640182593496e+01
1.544880689719868094e+01
1.538324046086191288e+01
1.534746177208821472e+01
1.552035344915970860e+01
1.508733188058675623e+01
1.286095024201544845e+01
1.198218421351352347e+01
1.506921795893997285e+01
1.500540720222386781e+01
1.505025046605837424e+01
1.570081949281133227e+01
1.501225294218694195e+01
1.510305427628257569e+01
1.500379969198283092e+01
1.533731124334050655e+01
1.500557189830928628e+01
1.500132830578463938e+01
1.535747597416868793e+01
1.553630600832698505e+01
1.509976450577515905e+01
1.504445723504315247e+01
1.345601152015620805e+01
1.505213302918282281e+01
1.562981631169041030e+01
1.536922352640960909e+01
1.565275449965711374e+01
1.569607839029231933e+01
1.253138990961191013e+01
1.163229258316958870e+01
1.544347803632708249e+01
1.502835612822407896e+01
1.568811624067415167e+01
1.567844497675000959e+01
1.536229257601202924e+01
1.500859862328893435e+01
1.273753466518907018e+01
1.480664009393821523e+01
1.503640132842887134e+01
1.273235481551876092e+01
1.503193580803179863e+01
1.533392751582840319e+01
1.442602329491056423e+01
1.433528720573901794e+01
1.556244890157707417e+01
1.258381222385296638e+01
1.506917049193377167e+01
1.536577562280151632e+01
1.533750781539472996e+01
1.538967254522844286e+01
1.502947301820422688e+01
1.569854949637309183e+01
1.566982272293532397e+01
1.506326272059935434e+01
1.566966087603025848e+01
1.501326843432862645e+01
1.515290588141904671e+01
1.536010555471349726e+01
1.202264415126206210e+01
1.510383861873647504e+01
1.508042484192549360e+01
1.504854231362094019e+01
1.534746177208821472e+01
1.092828979244203502e+01
1.323336905643078687e+01
1.500320849916738908e+01
1.503160306204118335e+01
1.514597341799865582e+01
1.501079447470208272e+01
1.533375145437782017e+01
1.501604191449923320e+01
1.548785083404723650e+01
1.535403188048758416e+01
1.551591115200253057e+01
1.433614498470140752e+01
1.555735701182178943e+01
1.357310452176090898e+01
1.503685354857842427e+01
1.529605622920430186e+01
1.265057252670025889e+01
1.325170898052511248e+01
1.560280384913372131e+01
1.148792992756179565e+01
1.533448177291755421e+01
1.533341458613723240e+01
1.537235845771381548e+01
1.282504460094527943e+01
1.509003374634877659e+01
1.515173617854797961e+01
1.358093498992796633e+01
1.409934424906144201e+01
1.186720019778429247e+01
1.533726843873094481e+01
1.360905098123264167e+01
1.502081912304704758e+01
1.477555438723919323e+01
1.521617536351418565e+01
1.231902650384805042e+01
1.504763111293159383e+01
1.506542045564999199e+01
1.500184815375530967e+01
1.531457658827707036e+01
1.021637586368146167e+01
1.544971415516477542e+01
1.518854044350261034e+01
1.502675784129232994e+01
1.412805216884635229e+01
1.500578497115610688e+01
1.537066940358162981e+01
1.443105717065732918e+01
1.563894408049348428e+01
1.500515131320461215e+01
1.514769430866289035e+01
1.548406948955438978e+01
1.518562246880120448e+01
1.503831528782684757e+01
1.501212304820642451e+01
1.467104856391980405e+01
1.475170650586889387e+01
1.513388747889210073e+01
1.529628316166479074e+01
1.459204777280228527e+01
1.533862885553537581e+01
1.539975144202706048e+01
1.529711817485943115e+01
1.567967685389419863e+01
1.538286049514651488e+01
1.508710814373531583e+01
1.489341810749065331e+01
1.504557711823090749e+01
1.565002972724898633e+01
1.569343538894804091e+01
1.550648786360055098e+01
1.518054358157190897e+01
1.539661196808240007e+01
1.501237004845422440e+01
1.550351913112299407e+01
1.501109736393397398e+01
1.501637632032935166e+01
1.506175647660861650e+01
1.506060297152794014e+01
1.500270271691999291e+01
1.501272149851193660e+01
1.500008844598327862e+01
1.508804369844256321e+01
1.448606512948828495e+01
1.407668682163830098e+01
1.215639328307467437e+01
1.329975559400215879e+01
1.467184308927786596e+01
1.534541481060106172e+01
1.258946025913927791e+01
1.562575693729627346e+01
1.532799519130269772e+01
1.308544058880908700e+01
1.334396469715330369e+01
1.567044656231919930e+01
1.514414685233272273e+01
1.565807701098046856e+01
1.526055860057183367e+01
1.544159504435413233e+01
1.520914278990472823e+01
1.540601592633294814e+01
1.505723818052836016e+01
1.534787143903735895e+01
1.042116004370654103e+01
1.503406009363261653e+01
1.502113258806444307e+01
1.559303017069313491e+01
1.562080271712995838e+01
1.372529600570801733e+01
1.470097957649650233e+01
1.533728973312092769e+01
1.567971000823619576e+01
1.396642796212436366e+01
1.500060980441816838e+01
1.545267013730133421e+01
1.536772136156215041e+01
1.547148345189843610e+01
1.408869449990418765e+01
1.569589898117472693e+01
1.563692554597546547e+01
1.532834131298809055e+01
1.502132019655448048e+01
1.547990219583439320e+01
1.544406130870973826e+01
1.533688236763992485e+01
1.501801082314083757e+01
1.395396833359057531e+01
1.556218663496468579e+01
1.500165598639910769e+01
1.536927593230224254e+01
1.567895019133606560e+01
1.567543055592957302e+01
1.501845120400932565e+01
1.444613442013699256e+01
1.502407674611359312e+01
