1.381042163939204474e-06
2.489010942908072789e-07
7.441668990534423792e-07
1.346323388595279783e-06
1.158993497011602102e-03
5.831500541539212684e-05
2.650984860226749250e-09
2.365192063688391756e-04
1.222568526751423013e-07
8.138170840326894960e-06
1.381042163939204474e-06
2.489010942908072789e-07
1.346323388595279783e-06
3.156866637812116768e-05
1.187532407156321868e-05
2.308184919803155655e-01
1.702689733306289553e-05
3.429521768199660199e-06
1.343513487304912801e-05
7.455349067214338103e-06
2.489010942908072789e-07
1.346323388595279783e-06
4.332543126123082755e-06
1.187532407156321868e-05
7.455349067214338103e-06
6.650251275242546828e-08
2.938070207485064171e-08
5.787387771231728882e-05
7.145676993125108371e-06
1.365703550337915016e-05
1.381042163939204474e-06
2.489010942908072789e-07
7.441668990534423792e-07
4.332543126123082755e-06
1.158993497011602102e-03
3.845170752108302309e-06
2.017376844374020755e-06
2.650984860226749250e-09
3.894097097975108213e-06
3.165395260531920818e-05
5.077905200385026798e-07
3.132695197249668107e-04
3.831286239463054248e-05
1.298099476333196201e-05
3.156866637812116768e-05
1.187532407156321868e-05
1.158993497011602102e-03
3.845170752108302309e-06
2.017376844374020755e-06
2.650984860226749250e-09
1.346323388595279783e-06
1.187532407156321868e-05
1.534958262599375300e-03
3.845170752108302309e-06
3.344631526969972510e-06
2.650984860226749250e-09
3.079421841082297334e-06
1.222568526751423013e-07
4.883398159019637088e-06
1.984024541906226954e-06
5.316302748921811899e-03
2.489010942908072789e-07
1.346323388595279783e-06
3.156866637812116768e-05
1.187532407156321868e-05
4.088600210439521021e-04
2.650984860226749250e-09
8.609678018229439688e-08
1.222568526751423013e-07
1.984024541906226954e-06
3.831286239463054248e-05
7.441668990534423792e-07
1.346323388595279783e-06
1.298099476333196201e-05
9.278674525623158002e-05
2.650984860226749250e-09
3.894097097975108213e-06
1.222568526751423013e-07
1.984024541906226954e-06
2.898676350892172402e-04
1.598231882442160447e-03
1.381042163939204474e-06
1.346323388595279783e-06
5.840655987214948902e-08
1.187532407156321868e-05
1.158993497011602102e-03
3.344631526969972510e-06
3.894097097975108213e-06
3.165395260531920818e-05
8.609678018229439688e-08
1.381042163939204474e-06
2.489010942908072789e-07
1.346323388595279783e-06
4.332543126123082755e-06
1.298099476333196201e-05
1.187532407156321868e-05
1.158993497011602102e-03
2.768419149862289222e-06
3.845170752108302309e-06
2.650984860226749250e-09
1.326210896485600357e-04
7.441668990534423792e-07
1.925883433714753110e-03
5.840655987214948902e-08
3.845170752108302309e-06
2.017376844374020755e-06
2.650984860226749250e-09
3.894097097975108213e-06
3.165395260531920818e-05
8.609678018229439688e-08
1.381042163939204474e-06
7.441668990534423792e-07
1.346323388595279783e-06
1.298099476333196201e-05
3.593372389831344348e-03
1.158993497011602102e-03
3.344631526969972510e-06
2.650984860226749250e-09
3.894097097975108213e-06
3.165395260531920818e-05
2.489010942908072789e-07
7.441668990534423792e-07
5.770255953437280691e-03
8.855571378438684051e-04
5.840655987214948902e-08
8.873274877206316867e-05
3.215278977480341693e-02
3.845170752108302309e-06
3.765844513964524142e-05
2.017376844374020755e-06
1.381042163939204474e-06
7.441668990534423792e-07
1.298099476333196201e-05
3.156866637812116768e-05
1.534958262599375300e-03
3.845170752108302309e-06
3.344631526969972510e-06
2.017376844374020755e-06
3.894097097975108213e-06
3.079421841082297334e-06
1.459883307388859167e-06
1.381042163939204474e-06
2.087520268707464960e-05
1.298099476333196201e-05
3.156866637812116768e-05
1.187532407156321868e-05
2.768419149862289222e-06
3.845170752108302309e-06
3.079421841082297334e-06
8.609678018229439688e-08
1.381042163939204474e-06
2.489010942908072789e-07
7.441668990534423792e-07
1.346323388595279783e-06
3.034258899830869008e-06
2.192721698970038518e-07
5.831500541539212684e-05
2.017376844374020755e-06
1.275251257292018235e-02
4.087013319811708851e-06
1.381042163939204474e-06
1.346323388595279783e-06
4.332543126123082755e-06
3.156866637812116768e-05
8.873274877206316867e-05
2.017376844374020755e-06
2.650984860226749250e-09
3.079421841082297334e-06
8.609678018229439688e-08
1.222568526751423013e-07
1.459040915105767628e-04
1.381042163939204474e-06
2.489010942908072789e-07
7.441668990534423792e-07
1.346323388595279783e-06
4.332543126123082755e-06
1.298099476333196201e-05
1.187532407156321868e-05
1.158993497011602102e-03
1.312284895479989000e-01
2.489010942908072789e-07
7.441668990534423792e-07
3.156866637812116768e-05
1.187532407156321868e-05
3.344631526969972510e-06
2.017376844374020755e-06
2.650984860226749250e-09
3.079421841082297334e-06
8.609678018229439688e-08
1.222568526751423013e-07
1.381042163939204474e-06
1.346323388595279783e-06
9.371029316076318451e-04
3.845170752108302309e-06
2.017376844374020755e-06
2.650984860226749250e-09
2.365192063688391756e-04
3.079421841082297334e-06
1.222568526751423013e-07
1.984024541906226954e-06
2.489010942908072789e-07
5.840655987214948902e-08
1.158993497011602102e-03
3.845170752108302309e-06
3.894097097975108213e-06
3.165395260531920818e-05
8.609678018229439688e-08
1.222568526751423013e-07
1.040359210260909520e-06
4.087013319811708851e-06
1.459883307388859167e-06
1.381042163939204474e-06
2.489010942908072789e-07
3.156866637812116768e-05
1.158993497011602102e-03
2.650984860226749250e-09
3.894097097975108213e-06
3.165395260531920818e-05
1.702689733306289553e-05
3.862549921643708677e-03
1.298099476333196201e-05
3.156866637812116768e-05
3.625829450040349289e-02
3.845170752108302309e-06
2.650984860226749250e-09
3.165395260531920818e-05
1.222568526751423013e-07
1.984024541906226954e-06
4.087013319811708851e-06
6.650251275242546828e-08
1.381042163939204474e-06
1.346323388595279783e-06
1.298099476333196201e-05
3.156866637812116768e-05
8.873274877206316867e-05
3.845170752108302309e-06
3.344631526969972510e-06
3.165395260531920818e-05
1.222568526751423013e-07
7.455349067214338103e-06
2.489010942908072789e-07
7.441668990534423792e-07
1.346323388595279783e-06
1.298099476333196201e-05
3.156866637812116768e-05
1.158993497011602102e-03
3.344631526969972510e-06
2.017376844374020755e-06
2.650984860226749250e-09
2.365192063688391756e-04
1.381042163939204474e-06
7.441668990534423792e-07
1.158993497011602102e-03
3.845170752108302309e-06
3.894097097975108213e-06
3.165395260531920818e-05
3.079421841082297334e-06
7.599566436161363010e-07
1.984024541906226954e-06
4.087013319811708851e-06
7.441668990534423792e-07
2.768419149862289222e-06
1.534958262599375300e-03
3.845170752108302309e-06
3.344631526969972510e-06
2.017376844374020755e-06
2.650984860226749250e-09
3.894097097975108213e-06
3.165395260531920818e-05
3.079421841082297334e-06
1.459040915105767628e-04
5.840655987214948902e-08
1.187532407156321868e-05
1.158993497011602102e-03
2.017376844374020755e-06
2.228281514030328671e-05
8.609678018229439688e-08
4.664283221722740616e-04
7.455349067214338103e-06
2.347502702152689314e-07
5.077905200385026798e-07
2.489010942908072789e-07
1.346323388595279783e-06
4.412427571199464879e-06
1.518007370643199546e-03
3.845170752108302309e-06
2.017376844374020755e-06
3.894097097975108213e-06
8.609678018229439688e-08
7.599566436161363010e-07
1.381042163939204474e-06
1.346323388595279783e-06
1.456058839789708351e-03
3.294451602749743236e-04
1.158993497011602102e-03
4.088600210439521021e-04
2.650984860226749250e-09
3.894097097975108213e-06
3.165395260531920818e-05
3.862549921643708677e-03
1.346323388595279783e-06
1.094729699387397159e-04
1.187532407156321868e-05
3.845170752108302309e-06
8.781437396194859482e-04
1.565490973100288393e-03
5.291245729644242354e-04
8.779667573733091585e-05
6.650251275242546828e-08
2.938070207485064171e-08
1.381042163939204474e-06
7.441668990534423792e-07
1.346323388595279783e-06
4.332543126123082755e-06
1.298099476333196201e-05
4.412427571199464879e-06
1.187532407156321868e-05
1.158993497011602102e-03
2.768419149862289222e-06
5.831500541539212684e-05
7.441668990534423792e-07
3.156866637812116768e-05
3.215278977480341693e-02
2.768419149862289222e-06
4.088600210439521021e-04
3.894097097975108213e-06
3.165395260531920818e-05
6.615172980459267812e-05
8.609678018229439688e-08
1.222568526751423013e-07
1.381042163939204474e-06
2.489010942908072789e-07
1.346323388595279783e-06
1.158993497011602102e-03
3.845170752108302309e-06
2.017376844374020755e-06
3.165395260531920818e-05
5.770757694225941059e-05
1.984024541906226954e-06
4.087013319811708851e-06
7.349522990392510016e-03
3.156866637812116768e-05
1.158993497011602102e-03
2.768419149862289222e-06
2.017376844374020755e-06
1.849519563601828090e-06
1.984024541906226954e-06
7.701159278512364395e-08
3.023426166367362741e-05
1.048877080721312698e-05
1.346323388595279783e-06
4.332543126123082755e-06
8.757777296799582750e-04
3.344631526969972510e-06
2.650984860226749250e-09
3.894097097975108213e-06
3.165395260531920818e-05
3.079421841082297334e-06
1.222568526751423013e-07
9.212332645520673532e-03
2.489010942908072789e-07
7.441668990534423792e-07
1.298099476333196201e-05
1.187532407156321868e-05
2.768419149862289222e-06
3.845170752108302309e-06
2.650984860226749250e-09
3.894097097975108213e-06
3.165395260531920818e-05
3.079421841082297334e-06
1.298099476333196201e-05
1.574495009390713347e-05
3.845170752108302309e-06
3.165395260531920818e-05
3.079421841082297334e-06
8.609678018229439688e-08
1.222568526751423013e-07
1.292505027232819731e-04
2.938070207485064171e-08
4.807520627675027763e-07
1.381042163939204474e-06
2.489010942908072789e-07
3.156866637812116768e-05
2.017376844374020755e-06
2.650984860226749250e-09
3.894097097975108213e-06
3.165395260531920818e-05
3.079421841082297334e-06
1.984024541906226954e-06
7.455349067214338103e-06
9.296348422570491023e-06
4.320493050797551696e-05
2.489010942908072789e-07
1.298099476333196201e-05
3.156866637812116768e-05
1.187532407156321868e-05
1.158993497011602102e-03
4.088600210439521021e-04
2.650984860226749250e-09
3.894097097975108213e-06
5.077905200385026798e-07
1.158993497011602102e-03
4.088600210439521021e-04
3.845170752108302309e-06
2.650984860226749250e-09
3.894097097975108213e-06
3.165395260531920818e-05
7.559879861210990414e-05
1.222568526751423013e-07
1.984024541906226954e-06
1.381042163939204474e-06
2.489010942908072789e-07
3.034258899830869008e-06
1.187532407156321868e-05
1.158993497011602102e-03
1.518007370643199546e-03
3.344631526969972510e-06
2.017376844374020755e-06
2.365192063688391756e-04
1.222568526751423013e-07
3.156866637812116768e-05
9.967105616098879788e-04
1.187532407156321868e-05
3.845170752108302309e-06
2.650984860226749250e-09
3.894097097975108213e-06
3.165395260531920818e-05
1.984024541906226954e-06
5.291245729644242354e-04
2.347502702152689314e-07
1.381042163939204474e-06
1.346323388595279783e-06
3.156866637812116768e-05
1.187532407156321868e-05
2.768419149862289222e-06
3.845170752108302309e-06
9.278674525623158002e-05
2.650984860226749250e-09
3.894097097975108213e-06
3.079421841082297334e-06
1.381042163939204474e-06
2.489010942908072789e-07
1.346323388595279783e-06
8.172471937424590779e-07
3.156866637812116768e-05
2.550686383700473629e-06
3.845170752108302309e-06
3.894097097975108213e-06
8.609678018229439688e-08
1.660227500187264505e-04
1.381042163939204474e-06
2.489010942908072789e-07
1.346323388595279783e-06
3.156866637812116768e-05
3.624929698555208295e-04
1.187532407156321868e-05
3.845170752108302309e-06
3.344631526969972510e-06
2.017376844374020755e-06
8.609678018229439688e-08
4.332543126123082755e-06
1.298099476333196201e-05
1.187532407156321868e-05
1.158993497011602102e-03
3.344631526969972510e-06
8.781437396194859482e-04
3.079421841082297334e-06
8.609678018229439688e-08
1.984024541906226954e-06
4.087013319811708851e-06
1.381042163939204474e-06
7.441668990534423792e-07
1.346323388595279783e-06
1.298099476333196201e-05
2.768419149862289222e-06
5.831500541539212684e-05
2.017376844374020755e-06
3.894097097975108213e-06
8.781437396194859482e-04
3.079421841082297334e-06
1.620168907820146997e-06
2.489010942908072789e-07
1.187532407156321868e-05
2.768419149862289222e-06
3.845170752108302309e-06
3.344631526969972510e-06
2.650984860226749250e-09
3.894097097975108213e-06
3.165395260531920818e-05
3.079421841082297334e-06
9.579116476911505879e-04
2.489010942908072789e-07
7.441668990534423792e-07
3.156866637812116768e-05
1.158993497011602102e-03
2.650984860226749250e-09
3.165395260531920818e-05
1.222568526751423013e-07
1.984024541906226954e-06
7.455349067214338103e-06
1.381042163939204474e-06
2.489010942908072789e-07
1.346323388595279783e-06
3.156866637812116768e-05
1.187532407156321868e-05
1.158993497011602102e-03
3.845170752108302309e-06
3.344631526969972510e-06
2.017376844374020755e-06
5.694810365057070723e-08
7.441668990534423792e-07
1.158993497011602102e-03
2.768419149862289222e-06
4.088600210439521021e-04
3.344631526969972510e-06
2.017376844374020755e-06
8.781437396194859482e-04
3.079421841082297334e-06
2.228281514030328671e-05
8.609678018229439688e-08
5.077905200385026798e-07
7.441668990534423792e-07
1.298099476333196201e-05
1.534958262599375300e-03
2.017376844374020755e-06
2.650984860226749250e-09
3.894097097975108213e-06
3.079421841082297334e-06
1.222568526751423013e-07
3.618618770675638873e-06
1.381042163939204474e-06
2.489010942908072789e-07
1.346323388595279783e-06
1.094729699387397159e-04
1.187532407156321868e-05
4.088600210439521021e-04
3.845170752108302309e-06
2.017376844374020755e-06
2.650984860226749250e-09
3.894097097975108213e-06
5.077905200385026798e-07
2.489010942908072789e-07
7.441668990534423792e-07
3.156866637812116768e-05
2.168506976319473269e-07
1.187532407156321868e-05
1.158993497011602102e-03
5.831500541539212684e-05
3.344631526969972510e-06
3.894097097975108213e-06
1.885314402392066053e-06
7.441668990534423792e-07
1.298099476333196201e-05
1.187532407156321868e-05
3.845170752108302309e-06
3.344631526969972510e-06
2.017376844374020755e-06
3.165395260531920818e-05
6.615172980459267812e-05
3.618618770675638873e-06
2.489010942908072789e-07
1.187532407156321868e-05
1.158993497011602102e-03
3.845170752108302309e-06
2.650984860226749250e-09
3.894097097975108213e-06
3.165395260531920818e-05
8.609678018229439688e-08
1.222568526751423013e-07
9.415980297364504774e-04
1.381042163939204474e-06
2.489010942908072789e-07
3.156866637812116768e-05
1.187532407156321868e-05
1.158993497011602102e-03
2.768419149862289222e-06
3.845170752108302309e-06
3.344631526969972510e-06
2.650984860226749250e-09
8.609678018229439688e-08
3.156866637812116768e-05
1.187532407156321868e-05
1.158993497011602102e-03
2.768419149862289222e-06
3.344631526969972510e-06
2.017376844374020755e-06
3.894097097975108213e-06
3.165395260531920818e-05
3.224363626862918812e-07
6.827886674860081037e-03
3.874068455382408610e-05
2.489010942908072789e-07
7.441668990534423792e-07
1.187532407156321868e-05
2.550686383700473629e-06
3.845170752108302309e-06
3.344631526969972510e-06
3.165395260531920818e-05
7.599566436161363010e-07
5.565541077022289826e-05
1.381042163939204474e-06
7.441668990534423792e-07
1.346323388595279783e-06
1.298099476333196201e-05
5.712630724306510394e-03
3.715111417020617473e-04
3.845170752108302309e-06
3.344631526969972510e-06
3.894097097975108213e-06
3.165395260531920818e-05
1.381042163939204474e-06
2.489010942908072789e-07
7.441668990534423792e-07
1.346323388595279783e-06
3.156866637812116768e-05
1.187532407156321868e-05
2.768419149862289222e-06
2.650984860226749250e-09
3.894097097975108213e-06
3.165395260531920818e-05
1.598231882442160447e-03
2.489010942908072789e-07
1.346323388595279783e-06
2.471740692891323359e-03
1.298099476333196201e-05
1.187532407156321868e-05
2.550686383700473629e-06
3.344631526969972510e-06
2.650984860226749250e-09
3.894097097975108213e-06
1.381042163939204474e-06
7.441668990534423792e-07
4.332543126123082755e-06
1.158993497011602102e-03
1.990411134772012759e-04
2.017376844374020755e-06
3.165395260531920818e-05
3.079421841082297334e-06
8.609678018229439688e-08
1.984024541906226954e-06
7.441668990534423792e-07
1.346323388595279783e-06
4.332543126123082755e-06
3.156866637812116768e-05
1.187532407156321868e-05
2.768419149862289222e-06
2.017376844374020755e-06
2.650984860226749250e-09
3.894097097975108213e-06
8.609678018229439688e-08
1.906366843477832858e-06
9.579116476911505879e-04
2.489010942908072789e-07
7.441668990534423792e-07
4.332543126123082755e-06
3.156866637812116768e-05
1.158993497011602102e-03
2.768419149862289222e-06
3.344631526969972510e-06
2.650984860226749250e-09
2.489010942908072789e-07
7.441668990534423792e-07
4.332543126123082755e-06
1.298099476333196201e-05
8.172471937424590779e-07
3.156866637812116768e-05
1.187532407156321868e-05
1.158993497011602102e-03
3.344631526969972510e-06
8.546193812547345269e-04
1.620168907820146997e-06
2.489010942908072789e-07
7.441668990534423792e-07
4.332543126123082755e-06
1.187532407156321868e-05
1.158993497011602102e-03
2.768419149862289222e-06
3.344631526969972510e-06
7.436483179779943537e-08
8.609678018229439688e-08
1.459883307388859167e-06
1.381042163939204474e-06
8.398443838473080691e-04
3.156866637812116768e-05
1.187532407156321868e-05
2.017376844374020755e-06
2.650984860226749250e-09
3.079421841082297334e-06
2.228281514030328671e-05
1.833344257336914950e-05
5.077905200385026798e-07
3.132695197249668107e-04
1.381042163939204474e-06
7.441668990534423792e-07
3.156866637812116768e-05
1.158993497011602102e-03
5.831500541539212684e-05
2.017376844374020755e-06
2.650984860226749250e-09
3.894097097975108213e-06
1.598231882442160447e-03
1.346323388595279783e-06
3.156866637812116768e-05
1.158993497011602102e-03
3.344631526969972510e-06
3.165395260531920818e-05
4.770263473049528866e-04
6.650251275242546828e-08
1.369019312117111786e-07
1.365703550337915016e-05
1.381042163939204474e-06
2.489010942908072789e-07
7.441668990534423792e-07
1.346323388595279783e-06
3.624929698555208295e-04
1.187532407156321868e-05
1.158993497011602102e-03
2.768419149862289222e-06
3.845170752108302309e-06
3.344631526969972510e-06
1.394031585279485741e-04
1.346323388595279783e-06
2.948544614020552818e-05
3.156866637812116768e-05
1.187532407156321868e-05
1.158993497011602102e-03
3.845170752108302309e-06
3.344631526969972510e-06
2.650984860226749250e-09
8.781437396194859482e-04
2.489010942908072789e-07
1.072449452711892121e-03
4.412427571199464879e-06
1.158993497011602102e-03
2.768419149862289222e-06
3.845170752108302309e-06
3.344631526969972510e-06
2.017376844374020755e-06
3.165395260531920818e-05
1.375480006183155439e-04
2.489010942908072789e-07
3.845170752108302309e-06
3.344631526969972510e-06
2.017376844374020755e-06
2.650984860226749250e-09
8.609678018229439688e-08
2.714768007034554925e-02
1.984024541906226954e-06
1.133818959446782472e-04
7.455349067214338103e-06
1.906366843477832858e-06
2.489010942908072789e-07
7.441668990534423792e-07
1.298099476333196201e-05
1.158993497011602102e-03
3.344631526969972510e-06
2.017376844374020755e-06
3.894097097975108213e-06
3.165395260531920818e-05
3.079421841082297334e-06
2.489010942908072789e-07
1.298099476333196201e-05
2.948544614020552818e-05
3.068141077066986475e-06
1.187532407156321868e-05
3.845170752108302309e-06
2.017376844374020755e-06
2.650984860226749250e-09
2.761852306979591348e-04
3.079421841082297334e-06
1.459040915105767628e-04
4.332543126123082755e-06
1.820086081157465841e-04
1.187532407156321868e-05
1.158993497011602102e-03
3.845170752108302309e-06
7.436483179779943537e-08
3.894097097975108213e-06
3.079421841082297334e-06
6.474538537362948306e-05
7.441668990534423792e-07
1.158993497011602102e-03
5.831500541539212684e-05
4.088600210439521021e-04
3.845170752108302309e-06
3.765844513964524142e-05
2.650984860226749250e-09
8.609678018229439688e-08
1.222568526751423013e-07
1.833344257336914950e-05
5.077905200385026798e-07
1.381042163939204474e-06
1.787659977693705708e-04
6.416705408346825082e-03
2.948544614020552818e-05
8.172471937424590779e-07
3.156866637812116768e-05
1.187532407156321868e-05
3.344631526969972510e-06
3.894097097975108213e-06
1.381042163939204474e-06
2.959467041002068516e-04
1.346323388595279783e-06
1.298099476333196201e-05
8.855571378438684051e-04
1.187532407156321868e-05
1.158993497011602102e-03
3.845170752108302309e-06
2.017376844374020755e-06
2.650984860226749250e-09
2.489010942908072789e-07
1.298099476333196201e-05
3.344631526969972510e-06
2.017376844374020755e-06
2.650984860226749250e-09
1.222568526751423013e-07
6.650251275242546828e-08
2.938070207485064171e-08
5.787387771231728882e-05
2.708416914667343726e-05
1.381042163939204474e-06
7.441668990534423792e-07
4.332543126123082755e-06
3.156866637812116768e-05
8.873274877206316867e-05
3.845170752108302309e-06
3.344631526969972510e-06
2.017376844374020755e-06
7.354360410721496163e-08
3.165395260531920818e-05
2.489010942908072789e-07
3.156866637812116768e-05
1.187532407156321868e-05
1.158993497011602102e-03
2.768419149862289222e-06
3.344631526969972510e-06
2.017376844374020755e-06
2.650984860226749250e-09
3.165395260531920818e-05
1.222568526751423013e-07
1.459883307388859167e-06
2.489010942908072789e-07
1.787659977693705708e-04
1.346323388595279783e-06
1.158993497011602102e-03
3.344631526969972510e-06
2.017376844374020755e-06
3.894097097975108213e-06
3.079421841082297334e-06
3.618618770675638873e-06
4.332543126123082755e-06
3.068141077066986475e-06
3.156866637812116768e-05
1.158993497011602102e-03
3.845170752108302309e-06
3.344631526969972510e-06
3.894097097975108213e-06
3.165395260531920818e-05
8.609678018229439688e-08
1.222568526751423013e-07
1.381042163939204474e-06
2.489010942908072789e-07
7.441668990534423792e-07
1.346323388595279783e-06
4.332543126123082755e-06
1.298099476333196201e-05
2.948544614020552818e-05
3.156866637812116768e-05
1.187532407156321868e-05
1.158993497011602102e-03
1.381042163939204474e-06
7.441668990534423792e-07
4.332543126123082755e-06
1.187532407156321868e-05
3.344631526969972510e-06
2.017376844374020755e-06
3.165395260531920818e-05
8.609678018229439688e-08
6.650251275242546828e-08
2.938070207485064171e-08
1.381042163939204474e-06
1.346323388595279783e-06
1.158993497011602102e-03
1.524785556909930787e-03
2.017376844374020755e-06
3.165395260531920818e-05
1.222568526751423013e-07
1.284822609230590047e-04
1.984024541906226954e-06
4.087013319811708851e-06
1.381042163939204474e-06
7.441668990534423792e-07
1.346323388595279783e-06
3.156866637812116768e-05
1.158993497011602102e-03
5.831500541539212684e-05
3.845170752108302309e-06
3.894097097975108213e-06
3.079421841082297334e-06
1.984024541906226954e-06
2.489010942908072789e-07
3.156866637812116768e-05
2.724701135502648475e-01
2.650984860226749250e-09
3.165395260531920818e-05
8.609678018229439688e-08
1.222568526751423013e-07
8.138170840326894960e-06
1.984024541906226954e-06
1.040359210260909520e-06
1.381042163939204474e-06
2.489010942908072789e-07
7.441668990534423792e-07
3.294451602749743236e-04
2.017376844374020755e-06
2.650984860226749250e-09
2.365192063688391756e-04
8.609678018229439688e-08
1.222568526751423013e-07
7.455349067214338103e-06
7.441668990534423792e-07
1.346323388595279783e-06
2.017376844374020755e-06
2.650984860226749250e-09
3.165395260531920818e-05
4.087013319811708851e-06
7.455349067214338103e-06
2.347502702152689314e-07
6.650251275242546828e-08
2.938070207485064171e-08
1.381042163939204474e-06
4.332543126123082755e-06
1.298099476333196201e-05
3.156866637812116768e-05
1.158993497011602102e-03
2.550686383700473629e-06
1.518007370643199546e-03
3.845170752108302309e-06
3.344631526969972510e-06
2.017376844374020755e-06
1.906366843477832858e-06
4.320493050797551696e-05
2.489010942908072789e-07
1.346323388595279783e-06
4.332543126123082755e-06
1.158993497011602102e-03
2.768419149862289222e-06
1.574495009390713347e-05
3.845170752108302309e-06
3.344631526969972510e-06
1.885314402392066053e-06
2.489010942908072789e-07
7.441668990534423792e-07
4.332543126123082755e-06
2.238978429942604931e-03
1.187532407156321868e-05
1.158993497011602102e-03
4.088600210439521021e-04
3.845170752108302309e-06
3.344631526969972510e-06
1.158993497011602102e-03
3.845170752108302309e-06
2.017376844374020755e-06
3.894097097975108213e-06
2.228281514030328671e-05
7.312345733819526024e-07
1.984024541906226954e-06
4.753793694803673131e-07
4.547008288749079113e-02
4.087013319811708851e-06
7.441668990534423792e-07
1.298099476333196201e-05
5.840655987214948902e-08
1.158993497011602102e-03
3.845170752108302309e-06
3.344631526969972510e-06
4.602755168269291790e-07
1.984024541906226954e-06
1.040359210260909520e-06
4.087013319811708851e-06
1.381042163939204474e-06
2.489010942908072789e-07
1.298099476333196201e-05
8.172471937424590779e-07
1.187532407156321868e-05
3.845170752108302309e-06
3.344631526969972510e-06
2.017376844374020755e-06
1.880186463710006135e-07
8.609678018229439688e-08
1.381042163939204474e-06
1.412282962902547574e-03
2.489010942908072789e-07
3.794455941503083359e-04
1.298099476333196201e-05
3.034258899830869008e-06
1.187532407156321868e-05
3.845170752108302309e-06
3.165395260531920818e-05
8.609678018229439688e-08
