1.211927106340751736e+00
5.603116961274561270e-01
1.182086281522337412e+00
4.132602910607086621e-01
5.304234520078476844e-01
4.977788712377929636e-01
9.694591729489216991e-01
4.596970280485752069e-01
3.759150263825462024e-01
7.245201450717375646e-01
8.729069003017236872e-01
8.678196077109106010e-01
2.342751513990674050e-01
2.397953293493236826e-01
4.098356633610960031e-01
1.066573899933453529e+00
3.377982762582856097e-02
4.466533919757008642e-01
8.614075398622323965e-01
1.100497976728337157e+00
4.609834214412556475e-01
7.384271504018942167e-01
8.958473195230530761e-01
4.213544142773756884e-01
1.034703152842603585e-01
5.288819186800012284e-01
1.664480110316164663e-01
1.124427391240099494e+00
6.512393313765936220e-01
7.674129207518430862e-01
8.873594833492950418e-01
6.272673174383669448e-01
5.477427212289925906e-01
7.719182875190141457e-01
3.637860365145755281e-01
1.113339743610090693e+00
1.247264405691130174e+00
4.931753423458099528e-01
4.596447887686025968e-01
9.964599139275395201e-01
6.742658473648431849e-01
3.893401068628100092e-01
1.774064740502853399e-01
5.162034522514169499e-01
1.076395700977900383e+00
1.092080812925230182e+00
6.865667566424960011e-01
7.604485922915895646e-01
3.821375538203811706e-01
1.011802130325058835e+00
1.353809709972019770e-01
7.653526520668973987e-01
1.191999994524622242e+00
3.909834240810894923e-01
6.876342872221070657e-01
9.916013226825176607e-01
9.861829677276708894e-01
3.559586665644683956e-01
4.241960580150533344e-01
2.986300972749602600e-01
4.097369054224104801e-01
7.047079927317499992e-01
9.861410904375083053e-01
4.539893751179702175e-01
1.119013366033445145e+00
5.722800626944897218e-01
3.759873173522798595e-01
4.595714330358868782e-01
1.186468254257247334e+00
7.046383442990284962e-01
1.119824490967131325e+00
1.037547163057830790e+00
4.895521468184083069e-01
2.123121724205385141e-01
4.401254458547669834e-01
1.070685059016652091e-01
6.196602014985226337e-01
1.218052841760356886e+00
1.640917362873575425e-01
6.738703481938601580e-01
6.297131053044983107e-01
7.737119614416761992e-01
5.090163577816474438e-01
9.632703288545250153e-01
1.927861729082926134e-01
1.199352994565830777e+00
3.980807127883779217e-01
1.066662273123509808e+00
1.147537794934524902e+00
1.339603357537223483e-01
4.063011676842588904e-01
3.492897541791175620e-01
9.568892745232030483e-01
1.068191377475863568e+00
4.936079902927238416e-01
1.013567380926609030e+00
2.123121724205385141e-01
1.087960304506598419e+00
5.510655775398044520e-01
1.026723555409773336e+00
6.858107563406328211e-01
1.114723014421755476e+00
5.702101414172098259e-01
5.304234520078476844e-01
1.025645390052624784e+00
3.331572821441057264e-01
9.677999463191726548e-01
8.450333131043112900e-01
9.358939119452178712e-01
7.840486731774010121e-01
5.460221582725988815e-02
5.407176194174740935e-01
4.145109789339886386e-01
5.598303381085585340e-01
1.014228989533822123e+00
4.325233726000746737e-01
7.817214790844599914e-01
1.172915113044849633e+00
1.283454147067653595e-01
8.167169418104630596e-01
1.067394395341362934e+00
5.120656976685621364e-01
3.037761632627274944e-01
8.063115554666037132e-01
1.678250044032130184e-01
3.313286276666352892e-01
1.062560021389886478e+00
4.083358928712844671e-01
9.272622144643904996e-01
7.708912418973287162e-01
7.440483199236285206e-01
1.109187833521202204e+00
9.393370899485995462e-01
6.884974647336686848e-01
8.634030705350445589e-02
9.944841702391202798e-01
7.643838758534537980e-01
4.362567166097331972e-01
5.901035432472662157e-01
3.369645998040357027e-01
3.873080027528876257e-01
1.705990554748930688e-01
7.129805622910718732e-01
1.097978121832387854e+00
6.970088062871759860e-01
2.779208315790153150e-01
6.849625251615183430e-01
1.676498984655909186e-01
2.876805788643802542e-01
1.091300227384511601e+00
5.628608695140899787e-01
2.676173978230726447e-01
9.706834137043094390e-01
1.246905306117499779e-01
1.068040204268227100e+00
4.620169219843058839e-01
5.419512814780778065e-01
2.717645735117735217e-01
1.021870963981723612e+00
1.102211523446913866e+00
1.078532710915468984e+00
1.184928947220010409e+00
7.212735228955979849e-01
3.845646755993600840e-01
4.537992344013063173e-01
7.012113465197679085e-01
9.782496060528187432e-01
7.937085926855268481e-01
8.568157072263113960e-01
5.808529564366731179e-01
7.842333702148840402e-01
3.185903927655970302e-01
5.702534672581025532e-01
6.891609311003136229e-01
9.327799417596484011e-01
8.044431669382732242e-01
2.084088949496925580e-01
5.862612646521425663e-01
4.575680431916722690e-01
3.131517030046878647e-01
6.218251925289757231e-01
9.092196174841568057e-01
5.572115614506939485e-01
6.052806589416547256e-01
3.584756596062582679e-01
2.232897162144538983e-01
9.425191163409509798e-01
5.868926453373568553e-01
1.087157567029809702e+00
1.608481291953124115e-01
7.514652319997228158e-01
9.146307060663270150e-01
6.328088914362707262e-01
4.977582308716619885e-01
5.597215265953938701e-01
6.310577476741843217e-01
1.040237310156987949e+00
7.749811597786884221e-01
5.341054296766232223e-01
4.894934740237149029e-01
1.379205401886826055e-01
4.499613190977569954e-01
3.757167938777848937e-01
6.873812545933731810e-01
9.767297515931246954e-01
7.513183453313988514e-01
1.190045776375340481e+00
6.317688802650640589e-01
1.115038804747158219e+00
4.292642681168341579e-01
1.170640280156560298e+00
7.814456911723410837e-01
7.200777248907535011e-01
5.796253730370127810e-01
8.495570425805113457e-01
4.055100442916908521e-01
7.045626866342049599e-01
3.169782973673773707e-01
5.468790119432176411e-01
8.873953241021774740e-01
5.089871575403794868e-01
5.679725443289584952e-01
3.450940041363207422e-01
4.895256035663066996e-01
1.938970624842575874e-01
6.991299567428225226e-01
1.039640518387600743e+00
4.673654333400144578e-01
7.912946338566340110e-01
7.771915727234274263e-01
6.267564088920385412e-01
6.858107563406328211e-01
8.824153252801680836e-01
3.506153532256836014e-01
1.137684305588939848e+00
1.136231459238431274e+00
1.056228731151813705e+00
2.647851495347792183e-01
8.748450102806436535e-01
1.579323117322055658e-01
4.865555789970860134e-01
4.801565708215413952e-01
6.051547531078094178e-01
1.167018655298418972e+00
4.296205968582843537e-01
7.663261200718233246e-01
2.290805872370332286e-01
7.872993694585531665e-01
3.710362245451197527e-01
1.196680666695214112e+00
9.661625074552551151e-01
2.577044619655846081e-01
1.127608955246607314e+00
6.798251166074176233e-01
8.885072407521318327e-01
4.977582308716619885e-01
1.099811264016577805e+00
5.283287256946049837e-01
4.775622169531685834e-01
1.114510339873686640e+00
1.198543962389718054e+00
6.170261883294357874e-01
7.016167170498501804e-01
1.035255425616662617e+00
4.254975933807400024e-01
1.743035614692307889e-01
6.746954518489137742e-01
8.277112950622933507e-01
7.657286274045946306e-02
2.786743445490778015e-01
5.375251352954046880e-01
3.710362245451197527e-01
1.101712110911608145e+00
9.730180282054314844e-01
9.391688914025865254e-01
5.555416965087895953e-01
6.508869907573621161e-01
1.043559124416619799e+00
8.247062954619640562e-01
8.600941879119159417e-01
9.758053283883579843e-01
2.238862934865980259e-01
6.330637940969938704e-01
1.128219226391189212e+00
9.652297226723920431e-01
1.190876686189498379e+00
1.050411122410762621e+00
1.088523854937157642e+00
8.598781612241732653e-01
3.487273085255255256e-01
7.536526912247369925e-01
1.142297032725522188e+00
2.686908740440343557e-01
6.247038227505552488e-01
1.240095621129356784e+00
3.449522159572802060e-01
4.032334499887306190e-01
3.543157820577941819e-01
1.074088939018249533e+00
6.293627530444719786e-01
1.156650931448905961e+00
8.486884134153276360e-01
6.067457288957875949e-01
1.176427336194359796e+00
4.113227813629554142e-01
9.912689763709853219e-01
8.089655711561344331e-01
7.876092865947820210e-01
3.174230956584642160e-01
5.044625798909435632e-01
7.874441791229782606e-01
2.621563704099901804e-01
4.117862974409949306e-01
1.017349835319183660e+00
1.108284530221476522e-01
5.700193321231709076e-01
5.176876541215569283e-01
6.951323987407237448e-01
1.186825818805456456e-01
3.890015476198999678e-01
8.537562709379311610e-01
3.449522159572802060e-01
1.041822264082113980e+00
4.528195442998046993e-01
5.578096059864963152e-01
5.072936567730185198e-01
3.164803328459115939e-01
9.565483167807353748e-01
1.066573899933453529e+00
7.231066737011393464e-01
4.485264965078845645e-01
5.438595592169956916e-01
3.452713967800178363e-01
3.239483601251524902e-01
9.812140117228398406e-01
4.695840027857277610e-01
5.719270453170285373e-01
8.999106319490544070e-01
7.708912418973287162e-01
4.449294738713740482e-01
4.830019849559435974e-01
1.075571507362707013e+00
1.194582516071706735e+00
7.933155809547357551e-01
4.615915982616680679e-01
1.584894652246829905e-01
1.142090601504622605e+00
7.203302576584708072e-01
6.251282603033500029e-01
7.459114275918088399e-01
5.662887000779359692e-01
1.075571507362707013e+00
1.153572916846125729e+00
3.367476651219587086e-02
9.581994404072531335e-01
7.670819893541878098e-01
8.667820404054380479e-01
1.010746294606019724e+00
7.943068839224629585e-01
8.983393125180324512e-01
5.543778009092429349e-01
5.398756259217365461e-01
3.472988625439034638e-01
3.586098303788142205e-01
3.377982762582856097e-02
3.967826443221281751e-01
3.786560925569864566e-01
1.027758498421037947e+00
1.033100406896465540e+00
1.200183887421706341e+00
6.340094028859697417e-01
5.375251352954046880e-01
6.824436922958535545e-01
3.099857684118041412e-01
1.247187195328356868e+00
8.012781821515552183e-01
5.755557824117570886e-01
4.107130500082987190e-01
4.867088569077839266e-01
1.264840850938791783e-01
1.037130877906407428e-01
8.744810403210208083e-01
7.183423298703626170e-01
1.145085713372345548e+00
1.159417870562594155e+00
7.205775128254150452e-01
3.492141618782133028e-01
4.180498765604934719e-01
3.469003001818100063e-01
1.129539219447502241e+00
5.756568716320100698e-01
9.043092760478699255e-01
8.618791041539374254e-01
7.544033996175254497e-01
1.166988469220699098e+00
7.049641844589539241e-01
1.492632244897833527e-01
1.182731936683184687e-01
6.062396899727843236e-01
2.466896576355503967e-01
3.031991084395439517e-01
6.222886758464926116e-01
4.894111385142228543e-01
9.196349694463041846e-01
5.799470852704802226e-01
7.218470261962548484e-01
8.144552273559316213e-02
2.712387812410756438e-01
2.482540943314854587e-01
7.845837142767733141e-01
1.109708402391282434e+00
9.677531851133640561e-01
5.951065578557714897e-01
6.299843614029277949e-01
6.288614699958763321e-01
9.140807043897862527e-02
4.334191032140927158e-01
2.208331647052343416e-01
9.571893357844758476e-01
5.357184212024701520e-01
3.464389771800426288e-01
1.379205401886826055e-01
6.347885956965763077e-01
1.068858823003262737e+00
8.961976050289413021e-01
1.044486493033896846e+00
1.167029199930106342e+00
3.377982762582856097e-02
5.965695027316129107e-01
5.655390476571161562e-01
5.074856038264468072e-01
1.116157502508755783e+00
7.562475332227317493e-01
6.854195906203042199e-01
1.191849201027553873e+00
7.523541640273928577e-01
5.555345379240399506e-01
6.777096876564450145e-01
3.972483602118141027e-02
4.426007182687401453e-01
3.008912530098791782e-01
4.846179835435570626e-01
2.579254053525248391e-01
4.223933022437419416e-01
8.685213295654261589e-01
9.151809881901770138e-01
2.968209604624760800e-01
5.826064529192749308e-01
1.102200734641174185e+00
5.810061174028640085e-01
1.133714312925479861e+00
5.916277503468235777e-01
8.886480826623767149e-01
1.139717773956484104e+00
1.108331717236522351e+00
6.368049730204542458e-01
9.070643149782413595e-01
6.322412015441114530e-01
6.324836884216710198e-01
6.447048241946982117e-01
8.922554927088384158e-01
7.366982687150627207e-01
1.048684291005604674e+00
5.288665513099312099e-01
7.801772687888584024e-01
1.182271388908939347e+00
2.387319373634082531e-01
1.156791185097524099e+00
1.018379822052504213e+00
2.625535346036266815e-01
1.835235064523873250e-01
6.774611936645869026e-01
1.198741648946778593e+00
4.310329889720235785e-01
4.154973879180819951e-01
1.017349835319183660e+00
4.765992604419321266e-01
6.053828657413000691e-01
3.354881431195133046e-01
2.780150127551572203e-01
1.216832619199906151e+00
1.019864747846261910e+00
3.246162305851172380e-01
1.134012267051896616e+00
5.229398797700338664e-01
1.028232201414279956e+00
1.339603357537223483e-01
7.341940818668779567e-01
2.349622709022614053e-01
1.534291519915843838e-01
1.039836517399044036e+00
1.204304853197899927e+00
8.477068131333734824e-01
1.002486582109512803e+00
8.753110482642599832e-01
5.540421530899468650e-01
2.647851495347792183e-01
3.750045252207913071e-01
7.650893591636616087e-01
1.022798795331211874e+00
1.016500046127360335e+00
1.075943722643853295e+00
1.017781259041489417e+00
1.019864747846261910e+00
4.093758349673172203e-01
1.096695575945897616e+00
6.363426088592676333e-01
7.650812597983854824e-01
1.380702006740109622e-01
1.168372177879926505e-01
1.171458053619187423e+00
9.765588635602295842e-01
1.218452227358281625e+00
3.035479504254539607e-01
5.700933780562862374e-01
1.184996483529925815e+00
7.988295638955879019e-01
9.947891414342235894e-01
1.209758539083920059e+00
2.169185827458672555e-01
7.121732880372082519e-01
7.187307913338785159e-01
1.883902910676978903e-01
8.381735116012509756e-01
1.158809574385931906e+00
1.069956667839232933e+00
5.984791291149526016e-01
6.070845921162056902e-01
1.095824194055112999e+00
9.483309373733666003e-01
1.230934776348079573e+00
5.240057759121797831e-01
5.035863626248395786e-01
3.346769154593566553e-02
2.749386993031961435e-01
5.643874668544439643e-01
5.044625798909435632e-01
1.309178938109974988e-01
1.872649568643911522e-01
9.757890557944945975e-01
1.020917971279056813e+00
4.671856378243451346e-01
8.309801758239593328e-01
3.942051800514956295e-01
4.900670534808472256e-01
9.020902173934579604e-01
1.969465922161255100e-01
1.001939894842061918e+00
2.647851495347792183e-01
1.092080812925230182e+00
1.015648314655781759e+00
7.213584929167398130e-01
9.227021417001144421e-01
1.075278397026398380e+00
9.622183112028754870e-01
6.029835472888955827e-01
1.018311441301611664e+00
9.206108992595064544e-01
8.961398668590302430e-01
2.425099924714900768e-01
1.379205401886826055e-01
6.340283232358165932e-01
1.073057286339904465e-01
1.801035840559976342e-01
8.634329310664127233e-01
9.293894154379913619e-01
1.122178999349804362e+00
8.282226019028428032e-01
4.702697497532503101e-01
7.642908964177668185e-01
7.242359889231626546e-01
3.963477489352409955e-01
9.320841798860362015e-01
6.769103842317348851e-01
1.048515540882200892e+00
7.845770767267390422e-01
4.254975933807400024e-01
8.454866107243694806e-01
1.102211523446913866e+00
1.037842115453304348e-01
2.395579160050318734e-01
5.482295108501731296e-01
8.198543552972943349e-01
2.730378856694990475e-01
1.273404012553848719e-01
3.496887918440937382e-01
5.973104793410455304e-01
8.639343415538950355e-01
1.123717765048968920e+00
8.723414627186498738e-01
1.197425499620707656e+00
1.170467223798679957e+00
1.275006279091473460e-01
4.594986627563754089e-01
8.978306346497912926e-01
6.802686951289289574e-01
1.217662784654799157e+00
4.702697497532503101e-01
1.207017348265755352e+00
1.192870614387904649e+00
1.084029106243636464e+00
9.780481703688224115e-01
4.338615813882594763e-01
5.580874752684903406e-01
3.842558072235671696e-01
1.746106849773194358e-01
8.249668903931809405e-01
1.102287619235496896e+00
3.133756453495914474e-01
2.251786492857385247e-01
1.221584769289681960e+00
8.239375339566270551e-01
1.074526150140735492e+00
9.651007279270895634e-01
3.031991084395439517e-01
5.906598253184320857e-01
3.056525493328581256e-01
6.877864112710656563e-01
1.969465922161255100e-01
2.874354384306917476e-01
4.266385146449570009e-01
5.771006556634078466e-01
7.393741365128809750e-01
4.189399362040231445e-01
4.575680431916722690e-01
6.201056094836729926e-01
7.631929991046380035e-01
8.239174152321047107e-01
8.174724112128824993e-01
6.339186432345160771e-01
4.368657448991595249e-01
9.342597538491904663e-01
8.384439065627229404e-01
6.613797605271946045e-01
5.913059919153447197e-01
8.520284526428193450e-01
5.723500481382514105e-01
2.826838167344926100e-01
4.070492896800882443e-01
3.449611617149379583e-01
6.140649877049402239e-01
9.856894143258491114e-01
1.013000249964351784e+00
7.550819100143449925e-01
1.032998919873440613e+00
1.166129754207209102e+00
4.428183277792504535e-01
3.070896218345846584e-01
1.093441185955948303e+00
6.097366028451118858e-01
9.261642616233989322e-01
6.755512576695286153e-01
8.897991513577689915e-01
4.039685468539988000e-01
8.338155441240276966e-01
9.332174672524042869e-01
5.023765987637733854e-01
1.068042894151637334e+00
8.780055044675909581e-01
9.757890557944945975e-01
4.368144848345849596e-01
6.555381069820995776e-01
3.340515170543502665e-01
6.963046611583085799e-01
5.267079672909356081e-01
3.883849934155069183e-01
5.246026587009574582e-01
3.316811042741550364e-01
9.776118708170538074e-01
4.773355361084822279e-01
7.360093127767095567e-01
1.109187833521202204e+00
8.344671427083205639e-01
1.060781235262208799e+00
4.959694317380435868e-01
5.174763735502765361e-01
2.672804685044674611e-01
1.053702585430891903e+00
3.637860365145755281e-01
6.067754846068600383e-01
1.160762185131896773e+00
7.151058169306293566e-01
4.746243418161701921e-01
4.789317911381744119e-01
5.497857819425320258e-01
7.167885367936175367e-01
1.103904513291943834e+00
9.730180282054314844e-01
1.036319727101912447e+00
5.075860131265963471e-01
5.191585091421745402e-01
5.955826588234454100e-01
1.090093585754291716e+00
1.678994603595261592e-01
1.171287414798788173e+00
4.739621774671090582e-01
5.723500481382514105e-01
1.198195111907166988e+00
9.869112533443334945e-01
1.068240600715385513e+00
9.071326996349018401e-01
8.678196077109106010e-01
8.358891212068989551e-01
3.964435843585515373e-01
8.320830037328427187e-01
8.742347524049507435e-01
2.103846528379212377e-01
4.254975933807400024e-01
1.166637363623708623e+00
8.524908744802168759e-01
5.470071555626460080e-01
8.381735116012509756e-01
6.211069406325858688e-01
7.912946338566340110e-01
6.082328005865650367e-02
1.051845127718748829e+00
7.503536181997906285e-01
1.343584831721278960e-01
8.505526148601384451e-01
6.867564795173288772e-01
4.580714198387733083e-01
3.269418543397956123e-01
1.007577077794449272e+00
3.637860365145755281e-01
6.687627127743891453e-01
1.035926337206466652e+00
3.690261880926866134e-01
1.200635999801890508e+00
6.882893129870323312e-01
1.988052588808324195e-01
6.080494526033896063e-01
3.437212490063881742e-01
5.172240154263094691e-01
3.056525493328581256e-01
1.108330448643155552e+00
1.415909096677965828e-01
6.188208312231434638e-01
6.593657464870033014e-01
1.070685059016652091e-01
8.466069809177052818e-02
8.466971749762368660e-01
1.166052449417204762e-01
9.832756473369861361e-01
1.013375959672157434e+00
1.048515540882200892e+00
1.218450684964118125e+00
6.779110162547832275e-01
8.978164785422279026e-01
9.299998257311208327e-01
5.619229788233716105e-01
1.142297032725522188e+00
4.696157799865263160e-01
1.123692384679390477e+00
5.839310386962742738e-01
1.041160443362567412e+00
5.727216148957358088e-01
9.411461437272500286e-01
4.005341961410806007e-01
7.890260471762748917e-01
3.174519221882398101e-01
9.660327400043122736e-01
7.044316135101661436e-01
1.156650931448905961e+00
4.537154828782422600e-01
1.082034025482372819e+00
3.037761632627274944e-01
1.022860176864112125e+00
8.312861030756897307e-01
4.964602160426961897e-01
3.626998875543805401e-01
6.839826365214842774e-01
7.971668793984816315e-01
5.306553413823589249e-01
4.575680431916722690e-01
3.375091187039871987e-01
6.712455289324514851e-01
6.715743827961953016e-01
2.793141402839613430e-01
7.259280828585118472e-01
3.158927737891822352e-01
6.795187247470620140e-02
2.163023030108217060e-01
5.295981120094888084e-01
7.688718558011974347e-01
6.840922176008313871e-01
7.845837142767733141e-01
7.345695653898640654e-01
1.118396016575011309e+00
1.168976556775269904e+00
4.435560878411301533e-01
6.236233760968289408e-01
1.138675953427321641e+00
8.387413878007912160e-01
2.723487903685029576e-01
1.149568854069696222e+00
7.764918424834175159e-01
3.131517030046878647e-01
4.610822394232871879e-01
1.033405588890380367e+00
7.150440761227319086e-01
5.694936929465813646e-01
3.598279572861507458e-01
6.873907516346814406e-01
8.180888467271305586e-01
1.617024389086430536e-01
6.205821644408796578e-01
3.327916906499004956e-01
7.573207604591291053e-01
4.781123340364782370e-01
9.882296797850377290e-01
2.171389001160934362e-01
4.594986627563754089e-01
8.634480525762091574e-01
6.262068437174779234e-01
6.298868456759949552e-01
4.209269163953240911e-01
8.247062954619640562e-01
7.911176896309247697e-01
2.374294383538214648e-01
3.841300435531713742e-01
4.624783711506124106e-01
1.075930065649536527e+00
7.975510418757555398e-01
3.261484108320559239e-01
3.356492226906024334e-01
1.153572916846125729e+00
4.217993797281783253e-01
6.317688802650640589e-01
2.106216726943719586e-01
3.201394549068252160e-01
1.025928828669732784e+00
5.682820139964135375e-01
1.084616952414503066e+00
6.696001624648291184e-01
1.176351334850551433e+00
4.895256035663066996e-01
6.455974332187234266e-01
5.237624203322568395e-01
5.521379779934223464e-01
1.249709142820415009e+00
1.092710869934415907e+00
9.280849933770782823e-01
2.769246289548218387e-01
1.005456041016495883e+00
4.770766825402814049e-01
1.540987021435395732e-01
3.450940041363207422e-01
9.332676577817502483e-01
7.840671445115330318e-01
6.152271502129892378e-01
4.195496509937088891e-01
1.056004793603382730e+00
3.637860365145755281e-01
1.119517962047981818e+00
1.124427391240099494e+00
5.844115268833007804e-01
3.496887918440937382e-01
9.117290011992060794e-01
7.812387884705426222e-01
6.514049651231355043e-01
7.440483199236285206e-01
5.047074794357204741e-01
9.752377555622190330e-01
9.146307060663270150e-01
7.476573879278516355e-01
7.102025841605894563e-01
2.718896729140046764e-01
6.334319524576219607e-01
2.488710947559643893e-01
7.216200909404839603e-01
8.560780989696479271e-01
1.059967490993917461e-01
5.254890793660466075e-01
6.267564088920385412e-01
7.085261393341240055e-01
2.672804685044674611e-01
5.482295108501731296e-01
6.007942452718464388e-01
9.227021417001144421e-01
6.077799949059758955e-01
5.819450653433785314e-01
4.010182179796862312e-01
1.710790782739085303e-01
8.667298134380262420e-01
5.955485663195760893e-01
1.089940502041709003e+00
7.349785388164384869e-01
1.080432655203567460e+00
1.177838346033817540e+00
1.102853573539881005e+00
6.134732256811828988e-01
8.720310203798173898e-01
3.750487100313830702e-01
5.473525447243163811e-01
8.282226019028428032e-01
9.305413107454547639e-01
6.651578939317466244e-01
6.307048932862184820e-01
1.040404848279701255e+00
7.265184831757771633e-01
6.475552378671994846e-01
2.153200857928186662e-01
8.508615723014469889e-01
2.065466717207484204e-01
1.043401544646075596e+00
1.185573476016140493e+00
1.198805020029279689e+00
6.533673670868452854e-01
8.041568332290616183e-01
5.017463122073114734e-01
9.078798156060146063e-01
5.962992127308777146e-01
1.187159602652006374e+00
1.108118403148779851e+00
1.069546399354766475e+00
1.178229996072653885e+00
7.753917973111833506e-01
7.642908964177668185e-01
4.887696608259695097e-01
9.489992594653999802e-01
3.038562713053606368e-01
5.090163577816474438e-01
4.291509645739443601e-01
7.462509890767496934e-01
4.462634707368343667e-01
6.977117372795569317e-01
3.850390677706556630e-01
5.878348720565396146e-01
5.155815590684359462e-01
2.962493744262552076e-01
7.351909810696763969e-01
3.275087892591753702e-01
5.325922318066469430e-01
8.652370698355031919e-01
5.817148828648259773e-01
2.644789204019602491e-01
1.639027374952447547e-01
1.163905124024491755e+00
6.624018423598587724e-01
1.008474641668060667e-01
2.787405681023642501e-01
2.310022186502742325e-01
3.449522159572802060e-01
5.785108915492860326e-01
1.227980532441202310e+00
2.660902814038468844e-01
7.992187878251656441e-01
7.866229442421607265e-01
3.564943216522423741e-01
2.171644498755077590e-01
1.069925310058282397e+00
8.310876865458040053e-01
1.127608955246607314e+00
1.185232150043209032e+00
6.018734278897964751e-01
4.881970807243803945e-01
2.797004689416688339e-01
4.156937911551776832e-01
9.299998257311208327e-01
4.440312310885687341e-01
9.146307060663270150e-01
3.417870052204605713e-01
6.301112597557440020e-01
1.213623696936014795e+00
8.095626097887211881e-01
6.696001624648291184e-01
2.690260374264175081e-01
8.220508817303004978e-01
7.212735228955979849e-01
1.066040743831429438e+00
7.653526520668973987e-01
8.344671427083205639e-01
1.129436490061621168e+00
9.472500633517618729e-01
7.120698733743373587e-01
9.664144628851053520e-01
2.232897162144538983e-01
3.860034447403146163e-01
4.053072941567021914e-01
3.375091187039871987e-01
4.795239101756886835e-01
5.565752813608815242e-01
1.087353778911460234e+00
7.938674421403668635e-01
7.953473403320986401e-01
8.118401366146070774e-01
6.849625251615183430e-01
1.475626941613623622e-01
1.201249475583866300e+00
2.821076849319156254e-01
4.063011676842588904e-01
8.581678394370729768e-01
1.011609717911761130e+00
5.844493298313453433e-01
1.089840428320250298e+00
1.871757576560796055e-01
8.880842679140585894e-01
7.854630145102468042e-01
7.916476245858801164e-01
1.534291519915843838e-01
