3.310717340903028159e-04
2.196005086046405250e-04
1.243005573478190055e-04
3.268556126014461605e-04
1.863378024681681293e-04
2.951518422592839717e-04
1.558031349563888251e-02
1.703049299304110241e-05
1.666910781658699156e-04
6.059836453332594205e-04
3.092234367549531737e-03
4.506425899986635990e-04
1.265922214483585027e-03
7.662977134337566098e-04
3.662538300102001422e-04
2.164703838257061013e-04
3.294666121324605983e-04
2.493478708863078623e-04
8.276631084071198359e-04
2.489335260137451040e-04
1.538976022193021568e-04
3.208544307988031260e-04
3.289527214493613832e-04
3.392775179081229339e-04
9.848900358117617434e-04
4.065513302161382486e-03
2.137216407871040703e-03
6.331438663032027498e-04
4.205538066263044163e-05
1.932644299201365578e-04
1.376379360268616212e-04
2.961126547275864506e-04
1.177608987957086601e-04
2.141916729216658956e-04
5.655849802594678337e-04
2.495771677057301752e-04
2.274670990080288220e-04
1.410859587755796220e-04
3.424616508557273180e-05
1.496970285786630500e-03
2.083855541386628145e-03
5.797289369705436362e-04
4.395147041673725524e-03
1.421973439095274233e-03
3.392058867248034360e-05
2.976598825638265886e-06
1.593332260412690636e-04
1.045831794361115293e-04
3.774302054582712152e-04
7.525992453739780352e-05
3.533456097356902953e-04
4.506694610901479468e-04
2.836395929432964855e-04
1.481757269938486056e-03
1.266633593758907032e-04
2.130301854972794953e-04
2.894270334181693063e-04
4.524348198101249899e-04
1.539260624838809577e-03
9.264388778077672524e-04
1.093360935526060490e-04
3.881590444606240335e-05
1.430748445035357657e-03
4.207737600884596659e-04
1.005008544564250244e-04
2.456489981552673735e-04
1.255760770648748725e-04
3.186382871417897775e-04
4.668832345374175044e-04
2.551224396071981142e-03
6.754657271533630498e-03
1.243005573478190055e-04
3.282264963749578804e-06
1.652220645555602064e-03
1.595689502657547275e-03
2.241813852935345994e-04
3.159036028296715172e-04
5.075361777468219817e-04
1.078031451644536026e-04
5.613261027772322668e-04
4.489668963390758489e-04
8.866327340545877757e-04
8.093019213399065687e-03
1.319329620449369831e-04
1.256426393684212557e-02
1.369709764809315692e-03
1.346277352435037641e-03
4.687151884780737902e-03
8.184055665357404348e-04
3.772344109711554469e-03
1.739885092779235292e-03
5.103108173003527599e-04
1.922003023758456718e-04
2.217683700363484950e-04
1.845313825414331946e-04
1.030665484304701257e-02
3.561072190665164300e-04
9.840603624545879707e-04
3.223843383146142200e-04
4.389342856635306813e-04
8.538600812842132501e-03
3.114883251941048359e-04
1.909138214672348856e-04
3.072962666509343314e-04
8.171113941625281142e-05
3.520844776233325417e-03
7.026090709756875477e-04
5.180247004759817831e-05
1.606638254126698060e-03
6.643833631095292592e-04
2.685913171737318653e-03
2.408529649561821830e-03
2.017939951367375348e-03
2.029745711589766666e-04
1.074912113252534437e-03
2.481011961769708559e-04
1.601497677767727966e-04
2.496120317374720472e-04
5.080500264078152006e-05
8.199991417019118897e-04
1.663577312369660588e-04
1.172280783198760556e-03
4.361699035915913604e-03
1.040067993214388326e-03
1.347700519874018633e-04
2.374096214460285649e-04
4.602777165029043010e-04
5.021973854181259467e-03
1.195857514696006043e-04
3.404122867075576580e-04
3.235515323667073915e-05
1.994495772775548188e-03
1.439880236779532332e-03
4.019248669140037004e-04
2.850396481281558601e-04
1.390853403311527025e-03
3.801964257647876466e-04
1.445279128128102580e-03
1.467969020616253671e-03
1.251573947867895033e-03
1.134818488176844546e-04
1.848591681169836046e-04
2.719819954596944082e-04
8.136338614588769103e-04
3.907526148094417513e-03
2.017648762654371437e-03
7.859532372154962303e-05
1.010510047263333438e-04
5.498587784701936551e-04
2.481144613628108735e-04
9.185416598425892240e-03
1.878001497412357525e-04
5.702169010718456817e-05
2.915515680460551546e-04
3.992934264754919254e-05
1.733553874178130364e-03
7.411970925429404045e-04
1.850209252532463756e-04
4.787770434147678748e-05
7.358623457449687839e-04
1.122723952203483493e-04
1.607285839434634614e-03
4.675435348378944645e-05
4.308917731067653787e-04
4.960412847487130151e-04
7.765827277412233479e-05
8.307604474871824489e-04
3.712937484752883372e-04
5.847385815488986751e-04
1.863030988387458144e-03
4.929582506441632026e-06
5.710298307277541889e-04
5.153768070137372423e-05
1.073006120345834993e-02
1.566872680947877699e-03
1.573206065150430794e-03
9.792496743198870197e-06
2.138626837149338645e-04
2.064812041814267343e-04
1.870552811186711650e-04
2.826422041338035734e-03
1.232678941979180873e-04
1.563873904356058485e-04
9.022084908745307125e-05
9.909693116817597930e-04
1.305085654770759629e-04
4.304052866596915590e-04
1.075234429851288345e-05
4.582028701008978547e-05
1.165285951878833413e-03
5.828267739545416699e-04
2.789065011958079894e-04
2.348851340595087451e-04
7.149612411471817190e-05
1.311766783617900186e-04
3.822292228814492881e-04
4.274157560223043302e-05
1.028407060581090445e-04
5.952646906358217234e-04
1.131055899404179773e-04
5.378727693745789145e-04
2.206010161904371449e-05
4.384242563596367818e-04
8.559512494397300249e-04
3.992934264754919254e-05
1.207510121533517805e-03
2.051944650429014458e-04
3.977175383996685851e-05
5.122752923641197545e-04
1.449344765348452942e-04
4.754725392555655093e-03
1.843064529385800819e-04
6.827616131134684602e-04
4.748175755579199048e-05
8.482835516031994464e-05
2.398061951033331890e-04
7.330287152287365228e-04
1.726500082548734728e-03
1.106176176419728817e-03
1.138697209566660179e-03
1.886182925434876870e-04
6.734916560740906912e-04
3.943584332564446446e-03
2.500281239416901266e-03
9.572639999619662193e-03
1.537064535093543571e-03
3.280274513724322646e-04
5.705275439983047576e-05
4.848741804389023109e-04
2.451582236359367735e-03
1.134535347664014215e-03
1.560120356512201181e-04
6.485508405141203426e-04
2.630143840471663771e-03
5.466102866476133058e-04
2.692437222025741215e-04
2.145558437255593379e-03
3.578742782486004259e-04
3.383156098154001864e-03
3.210236127813707635e-04
1.956562281745672990e-05
2.897443209555793298e-05
6.767576092208307369e-04
1.240447105875981150e-03
4.094077158312664196e-04
2.306334044922803920e-03
1.501375955498463442e-03
3.025961351445376787e-04
2.440915175495837199e-04
4.612811401423689184e-04
1.844860285593558709e-04
9.262638602100759996e-04
9.949850256045320463e-04
4.918770099401317732e-04
1.378828192049724993e-04
2.688061658428699961e-04
3.547218668078224672e-04
8.915321290209314185e-04
2.380507293892484142e-05
2.639198609020533049e-04
7.496323035878205403e-04
1.266734005472967394e-03
2.206010161904371449e-05
3.272488406125142568e-04
1.165741007594752387e-03
1.771112999631942143e-03
1.190731472408921844e-04
5.965401280382075363e-04
4.482610396246740868e-03
6.535921970766159174e-04
1.631187734543331847e-03
3.698477034112586815e-03
4.471141371260304491e-04
2.520329692403258182e-04
3.646496436582876777e-04
1.740771576020544204e-04
2.017939951367375348e-03
7.130573984850163737e-04
8.986630108078718076e-04
4.731037821099652249e-04
8.949348528124318998e-04
6.800422092468306427e-04
3.403535345087712813e-04
9.193123896686410329e-05
3.910696091357901676e-04
1.612693159810098644e-03
5.880767766780944364e-04
1.541691093019434801e-04
2.334180744369436684e-03
1.379865982646422216e-03
2.902471566081750378e-04
2.704936642876256260e-04
4.622111842136830142e-04
6.776387273207382968e-04
1.560120356512201181e-04
4.224881496227201358e-04
2.023538934928075515e-04
3.754631438332248130e-03
7.236734698968239066e-04
2.899608870729006717e-04
5.702169010718456817e-05
4.197946316815935066e-04
2.284243332462869230e-04
1.027748207705852883e-04
7.672508018173755445e-04
1.224296434970116284e-03
9.047022976360052644e-05
3.392058867248034360e-05
7.451260953009653963e-04
2.777101550294266562e-04
9.021025551280347984e-04
7.921009388221022076e-04
1.676967417619964454e-04
4.448055775260440616e-06
4.461481623084087496e-05
1.872459236111995661e-04
3.585127314573174711e-04
2.690513867378789949e-04
9.847546069272419822e-05
6.766570499670401589e-04
4.982942814423493893e-04
6.279606859271017263e-03
2.228048759346334343e-03
1.305838524739406470e-04
6.492144824070230280e-04
4.450131543763869075e-04
1.317213245849045136e-03
3.598408013066814329e-04
2.523408882698530034e-05
9.966930241474400085e-05
2.215908849345785483e-04
6.000570737049932581e-04
4.230574094038855337e-04
3.552839502942454954e-04
9.243009156396142295e-04
3.566429675035316682e-04
2.339154852651938719e-04
1.075239334162961377e-03
1.228985884867534156e-04
4.667475326529675183e-04
3.547181181351740753e-04
5.702169010718456817e-05
5.485642984946599750e-03
4.800045581320245051e-04
1.451966938278931177e-03
1.608705324348465608e-03
2.318436093903159282e-04
2.797239160128261429e-04
4.459706946961155345e-04
8.073873229366959527e-04
1.507490976792543553e-03
4.928358998587952866e-04
4.929582506441632026e-06
3.150896860447181098e-04
4.812382262473067400e-04
7.978333034006685918e-04
6.774754866216149392e-04
1.071456102221545392e-03
5.900671575494894055e-04
2.116086935267623859e-03
2.754108549515638842e-04
3.886806618995785755e-04
5.717917543678240679e-05
8.511381297236266788e-04
1.231511524887045524e-03
6.982918691549196664e-05
1.829493675715791658e-03
1.725718156797455879e-04
3.644645887207418060e-04
1.096023646803232074e-03
2.519123697824488255e-04
1.980546994726556029e-03
8.665382134625255182e-05
3.437807135078923144e-05
1.422860310029271536e-04
1.664891135416505803e-04
1.469920005845782077e-04
4.017814833467858618e-04
2.563347051271073541e-04
1.425662004257592175e-03
5.711906976905395221e-04
1.122453290654257534e-04
8.511381297236266788e-04
1.929803522827577193e-05
4.888191252293145857e-04
1.305085654770759629e-04
1.703049299304110241e-05
1.540147338222072702e-03
1.035504314150854227e-03
5.993117570776892446e-05
3.719419637168654602e-04
7.688513078276050690e-04
3.860633691264642241e-04
1.173218777272962750e-03
2.497373361240413231e-03
4.443973873963222906e-04
6.558052792252717835e-04
5.699493242828841157e-04
4.019743899565538479e-04
1.573206065150430794e-03
3.058405722594838717e-04
4.489668963390758489e-04
1.779826416249707423e-03
2.961126547275864506e-04
5.829572127806804081e-03
1.487901718680459742e-02
8.144006128789527295e-04
4.753826147907521033e-04
2.611764952523348317e-03
9.270289065735271743e-04
6.357097426673165145e-05
1.906355610902206248e-04
4.235914095101179448e-04
4.855403082223761868e-04
9.192775839852623029e-04
5.204261808601516647e-04
3.975711004001841438e-04
5.890158616425410871e-04
4.779750804626157405e-04
6.792923739150094837e-04
3.902981276691995624e-04
2.021955014522436181e-04
7.679718596588148332e-04
4.230574094038855337e-04
1.092255883719856066e-03
6.208650968538816442e-04
2.283101808526012255e-03
3.592452998149285332e-04
5.121131584672336057e-04
1.232818822334010240e-03
5.828267739545416699e-04
1.337884551845846919e-03
7.759177275373709427e-04
1.359553943446822509e-03
1.787028279469648779e-04
1.705237725171132850e-03
1.530055772339493142e-03
8.851739659189644454e-04
1.050559484018953127e-03
7.204779109994183381e-04
3.789478027851025835e-04
9.969591674151425742e-05
1.526400482034953696e-04
3.557560700262167998e-04
6.095423887008840063e-04
8.443717608352279465e-04
2.341075950690118070e-04
3.090687863298766189e-03
6.799632627826531764e-04
8.848557244177073910e-04
3.986541653581962877e-05
3.403535345087712813e-04
9.025386441644911006e-04
1.271081083646181638e-03
3.354105025228163979e-04
7.288956059434291879e-05
3.626202511523722496e-04
4.846418210114875925e-04
3.246993463670302883e-04
3.829060525916298048e-04
6.221194620542424940e-04
7.281107626596573443e-04
1.040431184877360247e-03
3.369026021886468557e-04
7.474629914683752346e-04
8.222146047620845256e-04
8.293708253768508328e-05
8.826551543931962648e-05
2.371159912185672770e-04
1.721011613106298958e-03
5.485642984946599750e-03
5.816095639113572470e-04
2.038979987076189240e-03
8.647331197168157957e-04
1.758575255667742905e-03
5.593435734316086353e-04
1.106448262631846285e-03
2.569633088284774877e-03
3.643847038848219968e-04
3.937574148821688263e-04
4.929582506441632026e-06
1.306267826216063292e-03
8.393017292497690577e-04
1.554666859044792019e-03
2.443933191067474038e-03
4.731235345469963376e-04
1.456078988215572497e-03
6.096149431295052332e-04
1.447385345218624338e-03
2.532296134815184042e-05
3.300270615200562373e-04
3.864812470657117902e-03
7.308332891142527892e-04
2.710111851238862024e-04
3.096816158076213859e-04
3.177570457809341113e-04
5.006461409523066744e-04
2.166742935032625868e-05
2.976598825638265886e-06
2.528437634489991061e-03
1.507490976792543553e-03
3.915581029139186733e-04
2.217199653204712860e-04
2.117595465142354269e-04
8.769629323280619861e-04
1.165938228112854604e-03
4.390871187910035697e-04
3.113964047298958902e-04
2.978770476018552859e-04
1.177345019398314766e-03
6.116670825559762529e-04
8.804017786630350404e-04
3.840016858311147440e-04
1.809309622218501217e-04
1.318059736793560739e-03
1.292350389957954435e-03
5.388238813509406216e-05
5.706394891033339609e-04
4.274157560223043302e-05
1.979570748074345276e-05
1.597508959062351650e-04
6.778072592455538408e-04
3.944388896210356855e-04
1.151288757729957432e-03
2.473777418251345370e-03
5.698802943615361214e-05
5.132946208368661782e-05
1.185248549262633497e-03
3.832509034955867196e-03
8.015984335436617371e-04
7.147890063036769440e-04
4.929582506441632026e-06
2.263868847472568185e-04
2.530786714110002614e-04
3.177570457809341113e-04
7.270576908499825014e-04
3.859977058132784398e-04
1.654430339205012089e-03
3.187586453209678727e-04
2.605711471961578464e-04
6.918340437518964237e-04
1.414229642151048618e-03
6.447056387590945287e-04
3.071184574984362663e-04
2.026300004080644815e-04
2.414213428311403394e-03
5.803134477081344801e-05
1.443230223740511135e-03
3.428415029192452904e-04
2.681936390955478168e-05
1.392799268885881725e-04
1.595347964909593901e-04
1.596658804078271508e-04
2.249600163897955412e-04
2.505177339682692055e-04
4.274157560223043302e-05
2.697827703839078030e-04
5.284776123641797899e-03
1.639135650021860237e-03
1.613681908842113863e-02
1.534804212887609849e-04
4.158607662736322672e-04
1.124045126867284693e-04
2.369078682539369960e-04
9.323407138167856198e-03
7.253715557135466765e-05
2.549658297047625866e-04
1.139401271542342820e-03
9.897909863019102561e-05
4.375303575196499463e-04
1.977848231736865740e-03
1.574934943169992846e-04
3.066544855321564809e-04
1.302901032253667591e-03
2.001415855048951226e-03
5.221220996183981167e-03
8.224964078730290327e-05
8.154998811142186079e-04
1.365467531333328880e-03
7.052027723732821711e-03
4.506425899986635990e-04
8.440405567486931036e-05
3.315895211339990340e-03
2.028762478790182774e-03
3.151743712681075540e-04
2.810832785855781686e-04
8.906778336729933611e-04
1.704301653601100622e-03
5.799930798449428335e-04
5.689463054882731163e-05
2.028283730344038801e-03
1.454456195341651947e-04
2.390344629941083864e-04
1.164739584165628769e-04
4.173760615378583694e-04
1.808487497018605695e-04
5.064466197611782079e-03
3.113964047298958902e-04
1.379757867206106089e-03
2.450502996140751610e-04
1.034684631866308099e-03
1.918609844965110407e-03
7.978744124635110029e-04
3.284131268279025760e-03
5.645367671503166533e-03
2.705150858496032317e-04
7.430606981021769001e-04
2.474360548503350154e-04
3.641056748076506601e-04
6.703023672178345764e-03
1.802348008122339014e-03
7.092127922531215852e-04
6.778072592455538408e-04
1.089399109251658186e-04
3.521283513883653184e-05
1.126899168865119370e-04
1.284166531968370826e-03
6.092376071923679944e-04
1.991055557802545674e-04
8.438732870091965495e-04
2.086504106397852807e-04
3.583766648896634399e-04
2.629608102846097166e-04
2.835027946320575667e-04
3.146861833687265094e-04
7.288956059434291879e-05
1.276746741795831293e-04
7.583801993974509294e-04
8.933670711144729801e-04
3.910223750336461581e-04
1.802348008122339014e-03
3.284048051560996924e-04
5.797289369705436362e-04
4.364660545667237439e-04
4.274157560223043302e-05
8.545284431807053651e-04
1.152172069927041723e-03
2.140525073875997118e-04
3.557676890136484988e-03
1.825607304703866446e-03
1.252082101253045780e-04
3.263672625166325514e-04
1.217461013287770167e-03
1.080051234944055154e-03
3.639865321949581518e-03
9.994563469807584907e-04
8.167810595922406051e-05
8.055656172583832439e-04
5.715060544117711496e-04
4.231882749339945849e-04
3.318120688503566149e-03
3.420616402899518673e-04
9.435589285361031440e-05
2.452986503308704491e-04
4.302267456688997518e-04
1.150752052891558215e-03
9.925931130332424357e-04
3.552324695835758846e-04
8.985569712572349108e-04
2.681936390955478168e-05
4.590509216135642907e-04
1.927667743080621707e-04
4.979528594016947792e-05
3.005315779087910661e-04
1.555077601300877666e-04
3.243158057949406341e-04
2.662756775685128064e-04
4.099251540614760360e-04
2.164363496006960276e-05
4.215025635248115352e-04
4.025318840833209001e-04
3.221874397128066982e-03
2.995211738908927545e-04
7.721120141875699927e-04
1.054049031302194388e-03
2.062709645612665677e-04
1.311766783617900186e-04
1.893101341458567645e-04
6.072857865058968116e-04
1.925993053288290640e-04
1.557051225840688595e-04
4.366045148017743934e-04
2.021955014522436181e-04
9.018428553484715516e-04
6.477320974881698649e-05
5.213190538019123752e-04
5.965401280382075363e-04
7.215241559974572196e-04
3.521283513883653184e-05
2.424071007408033253e-04
1.809178195067226089e-03
1.574654707854397369e-04
1.545597576063904323e-04
7.296100248901196987e-04
3.512193941256759426e-04
1.173348304799480199e-03
2.168716344564136558e-03
2.625804471321908072e-05
5.736792889769943594e-04
3.369450890943989120e-04
4.080803152302671919e-04
2.074549622183687134e-04
1.920616246250149168e-03
4.998009698821021538e-04
4.241016653901877429e-04
3.263517885871997787e-05
4.912203866210983118e-04
8.548865225914950214e-05
4.548491016069218323e-04
7.305250049486154001e-04
3.943181742549664148e-04
7.642182848696269046e-04
1.400520116932338528e-03
2.701106955929715153e-03
5.665133968458903389e-05
7.270576908499825014e-04
4.548441455867144345e-04
1.535172219365522938e-04
4.551465790487322716e-04
3.226088083460150143e-04
7.405882095964900439e-04
3.204059099800340938e-04
2.919710520280824990e-04
6.772407656101407832e-04
2.895900901898636583e-04
3.090687863298766189e-03
4.682711951458725817e-04
2.030804548359800370e-04
3.766739466605945356e-04
3.483212390389652858e-04
8.265238073540940754e-04
2.754108549515638842e-04
9.137962417443876682e-04
1.694177831411406137e-03
1.799149743762025380e-03
5.910209413981193328e-04
4.343167640241023058e-04
3.450539714059685809e-04
8.924637523570377504e-05
1.740547725137032387e-05
1.821577006191898724e-04
9.560157531640061518e-04
5.828267739545416699e-04
1.797549402374586840e-03
3.488582689163771894e-04
2.822477747439779863e-05
1.015506191500926882e-03
3.839756886121209879e-04
9.615453886975589047e-04
8.600130637556250950e-04
1.888671746465777831e-03
5.822366668501767224e-04
5.003718276336419150e-05
9.238348192294714833e-04
6.528402201025884080e-04
6.907667404301102293e-04
2.210131289006327798e-02
2.474726486178785607e-03
8.178688476535586963e-03
3.221515541291456309e-04
3.295296210654051136e-04
1.401964866742963869e-04
2.560024028695084440e-04
2.614501920144374030e-05
1.375020064564358435e-03
2.827147137166884420e-04
8.038347848861659289e-03
2.519150152199018874e-02
1.040979642986008657e-04
4.753826147907521033e-04
9.012845503247234264e-04
3.260567189123260152e-04
1.083579003285084757e-03
5.210565661567414034e-03
2.107215757979132595e-04
1.441870812349735050e-03
4.816079001306042208e-04
8.826182197274822199e-05
1.018254142497473604e-04
3.762338392358735724e-04
2.249197256641729224e-04
5.558416026076425575e-05
1.691214803805628089e-03
2.106515206301355983e-03
4.385685075304394075e-04
1.249953288716350655e-02
3.892221038555465125e-05
5.566318331103985162e-04
1.209457056659384586e-04
7.311804857464766815e-04
1.059696465023347465e-03
1.049956539486037593e-02
3.357551461965797715e-04
2.728701779062780151e-04
3.103011842168401559e-04
8.924637523570377504e-05
4.099251540614760360e-04
1.819172192471217760e-03
8.467189045554269198e-05
1.787397355229819549e-04
1.566908902818436432e-03
5.760727850547883201e-03
6.233662390345967846e-05
1.309145879767357546e-04
9.961084765463448093e-04
2.718026533919989913e-05
3.989964776580057996e-04
7.803968326774935122e-04
8.347918830938610632e-03
5.936526225305783708e-04
1.167371338138490706e-04
1.543548455838397466e-03
6.170175152401344981e-04
3.233628222924826386e-04
4.948603637793249840e-04
5.900671575494894055e-04
8.243437282617544545e-04
2.829322031976040956e-04
4.325826762731530342e-03
2.350604226326786800e-04
1.926230849042328164e-04
2.687578223705339229e-04
3.415379994936599216e-04
8.888850175555991842e-04
7.029969289747899997e-04
9.136893353676997834e-05
1.592396358776723003e-02
4.794324946605374796e-04
6.923960160595430888e-04
2.372620639428469139e-04
2.461986512329762265e-04
6.734916560740906912e-04
4.430823809649768745e-04
4.336311519008813277e-04
2.950790437110088369e-04
6.592307074699292266e-03
3.733562351626241906e-05
1.671910830042549575e-05
9.800658185717631501e-05
9.965602575471421004e-04
4.841480781233386903e-04
1.190476384242994428e-04
8.737925456615687437e-04
7.130041730714054525e-04
3.529421722539232255e-04
2.617629455951302653e-04
2.545329274683863678e-05
4.493494195476826353e-03
6.860571534732164568e-04
1.306862376172960943e-04
2.680863293482370585e-04
1.027748207705852883e-04
1.190984270795505072e-04
6.983509060914106490e-05
8.251473694871857808e-04
2.849020616183711762e-04
1.370972150425032055e-04
2.964460643808833969e-04
4.170885878942912474e-05
1.910512721088572269e-04
3.169410347762073588e-03
1.878278484777765392e-04
3.906994985184722110e-04
2.644892830293463465e-04
3.734036746667114028e-04
1.937548856020185600e-04
2.372403923463070261e-04
2.017939951367375348e-03
1.198202328182357881e-04
2.064310331780940639e-04
9.841664412256123304e-04
1.501551431248611748e-03
3.913404426998058676e-05
4.313742648361337567e-05
1.213368165333060002e-03
2.374096214460285649e-04
3.801587171522948123e-04
1.716200426957733627e-04
1.150726575762399699e-03
2.492620061031861393e-04
8.336669337953186542e-05
1.626425388403176131e-04
4.979528594016947792e-05
2.818927815865348088e-04
5.970876002028233662e-04
1.841862225988649877e-04
1.053192307411423678e-03
2.508783845352501106e-04
2.920315208355882502e-05
5.257361295476804808e-04
1.939138853046059111e-03
1.122092771211463116e-04
9.235737148000276687e-04
2.076087859738899436e-04
5.807780332413813289e-04
8.408715282768265600e-04
1.364627229538616072e-04
7.623852597041365321e-04
2.044757555046482320e-04
2.768109366019531675e-05
4.262048206452947888e-04
7.653765895149723317e-04
1.306759603882915030e-03
1.153706939526500248e-04
4.167733869211966364e-04
2.013226607404143759e-05
3.731950248914028974e-04
5.368799140469663516e-04
2.490478188479695897e-04
1.545836913590021048e-04
1.111126346582990890e-04
2.424735125549655869e-05
1.795477329963029441e-05
4.834716816997887607e-04
1.722563727940482883e-04
7.778860014009006483e-04
9.822179444699328903e-04
4.220170074303109865e-04
2.265830230569174141e-04
2.503937129165592756e-05
2.630549066390114581e-04
2.553512223786221917e-05
4.508134017657462094e-04
1.266463272542747926e-03
1.272101604620477799e-04
7.770083501737121146e-04
7.838358116514927395e-04
9.249102121378123954e-05
3.599240169785864699e-04
3.231846801128336871e-03
9.021025551280347984e-04
1.658589306653778352e-04
7.037897355671252422e-04
2.302843951037255948e-04
3.341073316943220651e-04
9.631155362132261212e-04
1.022815888110353486e-04
8.548865225914950214e-05
2.788770043774466568e-03
1.689542842051209616e-03
3.109084040329854279e-03
8.499106636440436897e-05
9.298218303991034840e-04
7.974975071269773319e-04
1.968223065732477035e-03
4.482610396246740868e-03
3.521283513883653184e-05
6.957900937329487075e-05
4.957680016502200547e-04
2.976598825638265886e-06
1.978263258635957502e-04
1.046098924702209198e-03
2.083023183879048390e-05
2.003756730033098247e-04
2.316324827809551135e-04
2.825775758779779556e-04
3.650970055434966857e-03
2.273698543495848094e-04
2.496120317374720472e-04
6.937317900008545040e-04
1.077960073263133122e-04
1.888671746465777831e-03
2.602648634443711375e-04
3.463935724458310958e-04
8.242135266362922647e-04
7.057515839379865192e-04
1.440644881954361253e-04
1.310930121423935441e-03
4.753826147907521033e-04
2.428164357353952869e-03
1.436501690311346789e-04
1.732032087062505528e-04
2.083611437786093805e-03
3.444736238368133717e-03
7.943711060165698867e-05
4.040585867868721841e-04
1.179324488003393351e-04
1.769013258089578353e-04
8.191495276024974171e-04
4.307827779774054213e-04
1.644996612482877481e-03
5.434184123497599623e-04
1.381993309379139366e-04
6.003695885822240945e-04
4.301596067549396177e-03
1.141797109557152174e-04
1.425564015961746994e-04
2.899608870729006717e-04
3.078441022640839085e-04
2.391292473452671864e-04
4.796740086604953102e-04
1.071871268065266447e-03
2.321732032700367550e-03
4.604682168861883132e-05
4.461481623084087496e-05
2.361045419201616058e-04
2.299029008395864476e-03
1.695139444269522938e-04
6.643452310606605101e-04
1.576849190940862473e-03
